2022-04-11 05:56:27,565:INFO: batch_size=128
2022-04-11 05:56:27,565:INFO: clip_grad=None
2022-04-11 05:56:27,565:INFO: dataset=zara2
2022-04-11 05:56:27,566:INFO: drop=0.0
2022-04-11 05:56:27,566:INFO: gpu_num=0
2022-04-11 05:56:27,566:INFO: init=kmeans-train-64
2022-04-11 05:56:27,566:INFO: input_size=2
2022-04-11 05:56:27,566:INFO: kernel_size=3
2022-04-11 05:56:27,566:INFO: lr=0.01
2022-04-11 05:56:27,566:INFO: lr_sh_rate=150
2022-04-11 05:56:27,566:INFO: model=social_stgcnn10
2022-04-11 05:56:27,566:INFO: n_stgcnn=1
2022-04-11 05:56:27,566:INFO: n_txpcnn=5
2022-04-11 05:56:27,566:INFO: num_epochs=250
2022-04-11 05:56:27,567:INFO: obs_seq_len=8
2022-04-11 05:56:27,567:INFO: output_size=5
2022-04-11 05:56:27,567:INFO: pred_seq_len=12
2022-04-11 05:56:27,567:INFO: seed=0
2022-04-11 05:56:27,567:INFO: tag=zara2
2022-04-11 05:56:27,567:INFO: use_lrschd=True
2022-04-11 05:56:27,567:INFO: ******************************
2022-04-11 05:56:27,567:INFO: Training initiating....
2022-04-11 05:56:27,567:INFO: Namespace(batch_size=128, clip_grad=None, dataset='zara2', drop=0.0, gpu_num='0', init='kmeans-train-64', input_size=2, kernel_size=3, lr=0.01, lr_sh_rate=150, model='social_stgcnn10', n_stgcnn=1, n_txpcnn=5, num_epochs=250, obs_seq_len=8, output_size=5, pred_seq_len=12, seed=0, tag='zara2', use_lrschd=True)
2022-04-11 05:56:28,018:INFO: Initializing train dataset
2022-04-11 05:56:40,028:INFO: Initializing val dataset
2022-04-11 05:57:25,713:INFO: social_stgcnn10
2022-04-11 05:57:25,714:INFO: Data and model loaded
2022-04-11 05:57:25,714:INFO: Checkpoint dir: ./runs/Apr11_05-56-27_node09kmeans-train-64/zara2/checkpoint
2022-04-11 05:57:25,714:INFO: Training started ...
2022-04-11 05:57:52,752:INFO: Train: [0][2111/2112]  Loss 0.5232 (1.5516)  Time:  0.331 (0.013)  Data Time:  0.005 (0.005)
2022-04-11 05:57:52,753:INFO:   Eta: 1:52:37
2022-04-11 05:58:19,347:INFO: Train: [1][2111/2112]  Loss 0.3010 (0.8288)  Time:  0.314 (0.013)  Data Time:  0.004 (0.004)
2022-04-11 05:58:19,348:INFO:   Eta: 1:50:18
2022-04-11 05:58:46,502:INFO: Train: [2][2111/2112]  Loss 0.1756 (0.5463)  Time:  0.316 (0.013)  Data Time:  0.005 (0.005)
2022-04-11 05:58:46,503:INFO:   Eta: 1:52:09
2022-04-11 05:59:13,343:INFO: Train: [3][2111/2112]  Loss 0.2693 (0.4184)  Time:  0.328 (0.013)  Data Time:  0.005 (0.005)
2022-04-11 05:59:13,344:INFO:   Eta: 1:50:25
2022-04-11 05:59:40,039:INFO: Train: [4][2111/2112]  Loss 0.0189 (0.2288)  Time:  0.313 (0.013)  Data Time:  0.004 (0.004)
2022-04-11 05:59:40,040:INFO:   Eta: 1:49:23
2022-04-11 06:00:06,600:INFO: Train: [5][2111/2112]  Loss 0.1415 (0.1418)  Time:  0.336 (0.013)  Data Time:  0.005 (0.005)
2022-04-11 06:00:06,601:INFO:   Eta: 1:48:23
2022-04-11 06:00:32,952:INFO: Train: [6][2111/2112]  Loss 0.0220 (0.0428)  Time:  0.305 (0.012)  Data Time:  0.003 (0.004)
2022-04-11 06:00:32,954:INFO:   Eta: 1:47:06
2022-04-11 06:01:12,431:INFO: Test: [6]  ADE: 0.6512  FDE: 0.6924
2022-04-11 06:01:36,276:INFO: Train: [7][2111/2112]  Loss -0.0378 (-0.0515)  Time:  0.302 (0.011)  Data Time:  0.004 (0.004)
2022-04-11 06:01:36,277:INFO:   Eta: 1:36:29
2022-04-11 06:01:59,933:INFO: Train: [8][2111/2112]  Loss -0.0421 (-0.1095)  Time:  0.294 (0.011)  Data Time:  0.003 (0.004)
2022-04-11 06:01:59,934:INFO:   Eta: 1:35:21
2022-04-11 06:02:25,174:INFO: Train: [9][2111/2112]  Loss -0.0345 (-0.1712)  Time:  0.411 (0.012)  Data Time:  0.005 (0.004)
2022-04-11 06:02:25,175:INFO:   Eta: 1:41:19
2022-04-11 06:02:51,824:INFO: Train: [10][2111/2112]  Loss -0.1946 (-0.2073)  Time:  0.328 (0.013)  Data Time:  0.005 (0.005)
2022-04-11 06:02:51,825:INFO:   Eta: 1:46:32
2022-04-11 06:03:18,683:INFO: Train: [11][2111/2112]  Loss -0.1610 (-0.2575)  Time:  0.395 (0.013)  Data Time:  0.005 (0.005)
2022-04-11 06:03:18,683:INFO:   Eta: 1:46:55
2022-04-11 06:03:44,916:INFO: Train: [12][2111/2112]  Loss 0.1141 (-0.3061)  Time:  0.333 (0.012)  Data Time:  0.004 (0.004)
2022-04-11 06:03:44,917:INFO:   Eta: 1:44:00
2022-04-11 06:04:11,890:INFO: Train: [13][2111/2112]  Loss -0.2163 (-0.2981)  Time:  0.317 (0.013)  Data Time:  0.005 (0.005)
2022-04-11 06:04:11,891:INFO:   Eta: 1:46:29
2022-04-11 06:04:39,383:INFO: Train: [14][2111/2112]  Loss -0.2048 (-0.3939)  Time:  0.329 (0.013)  Data Time:  0.004 (0.005)
2022-04-11 06:04:39,384:INFO:   Eta: 1:48:03
2022-04-11 06:05:05,825:INFO: Train: [15][2111/2112]  Loss -0.2491 (-0.3907)  Time:  0.317 (0.013)  Data Time:  0.005 (0.004)
2022-04-11 06:05:05,825:INFO:   Eta: 1:43:29
2022-04-11 06:05:32,194:INFO: Train: [16][2111/2112]  Loss -0.2026 (-0.3352)  Time:  0.356 (0.012)  Data Time:  0.005 (0.005)
2022-04-11 06:05:32,195:INFO:   Eta: 1:42:46
2022-04-11 06:06:12,950:INFO: Test: [16]  ADE: 0.5660  FDE: 0.6465
2022-04-11 06:06:39,428:INFO: Train: [17][2111/2112]  Loss -0.1597 (-0.4467)  Time:  0.406 (0.013)  Data Time:  0.004 (0.004)
2022-04-11 06:06:39,429:INFO:   Eta: 1:42:44
2022-04-11 06:07:03,751:INFO: Train: [18][2111/2112]  Loss -0.0489 (-0.4517)  Time:  0.335 (0.012)  Data Time:  0.003 (0.004)
2022-04-11 06:07:03,754:INFO:   Eta: 1:33:58
2022-04-11 06:07:27,521:INFO: Train: [19][2111/2112]  Loss -0.3208 (-0.4515)  Time:  0.302 (0.011)  Data Time:  0.005 (0.004)
2022-04-11 06:07:27,522:INFO:   Eta: 1:31:26
2022-04-11 06:07:51,250:INFO: Train: [20][2111/2112]  Loss -0.3033 (-0.5045)  Time:  0.315 (0.011)  Data Time:  0.003 (0.003)
2022-04-11 06:07:51,252:INFO:   Eta: 1:30:54
2022-04-11 06:08:14,981:INFO: Train: [21][2111/2112]  Loss -0.3702 (-0.5697)  Time:  0.295 (0.011)  Data Time:  0.004 (0.004)
2022-04-11 06:08:14,981:INFO:   Eta: 1:30:30
2022-04-11 06:08:40,811:INFO: Train: [22][2111/2112]  Loss -0.3872 (-0.6160)  Time:  0.329 (0.012)  Data Time:  0.005 (0.004)
2022-04-11 06:08:40,812:INFO:   Eta: 1:38:06
2022-04-11 06:09:08,024:INFO: Train: [23][2111/2112]  Loss -0.3454 (-0.5763)  Time:  0.319 (0.013)  Data Time:  0.005 (0.004)
2022-04-11 06:09:08,025:INFO:   Eta: 1:42:53
2022-04-11 06:09:35,130:INFO: Train: [24][2111/2112]  Loss -0.2570 (-0.5913)  Time:  0.371 (0.013)  Data Time:  0.004 (0.005)
2022-04-11 06:09:35,131:INFO:   Eta: 1:42:01
2022-04-11 06:10:02,334:INFO: Train: [25][2111/2112]  Loss -0.2866 (-0.6752)  Time:  0.307 (0.013)  Data Time:  0.004 (0.005)
2022-04-11 06:10:02,336:INFO:   Eta: 1:41:56
2022-04-11 06:10:28,980:INFO: Train: [26][2111/2112]  Loss -0.3342 (-0.6512)  Time:  0.308 (0.013)  Data Time:  0.004 (0.004)
2022-04-11 06:10:28,981:INFO:   Eta: 1:39:25
2022-04-11 06:11:09,263:INFO: Test: [26]  ADE: 0.5828  FDE: 0.7028
2022-04-11 06:11:36,685:INFO: Train: [27][2111/2112]  Loss -0.4038 (-0.6607)  Time:  0.324 (0.013)  Data Time:  0.005 (0.005)
2022-04-11 06:11:36,686:INFO:   Eta: 1:41:50
2022-04-11 06:12:02,635:INFO: Train: [28][2111/2112]  Loss -0.3989 (-0.6397)  Time:  0.337 (0.012)  Data Time:  0.004 (0.004)
2022-04-11 06:12:02,636:INFO:   Eta: 1:35:57
2022-04-11 06:12:30,067:INFO: Train: [29][2111/2112]  Loss -0.4136 (-0.6220)  Time:  0.314 (0.013)  Data Time:  0.005 (0.005)
2022-04-11 06:12:30,068:INFO:   Eta: 1:40:58
2022-04-11 06:12:55,828:INFO: Train: [30][2111/2112]  Loss -0.4656 (-0.7713)  Time:  0.324 (0.012)  Data Time:  0.003 (0.004)
2022-04-11 06:12:55,829:INFO:   Eta: 1:34:23
2022-04-11 06:13:19,823:INFO: Train: [31][2111/2112]  Loss -0.4694 (-0.6937)  Time:  0.292 (0.011)  Data Time:  0.003 (0.004)
2022-04-11 06:13:19,824:INFO:   Eta: 1:27:31
2022-04-11 06:13:43,861:INFO: Train: [32][2111/2112]  Loss -0.4558 (-0.6719)  Time:  0.297 (0.011)  Data Time:  0.007 (0.004)
2022-04-11 06:13:43,862:INFO:   Eta: 1:27:16
2022-04-11 06:14:07,853:INFO: Train: [33][2111/2112]  Loss -0.2393 (-0.7795)  Time:  0.311 (0.011)  Data Time:  0.004 (0.004)
2022-04-11 06:14:07,854:INFO:   Eta: 1:26:41
2022-04-11 06:14:32,156:INFO: Train: [34][2111/2112]  Loss -0.4347 (-0.7731)  Time:  0.340 (0.011)  Data Time:  0.004 (0.004)
2022-04-11 06:14:32,157:INFO:   Eta: 1:27:25
2022-04-11 06:14:59,001:INFO: Train: [35][2111/2112]  Loss -0.4440 (-0.8366)  Time:  0.329 (0.013)  Data Time:  0.005 (0.005)
2022-04-11 06:14:59,002:INFO:   Eta: 1:36:07
2022-04-11 06:15:25,467:INFO: Train: [36][2111/2112]  Loss -0.4814 (-0.7904)  Time:  0.311 (0.013)  Data Time:  0.005 (0.004)
2022-04-11 06:15:25,468:INFO:   Eta: 1:34:20
2022-04-11 06:16:04,909:INFO: Test: [36]  ADE: 0.4629  FDE: 0.5673
2022-04-11 06:16:31,852:INFO: Train: [37][2111/2112]  Loss -0.3743 (-0.8526)  Time:  0.419 (0.013)  Data Time:  0.005 (0.004)
2022-04-11 06:16:31,853:INFO:   Eta: 1:35:35
2022-04-11 06:16:58,680:INFO: Train: [38][2111/2112]  Loss -0.5234 (-0.8023)  Time:  0.315 (0.013)  Data Time:  0.005 (0.005)
2022-04-11 06:16:58,681:INFO:   Eta: 1:34:44
2022-04-11 06:17:25,052:INFO: Train: [39][2111/2112]  Loss -0.3365 (-0.8533)  Time:  0.329 (0.012)  Data Time:  0.005 (0.005)
2022-04-11 06:17:25,053:INFO:   Eta: 1:32:41
2022-04-11 06:17:52,686:INFO: Train: [40][2111/2112]  Loss -0.5557 (-0.6917)  Time:  0.336 (0.013)  Data Time:  0.005 (0.005)
2022-04-11 06:17:52,687:INFO:   Eta: 1:36:39
2022-04-11 06:18:19,736:INFO: Train: [41][2111/2112]  Loss -0.5556 (-0.8094)  Time:  0.372 (0.013)  Data Time:  0.005 (0.005)
2022-04-11 06:18:19,737:INFO:   Eta: 1:34:09
2022-04-11 06:18:46,463:INFO: Train: [42][2111/2112]  Loss -0.5897 (-0.9700)  Time:  0.334 (0.013)  Data Time:  0.005 (0.005)
2022-04-11 06:18:46,464:INFO:   Eta: 1:32:35
2022-04-11 06:19:10,236:INFO: Train: [43][2111/2112]  Loss -0.4870 (-0.9580)  Time:  0.281 (0.011)  Data Time:  0.004 (0.004)
2022-04-11 06:19:10,237:INFO:   Eta: 1:21:57
2022-04-11 06:19:34,210:INFO: Train: [44][2111/2112]  Loss -0.3219 (-0.9314)  Time:  0.339 (0.011)  Data Time:  0.003 (0.004)
2022-04-11 06:19:34,211:INFO:   Eta: 1:22:14
2022-04-11 06:19:58,026:INFO: Train: [45][2111/2112]  Loss -0.5716 (-0.9300)  Time:  0.345 (0.011)  Data Time:  0.004 (0.004)
2022-04-11 06:19:58,027:INFO:   Eta: 1:21:19
2022-04-11 06:20:22,039:INFO: Train: [46][2111/2112]  Loss -0.5470 (-0.8692)  Time:  0.308 (0.011)  Data Time:  0.004 (0.004)
2022-04-11 06:20:22,040:INFO:   Eta: 1:21:35
2022-04-11 06:21:01,605:INFO: Test: [46]  ADE: 0.4156  FDE: 0.5592
2022-04-11 06:21:28,561:INFO: Train: [47][2111/2112]  Loss -0.5696 (-0.9669)  Time:  0.391 (0.013)  Data Time:  0.004 (0.005)
2022-04-11 06:21:28,562:INFO:   Eta: 1:31:07
2022-04-11 06:21:55,359:INFO: Train: [48][2111/2112]  Loss -0.4448 (-0.9365)  Time:  0.334 (0.013)  Data Time:  0.003 (0.005)
2022-04-11 06:21:55,360:INFO:   Eta: 1:30:10
2022-04-11 06:22:21,954:INFO: Train: [49][2111/2112]  Loss -0.4417 (-0.9230)  Time:  0.295 (0.013)  Data Time:  0.004 (0.005)
2022-04-11 06:22:21,955:INFO:   Eta: 1:29:02
2022-04-11 06:22:48,363:INFO: Train: [50][2111/2112]  Loss -0.5484 (-0.9664)  Time:  0.338 (0.012)  Data Time:  0.005 (0.005)
2022-04-11 06:22:48,364:INFO:   Eta: 1:27:59
2022-04-11 06:23:15,774:INFO: Train: [51][2111/2112]  Loss -0.6072 (-1.0046)  Time:  0.319 (0.013)  Data Time:  0.005 (0.005)
2022-04-11 06:23:15,775:INFO:   Eta: 1:30:51
2022-04-11 06:23:42,195:INFO: Train: [52][2111/2112]  Loss -0.4220 (-1.0631)  Time:  0.324 (0.013)  Data Time:  0.004 (0.004)
2022-04-11 06:23:42,196:INFO:   Eta: 1:27:08
2022-04-11 06:24:09,257:INFO: Train: [53][2111/2112]  Loss -0.4927 (-1.0045)  Time:  0.310 (0.013)  Data Time:  0.004 (0.005)
2022-04-11 06:24:09,258:INFO:   Eta: 1:28:48
2022-04-11 06:24:35,738:INFO: Train: [54][2111/2112]  Loss -0.5376 (-0.9697)  Time:  0.330 (0.013)  Data Time:  0.005 (0.005)
2022-04-11 06:24:35,739:INFO:   Eta: 1:26:27
2022-04-11 06:25:01,881:INFO: Train: [55][2111/2112]  Loss -0.5576 (-1.0516)  Time:  0.289 (0.012)  Data Time:  0.004 (0.004)
2022-04-11 06:25:01,882:INFO:   Eta: 1:24:54
2022-04-11 06:25:25,568:INFO: Train: [56][2111/2112]  Loss -0.5497 (-0.8875)  Time:  0.288 (0.011)  Data Time:  0.003 (0.004)
2022-04-11 06:25:25,569:INFO:   Eta: 1:16:32
2022-04-11 06:26:04,753:INFO: Test: [56]  ADE: 0.3903  FDE: 0.5408
2022-04-11 06:26:29,377:INFO: Train: [57][2111/2112]  Loss -0.5940 (-0.9544)  Time:  0.313 (0.012)  Data Time:  0.003 (0.004)
2022-04-11 06:26:29,385:INFO:   Eta: 1:19:08
2022-04-11 06:26:55,495:INFO: Train: [58][2111/2112]  Loss -0.5556 (-1.1145)  Time:  0.321 (0.012)  Data Time:  0.005 (0.004)
2022-04-11 06:26:55,496:INFO:   Eta: 1:23:30
2022-04-11 06:27:22,550:INFO: Train: [59][2111/2112]  Loss -0.5049 (-1.0984)  Time:  0.339 (0.013)  Data Time:  0.005 (0.005)
2022-04-11 06:27:22,550:INFO:   Eta: 1:26:04
2022-04-11 06:27:48,362:INFO: Train: [60][2111/2112]  Loss -0.6368 (-1.0578)  Time:  0.320 (0.012)  Data Time:  0.005 (0.004)
2022-04-11 06:27:48,363:INFO:   Eta: 1:21:41
2022-04-11 06:28:15,420:INFO: Train: [61][2111/2112]  Loss -0.5927 (-1.0044)  Time:  0.312 (0.013)  Data Time:  0.005 (0.005)
2022-04-11 06:28:15,421:INFO:   Eta: 1:25:10
2022-04-11 06:28:42,116:INFO: Train: [62][2111/2112]  Loss -0.4493 (-1.0585)  Time:  0.360 (0.013)  Data Time:  0.004 (0.004)
2022-04-11 06:28:42,117:INFO:   Eta: 1:23:34
2022-04-11 06:29:09,043:INFO: Train: [63][2111/2112]  Loss -0.4116 (-1.1200)  Time:  0.368 (0.013)  Data Time:  0.005 (0.005)
2022-04-11 06:29:09,044:INFO:   Eta: 1:23:52
2022-04-11 06:29:35,488:INFO: Train: [64][2111/2112]  Loss -0.4848 (-1.0949)  Time:  0.316 (0.013)  Data Time:  0.004 (0.004)
2022-04-11 06:29:35,489:INFO:   Eta: 1:21:55
2022-04-11 06:30:02,258:INFO: Train: [65][2111/2112]  Loss -0.5966 (-1.0566)  Time:  0.308 (0.013)  Data Time:  0.003 (0.005)
2022-04-11 06:30:02,259:INFO:   Eta: 1:22:29
2022-04-11 06:30:29,082:INFO: Train: [66][2111/2112]  Loss -0.6184 (-1.0703)  Time:  0.314 (0.013)  Data Time:  0.004 (0.005)
2022-04-11 06:30:29,084:INFO:   Eta: 1:22:12
2022-04-11 06:31:09,810:INFO: Test: [66]  ADE: 0.4066  FDE: 0.5720
2022-04-11 06:31:34,282:INFO: Train: [67][2111/2112]  Loss -0.6958 (-1.1155)  Time:  0.291 (0.012)  Data Time:  0.004 (0.004)
2022-04-11 06:31:34,283:INFO:   Eta: 1:14:33
2022-04-11 06:31:58,483:INFO: Train: [68][2111/2112]  Loss -0.6375 (-1.0342)  Time:  0.309 (0.011)  Data Time:  0.002 (0.004)
2022-04-11 06:31:58,484:INFO:   Eta: 1:13:21
2022-04-11 06:32:22,446:INFO: Train: [69][2111/2112]  Loss -0.6478 (-1.1779)  Time:  0.334 (0.011)  Data Time:  0.003 (0.004)
2022-04-11 06:32:22,447:INFO:   Eta: 1:12:14
2022-04-11 06:32:46,442:INFO: Train: [70][2111/2112]  Loss -0.7182 (-1.1521)  Time:  0.285 (0.011)  Data Time:  0.004 (0.004)
2022-04-11 06:32:46,443:INFO:   Eta: 1:11:56
2022-04-11 06:33:12,552:INFO: Train: [71][2111/2112]  Loss -0.5117 (-1.0686)  Time:  0.327 (0.012)  Data Time:  0.005 (0.004)
2022-04-11 06:33:12,553:INFO:   Eta: 1:17:50
2022-04-11 06:33:39,476:INFO: Train: [72][2111/2112]  Loss -0.6573 (-1.0586)  Time:  0.351 (0.013)  Data Time:  0.004 (0.005)
2022-04-11 06:33:39,476:INFO:   Eta: 1:19:49
2022-04-11 06:34:06,561:INFO: Train: [73][2111/2112]  Loss -0.6185 (-1.1522)  Time:  0.326 (0.013)  Data Time:  0.005 (0.005)
2022-04-11 06:34:06,562:INFO:   Eta: 1:19:51
2022-04-11 06:34:33,645:INFO: Train: [74][2111/2112]  Loss -0.4697 (-1.0413)  Time:  0.350 (0.013)  Data Time:  0.004 (0.005)
2022-04-11 06:34:33,645:INFO:   Eta: 1:19:23
2022-04-11 06:35:00,601:INFO: Train: [75][2111/2112]  Loss -0.6279 (-1.1397)  Time:  0.336 (0.013)  Data Time:  0.004 (0.005)
2022-04-11 06:35:00,602:INFO:   Eta: 1:18:35
2022-04-11 06:35:27,054:INFO: Train: [76][2111/2112]  Loss -0.6570 (-1.0093)  Time:  0.391 (0.013)  Data Time:  0.005 (0.005)
2022-04-11 06:35:27,055:INFO:   Eta: 1:16:40
2022-04-11 06:36:05,970:INFO: Test: [76]  ADE: 0.4191  FDE: 0.6097
2022-04-11 06:36:33,064:INFO: Train: [77][2111/2112]  Loss -0.6471 (-1.1408)  Time:  0.313 (0.013)  Data Time:  0.004 (0.004)
2022-04-11 06:36:33,065:INFO:   Eta: 1:18:03
2022-04-11 06:37:00,380:INFO: Train: [78][2111/2112]  Loss -0.6450 (-1.1049)  Time:  0.352 (0.013)  Data Time:  0.004 (0.005)
2022-04-11 06:37:00,381:INFO:   Eta: 1:18:15
2022-04-11 06:37:25,388:INFO: Train: [79][2111/2112]  Loss -0.6493 (-1.2298)  Time:  0.294 (0.012)  Data Time:  0.004 (0.004)
2022-04-11 06:37:25,389:INFO:   Eta: 1:11:13
2022-04-11 06:37:48,909:INFO: Train: [80][2111/2112]  Loss -0.6440 (-1.1403)  Time:  0.308 (0.011)  Data Time:  0.004 (0.004)
2022-04-11 06:37:48,909:INFO:   Eta: 1:06:35
2022-04-11 06:38:12,504:INFO: Train: [81][2111/2112]  Loss -0.5408 (-1.0433)  Time:  0.287 (0.011)  Data Time:  0.003 (0.004)
2022-04-11 06:38:12,505:INFO:   Eta: 1:06:25
2022-04-11 06:38:35,479:INFO: Train: [82][2111/2112]  Loss -0.6484 (-1.2232)  Time:  0.281 (0.011)  Data Time:  0.005 (0.003)
2022-04-11 06:38:35,480:INFO:   Eta: 1:04:17
2022-04-11 06:39:00,993:INFO: Train: [83][2111/2112]  Loss -0.5397 (-1.1729)  Time:  0.316 (0.012)  Data Time:  0.005 (0.004)
2022-04-11 06:39:00,994:INFO:   Eta: 1:10:57
2022-04-11 06:39:28,093:INFO: Train: [84][2111/2112]  Loss -0.6492 (-1.1571)  Time:  0.336 (0.013)  Data Time:  0.006 (0.005)
2022-04-11 06:39:28,094:INFO:   Eta: 1:14:55
2022-04-11 06:39:54,588:INFO: Train: [85][2111/2112]  Loss -0.6505 (-1.2509)  Time:  0.313 (0.013)  Data Time:  0.004 (0.004)
2022-04-11 06:39:54,589:INFO:   Eta: 1:12:49
2022-04-11 06:40:21,260:INFO: Train: [86][2111/2112]  Loss -0.6865 (-1.1562)  Time:  0.325 (0.013)  Data Time:  0.005 (0.005)
2022-04-11 06:40:21,261:INFO:   Eta: 1:12:51
2022-04-11 06:41:00,773:INFO: Test: [86]  ADE: 0.3819  FDE: 0.5751
2022-04-11 06:41:27,799:INFO: Train: [87][2111/2112]  Loss -0.6681 (-1.1244)  Time:  0.345 (0.013)  Data Time:  0.004 (0.005)
2022-04-11 06:41:27,800:INFO:   Eta: 1:13:22
2022-04-11 06:41:54,811:INFO: Train: [88][2111/2112]  Loss -0.5321 (-1.3126)  Time:  0.336 (0.013)  Data Time:  0.005 (0.005)
2022-04-11 06:41:54,813:INFO:   Eta: 1:12:53
2022-04-11 06:42:21,352:INFO: Train: [89][2111/2112]  Loss -0.6834 (-1.2258)  Time:  0.310 (0.013)  Data Time:  0.004 (0.004)
2022-04-11 06:42:21,353:INFO:   Eta: 1:11:09
2022-04-11 06:42:48,247:INFO: Train: [90][2111/2112]  Loss -0.6043 (-1.1687)  Time:  0.332 (0.013)  Data Time:  0.005 (0.005)
2022-04-11 06:42:48,248:INFO:   Eta: 1:11:40
2022-04-11 06:43:14,874:INFO: Train: [91][2111/2112]  Loss -0.4999 (-1.2176)  Time:  0.342 (0.013)  Data Time:  0.004 (0.004)
2022-04-11 06:43:14,875:INFO:   Eta: 1:10:31
2022-04-11 06:43:38,579:INFO: Train: [92][2111/2112]  Loss -0.6224 (-1.2290)  Time:  0.293 (0.011)  Data Time:  0.004 (0.004)
2022-04-11 06:43:38,580:INFO:   Eta: 1:02:23
2022-04-11 06:44:01,628:INFO: Train: [93][2111/2112]  Loss -0.6803 (-1.1595)  Time:  0.315 (0.011)  Data Time:  0.004 (0.003)
2022-04-11 06:44:01,630:INFO:   Eta: 1:00:16
2022-04-11 06:44:25,475:INFO: Train: [94][2111/2112]  Loss -0.6810 (-1.3198)  Time:  0.350 (0.011)  Data Time:  0.004 (0.003)
2022-04-11 06:44:25,476:INFO:   Eta: 1:01:56
2022-04-11 06:44:50,219:INFO: Train: [95][2111/2112]  Loss -0.6426 (-1.2862)  Time:  0.367 (0.012)  Data Time:  0.003 (0.004)
2022-04-11 06:44:50,220:INFO:   Eta: 1:03:52
2022-04-11 06:45:16,053:INFO: Train: [96][2111/2112]  Loss -0.6671 (-1.2117)  Time:  0.327 (0.012)  Data Time:  0.004 (0.004)
2022-04-11 06:45:16,054:INFO:   Eta: 1:06:15
2022-04-11 06:45:55,937:INFO: Test: [96]  ADE: 0.3985  FDE: 0.5847
2022-04-11 06:46:23,417:INFO: Train: [97][2111/2112]  Loss -0.6518 (-1.2887)  Time:  0.310 (0.013)  Data Time:  0.004 (0.005)
2022-04-11 06:46:23,418:INFO:   Eta: 1:10:01
2022-04-11 06:46:50,453:INFO: Train: [98][2111/2112]  Loss -0.6252 (-1.2813)  Time:  0.389 (0.013)  Data Time:  0.004 (0.005)
2022-04-11 06:46:50,455:INFO:   Eta: 1:08:26
2022-04-11 06:47:17,168:INFO: Train: [99][2111/2112]  Loss -0.6377 (-1.1396)  Time:  0.335 (0.013)  Data Time:  0.005 (0.005)
2022-04-11 06:47:17,169:INFO:   Eta: 1:07:10
2022-04-11 06:47:43,770:INFO: Train: [100][2111/2112]  Loss -0.5492 (-1.2462)  Time:  0.324 (0.013)  Data Time:  0.004 (0.005)
2022-04-11 06:47:43,771:INFO:   Eta: 1:06:27
2022-04-11 06:48:10,516:INFO: Train: [101][2111/2112]  Loss -0.5382 (-1.2945)  Time:  0.371 (0.013)  Data Time:  0.005 (0.005)
2022-04-11 06:48:10,517:INFO:   Eta: 1:06:22
2022-04-11 06:48:37,314:INFO: Train: [102][2111/2112]  Loss -0.6958 (-1.2737)  Time:  0.356 (0.013)  Data Time:  0.005 (0.004)
2022-04-11 06:48:37,315:INFO:   Eta: 1:06:02
2022-04-11 06:49:03,930:INFO: Train: [103][2111/2112]  Loss -0.7514 (-1.2608)  Time:  0.320 (0.013)  Data Time:  0.005 (0.005)
2022-04-11 06:49:03,930:INFO:   Eta: 1:05:10
2022-04-11 06:49:29,367:INFO: Train: [104][2111/2112]  Loss -0.6932 (-1.2482)  Time:  0.303 (0.012)  Data Time:  0.004 (0.004)
2022-04-11 06:49:29,367:INFO:   Eta: 1:01:51
2022-04-11 06:49:53,202:INFO: Train: [105][2111/2112]  Loss -0.6461 (-1.3200)  Time:  0.288 (0.011)  Data Time:  0.004 (0.004)
2022-04-11 06:49:53,203:INFO:   Eta: 0:57:34
2022-04-11 06:50:17,325:INFO: Train: [106][2111/2112]  Loss -0.6981 (-1.3343)  Time:  0.276 (0.011)  Data Time:  0.004 (0.004)
2022-04-11 06:50:17,326:INFO:   Eta: 0:57:51
2022-04-11 06:50:56,252:INFO: Test: [106]  ADE: 0.3557  FDE: 0.5367
2022-04-11 06:51:22,876:INFO: Train: [107][2111/2112]  Loss -0.8027 (-1.2774)  Time:  0.339 (0.013)  Data Time:  0.005 (0.004)
2022-04-11 06:51:22,877:INFO:   Eta: 1:03:24
2022-04-11 06:51:50,095:INFO: Train: [108][2111/2112]  Loss -0.7532 (-1.3104)  Time:  0.316 (0.013)  Data Time:  0.005 (0.004)
2022-04-11 06:51:50,097:INFO:   Eta: 1:04:22
2022-04-11 06:52:17,167:INFO: Train: [109][2111/2112]  Loss -0.5424 (-1.2421)  Time:  0.351 (0.013)  Data Time:  0.006 (0.005)
2022-04-11 06:52:17,168:INFO:   Eta: 1:03:34
2022-04-11 06:52:44,228:INFO: Train: [110][2111/2112]  Loss -0.7426 (-1.2818)  Time:  0.323 (0.013)  Data Time:  0.005 (0.005)
2022-04-11 06:52:44,229:INFO:   Eta: 1:03:06
2022-04-11 06:53:11,202:INFO: Train: [111][2111/2112]  Loss -0.6861 (-1.3543)  Time:  0.346 (0.013)  Data Time:  0.005 (0.004)
2022-04-11 06:53:11,203:INFO:   Eta: 1:02:27
2022-04-11 06:53:38,089:INFO: Train: [112][2111/2112]  Loss -0.5988 (-1.3666)  Time:  0.311 (0.013)  Data Time:  0.004 (0.005)
2022-04-11 06:53:38,090:INFO:   Eta: 1:01:48
2022-04-11 06:54:05,126:INFO: Train: [113][2111/2112]  Loss -0.6836 (-1.3075)  Time:  0.342 (0.013)  Data Time:  0.004 (0.005)
2022-04-11 06:54:05,126:INFO:   Eta: 1:01:42
2022-04-11 06:54:30,990:INFO: Train: [114][2111/2112]  Loss -0.7072 (-1.3007)  Time:  0.336 (0.012)  Data Time:  0.004 (0.004)
2022-04-11 06:54:30,990:INFO:   Eta: 0:58:35
2022-04-11 06:54:57,630:INFO: Train: [115][2111/2112]  Loss -0.6249 (-1.2225)  Time:  0.367 (0.013)  Data Time:  0.005 (0.005)
2022-04-11 06:54:57,631:INFO:   Eta: 0:59:54
2022-04-11 06:55:24,325:INFO: Train: [116][2111/2112]  Loss -0.6950 (-1.3233)  Time:  0.354 (0.013)  Data Time:  0.005 (0.005)
2022-04-11 06:55:24,326:INFO:   Eta: 0:59:35
2022-04-11 06:56:03,943:INFO: Test: [116]  ADE: 0.3377  FDE: 0.5315
2022-04-11 06:56:28,201:INFO: Train: [117][2111/2112]  Loss -0.6683 (-1.3528)  Time:  0.289 (0.011)  Data Time:  0.004 (0.004)
2022-04-11 06:56:28,202:INFO:   Eta: 0:53:43
