2022-04-27 07:57:00,521:INFO: act=nn.Sigmoid
2022-04-27 07:57:00,522:INFO: batch_size=128
2022-04-27 07:57:00,522:INFO: clip_grad=None
2022-04-27 07:57:00,522:INFO: dataset=univ
2022-04-27 07:57:00,522:INFO: dict_kernel_size=3
2022-04-27 07:57:00,522:INFO: drop=8
2022-04-27 07:57:00,522:INFO: gpu_num=None
2022-04-27 07:57:00,522:INFO: init=kmeans-valid-32
2022-04-27 07:57:00,522:INFO: input_size=2
2022-04-27 07:57:00,522:INFO: kernel_size=3
2022-04-27 07:57:00,522:INFO: log_dir=./runs/28-8.18488
2022-04-27 07:57:00,522:INFO: lr=0.01
2022-04-27 07:57:00,522:INFO: lr_sh_rate=150
2022-04-27 07:57:00,522:INFO: model=social_stgcnn28
2022-04-27 07:57:00,522:INFO: n_stgcnn=1
2022-04-27 07:57:00,522:INFO: n_txpcnn=5
2022-04-27 07:57:00,522:INFO: name=28-8.18488
2022-04-27 07:57:00,523:INFO: num_epochs=250
2022-04-27 07:57:00,523:INFO: obs_seq_len=8
2022-04-27 07:57:00,523:INFO: output_size=5
2022-04-27 07:57:00,523:INFO: pred_seq_len=12
2022-04-27 07:57:00,523:INFO: seed=18488
2022-04-27 07:57:00,523:INFO: tag=univ
2022-04-27 07:57:00,523:INFO: use_lrschd=True
2022-04-27 07:57:00,523:INFO: ******************************
2022-04-27 07:57:00,523:INFO: Training initiating....
2022-04-27 07:57:00,523:INFO: Namespace(act='nn.Sigmoid', batch_size=128, clip_grad=None, dataset='univ', dict_kernel_size=3, drop=8, gpu_num=None, init='kmeans-valid-32', input_size=2, kernel_size=3, log_dir='./runs/28-8.18488', lr=0.01, lr_sh_rate=150, model='social_stgcnn28', n_stgcnn=1, n_txpcnn=5, name='28-8.18488', num_epochs=250, obs_seq_len=8, output_size=5, pred_seq_len=12, seed=18488, tag='univ', use_lrschd=True)
2022-04-27 07:57:00,530:INFO: Initializing train dataset
2022-04-27 14:29:39,193:INFO: act=nn.Sigmoid
2022-04-27 14:29:39,193:INFO: batch_size=128
2022-04-27 14:29:39,193:INFO: clip_grad=None
2022-04-27 14:29:39,193:INFO: dataset=univ
2022-04-27 14:29:39,193:INFO: dict_kernel_size=3
2022-04-27 14:29:39,193:INFO: drop=8
2022-04-27 14:29:39,193:INFO: gpu_num=None
2022-04-27 14:29:39,193:INFO: init=kmeans-valid-32
2022-04-27 14:29:39,194:INFO: input_size=2
2022-04-27 14:29:39,194:INFO: kernel_size=3
2022-04-27 14:29:39,194:INFO: log_dir=./runs/28-8.18488
2022-04-27 14:29:39,194:INFO: lr=0.01
2022-04-27 14:29:39,194:INFO: lr_sh_rate=150
2022-04-27 14:29:39,194:INFO: model=social_stgcnn28
2022-04-27 14:29:39,194:INFO: n_stgcnn=1
2022-04-27 14:29:39,194:INFO: n_txpcnn=5
2022-04-27 14:29:39,194:INFO: name=28-8.18488
2022-04-27 14:29:39,194:INFO: num_epochs=250
2022-04-27 14:29:39,194:INFO: obs_seq_len=8
2022-04-27 14:29:39,195:INFO: output_size=5
2022-04-27 14:29:39,195:INFO: pred_seq_len=12
2022-04-27 14:29:39,195:INFO: seed=18488
2022-04-27 14:29:39,195:INFO: tag=univ
2022-04-27 14:29:39,195:INFO: use_lrschd=True
2022-04-27 14:29:39,195:INFO: ******************************
2022-04-27 14:29:39,195:INFO: Training initiating....
2022-04-27 14:29:39,195:INFO: Namespace(act='nn.Sigmoid', batch_size=128, clip_grad=None, dataset='univ', dict_kernel_size=3, drop=8, gpu_num=None, init='kmeans-valid-32', input_size=2, kernel_size=3, log_dir='./runs/28-8.18488', lr=0.01, lr_sh_rate=150, model='social_stgcnn28', n_stgcnn=1, n_txpcnn=5, name='28-8.18488', num_epochs=250, obs_seq_len=8, output_size=5, pred_seq_len=12, seed=18488, tag='univ', use_lrschd=True)
2022-04-27 14:29:39,285:INFO: Initializing train dataset
2022-04-27 14:29:46,454:INFO: Initializing val dataset
2022-04-27 14:30:02,683:INFO: social_stgcnn28
2022-04-27 14:30:02,684:INFO: Data and model loaded
2022-04-27 14:30:02,684:INFO: Checkpoint dir: ./runs/28-8.18488/univ/checkpoint
2022-04-27 14:30:02,684:INFO: Training started ...
2022-04-27 14:30:29,054:INFO: Train: [0][2075/2076]  Loss 0.2228 (1.3159)  Time:  0.147 (0.013)  Data Time:  0.003 (0.004)
2022-04-27 14:30:29,065:INFO:   Eta: 1:49:50
2022-04-27 14:30:54,910:INFO: Train: [1][2075/2076]  Loss 0.1451 (0.8010)  Time:  0.157 (0.012)  Data Time:  0.004 (0.004)
2022-04-27 14:30:54,911:INFO:   Eta: 1:46:50
2022-04-27 14:31:20,852:INFO: Train: [2][2075/2076]  Loss 0.1540 (0.6444)  Time:  0.168 (0.012)  Data Time:  0.005 (0.004)
2022-04-27 14:31:20,864:INFO:   Eta: 1:47:09
2022-04-27 14:31:47,316:INFO: Train: [3][2075/2076]  Loss 0.0262 (0.4167)  Time:  0.156 (0.013)  Data Time:  0.005 (0.004)
2022-04-27 14:31:47,317:INFO:   Eta: 1:48:27
2022-04-27 14:32:14,077:INFO: Train: [4][2075/2076]  Loss -0.0364 (0.3262)  Time:  0.149 (0.013)  Data Time:  0.004 (0.004)
2022-04-27 14:32:14,077:INFO:   Eta: 1:49:37
2022-04-27 14:32:40,563:INFO: Train: [5][2075/2076]  Loss 0.0772 (0.1626)  Time:  0.153 (0.013)  Data Time:  0.005 (0.004)
2022-04-27 14:32:40,583:INFO:   Eta: 1:48:04
2022-04-27 14:33:06,499:INFO: Train: [6][2075/2076]  Loss -0.0286 (0.0938)  Time:  0.157 (0.012)  Data Time:  0.004 (0.004)
2022-04-27 14:33:06,510:INFO:   Eta: 1:44:53
2022-04-27 14:33:32,385:INFO: Train: [7][2075/2076]  Loss -0.0337 (-0.0193)  Time:  0.153 (0.012)  Data Time:  0.004 (0.004)
2022-04-27 14:33:32,387:INFO:   Eta: 1:44:23
2022-04-27 14:33:58,499:INFO: Train: [8][2075/2076]  Loss -0.0205 (-0.1187)  Time:  0.171 (0.013)  Data Time:  0.004 (0.004)
2022-04-27 14:33:58,503:INFO:   Eta: 1:45:10
2022-04-27 14:34:25,063:INFO: Train: [9][2075/2076]  Loss -0.0331 (0.0026)  Time:  0.164 (0.013)  Data Time:  0.003 (0.004)
2022-04-27 14:34:25,070:INFO:   Eta: 1:46:32
2022-04-27 14:34:51,231:INFO: Train: [10][2075/2076]  Loss -0.0254 (-0.1350)  Time:  0.181 (0.013)  Data Time:  0.006 (0.005)
2022-04-27 14:34:51,234:INFO:   Eta: 1:44:30
2022-04-27 14:35:17,251:INFO: Train: [11][2075/2076]  Loss -0.0302 (-0.2231)  Time:  0.157 (0.013)  Data Time:  0.004 (0.004)
2022-04-27 14:35:17,251:INFO:   Eta: 1:43:29
2022-04-27 14:35:43,299:INFO: Train: [12][2075/2076]  Loss -0.0434 (-0.2556)  Time:  0.152 (0.013)  Data Time:  0.004 (0.004)
2022-04-27 14:35:43,313:INFO:   Eta: 1:43:07
2022-04-27 14:36:09,354:INFO: Train: [13][2075/2076]  Loss -0.1043 (-0.2090)  Time:  0.150 (0.012)  Data Time:  0.005 (0.004)
2022-04-27 14:36:09,363:INFO:   Eta: 1:42:24
2022-04-27 14:36:35,602:INFO: Train: [14][2075/2076]  Loss -0.0840 (-0.3131)  Time:  0.156 (0.013)  Data Time:  0.005 (0.004)
2022-04-27 14:36:35,613:INFO:   Eta: 1:42:38
2022-04-27 14:37:01,428:INFO: Train: [15][2075/2076]  Loss -0.1360 (-0.3358)  Time:  0.156 (0.012)  Data Time:  0.004 (0.004)
2022-04-27 14:37:01,444:INFO:   Eta: 1:40:37
2022-04-27 14:37:27,389:INFO: Train: [16][2075/2076]  Loss -0.1021 (-0.3520)  Time:  0.153 (0.012)  Data Time:  0.005 (0.004)
2022-04-27 14:37:27,402:INFO:   Eta: 1:40:48
2022-04-27 14:37:53,211:INFO: Train: [17][2075/2076]  Loss -0.1222 (-0.4405)  Time:  0.150 (0.012)  Data Time:  0.005 (0.004)
2022-04-27 14:37:53,212:INFO:   Eta: 1:39:41
2022-04-27 14:38:19,060:INFO: Train: [18][2075/2076]  Loss -0.1129 (-0.4545)  Time:  0.158 (0.012)  Data Time:  0.005 (0.004)
2022-04-27 14:38:19,063:INFO:   Eta: 1:39:49
2022-04-27 14:38:45,082:INFO: Train: [19][2075/2076]  Loss -0.1421 (-0.4817)  Time:  0.145 (0.013)  Data Time:  0.004 (0.004)
2022-04-27 14:38:45,096:INFO:   Eta: 1:39:57
2022-04-27 14:39:10,656:INFO: Train: [20][2075/2076]  Loss -0.1783 (-0.4986)  Time:  0.146 (0.012)  Data Time:  0.003 (0.004)
2022-04-27 14:39:10,670:INFO:   Eta: 1:37:25
2022-04-27 14:39:37,498:INFO: Train: [21][2075/2076]  Loss -0.0771 (-0.4847)  Time:  0.170 (0.013)  Data Time:  0.004 (0.004)
2022-04-27 14:39:37,501:INFO:   Eta: 1:41:55
2022-04-27 14:40:03,720:INFO: Train: [22][2075/2076]  Loss -0.0746 (-0.5550)  Time:  0.183 (0.013)  Data Time:  0.004 (0.004)
2022-04-27 14:40:03,722:INFO:   Eta: 1:39:30
2022-04-27 14:40:29,391:INFO: Train: [23][2075/2076]  Loss -0.0854 (-0.5948)  Time:  0.140 (0.012)  Data Time:  0.004 (0.004)
2022-04-27 14:40:29,394:INFO:   Eta: 1:36:58
2022-04-27 14:40:55,012:INFO: Train: [24][2075/2076]  Loss -0.1055 (-0.5451)  Time:  0.165 (0.012)  Data Time:  0.004 (0.004)
2022-04-27 14:40:55,012:INFO:   Eta: 1:36:22
2022-04-27 14:41:21,145:INFO: Train: [25][2075/2076]  Loss -0.1200 (-0.5116)  Time:  0.144 (0.013)  Data Time:  0.003 (0.004)
2022-04-27 14:41:21,159:INFO:   Eta: 1:37:53
2022-04-27 14:41:47,182:INFO: Train: [26][2075/2076]  Loss -0.1210 (-0.5918)  Time:  0.159 (0.012)  Data Time:  0.005 (0.004)
2022-04-27 14:41:47,185:INFO:   Eta: 1:36:35
2022-04-27 14:42:13,278:INFO: Train: [27][2075/2076]  Loss -0.1207 (-0.5902)  Time:  0.152 (0.013)  Data Time:  0.004 (0.004)
2022-04-27 14:42:13,281:INFO:   Eta: 1:36:51
2022-04-27 14:42:39,035:INFO: Train: [28][2075/2076]  Loss -0.0830 (-0.7000)  Time:  0.147 (0.012)  Data Time:  0.005 (0.004)
2022-04-27 14:42:39,047:INFO:   Eta: 1:35:10
2022-04-27 14:43:05,251:INFO: Train: [29][2075/2076]  Loss -0.1129 (-0.6654)  Time:  0.147 (0.013)  Data Time:  0.004 (0.004)
2022-04-27 14:43:05,255:INFO:   Eta: 1:35:54
2022-04-27 14:43:30,991:INFO: Train: [30][2075/2076]  Loss -0.1598 (-0.7546)  Time:  0.150 (0.012)  Data Time:  0.004 (0.004)
2022-04-27 14:43:30,991:INFO:   Eta: 1:34:12
2022-04-27 14:43:56,915:INFO: Train: [31][2075/2076]  Loss -0.1923 (-0.7593)  Time:  0.160 (0.012)  Data Time:  0.005 (0.004)
2022-04-27 14:43:56,926:INFO:   Eta: 1:34:30
2022-04-27 14:44:22,847:INFO: Train: [32][2075/2076]  Loss -0.1951 (-0.7437)  Time:  0.145 (0.012)  Data Time:  0.004 (0.004)
2022-04-27 14:44:22,850:INFO:   Eta: 1:33:49
2022-04-27 14:44:48,750:INFO: Train: [33][2075/2076]  Loss -0.2091 (-0.7740)  Time:  0.132 (0.012)  Data Time:  0.005 (0.004)
2022-04-27 14:44:48,764:INFO:   Eta: 1:33:34
2022-04-27 14:45:14,523:INFO: Train: [34][2075/2076]  Loss -0.1380 (-0.7792)  Time:  0.165 (0.012)  Data Time:  0.005 (0.004)
2022-04-27 14:45:14,526:INFO:   Eta: 1:32:13
2022-04-27 14:45:40,815:INFO: Train: [35][2075/2076]  Loss -0.0713 (-0.7520)  Time:  0.155 (0.013)  Data Time:  0.005 (0.004)
2022-04-27 14:45:40,817:INFO:   Eta: 1:34:04
2022-04-27 14:46:06,576:INFO: Train: [36][2075/2076]  Loss -0.1309 (-0.8234)  Time:  0.148 (0.012)  Data Time:  0.004 (0.004)
2022-04-27 14:46:06,578:INFO:   Eta: 1:31:46
2022-04-27 14:46:32,254:INFO: Train: [37][2075/2076]  Loss -0.2411 (-0.8292)  Time:  0.149 (0.012)  Data Time:  0.004 (0.004)
2022-04-27 14:46:32,257:INFO:   Eta: 1:31:02
2022-04-27 14:46:58,053:INFO: Train: [38][2075/2076]  Loss -0.1978 (-0.7883)  Time:  0.148 (0.012)  Data Time:  0.004 (0.004)
2022-04-27 14:46:58,055:INFO:   Eta: 1:30:58
2022-04-27 14:47:23,789:INFO: Train: [39][2075/2076]  Loss -0.1073 (-0.7484)  Time:  0.151 (0.012)  Data Time:  0.005 (0.004)
2022-04-27 14:47:23,791:INFO:   Eta: 1:30:23
2022-04-27 14:47:49,876:INFO: Train: [40][2075/2076]  Loss -0.1265 (-0.7882)  Time:  0.149 (0.013)  Data Time:  0.004 (0.004)
2022-04-27 14:47:49,877:INFO:   Eta: 1:31:11
2022-04-27 14:48:15,806:INFO: Train: [41][2075/2076]  Loss -0.2014 (-0.7257)  Time:  0.146 (0.012)  Data Time:  0.004 (0.004)
2022-04-27 14:48:15,819:INFO:   Eta: 1:30:15
2022-04-27 14:48:41,629:INFO: Train: [42][2075/2076]  Loss -0.1772 (-0.9436)  Time:  0.142 (0.012)  Data Time:  0.004 (0.004)
2022-04-27 14:48:41,640:INFO:   Eta: 1:29:05
2022-04-27 14:49:07,924:INFO: Train: [43][2075/2076]  Loss -0.2141 (-0.8976)  Time:  0.166 (0.013)  Data Time:  0.004 (0.005)
2022-04-27 14:49:07,924:INFO:   Eta: 1:30:18
2022-04-27 14:49:34,335:INFO: Train: [44][2075/2076]  Loss -0.2077 (-0.8462)  Time:  0.169 (0.013)  Data Time:  0.004 (0.004)
2022-04-27 14:49:34,347:INFO:   Eta: 1:30:17
2022-04-27 14:50:00,811:INFO: Train: [45][2075/2076]  Loss -0.2064 (-0.9771)  Time:  0.173 (0.013)  Data Time:  0.004 (0.004)
2022-04-27 14:50:00,823:INFO:   Eta: 1:30:02
2022-04-27 14:50:26,607:INFO: Train: [46][2075/2076]  Loss -0.1709 (-0.8992)  Time:  0.147 (0.012)  Data Time:  0.004 (0.004)
2022-04-27 14:50:26,620:INFO:   Eta: 1:27:12
2022-04-27 14:50:52,961:INFO: Train: [47][2075/2076]  Loss -0.2652 (-0.8672)  Time:  0.146 (0.013)  Data Time:  0.005 (0.005)
2022-04-27 14:50:52,962:INFO:   Eta: 1:28:42
2022-04-27 14:51:19,208:INFO: Train: [48][2075/2076]  Loss -0.2207 (-0.9247)  Time:  0.155 (0.013)  Data Time:  0.004 (0.004)
2022-04-27 14:51:19,220:INFO:   Eta: 1:28:18
2022-04-27 14:51:45,304:INFO: Train: [49][2075/2076]  Loss -0.2369 (-0.9573)  Time:  0.142 (0.012)  Data Time:  0.003 (0.004)
2022-04-27 14:51:45,305:INFO:   Eta: 1:26:51
2022-04-27 14:52:11,187:INFO: Train: [50][2075/2076]  Loss -0.2474 (-0.8873)  Time:  0.157 (0.012)  Data Time:  0.005 (0.004)
2022-04-27 14:52:11,188:INFO:   Eta: 1:26:12
2022-04-27 14:52:36,816:INFO: Train: [51][2075/2076]  Loss -0.1878 (-0.8719)  Time:  0.154 (0.012)  Data Time:  0.004 (0.004)
2022-04-27 14:52:36,829:INFO:   Eta: 1:24:56
2022-04-27 14:53:02,821:INFO: Train: [52][2075/2076]  Loss -0.1485 (-0.9801)  Time:  0.144 (0.012)  Data Time:  0.004 (0.004)
2022-04-27 14:53:02,822:INFO:   Eta: 1:25:29
2022-04-27 14:53:28,733:INFO: Train: [53][2075/2076]  Loss -0.1211 (-0.9414)  Time:  0.152 (0.012)  Data Time:  0.004 (0.004)
2022-04-27 14:53:28,745:INFO:   Eta: 1:25:01
2022-04-27 14:53:54,620:INFO: Train: [54][2075/2076]  Loss -0.1756 (-0.9434)  Time:  0.151 (0.012)  Data Time:  0.005 (0.004)
2022-04-27 14:53:54,621:INFO:   Eta: 1:24:08
2022-04-27 14:54:20,506:INFO: Train: [55][2075/2076]  Loss -0.0771 (-0.9651)  Time:  0.136 (0.012)  Data Time:  0.004 (0.004)
2022-04-27 14:54:20,507:INFO:   Eta: 1:24:04
2022-04-27 14:54:46,728:INFO: Train: [56][2075/2076]  Loss -0.1841 (-0.8720)  Time:  0.176 (0.013)  Data Time:  0.004 (0.004)
2022-04-27 14:54:46,728:INFO:   Eta: 1:24:43
2022-04-27 14:55:12,853:INFO: Train: [57][2075/2076]  Loss -0.2573 (-1.0182)  Time:  0.173 (0.013)  Data Time:  0.004 (0.004)
2022-04-27 14:55:12,865:INFO:   Eta: 1:23:42
2022-04-27 14:55:39,133:INFO: Train: [58][2075/2076]  Loss -0.2495 (-1.0490)  Time:  0.149 (0.013)  Data Time:  0.004 (0.004)
2022-04-27 14:55:39,146:INFO:   Eta: 1:23:39
2022-04-27 14:56:05,180:INFO: Train: [59][2075/2076]  Loss -0.3100 (-0.9747)  Time:  0.149 (0.012)  Data Time:  0.004 (0.004)
2022-04-27 14:56:05,190:INFO:   Eta: 1:22:31
2022-04-27 14:56:31,073:INFO: Train: [60][2075/2076]  Loss -0.1916 (-0.9618)  Time:  0.146 (0.012)  Data Time:  0.004 (0.004)
2022-04-27 14:56:31,073:INFO:   Eta: 1:21:37
2022-04-27 14:56:57,108:INFO: Train: [61][2075/2076]  Loss -0.2490 (-0.9813)  Time:  0.151 (0.013)  Data Time:  0.004 (0.004)
2022-04-27 14:56:57,109:INFO:   Eta: 1:21:57
2022-04-27 14:57:22,799:INFO: Train: [62][2075/2076]  Loss -0.2379 (-0.9476)  Time:  0.143 (0.012)  Data Time:  0.004 (0.004)
2022-04-27 14:57:22,809:INFO:   Eta: 1:20:26
2022-04-27 14:57:48,867:INFO: Train: [63][2075/2076]  Loss -0.2587 (-1.1013)  Time:  0.141 (0.013)  Data Time:  0.004 (0.004)
2022-04-27 14:57:48,867:INFO:   Eta: 1:20:54
2022-04-27 14:58:15,404:INFO: Train: [64][2075/2076]  Loss -0.2083 (-1.0560)  Time:  0.186 (0.013)  Data Time:  0.005 (0.004)
2022-04-27 14:58:15,414:INFO:   Eta: 1:22:12
2022-04-27 14:58:41,743:INFO: Train: [65][2075/2076]  Loss -0.2464 (-1.0413)  Time:  0.140 (0.013)  Data Time:  0.004 (0.004)
2022-04-27 14:58:41,745:INFO:   Eta: 1:20:49
2022-04-27 14:59:07,839:INFO: Train: [66][2075/2076]  Loss -0.2756 (-1.1061)  Time:  0.201 (0.013)  Data Time:  0.004 (0.005)
2022-04-27 14:59:07,841:INFO:   Eta: 1:19:58
2022-04-27 14:59:35,068:INFO: Train: [67][2075/2076]  Loss -0.1911 (-1.0960)  Time:  0.192 (0.013)  Data Time:  0.005 (0.004)
2022-04-27 14:59:35,070:INFO:   Eta: 1:22:59
2022-04-27 15:00:00,612:INFO: Train: [68][2075/2076]  Loss -0.2607 (-1.0458)  Time:  0.147 (0.012)  Data Time:  0.004 (0.004)
2022-04-27 15:00:00,613:INFO:   Eta: 1:17:25
2022-04-27 15:00:26,437:INFO: Train: [69][2075/2076]  Loss -0.2827 (-1.0342)  Time:  0.152 (0.012)  Data Time:  0.004 (0.004)
2022-04-27 15:00:26,449:INFO:   Eta: 1:17:50
2022-04-27 15:00:52,690:INFO: Train: [70][2075/2076]  Loss -0.2113 (-1.0498)  Time:  0.185 (0.013)  Data Time:  0.004 (0.004)
2022-04-27 15:00:52,691:INFO:   Eta: 1:18:18
2022-04-27 15:01:19,127:INFO: Train: [71][2075/2076]  Loss -0.2781 (-1.0816)  Time:  0.179 (0.013)  Data Time:  0.005 (0.004)
2022-04-27 15:01:19,128:INFO:   Eta: 1:18:49
2022-04-27 15:01:44,880:INFO: Train: [72][2075/2076]  Loss -0.3350 (-1.1393)  Time:  0.152 (0.012)  Data Time:  0.005 (0.004)
2022-04-27 15:01:44,881:INFO:   Eta: 1:16:21
2022-04-27 15:02:11,200:INFO: Train: [73][2075/2076]  Loss -0.1897 (-0.9983)  Time:  0.177 (0.013)  Data Time:  0.006 (0.004)
2022-04-27 15:02:11,212:INFO:   Eta: 1:17:35
2022-04-27 15:02:37,014:INFO: Train: [74][2075/2076]  Loss -0.3086 (-1.1099)  Time:  0.142 (0.012)  Data Time:  0.004 (0.004)
2022-04-27 15:02:37,017:INFO:   Eta: 1:15:19
2022-04-27 15:03:03,045:INFO: Train: [75][2075/2076]  Loss -0.2795 (-1.1203)  Time:  0.144 (0.013)  Data Time:  0.004 (0.005)
2022-04-27 15:03:03,048:INFO:   Eta: 1:15:49
2022-04-27 15:03:29,022:INFO: Train: [76][2075/2076]  Loss -0.1096 (-1.0978)  Time:  0.149 (0.012)  Data Time:  0.005 (0.004)
2022-04-27 15:03:29,022:INFO:   Eta: 1:15:13
2022-04-27 15:03:55,021:INFO: Train: [77][2075/2076]  Loss -0.2660 (-1.0940)  Time:  0.140 (0.013)  Data Time:  0.005 (0.004)
2022-04-27 15:03:55,033:INFO:   Eta: 1:14:55
2022-04-27 15:04:20,854:INFO: Train: [78][2075/2076]  Loss -0.2658 (-1.1703)  Time:  0.154 (0.012)  Data Time:  0.005 (0.004)
2022-04-27 15:04:20,855:INFO:   Eta: 1:13:43
2022-04-27 15:04:46,773:INFO: Train: [79][2075/2076]  Loss -0.1989 (-1.1303)  Time:  0.148 (0.012)  Data Time:  0.004 (0.004)
2022-04-27 15:04:46,784:INFO:   Eta: 1:13:49
2022-04-27 15:05:12,778:INFO: Train: [80][2075/2076]  Loss -0.2373 (-1.1523)  Time:  0.150 (0.012)  Data Time:  0.005 (0.004)
2022-04-27 15:05:12,779:INFO:   Eta: 1:13:23
2022-04-27 15:05:39,369:INFO: Train: [81][2075/2076]  Loss -0.2159 (-1.1236)  Time:  0.175 (0.013)  Data Time:  0.004 (0.004)
2022-04-27 15:05:39,381:INFO:   Eta: 1:14:50
2022-04-27 15:06:04,997:INFO: Train: [82][2075/2076]  Loss -0.2810 (-1.2028)  Time:  0.151 (0.012)  Data Time:  0.004 (0.004)
2022-04-27 15:06:04,998:INFO:   Eta: 1:11:30
2022-04-27 15:06:31,025:INFO: Train: [83][2075/2076]  Loss -0.1928 (-1.1307)  Time:  0.157 (0.013)  Data Time:  0.005 (0.004)
2022-04-27 15:06:31,026:INFO:   Eta: 1:12:23
2022-04-27 15:06:56,815:INFO: Train: [84][2075/2076]  Loss -0.2173 (-1.1792)  Time:  0.156 (0.012)  Data Time:  0.005 (0.004)
2022-04-27 15:06:56,816:INFO:   Eta: 1:11:00
2022-04-27 15:07:22,636:INFO: Train: [85][2075/2076]  Loss -0.3175 (-1.1709)  Time:  0.137 (0.012)  Data Time:  0.003 (0.004)
2022-04-27 15:07:22,649:INFO:   Eta: 1:10:56
2022-04-27 15:07:48,772:INFO: Train: [86][2075/2076]  Loss -0.1418 (-1.2078)  Time:  0.174 (0.013)  Data Time:  0.005 (0.005)
2022-04-27 15:07:48,773:INFO:   Eta: 1:11:04
2022-04-27 15:08:15,112:INFO: Train: [87][2075/2076]  Loss -0.2846 (-1.1190)  Time:  0.149 (0.013)  Data Time:  0.004 (0.004)
2022-04-27 15:08:15,124:INFO:   Eta: 1:11:30
2022-04-27 15:08:41,094:INFO: Train: [88][2075/2076]  Loss -0.2759 (-1.1382)  Time:  0.146 (0.012)  Data Time:  0.003 (0.004)
2022-04-27 15:08:41,096:INFO:   Eta: 1:09:50
2022-04-27 15:09:07,089:INFO: Train: [89][2075/2076]  Loss -0.2974 (-1.1800)  Time:  0.150 (0.013)  Data Time:  0.004 (0.004)
2022-04-27 15:09:07,089:INFO:   Eta: 1:09:41
2022-04-27 15:09:33,515:INFO: Train: [90][2075/2076]  Loss -0.2341 (-1.1141)  Time:  0.163 (0.013)  Data Time:  0.004 (0.004)
2022-04-27 15:09:33,526:INFO:   Eta: 1:10:25
2022-04-27 15:09:59,545:INFO: Train: [91][2075/2076]  Loss -0.2853 (-1.2105)  Time:  0.147 (0.012)  Data Time:  0.005 (0.004)
2022-04-27 15:09:59,546:INFO:   Eta: 1:08:35
2022-04-27 15:10:25,221:INFO: Train: [92][2075/2076]  Loss -0.3169 (-1.2010)  Time:  0.156 (0.012)  Data Time:  0.005 (0.004)
2022-04-27 15:10:25,233:INFO:   Eta: 1:07:33
2022-04-27 15:10:51,369:INFO: Train: [93][2075/2076]  Loss -0.2614 (-1.2313)  Time:  0.156 (0.013)  Data Time:  0.005 (0.004)
2022-04-27 15:10:51,370:INFO:   Eta: 1:08:09
2022-04-27 15:11:17,391:INFO: Train: [94][2075/2076]  Loss -0.3064 (-1.2326)  Time:  0.179 (0.013)  Data Time:  0.003 (0.004)
2022-04-27 15:11:17,394:INFO:   Eta: 1:07:36
2022-04-27 15:11:43,436:INFO: Train: [95][2075/2076]  Loss -0.3279 (-1.1261)  Time:  0.153 (0.013)  Data Time:  0.004 (0.004)
2022-04-27 15:11:43,437:INFO:   Eta: 1:07:13
2022-04-27 15:12:09,593:INFO: Train: [96][2075/2076]  Loss -0.1943 (-1.1938)  Time:  0.169 (0.013)  Data Time:  0.005 (0.004)
2022-04-27 15:12:09,594:INFO:   Eta: 1:07:05
2022-04-27 15:12:35,633:INFO: Train: [97][2075/2076]  Loss -0.3373 (-1.2161)  Time:  0.147 (0.012)  Data Time:  0.005 (0.004)
2022-04-27 15:12:35,635:INFO:   Eta: 1:06:07
2022-04-27 15:13:01,834:INFO: Train: [98][2075/2076]  Loss -0.2975 (-1.2114)  Time:  0.151 (0.013)  Data Time:  0.005 (0.004)
2022-04-27 15:13:01,847:INFO:   Eta: 1:06:19
2022-04-27 15:13:27,896:INFO: Train: [99][2075/2076]  Loss -0.3105 (-1.2547)  Time:  0.152 (0.012)  Data Time:  0.003 (0.004)
2022-04-27 15:13:27,908:INFO:   Eta: 1:05:17
2022-04-27 15:13:53,810:INFO: Train: [100][2075/2076]  Loss -0.2706 (-1.1631)  Time:  0.153 (0.012)  Data Time:  0.005 (0.004)
2022-04-27 15:13:53,811:INFO:   Eta: 1:04:30
2022-04-27 15:14:19,724:INFO: Train: [101][2075/2076]  Loss -0.2795 (-1.1696)  Time:  0.144 (0.012)  Data Time:  0.003 (0.004)
2022-04-27 15:14:19,725:INFO:   Eta: 1:04:18
2022-04-27 15:14:45,851:INFO: Train: [102][2075/2076]  Loss -0.3394 (-1.1129)  Time:  0.149 (0.013)  Data Time:  0.004 (0.004)
2022-04-27 15:14:45,862:INFO:   Eta: 1:04:24
2022-04-27 15:15:11,621:INFO: Train: [103][2075/2076]  Loss -0.3149 (-1.2719)  Time:  0.149 (0.012)  Data Time:  0.004 (0.004)
2022-04-27 15:15:11,634:INFO:   Eta: 1:02:50
2022-04-27 15:15:37,629:INFO: Train: [104][2075/2076]  Loss -0.2605 (-1.2773)  Time:  0.148 (0.012)  Data Time:  0.004 (0.004)
2022-04-27 15:15:37,630:INFO:   Eta: 1:02:59
2022-04-27 15:16:03,675:INFO: Train: [105][2075/2076]  Loss -0.2537 (-1.2539)  Time:  0.156 (0.013)  Data Time:  0.004 (0.004)
2022-04-27 15:16:03,686:INFO:   Eta: 1:02:53
2022-04-27 15:16:29,719:INFO: Train: [106][2075/2076]  Loss -0.3140 (-1.2295)  Time:  0.161 (0.012)  Data Time:  0.005 (0.004)
2022-04-27 15:16:29,721:INFO:   Eta: 1:02:12
2022-04-27 15:16:56,007:INFO: Train: [107][2075/2076]  Loss -0.2691 (-1.2741)  Time:  0.152 (0.013)  Data Time:  0.003 (0.004)
2022-04-27 15:16:56,018:INFO:   Eta: 1:02:36
2022-04-27 15:17:22,092:INFO: Train: [108][2075/2076]  Loss -0.3591 (-1.2132)  Time:  0.151 (0.013)  Data Time:  0.004 (0.004)
2022-04-27 15:17:22,104:INFO:   Eta: 1:01:25
2022-04-27 15:17:48,249:INFO: Train: [109][2075/2076]  Loss -0.3605 (-1.2880)  Time:  0.151 (0.013)  Data Time:  0.004 (0.004)
2022-04-27 15:17:48,250:INFO:   Eta: 1:01:08
2022-04-27 15:18:14,109:INFO: Train: [110][2075/2076]  Loss -0.2516 (-1.3542)  Time:  0.149 (0.012)  Data Time:  0.003 (0.004)
2022-04-27 15:18:14,120:INFO:   Eta: 1:00:17
2022-04-27 15:18:40,274:INFO: Train: [111][2075/2076]  Loss -0.3104 (-1.1562)  Time:  0.155 (0.013)  Data Time:  0.004 (0.004)
2022-04-27 15:18:40,275:INFO:   Eta: 1:00:18
2022-04-27 15:19:06,078:INFO: Train: [112][2075/2076]  Loss -0.1972 (-1.2971)  Time:  0.138 (0.012)  Data Time:  0.004 (0.004)
2022-04-27 15:19:06,079:INFO:   Eta: 0:59:18
2022-04-27 15:19:31,959:INFO: Train: [113][2075/2076]  Loss -0.3241 (-1.2784)  Time:  0.142 (0.012)  Data Time:  0.005 (0.004)
2022-04-27 15:19:31,968:INFO:   Eta: 0:59:03
2022-04-27 15:19:57,700:INFO: Train: [114][2075/2076]  Loss -0.3076 (-1.2593)  Time:  0.136 (0.012)  Data Time:  0.004 (0.004)
2022-04-27 15:19:57,701:INFO:   Eta: 0:58:04
2022-04-27 15:20:23,924:INFO: Train: [115][2075/2076]  Loss -0.2760 (-1.2391)  Time:  0.160 (0.013)  Data Time:  0.004 (0.004)
2022-04-27 15:20:23,925:INFO:   Eta: 0:58:57
2022-04-27 15:20:49,742:INFO: Train: [116][2075/2076]  Loss -0.2333 (-1.2820)  Time:  0.151 (0.012)  Data Time:  0.004 (0.004)
2022-04-27 15:20:49,745:INFO:   Eta: 0:57:37
2022-04-27 15:21:15,552:INFO: Train: [117][2075/2076]  Loss -0.3074 (-1.4019)  Time:  0.141 (0.012)  Data Time:  0.004 (0.004)
2022-04-27 15:21:15,553:INFO:   Eta: 0:57:09
2022-04-27 15:21:41,698:INFO: Train: [118][2075/2076]  Loss -0.3236 (-1.3416)  Time:  0.160 (0.013)  Data Time:  0.005 (0.004)
2022-04-27 15:21:41,699:INFO:   Eta: 0:57:29
2022-04-27 15:22:08,257:INFO: Train: [119][2075/2076]  Loss -0.3384 (-1.3748)  Time:  0.164 (0.013)  Data Time:  0.004 (0.004)
2022-04-27 15:22:08,258:INFO:   Eta: 0:57:56
2022-04-27 15:22:35,097:INFO: Train: [120][2075/2076]  Loss -0.2892 (-1.2738)  Time:  0.166 (0.013)  Data Time:  0.003 (0.004)
2022-04-27 15:22:35,098:INFO:   Eta: 0:58:06
2022-04-27 15:23:01,412:INFO: Train: [121][2075/2076]  Loss -0.3646 (-1.1736)  Time:  0.144 (0.013)  Data Time:  0.005 (0.004)
2022-04-27 15:23:01,414:INFO:   Eta: 0:56:32
2022-04-27 15:23:28,686:INFO: Train: [122][2075/2076]  Loss -0.2290 (-1.3033)  Time:  0.151 (0.013)  Data Time:  0.005 (0.004)
2022-04-27 15:23:28,699:INFO:   Eta: 0:58:08
2022-04-27 15:23:54,550:INFO: Train: [123][2075/2076]  Loss -0.2872 (-1.2964)  Time:  0.172 (0.012)  Data Time:  0.004 (0.004)
2022-04-27 15:23:54,551:INFO:   Eta: 0:54:29
2022-04-27 15:24:20,447:INFO: Train: [124][2075/2076]  Loss -0.3161 (-1.3270)  Time:  0.165 (0.012)  Data Time:  0.005 (0.004)
2022-04-27 15:24:20,448:INFO:   Eta: 0:54:20
2022-04-27 15:24:46,845:INFO: Train: [125][2075/2076]  Loss -0.3380 (-1.4085)  Time:  0.144 (0.013)  Data Time:  0.004 (0.004)
2022-04-27 15:24:46,855:INFO:   Eta: 0:54:57
2022-04-27 15:25:13,263:INFO: Train: [126][2075/2076]  Loss -0.3309 (-1.3259)  Time:  0.142 (0.013)  Data Time:  0.005 (0.004)
2022-04-27 15:25:13,272:INFO:   Eta: 0:54:22
2022-04-27 15:25:39,570:INFO: Train: [127][2075/2076]  Loss -0.2229 (-1.3640)  Time:  0.153 (0.013)  Data Time:  0.005 (0.004)
2022-04-27 15:25:39,580:INFO:   Eta: 0:53:39
2022-04-27 15:26:05,880:INFO: Train: [128][2075/2076]  Loss -0.2940 (-1.3213)  Time:  0.142 (0.013)  Data Time:  0.004 (0.004)
2022-04-27 15:26:05,881:INFO:   Eta: 0:53:17
2022-04-27 15:26:32,129:INFO: Train: [129][2075/2076]  Loss -0.2540 (-1.3836)  Time:  0.149 (0.013)  Data Time:  0.005 (0.004)
2022-04-27 15:26:32,130:INFO:   Eta: 0:52:53
2022-04-27 15:26:58,210:INFO: Train: [130][2075/2076]  Loss -0.3351 (-1.2564)  Time:  0.148 (0.013)  Data Time:  0.004 (0.004)
2022-04-27 15:26:58,211:INFO:   Eta: 0:52:07
2022-04-27 15:27:24,260:INFO: Train: [131][2075/2076]  Loss -0.2162 (-1.2967)  Time:  0.154 (0.013)  Data Time:  0.004 (0.004)
2022-04-27 15:27:24,261:INFO:   Eta: 0:51:37
2022-04-27 15:27:50,466:INFO: Train: [132][2075/2076]  Loss -0.3671 (-1.2805)  Time:  0.176 (0.013)  Data Time:  0.004 (0.004)
2022-04-27 15:27:50,478:INFO:   Eta: 0:51:30
2022-04-27 15:28:17,315:INFO: Train: [133][2075/2076]  Loss -0.2068 (-1.3588)  Time:  0.144 (0.013)  Data Time:  0.006 (0.004)
2022-04-27 15:28:17,317:INFO:   Eta: 0:52:04
2022-04-27 15:28:43,852:INFO: Train: [134][2075/2076]  Loss -0.3601 (-1.3731)  Time:  0.143 (0.013)  Data Time:  0.004 (0.004)
2022-04-27 15:28:43,853:INFO:   Eta: 0:51:16
2022-04-27 15:29:10,434:INFO: Train: [135][2075/2076]  Loss -0.2155 (-1.3309)  Time:  0.171 (0.013)  Data Time:  0.004 (0.004)
2022-04-27 15:29:10,447:INFO:   Eta: 0:50:54
2022-04-27 15:29:36,563:INFO: Train: [136][2075/2076]  Loss -0.2971 (-1.3667)  Time:  0.149 (0.013)  Data Time:  0.004 (0.004)
2022-04-27 15:29:36,564:INFO:   Eta: 0:49:21
2022-04-27 15:30:02,680:INFO: Train: [137][2075/2076]  Loss -0.2762 (-1.3518)  Time:  0.163 (0.013)  Data Time:  0.004 (0.004)
2022-04-27 15:30:02,692:INFO:   Eta: 0:49:09
2022-04-27 15:30:29,062:INFO: Train: [138][2075/2076]  Loss -0.3423 (-1.3008)  Time:  0.143 (0.013)  Data Time:  0.004 (0.004)
2022-04-27 15:30:29,074:INFO:   Eta: 0:49:01
2022-04-27 15:30:55,396:INFO: Train: [139][2075/2076]  Loss -0.2772 (-1.4211)  Time:  0.171 (0.013)  Data Time:  0.004 (0.004)
2022-04-27 15:30:55,397:INFO:   Eta: 0:48:27
2022-04-27 15:31:21,871:INFO: Train: [140][2075/2076]  Loss -0.2699 (-1.2584)  Time:  0.156 (0.013)  Data Time:  0.004 (0.004)
2022-04-27 15:31:21,872:INFO:   Eta: 0:48:30
2022-04-27 15:31:47,761:INFO: Train: [141][2075/2076]  Loss -0.3016 (-1.4303)  Time:  0.144 (0.012)  Data Time:  0.004 (0.004)
2022-04-27 15:31:47,772:INFO:   Eta: 0:47:00
2022-04-27 15:32:13,922:INFO: Train: [142][2075/2076]  Loss -0.3371 (-1.2905)  Time:  0.154 (0.013)  Data Time:  0.004 (0.004)
2022-04-27 15:32:13,923:INFO:   Eta: 0:46:53
2022-04-27 15:32:40,056:INFO: Train: [143][2075/2076]  Loss -0.1747 (-1.3229)  Time:  0.170 (0.013)  Data Time:  0.004 (0.004)
2022-04-27 15:32:40,057:INFO:   Eta: 0:46:34
2022-04-27 15:33:06,071:INFO: Train: [144][2075/2076]  Loss -0.3694 (-1.3813)  Time:  0.147 (0.012)  Data Time:  0.005 (0.004)
2022-04-27 15:33:06,072:INFO:   Eta: 0:45:43
2022-04-27 15:33:32,284:INFO: Train: [145][2075/2076]  Loss -0.3121 (-1.4082)  Time:  0.145 (0.013)  Data Time:  0.004 (0.004)
2022-04-27 15:33:32,285:INFO:   Eta: 0:45:50
2022-04-27 15:33:58,903:INFO: Train: [146][2075/2076]  Loss -0.2654 (-1.3283)  Time:  0.170 (0.013)  Data Time:  0.005 (0.004)
2022-04-27 15:33:58,943:INFO:   Eta: 0:46:06
2022-04-27 15:34:25,413:INFO: Train: [147][2075/2076]  Loss -0.2963 (-1.3755)  Time:  0.146 (0.013)  Data Time:  0.005 (0.004)
2022-04-27 15:34:25,414:INFO:   Eta: 0:45:17
2022-04-27 15:34:51,548:INFO: Train: [148][2075/2076]  Loss -0.2914 (-1.4740)  Time:  0.152 (0.013)  Data Time:  0.004 (0.004)
2022-04-27 15:34:51,558:INFO:   Eta: 0:44:23
2022-04-27 15:35:18,107:INFO: Train: [149][2075/2076]  Loss -0.2684 (-1.3874)  Time:  0.161 (0.013)  Data Time:  0.006 (0.004)
2022-04-27 15:35:18,108:INFO:   Eta: 0:44:30
2022-04-27 15:35:44,211:INFO: Train: [150][2075/2076]  Loss -0.3793 (-1.5098)  Time:  0.142 (0.013)  Data Time:  0.004 (0.004)
2022-04-27 15:35:44,212:INFO:   Eta: 0:43:28
2022-04-27 15:36:10,553:INFO: Train: [151][2075/2076]  Loss -0.2921 (-1.5693)  Time:  0.156 (0.013)  Data Time:  0.005 (0.004)
2022-04-27 15:36:10,554:INFO:   Eta: 0:43:16
2022-04-27 15:36:15,589:INFO: Valid: [151][529/530]  Loss -5.7236 (-4.3030)
2022-04-27 15:36:15,609:INFO: Checkpoint saved...
2022-04-27 15:36:42,342:INFO: Train: [152][2075/2076]  Loss -0.3701 (-1.6026)  Time:  0.159 (0.013)  Data Time:  0.006 (0.004)
2022-04-27 15:36:42,354:INFO:   Eta: 0:43:38
2022-04-27 15:36:47,563:INFO: Valid: [152][529/530]  Loss -6.4363 (-4.6571)
2022-04-27 15:36:47,579:INFO: Checkpoint saved...
2022-04-27 15:37:14,335:INFO: Train: [153][2075/2076]  Loss -0.3503 (-1.5706)  Time:  0.147 (0.013)  Data Time:  0.005 (0.004)
2022-04-27 15:37:14,342:INFO:   Eta: 0:43:13
2022-04-27 15:37:19,541:INFO: Valid: [153][529/530]  Loss -6.2172 (-4.5695)
2022-04-27 15:37:45,894:INFO: Train: [154][2075/2076]  Loss -0.3722 (-1.6172)  Time:  0.164 (0.013)  Data Time:  0.005 (0.004)
2022-04-27 15:37:45,895:INFO:   Eta: 0:42:08
2022-04-27 15:37:51,139:INFO: Valid: [154][529/530]  Loss -6.3872 (-4.5896)
2022-04-27 15:38:17,691:INFO: Train: [155][2075/2076]  Loss -0.3089 (-1.6040)  Time:  0.146 (0.013)  Data Time:  0.005 (0.004)
2022-04-27 15:38:17,692:INFO:   Eta: 0:42:00
2022-04-27 15:38:22,921:INFO: Valid: [155][529/530]  Loss -5.5666 (-4.0926)
2022-04-27 15:38:49,173:INFO: Train: [156][2075/2076]  Loss -0.3815 (-1.6429)  Time:  0.183 (0.013)  Data Time:  0.004 (0.004)
2022-04-27 15:38:49,173:INFO:   Eta: 0:40:56
2022-04-27 15:38:54,550:INFO: Valid: [156][529/530]  Loss -2.6007 (-2.3857)
2022-04-27 15:39:20,620:INFO: Train: [157][2075/2076]  Loss -0.3493 (-1.5916)  Time:  0.167 (0.013)  Data Time:  0.005 (0.004)
2022-04-27 15:39:20,632:INFO:   Eta: 0:40:22
2022-04-27 15:39:25,830:INFO: Valid: [157][529/530]  Loss -5.6381 (-4.2249)
2022-04-27 15:39:51,798:INFO: Train: [158][2075/2076]  Loss -0.3178 (-1.6232)  Time:  0.154 (0.012)  Data Time:  0.005 (0.004)
2022-04-27 15:39:51,799:INFO:   Eta: 0:39:47
2022-04-27 15:39:56,861:INFO: Valid: [158][529/530]  Loss -6.8664 (-4.8650)
2022-04-27 15:39:56,880:INFO: Checkpoint saved...
2022-04-27 15:40:22,941:INFO: Train: [159][2075/2076]  Loss -0.3158 (-1.5817)  Time:  0.136 (0.013)  Data Time:  0.004 (0.004)
2022-04-27 15:40:22,942:INFO:   Eta: 0:39:29
2022-04-27 15:40:28,003:INFO: Valid: [159][529/530]  Loss -6.1821 (-4.5214)
2022-04-27 15:40:54,641:INFO: Train: [160][2075/2076]  Loss -0.2995 (-1.5399)  Time:  0.155 (0.013)  Data Time:  0.004 (0.004)
2022-04-27 15:40:54,642:INFO:   Eta: 0:39:49
2022-04-27 15:40:59,569:INFO: Valid: [160][529/530]  Loss -5.7302 (-4.2156)
2022-04-27 15:41:26,318:INFO: Train: [161][2075/2076]  Loss -0.3853 (-1.6586)  Time:  0.140 (0.013)  Data Time:  0.004 (0.004)
2022-04-27 15:41:26,329:INFO:   Eta: 0:39:38
2022-04-27 15:41:31,347:INFO: Valid: [161][529/530]  Loss -5.8695 (-4.3271)
2022-04-27 15:41:57,974:INFO: Train: [162][2075/2076]  Loss -0.4000 (-1.6847)  Time:  0.141 (0.013)  Data Time:  0.004 (0.004)
2022-04-27 15:41:57,986:INFO:   Eta: 0:39:01
2022-04-27 15:42:03,084:INFO: Valid: [162][529/530]  Loss -3.9014 (-3.0233)
2022-04-27 15:42:29,276:INFO: Train: [163][2075/2076]  Loss -0.3839 (-1.5539)  Time:  0.165 (0.013)  Data Time:  0.004 (0.004)
2022-04-27 15:42:29,290:INFO:   Eta: 0:37:57
2022-04-27 15:42:34,730:INFO: Valid: [163][529/530]  Loss -4.4861 (-3.5243)
2022-04-27 15:43:01,098:INFO: Train: [164][2075/2076]  Loss -0.3159 (-1.6633)  Time:  0.157 (0.013)  Data Time:  0.004 (0.004)
2022-04-27 15:43:01,099:INFO:   Eta: 0:37:46
2022-04-27 15:43:06,432:INFO: Valid: [164][529/530]  Loss -5.7165 (-4.2559)
2022-04-27 15:43:32,955:INFO: Train: [165][2075/2076]  Loss -0.3573 (-1.6303)  Time:  0.170 (0.013)  Data Time:  0.005 (0.004)
2022-04-27 15:43:32,956:INFO:   Eta: 0:37:32
2022-04-27 15:43:38,196:INFO: Valid: [165][529/530]  Loss -5.1571 (-3.9189)
2022-04-27 15:44:04,432:INFO: Train: [166][2075/2076]  Loss -0.2728 (-1.5036)  Time:  0.149 (0.013)  Data Time:  0.005 (0.004)
2022-04-27 15:44:04,433:INFO:   Eta: 0:36:42
2022-04-27 15:44:09,903:INFO: Valid: [166][529/530]  Loss -6.7390 (-4.8133)
2022-04-27 15:44:36,865:INFO: Train: [167][2075/2076]  Loss -0.3700 (-1.6541)  Time:  0.160 (0.013)  Data Time:  0.005 (0.004)
2022-04-27 15:44:36,867:INFO:   Eta: 0:37:07
2022-04-27 15:44:42,344:INFO: Valid: [167][529/530]  Loss -4.6520 (-3.6044)
2022-04-27 15:45:08,885:INFO: Train: [168][2075/2076]  Loss -0.3653 (-1.5791)  Time:  0.161 (0.013)  Data Time:  0.005 (0.004)
2022-04-27 15:45:08,886:INFO:   Eta: 0:36:14
2022-04-27 15:45:14,125:INFO: Valid: [168][529/530]  Loss -4.5833 (-3.5904)
2022-04-27 15:45:40,313:INFO: Train: [169][2075/2076]  Loss -0.3809 (-1.6176)  Time:  0.144 (0.013)  Data Time:  0.004 (0.004)
2022-04-27 15:45:40,325:INFO:   Eta: 0:35:19
2022-04-27 15:45:45,825:INFO: Valid: [169][529/530]  Loss -6.1033 (-4.4412)
2022-04-27 15:46:12,053:INFO: Train: [170][2075/2076]  Loss -0.3616 (-1.6741)  Time:  0.143 (0.013)  Data Time:  0.005 (0.004)
2022-04-27 15:46:12,055:INFO:   Eta: 0:34:50
2022-04-27 15:46:17,367:INFO: Valid: [170][529/530]  Loss -4.4613 (-3.5097)
2022-04-27 15:46:44,039:INFO: Train: [171][2075/2076]  Loss -0.3295 (-1.6823)  Time:  0.138 (0.013)  Data Time:  0.004 (0.004)
2022-04-27 15:46:44,040:INFO:   Eta: 0:35:05
2022-04-27 15:46:49,359:INFO: Valid: [171][529/530]  Loss -6.1505 (-4.5033)
2022-04-27 15:47:16,103:INFO: Train: [172][2075/2076]  Loss -0.4105 (-1.6660)  Time:  0.170 (0.013)  Data Time:  0.004 (0.004)
2022-04-27 15:47:16,104:INFO:   Eta: 0:34:38
2022-04-27 15:47:21,377:INFO: Valid: [172][529/530]  Loss -4.0198 (-3.1890)
2022-04-27 15:47:48,220:INFO: Train: [173][2075/2076]  Loss -0.3242 (-1.5810)  Time:  0.144 (0.013)  Data Time:  0.003 (0.004)
2022-04-27 15:47:48,231:INFO:   Eta: 0:34:17
2022-04-27 15:47:53,309:INFO: Valid: [173][529/530]  Loss -1.2736 (-1.5351)
2022-04-27 15:48:19,764:INFO: Train: [174][2075/2076]  Loss -0.3341 (-1.5022)  Time:  0.141 (0.013)  Data Time:  0.004 (0.004)
2022-04-27 15:48:19,777:INFO:   Eta: 0:33:28
2022-04-27 15:48:24,958:INFO: Valid: [174][529/530]  Loss -5.6630 (-4.2241)
2022-04-27 15:48:51,603:INFO: Train: [175][2075/2076]  Loss -0.3806 (-1.6396)  Time:  0.144 (0.013)  Data Time:  0.005 (0.004)
2022-04-27 15:48:51,604:INFO:   Eta: 0:33:16
2022-04-27 15:48:56,960:INFO: Valid: [175][529/530]  Loss -1.3828 (-1.6224)
2022-04-27 15:49:23,717:INFO: Train: [176][2075/2076]  Loss -0.3142 (-1.6626)  Time:  0.154 (0.013)  Data Time:  0.005 (0.004)
2022-04-27 15:49:23,725:INFO:   Eta: 0:32:52
2022-04-27 15:49:28,896:INFO: Valid: [176][529/530]  Loss -5.9577 (-4.3744)
2022-04-27 15:49:55,192:INFO: Train: [177][2075/2076]  Loss -0.3454 (-1.6102)  Time:  0.157 (0.013)  Data Time:  0.004 (0.004)
2022-04-27 15:49:55,194:INFO:   Eta: 0:31:58
2022-04-27 15:50:00,383:INFO: Valid: [177][529/530]  Loss -5.3841 (-4.0128)
2022-04-27 15:50:27,199:INFO: Train: [178][2075/2076]  Loss -0.4056 (-1.6740)  Time:  0.211 (0.013)  Data Time:  0.005 (0.004)
2022-04-27 15:50:27,200:INFO:   Eta: 0:32:03
2022-04-27 15:50:32,451:INFO: Valid: [178][529/530]  Loss -3.9702 (-3.1946)
2022-04-27 15:50:59,204:INFO: Train: [179][2075/2076]  Loss -0.3697 (-1.6886)  Time:  0.149 (0.013)  Data Time:  0.004 (0.004)
2022-04-27 15:50:59,205:INFO:   Eta: 0:31:32
2022-04-27 15:51:04,368:INFO: Valid: [179][529/530]  Loss -2.1723 (-2.0566)
2022-04-27 15:51:31,023:INFO: Train: [180][2075/2076]  Loss -0.2575 (-1.7152)  Time:  0.155 (0.013)  Data Time:  0.004 (0.004)
2022-04-27 15:51:31,024:INFO:   Eta: 0:31:04
2022-04-27 15:51:36,420:INFO: Valid: [180][529/530]  Loss -3.6376 (-2.8006)
2022-04-27 15:52:02,938:INFO: Train: [181][2075/2076]  Loss -0.3880 (-1.6140)  Time:  0.154 (0.013)  Data Time:  0.004 (0.004)
2022-04-27 15:52:02,946:INFO:   Eta: 0:30:23
2022-04-27 15:52:08,559:INFO: Valid: [181][529/530]  Loss -6.3141 (-4.5802)
2022-04-27 15:52:35,007:INFO: Train: [182][2075/2076]  Loss -0.3702 (-1.6244)  Time:  0.143 (0.013)  Data Time:  0.003 (0.004)
2022-04-27 15:52:35,009:INFO:   Eta: 0:29:57
2022-04-27 15:52:40,514:INFO: Valid: [182][529/530]  Loss -4.3420 (-3.3753)
2022-04-27 15:53:07,521:INFO: Train: [183][2075/2076]  Loss -0.4159 (-1.7170)  Time:  0.139 (0.013)  Data Time:  0.003 (0.004)
2022-04-27 15:53:07,522:INFO:   Eta: 0:30:00
2022-04-27 15:53:12,925:INFO: Valid: [183][529/530]  Loss -5.4133 (-4.0468)
2022-04-27 15:53:39,651:INFO: Train: [184][2075/2076]  Loss -0.4089 (-1.7223)  Time:  0.153 (0.013)  Data Time:  0.004 (0.004)
2022-04-27 15:53:39,652:INFO:   Eta: 0:29:16
2022-04-27 15:53:44,805:INFO: Valid: [184][529/530]  Loss -2.3499 (-2.1781)
2022-04-27 15:54:11,362:INFO: Train: [185][2075/2076]  Loss -0.3401 (-1.5778)  Time:  0.141 (0.013)  Data Time:  0.004 (0.004)
2022-04-27 15:54:11,375:INFO:   Eta: 0:28:44
2022-04-27 15:54:16,770:INFO: Valid: [185][529/530]  Loss -5.6548 (-4.2193)
2022-04-27 15:54:43,572:INFO: Train: [186][2075/2076]  Loss -0.3840 (-1.6370)  Time:  0.175 (0.013)  Data Time:  0.004 (0.004)
2022-04-27 15:54:43,574:INFO:   Eta: 0:28:28
2022-04-27 15:54:48,856:INFO: Valid: [186][529/530]  Loss -5.4850 (-4.1280)
2022-04-27 15:55:15,813:INFO: Train: [187][2075/2076]  Loss -0.3732 (-1.6173)  Time:  0.158 (0.013)  Data Time:  0.003 (0.004)
2022-04-27 15:55:15,814:INFO:   Eta: 0:28:16
2022-04-27 15:55:21,330:INFO: Valid: [187][529/530]  Loss -2.3421 (-2.1199)
2022-04-27 15:55:48,065:INFO: Train: [188][2075/2076]  Loss -0.3782 (-1.6542)  Time:  0.174 (0.013)  Data Time:  0.004 (0.004)
2022-04-27 15:55:48,067:INFO:   Eta: 0:27:30
2022-04-27 15:55:53,289:INFO: Valid: [188][529/530]  Loss -3.6826 (-2.8774)
2022-04-27 15:56:20,078:INFO: Train: [189][2075/2076]  Loss -0.4043 (-1.6489)  Time:  0.146 (0.013)  Data Time:  0.004 (0.004)
2022-04-27 15:56:20,079:INFO:   Eta: 0:27:13
2022-04-27 15:56:25,241:INFO: Valid: [189][529/530]  Loss -5.5080 (-4.0843)
2022-04-27 15:56:52,148:INFO: Train: [190][2075/2076]  Loss -0.3466 (-1.7297)  Time:  0.155 (0.013)  Data Time:  0.004 (0.004)
2022-04-27 15:56:52,150:INFO:   Eta: 0:26:53
2022-04-27 15:56:57,561:INFO: Valid: [190][529/530]  Loss -5.4302 (-3.9986)
2022-04-27 15:57:24,133:INFO: Train: [191][2075/2076]  Loss -0.4039 (-1.7518)  Time:  0.155 (0.013)  Data Time:  0.004 (0.004)
2022-04-27 15:57:24,144:INFO:   Eta: 0:26:06
2022-04-27 15:57:29,373:INFO: Valid: [191][529/530]  Loss -1.9655 (-1.9481)
2022-04-27 15:57:56,662:INFO: Train: [192][2075/2076]  Loss -0.4077 (-1.6301)  Time:  0.170 (0.013)  Data Time:  0.004 (0.004)
2022-04-27 15:57:56,664:INFO:   Eta: 0:26:21
2022-04-27 15:58:01,851:INFO: Valid: [192][529/530]  Loss -5.9254 (-4.3318)
2022-04-27 15:58:28,572:INFO: Train: [193][2075/2076]  Loss -0.3857 (-1.7258)  Time:  0.150 (0.013)  Data Time:  0.004 (0.004)
2022-04-27 15:58:28,573:INFO:   Eta: 0:25:16
2022-04-27 15:58:33,983:INFO: Valid: [193][529/530]  Loss -5.8059 (-4.3065)
2022-04-27 15:59:00,735:INFO: Train: [194][2075/2076]  Loss -0.3484 (-1.7318)  Time:  0.159 (0.013)  Data Time:  0.004 (0.004)
2022-04-27 15:59:00,747:INFO:   Eta: 0:24:51
2022-04-27 15:59:06,180:INFO: Valid: [194][529/530]  Loss -5.5727 (-4.1358)
2022-04-27 15:59:32,877:INFO: Train: [195][2075/2076]  Loss -0.4092 (-1.7064)  Time:  0.176 (0.013)  Data Time:  0.004 (0.004)
2022-04-27 15:59:32,879:INFO:   Eta: 0:24:23
2022-04-27 15:59:38,182:INFO: Valid: [195][529/530]  Loss -5.4102 (-4.1070)
2022-04-27 16:00:04,766:INFO: Train: [196][2075/2076]  Loss -0.3958 (-1.6541)  Time:  0.163 (0.013)  Data Time:  0.005 (0.004)
2022-04-27 16:00:04,767:INFO:   Eta: 0:23:50
2022-04-27 16:00:10,142:INFO: Valid: [196][529/530]  Loss -1.1050 (-1.3477)
2022-04-27 16:00:36,856:INFO: Train: [197][2075/2076]  Loss -0.3435 (-1.6604)  Time:  0.163 (0.013)  Data Time:  0.004 (0.004)
2022-04-27 16:00:36,858:INFO:   Eta: 0:23:30
2022-04-27 16:00:42,133:INFO: Valid: [197][529/530]  Loss -4.9715 (-3.8487)
2022-04-27 16:01:09,370:INFO: Train: [198][2075/2076]  Loss -0.3873 (-1.7384)  Time:  0.146 (0.013)  Data Time:  0.004 (0.004)
2022-04-27 16:01:09,383:INFO:   Eta: 0:23:35
2022-04-27 16:01:14,772:INFO: Valid: [198][529/530]  Loss -6.4016 (-4.6202)
2022-04-27 16:01:41,765:INFO: Train: [199][2075/2076]  Loss -0.3290 (-1.7333)  Time:  0.148 (0.013)  Data Time:  0.004 (0.004)
2022-04-27 16:01:41,778:INFO:   Eta: 0:22:52
2022-04-27 16:01:47,220:INFO: Valid: [199][529/530]  Loss -6.2179 (-4.4472)
2022-04-27 16:02:14,046:INFO: Train: [200][2075/2076]  Loss -0.3424 (-1.7632)  Time:  0.144 (0.013)  Data Time:  0.004 (0.004)
2022-04-27 16:02:14,058:INFO:   Eta: 0:22:20
2022-04-27 16:02:19,484:INFO: Valid: [200][529/530]  Loss -5.7495 (-4.2703)
2022-04-27 16:02:47,050:INFO: Train: [201][2075/2076]  Loss -0.4618 (-1.6809)  Time:  0.143 (0.013)  Data Time:  0.004 (0.004)
2022-04-27 16:02:47,051:INFO:   Eta: 0:22:25
2022-04-27 16:02:52,498:INFO: Valid: [201][529/530]  Loss -5.1573 (-3.8407)
2022-04-27 16:03:19,508:INFO: Train: [202][2075/2076]  Loss -0.5025 (-1.7738)  Time:  0.176 (0.013)  Data Time:  0.004 (0.004)
2022-04-27 16:03:19,510:INFO:   Eta: 0:21:32
2022-04-27 16:03:25,024:INFO: Valid: [202][529/530]  Loss -5.3222 (-4.0570)
2022-04-27 16:03:51,632:INFO: Train: [203][2075/2076]  Loss -0.4132 (-1.7615)  Time:  0.145 (0.013)  Data Time:  0.004 (0.004)
2022-04-27 16:03:51,632:INFO:   Eta: 0:20:49
2022-04-27 16:03:56,932:INFO: Valid: [203][529/530]  Loss -6.1942 (-4.5213)
2022-04-27 16:04:23,674:INFO: Train: [204][2075/2076]  Loss -0.4155 (-1.7487)  Time:  0.152 (0.013)  Data Time:  0.005 (0.004)
2022-04-27 16:04:23,675:INFO:   Eta: 0:20:29
2022-04-27 16:04:28,889:INFO: Valid: [204][529/530]  Loss -3.6646 (-2.9773)
2022-04-27 16:04:55,381:INFO: Train: [205][2075/2076]  Loss -0.3423 (-1.7555)  Time:  0.143 (0.013)  Data Time:  0.004 (0.004)
2022-04-27 16:04:55,381:INFO:   Eta: 0:19:51
2022-04-27 16:05:00,668:INFO: Valid: [205][529/530]  Loss -4.5340 (-3.5749)
2022-04-27 16:05:27,407:INFO: Train: [206][2075/2076]  Loss -0.4012 (-1.7762)  Time:  0.158 (0.013)  Data Time:  0.005 (0.004)
2022-04-27 16:05:27,409:INFO:   Eta: 0:19:35
2022-04-27 16:05:32,755:INFO: Valid: [206][529/530]  Loss -4.9229 (-3.6895)
2022-04-27 16:05:59,256:INFO: Train: [207][2075/2076]  Loss -0.3868 (-1.7824)  Time:  0.163 (0.013)  Data Time:  0.003 (0.004)
2022-04-27 16:05:59,258:INFO:   Eta: 0:18:58
2022-04-27 16:06:04,858:INFO: Valid: [207][529/530]  Loss -6.3915 (-4.6300)
2022-04-27 16:06:31,447:INFO: Train: [208][2075/2076]  Loss -0.3296 (-1.6750)  Time:  0.147 (0.013)  Data Time:  0.004 (0.004)
2022-04-27 16:06:31,448:INFO:   Eta: 0:18:35
2022-04-27 16:06:36,867:INFO: Valid: [208][529/530]  Loss -4.9597 (-3.7497)
2022-04-27 16:07:03,259:INFO: Train: [209][2075/2076]  Loss -0.3724 (-1.7744)  Time:  0.145 (0.013)  Data Time:  0.003 (0.004)
2022-04-27 16:07:03,260:INFO:   Eta: 0:18:01
2022-04-27 16:07:08,493:INFO: Valid: [209][529/530]  Loss -4.2288 (-3.2831)
2022-04-27 16:07:35,167:INFO: Train: [210][2075/2076]  Loss -0.4081 (-1.6953)  Time:  0.142 (0.013)  Data Time:  0.003 (0.004)
2022-04-27 16:07:35,169:INFO:   Eta: 0:17:46
2022-04-27 16:07:40,332:INFO: Valid: [210][529/530]  Loss -4.7933 (-3.6478)
2022-04-27 16:08:06,931:INFO: Train: [211][2075/2076]  Loss -0.3465 (-1.7064)  Time:  0.140 (0.013)  Data Time:  0.004 (0.004)
2022-04-27 16:08:06,933:INFO:   Eta: 0:17:16
2022-04-27 16:08:12,107:INFO: Valid: [211][529/530]  Loss -5.1456 (-3.8931)
2022-04-27 16:08:38,886:INFO: Train: [212][2075/2076]  Loss -0.3711 (-1.7073)  Time:  0.142 (0.013)  Data Time:  0.004 (0.004)
2022-04-27 16:08:38,888:INFO:   Eta: 0:16:56
2022-04-27 16:08:44,080:INFO: Valid: [212][529/530]  Loss -4.1840 (-3.4058)
2022-04-27 16:09:10,961:INFO: Train: [213][2075/2076]  Loss -0.3869 (-1.7851)  Time:  0.154 (0.013)  Data Time:  0.004 (0.004)
2022-04-27 16:09:10,963:INFO:   Eta: 0:16:32
2022-04-27 16:09:16,182:INFO: Valid: [213][529/530]  Loss -6.4576 (-4.6867)
2022-04-27 16:09:42,886:INFO: Train: [214][2075/2076]  Loss -0.3720 (-1.6891)  Time:  0.152 (0.013)  Data Time:  0.004 (0.004)
2022-04-27 16:09:42,887:INFO:   Eta: 0:16:00
2022-04-27 16:09:48,311:INFO: Valid: [214][529/530]  Loss -4.8468 (-3.7317)
2022-04-27 16:10:14,858:INFO: Train: [215][2075/2076]  Loss -0.4260 (-1.7705)  Time:  0.142 (0.013)  Data Time:  0.004 (0.004)
2022-04-27 16:10:14,859:INFO:   Eta: 0:15:28
2022-04-27 16:10:20,415:INFO: Valid: [215][529/530]  Loss -5.4473 (-4.1086)
2022-04-27 16:10:46,898:INFO: Train: [216][2075/2076]  Loss -0.3737 (-1.7000)  Time:  0.159 (0.013)  Data Time:  0.003 (0.004)
2022-04-27 16:10:46,899:INFO:   Eta: 0:14:59
2022-04-27 16:10:52,310:INFO: Valid: [216][529/530]  Loss -5.9352 (-4.4077)
2022-04-27 16:11:18,923:INFO: Train: [217][2075/2076]  Loss -0.4482 (-1.7851)  Time:  0.143 (0.013)  Data Time:  0.004 (0.004)
2022-04-27 16:11:18,925:INFO:   Eta: 0:14:37
2022-04-27 16:11:24,266:INFO: Valid: [217][529/530]  Loss -4.8716 (-3.7602)
2022-04-27 16:11:51,429:INFO: Train: [218][2075/2076]  Loss -0.3500 (-1.7382)  Time:  0.160 (0.013)  Data Time:  0.004 (0.004)
2022-04-27 16:11:51,431:INFO:   Eta: 0:14:28
2022-04-27 16:11:56,814:INFO: Valid: [218][529/530]  Loss -6.6075 (-4.7692)
2022-04-27 16:12:23,543:INFO: Train: [219][2075/2076]  Loss -0.4512 (-1.6710)  Time:  0.155 (0.013)  Data Time:  0.005 (0.004)
2022-04-27 16:12:23,544:INFO:   Eta: 0:13:48
2022-04-27 16:12:29,142:INFO: Valid: [219][529/530]  Loss -5.8889 (-4.3763)
2022-04-27 16:12:55,654:INFO: Train: [220][2075/2076]  Loss -0.4241 (-1.7445)  Time:  0.150 (0.013)  Data Time:  0.004 (0.004)
2022-04-27 16:12:55,655:INFO:   Eta: 0:13:14
2022-04-27 16:13:01,003:INFO: Valid: [220][529/530]  Loss -5.0802 (-3.9060)
2022-04-27 16:13:27,720:INFO: Train: [221][2075/2076]  Loss -0.4764 (-1.7525)  Time:  0.155 (0.013)  Data Time:  0.004 (0.004)
2022-04-27 16:13:27,722:INFO:   Eta: 0:12:54
2022-04-27 16:13:32,980:INFO: Valid: [221][529/530]  Loss -3.1870 (-2.6830)
2022-04-27 16:13:59,604:INFO: Train: [222][2075/2076]  Loss -0.4144 (-1.6705)  Time:  0.144 (0.013)  Data Time:  0.005 (0.004)
2022-04-27 16:13:59,605:INFO:   Eta: 0:12:24
2022-04-27 16:14:04,696:INFO: Valid: [222][529/530]  Loss -3.0507 (-2.6541)
2022-04-27 16:14:31,720:INFO: Train: [223][2075/2076]  Loss -0.3562 (-1.7521)  Time:  0.154 (0.013)  Data Time:  0.005 (0.004)
2022-04-27 16:14:31,721:INFO:   Eta: 0:12:09
2022-04-27 16:14:37,007:INFO: Valid: [223][529/530]  Loss -5.5665 (-4.1709)
2022-04-27 16:15:03,781:INFO: Train: [224][2075/2076]  Loss -0.3244 (-1.7053)  Time:  0.143 (0.013)  Data Time:  0.004 (0.004)
2022-04-27 16:15:03,784:INFO:   Eta: 0:11:35
2022-04-27 16:15:09,065:INFO: Valid: [224][529/530]  Loss -6.4731 (-4.6420)
2022-04-27 16:15:35,605:INFO: Train: [225][2075/2076]  Loss -0.4428 (-1.7436)  Time:  0.140 (0.013)  Data Time:  0.004 (0.004)
2022-04-27 16:15:35,606:INFO:   Eta: 0:11:02
2022-04-27 16:15:41,060:INFO: Valid: [225][529/530]  Loss -6.2034 (-4.5405)
2022-04-27 16:16:07,895:INFO: Train: [226][2075/2076]  Loss -0.4135 (-1.7364)  Time:  0.150 (0.013)  Data Time:  0.005 (0.004)
2022-04-27 16:16:07,896:INFO:   Eta: 0:10:43
2022-04-27 16:16:13,410:INFO: Valid: [226][529/530]  Loss -6.3134 (-4.5934)
2022-04-27 16:16:39,599:INFO: Train: [227][2075/2076]  Loss -0.4375 (-1.7415)  Time:  0.159 (0.013)  Data Time:  0.005 (0.004)
2022-04-27 16:16:39,601:INFO:   Eta: 0:10:01
2022-04-27 16:16:44,870:INFO: Valid: [227][529/530]  Loss -3.4726 (-2.9379)
2022-04-27 16:17:11,360:INFO: Train: [228][2075/2076]  Loss -0.4052 (-1.7694)  Time:  0.152 (0.013)  Data Time:  0.004 (0.004)
2022-04-27 16:17:11,361:INFO:   Eta: 0:09:42
2022-04-27 16:17:16,705:INFO: Valid: [228][529/530]  Loss -4.4586 (-3.3987)
2022-04-27 16:17:42,775:INFO: Train: [229][2075/2076]  Loss -0.4361 (-1.7161)  Time:  0.145 (0.013)  Data Time:  0.003 (0.004)
2022-04-27 16:17:42,776:INFO:   Eta: 0:09:06
2022-04-27 16:17:48,284:INFO: Valid: [229][529/530]  Loss -4.8795 (-3.6867)
2022-04-27 16:18:14,474:INFO: Train: [230][2075/2076]  Loss -0.3446 (-1.7839)  Time:  0.159 (0.013)  Data Time:  0.005 (0.004)
2022-04-27 16:18:14,475:INFO:   Eta: 0:08:43
2022-04-27 16:18:19,744:INFO: Valid: [230][529/530]  Loss -4.9080 (-3.6289)
2022-04-27 16:19:28,418:INFO: Train: [231][2075/2076]  Loss -0.3669 (-1.7319)  Time:  0.150 (0.033)  Data Time:  0.004 (0.004)
2022-04-27 16:19:28,421:INFO:   Eta: 0:21:44
2022-04-27 16:19:33,781:INFO: Valid: [231][529/530]  Loss -4.3722 (-3.4198)
2022-04-27 16:19:59,798:INFO: Train: [232][2075/2076]  Loss -0.3909 (-1.7662)  Time:  0.148 (0.013)  Data Time:  0.004 (0.004)
2022-04-27 16:19:59,799:INFO:   Eta: 0:07:47
2022-04-27 16:20:05,050:INFO: Valid: [232][529/530]  Loss -3.2093 (-2.7293)
2022-04-27 16:20:31,134:INFO: Train: [233][2075/2076]  Loss -0.3344 (-1.7673)  Time:  0.163 (0.013)  Data Time:  0.003 (0.004)
2022-04-27 16:20:31,135:INFO:   Eta: 0:07:22
2022-04-27 16:20:36,461:INFO: Valid: [233][529/530]  Loss -5.5978 (-4.2187)
2022-04-27 16:21:02,358:INFO: Train: [234][2075/2076]  Loss -0.3633 (-1.6601)  Time:  0.176 (0.012)  Data Time:  0.004 (0.004)
2022-04-27 16:21:02,359:INFO:   Eta: 0:06:52
2022-04-27 16:21:07,748:INFO: Valid: [234][529/530]  Loss -6.2154 (-4.5363)
2022-04-27 16:21:33,989:INFO: Train: [235][2075/2076]  Loss -0.3855 (-1.7402)  Time:  0.181 (0.013)  Data Time:  0.004 (0.004)
2022-04-27 16:21:33,990:INFO:   Eta: 0:06:31
2022-04-27 16:21:39,394:INFO: Valid: [235][529/530]  Loss -5.1338 (-3.9246)
2022-04-27 16:22:05,677:INFO: Train: [236][2075/2076]  Loss -0.3603 (-1.7053)  Time:  0.165 (0.013)  Data Time:  0.004 (0.004)
2022-04-27 16:22:05,693:INFO:   Eta: 0:06:05
2022-04-27 16:22:11,016:INFO: Valid: [236][529/530]  Loss -4.4076 (-3.4234)
2022-04-27 16:22:37,034:INFO: Train: [237][2075/2076]  Loss -0.4012 (-1.7587)  Time:  0.157 (0.012)  Data Time:  0.005 (0.004)
2022-04-27 16:22:37,049:INFO:   Eta: 0:05:36
2022-04-27 16:22:42,246:INFO: Valid: [237][529/530]  Loss -5.8208 (-4.3024)
2022-04-27 16:23:07,777:INFO: Train: [238][2075/2076]  Loss -0.3466 (-1.6601)  Time:  0.156 (0.012)  Data Time:  0.004 (0.004)
2022-04-27 16:23:08,855:INFO:   Eta: 0:05:04
2022-04-27 16:23:15,096:INFO: Valid: [238][529/530]  Loss -4.6727 (-3.6656)
2022-04-27 16:23:41,162:INFO: Train: [239][2075/2076]  Loss -0.4691 (-1.7470)  Time:  0.149 (0.012)  Data Time:  0.005 (0.004)
2022-04-27 16:23:41,163:INFO:   Eta: 0:04:41
2022-04-27 16:23:47,314:INFO: Valid: [239][529/530]  Loss -4.3816 (-3.5118)
2022-04-27 16:24:12,414:INFO: Train: [240][2075/2076]  Loss -0.4141 (-1.7371)  Time:  0.150 (0.011)  Data Time:  0.003 (0.003)
2022-04-27 16:24:13,058:INFO:   Eta: 0:03:58
2022-04-27 16:24:17,891:INFO: Valid: [240][529/530]  Loss -4.9686 (-3.7870)
2022-04-27 16:24:42,758:INFO: Train: [241][2075/2076]  Loss -0.4524 (-1.8312)  Time:  0.156 (0.011)  Data Time:  0.004 (0.003)
2022-04-27 16:24:42,773:INFO:   Eta: 0:03:29
2022-04-27 16:24:48,010:INFO: Valid: [241][529/530]  Loss -4.0642 (-3.2271)
2022-04-27 16:25:14,215:INFO: Train: [242][2075/2076]  Loss -0.3690 (-1.7315)  Time:  0.136 (0.013)  Data Time:  0.003 (0.004)
2022-04-27 16:25:14,231:INFO:   Eta: 0:03:28
2022-04-27 16:25:19,280:INFO: Valid: [242][529/530]  Loss -2.6656 (-2.3638)
2022-04-27 16:25:45,869:INFO: Train: [243][2075/2076]  Loss -0.4049 (-1.7980)  Time:  0.153 (0.013)  Data Time:  0.004 (0.004)
2022-04-27 16:25:46,693:INFO:   Eta: 0:03:05
2022-04-27 16:25:51,548:INFO: Valid: [243][529/530]  Loss -5.8827 (-4.3334)
2022-04-27 16:26:17,984:INFO: Train: [244][2075/2076]  Loss -0.5013 (-1.8214)  Time:  0.130 (0.012)  Data Time:  0.004 (0.004)
2022-04-27 16:26:20,306:INFO:   Eta: 0:02:34
2022-04-27 16:26:27,052:INFO: Valid: [244][529/530]  Loss -5.0741 (-3.9324)
2022-04-27 16:26:47,753:INFO: Train: [245][2075/2076]  Loss -0.3455 (-1.7244)  Time:  0.117 (0.010)  Data Time:  0.001 (0.002)
2022-04-27 16:26:48,749:INFO:   Eta: 0:01:42
2022-04-27 16:26:53,592:INFO: Valid: [245][529/530]  Loss -5.4426 (-4.0071)
2022-04-27 16:27:19,812:INFO: Train: [246][2075/2076]  Loss -0.3483 (-1.7049)  Time:  0.132 (0.013)  Data Time:  0.003 (0.004)
2022-04-27 16:27:19,827:INFO:   Eta: 0:01:44
2022-04-27 16:27:25,231:INFO: Valid: [246][529/530]  Loss -6.0543 (-4.4450)
2022-04-27 16:27:51,142:INFO: Train: [247][2075/2076]  Loss -0.3823 (-1.6687)  Time:  0.178 (0.012)  Data Time:  0.003 (0.004)
2022-04-27 16:27:51,157:INFO:   Eta: 0:01:17
2022-04-27 16:27:56,586:INFO: Valid: [247][529/530]  Loss -5.8137 (-4.3324)
2022-04-27 16:28:22,745:INFO: Train: [248][2075/2076]  Loss -0.5128 (-1.7169)  Time:  0.145 (0.013)  Data Time:  0.004 (0.004)
2022-04-27 16:28:22,760:INFO:   Eta: 0:00:52
2022-04-27 16:28:28,140:INFO: Valid: [248][529/530]  Loss -5.2188 (-3.9456)
2022-04-27 16:28:54,704:INFO: Train: [249][2075/2076]  Loss -0.4315 (-1.7439)  Time:  0.166 (0.013)  Data Time:  0.003 (0.004)
2022-04-27 16:28:54,719:INFO:   Eta: 0:00:26
2022-04-27 16:29:00,015:INFO: Valid: [249][529/530]  Loss -6.4321 (-4.6483)
