2022-03-30 15:46:25,380:INFO: batch_size=128
2022-03-30 15:46:25,381:INFO: clip_grad=None
2022-03-30 15:46:25,381:INFO: dataset=eth
2022-03-30 15:46:25,381:INFO: gpu_num=0
2022-03-30 15:46:25,381:INFO: input_size=2
2022-03-30 15:46:25,381:INFO: kernel_size=3
2022-03-30 15:46:25,381:INFO: lr=0.01
2022-03-30 15:46:25,381:INFO: lr_sh_rate=150
2022-03-30 15:46:25,381:INFO: model=social_stgcnn0
2022-03-30 15:46:25,381:INFO: n_stgcnn=1
2022-03-30 15:46:25,381:INFO: n_txpcnn=5
2022-03-30 15:46:25,381:INFO: num_epochs=250
2022-03-30 15:46:25,381:INFO: obs_seq_len=8
2022-03-30 15:46:25,382:INFO: output_size=5
2022-03-30 15:46:25,382:INFO: pred_seq_len=12
2022-03-30 15:46:25,382:INFO: seed=0
2022-03-30 15:46:25,382:INFO: tag=eth
2022-03-30 15:46:25,382:INFO: use_lrschd=True
2022-03-30 15:46:25,382:INFO: ******************************
2022-03-30 15:46:25,382:INFO: Training initiating....
2022-03-30 15:46:25,382:INFO: Namespace(batch_size=128, clip_grad=None, dataset='eth', gpu_num='0', input_size=2, kernel_size=3, lr=0.01, lr_sh_rate=150, model='social_stgcnn0', n_stgcnn=1, n_txpcnn=5, num_epochs=250, obs_seq_len=8, output_size=5, pred_seq_len=12, seed=0, tag='eth', use_lrschd=True)
2022-03-30 15:46:25,422:INFO: Initializing train dataset
2022-03-30 15:46:38,604:INFO: Initializing val dataset
2022-03-30 15:46:59,631:INFO: social_stgcnn0
2022-03-30 15:46:59,632:INFO: Data and model loaded
2022-03-30 15:46:59,632:INFO: Checkpoint dir: ./runs/Mar30_15-46-25_node09/eth/checkpoint
2022-03-30 15:46:59,632:INFO: Training started ...
2022-03-30 15:47:34,574:INFO: Train: [0][2784/2785]  Loss 1.2966 (1.7535)  Time:  0.463 (0.013)  Data Time:  0.005 (0.004)
2022-03-30 15:47:34,576:INFO:   Eta: 2:25:32
2022-03-30 15:48:09,206:INFO: Train: [1][2784/2785]  Loss 1.1661 (1.6143)  Time:  0.515 (0.012)  Data Time:  0.005 (0.005)
2022-03-30 15:48:09,207:INFO:   Eta: 2:23:36
2022-03-30 15:48:43,577:INFO: Train: [2][2784/2785]  Loss 1.0376 (1.4575)  Time:  0.466 (0.012)  Data Time:  0.005 (0.005)
2022-03-30 15:48:43,579:INFO:   Eta: 2:21:59
2022-03-30 15:49:17,364:INFO: Train: [3][2784/2785]  Loss 0.8940 (1.2622)  Time:  0.470 (0.012)  Data Time:  0.004 (0.005)
2022-03-30 15:49:17,365:INFO:   Eta: 2:18:59
2022-03-30 15:49:53,074:INFO: Train: [4][2784/2785]  Loss 0.7371 (1.0435)  Time:  0.544 (0.013)  Data Time:  0.005 (0.004)
2022-03-30 15:49:53,076:INFO:   Eta: 2:26:18
2022-03-30 15:50:24,275:INFO: Train: [5][2784/2785]  Loss 0.5532 (0.8553)  Time:  0.375 (0.011)  Data Time:  0.002 (0.003)
2022-03-30 15:50:24,277:INFO:   Eta: 2:07:14
2022-03-30 15:50:50,864:INFO: Train: [6][2784/2785]  Loss 0.3722 (0.5924)  Time:  0.376 (0.010)  Data Time:  0.002 (0.002)
2022-03-30 15:50:50,865:INFO:   Eta: 1:48:00
2022-03-30 15:50:52,933:INFO: Test: [6]  ADE: 1.8860  FDE: 2.9098
2022-03-30 15:51:23,688:INFO: Train: [7][2784/2785]  Loss 0.1759 (0.3208)  Time:  0.439 (0.011)  Data Time:  0.004 (0.004)
2022-03-30 15:51:23,689:INFO:   Eta: 2:04:29
2022-03-30 15:51:56,344:INFO: Train: [8][2784/2785]  Loss 0.0120 (0.1501)  Time:  0.463 (0.012)  Data Time:  0.004 (0.004)
2022-03-30 15:51:56,345:INFO:   Eta: 2:11:37
2022-03-30 15:52:30,903:INFO: Train: [9][2784/2785]  Loss 0.0127 (0.0370)  Time:  0.493 (0.012)  Data Time:  0.004 (0.004)
2022-03-30 15:52:30,904:INFO:   Eta: 2:18:42
2022-03-30 15:53:06,413:INFO: Train: [10][2784/2785]  Loss -0.0372 (-0.0202)  Time:  0.486 (0.013)  Data Time:  0.005 (0.005)
2022-03-30 15:53:06,415:INFO:   Eta: 2:21:56
2022-03-30 15:53:41,664:INFO: Train: [11][2784/2785]  Loss -0.0653 (-0.0550)  Time:  0.494 (0.013)  Data Time:  0.005 (0.005)
2022-03-30 15:53:41,666:INFO:   Eta: 2:20:18
2022-03-30 15:54:17,147:INFO: Train: [12][2784/2785]  Loss -0.1304 (-0.0384)  Time:  0.462 (0.013)  Data Time:  0.004 (0.005)
2022-03-30 15:54:17,148:INFO:   Eta: 2:20:38
2022-03-30 15:54:51,826:INFO: Train: [13][2784/2785]  Loss -0.0817 (-0.0812)  Time:  0.474 (0.012)  Data Time:  0.003 (0.004)
2022-03-30 15:54:51,827:INFO:   Eta: 2:16:53
2022-03-30 15:55:25,682:INFO: Train: [14][2784/2785]  Loss -0.0865 (-0.1007)  Time:  0.424 (0.012)  Data Time:  0.003 (0.004)
2022-03-30 15:55:25,683:INFO:   Eta: 2:13:04
2022-03-30 15:55:56,459:INFO: Train: [15][2784/2785]  Loss -0.1157 (-0.1296)  Time:  0.430 (0.011)  Data Time:  0.004 (0.004)
2022-03-30 15:55:56,461:INFO:   Eta: 2:00:26
2022-03-30 15:56:27,001:INFO: Train: [16][2784/2785]  Loss -0.1331 (-0.1280)  Time:  0.410 (0.011)  Data Time:  0.003 (0.003)
2022-03-30 15:56:27,002:INFO:   Eta: 1:59:00
2022-03-30 15:56:28,959:INFO: Test: [16]  ADE: 1.8357  FDE: 3.1367
2022-03-30 15:56:58,787:INFO: Train: [17][2784/2785]  Loss -0.1692 (-0.1552)  Time:  0.435 (0.011)  Data Time:  0.003 (0.004)
2022-03-30 15:56:58,788:INFO:   Eta: 1:55:46
2022-03-30 15:57:31,386:INFO: Train: [18][2784/2785]  Loss -0.2013 (-0.1608)  Time:  0.440 (0.012)  Data Time:  0.003 (0.003)
2022-03-30 15:57:31,388:INFO:   Eta: 2:05:54
2022-03-30 15:58:03,867:INFO: Train: [19][2784/2785]  Loss -0.2003 (-0.1643)  Time:  0.458 (0.012)  Data Time:  0.003 (0.004)
2022-03-30 15:58:03,868:INFO:   Eta: 2:04:57
2022-03-30 15:58:38,284:INFO: Train: [20][2784/2785]  Loss -0.0546 (-0.1892)  Time:  0.476 (0.012)  Data Time:  0.004 (0.005)
2022-03-30 15:58:38,285:INFO:   Eta: 2:11:50
2022-03-30 15:59:12,392:INFO: Train: [21][2784/2785]  Loss -0.1412 (-0.2109)  Time:  0.457 (0.012)  Data Time:  0.003 (0.005)
2022-03-30 15:59:12,393:INFO:   Eta: 2:10:05
2022-03-30 15:59:47,142:INFO: Train: [22][2784/2785]  Loss -0.1297 (-0.1868)  Time:  0.473 (0.012)  Data Time:  0.006 (0.005)
2022-03-30 15:59:47,143:INFO:   Eta: 2:11:58
2022-03-30 16:00:21,332:INFO: Train: [23][2784/2785]  Loss -0.2032 (-0.2164)  Time:  0.465 (0.012)  Data Time:  0.004 (0.004)
2022-03-30 16:00:21,333:INFO:   Eta: 2:09:15
2022-03-30 16:00:52,279:INFO: Train: [24][2784/2785]  Loss -0.2227 (-0.2166)  Time:  0.435 (0.011)  Data Time:  0.004 (0.004)
2022-03-30 16:00:52,281:INFO:   Eta: 1:56:28
2022-03-30 16:01:24,522:INFO: Train: [25][2784/2785]  Loss -0.0868 (-0.2228)  Time:  0.446 (0.012)  Data Time:  0.004 (0.004)
2022-03-30 16:01:24,524:INFO:   Eta: 2:00:49
2022-03-30 16:01:59,175:INFO: Train: [26][2784/2785]  Loss -0.1650 (-0.2482)  Time:  0.424 (0.012)  Data Time:  0.004 (0.005)
2022-03-30 16:01:59,177:INFO:   Eta: 2:09:16
2022-03-30 16:02:01,355:INFO: Test: [26]  ADE: 1.8975  FDE: 3.2710
2022-03-30 16:02:30,707:INFO: Train: [27][2784/2785]  Loss -0.1823 (-0.2369)  Time:  0.423 (0.011)  Data Time:  0.002 (0.003)
2022-03-30 16:02:30,709:INFO:   Eta: 1:49:02
2022-03-30 16:03:01,224:INFO: Train: [28][2784/2785]  Loss 0.0151 (-0.2071)  Time:  0.416 (0.011)  Data Time:  0.003 (0.004)
2022-03-30 16:03:01,225:INFO:   Eta: 1:52:48
2022-03-30 16:03:31,924:INFO: Train: [29][2784/2785]  Loss -0.1145 (-0.2625)  Time:  0.409 (0.011)  Data Time:  0.004 (0.004)
2022-03-30 16:03:31,926:INFO:   Eta: 1:53:00
2022-03-30 16:04:05,839:INFO: Train: [30][2784/2785]  Loss -0.2780 (-0.2097)  Time:  0.462 (0.012)  Data Time:  0.003 (0.005)
2022-03-30 16:04:05,840:INFO:   Eta: 2:04:16
2022-03-30 16:04:39,783:INFO: Train: [31][2784/2785]  Loss -0.2444 (-0.2634)  Time:  0.504 (0.012)  Data Time:  0.005 (0.005)
2022-03-30 16:04:39,784:INFO:   Eta: 2:03:48
2022-03-30 16:05:12,618:INFO: Train: [32][2784/2785]  Loss -0.1382 (-0.2543)  Time:  0.419 (0.012)  Data Time:  0.004 (0.004)
2022-03-30 16:05:12,622:INFO:   Eta: 1:59:13
2022-03-30 16:05:47,570:INFO: Train: [33][2784/2785]  Loss -0.2802 (-0.2696)  Time:  0.453 (0.013)  Data Time:  0.004 (0.004)
2022-03-30 16:05:47,571:INFO:   Eta: 2:06:19
2022-03-30 16:06:18,359:INFO: Train: [34][2784/2785]  Loss -0.1820 (-0.2607)  Time:  0.462 (0.011)  Data Time:  0.004 (0.004)
2022-03-30 16:06:18,360:INFO:   Eta: 1:50:46
2022-03-30 16:06:52,143:INFO: Train: [35][2784/2785]  Loss -0.1691 (-0.2659)  Time:  0.486 (0.012)  Data Time:  0.005 (0.004)
2022-03-30 16:06:52,144:INFO:   Eta: 2:00:58
2022-03-30 16:07:26,430:INFO: Train: [36][2784/2785]  Loss -0.1848 (-0.2596)  Time:  0.468 (0.012)  Data Time:  0.005 (0.005)
2022-03-30 16:07:26,432:INFO:   Eta: 2:02:13
2022-03-30 16:07:28,721:INFO: Test: [36]  ADE: 2.0017  FDE: 3.3750
2022-03-30 16:08:00,482:INFO: Train: [37][2784/2785]  Loss -0.2806 (-0.2663)  Time:  0.414 (0.011)  Data Time:  0.003 (0.004)
2022-03-30 16:08:00,483:INFO:   Eta: 1:52:42
2022-03-30 16:08:29,802:INFO: Train: [38][2784/2785]  Loss -0.1882 (-0.2738)  Time:  0.407 (0.011)  Data Time:  0.003 (0.003)
2022-03-30 16:08:29,803:INFO:   Eta: 1:43:31
2022-03-30 16:08:59,822:INFO: Train: [39][2784/2785]  Loss -0.2297 (-0.2653)  Time:  0.422 (0.011)  Data Time:  0.004 (0.004)
2022-03-30 16:08:59,823:INFO:   Eta: 1:45:30
2022-03-30 16:09:30,298:INFO: Train: [40][2784/2785]  Loss -0.2585 (-0.2432)  Time:  0.423 (0.011)  Data Time:  0.004 (0.004)
2022-03-30 16:09:30,299:INFO:   Eta: 1:46:35
2022-03-30 16:10:03,074:INFO: Train: [41][2784/2785]  Loss -0.2056 (-0.2664)  Time:  0.492 (0.012)  Data Time:  0.005 (0.004)
2022-03-30 16:10:03,076:INFO:   Eta: 1:54:05
2022-03-30 16:10:37,430:INFO: Train: [42][2784/2785]  Loss -0.1771 (-0.2535)  Time:  0.493 (0.012)  Data Time:  0.004 (0.005)
2022-03-30 16:10:37,431:INFO:   Eta: 1:59:01
2022-03-30 16:11:09,650:INFO: Train: [43][2784/2785]  Loss -0.2255 (-0.2701)  Time:  0.416 (0.012)  Data Time:  0.004 (0.004)
2022-03-30 16:11:09,650:INFO:   Eta: 1:51:05
2022-03-30 16:11:41,416:INFO: Train: [44][2784/2785]  Loss -0.2287 (-0.2667)  Time:  0.468 (0.011)  Data Time:  0.004 (0.004)
2022-03-30 16:11:41,418:INFO:   Eta: 1:49:00
2022-03-30 16:12:15,144:INFO: Train: [45][2784/2785]  Loss -0.2109 (-0.2754)  Time:  0.454 (0.012)  Data Time:  0.004 (0.004)
2022-03-30 16:12:15,147:INFO:   Eta: 1:55:09
2022-03-30 16:12:48,667:INFO: Train: [46][2784/2785]  Loss -0.1727 (-0.2766)  Time:  0.467 (0.012)  Data Time:  0.004 (0.005)
2022-03-30 16:12:48,752:INFO:   Eta: 1:53:50
2022-03-30 16:12:51,040:INFO: Test: [46]  ADE: 2.0416  FDE: 3.4087
2022-03-30 16:13:27,694:INFO: Train: [47][2784/2785]  Loss -0.1789 (-0.2443)  Time:  0.473 (0.013)  Data Time:  0.006 (0.005)
2022-03-30 16:13:27,695:INFO:   Eta: 2:03:56
2022-03-30 16:13:59,570:INFO: Train: [48][2784/2785]  Loss -0.0271 (-0.2908)  Time:  0.489 (0.011)  Data Time:  0.004 (0.004)
2022-03-30 16:13:59,571:INFO:   Eta: 1:47:14
2022-03-30 16:14:30,359:INFO: Train: [49][2784/2785]  Loss -0.2624 (-0.2701)  Time:  0.454 (0.011)  Data Time:  0.004 (0.004)
2022-03-30 16:14:30,360:INFO:   Eta: 1:43:04
2022-03-30 16:14:59,145:INFO: Train: [50][2784/2785]  Loss -0.1988 (-0.2767)  Time:  0.430 (0.010)  Data Time:  0.004 (0.003)
2022-03-30 16:14:59,146:INFO:   Eta: 1:35:52
2022-03-30 16:15:30,325:INFO: Train: [51][2784/2785]  Loss -0.2673 (-0.2571)  Time:  0.477 (0.011)  Data Time:  0.005 (0.004)
2022-03-30 16:15:30,328:INFO:   Eta: 1:43:20
2022-03-30 16:16:04,466:INFO: Train: [52][2784/2785]  Loss -0.2140 (-0.2771)  Time:  0.424 (0.012)  Data Time:  0.003 (0.004)
2022-03-30 16:16:04,468:INFO:   Eta: 1:52:33
2022-03-30 16:16:36,689:INFO: Train: [53][2784/2785]  Loss -0.2147 (-0.2643)  Time:  0.510 (0.012)  Data Time:  0.004 (0.004)
2022-03-30 16:16:36,690:INFO:   Eta: 1:45:41
2022-03-30 16:17:11,180:INFO: Train: [54][2784/2785]  Loss -0.1915 (-0.2965)  Time:  0.519 (0.012)  Data Time:  0.004 (0.004)
2022-03-30 16:17:11,181:INFO:   Eta: 1:52:36
2022-03-30 16:17:46,400:INFO: Train: [55][2784/2785]  Loss -0.2523 (-0.2905)  Time:  0.464 (0.013)  Data Time:  0.005 (0.005)
2022-03-30 16:17:46,401:INFO:   Eta: 1:54:23
2022-03-30 16:18:21,324:INFO: Train: [56][2784/2785]  Loss -0.2302 (-0.2847)  Time:  0.494 (0.013)  Data Time:  0.003 (0.005)
2022-03-30 16:18:21,326:INFO:   Eta: 1:52:50
2022-03-30 16:18:23,538:INFO: Test: [56]  ADE: 2.0630  FDE: 3.3888
2022-03-30 16:18:57,971:INFO: Train: [57][2784/2785]  Loss -0.1362 (-0.2656)  Time:  0.459 (0.012)  Data Time:  0.004 (0.004)
2022-03-30 16:18:57,972:INFO:   Eta: 1:50:42
2022-03-30 16:19:31,733:INFO: Train: [58][2784/2785]  Loss -0.1316 (-0.2760)  Time:  0.492 (0.012)  Data Time:  0.004 (0.004)
2022-03-30 16:19:31,735:INFO:   Eta: 1:47:57
2022-03-30 16:20:02,699:INFO: Train: [59][2784/2785]  Loss -0.2305 (-0.2741)  Time:  0.423 (0.011)  Data Time:  0.004 (0.004)
2022-03-30 16:20:02,699:INFO:   Eta: 1:38:29
2022-03-30 16:20:33,150:INFO: Train: [60][2784/2785]  Loss -0.2930 (-0.2566)  Time:  0.431 (0.011)  Data Time:  0.004 (0.004)
2022-03-30 16:20:33,152:INFO:   Eta: 1:36:22
2022-03-30 16:21:05,382:INFO: Train: [61][2784/2785]  Loss -0.1908 (-0.2685)  Time:  0.423 (0.012)  Data Time:  0.005 (0.004)
2022-03-30 16:21:05,383:INFO:   Eta: 1:41:26
2022-03-30 16:21:33,950:INFO: Train: [62][2784/2785]  Loss -0.2040 (-0.2523)  Time:  0.438 (0.010)  Data Time:  0.005 (0.003)
2022-03-30 16:21:33,951:INFO:   Eta: 1:29:26
2022-03-30 16:22:07,335:INFO: Train: [63][2784/2785]  Loss -0.2775 (-0.2942)  Time:  0.449 (0.012)  Data Time:  0.004 (0.004)
2022-03-30 16:22:07,336:INFO:   Eta: 1:43:58
2022-03-30 16:22:42,676:INFO: Train: [64][2784/2785]  Loss -0.1963 (-0.2737)  Time:  0.484 (0.013)  Data Time:  0.003 (0.005)
2022-03-30 16:22:42,677:INFO:   Eta: 1:49:28
2022-03-30 16:23:17,411:INFO: Train: [65][2784/2785]  Loss -0.2580 (-0.2311)  Time:  0.480 (0.012)  Data Time:  0.004 (0.005)
2022-03-30 16:23:17,413:INFO:   Eta: 1:47:01
2022-03-30 16:23:53,221:INFO: Train: [66][2784/2785]  Loss -0.2051 (-0.2591)  Time:  0.501 (0.013)  Data Time:  0.004 (0.005)
2022-03-30 16:23:53,223:INFO:   Eta: 1:49:43
2022-03-30 16:23:55,587:INFO: Test: [66]  ADE: 2.0498  FDE: 3.4018
2022-03-30 16:24:30,014:INFO: Train: [67][2784/2785]  Loss -0.2454 (-0.2730)  Time:  0.433 (0.012)  Data Time:  0.004 (0.004)
2022-03-30 16:24:30,015:INFO:   Eta: 1:44:57
2022-03-30 16:25:02,669:INFO: Train: [68][2784/2785]  Loss -0.1162 (-0.2728)  Time:  0.456 (0.012)  Data Time:  0.004 (0.004)
2022-03-30 16:25:02,670:INFO:   Eta: 1:38:58
2022-03-30 16:25:37,471:INFO: Train: [69][2784/2785]  Loss -0.2043 (-0.2661)  Time:  0.503 (0.012)  Data Time:  0.003 (0.005)
2022-03-30 16:25:37,472:INFO:   Eta: 1:44:55
2022-03-30 16:26:08,657:INFO: Train: [70][2784/2785]  Loss -0.2784 (-0.2626)  Time:  0.402 (0.011)  Data Time:  0.004 (0.004)
2022-03-30 16:26:08,658:INFO:   Eta: 1:33:29
2022-03-30 16:26:36,690:INFO: Train: [71][2784/2785]  Loss -0.1593 (-0.2825)  Time:  0.398 (0.010)  Data Time:  0.003 (0.003)
2022-03-30 16:26:36,691:INFO:   Eta: 1:23:34
2022-03-30 16:27:04,906:INFO: Train: [72][2784/2785]  Loss -0.2340 (-0.2943)  Time:  0.406 (0.010)  Data Time:  0.004 (0.003)
2022-03-30 16:27:04,907:INFO:   Eta: 1:23:38
2022-03-30 16:27:37,463:INFO: Train: [73][2784/2785]  Loss -0.0768 (-0.2641)  Time:  0.486 (0.012)  Data Time:  0.005 (0.004)
2022-03-30 16:27:37,465:INFO:   Eta: 1:35:58
2022-03-30 16:28:11,945:INFO: Train: [74][2784/2785]  Loss -0.0401 (-0.3003)  Time:  0.523 (0.012)  Data Time:  0.004 (0.004)
2022-03-30 16:28:11,955:INFO:   Eta: 1:41:04
2022-03-30 16:28:47,780:INFO: Train: [75][2784/2785]  Loss -0.2169 (-0.2886)  Time:  0.479 (0.013)  Data Time:  0.004 (0.005)
2022-03-30 16:28:47,781:INFO:   Eta: 1:44:23
2022-03-30 16:29:21,955:INFO: Train: [76][2784/2785]  Loss -0.2769 (-0.2834)  Time:  0.450 (0.012)  Data Time:  0.004 (0.005)
2022-03-30 16:29:21,956:INFO:   Eta: 1:39:03
2022-03-30 16:29:24,235:INFO: Test: [76]  ADE: 2.0213  FDE: 3.3625
2022-03-30 16:29:57,950:INFO: Train: [77][2784/2785]  Loss -0.2171 (-0.2464)  Time:  0.496 (0.012)  Data Time:  0.005 (0.004)
2022-03-30 16:29:57,952:INFO:   Eta: 1:37:10
2022-03-30 16:30:31,834:INFO: Train: [78][2784/2785]  Loss -0.2586 (-0.2759)  Time:  0.439 (0.012)  Data Time:  0.004 (0.004)
2022-03-30 16:30:31,835:INFO:   Eta: 1:37:03
2022-03-30 16:31:05,609:INFO: Train: [79][2784/2785]  Loss -0.2031 (-0.2613)  Time:  0.556 (0.012)  Data Time:  0.004 (0.004)
2022-03-30 16:31:05,610:INFO:   Eta: 1:36:11
2022-03-30 16:31:39,766:INFO: Train: [80][2784/2785]  Loss -0.2461 (-0.3147)  Time:  0.481 (0.012)  Data Time:  0.004 (0.005)
2022-03-30 16:31:39,768:INFO:   Eta: 1:36:43
2022-03-30 16:32:07,237:INFO: Train: [81][2784/2785]  Loss -0.1778 (-0.2820)  Time:  0.409 (0.010)  Data Time:  0.003 (0.003)
2022-03-30 16:32:07,239:INFO:   Eta: 1:17:18
2022-03-30 16:32:36,479:INFO: Train: [82][2784/2785]  Loss -0.2530 (-0.2646)  Time:  0.442 (0.010)  Data Time:  0.004 (0.003)
2022-03-30 16:32:36,480:INFO:   Eta: 1:21:48
2022-03-30 16:33:07,006:INFO: Train: [83][2784/2785]  Loss -0.3500 (-0.2952)  Time:  0.413 (0.011)  Data Time:  0.004 (0.004)
2022-03-30 16:33:07,008:INFO:   Eta: 1:24:54
2022-03-30 16:33:39,386:INFO: Train: [84][2784/2785]  Loss -0.2111 (-0.2562)  Time:  0.469 (0.012)  Data Time:  0.005 (0.004)
2022-03-30 16:33:39,387:INFO:   Eta: 1:29:30
2022-03-30 16:34:12,789:INFO: Train: [85][2784/2785]  Loss -0.2508 (-0.2761)  Time:  0.419 (0.012)  Data Time:  0.005 (0.004)
2022-03-30 16:34:12,790:INFO:   Eta: 1:31:47
2022-03-30 16:34:47,255:INFO: Train: [86][2784/2785]  Loss -0.2268 (-0.2654)  Time:  0.485 (0.012)  Data Time:  0.005 (0.005)
2022-03-30 16:34:47,256:INFO:   Eta: 1:34:08
2022-03-30 16:34:49,556:INFO: Test: [86]  ADE: 2.0292  FDE: 3.4278
2022-03-30 16:35:23,440:INFO: Train: [87][2784/2785]  Loss -0.1917 (-0.2867)  Time:  0.475 (0.012)  Data Time:  0.004 (0.004)
2022-03-30 16:35:23,441:INFO:   Eta: 1:32:00
2022-03-30 16:36:00,429:INFO: Train: [88][2784/2785]  Loss -0.0675 (-0.3003)  Time:  0.457 (0.013)  Data Time:  0.005 (0.005)
2022-03-30 16:36:00,430:INFO:   Eta: 1:39:47
2022-03-30 16:36:33,829:INFO: Train: [89][2784/2785]  Loss -0.1340 (-0.2790)  Time:  0.505 (0.012)  Data Time:  0.004 (0.004)
2022-03-30 16:36:33,831:INFO:   Eta: 1:29:34
2022-03-30 16:37:07,438:INFO: Train: [90][2784/2785]  Loss -0.2013 (-0.2773)  Time:  0.453 (0.012)  Data Time:  0.005 (0.004)
2022-03-30 16:37:07,439:INFO:   Eta: 1:29:33
2022-03-30 16:37:38,801:INFO: Train: [91][2784/2785]  Loss -0.1831 (-0.2813)  Time:  0.430 (0.011)  Data Time:  0.004 (0.004)
2022-03-30 16:37:38,802:INFO:   Eta: 1:23:03
2022-03-30 16:38:09,466:INFO: Train: [92][2784/2785]  Loss -0.1253 (-0.2933)  Time:  0.464 (0.011)  Data Time:  0.003 (0.004)
2022-03-30 16:38:09,467:INFO:   Eta: 1:20:41
2022-03-30 16:38:39,835:INFO: Train: [93][2784/2785]  Loss -0.2989 (-0.2644)  Time:  0.431 (0.011)  Data Time:  0.004 (0.004)
2022-03-30 16:38:39,836:INFO:   Eta: 1:19:24
2022-03-30 16:39:08,862:INFO: Train: [94][2784/2785]  Loss -0.1297 (-0.3032)  Time:  0.429 (0.010)  Data Time:  0.003 (0.003)
2022-03-30 16:39:08,863:INFO:   Eta: 1:15:24
2022-03-30 16:39:42,427:INFO: Train: [95][2784/2785]  Loss -0.1790 (-0.2761)  Time:  0.515 (0.012)  Data Time:  0.006 (0.004)
2022-03-30 16:39:42,428:INFO:   Eta: 1:26:38
2022-03-30 16:40:16,823:INFO: Train: [96][2784/2785]  Loss -0.1997 (-0.3070)  Time:  0.483 (0.012)  Data Time:  0.003 (0.004)
2022-03-30 16:40:16,824:INFO:   Eta: 1:28:13
2022-03-30 16:40:19,230:INFO: Test: [96]  ADE: 2.0684  FDE: 3.4654
2022-03-30 16:40:53,784:INFO: Train: [97][2784/2785]  Loss -0.2733 (-0.2575)  Time:  0.559 (0.012)  Data Time:  0.004 (0.005)
2022-03-30 16:40:53,786:INFO:   Eta: 1:28:04
2022-03-30 16:41:28,530:INFO: Train: [98][2784/2785]  Loss -0.0882 (-0.2921)  Time:  0.502 (0.012)  Data Time:  0.005 (0.004)
2022-03-30 16:41:28,532:INFO:   Eta: 1:27:57
2022-03-30 16:42:01,788:INFO: Train: [99][2784/2785]  Loss -0.2150 (-0.2727)  Time:  0.455 (0.012)  Data Time:  0.003 (0.004)
2022-03-30 16:42:01,809:INFO:   Eta: 1:23:37
2022-03-30 16:42:33,251:INFO: Train: [100][2784/2785]  Loss -0.1277 (-0.2625)  Time:  0.406 (0.011)  Data Time:  0.004 (0.004)
2022-03-30 16:42:33,252:INFO:   Eta: 1:18:32
2022-03-30 16:43:07,488:INFO: Train: [101][2784/2785]  Loss -0.1789 (-0.2613)  Time:  0.483 (0.012)  Data Time:  0.004 (0.005)
2022-03-30 16:43:07,490:INFO:   Eta: 1:24:58
2022-03-30 16:43:41,720:INFO: Train: [102][2784/2785]  Loss -0.2083 (-0.2611)  Time:  0.425 (0.012)  Data Time:  0.003 (0.004)
2022-03-30 16:43:41,721:INFO:   Eta: 1:24:22
2022-03-30 16:44:10,776:INFO: Train: [103][2784/2785]  Loss -0.2277 (-0.2697)  Time:  0.399 (0.010)  Data Time:  0.003 (0.003)
2022-03-30 16:44:10,777:INFO:   Eta: 1:11:07
2022-03-30 16:44:41,747:INFO: Train: [104][2784/2785]  Loss -0.1837 (-0.2616)  Time:  0.406 (0.011)  Data Time:  0.004 (0.004)
2022-03-30 16:44:41,748:INFO:   Eta: 1:15:18
2022-03-30 16:45:13,038:INFO: Train: [105][2784/2785]  Loss -0.2462 (-0.2666)  Time:  0.396 (0.011)  Data Time:  0.003 (0.004)
2022-03-30 16:45:13,039:INFO:   Eta: 1:15:33
2022-03-30 16:45:47,974:INFO: Train: [106][2784/2785]  Loss -0.1380 (-0.2725)  Time:  0.476 (0.013)  Data Time:  0.005 (0.005)
2022-03-30 16:45:47,975:INFO:   Eta: 1:23:47
2022-03-30 16:45:50,284:INFO: Test: [106]  ADE: 2.0396  FDE: 3.3766
2022-03-30 16:46:25,269:INFO: Train: [107][2784/2785]  Loss -0.1120 (-0.2838)  Time:  0.468 (0.013)  Data Time:  0.004 (0.005)
2022-03-30 16:46:25,270:INFO:   Eta: 1:23:20
2022-03-30 16:47:00,684:INFO: Train: [108][2784/2785]  Loss -0.3250 (-0.2893)  Time:  0.452 (0.013)  Data Time:  0.004 (0.005)
2022-03-30 16:47:00,685:INFO:   Eta: 1:23:45
2022-03-30 16:47:31,365:INFO: Train: [109][2784/2785]  Loss -0.3730 (-0.2569)  Time:  0.424 (0.011)  Data Time:  0.003 (0.004)
2022-03-30 16:47:31,367:INFO:   Eta: 1:12:02
2022-03-30 16:48:04,775:INFO: Train: [110][2784/2785]  Loss -0.2417 (-0.2751)  Time:  0.509 (0.012)  Data Time:  0.004 (0.004)
2022-03-30 16:48:04,776:INFO:   Eta: 1:17:53
2022-03-30 16:48:39,608:INFO: Train: [111][2784/2785]  Loss -0.1400 (-0.2862)  Time:  0.468 (0.013)  Data Time:  0.004 (0.005)
2022-03-30 16:48:39,609:INFO:   Eta: 1:20:38
2022-03-30 16:49:12,578:INFO: Train: [112][2784/2785]  Loss -0.2438 (-0.2627)  Time:  0.515 (0.012)  Data Time:  0.005 (0.004)
2022-03-30 16:49:12,579:INFO:   Eta: 1:15:46
2022-03-30 16:49:44,792:INFO: Train: [113][2784/2785]  Loss -0.0386 (-0.2875)  Time:  0.452 (0.012)  Data Time:  0.004 (0.004)
2022-03-30 16:49:44,794:INFO:   Eta: 1:13:30
2022-03-30 16:50:14,566:INFO: Train: [114][2784/2785]  Loss -0.2638 (-0.2854)  Time:  0.424 (0.011)  Data Time:  0.004 (0.004)
2022-03-30 16:50:14,568:INFO:   Eta: 1:07:26
2022-03-30 16:50:46,705:INFO: Train: [115][2784/2785]  Loss -0.2338 (-0.2903)  Time:  0.510 (0.012)  Data Time:  0.003 (0.004)
2022-03-30 16:50:46,707:INFO:   Eta: 1:12:15
2022-03-30 16:51:19,893:INFO: Train: [116][2784/2785]  Loss -0.2239 (-0.2381)  Time:  0.489 (0.012)  Data Time:  0.005 (0.004)
2022-03-30 16:51:19,894:INFO:   Eta: 1:14:03
2022-03-30 16:51:22,262:INFO: Test: [116]  ADE: 2.0396  FDE: 3.4266
2022-03-30 16:51:56,991:INFO: Train: [117][2784/2785]  Loss -0.2108 (-0.2545)  Time:  0.494 (0.012)  Data Time:  0.004 (0.005)
2022-03-30 16:51:56,993:INFO:   Eta: 1:16:56
2022-03-30 16:52:30,202:INFO: Train: [118][2784/2785]  Loss -0.0569 (-0.2362)  Time:  0.427 (0.012)  Data Time:  0.004 (0.004)
2022-03-30 16:52:30,204:INFO:   Eta: 1:13:00
2022-03-30 16:53:02,953:INFO: Train: [119][2784/2785]  Loss -0.1783 (-0.3051)  Time:  0.435 (0.012)  Data Time:  0.003 (0.004)
2022-03-30 16:53:02,955:INFO:   Eta: 1:11:26
2022-03-30 16:53:38,096:INFO: Train: [120][2784/2785]  Loss -0.2796 (-0.2699)  Time:  0.451 (0.013)  Data Time:  0.004 (0.005)
2022-03-30 16:53:38,098:INFO:   Eta: 1:16:05
2022-03-30 16:54:11,308:INFO: Train: [121][2784/2785]  Loss -0.3344 (-0.2685)  Time:  0.471 (0.012)  Data Time:  0.005 (0.004)
2022-03-30 16:54:11,310:INFO:   Eta: 1:11:20
2022-03-30 16:54:46,337:INFO: Train: [122][2784/2785]  Loss -0.2401 (-0.2912)  Time:  0.478 (0.013)  Data Time:  0.004 (0.005)
2022-03-30 16:54:46,339:INFO:   Eta: 1:14:40
2022-03-30 16:55:21,446:INFO: Train: [123][2784/2785]  Loss -0.2185 (-0.2896)  Time:  0.459 (0.013)  Data Time:  0.004 (0.004)
2022-03-30 16:55:21,448:INFO:   Eta: 1:14:15
2022-03-30 16:55:52,822:INFO: Train: [124][2784/2785]  Loss -0.1911 (-0.2985)  Time:  0.446 (0.011)  Data Time:  0.003 (0.004)
2022-03-30 16:55:52,823:INFO:   Eta: 1:05:50
2022-03-30 16:56:23,518:INFO: Train: [125][2784/2785]  Loss -0.1787 (-0.2567)  Time:  0.461 (0.011)  Data Time:  0.003 (0.004)
2022-03-30 16:56:23,519:INFO:   Eta: 1:03:54
2022-03-30 16:56:54,485:INFO: Train: [126][2784/2785]  Loss -0.2722 (-0.2884)  Time:  0.446 (0.011)  Data Time:  0.003 (0.004)
2022-03-30 16:56:54,486:INFO:   Eta: 1:03:57
2022-03-30 16:56:56,620:INFO: Test: [126]  ADE: 2.0184  FDE: 3.3639
2022-03-30 16:57:28,249:INFO: Train: [127][2784/2785]  Loss -0.0625 (-0.2607)  Time:  0.433 (0.011)  Data Time:  0.003 (0.004)
2022-03-30 16:57:28,250:INFO:   Eta: 1:04:48
2022-03-30 16:58:00,882:INFO: Train: [128][2784/2785]  Loss -0.2346 (-0.2988)  Time:  0.501 (0.012)  Data Time:  0.004 (0.004)
2022-03-30 16:58:00,883:INFO:   Eta: 1:06:18
2022-03-30 16:58:35,852:INFO: Train: [129][2784/2785]  Loss -0.2196 (-0.2491)  Time:  0.409 (0.013)  Data Time:  0.003 (0.004)
2022-03-30 16:58:35,853:INFO:   Eta: 1:10:24
2022-03-30 16:59:07,885:INFO: Train: [130][2784/2785]  Loss -0.1674 (-0.2807)  Time:  0.441 (0.011)  Data Time:  0.004 (0.004)
2022-03-30 16:59:07,888:INFO:   Eta: 1:04:01
2022-03-30 16:59:42,389:INFO: Train: [131][2784/2785]  Loss -0.1602 (-0.2787)  Time:  0.455 (0.012)  Data Time:  0.004 (0.005)
2022-03-30 16:59:42,390:INFO:   Eta: 1:08:22
2022-03-30 17:00:16,647:INFO: Train: [132][2784/2785]  Loss -0.1206 (-0.3133)  Time:  0.488 (0.012)  Data Time:  0.004 (0.005)
2022-03-30 17:00:16,648:INFO:   Eta: 1:07:19
2022-03-30 17:00:51,018:INFO: Train: [133][2784/2785]  Loss -0.1946 (-0.2810)  Time:  0.492 (0.012)  Data Time:  0.004 (0.005)
2022-03-30 17:00:51,019:INFO:   Eta: 1:06:58
2022-03-30 17:01:24,667:INFO: Train: [134][2784/2785]  Loss -0.0980 (-0.2583)  Time:  0.410 (0.012)  Data Time:  0.003 (0.004)
2022-03-30 17:01:24,668:INFO:   Eta: 1:05:01
2022-03-30 17:01:54,346:INFO: Train: [135][2784/2785]  Loss -0.1560 (-0.2872)  Time:  0.398 (0.011)  Data Time:  0.004 (0.004)
2022-03-30 17:01:54,347:INFO:   Eta: 0:56:50
2022-03-30 17:02:24,256:INFO: Train: [136][2784/2785]  Loss -0.2109 (-0.2786)  Time:  0.427 (0.011)  Data Time:  0.004 (0.004)
2022-03-30 17:02:24,257:INFO:   Eta: 0:56:47
2022-03-30 17:02:26,557:INFO: Test: [136]  ADE: 1.9661  FDE: 3.2636
2022-03-30 17:02:53,196:INFO: Train: [137][2784/2785]  Loss -0.1902 (-0.2897)  Time:  0.361 (0.010)  Data Time:  0.003 (0.003)
2022-03-30 17:02:53,196:INFO:   Eta: 0:50:08
2022-03-30 17:03:23,949:INFO: Train: [138][2784/2785]  Loss -0.1485 (-0.2747)  Time:  0.482 (0.011)  Data Time:  0.005 (0.004)
2022-03-30 17:03:23,949:INFO:   Eta: 0:57:22
2022-03-30 17:03:57,498:INFO: Train: [139][2784/2785]  Loss -0.2130 (-0.3016)  Time:  0.484 (0.012)  Data Time:  0.005 (0.005)
2022-03-30 17:03:57,499:INFO:   Eta: 1:02:01
2022-03-30 17:04:29,855:INFO: Train: [140][2784/2785]  Loss -0.2036 (-0.2821)  Time:  0.434 (0.012)  Data Time:  0.005 (0.004)
2022-03-30 17:04:29,856:INFO:   Eta: 0:59:16
2022-03-30 17:05:04,111:INFO: Train: [141][2784/2785]  Loss -0.2810 (-0.2910)  Time:  0.482 (0.012)  Data Time:  0.005 (0.005)
2022-03-30 17:05:04,112:INFO:   Eta: 1:02:11
2022-03-30 17:05:38,417:INFO: Train: [142][2784/2785]  Loss -0.1585 (-0.2862)  Time:  0.496 (0.012)  Data Time:  0.005 (0.005)
2022-03-30 17:05:38,418:INFO:   Eta: 1:01:42
2022-03-30 17:06:14,348:INFO: Train: [143][2784/2785]  Loss -0.2370 (-0.2809)  Time:  0.472 (0.013)  Data Time:  0.003 (0.004)
2022-03-30 17:06:14,350:INFO:   Eta: 1:04:01
2022-03-30 17:06:48,995:INFO: Train: [144][2784/2785]  Loss -0.2237 (-0.2398)  Time:  0.475 (0.012)  Data Time:  0.004 (0.005)
2022-03-30 17:06:48,996:INFO:   Eta: 1:01:09
2022-03-30 17:07:22,550:INFO: Train: [145][2784/2785]  Loss -0.1996 (-0.2637)  Time:  0.436 (0.012)  Data Time:  0.004 (0.004)
2022-03-30 17:07:22,552:INFO:   Eta: 0:58:41
2022-03-30 17:07:52,733:INFO: Train: [146][2784/2785]  Loss -0.2060 (-0.3065)  Time:  0.399 (0.011)  Data Time:  0.004 (0.004)
2022-03-30 17:07:52,735:INFO:   Eta: 0:52:16
2022-03-30 17:07:55,070:INFO: Test: [146]  ADE: 2.0408  FDE: 3.4410
2022-03-30 17:08:24,443:INFO: Train: [147][2784/2785]  Loss -0.0490 (-0.2935)  Time:  0.430 (0.011)  Data Time:  0.003 (0.003)
2022-03-30 17:08:24,444:INFO:   Eta: 0:50:23
2022-03-30 17:08:51,255:INFO: Train: [148][2784/2785]  Loss -0.1945 (-0.2784)  Time:  0.400 (0.010)  Data Time:  0.002 (0.003)
2022-03-30 17:08:51,257:INFO:   Eta: 0:45:32
2022-03-30 17:09:24,275:INFO: Train: [149][2784/2785]  Loss -0.1920 (-0.2709)  Time:  0.504 (0.012)  Data Time:  0.005 (0.004)
2022-03-30 17:09:24,277:INFO:   Eta: 0:55:32
2022-03-30 17:09:57,582:INFO: Train: [150][2784/2785]  Loss -0.1786 (-0.2482)  Time:  0.465 (0.012)  Data Time:  0.005 (0.004)
2022-03-30 17:09:57,583:INFO:   Eta: 0:55:27
2022-03-30 17:10:31,275:INFO: Train: [151][2784/2785]  Loss -0.1280 (-0.2869)  Time:  0.491 (0.012)  Data Time:  0.005 (0.004)
2022-03-30 17:10:31,276:INFO:   Eta: 0:55:33
2022-03-30 17:10:37,511:INFO: Valid: [151][659/660]  Loss -2.0538 (-1.1086)
2022-03-30 17:10:37,521:INFO: Checkpoint saved...
2022-03-30 17:11:12,003:INFO: Train: [152][2784/2785]  Loss -0.2571 (-0.2670)  Time:  0.494 (0.012)  Data Time:  0.005 (0.004)
2022-03-30 17:11:12,005:INFO:   Eta: 0:56:17
2022-03-30 17:11:18,170:INFO: Valid: [152][659/660]  Loss -2.0551 (-1.1094)
2022-03-30 17:11:18,191:INFO: Checkpoint saved...
2022-03-30 17:11:52,597:INFO: Train: [153][2784/2785]  Loss -0.1086 (-0.2876)  Time:  0.469 (0.012)  Data Time:  0.005 (0.004)
2022-03-30 17:11:52,599:INFO:   Eta: 0:55:35
2022-03-30 17:11:58,564:INFO: Valid: [153][659/660]  Loss -2.0637 (-1.1166)
2022-03-30 17:11:58,583:INFO: Checkpoint saved...
2022-03-30 17:12:32,879:INFO: Train: [154][2784/2785]  Loss -0.2128 (-0.2396)  Time:  0.495 (0.012)  Data Time:  0.005 (0.004)
2022-03-30 17:12:32,881:INFO:   Eta: 0:54:50
2022-03-30 17:12:38,496:INFO: Valid: [154][659/660]  Loss -2.0701 (-1.1209)
2022-03-30 17:12:38,507:INFO: Checkpoint saved...
2022-03-30 17:13:12,604:INFO: Train: [155][2784/2785]  Loss -0.2205 (-0.2770)  Time:  0.419 (0.012)  Data Time:  0.003 (0.004)
2022-03-30 17:13:12,605:INFO:   Eta: 0:53:57
2022-03-30 17:13:19,160:INFO: Valid: [155][659/660]  Loss -2.0668 (-1.1183)
2022-03-30 17:13:50,007:INFO: Train: [156][2784/2785]  Loss -0.2363 (-0.2946)  Time:  0.440 (0.011)  Data Time:  0.002 (0.003)
2022-03-30 17:13:50,008:INFO:   Eta: 0:48:17
2022-03-30 17:13:56,070:INFO: Valid: [156][659/660]  Loss -2.0596 (-1.1130)
2022-03-30 17:13:58,305:INFO: Test: [156]  ADE: 2.0560  FDE: 3.3717
2022-03-30 17:14:27,592:INFO: Train: [157][2784/2785]  Loss -0.1762 (-0.2705)  Time:  0.370 (0.011)  Data Time:  0.003 (0.003)
2022-03-30 17:14:27,593:INFO:   Eta: 0:45:22
2022-03-30 17:14:33,507:INFO: Valid: [157][659/660]  Loss -2.0734 (-1.1234)
2022-03-30 17:14:33,520:INFO: Checkpoint saved...
2022-03-30 17:15:01,066:INFO: Train: [158][2784/2785]  Loss -0.2418 (-0.3024)  Time:  0.393 (0.010)  Data Time:  0.004 (0.003)
2022-03-30 17:15:01,067:INFO:   Eta: 0:42:12
2022-03-30 17:15:06,865:INFO: Valid: [158][659/660]  Loss -2.0585 (-1.1133)
2022-03-30 17:15:40,105:INFO: Train: [159][2784/2785]  Loss -0.2486 (-0.2880)  Time:  0.421 (0.012)  Data Time:  0.003 (0.004)
2022-03-30 17:15:40,106:INFO:   Eta: 0:50:23
2022-03-30 17:15:46,189:INFO: Valid: [159][659/660]  Loss -2.0643 (-1.1173)
2022-03-30 17:16:20,613:INFO: Train: [160][2784/2785]  Loss -0.1624 (-0.2657)  Time:  0.445 (0.012)  Data Time:  0.004 (0.004)
2022-03-30 17:16:20,615:INFO:   Eta: 0:51:36
2022-03-30 17:16:26,528:INFO: Valid: [160][659/660]  Loss -2.0616 (-1.1153)
2022-03-30 17:17:00,613:INFO: Train: [161][2784/2785]  Loss -0.1865 (-0.2845)  Time:  0.462 (0.012)  Data Time:  0.004 (0.005)
2022-03-30 17:17:00,615:INFO:   Eta: 0:50:32
2022-03-30 17:17:07,133:INFO: Valid: [161][659/660]  Loss -2.0598 (-1.1138)
2022-03-30 17:17:40,979:INFO: Train: [162][2784/2785]  Loss -0.2702 (-0.2725)  Time:  0.449 (0.012)  Data Time:  0.004 (0.004)
2022-03-30 17:17:40,981:INFO:   Eta: 0:49:36
2022-03-30 17:17:47,066:INFO: Valid: [162][659/660]  Loss -2.0733 (-1.1237)
2022-03-30 17:18:20,947:INFO: Train: [163][2784/2785]  Loss -0.1621 (-0.2584)  Time:  0.478 (0.012)  Data Time:  0.004 (0.004)
2022-03-30 17:18:20,948:INFO:   Eta: 0:49:06
2022-03-30 17:18:27,257:INFO: Valid: [163][659/660]  Loss -2.0706 (-1.1214)
2022-03-30 17:19:01,575:INFO: Train: [164][2784/2785]  Loss -0.2038 (-0.2410)  Time:  0.431 (0.012)  Data Time:  0.004 (0.004)
2022-03-30 17:19:01,576:INFO:   Eta: 0:49:09
2022-03-30 17:19:07,842:INFO: Valid: [164][659/660]  Loss -2.0700 (-1.1211)
2022-03-30 17:19:41,341:INFO: Train: [165][2784/2785]  Loss -0.1551 (-0.2735)  Time:  0.412 (0.012)  Data Time:  0.003 (0.004)
2022-03-30 17:19:41,343:INFO:   Eta: 0:47:25
2022-03-30 17:19:47,230:INFO: Valid: [165][659/660]  Loss -2.0724 (-1.1226)
2022-03-30 17:20:16,670:INFO: Train: [166][2784/2785]  Loss -0.2608 (-0.2719)  Time:  0.393 (0.011)  Data Time:  0.004 (0.003)
2022-03-30 17:20:16,671:INFO:   Eta: 0:41:11
2022-03-30 17:20:22,484:INFO: Valid: [166][659/660]  Loss -2.0651 (-1.1176)
2022-03-30 17:20:24,855:INFO: Test: [166]  ADE: 2.0553  FDE: 3.4418
2022-03-30 17:20:55,940:INFO: Train: [167][2784/2785]  Loss -0.2561 (-0.2589)  Time:  0.421 (0.011)  Data Time:  0.002 (0.003)
2022-03-30 17:20:55,941:INFO:   Eta: 0:41:53
2022-03-30 17:21:02,489:INFO: Valid: [167][659/660]  Loss -2.0733 (-1.1243)
2022-03-30 17:21:30,369:INFO: Train: [168][2784/2785]  Loss -0.3232 (-0.2722)  Time:  0.480 (0.010)  Data Time:  0.005 (0.003)
2022-03-30 17:21:30,371:INFO:   Eta: 0:38:04
2022-03-30 17:21:36,560:INFO: Valid: [168][659/660]  Loss -2.0671 (-1.1202)
2022-03-30 17:22:11,178:INFO: Train: [169][2784/2785]  Loss -0.1891 (-0.2778)  Time:  0.470 (0.012)  Data Time:  0.004 (0.004)
2022-03-30 17:22:11,180:INFO:   Eta: 0:46:36
2022-03-30 17:22:17,121:INFO: Valid: [169][659/660]  Loss -2.0626 (-1.1162)
2022-03-30 17:22:51,246:INFO: Train: [170][2784/2785]  Loss -0.1583 (-0.2707)  Time:  0.457 (0.012)  Data Time:  0.004 (0.004)
2022-03-30 17:22:51,247:INFO:   Eta: 0:45:28
2022-03-30 17:22:57,491:INFO: Valid: [170][659/660]  Loss -2.0697 (-1.1212)
2022-03-30 17:23:30,297:INFO: Train: [171][2784/2785]  Loss -0.2962 (-0.2881)  Time:  0.474 (0.012)  Data Time:  0.005 (0.004)
2022-03-30 17:23:30,298:INFO:   Eta: 0:43:09
2022-03-30 17:23:36,382:INFO: Valid: [171][659/660]  Loss -2.0681 (-1.1201)
2022-03-30 17:24:10,525:INFO: Train: [172][2784/2785]  Loss -0.2218 (-0.2999)  Time:  0.485 (0.012)  Data Time:  0.004 (0.004)
2022-03-30 17:24:10,569:INFO:   Eta: 0:44:21
2022-03-30 17:24:16,655:INFO: Valid: [172][659/660]  Loss -2.0764 (-1.1263)
2022-03-30 17:24:16,675:INFO: Checkpoint saved...
2022-03-30 17:24:51,096:INFO: Train: [173][2784/2785]  Loss -0.1791 (-0.2784)  Time:  0.460 (0.012)  Data Time:  0.005 (0.004)
2022-03-30 17:24:51,097:INFO:   Eta: 0:44:08
2022-03-30 17:24:57,435:INFO: Valid: [173][659/660]  Loss -2.0740 (-1.1244)
2022-03-30 17:25:31,362:INFO: Train: [174][2784/2785]  Loss -0.1842 (-0.2702)  Time:  0.514 (0.012)  Data Time:  0.003 (0.004)
2022-03-30 17:25:31,369:INFO:   Eta: 0:42:57
2022-03-30 17:25:37,565:INFO: Valid: [174][659/660]  Loss -2.0577 (-1.1138)
2022-03-30 17:26:11,383:INFO: Train: [175][2784/2785]  Loss -0.2168 (-0.2976)  Time:  0.513 (0.012)  Data Time:  0.005 (0.004)
2022-03-30 17:26:11,384:INFO:   Eta: 0:42:14
2022-03-30 17:26:17,540:INFO: Valid: [175][659/660]  Loss -2.0640 (-1.1185)
2022-03-30 17:26:48,570:INFO: Train: [176][2784/2785]  Loss -0.1585 (-0.2878)  Time:  0.368 (0.011)  Data Time:  0.003 (0.004)
2022-03-30 17:26:48,572:INFO:   Eta: 0:38:14
2022-03-30 17:26:54,734:INFO: Valid: [176][659/660]  Loss -2.0528 (-1.1101)
2022-03-30 17:26:56,917:INFO: Test: [176]  ADE: 2.0189  FDE: 3.3595
2022-03-30 17:27:21,914:INFO: Train: [177][2784/2785]  Loss -0.2501 (-0.2700)  Time:  0.379 (0.009)  Data Time:  0.003 (0.002)
2022-03-30 17:27:21,915:INFO:   Eta: 0:30:23
2022-03-30 17:27:28,026:INFO: Valid: [177][659/660]  Loss -2.0633 (-1.1176)
2022-03-30 17:27:57,462:INFO: Train: [178][2784/2785]  Loss -0.2506 (-0.2654)  Time:  0.478 (0.011)  Data Time:  0.002 (0.004)
2022-03-30 17:27:57,463:INFO:   Eta: 0:35:18
2022-03-30 17:28:03,991:INFO: Valid: [178][659/660]  Loss -2.0519 (-1.1095)
2022-03-30 17:28:39,675:INFO: Train: [179][2784/2785]  Loss -0.2039 (-0.2647)  Time:  0.490 (0.013)  Data Time:  0.004 (0.004)
2022-03-30 17:28:39,677:INFO:   Eta: 0:42:12
2022-03-30 17:28:46,284:INFO: Valid: [179][659/660]  Loss -2.0711 (-1.1241)
2022-03-30 17:29:21,276:INFO: Train: [180][2784/2785]  Loss -0.3386 (-0.3097)  Time:  0.503 (0.013)  Data Time:  0.005 (0.005)
2022-03-30 17:29:21,278:INFO:   Eta: 0:40:47
2022-03-30 17:29:27,762:INFO: Valid: [180][659/660]  Loss -2.0654 (-1.1201)
2022-03-30 17:30:02,110:INFO: Train: [181][2784/2785]  Loss -0.1744 (-0.2814)  Time:  0.452 (0.012)  Data Time:  0.004 (0.004)
2022-03-30 17:30:02,114:INFO:   Eta: 0:39:25
2022-03-30 17:30:08,382:INFO: Valid: [181][659/660]  Loss -2.0661 (-1.1195)
2022-03-30 17:30:43,526:INFO: Train: [182][2784/2785]  Loss -0.2837 (-0.2627)  Time:  0.490 (0.013)  Data Time:  0.004 (0.004)
2022-03-30 17:30:43,535:INFO:   Eta: 0:39:47
2022-03-30 17:30:50,018:INFO: Valid: [182][659/660]  Loss -2.0625 (-1.1167)
2022-03-30 17:31:25,374:INFO: Train: [183][2784/2785]  Loss -0.1875 (-0.3221)  Time:  0.482 (0.013)  Data Time:  0.004 (0.004)
2022-03-30 17:31:25,375:INFO:   Eta: 0:39:27
2022-03-30 17:31:31,960:INFO: Valid: [183][659/660]  Loss -2.0570 (-1.1119)
2022-03-30 17:32:06,954:INFO: Train: [184][2784/2785]  Loss -0.1079 (-0.3011)  Time:  0.496 (0.013)  Data Time:  0.005 (0.004)
2022-03-30 17:32:06,956:INFO:   Eta: 0:38:28
2022-03-30 17:32:13,337:INFO: Valid: [184][659/660]  Loss -2.0598 (-1.1136)
2022-03-30 17:32:48,344:INFO: Train: [185][2784/2785]  Loss -0.2933 (-0.2574)  Time:  0.449 (0.013)  Data Time:  0.004 (0.004)
2022-03-30 17:32:48,346:INFO:   Eta: 0:37:54
2022-03-30 17:32:54,704:INFO: Valid: [185][659/660]  Loss -2.0768 (-1.1262)
2022-03-30 17:32:54,715:INFO: Checkpoint saved...
2022-03-30 17:33:24,382:INFO: Train: [186][2784/2785]  Loss -0.2892 (-0.3092)  Time:  0.444 (0.011)  Data Time:  0.004 (0.003)
2022-03-30 17:33:24,384:INFO:   Eta: 0:31:37
2022-03-30 17:33:30,375:INFO: Valid: [186][659/660]  Loss -2.0538 (-1.1101)
2022-03-30 17:33:32,685:INFO: Test: [186]  ADE: 2.0116  FDE: 3.3730
2022-03-30 17:34:03,291:INFO: Train: [187][2784/2785]  Loss -0.2339 (-0.2469)  Time:  0.423 (0.011)  Data Time:  0.004 (0.003)
2022-03-30 17:34:03,292:INFO:   Eta: 0:32:07
2022-03-30 17:34:09,468:INFO: Valid: [187][659/660]  Loss -2.0636 (-1.1164)
2022-03-30 17:34:40,381:INFO: Train: [188][2784/2785]  Loss -0.3154 (-0.2633)  Time:  0.477 (0.011)  Data Time:  0.003 (0.003)
2022-03-30 17:34:40,382:INFO:   Eta: 0:31:55
2022-03-30 17:34:46,817:INFO: Valid: [188][659/660]  Loss -2.0673 (-1.1191)
2022-03-30 17:35:18,818:INFO: Train: [189][2784/2785]  Loss -0.2217 (-0.3111)  Time:  0.461 (0.011)  Data Time:  0.005 (0.004)
2022-03-30 17:35:18,819:INFO:   Eta: 0:32:30
2022-03-30 17:35:24,736:INFO: Valid: [189][659/660]  Loss -2.0671 (-1.1194)
2022-03-30 17:36:01,041:INFO: Train: [190][2784/2785]  Loss -0.2788 (-0.2720)  Time:  0.511 (0.013)  Data Time:  0.005 (0.004)
2022-03-30 17:36:01,042:INFO:   Eta: 0:36:15
2022-03-30 17:36:07,412:INFO: Valid: [190][659/660]  Loss -2.0687 (-1.1206)
2022-03-30 17:36:41,276:INFO: Train: [191][2784/2785]  Loss -0.2116 (-0.2868)  Time:  0.480 (0.012)  Data Time:  0.004 (0.004)
2022-03-30 17:36:41,277:INFO:   Eta: 0:33:16
2022-03-30 17:36:47,447:INFO: Valid: [191][659/660]  Loss -2.0709 (-1.1230)
2022-03-30 17:37:22,546:INFO: Train: [192][2784/2785]  Loss -0.1676 (-0.2527)  Time:  0.522 (0.013)  Data Time:  0.004 (0.004)
2022-03-30 17:37:22,547:INFO:   Eta: 0:33:54
2022-03-30 17:37:28,890:INFO: Valid: [192][659/660]  Loss -2.0780 (-1.1279)
2022-03-30 17:37:28,900:INFO: Checkpoint saved...
2022-03-30 17:38:03,694:INFO: Train: [193][2784/2785]  Loss -0.2475 (-0.2868)  Time:  0.459 (0.012)  Data Time:  0.004 (0.004)
2022-03-30 17:38:03,695:INFO:   Eta: 0:33:02
2022-03-30 17:38:10,148:INFO: Valid: [193][659/660]  Loss -2.0691 (-1.1210)
2022-03-30 17:38:44,637:INFO: Train: [194][2784/2785]  Loss -0.3479 (-0.2718)  Time:  0.446 (0.012)  Data Time:  0.005 (0.004)
2022-03-30 17:38:44,639:INFO:   Eta: 0:32:10
2022-03-30 17:38:50,883:INFO: Valid: [194][659/660]  Loss -2.0709 (-1.1224)
2022-03-30 17:39:20,406:INFO: Train: [195][2784/2785]  Loss -0.1286 (-0.2984)  Time:  0.470 (0.011)  Data Time:  0.004 (0.003)
2022-03-30 17:39:20,407:INFO:   Eta: 0:27:02
2022-03-30 17:39:26,821:INFO: Valid: [195][659/660]  Loss -2.0624 (-1.1163)
2022-03-30 17:40:01,862:INFO: Train: [196][2784/2785]  Loss -0.2787 (-0.2602)  Time:  0.486 (0.013)  Data Time:  0.005 (0.005)
2022-03-30 17:40:01,863:INFO:   Eta: 0:31:30
2022-03-30 17:40:08,030:INFO: Valid: [196][659/660]  Loss -2.0654 (-1.1180)
2022-03-30 17:40:10,445:INFO: Test: [196]  ADE: 1.9989  FDE: 3.3669
2022-03-30 17:40:41,626:INFO: Train: [197][2784/2785]  Loss -0.2291 (-0.3053)  Time:  0.421 (0.011)  Data Time:  0.004 (0.004)
2022-03-30 17:40:41,628:INFO:   Eta: 0:27:31
2022-03-30 17:40:47,942:INFO: Valid: [197][659/660]  Loss -2.0791 (-1.1283)
2022-03-30 17:40:47,966:INFO: Checkpoint saved...
2022-03-30 17:41:18,713:INFO: Train: [198][2784/2785]  Loss -0.1969 (-0.2942)  Time:  0.398 (0.011)  Data Time:  0.003 (0.003)
2022-03-30 17:41:18,714:INFO:   Eta: 0:26:37
2022-03-30 17:41:24,588:INFO: Valid: [198][659/660]  Loss -2.0527 (-1.1099)
2022-03-30 17:41:55,696:INFO: Train: [199][2784/2785]  Loss -0.2737 (-0.2580)  Time:  0.449 (0.011)  Data Time:  0.004 (0.003)
2022-03-30 17:41:55,698:INFO:   Eta: 0:26:25
2022-03-30 17:42:01,887:INFO: Valid: [199][659/660]  Loss -2.0630 (-1.1179)
2022-03-30 17:42:36,721:INFO: Train: [200][2784/2785]  Loss -0.2821 (-0.2766)  Time:  0.491 (0.013)  Data Time:  0.004 (0.004)
2022-03-30 17:42:36,722:INFO:   Eta: 0:29:00
2022-03-30 17:42:42,659:INFO: Valid: [200][659/660]  Loss -2.0723 (-1.1241)
2022-03-30 17:43:15,915:INFO: Train: [201][2784/2785]  Loss -0.2256 (-0.2890)  Time:  0.476 (0.012)  Data Time:  0.004 (0.004)
2022-03-30 17:43:15,916:INFO:   Eta: 0:27:08
2022-03-30 17:43:22,191:INFO: Valid: [201][659/660]  Loss -2.0634 (-1.1168)
2022-03-30 17:43:57,726:INFO: Train: [202][2784/2785]  Loss -0.1859 (-0.3050)  Time:  0.480 (0.013)  Data Time:  0.004 (0.004)
2022-03-30 17:43:57,728:INFO:   Eta: 0:28:24
2022-03-30 17:44:03,943:INFO: Valid: [202][659/660]  Loss -2.0660 (-1.1187)
2022-03-30 17:44:37,884:INFO: Train: [203][2784/2785]  Loss -0.2820 (-0.2620)  Time:  0.428 (0.012)  Data Time:  0.003 (0.004)
2022-03-30 17:44:37,885:INFO:   Eta: 0:26:34
2022-03-30 17:44:43,972:INFO: Valid: [203][659/660]  Loss -2.0692 (-1.1212)
2022-03-30 17:45:13,640:INFO: Train: [204][2784/2785]  Loss -0.1739 (-0.2967)  Time:  0.437 (0.011)  Data Time:  0.004 (0.003)
2022-03-30 17:45:13,641:INFO:   Eta: 0:22:43
2022-03-30 17:45:19,611:INFO: Valid: [204][659/660]  Loss -2.0748 (-1.1255)
2022-03-30 17:45:54,058:INFO: Train: [205][2784/2785]  Loss -0.2506 (-0.3040)  Time:  0.497 (0.012)  Data Time:  0.006 (0.004)
2022-03-30 17:45:54,060:INFO:   Eta: 0:25:49
2022-03-30 17:46:00,012:INFO: Valid: [205][659/660]  Loss -2.0710 (-1.1226)
2022-03-30 17:46:34,495:INFO: Train: [206][2784/2785]  Loss -0.1987 (-0.2432)  Time:  0.444 (0.012)  Data Time:  0.002 (0.005)
2022-03-30 17:46:34,497:INFO:   Eta: 0:25:16
2022-03-30 17:46:40,848:INFO: Valid: [206][659/660]  Loss -2.0643 (-1.1183)
2022-03-30 17:46:43,286:INFO: Test: [206]  ADE: 2.0288  FDE: 3.4105
2022-03-30 17:47:16,405:INFO: Train: [207][2784/2785]  Loss -0.2579 (-0.2942)  Time:  0.444 (0.012)  Data Time:  0.002 (0.004)
2022-03-30 17:47:16,406:INFO:   Eta: 0:23:42
2022-03-30 17:47:22,191:INFO: Valid: [207][659/660]  Loss -2.0778 (-1.1277)
2022-03-30 17:47:52,384:INFO: Train: [208][2784/2785]  Loss -0.2534 (-0.2869)  Time:  0.452 (0.011)  Data Time:  0.003 (0.003)
2022-03-30 17:47:52,385:INFO:   Eta: 0:21:07
2022-03-30 17:47:58,147:INFO: Valid: [208][659/660]  Loss -2.0671 (-1.1195)
2022-03-30 17:48:28,397:INFO: Train: [209][2784/2785]  Loss -0.2346 (-0.2623)  Time:  0.417 (0.011)  Data Time:  0.004 (0.003)
2022-03-30 17:48:28,399:INFO:   Eta: 0:20:39
2022-03-30 17:48:34,464:INFO: Valid: [209][659/660]  Loss -2.0709 (-1.1225)
2022-03-30 17:49:07,360:INFO: Train: [210][2784/2785]  Loss -0.2997 (-0.2635)  Time:  0.498 (0.012)  Data Time:  0.003 (0.004)
2022-03-30 17:49:07,362:INFO:   Eta: 0:21:55
2022-03-30 17:49:13,579:INFO: Valid: [210][659/660]  Loss -2.0694 (-1.1213)
2022-03-30 17:49:46,956:INFO: Train: [211][2784/2785]  Loss -0.2837 (-0.3024)  Time:  0.511 (0.012)  Data Time:  0.005 (0.004)
2022-03-30 17:49:46,957:INFO:   Eta: 0:21:40
2022-03-30 17:49:53,019:INFO: Valid: [211][659/660]  Loss -2.0717 (-1.1221)
2022-03-30 17:50:25,436:INFO: Train: [212][2784/2785]  Loss -0.2287 (-0.2885)  Time:  0.413 (0.012)  Data Time:  0.004 (0.004)
2022-03-30 17:50:25,437:INFO:   Eta: 0:20:31
2022-03-30 17:50:31,244:INFO: Valid: [212][659/660]  Loss -2.0663 (-1.1186)
2022-03-30 17:51:04,376:INFO: Train: [213][2784/2785]  Loss -0.1482 (-0.2476)  Time:  0.496 (0.012)  Data Time:  0.004 (0.004)
2022-03-30 17:51:04,378:INFO:   Eta: 0:20:24
2022-03-30 17:51:11,032:INFO: Valid: [213][659/660]  Loss -2.0640 (-1.1167)
2022-03-30 17:51:45,552:INFO: Train: [214][2784/2785]  Loss -0.1588 (-0.2971)  Time:  0.486 (0.012)  Data Time:  0.004 (0.005)
2022-03-30 17:51:45,554:INFO:   Eta: 0:20:41
2022-03-30 17:51:51,649:INFO: Valid: [214][659/660]  Loss -2.0755 (-1.1251)
2022-03-30 17:52:25,979:INFO: Train: [215][2784/2785]  Loss -0.2477 (-0.2855)  Time:  0.500 (0.012)  Data Time:  0.004 (0.004)
2022-03-30 17:52:25,980:INFO:   Eta: 0:20:00
2022-03-30 17:52:32,236:INFO: Valid: [215][659/660]  Loss -2.0713 (-1.1224)
2022-03-30 17:53:06,542:INFO: Train: [216][2784/2785]  Loss -0.1928 (-0.2853)  Time:  0.484 (0.012)  Data Time:  0.005 (0.004)
2022-03-30 17:53:06,544:INFO:   Eta: 0:19:25
2022-03-30 17:53:12,734:INFO: Valid: [216][659/660]  Loss -2.0606 (-1.1154)
2022-03-30 17:53:15,154:INFO: Test: [216]  ADE: 2.0291  FDE: 3.4055
2022-03-30 17:53:49,898:INFO: Train: [217][2784/2785]  Loss -0.2927 (-0.2727)  Time:  0.468 (0.012)  Data Time:  0.004 (0.005)
2022-03-30 17:53:49,899:INFO:   Eta: 0:19:06
2022-03-30 17:53:56,130:INFO: Valid: [217][659/660]  Loss -2.0699 (-1.1222)
2022-03-30 17:54:26,361:INFO: Train: [218][2784/2785]  Loss -0.1895 (-0.2985)  Time:  0.422 (0.011)  Data Time:  0.003 (0.003)
2022-03-30 17:54:26,362:INFO:   Eta: 0:16:06
2022-03-30 17:54:32,500:INFO: Valid: [218][659/660]  Loss -2.0689 (-1.1213)
2022-03-30 17:55:02,676:INFO: Train: [219][2784/2785]  Loss -0.2756 (-0.2622)  Time:  0.452 (0.011)  Data Time:  0.006 (0.003)
2022-03-30 17:55:02,677:INFO:   Eta: 0:15:34
2022-03-30 17:55:08,778:INFO: Valid: [219][659/660]  Loss -2.0757 (-1.1256)
2022-03-30 17:55:39,637:INFO: Train: [220][2784/2785]  Loss -0.2886 (-0.2591)  Time:  0.454 (0.011)  Data Time:  0.003 (0.004)
2022-03-30 17:55:39,639:INFO:   Eta: 0:15:25
2022-03-30 17:55:45,884:INFO: Valid: [220][659/660]  Loss -2.0710 (-1.1226)
2022-03-30 17:56:17,827:INFO: Train: [221][2784/2785]  Loss -0.1614 (-0.2496)  Time:  0.441 (0.011)  Data Time:  0.002 (0.004)
2022-03-30 17:56:17,828:INFO:   Eta: 0:15:25
2022-03-30 17:56:23,876:INFO: Valid: [221][659/660]  Loss -2.0632 (-1.1161)
2022-03-30 17:56:56,260:INFO: Train: [222][2784/2785]  Loss -0.2331 (-0.3039)  Time:  0.540 (0.012)  Data Time:  0.003 (0.004)
2022-03-30 17:56:56,261:INFO:   Eta: 0:15:06
2022-03-30 17:57:02,416:INFO: Valid: [222][659/660]  Loss -2.0441 (-1.1032)
2022-03-30 17:57:36,492:INFO: Train: [223][2784/2785]  Loss -0.1316 (-0.2829)  Time:  0.519 (0.012)  Data Time:  0.005 (0.004)
2022-03-30 17:57:36,494:INFO:   Eta: 0:15:19
2022-03-30 17:57:42,931:INFO: Valid: [223][659/660]  Loss -2.0679 (-1.1202)
2022-03-30 17:58:17,742:INFO: Train: [224][2784/2785]  Loss -0.1571 (-0.3096)  Time:  0.459 (0.012)  Data Time:  0.004 (0.005)
2022-03-30 17:58:17,743:INFO:   Eta: 0:15:04
2022-03-30 17:58:23,751:INFO: Valid: [224][659/660]  Loss -2.0687 (-1.1205)
2022-03-30 17:58:55,745:INFO: Train: [225][2784/2785]  Loss -0.1610 (-0.2862)  Time:  0.417 (0.011)  Data Time:  0.003 (0.003)
2022-03-30 17:58:55,746:INFO:   Eta: 0:13:19
2022-03-30 17:59:02,097:INFO: Valid: [225][659/660]  Loss -2.0783 (-1.1274)
2022-03-30 17:59:31,807:INFO: Train: [226][2784/2785]  Loss -0.2111 (-0.2958)  Time:  0.390 (0.011)  Data Time:  0.003 (0.003)
2022-03-30 17:59:31,808:INFO:   Eta: 0:11:52
2022-03-30 17:59:38,017:INFO: Valid: [226][659/660]  Loss -2.0636 (-1.1169)
2022-03-30 17:59:40,245:INFO: Test: [226]  ADE: 2.0382  FDE: 3.4185
2022-03-30 18:00:09,897:INFO: Train: [227][2784/2785]  Loss -0.2145 (-0.2836)  Time:  0.403 (0.011)  Data Time:  0.003 (0.003)
2022-03-30 18:00:09,898:INFO:   Eta: 0:11:21
2022-03-30 18:00:16,056:INFO: Valid: [227][659/660]  Loss -2.0764 (-1.1261)
2022-03-30 18:00:43,704:INFO: Train: [228][2784/2785]  Loss -0.1780 (-0.2511)  Time:  0.381 (0.010)  Data Time:  0.002 (0.003)
2022-03-30 18:00:43,706:INFO:   Eta: 0:10:07
2022-03-30 18:00:49,809:INFO: Valid: [228][659/660]  Loss -2.0754 (-1.1248)
2022-03-30 18:01:15,450:INFO: Train: [229][2784/2785]  Loss -0.2386 (-0.2791)  Time:  0.337 (0.009)  Data Time:  0.001 (0.002)
2022-03-30 18:01:15,453:INFO:   Eta: 0:08:58
2022-03-30 18:01:21,473:INFO: Valid: [229][659/660]  Loss -2.0727 (-1.1231)
2022-03-30 18:01:45,299:INFO: Train: [230][2784/2785]  Loss -0.2029 (-0.2863)  Time:  0.345 (0.009)  Data Time:  0.001 (0.002)
2022-03-30 18:01:45,301:INFO:   Eta: 0:07:55
2022-03-30 18:01:50,863:INFO: Valid: [230][659/660]  Loss -2.0727 (-1.1231)
2022-03-30 18:02:18,768:INFO: Train: [231][2784/2785]  Loss -0.2471 (-0.2324)  Time:  0.418 (0.010)  Data Time:  0.003 (0.003)
2022-03-30 18:02:18,769:INFO:   Eta: 0:08:49
2022-03-30 18:02:24,928:INFO: Valid: [231][659/660]  Loss -2.0741 (-1.1239)
2022-03-30 18:02:54,665:INFO: Train: [232][2784/2785]  Loss -0.2171 (-0.2771)  Time:  0.396 (0.011)  Data Time:  0.004 (0.003)
2022-03-30 18:02:54,667:INFO:   Eta: 0:08:54
2022-03-30 18:03:00,936:INFO: Valid: [232][659/660]  Loss -2.0749 (-1.1240)
2022-03-30 18:03:28,262:INFO: Train: [233][2784/2785]  Loss -0.1820 (-0.2898)  Time:  0.353 (0.010)  Data Time:  0.002 (0.003)
2022-03-30 18:03:28,262:INFO:   Eta: 0:07:44
2022-03-30 18:03:34,439:INFO: Valid: [233][659/660]  Loss -2.0671 (-1.1187)
2022-03-30 18:04:00,078:INFO: Train: [234][2784/2785]  Loss -0.2662 (-0.2743)  Time:  0.357 (0.009)  Data Time:  0.003 (0.002)
2022-03-30 18:04:00,080:INFO:   Eta: 0:06:49
2022-03-30 18:04:06,240:INFO: Valid: [234][659/660]  Loss -2.0724 (-1.1228)
2022-03-30 18:04:31,674:INFO: Train: [235][2784/2785]  Loss -0.2223 (-0.2667)  Time:  0.357 (0.009)  Data Time:  0.003 (0.002)
2022-03-30 18:04:31,675:INFO:   Eta: 0:06:21
2022-03-30 18:04:37,756:INFO: Valid: [235][659/660]  Loss -2.0682 (-1.1205)
2022-03-30 18:05:03,353:INFO: Train: [236][2784/2785]  Loss -0.1296 (-0.2650)  Time:  0.399 (0.009)  Data Time:  0.002 (0.002)
2022-03-30 18:05:03,354:INFO:   Eta: 0:05:58
2022-03-30 18:05:09,301:INFO: Valid: [236][659/660]  Loss -2.0781 (-1.1280)
2022-03-30 18:05:11,443:INFO: Test: [236]  ADE: 2.0222  FDE: 3.4282
2022-03-30 18:05:36,182:INFO: Train: [237][2784/2785]  Loss -0.0812 (-0.2620)  Time:  0.357 (0.009)  Data Time:  0.003 (0.003)
2022-03-30 18:05:36,271:INFO:   Eta: 0:05:21
2022-03-30 18:05:42,379:INFO: Valid: [237][659/660]  Loss -2.0746 (-1.1253)
2022-03-30 18:06:10,313:INFO: Train: [238][2784/2785]  Loss -0.2653 (-0.2973)  Time:  0.371 (0.010)  Data Time:  0.003 (0.002)
2022-03-30 18:06:10,314:INFO:   Eta: 0:05:34
2022-03-30 18:06:16,294:INFO: Valid: [238][659/660]  Loss -2.0715 (-1.1227)
2022-03-30 18:06:39,054:INFO: Train: [239][2784/2785]  Loss -0.0203 (-0.2581)  Time:  0.348 (0.008)  Data Time:  0.002 (0.001)
2022-03-30 18:06:39,055:INFO:   Eta: 0:04:10
2022-03-30 18:06:44,896:INFO: Valid: [239][659/660]  Loss -2.0502 (-1.1077)
2022-03-30 18:07:07,814:INFO: Train: [240][2784/2785]  Loss -0.2224 (-0.2701)  Time:  0.350 (0.008)  Data Time:  0.001 (0.001)
2022-03-30 18:07:07,815:INFO:   Eta: 0:03:48
2022-03-30 18:07:13,665:INFO: Valid: [240][659/660]  Loss -2.0567 (-1.1119)
2022-03-30 18:07:36,758:INFO: Train: [241][2784/2785]  Loss -0.2612 (-0.2852)  Time:  0.358 (0.008)  Data Time:  0.002 (0.001)
2022-03-30 18:07:36,759:INFO:   Eta: 0:03:27
2022-03-30 18:07:42,624:INFO: Valid: [241][659/660]  Loss -2.0777 (-1.1268)
2022-03-30 18:08:04,232:INFO: Train: [242][2784/2785]  Loss -0.1434 (-0.2590)  Time:  0.421 (0.008)  Data Time:  0.002 (0.001)
2022-03-30 18:08:04,238:INFO:   Eta: 0:02:52
2022-03-30 18:08:10,444:INFO: Valid: [242][659/660]  Loss -2.0754 (-1.1254)
2022-03-30 18:08:35,278:INFO: Train: [243][2784/2785]  Loss -0.1658 (-0.2895)  Time:  0.347 (0.009)  Data Time:  0.003 (0.002)
2022-03-30 18:08:35,279:INFO:   Eta: 0:02:53
2022-03-30 18:08:40,966:INFO: Valid: [243][659/660]  Loss -2.0697 (-1.1215)
2022-03-30 18:09:06,579:INFO: Train: [244][2784/2785]  Loss -0.2256 (-0.2938)  Time:  0.350 (0.009)  Data Time:  0.002 (0.002)
2022-03-30 18:09:06,580:INFO:   Eta: 0:02:33
2022-03-30 18:09:12,444:INFO: Valid: [244][659/660]  Loss -2.0682 (-1.1209)
2022-03-30 18:09:38,515:INFO: Train: [245][2784/2785]  Loss -0.1571 (-0.2524)  Time:  0.366 (0.009)  Data Time:  0.001 (0.002)
2022-03-30 18:09:38,516:INFO:   Eta: 0:02:10
2022-03-30 18:09:44,514:INFO: Valid: [245][659/660]  Loss -2.0621 (-1.1168)
2022-03-30 18:10:09,953:INFO: Train: [246][2784/2785]  Loss -0.2022 (-0.3008)  Time:  0.346 (0.009)  Data Time:  0.002 (0.002)
2022-03-30 18:10:09,954:INFO:   Eta: 0:01:41
2022-03-30 18:10:15,926:INFO: Valid: [246][659/660]  Loss -2.0716 (-1.1237)
2022-03-30 18:10:17,959:INFO: Test: [246]  ADE: 2.0259  FDE: 3.3835
2022-03-30 18:10:43,453:INFO: Train: [247][2784/2785]  Loss -0.2567 (-0.2900)  Time:  0.374 (0.009)  Data Time:  0.002 (0.002)
2022-03-30 18:10:43,455:INFO:   Eta: 0:01:16
2022-03-30 18:10:49,263:INFO: Valid: [247][659/660]  Loss -2.0521 (-1.1087)
2022-03-30 18:11:14,951:INFO: Train: [248][2784/2785]  Loss -0.2501 (-0.2752)  Time:  0.347 (0.009)  Data Time:  0.003 (0.002)
2022-03-30 18:11:14,952:INFO:   Eta: 0:00:51
2022-03-30 18:11:20,783:INFO: Valid: [248][659/660]  Loss -2.0800 (-1.1288)
2022-03-30 18:11:20,799:INFO: Checkpoint saved...
2022-03-30 18:11:46,296:INFO: Train: [249][2784/2785]  Loss -0.2546 (-0.2621)  Time:  0.347 (0.009)  Data Time:  0.002 (0.002)
2022-03-30 18:11:46,297:INFO:   Eta: 0:00:25
2022-03-30 18:11:52,321:INFO: Valid: [249][659/660]  Loss -2.0659 (-1.1182)
