2022-04-27 08:27:06,858:INFO: act=nn.Sigmoid
2022-04-27 08:27:06,858:INFO: batch_size=128
2022-04-27 08:27:06,858:INFO: clip_grad=None
2022-04-27 08:27:06,858:INFO: dataset=zara2
2022-04-27 08:27:06,858:INFO: dict_kernel_size=3
2022-04-27 08:27:06,858:INFO: drop=0.0
2022-04-27 08:27:06,859:INFO: gpu_num=None
2022-04-27 08:27:06,859:INFO: init=kmeans-32
2022-04-27 08:27:06,859:INFO: input_size=2
2022-04-27 08:27:06,859:INFO: kernel_size=3
2022-04-27 08:27:06,859:INFO: log_dir=./runs/29-3.32315
2022-04-27 08:27:06,859:INFO: lr=0.01
2022-04-27 08:27:06,859:INFO: lr_sh_rate=150
2022-04-27 08:27:06,859:INFO: model=social_stgcnn29
2022-04-27 08:27:06,859:INFO: n_stgcnn=1
2022-04-27 08:27:06,859:INFO: n_txpcnn=5
2022-04-27 08:27:06,859:INFO: name=29-3.32315
2022-04-27 08:27:06,859:INFO: num_epochs=250
2022-04-27 08:27:06,859:INFO: obs_seq_len=8
2022-04-27 08:27:06,859:INFO: output_size=5
2022-04-27 08:27:06,859:INFO: pred_seq_len=12
2022-04-27 08:27:06,859:INFO: seed=32315
2022-04-27 08:27:06,859:INFO: tag=zara2
2022-04-27 08:27:06,860:INFO: use_lrschd=True
2022-04-27 08:27:06,860:INFO: ******************************
2022-04-27 08:27:06,860:INFO: Training initiating....
2022-04-27 08:27:06,860:INFO: Namespace(act='nn.Sigmoid', batch_size=128, clip_grad=None, dataset='zara2', dict_kernel_size=3, drop=0.0, gpu_num=None, init='kmeans-32', input_size=2, kernel_size=3, log_dir='./runs/29-3.32315', lr=0.01, lr_sh_rate=150, model='social_stgcnn29', n_stgcnn=1, n_txpcnn=5, name='29-3.32315', num_epochs=250, obs_seq_len=8, output_size=5, pred_seq_len=12, seed=32315, tag='zara2', use_lrschd=True)
2022-04-27 08:27:06,865:INFO: Initializing train dataset
2022-04-27 08:27:15,627:INFO: Initializing val dataset
2022-04-27 08:27:23,305:INFO: social_stgcnn29
2022-04-27 08:27:23,306:INFO: Data and model loaded
2022-04-27 08:27:23,306:INFO: Checkpoint dir: ./runs/29-3.32315/zara2/checkpoint
2022-04-27 08:27:23,306:INFO: Training started ...
2022-04-27 08:45:42,677:INFO: act=nn.Sigmoid
2022-04-27 08:45:42,677:INFO: batch_size=128
2022-04-27 08:45:42,677:INFO: clip_grad=None
2022-04-27 08:45:42,677:INFO: dataset=zara2
2022-04-27 08:45:42,677:INFO: dict_kernel_size=3
2022-04-27 08:45:42,677:INFO: drop=0.0
2022-04-27 08:45:42,677:INFO: gpu_num=None
2022-04-27 08:45:42,677:INFO: init=kmeans-32
2022-04-27 08:45:42,677:INFO: input_size=2
2022-04-27 08:45:42,677:INFO: kernel_size=3
2022-04-27 08:45:42,678:INFO: log_dir=./runs/29-3.32315
2022-04-27 08:45:42,678:INFO: lr=0.01
2022-04-27 08:45:42,678:INFO: lr_sh_rate=150
2022-04-27 08:45:42,678:INFO: model=social_stgcnn29
2022-04-27 08:45:42,678:INFO: n_stgcnn=1
2022-04-27 08:45:42,678:INFO: n_txpcnn=5
2022-04-27 08:45:42,678:INFO: name=29-3.32315
2022-04-27 08:45:42,678:INFO: num_epochs=250
2022-04-27 08:45:42,678:INFO: obs_seq_len=8
2022-04-27 08:45:42,678:INFO: output_size=5
2022-04-27 08:45:42,678:INFO: pred_seq_len=12
2022-04-27 08:45:42,678:INFO: seed=32315
2022-04-27 08:45:42,678:INFO: tag=zara2
2022-04-27 08:45:42,679:INFO: use_lrschd=True
2022-04-27 08:45:42,679:INFO: ******************************
2022-04-27 08:45:42,679:INFO: Training initiating....
2022-04-27 08:45:42,679:INFO: Namespace(act='nn.Sigmoid', batch_size=128, clip_grad=None, dataset='zara2', dict_kernel_size=3, drop=0.0, gpu_num=None, init='kmeans-32', input_size=2, kernel_size=3, log_dir='./runs/29-3.32315', lr=0.01, lr_sh_rate=150, model='social_stgcnn29', n_stgcnn=1, n_txpcnn=5, name='29-3.32315', num_epochs=250, obs_seq_len=8, output_size=5, pred_seq_len=12, seed=32315, tag='zara2', use_lrschd=True)
2022-04-27 08:45:42,687:INFO: Initializing train dataset
2022-04-27 08:46:03,013:INFO: Initializing val dataset
2022-04-27 08:46:14,934:INFO: social_stgcnn29
2022-04-27 08:46:14,944:INFO: Data and model loaded
2022-04-27 08:46:14,945:INFO: Checkpoint dir: ./runs/29-3.32315/zara2/checkpoint
2022-04-27 08:46:14,945:INFO: Training started ...
2022-04-27 14:43:02,211:INFO: act=nn.Sigmoid
2022-04-27 14:43:02,211:INFO: batch_size=128
2022-04-27 14:43:02,211:INFO: clip_grad=None
2022-04-27 14:43:02,212:INFO: dataset=zara2
2022-04-27 14:43:02,212:INFO: dict_kernel_size=3
2022-04-27 14:43:02,212:INFO: drop=0.0
2022-04-27 14:43:02,212:INFO: gpu_num=None
2022-04-27 14:43:02,212:INFO: init=kmeans-32
2022-04-27 14:43:02,212:INFO: input_size=2
2022-04-27 14:43:02,212:INFO: kernel_size=3
2022-04-27 14:43:02,212:INFO: log_dir=./runs/29-3.32315
2022-04-27 14:43:02,212:INFO: lr=0.01
2022-04-27 14:43:02,212:INFO: lr_sh_rate=150
2022-04-27 14:43:02,212:INFO: model=social_stgcnn29
2022-04-27 14:43:02,212:INFO: n_stgcnn=1
2022-04-27 14:43:02,213:INFO: n_txpcnn=5
2022-04-27 14:43:02,213:INFO: name=29-3.32315
2022-04-27 14:43:02,213:INFO: num_epochs=250
2022-04-27 14:43:02,213:INFO: obs_seq_len=8
2022-04-27 14:43:02,213:INFO: output_size=5
2022-04-27 14:43:02,213:INFO: pred_seq_len=12
2022-04-27 14:43:02,213:INFO: seed=32315
2022-04-27 14:43:02,213:INFO: tag=zara2
2022-04-27 14:43:02,213:INFO: use_lrschd=True
2022-04-27 14:43:02,213:INFO: ******************************
2022-04-27 14:43:02,213:INFO: Training initiating....
2022-04-27 14:43:02,213:INFO: Namespace(act='nn.Sigmoid', batch_size=128, clip_grad=None, dataset='zara2', dict_kernel_size=3, drop=0.0, gpu_num=None, init='kmeans-32', input_size=2, kernel_size=3, log_dir='./runs/29-3.32315', lr=0.01, lr_sh_rate=150, model='social_stgcnn29', n_stgcnn=1, n_txpcnn=5, name='29-3.32315', num_epochs=250, obs_seq_len=8, output_size=5, pred_seq_len=12, seed=32315, tag='zara2', use_lrschd=True)
2022-04-27 14:43:02,246:INFO: Initializing train dataset
2022-04-27 14:43:15,006:INFO: Initializing val dataset
2022-04-27 14:43:25,814:INFO: social_stgcnn29
2022-04-27 14:43:25,826:INFO: Data and model loaded
2022-04-27 14:43:25,827:INFO: Checkpoint dir: ./runs/29-3.32315/zara2/checkpoint
2022-04-27 14:43:25,827:INFO: Training started ...
2022-04-27 14:43:54,222:INFO: Train: [0][2111/2112]  Loss 0.4948 (1.3437)  Time:  0.389 (0.013)  Data Time:  0.004 (0.004)
2022-04-27 14:43:54,224:INFO:   Eta: 1:58:16
2022-04-27 14:44:22,460:INFO: Train: [1][2111/2112]  Loss 0.2836 (0.7516)  Time:  0.377 (0.013)  Data Time:  0.004 (0.004)
2022-04-27 14:44:22,463:INFO:   Eta: 1:57:02
2022-04-27 14:44:51,076:INFO: Train: [2][2111/2112]  Loss 0.2195 (0.4659)  Time:  0.385 (0.014)  Data Time:  0.004 (0.004)
2022-04-27 14:44:51,088:INFO:   Eta: 1:58:07
2022-04-27 14:45:20,085:INFO: Train: [3][2111/2112]  Loss 0.0050 (0.2723)  Time:  0.363 (0.014)  Data Time:  0.003 (0.004)
2022-04-27 14:45:20,099:INFO:   Eta: 1:58:48
2022-04-27 14:45:49,448:INFO: Train: [4][2111/2112]  Loss -0.0163 (0.2132)  Time:  0.380 (0.014)  Data Time:  0.005 (0.005)
2022-04-27 14:45:49,451:INFO:   Eta: 1:59:56
2022-04-27 14:46:18,284:INFO: Train: [5][2111/2112]  Loss 0.1408 (0.1881)  Time:  0.372 (0.014)  Data Time:  0.006 (0.005)
2022-04-27 14:46:18,298:INFO:   Eta: 1:57:35
2022-04-27 14:46:47,375:INFO: Train: [6][2111/2112]  Loss 0.0998 (0.1380)  Time:  0.396 (0.014)  Data Time:  0.004 (0.005)
2022-04-27 14:46:47,379:INFO:   Eta: 1:57:39
2022-04-27 14:47:16,394:INFO: Train: [7][2111/2112]  Loss -0.1128 (-0.1195)  Time:  0.362 (0.014)  Data Time:  0.005 (0.005)
2022-04-27 14:47:16,396:INFO:   Eta: 1:57:18
2022-04-27 14:47:45,374:INFO: Train: [8][2111/2112]  Loss 0.0453 (0.2079)  Time:  0.388 (0.014)  Data Time:  0.005 (0.004)
2022-04-27 14:47:45,377:INFO:   Eta: 1:56:43
2022-04-27 14:48:13,927:INFO: Train: [9][2111/2112]  Loss -0.1400 (-0.1989)  Time:  0.388 (0.013)  Data Time:  0.004 (0.004)
2022-04-27 14:48:13,929:INFO:   Eta: 1:54:30
2022-04-27 14:48:42,774:INFO: Train: [10][2111/2112]  Loss -0.0426 (-0.1534)  Time:  0.352 (0.014)  Data Time:  0.004 (0.004)
2022-04-27 14:48:42,775:INFO:   Eta: 1:55:17
2022-04-27 14:49:11,564:INFO: Train: [11][2111/2112]  Loss -0.2497 (-0.2900)  Time:  0.352 (0.014)  Data Time:  0.004 (0.004)
2022-04-27 14:49:11,577:INFO:   Eta: 1:54:15
2022-04-27 14:49:40,413:INFO: Train: [12][2111/2112]  Loss -0.2827 (-0.3188)  Time:  0.400 (0.014)  Data Time:  0.004 (0.005)
2022-04-27 14:49:40,424:INFO:   Eta: 1:53:58
2022-04-27 14:50:09,192:INFO: Train: [13][2111/2112]  Loss -0.2075 (-0.2512)  Time:  0.354 (0.014)  Data Time:  0.004 (0.005)
2022-04-27 14:50:09,193:INFO:   Eta: 1:53:14
2022-04-27 14:50:37,872:INFO: Train: [14][2111/2112]  Loss 0.0340 (-0.4039)  Time:  0.384 (0.014)  Data Time:  0.005 (0.005)
2022-04-27 14:50:37,873:INFO:   Eta: 1:52:42
2022-04-27 14:51:06,643:INFO: Train: [15][2111/2112]  Loss -0.1889 (-0.4501)  Time:  0.443 (0.014)  Data Time:  0.004 (0.004)
2022-04-27 14:51:06,644:INFO:   Eta: 1:52:36
2022-04-27 14:51:35,749:INFO: Train: [16][2111/2112]  Loss -0.2255 (-0.4730)  Time:  0.375 (0.014)  Data Time:  0.004 (0.005)
2022-04-27 14:51:35,765:INFO:   Eta: 1:53:26
2022-04-27 14:52:04,836:INFO: Train: [17][2111/2112]  Loss -0.3514 (-0.3377)  Time:  0.378 (0.014)  Data Time:  0.005 (0.004)
2022-04-27 14:52:04,848:INFO:   Eta: 1:52:25
2022-04-27 14:52:33,728:INFO: Train: [18][2111/2112]  Loss -0.3305 (-0.4773)  Time:  0.383 (0.014)  Data Time:  0.005 (0.005)
2022-04-27 14:52:33,729:INFO:   Eta: 1:51:09
2022-04-27 14:53:02,295:INFO: Train: [19][2111/2112]  Loss -0.1196 (-0.4795)  Time:  0.381 (0.014)  Data Time:  0.004 (0.005)
2022-04-27 14:53:02,297:INFO:   Eta: 1:49:54
2022-04-27 14:53:30,806:INFO: Train: [20][2111/2112]  Loss -0.2158 (-0.5848)  Time:  0.389 (0.013)  Data Time:  0.004 (0.004)
2022-04-27 14:53:30,807:INFO:   Eta: 1:49:12
2022-04-27 14:53:59,695:INFO: Train: [21][2111/2112]  Loss -0.3119 (-0.6169)  Time:  0.399 (0.014)  Data Time:  0.005 (0.005)
2022-04-27 14:53:59,708:INFO:   Eta: 1:50:10
2022-04-27 14:54:28,494:INFO: Train: [22][2111/2112]  Loss -0.3727 (-0.6194)  Time:  0.394 (0.014)  Data Time:  0.004 (0.004)
2022-04-27 14:54:28,506:INFO:   Eta: 1:49:02
2022-04-27 14:54:57,325:INFO: Train: [23][2111/2112]  Loss -0.3723 (-0.5737)  Time:  0.391 (0.014)  Data Time:  0.004 (0.004)
2022-04-27 14:54:57,326:INFO:   Eta: 1:48:48
2022-04-27 14:55:26,146:INFO: Train: [24][2111/2112]  Loss -0.3304 (-0.6631)  Time:  0.384 (0.014)  Data Time:  0.004 (0.005)
2022-04-27 14:55:26,156:INFO:   Eta: 1:48:28
2022-04-27 14:55:54,983:INFO: Train: [25][2111/2112]  Loss -0.3811 (-0.5295)  Time:  0.358 (0.014)  Data Time:  0.004 (0.004)
2022-04-27 14:55:54,985:INFO:   Eta: 1:47:43
2022-04-27 14:56:24,114:INFO: Train: [26][2111/2112]  Loss -0.4639 (-0.6670)  Time:  0.375 (0.014)  Data Time:  0.004 (0.004)
2022-04-27 14:56:24,115:INFO:   Eta: 1:48:40
2022-04-27 14:56:52,704:INFO: Train: [27][2111/2112]  Loss -0.3905 (-0.6488)  Time:  0.371 (0.013)  Data Time:  0.004 (0.005)
2022-04-27 14:56:52,705:INFO:   Eta: 1:45:49
2022-04-27 14:57:21,647:INFO: Train: [28][2111/2112]  Loss -0.4094 (-0.6924)  Time:  0.367 (0.014)  Data Time:  0.004 (0.005)
2022-04-27 14:57:21,659:INFO:   Eta: 1:47:00
2022-04-27 14:57:50,454:INFO: Train: [29][2111/2112]  Loss -0.4469 (-0.7784)  Time:  0.376 (0.014)  Data Time:  0.004 (0.004)
2022-04-27 14:57:50,464:INFO:   Eta: 1:45:32
2022-04-27 14:58:19,124:INFO: Train: [30][2111/2112]  Loss -0.3637 (-0.7666)  Time:  0.369 (0.014)  Data Time:  0.004 (0.005)
2022-04-27 14:58:19,135:INFO:   Eta: 1:44:46
2022-04-27 14:58:48,272:INFO: Train: [31][2111/2112]  Loss -0.5195 (-0.7621)  Time:  0.365 (0.014)  Data Time:  0.005 (0.005)
2022-04-27 14:58:48,273:INFO:   Eta: 1:45:57
2022-04-27 14:59:17,492:INFO: Train: [32][2111/2112]  Loss -0.1686 (-0.6215)  Time:  0.396 (0.014)  Data Time:  0.004 (0.005)
2022-04-27 14:59:17,502:INFO:   Eta: 1:46:04
2022-04-27 14:59:47,073:INFO: Train: [33][2111/2112]  Loss -0.2770 (-0.8152)  Time:  0.370 (0.014)  Data Time:  0.005 (0.005)
2022-04-27 14:59:47,085:INFO:   Eta: 1:46:36
2022-04-27 15:00:16,100:INFO: Train: [34][2111/2112]  Loss -0.1881 (-0.7548)  Time:  0.382 (0.014)  Data Time:  0.005 (0.005)
2022-04-27 15:00:16,101:INFO:   Eta: 1:43:56
2022-04-27 15:00:45,125:INFO: Train: [35][2111/2112]  Loss -0.3812 (-0.7443)  Time:  0.367 (0.014)  Data Time:  0.005 (0.005)
2022-04-27 15:00:45,126:INFO:   Eta: 1:43:55
2022-04-27 15:01:14,332:INFO: Train: [36][2111/2112]  Loss -0.2898 (-0.8949)  Time:  0.396 (0.014)  Data Time:  0.005 (0.005)
2022-04-27 15:01:14,342:INFO:   Eta: 1:44:06
2022-04-27 15:01:43,639:INFO: Train: [37][2111/2112]  Loss -0.1423 (-0.8550)  Time:  0.345 (0.014)  Data Time:  0.004 (0.005)
2022-04-27 15:01:43,640:INFO:   Eta: 1:43:33
2022-04-27 15:02:12,501:INFO: Train: [38][2111/2112]  Loss -0.3501 (-0.8090)  Time:  0.373 (0.014)  Data Time:  0.005 (0.005)
2022-04-27 15:02:12,512:INFO:   Eta: 1:41:54
2022-04-27 15:02:41,678:INFO: Train: [39][2111/2112]  Loss -0.4993 (-0.6928)  Time:  0.377 (0.014)  Data Time:  0.005 (0.005)
2022-04-27 15:02:41,681:INFO:   Eta: 1:42:12
2022-04-27 15:03:10,774:INFO: Train: [40][2111/2112]  Loss -0.3235 (-0.7982)  Time:  0.376 (0.014)  Data Time:  0.005 (0.005)
2022-04-27 15:03:10,777:INFO:   Eta: 1:41:39
2022-04-27 15:03:39,763:INFO: Train: [41][2111/2112]  Loss -0.2225 (-0.8235)  Time:  0.393 (0.014)  Data Time:  0.005 (0.005)
2022-04-27 15:03:39,764:INFO:   Eta: 1:40:50
2022-04-27 15:04:08,717:INFO: Train: [42][2111/2112]  Loss -0.4577 (-0.8948)  Time:  0.384 (0.014)  Data Time:  0.005 (0.005)
2022-04-27 15:04:08,719:INFO:   Eta: 1:40:18
2022-04-27 15:04:37,451:INFO: Train: [43][2111/2112]  Loss -0.4197 (-0.7889)  Time:  0.376 (0.014)  Data Time:  0.005 (0.005)
2022-04-27 15:04:37,461:INFO:   Eta: 1:39:03
2022-04-27 15:05:06,346:INFO: Train: [44][2111/2112]  Loss -0.4653 (-0.8075)  Time:  0.382 (0.014)  Data Time:  0.004 (0.004)
2022-04-27 15:05:06,347:INFO:   Eta: 1:38:45
2022-04-27 15:05:35,953:INFO: Train: [45][2111/2112]  Loss -0.4873 (-0.8649)  Time:  0.404 (0.014)  Data Time:  0.005 (0.005)
2022-04-27 15:05:35,954:INFO:   Eta: 1:40:39
2022-04-27 15:06:04,603:INFO: Train: [46][2111/2112]  Loss -0.4236 (-0.8296)  Time:  0.376 (0.014)  Data Time:  0.005 (0.004)
2022-04-27 15:06:04,605:INFO:   Eta: 1:37:17
2022-04-27 15:06:33,465:INFO: Train: [47][2111/2112]  Loss -0.5288 (-0.8950)  Time:  0.359 (0.014)  Data Time:  0.005 (0.005)
2022-04-27 15:06:33,474:INFO:   Eta: 1:37:34
2022-04-27 15:07:02,667:INFO: Train: [48][2111/2112]  Loss -0.4095 (-0.9694)  Time:  0.386 (0.014)  Data Time:  0.005 (0.005)
2022-04-27 15:07:02,681:INFO:   Eta: 1:37:54
2022-04-27 15:07:31,258:INFO: Train: [49][2111/2112]  Loss -0.4542 (-0.9940)  Time:  0.357 (0.013)  Data Time:  0.005 (0.004)
2022-04-27 15:07:31,260:INFO:   Eta: 1:35:21
2022-04-27 15:07:59,880:INFO: Train: [50][2111/2112]  Loss -0.3894 (-0.9205)  Time:  0.400 (0.014)  Data Time:  0.006 (0.005)
2022-04-27 15:07:59,892:INFO:   Eta: 1:35:19
2022-04-27 15:08:29,061:INFO: Train: [51][2111/2112]  Loss -0.3737 (-0.9803)  Time:  0.382 (0.014)  Data Time:  0.004 (0.005)
2022-04-27 15:08:29,062:INFO:   Eta: 1:36:23
2022-04-27 15:08:58,097:INFO: Train: [52][2111/2112]  Loss -0.4605 (-0.8369)  Time:  0.384 (0.014)  Data Time:  0.007 (0.005)
2022-04-27 15:08:58,098:INFO:   Eta: 1:35:44
2022-04-27 15:09:27,157:INFO: Train: [53][2111/2112]  Loss -0.3843 (-1.0211)  Time:  0.372 (0.014)  Data Time:  0.005 (0.005)
2022-04-27 15:09:27,158:INFO:   Eta: 1:35:19
2022-04-27 15:09:56,336:INFO: Train: [54][2111/2112]  Loss -0.4999 (-0.8630)  Time:  0.387 (0.014)  Data Time:  0.005 (0.005)
2022-04-27 15:09:56,348:INFO:   Eta: 1:35:15
2022-04-27 15:10:25,375:INFO: Train: [55][2111/2112]  Loss -0.1456 (-0.9583)  Time:  0.410 (0.014)  Data Time:  0.005 (0.005)
2022-04-27 15:10:25,386:INFO:   Eta: 1:33:54
2022-04-27 15:10:54,721:INFO: Train: [56][2111/2112]  Loss -0.5680 (-0.9087)  Time:  0.359 (0.014)  Data Time:  0.004 (0.005)
2022-04-27 15:10:54,722:INFO:   Eta: 1:34:32
2022-04-27 15:11:23,767:INFO: Train: [57][2111/2112]  Loss -0.5283 (-0.9490)  Time:  0.359 (0.014)  Data Time:  0.004 (0.004)
2022-04-27 15:11:23,768:INFO:   Eta: 1:33:21
2022-04-27 15:11:53,086:INFO: Train: [58][2111/2112]  Loss -0.4551 (-1.0204)  Time:  0.393 (0.014)  Data Time:  0.004 (0.005)
2022-04-27 15:11:53,098:INFO:   Eta: 1:33:44
2022-04-27 15:12:22,355:INFO: Train: [59][2111/2112]  Loss -0.5970 (-0.9411)  Time:  0.356 (0.014)  Data Time:  0.004 (0.004)
2022-04-27 15:12:22,367:INFO:   Eta: 1:32:43
2022-04-27 15:12:51,567:INFO: Train: [60][2111/2112]  Loss -0.6168 (-1.0182)  Time:  0.383 (0.014)  Data Time:  0.003 (0.005)
2022-04-27 15:12:51,568:INFO:   Eta: 1:32:07
2022-04-27 15:13:21,069:INFO: Train: [61][2111/2112]  Loss -0.5208 (-1.0223)  Time:  0.368 (0.014)  Data Time:  0.003 (0.005)
2022-04-27 15:13:21,070:INFO:   Eta: 1:32:51
2022-04-27 15:13:50,608:INFO: Train: [62][2111/2112]  Loss -0.4322 (-0.9850)  Time:  0.381 (0.014)  Data Time:  0.004 (0.005)
2022-04-27 15:13:50,609:INFO:   Eta: 1:32:29
2022-04-27 15:14:19,519:INFO: Train: [63][2111/2112]  Loss -0.5868 (-1.0569)  Time:  0.375 (0.014)  Data Time:  0.004 (0.005)
2022-04-27 15:14:19,520:INFO:   Eta: 1:30:02
2022-04-27 15:14:48,716:INFO: Train: [64][2111/2112]  Loss -0.4786 (-0.9921)  Time:  0.374 (0.014)  Data Time:  0.004 (0.005)
2022-04-27 15:14:48,717:INFO:   Eta: 1:30:26
2022-04-27 15:15:17,486:INFO: Train: [65][2111/2112]  Loss -0.6931 (-0.9822)  Time:  0.387 (0.014)  Data Time:  0.005 (0.005)
2022-04-27 15:15:17,487:INFO:   Eta: 1:28:21
2022-04-27 15:15:46,523:INFO: Train: [66][2111/2112]  Loss -0.6771 (-1.0402)  Time:  0.408 (0.014)  Data Time:  0.005 (0.005)
2022-04-27 15:15:46,536:INFO:   Eta: 1:28:59
2022-04-27 15:16:15,771:INFO: Train: [67][2111/2112]  Loss -0.5175 (-1.0574)  Time:  0.381 (0.014)  Data Time:  0.004 (0.005)
2022-04-27 15:16:15,781:INFO:   Eta: 1:28:09
2022-04-27 15:16:45,006:INFO: Train: [68][2111/2112]  Loss -0.5386 (-1.0269)  Time:  0.400 (0.014)  Data Time:  0.005 (0.004)
2022-04-27 15:16:45,007:INFO:   Eta: 1:28:17
2022-04-27 15:17:13,770:INFO: Train: [69][2111/2112]  Loss -0.5282 (-1.1294)  Time:  0.370 (0.014)  Data Time:  0.004 (0.004)
2022-04-27 15:17:13,782:INFO:   Eta: 1:26:42
2022-04-27 15:17:42,446:INFO: Train: [70][2111/2112]  Loss -0.4434 (-1.0445)  Time:  0.371 (0.014)  Data Time:  0.004 (0.004)
2022-04-27 15:17:42,458:INFO:   Eta: 1:25:37
2022-04-27 15:18:11,411:INFO: Train: [71][2111/2112]  Loss -0.5785 (-1.0329)  Time:  0.359 (0.014)  Data Time:  0.005 (0.005)
2022-04-27 15:18:11,413:INFO:   Eta: 1:25:59
2022-04-27 15:18:40,283:INFO: Train: [72][2111/2112]  Loss -0.5772 (-1.1577)  Time:  0.370 (0.014)  Data Time:  0.005 (0.005)
2022-04-27 15:18:40,285:INFO:   Eta: 1:25:35
2022-04-27 15:19:09,257:INFO: Train: [73][2111/2112]  Loss -0.7188 (-1.1931)  Time:  0.408 (0.014)  Data Time:  0.005 (0.005)
2022-04-27 15:19:09,258:INFO:   Eta: 1:25:25
2022-04-27 15:19:38,297:INFO: Train: [74][2111/2112]  Loss -0.5677 (-1.1175)  Time:  0.393 (0.014)  Data Time:  0.006 (0.005)
2022-04-27 15:19:38,299:INFO:   Eta: 1:25:07
2022-04-27 15:20:07,277:INFO: Train: [75][2111/2112]  Loss -0.3901 (-1.2063)  Time:  0.429 (0.014)  Data Time:  0.006 (0.005)
2022-04-27 15:20:07,279:INFO:   Eta: 1:24:28
2022-04-27 15:20:35,688:INFO: Train: [76][2111/2112]  Loss -0.6104 (-1.0622)  Time:  0.371 (0.013)  Data Time:  0.004 (0.004)
2022-04-27 15:20:35,690:INFO:   Eta: 1:22:20
2022-04-27 15:21:04,470:INFO: Train: [77][2111/2112]  Loss -0.4105 (-0.9957)  Time:  0.401 (0.014)  Data Time:  0.004 (0.004)
2022-04-27 15:21:04,471:INFO:   Eta: 1:22:55
2022-04-27 15:21:33,584:INFO: Train: [78][2111/2112]  Loss -0.5886 (-1.1604)  Time:  0.397 (0.014)  Data Time:  0.005 (0.005)
2022-04-27 15:21:33,596:INFO:   Eta: 1:23:23
2022-04-27 15:22:02,476:INFO: Train: [79][2111/2112]  Loss -0.5720 (-1.1730)  Time:  0.370 (0.014)  Data Time:  0.005 (0.005)
2022-04-27 15:22:02,478:INFO:   Eta: 1:21:59
2022-04-27 15:22:31,324:INFO: Train: [80][2111/2112]  Loss -0.5958 (-1.1576)  Time:  0.377 (0.014)  Data Time:  0.005 (0.005)
2022-04-27 15:22:31,325:INFO:   Eta: 1:21:40
2022-04-27 15:23:00,421:INFO: Train: [81][2111/2112]  Loss -0.5952 (-1.1342)  Time:  0.428 (0.014)  Data Time:  0.004 (0.004)
2022-04-27 15:23:00,422:INFO:   Eta: 1:21:53
2022-04-27 15:23:29,606:INFO: Train: [82][2111/2112]  Loss -0.4958 (-1.0151)  Time:  0.371 (0.014)  Data Time:  0.004 (0.005)
2022-04-27 15:23:29,616:INFO:   Eta: 1:21:39
2022-04-27 15:23:58,929:INFO: Train: [83][2111/2112]  Loss -0.4953 (-1.2100)  Time:  0.387 (0.014)  Data Time:  0.005 (0.005)
2022-04-27 15:23:58,930:INFO:   Eta: 1:21:17
2022-04-27 15:24:28,084:INFO: Train: [84][2111/2112]  Loss -0.5776 (-1.0542)  Time:  0.405 (0.014)  Data Time:  0.005 (0.005)
2022-04-27 15:24:28,097:INFO:   Eta: 1:20:35
2022-04-27 15:24:57,695:INFO: Train: [85][2111/2112]  Loss -0.6864 (-1.1140)  Time:  0.383 (0.014)  Data Time:  0.004 (0.005)
2022-04-27 15:24:57,696:INFO:   Eta: 1:21:07
2022-04-27 15:25:27,344:INFO: Train: [86][2111/2112]  Loss -0.5980 (-1.0222)  Time:  0.379 (0.014)  Data Time:  0.004 (0.005)
2022-04-27 15:25:27,346:INFO:   Eta: 1:20:58
2022-04-27 15:25:56,230:INFO: Train: [87][2111/2112]  Loss -0.6596 (-1.1732)  Time:  0.384 (0.014)  Data Time:  0.005 (0.004)
2022-04-27 15:25:56,242:INFO:   Eta: 1:18:24
2022-04-27 15:26:25,648:INFO: Train: [88][2111/2112]  Loss -0.6464 (-1.1155)  Time:  0.437 (0.014)  Data Time:  0.004 (0.004)
2022-04-27 15:26:25,660:INFO:   Eta: 1:19:05
2022-04-27 15:26:54,775:INFO: Train: [89][2111/2112]  Loss -0.5866 (-1.1107)  Time:  0.351 (0.014)  Data Time:  0.004 (0.004)
2022-04-27 15:26:54,777:INFO:   Eta: 1:17:46
2022-04-27 15:27:23,956:INFO: Train: [90][2111/2112]  Loss -0.5697 (-1.1474)  Time:  0.443 (0.014)  Data Time:  0.005 (0.005)
2022-04-27 15:27:23,958:INFO:   Eta: 1:17:45
2022-04-27 15:27:53,349:INFO: Train: [91][2111/2112]  Loss -0.7380 (-1.1948)  Time:  0.379 (0.014)  Data Time:  0.005 (0.005)
2022-04-27 15:27:53,351:INFO:   Eta: 1:17:49
2022-04-27 15:28:22,697:INFO: Train: [92][2111/2112]  Loss -0.6035 (-1.2133)  Time:  0.372 (0.014)  Data Time:  0.004 (0.004)
2022-04-27 15:28:22,709:INFO:   Eta: 1:17:12
2022-04-27 15:28:52,310:INFO: Train: [93][2111/2112]  Loss -0.5996 (-1.1438)  Time:  0.379 (0.014)  Data Time:  0.005 (0.005)
2022-04-27 15:28:52,312:INFO:   Eta: 1:17:06
2022-04-27 15:29:21,539:INFO: Train: [94][2111/2112]  Loss -0.6265 (-1.1894)  Time:  0.348 (0.014)  Data Time:  0.003 (0.004)
2022-04-27 15:29:21,540:INFO:   Eta: 1:15:55
2022-04-27 15:29:50,814:INFO: Train: [95][2111/2112]  Loss -0.6042 (-1.2652)  Time:  0.380 (0.014)  Data Time:  0.004 (0.005)
2022-04-27 15:29:50,816:INFO:   Eta: 1:15:34
2022-04-27 15:30:20,439:INFO: Train: [96][2111/2112]  Loss -0.6389 (-1.2320)  Time:  0.371 (0.014)  Data Time:  0.004 (0.005)
2022-04-27 15:30:20,441:INFO:   Eta: 1:15:58
2022-04-27 15:30:49,081:INFO: Train: [97][2111/2112]  Loss -0.6423 (-1.2043)  Time:  0.375 (0.014)  Data Time:  0.005 (0.004)
2022-04-27 15:30:49,083:INFO:   Eta: 1:12:58
2022-04-27 15:31:18,339:INFO: Train: [98][2111/2112]  Loss -0.5119 (-1.1662)  Time:  0.400 (0.014)  Data Time:  0.004 (0.004)
2022-04-27 15:31:18,341:INFO:   Eta: 1:14:04
2022-04-27 15:31:47,374:INFO: Train: [99][2111/2112]  Loss -0.7122 (-1.2534)  Time:  0.417 (0.014)  Data Time:  0.004 (0.005)
2022-04-27 15:31:47,387:INFO:   Eta: 1:13:00
2022-04-27 15:32:17,168:INFO: Train: [100][2111/2112]  Loss -0.6435 (-1.3126)  Time:  0.370 (0.014)  Data Time:  0.004 (0.005)
2022-04-27 15:32:17,179:INFO:   Eta: 1:14:10
2022-04-27 15:32:46,190:INFO: Train: [101][2111/2112]  Loss -0.6057 (-1.1592)  Time:  0.369 (0.014)  Data Time:  0.004 (0.004)
2022-04-27 15:32:46,191:INFO:   Eta: 1:11:46
2022-04-27 15:33:15,209:INFO: Train: [102][2111/2112]  Loss -0.4636 (-1.2939)  Time:  0.377 (0.014)  Data Time:  0.005 (0.004)
2022-04-27 15:33:15,211:INFO:   Eta: 1:11:31
2022-04-27 15:33:45,356:INFO: Train: [103][2111/2112]  Loss -0.5435 (-1.2034)  Time:  0.405 (0.014)  Data Time:  0.005 (0.005)
2022-04-27 15:33:45,356:INFO:   Eta: 1:13:35
2022-04-27 15:34:14,348:INFO: Train: [104][2111/2112]  Loss -0.6354 (-1.3452)  Time:  0.406 (0.014)  Data Time:  0.005 (0.004)
2022-04-27 15:34:14,349:INFO:   Eta: 1:10:29
2022-04-27 15:34:43,578:INFO: Train: [105][2111/2112]  Loss -0.6048 (-1.1579)  Time:  0.404 (0.014)  Data Time:  0.005 (0.005)
2022-04-27 15:34:43,579:INFO:   Eta: 1:10:34
2022-04-27 15:35:12,653:INFO: Train: [106][2111/2112]  Loss -0.6644 (-1.2529)  Time:  0.399 (0.014)  Data Time:  0.007 (0.004)
2022-04-27 15:35:12,654:INFO:   Eta: 1:09:43
2022-04-27 15:35:41,604:INFO: Train: [107][2111/2112]  Loss -0.6825 (-1.2759)  Time:  0.385 (0.014)  Data Time:  0.004 (0.004)
2022-04-27 15:35:41,605:INFO:   Eta: 1:08:57
2022-04-27 15:36:10,956:INFO: Train: [108][2111/2112]  Loss -0.4567 (-1.1805)  Time:  0.381 (0.014)  Data Time:  0.004 (0.005)
2022-04-27 15:36:10,957:INFO:   Eta: 1:09:24
2022-04-27 15:36:40,685:INFO: Train: [109][2111/2112]  Loss -0.6323 (-1.2850)  Time:  0.402 (0.014)  Data Time:  0.005 (0.004)
2022-04-27 15:36:40,696:INFO:   Eta: 1:09:48
2022-04-27 15:37:10,311:INFO: Train: [110][2111/2112]  Loss -0.6870 (-1.2482)  Time:  0.391 (0.014)  Data Time:  0.004 (0.004)
2022-04-27 15:37:10,312:INFO:   Eta: 1:08:50
2022-04-27 15:37:39,699:INFO: Train: [111][2111/2112]  Loss -0.6703 (-1.3148)  Time:  0.380 (0.014)  Data Time:  0.005 (0.004)
2022-04-27 15:37:39,701:INFO:   Eta: 1:08:02
2022-04-27 15:38:09,287:INFO: Train: [112][2111/2112]  Loss -0.6239 (-1.2470)  Time:  0.383 (0.014)  Data Time:  0.004 (0.004)
2022-04-27 15:38:09,299:INFO:   Eta: 1:08:00
2022-04-27 15:38:39,415:INFO: Train: [113][2111/2112]  Loss -0.6583 (-1.3066)  Time:  0.428 (0.014)  Data Time:  0.004 (0.004)
2022-04-27 15:38:39,416:INFO:   Eta: 1:08:29
2022-04-27 15:39:09,366:INFO: Train: [114][2111/2112]  Loss -0.6214 (-1.3570)  Time:  0.425 (0.014)  Data Time:  0.005 (0.004)
2022-04-27 15:39:09,378:INFO:   Eta: 1:07:50
2022-04-27 15:39:39,212:INFO: Train: [115][2111/2112]  Loss -0.6883 (-1.1828)  Time:  0.395 (0.014)  Data Time:  0.003 (0.004)
2022-04-27 15:39:39,225:INFO:   Eta: 1:06:53
2022-04-27 15:40:09,801:INFO: Train: [116][2111/2112]  Loss -0.6561 (-1.3425)  Time:  0.384 (0.014)  Data Time:  0.005 (0.005)
2022-04-27 15:40:09,814:INFO:   Eta: 1:07:58
2022-04-27 15:40:39,674:INFO: Train: [117][2111/2112]  Loss -0.6936 (-1.2134)  Time:  0.443 (0.014)  Data Time:  0.003 (0.004)
2022-04-27 15:40:39,687:INFO:   Eta: 1:05:56
2022-04-27 15:41:09,556:INFO: Train: [118][2111/2112]  Loss -0.5900 (-1.3271)  Time:  0.419 (0.014)  Data Time:  0.004 (0.005)
2022-04-27 15:41:09,557:INFO:   Eta: 1:05:28
2022-04-27 15:41:39,733:INFO: Train: [119][2111/2112]  Loss -0.7258 (-1.3460)  Time:  0.425 (0.014)  Data Time:  0.004 (0.005)
2022-04-27 15:41:39,735:INFO:   Eta: 1:05:50
2022-04-27 15:42:10,164:INFO: Train: [120][2111/2112]  Loss -0.5984 (-1.3549)  Time:  0.380 (0.014)  Data Time:  0.005 (0.005)
2022-04-27 15:42:10,165:INFO:   Eta: 1:05:53
2022-04-27 15:42:40,607:INFO: Train: [121][2111/2112]  Loss -0.7027 (-1.3213)  Time:  0.435 (0.014)  Data Time:  0.005 (0.005)
2022-04-27 15:42:40,609:INFO:   Eta: 1:05:23
2022-04-27 15:43:10,752:INFO: Train: [122][2111/2112]  Loss -0.6580 (-1.2223)  Time:  0.384 (0.014)  Data Time:  0.004 (0.005)
2022-04-27 15:43:10,764:INFO:   Eta: 1:04:15
2022-04-27 15:43:41,193:INFO: Train: [123][2111/2112]  Loss -0.5862 (-1.2286)  Time:  0.380 (0.014)  Data Time:  0.005 (0.005)
2022-04-27 15:43:41,206:INFO:   Eta: 1:04:10
2022-04-27 15:44:11,158:INFO: Train: [124][2111/2112]  Loss -0.6374 (-1.3447)  Time:  0.377 (0.014)  Data Time:  0.004 (0.005)
2022-04-27 15:44:11,171:INFO:   Eta: 1:02:37
2022-04-27 15:44:41,442:INFO: Train: [125][2111/2112]  Loss -0.6350 (-1.3379)  Time:  0.421 (0.014)  Data Time:  0.005 (0.005)
2022-04-27 15:44:41,444:INFO:   Eta: 1:02:50
2022-04-27 15:45:11,160:INFO: Train: [126][2111/2112]  Loss -0.7342 (-1.3282)  Time:  0.434 (0.014)  Data Time:  0.005 (0.004)
2022-04-27 15:45:11,162:INFO:   Eta: 1:01:21
2022-04-27 15:45:41,147:INFO: Train: [127][2111/2112]  Loss -0.6658 (-1.2136)  Time:  0.386 (0.014)  Data Time:  0.005 (0.004)
2022-04-27 15:45:41,156:INFO:   Eta: 1:01:25
2022-04-27 15:46:11,440:INFO: Train: [128][2111/2112]  Loss -0.7012 (-1.2920)  Time:  0.396 (0.014)  Data Time:  0.006 (0.005)
2022-04-27 15:46:11,442:INFO:   Eta: 1:01:24
2022-04-27 15:46:42,224:INFO: Train: [129][2111/2112]  Loss -0.5799 (-1.2854)  Time:  0.390 (0.015)  Data Time:  0.005 (0.004)
2022-04-27 15:46:42,226:INFO:   Eta: 1:02:01
2022-04-27 15:47:13,206:INFO: Train: [130][2111/2112]  Loss -0.7013 (-1.3124)  Time:  0.384 (0.015)  Data Time:  0.005 (0.005)
2022-04-27 15:47:13,208:INFO:   Eta: 1:01:54
2022-04-27 15:47:43,275:INFO: Train: [131][2111/2112]  Loss -0.6120 (-1.4400)  Time:  0.410 (0.014)  Data Time:  0.005 (0.005)
2022-04-27 15:47:43,299:INFO:   Eta: 0:59:34
2022-04-27 15:48:13,813:INFO: Train: [132][2111/2112]  Loss -0.6735 (-1.3347)  Time:  0.453 (0.014)  Data Time:  0.005 (0.004)
2022-04-27 15:48:13,815:INFO:   Eta: 0:59:43
2022-04-27 15:48:43,928:INFO: Train: [133][2111/2112]  Loss -0.7711 (-1.3280)  Time:  0.445 (0.014)  Data Time:  0.005 (0.004)
2022-04-27 15:48:43,941:INFO:   Eta: 0:58:40
2022-04-27 15:49:14,383:INFO: Train: [134][2111/2112]  Loss -0.6961 (-1.3500)  Time:  0.425 (0.014)  Data Time:  0.005 (0.004)
2022-04-27 15:49:14,384:INFO:   Eta: 0:58:31
2022-04-27 15:49:44,650:INFO: Train: [135][2111/2112]  Loss -0.6731 (-1.3943)  Time:  0.402 (0.014)  Data Time:  0.003 (0.005)
2022-04-27 15:49:44,662:INFO:   Eta: 0:57:58
2022-04-27 15:50:14,798:INFO: Train: [136][2111/2112]  Loss -0.7234 (-1.3616)  Time:  0.399 (0.014)  Data Time:  0.005 (0.005)
2022-04-27 15:50:14,809:INFO:   Eta: 0:56:59
2022-04-27 15:50:45,243:INFO: Train: [137][2111/2112]  Loss -0.6661 (-1.4047)  Time:  0.384 (0.014)  Data Time:  0.004 (0.005)
2022-04-27 15:50:45,244:INFO:   Eta: 0:57:03
2022-04-27 15:51:15,183:INFO: Train: [138][2111/2112]  Loss -0.6223 (-1.3795)  Time:  0.372 (0.014)  Data Time:  0.002 (0.004)
2022-04-27 15:51:15,197:INFO:   Eta: 0:55:50
2022-04-27 15:51:46,175:INFO: Train: [139][2111/2112]  Loss -0.7286 (-1.3189)  Time:  0.431 (0.015)  Data Time:  0.004 (0.005)
2022-04-27 15:51:46,177:INFO:   Eta: 0:57:01
2022-04-27 15:52:16,671:INFO: Train: [140][2111/2112]  Loss -0.6200 (-1.3149)  Time:  0.387 (0.014)  Data Time:  0.005 (0.005)
2022-04-27 15:52:16,681:INFO:   Eta: 0:55:51
2022-04-27 15:52:46,962:INFO: Train: [141][2111/2112]  Loss -0.7330 (-1.3988)  Time:  0.374 (0.014)  Data Time:  0.004 (0.004)
2022-04-27 15:52:46,963:INFO:   Eta: 0:54:47
2022-04-27 15:53:17,271:INFO: Train: [142][2111/2112]  Loss -0.6773 (-1.3436)  Time:  0.388 (0.014)  Data Time:  0.004 (0.004)
2022-04-27 15:53:17,272:INFO:   Eta: 0:54:31
2022-04-27 15:53:47,053:INFO: Train: [143][2111/2112]  Loss -0.7610 (-1.2733)  Time:  0.417 (0.014)  Data Time:  0.004 (0.004)
2022-04-27 15:53:47,055:INFO:   Eta: 0:53:04
2022-04-27 15:54:17,618:INFO: Train: [144][2111/2112]  Loss -0.6365 (-1.3558)  Time:  0.392 (0.014)  Data Time:  0.003 (0.004)
2022-04-27 15:54:17,630:INFO:   Eta: 0:53:57
2022-04-27 15:54:48,198:INFO: Train: [145][2111/2112]  Loss -0.7731 (-1.4023)  Time:  0.457 (0.014)  Data Time:  0.006 (0.005)
2022-04-27 15:54:48,199:INFO:   Eta: 0:53:19
2022-04-27 15:55:17,658:INFO: Train: [146][2111/2112]  Loss -0.7958 (-1.4019)  Time:  0.417 (0.014)  Data Time:  0.004 (0.004)
2022-04-27 15:55:17,659:INFO:   Eta: 0:51:00
2022-04-27 15:55:48,018:INFO: Train: [147][2111/2112]  Loss -0.6167 (-1.3354)  Time:  0.444 (0.014)  Data Time:  0.004 (0.004)
2022-04-27 15:55:48,019:INFO:   Eta: 0:52:04
2022-04-27 15:56:18,498:INFO: Train: [148][2111/2112]  Loss -0.6436 (-1.4041)  Time:  0.448 (0.014)  Data Time:  0.004 (0.005)
2022-04-27 15:56:18,498:INFO:   Eta: 0:51:46
2022-04-27 15:56:48,679:INFO: Train: [149][2111/2112]  Loss -0.7518 (-1.4033)  Time:  0.423 (0.014)  Data Time:  0.005 (0.005)
2022-04-27 15:56:48,680:INFO:   Eta: 0:50:46
2022-04-27 15:57:18,860:INFO: Train: [150][2111/2112]  Loss -0.7549 (-1.5751)  Time:  0.432 (0.014)  Data Time:  0.004 (0.004)
2022-04-27 15:57:18,861:INFO:   Eta: 0:50:06
2022-04-27 15:57:49,030:INFO: Train: [151][2111/2112]  Loss -0.8216 (-1.5360)  Time:  0.378 (0.014)  Data Time:  0.005 (0.005)
2022-04-27 15:57:49,031:INFO:   Eta: 0:49:36
2022-04-27 15:57:54,375:INFO: Valid: [151][500/501]  Loss -6.1784 (-3.8576)
2022-04-27 15:57:54,393:INFO: Checkpoint saved...
2022-04-27 15:58:24,143:INFO: Train: [152][2111/2112]  Loss -0.7878 (-1.5412)  Time:  0.420 (0.014)  Data Time:  0.004 (0.004)
2022-04-27 15:58:24,144:INFO:   Eta: 0:48:32
2022-04-27 15:58:29,531:INFO: Valid: [152][500/501]  Loss -5.6900 (-3.4918)
2022-04-27 15:58:59,519:INFO: Train: [153][2111/2112]  Loss -0.7809 (-1.5721)  Time:  0.374 (0.014)  Data Time:  0.004 (0.004)
2022-04-27 15:58:59,520:INFO:   Eta: 0:48:16
2022-04-27 15:59:04,718:INFO: Valid: [153][500/501]  Loss -5.5986 (-3.4593)
2022-04-27 15:59:35,078:INFO: Train: [154][2111/2112]  Loss -0.9196 (-1.5340)  Time:  0.442 (0.014)  Data Time:  0.003 (0.004)
2022-04-27 15:59:35,079:INFO:   Eta: 0:48:30
2022-04-27 15:59:40,351:INFO: Valid: [154][500/501]  Loss -3.4570 (-2.1306)
2022-04-27 16:00:10,442:INFO: Train: [155][2111/2112]  Loss -0.7762 (-1.3551)  Time:  0.361 (0.014)  Data Time:  0.004 (0.004)
2022-04-27 16:00:10,453:INFO:   Eta: 0:47:26
2022-04-27 16:00:15,613:INFO: Valid: [155][500/501]  Loss -5.9734 (-3.7192)
2022-04-27 16:00:45,963:INFO: Train: [156][2111/2112]  Loss -0.8164 (-1.5467)  Time:  0.397 (0.014)  Data Time:  0.004 (0.005)
2022-04-27 16:00:45,976:INFO:   Eta: 0:47:29
2022-04-27 16:00:51,048:INFO: Valid: [156][500/501]  Loss -6.0203 (-3.7378)
2022-04-27 16:01:21,057:INFO: Train: [157][2111/2112]  Loss -0.7706 (-1.5677)  Time:  0.375 (0.014)  Data Time:  0.004 (0.004)
2022-04-27 16:01:21,070:INFO:   Eta: 0:46:13
2022-04-27 16:01:26,016:INFO: Valid: [157][500/501]  Loss -6.1484 (-3.8383)
2022-04-27 16:01:55,966:INFO: Train: [158][2111/2112]  Loss -0.7182 (-1.5876)  Time:  0.373 (0.014)  Data Time:  0.004 (0.004)
2022-04-27 16:01:55,966:INFO:   Eta: 0:45:51
2022-04-27 16:02:01,144:INFO: Valid: [158][500/501]  Loss -5.6670 (-3.5035)
2022-04-27 16:02:31,485:INFO: Train: [159][2111/2112]  Loss -0.7503 (-1.4077)  Time:  0.402 (0.014)  Data Time:  0.005 (0.004)
2022-04-27 16:02:31,498:INFO:   Eta: 0:45:57
2022-04-27 16:02:36,779:INFO: Valid: [159][500/501]  Loss -4.6668 (-2.8354)
2022-04-27 16:03:06,656:INFO: Train: [160][2111/2112]  Loss -0.7432 (-1.5250)  Time:  0.437 (0.014)  Data Time:  0.004 (0.004)
2022-04-27 16:03:06,657:INFO:   Eta: 0:44:45
2022-04-27 16:03:11,946:INFO: Valid: [160][500/501]  Loss 3.0026 (1.8981)
2022-04-27 16:03:42,054:INFO: Train: [161][2111/2112]  Loss -0.8266 (-1.5201)  Time:  0.363 (0.014)  Data Time:  0.004 (0.004)
2022-04-27 16:03:42,065:INFO:   Eta: 0:44:28
2022-04-27 16:03:47,291:INFO: Valid: [161][500/501]  Loss -4.9214 (-3.0804)
2022-04-27 16:04:17,365:INFO: Train: [162][2111/2112]  Loss -0.6416 (-1.5632)  Time:  0.372 (0.014)  Data Time:  0.005 (0.005)
2022-04-27 16:04:17,376:INFO:   Eta: 0:43:55
2022-04-27 16:04:22,581:INFO: Valid: [162][500/501]  Loss -5.5004 (-3.3895)
2022-04-27 16:04:52,620:INFO: Train: [163][2111/2112]  Loss -0.7879 (-1.5268)  Time:  0.417 (0.014)  Data Time:  0.005 (0.004)
2022-04-27 16:04:52,621:INFO:   Eta: 0:43:25
2022-04-27 16:04:57,728:INFO: Valid: [163][500/501]  Loss -5.7961 (-3.5737)
2022-04-27 16:05:27,579:INFO: Train: [164][2111/2112]  Loss -0.8053 (-1.5850)  Time:  0.386 (0.014)  Data Time:  0.004 (0.004)
2022-04-27 16:05:27,581:INFO:   Eta: 0:42:43
2022-04-27 16:05:32,773:INFO: Valid: [164][500/501]  Loss -6.0983 (-3.7871)
2022-04-27 16:06:02,965:INFO: Train: [165][2111/2112]  Loss -0.7765 (-1.4467)  Time:  0.511 (0.014)  Data Time:  0.004 (0.004)
2022-04-27 16:06:02,967:INFO:   Eta: 0:42:43
2022-04-27 16:06:08,300:INFO: Valid: [165][500/501]  Loss -5.9699 (-3.7155)
2022-04-27 16:06:38,714:INFO: Train: [166][2111/2112]  Loss -0.8744 (-1.3795)  Time:  0.397 (0.014)  Data Time:  0.004 (0.004)
2022-04-27 16:06:38,716:INFO:   Eta: 0:42:31
2022-04-27 16:06:43,882:INFO: Valid: [166][500/501]  Loss -5.0976 (-3.1426)
2022-04-27 16:07:13,895:INFO: Train: [167][2111/2112]  Loss -0.8382 (-1.4993)  Time:  0.380 (0.014)  Data Time:  0.005 (0.005)
2022-04-27 16:07:13,896:INFO:   Eta: 0:41:27
2022-04-27 16:07:19,059:INFO: Valid: [167][500/501]  Loss -5.4279 (-3.3813)
2022-04-27 16:07:48,703:INFO: Train: [168][2111/2112]  Loss -0.7658 (-1.4190)  Time:  0.415 (0.014)  Data Time:  0.005 (0.004)
2022-04-27 16:07:48,705:INFO:   Eta: 0:40:27
2022-04-27 16:07:53,809:INFO: Valid: [168][500/501]  Loss -5.7642 (-3.5828)
2022-04-27 16:08:23,453:INFO: Train: [169][2111/2112]  Loss -0.6675 (-1.5265)  Time:  0.421 (0.014)  Data Time:  0.004 (0.004)
2022-04-27 16:08:23,455:INFO:   Eta: 0:39:57
2022-04-27 16:08:28,450:INFO: Valid: [169][500/501]  Loss -5.1825 (-3.2404)
2022-04-27 16:08:58,396:INFO: Train: [170][2111/2112]  Loss -0.7463 (-1.5804)  Time:  0.382 (0.014)  Data Time:  0.004 (0.004)
2022-04-27 16:08:58,397:INFO:   Eta: 0:39:52
2022-04-27 16:09:03,565:INFO: Valid: [170][500/501]  Loss -6.1718 (-3.8453)
2022-04-27 16:09:33,507:INFO: Train: [171][2111/2112]  Loss -0.7930 (-1.5576)  Time:  0.384 (0.014)  Data Time:  0.004 (0.004)
2022-04-27 16:09:33,509:INFO:   Eta: 0:39:22
2022-04-27 16:09:38,655:INFO: Valid: [171][500/501]  Loss -5.2008 (-3.1605)
2022-04-27 16:10:08,482:INFO: Train: [172][2111/2112]  Loss -0.8065 (-1.5851)  Time:  0.381 (0.014)  Data Time:  0.005 (0.004)
2022-04-27 16:10:08,484:INFO:   Eta: 0:38:43
2022-04-27 16:10:13,670:INFO: Valid: [172][500/501]  Loss -6.3947 (-3.9970)
2022-04-27 16:10:13,690:INFO: Checkpoint saved...
2022-04-27 16:10:43,865:INFO: Train: [173][2111/2112]  Loss -0.7958 (-1.4785)  Time:  0.466 (0.014)  Data Time:  0.004 (0.004)
2022-04-27 16:10:43,867:INFO:   Eta: 0:38:40
2022-04-27 16:10:49,131:INFO: Valid: [173][500/501]  Loss -3.5519 (-2.0748)
2022-04-27 16:11:19,314:INFO: Train: [174][2111/2112]  Loss -0.7764 (-1.5526)  Time:  0.369 (0.014)  Data Time:  0.004 (0.004)
2022-04-27 16:11:19,316:INFO:   Eta: 0:38:10
2022-04-27 16:11:24,626:INFO: Valid: [174][500/501]  Loss -3.1621 (-1.8946)
2022-04-27 16:11:55,173:INFO: Train: [175][2111/2112]  Loss -0.8053 (-1.5595)  Time:  0.425 (0.014)  Data Time:  0.005 (0.005)
2022-04-27 16:11:55,175:INFO:   Eta: 0:38:07
2022-04-27 16:12:00,407:INFO: Valid: [175][500/501]  Loss -5.8227 (-3.6347)
2022-04-27 16:12:30,758:INFO: Train: [176][2111/2112]  Loss -0.6933 (-1.4942)  Time:  0.408 (0.014)  Data Time:  0.005 (0.004)
2022-04-27 16:12:30,759:INFO:   Eta: 0:37:23
2022-04-27 16:12:36,054:INFO: Valid: [176][500/501]  Loss -5.8499 (-3.6452)
2022-04-27 16:13:05,885:INFO: Train: [177][2111/2112]  Loss -0.7804 (-1.5578)  Time:  0.366 (0.014)  Data Time:  0.005 (0.004)
2022-04-27 16:13:05,886:INFO:   Eta: 0:36:14
2022-04-27 16:13:11,048:INFO: Valid: [177][500/501]  Loss -3.7235 (-2.2180)
2022-04-27 16:13:40,728:INFO: Train: [178][2111/2112]  Loss -0.7882 (-1.4690)  Time:  0.361 (0.014)  Data Time:  0.004 (0.004)
2022-04-27 16:13:40,729:INFO:   Eta: 0:35:34
2022-04-27 16:13:45,697:INFO: Valid: [178][500/501]  Loss -5.4379 (-3.3916)
2022-04-27 16:14:15,810:INFO: Train: [179][2111/2112]  Loss -0.7531 (-1.5881)  Time:  0.363 (0.014)  Data Time:  0.005 (0.004)
2022-04-27 16:14:15,812:INFO:   Eta: 0:35:35
2022-04-27 16:14:21,153:INFO: Valid: [179][500/501]  Loss -6.3335 (-3.9519)
2022-04-27 16:14:51,994:INFO: Train: [180][2111/2112]  Loss -0.7213 (-1.5783)  Time:  0.411 (0.015)  Data Time:  0.005 (0.004)
2022-04-27 16:14:51,995:INFO:   Eta: 0:35:56
2022-04-27 16:14:57,371:INFO: Valid: [180][500/501]  Loss -5.8066 (-3.6378)
2022-04-27 16:15:27,101:INFO: Train: [181][2111/2112]  Loss -0.8388 (-1.6101)  Time:  0.440 (0.014)  Data Time:  0.005 (0.004)
2022-04-27 16:15:27,103:INFO:   Eta: 0:34:08
2022-04-27 16:15:32,304:INFO: Valid: [181][500/501]  Loss -4.7931 (-2.9894)
2022-04-27 16:16:01,518:INFO: Train: [182][2111/2112]  Loss -0.8675 (-1.5899)  Time:  0.368 (0.014)  Data Time:  0.004 (0.004)
2022-04-27 16:16:01,519:INFO:   Eta: 0:33:04
2022-04-27 16:16:06,628:INFO: Valid: [182][500/501]  Loss -4.2175 (-2.6083)
2022-04-27 16:16:36,020:INFO: Train: [183][2111/2112]  Loss -0.7817 (-1.5819)  Time:  0.363 (0.014)  Data Time:  0.004 (0.004)
2022-04-27 16:16:36,021:INFO:   Eta: 0:32:46
2022-04-27 16:16:41,073:INFO: Valid: [183][500/501]  Loss -5.7509 (-3.6121)
2022-04-27 16:17:10,491:INFO: Train: [184][2111/2112]  Loss -0.7936 (-1.6183)  Time:  0.375 (0.014)  Data Time:  0.004 (0.004)
2022-04-27 16:17:10,494:INFO:   Eta: 0:32:19
2022-04-27 16:17:15,740:INFO: Valid: [184][500/501]  Loss -5.3923 (-3.3575)
2022-04-27 16:17:45,181:INFO: Train: [185][2111/2112]  Loss -0.8051 (-1.5815)  Time:  0.372 (0.014)  Data Time:  0.004 (0.004)
2022-04-27 16:17:45,184:INFO:   Eta: 0:31:50
2022-04-27 16:17:50,364:INFO: Valid: [185][500/501]  Loss -4.5135 (-2.8017)
2022-04-27 16:18:20,381:INFO: Train: [186][2111/2112]  Loss -0.7853 (-1.5038)  Time:  0.360 (0.014)  Data Time:  0.004 (0.004)
2022-04-27 16:18:20,384:INFO:   Eta: 0:31:58
2022-04-27 16:18:25,354:INFO: Valid: [186][500/501]  Loss -5.4359 (-3.4020)
2022-04-27 16:19:39,758:INFO: Train: [187][2111/2112]  Loss -0.7602 (-1.5657)  Time:  0.345 (0.035)  Data Time:  0.004 (0.004)
2022-04-27 16:19:39,761:INFO:   Eta: 1:18:03
2022-04-27 16:19:44,883:INFO: Valid: [187][500/501]  Loss -5.2559 (-3.2190)
2022-04-27 16:20:14,150:INFO: Train: [188][2111/2112]  Loss -0.6889 (-1.4254)  Time:  0.368 (0.014)  Data Time:  0.004 (0.004)
2022-04-27 16:20:14,154:INFO:   Eta: 0:30:11
2022-04-27 16:20:19,118:INFO: Valid: [188][500/501]  Loss -5.0719 (-3.1388)
2022-04-27 16:20:48,401:INFO: Train: [189][2111/2112]  Loss -0.8012 (-1.6047)  Time:  0.420 (0.014)  Data Time:  0.004 (0.004)
2022-04-27 16:20:48,416:INFO:   Eta: 0:29:35
2022-04-27 16:20:53,270:INFO: Valid: [189][500/501]  Loss -5.5714 (-3.4186)
2022-04-27 16:21:22,689:INFO: Train: [190][2111/2112]  Loss -0.7526 (-1.5194)  Time:  0.343 (0.014)  Data Time:  0.003 (0.004)
2022-04-27 16:21:23,935:INFO:   Eta: 0:29:15
2022-04-27 16:21:28,664:INFO: Valid: [190][500/501]  Loss -6.0047 (-3.7254)
2022-04-27 16:21:58,272:INFO: Train: [191][2111/2112]  Loss -0.8266 (-1.5422)  Time:  0.367 (0.014)  Data Time:  0.004 (0.004)
2022-04-27 16:21:58,287:INFO:   Eta: 0:28:53
2022-04-27 16:22:03,103:INFO: Valid: [191][500/501]  Loss -5.3208 (-3.3150)
2022-04-27 16:22:32,488:INFO: Train: [192][2111/2112]  Loss -0.8201 (-1.5824)  Time:  0.336 (0.014)  Data Time:  0.004 (0.004)
2022-04-27 16:22:32,503:INFO:   Eta: 0:28:15
2022-04-27 16:22:37,303:INFO: Valid: [192][500/501]  Loss -4.6348 (-2.8347)
2022-04-27 16:23:06,349:INFO: Train: [193][2111/2112]  Loss -0.7707 (-1.4868)  Time:  0.368 (0.014)  Data Time:  0.004 (0.005)
2022-04-27 16:23:07,488:INFO:   Eta: 0:27:26
2022-04-27 16:23:13,364:INFO: Valid: [193][500/501]  Loss -6.4504 (-4.0286)
2022-04-27 16:23:15,518:INFO: Checkpoint saved...
2022-04-27 16:23:44,496:INFO: Train: [194][2111/2112]  Loss -0.8392 (-1.5904)  Time:  0.392 (0.014)  Data Time:  0.004 (0.004)
2022-04-27 16:23:45,357:INFO:   Eta: 0:26:54
2022-04-27 16:23:51,872:INFO: Valid: [194][500/501]  Loss -5.4995 (-3.3600)
2022-04-27 16:24:21,657:INFO: Train: [195][2111/2112]  Loss -0.7974 (-1.5249)  Time:  0.376 (0.014)  Data Time:  0.005 (0.004)
2022-04-27 16:24:21,852:INFO:   Eta: 0:26:46
2022-04-27 16:24:27,993:INFO: Valid: [195][500/501]  Loss -5.4790 (-3.4249)
2022-04-27 16:25:00,296:INFO: Train: [196][2111/2112]  Loss -0.8498 (-1.5073)  Time:  0.440 (0.014)  Data Time:  0.003 (0.004)
2022-04-27 16:25:00,311:INFO:   Eta: 0:25:51
2022-04-27 16:25:05,471:INFO: Valid: [196][500/501]  Loss -5.6885 (-3.5404)
2022-04-27 16:25:35,101:INFO: Train: [197][2111/2112]  Loss -0.8752 (-1.4729)  Time:  0.389 (0.014)  Data Time:  0.004 (0.004)
2022-04-27 16:25:35,117:INFO:   Eta: 0:26:01
2022-04-27 16:25:40,068:INFO: Valid: [197][500/501]  Loss -5.3077 (-3.3267)
2022-04-27 16:26:09,365:INFO: Train: [198][2111/2112]  Loss -0.8131 (-1.5506)  Time:  0.367 (0.014)  Data Time:  0.007 (0.004)
2022-04-27 16:26:09,380:INFO:   Eta: 0:25:13
2022-04-27 16:26:15,233:INFO: Valid: [198][500/501]  Loss -4.2896 (-2.6035)
2022-04-27 16:26:42,926:INFO: Train: [199][2111/2112]  Loss -0.6920 (-1.6139)  Time:  0.306 (0.012)  Data Time:  0.000 (0.003)
2022-04-27 16:26:43,805:INFO:   Eta: 0:22:08
2022-04-27 16:26:48,942:INFO: Valid: [199][500/501]  Loss -5.5854 (-3.4863)
2022-04-27 16:27:20,877:INFO: Train: [200][2111/2112]  Loss -0.8240 (-1.5972)  Time:  0.343 (0.014)  Data Time:  0.003 (0.004)
2022-04-27 16:27:20,892:INFO:   Eta: 0:24:08
2022-04-27 16:27:25,901:INFO: Valid: [200][500/501]  Loss -5.7916 (-3.5953)
2022-04-27 16:27:55,385:INFO: Train: [201][2111/2112]  Loss -0.7928 (-1.5295)  Time:  0.379 (0.014)  Data Time:  0.003 (0.004)
2022-04-27 16:27:55,400:INFO:   Eta: 0:23:57
2022-04-27 16:28:00,647:INFO: Valid: [201][500/501]  Loss -5.4153 (-3.3824)
2022-04-27 16:28:30,587:INFO: Train: [202][2111/2112]  Loss -0.7621 (-1.4980)  Time:  0.350 (0.014)  Data Time:  0.004 (0.004)
2022-04-27 16:28:30,603:INFO:   Eta: 0:23:49
2022-04-27 16:28:35,677:INFO: Valid: [202][500/501]  Loss -4.4766 (-2.7669)
2022-04-27 16:29:05,397:INFO: Train: [203][2111/2112]  Loss -0.8439 (-1.6031)  Time:  0.420 (0.014)  Data Time:  0.001 (0.004)
2022-04-27 16:29:05,823:INFO:   Eta: 0:23:09
2022-04-27 16:29:12,337:INFO: Valid: [203][500/501]  Loss -6.0851 (-3.8075)
2022-04-27 16:29:48,797:INFO: Train: [204][2111/2112]  Loss -0.7957 (-1.5814)  Time:  0.401 (0.014)  Data Time:  0.004 (0.004)
2022-04-27 16:29:48,833:INFO:   Eta: 0:21:58
2022-04-27 16:29:54,304:INFO: Valid: [204][500/501]  Loss -5.5250 (-3.4535)
2022-04-27 16:30:23,445:INFO: Train: [205][2111/2112]  Loss -0.8179 (-1.5426)  Time:  0.413 (0.014)  Data Time:  0.004 (0.004)
2022-04-27 16:30:23,475:INFO:   Eta: 0:21:36
2022-04-27 16:30:28,751:INFO: Valid: [205][500/501]  Loss -3.8110 (-2.3157)
2022-04-27 16:30:54,990:INFO: Train: [206][2111/2112]  Loss -0.8496 (-1.5862)  Time:  0.443 (0.012)  Data Time:  0.004 (0.004)
2022-04-27 16:30:57,101:INFO:   Eta: 0:19:06
2022-04-27 16:31:02,294:INFO: Valid: [206][500/501]  Loss -5.8619 (-3.6583)
2022-04-27 16:31:29,481:INFO: Train: [207][2111/2112]  Loss -0.8065 (-1.6014)  Time:  0.236 (0.013)  Data Time:  0.000 (0.004)
2022-04-27 16:31:30,891:INFO:   Eta: 0:19:22
2022-04-27 16:31:36,123:INFO: Valid: [207][500/501]  Loss -5.8450 (-3.6140)
2022-04-27 16:32:04,704:INFO: Train: [208][2111/2112]  Loss -0.8080 (-1.5944)  Time:  0.368 (0.013)  Data Time:  0.003 (0.004)
2022-04-27 16:32:06,359:INFO:   Eta: 0:18:51
2022-04-27 16:32:11,703:INFO: Valid: [208][500/501]  Loss -4.1153 (-2.5217)
2022-04-27 16:32:48,571:INFO: Train: [209][2111/2112]  Loss -0.8729 (-1.5657)  Time:  0.493 (0.014)  Data Time:  0.005 (0.004)
2022-04-27 16:32:48,626:INFO:   Eta: 0:19:53
2022-04-27 16:32:56,023:INFO: Valid: [209][500/501]  Loss -4.5265 (-2.8350)
2022-04-27 16:33:26,441:INFO: Train: [210][2111/2112]  Loss -0.7912 (-1.4727)  Time:  0.244 (0.013)  Data Time:  0.001 (0.004)
2022-04-27 16:33:28,981:INFO:   Eta: 0:17:41
2022-04-27 16:33:35,983:INFO: Valid: [210][500/501]  Loss -2.6107 (-1.5760)
2022-04-27 16:34:18,080:INFO: Train: [211][2111/2112]  Loss -0.7657 (-1.5469)  Time:  0.259 (0.012)  Data Time:  0.001 (0.003)
2022-04-27 16:34:20,613:INFO:   Eta: 0:15:54
2022-04-27 16:34:27,429:INFO: Valid: [211][500/501]  Loss -5.3370 (-3.3253)
2022-04-27 16:35:11,809:INFO: Train: [212][2111/2112]  Loss -0.7626 (-1.5563)  Time:  0.276 (0.012)  Data Time:  0.002 (0.004)
2022-04-27 16:35:12,984:INFO:   Eta: 0:15:24
2022-04-27 16:35:18,763:INFO: Valid: [212][500/501]  Loss -5.6307 (-3.5190)
2022-04-27 16:36:01,355:INFO: Train: [213][2111/2112]  Loss -0.7562 (-1.6275)  Time:  0.463 (0.012)  Data Time:  0.004 (0.003)
2022-04-27 16:36:01,370:INFO:   Eta: 0:15:49
2022-04-27 16:36:06,649:INFO: Valid: [213][500/501]  Loss -2.7661 (-1.7188)
2022-04-27 16:36:36,948:INFO: Train: [214][2111/2112]  Loss -0.7513 (-1.6177)  Time:  0.376 (0.014)  Data Time:  0.004 (0.004)
2022-04-27 16:36:36,961:INFO:   Eta: 0:18:07
2022-04-27 16:36:42,118:INFO: Valid: [214][500/501]  Loss -5.8132 (-3.6075)
2022-04-27 16:37:42,538:INFO: Train: [215][2111/2112]  Loss -0.6837 (-1.4522)  Time:  0.373 (0.029)  Data Time:  0.004 (0.004)
2022-04-27 16:37:42,541:INFO:   Eta: 0:35:12
2022-04-27 16:37:47,579:INFO: Valid: [215][500/501]  Loss -5.5954 (-3.5017)
2022-04-27 16:38:17,727:INFO: Train: [216][2111/2112]  Loss -0.7717 (-1.6571)  Time:  0.412 (0.014)  Data Time:  0.004 (0.004)
2022-04-27 16:38:17,728:INFO:   Eta: 0:17:03
2022-04-27 16:38:22,778:INFO: Valid: [216][500/501]  Loss -6.0037 (-3.7227)
2022-04-27 16:38:53,025:INFO: Train: [217][2111/2112]  Loss -0.7998 (-1.5873)  Time:  0.410 (0.014)  Data Time:  0.005 (0.005)
2022-04-27 16:38:53,032:INFO:   Eta: 0:16:33
2022-04-27 16:38:58,073:INFO: Valid: [217][500/501]  Loss -6.0668 (-3.7938)
2022-04-27 16:39:28,706:INFO: Train: [218][2111/2112]  Loss -0.7482 (-1.4550)  Time:  0.357 (0.014)  Data Time:  0.004 (0.004)
2022-04-27 16:39:28,721:INFO:   Eta: 0:16:15
2022-04-27 16:39:33,852:INFO: Valid: [218][500/501]  Loss -4.8986 (-3.0423)
2022-04-27 16:40:04,342:INFO: Train: [219][2111/2112]  Loss -0.7929 (-1.6068)  Time:  0.414 (0.014)  Data Time:  0.005 (0.004)
2022-04-27 16:40:04,362:INFO:   Eta: 0:15:40
2022-04-27 16:40:09,481:INFO: Valid: [219][500/501]  Loss -4.7986 (-2.9676)
2022-04-27 16:40:40,651:INFO: Train: [220][2111/2112]  Loss -0.7665 (-1.3565)  Time:  0.379 (0.015)  Data Time:  0.005 (0.004)
2022-04-27 16:40:40,666:INFO:   Eta: 0:15:30
2022-04-27 16:40:46,056:INFO: Valid: [220][500/501]  Loss -4.8783 (-2.9023)
2022-04-27 16:41:16,762:INFO: Train: [221][2111/2112]  Loss -0.8336 (-1.5861)  Time:  0.515 (0.014)  Data Time:  0.005 (0.005)
2022-04-27 16:41:16,777:INFO:   Eta: 0:14:45
2022-04-27 16:41:43,801:INFO: Valid: [221][500/501]  Loss -5.8911 (-3.6159)
2022-04-27 16:42:14,241:INFO: Train: [222][2111/2112]  Loss -0.7739 (-1.5941)  Time:  0.422 (0.014)  Data Time:  0.005 (0.004)
2022-04-27 16:42:14,257:INFO:   Eta: 0:14:04
2022-04-27 16:42:19,576:INFO: Valid: [222][500/501]  Loss -2.7190 (-1.6414)
2022-04-27 16:42:50,180:INFO: Train: [223][2111/2112]  Loss -0.7737 (-1.5415)  Time:  0.356 (0.014)  Data Time:  0.004 (0.004)
2022-04-27 16:42:50,196:INFO:   Eta: 0:13:41
2022-04-27 16:42:55,401:INFO: Valid: [223][500/501]  Loss -6.2502 (-3.8966)
2022-04-27 16:43:26,485:INFO: Train: [224][2111/2112]  Loss -0.8220 (-1.6733)  Time:  0.434 (0.015)  Data Time:  0.006 (0.004)
2022-04-27 16:43:26,500:INFO:   Eta: 0:13:24
2022-04-27 16:43:31,922:INFO: Valid: [224][500/501]  Loss -6.1845 (-3.8275)
2022-04-27 16:44:04,734:INFO: Train: [225][2111/2112]  Loss -0.8375 (-1.5724)  Time:  0.471 (0.015)  Data Time:  0.004 (0.004)
2022-04-27 16:44:04,750:INFO:   Eta: 0:13:36
2022-04-27 16:44:10,315:INFO: Valid: [225][500/501]  Loss -6.3858 (-3.9600)
2022-04-27 16:44:44,116:INFO: Train: [226][2111/2112]  Loss -0.8498 (-1.5098)  Time:  0.443 (0.016)  Data Time:  0.004 (0.004)
2022-04-27 16:44:44,132:INFO:   Eta: 0:13:22
2022-04-27 16:44:49,390:INFO: Valid: [226][500/501]  Loss -4.6892 (-2.8875)
2022-04-27 16:45:21,924:INFO: Train: [227][2111/2112]  Loss -0.8803 (-1.4625)  Time:  0.444 (0.015)  Data Time:  0.004 (0.004)
2022-04-27 16:45:21,939:INFO:   Eta: 0:12:24
2022-04-27 16:45:27,389:INFO: Valid: [227][500/501]  Loss -5.6117 (-3.4816)
2022-04-27 16:46:00,985:INFO: Train: [228][2111/2112]  Loss -0.7437 (-1.3942)  Time:  0.435 (0.016)  Data Time:  0.004 (0.004)
2022-04-27 16:46:01,001:INFO:   Eta: 0:12:15
2022-04-27 16:46:06,443:INFO: Valid: [228][500/501]  Loss -5.8786 (-3.5974)
2022-04-27 16:46:39,935:INFO: Train: [229][2111/2112]  Loss -0.9317 (-1.6100)  Time:  0.411 (0.016)  Data Time:  0.004 (0.004)
2022-04-27 16:46:39,950:INFO:   Eta: 0:11:39
2022-04-27 16:46:45,376:INFO: Valid: [229][500/501]  Loss -5.7621 (-3.5795)
2022-04-27 16:47:18,849:INFO: Train: [230][2111/2112]  Loss -0.7882 (-1.5751)  Time:  0.368 (0.016)  Data Time:  0.003 (0.004)
2022-04-27 16:47:20,202:INFO:   Eta: 0:11:04
2022-04-27 16:47:25,817:INFO: Valid: [230][500/501]  Loss -5.8684 (-3.6226)
2022-04-27 16:47:59,647:INFO: Train: [231][2111/2112]  Loss -0.8716 (-1.5829)  Time:  0.422 (0.016)  Data Time:  0.002 (0.004)
2022-04-27 16:47:59,662:INFO:   Eta: 0:10:39
2022-04-27 16:48:05,415:INFO: Valid: [231][500/501]  Loss -4.8726 (-2.9910)
2022-04-27 16:48:40,974:INFO: Train: [232][2111/2112]  Loss -0.7669 (-1.5963)  Time:  0.481 (0.017)  Data Time:  0.005 (0.004)
2022-04-27 16:48:40,990:INFO:   Eta: 0:10:36
2022-04-27 16:48:46,565:INFO: Valid: [232][500/501]  Loss -6.1818 (-3.8473)
2022-04-27 16:49:21,169:INFO: Train: [233][2111/2112]  Loss -0.9256 (-1.5940)  Time:  0.522 (0.016)  Data Time:  0.004 (0.004)
2022-04-27 16:49:21,186:INFO:   Eta: 0:09:44
2022-04-27 16:49:26,720:INFO: Valid: [233][500/501]  Loss -3.8054 (-2.4054)
2022-04-27 16:50:02,004:INFO: Train: [234][2111/2112]  Loss -0.7180 (-1.6733)  Time:  0.491 (0.017)  Data Time:  0.004 (0.004)
2022-04-27 16:50:02,019:INFO:   Eta: 0:09:20
2022-04-27 16:50:07,494:INFO: Valid: [234][500/501]  Loss -6.0653 (-3.7464)
2022-04-27 16:50:42,699:INFO: Train: [235][2111/2112]  Loss -0.8796 (-1.6289)  Time:  0.539 (0.017)  Data Time:  0.004 (0.004)
2022-04-27 16:50:42,716:INFO:   Eta: 0:08:44
2022-04-27 16:50:48,387:INFO: Valid: [235][500/501]  Loss -5.6431 (-3.4968)
2022-04-27 16:51:23,582:INFO: Train: [236][2111/2112]  Loss -0.8040 (-1.6412)  Time:  0.497 (0.017)  Data Time:  0.004 (0.004)
2022-04-27 16:51:23,602:INFO:   Eta: 0:08:09
2022-04-27 16:51:29,120:INFO: Valid: [236][500/501]  Loss -3.0814 (-1.8819)
2022-04-27 16:52:04,219:INFO: Train: [237][2111/2112]  Loss -0.7737 (-1.5162)  Time:  0.419 (0.017)  Data Time:  0.004 (0.004)
2022-04-27 16:52:04,235:INFO:   Eta: 0:07:33
2022-04-27 16:52:09,662:INFO: Valid: [237][500/501]  Loss -5.5337 (-3.4113)
2022-04-27 16:52:44,970:INFO: Train: [238][2111/2112]  Loss -0.8537 (-1.6179)  Time:  0.516 (0.017)  Data Time:  0.003 (0.004)
2022-04-27 16:52:44,991:INFO:   Eta: 0:07:01
2022-04-27 16:52:50,557:INFO: Valid: [238][500/501]  Loss -4.0488 (-2.4693)
2022-04-27 16:53:25,616:INFO: Train: [239][2111/2112]  Loss -0.8101 (-1.6409)  Time:  0.532 (0.016)  Data Time:  0.005 (0.004)
2022-04-27 16:53:25,632:INFO:   Eta: 0:06:23
2022-04-27 16:53:31,399:INFO: Valid: [239][500/501]  Loss -5.1301 (-3.1480)
2022-04-27 16:54:06,619:INFO: Train: [240][2111/2112]  Loss -0.7660 (-1.5444)  Time:  0.490 (0.017)  Data Time:  0.004 (0.004)
2022-04-27 16:54:06,637:INFO:   Eta: 0:05:49
2022-04-27 16:54:12,372:INFO: Valid: [240][500/501]  Loss -5.7519 (-3.5626)
2022-04-27 16:54:48,110:INFO: Train: [241][2111/2112]  Loss -0.7798 (-1.6491)  Time:  0.582 (0.017)  Data Time:  0.003 (0.004)
2022-04-27 16:54:48,125:INFO:   Eta: 0:05:19
2022-04-27 16:54:53,663:INFO: Valid: [241][500/501]  Loss -4.3407 (-2.6094)
2022-04-27 16:55:29,027:INFO: Train: [242][2111/2112]  Loss -0.7310 (-1.6524)  Time:  0.429 (0.017)  Data Time:  0.005 (0.004)
2022-04-27 16:55:29,044:INFO:   Eta: 0:04:41
2022-04-27 16:55:34,746:INFO: Valid: [242][500/501]  Loss -5.1529 (-3.2463)
2022-04-27 16:56:06,972:INFO: Train: [243][2111/2112]  Loss -0.8409 (-1.6424)  Time:  0.386 (0.015)  Data Time:  0.003 (0.004)
2022-04-27 16:56:07,498:INFO:   Eta: 0:03:43
2022-04-27 16:56:12,998:INFO: Valid: [243][500/501]  Loss -5.5501 (-3.4562)
2022-04-27 16:56:42,402:INFO: Train: [244][2111/2112]  Loss -0.8512 (-1.5950)  Time:  0.378 (0.014)  Data Time:  0.002 (0.002)
2022-04-27 16:56:42,418:INFO:   Eta: 0:02:54
2022-04-27 16:56:47,798:INFO: Valid: [244][500/501]  Loss -6.2314 (-3.8608)
2022-04-27 16:57:17,253:INFO: Train: [245][2111/2112]  Loss -0.8418 (-1.6501)  Time:  0.434 (0.014)  Data Time:  0.001 (0.002)
2022-04-27 16:57:17,268:INFO:   Eta: 0:02:26
2022-04-27 16:57:22,722:INFO: Valid: [245][500/501]  Loss -4.3822 (-2.6401)
2022-04-27 16:57:52,860:INFO: Train: [246][2111/2112]  Loss -0.9162 (-1.5053)  Time:  0.454 (0.014)  Data Time:  0.002 (0.002)
2022-04-27 16:57:52,875:INFO:   Eta: 0:01:59
2022-04-27 16:57:58,318:INFO: Valid: [246][500/501]  Loss -3.8399 (-2.3431)
2022-04-27 16:58:27,790:INFO: Train: [247][2111/2112]  Loss -0.8108 (-1.5851)  Time:  0.366 (0.014)  Data Time:  0.002 (0.002)
2022-04-27 16:58:27,791:INFO:   Eta: 0:01:27
2022-04-27 16:58:33,162:INFO: Valid: [247][500/501]  Loss -5.3773 (-3.3559)
2022-04-27 16:58:58,764:INFO: Train: [248][2111/2112]  Loss -0.8433 (-1.6035)  Time:  0.328 (0.012)  Data Time:  0.000 (0.001)
2022-04-27 16:58:58,768:INFO:   Eta: 0:00:51
2022-04-27 16:59:04,073:INFO: Valid: [248][500/501]  Loss -5.6875 (-3.5454)
2022-04-27 16:59:28,286:INFO: Train: [249][2111/2112]  Loss -0.8606 (-1.5375)  Time:  0.371 (0.011)  Data Time:  0.000 (0.001)
2022-04-27 16:59:28,288:INFO:   Eta: 0:00:24
2022-04-27 16:59:33,723:INFO: Valid: [249][500/501]  Loss -5.2637 (-3.2980)
2022-04-27 16:59:38,130:INFO: Test: [0]  ADE: 0.6488  FDE: 1.1315
2022-04-27 16:59:53,211:INFO: Test: [0]  ADE: 0.3880  FDE: 0.6752
2022-04-27 17:02:47,873:INFO: Test: [0]  ADE: 0.4919  FDE: 0.9103
2022-04-27 17:03:14,665:INFO: Test: [0]  ADE: 0.3600  FDE: 0.5880
2022-04-27 17:04:09,612:INFO: Test: [0]  ADE: 0.3206  FDE: 0.5128
2022-04-27 17:04:09,622:INFO: 29-3.32315 0.649/1.132 0.388/0.675 0.492/0.910 0.360/0.588 0.321/0.5130.442/0.764
2022-04-27 17:04:09,623:INFO: 29-3.32315 0.649  0.388  0.492  0.360  0.321 0.442
2022-04-27 17:04:09,624:INFO: 29-3.32315 1.132  0.675  0.910  0.588  0.513 0.764
