2022-04-08 03:27:35,748:INFO: batch_size=128
2022-04-08 03:27:35,749:INFO: clip_grad=None
2022-04-08 03:27:35,749:INFO: dataset=zara2
2022-04-08 03:27:35,749:INFO: drop=0.0
2022-04-08 03:27:35,749:INFO: gpu_num=0
2022-04-08 03:27:35,749:INFO: input_size=2
2022-04-08 03:27:35,749:INFO: kernel_size=3
2022-04-08 03:27:35,749:INFO: lr=0.01
2022-04-08 03:27:35,749:INFO: lr_sh_rate=150
2022-04-08 03:27:35,749:INFO: model=social_stgcnn9
2022-04-08 03:27:35,749:INFO: n_stgcnn=1
2022-04-08 03:27:35,749:INFO: n_txpcnn=5
2022-04-08 03:27:35,749:INFO: num_epochs=250
2022-04-08 03:27:35,749:INFO: obs_seq_len=8
2022-04-08 03:27:35,749:INFO: output_size=5
2022-04-08 03:27:35,749:INFO: pred_seq_len=12
2022-04-08 03:27:35,750:INFO: seed=0
2022-04-08 03:27:35,750:INFO: tag=zara2
2022-04-08 03:27:35,750:INFO: use_lrschd=True
2022-04-08 03:27:35,750:INFO: ******************************
2022-04-08 03:27:35,750:INFO: Training initiating....
2022-04-08 03:27:35,750:INFO: Namespace(batch_size=128, clip_grad=None, dataset='zara2', drop=0.0, gpu_num='0', input_size=2, kernel_size=3, lr=0.01, lr_sh_rate=150, model='social_stgcnn9', n_stgcnn=1, n_txpcnn=5, num_epochs=250, obs_seq_len=8, output_size=5, pred_seq_len=12, seed=0, tag='zara2', use_lrschd=True)
2022-04-08 03:27:35,755:INFO: Initializing train dataset
2022-04-08 03:27:51,214:INFO: Initializing val dataset
2022-04-08 03:28:25,303:INFO: social_stgcnn9
2022-04-08 03:28:25,442:INFO: Data and model loaded
2022-04-08 03:28:25,442:INFO: Checkpoint dir: ./runs/Apr08_03-27-35_node07/zara2/checkpoint
2022-04-08 03:28:25,442:INFO: Training started ...
2022-04-08 03:28:57,535:INFO: Train: [0][2111/2112]  Loss 0.5185 (1.6012)  Time:  0.357 (0.015)  Data Time:  0.005 (0.004)
2022-04-08 03:28:57,537:INFO:   Eta: 2:13:39
2022-04-08 03:29:28,135:INFO: Train: [1][2111/2112]  Loss 0.2501 (0.8590)  Time:  0.367 (0.014)  Data Time:  0.005 (0.004)
2022-04-08 03:29:28,137:INFO:   Eta: 2:06:53
2022-04-08 03:29:58,840:INFO: Train: [2][2111/2112]  Loss 0.1536 (0.4487)  Time:  0.372 (0.015)  Data Time:  0.004 (0.004)
2022-04-08 03:29:58,842:INFO:   Eta: 2:06:48
2022-04-08 03:30:29,341:INFO: Train: [3][2111/2112]  Loss 0.1341 (0.2767)  Time:  0.419 (0.014)  Data Time:  0.005 (0.004)
2022-04-08 03:30:29,342:INFO:   Eta: 2:05:27
2022-04-08 03:31:00,206:INFO: Train: [4][2111/2112]  Loss -0.0081 (0.1338)  Time:  0.390 (0.015)  Data Time:  0.004 (0.004)
2022-04-08 03:31:00,207:INFO:   Eta: 2:06:25
2022-04-08 03:31:30,575:INFO: Train: [5][2111/2112]  Loss 0.0158 (-0.0021)  Time:  0.362 (0.014)  Data Time:  0.004 (0.004)
2022-04-08 03:31:30,577:INFO:   Eta: 2:03:54
2022-04-08 03:32:01,672:INFO: Train: [6][2111/2112]  Loss -0.0727 (0.0169)  Time:  0.351 (0.015)  Data Time:  0.003 (0.004)
2022-04-08 03:32:01,674:INFO:   Eta: 2:06:20
2022-04-08 03:32:51,924:INFO: Test: [6]  ADE: 0.5882  FDE: 0.6818
2022-04-08 03:33:20,181:INFO: Train: [7][2111/2112]  Loss -0.1225 (-0.0729)  Time:  0.346 (0.013)  Data Time:  0.004 (0.004)
2022-04-08 03:33:20,183:INFO:   Eta: 1:54:18
2022-04-08 03:33:48,431:INFO: Train: [8][2111/2112]  Loss -0.1760 (-0.1091)  Time:  0.340 (0.013)  Data Time:  0.003 (0.004)
2022-04-08 03:33:48,433:INFO:   Eta: 1:53:50
2022-04-08 03:34:16,618:INFO: Train: [9][2111/2112]  Loss -0.0738 (-0.2257)  Time:  0.376 (0.013)  Data Time:  0.004 (0.004)
2022-04-08 03:34:16,620:INFO:   Eta: 1:53:07
2022-04-08 03:34:47,143:INFO: Train: [10][2111/2112]  Loss -0.1780 (-0.2161)  Time:  0.375 (0.014)  Data Time:  0.004 (0.004)
2022-04-08 03:34:47,145:INFO:   Eta: 2:01:59
2022-04-08 03:35:17,874:INFO: Train: [11][2111/2112]  Loss -0.1662 (-0.3792)  Time:  0.384 (0.015)  Data Time:  0.004 (0.004)
2022-04-08 03:35:17,878:INFO:   Eta: 2:02:16
2022-04-08 03:35:48,578:INFO: Train: [12][2111/2112]  Loss -0.1758 (-0.3297)  Time:  0.394 (0.015)  Data Time:  0.005 (0.004)
2022-04-08 03:35:48,580:INFO:   Eta: 2:01:38
2022-04-08 03:36:19,196:INFO: Train: [13][2111/2112]  Loss -0.2743 (-0.3085)  Time:  0.373 (0.014)  Data Time:  0.005 (0.004)
2022-04-08 03:36:19,197:INFO:   Eta: 2:00:49
2022-04-08 03:36:49,650:INFO: Train: [14][2111/2112]  Loss -0.2531 (-0.2831)  Time:  0.391 (0.014)  Data Time:  0.004 (0.004)
2022-04-08 03:36:49,674:INFO:   Eta: 1:59:41
2022-04-08 03:37:20,107:INFO: Train: [15][2111/2112]  Loss -0.2933 (-0.3941)  Time:  0.335 (0.014)  Data Time:  0.004 (0.005)
2022-04-08 03:37:20,109:INFO:   Eta: 1:58:51
2022-04-08 03:37:52,470:INFO: Train: [16][2111/2112]  Loss -0.2752 (-0.3582)  Time:  0.509 (0.015)  Data Time:  0.004 (0.004)
2022-04-08 03:37:52,471:INFO:   Eta: 2:06:05
2022-04-08 03:38:45,259:INFO: Test: [16]  ADE: 0.5282  FDE: 0.5954
2022-04-08 03:39:15,147:INFO: Train: [17][2111/2112]  Loss -0.0995 (-0.4214)  Time:  0.359 (0.014)  Data Time:  0.003 (0.004)
2022-04-08 03:39:15,161:INFO:   Eta: 1:55:56
2022-04-08 03:39:43,382:INFO: Train: [18][2111/2112]  Loss -0.0079 (-0.4573)  Time:  0.351 (0.013)  Data Time:  0.004 (0.003)
2022-04-08 03:39:43,383:INFO:   Eta: 1:48:34
2022-04-08 03:40:11,553:INFO: Train: [19][2111/2112]  Loss -0.2835 (-0.5541)  Time:  0.389 (0.013)  Data Time:  0.004 (0.003)
2022-04-08 03:40:11,554:INFO:   Eta: 1:48:22
2022-04-08 03:40:39,702:INFO: Train: [20][2111/2112]  Loss -0.3490 (-0.4306)  Time:  0.449 (0.013)  Data Time:  0.004 (0.004)
2022-04-08 03:40:39,703:INFO:   Eta: 1:47:48
2022-04-08 03:41:07,969:INFO: Train: [21][2111/2112]  Loss -0.0670 (-0.3473)  Time:  0.356 (0.013)  Data Time:  0.003 (0.004)
2022-04-08 03:41:07,971:INFO:   Eta: 1:47:47
2022-04-08 03:41:36,804:INFO: Train: [22][2111/2112]  Loss -0.0329 (-0.4929)  Time:  0.403 (0.014)  Data Time:  0.005 (0.004)
2022-04-08 03:41:36,804:INFO:   Eta: 1:49:27
2022-04-08 03:42:07,918:INFO: Train: [23][2111/2112]  Loss -0.3623 (-0.5446)  Time:  0.389 (0.015)  Data Time:  0.005 (0.004)
2022-04-08 03:42:07,921:INFO:   Eta: 1:57:38
2022-04-08 03:42:38,470:INFO: Train: [24][2111/2112]  Loss -0.3517 (-0.4831)  Time:  0.382 (0.014)  Data Time:  0.004 (0.004)
2022-04-08 03:42:38,472:INFO:   Eta: 1:54:57
2022-04-08 03:43:09,500:INFO: Train: [25][2111/2112]  Loss -0.4459 (-0.6460)  Time:  0.357 (0.015)  Data Time:  0.005 (0.005)
2022-04-08 03:43:09,502:INFO:   Eta: 1:56:15
2022-04-08 03:43:39,971:INFO: Train: [26][2111/2112]  Loss -0.4079 (-0.5740)  Time:  0.356 (0.014)  Data Time:  0.004 (0.004)
2022-04-08 03:43:39,972:INFO:   Eta: 1:53:39
2022-04-08 03:44:31,754:INFO: Test: [26]  ADE: 0.5013  FDE: 0.6218
2022-04-08 03:45:01,786:INFO: Train: [27][2111/2112]  Loss -0.4126 (-0.6881)  Time:  0.413 (0.014)  Data Time:  0.005 (0.004)
2022-04-08 03:45:01,787:INFO:   Eta: 1:51:28
2022-04-08 03:45:33,208:INFO: Train: [28][2111/2112]  Loss -0.3631 (-0.6695)  Time:  0.383 (0.015)  Data Time:  0.005 (0.004)
2022-04-08 03:45:33,209:INFO:   Eta: 1:56:10
2022-04-08 03:46:04,249:INFO: Train: [29][2111/2112]  Loss -0.1912 (-0.7495)  Time:  0.412 (0.015)  Data Time:  0.005 (0.004)
2022-04-08 03:46:04,250:INFO:   Eta: 1:54:13
2022-04-08 03:46:33,324:INFO: Train: [30][2111/2112]  Loss -0.4818 (-0.7553)  Time:  0.403 (0.014)  Data Time:  0.004 (0.004)
2022-04-08 03:46:33,325:INFO:   Eta: 1:46:30
2022-04-08 03:47:01,038:INFO: Train: [31][2111/2112]  Loss -0.3078 (-0.8249)  Time:  0.357 (0.013)  Data Time:  0.003 (0.003)
2022-04-08 03:47:01,039:INFO:   Eta: 1:41:03
2022-04-08 03:47:29,379:INFO: Train: [32][2111/2112]  Loss -0.4276 (-0.7474)  Time:  0.326 (0.013)  Data Time:  0.002 (0.003)
2022-04-08 03:47:29,380:INFO:   Eta: 1:42:53
2022-04-08 03:47:56,507:INFO: Train: [33][2111/2112]  Loss -0.3668 (-0.7499)  Time:  0.307 (0.013)  Data Time:  0.003 (0.003)
2022-04-08 03:47:56,508:INFO:   Eta: 1:38:00
2022-04-08 03:48:24,022:INFO: Train: [34][2111/2112]  Loss -0.2186 (-0.7065)  Time:  0.433 (0.013)  Data Time:  0.003 (0.003)
2022-04-08 03:48:24,023:INFO:   Eta: 1:38:57
2022-04-08 03:48:53,231:INFO: Train: [35][2111/2112]  Loss -0.4789 (-0.8038)  Time:  0.388 (0.014)  Data Time:  0.004 (0.004)
2022-04-08 03:48:53,233:INFO:   Eta: 1:44:34
2022-04-08 03:49:24,276:INFO: Train: [36][2111/2112]  Loss -0.4895 (-0.7762)  Time:  0.371 (0.015)  Data Time:  0.004 (0.004)
2022-04-08 03:49:24,278:INFO:   Eta: 1:50:36
2022-04-08 03:50:16,874:INFO: Test: [36]  ADE: 0.4353  FDE: 0.5546
2022-04-08 03:50:47,841:INFO: Train: [37][2111/2112]  Loss -0.2863 (-0.8598)  Time:  0.349 (0.015)  Data Time:  0.003 (0.004)
2022-04-08 03:50:47,843:INFO:   Eta: 1:49:48
2022-04-08 03:51:18,947:INFO: Train: [38][2111/2112]  Loss -0.4282 (-0.8248)  Time:  0.389 (0.015)  Data Time:  0.004 (0.004)
2022-04-08 03:51:18,949:INFO:   Eta: 1:49:48
2022-04-08 03:51:50,470:INFO: Train: [39][2111/2112]  Loss -0.5345 (-0.8261)  Time:  0.389 (0.015)  Data Time:  0.004 (0.004)
2022-04-08 03:51:50,472:INFO:   Eta: 1:50:46
2022-04-08 03:52:22,568:INFO: Train: [40][2111/2112]  Loss -0.5071 (-0.8106)  Time:  0.401 (0.015)  Data Time:  0.005 (0.005)
2022-04-08 03:52:22,571:INFO:   Eta: 1:52:14
2022-04-08 03:52:54,667:INFO: Train: [41][2111/2112]  Loss -0.3040 (-0.8573)  Time:  0.449 (0.015)  Data Time:  0.004 (0.004)
2022-04-08 03:52:54,669:INFO:   Eta: 1:51:38
2022-04-08 03:53:25,881:INFO: Train: [42][2111/2112]  Loss -0.5013 (-0.8999)  Time:  0.377 (0.015)  Data Time:  0.004 (0.005)
2022-04-08 03:53:25,882:INFO:   Eta: 1:48:06
2022-04-08 03:53:54,655:INFO: Train: [43][2111/2112]  Loss -0.4590 (-0.9678)  Time:  0.345 (0.014)  Data Time:  0.004 (0.004)
2022-04-08 03:53:54,657:INFO:   Eta: 1:39:09
2022-04-08 03:54:23,464:INFO: Train: [44][2111/2112]  Loss -0.4685 (-0.8887)  Time:  0.367 (0.014)  Data Time:  0.003 (0.004)
2022-04-08 03:54:23,466:INFO:   Eta: 1:38:49
2022-04-08 03:54:51,921:INFO: Train: [45][2111/2112]  Loss -0.4356 (-0.9257)  Time:  0.366 (0.013)  Data Time:  0.002 (0.003)
2022-04-08 03:54:51,923:INFO:   Eta: 1:37:08
2022-04-08 03:55:19,269:INFO: Train: [46][2111/2112]  Loss -0.5521 (-0.8598)  Time:  0.342 (0.013)  Data Time:  0.003 (0.003)
2022-04-08 03:55:19,275:INFO:   Eta: 1:32:53
2022-04-08 03:56:11,477:INFO: Test: [46]  ADE: 0.4554  FDE: 0.6168
2022-04-08 03:56:43,033:INFO: Train: [47][2111/2112]  Loss -0.5871 (-0.9020)  Time:  0.434 (0.015)  Data Time:  0.004 (0.004)
2022-04-08 03:56:43,034:INFO:   Eta: 1:46:39
2022-04-08 03:57:15,580:INFO: Train: [48][2111/2112]  Loss -0.4947 (-0.9274)  Time:  0.455 (0.015)  Data Time:  0.005 (0.004)
2022-04-08 03:57:15,584:INFO:   Eta: 1:49:29
2022-04-08 03:57:47,981:INFO: Train: [49][2111/2112]  Loss -0.2925 (-0.9652)  Time:  0.418 (0.015)  Data Time:  0.005 (0.004)
2022-04-08 03:57:47,982:INFO:   Eta: 1:48:18
2022-04-08 03:58:20,236:INFO: Train: [50][2111/2112]  Loss -0.5258 (-0.8466)  Time:  0.411 (0.015)  Data Time:  0.004 (0.004)
2022-04-08 03:58:20,250:INFO:   Eta: 1:47:26
2022-04-08 03:58:51,329:INFO: Train: [51][2111/2112]  Loss -0.4931 (-0.9494)  Time:  0.327 (0.015)  Data Time:  0.004 (0.005)
2022-04-08 03:58:51,332:INFO:   Eta: 1:42:59
2022-04-08 03:59:23,820:INFO: Train: [52][2111/2112]  Loss -0.6086 (-0.9273)  Time:  0.382 (0.015)  Data Time:  0.004 (0.004)
2022-04-08 03:59:23,821:INFO:   Eta: 1:46:44
2022-04-08 03:59:55,960:INFO: Train: [53][2111/2112]  Loss -0.5452 (-0.9243)  Time:  0.360 (0.015)  Data Time:  0.004 (0.004)
2022-04-08 03:59:55,961:INFO:   Eta: 1:45:26
2022-04-08 04:00:28,036:INFO: Train: [54][2111/2112]  Loss -0.5303 (-1.0204)  Time:  0.411 (0.015)  Data Time:  0.004 (0.004)
2022-04-08 04:00:28,038:INFO:   Eta: 1:44:41
2022-04-08 04:00:56,952:INFO: Train: [55][2111/2112]  Loss -0.5692 (-1.0026)  Time:  0.451 (0.014)  Data Time:  0.004 (0.003)
2022-04-08 04:00:56,954:INFO:   Eta: 1:33:53
2022-04-08 04:01:26,120:INFO: Train: [56][2111/2112]  Loss -0.5586 (-0.9403)  Time:  0.453 (0.014)  Data Time:  0.003 (0.004)
2022-04-08 04:01:26,122:INFO:   Eta: 1:34:13
2022-04-08 04:02:22,326:INFO: Test: [56]  ADE: 0.3817  FDE: 0.4878
2022-04-08 04:02:51,143:INFO: Train: [57][2111/2112]  Loss -0.4718 (-1.0589)  Time:  0.437 (0.014)  Data Time:  0.003 (0.003)
2022-04-08 04:02:51,145:INFO:   Eta: 1:32:35
2022-04-08 04:03:22,761:INFO: Train: [58][2111/2112]  Loss -0.5101 (-0.9957)  Time:  0.403 (0.015)  Data Time:  0.005 (0.004)
2022-04-08 04:03:22,765:INFO:   Eta: 1:41:04
2022-04-08 04:03:54,762:INFO: Train: [59][2111/2112]  Loss -0.4881 (-1.0702)  Time:  0.356 (0.015)  Data Time:  0.005 (0.004)
2022-04-08 04:03:54,763:INFO:   Eta: 1:41:45
2022-04-08 04:04:26,059:INFO: Train: [60][2111/2112]  Loss -0.5663 (-0.9219)  Time:  0.417 (0.015)  Data Time:  0.005 (0.004)
2022-04-08 04:04:26,061:INFO:   Eta: 1:39:01
2022-04-08 04:04:57,882:INFO: Train: [61][2111/2112]  Loss -0.6035 (-1.0812)  Time:  0.406 (0.015)  Data Time:  0.006 (0.004)
2022-04-08 04:04:57,884:INFO:   Eta: 1:40:08
2022-04-08 04:05:30,195:INFO: Train: [62][2111/2112]  Loss -0.3781 (-1.0398)  Time:  0.469 (0.015)  Data Time:  0.005 (0.004)
2022-04-08 04:05:30,196:INFO:   Eta: 1:41:09
2022-04-08 04:06:01,649:INFO: Train: [63][2111/2112]  Loss -0.5044 (-1.0926)  Time:  0.398 (0.015)  Data Time:  0.004 (0.004)
2022-04-08 04:06:01,651:INFO:   Eta: 1:37:55
2022-04-08 04:06:31,993:INFO: Train: [64][2111/2112]  Loss -0.5390 (-1.0880)  Time:  0.365 (0.014)  Data Time:  0.003 (0.004)
2022-04-08 04:06:31,996:INFO:   Eta: 1:33:58
2022-04-08 04:07:04,199:INFO: Train: [65][2111/2112]  Loss -0.6419 (-1.0185)  Time:  0.372 (0.015)  Data Time:  0.004 (0.004)
2022-04-08 04:07:04,201:INFO:   Eta: 1:39:11
2022-04-08 04:07:36,293:INFO: Train: [66][2111/2112]  Loss -0.5499 (-1.0699)  Time:  0.452 (0.015)  Data Time:  0.004 (0.004)
2022-04-08 04:07:36,294:INFO:   Eta: 1:38:19
2022-04-08 04:08:33,100:INFO: Test: [66]  ADE: 0.3879  FDE: 0.5148
2022-04-08 04:09:01,246:INFO: Train: [67][2111/2112]  Loss -0.3851 (-1.1718)  Time:  0.297 (0.013)  Data Time:  0.002 (0.003)
2022-04-08 04:09:01,246:INFO:   Eta: 1:25:43
2022-04-08 04:09:31,980:INFO: Train: [68][2111/2112]  Loss -0.5298 (-1.0391)  Time:  0.428 (0.015)  Data Time:  0.003 (0.004)
2022-04-08 04:09:31,982:INFO:   Eta: 1:33:09
2022-04-08 04:09:59,923:INFO: Train: [69][2111/2112]  Loss -0.5397 (-1.1517)  Time:  0.381 (0.013)  Data Time:  0.003 (0.003)
2022-04-08 04:09:59,925:INFO:   Eta: 1:24:13
2022-04-08 04:10:28,186:INFO: Train: [70][2111/2112]  Loss -0.6301 (-1.0821)  Time:  0.397 (0.013)  Data Time:  0.004 (0.004)
2022-04-08 04:10:28,187:INFO:   Eta: 1:24:42
2022-04-08 04:10:58,765:INFO: Train: [71][2111/2112]  Loss -0.4756 (-1.0787)  Time:  0.414 (0.014)  Data Time:  0.005 (0.004)
2022-04-08 04:10:58,766:INFO:   Eta: 1:31:09
2022-04-08 04:11:29,298:INFO: Train: [72][2111/2112]  Loss -0.5296 (-1.0993)  Time:  0.399 (0.014)  Data Time:  0.004 (0.004)
2022-04-08 04:11:29,300:INFO:   Eta: 1:30:30
2022-04-08 04:11:58,741:INFO: Train: [73][2111/2112]  Loss -0.5812 (-1.0888)  Time:  0.412 (0.014)  Data Time:  0.004 (0.004)
2022-04-08 04:11:58,744:INFO:   Eta: 1:26:45
2022-04-08 04:12:28,170:INFO: Train: [74][2111/2112]  Loss -0.6252 (-1.1297)  Time:  0.417 (0.014)  Data Time:  0.004 (0.004)
2022-04-08 04:12:28,171:INFO:   Eta: 1:26:05
2022-04-08 04:12:58,781:INFO: Train: [75][2111/2112]  Loss -0.6846 (-1.1326)  Time:  0.373 (0.014)  Data Time:  0.004 (0.004)
2022-04-08 04:12:58,783:INFO:   Eta: 1:29:12
2022-04-08 04:13:29,104:INFO: Train: [76][2111/2112]  Loss -0.6387 (-1.1481)  Time:  0.389 (0.014)  Data Time:  0.004 (0.004)
2022-04-08 04:13:29,105:INFO:   Eta: 1:27:51
2022-04-08 04:14:20,643:INFO: Test: [76]  ADE: 0.4280  FDE: 0.6206
2022-04-08 04:14:51,298:INFO: Train: [77][2111/2112]  Loss -0.6424 (-1.1658)  Time:  0.357 (0.015)  Data Time:  0.004 (0.004)
2022-04-08 04:14:51,300:INFO:   Eta: 1:28:18
2022-04-08 04:15:21,122:INFO: Train: [78][2111/2112]  Loss -0.5705 (-1.2193)  Time:  0.358 (0.014)  Data Time:  0.005 (0.004)
2022-04-08 04:15:21,124:INFO:   Eta: 1:25:25
2022-04-08 04:15:48,626:INFO: Train: [79][2111/2112]  Loss -0.6285 (-1.2154)  Time:  0.319 (0.013)  Data Time:  0.003 (0.003)
2022-04-08 04:15:48,627:INFO:   Eta: 1:18:18
2022-04-08 04:16:16,116:INFO: Train: [80][2111/2112]  Loss -0.5577 (-1.2459)  Time:  0.447 (0.013)  Data Time:  0.003 (0.003)
2022-04-08 04:16:16,117:INFO:   Eta: 1:17:49
2022-04-08 04:16:43,715:INFO: Train: [81][2111/2112]  Loss -0.5378 (-1.1741)  Time:  0.332 (0.013)  Data Time:  0.003 (0.003)
2022-04-08 04:16:43,717:INFO:   Eta: 1:17:40
2022-04-08 04:17:11,199:INFO: Train: [82][2111/2112]  Loss -0.5886 (-1.1108)  Time:  0.473 (0.013)  Data Time:  0.003 (0.003)
2022-04-08 04:17:11,200:INFO:   Eta: 1:16:53
2022-04-08 04:17:38,141:INFO: Train: [83][2111/2112]  Loss -0.6710 (-1.1816)  Time:  0.326 (0.013)  Data Time:  0.002 (0.003)
2022-04-08 04:17:38,142:INFO:   Eta: 1:14:55
2022-04-08 04:18:05,459:INFO: Train: [84][2111/2112]  Loss -0.7070 (-1.2578)  Time:  0.404 (0.013)  Data Time:  0.005 (0.003)
2022-04-08 04:18:05,460:INFO:   Eta: 1:15:30
2022-04-08 04:18:36,047:INFO: Train: [85][2111/2112]  Loss -0.5908 (-1.1978)  Time:  0.368 (0.014)  Data Time:  0.003 (0.004)
2022-04-08 04:18:36,048:INFO:   Eta: 1:24:03
2022-04-08 04:19:06,994:INFO: Train: [86][2111/2112]  Loss -0.7266 (-1.1457)  Time:  0.392 (0.015)  Data Time:  0.004 (0.005)
2022-04-08 04:19:06,995:INFO:   Eta: 1:24:31
2022-04-08 04:20:02,413:INFO: Test: [86]  ADE: 0.3560  FDE: 0.5349
2022-04-08 04:20:34,812:INFO: Train: [87][2111/2112]  Loss -0.5710 (-1.2419)  Time:  0.437 (0.015)  Data Time:  0.005 (0.004)
2022-04-08 04:20:34,813:INFO:   Eta: 1:25:21
2022-04-08 04:21:06,453:INFO: Train: [88][2111/2112]  Loss -0.6178 (-1.2452)  Time:  0.384 (0.015)  Data Time:  0.004 (0.004)
2022-04-08 04:21:06,454:INFO:   Eta: 1:25:21
2022-04-08 04:21:37,855:INFO: Train: [89][2111/2112]  Loss -0.4984 (-1.2394)  Time:  0.407 (0.015)  Data Time:  0.003 (0.004)
2022-04-08 04:21:37,856:INFO:   Eta: 1:24:11
2022-04-08 04:22:09,643:INFO: Train: [90][2111/2112]  Loss -0.6964 (-1.2346)  Time:  0.372 (0.015)  Data Time:  0.005 (0.005)
2022-04-08 04:22:09,644:INFO:   Eta: 1:24:41
2022-04-08 04:22:41,494:INFO: Train: [91][2111/2112]  Loss -0.6868 (-1.2151)  Time:  0.446 (0.015)  Data Time:  0.004 (0.004)
2022-04-08 04:22:41,495:INFO:   Eta: 1:24:20
2022-04-08 04:23:11,487:INFO: Train: [92][2111/2112]  Loss -0.6861 (-1.1985)  Time:  0.458 (0.014)  Data Time:  0.004 (0.004)
2022-04-08 04:23:11,489:INFO:   Eta: 1:18:54
2022-04-08 04:23:39,516:INFO: Train: [93][2111/2112]  Loss -0.5732 (-1.2640)  Time:  0.337 (0.013)  Data Time:  0.002 (0.003)
2022-04-08 04:23:39,518:INFO:   Eta: 1:13:16
2022-04-08 04:24:07,277:INFO: Train: [94][2111/2112]  Loss -0.4686 (-1.2667)  Time:  0.330 (0.013)  Data Time:  0.002 (0.003)
2022-04-08 04:24:07,279:INFO:   Eta: 1:12:05
2022-04-08 04:24:36,415:INFO: Train: [95][2111/2112]  Loss -0.4908 (-1.2117)  Time:  0.377 (0.014)  Data Time:  0.004 (0.004)
2022-04-08 04:24:36,416:INFO:   Eta: 1:15:11
2022-04-08 04:25:06,138:INFO: Train: [96][2111/2112]  Loss -0.6576 (-1.2659)  Time:  0.474 (0.014)  Data Time:  0.004 (0.004)
2022-04-08 04:25:06,140:INFO:   Eta: 1:16:12
2022-04-08 04:26:02,694:INFO: Test: [96]  ADE: 0.3788  FDE: 0.5484
2022-04-08 04:26:34,667:INFO: Train: [97][2111/2112]  Loss -0.5898 (-1.2905)  Time:  0.376 (0.015)  Data Time:  0.004 (0.004)
2022-04-08 04:26:34,668:INFO:   Eta: 1:21:25
2022-04-08 04:27:06,687:INFO: Train: [98][2111/2112]  Loss -0.6579 (-1.2122)  Time:  0.374 (0.015)  Data Time:  0.005 (0.004)
2022-04-08 04:27:06,688:INFO:   Eta: 1:21:03
2022-04-08 04:27:37,887:INFO: Train: [99][2111/2112]  Loss -0.6396 (-1.3343)  Time:  0.402 (0.015)  Data Time:  0.005 (0.004)
2022-04-08 04:27:37,888:INFO:   Eta: 1:18:27
2022-04-08 04:28:10,516:INFO: Train: [100][2111/2112]  Loss -0.6220 (-1.2925)  Time:  0.417 (0.015)  Data Time:  0.004 (0.004)
2022-04-08 04:28:10,519:INFO:   Eta: 1:21:29
2022-04-08 04:28:42,646:INFO: Train: [101][2111/2112]  Loss -0.5817 (-1.2532)  Time:  0.361 (0.015)  Data Time:  0.004 (0.004)
2022-04-08 04:28:42,648:INFO:   Eta: 1:19:42
2022-04-08 04:29:14,536:INFO: Train: [102][2111/2112]  Loss -0.6195 (-1.2926)  Time:  0.474 (0.015)  Data Time:  0.004 (0.004)
2022-04-08 04:29:14,538:INFO:   Eta: 1:18:35
2022-04-08 04:29:45,604:INFO: Train: [103][2111/2112]  Loss -0.5276 (-1.1628)  Time:  0.462 (0.015)  Data Time:  0.004 (0.004)
2022-04-08 04:29:45,605:INFO:   Eta: 1:16:02
2022-04-08 04:30:16,781:INFO: Train: [104][2111/2112]  Loss -0.6456 (-1.1914)  Time:  0.293 (0.015)  Data Time:  0.004 (0.004)
2022-04-08 04:30:16,782:INFO:   Eta: 1:15:47
2022-04-08 04:30:44,608:INFO: Train: [105][2111/2112]  Loss -0.6865 (-1.2991)  Time:  0.326 (0.013)  Data Time:  0.003 (0.003)
2022-04-08 04:30:44,609:INFO:   Eta: 1:07:11
2022-04-08 04:31:12,464:INFO: Train: [106][2111/2112]  Loss -0.7617 (-1.1806)  Time:  0.325 (0.013)  Data Time:  0.003 (0.003)
2022-04-08 04:31:12,465:INFO:   Eta: 1:06:47
2022-04-08 04:32:05,796:INFO: Test: [106]  ADE: 0.3496  FDE: 0.5242
2022-04-08 04:32:34,777:INFO: Train: [107][2111/2112]  Loss -0.6889 (-1.2442)  Time:  0.464 (0.014)  Data Time:  0.004 (0.004)
2022-04-08 04:32:34,787:INFO:   Eta: 1:09:00
2022-04-08 04:33:06,228:INFO: Train: [108][2111/2112]  Loss -0.6624 (-1.2524)  Time:  0.423 (0.015)  Data Time:  0.004 (0.004)
2022-04-08 04:33:06,229:INFO:   Eta: 1:14:13
2022-04-08 04:33:36,621:INFO: Train: [109][2111/2112]  Loss -0.7137 (-1.2128)  Time:  0.413 (0.014)  Data Time:  0.003 (0.004)
2022-04-08 04:33:36,623:INFO:   Eta: 1:11:21
2022-04-08 04:34:07,743:INFO: Train: [110][2111/2112]  Loss -0.6983 (-1.2413)  Time:  0.366 (0.015)  Data Time:  0.004 (0.004)
2022-04-08 04:34:07,744:INFO:   Eta: 1:12:32
2022-04-08 04:34:39,418:INFO: Train: [111][2111/2112]  Loss -0.7316 (-1.2285)  Time:  0.424 (0.015)  Data Time:  0.004 (0.004)
2022-04-08 04:34:39,420:INFO:   Eta: 1:13:18
2022-04-08 04:35:10,175:INFO: Train: [112][2111/2112]  Loss -0.6606 (-1.2528)  Time:  0.371 (0.015)  Data Time:  0.003 (0.004)
2022-04-08 04:35:10,176:INFO:   Eta: 1:10:40
2022-04-08 04:35:41,874:INFO: Train: [113][2111/2112]  Loss -0.7528 (-1.3168)  Time:  0.418 (0.015)  Data Time:  0.005 (0.004)
2022-04-08 04:35:41,875:INFO:   Eta: 1:12:19
2022-04-08 04:36:13,181:INFO: Train: [114][2111/2112]  Loss -0.7039 (-1.3613)  Time:  0.383 (0.015)  Data Time:  0.004 (0.004)
2022-04-08 04:36:13,183:INFO:   Eta: 1:10:54
2022-04-08 04:36:44,195:INFO: Train: [115][2111/2112]  Loss -0.7216 (-1.2353)  Time:  0.360 (0.015)  Data Time:  0.004 (0.004)
2022-04-08 04:36:44,196:INFO:   Eta: 1:09:42
2022-04-08 04:37:15,773:INFO: Train: [116][2111/2112]  Loss -0.7076 (-1.2960)  Time:  0.411 (0.015)  Data Time:  0.005 (0.004)
2022-04-08 04:37:15,774:INFO:   Eta: 1:10:27
2022-04-08 04:38:09,501:INFO: Test: [116]  ADE: 0.3494  FDE: 0.5155
2022-04-08 04:38:37,907:INFO: Train: [117][2111/2112]  Loss -0.7091 (-1.2448)  Time:  0.336 (0.013)  Data Time:  0.002 (0.004)
2022-04-08 04:38:37,909:INFO:   Eta: 1:02:53
2022-04-08 04:39:06,355:INFO: Train: [118][2111/2112]  Loss -0.7548 (-1.2361)  Time:  0.356 (0.013)  Data Time:  0.003 (0.004)
2022-04-08 04:39:06,357:INFO:   Eta: 1:02:31
2022-04-08 04:39:35,068:INFO: Train: [119][2111/2112]  Loss -0.5276 (-1.3164)  Time:  0.400 (0.014)  Data Time:  0.003 (0.003)
2022-04-08 04:39:35,072:INFO:   Eta: 1:02:36
2022-04-08 04:40:03,871:INFO: Train: [120][2111/2112]  Loss -0.6311 (-1.1417)  Time:  0.401 (0.014)  Data Time:  0.003 (0.004)
2022-04-08 04:40:03,881:INFO:   Eta: 1:02:09
2022-04-08 04:40:35,806:INFO: Train: [121][2111/2112]  Loss -0.7631 (-1.3398)  Time:  0.459 (0.015)  Data Time:  0.004 (0.004)
2022-04-08 04:40:35,808:INFO:   Eta: 1:08:32
2022-04-08 04:41:05,498:INFO: Train: [122][2111/2112]  Loss -0.6789 (-1.2681)  Time:  0.465 (0.014)  Data Time:  0.005 (0.004)
2022-04-08 04:41:05,500:INFO:   Eta: 1:03:16
2022-04-08 04:41:37,383:INFO: Train: [123][2111/2112]  Loss -0.6385 (-1.4640)  Time:  0.338 (0.015)  Data Time:  0.005 (0.004)
2022-04-08 04:41:37,384:INFO:   Eta: 1:07:25
2022-04-08 04:42:08,268:INFO: Train: [124][2111/2112]  Loss -0.6632 (-1.4278)  Time:  0.398 (0.015)  Data Time:  0.005 (0.004)
2022-04-08 04:42:08,269:INFO:   Eta: 1:04:48
2022-04-08 04:42:39,081:INFO: Train: [125][2111/2112]  Loss -0.7123 (-1.3682)  Time:  0.372 (0.015)  Data Time:  0.004 (0.004)
2022-04-08 04:42:39,083:INFO:   Eta: 1:04:08
2022-04-08 04:43:10,218:INFO: Train: [126][2111/2112]  Loss -0.6803 (-1.2943)  Time:  0.368 (0.015)  Data Time:  0.004 (0.004)
2022-04-08 04:43:10,219:INFO:   Eta: 1:04:16
2022-04-08 04:44:02,956:INFO: Test: [126]  ADE: 0.3500  FDE: 0.5299
2022-04-08 04:44:33,949:INFO: Train: [127][2111/2112]  Loss -0.5966 (-1.2481)  Time:  0.381 (0.015)  Data Time:  0.004 (0.005)
2022-04-08 04:44:33,950:INFO:   Eta: 1:03:28
2022-04-08 04:45:04,360:INFO: Train: [128][2111/2112]  Loss -0.7678 (-1.3054)  Time:  0.415 (0.014)  Data Time:  0.003 (0.004)
2022-04-08 04:45:04,361:INFO:   Eta: 1:01:46
2022-04-08 04:45:32,256:INFO: Train: [129][2111/2112]  Loss -0.6426 (-1.3174)  Time:  0.363 (0.013)  Data Time:  0.004 (0.003)
2022-04-08 04:45:32,257:INFO:   Eta: 0:56:12
2022-04-08 04:45:59,603:INFO: Train: [130][2111/2112]  Loss -0.6371 (-1.3951)  Time:  0.344 (0.013)  Data Time:  0.004 (0.003)
2022-04-08 04:45:59,604:INFO:   Eta: 0:54:38
2022-04-08 04:46:27,592:INFO: Train: [131][2111/2112]  Loss -0.6762 (-1.2897)  Time:  0.380 (0.013)  Data Time:  0.003 (0.003)
2022-04-08 04:46:27,594:INFO:   Eta: 0:55:27
2022-04-08 04:46:54,164:INFO: Train: [132][2111/2112]  Loss -0.6812 (-1.2641)  Time:  0.330 (0.013)  Data Time:  0.004 (0.003)
2022-04-08 04:46:54,166:INFO:   Eta: 0:52:12
2022-04-08 04:47:22,649:INFO: Train: [133][2111/2112]  Loss -0.7427 (-1.3942)  Time:  0.349 (0.013)  Data Time:  0.004 (0.004)
2022-04-08 04:47:22,650:INFO:   Eta: 0:55:28
2022-04-08 04:47:53,306:INFO: Train: [134][2111/2112]  Loss -0.5880 (-1.3931)  Time:  0.382 (0.015)  Data Time:  0.005 (0.004)
2022-04-08 04:47:53,308:INFO:   Eta: 0:59:13
2022-04-08 04:48:24,665:INFO: Train: [135][2111/2112]  Loss -0.7263 (-1.4369)  Time:  0.390 (0.015)  Data Time:  0.004 (0.004)
2022-04-08 04:48:24,666:INFO:   Eta: 1:00:02
2022-04-08 04:48:55,376:INFO: Train: [136][2111/2112]  Loss -0.6653 (-1.3271)  Time:  0.364 (0.015)  Data Time:  0.003 (0.004)
2022-04-08 04:48:55,377:INFO:   Eta: 0:58:18
2022-04-08 04:49:49,186:INFO: Test: [136]  ADE: 0.3286  FDE: 0.4778
2022-04-08 04:50:20,460:INFO: Train: [137][2111/2112]  Loss -0.6211 (-1.2407)  Time:  0.380 (0.015)  Data Time:  0.004 (0.005)
2022-04-08 04:50:20,461:INFO:   Eta: 0:58:50
2022-04-08 04:50:51,718:INFO: Train: [138][2111/2112]  Loss -0.7467 (-1.3223)  Time:  0.453 (0.015)  Data Time:  0.004 (0.004)
2022-04-08 04:50:51,719:INFO:   Eta: 0:58:18
2022-04-08 04:51:22,841:INFO: Train: [139][2111/2112]  Loss -0.4659 (-1.4322)  Time:  0.375 (0.015)  Data Time:  0.005 (0.004)
2022-04-08 04:51:22,843:INFO:   Eta: 0:57:31
2022-04-08 04:51:52,852:INFO: Train: [140][2111/2112]  Loss -0.5227 (-1.4019)  Time:  0.469 (0.014)  Data Time:  0.004 (0.004)
2022-04-08 04:51:52,853:INFO:   Eta: 0:54:58
2022-04-08 04:52:22,034:INFO: Train: [141][2111/2112]  Loss -0.7065 (-1.2143)  Time:  0.273 (0.014)  Data Time:  0.003 (0.004)
2022-04-08 04:52:22,036:INFO:   Eta: 0:52:57
2022-04-08 04:52:47,458:INFO: Train: [142][2111/2112]  Loss -0.7077 (-1.4087)  Time:  0.438 (0.012)  Data Time:  0.004 (0.003)
2022-04-08 04:52:47,460:INFO:   Eta: 0:45:39
2022-04-08 04:53:15,420:INFO: Train: [143][2111/2112]  Loss -0.6122 (-1.3301)  Time:  0.334 (0.013)  Data Time:  0.003 (0.003)
2022-04-08 04:53:15,421:INFO:   Eta: 0:49:49
2022-04-08 04:53:43,608:INFO: Train: [144][2111/2112]  Loss -0.5627 (-1.2287)  Time:  0.432 (0.013)  Data Time:  0.003 (0.003)
2022-04-08 04:53:43,609:INFO:   Eta: 0:49:45
2022-04-08 04:54:12,073:INFO: Train: [145][2111/2112]  Loss -0.6342 (-1.2449)  Time:  0.339 (0.013)  Data Time:  0.008 (0.004)
2022-04-08 04:54:12,074:INFO:   Eta: 0:49:46
2022-04-08 04:54:40,391:INFO: Train: [146][2111/2112]  Loss -0.6364 (-1.3234)  Time:  0.387 (0.013)  Data Time:  0.003 (0.004)
2022-04-08 04:54:40,393:INFO:   Eta: 0:49:02
2022-04-08 04:55:33,783:INFO: Test: [146]  ADE: 0.3520  FDE: 0.5119
2022-04-08 04:56:04,508:INFO: Train: [147][2111/2112]  Loss -0.7427 (-1.4373)  Time:  0.367 (0.015)  Data Time:  0.006 (0.004)
2022-04-08 04:56:04,510:INFO:   Eta: 0:52:41
2022-04-08 04:56:35,624:INFO: Train: [148][2111/2112]  Loss -0.6340 (-1.4610)  Time:  0.443 (0.015)  Data Time:  0.004 (0.004)
2022-04-08 04:56:35,625:INFO:   Eta: 0:52:51
2022-04-08 04:57:06,915:INFO: Train: [149][2111/2112]  Loss -0.7523 (-1.3552)  Time:  0.449 (0.015)  Data Time:  0.002 (0.005)
2022-04-08 04:57:06,916:INFO:   Eta: 0:52:37
2022-04-08 04:57:37,551:INFO: Train: [150][2111/2112]  Loss -0.8643 (-1.5268)  Time:  0.355 (0.014)  Data Time:  0.004 (0.004)
2022-04-08 04:57:37,552:INFO:   Eta: 0:51:00
2022-04-08 04:58:08,009:INFO: Train: [151][2111/2112]  Loss -0.7737 (-1.5185)  Time:  0.362 (0.014)  Data Time:  0.004 (0.004)
2022-04-08 04:58:08,010:INFO:   Eta: 0:50:12
2022-04-08 04:58:14,248:INFO: Valid: [151][500/501]  Loss -3.8259 (-2.3625)
2022-04-08 04:58:14,257:INFO: Checkpoint saved...
2022-04-08 04:58:44,896:INFO: Train: [152][2111/2112]  Loss -0.7996 (-1.5292)  Time:  0.345 (0.014)  Data Time:  0.004 (0.004)
2022-04-08 04:58:44,897:INFO:   Eta: 0:49:59
2022-04-08 04:58:51,021:INFO: Valid: [152][500/501]  Loss -5.7719 (-3.5710)
2022-04-08 04:58:51,038:INFO: Checkpoint saved...
2022-04-08 04:59:20,604:INFO: Train: [153][2111/2112]  Loss -0.7915 (-1.5113)  Time:  0.390 (0.014)  Data Time:  0.004 (0.004)
2022-04-08 04:59:20,605:INFO:   Eta: 0:47:43
2022-04-08 04:59:26,764:INFO: Valid: [153][500/501]  Loss -5.9677 (-3.7169)
2022-04-08 04:59:26,780:INFO: Checkpoint saved...
2022-04-08 04:59:56,142:INFO: Train: [154][2111/2112]  Loss -0.6984 (-1.5539)  Time:  0.500 (0.014)  Data Time:  0.003 (0.004)
2022-04-08 04:59:56,143:INFO:   Eta: 0:46:55
2022-04-08 05:00:02,210:INFO: Valid: [154][500/501]  Loss -4.3520 (-2.6857)
2022-04-08 05:00:30,124:INFO: Train: [155][2111/2112]  Loss -0.8040 (-1.5176)  Time:  0.319 (0.013)  Data Time:  0.003 (0.003)
2022-04-08 05:00:30,125:INFO:   Eta: 0:44:08
2022-04-08 05:00:36,239:INFO: Valid: [155][500/501]  Loss -5.4146 (-3.3128)
2022-04-08 05:01:04,062:INFO: Train: [156][2111/2112]  Loss -0.8028 (-1.5212)  Time:  0.329 (0.013)  Data Time:  0.004 (0.003)
2022-04-08 05:01:04,064:INFO:   Eta: 0:43:31
2022-04-08 05:01:10,414:INFO: Valid: [156][500/501]  Loss -5.7758 (-3.5671)
2022-04-08 05:02:03,452:INFO: Test: [156]  ADE: 0.3300  FDE: 0.5263
2022-04-08 05:02:35,076:INFO: Train: [157][2111/2112]  Loss -0.7000 (-1.4199)  Time:  0.466 (0.015)  Data Time:  0.004 (0.004)
2022-04-08 05:02:35,077:INFO:   Eta: 0:48:58
2022-04-08 05:02:41,606:INFO: Valid: [157][500/501]  Loss -4.6312 (-2.8949)
2022-04-08 05:03:14,948:INFO: Train: [158][2111/2112]  Loss -0.8074 (-1.5513)  Time:  0.454 (0.016)  Data Time:  0.004 (0.004)
2022-04-08 05:03:14,950:INFO:   Eta: 0:51:03
2022-04-08 05:03:21,639:INFO: Valid: [158][500/501]  Loss -5.9849 (-3.6762)
2022-04-08 05:03:21,654:INFO: Checkpoint saved...
2022-04-08 05:03:55,354:INFO: Train: [159][2111/2112]  Loss -0.7845 (-1.5550)  Time:  0.454 (0.016)  Data Time:  0.004 (0.004)
2022-04-08 05:03:55,356:INFO:   Eta: 0:51:01
2022-04-08 05:04:01,912:INFO: Valid: [159][500/501]  Loss -5.2445 (-3.2505)
2022-04-08 05:04:35,806:INFO: Train: [160][2111/2112]  Loss -0.7168 (-1.5466)  Time:  0.404 (0.016)  Data Time:  0.004 (0.004)
2022-04-08 05:04:35,807:INFO:   Eta: 0:50:45
2022-04-08 05:04:42,095:INFO: Valid: [160][500/501]  Loss -4.8729 (-2.9559)
2022-04-08 05:05:14,134:INFO: Train: [161][2111/2112]  Loss -0.8175 (-1.3803)  Time:  0.453 (0.015)  Data Time:  0.005 (0.004)
2022-04-08 05:05:14,135:INFO:   Eta: 0:47:27
2022-04-08 05:05:20,462:INFO: Valid: [161][500/501]  Loss -3.6040 (-2.2368)
2022-04-08 05:05:52,532:INFO: Train: [162][2111/2112]  Loss -0.7577 (-1.5230)  Time:  0.367 (0.015)  Data Time:  0.004 (0.004)
2022-04-08 05:05:52,534:INFO:   Eta: 0:46:58
2022-04-08 05:05:58,838:INFO: Valid: [162][500/501]  Loss -5.4036 (-3.3368)
2022-04-08 05:06:31,523:INFO: Train: [163][2111/2112]  Loss -0.6505 (-1.5507)  Time:  0.444 (0.015)  Data Time:  0.004 (0.004)
2022-04-08 05:06:31,525:INFO:   Eta: 0:47:19
2022-04-08 05:06:38,168:INFO: Valid: [163][500/501]  Loss -5.0738 (-3.1299)
2022-04-08 05:07:11,316:INFO: Train: [164][2111/2112]  Loss -0.7396 (-1.4474)  Time:  0.372 (0.016)  Data Time:  0.003 (0.004)
2022-04-08 05:07:11,318:INFO:   Eta: 0:47:26
2022-04-08 05:07:17,992:INFO: Valid: [164][500/501]  Loss -5.6407 (-3.4416)
2022-04-08 05:07:48,668:INFO: Train: [165][2111/2112]  Loss -0.7320 (-1.4482)  Time:  0.381 (0.015)  Data Time:  0.003 (0.003)
2022-04-08 05:07:48,669:INFO:   Eta: 0:43:24
2022-04-08 05:07:55,205:INFO: Valid: [165][500/501]  Loss -4.3248 (-2.6633)
2022-04-08 05:08:25,424:INFO: Train: [166][2111/2112]  Loss -0.7723 (-1.5355)  Time:  0.342 (0.014)  Data Time:  0.004 (0.003)
2022-04-08 05:08:25,425:INFO:   Eta: 0:42:13
2022-04-08 05:08:31,905:INFO: Valid: [166][500/501]  Loss -5.1930 (-3.2254)
2022-04-08 05:09:32,045:INFO: Test: [166]  ADE: 0.3316  FDE: 0.5091
2022-04-08 05:10:05,862:INFO: Train: [167][2111/2112]  Loss -0.7457 (-1.4260)  Time:  0.369 (0.016)  Data Time:  0.004 (0.004)
2022-04-08 05:10:05,863:INFO:   Eta: 0:46:43
2022-04-08 05:10:12,027:INFO: Valid: [167][500/501]  Loss -5.8473 (-3.5833)
2022-04-08 05:10:45,675:INFO: Train: [168][2111/2112]  Loss -0.7754 (-1.5417)  Time:  0.428 (0.016)  Data Time:  0.004 (0.004)
2022-04-08 05:10:45,676:INFO:   Eta: 0:45:54
2022-04-08 05:10:51,914:INFO: Valid: [168][500/501]  Loss -5.7512 (-3.5357)
2022-04-08 05:11:24,993:INFO: Train: [169][2111/2112]  Loss -0.6429 (-1.5579)  Time:  0.448 (0.016)  Data Time:  0.004 (0.004)
2022-04-08 05:11:24,994:INFO:   Eta: 0:44:34
2022-04-08 05:11:31,375:INFO: Valid: [169][500/501]  Loss -5.4358 (-3.3836)
2022-04-08 05:12:04,818:INFO: Train: [170][2111/2112]  Loss -0.8142 (-1.4648)  Time:  0.433 (0.016)  Data Time:  0.004 (0.004)
2022-04-08 05:12:04,820:INFO:   Eta: 0:44:32
2022-04-08 05:12:11,446:INFO: Valid: [170][500/501]  Loss -5.8786 (-3.6216)
2022-04-08 05:12:43,988:INFO: Train: [171][2111/2112]  Loss -0.8010 (-1.4103)  Time:  0.401 (0.015)  Data Time:  0.004 (0.004)
2022-04-08 05:12:43,989:INFO:   Eta: 0:42:47
2022-04-08 05:12:50,271:INFO: Valid: [171][500/501]  Loss -5.6640 (-3.4674)
2022-04-08 05:13:22,827:INFO: Train: [172][2111/2112]  Loss -0.7560 (-1.4603)  Time:  0.322 (0.015)  Data Time:  0.004 (0.004)
2022-04-08 05:13:22,828:INFO:   Eta: 0:42:16
2022-04-08 05:13:29,131:INFO: Valid: [172][500/501]  Loss -4.2684 (-2.6237)
2022-04-08 05:14:00,084:INFO: Train: [173][2111/2112]  Loss -0.7818 (-1.5835)  Time:  0.413 (0.015)  Data Time:  0.005 (0.004)
2022-04-08 05:14:00,085:INFO:   Eta: 0:39:39
2022-04-08 05:14:06,343:INFO: Valid: [173][500/501]  Loss -5.1919 (-3.1866)
2022-04-08 05:14:36,131:INFO: Train: [174][2111/2112]  Loss -0.8140 (-1.5365)  Time:  0.395 (0.014)  Data Time:  0.004 (0.004)
2022-04-08 05:14:36,132:INFO:   Eta: 0:37:40
2022-04-08 05:14:42,231:INFO: Valid: [174][500/501]  Loss -5.1252 (-3.1401)
2022-04-08 05:15:09,545:INFO: Train: [175][2111/2112]  Loss -0.8117 (-1.5769)  Time:  0.378 (0.013)  Data Time:  0.002 (0.003)
2022-04-08 05:15:09,546:INFO:   Eta: 0:34:05
2022-04-08 05:15:15,666:INFO: Valid: [175][500/501]  Loss -5.8480 (-3.5735)
2022-04-08 05:15:43,063:INFO: Train: [176][2111/2112]  Loss -0.7596 (-1.5465)  Time:  0.339 (0.013)  Data Time:  0.003 (0.003)
2022-04-08 05:15:43,064:INFO:   Eta: 0:33:44
2022-04-08 05:15:49,328:INFO: Valid: [176][500/501]  Loss -5.3166 (-3.2464)
2022-04-08 05:16:41,256:INFO: Test: [176]  ADE: 0.3403  FDE: 0.5324
2022-04-08 05:17:10,487:INFO: Train: [177][2111/2112]  Loss -0.6774 (-1.5785)  Time:  0.366 (0.014)  Data Time:  0.005 (0.004)
2022-04-08 05:17:10,488:INFO:   Eta: 0:35:31
2022-04-08 05:17:16,713:INFO: Valid: [177][500/501]  Loss -5.6237 (-3.4382)
2022-04-08 05:17:46,873:INFO: Train: [178][2111/2112]  Loss -0.7098 (-1.5339)  Time:  0.419 (0.014)  Data Time:  0.003 (0.004)
2022-04-08 05:17:46,874:INFO:   Eta: 0:36:08
2022-04-08 05:17:52,969:INFO: Valid: [178][500/501]  Loss -5.6570 (-3.4397)
2022-04-08 05:18:23,216:INFO: Train: [179][2111/2112]  Loss -0.7933 (-1.5615)  Time:  0.398 (0.014)  Data Time:  0.005 (0.004)
2022-04-08 05:18:23,217:INFO:   Eta: 0:35:45
2022-04-08 05:18:29,301:INFO: Valid: [179][500/501]  Loss -5.1350 (-3.1330)
2022-04-08 05:18:59,764:INFO: Train: [180][2111/2112]  Loss -0.7292 (-1.4355)  Time:  0.486 (0.014)  Data Time:  0.005 (0.004)
2022-04-08 05:18:59,765:INFO:   Eta: 0:35:29
2022-04-08 05:19:05,961:INFO: Valid: [180][500/501]  Loss -5.6525 (-3.4573)
2022-04-08 05:19:36,395:INFO: Train: [181][2111/2112]  Loss -0.7297 (-1.4474)  Time:  0.389 (0.014)  Data Time:  0.017 (0.004)
2022-04-08 05:19:36,397:INFO:   Eta: 0:34:56
2022-04-08 05:19:42,767:INFO: Valid: [181][500/501]  Loss -5.3990 (-3.3260)
2022-04-08 05:20:11,817:INFO: Train: [182][2111/2112]  Loss -0.8281 (-1.5697)  Time:  0.433 (0.014)  Data Time:  0.005 (0.004)
2022-04-08 05:20:11,818:INFO:   Eta: 0:32:51
2022-04-08 05:20:17,987:INFO: Valid: [182][500/501]  Loss -5.5135 (-3.3723)
2022-04-08 05:20:48,805:INFO: Train: [183][2111/2112]  Loss -0.7975 (-1.4872)  Time:  0.346 (0.015)  Data Time:  0.003 (0.004)
2022-04-08 05:20:48,806:INFO:   Eta: 0:34:22
2022-04-08 05:20:54,897:INFO: Valid: [183][500/501]  Loss -5.0929 (-3.1551)
2022-04-08 05:21:25,454:INFO: Train: [184][2111/2112]  Loss -0.8254 (-1.5685)  Time:  0.383 (0.014)  Data Time:  0.004 (0.004)
2022-04-08 05:21:25,455:INFO:   Eta: 0:33:34
2022-04-08 05:21:31,622:INFO: Valid: [184][500/501]  Loss -5.5703 (-3.4142)
2022-04-08 05:22:02,127:INFO: Train: [185][2111/2112]  Loss -0.8780 (-1.5650)  Time:  0.375 (0.014)  Data Time:  0.005 (0.004)
2022-04-08 05:22:02,128:INFO:   Eta: 0:33:00
2022-04-08 05:22:08,490:INFO: Valid: [185][500/501]  Loss -5.8535 (-3.5759)
2022-04-08 05:22:38,712:INFO: Train: [186][2111/2112]  Loss -0.7187 (-1.5097)  Time:  0.381 (0.014)  Data Time:  0.004 (0.004)
2022-04-08 05:22:38,713:INFO:   Eta: 0:32:11
2022-04-08 05:22:44,859:INFO: Valid: [186][500/501]  Loss -5.5746 (-3.4602)
2022-04-08 05:23:36,768:INFO: Test: [186]  ADE: 0.3317  FDE: 0.5101
2022-04-08 05:24:04,907:INFO: Train: [187][2111/2112]  Loss -0.8464 (-1.5259)  Time:  0.435 (0.013)  Data Time:  0.003 (0.003)
2022-04-08 05:24:04,908:INFO:   Eta: 0:29:30
2022-04-08 05:24:11,457:INFO: Valid: [187][500/501]  Loss -5.6440 (-3.4694)
2022-04-08 05:24:39,546:INFO: Train: [188][2111/2112]  Loss -0.8025 (-1.4848)  Time:  0.368 (0.013)  Data Time:  0.003 (0.003)
2022-04-08 05:24:39,547:INFO:   Eta: 0:28:58
2022-04-08 05:24:45,807:INFO: Valid: [188][500/501]  Loss -5.2043 (-3.1883)
2022-04-08 05:25:14,527:INFO: Train: [189][2111/2112]  Loss -0.7385 (-1.5542)  Time:  0.348 (0.014)  Data Time:  0.004 (0.004)
2022-04-08 05:25:14,528:INFO:   Eta: 0:29:09
2022-04-08 05:25:21,188:INFO: Valid: [189][500/501]  Loss -5.6368 (-3.4702)
2022-04-08 05:25:52,464:INFO: Train: [190][2111/2112]  Loss -0.7871 (-1.5478)  Time:  0.386 (0.015)  Data Time:  0.005 (0.004)
2022-04-08 05:25:52,465:INFO:   Eta: 0:31:13
2022-04-08 05:25:58,950:INFO: Valid: [190][500/501]  Loss -5.5312 (-3.4616)
2022-04-08 05:26:30,098:INFO: Train: [191][2111/2112]  Loss -0.8620 (-1.5733)  Time:  0.376 (0.015)  Data Time:  0.003 (0.004)
2022-04-08 05:26:30,099:INFO:   Eta: 0:30:35
2022-04-08 05:26:36,461:INFO: Valid: [191][500/501]  Loss -5.5416 (-3.3533)
2022-04-08 05:27:06,204:INFO: Train: [192][2111/2112]  Loss -0.6982 (-1.5051)  Time:  0.373 (0.014)  Data Time:  0.005 (0.004)
2022-04-08 05:27:06,205:INFO:   Eta: 0:28:42
2022-04-08 05:27:12,309:INFO: Valid: [192][500/501]  Loss -5.9273 (-3.6870)
2022-04-08 05:27:42,146:INFO: Train: [193][2111/2112]  Loss -0.7867 (-1.5492)  Time:  0.391 (0.014)  Data Time:  0.004 (0.004)
2022-04-08 05:27:42,147:INFO:   Eta: 0:28:18
2022-04-08 05:27:48,270:INFO: Valid: [193][500/501]  Loss -6.0486 (-3.7123)
2022-04-08 05:27:48,280:INFO: Checkpoint saved...
2022-04-08 05:28:19,998:INFO: Train: [194][2111/2112]  Loss -0.7383 (-1.5921)  Time:  0.430 (0.015)  Data Time:  0.003 (0.004)
2022-04-08 05:28:20,000:INFO:   Eta: 0:29:33
2022-04-08 05:28:26,145:INFO: Valid: [194][500/501]  Loss -5.7193 (-3.5457)
2022-04-08 05:28:58,166:INFO: Train: [195][2111/2112]  Loss -0.7717 (-1.5301)  Time:  0.365 (0.015)  Data Time:  0.003 (0.004)
2022-04-08 05:28:58,168:INFO:   Eta: 0:29:18
2022-04-08 05:29:04,601:INFO: Valid: [195][500/501]  Loss -5.2176 (-3.2181)
2022-04-08 05:29:35,877:INFO: Train: [196][2111/2112]  Loss -0.7710 (-1.4297)  Time:  0.418 (0.015)  Data Time:  0.005 (0.004)
2022-04-08 05:29:35,878:INFO:   Eta: 0:28:06
2022-04-08 05:29:42,233:INFO: Valid: [196][500/501]  Loss -5.6599 (-3.4764)
2022-04-08 05:30:37,371:INFO: Test: [196]  ADE: 0.3318  FDE: 0.5287
2022-04-08 05:31:08,781:INFO: Train: [197][2111/2112]  Loss -0.7908 (-1.5320)  Time:  0.450 (0.015)  Data Time:  0.004 (0.004)
2022-04-08 05:31:08,782:INFO:   Eta: 0:27:43
2022-04-08 05:31:15,187:INFO: Valid: [197][500/501]  Loss -5.4398 (-3.3365)
2022-04-08 05:31:43,594:INFO: Train: [198][2111/2112]  Loss -0.7776 (-1.5664)  Time:  0.377 (0.013)  Data Time:  0.003 (0.003)
2022-04-08 05:31:43,595:INFO:   Eta: 0:24:35
2022-04-08 05:31:49,846:INFO: Valid: [198][500/501]  Loss -4.0596 (-2.4641)
2022-04-08 05:32:17,684:INFO: Train: [199][2111/2112]  Loss -0.6878 (-1.5906)  Time:  0.315 (0.013)  Data Time:  0.003 (0.003)
2022-04-08 05:32:17,685:INFO:   Eta: 0:23:37
2022-04-08 05:32:23,696:INFO: Valid: [199][500/501]  Loss -5.6546 (-3.4786)
2022-04-08 05:32:52,001:INFO: Train: [200][2111/2112]  Loss -0.7992 (-1.5773)  Time:  0.377 (0.013)  Data Time:  0.004 (0.003)
2022-04-08 05:32:52,003:INFO:   Eta: 0:23:33
2022-04-08 05:32:58,190:INFO: Valid: [200][500/501]  Loss -4.5853 (-2.7913)
2022-04-08 05:33:27,139:INFO: Train: [201][2111/2112]  Loss -0.7055 (-1.5087)  Time:  0.351 (0.014)  Data Time:  0.004 (0.003)
2022-04-08 05:33:27,141:INFO:   Eta: 0:23:36
2022-04-08 05:33:33,239:INFO: Valid: [201][500/501]  Loss -5.9503 (-3.6355)
2022-04-08 05:34:03,112:INFO: Train: [202][2111/2112]  Loss -0.8215 (-1.5972)  Time:  0.358 (0.014)  Data Time:  0.004 (0.003)
2022-04-08 05:34:03,115:INFO:   Eta: 0:23:51
2022-04-08 05:34:09,231:INFO: Valid: [202][500/501]  Loss -6.0874 (-3.7368)
2022-04-08 05:34:09,254:INFO: Checkpoint saved...
2022-04-08 05:34:40,904:INFO: Train: [203][2111/2112]  Loss -0.8604 (-1.5295)  Time:  0.401 (0.015)  Data Time:  0.005 (0.004)
2022-04-08 05:34:41,009:INFO:   Eta: 0:24:44
2022-04-08 05:34:47,062:INFO: Valid: [203][500/501]  Loss -5.3667 (-3.2832)
2022-04-08 05:35:18,129:INFO: Train: [204][2111/2112]  Loss -0.8157 (-1.5922)  Time:  0.399 (0.015)  Data Time:  0.004 (0.004)
2022-04-08 05:35:18,131:INFO:   Eta: 0:23:46
2022-04-08 05:35:24,442:INFO: Valid: [204][500/501]  Loss -4.8804 (-2.9993)
2022-04-08 05:35:58,553:INFO: Train: [205][2111/2112]  Loss -0.8240 (-1.5548)  Time:  0.446 (0.016)  Data Time:  0.004 (0.004)
2022-04-08 05:35:58,555:INFO:   Eta: 0:25:33
2022-04-08 05:36:04,934:INFO: Valid: [205][500/501]  Loss -5.4449 (-3.3164)
2022-04-08 05:36:38,790:INFO: Train: [206][2111/2112]  Loss -0.7595 (-1.6017)  Time:  0.494 (0.016)  Data Time:  0.003 (0.004)
2022-04-08 05:36:38,792:INFO:   Eta: 0:24:47
2022-04-08 05:36:45,298:INFO: Valid: [206][500/501]  Loss -4.9940 (-3.0273)
2022-04-08 05:37:46,474:INFO: Test: [206]  ADE: 0.3512  FDE: 0.5265
2022-04-08 05:38:20,116:INFO: Train: [207][2111/2112]  Loss -0.7530 (-1.4629)  Time:  0.359 (0.016)  Data Time:  0.004 (0.004)
2022-04-08 05:38:20,118:INFO:   Eta: 0:24:04
2022-04-08 05:38:26,615:INFO: Valid: [207][500/501]  Loss -5.3727 (-3.3201)
2022-04-08 05:38:59,914:INFO: Train: [208][2111/2112]  Loss -0.8356 (-1.5379)  Time:  0.459 (0.016)  Data Time:  0.004 (0.004)
2022-04-08 05:38:59,915:INFO:   Eta: 0:23:16
2022-04-08 05:39:06,390:INFO: Valid: [208][500/501]  Loss -5.5058 (-3.3707)
2022-04-08 05:39:40,240:INFO: Train: [209][2111/2112]  Loss -0.6840 (-1.6127)  Time:  0.414 (0.016)  Data Time:  0.004 (0.004)
2022-04-08 05:39:40,242:INFO:   Eta: 0:23:05
2022-04-08 05:39:46,828:INFO: Valid: [209][500/501]  Loss -5.8351 (-3.5643)
2022-04-08 05:40:17,272:INFO: Train: [210][2111/2112]  Loss -0.7156 (-1.6008)  Time:  0.463 (0.014)  Data Time:  0.004 (0.003)
2022-04-08 05:40:17,273:INFO:   Eta: 0:20:15
2022-04-08 05:40:23,679:INFO: Valid: [210][500/501]  Loss -5.7920 (-3.5712)
2022-04-08 05:40:54,469:INFO: Train: [211][2111/2112]  Loss -0.7986 (-1.5876)  Time:  0.455 (0.015)  Data Time:  0.003 (0.003)
2022-04-08 05:40:54,470:INFO:   Eta: 0:19:58
2022-04-08 05:41:00,980:INFO: Valid: [211][500/501]  Loss -5.7245 (-3.5386)
2022-04-08 05:41:32,977:INFO: Train: [212][2111/2112]  Loss -0.8521 (-1.5838)  Time:  0.452 (0.015)  Data Time:  0.003 (0.003)
2022-04-08 05:41:32,979:INFO:   Eta: 0:20:13
2022-04-08 05:41:39,393:INFO: Valid: [212][500/501]  Loss -4.7007 (-2.8950)
2022-04-08 05:42:11,104:INFO: Train: [213][2111/2112]  Loss -0.7073 (-1.6257)  Time:  0.408 (0.015)  Data Time:  0.003 (0.003)
2022-04-08 05:42:11,106:INFO:   Eta: 0:19:31
2022-04-08 05:42:17,385:INFO: Valid: [213][500/501]  Loss -5.9074 (-3.6234)
2022-04-08 05:42:51,569:INFO: Train: [214][2111/2112]  Loss -0.7996 (-1.5063)  Time:  0.455 (0.016)  Data Time:  0.004 (0.004)
2022-04-08 05:42:51,570:INFO:   Eta: 0:20:28
2022-04-08 05:42:58,092:INFO: Valid: [214][500/501]  Loss -5.5864 (-3.4239)
2022-04-08 05:43:30,770:INFO: Train: [215][2111/2112]  Loss -0.8451 (-1.4900)  Time:  0.384 (0.015)  Data Time:  0.004 (0.004)
2022-04-08 05:43:30,772:INFO:   Eta: 0:19:01
2022-04-08 05:43:37,282:INFO: Valid: [215][500/501]  Loss -5.3367 (-3.2332)
2022-04-08 05:44:11,558:INFO: Train: [216][2111/2112]  Loss -0.8066 (-1.5954)  Time:  0.388 (0.016)  Data Time:  0.005 (0.004)
2022-04-08 05:44:11,559:INFO:   Eta: 0:19:23
2022-04-08 05:44:18,411:INFO: Valid: [216][500/501]  Loss -5.0480 (-3.0929)
2022-04-08 05:45:19,601:INFO: Test: [216]  ADE: 0.3399  FDE: 0.5284
2022-04-08 05:45:51,071:INFO: Train: [217][2111/2112]  Loss -0.7987 (-1.5684)  Time:  0.376 (0.015)  Data Time:  0.004 (0.004)
2022-04-08 05:45:51,073:INFO:   Eta: 0:17:17
2022-04-08 05:45:57,906:INFO: Valid: [217][500/501]  Loss -5.0184 (-3.0547)
2022-04-08 05:46:29,736:INFO: Train: [218][2111/2112]  Loss -0.7602 (-1.5773)  Time:  0.422 (0.015)  Data Time:  0.004 (0.004)
2022-04-08 05:46:29,738:INFO:   Eta: 0:16:57
2022-04-08 05:46:36,195:INFO: Valid: [218][500/501]  Loss -5.6187 (-3.4553)
2022-04-08 05:47:07,205:INFO: Train: [219][2111/2112]  Loss -0.7294 (-1.5968)  Time:  0.451 (0.015)  Data Time:  0.005 (0.004)
2022-04-08 05:47:07,210:INFO:   Eta: 0:15:59
2022-04-08 05:47:13,669:INFO: Valid: [219][500/501]  Loss -5.4681 (-3.3576)
2022-04-08 05:47:45,176:INFO: Train: [220][2111/2112]  Loss -0.7714 (-1.5896)  Time:  0.435 (0.015)  Data Time:  0.004 (0.004)
2022-04-08 05:47:45,178:INFO:   Eta: 0:15:43
2022-04-08 05:47:51,698:INFO: Valid: [220][500/501]  Loss -6.0599 (-3.7378)
2022-04-08 05:48:21,166:INFO: Train: [221][2111/2112]  Loss -0.7553 (-1.6048)  Time:  0.347 (0.014)  Data Time:  0.003 (0.004)
2022-04-08 05:48:21,168:INFO:   Eta: 0:14:12
2022-04-08 05:48:27,505:INFO: Valid: [221][500/501]  Loss -5.4452 (-3.3483)
2022-04-08 05:48:54,855:INFO: Train: [222][2111/2112]  Loss -0.8374 (-1.5873)  Time:  0.389 (0.013)  Data Time:  0.003 (0.003)
2022-04-08 05:48:54,858:INFO:   Eta: 0:12:44
2022-04-08 05:49:01,350:INFO: Valid: [222][500/501]  Loss -6.1338 (-3.7610)
2022-04-08 05:49:01,368:INFO: Checkpoint saved...
2022-04-08 05:49:29,893:INFO: Train: [223][2111/2112]  Loss -0.8568 (-1.4745)  Time:  0.448 (0.013)  Data Time:  0.004 (0.003)
2022-04-08 05:49:29,894:INFO:   Eta: 0:12:48
2022-04-08 05:49:36,175:INFO: Valid: [223][500/501]  Loss -5.3223 (-3.2304)
2022-04-08 05:50:04,229:INFO: Train: [224][2111/2112]  Loss -0.8011 (-1.5860)  Time:  0.351 (0.013)  Data Time:  0.003 (0.003)
2022-04-08 05:50:04,231:INFO:   Eta: 0:12:08
2022-04-08 05:50:10,645:INFO: Valid: [224][500/501]  Loss -5.1513 (-3.1297)
2022-04-08 05:50:39,055:INFO: Train: [225][2111/2112]  Loss -0.8247 (-1.6141)  Time:  0.323 (0.013)  Data Time:  0.004 (0.003)
2022-04-08 05:50:39,056:INFO:   Eta: 0:11:49
2022-04-08 05:50:45,380:INFO: Valid: [225][500/501]  Loss -5.7058 (-3.4826)
2022-04-08 05:51:16,988:INFO: Train: [226][2111/2112]  Loss -0.8204 (-1.5872)  Time:  0.425 (0.015)  Data Time:  0.004 (0.004)
2022-04-08 05:51:16,990:INFO:   Eta: 0:12:37
2022-04-08 05:51:23,424:INFO: Valid: [226][500/501]  Loss -5.4120 (-3.3240)
2022-04-08 05:52:21,216:INFO: Test: [226]  ADE: 0.3276  FDE: 0.5084
2022-04-08 05:52:52,660:INFO: Train: [227][2111/2112]  Loss -0.6843 (-1.6101)  Time:  0.379 (0.015)  Data Time:  0.006 (0.004)
2022-04-08 05:52:52,661:INFO:   Eta: 0:12:02
2022-04-08 05:52:58,990:INFO: Valid: [227][500/501]  Loss -5.9982 (-3.7206)
2022-04-08 05:53:30,409:INFO: Train: [228][2111/2112]  Loss -0.7014 (-1.4852)  Time:  0.377 (0.015)  Data Time:  0.004 (0.004)
2022-04-08 05:53:30,410:INFO:   Eta: 0:11:30
2022-04-08 05:53:36,611:INFO: Valid: [228][500/501]  Loss -5.7608 (-3.5293)
2022-04-08 05:54:08,626:INFO: Train: [229][2111/2112]  Loss -0.8590 (-1.5882)  Time:  0.373 (0.015)  Data Time:  0.004 (0.004)
2022-04-08 05:54:08,627:INFO:   Eta: 0:11:11
2022-04-08 05:54:14,919:INFO: Valid: [229][500/501]  Loss -5.0367 (-3.0518)
2022-04-08 05:54:46,272:INFO: Train: [230][2111/2112]  Loss -0.7671 (-1.6102)  Time:  0.376 (0.015)  Data Time:  0.002 (0.004)
2022-04-08 05:54:46,273:INFO:   Eta: 0:10:25
2022-04-08 05:54:52,477:INFO: Valid: [230][500/501]  Loss -6.0325 (-3.7064)
2022-04-08 05:55:22,941:INFO: Train: [231][2111/2112]  Loss -0.7986 (-1.6002)  Time:  0.477 (0.014)  Data Time:  0.005 (0.004)
2022-04-08 05:55:22,942:INFO:   Eta: 0:09:37
2022-04-08 05:55:29,207:INFO: Valid: [231][500/501]  Loss -5.4065 (-3.3102)
2022-04-08 05:56:00,030:INFO: Train: [232][2111/2112]  Loss -0.8754 (-1.6064)  Time:  0.319 (0.015)  Data Time:  0.005 (0.004)
2022-04-08 05:56:00,032:INFO:   Eta: 0:09:13
2022-04-08 05:56:06,401:INFO: Valid: [232][500/501]  Loss -4.7268 (-2.8723)
2022-04-08 05:56:37,643:INFO: Train: [233][2111/2112]  Loss -0.8096 (-1.5974)  Time:  0.424 (0.015)  Data Time:  0.009 (0.004)
2022-04-08 05:56:37,644:INFO:   Eta: 0:08:50
2022-04-08 05:56:44,298:INFO: Valid: [233][500/501]  Loss -5.2220 (-3.1657)
2022-04-08 05:57:15,066:INFO: Train: [234][2111/2112]  Loss -0.8060 (-1.6133)  Time:  0.362 (0.015)  Data Time:  0.004 (0.004)
2022-04-08 05:57:15,067:INFO:   Eta: 0:08:11
2022-04-08 05:57:21,462:INFO: Valid: [234][500/501]  Loss -5.4322 (-3.3170)
2022-04-08 05:57:49,852:INFO: Train: [235][2111/2112]  Loss -0.8501 (-1.5902)  Time:  0.371 (0.013)  Data Time:  0.004 (0.003)
2022-04-08 05:57:49,853:INFO:   Eta: 0:07:05
2022-04-08 05:57:56,125:INFO: Valid: [235][500/501]  Loss -5.7336 (-3.5220)
2022-04-08 05:58:25,070:INFO: Train: [236][2111/2112]  Loss -0.9010 (-1.6034)  Time:  0.425 (0.014)  Data Time:  0.003 (0.003)
2022-04-08 05:58:25,071:INFO:   Eta: 0:06:44
2022-04-08 05:58:31,811:INFO: Valid: [236][500/501]  Loss -4.7974 (-2.8774)
2022-04-08 05:59:27,519:INFO: Test: [236]  ADE: 0.3863  FDE: 0.5990
2022-04-08 05:59:59,543:INFO: Train: [237][2111/2112]  Loss -0.7060 (-1.6030)  Time:  0.362 (0.015)  Data Time:  0.004 (0.004)
2022-04-08 05:59:59,545:INFO:   Eta: 0:06:55
2022-04-08 06:00:06,143:INFO: Valid: [237][500/501]  Loss -5.9152 (-3.6417)
2022-04-08 06:00:37,928:INFO: Train: [238][2111/2112]  Loss -0.7826 (-1.6085)  Time:  0.440 (0.015)  Data Time:  0.003 (0.004)
2022-04-08 06:00:37,930:INFO:   Eta: 0:06:20
2022-04-08 06:00:44,248:INFO: Valid: [238][500/501]  Loss -5.7420 (-3.5283)
2022-04-08 06:01:16,108:INFO: Train: [239][2111/2112]  Loss -0.7944 (-1.5780)  Time:  0.385 (0.015)  Data Time:  0.004 (0.004)
2022-04-08 06:01:16,110:INFO:   Eta: 0:05:50
2022-04-08 06:01:22,682:INFO: Valid: [239][500/501]  Loss -6.0231 (-3.7430)
2022-04-08 06:01:53,888:INFO: Train: [240][2111/2112]  Loss -0.7892 (-1.6179)  Time:  0.363 (0.015)  Data Time:  0.003 (0.004)
2022-04-08 06:01:53,890:INFO:   Eta: 0:05:11
2022-04-08 06:02:00,442:INFO: Valid: [240][500/501]  Loss -5.5359 (-3.3907)
2022-04-08 06:02:32,459:INFO: Train: [241][2111/2112]  Loss -0.8402 (-1.4961)  Time:  0.426 (0.015)  Data Time:  0.004 (0.004)
2022-04-08 06:02:32,460:INFO:   Eta: 0:04:47
2022-04-08 06:02:39,139:INFO: Valid: [241][500/501]  Loss -6.0839 (-3.7528)
2022-04-08 06:03:10,863:INFO: Train: [242][2111/2112]  Loss -0.7676 (-1.4716)  Time:  0.483 (0.015)  Data Time:  0.004 (0.004)
2022-04-08 06:03:10,864:INFO:   Eta: 0:04:13
2022-04-08 06:03:17,735:INFO: Valid: [242][500/501]  Loss -5.5701 (-3.4189)
2022-04-08 06:03:49,232:INFO: Train: [243][2111/2112]  Loss -0.7609 (-1.5872)  Time:  0.400 (0.015)  Data Time:  0.004 (0.004)
2022-04-08 06:03:49,233:INFO:   Eta: 0:03:40
2022-04-08 06:03:55,583:INFO: Valid: [243][500/501]  Loss -5.5984 (-3.4513)
2022-04-08 06:04:26,144:INFO: Train: [244][2111/2112]  Loss -0.7864 (-1.5695)  Time:  0.349 (0.014)  Data Time:  0.003 (0.004)
2022-04-08 06:04:26,146:INFO:   Eta: 0:03:03
2022-04-08 06:04:32,512:INFO: Valid: [244][500/501]  Loss -5.0034 (-3.0402)
2022-04-08 06:05:00,938:INFO: Train: [245][2111/2112]  Loss -0.7076 (-1.5780)  Time:  0.389 (0.013)  Data Time:  0.003 (0.003)
2022-04-08 06:05:00,939:INFO:   Eta: 0:02:21
2022-04-08 06:05:07,349:INFO: Valid: [245][500/501]  Loss -5.8263 (-3.6309)
2022-04-08 06:05:35,430:INFO: Train: [246][2111/2112]  Loss -0.7769 (-1.5826)  Time:  0.394 (0.013)  Data Time:  0.002 (0.003)
2022-04-08 06:05:35,432:INFO:   Eta: 0:01:52
2022-04-08 06:05:41,699:INFO: Valid: [246][500/501]  Loss -6.0606 (-3.7278)
2022-04-08 06:06:38,173:INFO: Test: [246]  ADE: 0.3273  FDE: 0.5279
2022-04-08 06:07:04,522:INFO: Train: [247][2111/2112]  Loss -0.8624 (-1.5545)  Time:  0.445 (0.012)  Data Time:  0.002 (0.002)
2022-04-08 06:07:04,612:INFO:   Eta: 0:01:18
2022-04-08 06:07:11,174:INFO: Valid: [247][500/501]  Loss -5.8314 (-3.5576)
2022-04-08 06:07:39,591:INFO: Train: [248][2111/2112]  Loss -0.7870 (-1.6168)  Time:  0.441 (0.013)  Data Time:  0.002 (0.002)
2022-04-08 06:07:39,592:INFO:   Eta: 0:00:56
2022-04-08 06:07:45,877:INFO: Valid: [248][500/501]  Loss -5.7413 (-3.5611)
2022-04-08 06:08:15,839:INFO: Train: [249][2111/2112]  Loss -0.7676 (-1.6007)  Time:  0.353 (0.014)  Data Time:  0.004 (0.003)
2022-04-08 06:08:15,840:INFO:   Eta: 0:00:29
2022-04-08 06:08:22,190:INFO: Valid: [249][500/501]  Loss -6.1396 (-3.8045)
2022-04-08 06:08:22,199:INFO: Checkpoint saved...
