2022-03-31 08:54:31,444:INFO: batch_size=128
2022-03-31 08:54:31,444:INFO: clip_grad=None
2022-03-31 08:54:31,444:INFO: dataset=univ
2022-03-31 08:54:31,444:INFO: gpu_num=0
2022-03-31 08:54:31,444:INFO: input_size=2
2022-03-31 08:54:31,444:INFO: kernel_size=3
2022-03-31 08:54:31,445:INFO: lr=0.01
2022-03-31 08:54:31,445:INFO: lr_sh_rate=150
2022-03-31 08:54:31,445:INFO: model=social_stgcnn1
2022-03-31 08:54:31,445:INFO: n_stgcnn=1
2022-03-31 08:54:31,445:INFO: n_txpcnn=5
2022-03-31 08:54:31,445:INFO: num_epochs=250
2022-03-31 08:54:31,445:INFO: obs_seq_len=8
2022-03-31 08:54:31,445:INFO: output_size=5
2022-03-31 08:54:31,445:INFO: pred_seq_len=12
2022-03-31 08:54:31,445:INFO: seed=0
2022-03-31 08:54:31,445:INFO: tag=univ
2022-03-31 08:54:31,445:INFO: use_lrschd=True
2022-03-31 08:54:31,445:INFO: ******************************
2022-03-31 08:54:31,445:INFO: Training initiating....
2022-03-31 08:54:31,445:INFO: Namespace(batch_size=128, clip_grad=None, dataset='univ', gpu_num='0', input_size=2, kernel_size=3, lr=0.01, lr_sh_rate=150, model='social_stgcnn1', n_stgcnn=1, n_txpcnn=5, num_epochs=250, obs_seq_len=8, output_size=5, pred_seq_len=12, seed=0, tag='univ', use_lrschd=True)
2022-03-31 08:54:31,449:INFO: Initializing train dataset
2022-03-31 08:54:35,911:INFO: Initializing val dataset
2022-03-31 08:54:48,024:INFO: social_stgcnn1
2022-03-31 08:54:48,025:INFO: Data and model loaded
2022-03-31 08:54:48,025:INFO: Checkpoint dir: ./runs/Mar31_08-54-31_node06/univ/checkpoint
2022-03-31 08:54:48,025:INFO: Training started ...
2022-03-31 08:55:12,162:INFO: Train: [0][2075/2076]  Loss 0.2458 (1.5025)  Time:  0.124 (0.012)  Data Time:  0.004 (0.004)
2022-03-31 08:55:12,163:INFO:   Eta: 1:40:32
2022-03-31 08:55:36,602:INFO: Train: [1][2075/2076]  Loss 0.1778 (0.8424)  Time:  0.142 (0.012)  Data Time:  0.006 (0.005)
2022-03-31 08:55:36,602:INFO:   Eta: 1:41:22
2022-03-31 08:56:00,840:INFO: Train: [2][2075/2076]  Loss 0.1173 (0.5553)  Time:  0.124 (0.012)  Data Time:  0.004 (0.005)
2022-03-31 08:56:00,840:INFO:   Eta: 1:40:08
2022-03-31 08:56:25,383:INFO: Train: [3][2075/2076]  Loss 0.0206 (0.5260)  Time:  0.131 (0.012)  Data Time:  0.004 (0.005)
2022-03-31 08:56:25,383:INFO:   Eta: 1:40:59
2022-03-31 08:56:49,929:INFO: Train: [4][2075/2076]  Loss 0.0461 (0.3491)  Time:  0.138 (0.012)  Data Time:  0.005 (0.005)
2022-03-31 08:56:49,930:INFO:   Eta: 1:40:36
2022-03-31 08:57:14,239:INFO: Train: [5][2075/2076]  Loss 0.0073 (0.3420)  Time:  0.137 (0.012)  Data Time:  0.005 (0.005)
2022-03-31 08:57:14,442:INFO:   Eta: 1:39:12
2022-03-31 08:57:39,082:INFO: Train: [6][2075/2076]  Loss -0.0254 (0.0740)  Time:  0.130 (0.011)  Data Time:  0.004 (0.004)
2022-03-31 08:57:39,138:INFO:   Eta: 1:33:49
2022-03-31 08:59:07,327:INFO: Test: [6]  ADE: 0.6973  FDE: 0.8450
2022-03-31 08:59:32,573:INFO: Train: [7][2075/2076]  Loss -0.0387 (-0.0563)  Time:  0.138 (0.012)  Data Time:  0.005 (0.005)
2022-03-31 08:59:32,575:INFO:   Eta: 1:42:09
2022-03-31 08:59:57,477:INFO: Train: [8][2075/2076]  Loss 0.0019 (-0.0781)  Time:  0.135 (0.012)  Data Time:  0.004 (0.005)
2022-03-31 08:59:57,479:INFO:   Eta: 1:40:23
2022-03-31 09:00:22,745:INFO: Train: [9][2075/2076]  Loss -0.0783 (-0.1124)  Time:  0.138 (0.012)  Data Time:  0.005 (0.005)
2022-03-31 09:00:22,746:INFO:   Eta: 1:41:25
2022-03-31 09:00:48,479:INFO: Train: [10][2075/2076]  Loss -0.0024 (-0.1941)  Time:  0.131 (0.012)  Data Time:  0.004 (0.005)
2022-03-31 09:00:48,480:INFO:   Eta: 1:42:51
2022-03-31 09:01:13,790:INFO: Train: [11][2075/2076]  Loss -0.0012 (-0.2427)  Time:  0.145 (0.012)  Data Time:  0.004 (0.005)
2022-03-31 09:01:13,791:INFO:   Eta: 1:40:46
2022-03-31 09:01:39,071:INFO: Train: [12][2075/2076]  Loss -0.0270 (-0.2935)  Time:  0.127 (0.012)  Data Time:  0.005 (0.005)
2022-03-31 09:01:39,072:INFO:   Eta: 1:40:13
2022-03-31 09:02:04,117:INFO: Train: [13][2075/2076]  Loss -0.0994 (-0.3123)  Time:  0.151 (0.012)  Data Time:  0.005 (0.005)
2022-03-31 09:02:04,119:INFO:   Eta: 1:38:52
2022-03-31 09:02:27,737:INFO: Train: [14][2075/2076]  Loss -0.1506 (-0.4014)  Time:  0.125 (0.011)  Data Time:  0.005 (0.004)
2022-03-31 09:02:27,739:INFO:   Eta: 1:32:51
2022-03-31 09:02:49,407:INFO: Train: [15][2075/2076]  Loss -0.0438 (-0.4146)  Time:  0.132 (0.010)  Data Time:  0.004 (0.003)
2022-03-31 09:02:49,409:INFO:   Eta: 1:24:49
2022-03-31 09:03:14,875:INFO: Train: [16][2075/2076]  Loss -0.0297 (-0.4093)  Time:  0.132 (0.012)  Data Time:  0.004 (0.005)
2022-03-31 09:03:14,876:INFO:   Eta: 1:39:14
2022-03-31 09:04:42,958:INFO: Test: [16]  ADE: 0.6558  FDE: 0.8457
2022-03-31 09:05:07,961:INFO: Train: [17][2075/2076]  Loss 0.0245 (-0.4619)  Time:  0.138 (0.012)  Data Time:  0.005 (0.005)
2022-03-31 09:05:07,962:INFO:   Eta: 1:37:02
2022-03-31 09:05:32,823:INFO: Train: [18][2075/2076]  Loss -0.0981 (-0.5084)  Time:  0.129 (0.012)  Data Time:  0.005 (0.005)
2022-03-31 09:05:32,824:INFO:   Eta: 1:36:05
2022-03-31 09:05:58,146:INFO: Train: [19][2075/2076]  Loss -0.1679 (-0.5341)  Time:  0.135 (0.012)  Data Time:  0.005 (0.005)
2022-03-31 09:05:58,147:INFO:   Eta: 1:37:27
2022-03-31 09:06:23,366:INFO: Train: [20][2075/2076]  Loss -0.1515 (-0.4647)  Time:  0.139 (0.012)  Data Time:  0.004 (0.005)
2022-03-31 09:06:23,383:INFO:   Eta: 1:36:37
2022-03-31 09:06:48,624:INFO: Train: [21][2075/2076]  Loss -0.1575 (-0.5871)  Time:  0.141 (0.012)  Data Time:  0.004 (0.005)
2022-03-31 09:06:48,624:INFO:   Eta: 1:36:17
2022-03-31 09:07:11,787:INFO: Train: [22][2075/2076]  Loss -0.1630 (-0.6126)  Time:  0.126 (0.011)  Data Time:  0.004 (0.004)
2022-03-31 09:07:11,787:INFO:   Eta: 1:27:57
2022-03-31 09:07:35,140:INFO: Train: [23][2075/2076]  Loss -0.1113 (-0.5857)  Time:  0.141 (0.011)  Data Time:  0.004 (0.004)
2022-03-31 09:07:35,141:INFO:   Eta: 1:28:18
2022-03-31 09:08:00,872:INFO: Train: [24][2075/2076]  Loss -0.2027 (-0.6458)  Time:  0.156 (0.012)  Data Time:  0.005 (0.005)
2022-03-31 09:08:00,873:INFO:   Eta: 1:36:52
2022-03-31 09:08:25,760:INFO: Train: [25][2075/2076]  Loss -0.1828 (-0.6264)  Time:  0.151 (0.012)  Data Time:  0.005 (0.004)
2022-03-31 09:08:25,761:INFO:   Eta: 1:33:17
2022-03-31 09:08:50,951:INFO: Train: [26][2075/2076]  Loss -0.1909 (-0.6713)  Time:  0.153 (0.012)  Data Time:  0.005 (0.005)
2022-03-31 09:08:50,952:INFO:   Eta: 1:33:59
2022-03-31 09:10:18,987:INFO: Test: [26]  ADE: 0.5408  FDE: 0.7618
2022-03-31 09:10:44,423:INFO: Train: [27][2075/2076]  Loss -0.1532 (-0.7109)  Time:  0.132 (0.012)  Data Time:  0.005 (0.005)
2022-03-31 09:10:44,424:INFO:   Eta: 1:34:25
2022-03-31 09:11:09,384:INFO: Train: [28][2075/2076]  Loss -0.2288 (-0.7536)  Time:  0.139 (0.012)  Data Time:  0.005 (0.005)
2022-03-31 09:11:09,385:INFO:   Eta: 1:32:19
2022-03-31 09:11:33,965:INFO: Train: [29][2075/2076]  Loss -0.1919 (-0.7354)  Time:  0.121 (0.012)  Data Time:  0.004 (0.004)
2022-03-31 09:11:33,966:INFO:   Eta: 1:30:29
2022-03-31 09:11:56,496:INFO: Train: [30][2075/2076]  Loss -0.2609 (-0.6294)  Time:  0.130 (0.011)  Data Time:  0.004 (0.004)
2022-03-31 09:11:56,497:INFO:   Eta: 1:22:33
2022-03-31 09:12:20,984:INFO: Train: [31][2075/2076]  Loss -0.1937 (-0.7403)  Time:  0.128 (0.012)  Data Time:  0.004 (0.004)
2022-03-31 09:12:20,986:INFO:   Eta: 1:29:20
2022-03-31 09:12:46,552:INFO: Train: [32][2075/2076]  Loss -0.2291 (-0.8196)  Time:  0.148 (0.012)  Data Time:  0.005 (0.005)
2022-03-31 09:12:46,552:INFO:   Eta: 1:32:50
2022-03-31 09:13:11,771:INFO: Train: [33][2075/2076]  Loss -0.2229 (-0.8068)  Time:  0.169 (0.012)  Data Time:  0.004 (0.004)
2022-03-31 09:13:11,779:INFO:   Eta: 1:31:09
2022-03-31 09:13:36,333:INFO: Train: [34][2075/2076]  Loss -0.2341 (-0.7601)  Time:  0.147 (0.012)  Data Time:  0.004 (0.004)
2022-03-31 09:13:36,335:INFO:   Eta: 1:28:15
2022-03-31 09:14:01,481:INFO: Train: [35][2075/2076]  Loss -0.2649 (-0.8676)  Time:  0.166 (0.012)  Data Time:  0.005 (0.005)
2022-03-31 09:14:01,482:INFO:   Eta: 1:30:03
2022-03-31 09:14:26,648:INFO: Train: [36][2075/2076]  Loss -0.2298 (-0.8459)  Time:  0.132 (0.012)  Data Time:  0.005 (0.005)
2022-03-31 09:14:26,649:INFO:   Eta: 1:29:43
2022-03-31 09:15:55,695:INFO: Test: [36]  ADE: 0.5089  FDE: 0.7604
2022-03-31 09:16:18,721:INFO: Train: [37][2075/2076]  Loss -0.1844 (-0.8406)  Time:  0.113 (0.011)  Data Time:  0.004 (0.004)
2022-03-31 09:16:18,723:INFO:   Eta: 1:21:37
2022-03-31 09:16:41,498:INFO: Train: [38][2075/2076]  Loss -0.2018 (-0.8540)  Time:  0.119 (0.011)  Data Time:  0.004 (0.004)
2022-03-31 09:16:41,499:INFO:   Eta: 1:20:25
2022-03-31 09:17:06,206:INFO: Train: [39][2075/2076]  Loss -0.1564 (-0.9177)  Time:  0.134 (0.012)  Data Time:  0.004 (0.005)
2022-03-31 09:17:06,207:INFO:   Eta: 1:26:49
2022-03-31 09:17:31,288:INFO: Train: [40][2075/2076]  Loss -0.2620 (-0.9609)  Time:  0.157 (0.012)  Data Time:  0.004 (0.005)
2022-03-31 09:17:31,289:INFO:   Eta: 1:27:44
2022-03-31 09:17:56,941:INFO: Train: [41][2075/2076]  Loss -0.2433 (-0.8478)  Time:  0.145 (0.012)  Data Time:  0.004 (0.005)
2022-03-31 09:17:56,941:INFO:   Eta: 1:29:18
2022-03-31 09:18:22,164:INFO: Train: [42][2075/2076]  Loss -0.2662 (-0.8930)  Time:  0.139 (0.012)  Data Time:  0.004 (0.005)
2022-03-31 09:18:22,165:INFO:   Eta: 1:27:23
2022-03-31 09:18:47,593:INFO: Train: [43][2075/2076]  Loss -0.2121 (-0.9461)  Time:  0.125 (0.012)  Data Time:  0.005 (0.005)
2022-03-31 09:18:47,594:INFO:   Eta: 1:27:40
2022-03-31 09:19:12,773:INFO: Train: [44][2075/2076]  Loss -0.1701 (-0.9189)  Time:  0.145 (0.012)  Data Time:  0.005 (0.005)
2022-03-31 09:19:12,777:INFO:   Eta: 1:26:24
2022-03-31 09:19:38,208:INFO: Train: [45][2075/2076]  Loss -0.2153 (-0.9120)  Time:  0.127 (0.012)  Data Time:  0.005 (0.005)
2022-03-31 09:19:38,210:INFO:   Eta: 1:26:48
2022-03-31 09:20:03,724:INFO: Train: [46][2075/2076]  Loss -0.2018 (-0.9081)  Time:  0.132 (0.012)  Data Time:  0.005 (0.005)
2022-03-31 09:20:03,725:INFO:   Eta: 1:26:42
2022-03-31 09:21:33,664:INFO: Test: [46]  ADE: 0.5189  FDE: 0.7787
2022-03-31 09:21:59,011:INFO: Train: [47][2075/2076]  Loss -0.2355 (-0.9692)  Time:  0.134 (0.012)  Data Time:  0.004 (0.005)
2022-03-31 09:21:59,012:INFO:   Eta: 1:25:40
2022-03-31 09:22:24,523:INFO: Train: [48][2075/2076]  Loss -0.1995 (-0.9279)  Time:  0.136 (0.012)  Data Time:  0.003 (0.005)
2022-03-31 09:22:24,524:INFO:   Eta: 1:25:51
2022-03-31 09:22:49,979:INFO: Train: [49][2075/2076]  Loss -0.2073 (-1.0128)  Time:  0.150 (0.012)  Data Time:  0.004 (0.005)
2022-03-31 09:22:49,980:INFO:   Eta: 1:25:14
2022-03-31 09:23:15,676:INFO: Train: [50][2075/2076]  Loss -0.2445 (-1.0387)  Time:  0.138 (0.012)  Data Time:  0.005 (0.005)
2022-03-31 09:23:15,677:INFO:   Eta: 1:25:36
2022-03-31 09:23:40,776:INFO: Train: [51][2075/2076]  Loss -0.2978 (-0.9365)  Time:  0.143 (0.012)  Data Time:  0.005 (0.005)
2022-03-31 09:23:40,777:INFO:   Eta: 1:23:12
2022-03-31 09:24:05,786:INFO: Train: [52][2075/2076]  Loss -0.2583 (-1.0673)  Time:  0.144 (0.012)  Data Time:  0.005 (0.004)
2022-03-31 09:24:05,788:INFO:   Eta: 1:22:29
2022-03-31 09:24:31,187:INFO: Train: [53][2075/2076]  Loss -0.1839 (-1.0361)  Time:  0.148 (0.012)  Data Time:  0.005 (0.005)
2022-03-31 09:24:31,190:INFO:   Eta: 1:23:20
2022-03-31 09:24:56,592:INFO: Train: [54][2075/2076]  Loss -0.1131 (-1.0711)  Time:  0.130 (0.012)  Data Time:  0.004 (0.005)
2022-03-31 09:24:56,593:INFO:   Eta: 1:22:54
2022-03-31 09:25:22,560:INFO: Train: [55][2075/2076]  Loss -0.0639 (-1.0114)  Time:  0.137 (0.012)  Data Time:  0.004 (0.005)
2022-03-31 09:25:22,561:INFO:   Eta: 1:24:19
2022-03-31 09:25:46,009:INFO: Train: [56][2075/2076]  Loss -0.2773 (-1.0827)  Time:  0.127 (0.011)  Data Time:  0.003 (0.004)
2022-03-31 09:25:46,011:INFO:   Eta: 1:15:46
2022-03-31 09:27:17,302:INFO: Test: [56]  ADE: 0.4897  FDE: 0.7917
2022-03-31 09:27:42,871:INFO: Train: [57][2075/2076]  Loss -0.2531 (-1.0676)  Time:  0.144 (0.012)  Data Time:  0.005 (0.005)
2022-03-31 09:27:42,873:INFO:   Eta: 1:22:08
2022-03-31 09:28:08,370:INFO: Train: [58][2075/2076]  Loss -0.2860 (-1.0256)  Time:  0.139 (0.012)  Data Time:  0.005 (0.005)
2022-03-31 09:28:08,372:INFO:   Eta: 1:21:33
2022-03-31 09:28:32,824:INFO: Train: [59][2075/2076]  Loss -0.1957 (-1.0697)  Time:  0.141 (0.012)  Data Time:  0.007 (0.004)
2022-03-31 09:28:32,825:INFO:   Eta: 1:17:47
2022-03-31 09:28:58,173:INFO: Train: [60][2075/2076]  Loss -0.2367 (-1.0296)  Time:  0.136 (0.012)  Data Time:  0.004 (0.005)
2022-03-31 09:28:58,173:INFO:   Eta: 1:20:09
2022-03-31 09:29:24,134:INFO: Train: [61][2075/2076]  Loss -0.2866 (-1.1047)  Time:  0.154 (0.012)  Data Time:  0.005 (0.005)
2022-03-31 09:29:24,135:INFO:   Eta: 1:21:44
2022-03-31 09:29:49,458:INFO: Train: [62][2075/2076]  Loss -0.2666 (-1.1130)  Time:  0.129 (0.012)  Data Time:  0.004 (0.005)
2022-03-31 09:29:49,460:INFO:   Eta: 1:19:18
2022-03-31 09:30:12,899:INFO: Train: [63][2075/2076]  Loss -0.2654 (-1.0582)  Time:  0.169 (0.011)  Data Time:  0.005 (0.004)
2022-03-31 09:30:12,900:INFO:   Eta: 1:12:59
2022-03-31 09:30:35,007:INFO: Train: [64][2075/2076]  Loss -0.2119 (-1.2479)  Time:  0.142 (0.011)  Data Time:  0.005 (0.004)
2022-03-31 09:30:35,008:INFO:   Eta: 1:08:30
2022-03-31 09:30:59,499:INFO: Train: [65][2075/2076]  Loss -0.2862 (-1.1237)  Time:  0.142 (0.012)  Data Time:  0.005 (0.004)
2022-03-31 09:30:59,500:INFO:   Eta: 1:15:28
2022-03-31 09:31:24,622:INFO: Train: [66][2075/2076]  Loss -0.3231 (-1.1809)  Time:  0.137 (0.012)  Data Time:  0.004 (0.005)
2022-03-31 09:31:24,623:INFO:   Eta: 1:17:00
2022-03-31 09:32:56,367:INFO: Test: [66]  ADE: 0.4851  FDE: 0.7899
2022-03-31 09:33:21,758:INFO: Train: [67][2075/2076]  Loss -0.2085 (-1.1707)  Time:  0.143 (0.012)  Data Time:  0.004 (0.005)
2022-03-31 09:33:21,759:INFO:   Eta: 1:17:22
2022-03-31 09:33:46,117:INFO: Train: [68][2075/2076]  Loss -0.1865 (-1.1787)  Time:  0.145 (0.012)  Data Time:  0.005 (0.004)
2022-03-31 09:33:46,120:INFO:   Eta: 1:13:49
2022-03-31 09:34:11,474:INFO: Train: [69][2075/2076]  Loss -0.2939 (-1.1892)  Time:  0.125 (0.012)  Data Time:  0.005 (0.005)
2022-03-31 09:34:11,495:INFO:   Eta: 1:16:26
2022-03-31 09:34:37,204:INFO: Train: [70][2075/2076]  Loss -0.2529 (-1.0920)  Time:  0.135 (0.012)  Data Time:  0.004 (0.005)
2022-03-31 09:34:37,205:INFO:   Eta: 1:17:05
2022-03-31 09:35:00,651:INFO: Train: [71][2075/2076]  Loss -0.2869 (-1.2127)  Time:  0.123 (0.011)  Data Time:  0.004 (0.004)
2022-03-31 09:35:00,658:INFO:   Eta: 1:09:54
2022-03-31 09:35:25,405:INFO: Train: [72][2075/2076]  Loss -0.2640 (-1.2425)  Time:  0.153 (0.012)  Data Time:  0.005 (0.004)
2022-03-31 09:35:25,419:INFO:   Eta: 1:11:36
2022-03-31 09:35:49,386:INFO: Train: [73][2075/2076]  Loss -0.2173 (-1.2735)  Time:  0.131 (0.012)  Data Time:  0.004 (0.004)
2022-03-31 09:35:49,387:INFO:   Eta: 1:10:39
2022-03-31 09:36:14,943:INFO: Train: [74][2075/2076]  Loss -0.2436 (-1.2282)  Time:  0.138 (0.012)  Data Time:  0.005 (0.005)
2022-03-31 09:36:14,946:INFO:   Eta: 1:14:55
2022-03-31 09:36:40,783:INFO: Train: [75][2075/2076]  Loss -0.2281 (-1.1678)  Time:  0.179 (0.012)  Data Time:  0.006 (0.005)
2022-03-31 09:36:40,892:INFO:   Eta: 1:15:18
2022-03-31 09:37:06,966:INFO: Train: [76][2075/2076]  Loss -0.1806 (-1.2494)  Time:  0.159 (0.012)  Data Time:  0.005 (0.005)
2022-03-31 09:37:07,075:INFO:   Eta: 1:14:48
2022-03-31 09:38:36,139:INFO: Test: [76]  ADE: 0.4939  FDE: 0.8232
2022-03-31 09:39:02,157:INFO: Train: [77][2075/2076]  Loss -0.2912 (-0.9925)  Time:  0.135 (0.013)  Data Time:  0.004 (0.005)
2022-03-31 09:39:02,158:INFO:   Eta: 1:14:51
2022-03-31 09:39:26,281:INFO: Train: [78][2075/2076]  Loss -0.3246 (-1.2435)  Time:  0.130 (0.012)  Data Time:  0.004 (0.004)
2022-03-31 09:39:26,282:INFO:   Eta: 1:09:07
2022-03-31 09:39:50,318:INFO: Train: [79][2075/2076]  Loss -0.2868 (-1.2366)  Time:  0.155 (0.012)  Data Time:  0.005 (0.004)
2022-03-31 09:39:50,319:INFO:   Eta: 1:08:28
2022-03-31 09:40:14,143:INFO: Train: [80][2075/2076]  Loss -0.3410 (-1.2579)  Time:  0.114 (0.011)  Data Time:  0.004 (0.004)
2022-03-31 09:40:14,143:INFO:   Eta: 1:07:27
2022-03-31 09:40:39,328:INFO: Train: [81][2075/2076]  Loss -0.2275 (-1.2458)  Time:  0.159 (0.012)  Data Time:  0.005 (0.005)
2022-03-31 09:40:39,329:INFO:   Eta: 1:10:54
2022-03-31 09:41:04,564:INFO: Train: [82][2075/2076]  Loss -0.2406 (-1.3121)  Time:  0.145 (0.012)  Data Time:  0.005 (0.004)
2022-03-31 09:41:04,565:INFO:   Eta: 1:10:37
2022-03-31 09:41:30,352:INFO: Train: [83][2075/2076]  Loss -0.2802 (-1.2422)  Time:  0.150 (0.012)  Data Time:  0.005 (0.005)
2022-03-31 09:41:30,446:INFO:   Eta: 1:11:44
2022-03-31 09:41:55,678:INFO: Train: [84][2075/2076]  Loss -0.2308 (-1.3102)  Time:  0.132 (0.012)  Data Time:  0.004 (0.005)
2022-03-31 09:41:55,748:INFO:   Eta: 1:09:46
2022-03-31 09:42:21,115:INFO: Train: [85][2075/2076]  Loss -0.2170 (-1.3195)  Time:  0.142 (0.012)  Data Time:  0.005 (0.005)
2022-03-31 09:42:21,118:INFO:   Eta: 1:09:43
2022-03-31 09:42:46,374:INFO: Train: [86][2075/2076]  Loss -0.2991 (-1.2313)  Time:  0.136 (0.012)  Data Time:  0.005 (0.005)
2022-03-31 09:42:46,409:INFO:   Eta: 1:08:57
2022-03-31 09:44:18,484:INFO: Test: [86]  ADE: 0.4919  FDE: 0.8271
2022-03-31 09:44:43,560:INFO: Train: [87][2075/2076]  Loss -0.3288 (-1.2604)  Time:  0.124 (0.012)  Data Time:  0.004 (0.004)
2022-03-31 09:44:43,564:INFO:   Eta: 1:07:48
2022-03-31 09:45:08,649:INFO: Train: [88][2075/2076]  Loss -0.3035 (-1.3706)  Time:  0.154 (0.012)  Data Time:  0.005 (0.004)
2022-03-31 09:45:08,734:INFO:   Eta: 1:07:37
2022-03-31 09:45:33,950:INFO: Train: [89][2075/2076]  Loss -0.3480 (-1.2086)  Time:  0.145 (0.012)  Data Time:  0.004 (0.005)
2022-03-31 09:45:33,972:INFO:   Eta: 1:07:10
2022-03-31 09:45:59,437:INFO: Train: [90][2075/2076]  Loss -0.3219 (-1.2527)  Time:  0.148 (0.012)  Data Time:  0.007 (0.005)
2022-03-31 09:45:59,438:INFO:   Eta: 1:07:38
2022-03-31 09:46:25,124:INFO: Train: [91][2075/2076]  Loss -0.3543 (-1.2486)  Time:  0.149 (0.012)  Data Time:  0.005 (0.005)
2022-03-31 09:46:25,126:INFO:   Eta: 1:08:02
2022-03-31 09:46:50,998:INFO: Train: [92][2075/2076]  Loss -0.3225 (-1.2543)  Time:  0.136 (0.012)  Data Time:  0.005 (0.005)
2022-03-31 09:46:50,999:INFO:   Eta: 1:08:05
2022-03-31 09:47:15,879:INFO: Train: [93][2075/2076]  Loss -0.2853 (-1.3471)  Time:  0.127 (0.012)  Data Time:  0.005 (0.005)
2022-03-31 09:47:15,880:INFO:   Eta: 1:05:04
2022-03-31 09:47:41,697:INFO: Train: [94][2075/2076]  Loss -0.2358 (-1.4047)  Time:  0.149 (0.012)  Data Time:  0.005 (0.005)
2022-03-31 09:47:41,698:INFO:   Eta: 1:07:05
2022-03-31 09:48:06,743:INFO: Train: [95][2075/2076]  Loss -0.3473 (-1.2821)  Time:  0.148 (0.012)  Data Time:  0.004 (0.005)
2022-03-31 09:48:06,745:INFO:   Eta: 1:04:40
2022-03-31 09:48:32,483:INFO: Train: [96][2075/2076]  Loss -0.2231 (-1.2436)  Time:  0.148 (0.012)  Data Time:  0.006 (0.005)
2022-03-31 09:48:32,485:INFO:   Eta: 1:06:01
2022-03-31 09:50:00,762:INFO: Test: [96]  ADE: 0.4979  FDE: 0.8152
2022-03-31 09:50:26,613:INFO: Train: [97][2075/2076]  Loss -0.2901 (-1.3413)  Time:  0.139 (0.012)  Data Time:  0.005 (0.005)
2022-03-31 09:50:26,614:INFO:   Eta: 1:05:50
2022-03-31 09:50:51,389:INFO: Train: [98][2075/2076]  Loss -0.3351 (-1.2389)  Time:  0.136 (0.012)  Data Time:  0.004 (0.004)
2022-03-31 09:50:51,390:INFO:   Eta: 1:02:44
2022-03-31 09:51:17,004:INFO: Train: [99][2075/2076]  Loss -0.2661 (-1.4225)  Time:  0.164 (0.012)  Data Time:  0.006 (0.005)
2022-03-31 09:51:17,006:INFO:   Eta: 1:04:26
2022-03-31 09:51:41,535:INFO: Train: [100][2075/2076]  Loss -0.3476 (-1.3252)  Time:  0.135 (0.012)  Data Time:  0.005 (0.004)
2022-03-31 09:51:41,536:INFO:   Eta: 1:01:17
2022-03-31 09:52:06,553:INFO: Train: [101][2075/2076]  Loss -0.3048 (-1.3926)  Time:  0.143 (0.012)  Data Time:  0.005 (0.005)
2022-03-31 09:52:06,553:INFO:   Eta: 1:02:05
2022-03-31 09:52:32,101:INFO: Train: [102][2075/2076]  Loss -0.3208 (-1.2977)  Time:  0.158 (0.012)  Data Time:  0.005 (0.005)
2022-03-31 09:52:32,103:INFO:   Eta: 1:02:58
2022-03-31 09:52:57,310:INFO: Train: [103][2075/2076]  Loss -0.3231 (-1.3943)  Time:  0.136 (0.012)  Data Time:  0.004 (0.004)
2022-03-31 09:52:57,311:INFO:   Eta: 1:01:43
2022-03-31 09:53:21,949:INFO: Train: [104][2075/2076]  Loss -0.3848 (-1.4480)  Time:  0.118 (0.012)  Data Time:  0.004 (0.004)
2022-03-31 09:53:21,951:INFO:   Eta: 0:59:55
2022-03-31 09:53:44,976:INFO: Train: [105][2075/2076]  Loss -0.3318 (-1.3984)  Time:  0.114 (0.011)  Data Time:  0.003 (0.004)
2022-03-31 09:53:44,977:INFO:   Eta: 0:55:36
2022-03-31 09:54:09,926:INFO: Train: [106][2075/2076]  Loss -0.2412 (-1.3080)  Time:  0.141 (0.012)  Data Time:  0.005 (0.004)
2022-03-31 09:54:09,926:INFO:   Eta: 0:59:50
2022-03-31 09:55:39,897:INFO: Test: [106]  ADE: 0.4995  FDE: 0.8160
2022-03-31 09:56:05,179:INFO: Train: [107][2075/2076]  Loss -0.3635 (-1.3728)  Time:  0.148 (0.012)  Data Time:  0.006 (0.005)
2022-03-31 09:56:05,180:INFO:   Eta: 1:00:11
2022-03-31 09:56:30,535:INFO: Train: [108][2075/2076]  Loss -0.3608 (-1.4554)  Time:  0.132 (0.012)  Data Time:  0.004 (0.005)
2022-03-31 09:56:30,548:INFO:   Eta: 0:59:58
2022-03-31 09:56:55,975:INFO: Train: [109][2075/2076]  Loss -0.3081 (-1.4279)  Time:  0.149 (0.012)  Data Time:  0.004 (0.005)
2022-03-31 09:56:55,978:INFO:   Eta: 0:59:37
2022-03-31 09:57:21,668:INFO: Train: [110][2075/2076]  Loss -0.3294 (-1.4494)  Time:  0.129 (0.012)  Data Time:  0.005 (0.005)
2022-03-31 09:57:21,669:INFO:   Eta: 0:59:46
2022-03-31 09:57:47,538:INFO: Train: [111][2075/2076]  Loss -0.3173 (-1.3809)  Time:  0.134 (0.012)  Data Time:  0.005 (0.005)
2022-03-31 09:57:47,539:INFO:   Eta: 0:59:54
2022-03-31 09:58:10,863:INFO: Train: [112][2075/2076]  Loss -0.3928 (-1.4060)  Time:  0.127 (0.011)  Data Time:  0.003 (0.004)
2022-03-31 09:58:10,864:INFO:   Eta: 0:53:37
2022-03-31 09:58:35,343:INFO: Train: [113][2075/2076]  Loss -0.2922 (-1.3107)  Time:  0.125 (0.012)  Data Time:  0.004 (0.004)
2022-03-31 09:58:35,344:INFO:   Eta: 0:55:52
2022-03-31 09:59:00,051:INFO: Train: [114][2075/2076]  Loss -0.3542 (-1.4964)  Time:  0.131 (0.012)  Data Time:  0.005 (0.004)
2022-03-31 09:59:00,052:INFO:   Eta: 0:55:58
2022-03-31 09:59:24,197:INFO: Train: [115][2075/2076]  Loss -0.3805 (-1.3702)  Time:  0.136 (0.012)  Data Time:  0.005 (0.004)
2022-03-31 09:59:24,198:INFO:   Eta: 0:54:18
2022-03-31 09:59:49,734:INFO: Train: [116][2075/2076]  Loss -0.4239 (-1.4378)  Time:  0.146 (0.012)  Data Time:  0.004 (0.005)
2022-03-31 09:59:49,736:INFO:   Eta: 0:57:00
2022-03-31 10:01:19,286:INFO: Test: [116]  ADE: 0.5001  FDE: 0.8890
2022-03-31 10:01:44,335:INFO: Train: [117][2075/2076]  Loss -0.3647 (-1.4167)  Time:  0.139 (0.012)  Data Time:  0.005 (0.005)
2022-03-31 10:01:44,336:INFO:   Eta: 0:55:26
2022-03-31 10:02:09,730:INFO: Train: [118][2075/2076]  Loss -0.3698 (-1.4892)  Time:  0.136 (0.012)  Data Time:  0.005 (0.005)
2022-03-31 10:02:09,730:INFO:   Eta: 0:55:50
2022-03-31 10:02:33,412:INFO: Train: [119][2075/2076]  Loss -0.2976 (-1.4749)  Time:  0.116 (0.011)  Data Time:  0.003 (0.004)
2022-03-31 10:02:33,484:INFO:   Eta: 0:51:41
2022-03-31 10:02:57,622:INFO: Train: [120][2075/2076]  Loss -0.3436 (-1.4135)  Time:  0.134 (0.011)  Data Time:  0.004 (0.004)
2022-03-31 10:02:57,623:INFO:   Eta: 0:50:26
2022-03-31 10:03:23,053:INFO: Train: [121][2075/2076]  Loss -0.2601 (-1.4678)  Time:  0.147 (0.012)  Data Time:  0.005 (0.005)
2022-03-31 10:03:23,054:INFO:   Eta: 0:54:39
2022-03-31 10:03:47,496:INFO: Train: [122][2075/2076]  Loss -0.3542 (-1.4398)  Time:  0.123 (0.012)  Data Time:  0.003 (0.004)
2022-03-31 10:03:47,497:INFO:   Eta: 0:52:06
2022-03-31 10:04:11,933:INFO: Train: [123][2075/2076]  Loss -0.4174 (-1.3882)  Time:  0.139 (0.012)  Data Time:  0.005 (0.005)
2022-03-31 10:04:11,934:INFO:   Eta: 0:51:41
2022-03-31 10:04:36,694:INFO: Train: [124][2075/2076]  Loss -0.3260 (-1.4862)  Time:  0.153 (0.012)  Data Time:  0.005 (0.005)
2022-03-31 10:04:36,695:INFO:   Eta: 0:51:58
2022-03-31 10:05:01,705:INFO: Train: [125][2075/2076]  Loss -0.3435 (-1.3784)  Time:  0.126 (0.012)  Data Time:  0.005 (0.005)
2022-03-31 10:05:01,706:INFO:   Eta: 0:52:04
2022-03-31 10:05:26,894:INFO: Train: [126][2075/2076]  Loss -0.1361 (-1.4807)  Time:  0.151 (0.012)  Data Time:  0.005 (0.005)
2022-03-31 10:05:26,895:INFO:   Eta: 0:52:01
2022-03-31 10:06:56,404:INFO: Test: [126]  ADE: 0.6882  FDE: 1.1189
2022-03-31 10:07:21,243:INFO: Train: [127][2075/2076]  Loss -0.2859 (-1.5398)  Time:  0.136 (0.012)  Data Time:  0.005 (0.005)
2022-03-31 10:07:21,244:INFO:   Eta: 0:50:51
2022-03-31 10:07:44,357:INFO: Train: [128][2075/2076]  Loss -0.2910 (-1.4799)  Time:  0.133 (0.011)  Data Time:  0.005 (0.004)
2022-03-31 10:07:44,359:INFO:   Eta: 0:46:58
2022-03-31 10:08:08,576:INFO: Train: [129][2075/2076]  Loss -0.3707 (-1.4101)  Time:  0.142 (0.012)  Data Time:  0.004 (0.004)
2022-03-31 10:08:08,577:INFO:   Eta: 0:48:48
2022-03-31 10:08:33,995:INFO: Train: [130][2075/2076]  Loss -0.3321 (-1.4517)  Time:  0.137 (0.012)  Data Time:  0.005 (0.005)
2022-03-31 10:08:33,995:INFO:   Eta: 0:50:48
2022-03-31 10:08:57,190:INFO: Train: [131][2075/2076]  Loss -0.3507 (-1.5167)  Time:  0.138 (0.011)  Data Time:  0.004 (0.004)
2022-03-31 10:08:57,192:INFO:   Eta: 0:45:58
2022-03-31 10:09:22,093:INFO: Train: [132][2075/2076]  Loss -0.3825 (-1.3265)  Time:  0.125 (0.012)  Data Time:  0.004 (0.005)
2022-03-31 10:09:22,095:INFO:   Eta: 0:48:57
2022-03-31 10:09:46,532:INFO: Train: [133][2075/2076]  Loss -0.2791 (-1.4409)  Time:  0.138 (0.012)  Data Time:  0.006 (0.005)
2022-03-31 10:09:46,532:INFO:   Eta: 0:47:37
2022-03-31 10:10:11,469:INFO: Train: [134][2075/2076]  Loss -0.3828 (-1.4726)  Time:  0.154 (0.012)  Data Time:  0.007 (0.005)
2022-03-31 10:10:11,471:INFO:   Eta: 0:48:11
2022-03-31 10:10:36,249:INFO: Train: [135][2075/2076]  Loss -0.3438 (-1.4726)  Time:  0.146 (0.012)  Data Time:  0.005 (0.005)
2022-03-31 10:10:36,250:INFO:   Eta: 0:47:27
2022-03-31 10:11:01,315:INFO: Train: [136][2075/2076]  Loss -0.3862 (-1.5161)  Time:  0.129 (0.012)  Data Time:  0.004 (0.004)
2022-03-31 10:11:01,315:INFO:   Eta: 0:47:36
2022-03-31 10:12:32,479:INFO: Test: [136]  ADE: 0.4795  FDE: 0.8331
2022-03-31 10:12:59,493:INFO: Train: [137][2075/2076]  Loss -0.3400 (-1.4412)  Time:  0.127 (0.013)  Data Time:  0.004 (0.004)
2022-03-31 10:12:59,494:INFO:   Eta: 0:50:49
2022-03-31 10:13:22,958:INFO: Train: [138][2075/2076]  Loss -0.3650 (-1.4698)  Time:  0.129 (0.011)  Data Time:  0.004 (0.004)
2022-03-31 10:13:22,960:INFO:   Eta: 0:43:46
2022-03-31 10:13:47,307:INFO: Train: [139][2075/2076]  Loss -0.3536 (-1.4205)  Time:  0.142 (0.012)  Data Time:  0.004 (0.005)
2022-03-31 10:13:47,307:INFO:   Eta: 0:45:01
2022-03-31 10:14:12,132:INFO: Train: [140][2075/2076]  Loss -0.3020 (-1.5284)  Time:  0.147 (0.012)  Data Time:  0.005 (0.005)
2022-03-31 10:14:12,134:INFO:   Eta: 0:45:29
2022-03-31 10:14:35,333:INFO: Train: [141][2075/2076]  Loss -0.2412 (-1.4988)  Time:  0.142 (0.011)  Data Time:  0.005 (0.004)
2022-03-31 10:14:35,333:INFO:   Eta: 0:42:07
2022-03-31 10:15:00,139:INFO: Train: [142][2075/2076]  Loss -0.3622 (-1.4897)  Time:  0.129 (0.012)  Data Time:  0.004 (0.005)
2022-03-31 10:15:00,144:INFO:   Eta: 0:44:37
2022-03-31 10:15:25,030:INFO: Train: [143][2075/2076]  Loss -0.3722 (-1.4707)  Time:  0.128 (0.012)  Data Time:  0.004 (0.005)
2022-03-31 10:15:25,031:INFO:   Eta: 0:44:20
2022-03-31 10:15:49,694:INFO: Train: [144][2075/2076]  Loss -0.3780 (-1.5437)  Time:  0.135 (0.012)  Data Time:  0.005 (0.005)
2022-03-31 10:15:49,695:INFO:   Eta: 0:43:33
2022-03-31 10:16:14,262:INFO: Train: [145][2075/2076]  Loss -0.2902 (-1.4857)  Time:  0.154 (0.012)  Data Time:  0.005 (0.005)
2022-03-31 10:16:14,263:INFO:   Eta: 0:42:58
2022-03-31 10:16:38,990:INFO: Train: [146][2075/2076]  Loss -0.3948 (-1.5741)  Time:  0.132 (0.012)  Data Time:  0.005 (0.005)
2022-03-31 10:16:38,990:INFO:   Eta: 0:42:50
2022-03-31 10:18:11,123:INFO: Test: [146]  ADE: 0.4636  FDE: 0.8233
2022-03-31 10:18:34,634:INFO: Train: [147][2075/2076]  Loss -0.3773 (-1.3276)  Time:  0.135 (0.011)  Data Time:  0.004 (0.004)
2022-03-31 10:18:34,635:INFO:   Eta: 0:40:19
2022-03-31 10:18:59,310:INFO: Train: [148][2075/2076]  Loss -0.2944 (-1.3865)  Time:  0.132 (0.012)  Data Time:  0.004 (0.005)
2022-03-31 10:18:59,311:INFO:   Eta: 0:41:55
2022-03-31 10:19:23,975:INFO: Train: [149][2075/2076]  Loss -0.3866 (-1.5061)  Time:  0.127 (0.012)  Data Time:  0.004 (0.005)
2022-03-31 10:19:23,976:INFO:   Eta: 0:41:29
2022-03-31 10:19:47,806:INFO: Train: [150][2075/2076]  Loss -0.4209 (-1.7182)  Time:  0.130 (0.011)  Data Time:  0.004 (0.004)
2022-03-31 10:19:47,807:INFO:   Eta: 0:39:20
2022-03-31 10:20:11,606:INFO: Train: [151][2075/2076]  Loss -0.4096 (-1.6834)  Time:  0.128 (0.011)  Data Time:  0.004 (0.004)
2022-03-31 10:20:11,607:INFO:   Eta: 0:39:14
2022-03-31 10:20:15,917:INFO: Valid: [151][529/530]  Loss -6.1861 (-4.5184)
2022-03-31 10:20:15,936:INFO: Checkpoint saved...
2022-03-31 10:20:40,455:INFO: Train: [152][2075/2076]  Loss -0.3247 (-1.7034)  Time:  0.128 (0.012)  Data Time:  0.004 (0.004)
2022-03-31 10:20:40,456:INFO:   Eta: 0:40:01
2022-03-31 10:20:44,863:INFO: Valid: [152][529/530]  Loss -5.6733 (-4.2031)
2022-03-31 10:21:09,533:INFO: Train: [153][2075/2076]  Loss -0.4284 (-1.7374)  Time:  0.141 (0.012)  Data Time:  0.005 (0.005)
2022-03-31 10:21:09,533:INFO:   Eta: 0:39:51
2022-03-31 10:21:13,907:INFO: Valid: [153][529/530]  Loss -6.3789 (-4.6727)
2022-03-31 10:21:13,921:INFO: Checkpoint saved...
2022-03-31 10:21:38,865:INFO: Train: [154][2075/2076]  Loss -0.3510 (-1.7337)  Time:  0.139 (0.012)  Data Time:  0.006 (0.005)
2022-03-31 10:21:38,866:INFO:   Eta: 0:39:53
2022-03-31 10:21:43,362:INFO: Valid: [154][529/530]  Loss -6.4646 (-4.7176)
2022-03-31 10:21:43,379:INFO: Checkpoint saved...
2022-03-31 10:22:08,159:INFO: Train: [155][2075/2076]  Loss -0.4163 (-1.6550)  Time:  0.123 (0.012)  Data Time:  0.005 (0.005)
2022-03-31 10:22:08,160:INFO:   Eta: 0:39:12
2022-03-31 10:22:12,637:INFO: Valid: [155][529/530]  Loss -5.3918 (-4.0249)
2022-03-31 10:22:37,862:INFO: Train: [156][2075/2076]  Loss -0.3442 (-1.7506)  Time:  0.137 (0.012)  Data Time:  0.005 (0.005)
2022-03-31 10:22:37,863:INFO:   Eta: 0:39:29
2022-03-31 10:22:42,357:INFO: Valid: [156][529/530]  Loss -5.6916 (-4.2396)
2022-03-31 10:24:16,224:INFO: Test: [156]  ADE: 0.4789  FDE: 0.8401
2022-03-31 10:24:41,025:INFO: Train: [157][2075/2076]  Loss -0.4045 (-1.7528)  Time:  0.135 (0.012)  Data Time:  0.005 (0.004)
2022-03-31 10:24:41,026:INFO:   Eta: 0:38:24
2022-03-31 10:24:45,429:INFO: Valid: [157][529/530]  Loss -6.2815 (-4.5898)
2022-03-31 10:25:09,788:INFO: Train: [158][2075/2076]  Loss -0.4445 (-1.7420)  Time:  0.143 (0.012)  Data Time:  0.004 (0.004)
2022-03-31 10:25:09,790:INFO:   Eta: 0:37:19
2022-03-31 10:25:14,241:INFO: Valid: [158][529/530]  Loss -4.9767 (-3.8183)
2022-03-31 10:25:38,942:INFO: Train: [159][2075/2076]  Loss -0.3228 (-1.7699)  Time:  0.153 (0.012)  Data Time:  0.005 (0.004)
2022-03-31 10:25:38,942:INFO:   Eta: 0:37:26
2022-03-31 10:25:43,268:INFO: Valid: [159][529/530]  Loss -5.7916 (-4.2841)
2022-03-31 10:26:07,243:INFO: Train: [160][2075/2076]  Loss -0.3568 (-1.7309)  Time:  0.147 (0.012)  Data Time:  0.005 (0.004)
2022-03-31 10:26:07,245:INFO:   Eta: 0:35:56
2022-03-31 10:26:11,614:INFO: Valid: [160][529/530]  Loss -5.7601 (-4.2207)
2022-03-31 10:26:36,795:INFO: Train: [161][2075/2076]  Loss -0.3911 (-1.7828)  Time:  0.134 (0.012)  Data Time:  0.004 (0.005)
2022-03-31 10:26:36,797:INFO:   Eta: 0:37:19
2022-03-31 10:26:41,800:INFO: Valid: [161][529/530]  Loss -6.2401 (-4.5715)
2022-03-31 10:27:06,836:INFO: Train: [162][2075/2076]  Loss -0.3950 (-1.6696)  Time:  0.135 (0.012)  Data Time:  0.005 (0.005)
2022-03-31 10:27:06,837:INFO:   Eta: 0:36:41
2022-03-31 10:27:11,259:INFO: Valid: [162][529/530]  Loss -6.2997 (-4.5949)
2022-03-31 10:27:36,181:INFO: Train: [163][2075/2076]  Loss -0.3464 (-1.6661)  Time:  0.138 (0.012)  Data Time:  0.005 (0.005)
2022-03-31 10:27:36,182:INFO:   Eta: 0:36:07
2022-03-31 10:27:40,510:INFO: Valid: [163][529/530]  Loss -6.0546 (-4.4350)
2022-03-31 10:28:05,329:INFO: Train: [164][2075/2076]  Loss -0.4384 (-1.7841)  Time:  0.143 (0.012)  Data Time:  0.004 (0.004)
2022-03-31 10:28:05,331:INFO:   Eta: 0:35:33
2022-03-31 10:28:09,902:INFO: Valid: [164][529/530]  Loss -4.0838 (-3.1267)
2022-03-31 10:28:34,170:INFO: Train: [165][2075/2076]  Loss -0.4502 (-1.6844)  Time:  0.115 (0.012)  Data Time:  0.004 (0.004)
2022-03-31 10:28:34,171:INFO:   Eta: 0:34:21
2022-03-31 10:28:38,534:INFO: Valid: [165][529/530]  Loss -6.3500 (-4.6284)
2022-03-31 10:29:01,466:INFO: Train: [166][2075/2076]  Loss -0.2647 (-1.7195)  Time:  0.129 (0.011)  Data Time:  0.004 (0.004)
2022-03-31 10:29:01,467:INFO:   Eta: 0:32:05
2022-03-31 10:29:05,875:INFO: Valid: [166][529/530]  Loss -4.3916 (-3.4075)
2022-03-31 10:30:36,108:INFO: Test: [166]  ADE: 0.5686  FDE: 1.0438
2022-03-31 10:31:00,177:INFO: Train: [167][2075/2076]  Loss -0.3801 (-1.7952)  Time:  0.137 (0.012)  Data Time:  0.005 (0.004)
2022-03-31 10:31:00,179:INFO:   Eta: 0:33:16
2022-03-31 10:31:04,447:INFO: Valid: [167][529/530]  Loss -5.1749 (-3.9017)
2022-03-31 10:31:28,795:INFO: Train: [168][2075/2076]  Loss -0.3540 (-1.7798)  Time:  0.128 (0.012)  Data Time:  0.005 (0.004)
2022-03-31 10:31:28,797:INFO:   Eta: 0:33:15
2022-03-31 10:31:33,317:INFO: Valid: [168][529/530]  Loss -5.7997 (-4.3017)
2022-03-31 10:31:57,476:INFO: Train: [169][2075/2076]  Loss -0.3960 (-1.6330)  Time:  0.142 (0.012)  Data Time:  0.005 (0.004)
2022-03-31 10:31:57,477:INFO:   Eta: 0:32:35
2022-03-31 10:32:01,989:INFO: Valid: [169][529/530]  Loss -6.1654 (-4.4888)
2022-03-31 10:32:26,622:INFO: Train: [170][2075/2076]  Loss -0.3456 (-1.6926)  Time:  0.144 (0.012)  Data Time:  0.004 (0.004)
2022-03-31 10:32:26,623:INFO:   Eta: 0:32:49
2022-03-31 10:32:31,027:INFO: Valid: [170][529/530]  Loss -6.2411 (-4.5481)
2022-03-31 10:32:55,869:INFO: Train: [171][2075/2076]  Loss -0.3958 (-1.7872)  Time:  0.135 (0.012)  Data Time:  0.004 (0.004)
2022-03-31 10:32:55,870:INFO:   Eta: 0:32:41
2022-03-31 10:33:00,280:INFO: Valid: [171][529/530]  Loss -5.7114 (-4.1869)
2022-03-31 10:33:25,694:INFO: Train: [172][2075/2076]  Loss -0.4244 (-1.7805)  Time:  0.149 (0.012)  Data Time:  0.005 (0.005)
2022-03-31 10:33:25,696:INFO:   Eta: 0:33:01
2022-03-31 10:33:30,110:INFO: Valid: [172][529/530]  Loss -6.0769 (-4.4242)
2022-03-31 10:33:53,585:INFO: Train: [173][2075/2076]  Loss -0.3290 (-1.7114)  Time:  0.116 (0.011)  Data Time:  0.004 (0.004)
2022-03-31 10:33:53,586:INFO:   Eta: 0:30:06
2022-03-31 10:33:57,802:INFO: Valid: [173][529/530]  Loss -6.3133 (-4.5728)
2022-03-31 10:34:20,116:INFO: Train: [174][2075/2076]  Loss -0.4400 (-1.7741)  Time:  0.140 (0.011)  Data Time:  0.004 (0.004)
2022-03-31 10:34:20,226:INFO:   Eta: 0:28:15
2022-03-31 10:34:24,358:INFO: Valid: [174][529/530]  Loss -6.1904 (-4.4970)
2022-03-31 10:34:50,220:INFO: Train: [175][2075/2076]  Loss -0.3181 (-1.8126)  Time:  0.129 (0.012)  Data Time:  0.003 (0.005)
2022-03-31 10:34:50,220:INFO:   Eta: 0:31:27
2022-03-31 10:34:54,595:INFO: Valid: [175][529/530]  Loss -6.0982 (-4.4375)
2022-03-31 10:35:19,893:INFO: Train: [176][2075/2076]  Loss -0.3403 (-1.7877)  Time:  0.139 (0.012)  Data Time:  0.004 (0.005)
2022-03-31 10:35:19,894:INFO:   Eta: 0:31:11
2022-03-31 10:35:24,252:INFO: Valid: [176][529/530]  Loss -6.0441 (-4.4062)
2022-03-31 10:36:57,366:INFO: Test: [176]  ADE: 0.4938  FDE: 0.8795
2022-03-31 10:37:22,292:INFO: Train: [177][2075/2076]  Loss -0.3285 (-1.8148)  Time:  0.142 (0.012)  Data Time:  0.004 (0.005)
2022-03-31 10:37:22,293:INFO:   Eta: 0:30:18
2022-03-31 10:37:26,779:INFO: Valid: [177][529/530]  Loss -5.9443 (-4.3437)
2022-03-31 10:37:51,311:INFO: Train: [178][2075/2076]  Loss -0.3985 (-1.8133)  Time:  0.157 (0.012)  Data Time:  0.006 (0.004)
2022-03-31 10:37:51,313:INFO:   Eta: 0:29:25
2022-03-31 10:37:55,702:INFO: Valid: [178][529/530]  Loss -5.6254 (-4.1436)
2022-03-31 10:38:20,559:INFO: Train: [179][2075/2076]  Loss -0.3842 (-1.6794)  Time:  0.129 (0.012)  Data Time:  0.005 (0.005)
2022-03-31 10:38:20,561:INFO:   Eta: 0:29:23
2022-03-31 10:38:24,928:INFO: Valid: [179][529/530]  Loss -6.5328 (-4.7147)
2022-03-31 10:38:24,947:INFO: Checkpoint saved...
2022-03-31 10:38:49,680:INFO: Train: [180][2075/2076]  Loss -0.4025 (-1.6433)  Time:  0.131 (0.012)  Data Time:  0.004 (0.004)
2022-03-31 10:38:49,682:INFO:   Eta: 0:28:50
2022-03-31 10:38:54,058:INFO: Valid: [180][529/530]  Loss -6.2234 (-4.5254)
2022-03-31 10:39:16,822:INFO: Train: [181][2075/2076]  Loss -0.4169 (-1.7437)  Time:  0.126 (0.011)  Data Time:  0.004 (0.004)
2022-03-31 10:39:16,823:INFO:   Eta: 0:26:09
2022-03-31 10:39:20,969:INFO: Valid: [181][529/530]  Loss -6.0621 (-4.4269)
2022-03-31 10:39:46,247:INFO: Train: [182][2075/2076]  Loss -0.4231 (-1.6695)  Time:  0.129 (0.012)  Data Time:  0.005 (0.005)
2022-03-31 10:39:46,248:INFO:   Eta: 0:28:38
2022-03-31 10:39:50,475:INFO: Valid: [182][529/530]  Loss -5.7779 (-4.2380)
2022-03-31 10:40:15,474:INFO: Train: [183][2075/2076]  Loss -0.3658 (-1.7692)  Time:  0.130 (0.012)  Data Time:  0.004 (0.005)
2022-03-31 10:40:15,476:INFO:   Eta: 0:27:53
2022-03-31 10:40:19,705:INFO: Valid: [183][529/530]  Loss -5.6967 (-4.1798)
2022-03-31 10:40:43,877:INFO: Train: [184][2075/2076]  Loss -0.3328 (-1.7389)  Time:  0.135 (0.012)  Data Time:  0.005 (0.004)
2022-03-31 10:40:43,878:INFO:   Eta: 0:26:34
2022-03-31 10:40:48,282:INFO: Valid: [184][529/530]  Loss -5.9884 (-4.3849)
2022-03-31 10:41:13,090:INFO: Train: [185][2075/2076]  Loss -0.3912 (-1.7493)  Time:  0.143 (0.012)  Data Time:  0.005 (0.005)
2022-03-31 10:41:13,092:INFO:   Eta: 0:26:51
2022-03-31 10:41:17,491:INFO: Valid: [185][529/530]  Loss -5.4017 (-3.9481)
2022-03-31 10:41:41,753:INFO: Train: [186][2075/2076]  Loss -0.3300 (-1.7506)  Time:  0.145 (0.012)  Data Time:  0.004 (0.004)
2022-03-31 10:41:41,755:INFO:   Eta: 0:25:51
2022-03-31 10:41:47,340:INFO: Valid: [186][529/530]  Loss -5.8874 (-4.2975)
2022-03-31 10:43:18,154:INFO: Test: [186]  ADE: 0.4945  FDE: 0.8794
2022-03-31 10:43:42,249:INFO: Train: [187][2075/2076]  Loss -0.3824 (-1.7523)  Time:  0.147 (0.012)  Data Time:  0.007 (0.004)
2022-03-31 10:43:42,250:INFO:   Eta: 0:25:16
2022-03-31 10:43:46,568:INFO: Valid: [187][529/530]  Loss -6.2308 (-4.4876)
2022-03-31 10:44:10,367:INFO: Train: [188][2075/2076]  Loss -0.4200 (-1.7601)  Time:  0.128 (0.011)  Data Time:  0.004 (0.004)
2022-03-31 10:44:10,367:INFO:   Eta: 0:24:34
2022-03-31 10:44:14,519:INFO: Valid: [188][529/530]  Loss -5.7501 (-4.2207)
2022-03-31 10:44:37,178:INFO: Train: [189][2075/2076]  Loss -0.3745 (-1.7428)  Time:  0.124 (0.011)  Data Time:  0.003 (0.004)
2022-03-31 10:44:37,179:INFO:   Eta: 0:23:01
2022-03-31 10:44:41,590:INFO: Valid: [189][529/530]  Loss -4.5317 (-3.4542)
2022-03-31 10:45:06,741:INFO: Train: [190][2075/2076]  Loss -0.4400 (-1.8172)  Time:  0.130 (0.012)  Data Time:  0.005 (0.005)
2022-03-31 10:45:06,742:INFO:   Eta: 0:25:07
2022-03-31 10:45:11,133:INFO: Valid: [190][529/530]  Loss -5.7645 (-4.2145)
2022-03-31 10:45:36,066:INFO: Train: [191][2075/2076]  Loss -0.4188 (-1.7754)  Time:  0.134 (0.012)  Data Time:  0.005 (0.005)
2022-03-31 10:45:36,067:INFO:   Eta: 0:24:30
2022-03-31 10:45:40,471:INFO: Valid: [191][529/530]  Loss -6.2930 (-4.5748)
2022-03-31 10:46:05,289:INFO: Train: [192][2075/2076]  Loss -0.4397 (-1.8442)  Time:  0.143 (0.012)  Data Time:  0.005 (0.005)
2022-03-31 10:46:05,290:INFO:   Eta: 0:23:58
2022-03-31 10:46:09,679:INFO: Valid: [192][529/530]  Loss -6.3924 (-4.6305)
2022-03-31 10:46:33,908:INFO: Train: [193][2075/2076]  Loss -0.4043 (-1.7679)  Time:  0.131 (0.012)  Data Time:  0.005 (0.004)
2022-03-31 10:46:33,909:INFO:   Eta: 0:23:00
2022-03-31 10:46:39,170:INFO: Valid: [193][529/530]  Loss -5.7826 (-4.2079)
2022-03-31 10:47:03,431:INFO: Train: [194][2075/2076]  Loss -0.3685 (-1.7771)  Time:  0.138 (0.012)  Data Time:  0.005 (0.004)
2022-03-31 10:47:03,432:INFO:   Eta: 0:22:37
2022-03-31 10:47:08,376:INFO: Valid: [194][529/530]  Loss -4.7971 (-3.6580)
2022-03-31 10:47:33,114:INFO: Train: [195][2075/2076]  Loss -0.3358 (-1.7636)  Time:  0.133 (0.012)  Data Time:  0.003 (0.004)
2022-03-31 10:47:33,115:INFO:   Eta: 0:22:39
2022-03-31 10:47:37,670:INFO: Valid: [195][529/530]  Loss -4.0203 (-3.0853)
2022-03-31 10:48:02,630:INFO: Train: [196][2075/2076]  Loss -0.3357 (-1.8008)  Time:  0.153 (0.012)  Data Time:  0.005 (0.005)
2022-03-31 10:48:02,631:INFO:   Eta: 0:22:26
2022-03-31 10:48:06,849:INFO: Valid: [196][529/530]  Loss -5.2478 (-3.9083)
2022-03-31 10:49:37,919:INFO: Test: [196]  ADE: 0.5202  FDE: 0.9271
2022-03-31 10:50:01,384:INFO: Train: [197][2075/2076]  Loss -0.3618 (-1.7867)  Time:  0.150 (0.011)  Data Time:  0.004 (0.004)
2022-03-31 10:50:01,386:INFO:   Eta: 0:20:42
2022-03-31 10:50:08,032:INFO: Valid: [197][529/530]  Loss -5.5325 (-4.0600)
2022-03-31 10:50:32,551:INFO: Train: [198][2075/2076]  Loss -0.4013 (-1.7201)  Time:  0.131 (0.012)  Data Time:  0.004 (0.004)
2022-03-31 10:50:32,552:INFO:   Eta: 0:21:13
2022-03-31 10:50:37,124:INFO: Valid: [198][529/530]  Loss -6.1231 (-4.4723)
2022-03-31 10:51:02,100:INFO: Train: [199][2075/2076]  Loss -0.4283 (-1.8063)  Time:  0.127 (0.012)  Data Time:  0.005 (0.005)
2022-03-31 10:51:02,101:INFO:   Eta: 0:21:13
2022-03-31 10:51:06,308:INFO: Valid: [199][529/530]  Loss -5.4064 (-4.0136)
2022-03-31 10:51:31,438:INFO: Train: [200][2075/2076]  Loss -0.4150 (-1.8059)  Time:  0.137 (0.012)  Data Time:  0.005 (0.005)
2022-03-31 10:51:31,438:INFO:   Eta: 0:20:55
2022-03-31 10:51:35,875:INFO: Valid: [200][529/530]  Loss -6.1742 (-4.4875)
2022-03-31 10:52:01,098:INFO: Train: [201][2075/2076]  Loss -0.3338 (-1.8218)  Time:  0.168 (0.012)  Data Time:  0.005 (0.005)
2022-03-31 10:52:01,099:INFO:   Eta: 0:20:35
2022-03-31 10:52:05,624:INFO: Valid: [201][529/530]  Loss -5.8189 (-4.2717)
2022-03-31 10:52:30,222:INFO: Train: [202][2075/2076]  Loss -0.3496 (-1.8071)  Time:  0.128 (0.012)  Data Time:  0.004 (0.004)
2022-03-31 10:52:30,222:INFO:   Eta: 0:19:39
2022-03-31 10:52:34,439:INFO: Valid: [202][529/530]  Loss -5.9692 (-4.3749)
2022-03-31 10:52:58,722:INFO: Train: [203][2075/2076]  Loss -0.4064 (-1.7439)  Time:  0.126 (0.012)  Data Time:  0.004 (0.004)
2022-03-31 10:52:58,722:INFO:   Eta: 0:19:00
2022-03-31 10:53:03,137:INFO: Valid: [203][529/530]  Loss -6.1150 (-4.4550)
2022-03-31 10:53:28,475:INFO: Train: [204][2075/2076]  Loss -0.3085 (-1.8196)  Time:  0.141 (0.012)  Data Time:  0.004 (0.005)
2022-03-31 10:53:28,477:INFO:   Eta: 0:19:24
2022-03-31 10:53:32,975:INFO: Valid: [204][529/530]  Loss -5.2421 (-3.8830)
2022-03-31 10:53:58,475:INFO: Train: [205][2075/2076]  Loss -0.4085 (-1.7619)  Time:  0.150 (0.012)  Data Time:  0.005 (0.005)
2022-03-31 10:53:58,476:INFO:   Eta: 0:19:06
2022-03-31 10:54:04,868:INFO: Valid: [205][529/530]  Loss -6.2794 (-4.5496)
2022-03-31 10:54:30,436:INFO: Train: [206][2075/2076]  Loss -0.4052 (-1.7628)  Time:  0.144 (0.012)  Data Time:  0.005 (0.005)
2022-03-31 10:54:30,437:INFO:   Eta: 0:18:44
2022-03-31 10:54:34,760:INFO: Valid: [206][529/530]  Loss -5.9475 (-4.3228)
2022-03-31 10:56:09,133:INFO: Test: [206]  ADE: 0.4800  FDE: 0.8298
2022-03-31 10:56:33,971:INFO: Train: [207][2075/2076]  Loss -0.3457 (-1.8540)  Time:  0.144 (0.012)  Data Time:  0.005 (0.005)
2022-03-31 10:56:33,973:INFO:   Eta: 0:17:47
2022-03-31 10:56:38,537:INFO: Valid: [207][529/530]  Loss -5.5189 (-4.0721)
2022-03-31 10:57:00,237:INFO: Train: [208][2075/2076]  Loss -0.4320 (-1.8284)  Time:  0.113 (0.010)  Data Time:  0.004 (0.003)
2022-03-31 10:57:00,238:INFO:   Eta: 0:15:00
2022-03-31 10:57:04,417:INFO: Valid: [208][529/530]  Loss -4.9996 (-3.7398)
2022-03-31 10:57:25,600:INFO: Train: [209][2075/2076]  Loss -0.3914 (-1.6985)  Time:  0.135 (0.010)  Data Time:  0.003 (0.003)
2022-03-31 10:57:25,601:INFO:   Eta: 0:14:27
2022-03-31 10:57:30,091:INFO: Valid: [209][529/530]  Loss -6.0395 (-4.4064)
2022-03-31 10:57:50,607:INFO: Train: [210][2075/2076]  Loss -0.4037 (-1.7671)  Time:  0.104 (0.010)  Data Time:  0.003 (0.003)
2022-03-31 10:57:50,610:INFO:   Eta: 0:13:39
2022-03-31 10:57:55,002:INFO: Valid: [210][529/530]  Loss -5.0909 (-3.7468)
2022-03-31 10:58:16,464:INFO: Train: [211][2075/2076]  Loss -0.4421 (-1.7621)  Time:  0.128 (0.010)  Data Time:  0.004 (0.004)
2022-03-31 10:58:16,465:INFO:   Eta: 0:13:56
2022-03-31 10:58:20,727:INFO: Valid: [211][529/530]  Loss -6.4560 (-4.6683)
2022-03-31 10:58:41,676:INFO: Train: [212][2075/2076]  Loss -0.4063 (-1.7693)  Time:  0.127 (0.010)  Data Time:  0.003 (0.003)
2022-03-31 10:58:41,677:INFO:   Eta: 0:13:15
2022-03-31 10:58:45,825:INFO: Valid: [212][529/530]  Loss -6.4784 (-4.6970)
2022-03-31 10:59:06,939:INFO: Train: [213][2075/2076]  Loss -0.4311 (-1.6660)  Time:  0.107 (0.010)  Data Time:  0.003 (0.003)
2022-03-31 10:59:06,940:INFO:   Eta: 0:13:00
2022-03-31 10:59:11,276:INFO: Valid: [213][529/530]  Loss -6.1068 (-4.4554)
2022-03-31 10:59:30,315:INFO: Train: [214][2075/2076]  Loss -0.3684 (-1.8375)  Time:  0.088 (0.009)  Data Time:  0.000 (0.003)
2022-03-31 10:59:30,316:INFO:   Eta: 0:11:24
2022-03-31 10:59:34,597:INFO: Valid: [214][529/530]  Loss -5.9399 (-4.3532)
2022-03-31 10:59:53,237:INFO: Train: [215][2075/2076]  Loss -0.4536 (-1.7608)  Time:  0.109 (0.009)  Data Time:  0.003 (0.003)
2022-03-31 10:59:53,238:INFO:   Eta: 0:10:51
2022-03-31 10:59:58,556:INFO: Valid: [215][529/530]  Loss -6.2266 (-4.5243)
2022-03-31 11:00:17,138:INFO: Train: [216][2075/2076]  Loss -0.3756 (-1.8558)  Time:  0.114 (0.009)  Data Time:  0.002 (0.002)
2022-03-31 11:00:17,139:INFO:   Eta: 0:10:31
2022-03-31 11:00:21,354:INFO: Valid: [216][529/530]  Loss -6.0447 (-4.4175)
2022-03-31 11:01:54,308:INFO: Test: [216]  ADE: 0.4812  FDE: 0.8704
2022-03-31 11:02:12,129:INFO: Train: [217][2075/2076]  Loss -0.4111 (-1.7879)  Time:  0.103 (0.009)  Data Time:  0.003 (0.003)
2022-03-31 11:02:12,130:INFO:   Eta: 0:09:47
2022-03-31 11:02:16,857:INFO: Valid: [217][529/530]  Loss -6.1774 (-4.4225)
2022-03-31 11:02:35,092:INFO: Train: [218][2075/2076]  Loss -0.4095 (-1.6618)  Time:  0.102 (0.009)  Data Time:  0.002 (0.002)
2022-03-31 11:02:35,094:INFO:   Eta: 0:09:43
2022-03-31 11:02:39,309:INFO: Valid: [218][529/530]  Loss -5.4403 (-4.0130)
2022-03-31 11:02:57,683:INFO: Train: [219][2075/2076]  Loss -0.3115 (-1.8449)  Time:  0.101 (0.009)  Data Time:  0.003 (0.002)
2022-03-31 11:02:57,684:INFO:   Eta: 0:09:29
2022-03-31 11:03:02,240:INFO: Valid: [219][529/530]  Loss -5.4980 (-4.0113)
2022-03-31 11:03:19,942:INFO: Train: [220][2075/2076]  Loss -0.2737 (-1.8156)  Time:  0.090 (0.009)  Data Time:  0.002 (0.002)
2022-03-31 11:03:19,943:INFO:   Eta: 0:08:50
2022-03-31 11:03:24,275:INFO: Valid: [220][529/530]  Loss -5.9968 (-4.3874)
2022-03-31 11:03:42,615:INFO: Train: [221][2075/2076]  Loss -0.4382 (-1.8181)  Time:  0.099 (0.009)  Data Time:  0.002 (0.002)
2022-03-31 11:03:42,616:INFO:   Eta: 0:08:51
2022-03-31 11:03:46,882:INFO: Valid: [221][529/530]  Loss -5.4527 (-3.9794)
2022-03-31 11:04:05,478:INFO: Train: [222][2075/2076]  Loss -0.3845 (-1.7926)  Time:  0.116 (0.009)  Data Time:  0.003 (0.002)
2022-03-31 11:04:05,480:INFO:   Eta: 0:08:40
2022-03-31 11:04:09,659:INFO: Valid: [222][529/530]  Loss -5.7449 (-4.2111)
2022-03-31 11:04:27,955:INFO: Train: [223][2075/2076]  Loss -0.4456 (-1.8141)  Time:  0.111 (0.009)  Data Time:  0.002 (0.002)
2022-03-31 11:04:27,957:INFO:   Eta: 0:08:13
2022-03-31 11:04:32,172:INFO: Valid: [223][529/530]  Loss -5.9887 (-4.3611)
2022-03-31 11:04:50,210:INFO: Train: [224][2075/2076]  Loss -0.4528 (-1.8609)  Time:  0.089 (0.009)  Data Time:  0.003 (0.002)
2022-03-31 11:04:50,212:INFO:   Eta: 0:07:48
2022-03-31 11:04:54,342:INFO: Valid: [224][529/530]  Loss -5.6203 (-4.1007)
2022-03-31 11:05:12,001:INFO: Train: [225][2075/2076]  Loss -0.3684 (-1.8169)  Time:  0.114 (0.008)  Data Time:  0.003 (0.002)
2022-03-31 11:05:12,004:INFO:   Eta: 0:07:20
2022-03-31 11:05:16,141:INFO: Valid: [225][529/530]  Loss -5.5106 (-4.1086)
2022-03-31 11:05:34,461:INFO: Train: [226][2075/2076]  Loss -0.4170 (-1.7777)  Time:  0.112 (0.009)  Data Time:  0.002 (0.002)
2022-03-31 11:05:34,462:INFO:   Eta: 0:07:19
2022-03-31 11:05:38,691:INFO: Valid: [226][529/530]  Loss -6.2223 (-4.5141)
2022-03-31 11:07:09,898:INFO: Test: [226]  ADE: 0.4741  FDE: 0.8306
2022-03-31 11:07:25,118:INFO: Train: [227][2075/2076]  Loss -0.4836 (-1.7009)  Time:  0.085 (0.007)  Data Time:  0.001 (0.001)
2022-03-31 11:07:25,119:INFO:   Eta: 0:05:49
2022-03-31 11:07:29,240:INFO: Valid: [227][529/530]  Loss -5.6096 (-4.1460)
2022-03-31 11:07:43,699:INFO: Train: [228][2075/2076]  Loss -0.3654 (-1.8027)  Time:  0.093 (0.007)  Data Time:  0.002 (0.001)
2022-03-31 11:07:43,700:INFO:   Eta: 0:05:17
2022-03-31 11:07:47,837:INFO: Valid: [228][529/530]  Loss -5.7576 (-4.2409)
2022-03-31 11:08:02,184:INFO: Train: [229][2075/2076]  Loss -0.3917 (-1.8361)  Time:  0.103 (0.007)  Data Time:  0.002 (0.001)
2022-03-31 11:08:02,186:INFO:   Eta: 0:05:00
2022-03-31 11:08:06,293:INFO: Valid: [229][529/530]  Loss -5.6720 (-4.1871)
2022-03-31 11:08:21,305:INFO: Train: [230][2075/2076]  Loss -0.3079 (-1.7984)  Time:  0.074 (0.007)  Data Time:  0.000 (0.001)
2022-03-31 11:08:21,305:INFO:   Eta: 0:04:59
2022-03-31 11:08:26,598:INFO: Valid: [230][529/530]  Loss -5.8554 (-4.2709)
2022-03-31 11:08:41,489:INFO: Train: [231][2075/2076]  Loss -0.4071 (-1.7761)  Time:  0.081 (0.007)  Data Time:  0.002 (0.002)
2022-03-31 11:08:41,490:INFO:   Eta: 0:04:42
2022-03-31 11:08:45,466:INFO: Valid: [231][529/530]  Loss -6.2165 (-4.5513)
2022-03-31 11:08:59,805:INFO: Train: [232][2075/2076]  Loss -0.3389 (-1.7225)  Time:  0.079 (0.007)  Data Time:  0.001 (0.001)
2022-03-31 11:08:59,805:INFO:   Eta: 0:04:17
2022-03-31 11:09:03,876:INFO: Valid: [232][529/530]  Loss -6.1619 (-4.4835)
2022-03-31 11:09:18,169:INFO: Train: [233][2075/2076]  Loss -0.4871 (-1.7849)  Time:  0.087 (0.007)  Data Time:  0.002 (0.001)
2022-03-31 11:09:18,305:INFO:   Eta: 0:04:02
2022-03-31 11:09:22,570:INFO: Valid: [233][529/530]  Loss -5.5158 (-4.0662)
2022-03-31 11:09:36,805:INFO: Train: [234][2075/2076]  Loss -0.3845 (-1.7654)  Time:  0.075 (0.007)  Data Time:  0.001 (0.001)
2022-03-31 11:09:36,806:INFO:   Eta: 0:03:47
2022-03-31 11:09:42,036:INFO: Valid: [234][529/530]  Loss -4.7781 (-3.5792)
2022-03-31 11:09:57,195:INFO: Train: [235][2075/2076]  Loss -0.3450 (-1.8157)  Time:  0.083 (0.007)  Data Time:  0.001 (0.001)
2022-03-31 11:09:57,477:INFO:   Eta: 0:03:43
2022-03-31 11:10:02,760:INFO: Valid: [235][529/530]  Loss -5.5920 (-4.0685)
2022-03-31 11:10:15,320:INFO: Train: [236][2075/2076]  Loss -0.4225 (-1.8400)  Time:  0.090 (0.006)  Data Time:  0.000 (0.000)
2022-03-31 11:10:15,322:INFO:   Eta: 0:02:55
2022-03-31 11:10:19,785:INFO: Valid: [236][529/530]  Loss -5.9610 (-4.3656)
2022-03-31 11:11:56,732:INFO: Test: [236]  ADE: 0.4960  FDE: 0.8801
2022-03-31 11:12:08,855:INFO: Train: [237][2075/2076]  Loss -0.3629 (-1.7436)  Time:  0.080 (0.006)  Data Time:  0.000 (0.000)
2022-03-31 11:12:08,856:INFO:   Eta: 0:02:37
2022-03-31 11:12:14,869:INFO: Valid: [237][529/530]  Loss -5.0803 (-3.7800)
2022-03-31 11:12:27,150:INFO: Train: [238][2075/2076]  Loss -0.2907 (-1.8594)  Time:  0.074 (0.006)  Data Time:  0.000 (0.000)
2022-03-31 11:12:27,421:INFO:   Eta: 0:02:27
2022-03-31 11:12:32,255:INFO: Valid: [238][529/530]  Loss -6.0023 (-4.3929)
2022-03-31 11:12:46,602:INFO: Train: [239][2075/2076]  Loss -0.4009 (-1.8575)  Time:  0.077 (0.006)  Data Time:  0.001 (0.000)
2022-03-31 11:12:46,603:INFO:   Eta: 0:02:12
2022-03-31 11:12:52,799:INFO: Valid: [239][529/530]  Loss -6.2226 (-4.4998)
2022-03-31 11:13:04,991:INFO: Train: [240][2075/2076]  Loss -0.4392 (-1.7563)  Time:  0.084 (0.006)  Data Time:  0.000 (0.000)
2022-03-31 11:13:04,993:INFO:   Eta: 0:02:01
2022-03-31 11:13:09,954:INFO: Valid: [240][529/530]  Loss -4.3459 (-3.3363)
2022-03-31 11:13:22,236:INFO: Train: [241][2075/2076]  Loss -0.3687 (-1.8202)  Time:  0.070 (0.006)  Data Time:  0.000 (0.000)
2022-03-31 11:13:22,237:INFO:   Eta: 0:01:50
2022-03-31 11:13:26,830:INFO: Valid: [241][529/530]  Loss -5.9414 (-4.3266)
2022-03-31 11:13:39,535:INFO: Train: [242][2075/2076]  Loss -0.4329 (-1.8181)  Time:  0.070 (0.006)  Data Time:  0.000 (0.000)
2022-03-31 11:13:39,537:INFO:   Eta: 0:01:41
2022-03-31 11:13:45,651:INFO: Valid: [242][529/530]  Loss -5.6817 (-4.1939)
2022-03-31 11:13:57,730:INFO: Train: [243][2075/2076]  Loss -0.4156 (-1.8244)  Time:  0.070 (0.006)  Data Time:  0.000 (0.000)
2022-03-31 11:13:57,731:INFO:   Eta: 0:01:24
2022-03-31 11:14:02,835:INFO: Valid: [243][529/530]  Loss -5.2399 (-3.9002)
2022-03-31 11:14:15,392:INFO: Train: [244][2075/2076]  Loss -0.3979 (-1.7992)  Time:  0.083 (0.006)  Data Time:  0.000 (0.000)
2022-03-31 11:14:15,393:INFO:   Eta: 0:01:15
2022-03-31 11:14:21,292:INFO: Valid: [244][529/530]  Loss -5.9170 (-4.3146)
2022-03-31 11:14:33,277:INFO: Train: [245][2075/2076]  Loss -0.4628 (-1.8179)  Time:  0.081 (0.006)  Data Time:  0.000 (0.000)
2022-03-31 11:14:33,278:INFO:   Eta: 0:00:59
2022-03-31 11:14:37,933:INFO: Valid: [245][529/530]  Loss -3.9804 (-3.0092)
2022-03-31 11:14:50,649:INFO: Train: [246][2075/2076]  Loss -0.2931 (-1.8165)  Time:  0.080 (0.006)  Data Time:  0.000 (0.000)
2022-03-31 11:14:50,651:INFO:   Eta: 0:00:50
2022-03-31 11:14:55,177:INFO: Valid: [246][529/530]  Loss -5.9363 (-4.3734)
