2022-05-13 14:32:51,255:INFO: batch_size=128
2022-05-13 14:32:51,255:INFO: clip_grad=None
2022-05-13 14:32:51,255:INFO: dataset=zara2
2022-05-13 14:32:51,255:INFO: dict_kernel_size=3
2022-05-13 14:32:51,255:INFO: drop=0.0
2022-05-13 14:32:51,255:INFO: gpu_num=4
2022-05-13 14:32:51,256:INFO: ilr=0.025
2022-05-13 14:32:51,256:INFO: init=kmeans
2022-05-13 14:32:51,256:INFO: input_size=2
2022-05-13 14:32:51,256:INFO: kernel_size=3
2022-05-13 14:32:51,256:INFO: log_dir=./runs/9-2.5xlr
2022-05-13 14:32:51,256:INFO: lr=0.01
2022-05-13 14:32:51,256:INFO: lr_sh_rate=150
2022-05-13 14:32:51,256:INFO: model=social_stgcnn9
2022-05-13 14:32:51,256:INFO: n_stgcnn=1
2022-05-13 14:32:51,256:INFO: n_txpcnn=5
2022-05-13 14:32:51,257:INFO: name=9-2.5xlr
2022-05-13 14:32:51,257:INFO: num_epochs=250
2022-05-13 14:32:51,257:INFO: obs_seq_len=8
2022-05-13 14:32:51,257:INFO: output_size=5
2022-05-13 14:32:51,257:INFO: pred_seq_len=12
2022-05-13 14:32:51,257:INFO: seed=0
2022-05-13 14:32:51,257:INFO: tag=zara2
2022-05-13 14:32:51,257:INFO: use_lrschd=True
2022-05-13 14:32:51,257:INFO: ******************************
2022-05-13 14:32:51,257:INFO: Training initiating....
2022-05-13 14:32:51,257:INFO: Namespace(model='social_stgcnn9', name='9-2.5xlr', input_size=2, output_size=5, n_stgcnn=1, n_txpcnn=5, kernel_size=3, obs_seq_len=8, pred_seq_len=12, dataset='zara2', batch_size=128, num_epochs=250, clip_grad=None, lr=0.01, ilr=0.025, lr_sh_rate=150, use_lrschd=True, tag='zara2', log_dir='./runs/9-2.5xlr', seed=0, gpu_num='4', drop=0.0, init='kmeans', dict_kernel_size=3)
2022-05-13 14:32:51,466:INFO: Initializing train dataset
2022-05-13 14:33:12,899:INFO: Initializing val dataset
2022-05-13 14:33:33,998:INFO: social_stgcnn9
2022-05-13 14:33:34,066:INFO: 0.01
2022-05-13 14:33:34,066:INFO: 0.01
2022-05-13 14:33:34,066:INFO: 0.01
2022-05-13 14:33:34,066:INFO: 0.025
2022-05-13 14:33:34,067:INFO: Data and model loaded
2022-05-13 14:33:34,067:INFO: Checkpoint dir: ./runs/9-2.5xlr/zara2/checkpoint
2022-05-13 14:33:34,067:INFO: Training started ...
2022-05-13 14:34:09,652:INFO: Train: [0][2111/2112]  Loss 0.5253 (1.4857)  Time:  1.069 (0.017)  Data Time:  0.021 (0.004)
2022-05-13 14:34:09,656:INFO:   Eta: 2:28:12
2022-05-13 14:35:15,251:INFO: Train: [1][2111/2112]  Loss 0.3214 (0.7607)  Time:  1.025 (0.031)  Data Time:  0.023 (0.012)
2022-05-13 14:35:15,253:INFO:   Eta: 4:31:43
2022-05-13 14:36:20,813:INFO: Train: [2][2111/2112]  Loss 0.2407 (0.5096)  Time:  1.045 (0.031)  Data Time:  0.022 (0.012)
2022-05-13 14:36:20,817:INFO:   Eta: 4:30:28
2022-05-13 14:37:45,796:INFO: Train: [3][2111/2112]  Loss 0.1327 (0.4120)  Time:  1.009 (0.040)  Data Time:  0.022 (0.018)
2022-05-13 14:37:45,798:INFO:   Eta: 5:48:54
2022-05-13 14:39:08,747:INFO: Train: [4][2111/2112]  Loss 0.2406 (0.2448)  Time:  0.474 (0.039)  Data Time:  0.000 (0.017)
2022-05-13 14:39:08,750:INFO:   Eta: 5:39:27
2022-05-13 14:40:21,539:INFO: Train: [5][2111/2112]  Loss 0.0236 (0.2291)  Time:  0.982 (0.034)  Data Time:  0.000 (0.014)
2022-05-13 14:40:21,542:INFO:   Eta: 4:56:39
2022-05-13 14:41:13,228:INFO: Train: [6][2111/2112]  Loss -0.0906 (0.0363)  Time:  1.052 (0.024)  Data Time:  0.022 (0.008)
2022-05-13 14:41:13,230:INFO:   Eta: 3:29:43
2022-05-13 14:42:12,578:INFO: Train: [7][2111/2112]  Loss 0.0224 (-0.0772)  Time:  1.117 (0.028)  Data Time:  0.021 (0.010)
2022-05-13 14:42:12,580:INFO:   Eta: 3:59:48
2022-05-13 14:43:36,867:INFO: Train: [8][2111/2112]  Loss -0.0267 (0.0498)  Time:  1.188 (0.040)  Data Time:  0.016 (0.017)
2022-05-13 14:43:36,869:INFO:   Eta: 5:39:27
2022-05-13 14:45:00,600:INFO: Train: [9][2111/2112]  Loss -0.1276 (-0.1997)  Time:  1.073 (0.040)  Data Time:  0.020 (0.017)
2022-05-13 14:45:00,602:INFO:   Eta: 5:35:29
2022-05-13 14:46:18,299:INFO: Train: [10][2111/2112]  Loss -0.0908 (-0.2220)  Time:  1.176 (0.037)  Data Time:  0.020 (0.015)
2022-05-13 14:46:18,301:INFO:   Eta: 5:10:17
2022-05-13 14:47:03,142:INFO: Train: [11][2111/2112]  Loss -0.1514 (-0.1778)  Time:  0.303 (0.021)  Data Time:  0.000 (0.007)
2022-05-13 14:47:03,144:INFO:   Eta: 2:58:09
2022-05-13 14:47:48,085:INFO: Train: [12][2111/2112]  Loss -0.2611 (-0.2619)  Time:  0.979 (0.021)  Data Time:  0.022 (0.007)
2022-05-13 14:47:48,086:INFO:   Eta: 2:57:48
2022-05-13 14:48:38,975:INFO: Train: [13][2111/2112]  Loss 0.0019 (-0.3275)  Time:  0.287 (0.024)  Data Time:  0.000 (0.006)
2022-05-13 14:48:38,977:INFO:   Eta: 3:20:32
2022-05-13 14:49:53,844:INFO: Train: [14][2111/2112]  Loss -0.2646 (-0.3149)  Time:  1.050 (0.035)  Data Time:  0.018 (0.015)
2022-05-13 14:49:53,846:INFO:   Eta: 4:53:43
2022-05-13 14:50:48,052:INFO: Train: [15][2111/2112]  Loss -0.1490 (-0.4541)  Time:  0.355 (0.026)  Data Time:  0.000 (0.009)
2022-05-13 14:50:48,052:INFO:   Eta: 3:31:40
2022-05-13 14:51:53,067:INFO: Train: [16][2111/2112]  Loss -0.0730 (-0.4676)  Time:  1.010 (0.031)  Data Time:  0.023 (0.012)
2022-05-13 14:51:53,068:INFO:   Eta: 4:13:08
2022-05-13 14:52:59,214:INFO: Train: [17][2111/2112]  Loss -0.1616 (-0.4662)  Time:  0.307 (0.031)  Data Time:  0.000 (0.013)
2022-05-13 14:52:59,215:INFO:   Eta: 4:16:14
2022-05-13 14:54:01,915:INFO: Train: [18][2111/2112]  Loss -0.2778 (-0.4520)  Time:  0.957 (0.030)  Data Time:  0.021 (0.013)
2022-05-13 14:54:01,918:INFO:   Eta: 4:01:21
2022-05-13 14:55:20,701:INFO: Train: [19][2111/2112]  Loss -0.3620 (-0.3596)  Time:  1.081 (0.037)  Data Time:  0.021 (0.017)
2022-05-13 14:55:20,703:INFO:   Eta: 5:02:52
2022-05-13 14:56:27,080:INFO: Train: [20][2111/2112]  Loss -0.3651 (-0.5369)  Time:  1.051 (0.031)  Data Time:  0.012 (0.012)
2022-05-13 14:56:27,081:INFO:   Eta: 4:14:00
2022-05-13 14:57:37,126:INFO: Train: [21][2111/2112]  Loss -0.3206 (-0.5556)  Time:  1.015 (0.033)  Data Time:  0.017 (0.014)
2022-05-13 14:57:37,128:INFO:   Eta: 4:26:18
2022-05-13 14:58:54,462:INFO: Train: [22][2111/2112]  Loss -0.3681 (-0.5764)  Time:  0.812 (0.037)  Data Time:  0.013 (0.016)
2022-05-13 14:58:54,464:INFO:   Eta: 4:53:26
2022-05-13 14:59:54,385:INFO: Train: [23][2111/2112]  Loss -0.3560 (-0.6734)  Time:  0.775 (0.028)  Data Time:  0.000 (0.012)
2022-05-13 14:59:54,386:INFO:   Eta: 3:45:46
2022-05-13 15:01:01,036:INFO: Train: [24][2111/2112]  Loss -0.4234 (-0.6183)  Time:  0.434 (0.032)  Data Time:  0.000 (0.012)
2022-05-13 15:01:01,037:INFO:   Eta: 4:10:36
2022-05-13 15:01:27,611:INFO: Train: [25][2111/2112]  Loss -0.2606 (-0.5653)  Time:  0.288 (0.013)  Data Time:  0.000 (0.002)
2022-05-13 15:01:27,612:INFO:   Eta: 1:39:05
2022-05-13 15:02:27,446:INFO: Train: [26][2111/2112]  Loss -0.1840 (-0.7564)  Time:  0.751 (0.028)  Data Time:  0.022 (0.011)
2022-05-13 15:02:27,449:INFO:   Eta: 3:42:55
2022-05-13 15:03:45,471:INFO: Train: [27][2111/2112]  Loss -0.4796 (-0.7213)  Time:  1.072 (0.037)  Data Time:  0.020 (0.016)
2022-05-13 15:03:45,475:INFO:   Eta: 4:49:32
2022-05-13 15:05:05,235:INFO: Train: [28][2111/2112]  Loss -0.3403 (-0.7702)  Time:  1.124 (0.038)  Data Time:  0.020 (0.016)
2022-05-13 15:05:05,238:INFO:   Eta: 4:54:37
2022-05-13 15:06:25,978:INFO: Train: [29][2111/2112]  Loss -0.4031 (-0.6952)  Time:  0.979 (0.038)  Data Time:  0.001 (0.017)
2022-05-13 15:06:25,981:INFO:   Eta: 4:56:39
2022-05-13 15:07:45,024:INFO: Train: [30][2111/2112]  Loss -0.3696 (-0.7450)  Time:  1.003 (0.037)  Data Time:  0.022 (0.016)
2022-05-13 15:07:45,025:INFO:   Eta: 4:49:24
2022-05-13 15:09:02,826:INFO: Train: [31][2111/2112]  Loss -0.3707 (-0.7707)  Time:  1.059 (0.037)  Data Time:  0.021 (0.016)
2022-05-13 15:09:02,828:INFO:   Eta: 4:43:32
2022-05-13 15:10:19,316:INFO: Train: [32][2111/2112]  Loss -0.4056 (-0.7848)  Time:  1.120 (0.036)  Data Time:  0.021 (0.015)
2022-05-13 15:10:19,318:INFO:   Eta: 4:37:23
2022-05-13 15:11:37,456:INFO: Train: [33][2111/2112]  Loss -0.4645 (-0.8242)  Time:  1.010 (0.037)  Data Time:  0.021 (0.016)
2022-05-13 15:11:37,458:INFO:   Eta: 4:42:12
2022-05-13 15:12:56,075:INFO: Train: [34][2111/2112]  Loss -0.4674 (-0.7957)  Time:  0.992 (0.037)  Data Time:  0.020 (0.016)
2022-05-13 15:12:56,077:INFO:   Eta: 4:42:36
2022-05-13 15:14:13,686:INFO: Train: [35][2111/2112]  Loss -0.3576 (-0.7349)  Time:  0.890 (0.037)  Data Time:  0.021 (0.016)
2022-05-13 15:14:13,687:INFO:   Eta: 4:37:37
2022-05-13 15:15:33,333:INFO: Train: [36][2111/2112]  Loss -0.4775 (-0.7849)  Time:  1.063 (0.038)  Data Time:  0.021 (0.017)
2022-05-13 15:15:33,334:INFO:   Eta: 4:43:31
2022-05-13 15:16:32,353:INFO: Train: [37][2111/2112]  Loss -0.4200 (-0.9021)  Time:  0.355 (0.028)  Data Time:  0.000 (0.011)
2022-05-13 15:16:32,355:INFO:   Eta: 3:29:06
2022-05-13 15:17:07,446:INFO: Train: [38][2111/2112]  Loss -0.4949 (-0.8386)  Time:  1.007 (0.017)  Data Time:  0.020 (0.003)
2022-05-13 15:17:07,449:INFO:   Eta: 2:03:33
2022-05-13 15:18:27,436:INFO: Train: [39][2111/2112]  Loss -0.4771 (-0.8781)  Time:  1.136 (0.038)  Data Time:  0.022 (0.016)
2022-05-13 15:18:27,438:INFO:   Eta: 4:40:51
2022-05-13 15:19:49,528:INFO: Train: [40][2111/2112]  Loss -0.4524 (-0.8219)  Time:  1.129 (0.039)  Data Time:  0.001 (0.017)
2022-05-13 15:19:49,530:INFO:   Eta: 4:46:40
2022-05-13 15:21:13,192:INFO: Train: [41][2111/2112]  Loss -0.4845 (-0.9190)  Time:  1.108 (0.040)  Data Time:  0.023 (0.017)
2022-05-13 15:21:13,195:INFO:   Eta: 4:50:59
2022-05-13 15:22:35,301:INFO: Train: [42][2111/2112]  Loss -0.4854 (-0.8678)  Time:  1.023 (0.039)  Data Time:  0.020 (0.017)
2022-05-13 15:22:35,306:INFO:   Eta: 4:44:10
2022-05-13 15:23:57,776:INFO: Train: [43][2111/2112]  Loss -0.4020 (-0.9657)  Time:  1.060 (0.039)  Data Time:  0.022 (0.017)
2022-05-13 15:23:57,779:INFO:   Eta: 4:43:59
2022-05-13 15:25:16,297:INFO: Train: [44][2111/2112]  Loss -0.4390 (-0.8613)  Time:  1.114 (0.037)  Data Time:  0.022 (0.016)
2022-05-13 15:25:16,300:INFO:   Eta: 4:29:10
2022-05-13 15:26:38,735:INFO: Train: [45][2111/2112]  Loss -0.4952 (-0.8059)  Time:  1.053 (0.039)  Data Time:  0.012 (0.017)
2022-05-13 15:26:38,736:INFO:   Eta: 4:41:14
2022-05-13 15:28:01,482:INFO: Train: [46][2111/2112]  Loss -0.3938 (-0.7756)  Time:  1.061 (0.039)  Data Time:  0.021 (0.017)
2022-05-13 15:28:01,486:INFO:   Eta: 4:40:54
2022-05-13 15:29:15,452:INFO: Train: [47][2111/2112]  Loss -0.3892 (-0.9916)  Time:  1.003 (0.035)  Data Time:  0.021 (0.014)
2022-05-13 15:29:15,453:INFO:   Eta: 4:09:50
2022-05-13 15:30:09,059:INFO: Train: [48][2111/2112]  Loss -0.4148 (-1.0119)  Time:  0.298 (0.025)  Data Time:  0.000 (0.009)
2022-05-13 15:30:09,060:INFO:   Eta: 2:59:58
2022-05-13 15:31:03,291:INFO: Train: [49][2111/2112]  Loss -0.5025 (-0.9410)  Time:  0.952 (0.026)  Data Time:  0.001 (0.009)
2022-05-13 15:31:03,292:INFO:   Eta: 3:01:15
2022-05-13 15:32:22,008:INFO: Train: [50][2111/2112]  Loss -0.4960 (-0.9089)  Time:  1.005 (0.037)  Data Time:  0.022 (0.017)
2022-05-13 15:32:22,011:INFO:   Eta: 4:21:57
2022-05-13 15:33:39,935:INFO: Train: [51][2111/2112]  Loss -0.4421 (-1.0455)  Time:  1.115 (0.037)  Data Time:  0.023 (0.016)
2022-05-13 15:33:39,936:INFO:   Eta: 4:18:01
2022-05-13 15:34:58,778:INFO: Train: [52][2111/2112]  Loss -0.5392 (-0.9949)  Time:  1.074 (0.037)  Data Time:  0.005 (0.016)
2022-05-13 15:34:58,780:INFO:   Eta: 4:19:44
2022-05-13 15:36:14,651:INFO: Train: [53][2111/2112]  Loss -0.5556 (-1.0104)  Time:  0.899 (0.036)  Data Time:  0.020 (0.015)
2022-05-13 15:36:14,653:INFO:   Eta: 4:08:44
2022-05-13 15:37:18,932:INFO: Train: [54][2111/2112]  Loss -0.4114 (-1.0527)  Time:  0.951 (0.030)  Data Time:  0.001 (0.013)
2022-05-13 15:37:18,935:INFO:   Eta: 3:29:35
2022-05-13 15:38:00,805:INFO: Train: [55][2111/2112]  Loss -0.3349 (-1.0223)  Time:  0.406 (0.020)  Data Time:  0.000 (0.006)
2022-05-13 15:38:00,807:INFO:   Eta: 2:15:42
2022-05-13 15:38:42,882:INFO: Train: [56][2111/2112]  Loss -0.5038 (-0.9675)  Time:  0.380 (0.020)  Data Time:  0.000 (0.004)
2022-05-13 15:38:42,884:INFO:   Eta: 2:15:16
2022-05-13 15:39:28,308:INFO: Train: [57][2111/2112]  Loss -0.5371 (-1.0273)  Time:  0.300 (0.021)  Data Time:  0.000 (0.008)
2022-05-13 15:39:28,311:INFO:   Eta: 2:25:37
2022-05-13 15:40:45,741:INFO: Train: [58][2111/2112]  Loss -0.5857 (-1.0878)  Time:  0.291 (0.033)  Data Time:  0.000 (0.014)
2022-05-13 15:40:45,744:INFO:   Eta: 3:41:22
2022-05-13 15:41:32,771:INFO: Train: [59][2111/2112]  Loss -0.5053 (-0.9649)  Time:  0.367 (0.022)  Data Time:  0.000 (0.007)
2022-05-13 15:41:32,774:INFO:   Eta: 2:27:07
2022-05-13 15:42:47,420:INFO: Train: [60][2111/2112]  Loss -0.5931 (-0.9954)  Time:  1.017 (0.035)  Data Time:  0.021 (0.015)
2022-05-13 15:42:47,421:INFO:   Eta: 3:55:49
2022-05-13 15:44:09,002:INFO: Train: [61][2111/2112]  Loss -0.5058 (-1.1039)  Time:  1.064 (0.039)  Data Time:  0.022 (0.017)
2022-05-13 15:44:09,005:INFO:   Eta: 4:16:27
2022-05-13 15:45:00,961:INFO: Train: [62][2111/2112]  Loss -0.6127 (-1.0210)  Time:  0.293 (0.025)  Data Time:  0.001 (0.010)
2022-05-13 15:45:00,962:INFO:   Eta: 2:42:27
2022-05-13 15:46:01,098:INFO: Train: [63][2111/2112]  Loss -0.4884 (-1.0317)  Time:  1.100 (0.028)  Data Time:  0.020 (0.011)
2022-05-13 15:46:01,100:INFO:   Eta: 3:07:02
2022-05-13 15:47:09,903:INFO: Train: [64][2111/2112]  Loss -0.5638 (-1.0230)  Time:  0.961 (0.033)  Data Time:  0.001 (0.012)
2022-05-13 15:47:09,905:INFO:   Eta: 3:32:52
2022-05-13 15:48:01,452:INFO: Train: [65][2111/2112]  Loss -0.6324 (-1.0518)  Time:  0.832 (0.024)  Data Time:  0.000 (0.007)
2022-05-13 15:48:01,455:INFO:   Eta: 2:38:32
2022-05-13 15:48:55,305:INFO: Train: [66][2111/2112]  Loss -0.5226 (-1.1050)  Time:  0.595 (0.025)  Data Time:  0.020 (0.007)
2022-05-13 15:48:55,308:INFO:   Eta: 2:44:45
2022-05-13 15:49:53,670:INFO: Train: [67][2111/2112]  Loss -0.6478 (-1.1342)  Time:  0.522 (0.028)  Data Time:  0.021 (0.010)
2022-05-13 15:49:53,671:INFO:   Eta: 2:57:39
2022-05-13 15:50:45,368:INFO: Train: [68][2111/2112]  Loss -0.6119 (-1.1200)  Time:  0.952 (0.024)  Data Time:  0.023 (0.008)
2022-05-13 15:50:45,370:INFO:   Eta: 2:36:27
2022-05-13 15:51:44,053:INFO: Train: [69][2111/2112]  Loss -0.6480 (-1.0728)  Time:  0.292 (0.028)  Data Time:  0.000 (0.009)
2022-05-13 15:51:44,055:INFO:   Eta: 2:56:37
2022-05-13 15:52:31,514:INFO: Train: [70][2111/2112]  Loss -0.6200 (-1.1116)  Time:  1.048 (0.022)  Data Time:  0.022 (0.006)
2022-05-13 15:52:31,517:INFO:   Eta: 2:22:02
2022-05-13 15:53:23,080:INFO: Train: [71][2111/2112]  Loss -0.5620 (-1.1455)  Time:  0.505 (0.024)  Data Time:  0.001 (0.007)
2022-05-13 15:53:23,081:INFO:   Eta: 2:33:25
2022-05-13 15:54:21,887:INFO: Train: [72][2111/2112]  Loss -0.5910 (-1.1230)  Time:  1.013 (0.028)  Data Time:  0.020 (0.009)
2022-05-13 15:54:21,894:INFO:   Eta: 2:54:04
2022-05-13 15:55:37,981:INFO: Train: [73][2111/2112]  Loss -0.6269 (-1.0658)  Time:  1.076 (0.036)  Data Time:  0.003 (0.015)
2022-05-13 15:55:37,983:INFO:   Eta: 3:44:02
2022-05-13 15:56:32,476:INFO: Train: [74][2111/2112]  Loss -0.6806 (-1.1460)  Time:  0.644 (0.026)  Data Time:  0.022 (0.009)
2022-05-13 15:56:32,479:INFO:   Eta: 2:39:15
2022-05-13 15:57:23,234:INFO: Train: [75][2111/2112]  Loss -0.5734 (-1.1977)  Time:  0.846 (0.024)  Data Time:  0.020 (0.008)
2022-05-13 15:57:23,238:INFO:   Eta: 2:27:35
2022-05-13 15:58:22,521:INFO: Train: [76][2111/2112]  Loss -0.6445 (-1.0954)  Time:  0.289 (0.028)  Data Time:  0.000 (0.010)
2022-05-13 15:58:22,522:INFO:   Eta: 2:51:33
2022-05-13 15:58:56,750:INFO: Train: [77][2111/2112]  Loss -0.5902 (-1.1058)  Time:  1.102 (0.016)  Data Time:  0.020 (0.004)
2022-05-13 15:58:56,753:INFO:   Eta: 1:38:19
2022-05-13 16:00:11,821:INFO: Train: [78][2111/2112]  Loss -0.6476 (-1.1884)  Time:  1.065 (0.035)  Data Time:  0.021 (0.015)
2022-05-13 16:00:11,843:INFO:   Eta: 3:34:46
2022-05-13 16:01:29,618:INFO: Train: [79][2111/2112]  Loss -0.4485 (-1.2410)  Time:  0.797 (0.037)  Data Time:  0.001 (0.016)
2022-05-13 16:01:29,620:INFO:   Eta: 3:41:17
2022-05-13 16:02:50,117:INFO: Train: [80][2111/2112]  Loss -0.5877 (-1.1509)  Time:  0.896 (0.038)  Data Time:  0.021 (0.017)
2022-05-13 16:02:50,120:INFO:   Eta: 3:47:40
2022-05-13 16:04:10,051:INFO: Train: [81][2111/2112]  Loss -0.5927 (-1.2474)  Time:  0.974 (0.038)  Data Time:  0.001 (0.017)
2022-05-13 16:04:10,054:INFO:   Eta: 3:44:43
2022-05-13 16:05:29,494:INFO: Train: [82][2111/2112]  Loss -0.6747 (-1.1334)  Time:  1.010 (0.038)  Data Time:  0.021 (0.017)
2022-05-13 16:05:29,495:INFO:   Eta: 3:42:04
2022-05-13 16:06:11,815:INFO: Train: [83][2111/2112]  Loss -0.5844 (-1.1895)  Time:  0.981 (0.020)  Data Time:  0.021 (0.005)
2022-05-13 16:06:11,816:INFO:   Eta: 1:57:27
2022-05-13 16:06:59,342:INFO: Train: [84][2111/2112]  Loss -0.5861 (-1.1680)  Time:  0.950 (0.022)  Data Time:  0.022 (0.005)
2022-05-13 16:06:59,344:INFO:   Eta: 2:11:04
2022-05-13 16:07:55,573:INFO: Train: [85][2111/2112]  Loss -0.6831 (-1.2452)  Time:  0.943 (0.027)  Data Time:  0.001 (0.008)
2022-05-13 16:07:55,574:INFO:   Eta: 2:34:15
2022-05-13 16:09:03,681:INFO: Train: [86][2111/2112]  Loss -0.5412 (-1.1630)  Time:  0.295 (0.032)  Data Time:  0.000 (0.013)
2022-05-13 16:09:03,683:INFO:   Eta: 3:05:44
2022-05-13 16:09:59,317:INFO: Train: [87][2111/2112]  Loss -0.5709 (-1.1794)  Time:  0.697 (0.026)  Data Time:  0.001 (0.010)
2022-05-13 16:09:59,319:INFO:   Eta: 2:30:47
2022-05-13 16:11:09,445:INFO: Train: [88][2111/2112]  Loss -0.6347 (-1.0904)  Time:  1.036 (0.033)  Data Time:  0.021 (0.014)
2022-05-13 16:11:09,448:INFO:   Eta: 3:09:00
2022-05-13 16:12:13,890:INFO: Train: [89][2111/2112]  Loss -0.7141 (-1.2456)  Time:  0.381 (0.030)  Data Time:  0.001 (0.012)
2022-05-13 16:12:13,894:INFO:   Eta: 2:52:36
2022-05-13 16:12:56,375:INFO: Train: [90][2111/2112]  Loss -0.6671 (-1.2149)  Time:  0.370 (0.020)  Data Time:  0.000 (0.007)
2022-05-13 16:12:56,378:INFO:   Eta: 1:52:55
2022-05-13 16:13:49,089:INFO: Train: [91][2111/2112]  Loss -0.6517 (-1.2412)  Time:  1.095 (0.025)  Data Time:  0.021 (0.009)
2022-05-13 16:13:49,090:INFO:   Eta: 2:19:21
2022-05-13 16:15:10,919:INFO: Train: [92][2111/2112]  Loss -0.7369 (-1.2512)  Time:  0.986 (0.039)  Data Time:  0.001 (0.017)
2022-05-13 16:15:10,922:INFO:   Eta: 3:35:10
2022-05-13 16:16:16,695:INFO: Train: [93][2111/2112]  Loss -0.6334 (-1.2144)  Time:  0.365 (0.031)  Data Time:  0.000 (0.012)
2022-05-13 16:16:16,696:INFO:   Eta: 2:51:45
2022-05-13 16:17:23,316:INFO: Train: [94][2111/2112]  Loss -0.7219 (-1.2677)  Time:  1.052 (0.031)  Data Time:  0.022 (0.011)
2022-05-13 16:17:23,317:INFO:   Eta: 2:52:48
2022-05-13 16:18:43,221:INFO: Train: [95][2111/2112]  Loss -0.6468 (-1.1270)  Time:  1.085 (0.038)  Data Time:  0.018 (0.016)
2022-05-13 16:18:43,223:INFO:   Eta: 3:26:06
2022-05-13 16:20:04,944:INFO: Train: [96][2111/2112]  Loss -0.6988 (-1.1737)  Time:  1.099 (0.039)  Data Time:  0.022 (0.017)
2022-05-13 16:20:04,947:INFO:   Eta: 3:29:17
2022-05-13 16:21:27,073:INFO: Train: [97][2111/2112]  Loss -0.7211 (-1.2447)  Time:  0.995 (0.039)  Data Time:  0.003 (0.017)
2022-05-13 16:21:27,075:INFO:   Eta: 3:29:03
2022-05-13 16:22:49,232:INFO: Train: [98][2111/2112]  Loss -0.6844 (-1.1854)  Time:  1.057 (0.039)  Data Time:  0.021 (0.017)
2022-05-13 16:22:49,241:INFO:   Eta: 3:27:50
2022-05-13 16:24:10,978:INFO: Train: [99][2111/2112]  Loss -0.5802 (-1.1999)  Time:  1.042 (0.039)  Data Time:  0.002 (0.017)
2022-05-13 16:24:10,981:INFO:   Eta: 3:25:22
2022-05-13 16:25:32,509:INFO: Train: [100][2111/2112]  Loss -0.7016 (-1.2812)  Time:  1.113 (0.039)  Data Time:  0.016 (0.017)
2022-05-13 16:25:32,510:INFO:   Eta: 3:23:28
2022-05-13 16:26:27,961:INFO: Train: [101][2111/2112]  Loss -0.6252 (-1.3265)  Time:  0.378 (0.026)  Data Time:  0.000 (0.010)
2022-05-13 16:26:27,963:INFO:   Eta: 2:17:25
2022-05-13 16:27:18,295:INFO: Train: [102][2111/2112]  Loss -0.6819 (-1.1499)  Time:  1.040 (0.024)  Data Time:  0.001 (0.008)
2022-05-13 16:27:18,296:INFO:   Eta: 2:03:52
2022-05-13 16:28:23,566:INFO: Train: [103][2111/2112]  Loss -0.7474 (-1.3046)  Time:  0.917 (0.031)  Data Time:  0.019 (0.012)
2022-05-13 16:28:23,569:INFO:   Eta: 2:39:39
2022-05-13 16:29:32,815:INFO: Train: [104][2111/2112]  Loss -0.7370 (-1.3068)  Time:  1.077 (0.033)  Data Time:  0.016 (0.013)
2022-05-13 16:29:32,817:INFO:   Eta: 2:48:05
2022-05-13 16:30:51,062:INFO: Train: [105][2111/2112]  Loss -0.6418 (-1.3267)  Time:  1.026 (0.037)  Data Time:  0.005 (0.016)
2022-05-13 16:30:51,063:INFO:   Eta: 3:08:37
2022-05-13 16:32:10,434:INFO: Train: [106][2111/2112]  Loss -0.6560 (-1.2882)  Time:  1.072 (0.038)  Data Time:  0.008 (0.016)
2022-05-13 16:32:10,436:INFO:   Eta: 3:10:10
2022-05-13 16:33:19,816:INFO: Train: [107][2111/2112]  Loss -0.5597 (-1.3027)  Time:  0.344 (0.033)  Data Time:  0.000 (0.013)
2022-05-13 16:33:19,819:INFO:   Eta: 2:45:05
2022-05-13 16:34:25,282:INFO: Train: [108][2111/2112]  Loss -0.6084 (-1.2263)  Time:  1.092 (0.031)  Data Time:  0.022 (0.013)
2022-05-13 16:34:25,288:INFO:   Eta: 2:34:38
2022-05-13 16:35:22,707:INFO: Train: [109][2111/2112]  Loss -0.6174 (-1.3672)  Time:  0.967 (0.027)  Data Time:  0.000 (0.009)
2022-05-13 16:35:22,708:INFO:   Eta: 2:14:30
2022-05-13 16:36:06,664:INFO: Train: [110][2111/2112]  Loss -0.5774 (-1.2856)  Time:  0.329 (0.021)  Data Time:  0.000 (0.004)
2022-05-13 16:36:06,665:INFO:   Eta: 1:42:16
2022-05-13 16:36:49,841:INFO: Train: [111][2111/2112]  Loss -0.7078 (-1.2249)  Time:  0.450 (0.020)  Data Time:  0.022 (0.007)
2022-05-13 16:36:49,842:INFO:   Eta: 1:39:45
2022-05-13 16:37:57,279:INFO: Train: [112][2111/2112]  Loss -0.5660 (-1.4225)  Time:  1.119 (0.032)  Data Time:  0.021 (0.013)
2022-05-13 16:37:57,281:INFO:   Eta: 2:34:47
2022-05-13 16:39:10,624:INFO: Train: [113][2111/2112]  Loss -0.7136 (-1.3418)  Time:  0.322 (0.035)  Data Time:  0.000 (0.015)
2022-05-13 16:39:10,627:INFO:   Eta: 2:47:07
2022-05-13 16:40:16,485:INFO: Train: [114][2111/2112]  Loss -0.6075 (-1.2861)  Time:  0.935 (0.031)  Data Time:  0.001 (0.012)
2022-05-13 16:40:16,488:INFO:   Eta: 2:29:01
2022-05-13 16:40:51,101:INFO: Train: [115][2111/2112]  Loss -0.6585 (-1.2669)  Time:  0.381 (0.016)  Data Time:  0.012 (0.004)
2022-05-13 16:40:51,103:INFO:   Eta: 1:17:36
2022-05-13 16:41:22,279:INFO: Train: [116][2111/2112]  Loss -0.7846 (-1.2226)  Time:  0.285 (0.015)  Data Time:  0.000 (0.003)
2022-05-13 16:41:22,281:INFO:   Eta: 1:09:18
2022-05-13 16:42:16,057:INFO: Train: [117][2111/2112]  Loss -0.6610 (-1.2707)  Time:  1.059 (0.025)  Data Time:  0.020 (0.008)
2022-05-13 16:42:16,064:INFO:   Eta: 1:58:56
2022-05-13 16:43:46,776:INFO: Train: [118][2111/2112]  Loss -0.5867 (-1.1920)  Time:  1.119 (0.043)  Data Time:  0.022 (0.018)
2022-05-13 16:43:46,777:INFO:   Eta: 3:19:16
2022-05-13 16:45:16,565:INFO: Train: [119][2111/2112]  Loss -0.5510 (-1.3878)  Time:  1.146 (0.042)  Data Time:  0.021 (0.018)
2022-05-13 16:45:16,567:INFO:   Eta: 3:15:43
2022-05-13 16:46:45,065:INFO: Train: [120][2111/2112]  Loss -0.6892 (-1.4303)  Time:  1.185 (0.042)  Data Time:  0.020 (0.018)
2022-05-13 16:46:45,067:INFO:   Eta: 3:11:26
2022-05-13 16:48:14,027:INFO: Train: [121][2111/2112]  Loss -0.7662 (-1.3004)  Time:  1.172 (0.042)  Data Time:  0.004 (0.018)
2022-05-13 16:48:14,029:INFO:   Eta: 3:10:59
2022-05-13 16:49:42,073:INFO: Train: [122][2111/2112]  Loss -0.6799 (-1.3600)  Time:  1.121 (0.042)  Data Time:  0.020 (0.018)
2022-05-13 16:49:42,077:INFO:   Eta: 3:07:33
2022-05-13 16:51:11,139:INFO: Train: [123][2111/2112]  Loss -0.4406 (-1.3490)  Time:  1.055 (0.042)  Data Time:  0.019 (0.018)
2022-05-13 16:51:11,145:INFO:   Eta: 3:08:14
2022-05-13 16:52:40,484:INFO: Train: [124][2111/2112]  Loss -0.6970 (-1.3429)  Time:  1.105 (0.042)  Data Time:  0.020 (0.018)
2022-05-13 16:52:40,487:INFO:   Eta: 3:07:15
2022-05-13 16:54:09,677:INFO: Train: [125][2111/2112]  Loss -0.6461 (-1.4087)  Time:  1.132 (0.042)  Data Time:  0.018 (0.018)
2022-05-13 16:54:09,680:INFO:   Eta: 3:05:15
2022-05-13 16:54:49,715:INFO: Train: [126][2111/2112]  Loss -0.7044 (-1.2491)  Time:  0.296 (0.019)  Data Time:  0.000 (0.006)
2022-05-13 16:54:49,716:INFO:   Eta: 1:22:29
2022-05-13 16:55:51,063:INFO: Train: [127][2111/2112]  Loss -0.6318 (-1.3504)  Time:  0.961 (0.029)  Data Time:  0.020 (0.011)
2022-05-13 16:55:51,066:INFO:   Eta: 2:05:29
2022-05-13 16:57:03,175:INFO: Train: [128][2111/2112]  Loss -0.7327 (-1.3540)  Time:  0.909 (0.034)  Data Time:  0.016 (0.014)
2022-05-13 16:57:03,177:INFO:   Eta: 2:26:20
2022-05-13 16:58:23,223:INFO: Train: [129][2111/2112]  Loss -0.6913 (-1.3708)  Time:  0.933 (0.038)  Data Time:  0.020 (0.017)
2022-05-13 16:58:23,225:INFO:   Eta: 2:41:10
2022-05-13 16:59:43,389:INFO: Train: [130][2111/2112]  Loss -0.7772 (-1.3688)  Time:  1.000 (0.038)  Data Time:  0.018 (0.017)
2022-05-13 16:59:43,392:INFO:   Eta: 2:40:06
2022-05-13 17:01:03,623:INFO: Train: [131][2111/2112]  Loss -0.6637 (-1.3094)  Time:  1.042 (0.038)  Data Time:  0.000 (0.017)
2022-05-13 17:01:03,624:INFO:   Eta: 2:38:52
2022-05-13 17:02:23,567:INFO: Train: [132][2111/2112]  Loss -0.6899 (-1.3378)  Time:  0.970 (0.038)  Data Time:  0.017 (0.017)
2022-05-13 17:02:23,570:INFO:   Eta: 2:36:58
2022-05-13 17:03:33,308:INFO: Train: [133][2111/2112]  Loss -0.7484 (-1.3972)  Time:  0.413 (0.033)  Data Time:  0.001 (0.013)
2022-05-13 17:03:33,309:INFO:   Eta: 2:15:45
2022-05-13 17:04:19,990:INFO: Train: [134][2111/2112]  Loss -0.6272 (-1.3635)  Time:  0.319 (0.022)  Data Time:  0.021 (0.006)
2022-05-13 17:04:19,993:INFO:   Eta: 1:30:01
2022-05-13 17:05:04,881:INFO: Train: [135][2111/2112]  Loss -0.6011 (-1.4184)  Time:  0.427 (0.021)  Data Time:  0.000 (0.007)
2022-05-13 17:05:04,882:INFO:   Eta: 1:25:49
2022-05-13 17:06:07,431:INFO: Train: [136][2111/2112]  Loss -0.7334 (-1.4110)  Time:  0.933 (0.030)  Data Time:  0.023 (0.012)
2022-05-13 17:06:07,434:INFO:   Eta: 1:58:35
2022-05-13 17:07:15,614:INFO: Train: [137][2111/2112]  Loss -0.6995 (-1.3401)  Time:  0.672 (0.032)  Data Time:  0.020 (0.013)
2022-05-13 17:07:15,615:INFO:   Eta: 2:08:10
2022-05-13 17:08:35,010:INFO: Train: [138][2111/2112]  Loss -0.5959 (-1.2691)  Time:  0.350 (0.038)  Data Time:  0.021 (0.017)
2022-05-13 17:08:35,018:INFO:   Eta: 2:27:54
2022-05-13 17:08:56,435:INFO: Train: [139][2111/2112]  Loss -0.6823 (-1.3808)  Time:  0.381 (0.010)  Data Time:  0.000 (0.001)
2022-05-13 17:08:56,436:INFO:   Eta: 0:39:22
2022-05-13 17:10:12,715:INFO: Train: [140][2111/2112]  Loss -0.7406 (-1.2652)  Time:  0.345 (0.036)  Data Time:  0.001 (0.016)
2022-05-13 17:10:12,718:INFO:   Eta: 2:19:38
2022-05-13 17:11:26,393:INFO: Train: [141][2111/2112]  Loss -0.7101 (-1.2676)  Time:  0.943 (0.035)  Data Time:  0.022 (0.015)
2022-05-13 17:11:26,396:INFO:   Eta: 2:13:37
2022-05-13 17:12:46,335:INFO: Train: [142][2111/2112]  Loss -0.8085 (-1.3142)  Time:  1.050 (0.038)  Data Time:  0.021 (0.017)
2022-05-13 17:12:46,338:INFO:   Eta: 2:23:40
2022-05-13 17:14:05,940:INFO: Train: [143][2111/2112]  Loss -0.7565 (-1.3995)  Time:  1.128 (0.038)  Data Time:  0.022 (0.017)
2022-05-13 17:14:05,999:INFO:   Eta: 2:21:44
2022-05-13 17:15:25,323:INFO: Train: [144][2111/2112]  Loss -0.6228 (-1.2447)  Time:  1.062 (0.037)  Data Time:  0.021 (0.016)
2022-05-13 17:15:25,325:INFO:   Eta: 2:19:49
2022-05-13 17:16:45,661:INFO: Train: [145][2111/2112]  Loss -0.7166 (-1.3547)  Time:  1.024 (0.038)  Data Time:  0.001 (0.017)
2022-05-13 17:16:45,664:INFO:   Eta: 2:20:22
2022-05-13 17:18:06,777:INFO: Train: [146][2111/2112]  Loss -0.7711 (-1.4217)  Time:  1.046 (0.038)  Data Time:  0.018 (0.017)
2022-05-13 17:18:06,867:INFO:   Eta: 2:20:23
2022-05-13 17:19:28,197:INFO: Train: [147][2111/2112]  Loss -0.7264 (-1.4023)  Time:  0.970 (0.038)  Data Time:  0.020 (0.017)
2022-05-13 17:19:28,202:INFO:   Eta: 2:18:41
2022-05-13 17:20:50,233:INFO: Train: [148][2111/2112]  Loss -0.7720 (-1.3778)  Time:  1.071 (0.039)  Data Time:  0.001 (0.017)
2022-05-13 17:20:50,276:INFO:   Eta: 2:19:06
2022-05-13 17:22:09,738:INFO: Train: [149][2111/2112]  Loss -0.7700 (-1.3674)  Time:  1.053 (0.037)  Data Time:  0.020 (0.016)
2022-05-13 17:22:09,740:INFO:   Eta: 2:12:55
2022-05-13 17:22:57,766:INFO: Train: [150][2111/2112]  Loss -0.7276 (-1.4668)  Time:  0.315 (0.023)  Data Time:  0.000 (0.008)
2022-05-13 17:22:57,767:INFO:   Eta: 1:19:46
2022-05-13 17:24:00,125:INFO: Train: [151][2111/2112]  Loss -0.7841 (-1.5601)  Time:  1.095 (0.029)  Data Time:  0.023 (0.011)
2022-05-13 17:24:00,127:INFO:   Eta: 1:42:41
2022-05-13 17:24:12,583:INFO: Valid: [151][500/501]  Loss -5.1929 (-3.2157)
2022-05-13 17:24:13,023:INFO: Checkpoint saved...
2022-05-13 17:25:35,417:INFO: Train: [152][2111/2112]  Loss -0.8331 (-1.5455)  Time:  0.949 (0.039)  Data Time:  0.000 (0.017)
2022-05-13 17:25:35,418:INFO:   Eta: 2:14:18
2022-05-13 17:25:47,688:INFO: Valid: [152][500/501]  Loss -4.8202 (-2.9578)
2022-05-13 17:27:10,393:INFO: Train: [153][2111/2112]  Loss -0.8334 (-1.4856)  Time:  1.130 (0.039)  Data Time:  0.021 (0.017)
2022-05-13 17:27:10,395:INFO:   Eta: 2:13:28
2022-05-13 17:27:22,946:INFO: Valid: [153][500/501]  Loss -2.6985 (-1.6283)
2022-05-13 17:28:47,828:INFO: Train: [154][2111/2112]  Loss -0.8000 (-1.5710)  Time:  1.143 (0.040)  Data Time:  0.001 (0.017)
2022-05-13 17:28:47,830:INFO:   Eta: 2:15:15
2022-05-13 17:29:00,221:INFO: Valid: [154][500/501]  Loss -2.2213 (-1.4879)
2022-05-13 17:30:29,697:INFO: Train: [155][2111/2112]  Loss -0.8279 (-1.5466)  Time:  1.047 (0.042)  Data Time:  0.021 (0.018)
2022-05-13 17:30:29,700:INFO:   Eta: 2:21:22
2022-05-13 17:30:43,405:INFO: Valid: [155][500/501]  Loss -2.1621 (-1.4723)
2022-05-13 17:32:14,300:INFO: Train: [156][2111/2112]  Loss -0.7585 (-1.5753)  Time:  1.111 (0.043)  Data Time:  0.026 (0.018)
2022-05-13 17:32:14,305:INFO:   Eta: 2:22:08
2022-05-13 17:32:27,623:INFO: Valid: [156][500/501]  Loss -5.0309 (-3.0120)
2022-05-13 17:33:59,942:INFO: Train: [157][2111/2112]  Loss -0.8097 (-1.4398)  Time:  1.104 (0.043)  Data Time:  0.001 (0.018)
2022-05-13 17:33:59,996:INFO:   Eta: 2:22:14
2022-05-13 17:34:13,532:INFO: Valid: [157][500/501]  Loss -4.0815 (-2.4513)
2022-05-13 17:35:45,643:INFO: Train: [158][2111/2112]  Loss -0.8476 (-1.4771)  Time:  1.177 (0.044)  Data Time:  0.021 (0.018)
2022-05-13 17:35:45,646:INFO:   Eta: 2:20:57
2022-05-13 17:35:59,098:INFO: Valid: [158][500/501]  Loss -4.1981 (-2.5362)
2022-05-13 17:37:01,268:INFO: Train: [159][2111/2112]  Loss -0.7280 (-1.5545)  Time:  0.336 (0.029)  Data Time:  0.000 (0.011)
2022-05-13 17:37:01,271:INFO:   Eta: 1:34:04
2022-05-13 17:37:06,624:INFO: Valid: [159][500/501]  Loss -3.9853 (-2.4738)
2022-05-13 17:38:25,853:INFO: Train: [160][2111/2112]  Loss -0.8713 (-1.4890)  Time:  1.185 (0.037)  Data Time:  0.022 (0.013)
2022-05-13 17:38:25,855:INFO:   Eta: 1:58:32
2022-05-13 17:38:39,767:INFO: Valid: [160][500/501]  Loss -4.8041 (-2.9165)
2022-05-13 17:40:16,539:INFO: Train: [161][2111/2112]  Loss -0.8193 (-1.5508)  Time:  1.281 (0.046)  Data Time:  0.021 (0.018)
2022-05-13 17:40:16,544:INFO:   Eta: 2:23:15
2022-05-13 17:40:29,945:INFO: Valid: [161][500/501]  Loss -2.9063 (-1.8099)
2022-05-13 17:41:30,270:INFO: Train: [162][2111/2112]  Loss -0.8057 (-1.5363)  Time:  0.745 (0.028)  Data Time:  0.000 (0.007)
2022-05-13 17:41:30,273:INFO:   Eta: 1:28:14
2022-05-13 17:41:39,989:INFO: Valid: [162][500/501]  Loss -4.7242 (-2.9166)
2022-05-13 17:42:38,431:INFO: Train: [163][2111/2112]  Loss -0.7643 (-1.4313)  Time:  0.359 (0.028)  Data Time:  0.000 (0.008)
2022-05-13 17:42:38,434:INFO:   Eta: 1:24:28
2022-05-13 17:42:50,628:INFO: Valid: [163][500/501]  Loss -4.5624 (-2.7686)
2022-05-13 17:44:21,874:INFO: Train: [164][2111/2112]  Loss -0.7115 (-1.5873)  Time:  1.213 (0.043)  Data Time:  0.021 (0.017)
2022-05-13 17:44:21,878:INFO:   Eta: 2:10:28
2022-05-13 17:44:35,297:INFO: Valid: [164][500/501]  Loss -5.3783 (-3.3424)
2022-05-13 17:44:35,379:INFO: Checkpoint saved...
2022-05-13 17:46:08,744:INFO: Train: [165][2111/2112]  Loss -0.7728 (-1.4634)  Time:  1.183 (0.044)  Data Time:  0.021 (0.018)
2022-05-13 17:46:08,747:INFO:   Eta: 2:12:04
2022-05-13 17:46:22,274:INFO: Valid: [165][500/501]  Loss -4.6795 (-2.8539)
2022-05-13 17:47:56,258:INFO: Train: [166][2111/2112]  Loss -0.7631 (-1.5736)  Time:  1.183 (0.044)  Data Time:  0.021 (0.018)
2022-05-13 17:47:56,261:INFO:   Eta: 2:11:14
2022-05-13 17:48:09,525:INFO: Valid: [166][500/501]  Loss -4.8849 (-2.9568)
2022-05-13 17:49:42,943:INFO: Train: [167][2111/2112]  Loss -0.7627 (-1.5824)  Time:  1.139 (0.044)  Data Time:  0.002 (0.018)
2022-05-13 17:49:42,945:INFO:   Eta: 2:08:59
2022-05-13 17:49:56,467:INFO: Valid: [167][500/501]  Loss -5.1913 (-3.2000)
2022-05-13 17:51:30,550:INFO: Train: [168][2111/2112]  Loss -0.8663 (-1.5714)  Time:  1.189 (0.044)  Data Time:  0.021 (0.018)
2022-05-13 17:51:30,554:INFO:   Eta: 2:08:17
2022-05-13 17:51:43,634:INFO: Valid: [168][500/501]  Loss -4.5390 (-2.8247)
2022-05-13 17:52:09,757:INFO: Train: [169][2111/2112]  Loss -0.8291 (-1.5820)  Time:  1.162 (0.012)  Data Time:  0.001 (0.002)
2022-05-13 17:52:09,882:INFO:   Eta: 0:35:04
2022-05-13 17:52:21,032:INFO: Valid: [169][500/501]  Loss -5.6077 (-3.4787)
2022-05-13 17:52:21,110:INFO: Checkpoint saved...
2022-05-13 17:53:53,495:INFO: Train: [170][2111/2112]  Loss -0.7938 (-1.5577)  Time:  1.170 (0.044)  Data Time:  0.021 (0.016)
2022-05-13 17:53:53,500:INFO:   Eta: 2:02:55
2022-05-13 17:54:06,981:INFO: Valid: [170][500/501]  Loss 0.9555 (0.2197)
2022-05-13 17:55:41,368:INFO: Train: [171][2111/2112]  Loss -0.6602 (-1.5662)  Time:  1.201 (0.045)  Data Time:  0.001 (0.018)
2022-05-13 17:55:41,371:INFO:   Eta: 2:04:01
2022-05-13 17:55:54,679:INFO: Valid: [171][500/501]  Loss -4.1855 (-2.6578)
2022-05-13 17:57:28,595:INFO: Train: [172][2111/2112]  Loss -0.7574 (-1.5037)  Time:  1.045 (0.044)  Data Time:  0.018 (0.018)
2022-05-13 17:57:28,605:INFO:   Eta: 2:01:48
2022-05-13 17:57:42,256:INFO: Valid: [172][500/501]  Loss -2.9980 (-1.9701)
2022-05-13 17:58:57,215:INFO: Train: [173][2111/2112]  Loss -0.7261 (-1.5774)  Time:  0.710 (0.035)  Data Time:  0.021 (0.012)
2022-05-13 17:58:57,220:INFO:   Eta: 1:35:56
2022-05-13 17:59:06,833:INFO: Valid: [173][500/501]  Loss -4.5328 (-2.8059)
2022-05-13 18:00:09,159:INFO: Train: [174][2111/2112]  Loss -0.7808 (-1.6080)  Time:  0.509 (0.029)  Data Time:  0.001 (0.009)
2022-05-13 18:00:09,164:INFO:   Eta: 1:18:12
2022-05-13 18:00:19,110:INFO: Valid: [174][500/501]  Loss -3.7342 (-2.3826)
2022-05-13 18:01:16,867:INFO: Train: [175][2111/2112]  Loss -0.7793 (-1.6117)  Time:  0.609 (0.027)  Data Time:  0.001 (0.007)
2022-05-13 18:01:16,872:INFO:   Eta: 1:11:48
2022-05-13 18:01:27,059:INFO: Valid: [175][500/501]  Loss -3.0186 (-2.0038)
2022-05-13 18:02:28,332:INFO: Train: [176][2111/2112]  Loss -0.8250 (-1.4597)  Time:  1.089 (0.029)  Data Time:  0.000 (0.008)
2022-05-13 18:02:28,337:INFO:   Eta: 1:15:21
2022-05-13 18:02:37,827:INFO: Valid: [176][500/501]  Loss -4.7485 (-2.9068)
2022-05-13 18:03:35,960:INFO: Train: [177][2111/2112]  Loss -0.7817 (-1.6086)  Time:  0.478 (0.027)  Data Time:  0.000 (0.007)
2022-05-13 18:03:35,961:INFO:   Eta: 1:10:31
2022-05-13 18:03:45,260:INFO: Valid: [177][500/501]  Loss -3.9017 (-2.2896)
2022-05-13 18:04:44,578:INFO: Train: [178][2111/2112]  Loss -0.6891 (-1.4995)  Time:  0.576 (0.028)  Data Time:  0.001 (0.008)
2022-05-13 18:04:44,580:INFO:   Eta: 1:10:56
2022-05-13 18:04:55,028:INFO: Valid: [178][500/501]  Loss -5.5536 (-3.4656)
2022-05-13 18:06:23,789:INFO: Train: [179][2111/2112]  Loss -0.8271 (-1.5792)  Time:  1.032 (0.042)  Data Time:  0.001 (0.017)
2022-05-13 18:06:23,791:INFO:   Eta: 1:44:48
2022-05-13 18:06:35,925:INFO: Valid: [179][500/501]  Loss -5.2499 (-3.2529)
2022-05-13 18:06:57,306:INFO: Train: [180][2111/2112]  Loss -0.7674 (-1.5811)  Time:  0.464 (0.010)  Data Time:  0.001 (0.001)
2022-05-13 18:06:57,313:INFO:   Eta: 0:24:45
2022-05-13 18:07:11,442:INFO: Valid: [180][500/501]  Loss -5.0532 (-3.0549)
2022-05-13 18:08:38,952:INFO: Train: [181][2111/2112]  Loss -0.8205 (-1.5583)  Time:  0.677 (0.041)  Data Time:  0.001 (0.016)
2022-05-13 18:08:38,956:INFO:   Eta: 1:40:10
2022-05-13 18:08:49,027:INFO: Valid: [181][500/501]  Loss -4.8054 (-2.9239)
2022-05-13 18:09:50,178:INFO: Train: [182][2111/2112]  Loss -0.8110 (-1.5153)  Time:  1.178 (0.029)  Data Time:  0.019 (0.008)
2022-05-13 18:09:50,181:INFO:   Eta: 1:09:03
2022-05-13 18:09:59,873:INFO: Valid: [182][500/501]  Loss -4.7369 (-2.8589)
2022-05-13 18:11:00,926:INFO: Train: [183][2111/2112]  Loss -0.8577 (-1.5019)  Time:  0.849 (0.029)  Data Time:  0.021 (0.008)
2022-05-13 18:11:00,933:INFO:   Eta: 1:08:01
2022-05-13 18:11:11,141:INFO: Valid: [183][500/501]  Loss -4.3659 (-2.7462)
2022-05-13 18:12:31,715:INFO: Train: [184][2111/2112]  Loss -0.7957 (-1.5024)  Time:  1.163 (0.038)  Data Time:  0.001 (0.014)
2022-05-13 18:12:31,719:INFO:   Eta: 1:28:26
2022-05-13 18:12:44,874:INFO: Valid: [184][500/501]  Loss -2.7354 (-1.7719)
2022-05-13 18:14:16,088:INFO: Train: [185][2111/2112]  Loss -0.7653 (-1.4581)  Time:  1.143 (0.043)  Data Time:  0.004 (0.017)
2022-05-13 18:14:16,090:INFO:   Eta: 1:38:35
2022-05-13 18:14:29,287:INFO: Valid: [185][500/501]  Loss -5.2523 (-3.2333)
2022-05-13 18:15:47,262:INFO: Train: [186][2111/2112]  Loss -0.8658 (-1.5912)  Time:  1.126 (0.037)  Data Time:  0.002 (0.013)
2022-05-13 18:15:47,264:INFO:   Eta: 1:22:39
2022-05-13 18:16:00,312:INFO: Valid: [186][500/501]  Loss -3.5133 (-2.2183)
2022-05-13 18:17:13,468:INFO: Train: [187][2111/2112]  Loss -0.7868 (-1.5331)  Time:  1.165 (0.035)  Data Time:  0.019 (0.012)
2022-05-13 18:17:13,472:INFO:   Eta: 1:16:36
2022-05-13 18:17:22,788:INFO: Valid: [187][500/501]  Loss -2.8439 (-1.8835)
2022-05-13 18:18:33,465:INFO: Train: [188][2111/2112]  Loss -0.7621 (-1.6013)  Time:  1.180 (0.033)  Data Time:  0.001 (0.011)
2022-05-13 18:18:33,467:INFO:   Eta: 1:12:52
2022-05-13 18:18:46,377:INFO: Valid: [188][500/501]  Loss -1.8815 (-1.3354)
2022-05-13 18:20:18,010:INFO: Train: [189][2111/2112]  Loss -0.8249 (-1.5967)  Time:  1.191 (0.043)  Data Time:  0.023 (0.017)
2022-05-13 18:20:18,014:INFO:   Eta: 1:32:59
2022-05-13 18:20:31,118:INFO: Valid: [189][500/501]  Loss -4.5383 (-2.9172)
2022-05-13 18:21:21,753:INFO: Train: [190][2111/2112]  Loss -0.8303 (-1.5218)  Time:  0.259 (0.024)  Data Time:  0.000 (0.008)
2022-05-13 18:21:21,756:INFO:   Eta: 0:50:28
2022-05-13 18:21:27,359:INFO: Valid: [190][500/501]  Loss -2.0039 (-1.4077)
2022-05-13 18:22:30,213:INFO: Train: [191][2111/2112]  Loss -0.8334 (-1.5550)  Time:  0.498 (0.030)  Data Time:  0.001 (0.008)
2022-05-13 18:22:30,216:INFO:   Eta: 1:01:38
2022-05-13 18:22:39,743:INFO: Valid: [191][500/501]  Loss -4.6329 (-2.8789)
2022-05-13 18:23:52,778:INFO: Train: [192][2111/2112]  Loss -0.8701 (-1.5690)  Time:  1.074 (0.034)  Data Time:  0.001 (0.011)
2022-05-13 18:23:52,791:INFO:   Eta: 1:10:10
2022-05-13 18:24:02,967:INFO: Valid: [192][500/501]  Loss -5.2100 (-3.1457)
2022-05-13 18:25:35,561:INFO: Train: [193][2111/2112]  Loss -0.7575 (-1.5950)  Time:  1.214 (0.044)  Data Time:  0.021 (0.018)
2022-05-13 18:25:35,563:INFO:   Eta: 1:27:47
2022-05-13 18:25:48,674:INFO: Valid: [193][500/501]  Loss -4.7904 (-3.0009)
2022-05-13 18:27:18,606:INFO: Train: [194][2111/2112]  Loss -0.7673 (-1.5157)  Time:  1.156 (0.043)  Data Time:  0.022 (0.017)
2022-05-13 18:27:18,609:INFO:   Eta: 1:23:46
2022-05-13 18:27:31,833:INFO: Valid: [194][500/501]  Loss -3.4852 (-2.2235)
2022-05-13 18:28:47,188:INFO: Train: [195][2111/2112]  Loss -0.7850 (-1.6210)  Time:  1.172 (0.036)  Data Time:  0.021 (0.013)
2022-05-13 18:28:47,190:INFO:   Eta: 1:08:55
2022-05-13 18:28:58,204:INFO: Valid: [195][500/501]  Loss -4.8877 (-3.0286)
2022-05-13 18:30:14,929:INFO: Train: [196][2111/2112]  Loss -0.7817 (-1.6220)  Time:  1.173 (0.036)  Data Time:  0.023 (0.013)
2022-05-13 18:30:14,933:INFO:   Eta: 1:08:54
2022-05-13 18:30:27,425:INFO: Valid: [196][500/501]  Loss -5.2182 (-3.2239)
2022-05-13 18:31:45,798:INFO: Train: [197][2111/2112]  Loss -0.8165 (-1.5662)  Time:  0.815 (0.037)  Data Time:  0.021 (0.014)
2022-05-13 18:31:45,802:INFO:   Eta: 1:09:05
2022-05-13 18:31:56,136:INFO: Valid: [197][500/501]  Loss -5.4376 (-3.3749)
2022-05-13 18:33:09,005:INFO: Train: [198][2111/2112]  Loss -0.8210 (-1.5940)  Time:  0.853 (0.034)  Data Time:  0.021 (0.011)
2022-05-13 18:33:09,204:INFO:   Eta: 1:02:58
2022-05-13 18:33:22,349:INFO: Valid: [198][500/501]  Loss -4.5901 (-2.8974)
2022-05-13 18:34:28,173:INFO: Train: [199][2111/2112]  Loss -0.7744 (-1.4326)  Time:  0.912 (0.031)  Data Time:  0.019 (0.010)
2022-05-13 18:34:28,180:INFO:   Eta: 0:55:49
2022-05-13 18:34:37,273:INFO: Valid: [199][500/501]  Loss -4.7133 (-2.8718)
2022-05-13 18:35:33,797:INFO: Train: [200][2111/2112]  Loss -0.6624 (-1.5913)  Time:  0.296 (0.027)  Data Time:  0.000 (0.007)
2022-05-13 18:35:33,800:INFO:   Eta: 0:46:58
2022-05-13 18:35:39,039:INFO: Valid: [200][500/501]  Loss -4.8692 (-3.1043)
2022-05-13 18:36:30,193:INFO: Train: [201][2111/2112]  Loss -0.6988 (-1.6300)  Time:  1.197 (0.024)  Data Time:  0.020 (0.007)
2022-05-13 18:36:30,196:INFO:   Eta: 0:41:39
2022-05-13 18:36:43,463:INFO: Valid: [201][500/501]  Loss -5.2588 (-3.2438)
2022-05-13 18:38:16,609:INFO: Train: [202][2111/2112]  Loss -0.7504 (-1.5957)  Time:  1.215 (0.044)  Data Time:  0.021 (0.018)
2022-05-13 18:38:16,612:INFO:   Eta: 1:14:13
2022-05-13 18:38:29,765:INFO: Valid: [202][500/501]  Loss -5.7784 (-3.5707)
2022-05-13 18:38:29,958:INFO: Checkpoint saved...
2022-05-13 18:39:45,450:INFO: Train: [203][2111/2112]  Loss -0.7662 (-1.5524)  Time:  0.693 (0.036)  Data Time:  0.008 (0.013)
2022-05-13 18:39:45,452:INFO:   Eta: 0:58:58
2022-05-13 18:39:55,189:INFO: Valid: [203][500/501]  Loss -4.9026 (-2.9554)
2022-05-13 18:40:51,280:INFO: Train: [204][2111/2112]  Loss -0.8358 (-1.5973)  Time:  0.506 (0.026)  Data Time:  0.001 (0.006)
2022-05-13 18:40:51,284:INFO:   Eta: 0:42:52
2022-05-13 18:41:00,698:INFO: Valid: [204][500/501]  Loss -4.4298 (-2.7868)
2022-05-13 18:42:01,519:INFO: Train: [205][2111/2112]  Loss -0.7486 (-1.6064)  Time:  0.865 (0.029)  Data Time:  0.001 (0.008)
2022-05-13 18:42:01,522:INFO:   Eta: 0:45:27
2022-05-13 18:42:11,268:INFO: Valid: [205][500/501]  Loss -5.0377 (-3.1466)
2022-05-13 18:43:08,343:INFO: Train: [206][2111/2112]  Loss -0.7870 (-1.5288)  Time:  1.189 (0.027)  Data Time:  0.021 (0.007)
2022-05-13 18:43:08,345:INFO:   Eta: 0:41:41
2022-05-13 18:43:20,960:INFO: Valid: [206][500/501]  Loss -4.5557 (-2.8507)
2022-05-13 18:44:52,140:INFO: Train: [207][2111/2112]  Loss -0.7943 (-1.4757)  Time:  1.205 (0.043)  Data Time:  0.021 (0.018)
2022-05-13 18:44:52,146:INFO:   Eta: 1:05:13
2022-05-13 18:45:05,294:INFO: Valid: [207][500/501]  Loss -3.0254 (-1.9666)
2022-05-13 18:46:37,862:INFO: Train: [208][2111/2112]  Loss -0.8687 (-1.5216)  Time:  1.111 (0.044)  Data Time:  0.024 (0.018)
2022-05-13 18:46:37,943:INFO:   Eta: 1:04:41
2022-05-13 18:46:50,727:INFO: Valid: [208][500/501]  Loss -4.4950 (-2.7444)
2022-05-13 18:48:22,395:INFO: Train: [209][2111/2112]  Loss -0.8346 (-1.5996)  Time:  1.091 (0.043)  Data Time:  0.021 (0.018)
2022-05-13 18:48:22,397:INFO:   Eta: 1:02:31
2022-05-13 18:48:35,312:INFO: Valid: [209][500/501]  Loss -3.0363 (-2.0267)
2022-05-13 18:49:56,114:INFO: Train: [210][2111/2112]  Loss -0.8287 (-1.5576)  Time:  0.283 (0.038)  Data Time:  0.000 (0.015)
2022-05-13 18:49:56,116:INFO:   Eta: 0:53:45
2022-05-13 18:50:01,076:INFO: Valid: [210][500/501]  Loss 0.1436 (-0.2656)
2022-05-13 18:50:46,797:INFO: Train: [211][2111/2112]  Loss -0.8340 (-1.5891)  Time:  1.179 (0.022)  Data Time:  0.023 (0.005)
2022-05-13 18:50:46,803:INFO:   Eta: 0:29:35
2022-05-13 18:50:59,096:INFO: Valid: [211][500/501]  Loss -3.3431 (-2.1194)
2022-05-13 18:52:09,647:INFO: Train: [212][2111/2112]  Loss -0.7616 (-1.6009)  Time:  0.937 (0.033)  Data Time:  0.023 (0.011)
2022-05-13 18:52:09,655:INFO:   Eta: 0:44:26
2022-05-13 18:52:18,857:INFO: Valid: [212][500/501]  Loss -1.7249 (-1.1022)
2022-05-13 18:53:19,930:INFO: Train: [213][2111/2112]  Loss -0.8299 (-1.5422)  Time:  1.218 (0.029)  Data Time:  0.022 (0.007)
2022-05-13 18:53:19,934:INFO:   Eta: 0:37:32
2022-05-13 18:53:32,754:INFO: Valid: [213][500/501]  Loss -3.0521 (-2.0756)
2022-05-13 18:54:58,138:INFO: Train: [214][2111/2112]  Loss -0.7745 (-1.6301)  Time:  1.125 (0.040)  Data Time:  0.023 (0.015)
2022-05-13 18:54:58,140:INFO:   Eta: 0:51:01
2022-05-13 18:55:11,580:INFO: Valid: [214][500/501]  Loss -3.1109 (-1.8914)
2022-05-13 18:56:19,657:INFO: Train: [215][2111/2112]  Loss -0.8560 (-1.6048)  Time:  0.593 (0.032)  Data Time:  0.022 (0.010)
2022-05-13 18:56:19,662:INFO:   Eta: 0:39:35
2022-05-13 18:56:30,148:INFO: Valid: [215][500/501]  Loss -3.8320 (-2.4113)
2022-05-13 18:57:48,235:INFO: Train: [216][2111/2112]  Loss -0.9376 (-1.5624)  Time:  1.167 (0.037)  Data Time:  0.022 (0.013)
2022-05-13 18:57:48,242:INFO:   Eta: 0:44:08
2022-05-13 18:58:01,705:INFO: Valid: [216][500/501]  Loss -5.3308 (-3.2457)
2022-05-13 18:59:34,000:INFO: Train: [217][2111/2112]  Loss -0.7751 (-1.5185)  Time:  1.038 (0.044)  Data Time:  0.002 (0.018)
2022-05-13 18:59:34,009:INFO:   Eta: 0:50:38
2022-05-13 18:59:46,756:INFO: Valid: [217][500/501]  Loss -5.0521 (-3.1947)
2022-05-13 19:01:18,144:INFO: Train: [218][2111/2112]  Loss -0.8342 (-1.4990)  Time:  1.052 (0.043)  Data Time:  0.021 (0.018)
2022-05-13 19:01:18,148:INFO:   Eta: 0:48:39
2022-05-13 19:01:31,380:INFO: Valid: [218][500/501]  Loss -4.0409 (-2.5209)
2022-05-13 19:03:00,351:INFO: Train: [219][2111/2112]  Loss -0.8125 (-1.5682)  Time:  1.091 (0.042)  Data Time:  0.020 (0.017)
2022-05-13 19:03:00,360:INFO:   Eta: 0:45:53
2022-05-13 19:03:12,838:INFO: Valid: [219][500/501]  Loss -3.3575 (-2.0841)
2022-05-13 19:04:14,925:INFO: Train: [220][2111/2112]  Loss -0.7992 (-1.6027)  Time:  0.321 (0.029)  Data Time:  0.000 (0.011)
2022-05-13 19:04:14,928:INFO:   Eta: 0:30:57
2022-05-13 19:04:21,014:INFO: Valid: [220][500/501]  Loss -3.5680 (-2.2221)
2022-05-13 19:04:59,008:INFO: Train: [221][2111/2112]  Loss -0.8304 (-1.6341)  Time:  0.287 (0.018)  Data Time:  0.000 (0.004)
2022-05-13 19:04:59,011:INFO:   Eta: 0:18:17
2022-05-13 19:05:04,707:INFO: Valid: [221][500/501]  Loss -4.9196 (-3.1369)
2022-05-13 19:06:29,076:INFO: Train: [222][2111/2112]  Loss -0.8368 (-1.5762)  Time:  1.117 (0.040)  Data Time:  0.018 (0.015)
2022-05-13 19:06:29,081:INFO:   Eta: 0:39:17
2022-05-13 19:06:42,183:INFO: Valid: [222][500/501]  Loss -4.6566 (-2.9027)
2022-05-13 19:07:54,691:INFO: Train: [223][2111/2112]  Loss -0.7239 (-1.5857)  Time:  1.088 (0.034)  Data Time:  0.000 (0.012)
2022-05-13 19:07:54,694:INFO:   Eta: 0:32:32
2022-05-13 19:08:07,592:INFO: Valid: [223][500/501]  Loss -5.0681 (-3.1258)
2022-05-13 19:09:39,774:INFO: Train: [224][2111/2112]  Loss -0.8427 (-1.4725)  Time:  1.185 (0.044)  Data Time:  0.023 (0.018)
2022-05-13 19:09:39,778:INFO:   Eta: 0:39:52
2022-05-13 19:09:53,317:INFO: Valid: [224][500/501]  Loss -3.0077 (-2.0419)
2022-05-13 19:11:19,286:INFO: Train: [225][2111/2112]  Loss -0.8621 (-1.5301)  Time:  0.619 (0.041)  Data Time:  0.000 (0.016)
2022-05-13 19:11:19,294:INFO:   Eta: 0:35:45
2022-05-13 19:11:31,979:INFO: Valid: [225][500/501]  Loss -4.3729 (-2.8084)
2022-05-13 19:13:01,340:INFO: Train: [226][2111/2112]  Loss -0.8927 (-1.6012)  Time:  1.012 (0.042)  Data Time:  0.001 (0.017)
2022-05-13 19:13:01,341:INFO:   Eta: 0:35:40
2022-05-13 19:13:14,171:INFO: Valid: [226][500/501]  Loss -3.2962 (-2.0674)
2022-05-13 19:14:45,798:INFO: Train: [227][2111/2112]  Loss -0.8179 (-1.6222)  Time:  1.163 (0.043)  Data Time:  0.018 (0.018)
2022-05-13 19:14:45,802:INFO:   Eta: 0:35:03
2022-05-13 19:14:58,990:INFO: Valid: [227][500/501]  Loss -4.4561 (-2.8374)
2022-05-13 19:16:22,892:INFO: Train: [228][2111/2112]  Loss -0.7866 (-1.5833)  Time:  1.075 (0.040)  Data Time:  0.001 (0.016)
2022-05-13 19:16:22,896:INFO:   Eta: 0:30:41
2022-05-13 19:16:35,635:INFO: Valid: [228][500/501]  Loss -4.7429 (-2.9259)
2022-05-13 19:17:30,296:INFO: Train: [229][2111/2112]  Loss -0.8297 (-1.5795)  Time:  0.467 (0.026)  Data Time:  0.001 (0.008)
2022-05-13 19:17:30,300:INFO:   Eta: 0:19:04
2022-05-13 19:17:40,138:INFO: Valid: [229][500/501]  Loss -4.0198 (-2.6174)
2022-05-13 19:18:47,892:INFO: Train: [230][2111/2112]  Loss -0.8613 (-1.6321)  Time:  0.556 (0.032)  Data Time:  0.001 (0.010)
2022-05-13 19:18:47,896:INFO:   Eta: 0:22:31
2022-05-13 19:18:53,274:INFO: Valid: [230][500/501]  Loss -5.4497 (-3.4025)
2022-05-13 19:19:36,188:INFO: Train: [231][2111/2112]  Loss -0.8572 (-1.6206)  Time:  1.223 (0.020)  Data Time:  0.021 (0.005)
2022-05-13 19:19:36,193:INFO:   Eta: 0:13:32
2022-05-13 19:19:49,306:INFO: Valid: [231][500/501]  Loss -3.2523 (-2.1547)
2022-05-13 19:21:21,708:INFO: Train: [232][2111/2112]  Loss -0.7878 (-1.6294)  Time:  1.187 (0.044)  Data Time:  0.022 (0.018)
2022-05-13 19:21:21,712:INFO:   Eta: 0:27:39
2022-05-13 19:21:34,639:INFO: Valid: [232][500/501]  Loss -4.4082 (-2.6313)
2022-05-13 19:22:47,113:INFO: Train: [233][2111/2112]  Loss -0.7277 (-1.6261)  Time:  1.142 (0.034)  Data Time:  0.021 (0.012)
2022-05-13 19:22:47,116:INFO:   Eta: 0:20:29
2022-05-13 19:22:56,052:INFO: Valid: [233][500/501]  Loss -5.7828 (-3.5898)
2022-05-13 19:22:56,174:INFO: Checkpoint saved...
2022-05-13 19:24:23,152:INFO: Train: [234][2111/2112]  Loss -0.8568 (-1.6253)  Time:  1.088 (0.041)  Data Time:  0.001 (0.016)
2022-05-13 19:24:23,154:INFO:   Eta: 0:23:09
2022-05-13 19:24:35,621:INFO: Valid: [234][500/501]  Loss -4.8865 (-3.0449)
2022-05-13 19:26:06,677:INFO: Train: [235][2111/2112]  Loss -0.7173 (-1.5758)  Time:  1.152 (0.043)  Data Time:  0.022 (0.018)
2022-05-13 19:26:06,681:INFO:   Eta: 0:22:42
2022-05-13 19:26:19,922:INFO: Valid: [235][500/501]  Loss -3.8526 (-2.4964)
2022-05-13 19:27:51,447:INFO: Train: [236][2111/2112]  Loss -0.8038 (-1.6174)  Time:  1.140 (0.043)  Data Time:  0.018 (0.018)
2022-05-13 19:27:51,454:INFO:   Eta: 0:21:18
2022-05-13 19:28:04,920:INFO: Valid: [236][500/501]  Loss -0.7651 (-0.8185)
2022-05-13 19:29:37,474:INFO: Train: [237][2111/2112]  Loss -0.7617 (-1.5775)  Time:  1.191 (0.044)  Data Time:  0.015 (0.018)
2022-05-13 19:29:37,478:INFO:   Eta: 0:19:59
2022-05-13 19:29:50,431:INFO: Valid: [237][500/501]  Loss -5.2001 (-3.1600)
2022-05-13 19:31:22,685:INFO: Train: [238][2111/2112]  Loss -0.7746 (-1.6367)  Time:  1.087 (0.044)  Data Time:  0.019 (0.018)
2022-05-13 19:31:22,687:INFO:   Eta: 0:18:24
2022-05-13 19:31:35,950:INFO: Valid: [238][500/501]  Loss -5.2797 (-3.2816)
2022-05-13 19:33:08,225:INFO: Train: [239][2111/2112]  Loss -0.8001 (-1.5998)  Time:  1.133 (0.044)  Data Time:  0.021 (0.018)
2022-05-13 19:33:08,228:INFO:   Eta: 0:16:53
2022-05-13 19:33:16,367:INFO: Valid: [239][500/501]  Loss -3.0295 (-2.0215)
2022-05-13 19:33:47,870:INFO: Train: [240][2111/2112]  Loss -0.8753 (-1.6133)  Time:  0.461 (0.015)  Data Time:  0.023 (0.002)
2022-05-13 19:33:47,873:INFO:   Eta: 0:05:13
2022-05-13 19:33:54,723:INFO: Valid: [240][500/501]  Loss -5.6307 (-3.4551)
2022-05-13 19:34:28,320:INFO: Train: [241][2111/2112]  Loss -0.7696 (-1.6100)  Time:  1.162 (0.016)  Data Time:  0.022 (0.003)
2022-05-13 19:34:28,323:INFO:   Eta: 0:05:01
2022-05-13 19:34:41,129:INFO: Valid: [241][500/501]  Loss -5.0725 (-3.1969)
2022-05-13 19:35:49,156:INFO: Train: [242][2111/2112]  Loss -0.8289 (-1.6424)  Time:  0.985 (0.032)  Data Time:  0.001 (0.010)
2022-05-13 19:35:49,157:INFO:   Eta: 0:09:02
2022-05-13 19:36:00,377:INFO: Valid: [242][500/501]  Loss -3.6494 (-2.4331)
2022-05-13 19:37:33,374:INFO: Train: [243][2111/2112]  Loss -0.8011 (-1.5936)  Time:  1.174 (0.044)  Data Time:  0.022 (0.018)
2022-05-13 19:37:33,381:INFO:   Eta: 0:10:49
2022-05-13 19:37:46,833:INFO: Valid: [243][500/501]  Loss -4.1159 (-2.7506)
2022-05-13 19:39:18,479:INFO: Train: [244][2111/2112]  Loss -0.8178 (-1.5737)  Time:  1.198 (0.043)  Data Time:  0.023 (0.018)
2022-05-13 19:39:18,483:INFO:   Eta: 0:09:08
2022-05-13 19:39:31,576:INFO: Valid: [244][500/501]  Loss -4.1706 (-2.6998)
2022-05-13 19:41:03,026:INFO: Train: [245][2111/2112]  Loss -0.7838 (-1.5631)  Time:  1.179 (0.043)  Data Time:  0.020 (0.018)
2022-05-13 19:41:03,031:INFO:   Eta: 0:07:36
2022-05-13 19:41:16,101:INFO: Valid: [245][500/501]  Loss -5.3445 (-3.3528)
2022-05-13 19:42:45,473:INFO: Train: [246][2111/2112]  Loss -0.7768 (-1.5596)  Time:  1.212 (0.042)  Data Time:  0.022 (0.017)
2022-05-13 19:42:45,475:INFO:   Eta: 0:05:56
2022-05-13 19:42:58,678:INFO: Valid: [246][500/501]  Loss -3.1635 (-2.1565)
2022-05-13 19:44:14,278:INFO: Train: [247][2111/2112]  Loss -0.8002 (-1.6225)  Time:  0.477 (0.036)  Data Time:  0.000 (0.013)
2022-05-13 19:44:14,282:INFO:   Eta: 0:03:46
2022-05-13 19:44:24,840:INFO: Valid: [247][500/501]  Loss -5.5433 (-3.4033)
2022-05-13 19:45:54,107:INFO: Train: [248][2111/2112]  Loss -0.7889 (-1.6443)  Time:  1.119 (0.042)  Data Time:  0.022 (0.017)
2022-05-13 19:45:54,112:INFO:   Eta: 0:02:58
2022-05-13 19:46:07,224:INFO: Valid: [248][500/501]  Loss -3.9100 (-2.4973)
2022-05-13 19:47:38,657:INFO: Train: [249][2111/2112]  Loss -0.8464 (-1.5940)  Time:  1.155 (0.043)  Data Time:  0.022 (0.018)
2022-05-13 19:47:38,661:INFO:   Eta: 0:01:31
2022-05-13 19:47:51,933:INFO: Valid: [249][500/501]  Loss -1.6367 (-1.2631)
2022-05-13 19:48:07,561:INFO: Test: [0]  ADE: 0.7366  FDE: 1.3173
2022-05-13 19:48:21,222:INFO: Test: [0]  ADE: 0.4415  FDE: 0.7539
2022-05-13 19:53:21,705:INFO: Test: [0]  ADE: 0.4722  FDE: 0.8629
2022-05-13 19:54:34,705:INFO: Test: [0]  ADE: 0.3711  FDE: 0.6091
2022-05-13 19:56:50,153:INFO: Test: [0]  ADE: 0.3205  FDE: 0.5174
2022-05-13 19:56:50,176:INFO: 9-2.5xlr 0.737/1.317 0.442/0.754 0.472/0.863 0.371/0.609 0.321/0.5170.468/0.812
2022-05-13 19:56:50,179:INFO: 9-2.5xlr 0.737  0.442  0.472  0.371  0.321 0.468
2022-05-13 19:56:50,180:INFO: 9-2.5xlr 1.317  0.754  0.863  0.609  0.517 0.812
