2022-04-11 05:56:27,557:INFO: batch_size=128
2022-04-11 05:56:27,557:INFO: clip_grad=None
2022-04-11 05:56:27,557:INFO: dataset=hotel
2022-04-11 05:56:27,557:INFO: drop=0.0
2022-04-11 05:56:27,557:INFO: gpu_num=0
2022-04-11 05:56:27,557:INFO: init=kmeans-train-32
2022-04-11 05:56:27,557:INFO: input_size=2
2022-04-11 05:56:27,557:INFO: kernel_size=3
2022-04-11 05:56:27,558:INFO: lr=0.01
2022-04-11 05:56:27,558:INFO: lr_sh_rate=150
2022-04-11 05:56:27,558:INFO: model=social_stgcnn10
2022-04-11 05:56:27,558:INFO: n_stgcnn=1
2022-04-11 05:56:27,558:INFO: n_txpcnn=5
2022-04-11 05:56:27,558:INFO: num_epochs=250
2022-04-11 05:56:27,558:INFO: obs_seq_len=8
2022-04-11 05:56:27,558:INFO: output_size=5
2022-04-11 05:56:27,558:INFO: pred_seq_len=12
2022-04-11 05:56:27,558:INFO: seed=0
2022-04-11 05:56:27,558:INFO: tag=hotel
2022-04-11 05:56:27,559:INFO: use_lrschd=True
2022-04-11 05:56:27,559:INFO: ******************************
2022-04-11 05:56:27,559:INFO: Training initiating....
2022-04-11 05:56:27,559:INFO: Namespace(batch_size=128, clip_grad=None, dataset='hotel', drop=0.0, gpu_num='0', init='kmeans-train-32', input_size=2, kernel_size=3, lr=0.01, lr_sh_rate=150, model='social_stgcnn10', n_stgcnn=1, n_txpcnn=5, num_epochs=250, obs_seq_len=8, output_size=5, pred_seq_len=12, seed=0, tag='hotel', use_lrschd=True)
2022-04-11 05:56:27,568:INFO: Initializing train dataset
2022-04-11 05:56:42,137:INFO: Initializing val dataset
2022-04-11 05:57:23,540:INFO: social_stgcnn10
2022-04-11 05:57:23,721:INFO: Data and model loaded
2022-04-11 05:57:23,721:INFO: Checkpoint dir: ./runs/Apr11_05-56-27_node09kmeans-train-32/hotel/checkpoint
2022-04-11 05:57:23,721:INFO: Training started ...
2022-04-11 05:57:56,389:INFO: Train: [0][2593/2594]  Loss 0.2259 (1.4863)  Time:  0.212 (0.013)  Data Time:  0.005 (0.004)
2022-04-11 05:57:56,391:INFO:   Eta: 2:16:04
2022-04-11 05:58:29,036:INFO: Train: [1][2593/2594]  Loss 0.0864 (0.6203)  Time:  0.168 (0.013)  Data Time:  0.004 (0.005)
2022-04-11 05:58:29,037:INFO:   Eta: 2:15:24
2022-04-11 05:59:01,054:INFO: Train: [2][2593/2594]  Loss 0.0907 (0.6454)  Time:  0.173 (0.012)  Data Time:  0.004 (0.004)
2022-04-11 05:59:01,055:INFO:   Eta: 2:12:16
2022-04-11 05:59:33,196:INFO: Train: [3][2593/2594]  Loss 0.0535 (0.4498)  Time:  0.167 (0.012)  Data Time:  0.004 (0.005)
2022-04-11 05:59:33,198:INFO:   Eta: 2:12:15
2022-04-11 06:00:06,173:INFO: Train: [4][2593/2594]  Loss 0.0012 (0.1676)  Time:  0.166 (0.013)  Data Time:  0.004 (0.005)
2022-04-11 06:00:06,175:INFO:   Eta: 2:15:08
2022-04-11 06:00:37,777:INFO: Train: [5][2593/2594]  Loss 0.0731 (-0.0339)  Time:  0.151 (0.012)  Data Time:  0.001 (0.005)
2022-04-11 06:00:37,778:INFO:   Eta: 2:08:58
2022-04-11 06:01:04,093:INFO: Train: [6][2593/2594]  Loss -0.1056 (-0.1665)  Time:  0.180 (0.010)  Data Time:  0.002 (0.003)
2022-04-11 06:01:04,094:INFO:   Eta: 1:46:56
2022-04-11 06:01:13,536:INFO: Test: [6]  ADE: 1.2229  FDE: 1.8381
2022-04-11 06:01:42,478:INFO: Train: [7][2593/2594]  Loss -0.1031 (-0.1961)  Time:  0.190 (0.011)  Data Time:  0.004 (0.003)
2022-04-11 06:01:42,479:INFO:   Eta: 1:57:09
2022-04-11 06:02:11,798:INFO: Train: [8][2593/2594]  Loss -0.1139 (-0.2855)  Time:  0.163 (0.011)  Data Time:  0.004 (0.004)
2022-04-11 06:02:11,799:INFO:   Eta: 1:58:11
2022-04-11 06:02:44,164:INFO: Train: [9][2593/2594]  Loss -0.0986 (-0.3486)  Time:  0.205 (0.012)  Data Time:  0.005 (0.004)
2022-04-11 06:02:44,165:INFO:   Eta: 2:09:56
2022-04-11 06:03:16,764:INFO: Train: [10][2593/2594]  Loss 0.0518 (-0.4450)  Time:  0.178 (0.013)  Data Time:  0.005 (0.005)
2022-04-11 06:03:16,766:INFO:   Eta: 2:10:20
2022-04-11 06:03:49,227:INFO: Train: [11][2593/2594]  Loss -0.0661 (-0.3532)  Time:  0.162 (0.013)  Data Time:  0.004 (0.005)
2022-04-11 06:03:49,228:INFO:   Eta: 2:09:14
2022-04-11 06:04:21,586:INFO: Train: [12][2593/2594]  Loss -0.1784 (-0.4308)  Time:  0.179 (0.012)  Data Time:  0.005 (0.005)
2022-04-11 06:04:21,586:INFO:   Eta: 2:08:17
2022-04-11 06:04:54,172:INFO: Train: [13][2593/2594]  Loss -0.2080 (-0.5502)  Time:  0.195 (0.013)  Data Time:  0.004 (0.005)
2022-04-11 06:04:54,173:INFO:   Eta: 2:08:39
2022-04-11 06:05:26,674:INFO: Train: [14][2593/2594]  Loss -0.0604 (-0.5850)  Time:  0.160 (0.013)  Data Time:  0.003 (0.004)
2022-04-11 06:05:26,676:INFO:   Eta: 2:07:47
2022-04-11 06:05:58,395:INFO: Train: [15][2593/2594]  Loss -0.2087 (-0.5329)  Time:  0.179 (0.012)  Data Time:  0.026 (0.004)
2022-04-11 06:05:58,396:INFO:   Eta: 2:04:10
2022-04-11 06:06:27,299:INFO: Train: [16][2593/2594]  Loss -0.2375 (-0.7128)  Time:  0.172 (0.011)  Data Time:  0.004 (0.003)
2022-04-11 06:06:27,300:INFO:   Eta: 1:52:39
2022-04-11 06:06:37,696:INFO: Test: [16]  ADE: 0.9634  FDE: 1.4984
2022-04-11 06:07:06,621:INFO: Train: [17][2593/2594]  Loss -0.1745 (-0.6833)  Time:  0.184 (0.011)  Data Time:  0.003 (0.004)
2022-04-11 06:07:06,622:INFO:   Eta: 1:52:15
2022-04-11 06:07:35,534:INFO: Train: [18][2593/2594]  Loss -0.2059 (-0.7234)  Time:  0.164 (0.011)  Data Time:  0.004 (0.004)
2022-04-11 06:07:35,538:INFO:   Eta: 1:51:44
2022-04-11 06:08:04,220:INFO: Train: [19][2593/2594]  Loss -0.2461 (-0.6133)  Time:  0.157 (0.011)  Data Time:  0.004 (0.004)
2022-04-11 06:08:04,221:INFO:   Eta: 1:50:16
2022-04-11 06:08:35,249:INFO: Train: [20][2593/2594]  Loss -0.2406 (-0.7238)  Time:  0.208 (0.012)  Data Time:  0.004 (0.004)
2022-04-11 06:08:35,250:INFO:   Eta: 1:58:53
2022-04-11 06:09:07,953:INFO: Train: [21][2593/2594]  Loss -0.2652 (-0.7727)  Time:  0.174 (0.013)  Data Time:  0.004 (0.005)
2022-04-11 06:09:07,955:INFO:   Eta: 2:04:45
2022-04-11 06:09:40,553:INFO: Train: [22][2593/2594]  Loss -0.1615 (-0.8051)  Time:  0.168 (0.013)  Data Time:  0.004 (0.004)
2022-04-11 06:09:40,555:INFO:   Eta: 2:03:49
2022-04-11 06:10:13,164:INFO: Train: [23][2593/2594]  Loss -0.2623 (-0.7905)  Time:  0.159 (0.013)  Data Time:  0.004 (0.005)
2022-04-11 06:10:13,165:INFO:   Eta: 2:03:18
2022-04-11 06:10:45,701:INFO: Train: [24][2593/2594]  Loss -0.1959 (-0.8792)  Time:  0.177 (0.013)  Data Time:  0.004 (0.005)
2022-04-11 06:10:45,702:INFO:   Eta: 2:02:30
2022-04-11 06:11:15,407:INFO: Train: [25][2593/2594]  Loss -0.2240 (-0.9124)  Time:  0.146 (0.011)  Data Time:  0.003 (0.004)
2022-04-11 06:11:15,408:INFO:   Eta: 1:51:20
2022-04-11 06:11:47,273:INFO: Train: [26][2593/2594]  Loss -0.2499 (-0.7395)  Time:  0.212 (0.012)  Data Time:  0.004 (0.004)
2022-04-11 06:11:47,274:INFO:   Eta: 1:58:54
2022-04-11 06:11:57,430:INFO: Test: [26]  ADE: 0.7611  FDE: 1.2139
2022-04-11 06:12:30,200:INFO: Train: [27][2593/2594]  Loss -0.2528 (-0.8075)  Time:  0.209 (0.013)  Data Time:  0.004 (0.004)
2022-04-11 06:12:30,201:INFO:   Eta: 2:01:44
2022-04-11 06:13:00,406:INFO: Train: [28][2593/2594]  Loss -0.1789 (-0.9274)  Time:  0.154 (0.012)  Data Time:  0.003 (0.004)
2022-04-11 06:13:00,407:INFO:   Eta: 1:51:42
2022-04-11 06:13:29,011:INFO: Train: [29][2593/2594]  Loss -0.2936 (-0.8203)  Time:  0.174 (0.011)  Data Time:  0.004 (0.004)
2022-04-11 06:13:29,012:INFO:   Eta: 1:45:18
2022-04-11 06:13:58,371:INFO: Train: [30][2593/2594]  Loss -0.2851 (-0.9392)  Time:  0.159 (0.011)  Data Time:  0.003 (0.004)
2022-04-11 06:13:58,372:INFO:   Eta: 1:47:35
2022-04-11 06:14:28,356:INFO: Train: [31][2593/2594]  Loss -0.2907 (-0.8844)  Time:  0.178 (0.012)  Data Time:  0.005 (0.004)
2022-04-11 06:14:28,358:INFO:   Eta: 1:49:23
2022-04-11 06:15:01,375:INFO: Train: [32][2593/2594]  Loss -0.2311 (-0.9827)  Time:  0.172 (0.013)  Data Time:  0.004 (0.005)
2022-04-11 06:15:01,376:INFO:   Eta: 1:59:50
2022-04-11 06:15:34,323:INFO: Train: [33][2593/2594]  Loss -0.2978 (-0.9514)  Time:  0.205 (0.013)  Data Time:  0.004 (0.005)
2022-04-11 06:15:34,324:INFO:   Eta: 1:59:06
2022-04-11 06:16:04,952:INFO: Train: [34][2593/2594]  Loss -0.2949 (-0.9803)  Time:  0.191 (0.012)  Data Time:  0.004 (0.004)
2022-04-11 06:16:04,953:INFO:   Eta: 1:50:12
2022-04-11 06:16:34,972:INFO: Train: [35][2593/2594]  Loss -0.3109 (-0.9115)  Time:  0.175 (0.012)  Data Time:  0.003 (0.004)
2022-04-11 06:16:34,973:INFO:   Eta: 1:47:31
2022-04-11 06:17:07,399:INFO: Train: [36][2593/2594]  Loss -0.2918 (-1.0452)  Time:  0.184 (0.012)  Data Time:  0.004 (0.005)
2022-04-11 06:17:07,400:INFO:   Eta: 1:55:35
2022-04-11 06:17:17,486:INFO: Test: [36]  ADE: 0.6500  FDE: 1.0324
2022-04-11 06:17:50,170:INFO: Train: [37][2593/2594]  Loss -0.3036 (-1.0037)  Time:  0.171 (0.013)  Data Time:  0.004 (0.004)
2022-04-11 06:17:50,171:INFO:   Eta: 1:55:58
2022-04-11 06:18:22,771:INFO: Train: [38][2593/2594]  Loss -0.2634 (-1.0605)  Time:  0.164 (0.013)  Data Time:  0.004 (0.004)
2022-04-11 06:18:22,773:INFO:   Eta: 1:55:07
2022-04-11 06:18:54,088:INFO: Train: [39][2593/2594]  Loss -0.2690 (-1.0262)  Time:  0.181 (0.012)  Data Time:  0.003 (0.004)
2022-04-11 06:18:54,089:INFO:   Eta: 1:50:04
2022-04-11 06:19:22,994:INFO: Train: [40][2593/2594]  Loss -0.2012 (-1.0372)  Time:  0.143 (0.011)  Data Time:  0.003 (0.004)
2022-04-11 06:19:22,995:INFO:   Eta: 1:41:07
2022-04-11 06:19:52,500:INFO: Train: [41][2593/2594]  Loss -0.2211 (-1.0140)  Time:  0.177 (0.011)  Data Time:  0.004 (0.004)
2022-04-11 06:19:52,501:INFO:   Eta: 1:42:44
2022-04-11 06:20:21,930:INFO: Train: [42][2593/2594]  Loss -0.2915 (-1.0342)  Time:  0.163 (0.011)  Data Time:  0.004 (0.004)
2022-04-11 06:20:21,931:INFO:   Eta: 1:41:58
2022-04-11 06:20:52,481:INFO: Train: [43][2593/2594]  Loss -0.3094 (-1.2016)  Time:  0.157 (0.012)  Data Time:  0.004 (0.004)
2022-04-11 06:20:52,482:INFO:   Eta: 1:45:20
2022-04-11 06:21:22,994:INFO: Train: [44][2593/2594]  Loss -0.2420 (-1.1138)  Time:  0.160 (0.012)  Data Time:  0.004 (0.004)
2022-04-11 06:21:23,199:INFO:   Eta: 1:44:42
2022-04-11 06:21:54,831:INFO: Train: [45][2593/2594]  Loss -0.3372 (-1.0917)  Time:  0.208 (0.012)  Data Time:  0.005 (0.004)
2022-04-11 06:21:54,833:INFO:   Eta: 1:48:00
2022-04-11 06:22:27,514:INFO: Train: [46][2593/2594]  Loss -0.2971 (-1.0678)  Time:  0.176 (0.013)  Data Time:  0.005 (0.005)
2022-04-11 06:22:27,515:INFO:   Eta: 1:51:04
2022-04-11 06:22:37,691:INFO: Test: [46]  ADE: 0.5967  FDE: 0.9601
2022-04-11 06:23:10,501:INFO: Train: [47][2593/2594]  Loss -0.3842 (-1.1734)  Time:  0.177 (0.013)  Data Time:  0.006 (0.005)
2022-04-11 06:23:10,502:INFO:   Eta: 1:50:56
2022-04-11 06:23:42,975:INFO: Train: [48][2593/2594]  Loss -0.2724 (-1.0274)  Time:  0.200 (0.013)  Data Time:  0.004 (0.005)
2022-04-11 06:23:42,976:INFO:   Eta: 1:49:16
2022-04-11 06:24:15,618:INFO: Train: [49][2593/2594]  Loss -0.3658 (-1.2103)  Time:  0.211 (0.013)  Data Time:  0.004 (0.005)
2022-04-11 06:24:15,619:INFO:   Eta: 1:49:18
2022-04-11 06:24:47,879:INFO: Train: [50][2593/2594]  Loss -0.1222 (-1.1618)  Time:  0.157 (0.012)  Data Time:  0.003 (0.004)
2022-04-11 06:24:47,880:INFO:   Eta: 1:47:28
2022-04-11 06:25:17,041:INFO: Train: [51][2593/2594]  Loss -0.3669 (-1.1762)  Time:  0.181 (0.011)  Data Time:  0.004 (0.004)
2022-04-11 06:25:17,042:INFO:   Eta: 1:36:39
2022-04-11 06:25:45,093:INFO: Train: [52][2593/2594]  Loss -0.3389 (-1.2692)  Time:  0.136 (0.011)  Data Time:  0.002 (0.003)
2022-04-11 06:25:45,094:INFO:   Eta: 1:32:31
2022-04-11 06:26:12,012:INFO: Train: [53][2593/2594]  Loss -0.2061 (-1.3073)  Time:  0.143 (0.010)  Data Time:  0.003 (0.003)
2022-04-11 06:26:12,013:INFO:   Eta: 1:28:19
2022-04-11 06:26:40,789:INFO: Train: [54][2593/2594]  Loss -0.2836 (-1.2713)  Time:  0.169 (0.011)  Data Time:  0.004 (0.003)
2022-04-11 06:26:40,790:INFO:   Eta: 1:33:57
2022-04-11 06:27:13,833:INFO: Train: [55][2593/2594]  Loss -0.2450 (-1.1972)  Time:  0.184 (0.013)  Data Time:  0.005 (0.005)
2022-04-11 06:27:13,834:INFO:   Eta: 1:47:20
2022-04-11 06:27:46,681:INFO: Train: [56][2593/2594]  Loss -0.2476 (-1.2157)  Time:  0.169 (0.013)  Data Time:  0.004 (0.005)
2022-04-11 06:27:46,682:INFO:   Eta: 1:46:09
2022-04-11 06:27:56,679:INFO: Test: [56]  ADE: 0.5696  FDE: 0.9396
2022-04-11 06:28:29,429:INFO: Train: [57][2593/2594]  Loss -0.3631 (-1.2031)  Time:  0.160 (0.013)  Data Time:  0.004 (0.004)
2022-04-11 06:28:29,430:INFO:   Eta: 1:45:17
2022-04-11 06:29:02,182:INFO: Train: [58][2593/2594]  Loss -0.3433 (-1.2229)  Time:  0.183 (0.013)  Data Time:  0.006 (0.005)
2022-04-11 06:29:02,183:INFO:   Eta: 1:44:44
2022-04-11 06:29:34,859:INFO: Train: [59][2593/2594]  Loss -0.3547 (-1.2029)  Time:  0.179 (0.013)  Data Time:  0.005 (0.005)
2022-04-11 06:29:34,860:INFO:   Eta: 1:43:58
2022-04-11 06:30:07,351:INFO: Train: [60][2593/2594]  Loss -0.3672 (-1.2858)  Time:  0.183 (0.013)  Data Time:  0.005 (0.004)
2022-04-11 06:30:07,351:INFO:   Eta: 1:42:50
2022-04-11 06:30:40,244:INFO: Train: [61][2593/2594]  Loss -0.3527 (-1.1273)  Time:  0.203 (0.013)  Data Time:  0.004 (0.004)
2022-04-11 06:30:40,245:INFO:   Eta: 1:43:34
2022-04-11 06:31:08,524:INFO: Train: [62][2593/2594]  Loss -0.3389 (-1.2671)  Time:  0.155 (0.011)  Data Time:  0.002 (0.003)
2022-04-11 06:31:08,525:INFO:   Eta: 1:28:33
2022-04-11 06:31:35,877:INFO: Train: [63][2593/2594]  Loss -0.2652 (-1.3254)  Time:  0.148 (0.011)  Data Time:  0.003 (0.003)
2022-04-11 06:31:35,878:INFO:   Eta: 1:25:12
2022-04-11 06:32:03,781:INFO: Train: [64][2593/2594]  Loss -0.2555 (-1.2089)  Time:  0.154 (0.011)  Data Time:  0.003 (0.003)
2022-04-11 06:32:03,782:INFO:   Eta: 1:26:27
2022-04-11 06:32:33,046:INFO: Train: [65][2593/2594]  Loss -0.3571 (-1.2902)  Time:  0.198 (0.011)  Data Time:  0.004 (0.004)
2022-04-11 06:32:33,047:INFO:   Eta: 1:30:11
2022-04-11 06:33:06,108:INFO: Train: [66][2593/2594]  Loss -0.3124 (-1.2442)  Time:  0.172 (0.013)  Data Time:  0.005 (0.005)
2022-04-11 06:33:06,110:INFO:   Eta: 1:41:20
2022-04-11 06:33:16,247:INFO: Test: [66]  ADE: 0.5218  FDE: 0.8506
2022-04-11 06:33:48,864:INFO: Train: [67][2593/2594]  Loss -0.3690 (-1.3245)  Time:  0.165 (0.013)  Data Time:  0.005 (0.004)
2022-04-11 06:33:48,865:INFO:   Eta: 1:39:26
2022-04-11 06:34:21,490:INFO: Train: [68][2593/2594]  Loss -0.3622 (-1.3134)  Time:  0.164 (0.013)  Data Time:  0.005 (0.005)
2022-04-11 06:34:21,491:INFO:   Eta: 1:38:55
2022-04-11 06:34:54,037:INFO: Train: [69][2593/2594]  Loss -0.2919 (-1.2684)  Time:  0.171 (0.013)  Data Time:  0.004 (0.005)
2022-04-11 06:34:54,039:INFO:   Eta: 1:38:08
2022-04-11 06:35:27,164:INFO: Train: [70][2593/2594]  Loss -0.4042 (-1.2587)  Time:  0.175 (0.013)  Data Time:  0.005 (0.005)
2022-04-11 06:35:27,166:INFO:   Eta: 1:39:19
2022-04-11 06:35:58,107:INFO: Train: [71][2593/2594]  Loss -0.3669 (-1.3224)  Time:  0.151 (0.012)  Data Time:  0.004 (0.004)
2022-04-11 06:35:58,108:INFO:   Eta: 1:32:15
2022-04-11 06:36:28,496:INFO: Train: [72][2593/2594]  Loss -0.3700 (-1.3041)  Time:  0.173 (0.012)  Data Time:  0.004 (0.004)
2022-04-11 06:36:28,496:INFO:   Eta: 1:30:06
2022-04-11 06:36:59,498:INFO: Train: [73][2593/2594]  Loss -0.3355 (-1.3952)  Time:  0.135 (0.012)  Data Time:  0.002 (0.004)
2022-04-11 06:36:59,499:INFO:   Eta: 1:31:24
2022-04-11 06:37:27,835:INFO: Train: [74][2593/2594]  Loss -0.3160 (-1.4329)  Time:  0.192 (0.011)  Data Time:  0.004 (0.004)
2022-04-11 06:37:27,836:INFO:   Eta: 1:23:04
2022-04-11 06:37:56,703:INFO: Train: [75][2593/2594]  Loss -0.3156 (-1.3838)  Time:  0.154 (0.011)  Data Time:  0.004 (0.004)
2022-04-11 06:37:56,703:INFO:   Eta: 1:24:09
2022-04-11 06:38:25,706:INFO: Train: [76][2593/2594]  Loss -0.3153 (-1.3106)  Time:  0.147 (0.011)  Data Time:  0.003 (0.004)
2022-04-11 06:38:25,708:INFO:   Eta: 1:24:04
2022-04-11 06:38:35,401:INFO: Test: [76]  ADE: 0.4816  FDE: 0.7406
2022-04-11 06:39:08,009:INFO: Train: [77][2593/2594]  Loss -0.3206 (-1.4350)  Time:  0.211 (0.013)  Data Time:  0.005 (0.005)
2022-04-11 06:39:08,010:INFO:   Eta: 1:33:58
2022-04-11 06:39:40,801:INFO: Train: [78][2593/2594]  Loss -0.3471 (-1.3102)  Time:  0.182 (0.013)  Data Time:  0.004 (0.005)
2022-04-11 06:39:40,802:INFO:   Eta: 1:33:57
2022-04-11 06:40:13,631:INFO: Train: [79][2593/2594]  Loss -0.3620 (-1.3686)  Time:  0.170 (0.013)  Data Time:  0.004 (0.005)
2022-04-11 06:40:13,631:INFO:   Eta: 1:33:31
2022-04-11 06:40:45,850:INFO: Train: [80][2593/2594]  Loss -0.3457 (-1.3314)  Time:  0.157 (0.012)  Data Time:  0.003 (0.004)
2022-04-11 06:40:45,852:INFO:   Eta: 1:31:14
2022-04-11 06:41:15,877:INFO: Train: [81][2593/2594]  Loss -0.3153 (-1.4497)  Time:  0.182 (0.012)  Data Time:  0.004 (0.004)
2022-04-11 06:41:15,878:INFO:   Eta: 1:24:31
2022-04-11 06:41:48,253:INFO: Train: [82][2593/2594]  Loss -0.3649 (-1.3546)  Time:  0.169 (0.012)  Data Time:  0.004 (0.004)
2022-04-11 06:41:48,254:INFO:   Eta: 1:30:36
2022-04-11 06:42:19,118:INFO: Train: [83][2593/2594]  Loss -0.4016 (-1.3678)  Time:  0.166 (0.012)  Data Time:  0.004 (0.004)
2022-04-11 06:42:19,118:INFO:   Eta: 1:25:51
2022-04-11 06:42:51,617:INFO: Train: [84][2593/2594]  Loss -0.3995 (-1.4029)  Time:  0.212 (0.013)  Data Time:  0.005 (0.005)
2022-04-11 06:42:51,619:INFO:   Eta: 1:29:52
2022-04-11 06:43:21,874:INFO: Train: [85][2593/2594]  Loss -0.3114 (-1.3504)  Time:  0.155 (0.012)  Data Time:  0.003 (0.004)
2022-04-11 06:43:21,875:INFO:   Eta: 1:23:09
2022-04-11 06:43:50,853:INFO: Train: [86][2593/2594]  Loss -0.3879 (-1.3682)  Time:  0.165 (0.011)  Data Time:  0.003 (0.004)
2022-04-11 06:43:50,854:INFO:   Eta: 1:19:10
2022-04-11 06:44:00,568:INFO: Test: [86]  ADE: 0.4815  FDE: 0.7728
2022-04-11 06:44:30,105:INFO: Train: [87][2593/2594]  Loss -0.3818 (-1.4308)  Time:  0.145 (0.011)  Data Time:  0.003 (0.004)
2022-04-11 06:44:30,106:INFO:   Eta: 1:20:12
2022-04-11 06:45:01,915:INFO: Train: [88][2593/2594]  Loss -0.3516 (-1.4187)  Time:  0.172 (0.012)  Data Time:  0.004 (0.004)
2022-04-11 06:45:01,917:INFO:   Eta: 1:25:50
2022-04-11 06:45:34,494:INFO: Train: [89][2593/2594]  Loss -0.3595 (-1.4363)  Time:  0.157 (0.013)  Data Time:  0.003 (0.004)
2022-04-11 06:45:34,495:INFO:   Eta: 1:27:22
2022-04-11 06:46:04,549:INFO: Train: [90][2593/2594]  Loss -0.3568 (-1.4588)  Time:  0.159 (0.012)  Data Time:  0.004 (0.004)
2022-04-11 06:46:04,551:INFO:   Eta: 1:20:05
2022-04-11 06:46:36,576:INFO: Train: [91][2593/2594]  Loss -0.4557 (-1.3351)  Time:  0.206 (0.012)  Data Time:  0.005 (0.005)
2022-04-11 06:46:36,577:INFO:   Eta: 1:24:49
2022-04-11 06:47:07,603:INFO: Train: [92][2593/2594]  Loss -0.4007 (-1.4018)  Time:  0.165 (0.012)  Data Time:  0.004 (0.004)
2022-04-11 06:47:07,604:INFO:   Eta: 1:21:39
2022-04-11 06:47:40,280:INFO: Train: [93][2593/2594]  Loss -0.3845 (-1.4798)  Time:  0.221 (0.013)  Data Time:  0.005 (0.005)
2022-04-11 06:47:40,281:INFO:   Eta: 1:25:27
2022-04-11 06:48:12,811:INFO: Train: [94][2593/2594]  Loss -0.3796 (-1.4596)  Time:  0.203 (0.013)  Data Time:  0.004 (0.005)
2022-04-11 06:48:12,813:INFO:   Eta: 1:24:32
2022-04-11 06:48:45,475:INFO: Train: [95][2593/2594]  Loss -0.2704 (-1.5038)  Time:  0.163 (0.013)  Data Time:  0.005 (0.005)
2022-04-11 06:48:45,476:INFO:   Eta: 1:24:20
2022-04-11 06:49:17,091:INFO: Train: [96][2593/2594]  Loss -0.4082 (-1.4399)  Time:  0.163 (0.012)  Data Time:  0.004 (0.004)
2022-04-11 06:49:17,092:INFO:   Eta: 1:21:06
2022-04-11 06:49:26,730:INFO: Test: [96]  ADE: 0.4931  FDE: 0.7598
2022-04-11 06:49:56,224:INFO: Train: [97][2593/2594]  Loss -0.3119 (-1.4843)  Time:  0.175 (0.011)  Data Time:  0.004 (0.004)
2022-04-11 06:49:56,225:INFO:   Eta: 1:15:10
2022-04-11 06:50:25,946:INFO: Train: [98][2593/2594]  Loss -0.3801 (-1.4224)  Time:  0.159 (0.011)  Data Time:  0.004 (0.004)
2022-04-11 06:50:25,947:INFO:   Eta: 1:15:15
2022-04-11 06:50:53,675:INFO: Train: [99][2593/2594]  Loss -0.3519 (-1.5098)  Time:  0.160 (0.011)  Data Time:  0.004 (0.003)
2022-04-11 06:50:53,676:INFO:   Eta: 1:09:44
2022-04-11 06:51:25,550:INFO: Train: [100][2593/2594]  Loss -0.4160 (-1.5040)  Time:  0.194 (0.012)  Data Time:  0.003 (0.004)
2022-04-11 06:51:25,552:INFO:   Eta: 1:19:38
2022-04-11 06:51:58,145:INFO: Train: [101][2593/2594]  Loss -0.4115 (-1.3135)  Time:  0.160 (0.013)  Data Time:  0.004 (0.005)
2022-04-11 06:51:58,146:INFO:   Eta: 1:20:53
2022-04-11 06:52:29,596:INFO: Train: [102][2593/2594]  Loss -0.3881 (-1.5175)  Time:  0.197 (0.012)  Data Time:  0.005 (0.004)
2022-04-11 06:52:29,597:INFO:   Eta: 1:17:32
2022-04-11 06:53:01,883:INFO: Train: [103][2593/2594]  Loss -0.4020 (-1.5125)  Time:  0.168 (0.012)  Data Time:  0.004 (0.004)
2022-04-11 06:53:01,884:INFO:   Eta: 1:19:04
2022-04-11 06:53:34,693:INFO: Train: [104][2593/2594]  Loss -0.3686 (-1.4568)  Time:  0.208 (0.013)  Data Time:  0.005 (0.005)
2022-04-11 06:53:34,694:INFO:   Eta: 1:19:48
2022-04-11 06:54:07,362:INFO: Train: [105][2593/2594]  Loss -0.3790 (-1.3988)  Time:  0.217 (0.013)  Data Time:  0.005 (0.005)
2022-04-11 06:54:07,363:INFO:   Eta: 1:18:54
2022-04-11 06:54:39,996:INFO: Train: [106][2593/2594]  Loss -0.4192 (-1.3551)  Time:  0.169 (0.013)  Data Time:  0.005 (0.005)
2022-04-11 06:54:39,998:INFO:   Eta: 1:18:17
2022-04-11 06:54:50,622:INFO: Test: [106]  ADE: 0.4873  FDE: 0.8301
2022-04-11 06:55:22,149:INFO: Train: [107][2593/2594]  Loss -0.4565 (-1.5299)  Time:  0.153 (0.012)  Data Time:  0.002 (0.004)
2022-04-11 06:55:22,150:INFO:   Eta: 1:15:06
2022-04-11 06:55:49,548:INFO: Train: [108][2593/2594]  Loss -0.3193 (-1.5032)  Time:  0.152 (0.011)  Data Time:  0.003 (0.003)
2022-04-11 06:55:49,550:INFO:   Eta: 1:04:48
2022-04-11 06:56:16,412:INFO: Train: [109][2593/2594]  Loss -0.3313 (-1.4574)  Time:  0.201 (0.010)  Data Time:  0.004 (0.003)
2022-04-11 06:56:16,413:INFO:   Eta: 1:03:05
