2022-05-13 04:09:54,389:INFO: batch_size=128
2022-05-13 04:09:54,390:INFO: clip_grad=None
2022-05-13 04:09:54,390:INFO: dataset=eth
2022-05-13 04:09:54,390:INFO: dict_kernel_size=3
2022-05-13 04:09:54,390:INFO: drop=0.0
2022-05-13 04:09:54,390:INFO: gpu_num=1
2022-05-13 04:09:54,390:INFO: ilr=0.02
2022-05-13 04:09:54,390:INFO: init=kmeans
2022-05-13 04:09:54,390:INFO: input_size=2
2022-05-13 04:09:54,390:INFO: kernel_size=3
2022-05-13 04:09:54,391:INFO: log_dir=./runs/9-2xlr
2022-05-13 04:09:54,391:INFO: lr=0.01
2022-05-13 04:09:54,391:INFO: lr_sh_rate=150
2022-05-13 04:09:54,391:INFO: model=social_stgcnn9
2022-05-13 04:09:54,391:INFO: n_stgcnn=1
2022-05-13 04:09:54,391:INFO: n_txpcnn=5
2022-05-13 04:09:54,391:INFO: name=9-2xlr
2022-05-13 04:09:54,391:INFO: num_epochs=250
2022-05-13 04:09:54,391:INFO: obs_seq_len=8
2022-05-13 04:09:54,391:INFO: output_size=5
2022-05-13 04:09:54,391:INFO: pred_seq_len=12
2022-05-13 04:09:54,391:INFO: seed=0
2022-05-13 04:09:54,392:INFO: tag=eth
2022-05-13 04:09:54,392:INFO: use_lrschd=True
2022-05-13 04:09:54,392:INFO: ******************************
2022-05-13 04:09:54,392:INFO: Training initiating....
2022-05-13 04:09:54,392:INFO: Namespace(model='social_stgcnn9', name='9-2xlr', input_size=2, output_size=5, n_stgcnn=1, n_txpcnn=5, kernel_size=3, obs_seq_len=8, pred_seq_len=12, dataset='eth', batch_size=128, num_epochs=250, clip_grad=None, lr=0.01, ilr=0.02, lr_sh_rate=150, use_lrschd=True, tag='eth', log_dir='./runs/9-2xlr', seed=0, gpu_num='1', drop=0.0, init='kmeans', dict_kernel_size=3)
2022-05-13 04:09:54,473:INFO: Initializing train dataset
2022-05-13 04:11:06,356:INFO: Initializing val dataset
2022-05-13 04:11:41,410:INFO: social_stgcnn9
2022-05-13 04:11:41,411:INFO: 0.01
2022-05-13 04:11:41,412:INFO: 0.01
2022-05-13 04:11:41,412:INFO: 0.01
2022-05-13 04:11:41,412:INFO: 0.02
2022-05-13 04:11:41,412:INFO: Data and model loaded
2022-05-13 04:11:41,412:INFO: Checkpoint dir: ./runs/9-2xlr/eth/checkpoint
2022-05-13 04:11:41,412:INFO: Training started ...
2022-05-13 04:12:35,279:INFO: batch_size=128
2022-05-13 04:12:35,279:INFO: clip_grad=None
2022-05-13 04:12:35,279:INFO: dataset=eth
2022-05-13 04:12:35,279:INFO: dict_kernel_size=3
2022-05-13 04:12:35,279:INFO: drop=0.0
2022-05-13 04:12:35,279:INFO: gpu_num=1
2022-05-13 04:12:35,279:INFO: ilr=0.02
2022-05-13 04:12:35,279:INFO: init=kmeans
2022-05-13 04:12:35,279:INFO: input_size=2
2022-05-13 04:12:35,279:INFO: kernel_size=3
2022-05-13 04:12:35,279:INFO: log_dir=./runs/9-2xlr
2022-05-13 04:12:35,279:INFO: lr=0.01
2022-05-13 04:12:35,280:INFO: lr_sh_rate=150
2022-05-13 04:12:35,280:INFO: model=social_stgcnn9
2022-05-13 04:12:35,280:INFO: n_stgcnn=1
2022-05-13 04:12:35,280:INFO: n_txpcnn=5
2022-05-13 04:12:35,280:INFO: name=9-2xlr
2022-05-13 04:12:35,280:INFO: num_epochs=250
2022-05-13 04:12:35,280:INFO: obs_seq_len=8
2022-05-13 04:12:35,280:INFO: output_size=5
2022-05-13 04:12:35,280:INFO: pred_seq_len=12
2022-05-13 04:12:35,280:INFO: seed=0
2022-05-13 04:12:35,280:INFO: tag=eth
2022-05-13 04:12:35,280:INFO: use_lrschd=True
2022-05-13 04:12:35,280:INFO: ******************************
2022-05-13 04:12:35,280:INFO: Training initiating....
2022-05-13 04:12:35,280:INFO: Namespace(model='social_stgcnn9', name='9-2xlr', input_size=2, output_size=5, n_stgcnn=1, n_txpcnn=5, kernel_size=3, obs_seq_len=8, pred_seq_len=12, dataset='eth', batch_size=128, num_epochs=250, clip_grad=None, lr=0.01, ilr=0.02, lr_sh_rate=150, use_lrschd=True, tag='eth', log_dir='./runs/9-2xlr', seed=0, gpu_num='1', drop=0.0, init='kmeans', dict_kernel_size=3)
2022-05-13 04:12:35,401:INFO: Initializing train dataset
2022-05-13 04:12:47,051:INFO: batch_size=128
2022-05-13 04:12:47,051:INFO: clip_grad=None
2022-05-13 04:12:47,051:INFO: dataset=eth
2022-05-13 04:12:47,051:INFO: dict_kernel_size=3
2022-05-13 04:12:47,051:INFO: drop=0.0
2022-05-13 04:12:47,052:INFO: gpu_num=1
2022-05-13 04:12:47,052:INFO: ilr=0.02
2022-05-13 04:12:47,052:INFO: init=kmeans
2022-05-13 04:12:47,052:INFO: input_size=2
2022-05-13 04:12:47,052:INFO: kernel_size=3
2022-05-13 04:12:47,052:INFO: log_dir=./runs/9-2xlr
2022-05-13 04:12:47,052:INFO: lr=0.01
2022-05-13 04:12:47,052:INFO: lr_sh_rate=150
2022-05-13 04:12:47,052:INFO: model=social_stgcnn9
2022-05-13 04:12:47,052:INFO: n_stgcnn=1
2022-05-13 04:12:47,052:INFO: n_txpcnn=5
2022-05-13 04:12:47,052:INFO: name=9-2xlr
2022-05-13 04:12:47,052:INFO: num_epochs=250
2022-05-13 04:12:47,053:INFO: obs_seq_len=8
2022-05-13 04:12:47,053:INFO: output_size=5
2022-05-13 04:12:47,053:INFO: pred_seq_len=12
2022-05-13 04:12:47,053:INFO: seed=0
2022-05-13 04:12:47,053:INFO: tag=eth
2022-05-13 04:12:47,053:INFO: use_lrschd=True
2022-05-13 04:12:47,053:INFO: ******************************
2022-05-13 04:12:47,053:INFO: Training initiating....
2022-05-13 04:12:47,053:INFO: Namespace(model='social_stgcnn9', name='9-2xlr', input_size=2, output_size=5, n_stgcnn=1, n_txpcnn=5, kernel_size=3, obs_seq_len=8, pred_seq_len=12, dataset='eth', batch_size=128, num_epochs=250, clip_grad=None, lr=0.01, ilr=0.02, lr_sh_rate=150, use_lrschd=True, tag='eth', log_dir='./runs/9-2xlr', seed=0, gpu_num='1', drop=0.0, init='kmeans', dict_kernel_size=3)
2022-05-13 04:12:47,194:INFO: Initializing train dataset
2022-05-13 04:13:01,830:INFO: Initializing val dataset
2022-05-13 04:13:19,220:INFO: social_stgcnn9
2022-05-13 04:13:19,222:INFO: 0.01
2022-05-13 04:13:19,223:INFO: 0.01
2022-05-13 04:13:19,223:INFO: 0.01
2022-05-13 04:13:19,223:INFO: 0.02
2022-05-13 04:13:19,223:INFO: Data and model loaded
2022-05-13 04:13:19,223:INFO: Checkpoint dir: ./runs/9-2xlr/eth/checkpoint
2022-05-13 04:13:19,224:INFO: Training started ...
2022-05-13 04:13:25,099:INFO: Initializing val dataset
2022-05-13 04:13:41,031:INFO: social_stgcnn9
2022-05-13 04:13:41,032:INFO: 0.01
2022-05-13 04:13:41,032:INFO: 0.01
2022-05-13 04:13:41,032:INFO: 0.01
2022-05-13 04:13:41,032:INFO: 0.02
2022-05-13 04:13:41,032:INFO: Data and model loaded
2022-05-13 04:13:41,032:INFO: Checkpoint dir: ./runs/9-2xlr/eth/checkpoint
2022-05-13 04:13:41,033:INFO: Training started ...
2022-05-13 04:14:50,567:INFO: Train: [0][2784/2785]  Loss 0.6232 (1.3900)  Time:  0.499 (0.025)  Data Time:  0.000 (0.009)
2022-05-13 04:14:50,568:INFO:   Eta: 4:49:38
2022-05-13 04:16:29,083:INFO: Train: [1][2784/2785]  Loss 0.3749 (0.5975)  Time:  1.529 (0.035)  Data Time:  0.021 (0.015)
2022-05-13 04:16:29,085:INFO:   Eta: 6:48:16
2022-05-13 04:18:21,275:INFO: Train: [2][2784/2785]  Loss 0.0941 (0.4398)  Time:  1.736 (0.040)  Data Time:  0.020 (0.018)
2022-05-13 04:18:21,277:INFO:   Eta: 7:43:04
2022-05-13 04:20:13,847:INFO: Train: [3][2784/2785]  Loss -0.0675 (0.1865)  Time:  1.535 (0.040)  Data Time:  0.021 (0.018)
2022-05-13 04:20:13,849:INFO:   Eta: 7:42:50
2022-05-13 04:22:07,351:INFO: Train: [4][2784/2785]  Loss -0.0149 (-0.0099)  Time:  1.642 (0.041)  Data Time:  0.022 (0.018)
2022-05-13 04:22:07,353:INFO:   Eta: 7:44:50
2022-05-13 04:23:58,908:INFO: Train: [5][2784/2785]  Loss -0.2646 (-0.0601)  Time:  1.461 (0.040)  Data Time:  0.021 (0.017)
2022-05-13 04:23:58,910:INFO:   Eta: 7:35:02
2022-05-13 04:25:52,047:INFO: Train: [6][2784/2785]  Loss 0.1544 (-0.1717)  Time:  1.646 (0.041)  Data Time:  0.001 (0.018)
2022-05-13 04:25:52,049:INFO:   Eta: 7:39:34
2022-05-13 04:27:45,579:INFO: Train: [7][2784/2785]  Loss 0.2121 (-0.1663)  Time:  1.571 (0.041)  Data Time:  0.022 (0.018)
2022-05-13 04:27:45,581:INFO:   Eta: 7:39:10
2022-05-13 04:28:45,285:INFO: Train: [8][2784/2785]  Loss -0.0814 (-0.2691)  Time:  1.712 (0.021)  Data Time:  0.022 (0.006)
2022-05-13 04:28:45,287:INFO:   Eta: 4:00:19
2022-05-13 04:30:40,929:INFO: Train: [9][2784/2785]  Loss -0.2488 (-0.3758)  Time:  1.419 (0.041)  Data Time:  0.021 (0.016)
2022-05-13 04:30:40,933:INFO:   Eta: 7:43:50
2022-05-13 04:32:40,177:INFO: Train: [10][2784/2785]  Loss -0.1023 (-0.2827)  Time:  1.693 (0.043)  Data Time:  0.020 (0.018)
2022-05-13 04:32:40,178:INFO:   Eta: 7:55:31
2022-05-13 04:34:31,711:INFO: Train: [11][2784/2785]  Loss -0.2154 (-0.4245)  Time:  1.545 (0.040)  Data Time:  0.000 (0.016)
2022-05-13 04:34:31,713:INFO:   Eta: 7:23:43
2022-05-13 04:36:24,829:INFO: Train: [12][2784/2785]  Loss -0.0541 (-0.4674)  Time:  1.642 (0.041)  Data Time:  0.022 (0.016)
2022-05-13 04:36:24,831:INFO:   Eta: 7:28:09
2022-05-13 04:38:04,114:INFO: Train: [13][2784/2785]  Loss -0.2282 (-0.4594)  Time:  1.641 (0.036)  Data Time:  0.005 (0.013)
2022-05-13 04:38:04,116:INFO:   Eta: 6:31:37
2022-05-13 04:39:49,163:INFO: Train: [14][2784/2785]  Loss -0.4864 (-0.5942)  Time:  0.891 (0.038)  Data Time:  0.000 (0.015)
2022-05-13 04:39:49,165:INFO:   Eta: 6:52:38
2022-05-13 04:41:23,732:INFO: Train: [15][2784/2785]  Loss -0.5052 (-0.6112)  Time:  1.090 (0.034)  Data Time:  0.001 (0.012)
2022-05-13 04:41:23,734:INFO:   Eta: 6:09:46
2022-05-13 04:42:22,077:INFO: Train: [16][2784/2785]  Loss -0.5340 (-0.6009)  Time:  1.645 (0.021)  Data Time:  0.021 (0.006)
2022-05-13 04:42:22,079:INFO:   Eta: 3:47:01
2022-05-13 04:44:08,628:INFO: Train: [17][2784/2785]  Loss -0.3977 (-0.6653)  Time:  1.670 (0.038)  Data Time:  0.021 (0.015)
2022-05-13 04:44:08,629:INFO:   Eta: 6:53:10
2022-05-13 04:45:53,592:INFO: Train: [18][2784/2785]  Loss -0.6414 (-0.6712)  Time:  1.500 (0.038)  Data Time:  0.020 (0.015)
2022-05-13 04:45:53,594:INFO:   Eta: 6:45:21
2022-05-13 04:47:48,314:INFO: Train: [19][2784/2785]  Loss -0.6859 (-0.6807)  Time:  1.607 (0.041)  Data Time:  0.021 (0.018)
2022-05-13 04:47:48,316:INFO:   Eta: 7:20:45
2022-05-13 04:49:43,855:INFO: Train: [20][2784/2785]  Loss -0.6445 (-0.7772)  Time:  1.719 (0.041)  Data Time:  0.012 (0.018)
2022-05-13 04:49:43,856:INFO:   Eta: 7:22:21
2022-05-13 04:51:37,960:INFO: Train: [21][2784/2785]  Loss -0.4766 (-0.8163)  Time:  1.672 (0.041)  Data Time:  0.015 (0.018)
2022-05-13 04:51:37,962:INFO:   Eta: 7:14:59
2022-05-13 04:53:26,009:INFO: Train: [22][2784/2785]  Loss -0.4647 (-0.8625)  Time:  1.686 (0.039)  Data Time:  0.022 (0.016)
2022-05-13 04:53:26,012:INFO:   Eta: 6:50:03
2022-05-13 04:54:59,727:INFO: Train: [23][2784/2785]  Loss -0.4990 (-0.8792)  Time:  0.431 (0.034)  Data Time:  0.000 (0.014)
2022-05-13 04:54:59,729:INFO:   Eta: 5:54:01
2022-05-13 04:56:09,529:INFO: Train: [24][2784/2785]  Loss -0.6285 (-0.8601)  Time:  1.613 (0.025)  Data Time:  0.001 (0.008)
2022-05-13 04:56:09,530:INFO:   Eta: 4:22:06
2022-05-13 04:58:07,520:INFO: Train: [25][2784/2785]  Loss -0.6268 (-0.9011)  Time:  1.707 (0.042)  Data Time:  0.022 (0.018)
2022-05-13 04:58:07,522:INFO:   Eta: 7:21:57
2022-05-13 05:00:04,640:INFO: Train: [26][2784/2785]  Loss -0.8031 (-0.8938)  Time:  1.707 (0.042)  Data Time:  0.021 (0.018)
2022-05-13 05:00:04,642:INFO:   Eta: 7:16:46
2022-05-13 05:02:01,521:INFO: Train: [27][2784/2785]  Loss -0.5475 (-0.8883)  Time:  1.615 (0.042)  Data Time:  0.022 (0.018)
2022-05-13 05:02:01,523:INFO:   Eta: 7:13:51
2022-05-13 05:03:58,740:INFO: Train: [28][2784/2785]  Loss -0.8307 (-1.0162)  Time:  1.683 (0.042)  Data Time:  0.022 (0.018)
2022-05-13 05:03:58,742:INFO:   Eta: 7:13:10
2022-05-13 05:05:56,770:INFO: Train: [29][2784/2785]  Loss -0.7745 (-0.9096)  Time:  1.750 (0.042)  Data Time:  0.006 (0.018)
2022-05-13 05:05:56,771:INFO:   Eta: 7:14:16
2022-05-13 05:07:54,205:INFO: Train: [30][2784/2785]  Loss -0.7259 (-0.9595)  Time:  1.641 (0.042)  Data Time:  0.013 (0.018)
2022-05-13 05:07:54,272:INFO:   Eta: 7:09:50
2022-05-13 05:08:51,919:INFO: Train: [31][2784/2785]  Loss -0.7919 (-0.9265)  Time:  1.567 (0.021)  Data Time:  0.022 (0.006)
2022-05-13 05:08:51,922:INFO:   Eta: 3:29:38
2022-05-13 05:10:48,240:INFO: Train: [32][2784/2785]  Loss -0.6792 (-0.9979)  Time:  1.696 (0.042)  Data Time:  0.002 (0.017)
2022-05-13 05:10:48,242:INFO:   Eta: 7:02:04
2022-05-13 05:12:44,708:INFO: Train: [33][2784/2785]  Loss -0.8206 (-0.9379)  Time:  1.740 (0.042)  Data Time:  0.021 (0.018)
2022-05-13 05:12:44,710:INFO:   Eta: 7:00:44
2022-05-13 05:14:37,596:INFO: Train: [34][2784/2785]  Loss -0.7407 (-1.0225)  Time:  1.581 (0.040)  Data Time:  0.001 (0.017)
2022-05-13 05:14:37,598:INFO:   Eta: 6:45:56
2022-05-13 05:16:27,739:INFO: Train: [35][2784/2785]  Loss -0.7767 (-1.0483)  Time:  1.740 (0.039)  Data Time:  0.021 (0.016)
2022-05-13 05:16:27,742:INFO:   Eta: 6:34:06
2022-05-13 05:18:24,158:INFO: Train: [36][2784/2785]  Loss -0.7974 (-1.0107)  Time:  1.666 (0.042)  Data Time:  0.022 (0.018)
2022-05-13 05:18:24,160:INFO:   Eta: 6:54:44
2022-05-13 05:20:19,953:INFO: Train: [37][2784/2785]  Loss -0.9582 (-1.0703)  Time:  1.800 (0.042)  Data Time:  0.022 (0.018)
2022-05-13 05:20:19,955:INFO:   Eta: 6:50:34
2022-05-13 05:21:38,259:INFO: Train: [38][2784/2785]  Loss -0.9092 (-1.0496)  Time:  0.504 (0.028)  Data Time:  0.000 (0.011)
2022-05-13 05:21:38,260:INFO:   Eta: 4:36:14
2022-05-13 05:22:32,888:INFO: Train: [39][2784/2785]  Loss -0.9420 (-1.0565)  Time:  1.933 (0.020)  Data Time:  0.021 (0.005)
2022-05-13 05:22:32,892:INFO:   Eta: 3:11:42
2022-05-13 05:24:32,265:INFO: Train: [40][2784/2785]  Loss -0.8605 (-1.1665)  Time:  1.654 (0.043)  Data Time:  0.001 (0.017)
2022-05-13 05:24:32,267:INFO:   Eta: 6:57:16
2022-05-13 05:26:20,588:INFO: Train: [41][2784/2785]  Loss -0.8838 (-1.0107)  Time:  1.713 (0.039)  Data Time:  0.022 (0.015)
2022-05-13 05:26:20,590:INFO:   Eta: 6:16:43
2022-05-13 05:28:17,627:INFO: Train: [42][2784/2785]  Loss -0.9659 (-1.1268)  Time:  1.747 (0.042)  Data Time:  0.022 (0.018)
2022-05-13 05:28:17,629:INFO:   Eta: 6:45:15
2022-05-13 05:30:16,378:INFO: Train: [43][2784/2785]  Loss -0.8173 (-1.0901)  Time:  1.706 (0.043)  Data Time:  0.022 (0.018)
2022-05-13 05:30:16,380:INFO:   Eta: 6:49:09
2022-05-13 05:32:14,901:INFO: Train: [44][2784/2785]  Loss -0.6632 (-1.1404)  Time:  1.690 (0.042)  Data Time:  0.022 (0.018)
2022-05-13 05:32:14,903:INFO:   Eta: 6:46:22
2022-05-13 05:34:12,327:INFO: Train: [45][2784/2785]  Loss -0.9932 (-1.2052)  Time:  1.705 (0.042)  Data Time:  0.020 (0.018)
2022-05-13 05:34:12,329:INFO:   Eta: 6:40:44
2022-05-13 05:35:48,669:INFO: Train: [46][2784/2785]  Loss -0.9090 (-1.2033)  Time:  0.432 (0.035)  Data Time:  0.000 (0.013)
2022-05-13 05:35:48,670:INFO:   Eta: 5:27:07
2022-05-13 05:36:43,682:INFO: Train: [47][2784/2785]  Loss -0.8731 (-1.1589)  Time:  0.988 (0.020)  Data Time:  0.000 (0.005)
2022-05-13 05:36:43,684:INFO:   Eta: 3:05:43
2022-05-13 05:38:08,811:INFO: Train: [48][2784/2785]  Loss -1.0957 (-1.1520)  Time:  0.496 (0.030)  Data Time:  0.000 (0.010)
2022-05-13 05:38:08,812:INFO:   Eta: 4:44:50
2022-05-13 05:39:28,648:INFO: Train: [49][2784/2785]  Loss -1.0766 (-1.1941)  Time:  1.010 (0.029)  Data Time:  0.000 (0.009)
2022-05-13 05:39:28,650:INFO:   Eta: 4:27:01
2022-05-13 05:40:48,337:INFO: Train: [50][2784/2785]  Loss -0.8894 (-1.2692)  Time:  1.755 (0.029)  Data Time:  0.001 (0.009)
2022-05-13 05:40:48,340:INFO:   Eta: 4:25:11
2022-05-13 05:42:44,105:INFO: Train: [51][2784/2785]  Loss -1.0143 (-1.2272)  Time:  1.665 (0.042)  Data Time:  0.021 (0.018)
2022-05-13 05:42:44,106:INFO:   Eta: 6:23:30
2022-05-13 05:44:38,247:INFO: Train: [52][2784/2785]  Loss -0.9846 (-1.2274)  Time:  1.654 (0.041)  Data Time:  0.022 (0.018)
2022-05-13 05:44:38,249:INFO:   Eta: 6:16:15
2022-05-13 05:46:33,376:INFO: Train: [53][2784/2785]  Loss -1.0609 (-1.1598)  Time:  1.613 (0.041)  Data Time:  0.022 (0.018)
2022-05-13 05:46:33,377:INFO:   Eta: 6:17:33
2022-05-13 05:48:29,015:INFO: Train: [54][2784/2785]  Loss -0.7478 (-1.2295)  Time:  1.641 (0.041)  Data Time:  0.007 (0.018)
2022-05-13 05:48:29,016:INFO:   Eta: 6:17:14
2022-05-13 05:49:27,139:INFO: Train: [55][2784/2785]  Loss -0.8757 (-1.2386)  Time:  1.786 (0.021)  Data Time:  0.009 (0.007)
2022-05-13 05:49:27,140:INFO:   Eta: 3:08:27
2022-05-13 05:51:29,472:INFO: Train: [56][2784/2785]  Loss -1.0345 (-1.2476)  Time:  1.640 (0.044)  Data Time:  0.020 (0.018)
2022-05-13 05:51:29,474:INFO:   Eta: 6:35:04
2022-05-13 05:53:28,114:INFO: Train: [57][2784/2785]  Loss -1.0010 (-1.3023)  Time:  1.782 (0.043)  Data Time:  0.022 (0.018)
2022-05-13 05:53:28,117:INFO:   Eta: 6:21:09
2022-05-13 05:54:59,705:INFO: Train: [58][2784/2785]  Loss -1.0307 (-1.2495)  Time:  1.377 (0.033)  Data Time:  0.021 (0.011)
2022-05-13 05:54:59,708:INFO:   Eta: 4:52:32
2022-05-13 05:56:13,682:INFO: Train: [59][2784/2785]  Loss -1.0136 (-1.3553)  Time:  1.588 (0.027)  Data Time:  0.003 (0.008)
2022-05-13 05:56:13,684:INFO:   Eta: 3:55:03
2022-05-13 05:57:28,605:INFO: Train: [60][2784/2785]  Loss -1.0144 (-1.2329)  Time:  1.220 (0.027)  Data Time:  0.000 (0.007)
2022-05-13 05:57:28,610:INFO:   Eta: 3:56:48
2022-05-13 05:59:11,706:INFO: Train: [61][2784/2785]  Loss -0.9482 (-1.2930)  Time:  1.679 (0.037)  Data Time:  0.021 (0.015)
2022-05-13 05:59:11,709:INFO:   Eta: 5:24:14
2022-05-13 06:01:08,227:INFO: Train: [62][2784/2785]  Loss -1.0429 (-1.2735)  Time:  1.693 (0.042)  Data Time:  0.021 (0.018)
2022-05-13 06:01:08,229:INFO:   Eta: 6:04:37
2022-05-13 06:02:48,258:INFO: Train: [63][2784/2785]  Loss -1.0324 (-1.2940)  Time:  0.421 (0.036)  Data Time:  0.000 (0.014)
2022-05-13 06:02:48,259:INFO:   Eta: 5:11:12
2022-05-13 06:03:51,885:INFO: Train: [64][2784/2785]  Loss -1.1049 (-1.2663)  Time:  1.691 (0.023)  Data Time:  0.022 (0.007)
2022-05-13 06:03:51,887:INFO:   Eta: 3:16:49
2022-05-13 06:05:39,042:INFO: Train: [65][2784/2785]  Loss -0.9504 (-1.3423)  Time:  1.696 (0.038)  Data Time:  0.023 (0.015)
2022-05-13 06:05:39,044:INFO:   Eta: 5:28:50
2022-05-13 06:07:24,200:INFO: Train: [66][2784/2785]  Loss -0.9186 (-1.2911)  Time:  1.490 (0.038)  Data Time:  0.021 (0.014)
2022-05-13 06:07:24,202:INFO:   Eta: 5:22:02
2022-05-13 06:09:01,300:INFO: Train: [67][2784/2785]  Loss -1.0386 (-1.2833)  Time:  1.205 (0.035)  Data Time:  0.001 (0.013)
2022-05-13 06:09:01,302:INFO:   Eta: 4:55:43
2022-05-13 06:10:31,648:INFO: Train: [68][2784/2785]  Loss -1.0076 (-1.3689)  Time:  1.052 (0.032)  Data Time:  0.001 (0.011)
2022-05-13 06:10:31,650:INFO:   Eta: 4:33:39
2022-05-13 06:11:46,494:INFO: Train: [69][2784/2785]  Loss -0.8817 (-1.3792)  Time:  1.039 (0.027)  Data Time:  0.004 (0.008)
2022-05-13 06:11:46,496:INFO:   Eta: 3:45:19
2022-05-13 06:12:59,538:INFO: Train: [70][2784/2785]  Loss -1.1301 (-1.4270)  Time:  1.422 (0.026)  Data Time:  0.000 (0.008)
2022-05-13 06:12:59,540:INFO:   Eta: 3:38:27
2022-05-13 06:14:34,024:INFO: Train: [71][2784/2785]  Loss -0.9804 (-1.2997)  Time:  1.255 (0.034)  Data Time:  0.000 (0.012)
2022-05-13 06:14:34,026:INFO:   Eta: 4:41:28
2022-05-13 06:16:11,174:INFO: Train: [72][2784/2785]  Loss -1.1266 (-1.4066)  Time:  0.754 (0.035)  Data Time:  0.001 (0.013)
2022-05-13 06:16:11,176:INFO:   Eta: 4:47:48
2022-05-13 06:17:05,308:INFO: Train: [73][2784/2785]  Loss -0.8832 (-1.4221)  Time:  1.805 (0.019)  Data Time:  0.007 (0.005)
2022-05-13 06:17:05,314:INFO:   Eta: 2:39:14
2022-05-13 06:18:46,623:INFO: Train: [74][2784/2785]  Loss -1.0342 (-1.3420)  Time:  1.723 (0.036)  Data Time:  0.022 (0.013)
2022-05-13 06:18:46,625:INFO:   Eta: 4:56:42
2022-05-13 06:20:43,989:INFO: Train: [75][2784/2785]  Loss -1.1412 (-1.3854)  Time:  1.558 (0.042)  Data Time:  0.022 (0.017)
2022-05-13 06:20:43,991:INFO:   Eta: 5:41:53
2022-05-13 06:22:41,993:INFO: Train: [76][2784/2785]  Loss -1.1345 (-1.4182)  Time:  1.625 (0.042)  Data Time:  0.001 (0.018)
2022-05-13 06:22:41,996:INFO:   Eta: 5:41:48
2022-05-13 06:24:35,328:INFO: Train: [77][2784/2785]  Loss -0.9969 (-1.2945)  Time:  1.594 (0.041)  Data Time:  0.021 (0.017)
2022-05-13 06:24:35,330:INFO:   Eta: 5:26:19
2022-05-13 06:26:34,051:INFO: Train: [78][2784/2785]  Loss -1.0924 (-1.4013)  Time:  1.576 (0.043)  Data Time:  0.020 (0.018)
2022-05-13 06:26:34,053:INFO:   Eta: 5:39:51
2022-05-13 06:28:31,523:INFO: Train: [79][2784/2785]  Loss -1.0917 (-1.4105)  Time:  1.762 (0.042)  Data Time:  0.022 (0.018)
2022-05-13 06:28:31,525:INFO:   Eta: 5:33:58
2022-05-13 06:30:10,248:INFO: Train: [80][2784/2785]  Loss -1.2262 (-1.4236)  Time:  0.418 (0.035)  Data Time:  0.000 (0.015)
2022-05-13 06:30:10,249:INFO:   Eta: 4:38:44
2022-05-13 06:31:11,846:INFO: Train: [81][2784/2785]  Loss -1.2444 (-1.3495)  Time:  1.210 (0.022)  Data Time:  0.001 (0.006)
2022-05-13 06:31:11,848:INFO:   Eta: 2:52:41
2022-05-13 06:33:02,457:INFO: Train: [82][2784/2785]  Loss -1.1809 (-1.3744)  Time:  1.728 (0.040)  Data Time:  0.009 (0.016)
2022-05-13 06:33:02,460:INFO:   Eta: 5:09:01
2022-05-13 06:34:58,757:INFO: Train: [83][2784/2785]  Loss -0.9031 (-1.3908)  Time:  1.753 (0.042)  Data Time:  0.021 (0.018)
2022-05-13 06:34:58,759:INFO:   Eta: 5:22:58
2022-05-13 06:36:56,167:INFO: Train: [84][2784/2785]  Loss -1.0107 (-1.3285)  Time:  1.665 (0.042)  Data Time:  0.022 (0.018)
2022-05-13 06:36:56,170:INFO:   Eta: 5:24:12
2022-05-13 06:38:50,066:INFO: Train: [85][2784/2785]  Loss -1.0429 (-1.5175)  Time:  1.460 (0.041)  Data Time:  0.001 (0.017)
2022-05-13 06:38:50,067:INFO:   Eta: 5:12:30
2022-05-13 06:40:24,722:INFO: Train: [86][2784/2785]  Loss -1.1281 (-1.4429)  Time:  1.750 (0.034)  Data Time:  0.022 (0.012)
2022-05-13 06:40:24,724:INFO:   Eta: 4:18:05
2022-05-13 06:41:42,129:INFO: Train: [87][2784/2785]  Loss -1.1265 (-1.5022)  Time:  1.474 (0.028)  Data Time:  0.000 (0.008)
2022-05-13 06:41:42,132:INFO:   Eta: 3:29:35
2022-05-13 06:43:05,319:INFO: Train: [88][2784/2785]  Loss -1.2515 (-1.4452)  Time:  1.020 (0.030)  Data Time:  0.000 (0.010)
2022-05-13 06:43:05,322:INFO:   Eta: 3:43:50
2022-05-13 06:43:50,719:INFO: Train: [89][2784/2785]  Loss -0.9730 (-1.4113)  Time:  0.589 (0.016)  Data Time:  0.000 (0.003)
2022-05-13 06:43:50,721:INFO:   Eta: 2:01:12
2022-05-13 06:45:41,162:INFO: Train: [90][2784/2785]  Loss -0.8506 (-1.4938)  Time:  1.655 (0.040)  Data Time:  0.004 (0.016)
2022-05-13 06:45:41,164:INFO:   Eta: 4:53:55
2022-05-13 06:47:39,139:INFO: Train: [91][2784/2785]  Loss -1.1920 (-1.4333)  Time:  1.203 (0.042)  Data Time:  0.021 (0.018)
2022-05-13 06:47:39,141:INFO:   Eta: 5:11:57
2022-05-13 06:49:36,207:INFO: Train: [92][2784/2785]  Loss -1.2326 (-1.4328)  Time:  1.748 (0.042)  Data Time:  0.001 (0.018)
2022-05-13 06:49:36,210:INFO:   Eta: 5:05:44
2022-05-13 06:51:32,931:INFO: Train: [93][2784/2785]  Loss -1.1167 (-1.5111)  Time:  1.769 (0.042)  Data Time:  0.003 (0.018)
2022-05-13 06:51:32,933:INFO:   Eta: 5:04:46
2022-05-13 06:53:31,125:INFO: Train: [94][2784/2785]  Loss -0.9210 (-1.4947)  Time:  1.625 (0.042)  Data Time:  0.022 (0.018)
2022-05-13 06:53:31,128:INFO:   Eta: 5:06:56
2022-05-13 06:55:28,644:INFO: Train: [95][2784/2785]  Loss -1.2488 (-1.4882)  Time:  1.653 (0.042)  Data Time:  0.022 (0.018)
2022-05-13 06:55:28,646:INFO:   Eta: 5:03:12
2022-05-13 06:57:01,942:INFO: Train: [96][2784/2785]  Loss -1.1742 (-1.4552)  Time:  0.550 (0.033)  Data Time:  0.000 (0.013)
2022-05-13 06:57:01,944:INFO:   Eta: 3:59:07
2022-05-13 06:58:05,382:INFO: Train: [97][2784/2785]  Loss -1.1637 (-1.4174)  Time:  1.544 (0.023)  Data Time:  0.021 (0.006)
2022-05-13 06:58:05,384:INFO:   Eta: 2:41:26
2022-05-13 06:59:56,091:INFO: Train: [98][2784/2785]  Loss -1.1330 (-1.4602)  Time:  1.693 (0.040)  Data Time:  0.022 (0.016)
2022-05-13 06:59:56,093:INFO:   Eta: 4:40:06
2022-05-13 07:01:52,438:INFO: Train: [99][2784/2785]  Loss -1.1577 (-1.4665)  Time:  1.569 (0.042)  Data Time:  0.022 (0.018)
2022-05-13 07:01:52,441:INFO:   Eta: 4:52:28
2022-05-13 07:03:49,965:INFO: Train: [100][2784/2785]  Loss -1.2024 (-1.4733)  Time:  1.710 (0.042)  Data Time:  0.021 (0.018)
2022-05-13 07:03:49,967:INFO:   Eta: 4:53:26
2022-05-13 07:05:46,605:INFO: Train: [101][2784/2785]  Loss -1.0931 (-1.5357)  Time:  1.602 (0.042)  Data Time:  0.021 (0.018)
2022-05-13 07:05:46,606:INFO:   Eta: 4:49:18
2022-05-13 07:07:43,967:INFO: Train: [102][2784/2785]  Loss -1.2037 (-1.4738)  Time:  1.588 (0.042)  Data Time:  0.022 (0.018)
2022-05-13 07:07:43,969:INFO:   Eta: 4:49:10
2022-05-13 07:09:40,920:INFO: Train: [103][2784/2785]  Loss -1.1800 (-1.5313)  Time:  1.727 (0.042)  Data Time:  0.019 (0.018)
2022-05-13 07:09:40,922:INFO:   Eta: 4:46:07
2022-05-13 07:10:32,237:INFO: Train: [104][2784/2785]  Loss -0.9794 (-1.4927)  Time:  0.450 (0.018)  Data Time:  0.000 (0.005)
2022-05-13 07:10:32,238:INFO:   Eta: 2:04:21
2022-05-13 07:12:17,891:INFO: Train: [105][2784/2785]  Loss -1.1718 (-1.5516)  Time:  1.697 (0.038)  Data Time:  0.022 (0.016)
2022-05-13 07:12:17,893:INFO:   Eta: 4:14:57
2022-05-13 07:14:15,584:INFO: Train: [106][2784/2785]  Loss -1.0367 (-1.4171)  Time:  1.757 (0.042)  Data Time:  0.022 (0.018)
2022-05-13 07:14:15,585:INFO:   Eta: 4:42:05
2022-05-13 07:16:12,284:INFO: Train: [107][2784/2785]  Loss -1.2615 (-1.5052)  Time:  1.682 (0.042)  Data Time:  0.021 (0.018)
2022-05-13 07:16:12,287:INFO:   Eta: 4:37:49
2022-05-13 07:18:10,046:INFO: Train: [108][2784/2785]  Loss -1.2642 (-1.4893)  Time:  1.627 (0.042)  Data Time:  0.021 (0.018)
2022-05-13 07:18:10,048:INFO:   Eta: 4:38:20
2022-05-13 07:20:07,964:INFO: Train: [109][2784/2785]  Loss -1.1784 (-1.5740)  Time:  1.704 (0.042)  Data Time:  0.021 (0.018)
2022-05-13 07:20:07,966:INFO:   Eta: 4:36:39
2022-05-13 07:22:03,021:INFO: Train: [110][2784/2785]  Loss -1.0664 (-1.5397)  Time:  1.564 (0.041)  Data Time:  0.013 (0.017)
2022-05-13 07:22:03,022:INFO:   Eta: 4:28:08
2022-05-13 07:23:36,731:INFO: Train: [111][2784/2785]  Loss -1.1369 (-1.6066)  Time:  0.433 (0.034)  Data Time:  0.000 (0.014)
2022-05-13 07:23:36,732:INFO:   Eta: 3:36:48
2022-05-13 07:24:50,806:INFO: Train: [112][2784/2785]  Loss -1.1858 (-1.5223)  Time:  1.596 (0.027)  Data Time:  0.023 (0.010)
2022-05-13 07:24:50,808:INFO:   Eta: 2:50:05
2022-05-13 07:26:44,634:INFO: Train: [113][2784/2785]  Loss -1.2458 (-1.5443)  Time:  1.567 (0.041)  Data Time:  0.021 (0.018)
2022-05-13 07:26:44,636:INFO:   Eta: 4:19:36
2022-05-13 07:28:39,824:INFO: Train: [114][2784/2785]  Loss -1.1469 (-1.5671)  Time:  1.595 (0.041)  Data Time:  0.022 (0.018)
2022-05-13 07:28:39,825:INFO:   Eta: 4:20:46
2022-05-13 07:30:33,763:INFO: Train: [115][2784/2785]  Loss -1.0712 (-1.5587)  Time:  1.651 (0.041)  Data Time:  0.001 (0.018)
2022-05-13 07:30:33,764:INFO:   Eta: 4:16:00
2022-05-13 07:32:28,939:INFO: Train: [116][2784/2785]  Loss -1.1694 (-1.5484)  Time:  1.724 (0.041)  Data Time:  0.005 (0.018)
2022-05-13 07:32:28,941:INFO:   Eta: 4:16:57
2022-05-13 07:34:18,980:INFO: Train: [117][2784/2785]  Loss -1.2383 (-1.5251)  Time:  1.734 (0.039)  Data Time:  0.022 (0.017)
2022-05-13 07:34:18,981:INFO:   Eta: 4:03:38
2022-05-13 07:35:47,820:INFO: Train: [118][2784/2785]  Loss -1.2034 (-1.5888)  Time:  0.637 (0.032)  Data Time:  0.001 (0.013)
2022-05-13 07:35:47,821:INFO:   Eta: 3:15:01
2022-05-13 07:36:55,386:INFO: Train: [119][2784/2785]  Loss -1.1526 (-1.5158)  Time:  1.529 (0.024)  Data Time:  0.020 (0.007)
2022-05-13 07:36:55,387:INFO:   Eta: 2:27:14
2022-05-13 07:37:40,920:INFO: Train: [120][2784/2785]  Loss -1.2317 (-1.5534)  Time:  0.685 (0.016)  Data Time:  0.001 (0.004)
2022-05-13 07:37:40,922:INFO:   Eta: 1:38:23
2022-05-13 07:38:31,191:INFO: Train: [121][2784/2785]  Loss -1.2925 (-1.5608)  Time:  1.667 (0.018)  Data Time:  0.001 (0.004)
2022-05-13 07:38:31,195:INFO:   Eta: 1:47:47
2022-05-13 07:39:54,955:INFO: Train: [122][2784/2785]  Loss -1.1536 (-1.5156)  Time:  1.081 (0.030)  Data Time:  0.022 (0.009)
2022-05-13 07:39:54,957:INFO:   Eta: 2:58:23
2022-05-13 07:41:08,615:INFO: Train: [123][2784/2785]  Loss -1.1855 (-1.5477)  Time:  0.891 (0.026)  Data Time:  0.000 (0.007)
2022-05-13 07:41:08,616:INFO:   Eta: 2:35:37
2022-05-13 07:42:26,113:INFO: Train: [124][2784/2785]  Loss -1.3106 (-1.5692)  Time:  1.676 (0.028)  Data Time:  0.022 (0.008)
2022-05-13 07:42:26,115:INFO:   Eta: 2:42:17
2022-05-13 07:44:25,821:INFO: Train: [125][2784/2785]  Loss -1.2012 (-1.6354)  Time:  1.681 (0.043)  Data Time:  0.022 (0.018)
2022-05-13 07:44:25,824:INFO:   Eta: 4:09:03
2022-05-13 07:46:25,156:INFO: Train: [126][2784/2785]  Loss -1.1500 (-1.5875)  Time:  1.582 (0.043)  Data Time:  0.022 (0.018)
2022-05-13 07:46:25,157:INFO:   Eta: 4:06:20
2022-05-13 07:48:24,351:INFO: Train: [127][2784/2785]  Loss -1.1591 (-1.5495)  Time:  1.765 (0.043)  Data Time:  0.022 (0.018)
2022-05-13 07:48:24,355:INFO:   Eta: 4:04:02
2022-05-13 07:50:16,146:INFO: Train: [128][2784/2785]  Loss -1.2788 (-1.5911)  Time:  1.651 (0.040)  Data Time:  0.021 (0.016)
2022-05-13 07:50:16,148:INFO:   Eta: 3:46:59
2022-05-13 07:51:35,375:INFO: Train: [129][2784/2785]  Loss -1.0651 (-1.5709)  Time:  0.471 (0.028)  Data Time:  0.000 (0.009)
2022-05-13 07:51:35,377:INFO:   Eta: 2:39:30
2022-05-13 07:52:38,283:INFO: Train: [130][2784/2785]  Loss -1.1507 (-1.5648)  Time:  1.766 (0.022)  Data Time:  0.013 (0.006)
2022-05-13 07:52:38,285:INFO:   Eta: 2:05:18
2022-05-13 07:54:27,456:INFO: Train: [131][2784/2785]  Loss -1.2909 (-1.5613)  Time:  1.496 (0.039)  Data Time:  0.021 (0.016)
2022-05-13 07:54:27,458:INFO:   Eta: 3:36:08
2022-05-13 07:56:25,874:INFO: Train: [132][2784/2785]  Loss -1.0947 (-1.5321)  Time:  1.658 (0.042)  Data Time:  0.021 (0.018)
2022-05-13 07:56:25,876:INFO:   Eta: 3:51:57
2022-05-13 07:58:23,004:INFO: Train: [133][2784/2785]  Loss -1.1106 (-1.6183)  Time:  1.572 (0.042)  Data Time:  0.022 (0.018)
2022-05-13 07:58:23,007:INFO:   Eta: 3:48:08
2022-05-13 08:00:05,825:INFO: Train: [134][2784/2785]  Loss -1.2133 (-1.5713)  Time:  1.664 (0.037)  Data Time:  0.001 (0.014)
2022-05-13 08:00:05,827:INFO:   Eta: 3:18:30
2022-05-13 08:02:04,577:INFO: Train: [135][2784/2785]  Loss -1.2708 (-1.6310)  Time:  1.648 (0.043)  Data Time:  0.019 (0.018)
2022-05-13 08:02:04,579:INFO:   Eta: 3:47:16
2022-05-13 08:04:00,044:INFO: Train: [136][2784/2785]  Loss -1.2299 (-1.5590)  Time:  1.015 (0.041)  Data Time:  0.021 (0.017)
2022-05-13 08:04:00,046:INFO:   Eta: 3:39:06
2022-05-13 08:05:17,568:INFO: Train: [137][2784/2785]  Loss -0.9954 (-1.6484)  Time:  0.513 (0.028)  Data Time:  0.000 (0.010)
2022-05-13 08:05:17,569:INFO:   Eta: 2:25:44
2022-05-13 08:06:50,786:INFO: Train: [138][2784/2785]  Loss -1.2650 (-1.5643)  Time:  1.345 (0.033)  Data Time:  0.000 (0.012)
2022-05-13 08:06:50,788:INFO:   Eta: 2:53:44
2022-05-13 08:08:08,770:INFO: Train: [139][2784/2785]  Loss -1.2324 (-1.5576)  Time:  1.341 (0.028)  Data Time:  0.000 (0.008)
2022-05-13 08:08:08,773:INFO:   Eta: 2:23:50
2022-05-13 08:09:51,427:INFO: Train: [140][2784/2785]  Loss -1.3016 (-1.6257)  Time:  1.653 (0.037)  Data Time:  0.016 (0.014)
2022-05-13 08:09:51,429:INFO:   Eta: 3:07:56
2022-05-13 08:11:48,317:INFO: Train: [141][2784/2785]  Loss -1.2602 (-1.6014)  Time:  1.684 (0.042)  Data Time:  0.021 (0.017)
2022-05-13 08:11:48,320:INFO:   Eta: 3:32:06
2022-05-13 08:13:47,287:INFO: Train: [142][2784/2785]  Loss -1.3366 (-1.6125)  Time:  1.768 (0.043)  Data Time:  0.021 (0.018)
2022-05-13 08:13:47,289:INFO:   Eta: 3:33:49
2022-05-13 08:15:39,266:INFO: Train: [143][2784/2785]  Loss -1.3046 (-1.6024)  Time:  1.660 (0.040)  Data Time:  0.003 (0.016)
2022-05-13 08:15:39,268:INFO:   Eta: 3:19:25
2022-05-13 08:17:35,961:INFO: Train: [144][2784/2785]  Loss -1.3777 (-1.5807)  Time:  1.667 (0.042)  Data Time:  0.022 (0.018)
2022-05-13 08:17:35,964:INFO:   Eta: 3:25:53
2022-05-13 08:19:01,452:INFO: Train: [145][2784/2785]  Loss -1.2057 (-1.6055)  Time:  0.488 (0.031)  Data Time:  0.000 (0.012)
2022-05-13 08:19:01,452:INFO:   Eta: 2:29:20
2022-05-13 08:20:36,165:INFO: Train: [146][2784/2785]  Loss -1.2512 (-1.6489)  Time:  1.709 (0.034)  Data Time:  0.021 (0.013)
2022-05-13 08:20:36,167:INFO:   Eta: 2:43:56
2022-05-13 08:22:34,774:INFO: Train: [147][2784/2785]  Loss -1.2632 (-1.6213)  Time:  1.710 (0.043)  Data Time:  0.022 (0.018)
2022-05-13 08:22:34,777:INFO:   Eta: 3:23:21
2022-05-13 08:24:33,164:INFO: Train: [148][2784/2785]  Loss -1.3148 (-1.5811)  Time:  1.759 (0.042)  Data Time:  0.019 (0.018)
2022-05-13 08:24:33,166:INFO:   Eta: 3:21:00
2022-05-13 08:26:10,229:INFO: Train: [149][2784/2785]  Loss -1.2676 (-1.6792)  Time:  0.975 (0.035)  Data Time:  0.001 (0.013)
2022-05-13 08:26:10,232:INFO:   Eta: 2:43:08
2022-05-13 08:27:23,240:INFO: Train: [150][2784/2785]  Loss -1.5029 (-1.7952)  Time:  1.362 (0.026)  Data Time:  0.021 (0.007)
2022-05-13 08:27:23,242:INFO:   Eta: 2:01:27
2022-05-13 08:28:36,845:INFO: Train: [151][2784/2785]  Loss -1.3342 (-1.7426)  Time:  0.930 (0.026)  Data Time:  0.022 (0.008)
2022-05-13 08:28:36,847:INFO:   Eta: 2:01:13
2022-05-13 08:28:49,289:INFO: Valid: [151][659/660]  Loss -8.2482 (-5.2679)
2022-05-13 08:28:49,358:INFO: Checkpoint saved...
2022-05-13 08:30:08,662:INFO: Train: [152][2784/2785]  Loss -1.3343 (-1.8247)  Time:  1.480 (0.028)  Data Time:  0.005 (0.008)
2022-05-13 08:30:08,666:INFO:   Eta: 2:09:18
2022-05-13 08:30:24,789:INFO: Valid: [152][659/660]  Loss -8.8230 (-5.5889)
2022-05-13 08:30:24,855:INFO: Checkpoint saved...
2022-05-13 08:31:40,038:INFO: Train: [153][2784/2785]  Loss -1.3926 (-1.7830)  Time:  1.362 (0.027)  Data Time:  0.021 (0.007)
2022-05-13 08:31:40,040:INFO:   Eta: 2:01:20
2022-05-13 08:31:52,930:INFO: Valid: [153][659/660]  Loss -8.9789 (-5.6893)
2022-05-13 08:31:53,004:INFO: Checkpoint saved...
2022-05-13 08:32:47,182:INFO: Train: [154][2784/2785]  Loss -1.4111 (-1.7861)  Time:  1.692 (0.019)  Data Time:  0.023 (0.005)
2022-05-13 08:32:47,188:INFO:   Eta: 1:26:31
2022-05-13 08:33:05,893:INFO: Valid: [154][659/660]  Loss -8.6312 (-5.4683)
2022-05-13 08:35:08,262:INFO: Train: [155][2784/2785]  Loss -1.3707 (-1.8040)  Time:  1.839 (0.044)  Data Time:  0.001 (0.018)
2022-05-13 08:35:08,264:INFO:   Eta: 3:13:30
2022-05-13 08:35:26,149:INFO: Valid: [155][659/660]  Loss -8.4837 (-5.3576)
2022-05-13 08:37:26,473:INFO: Train: [156][2784/2785]  Loss -1.3458 (-1.7487)  Time:  1.659 (0.043)  Data Time:  0.022 (0.018)
2022-05-13 08:37:26,475:INFO:   Eta: 3:08:16
2022-05-13 08:37:43,430:INFO: Valid: [156][659/660]  Loss -8.6862 (-5.5282)
2022-05-13 08:39:38,270:INFO: Train: [157][2784/2785]  Loss -1.3134 (-1.7639)  Time:  1.037 (0.041)  Data Time:  0.000 (0.017)
2022-05-13 08:39:38,272:INFO:   Eta: 2:57:47
2022-05-13 08:39:50,697:INFO: Valid: [157][659/660]  Loss -9.7603 (-6.2101)
2022-05-13 08:39:50,779:INFO: Checkpoint saved...
2022-05-13 08:41:47,115:INFO: Train: [158][2784/2785]  Loss -1.2826 (-1.8150)  Time:  1.777 (0.042)  Data Time:  0.022 (0.017)
2022-05-13 08:41:47,117:INFO:   Eta: 2:58:11
2022-05-13 08:42:04,615:INFO: Valid: [158][659/660]  Loss -9.7399 (-6.2131)
2022-05-13 08:43:43,265:INFO: Train: [159][2784/2785]  Loss -1.4247 (-1.7867)  Time:  1.720 (0.035)  Data Time:  0.022 (0.013)
2022-05-13 08:43:43,268:INFO:   Eta: 2:29:17
2022-05-13 08:43:57,266:INFO: Valid: [159][659/660]  Loss -9.3192 (-5.9423)
2022-05-13 08:45:48,796:INFO: Train: [160][2784/2785]  Loss -1.3622 (-1.7621)  Time:  1.852 (0.040)  Data Time:  0.023 (0.016)
2022-05-13 08:45:48,797:INFO:   Eta: 2:47:06
2022-05-13 08:46:06,100:INFO: Valid: [160][659/660]  Loss -9.5822 (-6.0929)
2022-05-13 08:47:10,044:INFO: Train: [161][2784/2785]  Loss -1.2687 (-1.8161)  Time:  1.624 (0.023)  Data Time:  0.002 (0.007)
2022-05-13 08:47:10,046:INFO:   Eta: 1:34:40
2022-05-13 08:47:27,676:INFO: Valid: [161][659/660]  Loss -9.3616 (-5.9594)
2022-05-13 08:49:25,121:INFO: Train: [162][2784/2785]  Loss -1.3185 (-1.8235)  Time:  1.698 (0.042)  Data Time:  0.022 (0.017)
2022-05-13 08:49:25,123:INFO:   Eta: 2:52:03
2022-05-13 08:49:42,457:INFO: Valid: [162][659/660]  Loss -8.6063 (-5.3764)
2022-05-13 08:51:42,347:INFO: Train: [163][2784/2785]  Loss -1.5318 (-1.8049)  Time:  1.750 (0.043)  Data Time:  0.004 (0.018)
2022-05-13 08:51:42,350:INFO:   Eta: 2:53:39
2022-05-13 08:51:59,723:INFO: Valid: [163][659/660]  Loss -9.4184 (-5.9950)
2022-05-13 08:53:59,790:INFO: Train: [164][2784/2785]  Loss -1.4948 (-1.8094)  Time:  1.658 (0.043)  Data Time:  0.021 (0.018)
2022-05-13 08:53:59,792:INFO:   Eta: 2:51:54
2022-05-13 08:54:16,895:INFO: Valid: [164][659/660]  Loss -9.6231 (-6.1115)
2022-05-13 08:56:17,298:INFO: Train: [165][2784/2785]  Loss -1.2565 (-1.8071)  Time:  1.707 (0.043)  Data Time:  0.000 (0.018)
2022-05-13 08:56:17,300:INFO:   Eta: 2:50:20
2022-05-13 08:56:34,593:INFO: Valid: [165][659/660]  Loss -9.3245 (-5.9179)
2022-05-13 08:58:33,218:INFO: Train: [166][2784/2785]  Loss -1.3454 (-1.8063)  Time:  1.766 (0.043)  Data Time:  0.023 (0.018)
2022-05-13 08:58:33,220:INFO:   Eta: 2:45:52
2022-05-13 08:58:50,475:INFO: Valid: [166][659/660]  Loss -9.6463 (-6.1351)
2022-05-13 09:00:32,748:INFO: Train: [167][2784/2785]  Loss -1.4833 (-1.8215)  Time:  0.432 (0.037)  Data Time:  0.000 (0.014)
2022-05-13 09:00:32,749:INFO:   Eta: 2:21:17
2022-05-13 09:00:39,890:INFO: Valid: [167][659/660]  Loss -8.6738 (-5.5246)
2022-05-13 09:02:19,773:INFO: Train: [168][2784/2785]  Loss -1.3799 (-1.7757)  Time:  1.643 (0.036)  Data Time:  0.021 (0.014)
2022-05-13 09:02:19,776:INFO:   Eta: 2:16:20
2022-05-13 09:02:37,338:INFO: Valid: [168][659/660]  Loss -8.9324 (-5.7022)
2022-05-13 09:04:35,035:INFO: Train: [169][2784/2785]  Loss -1.3674 (-1.7562)  Time:  1.647 (0.042)  Data Time:  0.023 (0.017)
2022-05-13 09:04:35,037:INFO:   Eta: 2:38:42
2022-05-13 09:04:52,093:INFO: Valid: [169][659/660]  Loss -8.9987 (-5.7294)
2022-05-13 09:06:50,977:INFO: Train: [170][2784/2785]  Loss -1.4932 (-1.8295)  Time:  1.713 (0.043)  Data Time:  0.005 (0.018)
2022-05-13 09:06:50,980:INFO:   Eta: 2:38:20
2022-05-13 09:07:06,034:INFO: Valid: [170][659/660]  Loss -9.0760 (-5.7279)
2022-05-13 09:08:52,882:INFO: Train: [171][2784/2785]  Loss -1.4820 (-1.8388)  Time:  1.759 (0.038)  Data Time:  0.021 (0.015)
2022-05-13 09:08:52,884:INFO:   Eta: 2:20:28
2022-05-13 09:09:09,300:INFO: Valid: [171][659/660]  Loss -8.7103 (-5.5026)
2022-05-13 09:11:05,719:INFO: Train: [172][2784/2785]  Loss -1.4160 (-1.8134)  Time:  1.637 (0.042)  Data Time:  0.021 (0.017)
2022-05-13 09:11:05,721:INFO:   Eta: 2:31:08
2022-05-13 09:11:23,073:INFO: Valid: [172][659/660]  Loss -9.5292 (-6.0564)
2022-05-13 09:13:18,041:INFO: Train: [173][2784/2785]  Loss -1.5113 (-1.7855)  Time:  1.720 (0.041)  Data Time:  0.021 (0.017)
2022-05-13 09:13:18,044:INFO:   Eta: 2:27:22
2022-05-13 09:13:30,763:INFO: Valid: [173][659/660]  Loss -9.1095 (-5.7539)
2022-05-13 09:14:19,567:INFO: Train: [174][2784/2785]  Loss -1.3026 (-1.7966)  Time:  0.518 (0.017)  Data Time:  0.000 (0.003)
2022-05-13 09:14:19,567:INFO:   Eta: 1:01:39
2022-05-13 09:14:32,937:INFO: Valid: [174][659/660]  Loss -8.7172 (-5.5938)
2022-05-13 09:16:23,990:INFO: Train: [175][2784/2785]  Loss -1.4195 (-1.8209)  Time:  1.659 (0.040)  Data Time:  0.016 (0.017)
2022-05-13 09:16:23,992:INFO:   Eta: 2:18:40
2022-05-13 09:16:40,460:INFO: Valid: [175][659/660]  Loss -9.5889 (-6.1084)
2022-05-13 09:18:33,430:INFO: Train: [176][2784/2785]  Loss -1.3923 (-1.8359)  Time:  1.047 (0.041)  Data Time:  0.001 (0.018)
2022-05-13 09:18:33,432:INFO:   Eta: 2:19:11
2022-05-13 09:18:49,467:INFO: Valid: [176][659/660]  Loss -9.3714 (-5.9436)
2022-05-13 09:20:39,953:INFO: Train: [177][2784/2785]  Loss -1.4186 (-1.8390)  Time:  1.717 (0.040)  Data Time:  0.021 (0.018)
2022-05-13 09:20:39,955:INFO:   Eta: 2:14:16
2022-05-13 09:20:54,523:INFO: Valid: [177][659/660]  Loss -9.0370 (-5.7253)
2022-05-13 09:22:33,262:INFO: Train: [178][2784/2785]  Loss -1.2737 (-1.8282)  Time:  1.619 (0.035)  Data Time:  0.022 (0.014)
2022-05-13 09:22:33,264:INFO:   Eta: 1:58:20
2022-05-13 09:22:49,780:INFO: Valid: [178][659/660]  Loss -9.2346 (-5.8604)
2022-05-13 09:24:06,083:INFO: Train: [179][2784/2785]  Loss -1.3448 (-1.8562)  Time:  1.428 (0.027)  Data Time:  0.000 (0.009)
2022-05-13 09:24:06,085:INFO:   Eta: 1:30:09
2022-05-13 09:24:17,745:INFO: Valid: [179][659/660]  Loss -8.7988 (-5.5985)
2022-05-13 09:25:28,912:INFO: Train: [180][2784/2785]  Loss -1.3966 (-1.8031)  Time:  1.435 (0.026)  Data Time:  0.000 (0.007)
2022-05-13 09:25:28,914:INFO:   Eta: 1:22:53
2022-05-13 09:25:41,529:INFO: Valid: [180][659/660]  Loss -9.3951 (-5.9892)
2022-05-13 09:26:48,621:INFO: Train: [181][2784/2785]  Loss -1.4451 (-1.8557)  Time:  1.439 (0.024)  Data Time:  0.022 (0.007)
2022-05-13 09:26:48,622:INFO:   Eta: 1:17:00
2022-05-13 09:26:59,751:INFO: Valid: [181][659/660]  Loss -9.0868 (-5.8336)
2022-05-13 09:27:54,727:INFO: Train: [182][2784/2785]  Loss -1.4229 (-1.8197)  Time:  0.474 (0.020)  Data Time:  0.000 (0.005)
2022-05-13 09:27:54,728:INFO:   Eta: 1:02:10
2022-05-13 09:28:01,892:INFO: Valid: [182][659/660]  Loss -9.6218 (-6.1329)
2022-05-13 09:29:56,197:INFO: Train: [183][2784/2785]  Loss -1.4000 (-1.8600)  Time:  1.337 (0.041)  Data Time:  0.001 (0.016)
2022-05-13 09:29:56,200:INFO:   Eta: 2:07:28
2022-05-13 09:30:10,866:INFO: Valid: [183][659/660]  Loss -9.7892 (-6.2422)
2022-05-13 09:30:10,965:INFO: Checkpoint saved...
2022-05-13 09:31:54,814:INFO: Train: [184][2784/2785]  Loss -1.4530 (-1.8391)  Time:  1.736 (0.037)  Data Time:  0.022 (0.014)
2022-05-13 09:31:54,817:INFO:   Eta: 1:54:06
2022-05-13 09:32:12,298:INFO: Valid: [184][659/660]  Loss -9.4963 (-6.0209)
2022-05-13 09:34:12,814:INFO: Train: [185][2784/2785]  Loss -1.3669 (-1.8526)  Time:  1.720 (0.043)  Data Time:  0.021 (0.018)
2022-05-13 09:34:12,818:INFO:   Eta: 2:10:24
2022-05-13 09:34:30,327:INFO: Valid: [185][659/660]  Loss -9.4951 (-6.0183)
2022-05-13 09:36:32,300:INFO: Train: [186][2784/2785]  Loss -1.4692 (-1.8449)  Time:  1.723 (0.044)  Data Time:  0.022 (0.018)
2022-05-13 09:36:32,302:INFO:   Eta: 2:09:57
2022-05-13 09:36:49,760:INFO: Valid: [186][659/660]  Loss -9.4877 (-6.0418)
2022-05-13 09:38:48,236:INFO: Train: [187][2784/2785]  Loss -1.3448 (-1.8126)  Time:  1.638 (0.042)  Data Time:  0.022 (0.018)
2022-05-13 09:38:48,238:INFO:   Eta: 2:04:15
2022-05-13 09:39:05,203:INFO: Valid: [187][659/660]  Loss -9.4045 (-5.9697)
2022-05-13 09:41:04,034:INFO: Train: [188][2784/2785]  Loss -1.4338 (-1.8385)  Time:  0.686 (0.043)  Data Time:  0.023 (0.018)
2022-05-13 09:41:04,036:INFO:   Eta: 2:02:38
2022-05-13 09:41:19,845:INFO: Valid: [188][659/660]  Loss -8.9680 (-5.6798)
2022-05-13 09:42:19,962:INFO: Train: [189][2784/2785]  Loss -1.2904 (-1.8542)  Time:  1.624 (0.022)  Data Time:  0.021 (0.006)
2022-05-13 09:42:19,964:INFO:   Eta: 1:01:00
2022-05-13 09:42:36,961:INFO: Valid: [189][659/660]  Loss -9.2771 (-5.9302)
2022-05-13 09:44:34,912:INFO: Train: [190][2784/2785]  Loss -1.4478 (-1.8156)  Time:  1.712 (0.042)  Data Time:  0.006 (0.018)
2022-05-13 09:44:34,914:INFO:   Eta: 1:57:48
2022-05-13 09:44:51,852:INFO: Valid: [190][659/660]  Loss -8.9971 (-5.6930)
2022-05-13 09:46:45,565:INFO: Train: [191][2784/2785]  Loss -1.3542 (-1.7862)  Time:  1.668 (0.041)  Data Time:  0.021 (0.017)
2022-05-13 09:46:45,567:INFO:   Eta: 1:51:41
2022-05-13 09:47:02,366:INFO: Valid: [191][659/660]  Loss -9.4594 (-6.0593)
2022-05-13 09:49:00,881:INFO: Train: [192][2784/2785]  Loss -1.3876 (-1.7994)  Time:  1.694 (0.043)  Data Time:  0.021 (0.018)
2022-05-13 09:49:00,883:INFO:   Eta: 1:54:26
2022-05-13 09:49:18,005:INFO: Valid: [192][659/660]  Loss -8.9083 (-5.6384)
2022-05-13 09:51:17,089:INFO: Train: [193][2784/2785]  Loss -1.3541 (-1.8716)  Time:  1.626 (0.043)  Data Time:  0.022 (0.018)
2022-05-13 09:51:17,092:INFO:   Eta: 1:53:00
2022-05-13 09:51:34,427:INFO: Valid: [193][659/660]  Loss -9.0543 (-5.7570)
2022-05-13 09:53:33,318:INFO: Train: [194][2784/2785]  Loss -1.4558 (-1.8056)  Time:  1.634 (0.043)  Data Time:  0.022 (0.018)
2022-05-13 09:53:33,321:INFO:   Eta: 1:50:49
2022-05-13 09:53:50,507:INFO: Valid: [194][659/660]  Loss -9.2835 (-5.9343)
2022-05-13 09:55:09,997:INFO: Train: [195][2784/2785]  Loss -1.4170 (-1.8663)  Time:  0.590 (0.029)  Data Time:  0.000 (0.011)
2022-05-13 09:55:09,998:INFO:   Eta: 1:12:45
2022-05-13 09:55:20,163:INFO: Valid: [195][659/660]  Loss -9.7585 (-6.2001)
2022-05-13 09:56:23,156:INFO: Train: [196][2784/2785]  Loss -1.3328 (-1.8279)  Time:  1.822 (0.023)  Data Time:  0.021 (0.007)
2022-05-13 09:56:23,160:INFO:   Eta: 0:56:34
2022-05-13 09:56:41,756:INFO: Valid: [196][659/660]  Loss -9.5992 (-6.1020)
2022-05-13 09:58:44,211:INFO: Train: [197][2784/2785]  Loss -1.4777 (-1.8593)  Time:  1.721 (0.044)  Data Time:  0.001 (0.017)
2022-05-13 09:58:44,214:INFO:   Eta: 1:48:01
2022-05-13 09:59:01,567:INFO: Valid: [197][659/660]  Loss -9.7304 (-6.1769)
2022-05-13 10:01:01,340:INFO: Train: [198][2784/2785]  Loss -1.2938 (-1.8141)  Time:  1.698 (0.043)  Data Time:  0.021 (0.018)
2022-05-13 10:01:01,343:INFO:   Eta: 1:43:41
2022-05-13 10:01:18,525:INFO: Valid: [198][659/660]  Loss -7.7939 (-5.0232)
2022-05-13 10:03:17,799:INFO: Train: [199][2784/2785]  Loss -1.4638 (-1.8440)  Time:  1.386 (0.043)  Data Time:  0.022 (0.018)
2022-05-13 10:03:17,802:INFO:   Eta: 1:41:16
2022-05-13 10:03:35,081:INFO: Valid: [199][659/660]  Loss -9.3948 (-5.9453)
2022-05-13 10:05:19,441:INFO: Train: [200][2784/2785]  Loss -1.2929 (-1.8255)  Time:  1.783 (0.037)  Data Time:  0.022 (0.015)
2022-05-13 10:05:19,471:INFO:   Eta: 1:26:51
2022-05-13 10:05:36,778:INFO: Valid: [200][659/660]  Loss -7.7160 (-4.9510)
2022-05-13 10:07:29,752:INFO: Train: [201][2784/2785]  Loss -1.4586 (-1.8799)  Time:  1.760 (0.041)  Data Time:  0.023 (0.016)
2022-05-13 10:07:29,754:INFO:   Eta: 1:32:09
2022-05-13 10:07:46,101:INFO: Valid: [201][659/660]  Loss -9.1174 (-5.7905)
2022-05-13 10:09:24,656:INFO: Train: [202][2784/2785]  Loss -1.3315 (-1.8778)  Time:  0.456 (0.035)  Data Time:  0.000 (0.014)
2022-05-13 10:09:24,657:INFO:   Eta: 1:18:44
2022-05-13 10:09:31,600:INFO: Valid: [202][659/660]  Loss -9.1374 (-5.8157)
2022-05-13 10:11:02,963:INFO: Train: [203][2784/2785]  Loss -1.4392 (-1.8352)  Time:  1.641 (0.033)  Data Time:  0.022 (0.013)
2022-05-13 10:11:02,967:INFO:   Eta: 1:11:28
2022-05-13 10:11:19,666:INFO: Valid: [203][659/660]  Loss -7.2695 (-4.7382)
2022-05-13 10:13:04,970:INFO: Train: [204][2784/2785]  Loss -1.5681 (-1.8374)  Time:  1.632 (0.038)  Data Time:  0.012 (0.016)
2022-05-13 10:13:04,972:INFO:   Eta: 1:20:38
2022-05-13 10:13:21,163:INFO: Valid: [204][659/660]  Loss -9.5206 (-6.0598)
2022-05-13 10:15:14,361:INFO: Train: [205][2784/2785]  Loss -1.4070 (-1.8500)  Time:  1.575 (0.041)  Data Time:  0.022 (0.018)
2022-05-13 10:15:14,364:INFO:   Eta: 1:24:48
2022-05-13 10:15:30,502:INFO: Valid: [205][659/660]  Loss -9.6133 (-6.1373)
2022-05-13 10:17:02,006:INFO: Train: [206][2784/2785]  Loss -1.3077 (-1.8276)  Time:  1.540 (0.033)  Data Time:  0.022 (0.014)
2022-05-13 10:17:02,008:INFO:   Eta: 1:07:00
2022-05-13 10:17:18,485:INFO: Valid: [206][659/660]  Loss -8.4937 (-5.4013)
2022-05-13 10:19:08,204:INFO: Train: [207][2784/2785]  Loss -1.3755 (-1.8389)  Time:  1.606 (0.039)  Data Time:  0.022 (0.018)
2022-05-13 10:19:08,206:INFO:   Eta: 1:18:32
2022-05-13 10:19:24,900:INFO: Valid: [207][659/660]  Loss -9.1778 (-5.8012)
2022-05-13 10:21:18,190:INFO: Train: [208][2784/2785]  Loss -1.4658 (-1.8589)  Time:  1.511 (0.041)  Data Time:  0.001 (0.018)
2022-05-13 10:21:18,192:INFO:   Eta: 1:19:13
2022-05-13 10:21:34,556:INFO: Valid: [208][659/660]  Loss -9.3109 (-5.8633)
2022-05-13 10:22:50,154:INFO: Train: [209][2784/2785]  Loss -1.4782 (-1.8245)  Time:  0.448 (0.027)  Data Time:  0.000 (0.011)
2022-05-13 10:22:50,155:INFO:   Eta: 0:51:33
2022-05-13 10:22:57,915:INFO: Valid: [209][659/660]  Loss -9.5220 (-6.0376)
2022-05-13 10:24:22,949:INFO: Train: [210][2784/2785]  Loss -1.2919 (-1.7913)  Time:  1.621 (0.030)  Data Time:  0.023 (0.012)
2022-05-13 10:24:22,950:INFO:   Eta: 0:56:36
2022-05-13 10:24:38,603:INFO: Valid: [210][659/660]  Loss -8.7025 (-5.5817)
2022-05-13 10:25:47,696:INFO: Train: [211][2784/2785]  Loss -1.3277 (-1.8503)  Time:  0.468 (0.025)  Data Time:  0.000 (0.008)
2022-05-13 10:25:47,697:INFO:   Eta: 0:44:50
2022-05-13 10:26:00,861:INFO: Valid: [211][659/660]  Loss -8.5803 (-5.4846)
2022-05-13 10:27:53,030:INFO: Train: [212][2784/2785]  Loss -1.4684 (-1.8364)  Time:  1.653 (0.040)  Data Time:  0.022 (0.018)
2022-05-13 10:27:53,031:INFO:   Eta: 1:10:56
2022-05-13 10:28:09,292:INFO: Valid: [212][659/660]  Loss -9.0855 (-5.8103)
2022-05-13 10:30:02,392:INFO: Train: [213][2784/2785]  Loss -1.3942 (-1.8688)  Time:  1.611 (0.041)  Data Time:  0.023 (0.019)
2022-05-13 10:30:02,394:INFO:   Eta: 1:09:40
2022-05-13 10:30:18,572:INFO: Valid: [213][659/660]  Loss -8.7039 (-5.5414)
2022-05-13 10:32:10,949:INFO: Train: [214][2784/2785]  Loss -1.3773 (-1.8424)  Time:  1.560 (0.040)  Data Time:  0.021 (0.019)
2022-05-13 10:32:10,951:INFO:   Eta: 1:07:21
2022-05-13 10:32:27,319:INFO: Valid: [214][659/660]  Loss -9.0911 (-5.7877)
2022-05-13 10:34:20,177:INFO: Train: [215][2784/2785]  Loss -1.4196 (-1.8613)  Time:  1.722 (0.040)  Data Time:  0.001 (0.019)
2022-05-13 10:34:20,179:INFO:   Eta: 1:05:46
2022-05-13 10:34:36,706:INFO: Valid: [215][659/660]  Loss -9.5178 (-6.0395)
2022-05-13 10:36:17,565:INFO: Train: [216][2784/2785]  Loss -1.4822 (-1.8375)  Time:  0.504 (0.036)  Data Time:  0.000 (0.016)
2022-05-13 10:36:17,565:INFO:   Eta: 0:57:05
2022-05-13 10:36:24,595:INFO: Valid: [216][659/660]  Loss -9.2074 (-5.8053)
2022-05-13 10:37:47,698:INFO: Train: [217][2784/2785]  Loss -1.4552 (-1.8452)  Time:  1.707 (0.030)  Data Time:  0.021 (0.009)
2022-05-13 10:37:47,701:INFO:   Eta: 0:45:38
2022-05-13 10:38:05,302:INFO: Valid: [217][659/660]  Loss -9.8250 (-6.2487)
2022-05-13 10:38:05,409:INFO: Checkpoint saved...
2022-05-13 10:39:45,694:INFO: Train: [218][2784/2785]  Loss -1.4171 (-1.8530)  Time:  1.670 (0.036)  Data Time:  0.020 (0.013)
2022-05-13 10:39:45,697:INFO:   Eta: 0:53:25
2022-05-13 10:40:03,123:INFO: Valid: [218][659/660]  Loss -9.8342 (-6.2683)
2022-05-13 10:40:03,189:INFO: Checkpoint saved...
2022-05-13 10:42:04,773:INFO: Train: [219][2784/2785]  Loss -1.3997 (-1.8661)  Time:  1.674 (0.044)  Data Time:  0.001 (0.018)
2022-05-13 10:42:04,777:INFO:   Eta: 1:02:45
2022-05-13 10:42:22,169:INFO: Valid: [219][659/660]  Loss -9.3976 (-5.9928)
2022-05-13 10:44:20,004:INFO: Train: [220][2784/2785]  Loss -1.3627 (-1.8449)  Time:  1.498 (0.042)  Data Time:  0.000 (0.017)
2022-05-13 10:44:20,006:INFO:   Eta: 0:58:51
2022-05-13 10:44:36,606:INFO: Valid: [220][659/660]  Loss -9.0175 (-5.7487)
2022-05-13 10:46:35,133:INFO: Train: [221][2784/2785]  Loss -1.4341 (-1.8749)  Time:  1.748 (0.043)  Data Time:  0.021 (0.017)
2022-05-13 10:46:35,135:INFO:   Eta: 0:57:13
2022-05-13 10:46:52,335:INFO: Valid: [221][659/660]  Loss -8.7105 (-5.4749)
2022-05-13 10:48:33,209:INFO: Train: [222][2784/2785]  Loss -1.4436 (-1.8671)  Time:  1.733 (0.036)  Data Time:  0.019 (0.013)
2022-05-13 10:48:33,212:INFO:   Eta: 0:47:00
2022-05-13 10:48:50,572:INFO: Valid: [222][659/660]  Loss -9.0084 (-5.7350)
2022-05-13 10:50:19,093:INFO: Train: [223][2784/2785]  Loss -1.3288 (-1.8468)  Time:  0.529 (0.032)  Data Time:  0.000 (0.011)
2022-05-13 10:50:19,094:INFO:   Eta: 0:39:46
2022-05-13 10:50:26,018:INFO: Valid: [223][659/660]  Loss -9.3418 (-6.0020)
2022-05-13 10:52:15,949:INFO: Train: [224][2784/2785]  Loss -1.4474 (-1.8512)  Time:  1.671 (0.039)  Data Time:  0.023 (0.016)
2022-05-13 10:52:15,952:INFO:   Eta: 0:47:34
2022-05-13 10:52:32,664:INFO: Valid: [224][659/660]  Loss -8.7855 (-5.5504)
2022-05-13 10:54:32,956:INFO: Train: [225][2784/2785]  Loss -1.3889 (-1.8385)  Time:  1.583 (0.043)  Data Time:  0.022 (0.018)
2022-05-13 10:54:32,958:INFO:   Eta: 0:50:04
2022-05-13 10:54:50,462:INFO: Valid: [225][659/660]  Loss -8.7947 (-5.6168)
2022-05-13 10:56:49,385:INFO: Train: [226][2784/2785]  Loss -1.4572 (-1.7916)  Time:  1.579 (0.043)  Data Time:  0.013 (0.018)
2022-05-13 10:56:49,387:INFO:   Eta: 0:47:30
2022-05-13 10:57:06,508:INFO: Valid: [226][659/660]  Loss -9.2274 (-5.8599)
2022-05-13 10:59:06,688:INFO: Train: [227][2784/2785]  Loss -1.4695 (-1.8432)  Time:  1.708 (0.043)  Data Time:  0.001 (0.018)
2022-05-13 10:59:06,690:INFO:   Eta: 0:46:01
2022-05-13 10:59:23,995:INFO: Valid: [227][659/660]  Loss -9.7373 (-6.1778)
2022-05-13 11:00:58,730:INFO: Train: [228][2784/2785]  Loss -1.4215 (-1.8300)  Time:  1.340 (0.034)  Data Time:  0.022 (0.012)
2022-05-13 11:00:58,732:INFO:   Eta: 0:34:40
2022-05-13 11:01:11,294:INFO: Valid: [228][659/660]  Loss -8.9088 (-5.5933)
2022-05-13 11:02:59,358:INFO: Train: [229][2784/2785]  Loss -1.2999 (-1.9070)  Time:  1.726 (0.039)  Data Time:  0.020 (0.016)
2022-05-13 11:02:59,359:INFO:   Eta: 0:37:46
2022-05-13 11:03:16,815:INFO: Valid: [229][659/660]  Loss -9.4547 (-6.0002)
2022-05-13 11:04:14,204:INFO: Train: [230][2784/2785]  Loss -1.5533 (-1.8393)  Time:  1.627 (0.021)  Data Time:  0.003 (0.007)
2022-05-13 11:04:14,206:INFO:   Eta: 0:19:05
2022-05-13 11:04:31,563:INFO: Valid: [230][659/660]  Loss -9.1366 (-5.7648)
2022-05-13 11:06:26,707:INFO: Train: [231][2784/2785]  Loss -1.4008 (-1.8494)  Time:  1.470 (0.041)  Data Time:  0.022 (0.018)
2022-05-13 11:06:26,709:INFO:   Eta: 0:36:24
2022-05-13 11:06:43,258:INFO: Valid: [231][659/660]  Loss -9.5248 (-6.0333)
2022-05-13 11:08:35,492:INFO: Train: [232][2784/2785]  Loss -1.4959 (-1.8249)  Time:  1.327 (0.040)  Data Time:  0.001 (0.017)
2022-05-13 11:08:35,494:INFO:   Eta: 0:33:37
2022-05-13 11:08:52,265:INFO: Valid: [232][659/660]  Loss -9.2666 (-5.9071)
2022-05-13 11:10:46,280:INFO: Train: [233][2784/2785]  Loss -1.3732 (-1.8357)  Time:  1.675 (0.041)  Data Time:  0.021 (0.018)
2022-05-13 11:10:46,283:INFO:   Eta: 0:32:15
2022-05-13 11:11:03,028:INFO: Valid: [233][659/660]  Loss -9.0631 (-5.7816)
2022-05-13 11:12:57,856:INFO: Train: [234][2784/2785]  Loss -1.5621 (-1.8170)  Time:  1.576 (0.041)  Data Time:  0.010 (0.018)
2022-05-13 11:12:57,858:INFO:   Eta: 0:30:35
2022-05-13 11:13:14,357:INFO: Valid: [234][659/660]  Loss -9.1601 (-5.7783)
2022-05-13 11:15:03,647:INFO: Train: [235][2784/2785]  Loss -1.3072 (-1.8603)  Time:  1.397 (0.039)  Data Time:  0.001 (0.016)
2022-05-13 11:15:03,650:INFO:   Eta: 0:27:17
2022-05-13 11:15:15,855:INFO: Valid: [235][659/660]  Loss -9.5781 (-6.1033)
2022-05-13 11:16:09,590:INFO: Train: [236][2784/2785]  Loss -1.3454 (-1.8790)  Time:  0.483 (0.019)  Data Time:  0.000 (0.004)
2022-05-13 11:16:09,591:INFO:   Eta: 0:12:30
2022-05-13 11:16:16,761:INFO: Valid: [236][659/660]  Loss -8.7437 (-5.5378)
2022-05-13 11:18:11,417:INFO: Train: [237][2784/2785]  Loss -1.4203 (-1.8759)  Time:  1.735 (0.041)  Data Time:  0.001 (0.017)
2022-05-13 11:18:11,421:INFO:   Eta: 0:24:48
2022-05-13 11:18:28,424:INFO: Valid: [237][659/660]  Loss -9.0790 (-5.7616)
2022-05-13 11:20:22,616:INFO: Train: [238][2784/2785]  Loss -1.4856 (-1.8395)  Time:  1.716 (0.041)  Data Time:  0.022 (0.016)
2022-05-13 11:20:22,617:INFO:   Eta: 0:22:48
2022-05-13 11:20:39,655:INFO: Valid: [238][659/660]  Loss -9.4190 (-6.0309)
2022-05-13 11:22:37,060:INFO: Train: [239][2784/2785]  Loss -1.5059 (-1.8668)  Time:  1.827 (0.042)  Data Time:  0.023 (0.018)
2022-05-13 11:22:37,062:INFO:   Eta: 0:21:29
2022-05-13 11:22:53,942:INFO: Valid: [239][659/660]  Loss -9.1759 (-5.7944)
2022-05-13 11:24:52,007:INFO: Train: [240][2784/2785]  Loss -1.4395 (-1.8180)  Time:  1.627 (0.042)  Data Time:  0.001 (0.017)
2022-05-13 11:24:52,009:INFO:   Eta: 0:19:38
2022-05-13 11:25:09,454:INFO: Valid: [240][659/660]  Loss -9.2188 (-5.8647)
2022-05-13 11:27:07,205:INFO: Train: [241][2784/2785]  Loss -1.3114 (-1.8506)  Time:  1.700 (0.042)  Data Time:  0.022 (0.017)
2022-05-13 11:27:07,207:INFO:   Eta: 0:17:38
2022-05-13 11:27:24,550:INFO: Valid: [241][659/660]  Loss -9.6376 (-6.1678)
2022-05-13 11:29:15,511:INFO: Train: [242][2784/2785]  Loss -1.6000 (-1.8635)  Time:  0.409 (0.040)  Data Time:  0.000 (0.017)
2022-05-13 11:29:15,512:INFO:   Eta: 0:14:46
2022-05-13 11:29:22,278:INFO: Valid: [242][659/660]  Loss -9.6628 (-6.1111)
2022-05-13 11:30:51,967:INFO: Train: [243][2784/2785]  Loss -1.4664 (-1.8781)  Time:  1.772 (0.032)  Data Time:  0.022 (0.012)
2022-05-13 11:30:51,970:INFO:   Eta: 0:10:26
2022-05-13 11:31:08,961:INFO: Valid: [243][659/660]  Loss -9.7642 (-6.2030)
2022-05-13 11:32:59,988:INFO: Train: [244][2784/2785]  Loss -1.4064 (-1.8762)  Time:  1.736 (0.040)  Data Time:  0.020 (0.016)
2022-05-13 11:32:59,990:INFO:   Eta: 0:11:05
2022-05-13 11:33:16,647:INFO: Valid: [244][659/660]  Loss -8.6779 (-5.4910)
2022-05-13 11:35:10,510:INFO: Train: [245][2784/2785]  Loss -1.2071 (-1.8590)  Time:  1.771 (0.041)  Data Time:  0.019 (0.017)
2022-05-13 11:35:10,513:INFO:   Eta: 0:09:28
2022-05-13 11:35:27,785:INFO: Valid: [245][659/660]  Loss -9.6664 (-6.1615)
2022-05-13 11:37:02,106:INFO: Train: [246][2784/2785]  Loss -1.4636 (-1.8857)  Time:  1.211 (0.034)  Data Time:  0.022 (0.013)
2022-05-13 11:37:02,109:INFO:   Eta: 0:06:16
2022-05-13 11:37:13,749:INFO: Valid: [246][659/660]  Loss -9.3570 (-5.9121)
2022-05-13 11:38:50,604:INFO: Train: [247][2784/2785]  Loss -1.3760 (-1.8990)  Time:  1.615 (0.035)  Data Time:  0.022 (0.012)
2022-05-13 11:38:50,606:INFO:   Eta: 0:04:50
2022-05-13 11:39:07,837:INFO: Valid: [247][659/660]  Loss -9.5635 (-6.0557)
2022-05-13 11:41:05,053:INFO: Train: [248][2784/2785]  Loss -1.2921 (-1.8068)  Time:  1.487 (0.042)  Data Time:  0.002 (0.018)
2022-05-13 11:41:05,055:INFO:   Eta: 0:03:54
2022-05-13 11:41:20,991:INFO: Valid: [248][659/660]  Loss -9.4791 (-6.0499)
2022-05-13 11:42:29,290:INFO: Train: [249][2784/2785]  Loss -1.3650 (-1.8745)  Time:  0.367 (0.024)  Data Time:  0.000 (0.007)
2022-05-13 11:42:29,291:INFO:   Eta: 0:01:08
2022-05-13 11:42:36,156:INFO: Valid: [249][659/660]  Loss -9.7328 (-6.1773)
