2022-03-28 11:25:21,515:INFO: Initializing train dataset
2022-03-28 11:25:26,611:INFO: Initializing val dataset
2022-03-28 11:25:50,122:INFO: Data and model loaded
2022-03-28 11:25:50,124:INFO: Checkpoint dir: runs/Mar28_11-25-21_node06/univ/checkpoint
2022-03-28 11:25:50,124:INFO: Training started ...
2022-03-28 11:26:22,814:INFO: Train: [0][2075/2076]  Loss 0.2277 (1.5084)  Time:  0.180 (0.016)  Data Time:  0.005 (0.004)
2022-03-28 11:26:22,816:INFO:   Eta: 2:16:09
2022-03-28 11:26:27,730:INFO: Test: [0][529/530]  Loss 7.7466 (5.3868)
2022-03-28 11:26:27,759:INFO: Checkpoint saved...
2022-03-28 11:26:56,177:INFO: Train: [1][2075/2076]  Loss 0.1480 (0.8265)  Time:  0.165 (0.014)  Data Time:  0.004 (0.004)
2022-03-28 11:26:56,179:INFO:   Eta: 1:57:50
2022-03-28 11:27:01,170:INFO: Test: [1][529/530]  Loss 12.9173 (9.5441)
2022-03-28 11:27:27,889:INFO: Train: [2][2075/2076]  Loss 0.0996 (0.6479)  Time:  0.167 (0.013)  Data Time:  0.004 (0.004)
2022-03-28 11:27:27,891:INFO:   Eta: 1:50:22
2022-03-28 11:27:33,686:INFO: Test: [2][529/530]  Loss 5.1563 (3.8179)
2022-03-28 11:27:33,697:INFO: Checkpoint saved...
2022-03-28 11:28:08,353:INFO: Train: [3][2075/2076]  Loss 0.0786 (0.5456)  Time:  0.187 (0.017)  Data Time:  0.003 (0.004)
2022-03-28 11:28:08,358:INFO:   Eta: 2:22:32
2022-03-28 11:28:14,135:INFO: Test: [3][529/530]  Loss 4.3142 (3.2575)
2022-03-28 11:28:14,141:INFO: Checkpoint saved...
2022-03-28 11:28:48,701:INFO: Train: [4][2075/2076]  Loss 0.0184 (0.2600)  Time:  0.230 (0.017)  Data Time:  0.005 (0.004)
2022-03-28 11:28:48,704:INFO:   Eta: 2:21:34
2022-03-28 11:28:54,255:INFO: Test: [4][529/530]  Loss 3.5274 (2.7191)
2022-03-28 11:28:54,263:INFO: Checkpoint saved...
2022-03-28 11:29:27,118:INFO: Train: [5][2075/2076]  Loss 0.0749 (0.1679)  Time:  0.179 (0.016)  Data Time:  0.004 (0.004)
2022-03-28 11:29:27,120:INFO:   Eta: 2:14:02
2022-03-28 11:29:32,477:INFO: Test: [5][529/530]  Loss 1.7543 (1.3909)
2022-03-28 11:29:32,490:INFO: Checkpoint saved...
2022-03-28 11:30:06,287:INFO: Train: [6][2075/2076]  Loss 0.0273 (0.0679)  Time:  0.164 (0.016)  Data Time:  0.004 (0.004)
2022-03-28 11:30:06,289:INFO:   Eta: 2:17:19
2022-03-28 11:30:11,682:INFO: Test: [6][529/530]  Loss 5.0888 (3.3368)
2022-03-28 11:30:44,305:INFO: Train: [7][2075/2076]  Loss 0.0902 (0.0010)  Time:  0.183 (0.016)  Data Time:  0.004 (0.004)
2022-03-28 11:30:44,309:INFO:   Eta: 2:11:08
2022-03-28 11:30:49,699:INFO: Test: [7][529/530]  Loss 4.4469 (2.8216)
2022-03-28 11:31:22,790:INFO: Train: [8][2075/2076]  Loss 0.0311 (-0.0401)  Time:  0.182 (0.016)  Data Time:  0.004 (0.004)
2022-03-28 11:31:22,794:INFO:   Eta: 2:13:19
2022-03-28 11:31:28,463:INFO: Test: [8][529/530]  Loss 2.4719 (1.5352)
2022-03-28 11:32:01,677:INFO: Train: [9][2075/2076]  Loss -0.0653 (-0.0338)  Time:  0.223 (0.016)  Data Time:  0.004 (0.004)
2022-03-28 11:32:01,777:INFO:   Eta: 2:13:17
2022-03-28 11:32:07,285:INFO: Test: [9][529/530]  Loss 1.5635 (0.8935)
2022-03-28 11:32:07,297:INFO: Checkpoint saved...
2022-03-28 11:32:40,003:INFO: Train: [10][2075/2076]  Loss -0.0715 (-0.2054)  Time:  0.174 (0.016)  Data Time:  0.004 (0.004)
2022-03-28 11:32:40,054:INFO:   Eta: 2:10:42
2022-03-28 11:32:45,550:INFO: Test: [10][529/530]  Loss 4.4087 (2.3795)
2022-03-28 11:33:19,361:INFO: Train: [11][2075/2076]  Loss 0.0117 (-0.2316)  Time:  0.180 (0.016)  Data Time:  0.004 (0.004)
2022-03-28 11:33:19,426:INFO:   Eta: 2:11:12
2022-03-28 11:33:24,866:INFO: Test: [11][529/530]  Loss 2.1047 (1.1103)
2022-03-28 11:33:57,668:INFO: Train: [12][2075/2076]  Loss -0.0990 (-0.2548)  Time:  0.172 (0.016)  Data Time:  0.005 (0.004)
2022-03-28 11:33:57,769:INFO:   Eta: 2:09:08
2022-03-28 11:34:03,583:INFO: Test: [12][529/530]  Loss 2.5586 (1.3301)
2022-03-28 11:34:36,629:INFO: Train: [13][2075/2076]  Loss -0.1463 (-0.3240)  Time:  0.163 (0.016)  Data Time:  0.004 (0.004)
2022-03-28 11:34:36,716:INFO:   Eta: 2:08:41
2022-03-28 11:34:42,422:INFO: Test: [13][529/530]  Loss 11.4683 (6.2369)
2022-03-28 11:35:15,142:INFO: Train: [14][2075/2076]  Loss -0.0659 (-0.3504)  Time:  0.196 (0.016)  Data Time:  0.005 (0.004)
2022-03-28 11:35:15,145:INFO:   Eta: 2:08:23
2022-03-28 11:35:20,135:INFO: Test: [14][529/530]  Loss 0.5233 (-0.0331)
2022-03-28 11:35:20,145:INFO: Checkpoint saved...
2022-03-28 11:35:48,752:INFO: Train: [15][2075/2076]  Loss -0.1318 (-0.3225)  Time:  0.153 (0.014)  Data Time:  0.004 (0.004)
2022-03-28 11:35:48,754:INFO:   Eta: 1:51:57
2022-03-28 11:35:53,272:INFO: Test: [15][529/530]  Loss 2.1083 (0.8441)
2022-03-28 11:36:23,623:INFO: Train: [16][2075/2076]  Loss -0.1380 (-0.4167)  Time:  0.180 (0.015)  Data Time:  0.005 (0.004)
2022-03-28 11:36:23,628:INFO:   Eta: 1:58:16
2022-03-28 11:36:29,404:INFO: Test: [16][529/530]  Loss 1.3579 (0.3150)
2022-03-28 11:37:02,935:INFO: Train: [17][2075/2076]  Loss -0.1170 (-0.3604)  Time:  0.205 (0.016)  Data Time:  0.003 (0.004)
2022-03-28 11:37:03,037:INFO:   Eta: 2:10:05
2022-03-28 11:37:08,653:INFO: Test: [17][529/530]  Loss 6.0439 (2.8287)
2022-03-28 11:37:41,359:INFO: Train: [18][2075/2076]  Loss -0.1400 (-0.4737)  Time:  0.202 (0.016)  Data Time:  0.004 (0.004)
2022-03-28 11:37:41,362:INFO:   Eta: 2:06:20
2022-03-28 11:37:46,996:INFO: Test: [18][529/530]  Loss 0.8151 (0.0173)
2022-03-28 11:38:19,619:INFO: Train: [19][2075/2076]  Loss -0.1753 (-0.5028)  Time:  0.163 (0.016)  Data Time:  0.004 (0.004)
2022-03-28 11:38:19,709:INFO:   Eta: 2:05:29
2022-03-28 11:38:25,055:INFO: Test: [19][529/530]  Loss -0.9331 (-0.9404)
2022-03-28 11:38:25,511:INFO: Checkpoint saved...
2022-03-28 11:38:58,630:INFO: Train: [20][2075/2076]  Loss -0.1688 (-0.4714)  Time:  0.191 (0.016)  Data Time:  0.004 (0.004)
2022-03-28 11:38:58,716:INFO:   Eta: 2:04:51
2022-03-28 11:39:03,834:INFO: Test: [20][529/530]  Loss 5.4804 (2.7477)
2022-03-28 11:39:36,233:INFO: Train: [21][2075/2076]  Loss -0.1449 (-0.5868)  Time:  0.170 (0.015)  Data Time:  0.005 (0.004)
2022-03-28 11:39:36,389:INFO:   Eta: 2:01:53
2022-03-28 11:39:41,754:INFO: Test: [21][529/530]  Loss 0.4695 (-0.1549)
2022-03-28 11:40:13,968:INFO: Train: [22][2075/2076]  Loss -0.1628 (-0.5515)  Time:  0.198 (0.015)  Data Time:  0.005 (0.004)
2022-03-28 11:40:14,057:INFO:   Eta: 1:59:37
2022-03-28 11:40:19,681:INFO: Test: [22][529/530]  Loss -0.7433 (-1.0084)
2022-03-28 11:40:51,309:INFO: Train: [23][2075/2076]  Loss -0.1332 (-0.5520)  Time:  0.180 (0.015)  Data Time:  0.004 (0.004)
2022-03-28 11:40:51,451:INFO:   Eta: 1:59:21
2022-03-28 11:40:56,888:INFO: Test: [23][529/530]  Loss -0.4653 (-0.6845)
2022-03-28 11:41:29,626:INFO: Train: [24][2075/2076]  Loss -0.1069 (-0.6583)  Time:  0.181 (0.015)  Data Time:  0.004 (0.004)
2022-03-28 11:41:29,629:INFO:   Eta: 2:00:34
2022-03-28 11:41:35,256:INFO: Test: [24][529/530]  Loss -0.2857 (-0.6798)
2022-03-28 11:42:07,436:INFO: Train: [25][2075/2076]  Loss -0.2204 (-0.5766)  Time:  0.226 (0.015)  Data Time:  0.004 (0.004)
2022-03-28 11:42:07,439:INFO:   Eta: 2:00:33
2022-03-28 11:42:12,834:INFO: Test: [25][529/530]  Loss 0.2488 (-0.3171)
2022-03-28 11:42:45,380:INFO: Train: [26][2075/2076]  Loss -0.1851 (-0.5780)  Time:  0.176 (0.016)  Data Time:  0.004 (0.004)
2022-03-28 11:42:45,383:INFO:   Eta: 2:01:23
2022-03-28 11:42:50,737:INFO: Test: [26][529/530]  Loss -1.0282 (-1.1434)
2022-03-28 11:42:50,744:INFO: Checkpoint saved...
2022-03-28 11:43:22,347:INFO: Train: [27][2075/2076]  Loss -0.1913 (-0.7130)  Time:  0.168 (0.015)  Data Time:  0.004 (0.004)
2022-03-28 11:43:22,349:INFO:   Eta: 1:57:22
2022-03-28 11:43:27,705:INFO: Test: [27][529/530]  Loss -1.1858 (-1.2341)
2022-03-28 11:43:27,717:INFO: Checkpoint saved...
2022-03-28 11:43:58,163:INFO: Train: [28][2075/2076]  Loss -0.1695 (-0.6555)  Time:  0.128 (0.015)  Data Time:  0.004 (0.004)
2022-03-28 11:43:58,164:INFO:   Eta: 1:52:34
2022-03-28 11:44:02,163:INFO: Test: [28][529/530]  Loss 0.0614 (-0.5308)
2022-03-28 11:44:33,365:INFO: Train: [29][2075/2076]  Loss -0.2219 (-0.7013)  Time:  0.267 (0.015)  Data Time:  0.003 (0.004)
2022-03-28 11:44:33,367:INFO:   Eta: 1:54:50
2022-03-28 11:44:39,118:INFO: Test: [29][529/530]  Loss -2.3239 (-1.8962)
2022-03-28 11:44:39,126:INFO: Checkpoint saved...
2022-03-28 11:45:13,718:INFO: Train: [30][2075/2076]  Loss -0.0667 (-0.6309)  Time:  0.222 (0.017)  Data Time:  0.004 (0.004)
2022-03-28 11:45:13,720:INFO:   Eta: 2:06:43
2022-03-28 11:45:19,062:INFO: Test: [30][529/530]  Loss -1.8299 (-1.5535)
2022-03-28 11:45:53,075:INFO: Train: [31][2075/2076]  Loss -0.1676 (-0.7630)  Time:  0.191 (0.016)  Data Time:  0.003 (0.004)
2022-03-28 11:45:53,080:INFO:   Eta: 2:04:03
2022-03-28 11:45:58,277:INFO: Test: [31][529/530]  Loss -1.4843 (-1.4595)
2022-03-28 11:46:32,675:INFO: Train: [32][2075/2076]  Loss -0.1922 (-0.7399)  Time:  0.191 (0.017)  Data Time:  0.003 (0.004)
2022-03-28 11:46:32,677:INFO:   Eta: 2:04:52
2022-03-28 11:46:38,403:INFO: Test: [32][529/530]  Loss -1.6391 (-1.7270)
2022-03-28 11:47:13,104:INFO: Train: [33][2075/2076]  Loss -0.1067 (-0.7738)  Time:  0.242 (0.017)  Data Time:  0.005 (0.004)
2022-03-28 11:47:13,108:INFO:   Eta: 2:05:22
2022-03-28 11:47:18,762:INFO: Test: [33][529/530]  Loss 3.2836 (1.2226)
2022-03-28 11:47:52,942:INFO: Train: [34][2075/2076]  Loss -0.2245 (-0.7691)  Time:  0.184 (0.016)  Data Time:  0.005 (0.004)
2022-03-28 11:47:52,944:INFO:   Eta: 2:02:56
2022-03-28 11:47:58,674:INFO: Test: [34][529/530]  Loss -2.1649 (-1.9431)
2022-03-28 11:48:31,736:INFO: Train: [35][2075/2076]  Loss -0.2241 (-0.8295)  Time:  0.169 (0.016)  Data Time:  0.003 (0.004)
2022-03-28 11:48:31,738:INFO:   Eta: 1:58:21
2022-03-28 11:48:37,160:INFO: Test: [35][529/530]  Loss -1.4422 (-1.3570)
2022-03-28 11:49:11,933:INFO: Train: [36][2075/2076]  Loss -0.1372 (-0.8585)  Time:  0.175 (0.017)  Data Time:  0.004 (0.004)
2022-03-28 11:49:11,936:INFO:   Eta: 2:03:51
2022-03-28 11:49:17,364:INFO: Test: [36][529/530]  Loss -0.6737 (-0.9528)
2022-03-28 11:49:52,464:INFO: Train: [37][2075/2076]  Loss -0.1259 (-0.8015)  Time:  0.219 (0.017)  Data Time:  0.005 (0.004)
2022-03-28 11:49:52,467:INFO:   Eta: 2:04:28
2022-03-28 11:49:58,308:INFO: Test: [37][529/530]  Loss -1.4408 (-1.5687)
2022-03-28 11:50:32,641:INFO: Train: [38][2075/2076]  Loss -0.1963 (-0.8040)  Time:  0.203 (0.017)  Data Time:  0.005 (0.004)
2022-03-28 11:50:32,642:INFO:   Eta: 2:01:10
2022-03-28 11:50:37,877:INFO: Test: [38][529/530]  Loss -2.3824 (-2.1843)
2022-03-28 11:50:37,887:INFO: Checkpoint saved...
2022-03-28 11:51:11,969:INFO: Train: [39][2075/2076]  Loss -0.2326 (-0.8437)  Time:  0.185 (0.016)  Data Time:  0.004 (0.004)
2022-03-28 11:51:11,974:INFO:   Eta: 1:59:44
2022-03-28 11:51:17,591:INFO: Test: [39][529/530]  Loss -1.7930 (-1.8458)
2022-03-28 11:51:52,901:INFO: Train: [40][2075/2076]  Loss -0.1320 (-0.9454)  Time:  0.178 (0.017)  Data Time:  0.003 (0.004)
2022-03-28 11:51:52,903:INFO:   Eta: 2:03:26
2022-03-28 11:51:58,580:INFO: Test: [40][529/530]  Loss -1.7838 (-1.8443)
2022-03-28 11:52:33,880:INFO: Train: [41][2075/2076]  Loss -0.2627 (-0.9550)  Time:  0.177 (0.017)  Data Time:  0.005 (0.004)
2022-03-28 11:52:33,883:INFO:   Eta: 2:02:49
2022-03-28 11:52:39,648:INFO: Test: [41][529/530]  Loss -2.9840 (-2.4807)
2022-03-28 11:52:39,655:INFO: Checkpoint saved...
2022-03-28 11:53:08,054:INFO: Train: [42][2075/2076]  Loss -0.2210 (-0.8385)  Time:  0.188 (0.014)  Data Time:  0.005 (0.004)
2022-03-28 11:53:08,056:INFO:   Eta: 1:38:23
2022-03-28 11:53:17,727:INFO: Test: [42][529/530]  Loss -3.1516 (-2.6444)
2022-03-28 11:53:17,743:INFO: Checkpoint saved...
2022-03-28 11:53:53,857:INFO: Train: [43][2075/2076]  Loss -0.1026 (-0.9315)  Time:  0.207 (0.017)  Data Time:  0.004 (0.004)
2022-03-28 11:53:53,860:INFO:   Eta: 2:04:27
2022-03-28 11:54:00,150:INFO: Test: [43][529/530]  Loss -1.0370 (-1.1514)
2022-03-28 11:54:35,815:INFO: Train: [44][2075/2076]  Loss -0.1997 (-0.9078)  Time:  0.242 (0.017)  Data Time:  0.005 (0.004)
2022-03-28 11:54:35,818:INFO:   Eta: 2:02:20
2022-03-28 11:54:41,963:INFO: Test: [44][529/530]  Loss -3.1513 (-2.5465)
2022-03-28 11:55:17,075:INFO: Train: [45][2075/2076]  Loss -0.1942 (-0.9540)  Time:  0.216 (0.017)  Data Time:  0.004 (0.004)
2022-03-28 11:55:17,078:INFO:   Eta: 1:59:50
2022-03-28 11:55:23,186:INFO: Test: [45][529/530]  Loss -3.2648 (-2.7095)
2022-03-28 11:55:23,409:INFO: Checkpoint saved...
2022-03-28 11:55:59,060:INFO: Train: [46][2075/2076]  Loss -0.1863 (-0.9952)  Time:  0.197 (0.017)  Data Time:  0.004 (0.004)
2022-03-28 11:55:59,064:INFO:   Eta: 2:01:04
2022-03-28 11:56:04,626:INFO: Test: [46][529/530]  Loss -2.0639 (-1.8009)
2022-03-28 11:56:39,770:INFO: Train: [47][2075/2076]  Loss -0.2761 (-1.0164)  Time:  0.198 (0.017)  Data Time:  0.004 (0.004)
2022-03-28 11:56:39,774:INFO:   Eta: 1:58:47
2022-03-28 11:56:45,570:INFO: Test: [47][529/530]  Loss -2.2605 (-2.0913)
2022-03-28 11:57:21,454:INFO: Train: [48][2075/2076]  Loss -0.1424 (-0.7719)  Time:  0.197 (0.017)  Data Time:  0.005 (0.004)
2022-03-28 11:57:21,457:INFO:   Eta: 2:00:40
2022-03-28 11:57:26,932:INFO: Test: [48][529/530]  Loss -3.5320 (-2.8010)
2022-03-28 11:57:26,941:INFO: Checkpoint saved...
2022-03-28 11:58:02,889:INFO: Train: [49][2075/2076]  Loss -0.2262 (-0.9352)  Time:  0.161 (0.017)  Data Time:  0.004 (0.004)
2022-03-28 11:58:02,890:INFO:   Eta: 2:00:18
2022-03-28 11:58:08,507:INFO: Test: [49][529/530]  Loss -3.5656 (-2.8141)
2022-03-28 11:58:08,515:INFO: Checkpoint saved...
2022-03-28 11:58:43,064:INFO: Train: [50][2075/2076]  Loss -0.3027 (-1.0094)  Time:  0.231 (0.017)  Data Time:  0.004 (0.004)
2022-03-28 11:58:43,068:INFO:   Eta: 1:55:03
2022-03-28 11:58:49,301:INFO: Test: [50][529/530]  Loss -2.5333 (-2.0688)
2022-03-28 11:59:25,225:INFO: Train: [51][2075/2076]  Loss -0.2167 (-0.9776)  Time:  0.259 (0.017)  Data Time:  0.003 (0.004)
2022-03-28 11:59:25,227:INFO:   Eta: 1:59:00
2022-03-28 11:59:30,747:INFO: Test: [51][529/530]  Loss -2.9891 (-2.4081)
2022-03-28 12:00:04,451:INFO: Train: [52][2075/2076]  Loss -0.2803 (-0.9633)  Time:  0.194 (0.016)  Data Time:  0.005 (0.004)
2022-03-28 12:00:04,453:INFO:   Eta: 1:51:05
2022-03-28 12:00:10,082:INFO: Test: [52][529/530]  Loss -3.8217 (-3.0480)
2022-03-28 12:00:10,301:INFO: Checkpoint saved...
2022-03-28 12:00:46,941:INFO: Train: [53][2075/2076]  Loss -0.2488 (-1.0305)  Time:  0.224 (0.018)  Data Time:  0.003 (0.005)
2022-03-28 12:00:46,945:INFO:   Eta: 2:00:09
2022-03-28 12:00:52,627:INFO: Test: [53][529/530]  Loss -4.2307 (-3.3138)
2022-03-28 12:00:52,635:INFO: Checkpoint saved...
2022-03-28 12:01:26,964:INFO: Train: [54][2075/2076]  Loss -0.2544 (-1.0664)  Time:  0.175 (0.017)  Data Time:  0.003 (0.004)
2022-03-28 12:01:26,967:INFO:   Eta: 1:52:01
2022-03-28 12:01:32,687:INFO: Test: [54][529/530]  Loss -4.0721 (-3.1775)
2022-03-28 12:02:07,980:INFO: Train: [55][2075/2076]  Loss -0.2048 (-1.0363)  Time:  0.181 (0.017)  Data Time:  0.004 (0.004)
2022-03-28 12:02:07,982:INFO:   Eta: 1:54:34
2022-03-28 12:02:13,855:INFO: Test: [55][529/530]  Loss -4.7039 (-3.5086)
2022-03-28 12:02:13,867:INFO: Checkpoint saved...
2022-03-28 12:02:41,433:INFO: Train: [56][2075/2076]  Loss -0.2764 (-1.0220)  Time:  0.149 (0.013)  Data Time:  0.003 (0.004)
2022-03-28 12:02:41,434:INFO:   Eta: 1:29:04
2022-03-28 12:02:50,181:INFO: Test: [56][529/530]  Loss -2.6368 (-2.3519)
2022-03-28 12:03:18,056:INFO: Train: [57][2075/2076]  Loss -0.3008 (-1.0234)  Time:  0.165 (0.013)  Data Time:  0.001 (0.004)
2022-03-28 12:03:18,057:INFO:   Eta: 1:29:35
2022-03-28 12:03:26,891:INFO: Test: [57][529/530]  Loss -3.7475 (-3.0233)
2022-03-28 12:04:00,630:INFO: Train: [58][2075/2076]  Loss -0.2569 (-1.0481)  Time:  0.174 (0.016)  Data Time:  0.003 (0.004)
2022-03-28 12:04:00,634:INFO:   Eta: 1:47:51
2022-03-28 12:04:06,554:INFO: Test: [58][529/530]  Loss -4.0019 (-3.0865)
2022-03-28 12:04:40,189:INFO: Train: [59][2075/2076]  Loss -0.2263 (-1.0740)  Time:  0.179 (0.016)  Data Time:  0.004 (0.004)
2022-03-28 12:04:40,193:INFO:   Eta: 1:46:58
2022-03-28 12:04:45,574:INFO: Test: [59][529/530]  Loss -4.1980 (-3.0823)
2022-03-28 12:05:18,339:INFO: Train: [60][2075/2076]  Loss -0.2179 (-1.0692)  Time:  0.177 (0.016)  Data Time:  0.003 (0.004)
2022-03-28 12:05:18,341:INFO:   Eta: 1:43:39
2022-03-28 12:05:23,940:INFO: Test: [60][529/530]  Loss -3.4012 (-2.8093)
2022-03-28 12:05:57,342:INFO: Train: [61][2075/2076]  Loss -0.1796 (-1.0956)  Time:  0.261 (0.016)  Data Time:  0.004 (0.004)
2022-03-28 12:05:57,344:INFO:   Eta: 1:45:06
2022-03-28 12:06:03,017:INFO: Test: [61][529/530]  Loss -0.9577 (-1.1194)
2022-03-28 12:06:35,604:INFO: Train: [62][2075/2076]  Loss -0.2774 (-1.1148)  Time:  0.199 (0.016)  Data Time:  0.004 (0.004)
2022-03-28 12:06:35,607:INFO:   Eta: 1:42:00
2022-03-28 12:06:41,209:INFO: Test: [62][529/530]  Loss -3.9280 (-3.0604)
2022-03-28 12:07:13,629:INFO: Train: [63][2075/2076]  Loss -0.2481 (-1.1137)  Time:  0.251 (0.016)  Data Time:  0.004 (0.004)
2022-03-28 12:07:13,633:INFO:   Eta: 1:40:57
2022-03-28 12:07:19,083:INFO: Test: [63][529/530]  Loss -3.5422 (-2.8618)
2022-03-28 12:07:51,217:INFO: Train: [64][2075/2076]  Loss -0.2775 (-1.0981)  Time:  0.182 (0.015)  Data Time:  0.005 (0.004)
2022-03-28 12:07:51,220:INFO:   Eta: 1:39:31
2022-03-28 12:07:56,732:INFO: Test: [64][529/530]  Loss -4.5569 (-3.4533)
2022-03-28 12:08:28,974:INFO: Train: [65][2075/2076]  Loss -0.3002 (-1.1831)  Time:  0.171 (0.016)  Data Time:  0.005 (0.004)
2022-03-28 12:08:28,975:INFO:   Eta: 1:39:19
2022-03-28 12:08:34,241:INFO: Test: [65][529/530]  Loss -4.5899 (-3.4716)
2022-03-28 12:09:07,550:INFO: Train: [66][2075/2076]  Loss -0.2736 (-1.1156)  Time:  0.187 (0.016)  Data Time:  0.005 (0.004)
2022-03-28 12:09:07,554:INFO:   Eta: 1:42:03
2022-03-28 12:09:13,113:INFO: Test: [66][529/530]  Loss -4.5775 (-3.4652)
2022-03-28 12:09:46,662:INFO: Train: [67][2075/2076]  Loss -0.2567 (-1.0952)  Time:  0.174 (0.016)  Data Time:  0.005 (0.004)
2022-03-28 12:09:46,664:INFO:   Eta: 1:42:13
2022-03-28 12:09:52,351:INFO: Test: [67][529/530]  Loss -5.0612 (-3.7016)
2022-03-28 12:09:52,360:INFO: Checkpoint saved...
2022-03-28 12:10:25,184:INFO: Train: [68][2075/2076]  Loss -0.2635 (-1.1290)  Time:  0.175 (0.016)  Data Time:  0.003 (0.004)
2022-03-28 12:10:25,186:INFO:   Eta: 1:39:28
2022-03-28 12:10:30,550:INFO: Test: [68][529/530]  Loss -4.7156 (-3.5261)
2022-03-28 12:11:04,495:INFO: Train: [69][2075/2076]  Loss -0.1796 (-1.1420)  Time:  0.173 (0.016)  Data Time:  0.004 (0.004)
2022-03-28 12:11:04,497:INFO:   Eta: 1:42:18
2022-03-28 12:11:09,600:INFO: Test: [69][529/530]  Loss -4.4331 (-3.1769)
2022-03-28 12:11:37,536:INFO: Train: [70][2075/2076]  Loss -0.2383 (-1.1543)  Time:  0.206 (0.013)  Data Time:  0.005 (0.004)
2022-03-28 12:11:37,539:INFO:   Eta: 1:23:44
2022-03-28 12:11:43,503:INFO: Test: [70][529/530]  Loss -3.5926 (-2.7177)
2022-03-28 12:12:20,494:INFO: Train: [71][2075/2076]  Loss -0.2727 (-1.2079)  Time:  0.224 (0.018)  Data Time:  0.004 (0.004)
2022-03-28 12:12:20,495:INFO:   Eta: 1:50:14
2022-03-28 12:12:26,671:INFO: Test: [71][529/530]  Loss -5.1921 (-3.7345)
2022-03-28 12:12:26,679:INFO: Checkpoint saved...
2022-03-28 12:13:02,513:INFO: Train: [72][2075/2076]  Loss -0.2714 (-1.1913)  Time:  0.186 (0.017)  Data Time:  0.004 (0.004)
2022-03-28 12:13:02,516:INFO:   Eta: 1:46:12
2022-03-28 12:13:08,413:INFO: Test: [72][529/530]  Loss -5.0519 (-3.7186)
2022-03-28 12:13:44,778:INFO: Train: [73][2075/2076]  Loss -0.2871 (-1.1668)  Time:  0.312 (0.017)  Data Time:  0.005 (0.004)
2022-03-28 12:13:44,783:INFO:   Eta: 1:47:10
2022-03-28 12:13:50,747:INFO: Test: [73][529/530]  Loss -5.1900 (-3.8103)
2022-03-28 12:14:26,028:INFO: Train: [74][2075/2076]  Loss -0.2613 (-1.1739)  Time:  0.227 (0.017)  Data Time:  0.004 (0.004)
2022-03-28 12:14:26,032:INFO:   Eta: 1:43:23
2022-03-28 12:14:32,038:INFO: Test: [74][529/530]  Loss -5.8907 (-4.1659)
2022-03-28 12:14:32,052:INFO: Checkpoint saved...
2022-03-28 12:15:08,125:INFO: Train: [75][2075/2076]  Loss -0.2877 (-1.2266)  Time:  0.266 (0.017)  Data Time:  0.005 (0.004)
2022-03-28 12:15:08,129:INFO:   Eta: 1:45:04
2022-03-28 12:15:14,073:INFO: Test: [75][529/530]  Loss -5.2580 (-3.7889)
2022-03-28 12:15:48,416:INFO: Train: [76][2075/2076]  Loss -0.3227 (-1.1924)  Time:  0.183 (0.017)  Data Time:  0.004 (0.004)
2022-03-28 12:15:48,420:INFO:   Eta: 1:39:28
2022-03-28 12:15:53,922:INFO: Test: [76][529/530]  Loss -5.6132 (-4.0730)
2022-03-28 12:16:25,948:INFO: Train: [77][2075/2076]  Loss -0.2443 (-1.2115)  Time:  0.246 (0.015)  Data Time:  0.004 (0.004)
2022-03-28 12:16:25,951:INFO:   Eta: 1:32:15
2022-03-28 12:16:30,366:INFO: Test: [77][529/530]  Loss -4.9093 (-3.6277)
2022-03-28 12:17:03,352:INFO: Train: [78][2075/2076]  Loss -0.2550 (-1.2381)  Time:  0.223 (0.016)  Data Time:  0.003 (0.004)
2022-03-28 12:17:03,357:INFO:   Eta: 1:34:29
2022-03-28 12:17:09,075:INFO: Test: [78][529/530]  Loss -4.7072 (-3.4103)
2022-03-28 12:17:42,972:INFO: Train: [79][2075/2076]  Loss -0.2853 (-1.2187)  Time:  0.286 (0.016)  Data Time:  0.004 (0.004)
2022-03-28 12:17:42,976:INFO:   Eta: 1:36:30
2022-03-28 12:17:48,749:INFO: Test: [79][529/530]  Loss -5.4844 (-3.9018)
2022-03-28 12:18:22,838:INFO: Train: [80][2075/2076]  Loss -0.3128 (-1.1893)  Time:  0.183 (0.016)  Data Time:  0.004 (0.004)
2022-03-28 12:18:22,843:INFO:   Eta: 1:36:29
2022-03-28 12:18:28,779:INFO: Test: [80][529/530]  Loss -5.2423 (-3.8894)
2022-03-28 12:19:03,515:INFO: Train: [81][2075/2076]  Loss -0.2714 (-1.1924)  Time:  0.239 (0.017)  Data Time:  0.004 (0.004)
2022-03-28 12:19:03,518:INFO:   Eta: 1:37:45
2022-03-28 12:19:09,418:INFO: Test: [81][529/530]  Loss -5.8242 (-4.1358)
2022-03-28 12:19:44,026:INFO: Train: [82][2075/2076]  Loss -0.2533 (-1.1865)  Time:  0.184 (0.017)  Data Time:  0.004 (0.004)
2022-03-28 12:19:44,029:INFO:   Eta: 1:36:48
2022-03-28 12:19:49,606:INFO: Test: [82][529/530]  Loss -4.4395 (-3.2427)
2022-03-28 12:20:24,949:INFO: Train: [83][2075/2076]  Loss -0.2901 (-1.1690)  Time:  0.181 (0.017)  Data Time:  0.004 (0.004)
2022-03-28 12:20:24,951:INFO:   Eta: 1:37:41
2022-03-28 12:20:30,655:INFO: Test: [83][529/530]  Loss -5.3196 (-3.8835)
2022-03-28 12:20:58,863:INFO: Train: [84][2075/2076]  Loss -0.3516 (-1.2539)  Time:  0.170 (0.014)  Data Time:  0.004 (0.004)
2022-03-28 12:20:58,867:INFO:   Eta: 1:17:59
2022-03-28 12:21:04,358:INFO: Test: [84][529/530]  Loss -5.2108 (-3.8272)
2022-03-28 12:21:31,667:INFO: Train: [85][2075/2076]  Loss -0.2575 (-1.2909)  Time:  0.191 (0.013)  Data Time:  0.004 (0.004)
2022-03-28 12:21:31,671:INFO:   Eta: 1:15:01
2022-03-28 12:21:38,000:INFO: Test: [85][529/530]  Loss -5.7181 (-4.1083)
2022-03-28 12:22:12,220:INFO: Train: [86][2075/2076]  Loss -0.2236 (-1.2223)  Time:  0.182 (0.016)  Data Time:  0.004 (0.004)
2022-03-28 12:22:12,224:INFO:   Eta: 1:33:26
2022-03-28 12:22:18,120:INFO: Test: [86][529/530]  Loss -4.3288 (-3.2509)
2022-03-28 12:22:51,835:INFO: Train: [87][2075/2076]  Loss -0.2995 (-1.2690)  Time:  0.211 (0.016)  Data Time:  0.004 (0.004)
2022-03-28 12:22:51,837:INFO:   Eta: 1:31:30
2022-03-28 12:22:57,587:INFO: Test: [87][529/530]  Loss -5.7254 (-4.1237)
2022-03-28 12:23:31,531:INFO: Train: [88][2075/2076]  Loss -0.2477 (-1.2274)  Time:  0.261 (0.016)  Data Time:  0.004 (0.004)
2022-03-28 12:23:31,534:INFO:   Eta: 1:31:33
2022-03-28 12:23:37,204:INFO: Test: [88][529/530]  Loss -4.8233 (-3.4842)
2022-03-28 12:24:11,131:INFO: Train: [89][2075/2076]  Loss -0.2294 (-1.3273)  Time:  0.178 (0.016)  Data Time:  0.005 (0.005)
2022-03-28 12:24:11,132:INFO:   Eta: 1:30:56
2022-03-28 12:24:16,787:INFO: Test: [89][529/530]  Loss -5.8792 (-4.2091)
2022-03-28 12:24:50,462:INFO: Train: [90][2075/2076]  Loss -0.3129 (-1.2936)  Time:  0.236 (0.016)  Data Time:  0.004 (0.004)
2022-03-28 12:24:50,465:INFO:   Eta: 1:29:42
2022-03-28 12:24:56,269:INFO: Test: [90][529/530]  Loss -5.6834 (-4.1211)
2022-03-28 12:25:30,288:INFO: Train: [91][2075/2076]  Loss -0.3029 (-1.1429)  Time:  0.193 (0.016)  Data Time:  0.005 (0.004)
2022-03-28 12:25:30,293:INFO:   Eta: 1:30:00
2022-03-28 12:25:36,253:INFO: Test: [91][529/530]  Loss -5.2412 (-3.8301)
2022-03-28 12:26:09,333:INFO: Train: [92][2075/2076]  Loss -0.3565 (-1.2866)  Time:  0.181 (0.016)  Data Time:  0.002 (0.004)
2022-03-28 12:26:09,337:INFO:   Eta: 1:27:01
2022-03-28 12:26:15,032:INFO: Test: [92][529/530]  Loss -5.9438 (-4.2311)
2022-03-28 12:26:15,040:INFO: Checkpoint saved...
2022-03-28 12:26:48,590:INFO: Train: [93][2075/2076]  Loss -0.2583 (-1.3154)  Time:  0.185 (0.016)  Data Time:  0.004 (0.004)
2022-03-28 12:26:48,591:INFO:   Eta: 1:27:42
2022-03-28 12:26:54,370:INFO: Test: [93][529/530]  Loss -5.3216 (-3.8344)
2022-03-28 12:27:28,041:INFO: Train: [94][2075/2076]  Loss -0.2413 (-1.2300)  Time:  0.218 (0.016)  Data Time:  0.004 (0.004)
2022-03-28 12:27:28,044:INFO:   Eta: 1:27:28
2022-03-28 12:27:33,661:INFO: Test: [94][529/530]  Loss -4.1387 (-3.0313)
2022-03-28 12:28:06,124:INFO: Train: [95][2075/2076]  Loss -0.2501 (-1.3173)  Time:  0.184 (0.016)  Data Time:  0.004 (0.004)
2022-03-28 12:28:06,127:INFO:   Eta: 1:23:46
2022-03-28 12:28:11,704:INFO: Test: [95][529/530]  Loss -3.3581 (-2.5934)
2022-03-28 12:28:45,898:INFO: Train: [96][2075/2076]  Loss -0.3100 (-1.2220)  Time:  0.189 (0.016)  Data Time:  0.004 (0.004)
2022-03-28 12:28:45,901:INFO:   Eta: 1:27:37
2022-03-28 12:28:51,580:INFO: Test: [96][529/530]  Loss -4.4577 (-3.3151)
2022-03-28 12:29:25,201:INFO: Train: [97][2075/2076]  Loss -0.2844 (-1.3151)  Time:  0.210 (0.016)  Data Time:  0.004 (0.004)
2022-03-28 12:29:25,203:INFO:   Eta: 1:25:39
2022-03-28 12:29:30,428:INFO: Test: [97][529/530]  Loss -5.8333 (-4.1516)
2022-03-28 12:29:57,108:INFO: Train: [98][2075/2076]  Loss -0.2746 (-1.3506)  Time:  0.172 (0.013)  Data Time:  0.004 (0.004)
2022-03-28 12:29:57,110:INFO:   Eta: 1:07:33
2022-03-28 12:30:04,492:INFO: Test: [98][529/530]  Loss -5.7763 (-4.0910)
2022-03-28 12:30:31,826:INFO: Train: [99][2075/2076]  Loss -0.2652 (-1.3491)  Time:  0.133 (0.013)  Data Time:  0.004 (0.004)
2022-03-28 12:30:31,827:INFO:   Eta: 1:08:45
2022-03-28 12:30:35,753:INFO: Test: [99][529/530]  Loss -5.8248 (-4.1668)
2022-03-28 12:31:01,450:INFO: Train: [100][2075/2076]  Loss -0.3270 (-1.3179)  Time:  0.149 (0.012)  Data Time:  0.004 (0.004)
2022-03-28 12:31:01,452:INFO:   Eta: 1:04:12
2022-03-28 12:31:06,062:INFO: Test: [100][529/530]  Loss -5.8706 (-4.1928)
2022-03-28 12:31:28,461:INFO: Train: [101][2075/2076]  Loss -0.3185 (-1.2133)  Time:  0.178 (0.011)  Data Time:  0.004 (0.004)
2022-03-28 12:31:28,462:INFO:   Eta: 0:55:35
2022-03-28 12:31:32,504:INFO: Test: [101][529/530]  Loss -5.5492 (-4.0130)
2022-03-28 12:31:59,165:INFO: Train: [102][2075/2076]  Loss -0.3304 (-1.3620)  Time:  0.158 (0.013)  Data Time:  0.004 (0.004)
2022-03-28 12:31:59,167:INFO:   Eta: 1:05:43
2022-03-28 12:32:03,998:INFO: Test: [102][529/530]  Loss -6.1616 (-4.3952)
2022-03-28 12:32:04,007:INFO: Checkpoint saved...
2022-03-28 12:32:31,210:INFO: Train: [103][2075/2076]  Loss -0.3653 (-1.2987)  Time:  0.156 (0.013)  Data Time:  0.004 (0.004)
2022-03-28 12:32:31,211:INFO:   Eta: 1:06:37
2022-03-28 12:32:35,496:INFO: Test: [103][529/530]  Loss -5.5564 (-4.0571)
2022-03-28 12:33:01,934:INFO: Train: [104][2075/2076]  Loss -0.2542 (-1.4000)  Time:  0.174 (0.013)  Data Time:  0.004 (0.004)
2022-03-28 12:33:01,935:INFO:   Eta: 1:04:17
2022-03-28 12:33:06,070:INFO: Test: [104][529/530]  Loss -5.8283 (-4.2442)
2022-03-28 12:33:33,624:INFO: Train: [105][2075/2076]  Loss -0.2490 (-1.4053)  Time:  0.167 (0.013)  Data Time:  0.004 (0.004)
2022-03-28 12:33:33,625:INFO:   Eta: 1:06:33
2022-03-28 12:33:37,725:INFO: Test: [105][529/530]  Loss -6.0430 (-4.3117)
2022-03-28 12:34:05,336:INFO: Train: [106][2075/2076]  Loss -0.2863 (-1.3241)  Time:  0.159 (0.013)  Data Time:  0.005 (0.004)
2022-03-28 12:34:05,338:INFO:   Eta: 1:06:13
2022-03-28 12:34:09,828:INFO: Test: [106][529/530]  Loss -5.7372 (-4.0474)
2022-03-28 12:34:36,516:INFO: Train: [107][2075/2076]  Loss -0.3318 (-1.2887)  Time:  0.152 (0.013)  Data Time:  0.003 (0.004)
2022-03-28 12:34:36,517:INFO:   Eta: 1:03:34
2022-03-28 12:34:40,918:INFO: Test: [107][529/530]  Loss -6.3009 (-4.5154)
2022-03-28 12:34:40,942:INFO: Checkpoint saved...
2022-03-28 12:35:08,054:INFO: Train: [108][2075/2076]  Loss -0.3456 (-1.2571)  Time:  0.166 (0.013)  Data Time:  0.005 (0.004)
2022-03-28 12:35:08,055:INFO:   Eta: 1:04:07
2022-03-28 12:35:12,540:INFO: Test: [108][529/530]  Loss -5.1519 (-3.8325)
2022-03-28 12:35:39,596:INFO: Train: [109][2075/2076]  Loss -0.3605 (-1.3267)  Time:  0.157 (0.013)  Data Time:  0.003 (0.004)
2022-03-28 12:35:39,598:INFO:   Eta: 1:03:33
2022-03-28 12:35:43,878:INFO: Test: [109][529/530]  Loss -5.1415 (-3.7284)
2022-03-28 12:36:11,397:INFO: Train: [110][2075/2076]  Loss -0.3257 (-1.2587)  Time:  0.157 (0.013)  Data Time:  0.005 (0.004)
2022-03-28 12:36:11,397:INFO:   Eta: 1:04:10
2022-03-28 12:36:15,655:INFO: Test: [110][529/530]  Loss -6.2725 (-4.5313)
2022-03-28 12:36:43,350:INFO: Train: [111][2075/2076]  Loss -0.2849 (-1.3640)  Time:  0.163 (0.013)  Data Time:  0.005 (0.004)
2022-03-28 12:36:43,351:INFO:   Eta: 1:04:07
2022-03-28 12:36:47,623:INFO: Test: [111][529/530]  Loss -5.8794 (-4.2046)
2022-03-28 12:37:15,242:INFO: Train: [112][2075/2076]  Loss -0.2362 (-1.2603)  Time:  0.173 (0.013)  Data Time:  0.004 (0.004)
2022-03-28 12:37:15,243:INFO:   Eta: 1:03:29
2022-03-28 12:37:20,768:INFO: Test: [112][529/530]  Loss -4.4172 (-3.3347)
2022-03-28 12:37:48,420:INFO: Train: [113][2075/2076]  Loss -0.3002 (-1.3285)  Time:  0.155 (0.013)  Data Time:  0.004 (0.004)
2022-03-28 12:37:48,421:INFO:   Eta: 1:03:06
2022-03-28 12:37:52,807:INFO: Test: [113][529/530]  Loss -6.1656 (-4.3900)
2022-03-28 12:38:20,008:INFO: Train: [114][2075/2076]  Loss -0.3962 (-1.3363)  Time:  0.182 (0.013)  Data Time:  0.004 (0.004)
2022-03-28 12:38:20,009:INFO:   Eta: 1:01:37
2022-03-28 12:38:24,360:INFO: Test: [114][529/530]  Loss -3.8407 (-3.1158)
2022-03-28 12:38:51,477:INFO: Train: [115][2075/2076]  Loss -0.2855 (-1.3180)  Time:  0.175 (0.013)  Data Time:  0.004 (0.004)
2022-03-28 12:38:51,478:INFO:   Eta: 1:00:59
2022-03-28 12:38:55,610:INFO: Test: [115][529/530]  Loss -4.5243 (-3.2746)
2022-03-28 12:39:22,240:INFO: Train: [116][2075/2076]  Loss -0.2671 (-1.3995)  Time:  0.139 (0.013)  Data Time:  0.004 (0.004)
2022-03-28 12:39:22,241:INFO:   Eta: 0:59:26
2022-03-28 12:39:26,390:INFO: Test: [116][529/530]  Loss -4.4775 (-3.2345)
2022-03-28 12:39:53,064:INFO: Train: [117][2075/2076]  Loss -0.2726 (-1.2700)  Time:  0.152 (0.013)  Data Time:  0.005 (0.004)
2022-03-28 12:39:53,065:INFO:   Eta: 0:59:05
2022-03-28 12:39:57,139:INFO: Test: [117][529/530]  Loss -5.8312 (-4.2574)
2022-03-28 12:40:24,199:INFO: Train: [118][2075/2076]  Loss -0.3258 (-1.3672)  Time:  0.154 (0.013)  Data Time:  0.005 (0.004)
2022-03-28 12:40:24,199:INFO:   Eta: 0:59:30
2022-03-28 12:40:28,470:INFO: Test: [118][529/530]  Loss -5.8850 (-4.2780)
2022-03-28 12:40:55,620:INFO: Train: [119][2075/2076]  Loss -0.2808 (-1.3030)  Time:  0.165 (0.013)  Data Time:  0.005 (0.004)
2022-03-28 12:40:55,620:INFO:   Eta: 0:59:14
2022-03-28 12:41:00,030:INFO: Test: [119][529/530]  Loss -5.1587 (-3.7256)
2022-03-28 12:41:27,097:INFO: Train: [120][2075/2076]  Loss -0.2064 (-1.4420)  Time:  0.150 (0.013)  Data Time:  0.005 (0.004)
2022-03-28 12:41:27,098:INFO:   Eta: 0:58:37
2022-03-28 12:41:31,061:INFO: Test: [120][529/530]  Loss -5.5356 (-3.9883)
2022-03-28 12:41:58,082:INFO: Train: [121][2075/2076]  Loss -0.3004 (-1.3747)  Time:  0.157 (0.013)  Data Time:  0.004 (0.004)
2022-03-28 12:41:58,083:INFO:   Eta: 0:57:31
2022-03-28 12:42:02,332:INFO: Test: [121][529/530]  Loss -5.9171 (-4.1802)
2022-03-28 12:42:29,277:INFO: Train: [122][2075/2076]  Loss -0.3599 (-1.3091)  Time:  0.197 (0.013)  Data Time:  0.004 (0.004)
2022-03-28 12:42:29,279:INFO:   Eta: 0:57:26
2022-03-28 12:42:34,449:INFO: Test: [122][529/530]  Loss -5.9457 (-4.2968)
2022-03-28 12:43:03,813:INFO: Train: [123][2075/2076]  Loss -0.2668 (-1.4326)  Time:  0.160 (0.014)  Data Time:  0.004 (0.004)
2022-03-28 12:43:03,867:INFO:   Eta: 1:02:07
2022-03-28 12:43:08,732:INFO: Test: [123][529/530]  Loss -6.3036 (-4.4834)
2022-03-28 12:43:08,746:INFO: Checkpoint saved...
2022-03-28 12:43:37,559:INFO: Train: [124][2075/2076]  Loss -0.3457 (-1.4273)  Time:  0.187 (0.014)  Data Time:  0.003 (0.004)
2022-03-28 12:43:37,560:INFO:   Eta: 1:00:25
2022-03-28 12:43:42,293:INFO: Test: [124][529/530]  Loss -3.9750 (-3.1644)
2022-03-28 12:44:11,262:INFO: Train: [125][2075/2076]  Loss -0.3089 (-1.4232)  Time:  0.159 (0.014)  Data Time:  0.004 (0.004)
2022-03-28 12:44:11,264:INFO:   Eta: 1:00:18
2022-03-28 12:44:15,981:INFO: Test: [125][529/530]  Loss -6.6769 (-4.7780)
2022-03-28 12:44:15,990:INFO: Checkpoint saved...
2022-03-28 12:44:44,075:INFO: Train: [126][2075/2076]  Loss -0.0816 (-1.3867)  Time:  0.177 (0.014)  Data Time:  0.005 (0.004)
2022-03-28 12:44:44,076:INFO:   Eta: 0:58:00
2022-03-28 12:44:48,644:INFO: Test: [126][529/530]  Loss -2.6010 (-2.0814)
2022-03-28 12:45:16,846:INFO: Train: [127][2075/2076]  Loss -0.2303 (-1.3540)  Time:  0.149 (0.014)  Data Time:  0.005 (0.004)
2022-03-28 12:45:16,847:INFO:   Eta: 0:57:45
2022-03-28 12:45:21,357:INFO: Test: [127][529/530]  Loss -5.0228 (-3.7109)
2022-03-28 12:45:49,679:INFO: Train: [128][2075/2076]  Loss -0.3562 (-1.4136)  Time:  0.172 (0.014)  Data Time:  0.005 (0.004)
2022-03-28 12:45:49,681:INFO:   Eta: 0:57:33
2022-03-28 12:45:54,428:INFO: Test: [128][529/530]  Loss -5.5091 (-3.9591)
2022-03-28 12:46:22,376:INFO: Train: [129][2075/2076]  Loss -0.2435 (-1.3410)  Time:  0.164 (0.013)  Data Time:  0.005 (0.004)
2022-03-28 12:46:22,377:INFO:   Eta: 0:56:19
2022-03-28 12:46:27,007:INFO: Test: [129][529/530]  Loss -5.2721 (-3.8129)
2022-03-28 12:46:55,042:INFO: Train: [130][2075/2076]  Loss -0.3323 (-1.3623)  Time:  0.146 (0.013)  Data Time:  0.004 (0.004)
2022-03-28 12:46:55,043:INFO:   Eta: 0:56:02
2022-03-28 12:46:59,766:INFO: Test: [130][529/530]  Loss -6.0631 (-4.3527)
2022-03-28 12:47:27,691:INFO: Train: [131][2075/2076]  Loss -0.2294 (-1.3228)  Time:  0.143 (0.013)  Data Time:  0.004 (0.004)
2022-03-28 12:47:27,692:INFO:   Eta: 0:55:21
2022-03-28 12:47:32,396:INFO: Test: [131][529/530]  Loss -4.4826 (-3.1576)
2022-03-28 12:48:00,714:INFO: Train: [132][2075/2076]  Loss -0.3341 (-1.3028)  Time:  0.167 (0.014)  Data Time:  0.004 (0.004)
2022-03-28 12:48:00,715:INFO:   Eta: 0:55:39
2022-03-28 12:48:05,346:INFO: Test: [132][529/530]  Loss -6.0922 (-4.3806)
2022-03-28 12:48:32,876:INFO: Train: [133][2075/2076]  Loss -0.2545 (-1.4740)  Time:  0.151 (0.013)  Data Time:  0.003 (0.004)
2022-03-28 12:48:32,878:INFO:   Eta: 0:53:36
2022-03-28 12:48:37,596:INFO: Test: [133][529/530]  Loss -5.2425 (-3.7371)
2022-03-28 12:49:05,476:INFO: Train: [134][2075/2076]  Loss -0.2670 (-1.3320)  Time:  0.181 (0.013)  Data Time:  0.004 (0.004)
2022-03-28 12:49:05,478:INFO:   Eta: 0:53:52
2022-03-28 12:49:10,213:INFO: Test: [134][529/530]  Loss -6.3096 (-4.5179)
2022-03-28 12:49:38,318:INFO: Train: [135][2075/2076]  Loss -0.2998 (-1.4301)  Time:  0.173 (0.014)  Data Time:  0.005 (0.004)
2022-03-28 12:49:38,319:INFO:   Eta: 0:53:50
2022-03-28 12:49:42,989:INFO: Test: [135][529/530]  Loss -6.0807 (-4.3446)
2022-03-28 12:50:08,872:INFO: Train: [136][2075/2076]  Loss -0.2925 (-1.2921)  Time:  0.170 (0.012)  Data Time:  0.004 (0.004)
2022-03-28 12:50:08,872:INFO:   Eta: 0:49:09
2022-03-28 12:50:17,428:INFO: Test: [136][529/530]  Loss -5.4756 (-3.9186)
2022-03-28 12:50:51,507:INFO: Train: [137][2075/2076]  Loss -0.3578 (-1.4364)  Time:  0.170 (0.016)  Data Time:  0.004 (0.004)
2022-03-28 12:50:51,508:INFO:   Eta: 1:04:06
2022-03-28 12:50:56,911:INFO: Test: [137][529/530]  Loss -6.3769 (-4.5280)
2022-03-28 12:51:29,139:INFO: Train: [138][2075/2076]  Loss -0.3225 (-1.5041)  Time:  0.185 (0.015)  Data Time:  0.005 (0.004)
2022-03-28 12:51:29,141:INFO:   Eta: 1:00:00
2022-03-28 12:51:34,429:INFO: Test: [138][529/530]  Loss -5.4841 (-3.9794)
2022-03-28 12:52:06,159:INFO: Train: [139][2075/2076]  Loss -0.2981 (-1.3225)  Time:  0.202 (0.015)  Data Time:  0.004 (0.004)
2022-03-28 12:52:06,161:INFO:   Eta: 0:58:38
2022-03-28 12:52:11,705:INFO: Test: [139][529/530]  Loss -6.1834 (-4.3991)
2022-03-28 12:52:44,045:INFO: Train: [140][2075/2076]  Loss -0.2165 (-1.3136)  Time:  0.154 (0.016)  Data Time:  0.004 (0.004)
2022-03-28 12:52:44,047:INFO:   Eta: 0:59:14
2022-03-28 12:52:49,173:INFO: Test: [140][529/530]  Loss -5.6720 (-4.1674)
2022-03-28 12:53:20,692:INFO: Train: [141][2075/2076]  Loss -0.3734 (-1.4639)  Time:  0.178 (0.015)  Data Time:  0.005 (0.004)
2022-03-28 12:53:20,694:INFO:   Eta: 0:57:12
2022-03-28 12:53:26,045:INFO: Test: [141][529/530]  Loss -6.0519 (-4.3653)
2022-03-28 12:53:57,569:INFO: Train: [142][2075/2076]  Loss -0.2423 (-1.4274)  Time:  0.155 (0.015)  Data Time:  0.004 (0.004)
2022-03-28 12:53:57,571:INFO:   Eta: 0:56:41
2022-03-28 12:54:02,771:INFO: Test: [142][529/530]  Loss -4.8619 (-3.5550)
2022-03-28 12:54:34,650:INFO: Train: [143][2075/2076]  Loss -0.3123 (-1.4358)  Time:  0.180 (0.015)  Data Time:  0.004 (0.004)
2022-03-28 12:54:34,652:INFO:   Eta: 0:56:48
2022-03-28 12:54:39,806:INFO: Test: [143][529/530]  Loss -6.4035 (-4.6097)
2022-03-28 12:55:11,829:INFO: Train: [144][2075/2076]  Loss -0.3549 (-1.4662)  Time:  0.250 (0.015)  Data Time:  0.004 (0.004)
2022-03-28 12:55:11,831:INFO:   Eta: 0:56:31
2022-03-28 12:55:17,019:INFO: Test: [144][529/530]  Loss -5.5452 (-4.0285)
2022-03-28 12:55:48,430:INFO: Train: [145][2075/2076]  Loss -0.3245 (-1.5485)  Time:  0.192 (0.015)  Data Time:  0.004 (0.004)
2022-03-28 12:55:48,432:INFO:   Eta: 0:54:54
2022-03-28 12:55:53,710:INFO: Test: [145][529/530]  Loss -4.8514 (-3.6068)
2022-03-28 12:56:25,799:INFO: Train: [146][2075/2076]  Loss -0.3490 (-1.3501)  Time:  0.208 (0.015)  Data Time:  0.004 (0.004)
2022-03-28 12:56:25,802:INFO:   Eta: 0:55:34
2022-03-28 12:56:31,016:INFO: Test: [146][529/530]  Loss -5.5693 (-4.0713)
2022-03-28 12:57:02,183:INFO: Train: [147][2075/2076]  Loss -0.3512 (-1.5497)  Time:  0.149 (0.015)  Data Time:  0.004 (0.004)
2022-03-28 12:57:02,226:INFO:   Eta: 0:53:27
2022-03-28 12:57:07,268:INFO: Test: [147][529/530]  Loss -3.8466 (-2.9650)
2022-03-28 12:57:38,749:INFO: Train: [148][2075/2076]  Loss -0.3536 (-1.5291)  Time:  0.172 (0.015)  Data Time:  0.005 (0.004)
2022-03-28 12:57:38,750:INFO:   Eta: 0:53:28
2022-03-28 12:57:44,007:INFO: Test: [148][529/530]  Loss -6.0034 (-4.3408)
2022-03-28 12:58:10,789:INFO: Train: [149][2075/2076]  Loss -0.3678 (-1.4646)  Time:  0.215 (0.013)  Data Time:  0.005 (0.004)
2022-03-28 12:58:10,790:INFO:   Eta: 0:45:03
2022-03-28 12:58:16,088:INFO: Test: [149][529/530]  Loss -5.9739 (-4.3128)
2022-03-28 12:58:48,365:INFO: Train: [150][2075/2076]  Loss -0.3761 (-1.5828)  Time:  0.196 (0.016)  Data Time:  0.004 (0.004)
2022-03-28 12:58:48,367:INFO:   Eta: 0:53:45
2022-03-28 12:58:54,208:INFO: Test: [150][529/530]  Loss -5.7099 (-4.1446)
2022-03-28 12:59:26,242:INFO: Train: [151][2075/2076]  Loss -0.4337 (-1.6483)  Time:  0.181 (0.015)  Data Time:  0.003 (0.004)
2022-03-28 12:59:26,321:INFO:   Eta: 0:52:48
2022-03-28 12:59:31,564:INFO: Test: [151][529/530]  Loss -5.9484 (-4.2864)
2022-03-28 13:00:03,543:INFO: Train: [152][2075/2076]  Loss -0.3107 (-1.6983)  Time:  0.244 (0.015)  Data Time:  0.004 (0.004)
2022-03-28 13:00:03,547:INFO:   Eta: 0:52:11
2022-03-28 13:00:08,512:INFO: Test: [152][529/530]  Loss -4.7716 (-3.4389)
2022-03-28 13:00:40,151:INFO: Train: [153][2075/2076]  Loss -0.4240 (-1.7023)  Time:  0.179 (0.015)  Data Time:  0.005 (0.004)
2022-03-28 13:00:40,153:INFO:   Eta: 0:51:06
2022-03-28 13:00:45,431:INFO: Test: [153][529/530]  Loss -6.4394 (-4.6489)
2022-03-28 13:01:17,111:INFO: Train: [154][2075/2076]  Loss -0.4611 (-1.6968)  Time:  0.161 (0.015)  Data Time:  0.004 (0.004)
2022-03-28 13:01:17,113:INFO:   Eta: 0:50:38
2022-03-28 13:01:22,491:INFO: Test: [154][529/530]  Loss -4.7155 (-3.6134)
2022-03-28 13:01:54,987:INFO: Train: [155][2075/2076]  Loss -0.3559 (-1.6560)  Time:  0.215 (0.016)  Data Time:  0.005 (0.004)
2022-03-28 13:01:54,991:INFO:   Eta: 0:51:24
2022-03-28 13:02:00,066:INFO: Test: [155][529/530]  Loss -5.7562 (-4.2239)
2022-03-28 13:02:32,544:INFO: Train: [156][2075/2076]  Loss -0.3853 (-1.6300)  Time:  0.186 (0.016)  Data Time:  0.003 (0.004)
2022-03-28 13:02:32,546:INFO:   Eta: 0:50:50
2022-03-28 13:02:37,595:INFO: Test: [156][529/530]  Loss -4.4256 (-3.4306)
2022-03-28 13:03:10,155:INFO: Train: [157][2075/2076]  Loss -0.4018 (-1.7192)  Time:  0.173 (0.016)  Data Time:  0.004 (0.004)
2022-03-28 13:03:10,157:INFO:   Eta: 0:50:24
2022-03-28 13:03:15,109:INFO: Test: [157][529/530]  Loss -6.3167 (-4.5553)
2022-03-28 13:03:47,574:INFO: Train: [158][2075/2076]  Loss -0.2712 (-1.6986)  Time:  0.175 (0.016)  Data Time:  0.005 (0.004)
2022-03-28 13:03:47,576:INFO:   Eta: 0:49:43
2022-03-28 13:03:52,899:INFO: Test: [158][529/530]  Loss -6.0475 (-4.4115)
2022-03-28 13:04:25,161:INFO: Train: [159][2075/2076]  Loss -0.4113 (-1.6408)  Time:  0.197 (0.016)  Data Time:  0.004 (0.004)
2022-03-28 13:04:25,163:INFO:   Eta: 0:48:53
2022-03-28 13:04:30,479:INFO: Test: [159][529/530]  Loss -5.7204 (-4.2137)
2022-03-28 13:05:01,858:INFO: Train: [160][2075/2076]  Loss -0.3940 (-1.6657)  Time:  0.201 (0.015)  Data Time:  0.005 (0.004)
2022-03-28 13:05:01,863:INFO:   Eta: 0:47:01
2022-03-28 13:05:07,174:INFO: Test: [160][529/530]  Loss -4.7265 (-3.6514)
2022-03-28 13:05:39,982:INFO: Train: [161][2075/2076]  Loss -0.3705 (-1.6314)  Time:  0.177 (0.016)  Data Time:  0.004 (0.004)
2022-03-28 13:05:39,984:INFO:   Eta: 0:48:17
2022-03-28 13:05:45,408:INFO: Test: [161][529/530]  Loss -6.4806 (-4.6680)
2022-03-28 13:06:15,847:INFO: Train: [162][2075/2076]  Loss -0.4173 (-1.6988)  Time:  0.203 (0.015)  Data Time:  0.004 (0.004)
2022-03-28 13:06:15,849:INFO:   Eta: 0:44:36
2022-03-28 13:06:19,974:INFO: Test: [162][529/530]  Loss -5.4890 (-4.0051)
2022-03-28 13:06:47,493:INFO: Train: [163][2075/2076]  Loss -0.3947 (-1.7043)  Time:  0.169 (0.013)  Data Time:  0.004 (0.004)
2022-03-28 13:06:47,494:INFO:   Eta: 0:39:52
2022-03-28 13:06:51,921:INFO: Test: [163][529/530]  Loss -4.7904 (-3.6570)
2022-03-28 13:07:17,899:INFO: Train: [164][2075/2076]  Loss -0.3076 (-1.7209)  Time:  0.124 (0.013)  Data Time:  0.004 (0.004)
2022-03-28 13:07:17,900:INFO:   Eta: 0:37:13
2022-03-28 13:07:21,851:INFO: Test: [164][529/530]  Loss -5.9994 (-4.3593)
2022-03-28 13:07:46,675:INFO: Train: [165][2075/2076]  Loss -0.3852 (-1.7132)  Time:  0.124 (0.012)  Data Time:  0.003 (0.004)
2022-03-28 13:07:46,676:INFO:   Eta: 0:35:09
2022-03-28 13:07:50,591:INFO: Test: [165][529/530]  Loss -6.4637 (-4.6655)
2022-03-28 13:08:15,642:INFO: Train: [166][2075/2076]  Loss -0.4311 (-1.7193)  Time:  0.150 (0.012)  Data Time:  0.005 (0.004)
2022-03-28 13:08:15,643:INFO:   Eta: 0:35:03
2022-03-28 13:08:19,915:INFO: Test: [166][529/530]  Loss -5.8518 (-4.2393)
2022-03-28 13:08:45,691:INFO: Train: [167][2075/2076]  Loss -0.4553 (-1.7076)  Time:  0.150 (0.012)  Data Time:  0.004 (0.004)
2022-03-28 13:08:45,691:INFO:   Eta: 0:35:38
2022-03-28 13:08:49,851:INFO: Test: [167][529/530]  Loss -4.4367 (-3.3174)
2022-03-28 13:09:14,832:INFO: Train: [168][2075/2076]  Loss -0.3204 (-1.7026)  Time:  0.136 (0.012)  Data Time:  0.004 (0.004)
2022-03-28 13:09:14,832:INFO:   Eta: 0:34:07
2022-03-28 13:09:19,097:INFO: Test: [168][529/530]  Loss -5.3706 (-3.8919)
2022-03-28 13:09:44,444:INFO: Train: [169][2075/2076]  Loss -0.3754 (-1.7527)  Time:  0.140 (0.012)  Data Time:  0.004 (0.004)
2022-03-28 13:09:44,445:INFO:   Eta: 0:34:12
2022-03-28 13:09:48,860:INFO: Test: [169][529/530]  Loss -6.1110 (-4.4174)
2022-03-28 13:10:15,936:INFO: Train: [170][2075/2076]  Loss -0.4057 (-1.6909)  Time:  0.137 (0.013)  Data Time:  0.004 (0.004)
2022-03-28 13:10:15,938:INFO:   Eta: 0:36:04
2022-03-28 13:10:20,688:INFO: Test: [170][529/530]  Loss -3.3581 (-2.5955)
2022-03-28 13:10:44,135:INFO: Train: [171][2075/2076]  Loss -0.3372 (-1.6758)  Time:  0.134 (0.011)  Data Time:  0.003 (0.004)
2022-03-28 13:10:44,137:INFO:   Eta: 0:30:51
2022-03-28 13:10:49,127:INFO: Test: [171][529/530]  Loss -5.8974 (-4.3248)
2022-03-28 13:11:17,346:INFO: Train: [172][2075/2076]  Loss -0.4144 (-1.7106)  Time:  0.151 (0.014)  Data Time:  0.003 (0.004)
2022-03-28 13:11:17,349:INFO:   Eta: 0:36:39
2022-03-28 13:11:22,168:INFO: Test: [172][529/530]  Loss -5.7752 (-4.1751)
2022-03-28 13:11:49,410:INFO: Train: [173][2075/2076]  Loss -0.4617 (-1.6630)  Time:  0.131 (0.013)  Data Time:  0.004 (0.004)
2022-03-28 13:11:49,410:INFO:   Eta: 0:34:55
2022-03-28 13:11:54,136:INFO: Test: [173][529/530]  Loss -6.0593 (-4.4147)
2022-03-28 13:12:19,382:INFO: Train: [174][2075/2076]  Loss -0.3865 (-1.7350)  Time:  0.141 (0.012)  Data Time:  0.005 (0.004)
2022-03-28 13:12:19,383:INFO:   Eta: 0:31:57
2022-03-28 13:12:23,831:INFO: Test: [174][529/530]  Loss -5.9543 (-4.3471)
2022-03-28 13:12:51,459:INFO: Train: [175][2075/2076]  Loss -0.3549 (-1.6754)  Time:  0.179 (0.013)  Data Time:  0.003 (0.004)
2022-03-28 13:12:51,460:INFO:   Eta: 0:34:31
2022-03-28 13:12:56,514:INFO: Test: [175][529/530]  Loss -4.5790 (-3.4546)
2022-03-28 13:13:25,246:INFO: Train: [176][2075/2076]  Loss -0.3420 (-1.7139)  Time:  0.177 (0.014)  Data Time:  0.004 (0.004)
2022-03-28 13:13:25,247:INFO:   Eta: 0:35:24
2022-03-28 13:13:30,597:INFO: Test: [176][529/530]  Loss -5.3345 (-3.8438)
2022-03-28 13:13:57,196:INFO: Train: [177][2075/2076]  Loss -0.4279 (-1.7206)  Time:  0.142 (0.013)  Data Time:  0.004 (0.004)
2022-03-28 13:13:57,197:INFO:   Eta: 0:32:20
2022-03-28 13:14:01,208:INFO: Test: [177][529/530]  Loss -6.2805 (-4.5398)
2022-03-28 13:14:26,012:INFO: Train: [178][2075/2076]  Loss -0.3515 (-1.7436)  Time:  0.133 (0.012)  Data Time:  0.004 (0.004)
2022-03-28 13:14:26,013:INFO:   Eta: 0:29:44
2022-03-28 13:14:30,017:INFO: Test: [178][529/530]  Loss -6.3963 (-4.6206)
2022-03-28 13:14:54,291:INFO: Train: [179][2075/2076]  Loss -0.4610 (-1.6593)  Time:  0.128 (0.012)  Data Time:  0.004 (0.004)
2022-03-28 13:14:54,292:INFO:   Eta: 0:28:42
2022-03-28 13:14:58,285:INFO: Test: [179][529/530]  Loss -6.1967 (-4.4533)
2022-03-28 13:15:23,833:INFO: Train: [180][2075/2076]  Loss -0.4059 (-1.7171)  Time:  0.151 (0.012)  Data Time:  0.004 (0.004)
2022-03-28 13:15:23,834:INFO:   Eta: 0:29:47
2022-03-28 13:15:27,928:INFO: Test: [180][529/530]  Loss -5.4677 (-4.0972)
2022-03-28 13:15:54,444:INFO: Train: [181][2075/2076]  Loss -0.3954 (-1.6883)  Time:  0.175 (0.013)  Data Time:  0.004 (0.004)
2022-03-28 13:15:54,446:INFO:   Eta: 0:30:28
2022-03-28 13:15:59,658:INFO: Test: [181][529/530]  Loss -5.7651 (-4.1363)
2022-03-28 13:16:28,447:INFO: Train: [182][2075/2076]  Loss -0.3884 (-1.7093)  Time:  0.181 (0.014)  Data Time:  0.004 (0.004)
2022-03-28 13:16:28,449:INFO:   Eta: 0:32:36
2022-03-28 13:16:33,843:INFO: Test: [182][529/530]  Loss -5.9194 (-4.2764)
2022-03-28 13:17:02,537:INFO: Train: [183][2075/2076]  Loss -0.3205 (-1.7716)  Time:  0.158 (0.014)  Data Time:  0.005 (0.004)
2022-03-28 13:17:02,538:INFO:   Eta: 0:32:01
2022-03-28 13:17:06,680:INFO: Test: [183][529/530]  Loss -5.9960 (-4.4023)
2022-03-28 13:17:34,014:INFO: Train: [184][2075/2076]  Loss -0.3488 (-1.7579)  Time:  0.139 (0.013)  Data Time:  0.004 (0.004)
2022-03-28 13:17:34,015:INFO:   Eta: 0:30:03
2022-03-28 13:17:38,315:INFO: Test: [184][529/530]  Loss -4.7792 (-3.5405)
2022-03-28 13:18:05,061:INFO: Train: [185][2075/2076]  Loss -0.3114 (-1.6680)  Time:  0.150 (0.012)  Data Time:  0.005 (0.004)
2022-03-28 13:18:05,062:INFO:   Eta: 0:26:05
2022-03-28 13:18:11,929:INFO: Test: [185][529/530]  Loss -4.9846 (-3.7066)
2022-03-28 13:18:39,296:INFO: Train: [186][2075/2076]  Loss -0.3805 (-1.7577)  Time:  0.163 (0.013)  Data Time:  0.003 (0.004)
2022-03-28 13:18:39,298:INFO:   Eta: 0:29:10
2022-03-28 13:18:44,194:INFO: Test: [186][529/530]  Loss -5.9597 (-4.2936)
2022-03-28 13:19:12,761:INFO: Train: [187][2075/2076]  Loss -0.4165 (-1.6743)  Time:  0.157 (0.014)  Data Time:  0.005 (0.004)
2022-03-28 13:19:12,763:INFO:   Eta: 0:29:58
2022-03-28 13:19:17,559:INFO: Test: [187][529/530]  Loss -5.0241 (-3.7566)
2022-03-28 13:19:46,968:INFO: Train: [188][2075/2076]  Loss -0.2510 (-1.6294)  Time:  0.175 (0.014)  Data Time:  0.004 (0.004)
2022-03-28 13:19:46,970:INFO:   Eta: 0:30:22
2022-03-28 13:19:51,571:INFO: Test: [188][529/530]  Loss -5.9841 (-4.3764)
2022-03-28 13:20:20,766:INFO: Train: [189][2075/2076]  Loss -0.4290 (-1.7646)  Time:  0.146 (0.014)  Data Time:  0.005 (0.004)
2022-03-28 13:20:20,767:INFO:   Eta: 0:29:39
2022-03-28 13:20:25,779:INFO: Test: [189][529/530]  Loss -5.4459 (-4.0261)
2022-03-28 13:20:55,198:INFO: Train: [190][2075/2076]  Loss -0.4015 (-1.7281)  Time:  0.169 (0.014)  Data Time:  0.004 (0.005)
2022-03-28 13:20:55,199:INFO:   Eta: 0:29:23
2022-03-28 13:20:59,723:INFO: Test: [190][529/530]  Loss -6.4323 (-4.6405)
2022-03-28 13:21:28,668:INFO: Train: [191][2075/2076]  Loss -0.3793 (-1.7087)  Time:  0.197 (0.014)  Data Time:  0.004 (0.004)
2022-03-28 13:21:28,672:INFO:   Eta: 0:28:26
2022-03-28 13:21:33,202:INFO: Test: [191][529/530]  Loss -6.1441 (-4.4607)
2022-03-28 13:21:58,521:INFO: Train: [192][2075/2076]  Loss -0.3903 (-1.7340)  Time:  0.144 (0.012)  Data Time:  0.004 (0.004)
2022-03-28 13:21:58,522:INFO:   Eta: 0:24:27
2022-03-28 13:22:02,577:INFO: Test: [192][529/530]  Loss -5.8531 (-4.2207)
2022-03-28 13:22:29,714:INFO: Train: [193][2075/2076]  Loss -0.2992 (-1.7231)  Time:  0.167 (0.013)  Data Time:  0.004 (0.004)
2022-03-28 13:22:29,715:INFO:   Eta: 0:25:46
2022-03-28 13:22:34,708:INFO: Test: [193][529/530]  Loss -4.7491 (-3.4788)
2022-03-28 13:23:02,315:INFO: Train: [194][2075/2076]  Loss -0.4166 (-1.7419)  Time:  0.146 (0.013)  Data Time:  0.005 (0.004)
2022-03-28 13:23:02,316:INFO:   Eta: 0:25:45
2022-03-28 13:23:06,491:INFO: Test: [194][529/530]  Loss -6.1705 (-4.4459)
2022-03-28 13:23:34,811:INFO: Train: [195][2075/2076]  Loss -0.3857 (-1.7252)  Time:  0.134 (0.014)  Data Time:  0.004 (0.004)
2022-03-28 13:23:34,811:INFO:   Eta: 0:25:56
2022-03-28 13:23:38,819:INFO: Test: [195][529/530]  Loss -5.3531 (-3.9209)
2022-03-28 13:24:04,215:INFO: Train: [196][2075/2076]  Loss -0.3570 (-1.6530)  Time:  0.142 (0.012)  Data Time:  0.003 (0.004)
2022-03-28 13:24:04,215:INFO:   Eta: 0:22:50
2022-03-28 13:24:08,247:INFO: Test: [196][529/530]  Loss -6.0640 (-4.4222)
2022-03-28 13:24:33,235:INFO: Train: [197][2075/2076]  Loss -0.4537 (-1.7028)  Time:  0.142 (0.012)  Data Time:  0.004 (0.004)
2022-03-28 13:24:33,236:INFO:   Eta: 0:22:03
2022-03-28 13:24:37,200:INFO: Test: [197][529/530]  Loss -5.6894 (-4.1377)
2022-03-28 13:25:02,945:INFO: Train: [198][2075/2076]  Loss -0.2679 (-1.7949)  Time:  0.142 (0.012)  Data Time:  0.004 (0.004)
2022-03-28 13:25:02,945:INFO:   Eta: 0:22:17
2022-03-28 13:25:06,909:INFO: Test: [198][529/530]  Loss -5.9916 (-4.2657)
2022-03-28 13:25:32,795:INFO: Train: [199][2075/2076]  Loss -0.4223 (-1.7573)  Time:  0.127 (0.012)  Data Time:  0.004 (0.004)
2022-03-28 13:25:32,796:INFO:   Eta: 0:21:59
2022-03-28 13:25:36,947:INFO: Test: [199][529/530]  Loss -3.8445 (-3.0651)
2022-03-28 13:26:02,565:INFO: Train: [200][2075/2076]  Loss -0.4352 (-1.7097)  Time:  0.160 (0.012)  Data Time:  0.004 (0.004)
2022-03-28 13:26:02,566:INFO:   Eta: 0:21:20
2022-03-28 13:26:07,154:INFO: Test: [200][529/530]  Loss -5.6439 (-4.0257)
2022-03-28 13:26:33,679:INFO: Train: [201][2075/2076]  Loss -0.3908 (-1.5769)  Time:  0.132 (0.013)  Data Time:  0.004 (0.004)
2022-03-28 13:26:33,680:INFO:   Eta: 0:21:38
2022-03-28 13:26:37,668:INFO: Test: [201][529/530]  Loss -5.6091 (-4.1130)
2022-03-28 13:27:03,466:INFO: Train: [202][2075/2076]  Loss -0.2879 (-1.6245)  Time:  0.140 (0.012)  Data Time:  0.005 (0.004)
2022-03-28 13:27:03,466:INFO:   Eta: 0:20:37
2022-03-28 13:27:07,478:INFO: Test: [202][529/530]  Loss -6.0626 (-4.3727)
2022-03-28 13:27:33,106:INFO: Train: [203][2075/2076]  Loss -0.3750 (-1.7623)  Time:  0.145 (0.012)  Data Time:  0.005 (0.004)
2022-03-28 13:27:33,108:INFO:   Eta: 0:20:03
2022-03-28 13:27:37,389:INFO: Test: [203][529/530]  Loss -2.6970 (-2.3974)
2022-03-28 13:28:04,140:INFO: Train: [204][2075/2076]  Loss -0.3649 (-1.7316)  Time:  0.136 (0.013)  Data Time:  0.004 (0.004)
2022-03-28 13:28:04,142:INFO:   Eta: 0:20:26
2022-03-28 13:28:08,216:INFO: Test: [204][529/530]  Loss -5.6315 (-4.1559)
2022-03-28 13:28:34,023:INFO: Train: [205][2075/2076]  Loss -0.4036 (-1.7571)  Time:  0.124 (0.012)  Data Time:  0.004 (0.004)
2022-03-28 13:28:34,105:INFO:   Eta: 0:19:19
2022-03-28 13:28:38,025:INFO: Test: [205][529/530]  Loss -5.9306 (-4.2804)
2022-03-28 13:29:04,464:INFO: Train: [206][2075/2076]  Loss -0.4224 (-1.7367)  Time:  0.180 (0.013)  Data Time:  0.005 (0.004)
2022-03-28 13:29:04,466:INFO:   Eta: 0:19:22
2022-03-28 13:29:08,726:INFO: Test: [206][529/530]  Loss -4.9663 (-3.7542)
2022-03-28 13:29:35,372:INFO: Train: [207][2075/2076]  Loss -0.3768 (-1.7530)  Time:  0.119 (0.013)  Data Time:  0.004 (0.004)
2022-03-28 13:29:35,379:INFO:   Eta: 0:18:42
2022-03-28 13:29:39,424:INFO: Test: [207][529/530]  Loss -5.3480 (-3.8907)
2022-03-28 13:30:04,640:INFO: Train: [208][2075/2076]  Loss -0.3996 (-1.7625)  Time:  0.129 (0.012)  Data Time:  0.004 (0.004)
2022-03-28 13:30:04,641:INFO:   Eta: 0:17:37
2022-03-28 13:30:08,672:INFO: Test: [208][529/530]  Loss -5.9317 (-4.3204)
2022-03-28 13:30:33,037:INFO: Train: [209][2075/2076]  Loss -0.3866 (-1.7525)  Time:  0.135 (0.012)  Data Time:  0.004 (0.004)
2022-03-28 13:30:33,039:INFO:   Eta: 0:16:38
2022-03-28 13:30:37,466:INFO: Test: [209][529/530]  Loss -6.0713 (-4.4257)
2022-03-28 13:31:02,503:INFO: Train: [210][2075/2076]  Loss -0.3460 (-1.7295)  Time:  0.140 (0.012)  Data Time:  0.004 (0.004)
2022-03-28 13:31:02,505:INFO:   Eta: 0:16:40
2022-03-28 13:31:06,421:INFO: Test: [210][529/530]  Loss -6.0427 (-4.4116)
2022-03-28 13:31:31,747:INFO: Train: [211][2075/2076]  Loss -0.4177 (-1.7693)  Time:  0.126 (0.012)  Data Time:  0.005 (0.004)
2022-03-28 13:31:31,748:INFO:   Eta: 0:16:27
2022-03-28 13:31:35,754:INFO: Test: [211][529/530]  Loss -5.5708 (-4.0057)
2022-03-28 13:32:00,173:INFO: Train: [212][2075/2076]  Loss -0.4048 (-1.7351)  Time:  0.129 (0.012)  Data Time:  0.004 (0.004)
2022-03-28 13:32:00,174:INFO:   Eta: 0:15:27
2022-03-28 13:32:04,206:INFO: Test: [212][529/530]  Loss -4.7669 (-3.5187)
2022-03-28 13:32:28,866:INFO: Train: [213][2075/2076]  Loss -0.3773 (-1.7831)  Time:  0.141 (0.012)  Data Time:  0.004 (0.004)
2022-03-28 13:32:28,866:INFO:   Eta: 0:15:11
2022-03-28 13:32:33,467:INFO: Test: [213][529/530]  Loss -4.7638 (-3.6798)
2022-03-28 13:32:58,771:INFO: Train: [214][2075/2076]  Loss -0.4260 (-1.7633)  Time:  0.137 (0.012)  Data Time:  0.005 (0.004)
2022-03-28 13:32:58,772:INFO:   Eta: 0:15:10
2022-03-28 13:33:02,771:INFO: Test: [214][529/530]  Loss -5.7213 (-4.1374)
2022-03-28 13:33:27,364:INFO: Train: [215][2075/2076]  Loss -0.3242 (-1.5935)  Time:  0.131 (0.012)  Data Time:  0.004 (0.004)
2022-03-28 13:33:27,365:INFO:   Eta: 0:14:20
2022-03-28 13:33:31,604:INFO: Test: [215][529/530]  Loss -6.0126 (-4.3080)
2022-03-28 13:33:57,001:INFO: Train: [216][2075/2076]  Loss -0.3672 (-1.7780)  Time:  0.150 (0.012)  Data Time:  0.005 (0.004)
2022-03-28 13:33:57,001:INFO:   Eta: 0:14:23
2022-03-28 13:34:00,913:INFO: Test: [216][529/530]  Loss -5.5288 (-3.9287)
2022-03-28 13:34:25,737:INFO: Train: [217][2075/2076]  Loss -0.4190 (-1.7629)  Time:  0.137 (0.012)  Data Time:  0.005 (0.004)
2022-03-28 13:34:25,841:INFO:   Eta: 0:13:38
2022-03-28 13:34:30,494:INFO: Test: [217][529/530]  Loss -5.1703 (-3.9315)
2022-03-28 13:34:54,857:INFO: Train: [218][2075/2076]  Loss -0.3885 (-1.6568)  Time:  0.125 (0.012)  Data Time:  0.004 (0.004)
2022-03-28 13:34:54,881:INFO:   Eta: 0:12:47
2022-03-28 13:34:59,165:INFO: Test: [218][529/530]  Loss -4.2304 (-3.3014)
2022-03-28 13:35:22,142:INFO: Train: [219][2075/2076]  Loss -0.3636 (-1.7588)  Time:  0.107 (0.011)  Data Time:  0.003 (0.003)
2022-03-28 13:35:22,143:INFO:   Eta: 0:11:50
2022-03-28 13:35:25,654:INFO: Test: [219][529/530]  Loss -6.0146 (-4.3234)
2022-03-28 13:35:47,723:INFO: Train: [220][2075/2076]  Loss -0.4638 (-1.7098)  Time:  0.111 (0.011)  Data Time:  0.003 (0.003)
2022-03-28 13:35:47,723:INFO:   Eta: 0:11:01
2022-03-28 13:35:51,669:INFO: Test: [220][529/530]  Loss -6.1543 (-4.4396)
2022-03-28 13:36:13,021:INFO: Train: [221][2075/2076]  Loss -0.4167 (-1.6506)  Time:  0.116 (0.010)  Data Time:  0.004 (0.003)
2022-03-28 13:36:13,022:INFO:   Eta: 0:10:18
2022-03-28 13:36:16,504:INFO: Test: [221][529/530]  Loss -4.9612 (-3.8113)
2022-03-28 13:36:38,659:INFO: Train: [222][2075/2076]  Loss -0.4023 (-1.6656)  Time:  0.109 (0.011)  Data Time:  0.003 (0.003)
2022-03-28 13:36:38,660:INFO:   Eta: 0:10:19
2022-03-28 13:36:42,390:INFO: Test: [222][529/530]  Loss -5.5469 (-4.1062)
2022-03-28 13:37:06,346:INFO: Train: [223][2075/2076]  Loss -0.3424 (-1.7404)  Time:  0.137 (0.012)  Data Time:  0.003 (0.003)
2022-03-28 13:37:06,347:INFO:   Eta: 0:10:46
2022-03-28 13:37:10,154:INFO: Test: [223][529/530]  Loss -5.3333 (-3.9784)
2022-03-28 13:37:33,123:INFO: Train: [224][2075/2076]  Loss -0.3569 (-1.7822)  Time:  0.140 (0.011)  Data Time:  0.003 (0.003)
2022-03-28 13:37:33,123:INFO:   Eta: 0:09:56
2022-03-28 13:37:36,632:INFO: Test: [224][529/530]  Loss -6.2347 (-4.5063)
2022-03-28 13:37:58,371:INFO: Train: [225][2075/2076]  Loss -0.4480 (-1.6398)  Time:  0.125 (0.010)  Data Time:  0.004 (0.003)
2022-03-28 13:37:58,418:INFO:   Eta: 0:09:03
2022-03-28 13:38:02,185:INFO: Test: [225][529/530]  Loss -4.9490 (-3.6430)
2022-03-28 13:38:25,087:INFO: Train: [226][2075/2076]  Loss -0.4599 (-1.7832)  Time:  0.203 (0.011)  Data Time:  0.003 (0.003)
2022-03-28 13:38:25,090:INFO:   Eta: 0:09:09
2022-03-28 13:38:28,921:INFO: Test: [226][529/530]  Loss -5.3533 (-3.9975)
2022-03-28 13:38:50,700:INFO: Train: [227][2075/2076]  Loss -0.4037 (-1.7414)  Time:  0.116 (0.010)  Data Time:  0.003 (0.003)
2022-03-28 13:38:50,701:INFO:   Eta: 0:08:20
2022-03-28 13:38:54,051:INFO: Test: [227][529/530]  Loss -5.3198 (-3.8870)
2022-03-28 13:39:15,648:INFO: Train: [228][2075/2076]  Loss -0.2417 (-1.7938)  Time:  0.111 (0.010)  Data Time:  0.003 (0.003)
2022-03-28 13:39:15,649:INFO:   Eta: 0:07:54
2022-03-28 13:39:18,888:INFO: Test: [228][529/530]  Loss -4.9158 (-3.6875)
2022-03-28 13:39:40,021:INFO: Train: [229][2075/2076]  Loss -0.3999 (-1.7584)  Time:  0.118 (0.010)  Data Time:  0.003 (0.003)
2022-03-28 13:39:40,147:INFO:   Eta: 0:07:23
2022-03-28 13:39:43,746:INFO: Test: [229][529/530]  Loss -5.8476 (-4.2168)
2022-03-28 13:40:06,052:INFO: Train: [230][2075/2076]  Loss -0.4734 (-1.7743)  Time:  0.118 (0.011)  Data Time:  0.003 (0.003)
2022-03-28 13:40:06,053:INFO:   Eta: 0:07:24
2022-03-28 13:40:09,542:INFO: Test: [230][529/530]  Loss -4.6933 (-3.5687)
2022-03-28 13:40:31,648:INFO: Train: [231][2075/2076]  Loss -0.3640 (-1.7439)  Time:  0.141 (0.011)  Data Time:  0.003 (0.003)
2022-03-28 13:40:31,649:INFO:   Eta: 0:06:59
2022-03-28 13:40:35,101:INFO: Test: [231][529/530]  Loss -6.1716 (-4.4785)
2022-03-28 13:40:56,968:INFO: Train: [232][2075/2076]  Loss -0.3503 (-1.7317)  Time:  0.128 (0.011)  Data Time:  0.003 (0.003)
2022-03-28 13:40:56,970:INFO:   Eta: 0:06:33
2022-03-28 13:41:00,569:INFO: Test: [232][529/530]  Loss -5.3594 (-3.9408)
2022-03-28 13:41:22,586:INFO: Train: [233][2075/2076]  Loss -0.3571 (-1.7534)  Time:  0.121 (0.011)  Data Time:  0.003 (0.003)
2022-03-28 13:41:22,586:INFO:   Eta: 0:06:14
2022-03-28 13:41:26,190:INFO: Test: [233][529/530]  Loss -6.0283 (-4.2949)
2022-03-28 13:41:48,449:INFO: Train: [234][2075/2076]  Loss -0.4073 (-1.7601)  Time:  0.120 (0.011)  Data Time:  0.003 (0.003)
2022-03-28 13:41:48,450:INFO:   Eta: 0:05:56
2022-03-28 13:41:51,938:INFO: Test: [234][529/530]  Loss -5.7011 (-4.2282)
2022-03-28 13:42:14,242:INFO: Train: [235][2075/2076]  Loss -0.3805 (-1.7481)  Time:  0.141 (0.011)  Data Time:  0.002 (0.003)
2022-03-28 13:42:14,243:INFO:   Eta: 0:05:34
2022-03-28 13:42:17,811:INFO: Test: [235][529/530]  Loss -5.8177 (-4.2084)
2022-03-28 13:42:39,843:INFO: Train: [236][2075/2076]  Loss -0.2880 (-1.7015)  Time:  0.149 (0.011)  Data Time:  0.003 (0.003)
2022-03-28 13:42:39,844:INFO:   Eta: 0:05:08
2022-03-28 13:42:43,271:INFO: Test: [236][529/530]  Loss -5.9798 (-4.3076)
2022-03-28 13:43:05,410:INFO: Train: [237][2075/2076]  Loss -0.3908 (-1.7435)  Time:  0.116 (0.011)  Data Time:  0.003 (0.003)
2022-03-28 13:43:05,454:INFO:   Eta: 0:04:47
2022-03-28 13:43:08,910:INFO: Test: [237][529/530]  Loss -5.3240 (-3.8314)
2022-03-28 13:43:30,526:INFO: Train: [238][2075/2076]  Loss -0.3962 (-1.7353)  Time:  0.119 (0.010)  Data Time:  0.003 (0.003)
2022-03-28 13:43:30,565:INFO:   Eta: 0:04:19
2022-03-28 13:43:34,128:INFO: Test: [238][529/530]  Loss -6.3448 (-4.5914)
2022-03-28 13:43:56,267:INFO: Train: [239][2075/2076]  Loss -0.3609 (-1.7023)  Time:  0.120 (0.011)  Data Time:  0.003 (0.003)
2022-03-28 13:43:56,268:INFO:   Eta: 0:04:03
2022-03-28 13:43:59,635:INFO: Test: [239][529/530]  Loss -6.0983 (-4.4116)
2022-03-28 13:44:21,356:INFO: Train: [240][2075/2076]  Loss -0.4365 (-1.7690)  Time:  0.137 (0.010)  Data Time:  0.004 (0.003)
2022-03-28 13:44:21,357:INFO:   Eta: 0:03:37
2022-03-28 13:44:24,861:INFO: Test: [240][529/530]  Loss -4.5439 (-3.2907)
2022-03-28 13:44:46,455:INFO: Train: [241][2075/2076]  Loss -0.3483 (-1.6919)  Time:  0.114 (0.010)  Data Time:  0.004 (0.003)
2022-03-28 13:44:46,457:INFO:   Eta: 0:03:14
2022-03-28 13:44:49,815:INFO: Test: [241][529/530]  Loss -5.8138 (-4.2757)
2022-03-28 13:45:10,919:INFO: Train: [242][2075/2076]  Loss -0.3984 (-1.8108)  Time:  0.124 (0.010)  Data Time:  0.004 (0.003)
2022-03-28 13:45:11,130:INFO:   Eta: 0:02:48
2022-03-28 13:45:14,914:INFO: Test: [242][529/530]  Loss -5.2998 (-3.9768)
2022-03-28 13:45:36,694:INFO: Train: [243][2075/2076]  Loss -0.3314 (-1.7595)  Time:  0.135 (0.010)  Data Time:  0.003 (0.003)
2022-03-28 13:45:36,696:INFO:   Eta: 0:02:28
2022-03-28 13:45:40,136:INFO: Test: [243][529/530]  Loss -5.4946 (-3.9757)
2022-03-28 13:46:01,486:INFO: Train: [244][2075/2076]  Loss -0.4546 (-1.8048)  Time:  0.127 (0.010)  Data Time:  0.003 (0.003)
2022-03-28 13:46:01,487:INFO:   Eta: 0:02:08
2022-03-28 13:46:04,989:INFO: Test: [244][529/530]  Loss -5.5456 (-4.1293)
2022-03-28 13:46:26,460:INFO: Train: [245][2075/2076]  Loss -0.4263 (-1.7940)  Time:  0.115 (0.010)  Data Time:  0.003 (0.003)
2022-03-28 13:46:26,461:INFO:   Eta: 0:01:47
2022-03-28 13:46:30,047:INFO: Test: [245][529/530]  Loss -5.7287 (-4.1253)
2022-03-28 13:46:51,277:INFO: Train: [246][2075/2076]  Loss -0.3608 (-1.7652)  Time:  0.133 (0.010)  Data Time:  0.004 (0.003)
2022-03-28 13:46:51,278:INFO:   Eta: 0:01:24
2022-03-28 13:46:54,769:INFO: Test: [246][529/530]  Loss -6.3186 (-4.6019)
2022-03-28 13:47:15,811:INFO: Train: [247][2075/2076]  Loss -0.4201 (-1.7739)  Time:  0.112 (0.010)  Data Time:  0.003 (0.003)
2022-03-28 13:47:15,812:INFO:   Eta: 0:01:03
2022-03-28 13:47:19,213:INFO: Test: [247][529/530]  Loss -4.9328 (-3.7262)
2022-03-28 13:47:41,420:INFO: Train: [248][2075/2076]  Loss -0.4572 (-1.7824)  Time:  0.143 (0.011)  Data Time:  0.004 (0.003)
2022-03-28 13:47:41,422:INFO:   Eta: 0:00:44
2022-03-28 13:47:44,969:INFO: Test: [248][529/530]  Loss -5.1648 (-3.8159)
2022-03-28 13:48:05,733:INFO: Train: [249][2075/2076]  Loss -0.3851 (-1.7342)  Time:  0.110 (0.010)  Data Time:  0.003 (0.003)
2022-03-28 13:48:05,959:INFO:   Eta: 0:00:20
2022-03-28 13:48:09,443:INFO: Test: [249][529/530]  Loss -5.1715 (-3.8396)
