2022-05-13 04:12:35,358:INFO: batch_size=128
2022-05-13 04:12:35,359:INFO: clip_grad=None
2022-05-13 04:12:35,359:INFO: dataset=hotel
2022-05-13 04:12:35,359:INFO: dict_kernel_size=3
2022-05-13 04:12:35,359:INFO: drop=0.0
2022-05-13 04:12:35,359:INFO: gpu_num=2
2022-05-13 04:12:35,359:INFO: ilr=0.02
2022-05-13 04:12:35,359:INFO: init=kmeans
2022-05-13 04:12:35,359:INFO: input_size=2
2022-05-13 04:12:35,359:INFO: kernel_size=3
2022-05-13 04:12:35,359:INFO: log_dir=./runs/9-2xlr
2022-05-13 04:12:35,359:INFO: lr=0.01
2022-05-13 04:12:35,359:INFO: lr_sh_rate=150
2022-05-13 04:12:35,360:INFO: model=social_stgcnn9
2022-05-13 04:12:35,360:INFO: n_stgcnn=1
2022-05-13 04:12:35,360:INFO: n_txpcnn=5
2022-05-13 04:12:35,360:INFO: name=9-2xlr
2022-05-13 04:12:35,360:INFO: num_epochs=250
2022-05-13 04:12:35,360:INFO: obs_seq_len=8
2022-05-13 04:12:35,360:INFO: output_size=5
2022-05-13 04:12:35,360:INFO: pred_seq_len=12
2022-05-13 04:12:35,360:INFO: seed=0
2022-05-13 04:12:35,360:INFO: tag=hotel
2022-05-13 04:12:35,360:INFO: use_lrschd=True
2022-05-13 04:12:35,360:INFO: ******************************
2022-05-13 04:12:35,360:INFO: Training initiating....
2022-05-13 04:12:35,360:INFO: Namespace(model='social_stgcnn9', name='9-2xlr', input_size=2, output_size=5, n_stgcnn=1, n_txpcnn=5, kernel_size=3, obs_seq_len=8, pred_seq_len=12, dataset='hotel', batch_size=128, num_epochs=250, clip_grad=None, lr=0.01, ilr=0.02, lr_sh_rate=150, use_lrschd=True, tag='hotel', log_dir='./runs/9-2xlr', seed=0, gpu_num='2', drop=0.0, init='kmeans', dict_kernel_size=3)
2022-05-13 04:12:35,658:INFO: Initializing train dataset
2022-05-13 04:12:46,950:INFO: batch_size=128
2022-05-13 04:12:46,951:INFO: clip_grad=None
2022-05-13 04:12:46,951:INFO: dataset=hotel
2022-05-13 04:12:46,951:INFO: dict_kernel_size=3
2022-05-13 04:12:46,951:INFO: drop=0.0
2022-05-13 04:12:46,951:INFO: gpu_num=2
2022-05-13 04:12:46,951:INFO: ilr=0.02
2022-05-13 04:12:46,951:INFO: init=kmeans
2022-05-13 04:12:46,951:INFO: input_size=2
2022-05-13 04:12:46,952:INFO: kernel_size=3
2022-05-13 04:12:46,952:INFO: log_dir=./runs/9-2xlr
2022-05-13 04:12:46,952:INFO: lr=0.01
2022-05-13 04:12:46,952:INFO: lr_sh_rate=150
2022-05-13 04:12:46,952:INFO: model=social_stgcnn9
2022-05-13 04:12:46,952:INFO: n_stgcnn=1
2022-05-13 04:12:46,952:INFO: n_txpcnn=5
2022-05-13 04:12:46,952:INFO: name=9-2xlr
2022-05-13 04:12:46,952:INFO: num_epochs=250
2022-05-13 04:12:46,952:INFO: obs_seq_len=8
2022-05-13 04:12:46,952:INFO: output_size=5
2022-05-13 04:12:46,952:INFO: pred_seq_len=12
2022-05-13 04:12:46,952:INFO: seed=0
2022-05-13 04:12:46,952:INFO: tag=hotel
2022-05-13 04:12:46,952:INFO: use_lrschd=True
2022-05-13 04:12:46,952:INFO: ******************************
2022-05-13 04:12:46,952:INFO: Training initiating....
2022-05-13 04:12:46,952:INFO: Namespace(model='social_stgcnn9', name='9-2xlr', input_size=2, output_size=5, n_stgcnn=1, n_txpcnn=5, kernel_size=3, obs_seq_len=8, pred_seq_len=12, dataset='hotel', batch_size=128, num_epochs=250, clip_grad=None, lr=0.01, ilr=0.02, lr_sh_rate=150, use_lrschd=True, tag='hotel', log_dir='./runs/9-2xlr', seed=0, gpu_num='2', drop=0.0, init='kmeans', dict_kernel_size=3)
2022-05-13 04:12:47,146:INFO: Initializing train dataset
2022-05-13 04:13:05,081:INFO: Initializing val dataset
2022-05-13 04:13:21,249:INFO: Initializing val dataset
2022-05-13 04:13:24,023:INFO: social_stgcnn9
2022-05-13 04:13:24,025:INFO: 0.01
2022-05-13 04:13:24,025:INFO: 0.01
2022-05-13 04:13:24,025:INFO: 0.01
2022-05-13 04:13:24,025:INFO: 0.02
2022-05-13 04:13:24,026:INFO: Data and model loaded
2022-05-13 04:13:24,026:INFO: Checkpoint dir: ./runs/9-2xlr/hotel/checkpoint
2022-05-13 04:13:24,026:INFO: Training started ...
2022-05-13 04:13:39,458:INFO: social_stgcnn9
2022-05-13 04:13:39,460:INFO: 0.01
2022-05-13 04:13:39,460:INFO: 0.01
2022-05-13 04:13:39,461:INFO: 0.01
2022-05-13 04:13:39,461:INFO: 0.02
2022-05-13 04:13:39,461:INFO: Data and model loaded
2022-05-13 04:13:39,461:INFO: Checkpoint dir: ./runs/9-2xlr/hotel/checkpoint
2022-05-13 04:13:39,462:INFO: Training started ...
2022-05-13 04:14:48,878:INFO: Train: [0][2593/2594]  Loss 0.2283 (1.3305)  Time:  0.153 (0.027)  Data Time:  0.000 (0.009)
2022-05-13 04:14:48,879:INFO:   Eta: 4:49:08
2022-05-13 04:16:02,586:INFO: Train: [1][2593/2594]  Loss 0.1645 (0.6434)  Time:  0.613 (0.028)  Data Time:  0.021 (0.010)
2022-05-13 04:16:02,589:INFO:   Eta: 5:05:20
2022-05-13 04:17:45,051:INFO: Train: [2][2593/2594]  Loss 0.0185 (0.4164)  Time:  0.377 (0.039)  Data Time:  0.021 (0.017)
2022-05-13 04:17:45,052:INFO:   Eta: 7:02:57
2022-05-13 04:19:18,812:INFO: Train: [3][2593/2594]  Loss 0.1058 (0.3105)  Time:  0.521 (0.036)  Data Time:  0.021 (0.015)
2022-05-13 04:19:18,813:INFO:   Eta: 6:25:27
2022-05-13 04:20:59,802:INFO: Train: [4][2593/2594]  Loss 0.0209 (0.2045)  Time:  0.606 (0.039)  Data Time:  0.020 (0.017)
2022-05-13 04:20:59,804:INFO:   Eta: 6:53:27
2022-05-13 04:22:09,837:INFO: Train: [5][2593/2594]  Loss 0.0086 (0.0279)  Time:  0.502 (0.027)  Data Time:  0.013 (0.009)
2022-05-13 04:22:09,838:INFO:   Eta: 4:45:33
2022-05-13 04:23:45,389:INFO: Train: [6][2593/2594]  Loss -0.0783 (-0.0902)  Time:  0.471 (0.037)  Data Time:  0.023 (0.015)
2022-05-13 04:23:45,390:INFO:   Eta: 6:28:07
2022-05-13 04:25:30,694:INFO: Train: [7][2593/2594]  Loss 0.0816 (-0.2688)  Time:  0.575 (0.041)  Data Time:  0.005 (0.018)
2022-05-13 04:25:30,696:INFO:   Eta: 7:05:58
2022-05-13 04:27:15,738:INFO: Train: [8][2593/2594]  Loss -0.1220 (-0.1693)  Time:  0.595 (0.040)  Data Time:  0.022 (0.018)
2022-05-13 04:27:15,739:INFO:   Eta: 7:03:14
2022-05-13 04:28:18,282:INFO: Train: [9][2593/2594]  Loss -0.0385 (-0.2718)  Time:  0.158 (0.024)  Data Time:  0.000 (0.009)
2022-05-13 04:28:18,283:INFO:   Eta: 4:10:49
2022-05-13 04:29:31,865:INFO: Train: [10][2593/2594]  Loss -0.1890 (-0.3452)  Time:  0.247 (0.028)  Data Time:  0.001 (0.008)
2022-05-13 04:29:31,866:INFO:   Eta: 4:53:48
2022-05-13 04:30:54,848:INFO: Train: [11][2593/2594]  Loss -0.1370 (-0.5275)  Time:  0.433 (0.032)  Data Time:  0.000 (0.010)
2022-05-13 04:30:54,850:INFO:   Eta: 5:29:55
2022-05-13 04:32:23,284:INFO: Train: [12][2593/2594]  Loss -0.1763 (-0.4970)  Time:  0.596 (0.034)  Data Time:  0.021 (0.012)
2022-05-13 04:32:23,285:INFO:   Eta: 5:50:19
2022-05-13 04:33:53,683:INFO: Train: [13][2593/2594]  Loss -0.1796 (-0.4129)  Time:  0.607 (0.035)  Data Time:  0.023 (0.013)
2022-05-13 04:33:53,684:INFO:   Eta: 5:56:36
2022-05-13 04:35:36,325:INFO: Train: [14][2593/2594]  Loss -0.1925 (-0.5293)  Time:  0.259 (0.039)  Data Time:  0.000 (0.016)
2022-05-13 04:35:36,328:INFO:   Eta: 6:42:50
2022-05-13 04:37:28,251:INFO: Train: [15][2593/2594]  Loss -0.2424 (-0.6039)  Time:  0.667 (0.043)  Data Time:  0.021 (0.019)
2022-05-13 04:37:28,252:INFO:   Eta: 7:17:42
2022-05-13 04:39:20,209:INFO: Train: [16][2593/2594]  Loss -0.1374 (-0.6331)  Time:  0.622 (0.043)  Data Time:  0.017 (0.018)
2022-05-13 04:39:20,212:INFO:   Eta: 7:16:02
2022-05-13 04:41:12,363:INFO: Train: [17][2593/2594]  Loss -0.1972 (-0.6259)  Time:  0.561 (0.043)  Data Time:  0.015 (0.018)
2022-05-13 04:41:12,365:INFO:   Eta: 7:15:03
2022-05-13 04:41:56,732:INFO: Train: [18][2593/2594]  Loss -0.1369 (-0.7067)  Time:  0.210 (0.017)  Data Time:  0.001 (0.004)
2022-05-13 04:41:56,734:INFO:   Eta: 2:51:10
2022-05-13 04:43:30,633:INFO: Train: [19][2593/2594]  Loss -0.0962 (-0.7307)  Time:  0.586 (0.036)  Data Time:  0.023 (0.013)
2022-05-13 04:43:30,636:INFO:   Eta: 5:59:51
2022-05-13 04:45:18,172:INFO: Train: [20][2593/2594]  Loss -0.1409 (-0.6686)  Time:  0.556 (0.041)  Data Time:  0.022 (0.018)
2022-05-13 04:45:18,173:INFO:   Eta: 6:51:45
2022-05-13 04:47:05,634:INFO: Train: [21][2593/2594]  Loss -0.2339 (-0.8169)  Time:  0.550 (0.041)  Data Time:  0.001 (0.018)
2022-05-13 04:47:05,636:INFO:   Eta: 6:49:35
2022-05-13 04:48:53,385:INFO: Train: [22][2593/2594]  Loss -0.2349 (-0.7866)  Time:  0.541 (0.041)  Data Time:  0.020 (0.018)
2022-05-13 04:48:53,386:INFO:   Eta: 6:49:01
2022-05-13 04:50:41,703:INFO: Train: [23][2593/2594]  Loss -0.2767 (-0.8132)  Time:  0.596 (0.042)  Data Time:  0.022 (0.018)
2022-05-13 04:50:41,704:INFO:   Eta: 6:49:21
2022-05-13 04:52:30,459:INFO: Train: [24][2593/2594]  Loss -0.2512 (-0.8547)  Time:  0.581 (0.042)  Data Time:  0.001 (0.018)
2022-05-13 04:52:30,461:INFO:   Eta: 6:49:12
2022-05-13 04:53:50,311:INFO: Train: [25][2593/2594]  Loss -0.2534 (-0.8534)  Time:  0.430 (0.031)  Data Time:  0.000 (0.011)
2022-05-13 04:53:50,312:INFO:   Eta: 4:59:01
2022-05-13 04:55:00,090:INFO: Train: [26][2593/2594]  Loss -0.1471 (-0.8880)  Time:  0.159 (0.027)  Data Time:  0.000 (0.009)
2022-05-13 04:55:00,092:INFO:   Eta: 4:20:05
2022-05-13 04:56:09,903:INFO: Train: [27][2593/2594]  Loss -0.2792 (-0.8890)  Time:  0.600 (0.027)  Data Time:  0.011 (0.009)
2022-05-13 04:56:09,904:INFO:   Eta: 4:19:04
2022-05-13 04:58:01,113:INFO: Train: [28][2593/2594]  Loss -0.2623 (-0.9783)  Time:  0.581 (0.043)  Data Time:  0.022 (0.018)
2022-05-13 04:58:01,116:INFO:   Eta: 6:51:02
2022-05-13 04:59:49,003:INFO: Train: [29][2593/2594]  Loss -0.2149 (-0.9870)  Time:  0.628 (0.042)  Data Time:  0.021 (0.018)
2022-05-13 04:59:49,005:INFO:   Eta: 6:36:56
2022-05-13 05:01:39,113:INFO: Train: [30][2593/2594]  Loss -0.3043 (-0.8263)  Time:  0.623 (0.042)  Data Time:  0.021 (0.018)
2022-05-13 05:01:39,116:INFO:   Eta: 6:43:14
2022-05-13 05:03:28,511:INFO: Train: [31][2593/2594]  Loss -0.2366 (-0.9535)  Time:  0.550 (0.042)  Data Time:  0.020 (0.018)
2022-05-13 05:03:28,512:INFO:   Eta: 6:38:48
2022-05-13 05:05:19,050:INFO: Train: [32][2593/2594]  Loss -0.2845 (-0.9385)  Time:  0.651 (0.043)  Data Time:  0.021 (0.018)
2022-05-13 05:05:19,052:INFO:   Eta: 6:41:12
2022-05-13 05:07:10,451:INFO: Train: [33][2593/2594]  Loss -0.2709 (-0.9790)  Time:  0.627 (0.043)  Data Time:  0.020 (0.018)
2022-05-13 05:07:10,453:INFO:   Eta: 6:42:26
2022-05-13 05:08:23,802:INFO: Train: [34][2593/2594]  Loss -0.2627 (-1.0040)  Time:  0.160 (0.028)  Data Time:  0.000 (0.011)
2022-05-13 05:08:23,804:INFO:   Eta: 4:23:38
2022-05-13 05:09:50,078:INFO: Train: [35][2593/2594]  Loss -0.3213 (-0.9219)  Time:  0.590 (0.033)  Data Time:  0.022 (0.013)
2022-05-13 05:09:50,079:INFO:   Eta: 5:08:43
2022-05-13 05:11:40,955:INFO: Train: [36][2593/2594]  Loss -0.3547 (-1.0441)  Time:  0.584 (0.043)  Data Time:  0.023 (0.018)
2022-05-13 05:11:40,957:INFO:   Eta: 6:35:04
2022-05-13 05:13:31,012:INFO: Train: [37][2593/2594]  Loss -0.3202 (-1.1374)  Time:  0.604 (0.042)  Data Time:  0.022 (0.018)
2022-05-13 05:13:31,014:INFO:   Eta: 6:30:15
2022-05-13 05:15:21,035:INFO: Train: [38][2593/2594]  Loss -0.3607 (-1.0158)  Time:  0.574 (0.042)  Data Time:  0.001 (0.018)
2022-05-13 05:15:21,037:INFO:   Eta: 6:28:10
2022-05-13 05:16:54,727:INFO: Train: [39][2593/2594]  Loss -0.3469 (-1.0954)  Time:  0.289 (0.036)  Data Time:  0.001 (0.014)
2022-05-13 05:16:54,729:INFO:   Eta: 5:29:01
2022-05-13 05:18:19,746:INFO: Train: [40][2593/2594]  Loss -0.3497 (-0.9775)  Time:  0.462 (0.033)  Data Time:  0.000 (0.011)
2022-05-13 05:18:19,748:INFO:   Eta: 4:57:08
2022-05-13 05:19:37,479:INFO: Train: [41][2593/2594]  Loss -0.2965 (-1.0165)  Time:  0.567 (0.030)  Data Time:  0.023 (0.010)
2022-05-13 05:19:37,482:INFO:   Eta: 4:30:22
2022-05-13 05:21:26,613:INFO: Train: [42][2593/2594]  Loss -0.3378 (-1.0413)  Time:  0.370 (0.042)  Data Time:  0.022 (0.018)
2022-05-13 05:21:26,615:INFO:   Eta: 6:17:52
2022-05-13 05:22:04,043:INFO: Train: [43][2593/2594]  Loss -0.2469 (-0.9976)  Time:  0.229 (0.014)  Data Time:  0.000 (0.002)
2022-05-13 05:22:04,045:INFO:   Eta: 2:08:45
2022-05-13 05:22:54,486:INFO: Train: [44][2593/2594]  Loss -0.3093 (-1.0000)  Time:  0.650 (0.019)  Data Time:  0.021 (0.005)
2022-05-13 05:22:54,487:INFO:   Eta: 2:52:49
2022-05-13 05:24:51,471:INFO: Train: [45][2593/2594]  Loss -0.3299 (-1.1069)  Time:  0.608 (0.045)  Data Time:  0.022 (0.019)
2022-05-13 05:24:51,474:INFO:   Eta: 6:38:55
2022-05-13 05:26:43,390:INFO: Train: [46][2593/2594]  Loss -0.3909 (-1.0894)  Time:  0.591 (0.043)  Data Time:  0.001 (0.019)
2022-05-13 05:26:43,392:INFO:   Eta: 6:20:05
2022-05-13 05:28:28,642:INFO: Train: [47][2593/2594]  Loss -0.3804 (-1.1400)  Time:  0.575 (0.041)  Data Time:  0.022 (0.017)
2022-05-13 05:28:28,644:INFO:   Eta: 5:55:38
2022-05-13 05:30:03,429:INFO: Train: [48][2593/2594]  Loss -0.3361 (-1.1026)  Time:  0.568 (0.036)  Data Time:  0.004 (0.014)
2022-05-13 05:30:03,489:INFO:   Eta: 5:18:44
2022-05-13 05:31:51,440:INFO: Train: [49][2593/2594]  Loss -0.3218 (-1.1785)  Time:  0.627 (0.042)  Data Time:  0.022 (0.017)
2022-05-13 05:31:51,441:INFO:   Eta: 6:01:14
2022-05-13 05:33:41,814:INFO: Train: [50][2593/2594]  Loss -0.3951 (-1.2330)  Time:  0.243 (0.043)  Data Time:  0.000 (0.018)
2022-05-13 05:33:41,816:INFO:   Eta: 6:07:30
2022-05-13 05:34:55,233:INFO: Train: [51][2593/2594]  Loss -0.3662 (-1.1597)  Time:  0.219 (0.028)  Data Time:  0.001 (0.009)
2022-05-13 05:34:55,235:INFO:   Eta: 4:03:06
2022-05-13 05:35:54,068:INFO: Train: [52][2593/2594]  Loss -0.3804 (-1.1642)  Time:  0.225 (0.023)  Data Time:  0.000 (0.007)
2022-05-13 05:35:54,069:INFO:   Eta: 3:13:41
2022-05-13 05:37:03,815:INFO: Train: [53][2593/2594]  Loss -0.3065 (-1.1896)  Time:  0.587 (0.027)  Data Time:  0.025 (0.009)
2022-05-13 05:37:03,818:INFO:   Eta: 3:48:39
2022-05-13 05:38:46,885:INFO: Train: [54][2593/2594]  Loss -0.2826 (-1.2085)  Time:  0.583 (0.040)  Data Time:  0.022 (0.017)
2022-05-13 05:38:46,886:INFO:   Eta: 5:36:15
2022-05-13 05:40:29,766:INFO: Train: [55][2593/2594]  Loss -0.3693 (-1.2359)  Time:  0.634 (0.040)  Data Time:  0.023 (0.016)
2022-05-13 05:40:29,768:INFO:   Eta: 5:33:42
2022-05-13 05:41:38,608:INFO: Train: [56][2593/2594]  Loss -0.2663 (-1.1747)  Time:  0.203 (0.026)  Data Time:  0.000 (0.009)
2022-05-13 05:41:38,609:INFO:   Eta: 3:42:14
2022-05-13 05:42:55,282:INFO: Train: [57][2593/2594]  Loss -0.3325 (-1.2654)  Time:  0.616 (0.030)  Data Time:  0.005 (0.009)
2022-05-13 05:42:55,283:INFO:   Eta: 4:06:11
2022-05-13 05:44:03,119:INFO: Train: [58][2593/2594]  Loss -0.3051 (-1.2379)  Time:  0.235 (0.026)  Data Time:  0.000 (0.007)
2022-05-13 05:44:03,119:INFO:   Eta: 3:36:43
2022-05-13 05:45:13,327:INFO: Train: [59][2593/2594]  Loss -0.2682 (-1.2097)  Time:  0.368 (0.027)  Data Time:  0.021 (0.009)
2022-05-13 05:45:13,329:INFO:   Eta: 3:43:09
2022-05-13 05:46:22,852:INFO: Train: [60][2593/2594]  Loss -0.3065 (-1.2512)  Time:  0.192 (0.027)  Data Time:  0.000 (0.008)
2022-05-13 05:46:22,854:INFO:   Eta: 3:39:46
2022-05-13 05:47:29,225:INFO: Train: [61][2593/2594]  Loss -0.3728 (-1.2494)  Time:  0.537 (0.026)  Data Time:  0.022 (0.008)
2022-05-13 05:47:29,227:INFO:   Eta: 3:28:43
2022-05-13 05:48:35,408:INFO: Train: [62][2593/2594]  Loss -0.2720 (-1.3614)  Time:  0.180 (0.025)  Data Time:  0.001 (0.007)
2022-05-13 05:48:35,410:INFO:   Eta: 3:27:01
2022-05-13 05:49:18,590:INFO: Train: [63][2593/2594]  Loss -0.3523 (-1.3307)  Time:  0.159 (0.017)  Data Time:  0.000 (0.004)
2022-05-13 05:49:18,591:INFO:   Eta: 2:14:12
2022-05-13 05:51:04,150:INFO: Train: [64][2593/2594]  Loss -0.3756 (-1.3003)  Time:  0.590 (0.041)  Data Time:  0.020 (0.016)
2022-05-13 05:51:04,151:INFO:   Eta: 5:26:48
2022-05-13 05:52:57,830:INFO: Train: [65][2593/2594]  Loss -0.3010 (-1.2307)  Time:  0.615 (0.044)  Data Time:  0.022 (0.019)
2022-05-13 05:52:57,833:INFO:   Eta: 5:49:48
2022-05-13 05:54:49,841:INFO: Train: [66][2593/2594]  Loss -0.4031 (-1.2945)  Time:  0.630 (0.043)  Data Time:  0.001 (0.018)
2022-05-13 05:54:49,842:INFO:   Eta: 5:43:07
2022-05-13 05:56:41,894:INFO: Train: [67][2593/2594]  Loss -0.4013 (-1.3111)  Time:  0.638 (0.043)  Data Time:  0.020 (0.018)
2022-05-13 05:56:42,133:INFO:   Eta: 5:41:21
2022-05-13 05:58:34,438:INFO: Train: [68][2593/2594]  Loss -0.2865 (-1.3284)  Time:  0.606 (0.043)  Data Time:  0.021 (0.019)
2022-05-13 05:58:34,441:INFO:   Eta: 5:40:17
2022-05-13 06:00:26,979:INFO: Train: [69][2593/2594]  Loss -0.3419 (-1.2078)  Time:  0.631 (0.043)  Data Time:  0.021 (0.018)
2022-05-13 06:00:26,982:INFO:   Eta: 5:38:53
2022-05-13 06:02:19,509:INFO: Train: [70][2593/2594]  Loss -0.3971 (-1.2619)  Time:  0.602 (0.043)  Data Time:  0.021 (0.019)
2022-05-13 06:02:19,510:INFO:   Eta: 5:36:47
2022-05-13 06:03:05,675:INFO: Train: [71][2593/2594]  Loss -0.3529 (-1.3414)  Time:  0.455 (0.018)  Data Time:  0.002 (0.005)
2022-05-13 06:03:05,678:INFO:   Eta: 2:17:26
2022-05-13 06:04:55,393:INFO: Train: [72][2593/2594]  Loss -0.3489 (-1.3352)  Time:  0.674 (0.042)  Data Time:  0.023 (0.017)
2022-05-13 06:04:55,394:INFO:   Eta: 5:25:06
2022-05-13 06:06:33,749:INFO: Train: [73][2593/2594]  Loss -0.2096 (-1.2494)  Time:  0.289 (0.038)  Data Time:  0.001 (0.015)
2022-05-13 06:06:33,752:INFO:   Eta: 4:49:45
2022-05-13 06:08:16,201:INFO: Train: [74][2593/2594]  Loss -0.2862 (-1.3660)  Time:  0.568 (0.039)  Data Time:  0.022 (0.016)
2022-05-13 06:08:16,202:INFO:   Eta: 5:00:09
2022-05-13 06:09:34,666:INFO: Train: [75][2593/2594]  Loss -0.3871 (-1.3610)  Time:  0.558 (0.030)  Data Time:  0.019 (0.010)
2022-05-13 06:09:34,667:INFO:   Eta: 3:48:31
2022-05-13 06:11:02,024:INFO: Train: [76][2593/2594]  Loss -0.4684 (-1.3342)  Time:  0.660 (0.034)  Data Time:  0.022 (0.012)
2022-05-13 06:11:02,025:INFO:   Eta: 4:13:00
2022-05-13 06:12:54,843:INFO: Train: [77][2593/2594]  Loss -0.2909 (-1.3338)  Time:  0.599 (0.043)  Data Time:  0.021 (0.018)
2022-05-13 06:12:54,845:INFO:   Eta: 5:23:52
2022-05-13 06:14:23,132:INFO: Train: [78][2593/2594]  Loss -0.3974 (-1.3983)  Time:  0.486 (0.034)  Data Time:  0.001 (0.012)
2022-05-13 06:14:23,133:INFO:   Eta: 4:12:41
2022-05-13 06:16:04,746:INFO: Train: [79][2593/2594]  Loss -0.3708 (-1.3280)  Time:  0.602 (0.039)  Data Time:  0.017 (0.016)
2022-05-13 06:16:04,747:INFO:   Eta: 4:49:15
2022-05-13 06:16:53,929:INFO: Train: [80][2593/2594]  Loss -0.3677 (-1.2663)  Time:  0.687 (0.019)  Data Time:  0.023 (0.005)
2022-05-13 06:16:53,931:INFO:   Eta: 2:19:01
2022-05-13 06:18:50,601:INFO: Train: [81][2593/2594]  Loss -0.3412 (-1.3391)  Time:  0.629 (0.045)  Data Time:  0.018 (0.019)
2022-05-13 06:18:50,604:INFO:   Eta: 5:28:14
2022-05-13 06:20:45,848:INFO: Train: [82][2593/2594]  Loss -0.3714 (-1.3665)  Time:  0.646 (0.044)  Data Time:  0.023 (0.019)
2022-05-13 06:20:45,850:INFO:   Eta: 5:22:15
2022-05-13 06:22:30,677:INFO: Train: [83][2593/2594]  Loss -0.3450 (-1.4069)  Time:  0.552 (0.040)  Data Time:  0.021 (0.017)
2022-05-13 06:22:30,678:INFO:   Eta: 4:50:41
2022-05-13 06:24:22,923:INFO: Train: [84][2593/2594]  Loss -0.3641 (-1.4165)  Time:  0.620 (0.043)  Data Time:  0.022 (0.019)
2022-05-13 06:24:22,925:INFO:   Eta: 5:10:12
2022-05-13 06:26:15,981:INFO: Train: [85][2593/2594]  Loss -0.3717 (-1.4422)  Time:  0.563 (0.044)  Data Time:  0.005 (0.019)
2022-05-13 06:26:15,983:INFO:   Eta: 5:10:32
2022-05-13 06:28:08,148:INFO: Train: [86][2593/2594]  Loss -0.3487 (-1.4000)  Time:  0.628 (0.043)  Data Time:  0.020 (0.019)
2022-05-13 06:28:08,150:INFO:   Eta: 5:05:35
2022-05-13 06:30:00,711:INFO: Train: [87][2593/2594]  Loss -0.3610 (-1.3885)  Time:  0.573 (0.043)  Data Time:  0.010 (0.019)
2022-05-13 06:30:00,712:INFO:   Eta: 5:04:44
2022-05-13 06:30:50,591:INFO: Train: [88][2593/2594]  Loss -0.3699 (-1.4055)  Time:  0.453 (0.019)  Data Time:  0.023 (0.005)
2022-05-13 06:30:50,593:INFO:   Eta: 2:14:06
2022-05-13 06:32:43,101:INFO: Train: [89][2593/2594]  Loss -0.3435 (-1.3828)  Time:  0.570 (0.043)  Data Time:  0.001 (0.018)
2022-05-13 06:32:43,102:INFO:   Eta: 5:01:16
2022-05-13 06:34:26,230:INFO: Train: [90][2593/2594]  Loss -0.3728 (-1.4128)  Time:  0.617 (0.040)  Data Time:  0.022 (0.016)
2022-05-13 06:34:26,231:INFO:   Eta: 4:34:18
2022-05-13 06:36:17,134:INFO: Train: [91][2593/2594]  Loss -0.3681 (-1.4122)  Time:  0.613 (0.043)  Data Time:  0.022 (0.018)
2022-05-13 06:36:17,135:INFO:   Eta: 4:53:13
2022-05-13 06:38:09,160:INFO: Train: [92][2593/2594]  Loss -0.4006 (-1.4143)  Time:  0.571 (0.043)  Data Time:  0.018 (0.019)
2022-05-13 06:38:09,161:INFO:   Eta: 4:54:21
2022-05-13 06:40:01,983:INFO: Train: [93][2593/2594]  Loss -0.4284 (-1.3951)  Time:  0.598 (0.043)  Data Time:  0.023 (0.019)
2022-05-13 06:40:01,987:INFO:   Eta: 4:54:33
2022-05-13 06:41:54,408:INFO: Train: [94][2593/2594]  Loss -0.3102 (-1.4600)  Time:  0.594 (0.043)  Data Time:  0.022 (0.019)
2022-05-13 06:41:54,410:INFO:   Eta: 4:51:43
2022-05-13 06:43:35,481:INFO: Train: [95][2593/2594]  Loss -0.2649 (-1.4134)  Time:  0.159 (0.039)  Data Time:  0.000 (0.017)
2022-05-13 06:43:35,482:INFO:   Eta: 4:20:28
2022-05-13 06:44:40,341:INFO: Train: [96][2593/2594]  Loss -0.3967 (-1.4381)  Time:  0.642 (0.025)  Data Time:  0.021 (0.008)
2022-05-13 06:44:40,344:INFO:   Eta: 2:45:47
2022-05-13 06:46:32,899:INFO: Train: [97][2593/2594]  Loss -0.4209 (-1.4336)  Time:  0.649 (0.043)  Data Time:  0.022 (0.019)
2022-05-13 06:46:32,901:INFO:   Eta: 4:46:21
2022-05-13 06:47:59,058:INFO: Train: [98][2593/2594]  Loss -0.4415 (-1.4207)  Time:  0.558 (0.033)  Data Time:  0.001 (0.012)
2022-05-13 06:47:59,063:INFO:   Eta: 3:37:36
2022-05-13 06:49:50,730:INFO: Train: [99][2593/2594]  Loss -0.3630 (-1.4754)  Time:  0.593 (0.043)  Data Time:  0.021 (0.019)
2022-05-13 06:49:50,773:INFO:   Eta: 4:40:16
2022-05-13 06:51:41,832:INFO: Train: [100][2593/2594]  Loss -0.4015 (-1.4892)  Time:  0.499 (0.043)  Data Time:  0.001 (0.019)
2022-05-13 06:51:41,834:INFO:   Eta: 4:36:51
2022-05-13 06:53:33,116:INFO: Train: [101][2593/2594]  Loss -0.3602 (-1.4950)  Time:  0.568 (0.043)  Data Time:  0.005 (0.018)
2022-05-13 06:53:33,120:INFO:   Eta: 4:36:01
2022-05-13 06:55:24,240:INFO: Train: [102][2593/2594]  Loss -0.3568 (-1.4620)  Time:  0.560 (0.043)  Data Time:  0.022 (0.018)
2022-05-13 06:55:24,242:INFO:   Eta: 4:33:45
2022-05-13 06:56:59,043:INFO: Train: [103][2593/2594]  Loss -0.4360 (-1.3446)  Time:  0.152 (0.036)  Data Time:  0.000 (0.015)
2022-05-13 06:56:59,045:INFO:   Eta: 3:51:52
2022-05-13 06:58:00,095:INFO: Train: [104][2593/2594]  Loss -0.3875 (-1.4552)  Time:  0.598 (0.023)  Data Time:  0.021 (0.008)
2022-05-13 06:58:00,097:INFO:   Eta: 2:28:17
2022-05-13 06:59:44,481:INFO: Train: [105][2593/2594]  Loss -0.4878 (-1.4604)  Time:  0.617 (0.040)  Data Time:  0.020 (0.017)
2022-05-13 06:59:44,484:INFO:   Eta: 4:11:57
2022-05-13 07:01:35,861:INFO: Train: [106][2593/2594]  Loss -0.3918 (-1.4845)  Time:  0.617 (0.043)  Data Time:  0.021 (0.019)
2022-05-13 07:01:35,863:INFO:   Eta: 4:27:03
2022-05-13 07:03:27,735:INFO: Train: [107][2593/2594]  Loss -0.3876 (-1.5025)  Time:  0.559 (0.043)  Data Time:  0.011 (0.019)
2022-05-13 07:03:27,737:INFO:   Eta: 4:26:20
2022-05-13 07:05:18,705:INFO: Train: [108][2593/2594]  Loss -0.3484 (-1.4880)  Time:  0.611 (0.043)  Data Time:  0.022 (0.019)
2022-05-13 07:05:18,707:INFO:   Eta: 4:22:20
2022-05-13 07:07:11,181:INFO: Train: [109][2593/2594]  Loss -0.4141 (-1.3938)  Time:  0.580 (0.043)  Data Time:  0.022 (0.019)
2022-05-13 07:07:11,183:INFO:   Eta: 4:23:50
2022-05-13 07:09:01,803:INFO: Train: [110][2593/2594]  Loss -0.3904 (-1.4950)  Time:  0.562 (0.043)  Data Time:  0.000 (0.018)
2022-05-13 07:09:01,804:INFO:   Eta: 4:17:49
2022-05-13 07:10:24,583:INFO: Train: [111][2593/2594]  Loss -0.4635 (-1.5087)  Time:  0.169 (0.032)  Data Time:  0.000 (0.013)
2022-05-13 07:10:24,584:INFO:   Eta: 3:11:29
2022-05-13 07:11:33,577:INFO: Train: [112][2593/2594]  Loss -0.3127 (-1.5027)  Time:  0.590 (0.027)  Data Time:  0.021 (0.009)
2022-05-13 07:11:33,578:INFO:   Eta: 2:38:24
2022-05-13 07:13:20,828:INFO: Train: [113][2593/2594]  Loss -0.4547 (-1.3587)  Time:  0.241 (0.041)  Data Time:  0.000 (0.017)
2022-05-13 07:13:20,829:INFO:   Eta: 4:04:35
2022-05-13 07:14:35,254:INFO: Train: [114][2593/2594]  Loss -0.4488 (-1.4985)  Time:  0.557 (0.029)  Data Time:  0.001 (0.009)
2022-05-13 07:14:35,256:INFO:   Eta: 2:48:25
2022-05-13 07:15:46,692:INFO: Train: [115][2593/2594]  Loss -0.3539 (-1.5183)  Time:  0.270 (0.027)  Data Time:  0.000 (0.008)
2022-05-13 07:15:46,693:INFO:   Eta: 2:40:26
2022-05-13 07:16:58,392:INFO: Train: [116][2593/2594]  Loss -0.3830 (-1.3974)  Time:  0.558 (0.028)  Data Time:  0.022 (0.008)
2022-05-13 07:16:58,393:INFO:   Eta: 2:39:52
2022-05-13 07:18:10,115:INFO: Train: [117][2593/2594]  Loss -0.4560 (-1.4160)  Time:  0.603 (0.028)  Data Time:  0.008 (0.008)
2022-05-13 07:18:10,117:INFO:   Eta: 2:38:43
2022-05-13 07:19:53,375:INFO: Train: [118][2593/2594]  Loss -0.3179 (-1.3944)  Time:  0.439 (0.040)  Data Time:  0.000 (0.016)
2022-05-13 07:19:53,376:INFO:   Eta: 3:46:51
2022-05-13 07:21:41,901:INFO: Train: [119][2593/2594]  Loss -0.4376 (-1.5424)  Time:  0.610 (0.042)  Data Time:  0.010 (0.018)
2022-05-13 07:21:41,904:INFO:   Eta: 3:55:45
2022-05-13 07:23:30,372:INFO: Train: [120][2593/2594]  Loss -0.3881 (-1.4555)  Time:  0.278 (0.042)  Data Time:  0.001 (0.018)
2022-05-13 07:23:30,374:INFO:   Eta: 3:54:44
2022-05-13 07:24:08,058:INFO: Train: [121][2593/2594]  Loss -0.3677 (-1.5070)  Time:  0.663 (0.014)  Data Time:  0.022 (0.002)
2022-05-13 07:24:08,060:INFO:   Eta: 1:20:47
2022-05-13 07:25:52,840:INFO: Train: [122][2593/2594]  Loss -0.4383 (-1.5239)  Time:  0.607 (0.040)  Data Time:  0.018 (0.017)
2022-05-13 07:25:52,842:INFO:   Eta: 3:43:14
2022-05-13 07:27:28,802:INFO: Train: [123][2593/2594]  Loss -0.3989 (-1.5117)  Time:  0.464 (0.037)  Data Time:  0.013 (0.015)
2022-05-13 07:27:28,803:INFO:   Eta: 3:22:52
2022-05-13 07:28:45,164:INFO: Train: [124][2593/2594]  Loss -0.4656 (-1.4843)  Time:  0.217 (0.029)  Data Time:  0.000 (0.010)
2022-05-13 07:28:45,165:INFO:   Eta: 2:40:01
2022-05-13 07:30:26,745:INFO: Train: [125][2593/2594]  Loss -0.3810 (-1.5546)  Time:  0.497 (0.039)  Data Time:  0.022 (0.017)
2022-05-13 07:30:26,748:INFO:   Eta: 3:31:21
2022-05-13 07:32:11,832:INFO: Train: [126][2593/2594]  Loss -0.4044 (-1.5884)  Time:  0.687 (0.040)  Data Time:  0.021 (0.018)
2022-05-13 07:32:11,835:INFO:   Eta: 3:36:56
2022-05-13 07:33:56,560:INFO: Train: [127][2593/2594]  Loss -0.4154 (-1.5449)  Time:  0.584 (0.040)  Data Time:  0.023 (0.018)
2022-05-13 07:33:56,561:INFO:   Eta: 3:34:28
2022-05-13 07:35:41,462:INFO: Train: [128][2593/2594]  Loss -0.4673 (-1.4777)  Time:  0.524 (0.040)  Data Time:  0.021 (0.018)
2022-05-13 07:35:41,463:INFO:   Eta: 3:33:04
2022-05-13 07:37:12,462:INFO: Train: [129][2593/2594]  Loss -0.4263 (-1.5842)  Time:  0.161 (0.035)  Data Time:  0.000 (0.015)
2022-05-13 07:37:12,464:INFO:   Eta: 3:03:17
2022-05-13 07:37:48,888:INFO: Train: [130][2593/2594]  Loss -0.4522 (-1.5532)  Time:  0.198 (0.014)  Data Time:  0.000 (0.002)
2022-05-13 07:37:48,889:INFO:   Eta: 1:12:31
2022-05-13 07:38:43,804:INFO: Train: [131][2593/2594]  Loss -0.4176 (-1.5215)  Time:  0.590 (0.021)  Data Time:  0.003 (0.005)
2022-05-13 07:38:43,807:INFO:   Eta: 1:48:40
2022-05-13 07:40:22,751:INFO: Train: [132][2593/2594]  Loss -0.4461 (-1.6265)  Time:  0.590 (0.038)  Data Time:  0.001 (0.015)
2022-05-13 07:40:22,755:INFO:   Eta: 3:14:21
2022-05-13 07:42:16,861:INFO: Train: [133][2593/2594]  Loss -0.4596 (-1.4128)  Time:  0.588 (0.044)  Data Time:  0.009 (0.019)
2022-05-13 07:42:16,865:INFO:   Eta: 3:42:16
2022-05-13 07:43:48,598:INFO: Train: [134][2593/2594]  Loss -0.4520 (-1.4647)  Time:  0.248 (0.035)  Data Time:  0.000 (0.013)
2022-05-13 07:43:48,600:INFO:   Eta: 2:57:05
2022-05-13 07:45:25,114:INFO: Train: [135][2593/2594]  Loss -0.4477 (-1.5123)  Time:  0.615 (0.037)  Data Time:  0.022 (0.014)
2022-05-13 07:45:25,117:INFO:   Eta: 3:04:43
2022-05-13 07:47:03,859:INFO: Train: [136][2593/2594]  Loss -0.3744 (-1.5438)  Time:  0.608 (0.038)  Data Time:  0.019 (0.015)
2022-05-13 07:47:03,860:INFO:   Eta: 3:07:21
2022-05-13 07:48:12,075:INFO: Train: [137][2593/2594]  Loss -0.4123 (-1.5370)  Time:  0.231 (0.026)  Data Time:  0.000 (0.008)
2022-05-13 07:48:12,077:INFO:   Eta: 2:08:15
2022-05-13 07:49:25,092:INFO: Train: [138][2593/2594]  Loss -0.4757 (-1.4629)  Time:  0.345 (0.028)  Data Time:  0.017 (0.008)
2022-05-13 07:49:25,093:INFO:   Eta: 2:16:05
2022-05-13 07:50:54,175:INFO: Train: [139][2593/2594]  Loss -0.3935 (-1.5969)  Time:  0.650 (0.034)  Data Time:  0.022 (0.012)
2022-05-13 07:50:54,176:INFO:   Eta: 2:44:35
2022-05-13 07:51:47,695:INFO: Train: [140][2593/2594]  Loss -0.4432 (-1.5934)  Time:  0.154 (0.021)  Data Time:  0.000 (0.006)
2022-05-13 07:51:47,696:INFO:   Eta: 1:37:55
2022-05-13 07:53:11,663:INFO: Train: [141][2593/2594]  Loss -0.4240 (-1.5988)  Time:  0.652 (0.032)  Data Time:  0.022 (0.011)
2022-05-13 07:53:11,741:INFO:   Eta: 2:32:17
2022-05-13 07:54:40,824:INFO: Train: [142][2593/2594]  Loss -0.4504 (-1.5003)  Time:  0.249 (0.034)  Data Time:  0.000 (0.012)
2022-05-13 07:54:40,826:INFO:   Eta: 2:39:58
2022-05-13 07:56:27,234:INFO: Train: [143][2593/2594]  Loss -0.3224 (-1.3938)  Time:  0.628 (0.041)  Data Time:  0.022 (0.017)
2022-05-13 07:56:27,236:INFO:   Eta: 3:09:32
2022-05-13 07:58:13,561:INFO: Train: [144][2593/2594]  Loss -0.4169 (-1.4838)  Time:  0.625 (0.041)  Data Time:  0.021 (0.017)
2022-05-13 07:58:13,564:INFO:   Eta: 3:07:35
2022-05-13 07:59:48,020:INFO: Train: [145][2593/2594]  Loss -0.3708 (-1.5744)  Time:  0.587 (0.036)  Data Time:  0.023 (0.014)
2022-05-13 07:59:48,022:INFO:   Eta: 2:45:03
2022-05-13 08:01:29,770:INFO: Train: [146][2593/2594]  Loss -0.3975 (-1.4685)  Time:  0.581 (0.039)  Data Time:  0.022 (0.016)
2022-05-13 08:01:29,771:INFO:   Eta: 2:56:09
2022-05-13 08:03:18,612:INFO: Train: [147][2593/2594]  Loss -0.3727 (-1.4557)  Time:  0.604 (0.042)  Data Time:  0.021 (0.018)
2022-05-13 08:03:18,614:INFO:   Eta: 3:06:35
2022-05-13 08:04:53,200:INFO: Train: [148][2593/2594]  Loss -0.4645 (-1.5895)  Time:  0.661 (0.036)  Data Time:  0.022 (0.014)
2022-05-13 08:04:53,201:INFO:   Eta: 2:40:32
2022-05-13 08:05:47,111:INFO: Train: [149][2593/2594]  Loss -0.3523 (-1.5810)  Time:  0.672 (0.021)  Data Time:  0.023 (0.006)
2022-05-13 08:05:47,113:INFO:   Eta: 1:30:31
2022-05-13 08:07:47,391:INFO: Train: [150][2593/2594]  Loss -0.4427 (-1.7135)  Time:  0.606 (0.046)  Data Time:  0.020 (0.019)
2022-05-13 08:07:47,393:INFO:   Eta: 3:20:14
2022-05-13 08:09:40,801:INFO: Train: [151][2593/2594]  Loss -0.4716 (-1.7350)  Time:  0.202 (0.044)  Data Time:  0.000 (0.019)
2022-05-13 08:09:40,803:INFO:   Eta: 3:06:55
2022-05-13 08:09:52,737:INFO: Valid: [151][620/621]  Loss -8.2182 (-4.8728)
2022-05-13 08:09:52,794:INFO: Checkpoint saved...
2022-05-13 08:11:04,926:INFO: Train: [152][2593/2594]  Loss -0.4935 (-1.6815)  Time:  0.572 (0.028)  Data Time:  0.020 (0.008)
2022-05-13 08:11:04,929:INFO:   Eta: 1:57:36
2022-05-13 08:11:18,181:INFO: Valid: [152][620/621]  Loss -7.9511 (-4.7505)
2022-05-13 08:12:54,769:INFO: Train: [153][2593/2594]  Loss -0.4343 (-1.7759)  Time:  0.600 (0.037)  Data Time:  0.020 (0.014)
2022-05-13 08:12:54,771:INFO:   Eta: 2:35:54
2022-05-13 08:13:11,189:INFO: Valid: [153][620/621]  Loss -6.3618 (-3.8016)
2022-05-13 08:14:55,105:INFO: Train: [154][2593/2594]  Loss -0.4275 (-1.7742)  Time:  0.297 (0.040)  Data Time:  0.000 (0.016)
2022-05-13 08:14:55,108:INFO:   Eta: 2:45:56
2022-05-13 08:15:07,763:INFO: Valid: [154][620/621]  Loss -8.4390 (-5.0129)
2022-05-13 08:15:07,828:INFO: Checkpoint saved...
2022-05-13 08:16:56,100:INFO: Train: [155][2593/2594]  Loss -0.4641 (-1.8008)  Time:  0.660 (0.042)  Data Time:  0.005 (0.018)
2022-05-13 08:16:56,102:INFO:   Eta: 2:51:15
2022-05-13 08:17:12,579:INFO: Valid: [155][620/621]  Loss -8.0804 (-4.8015)
2022-05-13 08:18:54,510:INFO: Train: [156][2593/2594]  Loss -0.4421 (-1.7263)  Time:  0.158 (0.039)  Data Time:  0.000 (0.017)
2022-05-13 08:18:54,511:INFO:   Eta: 2:39:27
2022-05-13 08:19:01,238:INFO: Valid: [156][620/621]  Loss -8.0276 (-4.7845)
2022-05-13 08:20:08,928:INFO: Train: [157][2593/2594]  Loss -0.4585 (-1.7459)  Time:  0.297 (0.026)  Data Time:  0.000 (0.008)
2022-05-13 08:20:08,930:INFO:   Eta: 1:44:41
2022-05-13 08:20:22,839:INFO: Valid: [157][620/621]  Loss -8.0559 (-4.7982)
2022-05-13 08:21:43,616:INFO: Train: [158][2593/2594]  Loss -0.5183 (-1.7636)  Time:  0.522 (0.031)  Data Time:  0.001 (0.010)
2022-05-13 08:21:43,619:INFO:   Eta: 2:03:37
2022-05-13 08:21:58,631:INFO: Valid: [158][620/621]  Loss -7.8377 (-4.6759)
2022-05-13 08:23:50,649:INFO: Train: [159][2593/2594]  Loss -0.4796 (-1.7416)  Time:  0.634 (0.043)  Data Time:  0.021 (0.018)
2022-05-13 08:23:50,651:INFO:   Eta: 2:49:40
2022-05-13 08:24:06,413:INFO: Valid: [159][620/621]  Loss -8.2832 (-4.9128)
2022-05-13 08:25:56,741:INFO: Train: [160][2593/2594]  Loss -0.4392 (-1.7652)  Time:  0.640 (0.042)  Data Time:  0.021 (0.018)
2022-05-13 08:25:56,743:INFO:   Eta: 2:45:15
2022-05-13 08:26:13,149:INFO: Valid: [160][620/621]  Loss -8.2614 (-4.8927)
2022-05-13 08:28:04,911:INFO: Train: [161][2593/2594]  Loss -0.4636 (-1.6426)  Time:  0.591 (0.043)  Data Time:  0.021 (0.018)
2022-05-13 08:28:04,914:INFO:   Eta: 2:45:34
2022-05-13 08:28:21,006:INFO: Valid: [161][620/621]  Loss -8.2244 (-4.8881)
2022-05-13 08:30:14,017:INFO: Train: [162][2593/2594]  Loss -0.5190 (-1.7799)  Time:  0.594 (0.043)  Data Time:  0.021 (0.019)
2022-05-13 08:30:14,019:INFO:   Eta: 2:45:25
2022-05-13 08:30:30,448:INFO: Valid: [162][620/621]  Loss -8.1148 (-4.8265)
2022-05-13 08:32:16,465:INFO: Train: [163][2593/2594]  Loss -0.4501 (-1.7479)  Time:  0.290 (0.041)  Data Time:  0.001 (0.017)
2022-05-13 08:32:16,467:INFO:   Eta: 2:33:31
2022-05-13 08:32:25,946:INFO: Valid: [163][620/621]  Loss -7.9536 (-4.7250)
2022-05-13 08:33:20,903:INFO: Train: [164][2593/2594]  Loss -0.4649 (-1.7270)  Time:  0.355 (0.021)  Data Time:  0.001 (0.004)
2022-05-13 08:33:20,908:INFO:   Eta: 1:18:35
2022-05-13 08:33:34,481:INFO: Valid: [164][620/621]  Loss -8.1149 (-4.8187)
2022-05-13 08:35:11,852:INFO: Train: [165][2593/2594]  Loss -0.4655 (-1.7640)  Time:  0.593 (0.037)  Data Time:  0.022 (0.014)
2022-05-13 08:35:11,854:INFO:   Eta: 2:17:41
2022-05-13 08:35:28,047:INFO: Valid: [165][620/621]  Loss -8.5170 (-5.0513)
2022-05-13 08:35:28,113:INFO: Checkpoint saved...
2022-05-13 08:37:05,995:INFO: Train: [166][2593/2594]  Loss -0.4108 (-1.7407)  Time:  0.609 (0.038)  Data Time:  0.022 (0.014)
2022-05-13 08:37:05,997:INFO:   Eta: 2:16:48
2022-05-13 08:37:21,639:INFO: Valid: [166][620/621]  Loss -8.3997 (-4.9977)
2022-05-13 08:39:01,790:INFO: Train: [167][2593/2594]  Loss -0.4916 (-1.6625)  Time:  0.545 (0.039)  Data Time:  0.001 (0.016)
2022-05-13 08:39:01,793:INFO:   Eta: 2:18:18
2022-05-13 08:39:17,798:INFO: Valid: [167][620/621]  Loss -7.1299 (-4.2335)
2022-05-13 08:41:07,374:INFO: Train: [168][2593/2594]  Loss -0.4906 (-1.6339)  Time:  0.615 (0.042)  Data Time:  0.021 (0.019)
2022-05-13 08:41:07,375:INFO:   Eta: 2:29:35
2022-05-13 08:41:23,056:INFO: Valid: [168][620/621]  Loss -7.8701 (-4.7057)
2022-05-13 08:43:06,432:INFO: Train: [169][2593/2594]  Loss -0.4215 (-1.6629)  Time:  0.530 (0.040)  Data Time:  0.019 (0.018)
2022-05-13 08:43:06,433:INFO:   Eta: 2:19:22
2022-05-13 08:43:19,781:INFO: Valid: [169][620/621]  Loss -8.3864 (-4.9548)
2022-05-13 08:44:56,371:INFO: Train: [170][2593/2594]  Loss -0.4638 (-1.6797)  Time:  0.535 (0.037)  Data Time:  0.001 (0.016)
2022-05-13 08:44:56,373:INFO:   Eta: 2:08:36
2022-05-13 08:45:11,807:INFO: Valid: [170][620/621]  Loss -8.0145 (-4.7521)
2022-05-13 08:46:44,706:INFO: Train: [171][2593/2594]  Loss -0.4728 (-1.7679)  Time:  0.168 (0.036)  Data Time:  0.000 (0.015)
2022-05-13 08:46:44,706:INFO:   Eta: 2:02:09
2022-05-13 08:46:51,883:INFO: Valid: [171][620/621]  Loss -8.3922 (-4.9889)
2022-05-13 08:48:04,323:INFO: Train: [172][2593/2594]  Loss -0.4395 (-1.7753)  Time:  0.542 (0.028)  Data Time:  0.022 (0.009)
2022-05-13 08:48:04,325:INFO:   Eta: 1:34:01
2022-05-13 08:48:19,891:INFO: Valid: [172][620/621]  Loss -8.4090 (-4.9713)
2022-05-13 08:49:30,038:INFO: Train: [173][2593/2594]  Loss -0.4699 (-1.6844)  Time:  0.237 (0.027)  Data Time:  0.000 (0.009)
2022-05-13 08:49:30,039:INFO:   Eta: 1:29:50
2022-05-13 08:49:42,190:INFO: Valid: [173][620/621]  Loss -7.9989 (-4.7599)
2022-05-13 08:50:45,235:INFO: Train: [174][2593/2594]  Loss -0.4750 (-1.7581)  Time:  0.563 (0.024)  Data Time:  0.011 (0.008)
2022-05-13 08:50:45,237:INFO:   Eta: 1:19:41
2022-05-13 08:50:56,789:INFO: Valid: [174][620/621]  Loss -8.3737 (-4.9887)
2022-05-13 08:52:00,752:INFO: Train: [175][2593/2594]  Loss -0.5016 (-1.7696)  Time:  0.611 (0.025)  Data Time:  0.001 (0.008)
2022-05-13 08:52:00,753:INFO:   Eta: 1:19:47
2022-05-13 08:52:13,455:INFO: Valid: [175][620/621]  Loss -8.4694 (-5.0307)
2022-05-13 08:53:18,322:INFO: Train: [176][2593/2594]  Loss -0.5385 (-1.6652)  Time:  0.473 (0.025)  Data Time:  0.000 (0.007)
2022-05-13 08:53:18,324:INFO:   Eta: 1:19:49
2022-05-13 08:53:30,171:INFO: Valid: [176][620/621]  Loss -7.8026 (-4.6746)
2022-05-13 08:55:11,315:INFO: Train: [177][2593/2594]  Loss -0.4951 (-1.7780)  Time:  0.632 (0.039)  Data Time:  0.021 (0.016)
2022-05-13 08:55:11,319:INFO:   Eta: 2:02:51
2022-05-13 08:55:27,085:INFO: Valid: [177][620/621]  Loss -8.6451 (-5.1105)
2022-05-13 08:55:27,151:INFO: Checkpoint saved...
2022-05-13 08:57:14,649:INFO: Train: [178][2593/2594]  Loss -0.4745 (-1.7895)  Time:  0.552 (0.041)  Data Time:  0.021 (0.018)
2022-05-13 08:57:14,652:INFO:   Eta: 2:08:51
2022-05-13 08:57:30,725:INFO: Valid: [178][620/621]  Loss -8.4913 (-5.0499)
2022-05-13 08:59:12,928:INFO: Train: [179][2593/2594]  Loss -0.4937 (-1.7830)  Time:  0.604 (0.039)  Data Time:  0.021 (0.017)
2022-05-13 08:59:12,929:INFO:   Eta: 2:00:48
2022-05-13 08:59:28,625:INFO: Valid: [179][620/621]  Loss -7.8518 (-4.6944)
2022-05-13 09:00:40,634:INFO: Train: [180][2593/2594]  Loss -0.4467 (-1.5994)  Time:  0.177 (0.028)  Data Time:  0.000 (0.011)
2022-05-13 09:00:40,635:INFO:   Eta: 1:23:52
2022-05-13 09:00:48,648:INFO: Valid: [180][620/621]  Loss -8.3234 (-4.9532)
2022-05-13 09:02:21,912:INFO: Train: [181][2593/2594]  Loss -0.4657 (-1.7879)  Time:  0.588 (0.036)  Data Time:  0.008 (0.014)
2022-05-13 09:02:21,913:INFO:   Eta: 1:47:05
2022-05-13 09:02:37,980:INFO: Valid: [181][620/621]  Loss -7.7084 (-4.6110)
2022-05-13 09:04:19,602:INFO: Train: [182][2593/2594]  Loss -0.4442 (-1.7483)  Time:  0.235 (0.039)  Data Time:  0.000 (0.016)
2022-05-13 09:04:19,603:INFO:   Eta: 1:55:01
2022-05-13 09:04:32,152:INFO: Valid: [182][620/621]  Loss -7.6422 (-4.5636)
2022-05-13 09:05:43,907:INFO: Train: [183][2593/2594]  Loss -0.4607 (-1.7806)  Time:  0.617 (0.028)  Data Time:  0.022 (0.009)
2022-05-13 09:05:43,910:INFO:   Eta: 1:19:58
2022-05-13 09:05:56,433:INFO: Valid: [183][620/621]  Loss -8.4293 (-4.9926)
2022-05-13 09:07:40,479:INFO: Train: [184][2593/2594]  Loss -0.4240 (-1.7930)  Time:  0.442 (0.040)  Data Time:  0.000 (0.017)
2022-05-13 09:07:40,480:INFO:   Eta: 1:54:17
2022-05-13 09:07:56,316:INFO: Valid: [184][620/621]  Loss -7.8819 (-4.6878)
2022-05-13 09:09:32,614:INFO: Train: [185][2593/2594]  Loss -0.4830 (-1.7267)  Time:  0.510 (0.037)  Data Time:  0.021 (0.016)
2022-05-13 09:09:32,615:INFO:   Eta: 1:44:11
2022-05-13 09:09:47,671:INFO: Valid: [185][620/621]  Loss -7.7818 (-4.6297)
2022-05-13 09:11:31,109:INFO: Train: [186][2593/2594]  Loss -0.4993 (-1.7668)  Time:  0.580 (0.040)  Data Time:  0.001 (0.017)
2022-05-13 09:11:31,111:INFO:   Eta: 1:50:11
2022-05-13 09:11:45,698:INFO: Valid: [186][620/621]  Loss -8.5775 (-5.1035)
2022-05-13 09:13:11,830:INFO: Train: [187][2593/2594]  Loss -0.4337 (-1.8097)  Time:  0.566 (0.033)  Data Time:  0.021 (0.012)
2022-05-13 09:13:11,831:INFO:   Eta: 1:30:16
2022-05-13 09:13:26,846:INFO: Valid: [187][620/621]  Loss -8.4948 (-5.0509)
2022-05-13 09:14:20,828:INFO: Train: [188][2593/2594]  Loss -0.4462 (-1.8063)  Time:  0.196 (0.021)  Data Time:  0.000 (0.006)
2022-05-13 09:14:20,829:INFO:   Eta: 0:55:38
2022-05-13 09:14:35,239:INFO: Valid: [188][620/621]  Loss -7.5737 (-4.5235)
2022-05-13 09:16:18,653:INFO: Train: [189][2593/2594]  Loss -0.5123 (-1.6086)  Time:  0.625 (0.040)  Data Time:  0.020 (0.016)
2022-05-13 09:16:18,656:INFO:   Eta: 1:44:58
2022-05-13 09:16:34,829:INFO: Valid: [189][620/621]  Loss -8.5670 (-5.0853)
2022-05-13 09:18:27,129:INFO: Train: [190][2593/2594]  Loss -0.4762 (-1.7696)  Time:  0.627 (0.043)  Data Time:  0.001 (0.018)
2022-05-13 09:18:27,131:INFO:   Eta: 1:52:09
2022-05-13 09:18:43,492:INFO: Valid: [190][620/621]  Loss -8.5345 (-5.0804)
2022-05-13 09:20:35,129:INFO: Train: [191][2593/2594]  Loss -0.5075 (-1.7506)  Time:  0.589 (0.043)  Data Time:  0.003 (0.018)
2022-05-13 09:20:35,131:INFO:   Eta: 1:49:37
2022-05-13 09:20:51,274:INFO: Valid: [191][620/621]  Loss -7.6817 (-4.5888)
2022-05-13 09:22:42,367:INFO: Train: [192][2593/2594]  Loss -0.4815 (-1.7661)  Time:  0.584 (0.043)  Data Time:  0.001 (0.018)
2022-05-13 09:22:42,370:INFO:   Eta: 1:47:13
2022-05-13 09:22:58,381:INFO: Valid: [192][620/621]  Loss -7.9753 (-4.7665)
2022-05-13 09:24:51,344:INFO: Train: [193][2593/2594]  Loss -0.5910 (-1.7063)  Time:  0.617 (0.043)  Data Time:  0.021 (0.018)
2022-05-13 09:24:51,346:INFO:   Eta: 1:47:09
2022-05-13 09:25:07,379:INFO: Valid: [193][620/621]  Loss -8.4179 (-5.0196)
2022-05-13 09:27:00,122:INFO: Train: [194][2593/2594]  Loss -0.4691 (-1.7843)  Time:  0.619 (0.043)  Data Time:  0.020 (0.019)
2022-05-13 09:27:00,124:INFO:   Eta: 1:45:05
2022-05-13 09:27:16,435:INFO: Valid: [194][620/621]  Loss -8.3840 (-5.0096)
2022-05-13 09:28:14,935:INFO: Train: [195][2593/2594]  Loss -0.4678 (-1.7522)  Time:  0.650 (0.023)  Data Time:  0.021 (0.007)
2022-05-13 09:28:14,937:INFO:   Eta: 0:53:30
2022-05-13 09:28:30,926:INFO: Valid: [195][620/621]  Loss -8.1539 (-4.8546)
2022-05-13 09:30:20,308:INFO: Train: [196][2593/2594]  Loss -0.4477 (-1.7954)  Time:  0.550 (0.042)  Data Time:  0.007 (0.019)
2022-05-13 09:30:20,310:INFO:   Eta: 1:38:19
2022-05-13 09:30:36,340:INFO: Valid: [196][620/621]  Loss -8.5299 (-5.0770)
2022-05-13 09:32:14,096:INFO: Train: [197][2593/2594]  Loss -0.3811 (-1.7846)  Time:  0.551 (0.038)  Data Time:  0.023 (0.016)
2022-05-13 09:32:14,097:INFO:   Eta: 1:26:13
2022-05-13 09:32:29,030:INFO: Valid: [197][620/621]  Loss -8.6708 (-5.1433)
2022-05-13 09:32:29,095:INFO: Checkpoint saved...
2022-05-13 09:34:15,166:INFO: Train: [198][2593/2594]  Loss -0.5218 (-1.7471)  Time:  0.572 (0.041)  Data Time:  0.023 (0.018)
2022-05-13 09:34:15,167:INFO:   Eta: 1:31:50
2022-05-13 09:34:30,752:INFO: Valid: [198][620/621]  Loss -8.4090 (-4.9914)
2022-05-13 09:36:15,869:INFO: Train: [199][2593/2594]  Loss -0.4545 (-1.7558)  Time:  0.579 (0.040)  Data Time:  0.019 (0.018)
2022-05-13 09:36:15,871:INFO:   Eta: 1:29:13
2022-05-13 09:36:31,783:INFO: Valid: [199][620/621]  Loss -7.6661 (-4.5846)
2022-05-13 09:38:18,892:INFO: Train: [200][2593/2594]  Loss -0.4948 (-1.6491)  Time:  0.588 (0.041)  Data Time:  0.022 (0.018)
2022-05-13 09:38:18,893:INFO:   Eta: 1:29:07
2022-05-13 09:38:34,590:INFO: Valid: [200][620/621]  Loss -8.0087 (-4.7728)
2022-05-13 09:40:21,192:INFO: Train: [201][2593/2594]  Loss -0.5288 (-1.8032)  Time:  0.611 (0.041)  Data Time:  0.022 (0.018)
2022-05-13 09:40:21,193:INFO:   Eta: 1:26:56
2022-05-13 09:40:36,446:INFO: Valid: [201][620/621]  Loss -8.4505 (-5.0249)
2022-05-13 09:41:49,878:INFO: Train: [202][2593/2594]  Loss -0.5028 (-1.8261)  Time:  0.167 (0.028)  Data Time:  0.000 (0.010)
2022-05-13 09:41:49,879:INFO:   Eta: 0:58:38
2022-05-13 09:41:56,677:INFO: Valid: [202][620/621]  Loss -7.8362 (-4.6344)
2022-05-13 09:43:13,152:INFO: Train: [203][2593/2594]  Loss -0.4916 (-1.5975)  Time:  0.270 (0.029)  Data Time:  0.000 (0.010)
2022-05-13 09:43:13,153:INFO:   Eta: 0:59:47
2022-05-13 09:43:28,919:INFO: Valid: [203][620/621]  Loss -8.1618 (-4.8553)
2022-05-13 09:45:14,771:INFO: Train: [204][2593/2594]  Loss -0.4463 (-1.7400)  Time:  0.564 (0.041)  Data Time:  0.020 (0.018)
2022-05-13 09:45:14,772:INFO:   Eta: 1:21:01
2022-05-13 09:45:30,759:INFO: Valid: [204][620/621]  Loss -8.4849 (-5.0560)
2022-05-13 09:47:19,688:INFO: Train: [205][2593/2594]  Loss -0.5020 (-1.8015)  Time:  0.581 (0.042)  Data Time:  0.021 (0.018)
2022-05-13 09:47:19,689:INFO:   Eta: 1:21:35
2022-05-13 09:47:35,473:INFO: Valid: [205][620/621]  Loss -8.1597 (-4.8738)
2022-05-13 09:49:24,210:INFO: Train: [206][2593/2594]  Loss -0.4834 (-1.8296)  Time:  0.566 (0.042)  Data Time:  0.006 (0.018)
2022-05-13 09:49:24,211:INFO:   Eta: 1:19:38
2022-05-13 09:49:40,446:INFO: Valid: [206][620/621]  Loss -8.4590 (-5.0398)
2022-05-13 09:51:09,349:INFO: Train: [207][2593/2594]  Loss -0.4567 (-1.8123)  Time:  0.197 (0.034)  Data Time:  0.001 (0.014)
2022-05-13 09:51:09,350:INFO:   Eta: 1:03:35
2022-05-13 09:51:22,060:INFO: Valid: [207][620/621]  Loss -8.0054 (-4.7903)
2022-05-13 09:52:45,428:INFO: Train: [208][2593/2594]  Loss -0.4665 (-1.8437)  Time:  0.457 (0.032)  Data Time:  0.023 (0.011)
2022-05-13 09:52:45,429:INFO:   Eta: 0:58:15
2022-05-13 09:53:01,400:INFO: Valid: [208][620/621]  Loss -8.3074 (-4.9376)
2022-05-13 09:54:49,844:INFO: Train: [209][2593/2594]  Loss -0.4923 (-1.7762)  Time:  0.548 (0.042)  Data Time:  0.019 (0.019)
2022-05-13 09:54:49,846:INFO:   Eta: 1:14:00
2022-05-13 09:55:01,455:INFO: Valid: [209][620/621]  Loss -8.2441 (-4.9125)
2022-05-13 09:55:45,676:INFO: Train: [210][2593/2594]  Loss -0.4763 (-1.6506)  Time:  0.177 (0.017)  Data Time:  0.000 (0.003)
2022-05-13 09:55:45,677:INFO:   Eta: 0:29:23
2022-05-13 09:55:52,496:INFO: Valid: [210][620/621]  Loss -7.4382 (-4.4557)
2022-05-13 09:57:30,620:INFO: Train: [211][2593/2594]  Loss -0.4573 (-1.8093)  Time:  0.629 (0.038)  Data Time:  0.021 (0.016)
2022-05-13 09:57:30,621:INFO:   Eta: 1:03:40
2022-05-13 09:57:46,260:INFO: Valid: [211][620/621]  Loss -8.3356 (-4.9419)
2022-05-13 09:59:31,487:INFO: Train: [212][2593/2594]  Loss -0.4011 (-1.8165)  Time:  0.536 (0.041)  Data Time:  0.022 (0.018)
2022-05-13 09:59:31,488:INFO:   Eta: 1:06:33
2022-05-13 09:59:47,334:INFO: Valid: [212][620/621]  Loss -8.4608 (-5.0334)
2022-05-13 10:01:35,295:INFO: Train: [213][2593/2594]  Loss -0.4202 (-1.6729)  Time:  0.493 (0.042)  Data Time:  0.023 (0.019)
2022-05-13 10:01:35,297:INFO:   Eta: 1:06:28
2022-05-13 10:01:50,748:INFO: Valid: [213][620/621]  Loss -8.0812 (-4.8431)
2022-05-13 10:03:37,613:INFO: Train: [214][2593/2594]  Loss -0.4430 (-1.8067)  Time:  0.560 (0.041)  Data Time:  0.004 (0.019)
2022-05-13 10:03:37,614:INFO:   Eta: 1:04:02
2022-05-13 10:03:53,346:INFO: Valid: [214][620/621]  Loss -8.1802 (-4.8982)
2022-05-13 10:05:34,199:INFO: Train: [215][2593/2594]  Loss -0.4894 (-1.8026)  Time:  0.601 (0.039)  Data Time:  0.021 (0.017)
2022-05-13 10:05:34,200:INFO:   Eta: 0:58:45
2022-05-13 10:05:50,086:INFO: Valid: [215][620/621]  Loss -8.5541 (-5.0879)
2022-05-13 10:07:37,228:INFO: Train: [216][2593/2594]  Loss -0.5128 (-1.8079)  Time:  0.563 (0.041)  Data Time:  0.022 (0.019)
2022-05-13 10:07:37,230:INFO:   Eta: 1:00:35
2022-05-13 10:07:52,793:INFO: Valid: [216][620/621]  Loss -8.1383 (-4.8823)
2022-05-13 10:09:26,021:INFO: Train: [217][2593/2594]  Loss -0.4739 (-1.6848)  Time:  0.164 (0.036)  Data Time:  0.000 (0.016)
2022-05-13 10:09:26,022:INFO:   Eta: 0:51:11
2022-05-13 10:09:32,867:INFO: Valid: [217][620/621]  Loss -7.9664 (-4.7613)
2022-05-13 10:10:49,250:INFO: Train: [218][2593/2594]  Loss -0.5053 (-1.8051)  Time:  0.459 (0.029)  Data Time:  0.001 (0.009)
2022-05-13 10:10:49,252:INFO:   Eta: 0:40:39
2022-05-13 10:11:01,700:INFO: Valid: [218][620/621]  Loss -8.4250 (-5.0230)
2022-05-13 10:12:53,023:INFO: Train: [219][2593/2594]  Loss -0.5044 (-1.7871)  Time:  0.607 (0.043)  Data Time:  0.023 (0.018)
2022-05-13 10:12:53,025:INFO:   Eta: 0:57:26
2022-05-13 10:13:09,255:INFO: Valid: [219][620/621]  Loss -7.8007 (-4.6341)
2022-05-13 10:15:00,011:INFO: Train: [220][2593/2594]  Loss -0.4896 (-1.8072)  Time:  0.609 (0.043)  Data Time:  0.023 (0.018)
2022-05-13 10:15:00,013:INFO:   Eta: 0:55:17
2022-05-13 10:15:16,404:INFO: Valid: [220][620/621]  Loss -8.4077 (-4.9792)
2022-05-13 10:17:08,461:INFO: Train: [221][2593/2594]  Loss -0.4536 (-1.8028)  Time:  0.609 (0.043)  Data Time:  0.022 (0.018)
2022-05-13 10:17:08,462:INFO:   Eta: 0:54:05
2022-05-13 10:17:24,670:INFO: Valid: [221][620/621]  Loss -8.4823 (-5.0401)
2022-05-13 10:19:16,073:INFO: Train: [222][2593/2594]  Loss -0.4483 (-1.7623)  Time:  0.619 (0.043)  Data Time:  0.022 (0.018)
2022-05-13 10:19:16,076:INFO:   Eta: 0:51:55
2022-05-13 10:19:32,685:INFO: Valid: [222][620/621]  Loss -6.9498 (-4.1390)
2022-05-13 10:21:24,754:INFO: Train: [223][2593/2594]  Loss -0.4679 (-1.7873)  Time:  0.605 (0.043)  Data Time:  0.001 (0.018)
2022-05-13 10:21:24,755:INFO:   Eta: 0:50:21
2022-05-13 10:21:40,925:INFO: Valid: [223][620/621]  Loss -7.6841 (-4.5638)
2022-05-13 10:22:52,518:INFO: Train: [224][2593/2594]  Loss -0.5276 (-1.8064)  Time:  0.161 (0.028)  Data Time:  0.000 (0.010)
2022-05-13 10:22:52,519:INFO:   Eta: 0:30:58
2022-05-13 10:23:02,698:INFO: Valid: [224][620/621]  Loss -8.4780 (-5.0474)
2022-05-13 10:24:55,821:INFO: Train: [225][2593/2594]  Loss -0.4344 (-1.6321)  Time:  0.604 (0.044)  Data Time:  0.020 (0.018)
2022-05-13 10:24:55,823:INFO:   Eta: 0:47:03
2022-05-13 10:25:12,870:INFO: Valid: [225][620/621]  Loss -8.0693 (-4.7854)
2022-05-13 10:27:05,065:INFO: Train: [226][2593/2594]  Loss -0.5254 (-1.7956)  Time:  0.605 (0.043)  Data Time:  0.021 (0.018)
2022-05-13 10:27:05,066:INFO:   Eta: 0:44:49
2022-05-13 10:27:21,212:INFO: Valid: [226][620/621]  Loss -8.3707 (-4.9839)
2022-05-13 10:29:14,053:INFO: Train: [227][2593/2594]  Loss -0.4478 (-1.8329)  Time:  0.612 (0.043)  Data Time:  0.022 (0.018)
2022-05-13 10:29:14,056:INFO:   Eta: 0:43:11
2022-05-13 10:29:30,583:INFO: Valid: [227][620/621]  Loss -8.1476 (-4.8913)
2022-05-13 10:31:24,798:INFO: Train: [228][2593/2594]  Loss -0.5096 (-1.8225)  Time:  0.605 (0.044)  Data Time:  0.021 (0.018)
2022-05-13 10:31:24,800:INFO:   Eta: 0:41:49
2022-05-13 10:31:41,404:INFO: Valid: [228][620/621]  Loss -8.1606 (-4.8642)
2022-05-13 10:33:15,729:INFO: Train: [229][2593/2594]  Loss -0.4611 (-1.6802)  Time:  0.349 (0.036)  Data Time:  0.022 (0.014)
2022-05-13 10:33:15,730:INFO:   Eta: 0:32:57
2022-05-13 10:33:27,535:INFO: Valid: [229][620/621]  Loss -8.0282 (-4.7920)
2022-05-13 10:34:37,535:INFO: Train: [230][2593/2594]  Loss -0.4158 (-1.7916)  Time:  0.503 (0.027)  Data Time:  0.000 (0.007)
2022-05-13 10:34:37,536:INFO:   Eta: 0:23:16
2022-05-13 10:34:49,248:INFO: Valid: [230][620/621]  Loss -8.2306 (-4.9009)
2022-05-13 10:36:14,055:INFO: Train: [231][2593/2594]  Loss -0.4631 (-1.8171)  Time:  0.445 (0.033)  Data Time:  0.021 (0.011)
2022-05-13 10:36:14,056:INFO:   Eta: 0:26:48
2022-05-13 10:36:21,095:INFO: Valid: [231][620/621]  Loss -8.5965 (-5.1109)
2022-05-13 10:37:31,159:INFO: Train: [232][2593/2594]  Loss -0.4357 (-1.8369)  Time:  0.579 (0.027)  Data Time:  0.022 (0.009)
2022-05-13 10:37:31,160:INFO:   Eta: 0:20:58
2022-05-13 10:37:47,326:INFO: Valid: [232][620/621]  Loss -8.6264 (-5.1353)
2022-05-13 10:39:34,559:INFO: Train: [233][2593/2594]  Loss -0.4863 (-1.7895)  Time:  0.606 (0.041)  Data Time:  0.021 (0.019)
2022-05-13 10:39:34,560:INFO:   Eta: 0:30:20
2022-05-13 10:39:50,283:INFO: Valid: [233][620/621]  Loss -7.7203 (-4.6228)
2022-05-13 10:41:36,793:INFO: Train: [234][2593/2594]  Loss -0.4406 (-1.6133)  Time:  0.577 (0.041)  Data Time:  0.022 (0.019)
2022-05-13 10:41:36,794:INFO:   Eta: 0:28:18
2022-05-13 10:41:52,394:INFO: Valid: [234][620/621]  Loss -7.6156 (-4.5541)
2022-05-13 10:43:12,229:INFO: Train: [235][2593/2594]  Loss -0.5282 (-1.8109)  Time:  0.364 (0.031)  Data Time:  0.000 (0.013)
2022-05-13 10:43:12,230:INFO:   Eta: 0:19:55
2022-05-13 10:43:22,883:INFO: Valid: [235][620/621]  Loss -8.5036 (-5.0786)
2022-05-13 10:44:28,056:INFO: Train: [236][2593/2594]  Loss -0.4544 (-1.6902)  Time:  0.570 (0.025)  Data Time:  0.003 (0.009)
2022-05-13 10:44:28,057:INFO:   Eta: 0:15:10
2022-05-13 10:44:40,896:INFO: Valid: [236][620/621]  Loss -8.3754 (-4.9858)
2022-05-13 10:46:06,651:INFO: Train: [237][2593/2594]  Loss -0.4337 (-1.7670)  Time:  0.548 (0.033)  Data Time:  0.022 (0.013)
2022-05-13 10:46:06,652:INFO:   Eta: 0:18:33
2022-05-13 10:46:21,302:INFO: Valid: [237][620/621]  Loss -8.1730 (-4.8727)
2022-05-13 10:48:05,474:INFO: Train: [238][2593/2594]  Loss -0.4549 (-1.8355)  Time:  0.523 (0.040)  Data Time:  0.017 (0.018)
2022-05-13 10:48:05,475:INFO:   Eta: 0:20:48
2022-05-13 10:48:21,056:INFO: Valid: [238][620/621]  Loss -8.3816 (-4.9860)
2022-05-13 10:50:07,482:INFO: Train: [239][2593/2594]  Loss -0.4219 (-1.6296)  Time:  0.571 (0.041)  Data Time:  0.021 (0.019)
2022-05-13 10:50:07,483:INFO:   Eta: 0:19:29
2022-05-13 10:50:16,085:INFO: Valid: [239][620/621]  Loss -8.4548 (-5.0457)
2022-05-13 10:51:22,405:INFO: Train: [240][2593/2594]  Loss -0.4976 (-1.8344)  Time:  0.562 (0.026)  Data Time:  0.023 (0.009)
2022-05-13 10:51:22,406:INFO:   Eta: 0:11:02
2022-05-13 10:51:38,016:INFO: Valid: [240][620/621]  Loss -8.0038 (-4.8132)
2022-05-13 10:53:24,268:INFO: Train: [241][2593/2594]  Loss -0.5181 (-1.6474)  Time:  0.580 (0.041)  Data Time:  0.021 (0.019)
2022-05-13 10:53:24,269:INFO:   Eta: 0:15:55
2022-05-13 10:53:39,831:INFO: Valid: [241][620/621]  Loss -8.1900 (-4.8468)
2022-05-13 10:55:26,211:INFO: Train: [242][2593/2594]  Loss -0.5298 (-1.8308)  Time:  0.604 (0.041)  Data Time:  0.022 (0.019)
2022-05-13 10:55:26,213:INFO:   Eta: 0:14:09
2022-05-13 10:55:41,803:INFO: Valid: [242][620/621]  Loss -7.5022 (-4.4819)
2022-05-13 10:57:26,751:INFO: Train: [243][2593/2594]  Loss -0.4494 (-1.6536)  Time:  0.528 (0.040)  Data Time:  0.022 (0.019)
2022-05-13 10:57:26,753:INFO:   Eta: 0:12:13
2022-05-13 10:57:42,166:INFO: Valid: [243][620/621]  Loss -7.8783 (-4.7134)
2022-05-13 10:59:28,236:INFO: Train: [244][2593/2594]  Loss -0.4763 (-1.8556)  Time:  0.515 (0.041)  Data Time:  0.001 (0.019)
2022-05-13 10:59:28,237:INFO:   Eta: 0:10:35
2022-05-13 10:59:43,754:INFO: Valid: [244][620/621]  Loss -8.4753 (-5.0640)
2022-05-13 11:01:29,918:INFO: Train: [245][2593/2594]  Loss -0.5124 (-1.8137)  Time:  0.557 (0.041)  Data Time:  0.021 (0.019)
2022-05-13 11:01:29,921:INFO:   Eta: 0:08:49
2022-05-13 11:01:45,475:INFO: Valid: [245][620/621]  Loss -7.3662 (-4.3941)
2022-05-13 11:03:27,078:INFO: Train: [246][2593/2594]  Loss -0.4659 (-1.8271)  Time:  0.191 (0.039)  Data Time:  0.000 (0.018)
2022-05-13 11:03:27,078:INFO:   Eta: 0:06:45
2022-05-13 11:03:33,830:INFO: Valid: [246][620/621]  Loss -8.1945 (-4.9026)
2022-05-13 11:04:45,124:INFO: Train: [247][2593/2594]  Loss -0.4159 (-1.7495)  Time:  0.601 (0.027)  Data Time:  0.021 (0.010)
2022-05-13 11:04:45,125:INFO:   Eta: 0:03:33
2022-05-13 11:05:01,378:INFO: Valid: [247][620/621]  Loss -8.2790 (-4.9593)
2022-05-13 11:06:47,614:INFO: Train: [248][2593/2594]  Loss -0.4840 (-1.7375)  Time:  0.665 (0.041)  Data Time:  0.021 (0.018)
2022-05-13 11:06:47,615:INFO:   Eta: 0:03:32
2022-05-13 11:07:03,633:INFO: Valid: [248][620/621]  Loss -8.3629 (-5.0109)
2022-05-13 11:08:37,790:INFO: Train: [249][2593/2594]  Loss -0.4611 (-1.8277)  Time:  0.190 (0.036)  Data Time:  0.000 (0.015)
2022-05-13 11:08:37,791:INFO:   Eta: 0:01:34
2022-05-13 11:08:49,465:INFO: Valid: [249][620/621]  Loss -7.7076 (-4.6122)
