2022-04-08 08:27:02,350:INFO: batch_size=128
2022-04-08 08:27:02,350:INFO: clip_grad=None
2022-04-08 08:27:02,351:INFO: dataset=eth
2022-04-08 08:27:02,351:INFO: drop=0.4
2022-04-08 08:27:02,351:INFO: gpu_num=0
2022-04-08 08:27:02,351:INFO: input_size=2
2022-04-08 08:27:02,351:INFO: kernel_size=3
2022-04-08 08:27:02,351:INFO: lr=0.01
2022-04-08 08:27:02,351:INFO: lr_sh_rate=150
2022-04-08 08:27:02,351:INFO: model=social_stgcnn9
2022-04-08 08:27:02,351:INFO: n_stgcnn=1
2022-04-08 08:27:02,351:INFO: n_txpcnn=5
2022-04-08 08:27:02,351:INFO: num_epochs=250
2022-04-08 08:27:02,351:INFO: obs_seq_len=8
2022-04-08 08:27:02,351:INFO: output_size=5
2022-04-08 08:27:02,351:INFO: pred_seq_len=12
2022-04-08 08:27:02,351:INFO: seed=0
2022-04-08 08:27:02,351:INFO: tag=eth
2022-04-08 08:27:02,351:INFO: use_lrschd=True
2022-04-08 08:27:02,352:INFO: ******************************
2022-04-08 08:27:02,352:INFO: Training initiating....
2022-04-08 08:27:02,352:INFO: Namespace(batch_size=128, clip_grad=None, dataset='eth', drop=0.4, gpu_num='0', input_size=2, kernel_size=3, lr=0.01, lr_sh_rate=150, model='social_stgcnn9', n_stgcnn=1, n_txpcnn=5, num_epochs=250, obs_seq_len=8, output_size=5, pred_seq_len=12, seed=0, tag='eth', use_lrschd=True)
2022-04-08 08:27:02,357:INFO: Initializing train dataset
2022-04-08 08:27:19,103:INFO: Initializing val dataset
2022-04-08 08:27:46,681:INFO: social_stgcnn9
2022-04-08 08:27:46,708:INFO: Data and model loaded
2022-04-08 08:27:46,708:INFO: Checkpoint dir: ./runs/Apr08_08-27-02_node07/eth/checkpoint
2022-04-08 08:27:46,708:INFO: Training started ...
2022-04-08 08:28:24,865:INFO: Train: [0][2784/2785]  Loss 0.6277 (1.2948)  Time:  0.581 (0.014)  Data Time:  0.004 (0.004)
2022-04-08 08:28:24,866:INFO:   Eta: 2:38:56
2022-04-08 08:29:02,531:INFO: Train: [1][2784/2785]  Loss 0.4363 (0.5734)  Time:  0.520 (0.014)  Data Time:  0.005 (0.004)
2022-04-08 08:29:02,533:INFO:   Eta: 2:36:13
2022-04-08 08:29:40,546:INFO: Train: [2][2784/2785]  Loss 0.0915 (0.2991)  Time:  0.521 (0.014)  Data Time:  0.004 (0.004)
2022-04-08 08:29:40,547:INFO:   Eta: 2:37:01
2022-04-08 08:30:18,720:INFO: Train: [3][2784/2785]  Loss 0.1372 (0.2314)  Time:  0.516 (0.014)  Data Time:  0.004 (0.004)
2022-04-08 08:30:18,721:INFO:   Eta: 2:37:01
2022-04-08 08:30:56,355:INFO: Train: [4][2784/2785]  Loss -0.1668 (-0.0146)  Time:  0.481 (0.014)  Data Time:  0.005 (0.004)
2022-04-08 08:30:56,356:INFO:   Eta: 2:34:12
2022-04-08 08:31:28,260:INFO: Train: [5][2784/2785]  Loss 0.1898 (0.0283)  Time:  0.531 (0.011)  Data Time:  0.001 (0.003)
2022-04-08 08:31:28,261:INFO:   Eta: 2:10:10
2022-04-08 08:31:59,026:INFO: Train: [6][2784/2785]  Loss 0.0708 (-0.1457)  Time:  0.517 (0.011)  Data Time:  0.002 (0.002)
2022-04-08 08:31:59,027:INFO:   Eta: 2:05:01
2022-04-08 08:32:01,619:INFO: Test: [6]  ADE: 1.1027  FDE: 1.6456
2022-04-08 08:32:36,800:INFO: Train: [7][2784/2785]  Loss -0.2962 (-0.2423)  Time:  0.593 (0.013)  Data Time:  0.003 (0.003)
2022-04-08 08:32:36,802:INFO:   Eta: 2:22:24
2022-04-08 08:33:11,303:INFO: Train: [8][2784/2785]  Loss -0.2853 (-0.2810)  Time:  0.574 (0.012)  Data Time:  0.004 (0.003)
2022-04-08 08:33:11,304:INFO:   Eta: 2:19:03
2022-04-08 08:33:49,296:INFO: Train: [9][2784/2785]  Loss -0.3743 (-0.3281)  Time:  0.545 (0.014)  Data Time:  0.005 (0.004)
2022-04-08 08:33:49,297:INFO:   Eta: 2:32:30
2022-04-08 08:34:27,191:INFO: Train: [10][2784/2785]  Loss -0.3210 (-0.2524)  Time:  0.546 (0.014)  Data Time:  0.004 (0.004)
2022-04-08 08:34:27,192:INFO:   Eta: 2:31:28
2022-04-08 08:35:04,744:INFO: Train: [11][2784/2785]  Loss -0.1862 (-0.3915)  Time:  0.517 (0.013)  Data Time:  0.004 (0.004)
2022-04-08 08:35:04,745:INFO:   Eta: 2:29:29
2022-04-08 08:35:42,684:INFO: Train: [12][2784/2785]  Loss -0.4611 (-0.4832)  Time:  0.554 (0.014)  Data Time:  0.004 (0.004)
2022-04-08 08:35:42,685:INFO:   Eta: 2:30:17
2022-04-08 08:36:21,157:INFO: Train: [13][2784/2785]  Loss -0.4431 (-0.5181)  Time:  0.493 (0.014)  Data Time:  0.004 (0.005)
2022-04-08 08:36:21,158:INFO:   Eta: 2:31:52
2022-04-08 08:36:58,062:INFO: Train: [14][2784/2785]  Loss -0.4843 (-0.5147)  Time:  0.629 (0.013)  Data Time:  0.002 (0.004)
2022-04-08 08:36:58,063:INFO:   Eta: 2:25:04
2022-04-08 08:37:31,533:INFO: Train: [15][2784/2785]  Loss -0.5803 (-0.5381)  Time:  0.550 (0.012)  Data Time:  0.004 (0.003)
2022-04-08 08:37:31,561:INFO:   Eta: 2:10:59
2022-04-08 08:38:07,555:INFO: Train: [16][2784/2785]  Loss -0.4196 (-0.6140)  Time:  0.441 (0.013)  Data Time:  0.003 (0.004)
2022-04-08 08:38:07,573:INFO:   Eta: 2:20:01
2022-04-08 08:38:10,140:INFO: Test: [16]  ADE: 0.9039  FDE: 1.3534
2022-04-08 08:38:44,942:INFO: Train: [17][2784/2785]  Loss -0.5421 (-0.6980)  Time:  0.479 (0.012)  Data Time:  0.004 (0.003)
2022-04-08 08:38:44,943:INFO:   Eta: 2:15:04
2022-04-08 08:39:19,923:INFO: Train: [18][2784/2785]  Loss -0.4154 (-0.6064)  Time:  0.485 (0.013)  Data Time:  0.003 (0.003)
2022-04-08 08:39:19,924:INFO:   Eta: 2:15:08
2022-04-08 08:39:54,840:INFO: Train: [19][2784/2785]  Loss -0.6718 (-0.7052)  Time:  0.469 (0.013)  Data Time:  0.004 (0.004)
2022-04-08 08:39:54,841:INFO:   Eta: 2:14:18
2022-04-08 08:40:30,776:INFO: Train: [20][2784/2785]  Loss -0.1790 (-0.8042)  Time:  0.570 (0.013)  Data Time:  0.004 (0.004)
2022-04-08 08:40:30,777:INFO:   Eta: 2:17:39
2022-04-08 08:41:07,617:INFO: Train: [21][2784/2785]  Loss -0.3735 (-0.7283)  Time:  0.466 (0.013)  Data Time:  0.004 (0.004)
2022-04-08 08:41:07,680:INFO:   Eta: 2:20:31
2022-04-08 08:41:46,831:INFO: Train: [22][2784/2785]  Loss -0.5687 (-0.8861)  Time:  0.575 (0.014)  Data Time:  0.005 (0.004)
2022-04-08 08:41:46,832:INFO:   Eta: 2:26:01
2022-04-08 08:42:23,727:INFO: Train: [23][2784/2785]  Loss -0.5857 (-0.8463)  Time:  0.433 (0.013)  Data Time:  0.003 (0.004)
2022-04-08 08:42:23,735:INFO:   Eta: 2:19:29
2022-04-08 08:42:57,644:INFO: Train: [24][2784/2785]  Loss -0.8123 (-0.7894)  Time:  0.509 (0.012)  Data Time:  0.004 (0.003)
2022-04-08 08:42:57,647:INFO:   Eta: 2:07:28
2022-04-08 08:43:36,529:INFO: Train: [25][2784/2785]  Loss -0.6745 (-0.8220)  Time:  0.523 (0.014)  Data Time:  0.005 (0.005)
2022-04-08 08:43:36,530:INFO:   Eta: 2:25:39
2022-04-08 08:44:13,943:INFO: Train: [26][2784/2785]  Loss -0.7897 (-0.8763)  Time:  0.493 (0.013)  Data Time:  0.004 (0.004)
2022-04-08 08:44:13,945:INFO:   Eta: 2:19:35
2022-04-08 08:44:16,528:INFO: Test: [26]  ADE: 0.8276  FDE: 1.3709
2022-04-08 08:44:54,495:INFO: Train: [27][2784/2785]  Loss -0.7835 (-0.8216)  Time:  0.559 (0.014)  Data Time:  0.005 (0.005)
2022-04-08 08:44:54,497:INFO:   Eta: 2:21:02
2022-04-08 08:45:29,593:INFO: Train: [28][2784/2785]  Loss -0.8721 (-0.9603)  Time:  0.591 (0.013)  Data Time:  0.004 (0.003)
2022-04-08 08:45:29,594:INFO:   Eta: 2:09:45
2022-04-08 08:46:02,106:INFO: Train: [29][2784/2785]  Loss -0.7017 (-0.9208)  Time:  0.473 (0.012)  Data Time:  0.004 (0.003)
2022-04-08 08:46:02,107:INFO:   Eta: 1:59:40
2022-04-08 08:46:34,172:INFO: Train: [30][2784/2785]  Loss -0.8135 (-0.9930)  Time:  0.461 (0.012)  Data Time:  0.004 (0.004)
2022-04-08 08:46:34,173:INFO:   Eta: 1:57:29
2022-04-08 08:47:14,170:INFO: Train: [31][2784/2785]  Loss -0.8266 (-1.0041)  Time:  0.688 (0.014)  Data Time:  0.003 (0.004)
2022-04-08 08:47:14,172:INFO:   Eta: 2:25:52
2022-04-08 08:47:57,831:INFO: Train: [32][2784/2785]  Loss -0.8742 (-0.9397)  Time:  0.513 (0.016)  Data Time:  0.003 (0.004)
2022-04-08 08:47:57,833:INFO:   Eta: 2:38:29
2022-04-08 08:48:38,073:INFO: Train: [33][2784/2785]  Loss -0.8262 (-1.0539)  Time:  0.552 (0.014)  Data Time:  0.003 (0.003)
2022-04-08 08:48:38,074:INFO:   Eta: 2:25:24
2022-04-08 08:49:22,703:INFO: Train: [34][2784/2785]  Loss -0.8418 (-1.0865)  Time:  0.569 (0.016)  Data Time:  0.007 (0.004)
2022-04-08 08:49:22,705:INFO:   Eta: 2:40:31
2022-04-08 08:50:07,048:INFO: Train: [35][2784/2785]  Loss -0.6085 (-1.0092)  Time:  0.580 (0.016)  Data Time:  0.003 (0.004)
2022-04-08 08:50:07,049:INFO:   Eta: 2:38:45
2022-04-08 08:50:51,366:INFO: Train: [36][2784/2785]  Loss -0.6866 (-1.0196)  Time:  0.660 (0.016)  Data Time:  0.005 (0.004)
2022-04-08 08:50:51,368:INFO:   Eta: 2:37:57
2022-04-08 08:50:54,489:INFO: Test: [36]  ADE: 0.8793  FDE: 1.5457
2022-04-08 08:51:38,124:INFO: Train: [37][2784/2785]  Loss -0.7702 (-0.9600)  Time:  0.648 (0.016)  Data Time:  0.004 (0.004)
2022-04-08 08:51:38,127:INFO:   Eta: 2:34:48
2022-04-08 08:52:22,718:INFO: Train: [38][2784/2785]  Loss -0.7789 (-1.0307)  Time:  0.725 (0.016)  Data Time:  0.005 (0.004)
2022-04-08 08:52:22,720:INFO:   Eta: 2:37:26
2022-04-08 08:53:05,390:INFO: Train: [39][2784/2785]  Loss -0.6693 (-0.9976)  Time:  0.688 (0.015)  Data Time:  0.004 (0.004)
2022-04-08 08:53:05,392:INFO:   Eta: 2:29:56
2022-04-08 08:53:46,740:INFO: Train: [40][2784/2785]  Loss -0.6157 (-1.0953)  Time:  0.646 (0.015)  Data Time:  0.003 (0.003)
2022-04-08 08:53:46,742:INFO:   Eta: 2:24:36
2022-04-08 08:54:26,274:INFO: Train: [41][2784/2785]  Loss -0.8767 (-1.1458)  Time:  0.494 (0.014)  Data Time:  0.002 (0.003)
2022-04-08 08:54:26,275:INFO:   Eta: 2:17:35
2022-04-08 08:54:59,961:INFO: Train: [42][2784/2785]  Loss -0.9692 (-1.0929)  Time:  0.401 (0.012)  Data Time:  0.003 (0.002)
2022-04-08 08:54:59,962:INFO:   Eta: 1:56:40
2022-04-08 08:55:37,246:INFO: Train: [43][2784/2785]  Loss -0.8644 (-1.1143)  Time:  0.572 (0.013)  Data Time:  0.004 (0.004)
2022-04-08 08:55:37,248:INFO:   Eta: 2:08:32
2022-04-08 08:56:16,508:INFO: Train: [44][2784/2785]  Loss -0.8893 (-1.1379)  Time:  0.546 (0.014)  Data Time:  0.004 (0.004)
2022-04-08 08:56:16,510:INFO:   Eta: 2:14:42
2022-04-08 08:56:55,648:INFO: Train: [45][2784/2785]  Loss -0.9271 (-1.1905)  Time:  0.602 (0.014)  Data Time:  0.005 (0.004)
2022-04-08 08:56:55,649:INFO:   Eta: 2:13:37
2022-04-08 08:57:36,614:INFO: Train: [46][2784/2785]  Loss -0.9549 (-1.1977)  Time:  0.533 (0.015)  Data Time:  0.004 (0.004)
2022-04-08 08:57:36,811:INFO:   Eta: 2:19:11
2022-04-08 08:57:39,584:INFO: Test: [46]  ADE: 0.7745  FDE: 1.3708
2022-04-08 08:58:20,348:INFO: Train: [47][2784/2785]  Loss -0.8142 (-1.1702)  Time:  0.724 (0.014)  Data Time:  0.005 (0.004)
2022-04-08 08:58:20,350:INFO:   Eta: 2:14:18
2022-04-08 08:58:59,828:INFO: Train: [48][2784/2785]  Loss -0.9338 (-1.0417)  Time:  0.534 (0.014)  Data Time:  0.004 (0.004)
2022-04-08 08:58:59,829:INFO:   Eta: 2:12:48
2022-04-08 08:59:39,159:INFO: Train: [49][2784/2785]  Loss -0.9436 (-1.1739)  Time:  0.549 (0.014)  Data Time:  0.004 (0.004)
2022-04-08 08:59:39,161:INFO:   Eta: 2:11:40
2022-04-08 09:00:17,870:INFO: Train: [50][2784/2785]  Loss -0.7377 (-1.1921)  Time:  0.529 (0.014)  Data Time:  0.003 (0.004)
2022-04-08 09:00:17,872:INFO:   Eta: 2:08:56
2022-04-08 09:00:53,017:INFO: Train: [51][2784/2785]  Loss -0.9052 (-1.2514)  Time:  0.567 (0.013)  Data Time:  0.003 (0.003)
2022-04-08 09:00:53,019:INFO:   Eta: 1:56:28
2022-04-08 09:01:28,948:INFO: Train: [52][2784/2785]  Loss -0.9082 (-1.2059)  Time:  0.667 (0.013)  Data Time:  0.005 (0.003)
2022-04-08 09:01:28,950:INFO:   Eta: 1:58:27
2022-04-08 09:02:05,110:INFO: Train: [53][2784/2785]  Loss -0.9907 (-1.1799)  Time:  0.574 (0.013)  Data Time:  0.003 (0.003)
2022-04-08 09:02:05,112:INFO:   Eta: 1:58:38
2022-04-08 09:02:41,225:INFO: Train: [54][2784/2785]  Loss -0.7244 (-1.1853)  Time:  0.525 (0.013)  Data Time:  0.004 (0.004)
2022-04-08 09:02:41,227:INFO:   Eta: 1:57:52
2022-04-08 09:03:19,497:INFO: Train: [55][2784/2785]  Loss -0.9308 (-1.2513)  Time:  0.684 (0.014)  Data Time:  0.004 (0.003)
2022-04-08 09:03:19,498:INFO:   Eta: 2:04:16
2022-04-08 09:03:59,265:INFO: Train: [56][2784/2785]  Loss -0.7835 (-1.2384)  Time:  0.578 (0.014)  Data Time:  0.005 (0.004)
2022-04-08 09:03:59,267:INFO:   Eta: 2:08:28
2022-04-08 09:04:02,033:INFO: Test: [56]  ADE: 0.7260  FDE: 1.2517
2022-04-08 09:04:42,753:INFO: Train: [57][2784/2785]  Loss -0.9768 (-1.2203)  Time:  0.584 (0.015)  Data Time:  0.004 (0.004)
2022-04-08 09:04:42,755:INFO:   Eta: 2:10:54
2022-04-08 09:05:23,523:INFO: Train: [58][2784/2785]  Loss -0.9028 (-1.3644)  Time:  0.566 (0.015)  Data Time:  0.004 (0.004)
2022-04-08 09:05:23,526:INFO:   Eta: 2:10:22
2022-04-08 09:06:04,183:INFO: Train: [59][2784/2785]  Loss -0.6623 (-1.2622)  Time:  0.532 (0.015)  Data Time:  0.003 (0.004)
2022-04-08 09:06:04,185:INFO:   Eta: 2:09:19
2022-04-08 09:06:39,825:INFO: Train: [60][2784/2785]  Loss -0.8834 (-1.2710)  Time:  0.511 (0.013)  Data Time:  0.003 (0.003)
2022-04-08 09:06:39,827:INFO:   Eta: 1:52:46
2022-04-08 09:07:19,550:INFO: Train: [61][2784/2785]  Loss -0.9412 (-1.2533)  Time:  0.612 (0.014)  Data Time:  0.005 (0.004)
2022-04-08 09:07:19,551:INFO:   Eta: 2:05:01
2022-04-08 09:08:00,358:INFO: Train: [62][2784/2785]  Loss -1.0447 (-1.2747)  Time:  0.543 (0.015)  Data Time:  0.004 (0.004)
2022-04-08 09:08:00,359:INFO:   Eta: 2:07:46
2022-04-08 09:08:40,968:INFO: Train: [63][2784/2785]  Loss -1.0252 (-1.2969)  Time:  0.565 (0.015)  Data Time:  0.004 (0.004)
2022-04-08 09:08:40,970:INFO:   Eta: 2:06:28
2022-04-08 09:09:19,281:INFO: Train: [64][2784/2785]  Loss -0.9392 (-1.2001)  Time:  0.502 (0.014)  Data Time:  0.003 (0.004)
2022-04-08 09:09:19,282:INFO:   Eta: 1:58:39
2022-04-08 09:09:56,377:INFO: Train: [65][2784/2785]  Loss -1.0125 (-1.3275)  Time:  0.501 (0.013)  Data Time:  0.004 (0.003)
2022-04-08 09:09:56,379:INFO:   Eta: 1:54:17
2022-04-08 09:10:32,688:INFO: Train: [66][2784/2785]  Loss -1.1153 (-1.2722)  Time:  0.531 (0.013)  Data Time:  0.003 (0.003)
2022-04-08 09:10:32,690:INFO:   Eta: 1:51:15
2022-04-08 09:10:35,498:INFO: Test: [66]  ADE: 0.7015  FDE: 1.2517
2022-04-08 09:11:13,352:INFO: Train: [67][2784/2785]  Loss -1.0449 (-1.2954)  Time:  0.680 (0.014)  Data Time:  0.003 (0.003)
2022-04-08 09:11:13,354:INFO:   Eta: 1:55:23
2022-04-08 09:11:52,894:INFO: Train: [68][2784/2785]  Loss -1.0583 (-1.4030)  Time:  0.539 (0.014)  Data Time:  0.004 (0.004)
2022-04-08 09:11:52,896:INFO:   Eta: 1:59:50
2022-04-08 09:12:28,900:INFO: Train: [69][2784/2785]  Loss -1.0866 (-1.3274)  Time:  0.479 (0.013)  Data Time:  0.003 (0.003)
2022-04-08 09:12:28,901:INFO:   Eta: 1:48:31
2022-04-08 09:13:08,058:INFO: Train: [70][2784/2785]  Loss -0.9749 (-1.3248)  Time:  0.573 (0.014)  Data Time:  0.005 (0.004)
2022-04-08 09:13:08,059:INFO:   Eta: 1:57:23
2022-04-08 09:13:48,242:INFO: Train: [71][2784/2785]  Loss -1.1526 (-1.3170)  Time:  0.540 (0.014)  Data Time:  0.005 (0.004)
2022-04-08 09:13:48,243:INFO:   Eta: 1:59:47
2022-04-08 09:14:27,883:INFO: Train: [72][2784/2785]  Loss -1.0497 (-1.4121)  Time:  0.526 (0.014)  Data Time:  0.004 (0.004)
2022-04-08 09:14:27,884:INFO:   Eta: 1:57:30
2022-04-08 09:15:07,690:INFO: Train: [73][2784/2785]  Loss -0.9627 (-1.3691)  Time:  0.649 (0.014)  Data Time:  0.004 (0.004)
2022-04-08 09:15:07,692:INFO:   Eta: 1:57:20
2022-04-08 09:15:47,688:INFO: Train: [74][2784/2785]  Loss -0.9614 (-1.3003)  Time:  0.608 (0.014)  Data Time:  0.005 (0.004)
2022-04-08 09:15:47,691:INFO:   Eta: 1:57:14
2022-04-08 09:16:27,500:INFO: Train: [75][2784/2785]  Loss -0.9739 (-1.4225)  Time:  0.555 (0.014)  Data Time:  0.005 (0.004)
2022-04-08 09:16:27,502:INFO:   Eta: 1:56:01
2022-04-08 09:17:07,280:INFO: Train: [76][2784/2785]  Loss -0.9970 (-1.3422)  Time:  0.563 (0.014)  Data Time:  0.004 (0.004)
2022-04-08 09:17:07,282:INFO:   Eta: 1:55:16
2022-04-08 09:17:09,996:INFO: Test: [76]  ADE: 0.6987  FDE: 1.2521
2022-04-08 09:17:45,316:INFO: Train: [77][2784/2785]  Loss -1.1775 (-1.3842)  Time:  0.482 (0.013)  Data Time:  0.002 (0.003)
2022-04-08 09:17:45,317:INFO:   Eta: 1:41:47
2022-04-08 09:18:17,583:INFO: Train: [78][2784/2785]  Loss -1.0358 (-1.3415)  Time:  0.490 (0.012)  Data Time:  0.001 (0.002)
2022-04-08 09:18:17,584:INFO:   Eta: 1:32:25
2022-04-08 09:18:52,610:INFO: Train: [79][2784/2785]  Loss -0.9928 (-1.3294)  Time:  0.500 (0.013)  Data Time:  0.004 (0.003)
2022-04-08 09:18:52,612:INFO:   Eta: 1:39:44
2022-04-08 09:19:28,471:INFO: Train: [80][2784/2785]  Loss -1.2238 (-1.3773)  Time:  0.546 (0.013)  Data Time:  0.004 (0.004)
2022-04-08 09:19:28,473:INFO:   Eta: 1:41:31
2022-04-08 09:20:10,318:INFO: Train: [81][2784/2785]  Loss -1.0297 (-1.4410)  Time:  0.716 (0.015)  Data Time:  0.004 (0.004)
2022-04-08 09:20:10,320:INFO:   Eta: 1:57:46
2022-04-08 09:20:54,436:INFO: Train: [82][2784/2785]  Loss -0.9764 (-1.3313)  Time:  0.674 (0.016)  Data Time:  0.005 (0.004)
2022-04-08 09:20:54,438:INFO:   Eta: 2:03:24
2022-04-08 09:21:37,444:INFO: Train: [83][2784/2785]  Loss -0.9850 (-1.4339)  Time:  0.604 (0.015)  Data Time:  0.004 (0.004)
2022-04-08 09:21:37,447:INFO:   Eta: 1:59:36
2022-04-08 09:22:20,063:INFO: Train: [84][2784/2785]  Loss -1.1876 (-1.4745)  Time:  0.557 (0.015)  Data Time:  0.005 (0.004)
2022-04-08 09:22:20,065:INFO:   Eta: 1:57:48
2022-04-08 09:23:03,284:INFO: Train: [85][2784/2785]  Loss -1.1248 (-1.4019)  Time:  0.618 (0.016)  Data Time:  0.004 (0.004)
2022-04-08 09:23:03,286:INFO:   Eta: 1:58:45
2022-04-08 09:23:46,417:INFO: Train: [86][2784/2785]  Loss -1.2565 (-1.4531)  Time:  0.834 (0.015)  Data Time:  0.005 (0.004)
2022-04-08 09:23:46,419:INFO:   Eta: 1:57:48
2022-04-08 09:23:49,498:INFO: Test: [86]  ADE: 0.6905  FDE: 1.2118
2022-04-08 09:24:30,118:INFO: Train: [87][2784/2785]  Loss -0.9172 (-1.4467)  Time:  0.546 (0.015)  Data Time:  0.002 (0.003)
2022-04-08 09:24:30,120:INFO:   Eta: 1:50:17
2022-04-08 09:25:10,214:INFO: Train: [88][2784/2785]  Loss -1.1531 (-1.3368)  Time:  0.527 (0.014)  Data Time:  0.004 (0.003)
2022-04-08 09:25:10,216:INFO:   Eta: 1:48:09
2022-04-08 09:25:50,946:INFO: Train: [89][2784/2785]  Loss -1.2272 (-1.4832)  Time:  0.514 (0.015)  Data Time:  0.003 (0.003)
2022-04-08 09:25:50,948:INFO:   Eta: 1:49:11
2022-04-08 09:26:31,524:INFO: Train: [90][2784/2785]  Loss -1.0300 (-1.4774)  Time:  0.572 (0.015)  Data Time:  0.004 (0.004)
2022-04-08 09:26:31,608:INFO:   Eta: 1:48:05
2022-04-08 09:27:12,176:INFO: Train: [91][2784/2785]  Loss -1.1983 (-1.4382)  Time:  0.556 (0.014)  Data Time:  0.005 (0.004)
2022-04-08 09:27:12,178:INFO:   Eta: 1:45:33
2022-04-08 09:27:56,001:INFO: Train: [92][2784/2785]  Loss -0.7979 (-1.4715)  Time:  0.667 (0.016)  Data Time:  0.005 (0.004)
2022-04-08 09:27:56,003:INFO:   Eta: 1:55:18
2022-04-08 09:28:37,058:INFO: Train: [93][2784/2785]  Loss -1.2546 (-1.4445)  Time:  0.662 (0.015)  Data Time:  0.004 (0.004)
2022-04-08 09:28:37,060:INFO:   Eta: 1:47:21
2022-04-08 09:29:18,158:INFO: Train: [94][2784/2785]  Loss -1.2692 (-1.4696)  Time:  0.591 (0.015)  Data Time:  0.004 (0.004)
2022-04-08 09:29:18,159:INFO:   Eta: 1:46:46
2022-04-08 09:29:58,351:INFO: Train: [95][2784/2785]  Loss -1.1659 (-1.4569)  Time:  0.672 (0.014)  Data Time:  0.004 (0.004)
2022-04-08 09:29:58,353:INFO:   Eta: 1:43:45
2022-04-08 09:30:36,438:INFO: Train: [96][2784/2785]  Loss -1.1800 (-1.4599)  Time:  0.490 (0.014)  Data Time:  0.004 (0.004)
2022-04-08 09:30:36,440:INFO:   Eta: 1:37:40
2022-04-08 09:30:39,122:INFO: Test: [96]  ADE: 0.7995  FDE: 1.4373
2022-04-08 09:31:18,325:INFO: Train: [97][2784/2785]  Loss -1.2473 (-1.4322)  Time:  0.539 (0.014)  Data Time:  0.005 (0.004)
2022-04-08 09:31:18,327:INFO:   Eta: 1:39:54
2022-04-08 09:32:00,074:INFO: Train: [98][2784/2785]  Loss -1.0930 (-1.4761)  Time:  0.548 (0.015)  Data Time:  0.004 (0.004)
2022-04-08 09:32:00,076:INFO:   Eta: 1:45:40
2022-04-08 09:32:37,788:INFO: Train: [99][2784/2785]  Loss -1.1692 (-1.4730)  Time:  0.534 (0.014)  Data Time:  0.004 (0.004)
2022-04-08 09:32:37,789:INFO:   Eta: 1:34:50
2022-04-08 09:33:14,776:INFO: Train: [100][2784/2785]  Loss -1.1475 (-1.4087)  Time:  0.559 (0.013)  Data Time:  0.003 (0.003)
2022-04-08 09:33:14,778:INFO:   Eta: 1:32:23
2022-04-08 09:33:52,596:INFO: Train: [101][2784/2785]  Loss -1.1314 (-1.4665)  Time:  0.562 (0.014)  Data Time:  0.004 (0.004)
2022-04-08 09:33:52,598:INFO:   Eta: 1:33:49
2022-04-08 09:34:30,269:INFO: Train: [102][2784/2785]  Loss -1.0053 (-1.4563)  Time:  0.597 (0.014)  Data Time:  0.004 (0.004)
2022-04-08 09:34:30,271:INFO:   Eta: 1:32:50
2022-04-08 09:35:11,494:INFO: Train: [103][2784/2785]  Loss -1.1777 (-1.5178)  Time:  0.594 (0.015)  Data Time:  0.005 (0.004)
2022-04-08 09:35:11,495:INFO:   Eta: 1:40:55
2022-04-08 09:35:53,329:INFO: Train: [104][2784/2785]  Loss -1.1646 (-1.4636)  Time:  0.785 (0.015)  Data Time:  0.004 (0.004)
2022-04-08 09:35:53,331:INFO:   Eta: 1:41:43
2022-04-08 09:36:30,810:INFO: Train: [105][2784/2785]  Loss -1.2876 (-1.4209)  Time:  0.586 (0.013)  Data Time:  0.002 (0.003)
2022-04-08 09:36:30,811:INFO:   Eta: 1:30:30
2022-04-08 09:37:08,044:INFO: Train: [106][2784/2785]  Loss -1.0041 (-1.4714)  Time:  0.544 (0.013)  Data Time:  0.004 (0.004)
2022-04-08 09:37:08,046:INFO:   Eta: 1:29:17
2022-04-08 09:37:10,900:INFO: Test: [106]  ADE: 0.7144  FDE: 1.1564
2022-04-08 09:37:50,780:INFO: Train: [107][2784/2785]  Loss -1.2041 (-1.4848)  Time:  0.563 (0.014)  Data Time:  0.004 (0.004)
2022-04-08 09:37:50,781:INFO:   Eta: 1:34:59
2022-04-08 09:38:31,681:INFO: Train: [108][2784/2785]  Loss -1.3121 (-1.5310)  Time:  0.541 (0.015)  Data Time:  0.004 (0.004)
2022-04-08 09:38:31,683:INFO:   Eta: 1:36:43
2022-04-08 09:39:11,260:INFO: Train: [109][2784/2785]  Loss -1.2151 (-1.4975)  Time:  0.539 (0.014)  Data Time:  0.004 (0.004)
2022-04-08 09:39:11,262:INFO:   Eta: 1:32:55
2022-04-08 09:39:51,526:INFO: Train: [110][2784/2785]  Loss -1.0327 (-1.5511)  Time:  0.526 (0.014)  Data Time:  0.004 (0.004)
2022-04-08 09:39:51,527:INFO:   Eta: 1:33:52
2022-04-08 09:40:28,247:INFO: Train: [111][2784/2785]  Loss -1.2522 (-1.5187)  Time:  0.500 (0.013)  Data Time:  0.003 (0.004)
2022-04-08 09:40:28,250:INFO:   Eta: 1:25:00
2022-04-08 09:41:03,825:INFO: Train: [112][2784/2785]  Loss -1.2055 (-1.4793)  Time:  0.473 (0.013)  Data Time:  0.004 (0.003)
2022-04-08 09:41:03,827:INFO:   Eta: 1:21:44
2022-04-08 09:41:40,069:INFO: Train: [113][2784/2785]  Loss -1.0596 (-1.5226)  Time:  0.560 (0.013)  Data Time:  0.004 (0.004)
2022-04-08 09:41:40,070:INFO:   Eta: 1:22:41
2022-04-08 09:42:13,399:INFO: Train: [114][2784/2785]  Loss -1.2296 (-1.5122)  Time:  0.535 (0.012)  Data Time:  0.003 (0.003)
2022-04-08 09:42:13,401:INFO:   Eta: 1:15:29
2022-04-08 09:42:46,336:INFO: Train: [115][2784/2785]  Loss -1.1607 (-1.4792)  Time:  0.545 (0.012)  Data Time:  0.004 (0.003)
2022-04-08 09:42:46,338:INFO:   Eta: 1:14:02
2022-04-08 09:43:25,175:INFO: Train: [116][2784/2785]  Loss -1.2208 (-1.5202)  Time:  0.569 (0.014)  Data Time:  0.005 (0.004)
2022-04-08 09:43:25,177:INFO:   Eta: 1:26:40
2022-04-08 09:43:28,127:INFO: Test: [116]  ADE: 0.7959  FDE: 1.4931
2022-04-08 09:44:07,606:INFO: Train: [117][2784/2785]  Loss -1.1028 (-1.5528)  Time:  0.569 (0.014)  Data Time:  0.004 (0.004)
2022-04-08 09:44:07,608:INFO:   Eta: 1:27:26
2022-04-08 09:44:47,719:INFO: Train: [118][2784/2785]  Loss -1.1919 (-1.5511)  Time:  0.616 (0.014)  Data Time:  0.004 (0.004)
2022-04-08 09:44:47,721:INFO:   Eta: 1:28:10
2022-04-08 09:45:28,526:INFO: Train: [119][2784/2785]  Loss -1.2991 (-1.5499)  Time:  0.553 (0.015)  Data Time:  0.004 (0.004)
2022-04-08 09:45:28,528:INFO:   Eta: 1:29:01
2022-04-08 09:46:09,446:INFO: Train: [120][2784/2785]  Loss -1.1349 (-1.5286)  Time:  0.552 (0.015)  Data Time:  0.004 (0.004)
2022-04-08 09:46:09,448:INFO:   Eta: 1:28:35
2022-04-08 09:46:49,878:INFO: Train: [121][2784/2785]  Loss -1.2625 (-1.5754)  Time:  0.544 (0.015)  Data Time:  0.005 (0.004)
2022-04-08 09:46:49,879:INFO:   Eta: 1:26:51
2022-04-08 09:47:29,901:INFO: Train: [122][2784/2785]  Loss -1.2287 (-1.5334)  Time:  0.546 (0.014)  Data Time:  0.005 (0.004)
2022-04-08 09:47:29,903:INFO:   Eta: 1:25:19
2022-04-08 09:48:07,622:INFO: Train: [123][2784/2785]  Loss -1.3171 (-1.5565)  Time:  0.504 (0.014)  Data Time:  0.003 (0.004)
2022-04-08 09:48:07,624:INFO:   Eta: 1:19:46
2022-04-08 09:48:41,278:INFO: Train: [124][2784/2785]  Loss -0.9800 (-1.5245)  Time:  0.610 (0.012)  Data Time:  0.003 (0.003)
2022-04-08 09:48:41,280:INFO:   Eta: 1:10:36
2022-04-08 09:49:17,435:INFO: Train: [125][2784/2785]  Loss -1.1804 (-1.5296)  Time:  0.516 (0.013)  Data Time:  0.004 (0.003)
2022-04-08 09:49:17,436:INFO:   Eta: 1:15:15
2022-04-08 09:49:55,154:INFO: Train: [126][2784/2785]  Loss -1.2189 (-1.5358)  Time:  0.573 (0.014)  Data Time:  0.002 (0.004)
2022-04-08 09:49:55,156:INFO:   Eta: 1:17:53
2022-04-08 09:49:57,833:INFO: Test: [126]  ADE: 0.8569  FDE: 1.5143
2022-04-08 09:50:33,081:INFO: Train: [127][2784/2785]  Loss -1.1471 (-1.5587)  Time:  0.539 (0.013)  Data Time:  0.004 (0.003)
2022-04-08 09:50:33,083:INFO:   Eta: 1:12:12
2022-04-08 09:51:12,269:INFO: Train: [128][2784/2785]  Loss -1.2424 (-1.5323)  Time:  0.556 (0.014)  Data Time:  0.005 (0.004)
2022-04-08 09:51:12,271:INFO:   Eta: 1:19:36
2022-04-08 09:51:52,765:INFO: Train: [129][2784/2785]  Loss -1.3010 (-1.5910)  Time:  0.648 (0.015)  Data Time:  0.004 (0.004)
2022-04-08 09:51:52,767:INFO:   Eta: 1:21:36
2022-04-08 09:52:32,527:INFO: Train: [130][2784/2785]  Loss -0.9801 (-1.5602)  Time:  0.561 (0.014)  Data Time:  0.004 (0.004)
2022-04-08 09:52:32,528:INFO:   Eta: 1:19:27
2022-04-08 09:53:12,590:INFO: Train: [131][2784/2785]  Loss -1.0428 (-1.5313)  Time:  0.579 (0.014)  Data Time:  0.005 (0.004)
2022-04-08 09:53:12,592:INFO:   Eta: 1:19:23
2022-04-08 09:53:49,965:INFO: Train: [132][2784/2785]  Loss -1.1347 (-1.5702)  Time:  0.510 (0.013)  Data Time:  0.003 (0.004)
2022-04-08 09:53:49,967:INFO:   Eta: 1:13:26
2022-04-08 09:54:27,142:INFO: Train: [133][2784/2785]  Loss -1.1660 (-1.5782)  Time:  0.535 (0.013)  Data Time:  0.005 (0.004)
2022-04-08 09:54:27,143:INFO:   Eta: 1:12:25
2022-04-08 09:55:06,633:INFO: Train: [134][2784/2785]  Loss -1.1597 (-1.5436)  Time:  0.544 (0.014)  Data Time:  0.004 (0.004)
2022-04-08 09:55:06,635:INFO:   Eta: 1:16:17
2022-04-08 09:55:46,684:INFO: Train: [135][2784/2785]  Loss -1.1750 (-1.5602)  Time:  0.583 (0.014)  Data Time:  0.005 (0.004)
2022-04-08 09:55:46,685:INFO:   Eta: 1:16:42
2022-04-08 09:56:25,768:INFO: Train: [136][2784/2785]  Loss -1.2599 (-1.5699)  Time:  0.615 (0.014)  Data Time:  0.002 (0.004)
2022-04-08 09:56:25,769:INFO:   Eta: 1:14:12
2022-04-08 09:56:28,554:INFO: Test: [136]  ADE: 0.6864  FDE: 1.1987
2022-04-08 09:57:04,106:INFO: Train: [137][2784/2785]  Loss -1.1884 (-1.5776)  Time:  0.595 (0.013)  Data Time:  0.003 (0.003)
2022-04-08 09:57:04,108:INFO:   Eta: 1:06:55
2022-04-08 09:57:40,209:INFO: Train: [138][2784/2785]  Loss -1.2376 (-1.5810)  Time:  0.551 (0.013)  Data Time:  0.004 (0.003)
2022-04-08 09:57:40,211:INFO:   Eta: 1:07:20
2022-04-08 09:58:16,226:INFO: Train: [139][2784/2785]  Loss -1.1714 (-1.5874)  Time:  0.503 (0.013)  Data Time:  0.003 (0.003)
2022-04-08 09:58:16,228:INFO:   Eta: 1:06:34
2022-04-08 09:58:52,425:INFO: Train: [140][2784/2785]  Loss -1.3056 (-1.6070)  Time:  0.540 (0.013)  Data Time:  0.003 (0.003)
2022-04-08 09:58:52,427:INFO:   Eta: 1:06:18
2022-04-08 09:59:31,779:INFO: Train: [141][2784/2785]  Loss -1.3107 (-1.6525)  Time:  0.533 (0.014)  Data Time:  0.004 (0.004)
2022-04-08 09:59:31,781:INFO:   Eta: 1:11:26
2022-04-08 10:00:09,198:INFO: Train: [142][2784/2785]  Loss -1.1435 (-1.6042)  Time:  0.743 (0.013)  Data Time:  0.002 (0.004)
2022-04-08 10:00:09,200:INFO:   Eta: 1:07:18
2022-04-08 10:00:45,138:INFO: Train: [143][2784/2785]  Loss -1.1528 (-1.6125)  Time:  0.552 (0.013)  Data Time:  0.004 (0.003)
2022-04-08 10:00:45,140:INFO:   Eta: 1:04:02
2022-04-08 10:01:24,305:INFO: Train: [144][2784/2785]  Loss -1.2577 (-1.5845)  Time:  0.636 (0.014)  Data Time:  0.005 (0.004)
2022-04-08 10:01:24,306:INFO:   Eta: 1:09:08
2022-04-08 10:02:05,675:INFO: Train: [145][2784/2785]  Loss -1.1796 (-1.5280)  Time:  0.550 (0.015)  Data Time:  0.005 (0.004)
2022-04-08 10:02:05,677:INFO:   Eta: 1:12:20
2022-04-08 10:02:45,123:INFO: Train: [146][2784/2785]  Loss -1.2493 (-1.5185)  Time:  0.540 (0.014)  Data Time:  0.003 (0.004)
2022-04-08 10:02:45,125:INFO:   Eta: 1:08:18
2022-04-08 10:02:47,993:INFO: Test: [146]  ADE: 0.7747  FDE: 1.4526
2022-04-08 10:03:28,422:INFO: Train: [147][2784/2785]  Loss -1.2609 (-1.5916)  Time:  0.560 (0.015)  Data Time:  0.005 (0.004)
2022-04-08 10:03:28,424:INFO:   Eta: 1:09:22
2022-04-08 10:04:07,652:INFO: Train: [148][2784/2785]  Loss -1.1933 (-1.5827)  Time:  0.566 (0.014)  Data Time:  0.004 (0.004)
2022-04-08 10:04:07,654:INFO:   Eta: 1:06:38
2022-04-08 10:04:45,437:INFO: Train: [149][2784/2785]  Loss -1.2172 (-1.5671)  Time:  0.602 (0.014)  Data Time:  0.003 (0.004)
2022-04-08 10:04:45,438:INFO:   Eta: 1:03:33
2022-04-08 10:05:20,830:INFO: Train: [150][2784/2785]  Loss -1.3359 (-1.7654)  Time:  0.486 (0.013)  Data Time:  0.003 (0.003)
2022-04-08 10:05:20,832:INFO:   Eta: 0:58:56
2022-04-08 10:05:57,441:INFO: Train: [151][2784/2785]  Loss -1.4015 (-1.7016)  Time:  0.623 (0.013)  Data Time:  0.004 (0.003)
2022-04-08 10:05:57,443:INFO:   Eta: 1:00:21
2022-04-08 10:06:05,459:INFO: Valid: [151][659/660]  Loss -8.9833 (-5.7459)
2022-04-08 10:06:05,474:INFO: Checkpoint saved...
2022-04-08 10:06:41,603:INFO: Train: [152][2784/2785]  Loss -1.4111 (-1.7642)  Time:  0.469 (0.013)  Data Time:  0.003 (0.003)
2022-04-08 10:06:41,604:INFO:   Eta: 0:58:58
2022-04-08 10:06:49,442:INFO: Valid: [152][659/660]  Loss -8.2989 (-5.3290)
2022-04-08 10:07:24,222:INFO: Train: [153][2784/2785]  Loss -1.3308 (-1.8001)  Time:  0.623 (0.012)  Data Time:  0.004 (0.003)
2022-04-08 10:07:24,223:INFO:   Eta: 0:56:11
2022-04-08 10:07:32,377:INFO: Valid: [153][659/660]  Loss -9.5706 (-6.1138)
2022-04-08 10:07:32,389:INFO: Checkpoint saved...
2022-04-08 10:08:12,118:INFO: Train: [154][2784/2785]  Loss -1.3682 (-1.7890)  Time:  0.548 (0.014)  Data Time:  0.004 (0.004)
2022-04-08 10:08:12,119:INFO:   Eta: 1:03:31
2022-04-08 10:08:20,176:INFO: Valid: [154][659/660]  Loss -9.0147 (-5.7507)
2022-04-08 10:08:59,402:INFO: Train: [155][2784/2785]  Loss -1.2813 (-1.7911)  Time:  0.550 (0.014)  Data Time:  0.003 (0.004)
2022-04-08 10:08:59,406:INFO:   Eta: 1:02:04
2022-04-08 10:09:07,475:INFO: Valid: [155][659/660]  Loss -9.2620 (-5.9246)
2022-04-08 10:09:47,150:INFO: Train: [156][2784/2785]  Loss -1.4216 (-1.7556)  Time:  0.573 (0.014)  Data Time:  0.004 (0.004)
2022-04-08 10:09:47,151:INFO:   Eta: 1:02:01
2022-04-08 10:09:54,855:INFO: Valid: [156][659/660]  Loss -9.7333 (-6.2211)
2022-04-08 10:09:54,872:INFO: Checkpoint saved...
2022-04-08 10:09:57,951:INFO: Test: [156]  ADE: 0.7408  FDE: 1.3457
2022-04-08 10:10:38,433:INFO: Train: [157][2784/2785]  Loss -1.2917 (-1.8135)  Time:  0.594 (0.015)  Data Time:  0.005 (0.004)
2022-04-08 10:10:38,434:INFO:   Eta: 1:02:42
2022-04-08 10:10:46,441:INFO: Valid: [157][659/660]  Loss -8.9972 (-5.7071)
2022-04-08 10:11:26,305:INFO: Train: [158][2784/2785]  Loss -1.4006 (-1.7802)  Time:  0.538 (0.014)  Data Time:  0.004 (0.004)
2022-04-08 10:11:26,306:INFO:   Eta: 1:01:05
2022-04-08 10:11:34,387:INFO: Valid: [158][659/660]  Loss -8.7975 (-5.6192)
2022-04-08 10:12:13,303:INFO: Train: [159][2784/2785]  Loss -1.4983 (-1.7678)  Time:  0.541 (0.014)  Data Time:  0.004 (0.004)
2022-04-08 10:12:13,304:INFO:   Eta: 0:58:59
2022-04-08 10:12:21,279:INFO: Valid: [159][659/660]  Loss -9.4547 (-6.0419)
2022-04-08 10:12:58,233:INFO: Train: [160][2784/2785]  Loss -1.3826 (-1.7823)  Time:  0.512 (0.013)  Data Time:  0.003 (0.004)
2022-04-08 10:12:58,234:INFO:   Eta: 0:55:23
2022-04-08 10:13:06,142:INFO: Valid: [160][659/660]  Loss -9.5407 (-6.0821)
2022-04-08 10:13:40,916:INFO: Train: [161][2784/2785]  Loss -1.4158 (-1.7617)  Time:  0.592 (0.012)  Data Time:  0.003 (0.003)
2022-04-08 10:13:40,918:INFO:   Eta: 0:51:32
2022-04-08 10:13:48,890:INFO: Valid: [161][659/660]  Loss -8.8833 (-5.6633)
2022-04-08 10:14:22,535:INFO: Train: [162][2784/2785]  Loss -1.3504 (-1.7377)  Time:  0.786 (0.012)  Data Time:  0.003 (0.002)
2022-04-08 10:14:22,536:INFO:   Eta: 0:49:18
2022-04-08 10:14:30,515:INFO: Valid: [162][659/660]  Loss -9.1657 (-5.8667)
2022-04-08 10:15:06,100:INFO: Train: [163][2784/2785]  Loss -1.4281 (-1.7929)  Time:  0.527 (0.013)  Data Time:  0.003 (0.003)
2022-04-08 10:15:06,102:INFO:   Eta: 0:51:33
2022-04-08 10:15:14,267:INFO: Valid: [163][659/660]  Loss -8.9200 (-5.7047)
2022-04-08 10:15:53,900:INFO: Train: [164][2784/2785]  Loss -1.2785 (-1.7849)  Time:  0.549 (0.014)  Data Time:  0.004 (0.004)
2022-04-08 10:15:53,902:INFO:   Eta: 0:56:46
2022-04-08 10:16:01,731:INFO: Valid: [164][659/660]  Loss -9.4672 (-6.0260)
2022-04-08 10:16:42,413:INFO: Train: [165][2784/2785]  Loss -1.3632 (-1.8379)  Time:  0.590 (0.015)  Data Time:  0.005 (0.004)
2022-04-08 10:16:42,414:INFO:   Eta: 0:57:35
2022-04-08 10:16:50,323:INFO: Valid: [165][659/660]  Loss -9.1071 (-5.7995)
2022-04-08 10:17:29,347:INFO: Train: [166][2784/2785]  Loss -1.3606 (-1.7678)  Time:  0.537 (0.014)  Data Time:  0.005 (0.004)
2022-04-08 10:17:29,349:INFO:   Eta: 0:54:35
2022-04-08 10:17:37,262:INFO: Valid: [166][659/660]  Loss -8.9634 (-5.7297)
2022-04-08 10:17:39,986:INFO: Test: [166]  ADE: 0.7358  FDE: 1.3552
2022-04-08 10:18:20,371:INFO: Train: [167][2784/2785]  Loss -1.4320 (-1.8144)  Time:  0.706 (0.014)  Data Time:  0.004 (0.004)
2022-04-08 10:18:20,372:INFO:   Eta: 0:55:50
2022-04-08 10:18:28,286:INFO: Valid: [167][659/660]  Loss -8.5933 (-5.4351)
2022-04-08 10:19:09,760:INFO: Train: [168][2784/2785]  Loss -1.3924 (-1.8342)  Time:  0.575 (0.015)  Data Time:  0.004 (0.004)
2022-04-08 10:19:09,762:INFO:   Eta: 0:56:38
2022-04-08 10:19:17,824:INFO: Valid: [168][659/660]  Loss -8.9575 (-5.6823)
2022-04-08 10:19:58,392:INFO: Train: [169][2784/2785]  Loss -1.3463 (-1.8396)  Time:  0.571 (0.015)  Data Time:  0.005 (0.004)
2022-04-08 10:19:58,393:INFO:   Eta: 0:54:43
2022-04-08 10:20:06,118:INFO: Valid: [169][659/660]  Loss -9.3139 (-5.9407)
2022-04-08 10:20:43,999:INFO: Train: [170][2784/2785]  Loss -1.3198 (-1.8146)  Time:  0.499 (0.014)  Data Time:  0.002 (0.003)
2022-04-08 10:20:44,001:INFO:   Eta: 0:50:28
2022-04-08 10:20:51,839:INFO: Valid: [170][659/660]  Loss -9.5062 (-6.0616)
2022-04-08 10:21:27,509:INFO: Train: [171][2784/2785]  Loss -1.4150 (-1.8021)  Time:  0.568 (0.013)  Data Time:  0.002 (0.003)
2022-04-08 10:21:27,511:INFO:   Eta: 0:46:55
2022-04-08 10:21:35,250:INFO: Valid: [171][659/660]  Loss -9.0502 (-5.7671)
2022-04-08 10:22:12,390:INFO: Train: [172][2784/2785]  Loss -1.3652 (-1.8096)  Time:  0.520 (0.013)  Data Time:  0.004 (0.003)
2022-04-08 10:22:12,391:INFO:   Eta: 0:48:15
2022-04-08 10:22:20,343:INFO: Valid: [172][659/660]  Loss -9.2685 (-5.9077)
2022-04-08 10:22:57,858:INFO: Train: [173][2784/2785]  Loss -1.3730 (-1.7672)  Time:  0.653 (0.013)  Data Time:  0.003 (0.003)
2022-04-08 10:22:57,860:INFO:   Eta: 0:48:06
2022-04-08 10:23:05,916:INFO: Valid: [173][659/660]  Loss -8.5808 (-5.4715)
2022-04-08 10:23:45,867:INFO: Train: [174][2784/2785]  Loss -1.4730 (-1.7669)  Time:  0.577 (0.014)  Data Time:  0.005 (0.004)
2022-04-08 10:23:45,869:INFO:   Eta: 0:50:34
2022-04-08 10:23:53,763:INFO: Valid: [174][659/660]  Loss -8.7386 (-5.5496)
2022-04-08 10:24:34,788:INFO: Train: [175][2784/2785]  Loss -1.3221 (-1.8236)  Time:  0.568 (0.015)  Data Time:  0.003 (0.004)
2022-04-08 10:24:34,789:INFO:   Eta: 0:51:14
2022-04-08 10:24:43,119:INFO: Valid: [175][659/660]  Loss -9.1596 (-5.8624)
2022-04-08 10:25:24,149:INFO: Train: [176][2784/2785]  Loss -1.3195 (-1.8235)  Time:  0.575 (0.014)  Data Time:  0.005 (0.004)
2022-04-08 10:25:24,318:INFO:   Eta: 0:47:18
2022-04-08 10:25:32,437:INFO: Valid: [176][659/660]  Loss -8.7354 (-5.5572)
2022-04-08 10:25:35,656:INFO: Test: [176]  ADE: 0.8858  FDE: 1.5797
2022-04-08 10:26:15,934:INFO: Train: [177][2784/2785]  Loss -1.3051 (-1.8270)  Time:  0.492 (0.014)  Data Time:  0.004 (0.004)
2022-04-08 10:26:15,935:INFO:   Eta: 0:46:15
2022-04-08 10:26:24,391:INFO: Valid: [177][659/660]  Loss -8.6325 (-5.5316)
2022-04-08 10:27:05,233:INFO: Train: [178][2784/2785]  Loss -1.2834 (-1.8147)  Time:  0.524 (0.015)  Data Time:  0.004 (0.004)
2022-04-08 10:27:05,235:INFO:   Eta: 0:48:58
2022-04-08 10:27:13,339:INFO: Valid: [178][659/660]  Loss -9.5867 (-6.1280)
2022-04-08 10:27:48,912:INFO: Train: [179][2784/2785]  Loss -1.4423 (-1.8234)  Time:  0.582 (0.013)  Data Time:  0.003 (0.003)
2022-04-08 10:27:48,913:INFO:   Eta: 0:42:04
2022-04-08 10:27:56,929:INFO: Valid: [179][659/660]  Loss -9.4171 (-5.9835)
2022-04-08 10:28:35,378:INFO: Train: [180][2784/2785]  Loss -1.3809 (-1.7942)  Time:  0.613 (0.014)  Data Time:  0.004 (0.004)
2022-04-08 10:28:35,379:INFO:   Eta: 0:44:49
2022-04-08 10:28:43,350:INFO: Valid: [180][659/660]  Loss -9.6564 (-6.1808)
2022-04-08 10:29:20,718:INFO: Train: [181][2784/2785]  Loss -1.3396 (-1.8016)  Time:  0.555 (0.013)  Data Time:  0.004 (0.004)
2022-04-08 10:29:20,720:INFO:   Eta: 0:42:56
2022-04-08 10:29:28,661:INFO: Valid: [181][659/660]  Loss -8.7440 (-5.5943)
2022-04-08 10:30:04,416:INFO: Train: [182][2784/2785]  Loss -1.2630 (-1.8112)  Time:  0.480 (0.013)  Data Time:  0.002 (0.003)
2022-04-08 10:30:04,417:INFO:   Eta: 0:40:29
2022-04-08 10:30:12,373:INFO: Valid: [182][659/660]  Loss -9.5950 (-6.1264)
2022-04-08 10:30:48,151:INFO: Train: [183][2784/2785]  Loss -1.3599 (-1.8169)  Time:  0.488 (0.013)  Data Time:  0.003 (0.003)
2022-04-08 10:30:48,153:INFO:   Eta: 0:39:55
2022-04-08 10:30:56,070:INFO: Valid: [183][659/660]  Loss -9.3271 (-5.9201)
2022-04-08 10:31:31,834:INFO: Train: [184][2784/2785]  Loss -1.4100 (-1.8168)  Time:  0.500 (0.013)  Data Time:  0.004 (0.003)
2022-04-08 10:31:31,836:INFO:   Eta: 0:39:18
2022-04-08 10:31:39,882:INFO: Valid: [184][659/660]  Loss -9.4432 (-6.0341)
2022-04-08 10:32:19,133:INFO: Train: [185][2784/2785]  Loss -1.4118 (-1.8096)  Time:  0.544 (0.014)  Data Time:  0.004 (0.004)
2022-04-08 10:32:19,135:INFO:   Eta: 0:42:29
2022-04-08 10:32:27,079:INFO: Valid: [185][659/660]  Loss -9.1504 (-5.8102)
2022-04-08 10:33:06,977:INFO: Train: [186][2784/2785]  Loss -1.3896 (-1.8330)  Time:  0.537 (0.014)  Data Time:  0.004 (0.004)
2022-04-08 10:33:06,981:INFO:   Eta: 0:42:31
2022-04-08 10:33:15,109:INFO: Valid: [186][659/660]  Loss -9.1232 (-5.8483)
2022-04-08 10:33:17,751:INFO: Test: [186]  ADE: 0.7567  FDE: 1.2997
2022-04-08 10:33:56,970:INFO: Train: [187][2784/2785]  Loss -1.3744 (-1.8346)  Time:  0.521 (0.014)  Data Time:  0.004 (0.004)
2022-04-08 10:33:56,972:INFO:   Eta: 0:41:09
2022-04-08 10:34:04,977:INFO: Valid: [187][659/660]  Loss -9.5356 (-6.0953)
2022-04-08 10:34:41,825:INFO: Train: [188][2784/2785]  Loss -1.3575 (-1.8140)  Time:  0.743 (0.013)  Data Time:  0.003 (0.004)
2022-04-08 10:34:41,826:INFO:   Eta: 0:38:02
2022-04-08 10:34:50,365:INFO: Valid: [188][659/660]  Loss -9.5768 (-6.1058)
2022-04-08 10:35:33,167:INFO: Train: [189][2784/2785]  Loss -1.2732 (-1.8043)  Time:  0.549 (0.015)  Data Time:  0.004 (0.004)
2022-04-08 10:35:33,168:INFO:   Eta: 0:43:29
2022-04-08 10:35:40,907:INFO: Valid: [189][659/660]  Loss -9.6495 (-6.1750)
2022-04-08 10:36:23,133:INFO: Train: [190][2784/2785]  Loss -1.3617 (-1.8508)  Time:  0.585 (0.015)  Data Time:  0.004 (0.004)
2022-04-08 10:36:23,135:INFO:   Eta: 0:42:11
2022-04-08 10:36:31,129:INFO: Valid: [190][659/660]  Loss -8.2940 (-5.3143)
2022-04-08 10:37:13,350:INFO: Train: [191][2784/2785]  Loss -1.4178 (-1.8127)  Time:  0.552 (0.015)  Data Time:  0.004 (0.004)
2022-04-08 10:37:13,352:INFO:   Eta: 0:41:29
2022-04-08 10:37:21,653:INFO: Valid: [191][659/660]  Loss -9.6304 (-6.1490)
2022-04-08 10:38:03,790:INFO: Train: [192][2784/2785]  Loss -1.4220 (-1.8464)  Time:  0.530 (0.015)  Data Time:  0.004 (0.004)
2022-04-08 10:38:03,791:INFO:   Eta: 0:40:42
2022-04-08 10:38:12,179:INFO: Valid: [192][659/660]  Loss -9.2941 (-5.9380)
2022-04-08 10:38:50,825:INFO: Train: [193][2784/2785]  Loss -1.3888 (-1.7757)  Time:  0.608 (0.014)  Data Time:  0.004 (0.003)
2022-04-08 10:38:50,828:INFO:   Eta: 0:36:41
2022-04-08 10:38:59,060:INFO: Valid: [193][659/660]  Loss -9.2341 (-5.9108)
2022-04-08 10:39:39,958:INFO: Train: [194][2784/2785]  Loss -1.4994 (-1.8106)  Time:  0.555 (0.015)  Data Time:  0.007 (0.003)
2022-04-08 10:39:39,960:INFO:   Eta: 0:38:08
2022-04-08 10:39:48,389:INFO: Valid: [194][659/660]  Loss -9.4341 (-6.0093)
2022-04-08 10:40:28,981:INFO: Train: [195][2784/2785]  Loss -1.3971 (-1.8456)  Time:  0.629 (0.015)  Data Time:  0.003 (0.003)
2022-04-08 10:40:28,984:INFO:   Eta: 0:37:10
2022-04-08 10:40:37,156:INFO: Valid: [195][659/660]  Loss -9.2609 (-5.9195)
2022-04-08 10:41:18,382:INFO: Train: [196][2784/2785]  Loss -1.4369 (-1.8137)  Time:  0.534 (0.015)  Data Time:  0.004 (0.004)
2022-04-08 10:41:18,384:INFO:   Eta: 0:37:04
2022-04-08 10:41:26,711:INFO: Valid: [196][659/660]  Loss -9.2793 (-5.8968)
2022-04-08 10:41:29,723:INFO: Test: [196]  ADE: 0.7373  FDE: 1.2632
2022-04-08 10:42:07,719:INFO: Train: [197][2784/2785]  Loss -1.4498 (-1.8356)  Time:  0.588 (0.014)  Data Time:  0.004 (0.003)
2022-04-08 10:42:07,721:INFO:   Eta: 0:33:32
2022-04-08 10:42:16,084:INFO: Valid: [197][659/660]  Loss -9.4120 (-5.9952)
2022-04-08 10:42:56,728:INFO: Train: [198][2784/2785]  Loss -1.5019 (-1.8211)  Time:  0.697 (0.015)  Data Time:  0.003 (0.004)
2022-04-08 10:42:56,731:INFO:   Eta: 0:35:12
2022-04-08 10:43:04,873:INFO: Valid: [198][659/660]  Loss -9.2641 (-5.9261)
2022-04-08 10:43:44,540:INFO: Train: [199][2784/2785]  Loss -1.3093 (-1.8412)  Time:  0.560 (0.014)  Data Time:  0.004 (0.004)
2022-04-08 10:43:44,542:INFO:   Eta: 0:33:41
2022-04-08 10:43:52,913:INFO: Valid: [199][659/660]  Loss -9.2292 (-5.9162)
2022-04-08 10:44:34,021:INFO: Train: [200][2784/2785]  Loss -1.3672 (-1.7869)  Time:  0.554 (0.015)  Data Time:  0.004 (0.004)
2022-04-08 10:44:34,024:INFO:   Eta: 0:34:13
2022-04-08 10:44:42,102:INFO: Valid: [200][659/660]  Loss -9.4267 (-6.0199)
2022-04-08 10:45:22,794:INFO: Train: [201][2784/2785]  Loss -1.3729 (-1.8263)  Time:  0.554 (0.015)  Data Time:  0.004 (0.004)
2022-04-08 10:45:22,795:INFO:   Eta: 0:33:12
2022-04-08 10:45:31,171:INFO: Valid: [201][659/660]  Loss -8.5546 (-5.4436)
2022-04-08 10:46:12,282:INFO: Train: [202][2784/2785]  Loss -1.3698 (-1.7534)  Time:  0.767 (0.015)  Data Time:  0.004 (0.004)
2022-04-08 10:46:12,284:INFO:   Eta: 0:32:52
2022-04-08 10:46:20,664:INFO: Valid: [202][659/660]  Loss -9.6353 (-6.1630)
2022-04-08 10:46:59,186:INFO: Train: [203][2784/2785]  Loss -1.5079 (-1.8289)  Time:  0.519 (0.014)  Data Time:  0.004 (0.004)
2022-04-08 10:46:59,188:INFO:   Eta: 0:30:09
2022-04-08 10:47:07,615:INFO: Valid: [203][659/660]  Loss -9.0154 (-5.7136)
2022-04-08 10:47:45,793:INFO: Train: [204][2784/2785]  Loss -1.3885 (-1.8491)  Time:  0.524 (0.014)  Data Time:  0.004 (0.003)
2022-04-08 10:47:45,795:INFO:   Eta: 0:29:15
2022-04-08 10:47:53,944:INFO: Valid: [204][659/660]  Loss -9.4724 (-6.0355)
2022-04-08 10:48:29,690:INFO: Train: [205][2784/2785]  Loss -1.3735 (-1.7726)  Time:  0.517 (0.013)  Data Time:  0.003 (0.003)
2022-04-08 10:48:29,692:INFO:   Eta: 0:26:47
2022-04-08 10:48:37,909:INFO: Valid: [205][659/660]  Loss -9.2776 (-5.9173)
2022-04-08 10:49:13,710:INFO: Train: [206][2784/2785]  Loss -1.4744 (-1.8116)  Time:  0.643 (0.013)  Data Time:  0.003 (0.003)
2022-04-08 10:49:13,711:INFO:   Eta: 0:26:13
2022-04-08 10:49:21,947:INFO: Valid: [206][659/660]  Loss -9.4325 (-6.0300)
2022-04-08 10:49:24,876:INFO: Test: [206]  ADE: 0.7600  FDE: 1.3179
2022-04-08 10:50:06,547:INFO: Train: [207][2784/2785]  Loss -1.3238 (-1.8605)  Time:  0.655 (0.015)  Data Time:  0.004 (0.004)
2022-04-08 10:50:06,548:INFO:   Eta: 0:29:50
2022-04-08 10:50:15,031:INFO: Valid: [207][659/660]  Loss -9.0832 (-5.7795)
2022-04-08 10:50:54,338:INFO: Train: [208][2784/2785]  Loss -1.3494 (-1.8672)  Time:  0.535 (0.014)  Data Time:  0.004 (0.004)
2022-04-08 10:50:54,340:INFO:   Eta: 0:27:29
2022-04-08 10:51:02,776:INFO: Valid: [208][659/660]  Loss -9.5995 (-6.1301)
2022-04-08 10:51:43,057:INFO: Train: [209][2784/2785]  Loss -1.4180 (-1.8491)  Time:  0.708 (0.014)  Data Time:  0.004 (0.004)
2022-04-08 10:51:43,059:INFO:   Eta: 0:27:30
2022-04-08 10:51:51,550:INFO: Valid: [209][659/660]  Loss -9.6693 (-6.1826)
2022-04-08 10:52:32,632:INFO: Train: [210][2784/2785]  Loss -1.4222 (-1.8475)  Time:  0.587 (0.015)  Data Time:  0.004 (0.004)
2022-04-08 10:52:32,634:INFO:   Eta: 0:27:22
2022-04-08 10:52:40,752:INFO: Valid: [210][659/660]  Loss -9.6904 (-6.1787)
2022-04-08 10:53:21,500:INFO: Train: [211][2784/2785]  Loss -1.3088 (-1.7525)  Time:  0.550 (0.015)  Data Time:  0.003 (0.004)
2022-04-08 10:53:21,501:INFO:   Eta: 0:26:28
2022-04-08 10:53:29,765:INFO: Valid: [211][659/660]  Loss -9.7278 (-6.1925)
2022-04-08 10:54:09,884:INFO: Train: [212][2784/2785]  Loss -1.2678 (-1.8543)  Time:  0.571 (0.014)  Data Time:  0.004 (0.004)
2022-04-08 10:54:09,969:INFO:   Eta: 0:25:23
2022-04-08 10:54:17,619:INFO: Valid: [212][659/660]  Loss -8.9127 (-5.7102)
2022-04-08 10:54:59,104:INFO: Train: [213][2784/2785]  Loss -1.2894 (-1.8258)  Time:  0.568 (0.015)  Data Time:  0.005 (0.004)
2022-04-08 10:54:59,107:INFO:   Eta: 0:25:00
2022-04-08 10:55:07,444:INFO: Valid: [213][659/660]  Loss -9.2207 (-5.9080)
2022-04-08 10:55:44,029:INFO: Train: [214][2784/2785]  Loss -1.3191 (-1.8681)  Time:  0.603 (0.013)  Data Time:  0.003 (0.003)
2022-04-08 10:55:44,031:INFO:   Eta: 0:21:56
2022-04-08 10:55:52,392:INFO: Valid: [214][659/660]  Loss -9.6388 (-6.1551)
2022-04-08 10:56:27,641:INFO: Train: [215][2784/2785]  Loss -1.4604 (-1.8708)  Time:  0.505 (0.013)  Data Time:  0.003 (0.003)
2022-04-08 10:56:27,643:INFO:   Eta: 0:20:32
2022-04-08 10:56:35,902:INFO: Valid: [215][659/660]  Loss -9.6028 (-6.1208)
2022-04-08 10:57:12,630:INFO: Train: [216][2784/2785]  Loss -1.3605 (-1.8421)  Time:  0.543 (0.013)  Data Time:  0.004 (0.003)
2022-04-08 10:57:12,839:INFO:   Eta: 0:20:47
2022-04-08 10:57:20,978:INFO: Valid: [216][659/660]  Loss -9.1773 (-5.8680)
2022-04-08 10:57:23,916:INFO: Test: [216]  ADE: 0.7628  FDE: 1.3616
2022-04-08 10:58:00,227:INFO: Train: [217][2784/2785]  Loss -1.5118 (-1.7910)  Time:  0.632 (0.013)  Data Time:  0.004 (0.003)
2022-04-08 10:58:00,228:INFO:   Eta: 0:19:57
2022-04-08 10:58:08,485:INFO: Valid: [217][659/660]  Loss -9.1326 (-5.8042)
2022-04-08 10:58:48,010:INFO: Train: [218][2784/2785]  Loss -1.4509 (-1.8270)  Time:  0.577 (0.014)  Data Time:  0.003 (0.004)
2022-04-08 10:58:48,012:INFO:   Eta: 0:21:03
2022-04-08 10:58:56,365:INFO: Valid: [218][659/660]  Loss -9.2056 (-5.8575)
2022-04-08 10:59:36,960:INFO: Train: [219][2784/2785]  Loss -1.4254 (-1.8303)  Time:  0.733 (0.015)  Data Time:  0.004 (0.004)
2022-04-08 10:59:36,962:INFO:   Eta: 0:20:57
2022-04-08 10:59:44,985:INFO: Valid: [219][659/660]  Loss -9.7054 (-6.2118)
2022-04-08 11:00:25,732:INFO: Train: [220][2784/2785]  Loss -1.2449 (-1.8500)  Time:  0.627 (0.015)  Data Time:  0.005 (0.004)
2022-04-08 11:00:25,734:INFO:   Eta: 0:20:21
2022-04-08 11:00:34,039:INFO: Valid: [220][659/660]  Loss -9.0086 (-5.7787)
2022-04-08 11:01:13,494:INFO: Train: [221][2784/2785]  Loss -1.3452 (-1.7943)  Time:  0.547 (0.014)  Data Time:  0.003 (0.004)
2022-04-08 11:01:13,496:INFO:   Eta: 0:19:03
2022-04-08 11:01:21,784:INFO: Valid: [221][659/660]  Loss -9.4281 (-6.0173)
2022-04-08 11:02:01,749:INFO: Train: [222][2784/2785]  Loss -1.3531 (-1.8527)  Time:  0.572 (0.014)  Data Time:  0.004 (0.004)
2022-04-08 11:02:01,751:INFO:   Eta: 0:18:38
2022-04-08 11:02:09,932:INFO: Valid: [222][659/660]  Loss -9.5241 (-6.0883)
2022-04-08 11:02:47,896:INFO: Train: [223][2784/2785]  Loss -1.4467 (-1.7837)  Time:  0.561 (0.014)  Data Time:  0.003 (0.004)
2022-04-08 11:02:47,898:INFO:   Eta: 0:17:04
2022-04-08 11:02:55,947:INFO: Valid: [223][659/660]  Loss -9.5922 (-6.1071)
2022-04-08 11:03:35,403:INFO: Train: [224][2784/2785]  Loss -1.4446 (-1.8038)  Time:  0.556 (0.014)  Data Time:  0.004 (0.004)
2022-04-08 11:03:35,406:INFO:   Eta: 0:17:05
2022-04-08 11:03:43,352:INFO: Valid: [224][659/660]  Loss -9.1261 (-5.8001)
2022-04-08 11:04:21,628:INFO: Train: [225][2784/2785]  Loss -1.4001 (-1.8350)  Time:  0.719 (0.014)  Data Time:  0.002 (0.004)
2022-04-08 11:04:21,629:INFO:   Eta: 0:15:56
2022-04-08 11:04:29,945:INFO: Valid: [225][659/660]  Loss -8.6636 (-5.5442)
2022-04-08 11:05:04,690:INFO: Train: [226][2784/2785]  Loss -1.4714 (-1.8562)  Time:  0.489 (0.012)  Data Time:  0.002 (0.003)
2022-04-08 11:05:04,691:INFO:   Eta: 0:13:53
2022-04-08 11:05:12,885:INFO: Valid: [226][659/660]  Loss -8.4242 (-5.3939)
2022-04-08 11:05:15,561:INFO: Test: [226]  ADE: 0.7824  FDE: 1.4734
2022-04-08 11:05:49,566:INFO: Train: [227][2784/2785]  Loss -1.3436 (-1.8655)  Time:  0.557 (0.012)  Data Time:  0.002 (0.002)
2022-04-08 11:05:49,567:INFO:   Eta: 0:13:01
2022-04-08 11:05:57,642:INFO: Valid: [227][659/660]  Loss -9.6278 (-6.1247)
2022-04-08 11:06:31,908:INFO: Train: [228][2784/2785]  Loss -1.4131 (-1.8493)  Time:  0.582 (0.012)  Data Time:  0.005 (0.003)
2022-04-08 11:06:31,918:INFO:   Eta: 0:12:33
2022-04-08 11:06:40,140:INFO: Valid: [228][659/660]  Loss -9.3841 (-5.9615)
2022-04-08 11:07:13,864:INFO: Train: [229][2784/2785]  Loss -1.4335 (-1.8599)  Time:  0.506 (0.012)  Data Time:  0.002 (0.003)
2022-04-08 11:07:13,866:INFO:   Eta: 0:11:47
2022-04-08 11:07:22,285:INFO: Valid: [229][659/660]  Loss -9.5071 (-6.0843)
2022-04-08 11:07:55,552:INFO: Train: [230][2784/2785]  Loss -1.4182 (-1.8427)  Time:  0.666 (0.012)  Data Time:  0.002 (0.002)
2022-04-08 11:07:55,553:INFO:   Eta: 0:11:04
2022-04-08 11:08:03,752:INFO: Valid: [230][659/660]  Loss -9.5412 (-6.0653)
2022-04-08 11:08:40,574:INFO: Train: [231][2784/2785]  Loss -1.4055 (-1.8846)  Time:  0.512 (0.013)  Data Time:  0.002 (0.003)
2022-04-08 11:08:40,576:INFO:   Eta: 0:11:39
2022-04-08 11:08:48,787:INFO: Valid: [231][659/660]  Loss -9.3678 (-5.9616)
2022-04-08 11:09:24,414:INFO: Train: [232][2784/2785]  Loss -1.5365 (-1.8617)  Time:  0.507 (0.013)  Data Time:  0.003 (0.003)
2022-04-08 11:09:24,416:INFO:   Eta: 0:10:40
2022-04-08 11:09:32,652:INFO: Valid: [232][659/660]  Loss -9.0452 (-5.7508)
2022-04-08 11:10:06,984:INFO: Train: [233][2784/2785]  Loss -1.5240 (-1.8420)  Time:  0.533 (0.012)  Data Time:  0.002 (0.002)
2022-04-08 11:10:06,986:INFO:   Eta: 0:09:43
2022-04-08 11:10:15,111:INFO: Valid: [233][659/660]  Loss -9.4650 (-6.0268)
2022-04-08 11:10:49,663:INFO: Train: [234][2784/2785]  Loss -1.4146 (-1.8453)  Time:  0.547 (0.012)  Data Time:  0.002 (0.002)
2022-04-08 11:10:49,665:INFO:   Eta: 0:09:12
2022-04-08 11:10:57,936:INFO: Valid: [234][659/660]  Loss -9.5507 (-6.0861)
2022-04-08 11:11:32,162:INFO: Train: [235][2784/2785]  Loss -1.4582 (-1.8671)  Time:  0.532 (0.012)  Data Time:  0.003 (0.002)
2022-04-08 11:11:32,164:INFO:   Eta: 0:08:32
2022-04-08 11:11:40,598:INFO: Valid: [235][659/660]  Loss -8.5349 (-5.4524)
2022-04-08 11:12:11,937:INFO: Train: [236][2784/2785]  Loss -1.3933 (-1.8720)  Time:  0.526 (0.011)  Data Time:  0.000 (0.002)
2022-04-08 11:12:11,939:INFO:   Eta: 0:07:18
2022-04-08 11:12:19,911:INFO: Valid: [236][659/660]  Loss -9.4574 (-6.0433)
2022-04-08 11:12:22,663:INFO: Test: [236]  ADE: 0.7446  FDE: 1.3246
2022-04-08 11:12:52,282:INFO: Train: [237][2784/2785]  Loss -1.4213 (-1.8258)  Time:  0.496 (0.011)  Data Time:  0.002 (0.001)
2022-04-08 11:12:52,284:INFO:   Eta: 0:06:24
2022-04-08 11:13:00,479:INFO: Valid: [237][659/660]  Loss -8.9345 (-5.7083)
2022-04-08 11:13:31,053:INFO: Train: [238][2784/2785]  Loss -1.4766 (-1.8757)  Time:  0.490 (0.011)  Data Time:  0.002 (0.001)
2022-04-08 11:13:31,056:INFO:   Eta: 0:06:06
2022-04-08 11:13:39,014:INFO: Valid: [238][659/660]  Loss -9.4821 (-6.0353)
2022-04-08 11:14:09,984:INFO: Train: [239][2784/2785]  Loss -1.5706 (-1.8636)  Time:  0.527 (0.011)  Data Time:  0.002 (0.002)
2022-04-08 11:14:09,985:INFO:   Eta: 0:05:40
2022-04-08 11:14:18,188:INFO: Valid: [239][659/660]  Loss -9.3133 (-5.9229)
2022-04-08 11:14:52,208:INFO: Train: [240][2784/2785]  Loss -1.3652 (-1.8295)  Time:  0.520 (0.012)  Data Time:  0.003 (0.002)
2022-04-08 11:14:52,209:INFO:   Eta: 0:05:39
2022-04-08 11:15:00,438:INFO: Valid: [240][659/660]  Loss -8.1557 (-5.2106)
2022-04-08 11:15:34,180:INFO: Train: [241][2784/2785]  Loss -1.4265 (-1.8630)  Time:  0.541 (0.012)  Data Time:  0.003 (0.002)
2022-04-08 11:15:34,181:INFO:   Eta: 0:05:03
2022-04-08 11:15:42,318:INFO: Valid: [241][659/660]  Loss -9.6560 (-6.1597)
2022-04-08 11:16:15,033:INFO: Train: [242][2784/2785]  Loss -1.3717 (-1.8576)  Time:  0.526 (0.012)  Data Time:  0.002 (0.002)
2022-04-08 11:16:15,035:INFO:   Eta: 0:04:21
2022-04-08 11:16:23,375:INFO: Valid: [242][659/660]  Loss -9.5410 (-6.0611)
2022-04-08 11:16:56,700:INFO: Train: [243][2784/2785]  Loss -1.4110 (-1.9016)  Time:  0.498 (0.012)  Data Time:  0.002 (0.002)
2022-04-08 11:16:56,701:INFO:   Eta: 0:03:53
2022-04-08 11:17:04,858:INFO: Valid: [243][659/660]  Loss -8.9013 (-5.6982)
2022-04-08 11:17:37,769:INFO: Train: [244][2784/2785]  Loss -1.4307 (-1.8914)  Time:  0.499 (0.012)  Data Time:  0.002 (0.002)
2022-04-08 11:17:37,771:INFO:   Eta: 0:03:17
2022-04-08 11:17:45,853:INFO: Valid: [244][659/660]  Loss -9.7075 (-6.1840)
2022-04-08 11:18:17,977:INFO: Train: [245][2784/2785]  Loss -1.5419 (-1.8879)  Time:  0.504 (0.012)  Data Time:  0.002 (0.002)
2022-04-08 11:18:17,979:INFO:   Eta: 0:02:40
2022-04-08 11:18:26,180:INFO: Valid: [245][659/660]  Loss -9.2963 (-5.9453)
2022-04-08 11:18:59,382:INFO: Train: [246][2784/2785]  Loss -1.4345 (-1.8529)  Time:  0.496 (0.012)  Data Time:  0.002 (0.002)
2022-04-08 11:18:59,384:INFO:   Eta: 0:02:12
2022-04-08 11:19:07,719:INFO: Valid: [246][659/660]  Loss -9.3897 (-5.9824)
2022-04-08 11:19:10,517:INFO: Test: [246]  ADE: 0.7476  FDE: 1.3390
2022-04-08 11:19:40,908:INFO: Train: [247][2784/2785]  Loss -1.4244 (-1.8544)  Time:  0.479 (0.011)  Data Time:  0.002 (0.001)
2022-04-08 11:19:40,910:INFO:   Eta: 0:01:31
2022-04-08 11:19:48,915:INFO: Valid: [247][659/660]  Loss -9.4126 (-5.9901)
2022-04-08 11:20:19,167:INFO: Train: [248][2784/2785]  Loss -1.3307 (-1.8851)  Time:  0.548 (0.011)  Data Time:  0.001 (0.001)
2022-04-08 11:20:19,168:INFO:   Eta: 0:01:00
2022-04-08 11:20:27,367:INFO: Valid: [248][659/660]  Loss -9.4196 (-6.0275)
2022-04-08 11:20:57,636:INFO: Train: [249][2784/2785]  Loss -1.3993 (-1.8441)  Time:  0.473 (0.011)  Data Time:  0.001 (0.001)
2022-04-08 11:20:57,638:INFO:   Eta: 0:00:30
2022-04-08 11:21:05,590:INFO: Valid: [249][659/660]  Loss -9.2289 (-5.8921)
