2022-04-08 03:56:53,336:INFO: batch_size=128
2022-04-08 03:56:53,336:INFO: clip_grad=None
2022-04-08 03:56:53,336:INFO: dataset=univ
2022-04-08 03:56:53,336:INFO: drop=0.5
2022-04-08 03:56:53,336:INFO: gpu_num=0
2022-04-08 03:56:53,336:INFO: input_size=2
2022-04-08 03:56:53,336:INFO: kernel_size=3
2022-04-08 03:56:53,336:INFO: lr=0.01
2022-04-08 03:56:53,336:INFO: lr_sh_rate=150
2022-04-08 03:56:53,336:INFO: model=social_stgcnn9
2022-04-08 03:56:53,337:INFO: n_stgcnn=1
2022-04-08 03:56:53,337:INFO: n_txpcnn=5
2022-04-08 03:56:53,337:INFO: num_epochs=250
2022-04-08 03:56:53,337:INFO: obs_seq_len=8
2022-04-08 03:56:53,337:INFO: output_size=5
2022-04-08 03:56:53,337:INFO: pred_seq_len=12
2022-04-08 03:56:53,337:INFO: seed=0
2022-04-08 03:56:53,337:INFO: tag=univ
2022-04-08 03:56:53,337:INFO: use_lrschd=True
2022-04-08 03:56:53,337:INFO: ******************************
2022-04-08 03:56:53,337:INFO: Training initiating....
2022-04-08 03:56:53,337:INFO: Namespace(batch_size=128, clip_grad=None, dataset='univ', drop=0.5, gpu_num='0', input_size=2, kernel_size=3, lr=0.01, lr_sh_rate=150, model='social_stgcnn9', n_stgcnn=1, n_txpcnn=5, num_epochs=250, obs_seq_len=8, output_size=5, pred_seq_len=12, seed=0, tag='univ', use_lrschd=True)
2022-04-08 03:56:53,343:INFO: Initializing train dataset
2022-04-08 03:57:03,163:INFO: Initializing val dataset
2022-04-08 03:57:33,078:INFO: social_stgcnn9
2022-04-08 03:57:33,080:INFO: Data and model loaded
2022-04-08 03:57:33,080:INFO: Checkpoint dir: ./runs/Apr08_03-56-53_node07/univ/checkpoint
2022-04-08 03:57:33,080:INFO: Training started ...
2022-04-08 03:58:06,492:INFO: Train: [0][2075/2076]  Loss 0.2551 (1.5603)  Time:  0.168 (0.016)  Data Time:  0.005 (0.005)
2022-04-08 03:58:06,494:INFO:   Eta: 2:19:09
2022-04-08 03:58:38,917:INFO: Train: [1][2075/2076]  Loss 0.1339 (0.8687)  Time:  0.215 (0.016)  Data Time:  0.003 (0.005)
2022-04-08 03:58:38,918:INFO:   Eta: 2:14:28
2022-04-08 03:59:12,301:INFO: Train: [2][2075/2076]  Loss 0.1000 (0.5684)  Time:  0.233 (0.016)  Data Time:  0.004 (0.005)
2022-04-08 03:59:12,403:INFO:   Eta: 2:17:54
2022-04-08 03:59:45,098:INFO: Train: [3][2075/2076]  Loss 0.0649 (0.3857)  Time:  0.174 (0.015)  Data Time:  0.004 (0.004)
2022-04-08 03:59:45,099:INFO:   Eta: 2:11:10
2022-04-08 04:00:17,432:INFO: Train: [4][2075/2076]  Loss 0.0306 (0.2668)  Time:  0.204 (0.016)  Data Time:  0.005 (0.004)
2022-04-08 04:00:17,433:INFO:   Eta: 2:12:24
2022-04-08 04:00:49,894:INFO: Train: [5][2075/2076]  Loss 0.0129 (0.1979)  Time:  0.186 (0.016)  Data Time:  0.004 (0.004)
2022-04-08 04:00:49,896:INFO:   Eta: 2:12:27
2022-04-08 04:01:21,395:INFO: Train: [6][2075/2076]  Loss 0.0145 (0.2335)  Time:  0.242 (0.015)  Data Time:  0.004 (0.004)
2022-04-08 04:01:21,397:INFO:   Eta: 2:08:00
2022-04-08 04:03:59,516:INFO: Test: [6]  ADE: 0.7093  FDE: 0.8700
2022-04-08 04:04:32,004:INFO: Train: [7][2075/2076]  Loss -0.0169 (0.0062)  Time:  0.207 (0.016)  Data Time:  0.004 (0.005)
2022-04-08 04:04:32,006:INFO:   Eta: 2:11:24
2022-04-08 04:05:05,231:INFO: Train: [8][2075/2076]  Loss 0.0191 (-0.0325)  Time:  0.229 (0.016)  Data Time:  0.005 (0.005)
2022-04-08 04:05:05,232:INFO:   Eta: 2:13:54
2022-04-08 04:05:37,726:INFO: Train: [9][2075/2076]  Loss -0.1010 (-0.1523)  Time:  0.197 (0.016)  Data Time:  0.005 (0.004)
2022-04-08 04:05:37,727:INFO:   Eta: 2:10:25
2022-04-08 04:06:09,875:INFO: Train: [10][2075/2076]  Loss -0.0791 (-0.1159)  Time:  0.206 (0.015)  Data Time:  0.005 (0.004)
2022-04-08 04:06:09,876:INFO:   Eta: 2:08:30
2022-04-08 04:06:41,922:INFO: Train: [11][2075/2076]  Loss -0.0913 (-0.2407)  Time:  0.207 (0.015)  Data Time:  0.004 (0.004)
2022-04-08 04:06:41,924:INFO:   Eta: 2:07:34
2022-04-08 04:07:10,983:INFO: Train: [12][2075/2076]  Loss -0.0976 (-0.3125)  Time:  0.172 (0.014)  Data Time:  0.004 (0.003)
2022-04-08 04:07:10,985:INFO:   Eta: 1:55:11
2022-04-08 04:07:42,713:INFO: Train: [13][2075/2076]  Loss 0.0075 (-0.2930)  Time:  0.207 (0.015)  Data Time:  0.004 (0.004)
2022-04-08 04:07:42,714:INFO:   Eta: 2:05:14
2022-04-08 04:08:15,652:INFO: Train: [14][2075/2076]  Loss -0.0581 (-0.2794)  Time:  0.172 (0.016)  Data Time:  0.005 (0.004)
2022-04-08 04:08:15,653:INFO:   Eta: 2:09:28
2022-04-08 04:08:47,946:INFO: Train: [15][2075/2076]  Loss -0.0376 (-0.3594)  Time:  0.173 (0.016)  Data Time:  0.005 (0.004)
2022-04-08 04:08:47,947:INFO:   Eta: 2:06:24
2022-04-08 04:09:20,978:INFO: Train: [16][2075/2076]  Loss -0.1305 (-0.3839)  Time:  0.215 (0.016)  Data Time:  0.004 (0.004)
2022-04-08 04:09:20,980:INFO:   Eta: 2:08:44
2022-04-08 04:11:47,772:INFO: Test: [16]  ADE: 0.7056  FDE: 0.9619
2022-04-08 04:12:18,754:INFO: Train: [17][2075/2076]  Loss -0.1085 (-0.5057)  Time:  0.177 (0.015)  Data Time:  0.003 (0.004)
2022-04-08 04:12:18,756:INFO:   Eta: 2:00:10
2022-04-08 04:12:46,704:INFO: Train: [18][2075/2076]  Loss -0.1328 (-0.4703)  Time:  0.161 (0.013)  Data Time:  0.003 (0.003)
2022-04-08 04:12:46,705:INFO:   Eta: 1:47:59
2022-04-08 04:13:15,113:INFO: Train: [19][2075/2076]  Loss -0.1900 (-0.5010)  Time:  0.153 (0.014)  Data Time:  0.004 (0.003)
2022-04-08 04:13:15,115:INFO:   Eta: 1:49:18
2022-04-08 04:13:45,838:INFO: Train: [20][2075/2076]  Loss -0.1630 (-0.5246)  Time:  0.185 (0.015)  Data Time:  0.003 (0.004)
2022-04-08 04:13:45,839:INFO:   Eta: 1:57:41
2022-04-08 04:14:16,885:INFO: Train: [21][2075/2076]  Loss -0.1178 (-0.4457)  Time:  0.162 (0.015)  Data Time:  0.003 (0.005)
2022-04-08 04:14:16,886:INFO:   Eta: 1:58:25
2022-04-08 04:14:48,121:INFO: Train: [22][2075/2076]  Loss -0.0624 (-0.5716)  Time:  0.170 (0.015)  Data Time:  0.005 (0.005)
2022-04-08 04:14:48,122:INFO:   Eta: 1:58:37
2022-04-08 04:15:17,789:INFO: Train: [23][2075/2076]  Loss -0.0970 (-0.5363)  Time:  0.168 (0.014)  Data Time:  0.004 (0.004)
2022-04-08 04:15:17,791:INFO:   Eta: 1:52:10
2022-04-08 04:15:48,104:INFO: Train: [24][2075/2076]  Loss -0.0725 (-0.6272)  Time:  0.191 (0.015)  Data Time:  0.005 (0.004)
2022-04-08 04:15:48,106:INFO:   Eta: 1:54:06
2022-04-08 04:16:19,069:INFO: Train: [25][2075/2076]  Loss -0.1447 (-0.6359)  Time:  0.164 (0.015)  Data Time:  0.005 (0.004)
2022-04-08 04:16:19,070:INFO:   Eta: 1:56:02
2022-04-08 04:16:50,360:INFO: Train: [26][2075/2076]  Loss -0.1561 (-0.6659)  Time:  0.162 (0.015)  Data Time:  0.004 (0.004)
2022-04-08 04:16:50,361:INFO:   Eta: 1:56:44
2022-04-08 04:19:16,874:INFO: Test: [26]  ADE: 0.5825  FDE: 0.8131
2022-04-08 04:19:47,984:INFO: Train: [27][2075/2076]  Loss -0.1156 (-0.6236)  Time:  0.207 (0.015)  Data Time:  0.004 (0.004)
2022-04-08 04:19:47,985:INFO:   Eta: 1:55:29
2022-04-08 04:20:20,238:INFO: Train: [28][2075/2076]  Loss -0.0556 (-0.6288)  Time:  0.149 (0.016)  Data Time:  0.004 (0.004)
2022-04-08 04:20:20,239:INFO:   Eta: 1:59:15
2022-04-08 04:20:52,336:INFO: Train: [29][2075/2076]  Loss -0.1941 (-0.7167)  Time:  0.207 (0.015)  Data Time:  0.005 (0.005)
2022-04-08 04:20:52,337:INFO:   Eta: 1:58:08
2022-04-08 04:21:24,392:INFO: Train: [30][2075/2076]  Loss -0.2375 (-0.7633)  Time:  0.204 (0.015)  Data Time:  0.005 (0.004)
2022-04-08 04:21:24,393:INFO:   Eta: 1:57:27
2022-04-08 04:21:56,222:INFO: Train: [31][2075/2076]  Loss -0.1584 (-0.7259)  Time:  0.181 (0.015)  Data Time:  0.004 (0.004)
2022-04-08 04:21:56,223:INFO:   Eta: 1:56:05
2022-04-08 04:22:28,322:INFO: Train: [32][2075/2076]  Loss -0.1933 (-0.7372)  Time:  0.175 (0.015)  Data Time:  0.005 (0.004)
2022-04-08 04:22:28,323:INFO:   Eta: 1:56:32
2022-04-08 04:23:00,891:INFO: Train: [33][2075/2076]  Loss -0.2254 (-0.7690)  Time:  0.211 (0.016)  Data Time:  0.005 (0.005)
2022-04-08 04:23:00,892:INFO:   Eta: 1:57:42
2022-04-08 04:23:33,016:INFO: Train: [34][2075/2076]  Loss -0.1793 (-0.7646)  Time:  0.188 (0.015)  Data Time:  0.004 (0.004)
2022-04-08 04:23:33,018:INFO:   Eta: 1:55:34
2022-04-08 04:24:04,201:INFO: Train: [35][2075/2076]  Loss -0.1714 (-0.8138)  Time:  0.163 (0.015)  Data Time:  0.003 (0.004)
2022-04-08 04:24:04,202:INFO:   Eta: 1:51:39
2022-04-08 04:24:32,743:INFO: Train: [36][2075/2076]  Loss -0.1892 (-0.6794)  Time:  0.197 (0.014)  Data Time:  0.004 (0.003)
2022-04-08 04:24:32,744:INFO:   Eta: 1:41:43
2022-04-08 04:27:09,004:INFO: Test: [36]  ADE: 0.5262  FDE: 0.6619
2022-04-08 04:27:41,821:INFO: Train: [37][2075/2076]  Loss -0.1780 (-0.8556)  Time:  0.177 (0.016)  Data Time:  0.005 (0.004)
2022-04-08 04:27:41,822:INFO:   Eta: 1:56:21
2022-04-08 04:28:13,733:INFO: Train: [38][2075/2076]  Loss -0.1852 (-0.8432)  Time:  0.189 (0.015)  Data Time:  0.003 (0.004)
2022-04-08 04:28:13,734:INFO:   Eta: 1:52:40
2022-04-08 04:28:45,798:INFO: Train: [39][2075/2076]  Loss -0.1162 (-0.9227)  Time:  0.194 (0.015)  Data Time:  0.004 (0.004)
2022-04-08 04:28:45,798:INFO:   Eta: 1:52:41
2022-04-08 04:29:18,407:INFO: Train: [40][2075/2076]  Loss -0.1298 (-0.7232)  Time:  0.179 (0.016)  Data Time:  0.005 (0.005)
2022-04-08 04:29:18,409:INFO:   Eta: 1:54:03
2022-04-08 04:29:48,994:INFO: Train: [41][2075/2076]  Loss -0.1973 (-0.8683)  Time:  0.238 (0.015)  Data Time:  0.003 (0.004)
2022-04-08 04:29:48,996:INFO:   Eta: 1:46:27
2022-04-08 04:30:16,851:INFO: Train: [42][2075/2076]  Loss -0.2249 (-0.9470)  Time:  0.136 (0.013)  Data Time:  0.004 (0.003)
2022-04-08 04:30:16,852:INFO:   Eta: 1:36:29
2022-04-08 04:30:48,693:INFO: Train: [43][2075/2076]  Loss -0.1598 (-0.9568)  Time:  0.181 (0.015)  Data Time:  0.004 (0.004)
2022-04-08 04:30:48,694:INFO:   Eta: 1:49:47
2022-04-08 04:31:19,752:INFO: Train: [44][2075/2076]  Loss -0.2596 (-0.9314)  Time:  0.171 (0.015)  Data Time:  0.004 (0.004)
2022-04-08 04:31:19,753:INFO:   Eta: 1:46:34
2022-04-08 04:31:51,981:INFO: Train: [45][2075/2076]  Loss -0.1675 (-0.8943)  Time:  0.167 (0.016)  Data Time:  0.004 (0.005)
2022-04-08 04:31:51,993:INFO:   Eta: 1:50:02
2022-04-08 04:32:23,946:INFO: Train: [46][2075/2076]  Loss -0.1428 (-0.9362)  Time:  0.173 (0.015)  Data Time:  0.005 (0.004)
2022-04-08 04:32:23,947:INFO:   Eta: 1:47:59
2022-04-08 04:34:55,360:INFO: Test: [46]  ADE: 0.5691  FDE: 0.7033
2022-04-08 04:35:26,125:INFO: Train: [47][2075/2076]  Loss -0.2172 (-1.0187)  Time:  0.172 (0.015)  Data Time:  0.004 (0.004)
2022-04-08 04:35:26,126:INFO:   Eta: 1:43:55
2022-04-08 04:35:54,336:INFO: Train: [48][2075/2076]  Loss -0.1199 (-0.8867)  Time:  0.155 (0.014)  Data Time:  0.004 (0.003)
2022-04-08 04:35:54,338:INFO:   Eta: 1:34:54
2022-04-08 04:36:25,917:INFO: Train: [49][2075/2076]  Loss -0.2112 (-0.8540)  Time:  0.193 (0.015)  Data Time:  0.004 (0.004)
2022-04-08 04:36:25,918:INFO:   Eta: 1:45:43
2022-04-08 04:36:57,424:INFO: Train: [50][2075/2076]  Loss -0.2862 (-1.0145)  Time:  0.203 (0.015)  Data Time:  0.004 (0.004)
2022-04-08 04:36:57,425:INFO:   Eta: 1:44:57
2022-04-08 04:37:29,441:INFO: Train: [51][2075/2076]  Loss -0.2274 (-1.0155)  Time:  0.227 (0.015)  Data Time:  0.005 (0.004)
2022-04-08 04:37:29,442:INFO:   Eta: 1:46:07
2022-04-08 04:38:01,313:INFO: Train: [52][2075/2076]  Loss -0.2008 (-1.0113)  Time:  0.180 (0.015)  Data Time:  0.005 (0.004)
2022-04-08 04:38:01,314:INFO:   Eta: 1:45:06
2022-04-08 04:38:33,130:INFO: Train: [53][2075/2076]  Loss -0.2180 (-0.9574)  Time:  0.223 (0.015)  Data Time:  0.004 (0.004)
2022-04-08 04:38:33,131:INFO:   Eta: 1:44:24
2022-04-08 04:39:04,995:INFO: Train: [54][2075/2076]  Loss -0.3353 (-0.9928)  Time:  0.194 (0.015)  Data Time:  0.005 (0.005)
2022-04-08 04:39:04,995:INFO:   Eta: 1:44:01
2022-04-08 04:39:37,213:INFO: Train: [55][2075/2076]  Loss -0.2031 (-0.9985)  Time:  0.183 (0.016)  Data Time:  0.004 (0.004)
2022-04-08 04:39:37,214:INFO:   Eta: 1:44:38
2022-04-08 04:40:09,261:INFO: Train: [56][2075/2076]  Loss -0.2272 (-1.0905)  Time:  0.170 (0.015)  Data Time:  0.004 (0.004)
2022-04-08 04:40:09,263:INFO:   Eta: 1:43:33
2022-04-08 04:42:42,261:INFO: Test: [56]  ADE: 0.5082  FDE: 0.7777
2022-04-08 04:43:13,488:INFO: Train: [57][2075/2076]  Loss -0.1735 (-1.0003)  Time:  0.201 (0.015)  Data Time:  0.005 (0.004)
2022-04-08 04:43:13,489:INFO:   Eta: 1:40:21
2022-04-08 04:43:45,134:INFO: Train: [58][2075/2076]  Loss -0.2186 (-1.0438)  Time:  0.186 (0.015)  Data Time:  0.004 (0.004)
2022-04-08 04:43:45,134:INFO:   Eta: 1:41:11
2022-04-08 04:44:16,545:INFO: Train: [59][2075/2076]  Loss -0.1875 (-1.0732)  Time:  0.161 (0.015)  Data Time:  0.005 (0.004)
2022-04-08 04:44:16,546:INFO:   Eta: 1:39:55
2022-04-08 04:44:47,621:INFO: Train: [60][2075/2076]  Loss -0.2222 (-1.0747)  Time:  0.168 (0.015)  Data Time:  0.004 (0.004)
2022-04-08 04:44:47,623:INFO:   Eta: 1:38:18
2022-04-08 04:45:19,304:INFO: Train: [61][2075/2076]  Loss -0.2167 (-1.1109)  Time:  0.170 (0.015)  Data Time:  0.005 (0.004)
2022-04-08 04:45:19,306:INFO:   Eta: 1:39:43
2022-04-08 04:45:50,541:INFO: Train: [62][2075/2076]  Loss -0.3200 (-0.9655)  Time:  0.173 (0.015)  Data Time:  0.005 (0.004)
2022-04-08 04:45:50,542:INFO:   Eta: 1:37:49
2022-04-08 04:46:22,043:INFO: Train: [63][2075/2076]  Loss -0.2576 (-1.1103)  Time:  0.173 (0.015)  Data Time:  0.004 (0.005)
2022-04-08 04:46:22,044:INFO:   Eta: 1:38:07
2022-04-08 04:46:52,779:INFO: Train: [64][2075/2076]  Loss -0.1198 (-1.0047)  Time:  0.203 (0.015)  Data Time:  0.003 (0.004)
2022-04-08 04:46:52,780:INFO:   Eta: 1:35:13
2022-04-08 04:47:20,699:INFO: Train: [65][2075/2076]  Loss -0.2884 (-0.9399)  Time:  0.205 (0.013)  Data Time:  0.003 (0.003)
2022-04-08 04:47:20,700:INFO:   Eta: 1:26:01
2022-04-08 04:47:49,809:INFO: Train: [66][2075/2076]  Loss -0.2611 (-1.1092)  Time:  0.188 (0.014)  Data Time:  0.005 (0.004)
2022-04-08 04:47:49,811:INFO:   Eta: 1:29:12
2022-04-08 04:50:20,360:INFO: Test: [66]  ADE: 0.4856  FDE: 0.6531
2022-04-08 04:50:52,656:INFO: Train: [67][2075/2076]  Loss -0.2280 (-1.1162)  Time:  0.183 (0.016)  Data Time:  0.004 (0.004)
2022-04-08 04:50:52,658:INFO:   Eta: 1:38:23
2022-04-08 04:51:23,822:INFO: Train: [68][2075/2076]  Loss -0.2466 (-1.0954)  Time:  0.168 (0.015)  Data Time:  0.005 (0.004)
2022-04-08 04:51:23,823:INFO:   Eta: 1:34:28
2022-04-08 04:51:54,491:INFO: Train: [69][2075/2076]  Loss -0.2373 (-1.1205)  Time:  0.224 (0.015)  Data Time:  0.004 (0.004)
2022-04-08 04:51:54,493:INFO:   Eta: 1:32:27
2022-04-08 04:52:24,866:INFO: Train: [70][2075/2076]  Loss -0.2289 (-1.1487)  Time:  0.140 (0.015)  Data Time:  0.004 (0.004)
2022-04-08 04:52:24,867:INFO:   Eta: 1:31:03
2022-04-08 04:52:52,370:INFO: Train: [71][2075/2076]  Loss -0.2201 (-1.1042)  Time:  0.152 (0.013)  Data Time:  0.003 (0.003)
2022-04-08 04:52:52,372:INFO:   Eta: 1:21:48
2022-04-08 04:53:20,920:INFO: Train: [72][2075/2076]  Loss -0.1786 (-1.1791)  Time:  0.167 (0.014)  Data Time:  0.005 (0.003)
2022-04-08 04:53:20,921:INFO:   Eta: 1:24:38
2022-04-08 04:53:52,351:INFO: Train: [73][2075/2076]  Loss -0.2504 (-1.2574)  Time:  0.177 (0.015)  Data Time:  0.004 (0.004)
2022-04-08 04:53:52,353:INFO:   Eta: 1:32:40
2022-04-08 04:54:23,011:INFO: Train: [74][2075/2076]  Loss -0.2871 (-1.1047)  Time:  0.169 (0.015)  Data Time:  0.004 (0.004)
2022-04-08 04:54:23,013:INFO:   Eta: 1:29:52
2022-04-08 04:54:54,504:INFO: Train: [75][2075/2076]  Loss -0.2187 (-1.1614)  Time:  0.193 (0.015)  Data Time:  0.004 (0.004)
2022-04-08 04:54:54,505:INFO:   Eta: 1:31:47
2022-04-08 04:55:26,234:INFO: Train: [76][2075/2076]  Loss -0.2630 (-1.1327)  Time:  0.167 (0.015)  Data Time:  0.004 (0.004)
2022-04-08 04:55:26,236:INFO:   Eta: 1:31:57
2022-04-08 04:57:54,760:INFO: Test: [76]  ADE: 0.4766  FDE: 0.6692
2022-04-08 04:58:24,531:INFO: Train: [77][2075/2076]  Loss -0.3016 (-1.1550)  Time:  0.176 (0.014)  Data Time:  0.002 (0.004)
2022-04-08 04:58:24,532:INFO:   Eta: 1:25:45
2022-04-08 04:58:52,153:INFO: Train: [78][2075/2076]  Loss -0.2226 (-1.1831)  Time:  0.192 (0.013)  Data Time:  0.004 (0.003)
2022-04-08 04:58:52,155:INFO:   Eta: 1:19:07
2022-04-08 04:59:23,684:INFO: Train: [79][2075/2076]  Loss -0.2375 (-1.2135)  Time:  0.173 (0.015)  Data Time:  0.004 (0.005)
2022-04-08 04:59:23,686:INFO:   Eta: 1:29:48
2022-04-08 04:59:55,192:INFO: Train: [80][2075/2076]  Loss -0.2392 (-1.1890)  Time:  0.186 (0.015)  Data Time:  0.004 (0.004)
2022-04-08 04:59:55,196:INFO:   Eta: 1:29:12
2022-04-08 05:00:27,485:INFO: Train: [81][2075/2076]  Loss -0.2893 (-1.2340)  Time:  0.193 (0.016)  Data Time:  0.004 (0.004)
2022-04-08 05:00:27,487:INFO:   Eta: 1:30:53
2022-04-08 05:00:58,668:INFO: Train: [82][2075/2076]  Loss -0.2592 (-1.1390)  Time:  0.211 (0.015)  Data Time:  0.003 (0.004)
2022-04-08 05:00:58,670:INFO:   Eta: 1:27:15
2022-04-08 05:01:31,080:INFO: Train: [83][2075/2076]  Loss -0.2575 (-1.2294)  Time:  0.175 (0.016)  Data Time:  0.005 (0.005)
2022-04-08 05:01:31,080:INFO:   Eta: 1:30:09
2022-04-08 05:02:02,757:INFO: Train: [84][2075/2076]  Loss -0.2843 (-1.1677)  Time:  0.204 (0.015)  Data Time:  0.005 (0.005)
2022-04-08 05:02:02,757:INFO:   Eta: 1:27:34
2022-04-08 05:02:35,237:INFO: Train: [85][2075/2076]  Loss -0.2878 (-1.1781)  Time:  0.217 (0.016)  Data Time:  0.004 (0.004)
2022-04-08 05:02:35,239:INFO:   Eta: 1:29:16
2022-04-08 05:03:08,545:INFO: Train: [86][2075/2076]  Loss -0.2445 (-1.3151)  Time:  0.153 (0.016)  Data Time:  0.004 (0.004)
2022-04-08 05:03:08,547:INFO:   Eta: 1:30:58
2022-04-08 05:05:56,354:INFO: Test: [86]  ADE: 0.4748  FDE: 0.6570
2022-04-08 05:06:29,185:INFO: Train: [87][2075/2076]  Loss -0.3520 (-1.2497)  Time:  0.243 (0.016)  Data Time:  0.005 (0.004)
2022-04-08 05:06:29,192:INFO:   Eta: 1:29:03
2022-04-08 05:07:02,490:INFO: Train: [88][2075/2076]  Loss -0.3000 (-1.2068)  Time:  0.224 (0.016)  Data Time:  0.004 (0.004)
2022-04-08 05:07:02,492:INFO:   Eta: 1:29:50
2022-04-08 05:07:35,226:INFO: Train: [89][2075/2076]  Loss -0.2670 (-1.2615)  Time:  0.166 (0.016)  Data Time:  0.005 (0.004)
2022-04-08 05:07:35,228:INFO:   Eta: 1:27:46
2022-04-08 05:08:08,957:INFO: Train: [90][2075/2076]  Loss -0.2712 (-1.3173)  Time:  0.201 (0.016)  Data Time:  0.005 (0.005)
2022-04-08 05:08:08,959:INFO:   Eta: 1:29:53
2022-04-08 05:08:42,941:INFO: Train: [91][2075/2076]  Loss -0.2932 (-1.2921)  Time:  0.179 (0.016)  Data Time:  0.005 (0.004)
2022-04-08 05:08:42,942:INFO:   Eta: 1:29:59
2022-04-08 05:09:17,163:INFO: Train: [92][2075/2076]  Loss -0.2752 (-1.2617)  Time:  0.200 (0.016)  Data Time:  0.004 (0.004)
2022-04-08 05:09:17,165:INFO:   Eta: 1:30:02
2022-04-08 05:09:50,471:INFO: Train: [93][2075/2076]  Loss -0.3058 (-1.2788)  Time:  0.196 (0.016)  Data Time:  0.005 (0.004)
2022-04-08 05:09:50,474:INFO:   Eta: 1:27:04
2022-04-08 05:10:20,920:INFO: Train: [94][2075/2076]  Loss -0.3155 (-1.2773)  Time:  0.212 (0.015)  Data Time:  0.004 (0.003)
2022-04-08 05:10:20,921:INFO:   Eta: 1:19:05
2022-04-08 05:10:55,489:INFO: Train: [95][2075/2076]  Loss -0.3643 (-1.1929)  Time:  0.201 (0.017)  Data Time:  0.004 (0.004)
2022-04-08 05:10:55,491:INFO:   Eta: 1:29:14
2022-04-08 05:11:29,601:INFO: Train: [96][2075/2076]  Loss -0.2510 (-1.2622)  Time:  0.206 (0.016)  Data Time:  0.003 (0.005)
2022-04-08 05:11:29,604:INFO:   Eta: 1:27:29
2022-04-08 05:14:16,786:INFO: Test: [96]  ADE: 0.5099  FDE: 0.8019
2022-04-08 05:14:48,009:INFO: Train: [97][2075/2076]  Loss -0.2276 (-1.2047)  Time:  0.197 (0.015)  Data Time:  0.005 (0.004)
2022-04-08 05:14:48,011:INFO:   Eta: 1:19:29
2022-04-08 05:15:18,320:INFO: Train: [98][2075/2076]  Loss -0.3618 (-1.2869)  Time:  0.158 (0.015)  Data Time:  0.003 (0.004)
2022-04-08 05:15:18,322:INFO:   Eta: 1:16:43
2022-04-08 05:15:47,271:INFO: Train: [99][2075/2076]  Loss -0.3541 (-1.2731)  Time:  0.167 (0.014)  Data Time:  0.003 (0.003)
2022-04-08 05:15:47,272:INFO:   Eta: 1:12:48
2022-04-08 05:16:17,194:INFO: Train: [100][2075/2076]  Loss -0.2859 (-1.2980)  Time:  0.203 (0.014)  Data Time:  0.004 (0.004)
2022-04-08 05:16:17,195:INFO:   Eta: 1:14:45
2022-04-08 05:16:48,383:INFO: Train: [101][2075/2076]  Loss -0.2868 (-1.3348)  Time:  0.161 (0.015)  Data Time:  0.004 (0.004)
2022-04-08 05:16:48,384:INFO:   Eta: 1:17:24
2022-04-08 05:17:19,727:INFO: Train: [102][2075/2076]  Loss -0.2044 (-1.3144)  Time:  0.171 (0.015)  Data Time:  0.004 (0.005)
2022-04-08 05:17:19,728:INFO:   Eta: 1:17:16
2022-04-08 05:17:50,872:INFO: Train: [103][2075/2076]  Loss -0.3322 (-1.1758)  Time:  0.173 (0.015)  Data Time:  0.003 (0.005)
2022-04-08 05:17:50,874:INFO:   Eta: 1:16:15
2022-04-08 05:18:22,170:INFO: Train: [104][2075/2076]  Loss -0.2732 (-1.1996)  Time:  0.198 (0.015)  Data Time:  0.005 (0.005)
2022-04-08 05:18:22,172:INFO:   Eta: 1:16:06
2022-04-08 05:18:53,219:INFO: Train: [105][2075/2076]  Loss -0.2801 (-1.3015)  Time:  0.172 (0.015)  Data Time:  0.004 (0.004)
2022-04-08 05:18:53,221:INFO:   Eta: 1:14:58
2022-04-08 05:19:24,270:INFO: Train: [106][2075/2076]  Loss -0.2589 (-1.2701)  Time:  0.162 (0.015)  Data Time:  0.004 (0.004)
2022-04-08 05:19:24,271:INFO:   Eta: 1:14:28
2022-04-08 05:21:54,779:INFO: Test: [106]  ADE: 0.4929  FDE: 0.7352
2022-04-08 05:22:25,877:INFO: Train: [107][2075/2076]  Loss -0.2080 (-1.3107)  Time:  0.174 (0.015)  Data Time:  0.005 (0.004)
2022-04-08 05:22:25,879:INFO:   Eta: 1:14:02
2022-04-08 05:22:57,604:INFO: Train: [108][2075/2076]  Loss -0.2562 (-1.2753)  Time:  0.213 (0.015)  Data Time:  0.004 (0.004)
2022-04-08 05:22:57,605:INFO:   Eta: 1:15:02
2022-04-08 05:23:28,731:INFO: Train: [109][2075/2076]  Loss -0.2644 (-1.4009)  Time:  0.193 (0.015)  Data Time:  0.005 (0.004)
2022-04-08 05:23:28,732:INFO:   Eta: 1:13:06
2022-04-08 05:24:00,221:INFO: Train: [110][2075/2076]  Loss -0.3165 (-1.3397)  Time:  0.198 (0.015)  Data Time:  0.004 (0.004)
2022-04-08 05:24:00,310:INFO:   Eta: 1:13:26
2022-04-08 05:24:33,411:INFO: Train: [111][2075/2076]  Loss -0.2929 (-1.3087)  Time:  0.173 (0.016)  Data Time:  0.004 (0.004)
2022-04-08 05:24:33,412:INFO:   Eta: 1:14:33
2022-04-08 05:25:05,754:INFO: Train: [112][2075/2076]  Loss -0.3150 (-1.1433)  Time:  0.200 (0.016)  Data Time:  0.004 (0.004)
2022-04-08 05:25:05,757:INFO:   Eta: 1:14:20
2022-04-08 05:25:37,622:INFO: Train: [113][2075/2076]  Loss -0.3452 (-1.3640)  Time:  0.200 (0.015)  Data Time:  0.004 (0.004)
2022-04-08 05:25:37,624:INFO:   Eta: 1:12:42
2022-04-08 05:26:09,558:INFO: Train: [114][2075/2076]  Loss -0.2107 (-1.3330)  Time:  0.173 (0.015)  Data Time:  0.005 (0.004)
2022-04-08 05:26:09,559:INFO:   Eta: 1:12:20
2022-04-08 05:26:41,483:INFO: Train: [115][2075/2076]  Loss -0.3687 (-1.3436)  Time:  0.178 (0.015)  Data Time:  0.005 (0.004)
2022-04-08 05:26:41,485:INFO:   Eta: 1:11:47
2022-04-08 05:27:13,323:INFO: Train: [116][2075/2076]  Loss -0.2725 (-1.4259)  Time:  0.160 (0.015)  Data Time:  0.004 (0.004)
2022-04-08 05:27:13,325:INFO:   Eta: 1:11:03
2022-04-08 05:29:47,584:INFO: Test: [116]  ADE: 0.4499  FDE: 0.7240
2022-04-08 05:30:19,597:INFO: Train: [117][2075/2076]  Loss -0.2439 (-1.2531)  Time:  0.173 (0.015)  Data Time:  0.005 (0.004)
2022-04-08 05:30:19,600:INFO:   Eta: 1:10:53
2022-04-08 05:30:51,237:INFO: Train: [118][2075/2076]  Loss -0.3039 (-1.3628)  Time:  0.211 (0.015)  Data Time:  0.004 (0.004)
2022-04-08 05:30:51,238:INFO:   Eta: 1:09:33
2022-04-08 05:31:23,211:INFO: Train: [119][2075/2076]  Loss -0.2671 (-1.3875)  Time:  0.161 (0.015)  Data Time:  0.004 (0.004)
2022-04-08 05:31:23,212:INFO:   Eta: 1:09:45
2022-04-08 05:31:54,991:INFO: Train: [120][2075/2076]  Loss -0.3171 (-1.4183)  Time:  0.154 (0.015)  Data Time:  0.003 (0.004)
2022-04-08 05:31:54,992:INFO:   Eta: 1:08:48
2022-04-08 05:32:27,295:INFO: Train: [121][2075/2076]  Loss -0.3118 (-1.3550)  Time:  0.207 (0.016)  Data Time:  0.004 (0.004)
2022-04-08 05:32:27,296:INFO:   Eta: 1:09:24
2022-04-08 05:32:58,926:INFO: Train: [122][2075/2076]  Loss -0.3006 (-1.3821)  Time:  0.173 (0.015)  Data Time:  0.005 (0.004)
2022-04-08 05:32:58,936:INFO:   Eta: 1:07:26
2022-04-08 05:33:30,179:INFO: Train: [123][2075/2076]  Loss -0.2967 (-1.3857)  Time:  0.189 (0.015)  Data Time:  0.003 (0.004)
2022-04-08 05:33:30,181:INFO:   Eta: 1:06:05
2022-04-08 05:34:01,358:INFO: Train: [124][2075/2076]  Loss -0.2822 (-1.3018)  Time:  0.184 (0.015)  Data Time:  0.005 (0.004)
2022-04-08 05:34:01,359:INFO:   Eta: 1:05:25
2022-04-08 05:34:33,654:INFO: Train: [125][2075/2076]  Loss -0.3125 (-1.3703)  Time:  0.159 (0.016)  Data Time:  0.004 (0.004)
2022-04-08 05:34:33,657:INFO:   Eta: 1:07:14
2022-04-08 05:35:02,335:INFO: Train: [126][2075/2076]  Loss -0.3255 (-1.4614)  Time:  0.190 (0.014)  Data Time:  0.003 (0.004)
2022-04-08 05:35:02,439:INFO:   Eta: 0:59:10
2022-04-08 05:37:54,953:INFO: Test: [126]  ADE: 0.4724  FDE: 0.8522
2022-04-08 05:38:29,334:INFO: Train: [127][2075/2076]  Loss -0.2773 (-1.3558)  Time:  0.192 (0.017)  Data Time:  0.005 (0.004)
2022-04-08 05:38:29,335:INFO:   Eta: 1:10:23
2022-04-08 05:39:03,566:INFO: Train: [128][2075/2076]  Loss -0.3263 (-1.3128)  Time:  0.181 (0.016)  Data Time:  0.004 (0.004)
2022-04-08 05:39:03,568:INFO:   Eta: 1:09:33
2022-04-08 05:39:37,896:INFO: Train: [129][2075/2076]  Loss -0.3327 (-1.4341)  Time:  0.204 (0.017)  Data Time:  0.005 (0.004)
2022-04-08 05:39:37,898:INFO:   Eta: 1:09:10
2022-04-08 05:40:11,577:INFO: Train: [130][2075/2076]  Loss -0.3336 (-1.3355)  Time:  0.199 (0.016)  Data Time:  0.004 (0.004)
2022-04-08 05:40:11,580:INFO:   Eta: 1:07:18
2022-04-08 05:40:45,201:INFO: Train: [131][2075/2076]  Loss -0.3439 (-1.4403)  Time:  0.174 (0.016)  Data Time:  0.004 (0.004)
2022-04-08 05:40:45,202:INFO:   Eta: 1:06:37
2022-04-08 05:41:17,972:INFO: Train: [132][2075/2076]  Loss -0.3178 (-1.4495)  Time:  0.180 (0.016)  Data Time:  0.002 (0.004)
2022-04-08 05:41:17,972:INFO:   Eta: 1:04:24
2022-04-08 05:41:49,113:INFO: Train: [133][2075/2076]  Loss -0.3806 (-1.3351)  Time:  0.208 (0.015)  Data Time:  0.004 (0.003)
2022-04-08 05:41:49,114:INFO:   Eta: 1:00:41
2022-04-08 05:42:21,193:INFO: Train: [134][2075/2076]  Loss -0.3354 (-1.3336)  Time:  0.162 (0.015)  Data Time:  0.003 (0.004)
2022-04-08 05:42:21,195:INFO:   Eta: 1:01:58
2022-04-08 05:42:54,008:INFO: Train: [135][2075/2076]  Loss -0.4057 (-1.4536)  Time:  0.207 (0.016)  Data Time:  0.004 (0.004)
2022-04-08 05:42:54,010:INFO:   Eta: 1:02:45
2022-04-08 05:43:28,003:INFO: Train: [136][2075/2076]  Loss -0.2908 (-1.4130)  Time:  0.196 (0.016)  Data Time:  0.005 (0.004)
2022-04-08 05:43:28,004:INFO:   Eta: 1:04:32
2022-04-08 05:46:18,679:INFO: Test: [136]  ADE: 0.4571  FDE: 0.7958
2022-04-08 05:46:50,943:INFO: Train: [137][2075/2076]  Loss -0.3483 (-1.4158)  Time:  0.166 (0.016)  Data Time:  0.005 (0.004)
2022-04-08 05:46:50,944:INFO:   Eta: 1:00:41
2022-04-08 05:47:22,420:INFO: Train: [138][2075/2076]  Loss -0.3510 (-1.4767)  Time:  0.166 (0.015)  Data Time:  0.005 (0.004)
2022-04-08 05:47:22,420:INFO:   Eta: 0:58:43
2022-04-08 05:47:53,538:INFO: Train: [139][2075/2076]  Loss -0.2512 (-1.4467)  Time:  0.197 (0.015)  Data Time:  0.004 (0.004)
2022-04-08 05:47:53,539:INFO:   Eta: 0:57:31
2022-04-08 05:48:23,697:INFO: Train: [140][2075/2076]  Loss -0.3849 (-1.4110)  Time:  0.194 (0.015)  Data Time:  0.003 (0.003)
2022-04-08 05:48:23,699:INFO:   Eta: 0:55:15
2022-04-08 05:48:54,651:INFO: Train: [141][2075/2076]  Loss -0.3612 (-1.3570)  Time:  0.194 (0.015)  Data Time:  0.005 (0.004)
2022-04-08 05:48:54,652:INFO:   Eta: 0:56:11
2022-04-08 05:49:23,997:INFO: Train: [142][2075/2076]  Loss -0.3646 (-1.4833)  Time:  0.149 (0.014)  Data Time:  0.003 (0.003)
2022-04-08 05:49:23,998:INFO:   Eta: 0:52:47
2022-04-08 05:49:55,166:INFO: Train: [143][2075/2076]  Loss -0.3962 (-1.3494)  Time:  0.201 (0.015)  Data Time:  0.005 (0.004)
2022-04-08 05:49:55,166:INFO:   Eta: 0:55:33
2022-04-08 05:50:26,655:INFO: Train: [144][2075/2076]  Loss -0.3820 (-1.4489)  Time:  0.173 (0.015)  Data Time:  0.005 (0.004)
2022-04-08 05:50:26,656:INFO:   Eta: 0:55:35
2022-04-08 05:50:58,159:INFO: Train: [145][2075/2076]  Loss -0.2935 (-1.4652)  Time:  0.160 (0.015)  Data Time:  0.004 (0.004)
2022-04-08 05:50:58,161:INFO:   Eta: 0:55:05
2022-04-08 05:51:29,818:INFO: Train: [146][2075/2076]  Loss -0.3643 (-1.4405)  Time:  0.160 (0.015)  Data Time:  0.004 (0.004)
2022-04-08 05:51:29,819:INFO:   Eta: 0:54:50
2022-04-08 05:54:06,032:INFO: Test: [146]  ADE: 0.5832  FDE: 1.0375
2022-04-08 05:54:37,972:INFO: Train: [147][2075/2076]  Loss -0.3246 (-1.3732)  Time:  0.190 (0.015)  Data Time:  0.003 (0.004)
2022-04-08 05:54:37,973:INFO:   Eta: 0:54:46
2022-04-08 05:55:08,099:INFO: Train: [148][2075/2076]  Loss -0.3359 (-1.3966)  Time:  0.158 (0.015)  Data Time:  0.004 (0.004)
2022-04-08 05:55:08,099:INFO:   Eta: 0:51:10
2022-04-08 05:55:37,205:INFO: Train: [149][2075/2076]  Loss -0.3856 (-1.3723)  Time:  0.141 (0.014)  Data Time:  0.003 (0.003)
2022-04-08 05:55:37,207:INFO:   Eta: 0:48:57
2022-04-08 05:56:09,465:INFO: Train: [150][2075/2076]  Loss -0.3830 (-1.6856)  Time:  0.202 (0.016)  Data Time:  0.003 (0.004)
2022-04-08 05:56:09,467:INFO:   Eta: 0:53:44
2022-04-08 05:56:39,798:INFO: Train: [151][2075/2076]  Loss -0.3328 (-1.5733)  Time:  0.196 (0.015)  Data Time:  0.004 (0.004)
2022-04-08 05:56:39,799:INFO:   Eta: 0:50:00
2022-04-08 05:56:46,808:INFO: Valid: [151][529/530]  Loss -7.1208 (-4.9970)
2022-04-08 05:56:46,827:INFO: Checkpoint saved...
2022-04-08 05:57:18,897:INFO: Train: [152][2075/2076]  Loss -0.3769 (-1.5310)  Time:  0.162 (0.015)  Data Time:  0.004 (0.004)
2022-04-08 05:57:18,898:INFO:   Eta: 0:52:20
2022-04-08 05:57:25,504:INFO: Valid: [152][529/530]  Loss -6.5310 (-4.6049)
2022-04-08 05:57:57,345:INFO: Train: [153][2075/2076]  Loss -0.3973 (-1.5766)  Time:  0.156 (0.015)  Data Time:  0.004 (0.004)
2022-04-08 05:57:57,346:INFO:   Eta: 0:51:26
2022-04-08 05:58:04,206:INFO: Valid: [153][529/530]  Loss -6.0482 (-4.3345)
2022-04-08 05:58:36,283:INFO: Train: [154][2075/2076]  Loss -0.4053 (-1.6765)  Time:  0.163 (0.015)  Data Time:  0.003 (0.004)
2022-04-08 05:58:36,285:INFO:   Eta: 0:51:17
2022-04-08 05:58:42,834:INFO: Valid: [154][529/530]  Loss -6.5063 (-4.5614)
2022-04-08 05:59:15,077:INFO: Train: [155][2075/2076]  Loss -0.3324 (-1.6227)  Time:  0.179 (0.016)  Data Time:  0.005 (0.004)
2022-04-08 05:59:15,079:INFO:   Eta: 0:51:00
2022-04-08 05:59:21,710:INFO: Valid: [155][529/530]  Loss -5.7910 (-4.0982)
2022-04-08 05:59:54,120:INFO: Train: [156][2075/2076]  Loss -0.3881 (-1.6669)  Time:  0.200 (0.016)  Data Time:  0.005 (0.004)
2022-04-08 05:59:54,121:INFO:   Eta: 0:50:44
2022-04-08 06:00:00,891:INFO: Valid: [156][529/530]  Loss -7.2009 (-5.0674)
2022-04-08 06:00:00,906:INFO: Checkpoint saved...
2022-04-08 06:02:41,224:INFO: Test: [156]  ADE: 0.4562  FDE: 0.8375
2022-04-08 06:03:13,007:INFO: Train: [157][2075/2076]  Loss -0.4627 (-1.6939)  Time:  0.179 (0.015)  Data Time:  0.003 (0.004)
2022-04-08 06:03:13,008:INFO:   Eta: 0:49:11
2022-04-08 06:03:19,844:INFO: Valid: [157][529/530]  Loss -5.3522 (-3.9092)
2022-04-08 06:03:52,293:INFO: Train: [158][2075/2076]  Loss -0.3064 (-1.7069)  Time:  0.176 (0.016)  Data Time:  0.004 (0.004)
2022-04-08 06:03:52,294:INFO:   Eta: 0:49:43
2022-04-08 06:03:58,996:INFO: Valid: [158][529/530]  Loss -6.7223 (-4.7505)
2022-04-08 06:04:31,191:INFO: Train: [159][2075/2076]  Loss -0.4191 (-1.6835)  Time:  0.197 (0.015)  Data Time:  0.004 (0.004)
2022-04-08 06:04:31,192:INFO:   Eta: 0:48:47
2022-04-08 06:04:37,763:INFO: Valid: [159][529/530]  Loss -6.5660 (-4.6425)
2022-04-08 06:05:09,387:INFO: Train: [160][2075/2076]  Loss -0.3603 (-1.5815)  Time:  0.203 (0.015)  Data Time:  0.004 (0.004)
2022-04-08 06:05:09,389:INFO:   Eta: 0:47:24
2022-04-08 06:05:15,960:INFO: Valid: [160][529/530]  Loss -6.0963 (-4.3536)
2022-04-08 06:05:48,961:INFO: Train: [161][2075/2076]  Loss -0.3676 (-1.6936)  Time:  0.218 (0.016)  Data Time:  0.003 (0.004)
2022-04-08 06:05:48,962:INFO:   Eta: 0:48:55
2022-04-08 06:05:55,586:INFO: Valid: [161][529/530]  Loss -6.6311 (-4.6695)
2022-04-08 06:06:27,810:INFO: Train: [162][2075/2076]  Loss -0.3314 (-1.7208)  Time:  0.219 (0.016)  Data Time:  0.005 (0.004)
2022-04-08 06:06:27,813:INFO:   Eta: 0:47:13
2022-04-08 06:06:35,343:INFO: Valid: [162][529/530]  Loss -7.0704 (-4.9898)
2022-04-08 06:07:07,632:INFO: Train: [163][2075/2076]  Loss -0.3425 (-1.7078)  Time:  0.156 (0.016)  Data Time:  0.004 (0.004)
2022-04-08 06:07:07,634:INFO:   Eta: 0:46:47
2022-04-08 06:07:14,268:INFO: Valid: [163][529/530]  Loss -6.4665 (-4.5836)
2022-04-08 06:07:47,784:INFO: Train: [164][2075/2076]  Loss -0.4134 (-1.7370)  Time:  0.211 (0.016)  Data Time:  0.005 (0.004)
2022-04-08 06:07:47,785:INFO:   Eta: 0:48:00
2022-04-08 06:07:54,462:INFO: Valid: [164][529/530]  Loss -6.8020 (-4.8136)
2022-04-08 06:08:27,332:INFO: Train: [165][2075/2076]  Loss -0.3266 (-1.7049)  Time:  0.165 (0.016)  Data Time:  0.003 (0.004)
2022-04-08 06:08:27,334:INFO:   Eta: 0:46:31
2022-04-08 06:08:33,949:INFO: Valid: [165][529/530]  Loss -6.7342 (-4.7439)
2022-04-08 06:09:04,746:INFO: Train: [166][2075/2076]  Loss -0.3678 (-1.7092)  Time:  0.170 (0.015)  Data Time:  0.004 (0.003)
2022-04-08 06:09:04,748:INFO:   Eta: 0:43:05
2022-04-08 06:09:11,573:INFO: Valid: [166][529/530]  Loss -6.6166 (-4.6744)
2022-04-08 06:11:51,153:INFO: Test: [166]  ADE: 0.4749  FDE: 0.8671
2022-04-08 06:12:24,046:INFO: Train: [167][2075/2076]  Loss -0.3730 (-1.7460)  Time:  0.196 (0.016)  Data Time:  0.004 (0.004)
2022-04-08 06:12:24,048:INFO:   Eta: 0:45:23
2022-04-08 06:12:30,912:INFO: Valid: [167][529/530]  Loss -6.9806 (-4.8996)
2022-04-08 06:13:03,316:INFO: Train: [168][2075/2076]  Loss -0.3656 (-1.7241)  Time:  0.218 (0.016)  Data Time:  0.004 (0.004)
2022-04-08 06:13:03,317:INFO:   Eta: 0:44:15
2022-04-08 06:13:09,855:INFO: Valid: [168][529/530]  Loss -6.7845 (-4.8110)
2022-04-08 06:13:42,086:INFO: Train: [169][2075/2076]  Loss -0.3331 (-1.6866)  Time:  0.218 (0.016)  Data Time:  0.004 (0.004)
2022-04-08 06:13:42,088:INFO:   Eta: 0:43:29
2022-04-08 06:13:48,658:INFO: Valid: [169][529/530]  Loss -4.8664 (-3.4712)
2022-04-08 06:14:21,389:INFO: Train: [170][2075/2076]  Loss -0.3645 (-1.7232)  Time:  0.202 (0.016)  Data Time:  0.005 (0.004)
2022-04-08 06:14:21,390:INFO:   Eta: 0:43:35
2022-04-08 06:14:28,058:INFO: Valid: [170][529/530]  Loss -5.6021 (-4.0108)
2022-04-08 06:15:00,906:INFO: Train: [171][2075/2076]  Loss -0.4842 (-1.7598)  Time:  0.207 (0.016)  Data Time:  0.004 (0.004)
2022-04-08 06:15:00,908:INFO:   Eta: 0:43:13
2022-04-08 06:15:07,093:INFO: Valid: [171][529/530]  Loss -6.3551 (-4.5238)
2022-04-08 06:15:37,808:INFO: Train: [172][2075/2076]  Loss -0.3982 (-1.7860)  Time:  0.202 (0.015)  Data Time:  0.003 (0.003)
2022-04-08 06:15:37,809:INFO:   Eta: 0:39:54
2022-04-08 06:15:44,263:INFO: Valid: [172][529/530]  Loss -6.6909 (-4.7201)
2022-04-08 06:16:17,583:INFO: Train: [173][2075/2076]  Loss -0.3309 (-1.6474)  Time:  0.179 (0.016)  Data Time:  0.001 (0.004)
2022-04-08 06:16:17,583:INFO:   Eta: 0:42:43
2022-04-08 06:16:24,150:INFO: Valid: [173][529/530]  Loss -6.1281 (-4.3982)
2022-04-08 06:16:56,933:INFO: Train: [174][2075/2076]  Loss -0.4008 (-1.7478)  Time:  0.131 (0.016)  Data Time:  0.004 (0.004)
2022-04-08 06:16:56,934:INFO:   Eta: 0:41:29
2022-04-08 06:17:03,711:INFO: Valid: [174][529/530]  Loss -4.0770 (-2.9249)
2022-04-08 06:17:36,682:INFO: Train: [175][2075/2076]  Loss -0.3366 (-1.7648)  Time:  0.164 (0.016)  Data Time:  0.005 (0.004)
2022-04-08 06:17:36,683:INFO:   Eta: 0:40:58
2022-04-08 06:17:43,589:INFO: Valid: [175][529/530]  Loss -6.3867 (-4.4689)
2022-04-08 06:18:15,160:INFO: Train: [176][2075/2076]  Loss -0.4277 (-1.5616)  Time:  0.164 (0.015)  Data Time:  0.005 (0.004)
2022-04-08 06:18:15,161:INFO:   Eta: 0:38:54
2022-04-08 06:18:21,657:INFO: Valid: [176][529/530]  Loss -6.4923 (-4.5408)
2022-04-08 06:20:50,276:INFO: Test: [176]  ADE: 0.4582  FDE: 0.8289
2022-04-08 06:21:19,972:INFO: Train: [177][2075/2076]  Loss -0.4119 (-1.6258)  Time:  0.227 (0.014)  Data Time:  0.005 (0.004)
2022-04-08 06:21:19,975:INFO:   Eta: 0:36:04
2022-04-08 06:21:26,330:INFO: Valid: [177][529/530]  Loss -6.0212 (-4.2411)
2022-04-08 06:21:55,468:INFO: Train: [178][2075/2076]  Loss -0.2779 (-1.7750)  Time:  0.161 (0.014)  Data Time:  0.002 (0.004)
2022-04-08 06:21:55,470:INFO:   Eta: 0:34:56
2022-04-08 06:22:02,024:INFO: Valid: [178][529/530]  Loss -6.6606 (-4.6987)
2022-04-08 06:22:31,281:INFO: Train: [179][2075/2076]  Loss -0.4064 (-1.7207)  Time:  0.156 (0.014)  Data Time:  0.002 (0.004)
2022-04-08 06:22:31,283:INFO:   Eta: 0:34:35
2022-04-08 06:22:37,937:INFO: Valid: [179][529/530]  Loss -6.7215 (-4.7219)
2022-04-08 06:23:09,308:INFO: Train: [180][2075/2076]  Loss -0.3499 (-1.7677)  Time:  0.170 (0.015)  Data Time:  0.004 (0.004)
2022-04-08 06:23:09,309:INFO:   Eta: 0:36:34
2022-04-08 06:23:15,906:INFO: Valid: [180][529/530]  Loss -6.5899 (-4.6612)
2022-04-08 06:23:46,758:INFO: Train: [181][2075/2076]  Loss -0.3575 (-1.7353)  Time:  0.175 (0.015)  Data Time:  0.004 (0.004)
2022-04-08 06:23:46,759:INFO:   Eta: 0:35:27
2022-04-08 06:23:53,429:INFO: Valid: [181][529/530]  Loss -6.8605 (-4.8777)
2022-04-08 06:24:21,832:INFO: Train: [182][2075/2076]  Loss -0.3674 (-1.7794)  Time:  0.197 (0.014)  Data Time:  0.004 (0.003)
2022-04-08 06:24:21,833:INFO:   Eta: 0:32:09
2022-04-08 06:24:28,314:INFO: Valid: [182][529/530]  Loss -6.5373 (-4.5620)
2022-04-08 06:24:58,781:INFO: Train: [183][2075/2076]  Loss -0.3942 (-1.7149)  Time:  0.185 (0.015)  Data Time:  0.004 (0.004)
2022-04-08 06:24:58,783:INFO:   Eta: 0:33:59
2022-04-08 06:25:05,564:INFO: Valid: [183][529/530]  Loss -6.2509 (-4.4417)
2022-04-08 06:25:36,719:INFO: Train: [184][2075/2076]  Loss -0.4137 (-1.7559)  Time:  0.216 (0.015)  Data Time:  0.004 (0.004)
2022-04-08 06:25:36,721:INFO:   Eta: 0:34:14
2022-04-08 06:25:43,245:INFO: Valid: [184][529/530]  Loss -6.2587 (-4.4108)
2022-04-08 06:26:14,173:INFO: Train: [185][2075/2076]  Loss -0.4522 (-1.7343)  Time:  0.181 (0.015)  Data Time:  0.004 (0.004)
2022-04-08 06:26:14,173:INFO:   Eta: 0:33:28
2022-04-08 06:26:20,890:INFO: Valid: [185][529/530]  Loss -3.9511 (-3.0378)
2022-04-08 06:26:51,320:INFO: Train: [186][2075/2076]  Loss -0.3101 (-1.7387)  Time:  0.237 (0.015)  Data Time:  0.004 (0.004)
2022-04-08 06:26:51,321:INFO:   Eta: 0:32:26
2022-04-08 06:26:57,805:INFO: Valid: [186][529/530]  Loss -5.7342 (-4.1002)
2022-04-08 06:29:32,695:INFO: Test: [186]  ADE: 0.5492  FDE: 1.0378
2022-04-08 06:30:04,064:INFO: Train: [187][2075/2076]  Loss -0.4322 (-1.7520)  Time:  0.167 (0.015)  Data Time:  0.004 (0.004)
2022-04-08 06:30:04,065:INFO:   Eta: 0:32:53
2022-04-08 06:30:10,585:INFO: Valid: [187][529/530]  Loss -6.2829 (-4.4548)
2022-04-08 06:30:41,861:INFO: Train: [188][2075/2076]  Loss -0.3598 (-1.7411)  Time:  0.165 (0.015)  Data Time:  0.005 (0.004)
2022-04-08 06:30:41,863:INFO:   Eta: 0:32:17
2022-04-08 06:30:48,506:INFO: Valid: [188][529/530]  Loss -6.3959 (-4.5237)
2022-04-08 06:31:16,462:INFO: Train: [189][2075/2076]  Loss -0.4233 (-1.7833)  Time:  0.203 (0.013)  Data Time:  0.003 (0.003)
2022-04-08 06:31:16,464:INFO:   Eta: 0:28:23
2022-04-08 06:31:23,014:INFO: Valid: [189][529/530]  Loss -6.5823 (-4.6308)
2022-04-08 06:31:51,535:INFO: Train: [190][2075/2076]  Loss -0.4280 (-1.7477)  Time:  0.189 (0.014)  Data Time:  0.003 (0.003)
2022-04-08 06:31:51,536:INFO:   Eta: 0:28:30
2022-04-08 06:31:58,061:INFO: Valid: [190][529/530]  Loss -6.2294 (-4.3762)
2022-04-08 06:32:26,098:INFO: Train: [191][2075/2076]  Loss -0.4008 (-1.7381)  Time:  0.144 (0.013)  Data Time:  0.003 (0.003)
2022-04-08 06:32:26,100:INFO:   Eta: 0:27:32
2022-04-08 06:32:32,607:INFO: Valid: [191][529/530]  Loss -6.6454 (-4.6914)
2022-04-08 06:33:00,997:INFO: Train: [192][2075/2076]  Loss -0.4155 (-1.7796)  Time:  0.157 (0.014)  Data Time:  0.003 (0.003)
2022-04-08 06:33:00,999:INFO:   Eta: 0:27:25
2022-04-08 06:33:07,587:INFO: Valid: [192][529/530]  Loss -6.2971 (-4.4581)
2022-04-08 06:33:33,444:INFO: Train: [193][2075/2076]  Loss -0.3636 (-1.7187)  Time:  0.145 (0.012)  Data Time:  0.002 (0.002)
2022-04-08 06:33:33,445:INFO:   Eta: 0:24:32
2022-04-08 06:33:40,088:INFO: Valid: [193][529/530]  Loss -6.3774 (-4.5101)
2022-04-08 06:34:04,917:INFO: Train: [194][2075/2076]  Loss -0.3400 (-1.7782)  Time:  0.142 (0.012)  Data Time:  0.002 (0.002)
2022-04-08 06:34:04,919:INFO:   Eta: 0:23:09
2022-04-08 06:34:11,484:INFO: Valid: [194][529/530]  Loss -6.3489 (-4.4914)
2022-04-08 06:34:37,173:INFO: Train: [195][2075/2076]  Loss -0.4386 (-1.7588)  Time:  0.175 (0.012)  Data Time:  0.003 (0.002)
2022-04-08 06:34:37,176:INFO:   Eta: 0:23:31
2022-04-08 06:34:43,784:INFO: Valid: [195][529/530]  Loss -6.1599 (-4.3471)
2022-04-08 06:35:10,165:INFO: Train: [196][2075/2076]  Loss -0.4151 (-1.6375)  Time:  0.160 (0.013)  Data Time:  0.000 (0.002)
2022-04-08 06:35:10,168:INFO:   Eta: 0:23:43
2022-04-08 06:35:16,708:INFO: Valid: [196][529/530]  Loss -6.4463 (-4.5420)
2022-04-08 06:37:45,123:INFO: Test: [196]  ADE: 0.4754  FDE: 0.8755
2022-04-08 06:38:09,348:INFO: Train: [197][2075/2076]  Loss -0.3859 (-1.6499)  Time:  0.158 (0.012)  Data Time:  0.003 (0.002)
2022-04-08 06:38:09,445:INFO:   Eta: 0:21:21
2022-04-08 06:38:16,025:INFO: Valid: [197][529/530]  Loss -6.5298 (-4.6055)
2022-04-08 06:38:40,813:INFO: Train: [198][2075/2076]  Loss -0.3593 (-1.7678)  Time:  0.153 (0.012)  Data Time:  0.002 (0.002)
2022-04-08 06:38:40,815:INFO:   Eta: 0:21:27
2022-04-08 06:38:46,928:INFO: Valid: [198][529/530]  Loss -6.5210 (-4.6347)
2022-04-08 06:39:11,421:INFO: Train: [199][2075/2076]  Loss -0.4277 (-1.7946)  Time:  0.194 (0.012)  Data Time:  0.002 (0.002)
2022-04-08 06:39:11,423:INFO:   Eta: 0:20:47
2022-04-08 06:39:17,865:INFO: Valid: [199][529/530]  Loss -4.0185 (-3.0965)
2022-04-08 06:39:42,509:INFO: Train: [200][2075/2076]  Loss -0.3844 (-1.7846)  Time:  0.193 (0.012)  Data Time:  0.001 (0.002)
2022-04-08 06:39:42,513:INFO:   Eta: 0:20:31
2022-04-08 06:39:49,111:INFO: Valid: [200][529/530]  Loss -6.2215 (-4.4290)
2022-04-08 06:40:13,921:INFO: Train: [201][2075/2076]  Loss -0.3942 (-1.6459)  Time:  0.158 (0.012)  Data Time:  0.003 (0.002)
2022-04-08 06:40:13,923:INFO:   Eta: 0:20:14
2022-04-08 06:40:20,711:INFO: Valid: [201][529/530]  Loss -6.7324 (-4.7663)
2022-04-08 06:40:45,230:INFO: Train: [202][2075/2076]  Loss -0.3398 (-1.7530)  Time:  0.153 (0.012)  Data Time:  0.002 (0.002)
2022-04-08 06:40:45,232:INFO:   Eta: 0:19:35
2022-04-08 06:40:52,084:INFO: Valid: [202][529/530]  Loss -6.5069 (-4.6280)
2022-04-08 06:41:16,456:INFO: Train: [203][2075/2076]  Loss -0.3522 (-1.7500)  Time:  0.153 (0.012)  Data Time:  0.003 (0.002)
2022-04-08 06:41:16,458:INFO:   Eta: 0:19:04
2022-04-08 06:41:23,169:INFO: Valid: [203][529/530]  Loss -6.9580 (-4.8672)
2022-04-08 06:41:47,975:INFO: Train: [204][2075/2076]  Loss -0.4133 (-1.6882)  Time:  0.155 (0.012)  Data Time:  0.002 (0.002)
2022-04-08 06:41:47,976:INFO:   Eta: 0:19:00
2022-04-08 06:41:54,599:INFO: Valid: [204][529/530]  Loss -6.4605 (-4.5707)
2022-04-08 06:42:19,761:INFO: Train: [205][2075/2076]  Loss -0.3524 (-1.7872)  Time:  0.156 (0.012)  Data Time:  0.001 (0.002)
2022-04-08 06:42:19,763:INFO:   Eta: 0:18:51
2022-04-08 06:42:26,381:INFO: Valid: [205][529/530]  Loss -5.9266 (-4.1367)
2022-04-08 06:42:51,117:INFO: Train: [206][2075/2076]  Loss -0.4073 (-1.6940)  Time:  0.174 (0.012)  Data Time:  0.002 (0.002)
2022-04-08 06:42:51,118:INFO:   Eta: 0:18:07
2022-04-08 06:42:57,522:INFO: Valid: [206][529/530]  Loss -6.1442 (-4.3460)
2022-04-08 06:45:18,104:INFO: Test: [206]  ADE: 0.4635  FDE: 0.8316
2022-04-08 06:45:42,717:INFO: Train: [207][2075/2076]  Loss -0.3560 (-1.8014)  Time:  0.190 (0.012)  Data Time:  0.002 (0.002)
2022-04-08 06:45:42,719:INFO:   Eta: 0:17:36
2022-04-08 06:45:49,184:INFO: Valid: [207][529/530]  Loss -5.3429 (-3.8488)
2022-04-08 06:46:13,917:INFO: Train: [208][2075/2076]  Loss -0.3565 (-1.7914)  Time:  0.149 (0.012)  Data Time:  0.002 (0.002)
2022-04-08 06:46:13,919:INFO:   Eta: 0:17:17
2022-04-08 06:46:20,611:INFO: Valid: [208][529/530]  Loss -6.7820 (-4.7482)
2022-04-08 06:46:45,370:INFO: Train: [209][2075/2076]  Loss -0.3460 (-1.6950)  Time:  0.153 (0.012)  Data Time:  0.002 (0.002)
2022-04-08 06:46:45,372:INFO:   Eta: 0:16:54
2022-04-08 06:46:51,753:INFO: Valid: [209][529/530]  Loss -6.3608 (-4.4947)
2022-04-08 06:47:16,803:INFO: Train: [210][2075/2076]  Loss -0.3772 (-1.6914)  Time:  0.152 (0.012)  Data Time:  0.003 (0.002)
2022-04-08 06:47:16,805:INFO:   Eta: 0:16:41
2022-04-08 06:47:23,631:INFO: Valid: [210][529/530]  Loss -5.7210 (-4.0685)
2022-04-08 06:47:48,146:INFO: Train: [211][2075/2076]  Loss -0.4334 (-1.7509)  Time:  0.172 (0.012)  Data Time:  0.002 (0.002)
2022-04-08 06:47:48,151:INFO:   Eta: 0:15:55
2022-04-08 06:47:54,937:INFO: Valid: [211][529/530]  Loss -4.3249 (-3.2939)
2022-04-08 06:48:19,655:INFO: Train: [212][2075/2076]  Loss -0.3978 (-1.7509)  Time:  0.152 (0.012)  Data Time:  0.002 (0.002)
2022-04-08 06:48:19,656:INFO:   Eta: 0:15:38
2022-04-08 06:48:26,200:INFO: Valid: [212][529/530]  Loss -6.5535 (-4.6115)
2022-04-08 06:48:50,383:INFO: Train: [213][2075/2076]  Loss -0.4310 (-1.7854)  Time:  0.149 (0.012)  Data Time:  0.000 (0.002)
2022-04-08 06:48:50,426:INFO:   Eta: 0:14:53
2022-04-08 06:48:57,057:INFO: Valid: [213][529/530]  Loss -6.3222 (-4.4490)
2022-04-08 06:49:17,903:INFO: Train: [214][2075/2076]  Loss -0.3575 (-1.7520)  Time:  0.113 (0.010)  Data Time:  0.002 (0.001)
2022-04-08 06:49:17,904:INFO:   Eta: 0:12:29
2022-04-08 06:49:23,862:INFO: Valid: [214][529/530]  Loss -6.1500 (-4.3661)
2022-04-08 06:49:45,573:INFO: Train: [215][2075/2076]  Loss -0.3854 (-1.7403)  Time:  0.137 (0.010)  Data Time:  0.002 (0.001)
2022-04-08 06:49:45,575:INFO:   Eta: 0:12:16
2022-04-08 06:49:51,863:INFO: Valid: [215][529/530]  Loss -5.9968 (-4.2068)
2022-04-08 06:50:13,135:INFO: Train: [216][2075/2076]  Loss -0.2459 (-1.6821)  Time:  0.135 (0.010)  Data Time:  0.002 (0.001)
2022-04-08 06:50:13,137:INFO:   Eta: 0:12:02
2022-04-08 06:50:19,346:INFO: Valid: [216][529/530]  Loss -6.9528 (-4.9063)
2022-04-08 06:52:33,477:INFO: Test: [216]  ADE: 0.4626  FDE: 0.8487
2022-04-08 06:52:52,273:INFO: Train: [217][2075/2076]  Loss -0.4019 (-1.7719)  Time:  0.145 (0.009)  Data Time:  0.000 (0.000)
2022-04-08 06:52:52,274:INFO:   Eta: 0:10:19
2022-04-08 06:52:58,138:INFO: Valid: [217][529/530]  Loss -6.1794 (-4.3595)
2022-04-08 06:53:17,103:INFO: Train: [218][2075/2076]  Loss -0.3849 (-1.8115)  Time:  0.126 (0.009)  Data Time:  0.000 (0.000)
2022-04-08 06:53:17,104:INFO:   Eta: 0:10:06
2022-04-08 06:53:23,048:INFO: Valid: [218][529/530]  Loss -6.2516 (-4.4810)
2022-04-08 06:53:42,137:INFO: Train: [219][2075/2076]  Loss -0.4220 (-1.6601)  Time:  0.128 (0.009)  Data Time:  0.000 (0.000)
2022-04-08 06:53:42,139:INFO:   Eta: 0:09:51
2022-04-08 06:53:48,165:INFO: Valid: [219][529/530]  Loss -6.6220 (-4.6415)
2022-04-08 06:54:07,048:INFO: Train: [220][2075/2076]  Loss -0.3394 (-1.6955)  Time:  0.121 (0.009)  Data Time:  0.000 (0.000)
2022-04-08 06:54:07,050:INFO:   Eta: 0:09:25
2022-04-08 06:54:13,178:INFO: Valid: [220][529/530]  Loss -6.4959 (-4.6171)
2022-04-08 06:54:32,241:INFO: Train: [221][2075/2076]  Loss -0.3593 (-1.7553)  Time:  0.113 (0.009)  Data Time:  0.000 (0.000)
2022-04-08 06:54:32,244:INFO:   Eta: 0:09:12
2022-04-08 06:54:38,135:INFO: Valid: [221][529/530]  Loss -6.1731 (-4.3849)
2022-04-08 06:54:57,119:INFO: Train: [222][2075/2076]  Loss -0.3233 (-1.6962)  Time:  0.115 (0.009)  Data Time:  0.000 (0.000)
2022-04-08 06:54:57,120:INFO:   Eta: 0:08:51
