2022-05-13 04:12:35,392:INFO: batch_size=128
2022-05-13 04:12:35,392:INFO: clip_grad=None
2022-05-13 04:12:35,392:INFO: dataset=zara1
2022-05-13 04:12:35,392:INFO: dict_kernel_size=3
2022-05-13 04:12:35,392:INFO: drop=0.0
2022-05-13 04:12:35,392:INFO: gpu_num=3
2022-05-13 04:12:35,392:INFO: ilr=0.02
2022-05-13 04:12:35,393:INFO: init=kmeans
2022-05-13 04:12:35,393:INFO: input_size=2
2022-05-13 04:12:35,393:INFO: kernel_size=3
2022-05-13 04:12:35,393:INFO: log_dir=./runs/9-2xlr
2022-05-13 04:12:35,393:INFO: lr=0.01
2022-05-13 04:12:35,393:INFO: lr_sh_rate=150
2022-05-13 04:12:35,393:INFO: model=social_stgcnn9
2022-05-13 04:12:35,393:INFO: n_stgcnn=1
2022-05-13 04:12:35,393:INFO: n_txpcnn=5
2022-05-13 04:12:35,393:INFO: name=9-2xlr
2022-05-13 04:12:35,393:INFO: num_epochs=250
2022-05-13 04:12:35,393:INFO: obs_seq_len=8
2022-05-13 04:12:35,393:INFO: output_size=5
2022-05-13 04:12:35,393:INFO: pred_seq_len=12
2022-05-13 04:12:35,393:INFO: seed=0
2022-05-13 04:12:35,394:INFO: tag=zara1
2022-05-13 04:12:35,394:INFO: use_lrschd=True
2022-05-13 04:12:35,394:INFO: ******************************
2022-05-13 04:12:35,394:INFO: Training initiating....
2022-05-13 04:12:35,394:INFO: Namespace(model='social_stgcnn9', name='9-2xlr', input_size=2, output_size=5, n_stgcnn=1, n_txpcnn=5, kernel_size=3, obs_seq_len=8, pred_seq_len=12, dataset='zara1', batch_size=128, num_epochs=250, clip_grad=None, lr=0.01, ilr=0.02, lr_sh_rate=150, use_lrschd=True, tag='zara1', log_dir='./runs/9-2xlr', seed=0, gpu_num='3', drop=0.0, init='kmeans', dict_kernel_size=3)
2022-05-13 04:12:35,717:INFO: Initializing train dataset
2022-05-13 04:12:46,967:INFO: batch_size=128
2022-05-13 04:12:46,968:INFO: clip_grad=None
2022-05-13 04:12:46,968:INFO: dataset=zara1
2022-05-13 04:12:46,968:INFO: dict_kernel_size=3
2022-05-13 04:12:46,968:INFO: drop=0.0
2022-05-13 04:12:46,968:INFO: gpu_num=3
2022-05-13 04:12:46,968:INFO: ilr=0.02
2022-05-13 04:12:46,968:INFO: init=kmeans
2022-05-13 04:12:46,968:INFO: input_size=2
2022-05-13 04:12:46,968:INFO: kernel_size=3
2022-05-13 04:12:46,968:INFO: log_dir=./runs/9-2xlr
2022-05-13 04:12:46,968:INFO: lr=0.01
2022-05-13 04:12:46,968:INFO: lr_sh_rate=150
2022-05-13 04:12:46,969:INFO: model=social_stgcnn9
2022-05-13 04:12:46,969:INFO: n_stgcnn=1
2022-05-13 04:12:46,969:INFO: n_txpcnn=5
2022-05-13 04:12:46,969:INFO: name=9-2xlr
2022-05-13 04:12:46,969:INFO: num_epochs=250
2022-05-13 04:12:46,969:INFO: obs_seq_len=8
2022-05-13 04:12:46,969:INFO: output_size=5
2022-05-13 04:12:46,969:INFO: pred_seq_len=12
2022-05-13 04:12:46,969:INFO: seed=0
2022-05-13 04:12:46,969:INFO: tag=zara1
2022-05-13 04:12:46,969:INFO: use_lrschd=True
2022-05-13 04:12:46,969:INFO: ******************************
2022-05-13 04:12:46,969:INFO: Training initiating....
2022-05-13 04:12:46,970:INFO: Namespace(model='social_stgcnn9', name='9-2xlr', input_size=2, output_size=5, n_stgcnn=1, n_txpcnn=5, kernel_size=3, obs_seq_len=8, pred_seq_len=12, dataset='zara1', batch_size=128, num_epochs=250, clip_grad=None, lr=0.01, ilr=0.02, lr_sh_rate=150, use_lrschd=True, tag='zara1', log_dir='./runs/9-2xlr', seed=0, gpu_num='3', drop=0.0, init='kmeans', dict_kernel_size=3)
2022-05-13 04:12:47,160:INFO: Initializing train dataset
2022-05-13 04:13:06,149:INFO: Initializing val dataset
2022-05-13 04:13:21,234:INFO: Initializing val dataset
2022-05-13 04:13:24,831:INFO: social_stgcnn9
2022-05-13 04:13:24,832:INFO: 0.01
2022-05-13 04:13:24,832:INFO: 0.01
2022-05-13 04:13:24,832:INFO: 0.01
2022-05-13 04:13:24,832:INFO: 0.02
2022-05-13 04:13:24,832:INFO: Data and model loaded
2022-05-13 04:13:24,832:INFO: Checkpoint dir: ./runs/9-2xlr/zara1/checkpoint
2022-05-13 04:13:24,832:INFO: Training started ...
2022-05-13 04:13:38,383:INFO: social_stgcnn9
2022-05-13 04:13:38,385:INFO: 0.01
2022-05-13 04:13:38,385:INFO: 0.01
2022-05-13 04:13:38,385:INFO: 0.01
2022-05-13 04:13:38,385:INFO: 0.02
2022-05-13 04:13:38,385:INFO: Data and model loaded
2022-05-13 04:13:38,385:INFO: Checkpoint dir: ./runs/9-2xlr/zara1/checkpoint
2022-05-13 04:13:38,385:INFO: Training started ...
2022-05-13 04:14:45,526:INFO: Train: [0][2321/2322]  Loss 0.1204 (1.3605)  Time:  0.086 (0.029)  Data Time:  0.000 (0.011)
2022-05-13 04:14:45,526:INFO:   Eta: 4:39:40
2022-05-13 04:15:44,489:INFO: Train: [1][2321/2322]  Loss 0.0554 (0.6318)  Time:  0.325 (0.025)  Data Time:  0.022 (0.009)
2022-05-13 04:15:44,490:INFO:   Eta: 4:04:07
2022-05-13 04:17:17,180:INFO: Train: [2][2321/2322]  Loss 0.0072 (0.4388)  Time:  0.353 (0.040)  Data Time:  0.021 (0.018)
2022-05-13 04:17:17,181:INFO:   Eta: 6:22:37
2022-05-13 04:18:49,348:INFO: Train: [3][2321/2322]  Loss -0.0026 (0.3982)  Time:  0.325 (0.040)  Data Time:  0.022 (0.017)
2022-05-13 04:18:49,349:INFO:   Eta: 6:18:39
2022-05-13 04:20:22,095:INFO: Train: [4][2321/2322]  Loss 0.0679 (0.1054)  Time:  0.321 (0.040)  Data Time:  0.021 (0.017)
2022-05-13 04:20:22,096:INFO:   Eta: 6:19:45
2022-05-13 04:21:55,906:INFO: Train: [5][2321/2322]  Loss -0.0356 (-0.0968)  Time:  0.317 (0.040)  Data Time:  0.022 (0.018)
2022-05-13 04:21:55,907:INFO:   Eta: 6:22:32
2022-05-13 04:23:29,702:INFO: Train: [6][2321/2322]  Loss -0.0280 (0.0218)  Time:  0.325 (0.040)  Data Time:  0.021 (0.017)
2022-05-13 04:23:29,704:INFO:   Eta: 6:20:55
2022-05-13 04:25:03,453:INFO: Train: [7][2321/2322]  Loss -0.0540 (-0.1374)  Time:  0.307 (0.040)  Data Time:  0.021 (0.018)
2022-05-13 04:25:03,454:INFO:   Eta: 6:19:09
2022-05-13 04:26:36,633:INFO: Train: [8][2321/2322]  Loss -0.0332 (-0.1217)  Time:  0.294 (0.040)  Data Time:  0.022 (0.017)
2022-05-13 04:26:36,634:INFO:   Eta: 6:15:20
2022-05-13 04:28:05,055:INFO: Train: [9][2321/2322]  Loss -0.0894 (-0.2757)  Time:  0.119 (0.038)  Data Time:  0.000 (0.016)
2022-05-13 04:28:05,056:INFO:   Eta: 5:54:39
2022-05-13 04:28:41,790:INFO: Train: [10][2321/2322]  Loss -0.0448 (-0.1725)  Time:  0.359 (0.016)  Data Time:  0.019 (0.002)
2022-05-13 04:28:41,794:INFO:   Eta: 2:26:22
2022-05-13 04:30:25,196:INFO: Train: [11][2321/2322]  Loss -0.0231 (-0.3114)  Time:  0.347 (0.044)  Data Time:  0.022 (0.019)
2022-05-13 04:30:25,197:INFO:   Eta: 6:51:17
2022-05-13 04:32:08,053:INFO: Train: [12][2321/2322]  Loss -0.0763 (-0.3898)  Time:  0.268 (0.044)  Data Time:  0.016 (0.019)
2022-05-13 04:32:08,054:INFO:   Eta: 6:47:25
2022-05-13 04:33:48,138:INFO: Train: [13][2321/2322]  Loss -0.0909 (-0.4748)  Time:  0.366 (0.043)  Data Time:  0.008 (0.018)
2022-05-13 04:33:48,139:INFO:   Eta: 6:34:48
2022-05-13 04:35:29,149:INFO: Train: [14][2321/2322]  Loss -0.0207 (-0.4403)  Time:  0.332 (0.043)  Data Time:  0.015 (0.019)
2022-05-13 04:35:29,150:INFO:   Eta: 6:36:35
2022-05-13 04:37:08,977:INFO: Train: [15][2321/2322]  Loss -0.0922 (-0.4736)  Time:  0.329 (0.043)  Data Time:  0.001 (0.019)
2022-05-13 04:37:08,978:INFO:   Eta: 6:30:27
2022-05-13 04:38:48,816:INFO: Train: [16][2321/2322]  Loss -0.0244 (-0.4893)  Time:  0.319 (0.043)  Data Time:  0.021 (0.018)
2022-05-13 04:38:48,817:INFO:   Eta: 6:28:51
2022-05-13 04:40:28,502:INFO: Train: [17][2321/2322]  Loss -0.0986 (-0.5115)  Time:  0.331 (0.043)  Data Time:  0.022 (0.018)
2022-05-13 04:40:28,503:INFO:   Eta: 6:26:33
2022-05-13 04:41:45,338:INFO: Train: [18][2321/2322]  Loss -0.0994 (-0.6022)  Time:  0.086 (0.033)  Data Time:  0.000 (0.013)
2022-05-13 04:41:45,339:INFO:   Eta: 4:56:36
2022-05-13 04:42:40,245:INFO: Train: [19][2321/2322]  Loss -0.0076 (-0.6363)  Time:  0.296 (0.024)  Data Time:  0.021 (0.007)
2022-05-13 04:42:40,246:INFO:   Eta: 3:30:56
2022-05-13 04:44:01,591:INFO: Train: [20][2321/2322]  Loss -0.0799 (-0.6325)  Time:  0.301 (0.035)  Data Time:  0.015 (0.013)
2022-05-13 04:44:01,593:INFO:   Eta: 5:11:18
2022-05-13 04:45:25,045:INFO: Train: [21][2321/2322]  Loss -0.1108 (-0.6433)  Time:  0.287 (0.036)  Data Time:  0.021 (0.014)
2022-05-13 04:45:25,046:INFO:   Eta: 5:18:01
2022-05-13 04:47:00,807:INFO: Train: [22][2321/2322]  Loss -0.1338 (-0.6353)  Time:  0.293 (0.041)  Data Time:  0.020 (0.018)
2022-05-13 04:47:00,808:INFO:   Eta: 6:03:21
2022-05-13 04:48:37,519:INFO: Train: [23][2321/2322]  Loss -0.0667 (-0.7063)  Time:  0.338 (0.042)  Data Time:  0.022 (0.018)
2022-05-13 04:48:37,521:INFO:   Eta: 6:05:24
2022-05-13 04:50:14,391:INFO: Train: [24][2321/2322]  Loss -0.1018 (-0.8074)  Time:  0.295 (0.042)  Data Time:  0.023 (0.018)
2022-05-13 04:50:14,393:INFO:   Eta: 6:04:24
2022-05-13 04:51:51,055:INFO: Train: [25][2321/2322]  Loss -0.0541 (-0.8474)  Time:  0.271 (0.042)  Data Time:  0.001 (0.018)
2022-05-13 04:51:51,057:INFO:   Eta: 6:02:00
2022-05-13 04:53:27,318:INFO: Train: [26][2321/2322]  Loss -0.1523 (-0.8436)  Time:  0.311 (0.041)  Data Time:  0.021 (0.018)
2022-05-13 04:53:27,320:INFO:   Eta: 5:58:54
2022-05-13 04:54:56,032:INFO: Train: [27][2321/2322]  Loss -0.1313 (-0.7679)  Time:  0.088 (0.038)  Data Time:  0.000 (0.016)
2022-05-13 04:54:56,033:INFO:   Eta: 5:29:10
2022-05-13 04:55:36,189:INFO: Train: [28][2321/2322]  Loss -0.1099 (-0.7718)  Time:  0.329 (0.017)  Data Time:  0.019 (0.004)
2022-05-13 04:55:36,191:INFO:   Eta: 2:28:09
2022-05-13 04:56:48,718:INFO: Train: [29][2321/2322]  Loss -0.1238 (-0.8241)  Time:  0.337 (0.031)  Data Time:  0.009 (0.011)
2022-05-13 04:56:48,719:INFO:   Eta: 4:26:40
2022-05-13 04:58:00,332:INFO: Train: [30][2321/2322]  Loss -0.0779 (-0.8272)  Time:  0.266 (0.031)  Data Time:  0.000 (0.011)
2022-05-13 04:58:00,334:INFO:   Eta: 4:22:05
2022-05-13 04:59:08,792:INFO: Train: [31][2321/2322]  Loss -0.1347 (-0.7485)  Time:  0.243 (0.029)  Data Time:  0.000 (0.009)
2022-05-13 04:59:08,793:INFO:   Eta: 4:09:17
2022-05-13 05:00:34,867:INFO: Train: [32][2321/2322]  Loss -0.1316 (-0.8773)  Time:  0.133 (0.037)  Data Time:  0.000 (0.014)
2022-05-13 05:00:34,868:INFO:   Eta: 5:12:15
2022-05-13 05:01:40,845:INFO: Train: [33][2321/2322]  Loss -0.1460 (-0.9376)  Time:  0.172 (0.028)  Data Time:  0.020 (0.009)
2022-05-13 05:01:40,846:INFO:   Eta: 3:58:07
2022-05-13 05:02:57,472:INFO: Train: [34][2321/2322]  Loss -0.0927 (-0.8492)  Time:  0.128 (0.033)  Data Time:  0.000 (0.012)
2022-05-13 05:02:57,473:INFO:   Eta: 4:35:23
2022-05-13 05:04:13,411:INFO: Train: [35][2321/2322]  Loss -0.0259 (-0.8294)  Time:  0.119 (0.033)  Data Time:  0.000 (0.011)
2022-05-13 05:04:13,413:INFO:   Eta: 4:31:38
2022-05-13 05:05:37,661:INFO: Train: [36][2321/2322]  Loss -0.0683 (-0.9681)  Time:  0.137 (0.036)  Data Time:  0.001 (0.014)
2022-05-13 05:05:37,662:INFO:   Eta: 4:59:56
2022-05-13 05:06:57,861:INFO: Train: [37][2321/2322]  Loss -0.0698 (-0.7999)  Time:  0.319 (0.034)  Data Time:  0.022 (0.013)
2022-05-13 05:06:57,862:INFO:   Eta: 4:44:16
2022-05-13 05:08:13,526:INFO: Train: [38][2321/2322]  Loss -0.1340 (-0.9495)  Time:  0.117 (0.033)  Data Time:  0.000 (0.013)
2022-05-13 05:08:13,527:INFO:   Eta: 4:26:47
2022-05-13 05:08:47,428:INFO: Train: [39][2321/2322]  Loss -0.1625 (-0.9485)  Time:  0.347 (0.015)  Data Time:  0.022 (0.003)
2022-05-13 05:08:47,429:INFO:   Eta: 1:58:46
2022-05-13 05:09:59,183:INFO: Train: [40][2321/2322]  Loss -0.0832 (-0.8917)  Time:  0.154 (0.031)  Data Time:  0.000 (0.011)
2022-05-13 05:09:59,184:INFO:   Eta: 4:10:37
2022-05-13 05:11:20,271:INFO: Train: [41][2321/2322]  Loss -0.1770 (-0.9576)  Time:  0.290 (0.035)  Data Time:  0.020 (0.013)
2022-05-13 05:11:20,272:INFO:   Eta: 4:42:02
2022-05-13 05:12:57,917:INFO: Train: [42][2321/2322]  Loss -0.1115 (-1.0326)  Time:  0.310 (0.042)  Data Time:  0.020 (0.018)
2022-05-13 05:12:57,918:INFO:   Eta: 5:38:01
2022-05-13 05:14:35,741:INFO: Train: [43][2321/2322]  Loss -0.1758 (-0.9639)  Time:  0.305 (0.042)  Data Time:  0.010 (0.018)
2022-05-13 05:14:35,742:INFO:   Eta: 5:36:58
2022-05-13 05:16:14,015:INFO: Train: [44][2321/2322]  Loss -0.1699 (-1.0526)  Time:  0.323 (0.042)  Data Time:  0.022 (0.018)
2022-05-13 05:16:14,016:INFO:   Eta: 5:36:53
2022-05-13 05:17:52,201:INFO: Train: [45][2321/2322]  Loss -0.1104 (-1.0377)  Time:  0.365 (0.042)  Data Time:  0.020 (0.018)
2022-05-13 05:17:52,202:INFO:   Eta: 5:34:56
2022-05-13 05:19:30,940:INFO: Train: [46][2321/2322]  Loss -0.1174 (-1.0353)  Time:  0.302 (0.042)  Data Time:  0.019 (0.018)
2022-05-13 05:19:30,941:INFO:   Eta: 5:35:15
2022-05-13 05:21:07,895:INFO: Train: [47][2321/2322]  Loss -0.1593 (-1.0485)  Time:  0.347 (0.042)  Data Time:  0.021 (0.018)
2022-05-13 05:21:07,896:INFO:   Eta: 5:27:31
2022-05-13 05:21:50,188:INFO: Train: [48][2321/2322]  Loss -0.1134 (-1.0981)  Time:  0.148 (0.018)  Data Time:  0.001 (0.005)
2022-05-13 05:21:50,189:INFO:   Eta: 2:21:59
2022-05-13 05:22:23,845:INFO: Train: [49][2321/2322]  Loss -0.1713 (-0.9911)  Time:  0.092 (0.014)  Data Time:  0.001 (0.003)
2022-05-13 05:22:23,847:INFO:   Eta: 1:52:18
2022-05-13 05:24:03,978:INFO: Train: [50][2321/2322]  Loss -0.1321 (-0.9489)  Time:  0.371 (0.043)  Data Time:  0.026 (0.017)
2022-05-13 05:24:03,980:INFO:   Eta: 5:33:02
2022-05-13 05:25:46,103:INFO: Train: [51][2321/2322]  Loss -0.1793 (-0.9545)  Time:  0.349 (0.044)  Data Time:  0.022 (0.019)
2022-05-13 05:25:46,104:INFO:   Eta: 5:38:16
2022-05-13 05:27:26,256:INFO: Train: [52][2321/2322]  Loss -0.1803 (-1.0373)  Time:  0.357 (0.043)  Data Time:  0.022 (0.019)
2022-05-13 05:27:26,259:INFO:   Eta: 5:30:04
2022-05-13 05:29:07,500:INFO: Train: [53][2321/2322]  Loss -0.1770 (-1.1081)  Time:  0.345 (0.044)  Data Time:  0.023 (0.019)
2022-05-13 05:29:07,502:INFO:   Eta: 5:31:59
2022-05-13 05:30:47,184:INFO: Train: [54][2321/2322]  Loss -0.1871 (-1.1288)  Time:  0.340 (0.043)  Data Time:  0.021 (0.018)
2022-05-13 05:30:47,185:INFO:   Eta: 5:25:11
2022-05-13 05:32:27,840:INFO: Train: [55][2321/2322]  Loss -0.1588 (-1.0138)  Time:  0.271 (0.043)  Data Time:  0.021 (0.019)
2022-05-13 05:32:27,841:INFO:   Eta: 5:26:40
2022-05-13 05:34:07,725:INFO: Train: [56][2321/2322]  Loss -0.1339 (-1.1794)  Time:  0.272 (0.043)  Data Time:  0.021 (0.018)
2022-05-13 05:34:07,726:INFO:   Eta: 5:22:24
2022-05-13 05:35:45,410:INFO: Train: [57][2321/2322]  Loss -0.1647 (-1.2369)  Time:  0.139 (0.042)  Data Time:  0.001 (0.018)
2022-05-13 05:35:45,411:INFO:   Eta: 5:13:45
2022-05-13 05:36:25,581:INFO: Train: [58][2321/2322]  Loss -0.1844 (-1.0828)  Time:  0.311 (0.017)  Data Time:  0.020 (0.004)
2022-05-13 05:36:25,583:INFO:   Eta: 2:08:11
2022-05-13 05:37:59,262:INFO: Train: [59][2321/2322]  Loss -0.1708 (-1.1916)  Time:  0.351 (0.040)  Data Time:  0.023 (0.017)
2022-05-13 05:37:59,263:INFO:   Eta: 4:57:46
2022-05-13 05:39:35,126:INFO: Train: [60][2321/2322]  Loss -0.1605 (-1.1236)  Time:  0.306 (0.041)  Data Time:  0.023 (0.018)
2022-05-13 05:39:35,128:INFO:   Eta: 5:03:01
2022-05-13 05:41:10,386:INFO: Train: [61][2321/2322]  Loss -0.1670 (-1.2209)  Time:  0.231 (0.041)  Data Time:  0.022 (0.018)
2022-05-13 05:41:10,387:INFO:   Eta: 4:59:41
2022-05-13 05:42:47,000:INFO: Train: [62][2321/2322]  Loss -0.1738 (-1.1617)  Time:  0.335 (0.042)  Data Time:  0.013 (0.018)
2022-05-13 05:42:47,002:INFO:   Eta: 5:02:10
2022-05-13 05:44:22,486:INFO: Train: [63][2321/2322]  Loss -0.1601 (-0.9748)  Time:  0.307 (0.041)  Data Time:  0.022 (0.018)
2022-05-13 05:44:22,488:INFO:   Eta: 4:57:10
2022-05-13 05:45:51,692:INFO: Train: [64][2321/2322]  Loss -0.1149 (-1.1707)  Time:  0.318 (0.038)  Data Time:  0.023 (0.015)
2022-05-13 05:45:51,694:INFO:   Eta: 4:36:06
2022-05-13 05:47:25,509:INFO: Train: [65][2321/2322]  Loss -0.1581 (-1.1513)  Time:  0.302 (0.040)  Data Time:  0.015 (0.017)
2022-05-13 05:47:25,510:INFO:   Eta: 4:48:50
2022-05-13 05:49:00,723:INFO: Train: [66][2321/2322]  Loss -0.1754 (-1.2508)  Time:  0.310 (0.041)  Data Time:  0.000 (0.018)
2022-05-13 05:49:00,724:INFO:   Eta: 4:51:36
2022-05-13 05:49:36,165:INFO: Train: [67][2321/2322]  Loss -0.1324 (-1.2103)  Time:  0.349 (0.015)  Data Time:  0.022 (0.003)
2022-05-13 05:49:36,167:INFO:   Eta: 1:47:43
2022-05-13 05:51:07,827:INFO: Train: [68][2321/2322]  Loss -0.1275 (-1.2383)  Time:  0.335 (0.039)  Data Time:  0.022 (0.014)
2022-05-13 05:51:07,828:INFO:   Eta: 4:37:35
2022-05-13 05:52:50,794:INFO: Train: [69][2321/2322]  Loss -0.1835 (-1.1892)  Time:  0.324 (0.044)  Data Time:  0.021 (0.019)
2022-05-13 05:52:50,795:INFO:   Eta: 5:10:11
2022-05-13 05:54:32,271:INFO: Train: [70][2321/2322]  Loss -0.1789 (-1.1677)  Time:  0.302 (0.044)  Data Time:  0.022 (0.019)
2022-05-13 05:54:32,272:INFO:   Eta: 5:04:03
2022-05-13 05:56:13,054:INFO: Train: [71][2321/2322]  Loss -0.1717 (-1.2051)  Time:  0.306 (0.043)  Data Time:  0.016 (0.019)
2022-05-13 05:56:13,055:INFO:   Eta: 5:00:07
2022-05-13 05:57:52,963:INFO: Train: [72][2321/2322]  Loss -0.1591 (-1.1519)  Time:  0.331 (0.043)  Data Time:  0.021 (0.019)
2022-05-13 05:57:52,964:INFO:   Eta: 4:55:59
2022-05-13 05:59:32,825:INFO: Train: [73][2321/2322]  Loss -0.1980 (-1.0900)  Time:  0.324 (0.043)  Data Time:  0.020 (0.019)
2022-05-13 05:59:32,827:INFO:   Eta: 4:54:12
2022-05-13 06:01:12,995:INFO: Train: [74][2321/2322]  Loss -0.1492 (-1.1709)  Time:  0.304 (0.043)  Data Time:  0.021 (0.018)
2022-05-13 06:01:12,996:INFO:   Eta: 4:53:20
2022-05-13 06:02:46,657:INFO: Train: [75][2321/2322]  Loss -0.1708 (-1.2525)  Time:  0.080 (0.040)  Data Time:  0.000 (0.017)
2022-05-13 06:02:46,658:INFO:   Eta: 4:32:44
2022-05-13 06:03:19,461:INFO: Train: [76][2321/2322]  Loss -0.1898 (-1.2867)  Time:  0.156 (0.014)  Data Time:  0.000 (0.002)
2022-05-13 06:03:19,461:INFO:   Eta: 1:34:48
2022-05-13 06:04:31,041:INFO: Train: [77][2321/2322]  Loss -0.0947 (-0.9829)  Time:  0.342 (0.031)  Data Time:  0.022 (0.010)
2022-05-13 06:04:31,043:INFO:   Eta: 3:25:49
2022-05-13 06:06:11,643:INFO: Train: [78][2321/2322]  Loss -0.1437 (-1.2833)  Time:  0.322 (0.043)  Data Time:  0.022 (0.018)
2022-05-13 06:06:11,644:INFO:   Eta: 4:47:59
2022-05-13 06:07:48,632:INFO: Train: [79][2321/2322]  Loss -0.2014 (-1.2145)  Time:  0.323 (0.042)  Data Time:  0.023 (0.017)
2022-05-13 06:07:48,633:INFO:   Eta: 4:36:01
2022-05-13 06:09:29,073:INFO: Train: [80][2321/2322]  Loss -0.1396 (-1.2836)  Time:  0.338 (0.043)  Data Time:  0.021 (0.018)
2022-05-13 06:09:29,074:INFO:   Eta: 4:44:06
2022-05-13 06:11:09,364:INFO: Train: [81][2321/2322]  Loss -0.1685 (-1.3266)  Time:  0.338 (0.043)  Data Time:  0.021 (0.018)
2022-05-13 06:11:09,365:INFO:   Eta: 4:42:05
2022-05-13 06:12:49,158:INFO: Train: [82][2321/2322]  Loss -0.2307 (-1.2795)  Time:  0.337 (0.043)  Data Time:  0.022 (0.019)
2022-05-13 06:12:49,161:INFO:   Eta: 4:39:02
2022-05-13 06:14:29,782:INFO: Train: [83][2321/2322]  Loss -0.2078 (-1.2404)  Time:  0.304 (0.043)  Data Time:  0.023 (0.019)
2022-05-13 06:14:29,783:INFO:   Eta: 4:39:39
2022-05-13 06:16:10,091:INFO: Train: [84][2321/2322]  Loss -0.2294 (-1.2660)  Time:  0.327 (0.043)  Data Time:  0.023 (0.019)
2022-05-13 06:16:10,092:INFO:   Eta: 4:37:05
2022-05-13 06:16:47,225:INFO: Train: [85][2321/2322]  Loss -0.2224 (-1.1306)  Time:  0.359 (0.016)  Data Time:  0.022 (0.004)
2022-05-13 06:16:47,228:INFO:   Eta: 1:41:33
2022-05-13 06:18:25,816:INFO: Train: [86][2321/2322]  Loss -0.1299 (-1.3056)  Time:  0.339 (0.042)  Data Time:  0.022 (0.017)
2022-05-13 06:18:25,817:INFO:   Eta: 4:29:02
2022-05-13 06:20:08,470:INFO: Train: [87][2321/2322]  Loss -0.1693 (-1.2729)  Time:  0.342 (0.044)  Data Time:  0.023 (0.019)
2022-05-13 06:20:08,471:INFO:   Eta: 4:38:30
2022-05-13 06:21:50,032:INFO: Train: [88][2321/2322]  Loss -0.1707 (-1.2224)  Time:  0.342 (0.044)  Data Time:  0.022 (0.019)
2022-05-13 06:21:50,033:INFO:   Eta: 4:33:44
2022-05-13 06:23:25,817:INFO: Train: [89][2321/2322]  Loss -0.1709 (-1.2633)  Time:  0.291 (0.041)  Data Time:  0.021 (0.017)
2022-05-13 06:23:25,819:INFO:   Eta: 4:16:40
2022-05-13 06:25:01,216:INFO: Train: [90][2321/2322]  Loss -0.1755 (-1.3036)  Time:  0.332 (0.041)  Data Time:  0.022 (0.017)
2022-05-13 06:25:01,216:INFO:   Eta: 4:14:01
2022-05-13 06:26:42,479:INFO: Train: [91][2321/2322]  Loss -0.1684 (-1.2946)  Time:  0.323 (0.044)  Data Time:  0.022 (0.019)
2022-05-13 06:26:42,480:INFO:   Eta: 4:27:57
2022-05-13 06:28:23,484:INFO: Train: [92][2321/2322]  Loss -0.2151 (-1.3270)  Time:  0.362 (0.043)  Data Time:  0.022 (0.019)
2022-05-13 06:28:23,532:INFO:   Eta: 4:25:15
2022-05-13 06:30:02,965:INFO: Train: [93][2321/2322]  Loss -0.2196 (-1.3563)  Time:  0.311 (0.043)  Data Time:  0.022 (0.018)
2022-05-13 06:30:02,966:INFO:   Eta: 4:19:36
2022-05-13 06:30:40,210:INFO: Train: [94][2321/2322]  Loss -0.1743 (-1.2502)  Time:  0.150 (0.016)  Data Time:  0.001 (0.003)
2022-05-13 06:30:40,211:INFO:   Eta: 1:36:13
2022-05-13 06:32:18,637:INFO: Train: [95][2321/2322]  Loss -0.2415 (-1.3339)  Time:  0.340 (0.042)  Data Time:  0.020 (0.018)
2022-05-13 06:32:18,638:INFO:   Eta: 4:13:33
2022-05-13 06:33:46,664:INFO: Train: [96][2321/2322]  Loss -0.1877 (-1.4155)  Time:  0.323 (0.038)  Data Time:  0.021 (0.014)
2022-05-13 06:33:46,666:INFO:   Eta: 3:45:21
2022-05-13 06:34:54,744:INFO: Train: [97][2321/2322]  Loss -0.1956 (-1.3931)  Time:  0.099 (0.029)  Data Time:  0.001 (0.009)
2022-05-13 06:34:54,745:INFO:   Eta: 2:52:55
2022-05-13 06:36:26,489:INFO: Train: [98][2321/2322]  Loss -0.2039 (-1.3129)  Time:  0.320 (0.039)  Data Time:  0.021 (0.016)
2022-05-13 06:36:26,493:INFO:   Eta: 3:51:48
2022-05-13 06:38:06,974:INFO: Train: [99][2321/2322]  Loss -0.1595 (-1.3609)  Time:  0.356 (0.043)  Data Time:  0.021 (0.018)
2022-05-13 06:38:06,975:INFO:   Eta: 4:12:15
2022-05-13 06:39:21,886:INFO: Train: [100][2321/2322]  Loss -0.1975 (-1.4407)  Time:  0.239 (0.032)  Data Time:  0.001 (0.011)
2022-05-13 06:39:21,887:INFO:   Eta: 3:06:30
2022-05-13 06:40:45,211:INFO: Train: [101][2321/2322]  Loss -0.1616 (-1.2550)  Time:  0.323 (0.036)  Data Time:  0.022 (0.013)
2022-05-13 06:40:45,213:INFO:   Eta: 3:26:23
2022-05-13 06:42:14,126:INFO: Train: [102][2321/2322]  Loss -0.1952 (-1.4217)  Time:  0.143 (0.038)  Data Time:  0.000 (0.015)
2022-05-13 06:42:14,127:INFO:   Eta: 3:38:42
2022-05-13 06:43:37,102:INFO: Train: [103][2321/2322]  Loss -0.1815 (-1.3903)  Time:  0.089 (0.036)  Data Time:  0.000 (0.014)
2022-05-13 06:43:37,103:INFO:   Eta: 3:22:35
2022-05-13 06:44:35,350:INFO: Train: [104][2321/2322]  Loss -0.1352 (-1.2284)  Time:  0.319 (0.025)  Data Time:  0.023 (0.008)
2022-05-13 06:44:35,351:INFO:   Eta: 2:20:55
2022-05-13 06:46:14,684:INFO: Train: [105][2321/2322]  Loss -0.2368 (-1.3408)  Time:  0.336 (0.043)  Data Time:  0.023 (0.018)
2022-05-13 06:46:14,685:INFO:   Eta: 3:59:21
2022-05-13 06:47:52,484:INFO: Train: [106][2321/2322]  Loss -0.2404 (-1.3118)  Time:  0.331 (0.042)  Data Time:  0.006 (0.018)
2022-05-13 06:47:52,485:INFO:   Eta: 3:54:14
2022-05-13 06:49:31,412:INFO: Train: [107][2321/2322]  Loss -0.1701 (-1.2343)  Time:  0.348 (0.043)  Data Time:  0.022 (0.018)
2022-05-13 06:49:31,413:INFO:   Eta: 3:55:15
2022-05-13 06:51:10,497:INFO: Train: [108][2321/2322]  Loss -0.1873 (-1.2942)  Time:  0.330 (0.043)  Data Time:  0.021 (0.018)
2022-05-13 06:51:10,498:INFO:   Eta: 3:53:54
2022-05-13 06:52:49,612:INFO: Train: [109][2321/2322]  Loss -0.1367 (-1.3109)  Time:  0.354 (0.043)  Data Time:  0.020 (0.018)
2022-05-13 06:52:49,613:INFO:   Eta: 3:52:17
2022-05-13 06:54:28,581:INFO: Train: [110][2321/2322]  Loss -0.2135 (-1.3579)  Time:  0.306 (0.043)  Data Time:  0.021 (0.018)
2022-05-13 06:54:28,582:INFO:   Eta: 3:50:35
2022-05-13 06:56:08,907:INFO: Train: [111][2321/2322]  Loss -0.2339 (-1.4228)  Time:  0.337 (0.043)  Data Time:  0.021 (0.019)
2022-05-13 06:56:08,910:INFO:   Eta: 3:51:52
2022-05-13 06:57:07,643:INFO: Train: [112][2321/2322]  Loss -0.2097 (-1.4301)  Time:  0.101 (0.025)  Data Time:  0.001 (0.009)
2022-05-13 06:57:07,644:INFO:   Eta: 2:14:44
2022-05-13 06:58:16,897:INFO: Train: [113][2321/2322]  Loss -0.1940 (-1.3767)  Time:  0.141 (0.030)  Data Time:  0.000 (0.011)
2022-05-13 06:58:16,899:INFO:   Eta: 2:37:46
2022-05-13 06:59:38,598:INFO: Train: [114][2321/2322]  Loss -0.1447 (-1.4704)  Time:  0.151 (0.035)  Data Time:  0.000 (0.013)
2022-05-13 06:59:38,599:INFO:   Eta: 3:04:52
2022-05-13 07:01:10,655:INFO: Train: [115][2321/2322]  Loss -0.2138 (-1.3421)  Time:  0.335 (0.040)  Data Time:  0.021 (0.016)
2022-05-13 07:01:10,657:INFO:   Eta: 3:26:50
2022-05-13 07:02:40,254:INFO: Train: [116][2321/2322]  Loss -0.1718 (-1.3484)  Time:  0.328 (0.039)  Data Time:  0.021 (0.015)
2022-05-13 07:02:40,255:INFO:   Eta: 3:19:48
2022-05-13 07:04:01,815:INFO: Train: [117][2321/2322]  Loss -0.2196 (-1.3956)  Time:  0.320 (0.035)  Data Time:  0.017 (0.013)
2022-05-13 07:04:01,817:INFO:   Eta: 3:00:30
2022-05-13 07:05:28,567:INFO: Train: [118][2321/2322]  Loss -0.2049 (-1.3454)  Time:  0.338 (0.037)  Data Time:  0.021 (0.014)
2022-05-13 07:05:28,568:INFO:   Eta: 3:10:33
2022-05-13 07:07:07,449:INFO: Train: [119][2321/2322]  Loss -0.1172 (-1.4418)  Time:  0.327 (0.043)  Data Time:  0.022 (0.018)
2022-05-13 07:07:07,450:INFO:   Eta: 3:35:35
2022-05-13 07:08:47,462:INFO: Train: [120][2321/2322]  Loss -0.2117 (-1.3381)  Time:  0.300 (0.043)  Data Time:  0.004 (0.018)
2022-05-13 07:08:47,463:INFO:   Eta: 3:36:20
2022-05-13 07:10:18,876:INFO: Train: [121][2321/2322]  Loss -0.1983 (-1.4236)  Time:  0.089 (0.039)  Data Time:  0.000 (0.017)
2022-05-13 07:10:18,877:INFO:   Eta: 3:16:16
2022-05-13 07:10:58,295:INFO: Train: [122][2321/2322]  Loss -0.1999 (-1.3493)  Time:  0.352 (0.017)  Data Time:  0.012 (0.004)
2022-05-13 07:10:58,296:INFO:   Eta: 1:23:40
2022-05-13 07:12:36,169:INFO: Train: [123][2321/2322]  Loss -0.1759 (-1.2587)  Time:  0.366 (0.042)  Data Time:  0.021 (0.018)
2022-05-13 07:12:36,170:INFO:   Eta: 3:26:53
2022-05-13 07:14:00,718:INFO: Train: [124][2321/2322]  Loss -0.2220 (-1.4020)  Time:  0.338 (0.036)  Data Time:  0.023 (0.014)
2022-05-13 07:14:00,719:INFO:   Eta: 2:57:14
2022-05-13 07:15:37,365:INFO: Train: [125][2321/2322]  Loss -0.1791 (-1.4509)  Time:  0.377 (0.041)  Data Time:  0.010 (0.018)
2022-05-13 07:15:37,366:INFO:   Eta: 3:20:40
2022-05-13 07:17:14,475:INFO: Train: [126][2321/2322]  Loss -0.2078 (-1.3439)  Time:  0.341 (0.042)  Data Time:  0.021 (0.018)
2022-05-13 07:17:14,476:INFO:   Eta: 3:20:25
2022-05-13 07:18:37,178:INFO: Train: [127][2321/2322]  Loss -0.1918 (-1.3296)  Time:  0.267 (0.036)  Data Time:  0.022 (0.014)
2022-05-13 07:18:37,180:INFO:   Eta: 2:49:14
2022-05-13 07:19:55,806:INFO: Train: [128][2321/2322]  Loss -0.1764 (-1.4263)  Time:  0.306 (0.034)  Data Time:  0.020 (0.012)
2022-05-13 07:19:55,808:INFO:   Eta: 2:39:13
2022-05-13 07:21:04,036:INFO: Train: [129][2321/2322]  Loss -0.1921 (-1.3602)  Time:  0.352 (0.029)  Data Time:  0.019 (0.010)
2022-05-13 07:21:04,037:INFO:   Eta: 2:17:19
2022-05-13 07:22:07,662:INFO: Train: [130][2321/2322]  Loss -0.2219 (-1.4421)  Time:  0.275 (0.027)  Data Time:  0.002 (0.009)
2022-05-13 07:22:07,663:INFO:   Eta: 2:06:59
2022-05-13 07:23:14,253:INFO: Train: [131][2321/2322]  Loss -0.1617 (-1.4935)  Time:  0.119 (0.029)  Data Time:  0.001 (0.009)
2022-05-13 07:23:14,254:INFO:   Eta: 2:11:46
2022-05-13 07:23:48,804:INFO: Train: [132][2321/2322]  Loss -0.1203 (-1.4419)  Time:  0.121 (0.015)  Data Time:  0.000 (0.003)
2022-05-13 07:23:48,805:INFO:   Eta: 1:07:43
2022-05-13 07:24:58,872:INFO: Train: [133][2321/2322]  Loss -0.2095 (-1.5196)  Time:  0.305 (0.030)  Data Time:  0.001 (0.010)
2022-05-13 07:24:58,873:INFO:   Eta: 2:16:22
2022-05-13 07:26:01,787:INFO: Train: [134][2321/2322]  Loss -0.1822 (-1.3534)  Time:  0.334 (0.027)  Data Time:  0.023 (0.009)
2022-05-13 07:26:01,788:INFO:   Eta: 2:01:22
2022-05-13 07:26:57,855:INFO: Train: [135][2321/2322]  Loss -0.2749 (-1.5572)  Time:  0.146 (0.024)  Data Time:  0.001 (0.006)
2022-05-13 07:26:57,856:INFO:   Eta: 1:47:13
2022-05-13 07:28:13,200:INFO: Train: [136][2321/2322]  Loss -0.2584 (-1.5085)  Time:  0.324 (0.032)  Data Time:  0.012 (0.012)
2022-05-13 07:28:13,201:INFO:   Eta: 2:22:54
2022-05-13 07:29:20,245:INFO: Train: [137][2321/2322]  Loss -0.1572 (-1.3883)  Time:  0.167 (0.029)  Data Time:  0.000 (0.010)
2022-05-13 07:29:20,246:INFO:   Eta: 2:06:01
2022-05-13 07:30:29,897:INFO: Train: [138][2321/2322]  Loss -0.1822 (-1.4239)  Time:  0.249 (0.030)  Data Time:  0.001 (0.011)
2022-05-13 07:30:29,898:INFO:   Eta: 2:09:47
2022-05-13 07:32:01,777:INFO: Train: [139][2321/2322]  Loss -0.2322 (-1.4287)  Time:  0.264 (0.040)  Data Time:  0.021 (0.017)
2022-05-13 07:32:01,778:INFO:   Eta: 2:49:43
2022-05-13 07:33:36,404:INFO: Train: [140][2321/2322]  Loss -0.2667 (-1.3530)  Time:  0.310 (0.041)  Data Time:  0.022 (0.018)
2022-05-13 07:33:36,406:INFO:   Eta: 2:53:12
2022-05-13 07:35:07,034:INFO: Train: [141][2321/2322]  Loss -0.2427 (-1.5048)  Time:  0.331 (0.039)  Data Time:  0.022 (0.017)
2022-05-13 07:35:07,035:INFO:   Eta: 2:44:23
2022-05-13 07:36:40,893:INFO: Train: [142][2321/2322]  Loss -0.1608 (-1.6406)  Time:  0.311 (0.040)  Data Time:  0.022 (0.018)
2022-05-13 07:36:40,894:INFO:   Eta: 2:48:40
2022-05-13 07:37:27,860:INFO: Train: [143][2321/2322]  Loss -0.2190 (-1.3366)  Time:  0.129 (0.020)  Data Time:  0.000 (0.006)
2022-05-13 07:37:27,862:INFO:   Eta: 1:23:33
2022-05-13 07:37:58,493:INFO: Train: [144][2321/2322]  Loss -0.2223 (-1.5143)  Time:  0.120 (0.013)  Data Time:  0.000 (0.002)
2022-05-13 07:37:58,494:INFO:   Eta: 0:53:55
2022-05-13 07:39:01,928:INFO: Train: [145][2321/2322]  Loss -0.1982 (-1.4638)  Time:  0.345 (0.027)  Data Time:  0.022 (0.007)
2022-05-13 07:39:01,930:INFO:   Eta: 1:50:47
2022-05-13 07:40:45,428:INFO: Train: [146][2321/2322]  Loss -0.2335 (-1.4643)  Time:  0.334 (0.045)  Data Time:  0.022 (0.019)
2022-05-13 07:40:45,429:INFO:   Eta: 2:59:09
2022-05-13 07:42:26,761:INFO: Train: [147][2321/2322]  Loss -0.2476 (-1.5057)  Time:  0.324 (0.044)  Data Time:  0.009 (0.018)
2022-05-13 07:42:26,763:INFO:   Eta: 2:53:43
2022-05-13 07:43:52,899:INFO: Train: [148][2321/2322]  Loss -0.2095 (-1.5438)  Time:  0.281 (0.037)  Data Time:  0.001 (0.014)
2022-05-13 07:43:52,901:INFO:   Eta: 2:26:12
2022-05-13 07:45:05,670:INFO: Train: [149][2321/2322]  Loss -0.2332 (-1.5038)  Time:  0.125 (0.031)  Data Time:  0.000 (0.009)
2022-05-13 07:45:05,672:INFO:   Eta: 2:02:16
2022-05-13 07:46:27,413:INFO: Train: [150][2321/2322]  Loss -0.2421 (-1.6830)  Time:  0.129 (0.035)  Data Time:  0.001 (0.013)
2022-05-13 07:46:27,415:INFO:   Eta: 2:15:55
2022-05-13 07:47:43,581:INFO: Train: [151][2321/2322]  Loss -0.2623 (-1.6462)  Time:  0.364 (0.033)  Data Time:  0.021 (0.012)
2022-05-13 07:47:43,582:INFO:   Eta: 2:05:27
2022-05-13 07:47:59,535:INFO: Valid: [151][604/605]  Loss -7.0170 (-4.2164)
2022-05-13 07:47:59,668:INFO: Checkpoint saved...
2022-05-13 07:49:40,110:INFO: Train: [152][2321/2322]  Loss -0.2428 (-1.7184)  Time:  0.319 (0.043)  Data Time:  0.001 (0.018)
2022-05-13 07:49:40,111:INFO:   Eta: 2:43:49
2022-05-13 07:49:56,244:INFO: Valid: [152][604/605]  Loss -7.3536 (-4.4611)
2022-05-13 07:49:56,326:INFO: Checkpoint saved...
2022-05-13 07:51:28,246:INFO: Train: [153][2321/2322]  Loss -0.2468 (-1.6704)  Time:  0.300 (0.040)  Data Time:  0.021 (0.016)
2022-05-13 07:51:28,247:INFO:   Eta: 2:28:23
2022-05-13 07:51:37,419:INFO: Valid: [153][604/605]  Loss -6.9983 (-4.2377)
2022-05-13 07:52:32,938:INFO: Train: [154][2321/2322]  Loss -0.2150 (-1.6691)  Time:  0.341 (0.024)  Data Time:  0.020 (0.007)
2022-05-13 07:52:32,939:INFO:   Eta: 1:28:36
2022-05-13 07:52:48,821:INFO: Valid: [154][604/605]  Loss -8.0267 (-4.9540)
2022-05-13 07:52:48,894:INFO: Checkpoint saved...
2022-05-13 07:54:29,828:INFO: Train: [155][2321/2322]  Loss -0.2169 (-1.6806)  Time:  0.314 (0.043)  Data Time:  0.022 (0.018)
2022-05-13 07:54:29,830:INFO:   Eta: 2:39:37
2022-05-13 07:54:45,922:INFO: Valid: [155][604/605]  Loss -7.9250 (-4.8436)
2022-05-13 07:56:26,857:INFO: Train: [156][2321/2322]  Loss -0.2627 (-1.5466)  Time:  0.332 (0.043)  Data Time:  0.021 (0.019)
2022-05-13 07:56:26,858:INFO:   Eta: 2:37:52
2022-05-13 07:56:42,615:INFO: Valid: [156][604/605]  Loss -7.8288 (-4.7500)
2022-05-13 07:58:22,646:INFO: Train: [157][2321/2322]  Loss -0.2719 (-1.6392)  Time:  0.323 (0.043)  Data Time:  0.019 (0.019)
2022-05-13 07:58:22,649:INFO:   Eta: 2:34:48
2022-05-13 07:58:38,460:INFO: Valid: [157][604/605]  Loss -7.6117 (-4.6254)
2022-05-13 08:00:12,468:INFO: Train: [158][2321/2322]  Loss -0.2968 (-1.7387)  Time:  0.337 (0.040)  Data Time:  0.022 (0.017)
2022-05-13 08:00:12,469:INFO:   Eta: 2:23:55
2022-05-13 08:00:28,292:INFO: Valid: [158][604/605]  Loss -7.4086 (-4.4783)
2022-05-13 08:02:09,152:INFO: Train: [159][2321/2322]  Loss -0.2505 (-1.5172)  Time:  0.362 (0.043)  Data Time:  0.022 (0.019)
2022-05-13 08:02:09,153:INFO:   Eta: 2:32:44
2022-05-13 08:02:24,941:INFO: Valid: [159][604/605]  Loss -8.0053 (-4.8691)
2022-05-13 08:04:06,361:INFO: Train: [160][2321/2322]  Loss -0.2484 (-1.7068)  Time:  0.332 (0.044)  Data Time:  0.019 (0.019)
2022-05-13 08:04:06,362:INFO:   Eta: 2:31:51
2022-05-13 08:04:22,632:INFO: Valid: [160][604/605]  Loss -6.6261 (-3.9722)
2022-05-13 08:05:19,756:INFO: Train: [161][2321/2322]  Loss -0.2210 (-1.7210)  Time:  0.084 (0.025)  Data Time:  0.000 (0.009)
2022-05-13 08:05:19,757:INFO:   Eta: 1:24:28
2022-05-13 08:05:28,060:INFO: Valid: [161][604/605]  Loss -8.1404 (-4.9833)
2022-05-13 08:05:28,141:INFO: Checkpoint saved...
2022-05-13 08:06:38,607:INFO: Train: [162][2321/2322]  Loss -0.2411 (-1.5240)  Time:  0.155 (0.030)  Data Time:  0.001 (0.008)
2022-05-13 08:06:38,608:INFO:   Eta: 1:43:06
2022-05-13 08:06:51,428:INFO: Valid: [162][604/605]  Loss -8.0884 (-4.9276)
2022-05-13 08:08:25,436:INFO: Train: [163][2321/2322]  Loss -0.2352 (-1.6102)  Time:  0.349 (0.040)  Data Time:  0.021 (0.016)
2022-05-13 08:08:25,438:INFO:   Eta: 2:16:04
2022-05-13 08:08:41,654:INFO: Valid: [163][604/605]  Loss -7.7982 (-4.7704)
2022-05-13 08:10:23,746:INFO: Train: [164][2321/2322]  Loss -0.2122 (-1.7516)  Time:  0.339 (0.044)  Data Time:  0.021 (0.019)
2022-05-13 08:10:23,747:INFO:   Eta: 2:26:04
2022-05-13 08:10:39,696:INFO: Valid: [164][604/605]  Loss -7.1285 (-4.3194)
2022-05-13 08:12:20,988:INFO: Train: [165][2321/2322]  Loss -0.2355 (-1.6976)  Time:  0.349 (0.044)  Data Time:  0.023 (0.018)
2022-05-13 08:12:20,989:INFO:   Eta: 2:23:16
2022-05-13 08:12:36,905:INFO: Valid: [165][604/605]  Loss -8.1726 (-5.0263)
2022-05-13 08:12:36,970:INFO: Checkpoint saved...
2022-05-13 08:14:12,835:INFO: Train: [166][2321/2322]  Loss -0.2863 (-1.7221)  Time:  0.328 (0.041)  Data Time:  0.021 (0.017)
2022-05-13 08:14:12,837:INFO:   Eta: 2:14:03
2022-05-13 08:14:28,715:INFO: Valid: [166][604/605]  Loss -7.1773 (-4.3718)
2022-05-13 08:16:09,620:INFO: Train: [167][2321/2322]  Loss -0.2582 (-1.7460)  Time:  0.321 (0.043)  Data Time:  0.021 (0.019)
2022-05-13 08:16:09,623:INFO:   Eta: 2:19:22
2022-05-13 08:16:25,405:INFO: Valid: [167][604/605]  Loss -8.0572 (-4.9080)
2022-05-13 08:18:06,181:INFO: Train: [168][2321/2322]  Loss -0.2615 (-1.7026)  Time:  0.310 (0.043)  Data Time:  0.023 (0.019)
2022-05-13 08:18:06,182:INFO:   Eta: 2:17:31
2022-05-13 08:18:22,422:INFO: Valid: [168][604/605]  Loss -8.1998 (-5.0595)
2022-05-13 08:18:22,504:INFO: Checkpoint saved...
2022-05-13 08:19:08,149:INFO: Train: [169][2321/2322]  Loss -0.1927 (-1.7641)  Time:  0.103 (0.020)  Data Time:  0.000 (0.006)
2022-05-13 08:19:08,151:INFO:   Eta: 1:01:26
2022-05-13 08:19:20,838:INFO: Valid: [169][604/605]  Loss -7.6106 (-4.6313)
2022-05-13 08:21:02,024:INFO: Train: [170][2321/2322]  Loss -0.2261 (-1.7265)  Time:  0.351 (0.044)  Data Time:  0.023 (0.019)
2022-05-13 08:21:02,026:INFO:   Eta: 2:14:41
2022-05-13 08:21:18,098:INFO: Valid: [170][604/605]  Loss -7.6418 (-4.6709)
2022-05-13 08:22:59,387:INFO: Train: [171][2321/2322]  Loss -0.2324 (-1.5947)  Time:  0.301 (0.044)  Data Time:  0.021 (0.019)
2022-05-13 08:22:59,389:INFO:   Eta: 2:13:09
2022-05-13 08:23:15,447:INFO: Valid: [171][604/605]  Loss -7.7311 (-4.6746)
2022-05-13 08:24:56,608:INFO: Train: [172][2321/2322]  Loss -0.2300 (-1.7789)  Time:  0.293 (0.044)  Data Time:  0.022 (0.019)
2022-05-13 08:24:56,609:INFO:   Eta: 2:11:18
2022-05-13 08:25:12,573:INFO: Valid: [172][604/605]  Loss -7.9615 (-4.8884)
2022-05-13 08:26:52,979:INFO: Train: [173][2321/2322]  Loss -0.2529 (-1.7123)  Time:  0.333 (0.043)  Data Time:  0.021 (0.019)
2022-05-13 08:26:52,981:INFO:   Eta: 2:08:38
2022-05-13 08:27:08,915:INFO: Valid: [173][604/605]  Loss -8.0457 (-4.8977)
2022-05-13 08:28:49,886:INFO: Train: [174][2321/2322]  Loss -0.2613 (-1.7161)  Time:  0.343 (0.043)  Data Time:  0.022 (0.019)
2022-05-13 08:28:49,887:INFO:   Eta: 2:07:40
2022-05-13 08:29:05,715:INFO: Valid: [174][604/605]  Loss -7.8054 (-4.7901)
2022-05-13 08:30:46,181:INFO: Train: [175][2321/2322]  Loss -0.2318 (-1.7531)  Time:  0.325 (0.043)  Data Time:  0.022 (0.019)
2022-05-13 08:30:46,183:INFO:   Eta: 2:05:22
2022-05-13 08:31:02,256:INFO: Valid: [175][604/605]  Loss -7.7144 (-4.7163)
2022-05-13 08:32:26,997:INFO: Train: [176][2321/2322]  Loss -0.2751 (-1.5322)  Time:  0.095 (0.036)  Data Time:  0.000 (0.015)
2022-05-13 08:32:27,005:INFO:   Eta: 1:44:19
2022-05-13 08:32:33,696:INFO: Valid: [176][604/605]  Loss -8.2668 (-5.0618)
2022-05-13 08:32:33,803:INFO: Checkpoint saved...
2022-05-13 08:33:54,412:INFO: Train: [177][2321/2322]  Loss -0.2724 (-1.7105)  Time:  0.306 (0.035)  Data Time:  0.004 (0.012)
2022-05-13 08:33:54,414:INFO:   Eta: 1:37:52
2022-05-13 08:34:10,565:INFO: Valid: [177][604/605]  Loss -6.1841 (-3.6864)
2022-05-13 08:35:55,965:INFO: Train: [178][2321/2322]  Loss -0.2562 (-1.7521)  Time:  0.331 (0.045)  Data Time:  0.009 (0.019)
2022-05-13 08:35:55,967:INFO:   Eta: 2:06:14
2022-05-13 08:36:11,567:INFO: Valid: [178][604/605]  Loss -8.0513 (-4.9646)
2022-05-13 08:37:45,352:INFO: Train: [179][2321/2322]  Loss -0.2391 (-1.7330)  Time:  0.332 (0.040)  Data Time:  0.016 (0.016)
2022-05-13 08:37:45,354:INFO:   Eta: 1:50:42
2022-05-13 08:38:01,855:INFO: Valid: [179][604/605]  Loss -8.1075 (-4.9287)
2022-05-13 08:39:45,129:INFO: Train: [180][2321/2322]  Loss -0.2507 (-1.6675)  Time:  0.308 (0.044)  Data Time:  0.021 (0.019)
2022-05-13 08:39:45,131:INFO:   Eta: 2:00:15
2022-05-13 08:40:01,980:INFO: Valid: [180][604/605]  Loss -6.8118 (-4.0784)
2022-05-13 08:41:45,372:INFO: Train: [181][2321/2322]  Loss -0.2220 (-1.7430)  Time:  0.327 (0.044)  Data Time:  0.022 (0.019)
2022-05-13 08:41:45,373:INFO:   Eta: 1:58:41
2022-05-13 08:42:01,557:INFO: Valid: [181][604/605]  Loss -8.2218 (-5.0233)
2022-05-13 08:43:45,956:INFO: Train: [182][2321/2322]  Loss -0.2080 (-1.5937)  Time:  0.341 (0.045)  Data Time:  0.022 (0.019)
2022-05-13 08:43:45,957:INFO:   Eta: 1:58:04
2022-05-13 08:44:02,400:INFO: Valid: [182][604/605]  Loss -7.1304 (-4.3157)
2022-05-13 08:45:47,234:INFO: Train: [183][2321/2322]  Loss -0.1856 (-1.7785)  Time:  0.351 (0.045)  Data Time:  0.003 (0.019)
2022-05-13 08:45:47,236:INFO:   Eta: 1:56:52
2022-05-13 08:46:03,408:INFO: Valid: [183][604/605]  Loss -7.8113 (-4.7779)
2022-05-13 08:46:55,412:INFO: Train: [184][2321/2322]  Loss -0.2206 (-1.7274)  Time:  0.096 (0.022)  Data Time:  0.000 (0.007)
2022-05-13 08:46:55,414:INFO:   Eta: 0:57:01
2022-05-13 08:47:07,193:INFO: Valid: [184][604/605]  Loss -8.1191 (-4.9852)
2022-05-13 08:48:34,958:INFO: Train: [185][2321/2322]  Loss -0.2458 (-1.6604)  Time:  0.349 (0.038)  Data Time:  0.022 (0.014)
2022-05-13 08:48:34,959:INFO:   Eta: 1:34:54
2022-05-13 08:48:51,266:INFO: Valid: [185][604/605]  Loss -8.2889 (-5.0706)
2022-05-13 08:48:51,348:INFO: Checkpoint saved...
2022-05-13 08:50:33,853:INFO: Train: [186][2321/2322]  Loss -0.3032 (-1.7163)  Time:  0.335 (0.044)  Data Time:  0.021 (0.019)
2022-05-13 08:50:33,854:INFO:   Eta: 1:49:10
2022-05-13 08:50:50,032:INFO: Valid: [186][604/605]  Loss -6.9469 (-4.2192)
2022-05-13 08:52:32,669:INFO: Train: [187][2321/2322]  Loss -0.2150 (-1.5785)  Time:  0.347 (0.044)  Data Time:  0.021 (0.019)
2022-05-13 08:52:32,670:INFO:   Eta: 1:47:35
2022-05-13 08:52:48,671:INFO: Valid: [187][604/605]  Loss -7.9403 (-4.8583)
2022-05-13 08:54:32,129:INFO: Train: [188][2321/2322]  Loss -0.2971 (-1.7807)  Time:  0.297 (0.044)  Data Time:  0.020 (0.019)
2022-05-13 08:54:32,130:INFO:   Eta: 1:46:44
2022-05-13 08:54:48,319:INFO: Valid: [188][604/605]  Loss -7.7349 (-4.7224)
2022-05-13 08:56:31,460:INFO: Train: [189][2321/2322]  Loss -0.2263 (-1.5730)  Time:  0.331 (0.044)  Data Time:  0.022 (0.019)
2022-05-13 08:56:31,463:INFO:   Eta: 1:44:41
2022-05-13 08:56:47,559:INFO: Valid: [189][604/605]  Loss -7.9633 (-4.8726)
2022-05-13 08:58:30,031:INFO: Train: [190][2321/2322]  Loss -0.2203 (-1.7567)  Time:  0.356 (0.044)  Data Time:  0.022 (0.019)
2022-05-13 08:58:30,033:INFO:   Eta: 1:42:19
2022-05-13 08:58:46,142:INFO: Valid: [190][604/605]  Loss -7.4999 (-4.5503)
2022-05-13 09:00:28,207:INFO: Train: [191][2321/2322]  Loss -0.3126 (-1.7183)  Time:  0.143 (0.044)  Data Time:  0.000 (0.019)
2022-05-13 09:00:28,210:INFO:   Eta: 1:40:11
2022-05-13 09:00:35,114:INFO: Valid: [191][604/605]  Loss -7.9410 (-4.8301)
2022-05-13 09:01:42,399:INFO: Train: [192][2321/2322]  Loss -0.3002 (-1.7394)  Time:  0.320 (0.029)  Data Time:  0.021 (0.010)
2022-05-13 09:01:42,400:INFO:   Eta: 1:04:54
2022-05-13 09:01:58,555:INFO: Valid: [192][604/605]  Loss -7.8481 (-4.7925)
2022-05-13 09:03:34,250:INFO: Train: [193][2321/2322]  Loss -0.2002 (-1.6175)  Time:  0.304 (0.041)  Data Time:  0.001 (0.017)
2022-05-13 09:03:34,251:INFO:   Eta: 1:30:45
2022-05-13 09:03:50,503:INFO: Valid: [193][604/605]  Loss -7.0064 (-4.2109)
2022-05-13 09:05:31,988:INFO: Train: [194][2321/2322]  Loss -0.2611 (-1.7672)  Time:  0.318 (0.044)  Data Time:  0.001 (0.019)
2022-05-13 09:05:31,990:INFO:   Eta: 1:34:34
2022-05-13 09:05:47,409:INFO: Valid: [194][604/605]  Loss -8.1280 (-4.9665)
2022-05-13 09:07:27,459:INFO: Train: [195][2321/2322]  Loss -0.2395 (-1.7475)  Time:  0.348 (0.043)  Data Time:  0.022 (0.018)
2022-05-13 09:07:27,461:INFO:   Eta: 1:31:34
2022-05-13 09:07:43,542:INFO: Valid: [195][604/605]  Loss -8.1978 (-5.0184)
2022-05-13 09:09:21,709:INFO: Train: [196][2321/2322]  Loss -0.2371 (-1.7483)  Time:  0.332 (0.042)  Data Time:  0.023 (0.018)
2022-05-13 09:09:21,711:INFO:   Eta: 1:28:13
2022-05-13 09:09:37,108:INFO: Valid: [196][604/605]  Loss -8.0721 (-4.9662)
2022-05-13 09:11:18,294:INFO: Train: [197][2321/2322]  Loss -0.2364 (-1.7656)  Time:  0.278 (0.044)  Data Time:  0.001 (0.018)
2022-05-13 09:11:18,295:INFO:   Eta: 1:29:14
2022-05-13 09:11:33,966:INFO: Valid: [197][604/605]  Loss -7.8008 (-4.8216)
2022-05-13 09:13:12,837:INFO: Train: [198][2321/2322]  Loss -0.1962 (-1.5540)  Time:  0.350 (0.043)  Data Time:  0.021 (0.018)
2022-05-13 09:13:12,839:INFO:   Eta: 1:25:32
2022-05-13 09:13:29,056:INFO: Valid: [198][604/605]  Loss -6.2259 (-3.7709)
2022-05-13 09:14:18,810:INFO: Train: [199][2321/2322]  Loss -0.2603 (-1.5678)  Time:  0.092 (0.021)  Data Time:  0.000 (0.007)
2022-05-13 09:14:18,811:INFO:   Eta: 0:42:10
2022-05-13 09:14:28,722:INFO: Valid: [199][604/605]  Loss -7.5475 (-4.5805)
2022-05-13 09:15:49,669:INFO: Train: [200][2321/2322]  Loss -0.2644 (-1.5872)  Time:  0.193 (0.035)  Data Time:  0.001 (0.014)
2022-05-13 09:15:49,670:INFO:   Eta: 1:07:20
2022-05-13 09:16:03,502:INFO: Valid: [200][604/605]  Loss -7.3076 (-4.4154)
2022-05-13 09:17:37,891:INFO: Train: [201][2321/2322]  Loss -0.2487 (-1.5823)  Time:  0.314 (0.041)  Data Time:  0.021 (0.018)
2022-05-13 09:17:37,892:INFO:   Eta: 1:16:57
2022-05-13 09:17:52,920:INFO: Valid: [201][604/605]  Loss -7.7501 (-4.7895)
2022-05-13 09:19:27,416:INFO: Train: [202][2321/2322]  Loss -0.2463 (-1.7302)  Time:  0.327 (0.041)  Data Time:  0.001 (0.018)
2022-05-13 09:19:27,417:INFO:   Eta: 1:15:28
2022-05-13 09:19:42,457:INFO: Valid: [202][604/605]  Loss -8.0704 (-4.9154)
2022-05-13 09:21:07,934:INFO: Train: [203][2321/2322]  Loss -0.3000 (-1.7608)  Time:  0.333 (0.037)  Data Time:  0.022 (0.015)
2022-05-13 09:21:07,935:INFO:   Eta: 1:06:50
2022-05-13 09:21:20,731:INFO: Valid: [203][604/605]  Loss -8.0239 (-4.8846)
2022-05-13 09:22:42,724:INFO: Train: [204][2321/2322]  Loss -0.2708 (-1.7548)  Time:  0.312 (0.035)  Data Time:  0.021 (0.014)
2022-05-13 09:22:42,725:INFO:   Eta: 1:02:44
2022-05-13 09:22:57,489:INFO: Valid: [204][604/605]  Loss -7.9213 (-4.7973)
2022-05-13 09:24:30,946:INFO: Train: [205][2321/2322]  Loss -0.2195 (-1.7838)  Time:  0.337 (0.040)  Data Time:  0.022 (0.018)
2022-05-13 09:24:30,947:INFO:   Eta: 1:09:58
2022-05-13 09:24:45,711:INFO: Valid: [205][604/605]  Loss -8.0633 (-4.9348)
2022-05-13 09:26:20,110:INFO: Train: [206][2321/2322]  Loss -0.2412 (-1.7632)  Time:  0.346 (0.041)  Data Time:  0.020 (0.018)
2022-05-13 09:26:20,111:INFO:   Eta: 1:09:03
2022-05-13 09:26:34,951:INFO: Valid: [206][604/605]  Loss -8.2752 (-5.0486)
2022-05-13 09:27:51,062:INFO: Train: [207][2321/2322]  Loss -0.2336 (-1.7576)  Time:  0.085 (0.033)  Data Time:  0.000 (0.014)
2022-05-13 09:27:51,062:INFO:   Eta: 0:54:26
2022-05-13 09:27:57,784:INFO: Valid: [207][604/605]  Loss -8.0434 (-4.8843)
2022-05-13 09:29:28,334:INFO: Train: [208][2321/2322]  Loss -0.2569 (-1.7786)  Time:  0.325 (0.039)  Data Time:  0.001 (0.015)
2022-05-13 09:29:28,336:INFO:   Eta: 1:03:16
2022-05-13 09:29:44,791:INFO: Valid: [208][604/605]  Loss -7.3453 (-4.4414)
2022-05-13 09:31:13,726:INFO: Train: [209][2321/2322]  Loss -0.2599 (-1.7241)  Time:  0.351 (0.038)  Data Time:  0.021 (0.014)
2022-05-13 09:31:13,727:INFO:   Eta: 1:00:38
2022-05-13 09:31:29,574:INFO: Valid: [209][604/605]  Loss -7.9273 (-4.8294)
2022-05-13 09:33:01,849:INFO: Train: [210][2321/2322]  Loss -0.2319 (-1.7525)  Time:  0.352 (0.040)  Data Time:  0.022 (0.015)
2022-05-13 09:33:01,850:INFO:   Eta: 1:01:24
2022-05-13 09:33:18,079:INFO: Valid: [210][604/605]  Loss -7.5257 (-4.5899)
2022-05-13 09:35:02,076:INFO: Train: [211][2321/2322]  Loss -0.2020 (-1.7052)  Time:  0.324 (0.045)  Data Time:  0.021 (0.019)
2022-05-13 09:35:02,078:INFO:   Eta: 1:07:28
2022-05-13 09:35:18,943:INFO: Valid: [211][604/605]  Loss -8.1962 (-5.0198)
2022-05-13 09:37:02,071:INFO: Train: [212][2321/2322]  Loss -0.2723 (-1.7498)  Time:  0.332 (0.044)  Data Time:  0.021 (0.019)
2022-05-13 09:37:02,072:INFO:   Eta: 1:05:13
2022-05-13 09:37:17,991:INFO: Valid: [212][604/605]  Loss -7.8984 (-4.7620)
2022-05-13 09:39:00,765:INFO: Train: [213][2321/2322]  Loss -0.1709 (-1.5932)  Time:  0.296 (0.044)  Data Time:  0.001 (0.019)
2022-05-13 09:39:00,767:INFO:   Eta: 1:03:16
2022-05-13 09:39:16,756:INFO: Valid: [213][604/605]  Loss -6.3603 (-3.8374)
2022-05-13 09:41:00,373:INFO: Train: [214][2321/2322]  Loss -0.2974 (-1.7576)  Time:  0.354 (0.045)  Data Time:  0.021 (0.019)
2022-05-13 09:41:00,374:INFO:   Eta: 1:02:03
2022-05-13 09:41:16,970:INFO: Valid: [214][604/605]  Loss -8.0606 (-4.9150)
2022-05-13 09:42:03,607:INFO: Train: [215][2321/2322]  Loss -0.2283 (-1.8102)  Time:  0.151 (0.020)  Data Time:  0.000 (0.006)
2022-05-13 09:42:03,608:INFO:   Eta: 0:27:06
2022-05-13 09:42:14,444:INFO: Valid: [215][604/605]  Loss -7.7006 (-4.7415)
2022-05-13 09:43:23,853:INFO: Train: [216][2321/2322]  Loss -0.2548 (-1.7763)  Time:  0.298 (0.030)  Data Time:  0.000 (0.009)
2022-05-13 09:43:23,855:INFO:   Eta: 0:39:14
2022-05-13 09:43:37,569:INFO: Valid: [216][604/605]  Loss -8.2207 (-5.0461)
2022-05-13 09:44:54,794:INFO: Train: [217][2321/2322]  Loss -0.2694 (-1.7565)  Time:  0.321 (0.033)  Data Time:  0.021 (0.012)
2022-05-13 09:44:54,795:INFO:   Eta: 0:42:23
2022-05-13 09:45:10,719:INFO: Valid: [217][604/605]  Loss -7.9707 (-4.8852)
2022-05-13 09:46:50,576:INFO: Train: [218][2321/2322]  Loss -0.2423 (-1.7790)  Time:  0.275 (0.043)  Data Time:  0.020 (0.018)
2022-05-13 09:46:50,577:INFO:   Eta: 0:53:10
2022-05-13 09:47:05,982:INFO: Valid: [218][604/605]  Loss -7.9458 (-4.8508)
2022-05-13 09:48:45,723:INFO: Train: [219][2321/2322]  Loss -0.2017 (-1.7466)  Time:  0.290 (0.043)  Data Time:  0.001 (0.018)
2022-05-13 09:48:45,725:INFO:   Eta: 0:51:27
2022-05-13 09:49:01,439:INFO: Valid: [219][604/605]  Loss -8.0467 (-4.8951)
2022-05-13 09:50:41,940:INFO: Train: [220][2321/2322]  Loss -0.2490 (-1.7849)  Time:  0.346 (0.043)  Data Time:  0.023 (0.019)
2022-05-13 09:50:41,942:INFO:   Eta: 0:50:10
2022-05-13 09:50:58,036:INFO: Valid: [220][604/605]  Loss -7.8075 (-4.7587)
2022-05-13 09:52:38,758:INFO: Train: [221][2321/2322]  Loss -0.2613 (-1.7710)  Time:  0.325 (0.043)  Data Time:  0.021 (0.019)
2022-05-13 09:52:38,759:INFO:   Eta: 0:48:36
2022-05-13 09:52:54,793:INFO: Valid: [221][604/605]  Loss -8.1413 (-4.9380)
2022-05-13 09:54:35,794:INFO: Train: [222][2321/2322]  Loss -0.2738 (-1.7451)  Time:  0.343 (0.043)  Data Time:  0.022 (0.019)
2022-05-13 09:54:35,795:INFO:   Eta: 0:47:03
2022-05-13 09:54:51,614:INFO: Valid: [222][604/605]  Loss -6.7362 (-4.0663)
2022-05-13 09:55:34,165:INFO: Train: [223][2321/2322]  Loss -0.3070 (-1.6609)  Time:  0.294 (0.018)  Data Time:  0.001 (0.005)
2022-05-13 09:55:34,167:INFO:   Eta: 0:19:05
2022-05-13 09:55:42,446:INFO: Valid: [223][604/605]  Loss -7.9700 (-4.8270)
2022-05-13 09:56:27,473:INFO: Train: [224][2321/2322]  Loss -0.2148 (-1.7771)  Time:  0.173 (0.019)  Data Time:  0.001 (0.004)
2022-05-13 09:56:27,474:INFO:   Eta: 0:19:26
2022-05-13 09:56:42,556:INFO: Valid: [224][604/605]  Loss -7.6883 (-4.6749)
2022-05-13 09:58:14,521:INFO: Train: [225][2321/2322]  Loss -0.2765 (-1.7836)  Time:  0.372 (0.040)  Data Time:  0.022 (0.015)
2022-05-13 09:58:14,522:INFO:   Eta: 0:38:14
2022-05-13 09:58:27,685:INFO: Valid: [225][604/605]  Loss -8.0704 (-4.9281)
2022-05-13 09:59:47,363:INFO: Train: [226][2321/2322]  Loss -0.2487 (-1.7613)  Time:  0.351 (0.034)  Data Time:  0.022 (0.011)
2022-05-13 09:59:47,366:INFO:   Eta: 0:31:47
2022-05-13 09:59:58,758:INFO: Valid: [226][604/605]  Loss -8.1826 (-5.0128)
2022-05-13 10:01:01,247:INFO: Train: [227][2321/2322]  Loss -0.2396 (-1.7646)  Time:  0.129 (0.027)  Data Time:  0.000 (0.008)
2022-05-13 10:01:01,249:INFO:   Eta: 0:23:53
2022-05-13 10:01:13,316:INFO: Valid: [227][604/605]  Loss -8.0552 (-4.9471)
2022-05-13 10:02:28,303:INFO: Train: [228][2321/2322]  Loss -0.2727 (-1.7859)  Time:  0.359 (0.032)  Data Time:  0.022 (0.011)
2022-05-13 10:02:28,304:INFO:   Eta: 0:27:26
2022-05-13 10:02:43,782:INFO: Valid: [228][604/605]  Loss -8.1350 (-4.9507)
2022-05-13 10:04:20,203:INFO: Train: [229][2321/2322]  Loss -0.2919 (-1.7682)  Time:  0.199 (0.041)  Data Time:  0.021 (0.017)
2022-05-13 10:04:20,204:INFO:   Eta: 0:33:38
2022-05-13 10:04:31,305:INFO: Valid: [229][604/605]  Loss -7.9555 (-4.8372)
2022-05-13 10:05:35,457:INFO: Train: [230][2321/2322]  Loss -0.2602 (-1.7740)  Time:  0.324 (0.028)  Data Time:  0.001 (0.008)
2022-05-13 10:05:35,458:INFO:   Eta: 0:21:19
2022-05-13 10:05:50,094:INFO: Valid: [230][604/605]  Loss -8.0241 (-4.9073)
2022-05-13 10:07:23,856:INFO: Train: [231][2321/2322]  Loss -0.2535 (-1.7990)  Time:  0.351 (0.040)  Data Time:  0.021 (0.016)
2022-05-13 10:07:23,857:INFO:   Eta: 0:29:37
2022-05-13 10:07:40,294:INFO: Valid: [231][604/605]  Loss -7.9152 (-4.7942)
2022-05-13 10:09:21,459:INFO: Train: [232][2321/2322]  Loss -0.2232 (-1.5183)  Time:  0.171 (0.043)  Data Time:  0.023 (0.019)
2022-05-13 10:09:21,461:INFO:   Eta: 0:30:17
2022-05-13 10:09:28,416:INFO: Valid: [232][604/605]  Loss -7.3413 (-4.4367)
2022-05-13 10:10:18,241:INFO: Train: [233][2321/2322]  Loss -0.2322 (-1.7605)  Time:  0.274 (0.021)  Data Time:  0.020 (0.006)
2022-05-13 10:10:18,242:INFO:   Eta: 0:14:04
2022-05-13 10:10:32,040:INFO: Valid: [233][604/605]  Loss -8.1305 (-4.9721)
2022-05-13 10:12:01,335:INFO: Train: [234][2321/2322]  Loss -0.2633 (-1.6687)  Time:  0.318 (0.038)  Data Time:  0.021 (0.017)
2022-05-13 10:12:01,336:INFO:   Eta: 0:23:46
2022-05-13 10:12:16,298:INFO: Valid: [234][604/605]  Loss -8.0634 (-4.9432)
2022-05-13 10:13:48,871:INFO: Train: [235][2321/2322]  Loss -0.2397 (-1.7686)  Time:  0.315 (0.040)  Data Time:  0.022 (0.018)
2022-05-13 10:13:48,872:INFO:   Eta: 0:23:06
2022-05-13 10:14:03,662:INFO: Valid: [235][604/605]  Loss -7.9600 (-4.8649)
2022-05-13 10:15:37,460:INFO: Train: [236][2321/2322]  Loss -0.1636 (-1.7982)  Time:  0.319 (0.040)  Data Time:  0.001 (0.018)
2022-05-13 10:15:37,461:INFO:   Eta: 0:21:51
2022-05-13 10:15:52,870:INFO: Valid: [236][604/605]  Loss -8.0584 (-4.9569)
2022-05-13 10:17:26,932:INFO: Train: [237][2321/2322]  Loss -0.2234 (-1.7579)  Time:  0.329 (0.040)  Data Time:  0.022 (0.018)
2022-05-13 10:17:26,933:INFO:   Eta: 0:20:20
2022-05-13 10:17:41,711:INFO: Valid: [237][604/605]  Loss -8.2389 (-5.0138)
2022-05-13 10:19:13,336:INFO: Train: [238][2321/2322]  Loss -0.2881 (-1.8194)  Time:  0.334 (0.039)  Data Time:  0.022 (0.018)
2022-05-13 10:19:13,337:INFO:   Eta: 0:18:17
2022-05-13 10:19:28,217:INFO: Valid: [238][604/605]  Loss -6.2950 (-3.7950)
2022-05-13 10:21:01,705:INFO: Train: [239][2321/2322]  Loss -0.2362 (-1.6406)  Time:  0.311 (0.040)  Data Time:  0.021 (0.018)
2022-05-13 10:21:01,707:INFO:   Eta: 0:17:06
2022-05-13 10:21:16,665:INFO: Valid: [239][604/605]  Loss -8.3054 (-5.0889)
2022-05-13 10:21:16,773:INFO: Checkpoint saved...
2022-05-13 10:22:41,034:INFO: Train: [240][2321/2322]  Loss -0.2147 (-1.6551)  Time:  0.085 (0.036)  Data Time:  0.000 (0.016)
2022-05-13 10:22:41,035:INFO:   Eta: 0:14:01
2022-05-13 10:22:47,422:INFO: Valid: [240][604/605]  Loss -8.2552 (-5.0356)
2022-05-13 10:23:27,621:INFO: Train: [241][2321/2322]  Loss -0.2371 (-1.7878)  Time:  0.100 (0.017)  Data Time:  0.001 (0.003)
2022-05-13 10:23:27,622:INFO:   Eta: 0:06:00
2022-05-13 10:23:39,472:INFO: Valid: [241][604/605]  Loss -7.7559 (-4.7450)
2022-05-13 10:25:01,635:INFO: Train: [242][2321/2322]  Loss -0.2233 (-1.6954)  Time:  0.308 (0.035)  Data Time:  0.023 (0.015)
2022-05-13 10:25:01,636:INFO:   Eta: 0:10:56
2022-05-13 10:25:15,370:INFO: Valid: [242][604/605]  Loss -8.3687 (-5.1390)
2022-05-13 10:25:15,452:INFO: Checkpoint saved...
2022-05-13 10:26:44,864:INFO: Train: [243][2321/2322]  Loss -0.2346 (-1.8053)  Time:  0.305 (0.038)  Data Time:  0.023 (0.017)
2022-05-13 10:26:44,865:INFO:   Eta: 0:10:23
2022-05-13 10:26:59,493:INFO: Valid: [243][604/605]  Loss -8.0674 (-4.9359)
2022-05-13 10:28:31,000:INFO: Train: [244][2321/2322]  Loss -0.2166 (-1.7416)  Time:  0.333 (0.039)  Data Time:  0.008 (0.018)
2022-05-13 10:28:31,002:INFO:   Eta: 0:09:08
2022-05-13 10:28:45,608:INFO: Valid: [244][604/605]  Loss -8.2071 (-4.9985)
2022-05-13 10:30:16,653:INFO: Train: [245][2321/2322]  Loss -0.2529 (-1.7827)  Time:  0.308 (0.039)  Data Time:  0.023 (0.017)
2022-05-13 10:30:16,655:INFO:   Eta: 0:07:34
2022-05-13 10:30:31,047:INFO: Valid: [245][604/605]  Loss -8.1794 (-4.9711)
2022-05-13 10:32:01,267:INFO: Train: [246][2321/2322]  Loss -0.1844 (-1.7584)  Time:  0.332 (0.039)  Data Time:  0.022 (0.017)
2022-05-13 10:32:01,268:INFO:   Eta: 0:06:00
2022-05-13 10:32:15,936:INFO: Valid: [246][604/605]  Loss -8.0463 (-4.9063)
2022-05-13 10:33:46,409:INFO: Train: [247][2321/2322]  Loss -0.1936 (-1.7319)  Time:  0.292 (0.039)  Data Time:  0.023 (0.017)
2022-05-13 10:33:46,410:INFO:   Eta: 0:04:30
2022-05-13 10:34:00,575:INFO: Valid: [247][604/605]  Loss -7.9654 (-4.8315)
2022-05-13 10:35:30,922:INFO: Train: [248][2321/2322]  Loss -0.2114 (-1.7726)  Time:  0.301 (0.039)  Data Time:  0.022 (0.017)
2022-05-13 10:35:30,923:INFO:   Eta: 0:03:00
2022-05-13 10:35:43,138:INFO: Valid: [248][604/605]  Loss -7.9048 (-4.8160)
2022-05-13 10:36:22,565:INFO: Train: [249][2321/2322]  Loss -0.1586 (-1.6557)  Time:  0.088 (0.017)  Data Time:  0.000 (0.002)
2022-05-13 10:36:22,566:INFO:   Eta: 0:00:39
2022-05-13 10:36:29,203:INFO: Valid: [249][604/605]  Loss -8.3594 (-5.1614)
