2022-04-27 07:17:53,395:INFO: act=nn.Sigmoid
2022-04-27 07:17:53,395:INFO: batch_size=128
2022-04-27 07:17:53,395:INFO: clip_grad=None
2022-04-27 07:17:53,395:INFO: dataset=zara1
2022-04-27 07:17:53,395:INFO: dict_kernel_size=3
2022-04-27 07:17:53,395:INFO: drop=8
2022-04-27 07:17:53,395:INFO: gpu_num=None
2022-04-27 07:17:53,396:INFO: init=kmeans-valid-32
2022-04-27 07:17:53,396:INFO: input_size=2
2022-04-27 07:17:53,396:INFO: kernel_size=3
2022-04-27 07:17:53,396:INFO: log_dir=./runs/28-8.18488
2022-04-27 07:17:53,396:INFO: lr=0.01
2022-04-27 07:17:53,396:INFO: lr_sh_rate=150
2022-04-27 07:17:53,396:INFO: model=social_stgcnn28
2022-04-27 07:17:53,396:INFO: n_stgcnn=1
2022-04-27 07:17:53,396:INFO: n_txpcnn=5
2022-04-27 07:17:53,396:INFO: name=28-8.18488
2022-04-27 07:17:53,396:INFO: num_epochs=250
2022-04-27 07:17:53,397:INFO: obs_seq_len=8
2022-04-27 07:17:53,397:INFO: output_size=5
2022-04-27 07:17:53,397:INFO: pred_seq_len=12
2022-04-27 07:17:53,397:INFO: seed=18488
2022-04-27 07:17:53,397:INFO: tag=zara1
2022-04-27 07:17:53,397:INFO: use_lrschd=True
2022-04-27 07:17:53,397:INFO: ******************************
2022-04-27 07:17:53,397:INFO: Training initiating....
2022-04-27 07:17:53,397:INFO: Namespace(act='nn.Sigmoid', batch_size=128, clip_grad=None, dataset='zara1', dict_kernel_size=3, drop=8, gpu_num=None, init='kmeans-valid-32', input_size=2, kernel_size=3, log_dir='./runs/28-8.18488', lr=0.01, lr_sh_rate=150, model='social_stgcnn28', n_stgcnn=1, n_txpcnn=5, name='28-8.18488', num_epochs=250, obs_seq_len=8, output_size=5, pred_seq_len=12, seed=18488, tag='zara1', use_lrschd=True)
2022-04-27 07:17:53,405:INFO: Initializing train dataset
2022-04-27 07:56:11,198:INFO: act=nn.Sigmoid
2022-04-27 07:56:11,198:INFO: batch_size=128
2022-04-27 07:56:11,199:INFO: clip_grad=None
2022-04-27 07:56:11,199:INFO: dataset=zara1
2022-04-27 07:56:11,199:INFO: dict_kernel_size=3
2022-04-27 07:56:11,199:INFO: drop=8
2022-04-27 07:56:11,199:INFO: gpu_num=None
2022-04-27 07:56:11,199:INFO: init=kmeans-valid-32
2022-04-27 07:56:11,199:INFO: input_size=2
2022-04-27 07:56:11,199:INFO: kernel_size=3
2022-04-27 07:56:11,200:INFO: log_dir=./runs/28-8.18488
2022-04-27 07:56:11,200:INFO: lr=0.01
2022-04-27 07:56:11,200:INFO: lr_sh_rate=150
2022-04-27 07:56:11,200:INFO: model=social_stgcnn28
2022-04-27 07:56:11,200:INFO: n_stgcnn=1
2022-04-27 07:56:11,200:INFO: n_txpcnn=5
2022-04-27 07:56:11,200:INFO: name=28-8.18488
2022-04-27 07:56:11,200:INFO: num_epochs=250
2022-04-27 07:56:11,200:INFO: obs_seq_len=8
2022-04-27 07:56:11,201:INFO: output_size=5
2022-04-27 07:56:11,201:INFO: pred_seq_len=12
2022-04-27 07:56:11,201:INFO: seed=18488
2022-04-27 07:56:11,201:INFO: tag=zara1
2022-04-27 07:56:11,201:INFO: use_lrschd=True
2022-04-27 07:56:11,201:INFO: ******************************
2022-04-27 07:56:11,201:INFO: Training initiating....
2022-04-27 07:56:11,201:INFO: Namespace(act='nn.Sigmoid', batch_size=128, clip_grad=None, dataset='zara1', dict_kernel_size=3, drop=8, gpu_num=None, init='kmeans-valid-32', input_size=2, kernel_size=3, log_dir='./runs/28-8.18488', lr=0.01, lr_sh_rate=150, model='social_stgcnn28', n_stgcnn=1, n_txpcnn=5, name='28-8.18488', num_epochs=250, obs_seq_len=8, output_size=5, pred_seq_len=12, seed=18488, tag='zara1', use_lrschd=True)
2022-04-27 07:56:11,209:INFO: Initializing train dataset
2022-04-27 07:56:31,736:INFO: Initializing val dataset
2022-04-27 07:56:54,644:INFO: social_stgcnn28
2022-04-27 07:56:54,646:INFO: Data and model loaded
2022-04-27 07:56:54,646:INFO: Checkpoint dir: ./runs/28-8.18488/zara1/checkpoint
2022-04-27 07:56:54,646:INFO: Training started ...
2022-04-27 08:00:50,627:INFO: act=nn.Sigmoid
2022-04-27 08:00:50,627:INFO: batch_size=128
2022-04-27 08:00:50,627:INFO: clip_grad=None
2022-04-27 08:00:50,627:INFO: dataset=zara1
2022-04-27 08:00:50,627:INFO: dict_kernel_size=3
2022-04-27 08:00:50,627:INFO: drop=8
2022-04-27 08:00:50,627:INFO: gpu_num=None
2022-04-27 08:00:50,627:INFO: init=kmeans-valid-32
2022-04-27 08:00:50,627:INFO: input_size=2
2022-04-27 08:00:50,627:INFO: kernel_size=3
2022-04-27 08:00:50,627:INFO: log_dir=./runs/28-8.18488
2022-04-27 08:00:50,628:INFO: lr=0.01
2022-04-27 08:00:50,628:INFO: lr_sh_rate=150
2022-04-27 08:00:50,628:INFO: model=social_stgcnn28
2022-04-27 08:00:50,628:INFO: n_stgcnn=1
2022-04-27 08:00:50,628:INFO: n_txpcnn=5
2022-04-27 08:00:50,628:INFO: name=28-8.18488
2022-04-27 08:00:50,628:INFO: num_epochs=250
2022-04-27 08:00:50,628:INFO: obs_seq_len=8
2022-04-27 08:00:50,628:INFO: output_size=5
2022-04-27 08:00:50,628:INFO: pred_seq_len=12
2022-04-27 08:00:50,628:INFO: seed=18488
2022-04-27 08:00:50,628:INFO: tag=zara1
2022-04-27 08:00:50,628:INFO: use_lrschd=True
2022-04-27 08:00:50,628:INFO: ******************************
2022-04-27 08:00:50,629:INFO: Training initiating....
2022-04-27 08:00:50,629:INFO: Namespace(act='nn.Sigmoid', batch_size=128, clip_grad=None, dataset='zara1', dict_kernel_size=3, drop=8, gpu_num=None, init='kmeans-valid-32', input_size=2, kernel_size=3, log_dir='./runs/28-8.18488', lr=0.01, lr_sh_rate=150, model='social_stgcnn28', n_stgcnn=1, n_txpcnn=5, name='28-8.18488', num_epochs=250, obs_seq_len=8, output_size=5, pred_seq_len=12, seed=18488, tag='zara1', use_lrschd=True)
2022-04-27 08:00:50,634:INFO: Initializing train dataset
2022-04-27 08:01:07,237:INFO: Initializing val dataset
2022-04-27 12:06:24,431:INFO: act=nn.Sigmoid
2022-04-27 12:06:24,431:INFO: batch_size=128
2022-04-27 12:06:24,431:INFO: clip_grad=None
2022-04-27 12:06:24,431:INFO: dataset=zara1
2022-04-27 12:06:24,431:INFO: dict_kernel_size=3
2022-04-27 12:06:24,431:INFO: drop=8
2022-04-27 12:06:24,431:INFO: gpu_num=None
2022-04-27 12:06:24,431:INFO: init=kmeans-valid-32
2022-04-27 12:06:24,432:INFO: input_size=2
2022-04-27 12:06:24,432:INFO: kernel_size=3
2022-04-27 12:06:24,432:INFO: log_dir=./runs/28-8.18488
2022-04-27 12:06:24,432:INFO: lr=0.01
2022-04-27 12:06:24,432:INFO: lr_sh_rate=150
2022-04-27 12:06:24,432:INFO: model=social_stgcnn28
2022-04-27 12:06:24,432:INFO: n_stgcnn=1
2022-04-27 12:06:24,432:INFO: n_txpcnn=5
2022-04-27 12:06:24,432:INFO: name=28-8.18488
2022-04-27 12:06:24,432:INFO: num_epochs=250
2022-04-27 12:06:24,433:INFO: obs_seq_len=8
2022-04-27 12:06:24,433:INFO: output_size=5
2022-04-27 12:06:24,433:INFO: pred_seq_len=12
2022-04-27 12:06:24,433:INFO: seed=18488
2022-04-27 12:06:24,433:INFO: tag=zara1
2022-04-27 12:06:24,433:INFO: use_lrschd=True
2022-04-27 12:06:24,433:INFO: ******************************
2022-04-27 12:06:24,433:INFO: Training initiating....
2022-04-27 12:06:24,433:INFO: Namespace(act='nn.Sigmoid', batch_size=128, clip_grad=None, dataset='zara1', dict_kernel_size=3, drop=8, gpu_num=None, init='kmeans-valid-32', input_size=2, kernel_size=3, log_dir='./runs/28-8.18488', lr=0.01, lr_sh_rate=150, model='social_stgcnn28', n_stgcnn=1, n_txpcnn=5, name='28-8.18488', num_epochs=250, obs_seq_len=8, output_size=5, pred_seq_len=12, seed=18488, tag='zara1', use_lrschd=True)
2022-04-27 12:06:24,443:INFO: Initializing train dataset
2022-04-27 12:06:38,316:INFO: Initializing val dataset
2022-04-27 12:06:46,110:INFO: social_stgcnn28
2022-04-27 12:06:46,112:INFO: Data and model loaded
2022-04-27 12:06:46,112:INFO: Checkpoint dir: ./runs/28-8.18488/zara1/checkpoint
2022-04-27 12:06:46,112:INFO: Training started ...
2022-04-27 12:07:15,361:INFO: Train: [0][2321/2322]  Loss 0.1038 (1.2596)  Time:  0.096 (0.013)  Data Time:  0.003 (0.004)
2022-04-27 12:07:15,373:INFO:   Eta: 2:01:50
2022-04-27 12:07:45,011:INFO: Train: [1][2321/2322]  Loss 0.1330 (0.6282)  Time:  0.100 (0.013)  Data Time:  0.004 (0.004)
2022-04-27 12:07:45,012:INFO:   Eta: 2:02:38
2022-04-27 12:08:15,040:INFO: Train: [2][2321/2322]  Loss 0.0123 (0.4637)  Time:  0.121 (0.013)  Data Time:  0.004 (0.004)
2022-04-27 12:08:15,041:INFO:   Eta: 2:04:01
2022-04-27 12:08:44,472:INFO: Train: [3][2321/2322]  Loss -0.0138 (0.1628)  Time:  0.100 (0.013)  Data Time:  0.004 (0.004)
2022-04-27 12:08:44,473:INFO:   Eta: 2:01:05
2022-04-27 12:09:14,421:INFO: Train: [4][2321/2322]  Loss 0.0314 (0.0720)  Time:  0.119 (0.013)  Data Time:  0.004 (0.004)
2022-04-27 12:09:14,422:INFO:   Eta: 2:02:42
2022-04-27 12:09:44,097:INFO: Train: [5][2321/2322]  Loss -0.0151 (0.0016)  Time:  0.125 (0.013)  Data Time:  0.002 (0.004)
2022-04-27 12:09:44,110:INFO:   Eta: 2:01:06
2022-04-27 12:10:13,702:INFO: Train: [6][2321/2322]  Loss -0.0174 (-0.0522)  Time:  0.101 (0.013)  Data Time:  0.004 (0.004)
2022-04-27 12:10:13,703:INFO:   Eta: 1:59:54
2022-04-27 12:10:43,459:INFO: Train: [7][2321/2322]  Loss -0.0087 (-0.0870)  Time:  0.103 (0.013)  Data Time:  0.004 (0.004)
2022-04-27 12:10:43,460:INFO:   Eta: 2:00:26
2022-04-27 12:11:13,240:INFO: Train: [8][2321/2322]  Loss -0.0271 (-0.2047)  Time:  0.105 (0.013)  Data Time:  0.005 (0.005)
2022-04-27 12:11:13,242:INFO:   Eta: 2:00:02
2022-04-27 12:11:42,486:INFO: Train: [9][2321/2322]  Loss 0.0208 (-0.2735)  Time:  0.098 (0.013)  Data Time:  0.004 (0.004)
2022-04-27 12:11:42,495:INFO:   Eta: 1:57:23
2022-04-27 12:12:12,369:INFO: Train: [10][2321/2322]  Loss -0.0467 (-0.2909)  Time:  0.105 (0.013)  Data Time:  0.004 (0.005)
2022-04-27 12:12:12,371:INFO:   Eta: 1:59:01
2022-04-27 12:12:41,851:INFO: Train: [11][2321/2322]  Loss -0.0290 (-0.2590)  Time:  0.104 (0.013)  Data Time:  0.003 (0.004)
2022-04-27 12:12:41,852:INFO:   Eta: 1:57:21
2022-04-27 12:13:11,677:INFO: Train: [12][2321/2322]  Loss 0.0039 (-0.3282)  Time:  0.104 (0.013)  Data Time:  0.005 (0.004)
2022-04-27 12:13:11,679:INFO:   Eta: 1:58:14
2022-04-27 12:13:40,880:INFO: Train: [13][2321/2322]  Loss -0.0670 (-0.2875)  Time:  0.101 (0.013)  Data Time:  0.005 (0.004)
2022-04-27 12:13:40,881:INFO:   Eta: 1:55:16
2022-04-27 12:14:10,564:INFO: Train: [14][2321/2322]  Loss -0.0436 (-0.4269)  Time:  0.102 (0.013)  Data Time:  0.005 (0.004)
2022-04-27 12:14:10,565:INFO:   Eta: 1:56:41
2022-04-27 12:14:39,879:INFO: Train: [15][2321/2322]  Loss -0.0756 (-0.4223)  Time:  0.103 (0.013)  Data Time:  0.005 (0.004)
2022-04-27 12:14:39,880:INFO:   Eta: 1:54:38
2022-04-27 12:15:09,666:INFO: Train: [16][2321/2322]  Loss -0.0596 (-0.3505)  Time:  0.101 (0.013)  Data Time:  0.004 (0.004)
2022-04-27 12:15:09,668:INFO:   Eta: 1:55:41
2022-04-27 12:15:39,344:INFO: Train: [17][2321/2322]  Loss -0.0682 (-0.4926)  Time:  0.102 (0.013)  Data Time:  0.004 (0.004)
2022-04-27 12:15:39,345:INFO:   Eta: 1:55:09
2022-04-27 12:16:09,920:INFO: Train: [18][2321/2322]  Loss -0.0898 (-0.5552)  Time:  0.111 (0.013)  Data Time:  0.005 (0.004)
2022-04-27 12:16:09,932:INFO:   Eta: 1:58:09
2022-04-27 12:16:39,406:INFO: Train: [19][2321/2322]  Loss -0.0765 (-0.5130)  Time:  0.130 (0.013)  Data Time:  0.005 (0.004)
2022-04-27 12:16:39,409:INFO:   Eta: 1:52:55
2022-04-27 12:17:09,045:INFO: Train: [20][2321/2322]  Loss -0.1205 (-0.5351)  Time:  0.096 (0.013)  Data Time:  0.004 (0.004)
2022-04-27 12:17:09,058:INFO:   Eta: 1:53:28
2022-04-27 12:17:38,588:INFO: Train: [21][2321/2322]  Loss -0.0746 (-0.6092)  Time:  0.108 (0.013)  Data Time:  0.005 (0.004)
2022-04-27 12:17:38,601:INFO:   Eta: 1:52:23
2022-04-27 12:18:08,518:INFO: Train: [22][2321/2322]  Loss -0.0978 (-0.5937)  Time:  0.105 (0.013)  Data Time:  0.005 (0.004)
2022-04-27 12:18:08,519:INFO:   Eta: 1:53:13
2022-04-27 12:18:37,946:INFO: Train: [23][2321/2322]  Loss -0.1206 (-0.5856)  Time:  0.090 (0.013)  Data Time:  0.004 (0.004)
2022-04-27 12:18:37,947:INFO:   Eta: 1:51:16
2022-04-27 12:19:07,745:INFO: Train: [24][2321/2322]  Loss -0.0450 (-0.5736)  Time:  0.106 (0.013)  Data Time:  0.004 (0.004)
2022-04-27 12:19:07,747:INFO:   Eta: 1:52:10
2022-04-27 12:19:37,345:INFO: Train: [25][2321/2322]  Loss -0.1455 (-0.6736)  Time:  0.103 (0.013)  Data Time:  0.004 (0.004)
2022-04-27 12:19:37,355:INFO:   Eta: 1:50:55
2022-04-27 12:20:07,433:INFO: Train: [26][2321/2322]  Loss -0.0909 (-0.7213)  Time:  0.109 (0.013)  Data Time:  0.005 (0.004)
2022-04-27 12:20:07,434:INFO:   Eta: 1:51:57
2022-04-27 12:20:37,252:INFO: Train: [27][2321/2322]  Loss -0.1246 (-0.6678)  Time:  0.123 (0.013)  Data Time:  0.004 (0.004)
2022-04-27 12:20:37,254:INFO:   Eta: 1:50:45
2022-04-27 12:21:06,846:INFO: Train: [28][2321/2322]  Loss -0.0661 (-0.6932)  Time:  0.113 (0.013)  Data Time:  0.005 (0.004)
2022-04-27 12:21:06,847:INFO:   Eta: 1:49:24
2022-04-27 12:21:36,972:INFO: Train: [29][2321/2322]  Loss -0.1534 (-0.6302)  Time:  0.135 (0.013)  Data Time:  0.004 (0.004)
2022-04-27 12:21:36,974:INFO:   Eta: 1:50:54
2022-04-27 12:22:06,956:INFO: Train: [30][2321/2322]  Loss -0.1052 (-0.7293)  Time:  0.109 (0.013)  Data Time:  0.005 (0.005)
2022-04-27 12:22:06,957:INFO:   Eta: 1:49:52
2022-04-27 12:22:36,540:INFO: Train: [31][2321/2322]  Loss -0.1349 (-0.7426)  Time:  0.099 (0.013)  Data Time:  0.004 (0.004)
2022-04-27 12:22:36,542:INFO:   Eta: 1:47:54
2022-04-27 12:23:06,389:INFO: Train: [32][2321/2322]  Loss -0.1111 (-0.8261)  Time:  0.104 (0.013)  Data Time:  0.004 (0.004)
2022-04-27 12:23:06,400:INFO:   Eta: 1:48:21
2022-04-27 12:23:36,073:INFO: Train: [33][2321/2322]  Loss -0.1333 (-0.8063)  Time:  0.107 (0.013)  Data Time:  0.004 (0.004)
2022-04-27 12:23:36,074:INFO:   Eta: 1:46:56
2022-04-27 12:24:05,416:INFO: Train: [34][2321/2322]  Loss -0.1780 (-0.7960)  Time:  0.101 (0.013)  Data Time:  0.004 (0.004)
2022-04-27 12:24:05,417:INFO:   Eta: 1:45:33
2022-04-27 12:24:35,160:INFO: Train: [35][2321/2322]  Loss -0.1403 (-0.7874)  Time:  0.102 (0.013)  Data Time:  0.004 (0.004)
2022-04-27 12:24:35,162:INFO:   Eta: 1:46:30
2022-04-27 12:25:04,650:INFO: Train: [36][2321/2322]  Loss -0.1146 (-0.8293)  Time:  0.097 (0.013)  Data Time:  0.004 (0.004)
2022-04-27 12:25:04,651:INFO:   Eta: 1:45:06
2022-04-27 12:25:34,105:INFO: Train: [37][2321/2322]  Loss -0.1512 (-0.8264)  Time:  0.112 (0.013)  Data Time:  0.004 (0.004)
2022-04-27 12:25:34,106:INFO:   Eta: 1:44:29
2022-04-27 12:26:03,924:INFO: Train: [38][2321/2322]  Loss -0.1483 (-0.9496)  Time:  0.097 (0.013)  Data Time:  0.004 (0.004)
2022-04-27 12:26:03,935:INFO:   Eta: 1:45:17
2022-04-27 12:26:33,914:INFO: Train: [39][2321/2322]  Loss -0.1237 (-0.8732)  Time:  0.110 (0.013)  Data Time:  0.005 (0.005)
2022-04-27 12:26:33,915:INFO:   Eta: 1:45:05
2022-04-27 12:27:03,595:INFO: Train: [40][2321/2322]  Loss -0.0958 (-0.8173)  Time:  0.128 (0.013)  Data Time:  0.004 (0.004)
2022-04-27 12:27:03,597:INFO:   Eta: 1:43:48
2022-04-27 12:27:33,132:INFO: Train: [41][2321/2322]  Loss -0.1573 (-0.9214)  Time:  0.109 (0.013)  Data Time:  0.005 (0.004)
2022-04-27 12:27:33,141:INFO:   Eta: 1:42:48
2022-04-27 12:28:02,633:INFO: Train: [42][2321/2322]  Loss -0.1213 (-0.9851)  Time:  0.106 (0.013)  Data Time:  0.004 (0.004)
2022-04-27 12:28:02,634:INFO:   Eta: 1:41:56
2022-04-27 12:28:32,383:INFO: Train: [43][2321/2322]  Loss -0.1575 (-0.9464)  Time:  0.117 (0.013)  Data Time:  0.004 (0.004)
2022-04-27 12:28:32,384:INFO:   Eta: 1:42:34
2022-04-27 12:29:01,809:INFO: Train: [44][2321/2322]  Loss -0.1556 (-1.0082)  Time:  0.106 (0.013)  Data Time:  0.004 (0.004)
2022-04-27 12:29:01,809:INFO:   Eta: 1:40:58
2022-04-27 12:29:31,233:INFO: Train: [45][2321/2322]  Loss -0.1406 (-0.9475)  Time:  0.094 (0.013)  Data Time:  0.003 (0.004)
2022-04-27 12:29:31,234:INFO:   Eta: 1:40:28
2022-04-27 12:30:01,488:INFO: Train: [46][2321/2322]  Loss -0.1825 (-0.9368)  Time:  0.109 (0.013)  Data Time:  0.005 (0.004)
2022-04-27 12:30:01,488:INFO:   Eta: 1:42:25
2022-04-27 12:30:32,127:INFO: Train: [47][2321/2322]  Loss -0.0593 (-0.9082)  Time:  0.111 (0.013)  Data Time:  0.004 (0.004)
2022-04-27 12:30:32,127:INFO:   Eta: 1:43:22
2022-04-27 12:31:02,041:INFO: Train: [48][2321/2322]  Loss -0.0996 (-0.9785)  Time:  0.122 (0.013)  Data Time:  0.004 (0.005)
2022-04-27 12:31:02,052:INFO:   Eta: 1:40:38
2022-04-27 12:31:31,571:INFO: Train: [49][2321/2322]  Loss -0.1452 (-0.9631)  Time:  0.098 (0.013)  Data Time:  0.004 (0.004)
2022-04-27 12:31:31,572:INFO:   Eta: 1:38:33
2022-04-27 12:32:01,630:INFO: Train: [50][2321/2322]  Loss -0.1149 (-0.9291)  Time:  0.105 (0.013)  Data Time:  0.004 (0.005)
2022-04-27 12:32:01,631:INFO:   Eta: 1:40:08
2022-04-27 12:32:31,193:INFO: Train: [51][2321/2322]  Loss -0.2176 (-0.9294)  Time:  0.097 (0.013)  Data Time:  0.004 (0.004)
2022-04-27 12:32:31,202:INFO:   Eta: 1:37:59
2022-04-27 12:33:00,499:INFO: Train: [52][2321/2322]  Loss -0.1817 (-1.0116)  Time:  0.107 (0.013)  Data Time:  0.004 (0.004)
2022-04-27 12:33:00,500:INFO:   Eta: 1:36:23
2022-04-27 12:33:30,201:INFO: Train: [53][2321/2322]  Loss -0.0930 (-1.0194)  Time:  0.137 (0.013)  Data Time:  0.004 (0.004)
2022-04-27 12:33:30,202:INFO:   Eta: 1:37:27
2022-04-27 12:33:59,236:INFO: Train: [54][2321/2322]  Loss -0.1784 (-1.0413)  Time:  0.103 (0.012)  Data Time:  0.003 (0.004)
2022-04-27 12:33:59,246:INFO:   Eta: 1:34:47
2022-04-27 12:34:29,162:INFO: Train: [55][2321/2322]  Loss -0.1609 (-0.9131)  Time:  0.115 (0.013)  Data Time:  0.005 (0.004)
2022-04-27 12:34:29,163:INFO:   Eta: 1:36:55
2022-04-27 12:34:58,741:INFO: Train: [56][2321/2322]  Loss -0.1763 (-0.9882)  Time:  0.128 (0.013)  Data Time:  0.005 (0.004)
2022-04-27 12:34:58,754:INFO:   Eta: 1:35:34
2022-04-27 12:35:28,477:INFO: Train: [57][2321/2322]  Loss -0.1452 (-1.1007)  Time:  0.113 (0.013)  Data Time:  0.004 (0.004)
2022-04-27 12:35:28,478:INFO:   Eta: 1:35:15
2022-04-27 12:35:58,156:INFO: Train: [58][2321/2322]  Loss -0.1442 (-0.8814)  Time:  0.101 (0.013)  Data Time:  0.003 (0.004)
2022-04-27 12:35:58,157:INFO:   Eta: 1:34:54
2022-04-27 12:36:28,583:INFO: Train: [59][2321/2322]  Loss -0.1780 (-1.0131)  Time:  0.100 (0.013)  Data Time:  0.005 (0.004)
2022-04-27 12:36:28,596:INFO:   Eta: 1:36:46
2022-04-27 12:36:57,892:INFO: Train: [60][2321/2322]  Loss -0.1622 (-0.9074)  Time:  0.097 (0.013)  Data Time:  0.004 (0.004)
2022-04-27 12:36:57,893:INFO:   Eta: 1:32:25
2022-04-27 12:37:27,561:INFO: Train: [61][2321/2322]  Loss -0.1859 (-1.1181)  Time:  0.110 (0.013)  Data Time:  0.004 (0.004)
2022-04-27 12:37:27,584:INFO:   Eta: 1:33:24
2022-04-27 12:37:57,511:INFO: Train: [62][2321/2322]  Loss -0.1997 (-1.0877)  Time:  0.110 (0.013)  Data Time:  0.004 (0.004)
2022-04-27 12:37:57,524:INFO:   Eta: 1:33:20
2022-04-27 12:38:27,137:INFO: Train: [63][2321/2322]  Loss -0.1708 (-1.0375)  Time:  0.099 (0.013)  Data Time:  0.004 (0.004)
2022-04-27 12:38:27,138:INFO:   Eta: 1:31:57
2022-04-27 12:38:57,957:INFO: Train: [64][2321/2322]  Loss -0.1598 (-1.0841)  Time:  0.121 (0.013)  Data Time:  0.004 (0.004)
2022-04-27 12:38:57,959:INFO:   Eta: 1:35:29
2022-04-27 12:39:27,789:INFO: Train: [65][2321/2322]  Loss -0.1190 (-1.1573)  Time:  0.124 (0.013)  Data Time:  0.004 (0.004)
2022-04-27 12:39:27,790:INFO:   Eta: 1:31:55
2022-04-27 12:39:57,386:INFO: Train: [66][2321/2322]  Loss -0.1351 (-1.0233)  Time:  0.094 (0.013)  Data Time:  0.004 (0.004)
2022-04-27 12:39:57,395:INFO:   Eta: 1:30:42
2022-04-27 12:40:27,101:INFO: Train: [67][2321/2322]  Loss -0.1829 (-1.0983)  Time:  0.107 (0.013)  Data Time:  0.005 (0.004)
2022-04-27 12:40:27,102:INFO:   Eta: 1:30:20
2022-04-27 12:40:56,784:INFO: Train: [68][2321/2322]  Loss -0.1527 (-1.2132)  Time:  0.098 (0.013)  Data Time:  0.004 (0.004)
2022-04-27 12:40:56,797:INFO:   Eta: 1:29:58
2022-04-27 12:41:26,720:INFO: Train: [69][2321/2322]  Loss -0.1681 (-1.1929)  Time:  0.102 (0.013)  Data Time:  0.004 (0.004)
2022-04-27 12:41:26,722:INFO:   Eta: 1:29:53
2022-04-27 12:41:56,161:INFO: Train: [70][2321/2322]  Loss -0.1810 (-1.1679)  Time:  0.102 (0.013)  Data Time:  0.004 (0.004)
2022-04-27 12:41:56,161:INFO:   Eta: 1:28:15
2022-04-27 12:42:26,033:INFO: Train: [71][2321/2322]  Loss -0.1933 (-1.2110)  Time:  0.110 (0.013)  Data Time:  0.005 (0.005)
2022-04-27 12:42:26,034:INFO:   Eta: 1:29:04
2022-04-27 12:42:55,505:INFO: Train: [72][2321/2322]  Loss -0.1264 (-1.2356)  Time:  0.128 (0.013)  Data Time:  0.004 (0.004)
2022-04-27 12:42:55,506:INFO:   Eta: 1:27:22
2022-04-27 12:43:25,321:INFO: Train: [73][2321/2322]  Loss -0.2067 (-1.1982)  Time:  0.120 (0.013)  Data Time:  0.006 (0.004)
2022-04-27 12:43:25,330:INFO:   Eta: 1:27:54
2022-04-27 12:43:54,800:INFO: Train: [74][2321/2322]  Loss -0.1851 (-1.1003)  Time:  0.124 (0.013)  Data Time:  0.004 (0.004)
2022-04-27 12:43:54,801:INFO:   Eta: 1:26:11
2022-04-27 12:44:24,184:INFO: Train: [75][2321/2322]  Loss -0.1197 (-1.0485)  Time:  0.100 (0.013)  Data Time:  0.004 (0.004)
2022-04-27 12:44:24,185:INFO:   Eta: 1:25:38
2022-04-27 12:44:53,944:INFO: Train: [76][2321/2322]  Loss -0.1337 (-1.2425)  Time:  0.132 (0.013)  Data Time:  0.005 (0.005)
2022-04-27 12:44:53,945:INFO:   Eta: 1:26:15
2022-04-27 12:45:23,537:INFO: Train: [77][2321/2322]  Loss -0.1552 (-1.1959)  Time:  0.100 (0.013)  Data Time:  0.004 (0.004)
2022-04-27 12:45:23,538:INFO:   Eta: 1:25:16
2022-04-27 12:45:53,139:INFO: Train: [78][2321/2322]  Loss -0.1752 (-1.1309)  Time:  0.103 (0.013)  Data Time:  0.005 (0.004)
2022-04-27 12:45:53,140:INFO:   Eta: 1:24:48
2022-04-27 12:46:22,604:INFO: Train: [79][2321/2322]  Loss -0.1556 (-1.2151)  Time:  0.107 (0.013)  Data Time:  0.005 (0.004)
2022-04-27 12:46:22,606:INFO:   Eta: 1:23:55
2022-04-27 12:46:51,784:INFO: Train: [80][2321/2322]  Loss -0.2085 (-1.1950)  Time:  0.130 (0.013)  Data Time:  0.004 (0.004)
2022-04-27 12:46:51,784:INFO:   Eta: 1:22:35
2022-04-27 12:47:21,407:INFO: Train: [81][2321/2322]  Loss -0.1477 (-1.2161)  Time:  0.102 (0.013)  Data Time:  0.004 (0.004)
2022-04-27 12:47:21,418:INFO:   Eta: 1:23:23
2022-04-27 12:47:50,970:INFO: Train: [82][2321/2322]  Loss -0.1287 (-1.1585)  Time:  0.101 (0.013)  Data Time:  0.004 (0.004)
2022-04-27 12:47:50,971:INFO:   Eta: 1:22:27
2022-04-27 12:48:21,164:INFO: Train: [83][2321/2322]  Loss -0.1231 (-1.1564)  Time:  0.130 (0.013)  Data Time:  0.005 (0.004)
2022-04-27 12:48:21,165:INFO:   Eta: 1:23:59
2022-04-27 12:48:50,467:INFO: Train: [84][2321/2322]  Loss -0.1308 (-1.0769)  Time:  0.093 (0.013)  Data Time:  0.004 (0.004)
2022-04-27 12:48:50,468:INFO:   Eta: 1:21:01
2022-04-27 12:49:19,813:INFO: Train: [85][2321/2322]  Loss -0.1201 (-1.1031)  Time:  0.103 (0.013)  Data Time:  0.005 (0.004)
2022-04-27 12:49:19,814:INFO:   Eta: 1:20:39
2022-04-27 12:49:49,140:INFO: Train: [86][2321/2322]  Loss -0.2161 (-1.2008)  Time:  0.101 (0.013)  Data Time:  0.005 (0.004)
2022-04-27 12:49:49,153:INFO:   Eta: 1:20:06
2022-04-27 12:50:18,743:INFO: Train: [87][2321/2322]  Loss -0.0725 (-1.1046)  Time:  0.102 (0.013)  Data Time:  0.004 (0.004)
2022-04-27 12:50:18,744:INFO:   Eta: 1:20:08
2022-04-27 12:50:48,493:INFO: Train: [88][2321/2322]  Loss -0.1443 (-1.2608)  Time:  0.099 (0.013)  Data Time:  0.004 (0.004)
2022-04-27 12:50:48,494:INFO:   Eta: 1:20:16
2022-04-27 12:51:18,489:INFO: Train: [89][2321/2322]  Loss -0.1776 (-1.2242)  Time:  0.118 (0.013)  Data Time:  0.004 (0.004)
2022-04-27 12:51:18,498:INFO:   Eta: 1:20:25
2022-04-27 12:51:48,506:INFO: Train: [90][2321/2322]  Loss -0.1034 (-1.2899)  Time:  0.104 (0.013)  Data Time:  0.005 (0.004)
2022-04-27 12:51:48,515:INFO:   Eta: 1:19:12
2022-04-27 12:52:18,049:INFO: Train: [91][2321/2322]  Loss -0.1933 (-1.0531)  Time:  0.104 (0.013)  Data Time:  0.004 (0.004)
2022-04-27 12:52:18,062:INFO:   Eta: 1:17:57
2022-04-27 12:52:47,941:INFO: Train: [92][2321/2322]  Loss -0.1508 (-1.2449)  Time:  0.125 (0.013)  Data Time:  0.004 (0.004)
2022-04-27 12:52:47,942:INFO:   Eta: 1:18:23
2022-04-27 12:53:17,883:INFO: Train: [93][2321/2322]  Loss -0.2112 (-1.2777)  Time:  0.096 (0.013)  Data Time:  0.004 (0.004)
2022-04-27 12:53:17,884:INFO:   Eta: 1:18:18
2022-04-27 12:53:47,247:INFO: Train: [94][2321/2322]  Loss -0.1983 (-1.2567)  Time:  0.097 (0.013)  Data Time:  0.003 (0.004)
2022-04-27 12:53:47,258:INFO:   Eta: 1:16:17
2022-04-27 12:54:17,194:INFO: Train: [95][2321/2322]  Loss -0.1694 (-1.2277)  Time:  0.116 (0.013)  Data Time:  0.004 (0.004)
2022-04-27 12:54:17,195:INFO:   Eta: 1:17:04
2022-04-27 12:54:47,208:INFO: Train: [96][2321/2322]  Loss -0.2108 (-1.2828)  Time:  0.100 (0.013)  Data Time:  0.004 (0.004)
2022-04-27 12:54:47,218:INFO:   Eta: 1:16:59
2022-04-27 12:55:16,800:INFO: Train: [97][2321/2322]  Loss -0.1879 (-1.2814)  Time:  0.102 (0.013)  Data Time:  0.004 (0.004)
2022-04-27 12:55:16,811:INFO:   Eta: 1:15:12
2022-04-27 12:55:46,370:INFO: Train: [98][2321/2322]  Loss -0.1798 (-1.2894)  Time:  0.101 (0.013)  Data Time:  0.005 (0.004)
2022-04-27 12:55:46,371:INFO:   Eta: 1:14:38
2022-04-27 12:56:16,294:INFO: Train: [99][2321/2322]  Loss -0.2194 (-1.2587)  Time:  0.119 (0.013)  Data Time:  0.004 (0.004)
2022-04-27 12:56:16,304:INFO:   Eta: 1:15:15
2022-04-27 12:56:46,199:INFO: Train: [100][2321/2322]  Loss -0.1585 (-1.3076)  Time:  0.094 (0.013)  Data Time:  0.005 (0.005)
2022-04-27 12:56:46,201:INFO:   Eta: 1:14:26
2022-04-27 12:57:15,649:INFO: Train: [101][2321/2322]  Loss -0.1811 (-1.2807)  Time:  0.094 (0.013)  Data Time:  0.004 (0.004)
2022-04-27 12:57:15,651:INFO:   Eta: 1:13:05
2022-04-27 12:57:45,571:INFO: Train: [102][2321/2322]  Loss -0.1974 (-1.2809)  Time:  0.101 (0.013)  Data Time:  0.004 (0.004)
2022-04-27 12:57:45,572:INFO:   Eta: 1:13:44
2022-04-27 12:58:15,056:INFO: Train: [103][2321/2322]  Loss -0.1708 (-1.3192)  Time:  0.100 (0.013)  Data Time:  0.004 (0.004)
2022-04-27 12:58:15,057:INFO:   Eta: 1:12:11
2022-04-27 12:58:44,603:INFO: Train: [104][2321/2322]  Loss -0.1759 (-1.2675)  Time:  0.106 (0.013)  Data Time:  0.004 (0.004)
2022-04-27 12:58:44,604:INFO:   Eta: 1:11:51
2022-04-27 12:59:14,393:INFO: Train: [105][2321/2322]  Loss -0.1877 (-1.2751)  Time:  0.124 (0.013)  Data Time:  0.004 (0.004)
2022-04-27 12:59:14,394:INFO:   Eta: 1:11:57
2022-04-27 12:59:44,029:INFO: Train: [106][2321/2322]  Loss -0.1794 (-1.2709)  Time:  0.123 (0.013)  Data Time:  0.004 (0.004)
2022-04-27 12:59:44,029:INFO:   Eta: 1:10:51
2022-04-27 13:00:14,142:INFO: Train: [107][2321/2322]  Loss -0.2074 (-1.4015)  Time:  0.108 (0.013)  Data Time:  0.005 (0.005)
2022-04-27 13:00:14,142:INFO:   Eta: 1:11:30
2022-04-27 13:00:43,785:INFO: Train: [108][2321/2322]  Loss -0.1741 (-1.3339)  Time:  0.108 (0.013)  Data Time:  0.005 (0.004)
2022-04-27 13:00:43,786:INFO:   Eta: 1:10:06
2022-04-27 13:01:13,506:INFO: Train: [109][2321/2322]  Loss -0.1865 (-1.2910)  Time:  0.098 (0.013)  Data Time:  0.004 (0.004)
2022-04-27 13:01:13,508:INFO:   Eta: 1:09:48
2022-04-27 13:01:42,596:INFO: Train: [110][2321/2322]  Loss -0.2107 (-1.3455)  Time:  0.099 (0.013)  Data Time:  0.005 (0.004)
2022-04-27 13:01:42,597:INFO:   Eta: 1:07:49
2022-04-27 13:02:12,007:INFO: Train: [111][2321/2322]  Loss -0.1649 (-1.2798)  Time:  0.095 (0.013)  Data Time:  0.004 (0.004)
2022-04-27 13:02:12,019:INFO:   Eta: 1:08:05
2022-04-27 13:02:41,997:INFO: Train: [112][2321/2322]  Loss -0.1792 (-1.2755)  Time:  0.134 (0.013)  Data Time:  0.005 (0.005)
2022-04-27 13:02:42,009:INFO:   Eta: 1:08:43
2022-04-27 13:03:11,665:INFO: Train: [113][2321/2322]  Loss -0.1267 (-1.3584)  Time:  0.095 (0.013)  Data Time:  0.004 (0.004)
2022-04-27 13:03:11,666:INFO:   Eta: 1:07:28
2022-04-27 13:03:41,331:INFO: Train: [114][2321/2322]  Loss -0.1547 (-1.2461)  Time:  0.097 (0.013)  Data Time:  0.004 (0.004)
2022-04-27 13:03:41,332:INFO:   Eta: 1:07:11
2022-04-27 13:04:10,744:INFO: Train: [115][2321/2322]  Loss -0.1087 (-1.3655)  Time:  0.120 (0.013)  Data Time:  0.004 (0.004)
2022-04-27 13:04:10,745:INFO:   Eta: 1:06:08
2022-04-27 13:04:40,439:INFO: Train: [116][2321/2322]  Loss -0.1862 (-1.3792)  Time:  0.118 (0.013)  Data Time:  0.005 (0.004)
2022-04-27 13:04:40,451:INFO:   Eta: 1:06:16
2022-04-27 13:05:10,071:INFO: Train: [117][2321/2322]  Loss -0.1355 (-1.4092)  Time:  0.100 (0.013)  Data Time:  0.004 (0.004)
2022-04-27 13:05:10,084:INFO:   Eta: 1:05:20
2022-04-27 13:05:39,813:INFO: Train: [118][2321/2322]  Loss -0.1778 (-1.3841)  Time:  0.124 (0.013)  Data Time:  0.005 (0.005)
2022-04-27 13:05:39,824:INFO:   Eta: 1:05:16
2022-04-27 13:06:09,429:INFO: Train: [119][2321/2322]  Loss -0.1925 (-1.3831)  Time:  0.106 (0.013)  Data Time:  0.005 (0.004)
2022-04-27 13:06:09,442:INFO:   Eta: 1:04:20
2022-04-27 13:06:38,598:INFO: Train: [120][2321/2322]  Loss -0.1522 (-1.2844)  Time:  0.102 (0.013)  Data Time:  0.004 (0.004)
2022-04-27 13:06:38,599:INFO:   Eta: 1:02:57
2022-04-27 13:07:08,104:INFO: Train: [121][2321/2322]  Loss -0.2148 (-1.3604)  Time:  0.122 (0.013)  Data Time:  0.004 (0.004)
2022-04-27 13:07:08,106:INFO:   Eta: 1:03:24
2022-04-27 13:07:37,789:INFO: Train: [122][2321/2322]  Loss -0.1566 (-1.3820)  Time:  0.101 (0.013)  Data Time:  0.005 (0.004)
2022-04-27 13:07:37,790:INFO:   Eta: 1:03:16
2022-04-27 13:08:07,286:INFO: Train: [123][2321/2322]  Loss -0.1973 (-1.3428)  Time:  0.108 (0.013)  Data Time:  0.004 (0.004)
2022-04-27 13:08:07,287:INFO:   Eta: 1:02:23
2022-04-27 13:08:36,955:INFO: Train: [124][2321/2322]  Loss -0.2493 (-1.3454)  Time:  0.136 (0.013)  Data Time:  0.005 (0.005)
2022-04-27 13:08:36,965:INFO:   Eta: 1:02:16
2022-04-27 13:09:06,636:INFO: Train: [125][2321/2322]  Loss -0.2072 (-1.3588)  Time:  0.113 (0.013)  Data Time:  0.004 (0.004)
2022-04-27 13:09:06,670:INFO:   Eta: 1:01:35
2022-04-27 13:09:36,777:INFO: Train: [126][2321/2322]  Loss -0.2170 (-1.3750)  Time:  0.126 (0.013)  Data Time:  0.003 (0.005)
2022-04-27 13:09:36,779:INFO:   Eta: 1:02:02
2022-04-27 13:10:06,537:INFO: Train: [127][2321/2322]  Loss -0.1594 (-1.3783)  Time:  0.106 (0.013)  Data Time:  0.004 (0.005)
2022-04-27 13:10:06,549:INFO:   Eta: 1:00:58
2022-04-27 13:10:36,106:INFO: Train: [128][2321/2322]  Loss -0.1930 (-1.4415)  Time:  0.103 (0.013)  Data Time:  0.004 (0.004)
2022-04-27 13:10:36,117:INFO:   Eta: 0:59:53
2022-04-27 13:11:06,001:INFO: Train: [129][2321/2322]  Loss -0.2089 (-1.3137)  Time:  0.110 (0.013)  Data Time:  0.004 (0.004)
2022-04-27 13:11:06,011:INFO:   Eta: 0:59:59
2022-04-27 13:11:35,847:INFO: Train: [130][2321/2322]  Loss -0.1977 (-1.4208)  Time:  0.127 (0.013)  Data Time:  0.004 (0.004)
2022-04-27 13:11:35,849:INFO:   Eta: 0:59:29
2022-04-27 13:12:06,141:INFO: Train: [131][2321/2322]  Loss -0.2424 (-1.3894)  Time:  0.108 (0.013)  Data Time:  0.005 (0.004)
2022-04-27 13:12:06,142:INFO:   Eta: 1:00:02
2022-04-27 13:12:35,587:INFO: Train: [132][2321/2322]  Loss -0.1743 (-1.2524)  Time:  0.124 (0.013)  Data Time:  0.003 (0.004)
2022-04-27 13:12:35,588:INFO:   Eta: 0:57:51
2022-04-27 13:13:06,256:INFO: Train: [133][2321/2322]  Loss -0.2421 (-1.3974)  Time:  0.095 (0.013)  Data Time:  0.004 (0.004)
2022-04-27 13:13:06,257:INFO:   Eta: 0:59:46
2022-04-27 13:13:35,716:INFO: Train: [134][2321/2322]  Loss -0.1673 (-1.4038)  Time:  0.096 (0.013)  Data Time:  0.004 (0.004)
2022-04-27 13:13:35,717:INFO:   Eta: 0:56:55
2022-04-27 13:14:05,685:INFO: Train: [135][2321/2322]  Loss -0.1749 (-1.4228)  Time:  0.112 (0.013)  Data Time:  0.004 (0.004)
2022-04-27 13:14:05,685:INFO:   Eta: 0:57:24
2022-04-27 13:14:35,842:INFO: Train: [136][2321/2322]  Loss -0.2011 (-1.4214)  Time:  0.105 (0.013)  Data Time:  0.005 (0.004)
2022-04-27 13:14:35,842:INFO:   Eta: 0:57:15
2022-04-27 13:15:05,380:INFO: Train: [137][2321/2322]  Loss -0.1814 (-1.4134)  Time:  0.119 (0.013)  Data Time:  0.005 (0.004)
2022-04-27 13:15:05,381:INFO:   Eta: 0:55:25
2022-04-27 13:15:35,229:INFO: Train: [138][2321/2322]  Loss -0.1872 (-1.4350)  Time:  0.102 (0.013)  Data Time:  0.004 (0.004)
2022-04-27 13:15:35,230:INFO:   Eta: 0:55:32
2022-04-27 13:16:04,664:INFO: Train: [139][2321/2322]  Loss -0.1943 (-1.3478)  Time:  0.096 (0.013)  Data Time:  0.003 (0.004)
2022-04-27 13:16:04,665:INFO:   Eta: 0:54:19
2022-04-27 13:16:34,233:INFO: Train: [140][2321/2322]  Loss -0.2436 (-1.3766)  Time:  0.092 (0.013)  Data Time:  0.003 (0.004)
2022-04-27 13:16:34,238:INFO:   Eta: 0:54:07
2022-04-27 13:17:03,714:INFO: Train: [141][2321/2322]  Loss -0.1253 (-1.2444)  Time:  0.096 (0.013)  Data Time:  0.004 (0.004)
2022-04-27 13:17:03,715:INFO:   Eta: 0:53:29
2022-04-27 13:17:33,406:INFO: Train: [142][2321/2322]  Loss -0.2025 (-1.3905)  Time:  0.100 (0.013)  Data Time:  0.004 (0.004)
2022-04-27 13:17:33,414:INFO:   Eta: 0:53:24
2022-04-27 13:18:03,263:INFO: Train: [143][2321/2322]  Loss -0.2241 (-1.4631)  Time:  0.118 (0.013)  Data Time:  0.003 (0.004)
2022-04-27 13:18:03,265:INFO:   Eta: 0:52:59
2022-04-27 13:18:33,235:INFO: Train: [144][2321/2322]  Loss -0.2059 (-1.4349)  Time:  0.121 (0.013)  Data Time:  0.004 (0.004)
2022-04-27 13:18:33,245:INFO:   Eta: 0:52:55
2022-04-27 13:19:03,056:INFO: Train: [145][2321/2322]  Loss -0.1891 (-1.4455)  Time:  0.098 (0.013)  Data Time:  0.004 (0.004)
2022-04-27 13:19:03,057:INFO:   Eta: 0:52:00
2022-04-27 13:19:32,613:INFO: Train: [146][2321/2322]  Loss -0.1971 (-1.4442)  Time:  0.096 (0.013)  Data Time:  0.004 (0.004)
2022-04-27 13:19:32,614:INFO:   Eta: 0:51:11
2022-04-27 13:20:02,847:INFO: Train: [147][2321/2322]  Loss -0.1854 (-1.2646)  Time:  0.118 (0.013)  Data Time:  0.004 (0.004)
2022-04-27 13:20:02,848:INFO:   Eta: 0:51:52
2022-04-27 13:20:32,689:INFO: Train: [148][2321/2322]  Loss -0.2347 (-1.3738)  Time:  0.100 (0.013)  Data Time:  0.004 (0.004)
2022-04-27 13:20:32,690:INFO:   Eta: 0:50:42
2022-04-27 13:21:03,129:INFO: Train: [149][2321/2322]  Loss -0.2024 (-1.5207)  Time:  0.113 (0.013)  Data Time:  0.003 (0.004)
2022-04-27 13:21:03,137:INFO:   Eta: 0:51:12
2022-04-27 13:21:33,169:INFO: Train: [150][2321/2322]  Loss -0.2524 (-1.6065)  Time:  0.106 (0.013)  Data Time:  0.005 (0.004)
2022-04-27 13:21:33,182:INFO:   Eta: 0:49:54
2022-04-27 13:22:03,127:INFO: Train: [151][2321/2322]  Loss -0.2600 (-1.6481)  Time:  0.098 (0.013)  Data Time:  0.004 (0.004)
2022-04-27 13:22:03,128:INFO:   Eta: 0:49:11
2022-04-27 13:22:08,983:INFO: Valid: [151][604/605]  Loss -7.9522 (-5.0026)
2022-04-27 13:22:09,003:INFO: Checkpoint saved...
2022-04-27 13:22:38,685:INFO: Train: [152][2321/2322]  Loss -0.2449 (-1.6281)  Time:  0.102 (0.013)  Data Time:  0.004 (0.004)
2022-04-27 13:22:38,687:INFO:   Eta: 0:48:25
2022-04-27 13:22:44,541:INFO: Valid: [152][604/605]  Loss -8.1769 (-5.1385)
2022-04-27 13:22:44,618:INFO: Checkpoint saved...
2022-04-27 13:23:14,942:INFO: Train: [153][2321/2322]  Loss -0.1915 (-1.5603)  Time:  0.106 (0.013)  Data Time:  0.004 (0.004)
2022-04-27 13:23:14,944:INFO:   Eta: 0:48:50
2022-04-27 13:23:20,899:INFO: Valid: [153][604/605]  Loss -8.3890 (-5.2667)
2022-04-27 13:23:21,032:INFO: Checkpoint saved...
2022-04-27 13:23:50,663:INFO: Train: [154][2321/2322]  Loss -0.2062 (-1.6220)  Time:  0.092 (0.013)  Data Time:  0.004 (0.004)
2022-04-27 13:23:50,676:INFO:   Eta: 0:47:13
2022-04-27 13:23:56,854:INFO: Valid: [154][604/605]  Loss -8.0399 (-5.0602)
2022-04-27 13:24:26,575:INFO: Train: [155][2321/2322]  Loss -0.2361 (-1.5565)  Time:  0.103 (0.013)  Data Time:  0.004 (0.004)
2022-04-27 13:24:26,577:INFO:   Eta: 0:46:59
2022-04-27 13:24:32,569:INFO: Valid: [155][604/605]  Loss -8.3497 (-5.2459)
2022-04-27 13:25:02,513:INFO: Train: [156][2321/2322]  Loss -0.2505 (-1.4844)  Time:  0.108 (0.013)  Data Time:  0.005 (0.004)
2022-04-27 13:25:02,514:INFO:   Eta: 0:46:51
2022-04-27 13:25:08,234:INFO: Valid: [156][604/605]  Loss -8.0245 (-5.0671)
2022-04-27 13:25:37,958:INFO: Train: [157][2321/2322]  Loss -0.2419 (-1.5226)  Time:  0.127 (0.013)  Data Time:  0.004 (0.004)
2022-04-27 13:25:37,960:INFO:   Eta: 0:46:01
2022-04-27 13:25:43,782:INFO: Valid: [157][604/605]  Loss -8.4294 (-5.2938)
2022-04-27 13:25:43,802:INFO: Checkpoint saved...
2022-04-27 13:26:13,380:INFO: Train: [158][2321/2322]  Loss -0.1980 (-1.5568)  Time:  0.108 (0.013)  Data Time:  0.005 (0.004)
2022-04-27 13:26:13,382:INFO:   Eta: 0:45:18
2022-04-27 13:26:19,602:INFO: Valid: [158][604/605]  Loss -8.2679 (-5.2102)
2022-04-27 13:26:49,824:INFO: Train: [159][2321/2322]  Loss -0.2277 (-1.6236)  Time:  0.119 (0.013)  Data Time:  0.005 (0.004)
2022-04-27 13:26:49,826:INFO:   Eta: 0:45:46
2022-04-27 13:26:55,754:INFO: Valid: [159][604/605]  Loss -8.2877 (-5.1966)
2022-04-27 13:27:25,744:INFO: Train: [160][2321/2322]  Loss -0.2706 (-1.6214)  Time:  0.117 (0.013)  Data Time:  0.004 (0.004)
2022-04-27 13:27:25,745:INFO:   Eta: 0:44:56
2022-04-27 13:27:31,818:INFO: Valid: [160][604/605]  Loss -8.2111 (-5.1753)
2022-04-27 13:28:01,383:INFO: Train: [161][2321/2322]  Loss -0.2011 (-1.6557)  Time:  0.096 (0.013)  Data Time:  0.004 (0.004)
2022-04-27 13:28:01,384:INFO:   Eta: 0:43:48
2022-04-27 13:28:07,382:INFO: Valid: [161][604/605]  Loss -7.5243 (-4.7664)
2022-04-27 13:28:37,982:INFO: Train: [162][2321/2322]  Loss -0.2626 (-1.6989)  Time:  0.114 (0.013)  Data Time:  0.005 (0.004)
2022-04-27 13:28:37,983:INFO:   Eta: 0:44:49
2022-04-27 13:28:43,936:INFO: Valid: [162][604/605]  Loss -8.1695 (-5.1257)
2022-04-27 13:29:13,603:INFO: Train: [163][2321/2322]  Loss -0.2270 (-1.6684)  Time:  0.104 (0.013)  Data Time:  0.003 (0.004)
2022-04-27 13:29:13,604:INFO:   Eta: 0:42:49
2022-04-27 13:29:19,570:INFO: Valid: [163][604/605]  Loss -8.0286 (-5.0523)
2022-04-27 13:29:49,697:INFO: Train: [164][2321/2322]  Loss -0.2429 (-1.6472)  Time:  0.102 (0.013)  Data Time:  0.004 (0.004)
2022-04-27 13:29:49,699:INFO:   Eta: 0:43:01
2022-04-27 13:29:55,304:INFO: Valid: [164][604/605]  Loss -6.9253 (-4.3607)
2022-04-27 13:30:25,481:INFO: Train: [165][2321/2322]  Loss -0.2584 (-1.7003)  Time:  0.103 (0.013)  Data Time:  0.004 (0.004)
2022-04-27 13:30:25,483:INFO:   Eta: 0:42:42
2022-04-27 13:30:31,296:INFO: Valid: [165][604/605]  Loss -8.3062 (-5.1900)
2022-04-27 13:31:01,650:INFO: Train: [166][2321/2322]  Loss -0.2456 (-1.6792)  Time:  0.134 (0.013)  Data Time:  0.004 (0.004)
2022-04-27 13:31:01,651:INFO:   Eta: 0:42:18
2022-04-27 13:31:07,595:INFO: Valid: [166][604/605]  Loss -7.5953 (-4.7820)
2022-04-27 13:31:37,667:INFO: Train: [167][2321/2322]  Loss -0.2446 (-1.6763)  Time:  0.102 (0.013)  Data Time:  0.004 (0.004)
2022-04-27 13:31:37,668:INFO:   Eta: 0:41:24
2022-04-27 13:31:43,573:INFO: Valid: [167][604/605]  Loss -8.2389 (-5.1803)
2022-04-27 13:32:13,835:INFO: Train: [168][2321/2322]  Loss -0.2162 (-1.6817)  Time:  0.105 (0.013)  Data Time:  0.004 (0.004)
2022-04-27 13:32:13,836:INFO:   Eta: 0:41:19
2022-04-27 13:32:19,885:INFO: Valid: [168][604/605]  Loss -8.1380 (-5.1102)
2022-04-27 13:32:50,426:INFO: Train: [169][2321/2322]  Loss -0.1776 (-1.6195)  Time:  0.113 (0.013)  Data Time:  0.004 (0.004)
2022-04-27 13:32:50,428:INFO:   Eta: 0:41:11
2022-04-27 13:32:56,252:INFO: Valid: [169][604/605]  Loss -7.6229 (-4.8246)
2022-04-27 13:33:26,836:INFO: Train: [170][2321/2322]  Loss -0.2356 (-1.4443)  Time:  0.104 (0.013)  Data Time:  0.004 (0.004)
2022-04-27 13:33:26,847:INFO:   Eta: 0:40:38
2022-04-27 13:33:32,460:INFO: Valid: [170][604/605]  Loss -8.4181 (-5.2769)
2022-04-27 13:34:02,594:INFO: Train: [171][2321/2322]  Loss -0.2480 (-1.5779)  Time:  0.134 (0.013)  Data Time:  0.004 (0.004)
2022-04-27 13:34:02,595:INFO:   Eta: 0:39:37
2022-04-27 13:34:08,783:INFO: Valid: [171][604/605]  Loss -8.3385 (-5.2514)
2022-04-27 13:34:39,027:INFO: Train: [172][2321/2322]  Loss -0.2010 (-1.6917)  Time:  0.108 (0.013)  Data Time:  0.004 (0.004)
2022-04-27 13:34:39,038:INFO:   Eta: 0:39:09
2022-04-27 13:34:45,091:INFO: Valid: [172][604/605]  Loss -8.4076 (-5.2853)
2022-04-27 13:35:15,322:INFO: Train: [173][2321/2322]  Loss -0.2199 (-1.6422)  Time:  0.097 (0.013)  Data Time:  0.004 (0.004)
2022-04-27 13:35:15,324:INFO:   Eta: 0:38:43
2022-04-27 13:35:21,416:INFO: Valid: [173][604/605]  Loss -8.3678 (-5.2546)
2022-04-27 13:35:51,758:INFO: Train: [174][2321/2322]  Loss -0.2411 (-1.6339)  Time:  0.113 (0.013)  Data Time:  0.004 (0.004)
2022-04-27 13:35:51,772:INFO:   Eta: 0:38:23
2022-04-27 13:35:57,867:INFO: Valid: [174][604/605]  Loss -8.3670 (-5.2712)
2022-04-27 13:36:28,294:INFO: Train: [175][2321/2322]  Loss -0.2119 (-1.4581)  Time:  0.101 (0.013)  Data Time:  0.005 (0.004)
2022-04-27 13:36:28,314:INFO:   Eta: 0:37:56
2022-04-27 13:36:34,484:INFO: Valid: [175][604/605]  Loss -8.4820 (-5.3225)
2022-04-27 13:36:34,515:INFO: Checkpoint saved...
2022-04-27 13:37:05,393:INFO: Train: [176][2321/2322]  Loss -0.1802 (-1.6093)  Time:  0.119 (0.013)  Data Time:  0.004 (0.004)
2022-04-27 13:37:05,394:INFO:   Eta: 0:38:01
2022-04-27 13:37:11,229:INFO: Valid: [176][604/605]  Loss -8.3171 (-5.2138)
2022-04-27 13:37:41,366:INFO: Train: [177][2321/2322]  Loss -0.2568 (-1.7103)  Time:  0.100 (0.013)  Data Time:  0.004 (0.004)
2022-04-27 13:37:41,369:INFO:   Eta: 0:36:34
2022-04-27 13:37:47,328:INFO: Valid: [177][604/605]  Loss -7.4873 (-4.7013)
2022-04-27 13:38:17,932:INFO: Train: [178][2321/2322]  Loss -0.2456 (-1.7158)  Time:  0.105 (0.013)  Data Time:  0.005 (0.004)
2022-04-27 13:38:17,935:INFO:   Eta: 0:36:32
2022-04-27 13:38:24,061:INFO: Valid: [178][604/605]  Loss -8.0241 (-5.0191)
2022-04-27 13:38:54,856:INFO: Train: [179][2321/2322]  Loss -0.2353 (-1.5521)  Time:  0.098 (0.013)  Data Time:  0.003 (0.004)
2022-04-27 13:38:54,859:INFO:   Eta: 0:36:15
2022-04-27 13:39:00,904:INFO: Valid: [179][604/605]  Loss -5.5926 (-3.5774)
2022-04-27 13:39:30,837:INFO: Train: [180][2321/2322]  Loss -0.2688 (-1.5814)  Time:  0.104 (0.013)  Data Time:  0.004 (0.004)
2022-04-27 13:39:30,849:INFO:   Eta: 0:34:51
2022-04-27 13:39:36,869:INFO: Valid: [180][604/605]  Loss -8.0177 (-5.0463)
2022-04-27 13:40:07,005:INFO: Train: [181][2321/2322]  Loss -0.2225 (-1.5129)  Time:  0.111 (0.013)  Data Time:  0.005 (0.004)
2022-04-27 13:40:07,008:INFO:   Eta: 0:34:34
2022-04-27 13:40:12,965:INFO: Valid: [181][604/605]  Loss -7.4644 (-4.6983)
2022-04-27 13:40:44,133:INFO: Train: [182][2321/2322]  Loss -0.2228 (-1.4349)  Time:  0.105 (0.013)  Data Time:  0.004 (0.004)
2022-04-27 13:40:44,148:INFO:   Eta: 0:35:15
2022-04-27 13:40:50,278:INFO: Valid: [182][604/605]  Loss -8.2357 (-5.2326)
2022-04-27 13:41:20,881:INFO: Train: [183][2321/2322]  Loss -0.1630 (-1.6564)  Time:  0.115 (0.013)  Data Time:  0.004 (0.004)
2022-04-27 13:41:20,884:INFO:   Eta: 0:34:07
2022-04-27 13:41:27,045:INFO: Valid: [183][604/605]  Loss -8.4938 (-5.3239)
2022-04-27 13:41:27,076:INFO: Checkpoint saved...
2022-04-27 13:41:57,517:INFO: Train: [184][2321/2322]  Loss -0.2651 (-1.6890)  Time:  0.095 (0.013)  Data Time:  0.003 (0.004)
2022-04-27 13:41:57,520:INFO:   Eta: 0:33:25
2022-04-27 13:42:03,651:INFO: Valid: [184][604/605]  Loss -7.8071 (-4.9381)
2022-04-27 13:42:34,357:INFO: Train: [185][2321/2322]  Loss -0.1982 (-1.5043)  Time:  0.109 (0.013)  Data Time:  0.005 (0.004)
2022-04-27 13:42:34,359:INFO:   Eta: 0:33:02
2022-04-27 13:42:40,497:INFO: Valid: [185][604/605]  Loss -8.3129 (-5.2202)
2022-04-27 13:43:10,776:INFO: Train: [186][2321/2322]  Loss -0.2043 (-1.6932)  Time:  0.104 (0.013)  Data Time:  0.004 (0.004)
2022-04-27 13:43:10,789:INFO:   Eta: 0:32:14
2022-04-27 13:43:16,928:INFO: Valid: [186][604/605]  Loss -8.1062 (-5.0749)
2022-04-27 13:43:47,198:INFO: Train: [187][2321/2322]  Loss -0.2885 (-1.5511)  Time:  0.096 (0.013)  Data Time:  0.003 (0.004)
2022-04-27 13:43:47,199:INFO:   Eta: 0:31:43
2022-04-27 13:43:53,414:INFO: Valid: [187][604/605]  Loss -7.4192 (-4.7166)
2022-04-27 13:44:24,133:INFO: Train: [188][2321/2322]  Loss -0.1703 (-1.6059)  Time:  0.103 (0.013)  Data Time:  0.004 (0.004)
2022-04-27 13:44:24,137:INFO:   Eta: 0:31:40
2022-04-27 13:44:30,094:INFO: Valid: [188][604/605]  Loss -8.7192 (-5.4672)
2022-04-27 13:44:30,121:INFO: Checkpoint saved...
2022-04-27 13:45:00,524:INFO: Train: [189][2321/2322]  Loss -0.1795 (-1.6944)  Time:  0.106 (0.013)  Data Time:  0.004 (0.004)
2022-04-27 13:45:00,537:INFO:   Eta: 0:30:51
2022-04-27 13:45:06,472:INFO: Valid: [189][604/605]  Loss -7.2947 (-4.6407)
2022-04-27 13:45:37,415:INFO: Train: [190][2321/2322]  Loss -0.2454 (-1.7095)  Time:  0.121 (0.013)  Data Time:  0.004 (0.004)
2022-04-27 13:45:37,418:INFO:   Eta: 0:30:42
2022-04-27 13:45:43,292:INFO: Valid: [190][604/605]  Loss -8.0825 (-5.0875)
2022-04-27 13:46:13,931:INFO: Train: [191][2321/2322]  Loss -0.2328 (-1.6478)  Time:  0.105 (0.013)  Data Time:  0.004 (0.004)
2022-04-27 13:46:13,940:INFO:   Eta: 0:29:57
2022-04-27 13:46:19,906:INFO: Valid: [191][604/605]  Loss -8.2810 (-5.2162)
2022-04-27 13:46:49,386:INFO: Train: [192][2321/2322]  Loss -0.2451 (-1.7159)  Time:  0.106 (0.013)  Data Time:  0.004 (0.004)
2022-04-27 13:46:49,387:INFO:   Eta: 0:28:27
2022-04-27 13:46:55,515:INFO: Valid: [192][604/605]  Loss -7.9675 (-5.0196)
2022-04-27 13:47:25,699:INFO: Train: [193][2321/2322]  Loss -0.2451 (-1.6742)  Time:  0.102 (0.013)  Data Time:  0.004 (0.004)
2022-04-27 13:47:25,709:INFO:   Eta: 0:28:36
2022-04-27 13:47:31,828:INFO: Valid: [193][604/605]  Loss -8.2866 (-5.2098)
2022-04-27 13:48:01,856:INFO: Train: [194][2321/2322]  Loss -0.2512 (-1.5377)  Time:  0.123 (0.013)  Data Time:  0.004 (0.004)
2022-04-27 13:48:01,857:INFO:   Eta: 0:27:59
2022-04-27 13:48:08,210:INFO: Valid: [194][604/605]  Loss -8.4558 (-5.3119)
2022-04-27 13:48:38,808:INFO: Train: [195][2321/2322]  Loss -0.2014 (-1.7133)  Time:  0.109 (0.013)  Data Time:  0.004 (0.004)
2022-04-27 13:48:38,817:INFO:   Eta: 0:27:55
2022-04-27 13:48:44,956:INFO: Valid: [195][604/605]  Loss -7.9993 (-5.0375)
2022-04-27 13:49:15,331:INFO: Train: [196][2321/2322]  Loss -0.2006 (-1.6444)  Time:  0.103 (0.013)  Data Time:  0.004 (0.004)
2022-04-27 13:49:15,332:INFO:   Eta: 0:27:18
2022-04-27 13:49:21,514:INFO: Valid: [196][604/605]  Loss -8.3620 (-5.2463)
2022-04-27 13:49:52,499:INFO: Train: [197][2321/2322]  Loss -0.2400 (-1.6198)  Time:  0.103 (0.013)  Data Time:  0.004 (0.004)
2022-04-27 13:49:52,500:INFO:   Eta: 0:27:20
2022-04-27 13:49:58,565:INFO: Valid: [197][604/605]  Loss -8.2038 (-5.1966)
2022-04-27 13:50:28,887:INFO: Train: [198][2321/2322]  Loss -0.1903 (-1.7046)  Time:  0.115 (0.013)  Data Time:  0.004 (0.004)
2022-04-27 13:50:28,888:INFO:   Eta: 0:26:14
2022-04-27 13:50:34,938:INFO: Valid: [198][604/605]  Loss -8.5594 (-5.3380)
2022-04-27 13:51:05,273:INFO: Train: [199][2321/2322]  Loss -0.2450 (-1.5865)  Time:  0.096 (0.013)  Data Time:  0.004 (0.004)
2022-04-27 13:51:05,275:INFO:   Eta: 0:25:45
2022-04-27 13:51:10,937:INFO: Valid: [199][604/605]  Loss -8.4849 (-5.3105)
2022-04-27 13:51:41,391:INFO: Train: [200][2321/2322]  Loss -0.2145 (-1.6993)  Time:  0.122 (0.013)  Data Time:  0.004 (0.004)
2022-04-27 13:51:41,392:INFO:   Eta: 0:25:20
2022-04-27 13:51:47,329:INFO: Valid: [200][604/605]  Loss -7.5698 (-4.7973)
2022-04-27 13:52:17,854:INFO: Train: [201][2321/2322]  Loss -0.2484 (-1.7140)  Time:  0.131 (0.013)  Data Time:  0.005 (0.004)
2022-04-27 13:52:17,866:INFO:   Eta: 0:24:49
2022-04-27 13:52:24,155:INFO: Valid: [201][604/605]  Loss -7.5735 (-4.7810)
2022-04-27 13:52:54,683:INFO: Train: [202][2321/2322]  Loss -0.2627 (-1.6719)  Time:  0.101 (0.013)  Data Time:  0.003 (0.004)
2022-04-27 13:52:54,685:INFO:   Eta: 0:24:23
2022-04-27 13:53:00,714:INFO: Valid: [202][604/605]  Loss -8.3084 (-5.2446)
2022-04-27 13:53:30,361:INFO: Train: [203][2321/2322]  Loss -0.2456 (-1.5813)  Time:  0.100 (0.013)  Data Time:  0.004 (0.004)
2022-04-27 13:53:30,362:INFO:   Eta: 0:23:07
2022-04-27 13:53:36,413:INFO: Valid: [203][604/605]  Loss -8.4393 (-5.2760)
2022-04-27 13:54:06,698:INFO: Train: [204][2321/2322]  Loss -0.2760 (-1.7071)  Time:  0.114 (0.013)  Data Time:  0.004 (0.004)
2022-04-27 13:54:06,711:INFO:   Eta: 0:23:11
2022-04-27 13:54:12,659:INFO: Valid: [204][604/605]  Loss -7.4204 (-4.7087)
2022-04-27 13:54:43,091:INFO: Train: [205][2321/2322]  Loss -0.2137 (-1.6699)  Time:  0.113 (0.013)  Data Time:  0.004 (0.004)
2022-04-27 13:54:43,112:INFO:   Eta: 0:22:47
2022-04-27 13:54:49,245:INFO: Valid: [205][604/605]  Loss -8.3630 (-5.2809)
2022-04-27 13:55:19,363:INFO: Train: [206][2321/2322]  Loss -0.2135 (-1.7318)  Time:  0.108 (0.013)  Data Time:  0.004 (0.004)
2022-04-27 13:55:19,447:INFO:   Eta: 0:22:02
2022-04-27 13:55:25,554:INFO: Valid: [206][604/605]  Loss -8.6586 (-5.4391)
2022-04-27 13:55:56,057:INFO: Train: [207][2321/2322]  Loss -0.2226 (-1.7108)  Time:  0.105 (0.013)  Data Time:  0.004 (0.004)
2022-04-27 13:55:56,068:INFO:   Eta: 0:21:46
2022-04-27 13:56:02,152:INFO: Valid: [207][604/605]  Loss -8.3712 (-5.2614)
2022-04-27 13:56:32,416:INFO: Train: [208][2321/2322]  Loss -0.1624 (-1.7066)  Time:  0.105 (0.013)  Data Time:  0.005 (0.004)
2022-04-27 13:56:32,418:INFO:   Eta: 0:21:09
2022-04-27 13:56:38,437:INFO: Valid: [208][604/605]  Loss -8.3300 (-5.2447)
2022-04-27 13:57:09,031:INFO: Train: [209][2321/2322]  Loss -0.2459 (-1.6639)  Time:  0.111 (0.013)  Data Time:  0.004 (0.004)
2022-04-27 13:57:09,043:INFO:   Eta: 0:20:52
2022-04-27 13:57:15,042:INFO: Valid: [209][604/605]  Loss -8.2400 (-5.1957)
2022-04-27 13:57:45,373:INFO: Train: [210][2321/2322]  Loss -0.2429 (-1.7034)  Time:  0.113 (0.013)  Data Time:  0.004 (0.004)
2022-04-27 13:57:45,374:INFO:   Eta: 0:20:08
2022-04-27 13:57:51,201:INFO: Valid: [210][604/605]  Loss -8.3245 (-5.2434)
2022-04-27 13:58:21,002:INFO: Train: [211][2321/2322]  Loss -0.2306 (-1.5812)  Time:  0.100 (0.013)  Data Time:  0.005 (0.004)
2022-04-27 13:58:21,012:INFO:   Eta: 0:19:17
2022-04-27 13:58:26,905:INFO: Valid: [211][604/605]  Loss -8.5375 (-5.3320)
2022-04-27 13:58:56,941:INFO: Train: [212][2321/2322]  Loss -0.2065 (-1.5867)  Time:  0.105 (0.013)  Data Time:  0.004 (0.004)
2022-04-27 13:58:56,942:INFO:   Eta: 0:19:00
2022-04-27 13:59:02,934:INFO: Valid: [212][604/605]  Loss -8.3196 (-5.2218)
2022-04-27 13:59:32,870:INFO: Train: [213][2321/2322]  Loss -0.2408 (-1.7319)  Time:  0.102 (0.013)  Data Time:  0.004 (0.004)
2022-04-27 13:59:32,881:INFO:   Eta: 0:18:26
2022-04-27 13:59:38,856:INFO: Valid: [213][604/605]  Loss -8.3142 (-5.2251)
2022-04-27 14:00:09,385:INFO: Train: [214][2321/2322]  Loss -0.2471 (-1.5953)  Time:  0.114 (0.013)  Data Time:  0.005 (0.004)
2022-04-27 14:00:09,386:INFO:   Eta: 0:18:17
2022-04-27 14:00:15,445:INFO: Valid: [214][604/605]  Loss -8.6364 (-5.4371)
2022-04-27 14:00:45,487:INFO: Train: [215][2321/2322]  Loss -0.2256 (-1.5554)  Time:  0.101 (0.013)  Data Time:  0.004 (0.004)
2022-04-27 14:00:45,488:INFO:   Eta: 0:17:30
2022-04-27 14:00:51,482:INFO: Valid: [215][604/605]  Loss -7.8590 (-4.9390)
2022-04-27 14:01:21,426:INFO: Train: [216][2321/2322]  Loss -0.2176 (-1.6689)  Time:  0.114 (0.013)  Data Time:  0.004 (0.004)
2022-04-27 14:01:21,435:INFO:   Eta: 0:16:56
2022-04-27 14:01:27,398:INFO: Valid: [216][604/605]  Loss -8.2294 (-5.2131)
2022-04-27 14:01:57,015:INFO: Train: [217][2321/2322]  Loss -0.2103 (-1.6432)  Time:  0.115 (0.013)  Data Time:  0.005 (0.004)
2022-04-27 14:01:57,017:INFO:   Eta: 0:16:16
2022-04-27 14:02:02,908:INFO: Valid: [217][604/605]  Loss -7.6688 (-4.8281)
2022-04-27 14:02:32,560:INFO: Train: [218][2321/2322]  Loss -0.2596 (-1.6248)  Time:  0.096 (0.013)  Data Time:  0.004 (0.004)
2022-04-27 14:02:32,561:INFO:   Eta: 0:15:47
2022-04-27 14:02:38,367:INFO: Valid: [218][604/605]  Loss -8.2577 (-5.1980)
2022-04-27 14:03:08,908:INFO: Train: [219][2321/2322]  Loss -0.2599 (-1.7176)  Time:  0.114 (0.013)  Data Time:  0.005 (0.004)
2022-04-27 14:03:08,909:INFO:   Eta: 0:15:42
2022-04-27 14:03:14,901:INFO: Valid: [219][604/605]  Loss -8.3161 (-5.2492)
2022-04-27 14:03:45,856:INFO: Train: [220][2321/2322]  Loss -0.2478 (-1.7242)  Time:  0.124 (0.013)  Data Time:  0.004 (0.004)
2022-04-27 14:03:45,858:INFO:   Eta: 0:15:24
2022-04-27 14:03:51,917:INFO: Valid: [220][604/605]  Loss -8.5053 (-5.3536)
2022-04-27 14:04:22,311:INFO: Train: [221][2321/2322]  Loss -0.2611 (-1.5887)  Time:  0.101 (0.013)  Data Time:  0.005 (0.004)
2022-04-27 14:04:22,320:INFO:   Eta: 0:14:40
2022-04-27 14:04:28,406:INFO: Valid: [221][604/605]  Loss -8.6150 (-5.4205)
2022-04-27 14:04:58,226:INFO: Train: [222][2321/2322]  Loss -0.2129 (-1.7036)  Time:  0.096 (0.013)  Data Time:  0.004 (0.004)
2022-04-27 14:04:58,239:INFO:   Eta: 0:13:53
2022-04-27 14:05:04,095:INFO: Valid: [222][604/605]  Loss -7.5108 (-4.7266)
2022-04-27 14:05:33,908:INFO: Train: [223][2321/2322]  Loss -0.2140 (-1.7464)  Time:  0.099 (0.013)  Data Time:  0.003 (0.004)
2022-04-27 14:05:33,921:INFO:   Eta: 0:13:24
2022-04-27 14:05:39,841:INFO: Valid: [223][604/605]  Loss -7.8978 (-4.9750)
2022-04-27 14:06:08,956:INFO: Train: [224][2321/2322]  Loss -0.2111 (-1.7324)  Time:  0.090 (0.013)  Data Time:  0.003 (0.004)
2022-04-27 14:06:08,957:INFO:   Eta: 0:12:36
2022-04-27 14:06:14,637:INFO: Valid: [224][604/605]  Loss -8.5143 (-5.3360)
2022-04-27 14:06:41,724:INFO: Train: [225][2321/2322]  Loss -0.2410 (-1.5737)  Time:  0.083 (0.012)  Data Time:  0.002 (0.003)
2022-04-27 14:06:41,726:INFO:   Eta: 0:11:14
2022-04-27 14:06:47,414:INFO: Valid: [225][604/605]  Loss -7.5755 (-4.7904)
2022-04-27 14:07:13,372:INFO: Train: [226][2321/2322]  Loss -0.2421 (-1.6825)  Time:  0.085 (0.011)  Data Time:  0.003 (0.003)
2022-04-27 14:07:13,383:INFO:   Eta: 0:10:20
2022-04-27 14:07:19,283:INFO: Valid: [226][604/605]  Loss -8.4513 (-5.3041)
2022-04-27 14:07:45,989:INFO: Train: [227][2321/2322]  Loss -0.2011 (-1.6865)  Time:  0.093 (0.011)  Data Time:  0.003 (0.003)
2022-04-27 14:07:46,001:INFO:   Eta: 0:10:13
2022-04-27 14:07:51,865:INFO: Valid: [227][604/605]  Loss -8.2256 (-5.1746)
2022-04-27 14:08:18,596:INFO: Train: [228][2321/2322]  Loss -0.2300 (-1.6767)  Time:  0.090 (0.011)  Data Time:  0.003 (0.003)
2022-04-27 14:08:18,597:INFO:   Eta: 0:09:45
2022-04-27 14:08:24,528:INFO: Valid: [228][604/605]  Loss -8.6338 (-5.4489)
2022-04-27 14:08:50,640:INFO: Train: [229][2321/2322]  Loss -0.3313 (-1.5748)  Time:  0.082 (0.011)  Data Time:  0.003 (0.003)
2022-04-27 14:08:50,640:INFO:   Eta: 0:09:07
2022-04-27 14:08:56,600:INFO: Valid: [229][604/605]  Loss -8.0999 (-5.1200)
2022-04-27 14:09:23,324:INFO: Train: [230][2321/2322]  Loss -0.2361 (-1.7867)  Time:  0.084 (0.011)  Data Time:  0.002 (0.003)
2022-04-27 14:09:23,324:INFO:   Eta: 0:08:52
2022-04-27 14:09:28,823:INFO: Valid: [230][604/605]  Loss -8.7313 (-5.4764)
2022-04-27 14:09:28,845:INFO: Checkpoint saved...
2022-04-27 14:09:55,836:INFO: Train: [231][2321/2322]  Loss -0.2482 (-1.7477)  Time:  0.104 (0.012)  Data Time:  0.003 (0.003)
2022-04-27 14:09:55,838:INFO:   Eta: 0:08:32
2022-04-27 14:10:01,397:INFO: Valid: [231][604/605]  Loss -8.6187 (-5.3987)
2022-04-27 14:10:27,904:INFO: Train: [232][2321/2322]  Loss -0.2485 (-1.7454)  Time:  0.097 (0.011)  Data Time:  0.003 (0.003)
2022-04-27 14:10:27,914:INFO:   Eta: 0:07:56
2022-04-27 14:10:33,889:INFO: Valid: [232][604/605]  Loss -8.3011 (-5.1987)
2022-04-27 14:11:00,231:INFO: Train: [233][2321/2322]  Loss -0.2458 (-1.5887)  Time:  0.094 (0.011)  Data Time:  0.003 (0.003)
2022-04-27 14:11:00,232:INFO:   Eta: 0:07:25
2022-04-27 14:11:06,063:INFO: Valid: [233][604/605]  Loss -7.8745 (-5.0068)
2022-04-27 14:11:32,378:INFO: Train: [234][2321/2322]  Loss -0.2360 (-1.6061)  Time:  0.087 (0.011)  Data Time:  0.003 (0.003)
2022-04-27 14:11:32,379:INFO:   Eta: 0:07:00
2022-04-27 14:11:38,314:INFO: Valid: [234][604/605]  Loss -8.5771 (-5.4030)
2022-04-27 14:12:04,655:INFO: Train: [235][2321/2322]  Loss -0.2436 (-1.6080)  Time:  0.088 (0.011)  Data Time:  0.003 (0.003)
2022-04-27 14:12:04,667:INFO:   Eta: 0:06:34
2022-04-27 14:12:10,614:INFO: Valid: [235][604/605]  Loss -8.2613 (-5.1827)
2022-04-27 14:12:36,872:INFO: Train: [236][2321/2322]  Loss -0.2471 (-1.5263)  Time:  0.078 (0.011)  Data Time:  0.003 (0.003)
2022-04-27 14:12:36,883:INFO:   Eta: 0:06:07
2022-04-27 14:12:42,684:INFO: Valid: [236][604/605]  Loss -8.6712 (-5.4524)
2022-04-27 14:13:09,106:INFO: Train: [237][2321/2322]  Loss -0.2469 (-1.7113)  Time:  0.085 (0.011)  Data Time:  0.003 (0.003)
2022-04-27 14:13:09,124:INFO:   Eta: 0:05:43
2022-04-27 14:13:15,021:INFO: Valid: [237][604/605]  Loss -6.3155 (-4.0082)
2022-04-27 14:13:41,692:INFO: Train: [238][2321/2322]  Loss -0.2054 (-1.5678)  Time:  0.096 (0.011)  Data Time:  0.003 (0.003)
2022-04-27 14:13:41,703:INFO:   Eta: 0:05:19
2022-04-27 14:13:47,875:INFO: Valid: [238][604/605]  Loss -7.8159 (-4.9182)
2022-04-27 14:14:13,849:INFO: Train: [239][2321/2322]  Loss -0.2106 (-1.7239)  Time:  0.128 (0.011)  Data Time:  0.003 (0.003)
2022-04-27 14:14:14,013:INFO:   Eta: 0:04:45
2022-04-27 14:14:19,957:INFO: Valid: [239][604/605]  Loss -8.0588 (-5.0804)
2022-04-27 14:14:46,433:INFO: Train: [240][2321/2322]  Loss -0.2077 (-1.7188)  Time:  0.101 (0.011)  Data Time:  0.003 (0.003)
2022-04-27 14:14:46,436:INFO:   Eta: 0:04:24
2022-04-27 14:14:52,273:INFO: Valid: [240][604/605]  Loss -8.3970 (-5.2823)
2022-04-27 14:15:18,550:INFO: Train: [241][2321/2322]  Loss -0.2585 (-1.7277)  Time:  0.113 (0.011)  Data Time:  0.003 (0.003)
2022-04-27 14:15:18,557:INFO:   Eta: 0:03:55
2022-04-27 14:15:24,462:INFO: Valid: [241][604/605]  Loss -8.2709 (-5.2036)
2022-04-27 14:15:50,936:INFO: Train: [242][2321/2322]  Loss -0.2094 (-1.7495)  Time:  0.086 (0.011)  Data Time:  0.003 (0.003)
2022-04-27 14:15:50,948:INFO:   Eta: 0:03:30
2022-04-27 14:15:56,713:INFO: Valid: [242][604/605]  Loss -7.6089 (-4.8209)
2022-04-27 14:16:23,708:INFO: Train: [243][2321/2322]  Loss -0.2467 (-1.7398)  Time:  0.104 (0.012)  Data Time:  0.003 (0.003)
2022-04-27 14:16:23,720:INFO:   Eta: 0:03:08
2022-04-27 14:16:29,577:INFO: Valid: [243][604/605]  Loss -8.5268 (-5.3468)
2022-04-27 14:16:56,307:INFO: Train: [244][2321/2322]  Loss -0.2610 (-1.7675)  Time:  0.094 (0.011)  Data Time:  0.003 (0.003)
2022-04-27 14:16:56,318:INFO:   Eta: 0:02:39
2022-04-27 14:17:02,053:INFO: Valid: [244][604/605]  Loss -8.4918 (-5.3167)
2022-04-27 14:17:27,593:INFO: Train: [245][2321/2322]  Loss -0.2311 (-1.7484)  Time:  0.114 (0.011)  Data Time:  0.003 (0.003)
2022-04-27 14:17:27,594:INFO:   Eta: 0:02:07
2022-04-27 14:17:33,531:INFO: Valid: [245][604/605]  Loss -8.7088 (-5.4547)
2022-04-27 14:17:59,526:INFO: Train: [246][2321/2322]  Loss -0.2637 (-1.7461)  Time:  0.131 (0.011)  Data Time:  0.002 (0.003)
2022-04-27 14:17:59,527:INFO:   Eta: 0:01:43
2022-04-27 14:18:05,618:INFO: Valid: [246][604/605]  Loss -8.2531 (-5.2112)
2022-04-27 14:18:28,996:INFO: Train: [247][2321/2322]  Loss -0.2605 (-1.7448)  Time:  0.087 (0.010)  Data Time:  0.002 (0.002)
2022-04-27 14:18:29,022:INFO:   Eta: 0:01:09
2022-04-27 14:18:34,988:INFO: Valid: [247][604/605]  Loss -8.4111 (-5.3053)
2022-04-27 14:18:59,126:INFO: Train: [248][2321/2322]  Loss -0.2530 (-1.7691)  Time:  0.081 (0.010)  Data Time:  0.001 (0.002)
2022-04-27 14:18:59,127:INFO:   Eta: 0:00:48
2022-04-27 14:19:04,856:INFO: Valid: [248][604/605]  Loss -8.0639 (-5.0876)
2022-04-27 14:19:29,502:INFO: Train: [249][2321/2322]  Loss -0.1973 (-1.7249)  Time:  0.084 (0.011)  Data Time:  0.002 (0.002)
2022-04-27 14:19:29,503:INFO:   Eta: 0:00:24
2022-04-27 14:19:35,139:INFO: Valid: [249][604/605]  Loss -8.5825 (-5.4019)
