2022-04-08 08:26:08,254:INFO: batch_size=128
2022-04-08 08:26:08,254:INFO: clip_grad=None
2022-04-08 08:26:08,254:INFO: dataset=zara1
2022-04-08 08:26:08,254:INFO: drop=0.2
2022-04-08 08:26:08,254:INFO: gpu_num=0
2022-04-08 08:26:08,254:INFO: input_size=2
2022-04-08 08:26:08,254:INFO: kernel_size=3
2022-04-08 08:26:08,254:INFO: lr=0.01
2022-04-08 08:26:08,254:INFO: lr_sh_rate=150
2022-04-08 08:26:08,255:INFO: model=social_stgcnn9
2022-04-08 08:26:08,255:INFO: n_stgcnn=1
2022-04-08 08:26:08,255:INFO: n_txpcnn=5
2022-04-08 08:26:08,255:INFO: num_epochs=250
2022-04-08 08:26:08,255:INFO: obs_seq_len=8
2022-04-08 08:26:08,255:INFO: output_size=5
2022-04-08 08:26:08,255:INFO: pred_seq_len=12
2022-04-08 08:26:08,255:INFO: seed=0
2022-04-08 08:26:08,255:INFO: tag=zara1
2022-04-08 08:26:08,255:INFO: use_lrschd=True
2022-04-08 08:26:08,255:INFO: ******************************
2022-04-08 08:26:08,255:INFO: Training initiating....
2022-04-08 08:26:08,255:INFO: Namespace(batch_size=128, clip_grad=None, dataset='zara1', drop=0.2, gpu_num='0', input_size=2, kernel_size=3, lr=0.01, lr_sh_rate=150, model='social_stgcnn9', n_stgcnn=1, n_txpcnn=5, num_epochs=250, obs_seq_len=8, output_size=5, pred_seq_len=12, seed=0, tag='zara1', use_lrschd=True)
2022-04-08 08:26:08,284:INFO: Initializing train dataset
2022-04-08 08:26:18,771:INFO: Initializing val dataset
2022-04-08 08:26:41,198:INFO: social_stgcnn9
2022-04-08 08:26:41,198:INFO: Data and model loaded
2022-04-08 08:26:41,198:INFO: Checkpoint dir: ./runs/Apr08_08-26-08_node06/zara1/checkpoint
2022-04-08 08:26:41,198:INFO: Training started ...
2022-04-08 08:27:09,712:INFO: Train: [0][2321/2322]  Loss 0.1243 (1.3556)  Time:  0.098 (0.012)  Data Time:  0.005 (0.004)
2022-04-08 08:27:09,712:INFO:   Eta: 1:58:46
2022-04-08 08:27:38,282:INFO: Train: [1][2321/2322]  Loss 0.0839 (0.6100)  Time:  0.093 (0.012)  Data Time:  0.005 (0.005)
2022-04-08 08:27:38,283:INFO:   Eta: 1:58:30
2022-04-08 08:28:06,657:INFO: Train: [2][2321/2322]  Loss 0.0490 (0.3707)  Time:  0.103 (0.012)  Data Time:  0.005 (0.004)
2022-04-08 08:28:06,657:INFO:   Eta: 1:57:13
2022-04-08 08:28:35,056:INFO: Train: [3][2321/2322]  Loss 0.0231 (0.3513)  Time:  0.087 (0.012)  Data Time:  0.004 (0.004)
2022-04-08 08:28:35,057:INFO:   Eta: 1:56:51
2022-04-08 08:29:03,212:INFO: Train: [4][2321/2322]  Loss 0.0243 (0.1290)  Time:  0.098 (0.012)  Data Time:  0.005 (0.005)
2022-04-08 08:29:03,213:INFO:   Eta: 1:55:22
2022-04-08 08:29:31,696:INFO: Train: [5][2321/2322]  Loss -0.0317 (-0.0220)  Time:  0.095 (0.012)  Data Time:  0.004 (0.004)
2022-04-08 08:29:31,697:INFO:   Eta: 1:56:15
2022-04-08 08:29:56,331:INFO: Train: [6][2321/2322]  Loss -0.0591 (-0.1009)  Time:  0.077 (0.011)  Data Time:  0.004 (0.004)
2022-04-08 08:29:56,332:INFO:   Eta: 1:40:07
2022-04-08 08:30:12,483:INFO: Test: [6]  ADE: 0.6739  FDE: 0.8727
2022-04-08 08:30:35,633:INFO: Train: [7][2321/2322]  Loss -0.0045 (-0.1069)  Time:  0.108 (0.010)  Data Time:  0.004 (0.003)
2022-04-08 08:30:35,634:INFO:   Eta: 1:33:41
2022-04-08 08:31:00,229:INFO: Train: [8][2321/2322]  Loss -0.0467 (-0.2590)  Time:  0.093 (0.011)  Data Time:  0.004 (0.004)
2022-04-08 08:31:00,229:INFO:   Eta: 1:39:09
2022-04-08 08:31:26,242:INFO: Train: [9][2321/2322]  Loss 0.0498 (-0.2057)  Time:  0.097 (0.011)  Data Time:  0.004 (0.004)
2022-04-08 08:31:26,243:INFO:   Eta: 1:44:26
2022-04-08 08:31:54,169:INFO: Train: [10][2321/2322]  Loss -0.0806 (-0.2191)  Time:  0.099 (0.012)  Data Time:  0.005 (0.004)
2022-04-08 08:31:54,170:INFO:   Eta: 1:51:39
2022-04-08 08:32:21,559:INFO: Train: [11][2321/2322]  Loss -0.0519 (-0.3050)  Time:  0.084 (0.012)  Data Time:  0.004 (0.004)
2022-04-08 08:32:21,559:INFO:   Eta: 1:49:03
2022-04-08 08:32:48,855:INFO: Train: [12][2321/2322]  Loss -0.0489 (-0.2841)  Time:  0.092 (0.012)  Data Time:  0.005 (0.005)
2022-04-08 08:32:48,855:INFO:   Eta: 1:48:13
2022-04-08 08:33:16,235:INFO: Train: [13][2321/2322]  Loss -0.1121 (-0.3643)  Time:  0.088 (0.012)  Data Time:  0.005 (0.005)
2022-04-08 08:33:16,236:INFO:   Eta: 1:48:06
2022-04-08 08:33:43,455:INFO: Train: [14][2321/2322]  Loss -0.0754 (-0.3762)  Time:  0.093 (0.012)  Data Time:  0.004 (0.005)
2022-04-08 08:33:43,456:INFO:   Eta: 1:47:01
2022-04-08 08:34:10,984:INFO: Train: [15][2321/2322]  Loss -0.0722 (-0.4181)  Time:  0.092 (0.012)  Data Time:  0.004 (0.005)
2022-04-08 08:34:10,985:INFO:   Eta: 1:47:46
2022-04-08 08:34:37,143:INFO: Train: [16][2321/2322]  Loss -0.0622 (-0.4080)  Time:  0.084 (0.011)  Data Time:  0.004 (0.004)
2022-04-08 08:34:37,144:INFO:   Eta: 1:41:58
2022-04-08 08:34:54,452:INFO: Test: [16]  ADE: 0.7016  FDE: 0.8632
2022-04-08 08:35:21,423:INFO: Train: [17][2321/2322]  Loss -0.1151 (-0.5069)  Time:  0.093 (0.012)  Data Time:  0.004 (0.005)
2022-04-08 08:35:21,424:INFO:   Eta: 1:44:40
2022-04-08 08:35:45,254:INFO: Train: [18][2321/2322]  Loss -0.1378 (-0.5312)  Time:  0.084 (0.010)  Data Time:  0.004 (0.004)
2022-04-08 08:35:45,255:INFO:   Eta: 1:30:07
2022-04-08 08:36:08,779:INFO: Train: [19][2321/2322]  Loss -0.0606 (-0.5430)  Time:  0.089 (0.010)  Data Time:  0.004 (0.004)
2022-04-08 08:36:08,780:INFO:   Eta: 1:30:31
2022-04-08 08:36:33,080:INFO: Train: [20][2321/2322]  Loss -0.1052 (-0.5718)  Time:  0.087 (0.010)  Data Time:  0.005 (0.004)
2022-04-08 08:36:33,081:INFO:   Eta: 1:33:06
2022-04-08 08:36:58,329:INFO: Train: [21][2321/2322]  Loss -0.1301 (-0.6432)  Time:  0.094 (0.011)  Data Time:  0.005 (0.004)
2022-04-08 08:36:58,330:INFO:   Eta: 1:36:18
2022-04-08 08:37:25,803:INFO: Train: [22][2321/2322]  Loss -0.1102 (-0.5561)  Time:  0.090 (0.012)  Data Time:  0.005 (0.004)
2022-04-08 08:37:25,804:INFO:   Eta: 1:44:21
2022-04-08 08:37:53,345:INFO: Train: [23][2321/2322]  Loss -0.0879 (-0.7337)  Time:  0.098 (0.012)  Data Time:  0.005 (0.004)
2022-04-08 08:37:53,346:INFO:   Eta: 1:44:08
2022-04-08 08:38:21,116:INFO: Train: [24][2321/2322]  Loss -0.1158 (-0.6683)  Time:  0.092 (0.012)  Data Time:  0.004 (0.005)
2022-04-08 08:38:21,117:INFO:   Eta: 1:44:33
2022-04-08 08:38:49,146:INFO: Train: [25][2321/2322]  Loss -0.1294 (-0.7399)  Time:  0.094 (0.012)  Data Time:  0.005 (0.005)
2022-04-08 08:38:49,147:INFO:   Eta: 1:45:04
2022-04-08 08:39:15,142:INFO: Train: [26][2321/2322]  Loss -0.1104 (-0.7106)  Time:  0.079 (0.011)  Data Time:  0.003 (0.004)
2022-04-08 08:39:15,143:INFO:   Eta: 1:37:00
2022-04-08 08:39:32,861:INFO: Test: [26]  ADE: 0.5643  FDE: 0.7350
2022-04-08 08:40:00,442:INFO: Train: [27][2321/2322]  Loss -0.1190 (-0.7605)  Time:  0.088 (0.012)  Data Time:  0.004 (0.004)
2022-04-08 08:40:00,442:INFO:   Eta: 1:42:26
2022-04-08 08:40:27,578:INFO: Train: [28][2321/2322]  Loss -0.0827 (-0.8143)  Time:  0.087 (0.012)  Data Time:  0.005 (0.005)
2022-04-08 08:40:27,579:INFO:   Eta: 1:40:21
2022-04-08 08:40:55,905:INFO: Train: [29][2321/2322]  Loss -0.1245 (-0.7611)  Time:  0.095 (0.012)  Data Time:  0.005 (0.005)
2022-04-08 08:40:55,907:INFO:   Eta: 1:44:17
2022-04-08 08:41:21,228:INFO: Train: [30][2321/2322]  Loss -0.1294 (-0.7114)  Time:  0.079 (0.011)  Data Time:  0.004 (0.004)
2022-04-08 08:41:21,228:INFO:   Eta: 1:32:47
2022-04-08 08:41:45,250:INFO: Train: [31][2321/2322]  Loss -0.1272 (-0.8550)  Time:  0.078 (0.010)  Data Time:  0.004 (0.004)
2022-04-08 08:41:45,251:INFO:   Eta: 1:27:38
2022-04-08 08:42:09,725:INFO: Train: [32][2321/2322]  Loss -0.1135 (-0.8040)  Time:  0.084 (0.011)  Data Time:  0.003 (0.004)
2022-04-08 08:42:09,726:INFO:   Eta: 1:28:52
2022-04-08 08:42:34,727:INFO: Train: [33][2321/2322]  Loss -0.0679 (-0.8111)  Time:  0.080 (0.011)  Data Time:  0.004 (0.004)
2022-04-08 08:42:34,728:INFO:   Eta: 1:30:22
2022-04-08 08:43:02,047:INFO: Train: [34][2321/2322]  Loss -0.1471 (-0.9034)  Time:  0.094 (0.012)  Data Time:  0.004 (0.005)
2022-04-08 08:43:02,048:INFO:   Eta: 1:38:17
2022-04-08 08:43:30,063:INFO: Train: [35][2321/2322]  Loss -0.0946 (-0.7947)  Time:  0.098 (0.012)  Data Time:  0.004 (0.005)
2022-04-08 08:43:30,064:INFO:   Eta: 1:40:20
2022-04-08 08:43:56,227:INFO: Train: [36][2321/2322]  Loss -0.1200 (-0.9229)  Time:  0.099 (0.011)  Data Time:  0.004 (0.004)
2022-04-08 08:43:56,228:INFO:   Eta: 1:33:16
2022-04-08 08:44:14,644:INFO: Test: [36]  ADE: 0.4620  FDE: 0.6238
2022-04-08 08:44:42,078:INFO: Train: [37][2321/2322]  Loss -0.1657 (-0.8590)  Time:  0.092 (0.012)  Data Time:  0.005 (0.004)
2022-04-08 08:44:42,079:INFO:   Eta: 1:37:20
2022-04-08 08:45:09,665:INFO: Train: [38][2321/2322]  Loss -0.1428 (-0.9373)  Time:  0.096 (0.012)  Data Time:  0.004 (0.004)
2022-04-08 08:45:09,666:INFO:   Eta: 1:37:25
2022-04-08 08:45:36,698:INFO: Train: [39][2321/2322]  Loss -0.0441 (-0.9280)  Time:  0.107 (0.012)  Data Time:  0.006 (0.004)
2022-04-08 08:45:36,699:INFO:   Eta: 1:35:01
2022-04-08 08:46:04,319:INFO: Train: [40][2321/2322]  Loss -0.1256 (-0.9190)  Time:  0.089 (0.012)  Data Time:  0.004 (0.005)
2022-04-08 08:46:04,320:INFO:   Eta: 1:36:37
2022-04-08 08:46:31,762:INFO: Train: [41][2321/2322]  Loss -0.1568 (-0.7832)  Time:  0.091 (0.012)  Data Time:  0.005 (0.005)
2022-04-08 08:46:31,763:INFO:   Eta: 1:35:33
2022-04-08 08:46:58,628:INFO: Train: [42][2321/2322]  Loss -0.1708 (-0.9763)  Time:  0.079 (0.012)  Data Time:  0.004 (0.004)
2022-04-08 08:46:58,629:INFO:   Eta: 1:33:05
2022-04-08 08:47:22,597:INFO: Train: [43][2321/2322]  Loss -0.1487 (-1.0778)  Time:  0.080 (0.010)  Data Time:  0.003 (0.004)
2022-04-08 08:47:22,629:INFO:   Eta: 1:22:39
2022-04-08 08:47:47,055:INFO: Train: [44][2321/2322]  Loss -0.1549 (-0.9182)  Time:  0.088 (0.010)  Data Time:  0.004 (0.004)
2022-04-08 08:47:47,055:INFO:   Eta: 1:23:33
2022-04-08 08:48:11,424:INFO: Train: [45][2321/2322]  Loss -0.1681 (-1.0207)  Time:  0.072 (0.010)  Data Time:  0.003 (0.004)
2022-04-08 08:48:11,424:INFO:   Eta: 1:23:13
2022-04-08 08:48:36,033:INFO: Train: [46][2321/2322]  Loss -0.1530 (-1.0433)  Time:  0.085 (0.011)  Data Time:  0.005 (0.004)
2022-04-08 08:48:36,034:INFO:   Eta: 1:23:37
2022-04-08 08:48:53,505:INFO: Test: [46]  ADE: 0.4718  FDE: 0.7007
2022-04-08 08:49:20,639:INFO: Train: [47][2321/2322]  Loss -0.1503 (-1.0022)  Time:  0.088 (0.012)  Data Time:  0.004 (0.004)
2022-04-08 08:49:20,639:INFO:   Eta: 1:31:44
2022-04-08 08:49:48,213:INFO: Train: [48][2321/2322]  Loss -0.1511 (-1.0110)  Time:  0.093 (0.012)  Data Time:  0.004 (0.005)
2022-04-08 08:49:48,214:INFO:   Eta: 1:32:47
2022-04-08 08:50:15,354:INFO: Train: [49][2321/2322]  Loss -0.1207 (-1.0983)  Time:  0.092 (0.012)  Data Time:  0.004 (0.005)
2022-04-08 08:50:15,354:INFO:   Eta: 1:30:52
2022-04-08 08:50:42,595:INFO: Train: [50][2321/2322]  Loss -0.1867 (-1.0391)  Time:  0.086 (0.012)  Data Time:  0.005 (0.005)
2022-04-08 08:50:42,596:INFO:   Eta: 1:30:45
2022-04-08 08:51:09,966:INFO: Train: [51][2321/2322]  Loss -0.1277 (-1.0179)  Time:  0.088 (0.012)  Data Time:  0.004 (0.005)
2022-04-08 08:51:10,013:INFO:   Eta: 1:30:44
2022-04-08 08:51:38,346:INFO: Train: [52][2321/2322]  Loss -0.1836 (-1.0469)  Time:  0.103 (0.012)  Data Time:  0.004 (0.005)
2022-04-08 08:51:38,347:INFO:   Eta: 1:31:46
2022-04-08 08:52:05,985:INFO: Train: [53][2321/2322]  Loss -0.1441 (-1.0908)  Time:  0.083 (0.012)  Data Time:  0.004 (0.005)
2022-04-08 08:52:05,986:INFO:   Eta: 1:30:42
2022-04-08 08:52:33,121:INFO: Train: [54][2321/2322]  Loss -0.1443 (-1.0285)  Time:  0.091 (0.012)  Data Time:  0.005 (0.004)
2022-04-08 08:52:33,121:INFO:   Eta: 1:28:36
2022-04-08 08:52:57,318:INFO: Train: [55][2321/2322]  Loss -0.1673 (-1.1462)  Time:  0.084 (0.010)  Data Time:  0.004 (0.004)
2022-04-08 08:52:57,318:INFO:   Eta: 1:18:36
2022-04-08 08:53:20,473:INFO: Train: [56][2321/2322]  Loss -0.1384 (-1.1172)  Time:  0.076 (0.010)  Data Time:  0.003 (0.004)
2022-04-08 08:53:20,473:INFO:   Eta: 1:14:49
2022-04-08 08:53:36,833:INFO: Test: [56]  ADE: 0.4584  FDE: 0.5822
2022-04-08 08:53:59,839:INFO: Train: [57][2321/2322]  Loss -0.2148 (-1.0145)  Time:  0.089 (0.010)  Data Time:  0.004 (0.003)
2022-04-08 08:53:59,840:INFO:   Eta: 1:13:56
2022-04-08 08:54:26,815:INFO: Train: [58][2321/2322]  Loss -0.1142 (-1.1062)  Time:  0.086 (0.012)  Data Time:  0.004 (0.004)
2022-04-08 08:54:26,816:INFO:   Eta: 1:26:16
2022-04-08 08:54:54,489:INFO: Train: [59][2321/2322]  Loss -0.1344 (-1.0814)  Time:  0.094 (0.012)  Data Time:  0.005 (0.004)
2022-04-08 08:54:54,489:INFO:   Eta: 1:28:02
2022-04-08 08:55:21,592:INFO: Train: [60][2321/2322]  Loss -0.1995 (-1.1735)  Time:  0.089 (0.012)  Data Time:  0.005 (0.005)
2022-04-08 08:55:21,593:INFO:   Eta: 1:25:47
2022-04-08 08:55:48,913:INFO: Train: [61][2321/2322]  Loss -0.1852 (-1.2162)  Time:  0.098 (0.012)  Data Time:  0.007 (0.005)
2022-04-08 08:55:48,914:INFO:   Eta: 1:26:01
2022-04-08 08:56:15,942:INFO: Train: [62][2321/2322]  Loss -0.1846 (-1.1251)  Time:  0.093 (0.012)  Data Time:  0.005 (0.005)
2022-04-08 08:56:15,943:INFO:   Eta: 1:24:39
2022-04-08 08:56:43,430:INFO: Train: [63][2321/2322]  Loss -0.1710 (-1.2646)  Time:  0.088 (0.012)  Data Time:  0.004 (0.004)
2022-04-08 08:56:43,431:INFO:   Eta: 1:25:37
2022-04-08 08:57:10,651:INFO: Train: [64][2321/2322]  Loss -0.1631 (-1.0077)  Time:  0.090 (0.012)  Data Time:  0.005 (0.005)
2022-04-08 08:57:10,652:INFO:   Eta: 1:24:20
2022-04-08 08:57:38,141:INFO: Train: [65][2321/2322]  Loss -0.1419 (-1.2286)  Time:  0.087 (0.012)  Data Time:  0.005 (0.005)
2022-04-08 08:57:38,142:INFO:   Eta: 1:24:43
2022-04-08 08:58:05,039:INFO: Train: [66][2321/2322]  Loss -0.1810 (-1.2292)  Time:  0.088 (0.012)  Data Time:  0.004 (0.005)
2022-04-08 08:58:05,039:INFO:   Eta: 1:22:26
2022-04-08 08:58:22,047:INFO: Test: [66]  ADE: 0.3934  FDE: 0.5463
2022-04-08 08:58:44,919:INFO: Train: [67][2321/2322]  Loss -0.1783 (-1.1321)  Time:  0.094 (0.010)  Data Time:  0.003 (0.003)
2022-04-08 08:58:44,921:INFO:   Eta: 1:09:42
2022-04-08 08:59:09,453:INFO: Train: [68][2321/2322]  Loss -0.1211 (-1.0888)  Time:  0.085 (0.011)  Data Time:  0.005 (0.004)
2022-04-08 08:59:09,454:INFO:   Eta: 1:14:22
2022-04-08 08:59:33,348:INFO: Train: [69][2321/2322]  Loss -0.2247 (-1.1593)  Time:  0.085 (0.010)  Data Time:  0.003 (0.004)
2022-04-08 08:59:33,349:INFO:   Eta: 1:12:02
2022-04-08 08:59:58,967:INFO: Train: [70][2321/2322]  Loss -0.1992 (-1.2688)  Time:  0.091 (0.011)  Data Time:  0.005 (0.004)
2022-04-08 08:59:58,968:INFO:   Eta: 1:16:49
2022-04-08 09:00:25,116:INFO: Train: [71][2321/2322]  Loss -0.1385 (-1.2182)  Time:  0.081 (0.011)  Data Time:  0.004 (0.004)
2022-04-08 09:00:25,117:INFO:   Eta: 1:17:58
2022-04-08 09:00:52,273:INFO: Train: [72][2321/2322]  Loss -0.2003 (-1.2559)  Time:  0.093 (0.012)  Data Time:  0.005 (0.004)
2022-04-08 09:00:52,274:INFO:   Eta: 1:20:32
2022-04-08 09:01:18,941:INFO: Train: [73][2321/2322]  Loss -0.1456 (-1.1714)  Time:  0.092 (0.011)  Data Time:  0.005 (0.004)
2022-04-08 09:01:18,942:INFO:   Eta: 1:18:38
2022-04-08 09:01:46,115:INFO: Train: [74][2321/2322]  Loss -0.1867 (-1.2858)  Time:  0.089 (0.012)  Data Time:  0.004 (0.005)
2022-04-08 09:01:46,116:INFO:   Eta: 1:19:40
2022-04-08 09:02:13,463:INFO: Train: [75][2321/2322]  Loss -0.1571 (-1.2540)  Time:  0.097 (0.012)  Data Time:  0.006 (0.005)
2022-04-08 09:02:13,464:INFO:   Eta: 1:19:44
2022-04-08 09:02:39,989:INFO: Train: [76][2321/2322]  Loss -0.1807 (-1.2451)  Time:  0.082 (0.011)  Data Time:  0.004 (0.004)
2022-04-08 09:02:39,990:INFO:   Eta: 1:16:53
2022-04-08 09:02:57,701:INFO: Test: [76]  ADE: 0.4093  FDE: 0.4970
2022-04-08 09:03:24,061:INFO: Train: [77][2321/2322]  Loss -0.1457 (-1.2188)  Time:  0.084 (0.011)  Data Time:  0.004 (0.004)
2022-04-08 09:03:24,061:INFO:   Eta: 1:15:57
2022-04-08 09:03:51,201:INFO: Train: [78][2321/2322]  Loss -0.1746 (-1.0932)  Time:  0.085 (0.012)  Data Time:  0.005 (0.005)
2022-04-08 09:03:51,201:INFO:   Eta: 1:17:46
2022-04-08 09:04:17,178:INFO: Train: [79][2321/2322]  Loss -0.1579 (-1.3259)  Time:  0.072 (0.011)  Data Time:  0.004 (0.004)
2022-04-08 09:04:17,178:INFO:   Eta: 1:14:00
2022-04-08 09:04:40,579:INFO: Train: [80][2321/2322]  Loss -0.1285 (-1.1570)  Time:  0.077 (0.010)  Data Time:  0.003 (0.004)
2022-04-08 09:04:40,580:INFO:   Eta: 1:06:16
2022-04-08 09:05:03,890:INFO: Train: [81][2321/2322]  Loss -0.1012 (-1.2955)  Time:  0.074 (0.010)  Data Time:  0.004 (0.004)
2022-04-08 09:05:03,890:INFO:   Eta: 1:05:37
2022-04-08 09:05:26,869:INFO: Train: [82][2321/2322]  Loss -0.1565 (-1.2688)  Time:  0.089 (0.010)  Data Time:  0.004 (0.003)
2022-04-08 09:05:26,869:INFO:   Eta: 1:04:18
2022-04-08 09:05:52,475:INFO: Train: [83][2321/2322]  Loss -0.1616 (-1.2442)  Time:  0.082 (0.011)  Data Time:  0.004 (0.004)
2022-04-08 09:05:52,476:INFO:   Eta: 1:11:14
2022-04-08 09:06:19,966:INFO: Train: [84][2321/2322]  Loss -0.2132 (-1.2804)  Time:  0.084 (0.012)  Data Time:  0.004 (0.004)
2022-04-08 09:06:20,024:INFO:   Eta: 1:16:01
2022-04-08 09:06:47,367:INFO: Train: [85][2321/2322]  Loss -0.1985 (-1.2753)  Time:  0.088 (0.012)  Data Time:  0.005 (0.005)
2022-04-08 09:06:47,367:INFO:   Eta: 1:13:51
2022-04-08 09:07:14,154:INFO: Train: [86][2321/2322]  Loss -0.2082 (-1.1844)  Time:  0.087 (0.012)  Data Time:  0.005 (0.004)
2022-04-08 09:07:14,154:INFO:   Eta: 1:13:11
2022-04-08 09:07:31,648:INFO: Test: [86]  ADE: 0.3861  FDE: 0.5231
2022-04-08 09:07:57,667:INFO: Train: [87][2321/2322]  Loss -0.2030 (-1.3029)  Time:  0.098 (0.011)  Data Time:  0.005 (0.004)
2022-04-08 09:07:57,668:INFO:   Eta: 1:10:38
2022-04-08 09:08:24,986:INFO: Train: [88][2321/2322]  Loss -0.1968 (-1.2381)  Time:  0.094 (0.012)  Data Time:  0.006 (0.005)
2022-04-08 09:08:24,987:INFO:   Eta: 1:13:44
2022-04-08 09:08:52,331:INFO: Train: [89][2321/2322]  Loss -0.1845 (-1.3624)  Time:  0.089 (0.012)  Data Time:  0.005 (0.005)
2022-04-08 09:08:52,332:INFO:   Eta: 1:13:20
2022-04-08 09:09:19,760:INFO: Train: [90][2321/2322]  Loss -0.1561 (-1.3267)  Time:  0.087 (0.012)  Data Time:  0.005 (0.005)
2022-04-08 09:09:19,761:INFO:   Eta: 1:13:06
2022-04-08 09:09:46,800:INFO: Train: [91][2321/2322]  Loss -0.1603 (-1.3099)  Time:  0.093 (0.012)  Data Time:  0.005 (0.005)
2022-04-08 09:09:46,801:INFO:   Eta: 1:11:37
2022-04-08 09:10:11,799:INFO: Train: [92][2321/2322]  Loss -0.2000 (-1.3426)  Time:  0.082 (0.011)  Data Time:  0.004 (0.004)
2022-04-08 09:10:11,799:INFO:   Eta: 1:05:48
2022-04-08 09:10:35,022:INFO: Train: [93][2321/2322]  Loss -0.2174 (-1.3172)  Time:  0.090 (0.010)  Data Time:  0.004 (0.004)
2022-04-08 09:10:35,023:INFO:   Eta: 1:00:44
2022-04-08 09:10:58,864:INFO: Train: [94][2321/2322]  Loss -0.1249 (-1.2120)  Time:  0.077 (0.010)  Data Time:  0.004 (0.004)
2022-04-08 09:10:58,865:INFO:   Eta: 1:01:57
2022-04-08 09:11:22,774:INFO: Train: [95][2321/2322]  Loss -0.2033 (-1.3543)  Time:  0.091 (0.010)  Data Time:  0.005 (0.004)
2022-04-08 09:11:22,775:INFO:   Eta: 1:01:44
2022-04-08 09:11:49,146:INFO: Train: [96][2321/2322]  Loss -0.1445 (-1.2788)  Time:  0.087 (0.011)  Data Time:  0.004 (0.004)
2022-04-08 09:11:49,147:INFO:   Eta: 1:07:39
2022-04-08 09:12:06,679:INFO: Test: [96]  ADE: 0.4754  FDE: 0.6331
2022-04-08 09:12:32,751:INFO: Train: [97][2321/2322]  Loss -0.2210 (-1.3541)  Time:  0.096 (0.011)  Data Time:  0.005 (0.004)
2022-04-08 09:12:32,752:INFO:   Eta: 1:06:26
2022-04-08 09:13:00,203:INFO: Train: [98][2321/2322]  Loss -0.2279 (-1.2605)  Time:  0.095 (0.012)  Data Time:  0.005 (0.005)
2022-04-08 09:13:00,204:INFO:   Eta: 1:09:30
2022-04-08 09:13:27,202:INFO: Train: [99][2321/2322]  Loss -0.1836 (-1.3035)  Time:  0.095 (0.012)  Data Time:  0.004 (0.005)
2022-04-08 09:13:27,202:INFO:   Eta: 1:07:54
2022-04-08 09:13:54,832:INFO: Train: [100][2321/2322]  Loss -0.2374 (-1.3679)  Time:  0.094 (0.012)  Data Time:  0.005 (0.004)
2022-04-08 09:13:54,833:INFO:   Eta: 1:09:02
2022-04-08 09:14:22,076:INFO: Train: [101][2321/2322]  Loss -0.2167 (-1.3958)  Time:  0.086 (0.012)  Data Time:  0.005 (0.004)
2022-04-08 09:14:22,077:INFO:   Eta: 1:07:37
2022-04-08 09:14:49,707:INFO: Train: [102][2321/2322]  Loss -0.1578 (-1.4108)  Time:  0.081 (0.012)  Data Time:  0.004 (0.005)
2022-04-08 09:14:49,708:INFO:   Eta: 1:08:07
2022-04-08 09:15:16,962:INFO: Train: [103][2321/2322]  Loss -0.1929 (-1.3392)  Time:  0.082 (0.012)  Data Time:  0.004 (0.005)
2022-04-08 09:15:16,963:INFO:   Eta: 1:06:44
2022-04-08 09:15:43,308:INFO: Train: [104][2321/2322]  Loss -0.1707 (-1.3359)  Time:  0.078 (0.011)  Data Time:  0.004 (0.004)
2022-04-08 09:15:43,308:INFO:   Eta: 1:04:04
2022-04-08 09:16:07,152:INFO: Train: [105][2321/2322]  Loss -0.2007 (-1.2541)  Time:  0.074 (0.010)  Data Time:  0.004 (0.004)
2022-04-08 09:16:07,153:INFO:   Eta: 0:57:35
2022-04-08 09:16:30,491:INFO: Train: [106][2321/2322]  Loss -0.1954 (-1.3889)  Time:  0.064 (0.010)  Data Time:  0.002 (0.004)
2022-04-08 09:16:30,491:INFO:   Eta: 0:55:59
2022-04-08 09:16:46,948:INFO: Test: [106]  ADE: 0.4168  FDE: 0.5740
2022-04-08 09:17:09,725:INFO: Train: [107][2321/2322]  Loss -0.2034 (-1.4394)  Time:  0.081 (0.010)  Data Time:  0.004 (0.003)
2022-04-08 09:17:09,727:INFO:   Eta: 0:54:14
2022-04-08 09:17:37,057:INFO: Train: [108][2321/2322]  Loss -0.1925 (-1.4175)  Time:  0.095 (0.012)  Data Time:  0.004 (0.004)
2022-04-08 09:17:37,058:INFO:   Eta: 1:04:38
2022-04-08 09:18:04,413:INFO: Train: [109][2321/2322]  Loss -0.1630 (-1.4098)  Time:  0.091 (0.012)  Data Time:  0.005 (0.005)
2022-04-08 09:18:04,414:INFO:   Eta: 1:04:15
2022-04-08 09:18:31,705:INFO: Train: [110][2321/2322]  Loss -0.1911 (-1.4209)  Time:  0.091 (0.012)  Data Time:  0.004 (0.004)
2022-04-08 09:18:31,706:INFO:   Eta: 1:03:38
2022-04-08 09:18:58,827:INFO: Train: [111][2321/2322]  Loss -0.2093 (-1.3639)  Time:  0.096 (0.012)  Data Time:  0.004 (0.004)
2022-04-08 09:18:58,827:INFO:   Eta: 1:02:48
2022-04-08 09:19:25,986:INFO: Train: [112][2321/2322]  Loss -0.2186 (-1.3884)  Time:  0.091 (0.012)  Data Time:  0.005 (0.004)
2022-04-08 09:19:25,986:INFO:   Eta: 1:02:26
2022-04-08 09:19:53,402:INFO: Train: [113][2321/2322]  Loss -0.1995 (-1.4279)  Time:  0.095 (0.012)  Data Time:  0.005 (0.005)
2022-04-08 09:19:53,403:INFO:   Eta: 1:02:34
2022-04-08 09:20:20,549:INFO: Train: [114][2321/2322]  Loss -0.1695 (-1.4084)  Time:  0.087 (0.012)  Data Time:  0.004 (0.005)
2022-04-08 09:20:20,550:INFO:   Eta: 1:01:30
2022-04-08 09:20:47,628:INFO: Train: [115][2321/2322]  Loss -0.1915 (-1.4230)  Time:  0.091 (0.012)  Data Time:  0.005 (0.004)
2022-04-08 09:20:47,629:INFO:   Eta: 1:00:54
2022-04-08 09:21:15,775:INFO: Train: [116][2321/2322]  Loss -0.2240 (-1.3564)  Time:  0.079 (0.012)  Data Time:  0.004 (0.004)
2022-04-08 09:21:15,847:INFO:   Eta: 1:02:49
2022-04-08 09:21:32,931:INFO: Test: [116]  ADE: 0.3731  FDE: 0.5877
2022-04-08 09:21:55,807:INFO: Train: [117][2321/2322]  Loss -0.2193 (-1.3396)  Time:  0.077 (0.010)  Data Time:  0.004 (0.003)
2022-04-08 09:21:55,808:INFO:   Eta: 0:49:25
2022-04-08 09:22:19,914:INFO: Train: [118][2321/2322]  Loss -0.1444 (-1.4200)  Time:  0.087 (0.010)  Data Time:  0.004 (0.004)
2022-04-08 09:22:19,915:INFO:   Eta: 0:53:00
2022-04-08 09:22:44,128:INFO: Train: [119][2321/2322]  Loss -0.1739 (-1.4491)  Time:  0.085 (0.010)  Data Time:  0.003 (0.003)
2022-04-08 09:22:44,129:INFO:   Eta: 0:52:50
2022-04-08 09:23:10,897:INFO: Train: [120][2321/2322]  Loss -0.1855 (-1.4350)  Time:  0.093 (0.012)  Data Time:  0.004 (0.004)
2022-04-08 09:23:10,897:INFO:   Eta: 0:57:58
2022-04-08 09:23:38,087:INFO: Train: [121][2321/2322]  Loss -0.1342 (-1.3525)  Time:  0.096 (0.012)  Data Time:  0.005 (0.004)
2022-04-08 09:23:38,087:INFO:   Eta: 0:58:25
2022-04-08 09:24:05,091:INFO: Train: [122][2321/2322]  Loss -0.2385 (-1.2198)  Time:  0.089 (0.012)  Data Time:  0.004 (0.004)
2022-04-08 09:24:05,092:INFO:   Eta: 0:57:35
2022-04-08 09:24:32,415:INFO: Train: [123][2321/2322]  Loss -0.2117 (-1.4593)  Time:  0.089 (0.012)  Data Time:  0.005 (0.005)
2022-04-08 09:24:32,416:INFO:   Eta: 0:57:48
2022-04-08 09:24:59,628:INFO: Train: [124][2321/2322]  Loss -0.1960 (-1.4520)  Time:  0.082 (0.012)  Data Time:  0.004 (0.004)
2022-04-08 09:24:59,629:INFO:   Eta: 0:57:07
2022-04-08 09:25:26,271:INFO: Train: [125][2321/2322]  Loss -0.2084 (-1.4199)  Time:  0.088 (0.011)  Data Time:  0.004 (0.005)
2022-04-08 09:25:26,271:INFO:   Eta: 0:55:29
2022-04-08 09:25:53,196:INFO: Train: [126][2321/2322]  Loss -0.1686 (-1.4518)  Time:  0.088 (0.012)  Data Time:  0.004 (0.005)
2022-04-08 09:25:53,196:INFO:   Eta: 0:55:37
2022-04-08 09:26:11,025:INFO: Test: [126]  ADE: 0.4778  FDE: 0.5673
2022-04-08 09:26:36,805:INFO: Train: [127][2321/2322]  Loss -0.2684 (-1.4595)  Time:  0.098 (0.011)  Data Time:  0.006 (0.004)
2022-04-08 09:26:36,807:INFO:   Eta: 0:52:48
2022-04-08 09:27:04,320:INFO: Train: [128][2321/2322]  Loss -0.1907 (-1.4920)  Time:  0.090 (0.012)  Data Time:  0.006 (0.005)
2022-04-08 09:27:04,321:INFO:   Eta: 0:55:53
2022-04-08 09:27:29,013:INFO: Train: [129][2321/2322]  Loss -0.2245 (-1.4760)  Time:  0.087 (0.011)  Data Time:  0.004 (0.004)
2022-04-08 09:27:29,014:INFO:   Eta: 0:49:46
2022-04-08 09:27:53,404:INFO: Train: [130][2321/2322]  Loss -0.1739 (-1.4528)  Time:  0.077 (0.010)  Data Time:  0.004 (0.004)
2022-04-08 09:27:53,404:INFO:   Eta: 0:48:45
2022-04-08 09:28:17,811:INFO: Train: [131][2321/2322]  Loss -0.2259 (-1.2539)  Time:  0.086 (0.011)  Data Time:  0.004 (0.004)
2022-04-08 09:28:17,812:INFO:   Eta: 0:48:23
2022-04-08 09:28:42,138:INFO: Train: [132][2321/2322]  Loss -0.2671 (-1.3445)  Time:  0.091 (0.010)  Data Time:  0.005 (0.004)
2022-04-08 09:28:42,139:INFO:   Eta: 0:47:49
2022-04-08 09:29:09,669:INFO: Train: [133][2321/2322]  Loss -0.2334 (-1.4870)  Time:  0.084 (0.012)  Data Time:  0.004 (0.005)
2022-04-08 09:29:09,669:INFO:   Eta: 0:53:39
2022-04-08 09:29:36,862:INFO: Train: [134][2321/2322]  Loss -0.2238 (-1.4641)  Time:  0.091 (0.012)  Data Time:  0.006 (0.005)
2022-04-08 09:29:36,862:INFO:   Eta: 0:52:33
2022-04-08 09:30:03,869:INFO: Train: [135][2321/2322]  Loss -0.2194 (-1.4880)  Time:  0.082 (0.012)  Data Time:  0.004 (0.004)
2022-04-08 09:30:03,870:INFO:   Eta: 0:51:44
2022-04-08 09:30:30,551:INFO: Train: [136][2321/2322]  Loss -0.2429 (-1.5094)  Time:  0.080 (0.011)  Data Time:  0.004 (0.004)
2022-04-08 09:30:30,552:INFO:   Eta: 0:50:40
2022-04-08 09:30:47,638:INFO: Test: [136]  ADE: 0.4540  FDE: 0.6492
2022-04-08 09:31:13,017:INFO: Train: [137][2321/2322]  Loss -0.1956 (-1.3903)  Time:  0.096 (0.011)  Data Time:  0.005 (0.004)
2022-04-08 09:31:13,018:INFO:   Eta: 0:47:46
2022-04-08 09:31:40,503:INFO: Train: [138][2321/2322]  Loss -0.2152 (-1.4470)  Time:  0.092 (0.012)  Data Time:  0.003 (0.005)
2022-04-08 09:31:40,504:INFO:   Eta: 0:51:16
2022-04-08 09:32:07,866:INFO: Train: [139][2321/2322]  Loss -0.2240 (-1.4370)  Time:  0.083 (0.012)  Data Time:  0.004 (0.005)
2022-04-08 09:32:07,867:INFO:   Eta: 0:50:36
2022-04-08 09:32:35,375:INFO: Train: [140][2321/2322]  Loss -0.1556 (-1.4355)  Time:  0.087 (0.012)  Data Time:  0.004 (0.005)
2022-04-08 09:32:35,376:INFO:   Eta: 0:50:24
2022-04-08 09:33:01,340:INFO: Train: [141][2321/2322]  Loss -0.1907 (-1.4390)  Time:  0.075 (0.011)  Data Time:  0.004 (0.004)
2022-04-08 09:33:01,340:INFO:   Eta: 0:47:08
2022-04-08 09:33:25,320:INFO: Train: [142][2321/2322]  Loss -0.2632 (-1.3894)  Time:  0.077 (0.010)  Data Time:  0.004 (0.004)
2022-04-08 09:33:25,321:INFO:   Eta: 0:43:08
2022-04-08 09:33:49,079:INFO: Train: [143][2321/2322]  Loss -0.1862 (-1.5166)  Time:  0.073 (0.010)  Data Time:  0.003 (0.004)
2022-04-08 09:33:49,080:INFO:   Eta: 0:42:21
2022-04-08 09:34:13,312:INFO: Train: [144][2321/2322]  Loss -0.2324 (-1.5040)  Time:  0.082 (0.010)  Data Time:  0.003 (0.004)
2022-04-08 09:34:13,313:INFO:   Eta: 0:42:47
2022-04-08 09:34:39,633:INFO: Train: [145][2321/2322]  Loss -0.1799 (-1.5205)  Time:  0.085 (0.011)  Data Time:  0.005 (0.004)
2022-04-08 09:34:39,634:INFO:   Eta: 0:46:02
2022-04-08 09:35:06,317:INFO: Train: [146][2321/2322]  Loss -0.1589 (-1.3369)  Time:  0.083 (0.011)  Data Time:  0.004 (0.004)
2022-04-08 09:35:06,318:INFO:   Eta: 0:46:13
2022-04-08 09:35:24,398:INFO: Test: [146]  ADE: 0.4196  FDE: 0.6377
2022-04-08 09:35:50,501:INFO: Train: [147][2321/2322]  Loss -0.2090 (-1.3455)  Time:  0.092 (0.011)  Data Time:  0.004 (0.004)
2022-04-08 09:35:50,502:INFO:   Eta: 0:44:47
2022-04-08 09:36:18,375:INFO: Train: [148][2321/2322]  Loss -0.2356 (-1.5822)  Time:  0.088 (0.012)  Data Time:  0.005 (0.005)
2022-04-08 09:36:18,375:INFO:   Eta: 0:47:21
2022-04-08 09:36:45,580:INFO: Train: [149][2321/2322]  Loss -0.1980 (-1.4564)  Time:  0.091 (0.012)  Data Time:  0.005 (0.005)
2022-04-08 09:36:45,581:INFO:   Eta: 0:45:46
2022-04-08 09:37:12,589:INFO: Train: [150][2321/2322]  Loss -0.2444 (-1.6309)  Time:  0.079 (0.012)  Data Time:  0.004 (0.005)
2022-04-08 09:37:12,590:INFO:   Eta: 0:44:59
2022-04-08 09:37:40,045:INFO: Train: [151][2321/2322]  Loss -0.2354 (-1.6636)  Time:  0.081 (0.012)  Data Time:  0.004 (0.005)
2022-04-08 09:37:40,046:INFO:   Eta: 0:45:17
2022-04-08 09:37:44,871:INFO: Valid: [151][604/605]  Loss -8.0188 (-4.9277)
2022-04-08 09:37:44,883:INFO: Checkpoint saved...
2022-04-08 09:38:12,719:INFO: Train: [152][2321/2322]  Loss -0.2152 (-1.6839)  Time:  0.087 (0.012)  Data Time:  0.005 (0.005)
2022-04-08 09:38:12,720:INFO:   Eta: 0:45:25
2022-04-08 09:38:17,518:INFO: Valid: [152][604/605]  Loss -8.3216 (-5.0912)
2022-04-08 09:38:17,527:INFO: Checkpoint saved...
2022-04-08 09:38:43,806:INFO: Train: [153][2321/2322]  Loss -0.2247 (-1.5354)  Time:  0.081 (0.011)  Data Time:  0.004 (0.004)
2022-04-08 09:38:43,807:INFO:   Eta: 0:42:27
2022-04-08 09:38:48,411:INFO: Valid: [153][604/605]  Loss -8.3006 (-5.1074)
2022-04-08 09:39:12,769:INFO: Train: [154][2321/2322]  Loss -0.2259 (-1.6652)  Time:  0.089 (0.010)  Data Time:  0.004 (0.004)
2022-04-08 09:39:12,770:INFO:   Eta: 0:38:55
2022-04-08 09:39:17,152:INFO: Valid: [154][604/605]  Loss -8.3047 (-5.1027)
2022-04-08 09:39:41,491:INFO: Train: [155][2321/2322]  Loss -0.2302 (-1.6520)  Time:  0.084 (0.010)  Data Time:  0.004 (0.004)
2022-04-08 09:39:41,491:INFO:   Eta: 0:38:29
2022-04-08 09:39:46,096:INFO: Valid: [155][604/605]  Loss -8.3801 (-5.1854)
2022-04-08 09:39:46,105:INFO: Checkpoint saved...
2022-04-08 09:40:09,456:INFO: Train: [156][2321/2322]  Loss -0.1760 (-1.6235)  Time:  0.086 (0.010)  Data Time:  0.004 (0.003)
2022-04-08 09:40:09,456:INFO:   Eta: 0:36:33
2022-04-08 09:40:14,270:INFO: Valid: [156][604/605]  Loss -7.9698 (-4.9151)
2022-04-08 09:40:32,251:INFO: Test: [156]  ADE: 0.3591  FDE: 0.5233
2022-04-08 09:40:57,681:INFO: Train: [157][2321/2322]  Loss -0.2486 (-1.7187)  Time:  0.082 (0.011)  Data Time:  0.005 (0.004)
2022-04-08 09:40:57,682:INFO:   Eta: 0:39:23
2022-04-08 09:41:02,739:INFO: Valid: [157][604/605]  Loss -7.5482 (-4.5999)
2022-04-08 09:41:30,317:INFO: Train: [158][2321/2322]  Loss -0.2510 (-1.6607)  Time:  0.086 (0.012)  Data Time:  0.005 (0.004)
2022-04-08 09:41:30,318:INFO:   Eta: 0:42:14
2022-04-08 09:41:35,161:INFO: Valid: [158][604/605]  Loss -8.3569 (-5.1042)
2022-04-08 09:42:03,673:INFO: Train: [159][2321/2322]  Loss -0.2391 (-1.6608)  Time:  0.095 (0.012)  Data Time:  0.005 (0.005)
2022-04-08 09:42:03,674:INFO:   Eta: 0:43:12
2022-04-08 09:42:08,563:INFO: Valid: [159][604/605]  Loss -8.1924 (-4.9854)
2022-04-08 09:42:37,170:INFO: Train: [160][2321/2322]  Loss -0.2207 (-1.5217)  Time:  0.091 (0.012)  Data Time:  0.004 (0.005)
2022-04-08 09:42:37,171:INFO:   Eta: 0:42:52
2022-04-08 09:42:41,917:INFO: Valid: [160][604/605]  Loss -8.1929 (-5.0328)
2022-04-08 09:43:10,871:INFO: Train: [161][2321/2322]  Loss -0.2006 (-1.7094)  Time:  0.102 (0.012)  Data Time:  0.004 (0.005)
2022-04-08 09:43:10,872:INFO:   Eta: 0:42:54
2022-04-08 09:43:15,893:INFO: Valid: [161][604/605]  Loss -8.3190 (-5.1137)
2022-04-08 09:43:43,654:INFO: Train: [162][2321/2322]  Loss -0.2401 (-1.6222)  Time:  0.093 (0.012)  Data Time:  0.005 (0.005)
2022-04-08 09:43:43,654:INFO:   Eta: 0:40:40
2022-04-08 09:43:48,493:INFO: Valid: [162][604/605]  Loss -8.3622 (-5.1494)
2022-04-08 09:44:16,207:INFO: Train: [163][2321/2322]  Loss -0.2276 (-1.6414)  Time:  0.085 (0.012)  Data Time:  0.003 (0.004)
2022-04-08 09:44:16,208:INFO:   Eta: 0:40:08
2022-04-08 09:44:20,969:INFO: Valid: [163][604/605]  Loss -7.6188 (-4.6500)
2022-04-08 09:44:45,405:INFO: Train: [164][2321/2322]  Loss -0.2097 (-1.7467)  Time:  0.082 (0.011)  Data Time:  0.004 (0.004)
2022-04-08 09:44:45,406:INFO:   Eta: 0:34:59
2022-04-08 09:44:50,014:INFO: Valid: [164][604/605]  Loss -7.8492 (-4.8779)
2022-04-08 09:45:14,449:INFO: Train: [165][2321/2322]  Loss -0.2485 (-1.6092)  Time:  0.077 (0.011)  Data Time:  0.003 (0.003)
2022-04-08 09:45:14,449:INFO:   Eta: 0:34:34
2022-04-08 09:45:19,457:INFO: Valid: [165][604/605]  Loss -8.3429 (-5.1300)
2022-04-08 09:45:43,111:INFO: Train: [166][2321/2322]  Loss -0.2111 (-1.5478)  Time:  0.086 (0.010)  Data Time:  0.003 (0.003)
2022-04-08 09:45:43,112:INFO:   Eta: 0:33:04
2022-04-08 09:45:47,877:INFO: Valid: [166][604/605]  Loss -7.8440 (-4.7543)
2022-04-08 09:46:05,802:INFO: Test: [166]  ADE: 0.3645  FDE: 0.5285
2022-04-08 09:46:33,264:INFO: Train: [167][2321/2322]  Loss -0.2298 (-1.5841)  Time:  0.088 (0.012)  Data Time:  0.005 (0.004)
2022-04-08 09:46:33,265:INFO:   Eta: 0:37:57
2022-04-08 09:46:38,151:INFO: Valid: [167][604/605]  Loss -8.0455 (-4.9306)
2022-04-08 09:47:06,581:INFO: Train: [168][2321/2322]  Loss -0.2028 (-1.7070)  Time:  0.096 (0.012)  Data Time:  0.004 (0.005)
2022-04-08 09:47:06,582:INFO:   Eta: 0:38:48
2022-04-08 09:47:11,548:INFO: Valid: [168][604/605]  Loss -8.1371 (-4.9839)
2022-04-08 09:47:39,329:INFO: Train: [169][2321/2322]  Loss -0.2321 (-1.7186)  Time:  0.105 (0.012)  Data Time:  0.005 (0.004)
2022-04-08 09:47:39,330:INFO:   Eta: 0:37:27
2022-04-08 09:47:44,325:INFO: Valid: [169][604/605]  Loss -8.2820 (-5.1110)
2022-04-08 09:48:12,536:INFO: Train: [170][2321/2322]  Loss -0.1903 (-1.7582)  Time:  0.077 (0.012)  Data Time:  0.003 (0.005)
2022-04-08 09:48:12,537:INFO:   Eta: 0:37:34
2022-04-08 09:48:17,594:INFO: Valid: [170][604/605]  Loss -8.1302 (-4.9924)
2022-04-08 09:48:46,060:INFO: Train: [171][2321/2322]  Loss -0.1972 (-1.7111)  Time:  0.088 (0.012)  Data Time:  0.004 (0.005)
2022-04-08 09:48:46,061:INFO:   Eta: 0:37:26
2022-04-08 09:48:51,029:INFO: Valid: [171][604/605]  Loss -7.7070 (-4.6946)
2022-04-08 09:49:18,952:INFO: Train: [172][2321/2322]  Loss -0.2146 (-1.7081)  Time:  0.098 (0.012)  Data Time:  0.004 (0.004)
2022-04-08 09:49:18,952:INFO:   Eta: 0:36:15
2022-04-08 09:49:23,940:INFO: Valid: [172][604/605]  Loss -8.4841 (-5.2304)
2022-04-08 09:49:23,956:INFO: Checkpoint saved...
2022-04-08 09:49:51,912:INFO: Train: [173][2321/2322]  Loss -0.2501 (-1.7067)  Time:  0.089 (0.012)  Data Time:  0.003 (0.004)
2022-04-08 09:49:51,913:INFO:   Eta: 0:35:50
2022-04-08 09:49:56,692:INFO: Valid: [173][604/605]  Loss -7.5379 (-4.6012)
2022-04-08 09:50:21,224:INFO: Train: [174][2321/2322]  Loss -0.2320 (-1.7426)  Time:  0.092 (0.011)  Data Time:  0.004 (0.004)
2022-04-08 09:50:21,225:INFO:   Eta: 0:31:02
2022-04-08 09:50:26,337:INFO: Valid: [174][604/605]  Loss -8.4605 (-5.2209)
2022-04-08 09:50:51,203:INFO: Train: [175][2321/2322]  Loss -0.2043 (-1.6702)  Time:  0.086 (0.011)  Data Time:  0.003 (0.004)
2022-04-08 09:50:51,204:INFO:   Eta: 0:31:02
2022-04-08 09:50:55,962:INFO: Valid: [175][604/605]  Loss -8.2883 (-5.0983)
2022-04-08 09:51:19,747:INFO: Train: [176][2321/2322]  Loss -0.2431 (-1.6148)  Time:  0.092 (0.010)  Data Time:  0.003 (0.003)
2022-04-08 09:51:19,748:INFO:   Eta: 0:29:18
2022-04-08 09:51:24,471:INFO: Valid: [176][604/605]  Loss -8.1828 (-5.0471)
2022-04-08 09:51:41,830:INFO: Test: [176]  ADE: 0.3573  FDE: 0.5186
2022-04-08 09:52:09,734:INFO: Train: [177][2321/2322]  Loss -0.2051 (-1.5516)  Time:  0.088 (0.012)  Data Time:  0.004 (0.004)
2022-04-08 09:52:09,734:INFO:   Eta: 0:33:55
2022-04-08 09:52:14,778:INFO: Valid: [177][604/605]  Loss -8.4363 (-5.2112)
2022-04-08 09:52:42,734:INFO: Train: [178][2321/2322]  Loss -0.2349 (-1.4955)  Time:  0.091 (0.012)  Data Time:  0.004 (0.004)
2022-04-08 09:52:42,735:INFO:   Eta: 0:33:31
2022-04-08 09:52:47,444:INFO: Valid: [178][604/605]  Loss -8.2290 (-5.0738)
2022-04-08 09:53:14,630:INFO: Train: [179][2321/2322]  Loss -0.1940 (-1.7130)  Time:  0.098 (0.012)  Data Time:  0.005 (0.004)
2022-04-08 09:53:14,631:INFO:   Eta: 0:32:08
2022-04-08 09:53:19,516:INFO: Valid: [179][604/605]  Loss -8.3586 (-5.1583)
2022-04-08 09:53:47,328:INFO: Train: [180][2321/2322]  Loss -0.2568 (-1.6880)  Time:  0.086 (0.012)  Data Time:  0.004 (0.004)
2022-04-08 09:53:47,328:INFO:   Eta: 0:32:24
2022-04-08 09:53:52,231:INFO: Valid: [180][604/605]  Loss -7.8893 (-4.8227)
2022-04-08 09:54:19,852:INFO: Train: [181][2321/2322]  Loss -0.2945 (-1.7274)  Time:  0.092 (0.012)  Data Time:  0.005 (0.004)
2022-04-08 09:54:19,853:INFO:   Eta: 0:31:43
2022-04-08 09:54:24,806:INFO: Valid: [181][604/605]  Loss -7.9786 (-4.9344)
2022-04-08 09:54:52,566:INFO: Train: [182][2321/2322]  Loss -0.1809 (-1.7180)  Time:  0.096 (0.012)  Data Time:  0.005 (0.004)
2022-04-08 09:54:52,567:INFO:   Eta: 0:31:25
2022-04-08 09:54:57,481:INFO: Valid: [182][604/605]  Loss -7.8543 (-4.8009)
2022-04-08 09:55:25,318:INFO: Train: [183][2321/2322]  Loss -0.1693 (-1.6209)  Time:  0.095 (0.012)  Data Time:  0.005 (0.004)
2022-04-08 09:55:25,320:INFO:   Eta: 0:31:03
2022-04-08 09:55:30,181:INFO: Valid: [183][604/605]  Loss -8.3752 (-5.1607)
2022-04-08 09:55:57,082:INFO: Train: [184][2321/2322]  Loss -0.1922 (-1.7170)  Time:  0.081 (0.012)  Data Time:  0.003 (0.004)
2022-04-08 09:55:57,083:INFO:   Eta: 0:29:32
2022-04-08 09:56:01,557:INFO: Valid: [184][604/605]  Loss -8.1050 (-4.9927)
2022-04-08 09:56:26,246:INFO: Train: [185][2321/2322]  Loss -0.1827 (-1.7396)  Time:  0.080 (0.011)  Data Time:  0.004 (0.004)
2022-04-08 09:56:26,247:INFO:   Eta: 0:26:42
2022-04-08 09:56:31,116:INFO: Valid: [185][604/605]  Loss -8.2344 (-5.0413)
2022-04-08 09:56:53,574:INFO: Train: [186][2321/2322]  Loss -0.2248 (-1.6673)  Time:  0.072 (0.010)  Data Time:  0.003 (0.003)
2022-04-08 09:56:53,574:INFO:   Eta: 0:23:55
2022-04-08 09:56:58,224:INFO: Valid: [186][604/605]  Loss -8.3077 (-5.1330)
2022-04-08 09:57:15,722:INFO: Test: [186]  ADE: 0.3641  FDE: 0.5796
2022-04-08 09:57:42,311:INFO: Train: [187][2321/2322]  Loss -0.2388 (-1.6288)  Time:  0.098 (0.011)  Data Time:  0.003 (0.004)
2022-04-08 09:57:42,312:INFO:   Eta: 0:27:53
2022-04-08 09:57:47,892:INFO: Valid: [187][604/605]  Loss -8.0367 (-4.8813)
2022-04-08 09:58:16,343:INFO: Train: [188][2321/2322]  Loss -0.2211 (-1.7037)  Time:  0.093 (0.012)  Data Time:  0.004 (0.004)
2022-04-08 09:58:16,344:INFO:   Eta: 0:29:22
2022-04-08 09:58:21,195:INFO: Valid: [188][604/605]  Loss -8.3280 (-5.0815)
2022-04-08 09:58:49,558:INFO: Train: [189][2321/2322]  Loss -0.2410 (-1.5967)  Time:  0.100 (0.012)  Data Time:  0.005 (0.005)
2022-04-08 09:58:49,558:INFO:   Eta: 0:28:48
2022-04-08 09:58:54,608:INFO: Valid: [189][604/605]  Loss -7.6789 (-4.7212)
2022-04-08 09:59:22,491:INFO: Train: [190][2321/2322]  Loss -0.2230 (-1.6925)  Time:  0.088 (0.012)  Data Time:  0.005 (0.004)
2022-04-08 09:59:22,492:INFO:   Eta: 0:27:51
2022-04-08 09:59:27,363:INFO: Valid: [190][604/605]  Loss -8.3837 (-5.1633)
2022-04-08 09:59:55,569:INFO: Train: [191][2321/2322]  Loss -0.2062 (-1.7226)  Time:  0.095 (0.012)  Data Time:  0.005 (0.004)
2022-04-08 09:59:55,569:INFO:   Eta: 0:27:42
2022-04-08 10:00:00,524:INFO: Valid: [191][604/605]  Loss -8.3066 (-5.1087)
2022-04-08 10:00:28,607:INFO: Train: [192][2321/2322]  Loss -0.2554 (-1.5714)  Time:  0.099 (0.012)  Data Time:  0.005 (0.004)
2022-04-08 10:00:28,608:INFO:   Eta: 0:27:07
2022-04-08 10:00:33,613:INFO: Valid: [192][604/605]  Loss -8.3651 (-5.1446)
2022-04-08 10:01:01,966:INFO: Train: [193][2321/2322]  Loss -0.1598 (-1.7407)  Time:  0.095 (0.012)  Data Time:  0.004 (0.005)
2022-04-08 10:01:01,967:INFO:   Eta: 0:26:54
2022-04-08 10:01:07,002:INFO: Valid: [193][604/605]  Loss -7.8640 (-4.8112)
2022-04-08 10:01:35,234:INFO: Train: [194][2321/2322]  Loss -0.2164 (-1.7262)  Time:  0.098 (0.012)  Data Time:  0.005 (0.004)
2022-04-08 10:01:35,235:INFO:   Eta: 0:26:19
2022-04-08 10:01:40,147:INFO: Valid: [194][604/605]  Loss -8.3035 (-5.0808)
2022-04-08 10:02:06,134:INFO: Train: [195][2321/2322]  Loss -0.2741 (-1.7548)  Time:  0.080 (0.011)  Data Time:  0.003 (0.004)
2022-04-08 10:02:06,135:INFO:   Eta: 0:23:47
2022-04-08 10:02:10,811:INFO: Valid: [195][604/605]  Loss -8.4236 (-5.1658)
2022-04-08 10:02:35,070:INFO: Train: [196][2321/2322]  Loss -0.2246 (-1.7621)  Time:  0.076 (0.010)  Data Time:  0.003 (0.003)
2022-04-08 10:02:35,072:INFO:   Eta: 0:21:48
2022-04-08 10:02:39,970:INFO: Valid: [196][604/605]  Loss -8.2838 (-5.0615)
2022-04-08 10:02:57,750:INFO: Test: [196]  ADE: 0.3531  FDE: 0.5387
2022-04-08 10:03:23,056:INFO: Train: [197][2321/2322]  Loss -0.3041 (-1.5221)  Time:  0.075 (0.011)  Data Time:  0.004 (0.004)
2022-04-08 10:03:23,057:INFO:   Eta: 0:22:20
2022-04-08 10:03:27,861:INFO: Valid: [197][604/605]  Loss -7.9122 (-4.8488)
2022-04-08 10:03:54,409:INFO: Train: [198][2321/2322]  Loss -0.2139 (-1.7537)  Time:  0.097 (0.011)  Data Time:  0.005 (0.004)
2022-04-08 10:03:54,410:INFO:   Eta: 0:22:58
2022-04-08 10:03:59,364:INFO: Valid: [198][604/605]  Loss -8.3148 (-5.0939)
2022-04-08 10:04:27,692:INFO: Train: [199][2321/2322]  Loss -0.2075 (-1.7545)  Time:  0.080 (0.012)  Data Time:  0.004 (0.004)
2022-04-08 10:04:27,693:INFO:   Eta: 0:24:03
2022-04-08 10:04:32,689:INFO: Valid: [199][604/605]  Loss -7.8467 (-4.8307)
2022-04-08 10:05:00,815:INFO: Train: [200][2321/2322]  Loss -0.3191 (-1.7677)  Time:  0.081 (0.012)  Data Time:  0.004 (0.005)
2022-04-08 10:05:00,815:INFO:   Eta: 0:23:24
2022-04-08 10:05:05,946:INFO: Valid: [200][604/605]  Loss -8.1404 (-5.0285)
2022-04-08 10:05:34,369:INFO: Train: [201][2321/2322]  Loss -0.2250 (-1.4611)  Time:  0.094 (0.012)  Data Time:  0.005 (0.005)
2022-04-08 10:05:34,370:INFO:   Eta: 0:23:11
2022-04-08 10:05:39,437:INFO: Valid: [201][604/605]  Loss -8.3703 (-5.1581)
2022-04-08 10:06:07,686:INFO: Train: [202][2321/2322]  Loss -0.2095 (-1.5701)  Time:  0.107 (0.012)  Data Time:  0.005 (0.005)
2022-04-08 10:06:07,687:INFO:   Eta: 0:22:34
2022-04-08 10:06:12,513:INFO: Valid: [202][604/605]  Loss -8.4246 (-5.1838)
2022-04-08 10:06:40,450:INFO: Train: [203][2321/2322]  Loss -0.2744 (-1.7134)  Time:  0.094 (0.012)  Data Time:  0.005 (0.004)
2022-04-08 10:06:40,451:INFO:   Eta: 0:21:51
2022-04-08 10:06:45,332:INFO: Valid: [203][604/605]  Loss -8.1922 (-4.9886)
2022-04-08 10:07:11,656:INFO: Train: [204][2321/2322]  Loss -0.2362 (-1.7409)  Time:  0.088 (0.011)  Data Time:  0.004 (0.004)
2022-04-08 10:07:11,657:INFO:   Eta: 0:20:09
2022-04-08 10:07:16,590:INFO: Valid: [204][604/605]  Loss -8.3933 (-5.1456)
2022-04-08 10:07:43,729:INFO: Train: [205][2321/2322]  Loss -0.2589 (-1.7843)  Time:  0.105 (0.012)  Data Time:  0.004 (0.004)
2022-04-08 10:07:43,731:INFO:   Eta: 0:20:19
2022-04-08 10:07:48,581:INFO: Valid: [205][604/605]  Loss -7.9057 (-4.8817)
2022-04-08 10:08:16,523:INFO: Train: [206][2321/2322]  Loss -0.2258 (-1.7584)  Time:  0.091 (0.012)  Data Time:  0.009 (0.004)
2022-04-08 10:08:16,523:INFO:   Eta: 0:20:28
2022-04-08 10:08:21,620:INFO: Valid: [206][604/605]  Loss -8.3044 (-5.0848)
2022-04-08 10:08:38,573:INFO: Test: [206]  ADE: 0.3653  FDE: 0.5774
2022-04-08 10:09:03,948:INFO: Train: [207][2321/2322]  Loss -0.2505 (-1.7389)  Time:  0.089 (0.011)  Data Time:  0.003 (0.004)
2022-04-08 10:09:03,948:INFO:   Eta: 0:17:35
2022-04-08 10:09:08,554:INFO: Valid: [207][604/605]  Loss -8.0886 (-4.9313)
2022-04-08 10:09:32,458:INFO: Train: [208][2321/2322]  Loss -0.2639 (-1.5332)  Time:  0.095 (0.010)  Data Time:  0.002 (0.003)
2022-04-08 10:09:32,459:INFO:   Eta: 0:16:42
2022-04-08 10:09:37,191:INFO: Valid: [208][604/605]  Loss -8.1844 (-5.0839)
2022-04-08 10:10:04,194:INFO: Train: [209][2321/2322]  Loss -0.2160 (-1.5748)  Time:  0.101 (0.012)  Data Time:  0.005 (0.004)
2022-04-08 10:10:04,195:INFO:   Eta: 0:18:25
2022-04-08 10:10:09,128:INFO: Valid: [209][604/605]  Loss -8.2102 (-5.0617)
2022-04-08 10:10:36,666:INFO: Train: [210][2321/2322]  Loss -0.2303 (-1.6428)  Time:  0.088 (0.012)  Data Time:  0.004 (0.004)
2022-04-08 10:10:36,666:INFO:   Eta: 0:18:20
2022-04-08 10:10:41,587:INFO: Valid: [210][604/605]  Loss -7.8976 (-4.8594)
2022-04-08 10:11:09,046:INFO: Train: [211][2321/2322]  Loss -0.2335 (-1.7691)  Time:  0.090 (0.012)  Data Time:  0.006 (0.004)
2022-04-08 10:11:09,047:INFO:   Eta: 0:17:49
2022-04-08 10:11:13,952:INFO: Valid: [211][604/605]  Loss -7.8941 (-4.8524)
2022-04-08 10:11:41,985:INFO: Train: [212][2321/2322]  Loss -0.2263 (-1.7068)  Time:  0.089 (0.012)  Data Time:  0.004 (0.005)
2022-04-08 10:11:41,986:INFO:   Eta: 0:17:44
2022-04-08 10:11:47,096:INFO: Valid: [212][604/605]  Loss -8.5401 (-5.2627)
2022-04-08 10:11:47,114:INFO: Checkpoint saved...
2022-04-08 10:12:14,646:INFO: Train: [213][2321/2322]  Loss -0.2654 (-1.7610)  Time:  0.081 (0.012)  Data Time:  0.003 (0.004)
2022-04-08 10:12:14,646:INFO:   Eta: 0:16:57
2022-04-08 10:12:19,312:INFO: Valid: [213][604/605]  Loss -8.1737 (-5.0146)
2022-04-08 10:12:45,897:INFO: Train: [214][2321/2322]  Loss -0.2401 (-1.7560)  Time:  0.104 (0.011)  Data Time:  0.005 (0.004)
2022-04-08 10:12:45,898:INFO:   Eta: 0:15:56
2022-04-08 10:12:50,909:INFO: Valid: [214][604/605]  Loss -7.9680 (-4.8596)
2022-04-08 10:13:18,565:INFO: Train: [215][2321/2322]  Loss -0.3028 (-1.5141)  Time:  0.095 (0.012)  Data Time:  0.004 (0.004)
2022-04-08 10:13:18,566:INFO:   Eta: 0:16:06
2022-04-08 10:13:23,505:INFO: Valid: [215][604/605]  Loss -8.2144 (-5.0418)
2022-04-08 10:13:51,140:INFO: Train: [216][2321/2322]  Loss -0.2649 (-1.7432)  Time:  0.097 (0.012)  Data Time:  0.005 (0.005)
2022-04-08 10:13:51,141:INFO:   Eta: 0:15:38
2022-04-08 10:13:56,145:INFO: Valid: [216][604/605]  Loss -8.3018 (-5.0847)
2022-04-08 10:14:14,248:INFO: Test: [216]  ADE: 0.3476  FDE: 0.5278
2022-04-08 10:14:41,270:INFO: Train: [217][2321/2322]  Loss -0.2505 (-1.7773)  Time:  0.077 (0.012)  Data Time:  0.003 (0.004)
2022-04-08 10:14:41,271:INFO:   Eta: 0:14:51
2022-04-08 10:14:46,081:INFO: Valid: [217][604/605]  Loss -8.2329 (-5.0369)
2022-04-08 10:15:10,564:INFO: Train: [218][2321/2322]  Loss -0.2577 (-1.7319)  Time:  0.084 (0.011)  Data Time:  0.004 (0.004)
2022-04-08 10:15:10,565:INFO:   Eta: 0:13:02
2022-04-08 10:15:15,452:INFO: Valid: [218][604/605]  Loss -8.0881 (-4.9835)
2022-04-08 10:15:38,900:INFO: Train: [219][2321/2322]  Loss -0.2156 (-1.7528)  Time:  0.075 (0.010)  Data Time:  0.003 (0.003)
2022-04-08 10:15:38,901:INFO:   Eta: 0:12:05
2022-04-08 10:15:43,325:INFO: Valid: [219][604/605]  Loss -8.0887 (-4.9453)
2022-04-08 10:16:07,919:INFO: Train: [220][2321/2322]  Loss -0.2028 (-1.6772)  Time:  0.092 (0.011)  Data Time:  0.004 (0.004)
2022-04-08 10:16:07,920:INFO:   Eta: 0:12:16
2022-04-08 10:16:13,044:INFO: Valid: [220][604/605]  Loss -8.3671 (-5.1372)
2022-04-08 10:16:40,671:INFO: Train: [221][2321/2322]  Loss -0.2179 (-1.5986)  Time:  0.091 (0.012)  Data Time:  0.004 (0.004)
2022-04-08 10:16:40,673:INFO:   Eta: 0:13:20
2022-04-08 10:16:45,754:INFO: Valid: [221][604/605]  Loss -8.1067 (-4.9855)
2022-04-08 10:17:13,324:INFO: Train: [222][2321/2322]  Loss -0.2075 (-1.6643)  Time:  0.077 (0.012)  Data Time:  0.004 (0.004)
2022-04-08 10:17:13,325:INFO:   Eta: 0:12:51
2022-04-08 10:17:18,225:INFO: Valid: [222][604/605]  Loss -8.2277 (-5.0516)
2022-04-08 10:17:43,834:INFO: Train: [223][2321/2322]  Loss -0.2418 (-1.6173)  Time:  0.099 (0.011)  Data Time:  0.004 (0.004)
2022-04-08 10:17:43,834:INFO:   Eta: 0:11:30
2022-04-08 10:17:48,595:INFO: Valid: [223][604/605]  Loss -8.3225 (-5.1157)
2022-04-08 10:18:16,506:INFO: Train: [224][2321/2322]  Loss -0.2857 (-1.6234)  Time:  0.088 (0.012)  Data Time:  0.005 (0.004)
2022-04-08 10:18:16,506:INFO:   Eta: 0:12:04
2022-04-08 10:18:21,396:INFO: Valid: [224][604/605]  Loss -8.3837 (-5.1564)
2022-04-08 10:18:49,423:INFO: Train: [225][2321/2322]  Loss -0.2577 (-1.7095)  Time:  0.094 (0.012)  Data Time:  0.005 (0.005)
2022-04-08 10:18:49,423:INFO:   Eta: 0:11:39
2022-04-08 10:18:54,291:INFO: Valid: [225][604/605]  Loss -7.7536 (-4.7284)
2022-04-08 10:19:21,891:INFO: Train: [226][2321/2322]  Loss -0.2193 (-1.7816)  Time:  0.090 (0.012)  Data Time:  0.004 (0.004)
2022-04-08 10:19:21,892:INFO:   Eta: 0:11:01
2022-04-08 10:19:26,881:INFO: Valid: [226][604/605]  Loss -7.8199 (-4.8110)
2022-04-08 10:19:45,097:INFO: Test: [226]  ADE: 0.3933  FDE: 0.5778
2022-04-08 10:20:13,144:INFO: Train: [227][2321/2322]  Loss -0.2053 (-1.7617)  Time:  0.091 (0.012)  Data Time:  0.004 (0.005)
2022-04-08 10:20:13,145:INFO:   Eta: 0:10:44
2022-04-08 10:20:17,972:INFO: Valid: [227][604/605]  Loss -8.1568 (-4.9951)
2022-04-08 10:20:46,206:INFO: Train: [228][2321/2322]  Loss -0.2243 (-1.7205)  Time:  0.102 (0.012)  Data Time:  0.004 (0.005)
2022-04-08 10:20:46,208:INFO:   Eta: 0:10:20
2022-04-08 10:20:50,860:INFO: Valid: [228][604/605]  Loss -8.4517 (-5.1969)
2022-04-08 10:21:14,760:INFO: Train: [229][2321/2322]  Loss -0.2452 (-1.7689)  Time:  0.083 (0.010)  Data Time:  0.004 (0.004)
2022-04-08 10:21:14,761:INFO:   Eta: 0:08:21
2022-04-08 10:21:19,308:INFO: Valid: [229][604/605]  Loss -8.3781 (-5.1389)
2022-04-08 10:21:42,655:INFO: Train: [230][2321/2322]  Loss -0.2128 (-1.7011)  Time:  0.078 (0.010)  Data Time:  0.004 (0.003)
2022-04-08 10:21:42,656:INFO:   Eta: 0:07:46
2022-04-08 10:21:47,393:INFO: Valid: [230][604/605]  Loss -8.2205 (-5.0711)
2022-04-08 10:22:11,957:INFO: Train: [231][2321/2322]  Loss -0.1812 (-1.4475)  Time:  0.087 (0.011)  Data Time:  0.003 (0.004)
2022-04-08 10:22:11,958:INFO:   Eta: 0:07:46
2022-04-08 10:22:16,795:INFO: Valid: [231][604/605]  Loss -8.1051 (-4.9741)
2022-04-08 10:22:42,260:INFO: Train: [232][2321/2322]  Loss -0.2932 (-1.7796)  Time:  0.077 (0.011)  Data Time:  0.004 (0.004)
2022-04-08 10:22:42,261:INFO:   Eta: 0:07:37
2022-04-08 10:22:47,170:INFO: Valid: [232][604/605]  Loss -6.9342 (-4.2283)
2022-04-08 10:23:13,652:INFO: Train: [233][2321/2322]  Loss -0.2527 (-1.6203)  Time:  0.090 (0.011)  Data Time:  0.005 (0.004)
2022-04-08 10:23:13,653:INFO:   Eta: 0:07:29
2022-04-08 10:23:18,257:INFO: Valid: [233][604/605]  Loss -8.4447 (-5.1632)
2022-04-08 10:23:45,706:INFO: Train: [234][2321/2322]  Loss -0.2240 (-1.6354)  Time:  0.099 (0.012)  Data Time:  0.004 (0.004)
2022-04-08 10:23:45,707:INFO:   Eta: 0:07:18
2022-04-08 10:23:50,392:INFO: Valid: [234][604/605]  Loss -7.6969 (-4.7358)
2022-04-08 10:24:18,289:INFO: Train: [235][2321/2322]  Loss -0.2062 (-1.6408)  Time:  0.093 (0.012)  Data Time:  0.004 (0.005)
2022-04-08 10:24:18,290:INFO:   Eta: 0:06:58
2022-04-08 10:24:23,155:INFO: Valid: [235][604/605]  Loss -8.2233 (-5.0440)
2022-04-08 10:24:50,777:INFO: Train: [236][2321/2322]  Loss -0.2118 (-1.7590)  Time:  0.090 (0.012)  Data Time:  0.004 (0.005)
2022-04-08 10:24:50,912:INFO:   Eta: 0:06:26
2022-04-08 10:24:56,103:INFO: Valid: [236][604/605]  Loss -8.3957 (-5.1529)
2022-04-08 10:25:14,272:INFO: Test: [236]  ADE: 0.3602  FDE: 0.5925
2022-04-08 10:25:43,540:INFO: Train: [237][2321/2322]  Loss -0.2370 (-1.6741)  Time:  0.090 (0.011)  Data Time:  0.004 (0.004)
2022-04-08 10:25:43,737:INFO:   Eta: 0:05:33
2022-04-08 10:25:48,822:INFO: Valid: [237][604/605]  Loss -8.2063 (-5.0323)
2022-04-08 10:26:18,661:INFO: Train: [238][2321/2322]  Loss -0.2362 (-1.7049)  Time:  0.098 (0.012)  Data Time:  0.005 (0.004)
2022-04-08 10:26:18,662:INFO:   Eta: 0:05:23
2022-04-08 10:26:23,584:INFO: Valid: [238][604/605]  Loss -7.9775 (-4.9095)
2022-04-08 10:26:51,238:INFO: Train: [239][2321/2322]  Loss -0.2029 (-1.7028)  Time:  0.093 (0.012)  Data Time:  0.004 (0.004)
2022-04-08 10:26:51,239:INFO:   Eta: 0:05:03
2022-04-08 10:26:56,032:INFO: Valid: [239][604/605]  Loss -8.0911 (-5.0056)
2022-04-08 10:27:21,737:INFO: Train: [240][2321/2322]  Loss -0.2508 (-1.7561)  Time:  0.084 (0.011)  Data Time:  0.003 (0.004)
2022-04-08 10:27:21,737:INFO:   Eta: 0:04:16
2022-04-08 10:27:26,544:INFO: Valid: [240][604/605]  Loss -8.4656 (-5.1956)
2022-04-08 10:27:51,122:INFO: Train: [241][2321/2322]  Loss -0.2618 (-1.7712)  Time:  0.078 (0.011)  Data Time:  0.003 (0.003)
2022-04-08 10:27:51,123:INFO:   Eta: 0:03:40
2022-04-08 10:27:55,940:INFO: Valid: [241][604/605]  Loss -8.0015 (-4.9233)
2022-04-08 10:28:17,668:INFO: Train: [242][2321/2322]  Loss -0.2241 (-1.5952)  Time:  0.080 (0.009)  Data Time:  0.003 (0.003)
2022-04-08 10:28:17,669:INFO:   Eta: 0:02:53
2022-04-08 10:28:22,381:INFO: Valid: [242][604/605]  Loss -8.4634 (-5.2083)
2022-04-08 10:28:48,540:INFO: Train: [243][2321/2322]  Loss -0.2366 (-1.7366)  Time:  0.098 (0.011)  Data Time:  0.005 (0.004)
2022-04-08 10:28:48,542:INFO:   Eta: 0:03:02
2022-04-08 10:28:53,369:INFO: Valid: [243][604/605]  Loss -8.4484 (-5.1631)
2022-04-08 10:29:20,941:INFO: Train: [244][2321/2322]  Loss -0.1965 (-1.7266)  Time:  0.104 (0.012)  Data Time:  0.005 (0.004)
2022-04-08 10:29:20,942:INFO:   Eta: 0:02:45
2022-04-08 10:29:26,031:INFO: Valid: [244][604/605]  Loss -8.2143 (-5.0706)
2022-04-08 10:29:52,731:INFO: Train: [245][2321/2322]  Loss -0.2318 (-1.7028)  Time:  0.094 (0.011)  Data Time:  0.003 (0.004)
2022-04-08 10:29:52,732:INFO:   Eta: 0:02:13
2022-04-08 10:29:57,599:INFO: Valid: [245][604/605]  Loss -8.2311 (-5.0298)
2022-04-08 10:30:21,958:INFO: Train: [246][2321/2322]  Loss -0.2883 (-1.6505)  Time:  0.086 (0.010)  Data Time:  0.003 (0.003)
2022-04-08 10:30:21,959:INFO:   Eta: 0:01:37
2022-04-08 10:30:26,669:INFO: Valid: [246][604/605]  Loss -8.2023 (-5.0689)
2022-04-08 10:30:43,682:INFO: Test: [246]  ADE: 0.3545  FDE: 0.5280
2022-04-08 10:31:08,580:INFO: Train: [247][2321/2322]  Loss -0.2278 (-1.5854)  Time:  0.085 (0.011)  Data Time:  0.004 (0.004)
2022-04-08 10:31:08,581:INFO:   Eta: 0:01:14
2022-04-08 10:31:13,384:INFO: Valid: [247][604/605]  Loss -8.4270 (-5.1796)
2022-04-08 10:31:37,810:INFO: Train: [248][2321/2322]  Loss -0.2107 (-1.7369)  Time:  0.085 (0.011)  Data Time:  0.004 (0.004)
2022-04-08 10:31:37,811:INFO:   Eta: 0:00:48
2022-04-08 10:31:42,668:INFO: Valid: [248][604/605]  Loss -8.2655 (-5.0713)
2022-04-08 10:32:08,109:INFO: Train: [249][2321/2322]  Loss -0.2055 (-1.7547)  Time:  0.087 (0.011)  Data Time:  0.004 (0.004)
2022-04-08 10:32:08,110:INFO:   Eta: 0:00:25
2022-04-08 10:32:12,866:INFO: Valid: [249][604/605]  Loss -8.3859 (-5.1508)
