2022-04-08 03:27:35,750:INFO: batch_size=128
2022-04-08 03:27:35,750:INFO: clip_grad=None
2022-04-08 03:27:35,750:INFO: dataset=univ
2022-04-08 03:27:35,750:INFO: drop=0.0
2022-04-08 03:27:35,750:INFO: gpu_num=0
2022-04-08 03:27:35,750:INFO: input_size=2
2022-04-08 03:27:35,750:INFO: kernel_size=3
2022-04-08 03:27:35,750:INFO: lr=0.01
2022-04-08 03:27:35,750:INFO: lr_sh_rate=150
2022-04-08 03:27:35,751:INFO: model=social_stgcnn9
2022-04-08 03:27:35,751:INFO: n_stgcnn=1
2022-04-08 03:27:35,751:INFO: n_txpcnn=5
2022-04-08 03:27:35,751:INFO: num_epochs=250
2022-04-08 03:27:35,751:INFO: obs_seq_len=8
2022-04-08 03:27:35,751:INFO: output_size=5
2022-04-08 03:27:35,751:INFO: pred_seq_len=12
2022-04-08 03:27:35,751:INFO: seed=0
2022-04-08 03:27:35,751:INFO: tag=univ
2022-04-08 03:27:35,751:INFO: use_lrschd=True
2022-04-08 03:27:35,751:INFO: ******************************
2022-04-08 03:27:35,751:INFO: Training initiating....
2022-04-08 03:27:35,751:INFO: Namespace(batch_size=128, clip_grad=None, dataset='univ', drop=0.0, gpu_num='0', input_size=2, kernel_size=3, lr=0.01, lr_sh_rate=150, model='social_stgcnn9', n_stgcnn=1, n_txpcnn=5, num_epochs=250, obs_seq_len=8, output_size=5, pred_seq_len=12, seed=0, tag='univ', use_lrschd=True)
2022-04-08 03:27:35,758:INFO: Initializing train dataset
2022-04-08 03:27:44,922:INFO: Initializing val dataset
2022-04-08 03:28:25,840:INFO: social_stgcnn9
2022-04-08 03:28:25,872:INFO: Data and model loaded
2022-04-08 03:28:25,872:INFO: Checkpoint dir: ./runs/Apr08_03-27-35_node07/univ/checkpoint
2022-04-08 03:28:25,872:INFO: Training started ...
2022-04-08 03:28:56,254:INFO: Train: [0][2075/2076]  Loss 0.2440 (1.5402)  Time:  0.165 (0.015)  Data Time:  0.004 (0.004)
2022-04-08 03:28:56,294:INFO:   Eta: 2:06:32
2022-04-08 03:29:26,590:INFO: Train: [1][2075/2076]  Loss 0.1116 (0.8026)  Time:  0.168 (0.015)  Data Time:  0.004 (0.005)
2022-04-08 03:29:26,591:INFO:   Eta: 2:05:38
2022-04-08 03:29:56,427:INFO: Train: [2][2075/2076]  Loss 0.0755 (0.5054)  Time:  0.155 (0.014)  Data Time:  0.004 (0.004)
2022-04-08 03:29:56,428:INFO:   Eta: 2:03:15
2022-04-08 03:30:26,581:INFO: Train: [3][2075/2076]  Loss 0.0427 (0.3574)  Time:  0.156 (0.015)  Data Time:  0.004 (0.004)
2022-04-08 03:30:26,583:INFO:   Eta: 2:04:03
2022-04-08 03:30:56,533:INFO: Train: [4][2075/2076]  Loss 0.0308 (0.3500)  Time:  0.200 (0.014)  Data Time:  0.005 (0.004)
2022-04-08 03:30:56,534:INFO:   Eta: 2:02:43
2022-04-08 03:31:26,437:INFO: Train: [5][2075/2076]  Loss -0.0069 (0.1561)  Time:  0.184 (0.014)  Data Time:  0.005 (0.004)
2022-04-08 03:31:26,448:INFO:   Eta: 2:02:02
2022-04-08 03:31:56,456:INFO: Train: [6][2075/2076]  Loss 0.0377 (0.0477)  Time:  0.155 (0.014)  Data Time:  0.004 (0.004)
2022-04-08 03:31:56,457:INFO:   Eta: 2:01:53
2022-04-08 03:34:17,301:INFO: Test: [6]  ADE: 0.7617  FDE: 0.8796
2022-04-08 03:34:47,267:INFO: Train: [7][2075/2076]  Loss 0.1349 (-0.0814)  Time:  0.161 (0.014)  Data Time:  0.005 (0.005)
2022-04-08 03:34:47,268:INFO:   Eta: 2:01:12
2022-04-08 03:35:17,039:INFO: Train: [8][2075/2076]  Loss 0.0151 (-0.1140)  Time:  0.208 (0.014)  Data Time:  0.005 (0.004)
2022-04-08 03:35:17,041:INFO:   Eta: 1:59:59
2022-04-08 03:35:46,931:INFO: Train: [9][2075/2076]  Loss -0.0428 (-0.1413)  Time:  0.164 (0.014)  Data Time:  0.005 (0.004)
2022-04-08 03:35:46,933:INFO:   Eta: 1:59:57
2022-04-08 03:36:16,785:INFO: Train: [10][2075/2076]  Loss -0.0444 (-0.2017)  Time:  0.188 (0.014)  Data Time:  0.005 (0.004)
2022-04-08 03:36:16,787:INFO:   Eta: 1:59:19
2022-04-08 03:36:46,826:INFO: Train: [11][2075/2076]  Loss 0.0418 (-0.2935)  Time:  0.219 (0.014)  Data Time:  0.004 (0.005)
2022-04-08 03:36:46,829:INFO:   Eta: 1:59:35
2022-04-08 03:37:16,736:INFO: Train: [12][2075/2076]  Loss -0.1019 (-0.2917)  Time:  0.154 (0.014)  Data Time:  0.004 (0.004)
2022-04-08 03:37:16,738:INFO:   Eta: 1:58:32
2022-04-08 03:37:47,307:INFO: Train: [13][2075/2076]  Loss -0.0359 (-0.2981)  Time:  0.170 (0.015)  Data Time:  0.003 (0.004)
2022-04-08 03:37:47,308:INFO:   Eta: 2:00:41
2022-04-08 03:38:14,345:INFO: Train: [14][2075/2076]  Loss -0.0319 (-0.3384)  Time:  0.146 (0.013)  Data Time:  0.003 (0.003)
2022-04-08 03:38:14,346:INFO:   Eta: 1:46:16
2022-04-08 03:38:40,937:INFO: Train: [15][2075/2076]  Loss 0.0652 (-0.4156)  Time:  0.150 (0.013)  Data Time:  0.004 (0.003)
2022-04-08 03:38:40,938:INFO:   Eta: 1:44:04
2022-04-08 03:39:09,434:INFO: Train: [16][2075/2076]  Loss -0.1328 (-0.3603)  Time:  0.162 (0.014)  Data Time:  0.005 (0.004)
2022-04-08 03:39:09,435:INFO:   Eta: 1:51:04
2022-04-08 03:41:27,585:INFO: Test: [16]  ADE: 0.7591  FDE: 1.1111
2022-04-08 03:41:57,140:INFO: Train: [17][2075/2076]  Loss -0.1094 (-0.4621)  Time:  0.152 (0.014)  Data Time:  0.004 (0.004)
2022-04-08 03:41:57,150:INFO:   Eta: 1:54:38
2022-04-08 03:42:26,877:INFO: Train: [18][2075/2076]  Loss -0.1667 (-0.5046)  Time:  0.169 (0.014)  Data Time:  0.004 (0.004)
2022-04-08 03:42:26,878:INFO:   Eta: 1:54:46
2022-04-08 03:42:56,323:INFO: Train: [19][2075/2076]  Loss -0.1874 (-0.5256)  Time:  0.164 (0.014)  Data Time:  0.004 (0.005)
2022-04-08 03:42:56,324:INFO:   Eta: 1:53:17
2022-04-08 03:43:25,771:INFO: Train: [20][2075/2076]  Loss -0.1343 (-0.5395)  Time:  0.191 (0.014)  Data Time:  0.004 (0.004)
2022-04-08 03:43:25,773:INFO:   Eta: 1:52:48
2022-04-08 03:43:53,175:INFO: Train: [21][2075/2076]  Loss -0.1238 (-0.5160)  Time:  0.167 (0.013)  Data Time:  0.003 (0.004)
2022-04-08 03:43:53,176:INFO:   Eta: 1:44:30
2022-04-08 03:44:20,150:INFO: Train: [22][2075/2076]  Loss -0.1230 (-0.5914)  Time:  0.149 (0.013)  Data Time:  0.004 (0.003)
2022-04-08 03:44:20,152:INFO:   Eta: 1:42:26
2022-04-08 03:44:48,354:INFO: Train: [23][2075/2076]  Loss -0.0744 (-0.5645)  Time:  0.187 (0.014)  Data Time:  0.004 (0.004)
2022-04-08 03:44:48,355:INFO:   Eta: 1:46:38
2022-04-08 03:45:17,486:INFO: Train: [24][2075/2076]  Loss -0.0898 (-0.6353)  Time:  0.161 (0.014)  Data Time:  0.005 (0.004)
2022-04-08 03:45:17,487:INFO:   Eta: 1:49:39
2022-04-08 03:45:46,687:INFO: Train: [25][2075/2076]  Loss -0.1178 (-0.6492)  Time:  0.186 (0.014)  Data Time:  0.004 (0.004)
2022-04-08 03:45:46,688:INFO:   Eta: 1:49:25
2022-04-08 03:46:16,110:INFO: Train: [26][2075/2076]  Loss -0.1714 (-0.5932)  Time:  0.187 (0.014)  Data Time:  0.004 (0.004)
2022-04-08 03:46:16,111:INFO:   Eta: 1:49:46
2022-04-08 03:48:39,514:INFO: Test: [26]  ADE: 0.5602  FDE: 0.7940
2022-04-08 03:49:08,305:INFO: Train: [27][2075/2076]  Loss -0.2138 (-0.5755)  Time:  0.175 (0.014)  Data Time:  0.004 (0.004)
2022-04-08 03:49:08,307:INFO:   Eta: 1:46:54
2022-04-08 03:49:35,250:INFO: Train: [28][2075/2076]  Loss -0.0752 (-0.5815)  Time:  0.156 (0.013)  Data Time:  0.005 (0.004)
2022-04-08 03:49:35,253:INFO:   Eta: 1:39:37
2022-04-08 03:50:02,535:INFO: Train: [29][2075/2076]  Loss -0.1915 (-0.6848)  Time:  0.150 (0.013)  Data Time:  0.004 (0.004)
2022-04-08 03:50:02,536:INFO:   Eta: 1:40:25
2022-04-08 03:50:31,015:INFO: Train: [30][2075/2076]  Loss -0.1624 (-0.7948)  Time:  0.167 (0.014)  Data Time:  0.005 (0.004)
2022-04-08 03:50:31,016:INFO:   Eta: 1:44:21
2022-04-08 03:51:00,063:INFO: Train: [31][2075/2076]  Loss -0.1521 (-0.7465)  Time:  0.174 (0.014)  Data Time:  0.003 (0.004)
2022-04-08 03:51:00,065:INFO:   Eta: 1:45:58
2022-04-08 03:51:29,998:INFO: Train: [32][2075/2076]  Loss -0.2135 (-0.7321)  Time:  0.169 (0.014)  Data Time:  0.005 (0.005)
2022-04-08 03:51:29,999:INFO:   Eta: 1:48:41
2022-04-08 03:51:59,076:INFO: Train: [33][2075/2076]  Loss -0.2029 (-0.8041)  Time:  0.157 (0.014)  Data Time:  0.004 (0.004)
2022-04-08 03:51:59,077:INFO:   Eta: 1:45:05
2022-04-08 03:52:28,014:INFO: Train: [34][2075/2076]  Loss -0.1268 (-0.7248)  Time:  0.175 (0.014)  Data Time:  0.004 (0.004)
2022-04-08 03:52:28,016:INFO:   Eta: 1:44:07
2022-04-08 03:52:57,956:INFO: Train: [35][2075/2076]  Loss -0.0665 (-0.8170)  Time:  0.174 (0.014)  Data Time:  0.005 (0.005)
2022-04-08 03:52:57,958:INFO:   Eta: 1:47:13
2022-04-08 03:53:27,022:INFO: Train: [36][2075/2076]  Loss -0.1868 (-0.7176)  Time:  0.175 (0.014)  Data Time:  0.005 (0.004)
2022-04-08 03:53:27,023:INFO:   Eta: 1:43:35
2022-04-08 03:55:44,669:INFO: Test: [36]  ADE: 0.5153  FDE: 0.7087
2022-04-08 03:56:11,294:INFO: Train: [37][2075/2076]  Loss -0.1921 (-0.8303)  Time:  0.150 (0.013)  Data Time:  0.004 (0.004)
2022-04-08 03:56:11,295:INFO:   Eta: 1:34:25
2022-04-08 03:56:40,344:INFO: Train: [38][2075/2076]  Loss -0.1721 (-0.8525)  Time:  0.188 (0.014)  Data Time:  0.004 (0.004)
2022-04-08 03:56:40,345:INFO:   Eta: 1:42:35
2022-04-08 03:57:09,043:INFO: Train: [39][2075/2076]  Loss -0.2254 (-0.9285)  Time:  0.164 (0.014)  Data Time:  0.004 (0.004)
2022-04-08 03:57:09,045:INFO:   Eta: 1:40:51
2022-04-08 03:57:39,965:INFO: Train: [40][2075/2076]  Loss -0.1249 (-0.7260)  Time:  0.165 (0.015)  Data Time:  0.004 (0.004)
2022-04-08 03:57:39,966:INFO:   Eta: 1:48:02
2022-04-08 03:58:10,104:INFO: Train: [41][2075/2076]  Loss -0.1879 (-0.8758)  Time:  0.160 (0.015)  Data Time:  0.005 (0.004)
2022-04-08 03:58:10,105:INFO:   Eta: 1:44:55
2022-04-08 03:58:40,356:INFO: Train: [42][2075/2076]  Loss -0.2444 (-0.9487)  Time:  0.188 (0.015)  Data Time:  0.004 (0.004)
2022-04-08 03:58:40,357:INFO:   Eta: 1:44:48
2022-04-08 03:59:11,179:INFO: Train: [43][2075/2076]  Loss -0.1686 (-0.8918)  Time:  0.192 (0.015)  Data Time:  0.004 (0.004)
2022-04-08 03:59:11,284:INFO:   Eta: 1:46:16
2022-04-08 03:59:42,549:INFO: Train: [44][2075/2076]  Loss -0.2665 (-0.9542)  Time:  0.155 (0.014)  Data Time:  0.005 (0.005)
2022-04-08 03:59:42,551:INFO:   Eta: 1:43:06
2022-04-08 04:00:12,070:INFO: Train: [45][2075/2076]  Loss -0.2419 (-0.9053)  Time:  0.149 (0.014)  Data Time:  0.004 (0.004)
2022-04-08 04:00:12,071:INFO:   Eta: 1:40:48
2022-04-08 04:00:40,882:INFO: Train: [46][2075/2076]  Loss -0.1133 (-1.0110)  Time:  0.166 (0.014)  Data Time:  0.004 (0.004)
2022-04-08 04:00:40,883:INFO:   Eta: 1:37:54
2022-04-08 04:03:02,228:INFO: Test: [46]  ADE: 0.6078  FDE: 0.8693
2022-04-08 04:03:32,408:INFO: Train: [47][2075/2076]  Loss -0.1662 (-0.9732)  Time:  0.163 (0.015)  Data Time:  0.004 (0.004)
2022-04-08 04:03:32,409:INFO:   Eta: 1:41:59
2022-04-08 04:04:02,219:INFO: Train: [48][2075/2076]  Loss -0.0934 (-0.9034)  Time:  0.194 (0.014)  Data Time:  0.005 (0.005)
2022-04-08 04:04:02,221:INFO:   Eta: 1:40:18
2022-04-08 04:04:31,752:INFO: Train: [49][2075/2076]  Loss -0.1936 (-0.9755)  Time:  0.176 (0.014)  Data Time:  0.005 (0.004)
2022-04-08 04:04:31,754:INFO:   Eta: 1:38:52
2022-04-08 04:05:01,729:INFO: Train: [50][2075/2076]  Loss -0.2907 (-1.0244)  Time:  0.152 (0.014)  Data Time:  0.005 (0.004)
2022-04-08 04:05:01,730:INFO:   Eta: 1:39:49
2022-04-08 04:05:31,326:INFO: Train: [51][2075/2076]  Loss -0.2625 (-1.0148)  Time:  0.154 (0.014)  Data Time:  0.004 (0.004)
2022-04-08 04:05:31,328:INFO:   Eta: 1:38:06
2022-04-08 04:06:00,891:INFO: Train: [52][2075/2076]  Loss -0.2347 (-1.0121)  Time:  0.162 (0.014)  Data Time:  0.003 (0.004)
2022-04-08 04:06:00,892:INFO:   Eta: 1:37:30
2022-04-08 04:06:29,564:INFO: Train: [53][2075/2076]  Loss -0.2122 (-0.9582)  Time:  0.154 (0.014)  Data Time:  0.003 (0.004)
2022-04-08 04:06:29,564:INFO:   Eta: 1:34:05
2022-04-08 04:06:59,113:INFO: Train: [54][2075/2076]  Loss -0.3222 (-0.9544)  Time:  0.167 (0.014)  Data Time:  0.004 (0.004)
2022-04-08 04:06:59,113:INFO:   Eta: 1:36:28
2022-04-08 04:07:29,770:INFO: Train: [55][2075/2076]  Loss -0.1817 (-1.0247)  Time:  0.153 (0.015)  Data Time:  0.004 (0.004)
2022-04-08 04:07:29,772:INFO:   Eta: 1:39:34
2022-04-08 04:07:57,840:INFO: Train: [56][2075/2076]  Loss -0.2412 (-1.0461)  Time:  0.147 (0.014)  Data Time:  0.004 (0.004)
2022-04-08 04:07:57,842:INFO:   Eta: 1:30:41
2022-04-08 04:10:24,228:INFO: Test: [56]  ADE: 0.4990  FDE: 0.7921
2022-04-08 04:10:55,105:INFO: Train: [57][2075/2076]  Loss -0.0633 (-1.0636)  Time:  0.198 (0.015)  Data Time:  0.004 (0.004)
2022-04-08 04:10:55,107:INFO:   Eta: 1:39:12
2022-04-08 04:11:25,181:INFO: Train: [58][2075/2076]  Loss -0.2158 (-1.0303)  Time:  0.165 (0.014)  Data Time:  0.004 (0.004)
2022-04-08 04:11:25,183:INFO:   Eta: 1:36:10
2022-04-08 04:11:55,071:INFO: Train: [59][2075/2076]  Loss -0.1835 (-1.1100)  Time:  0.150 (0.014)  Data Time:  0.004 (0.004)
2022-04-08 04:11:55,074:INFO:   Eta: 1:35:04
2022-04-08 04:12:23,818:INFO: Train: [60][2075/2076]  Loss -0.2394 (-1.0812)  Time:  0.158 (0.014)  Data Time:  0.004 (0.004)
2022-04-08 04:12:23,819:INFO:   Eta: 1:30:57
2022-04-08 04:12:55,194:INFO: Train: [61][2075/2076]  Loss -0.2258 (-1.0991)  Time:  0.190 (0.015)  Data Time:  0.005 (0.004)
2022-04-08 04:12:55,195:INFO:   Eta: 1:38:46
2022-04-08 04:13:25,663:INFO: Train: [62][2075/2076]  Loss -0.2143 (-0.9928)  Time:  0.167 (0.015)  Data Time:  0.004 (0.004)
2022-04-08 04:13:25,664:INFO:   Eta: 1:35:24
2022-04-08 04:13:54,663:INFO: Train: [63][2075/2076]  Loss -0.1080 (-1.0720)  Time:  0.193 (0.014)  Data Time:  0.004 (0.004)
2022-04-08 04:13:54,664:INFO:   Eta: 1:30:19
2022-04-08 04:14:23,190:INFO: Train: [64][2075/2076]  Loss -0.2401 (-0.9732)  Time:  0.194 (0.014)  Data Time:  0.004 (0.004)
2022-04-08 04:14:23,192:INFO:   Eta: 1:28:22
2022-04-08 04:14:53,490:INFO: Train: [65][2075/2076]  Loss -0.2886 (-0.9981)  Time:  0.193 (0.015)  Data Time:  0.004 (0.004)
2022-04-08 04:14:53,491:INFO:   Eta: 1:33:21
2022-04-08 04:15:23,380:INFO: Train: [66][2075/2076]  Loss -0.2587 (-1.1250)  Time:  0.191 (0.014)  Data Time:  0.005 (0.004)
2022-04-08 04:15:23,381:INFO:   Eta: 1:31:36
2022-04-08 04:17:52,917:INFO: Test: [66]  ADE: 0.5250  FDE: 0.7866
2022-04-08 04:18:23,274:INFO: Train: [67][2075/2076]  Loss -0.2222 (-1.1688)  Time:  0.160 (0.015)  Data Time:  0.005 (0.004)
2022-04-08 04:18:23,275:INFO:   Eta: 1:32:27
2022-04-08 04:18:53,958:INFO: Train: [68][2075/2076]  Loss -0.2767 (-1.1171)  Time:  0.175 (0.015)  Data Time:  0.004 (0.004)
2022-04-08 04:18:53,959:INFO:   Eta: 1:33:00
2022-04-08 04:19:23,190:INFO: Train: [69][2075/2076]  Loss -0.2837 (-1.1603)  Time:  0.173 (0.014)  Data Time:  0.003 (0.004)
2022-04-08 04:19:23,192:INFO:   Eta: 1:28:07
2022-04-08 04:19:52,065:INFO: Train: [70][2075/2076]  Loss -0.1552 (-1.1059)  Time:  0.222 (0.014)  Data Time:  0.003 (0.004)
2022-04-08 04:19:52,066:INFO:   Eta: 1:26:33
2022-04-08 04:20:21,777:INFO: Train: [71][2075/2076]  Loss -0.1977 (-1.0722)  Time:  0.175 (0.014)  Data Time:  0.004 (0.004)
2022-04-08 04:20:21,778:INFO:   Eta: 1:28:35
2022-04-08 04:20:51,346:INFO: Train: [72][2075/2076]  Loss -0.2141 (-1.1983)  Time:  0.156 (0.014)  Data Time:  0.003 (0.004)
2022-04-08 04:20:51,347:INFO:   Eta: 1:27:40
2022-04-08 04:21:21,291:INFO: Train: [73][2075/2076]  Loss -0.2310 (-1.2460)  Time:  0.182 (0.014)  Data Time:  0.004 (0.004)
2022-04-08 04:21:21,292:INFO:   Eta: 1:28:16
2022-04-08 04:21:50,653:INFO: Train: [74][2075/2076]  Loss -0.2965 (-1.1643)  Time:  0.179 (0.014)  Data Time:  0.004 (0.004)
2022-04-08 04:21:50,654:INFO:   Eta: 1:26:04
2022-04-08 04:22:20,705:INFO: Train: [75][2075/2076]  Loss -0.1968 (-1.1830)  Time:  0.173 (0.014)  Data Time:  0.004 (0.005)
2022-04-08 04:22:20,705:INFO:   Eta: 1:27:35
2022-04-08 04:22:50,696:INFO: Train: [76][2075/2076]  Loss -0.2316 (-1.1660)  Time:  0.167 (0.014)  Data Time:  0.005 (0.004)
2022-04-08 04:22:50,697:INFO:   Eta: 1:26:55
2022-04-08 04:25:17,754:INFO: Test: [76]  ADE: 0.4900  FDE: 0.7397
2022-04-08 04:25:45,595:INFO: Train: [77][2075/2076]  Loss -0.3213 (-1.1254)  Time:  0.232 (0.013)  Data Time:  0.004 (0.004)
2022-04-08 04:25:45,596:INFO:   Eta: 1:20:10
2022-04-08 04:26:14,286:INFO: Train: [78][2075/2076]  Loss -0.2879 (-1.1703)  Time:  0.160 (0.014)  Data Time:  0.005 (0.004)
2022-04-08 04:26:14,287:INFO:   Eta: 1:22:11
2022-04-08 04:26:44,811:INFO: Train: [79][2075/2076]  Loss -0.2783 (-1.2647)  Time:  0.177 (0.015)  Data Time:  0.004 (0.004)
2022-04-08 04:26:44,812:INFO:   Eta: 1:26:56
2022-04-08 04:27:14,430:INFO: Train: [80][2075/2076]  Loss -0.2337 (-1.1698)  Time:  0.160 (0.014)  Data Time:  0.004 (0.004)
2022-04-08 04:27:14,431:INFO:   Eta: 1:23:52
2022-04-08 04:27:43,886:INFO: Train: [81][2075/2076]  Loss -0.3577 (-1.2372)  Time:  0.161 (0.014)  Data Time:  0.004 (0.004)
2022-04-08 04:27:43,888:INFO:   Eta: 1:22:54
2022-04-08 04:28:13,933:INFO: Train: [82][2075/2076]  Loss -0.2567 (-1.1797)  Time:  0.191 (0.014)  Data Time:  0.004 (0.004)
2022-04-08 04:28:13,934:INFO:   Eta: 1:24:04
2022-04-08 04:28:44,042:INFO: Train: [83][2075/2076]  Loss -0.3002 (-1.2843)  Time:  0.166 (0.014)  Data Time:  0.005 (0.004)
2022-04-08 04:28:44,043:INFO:   Eta: 1:23:45
2022-04-08 04:29:13,750:INFO: Train: [84][2075/2076]  Loss -0.2627 (-1.1894)  Time:  0.165 (0.014)  Data Time:  0.002 (0.004)
2022-04-08 04:29:13,751:INFO:   Eta: 1:22:08
2022-04-08 04:29:42,576:INFO: Train: [85][2075/2076]  Loss -0.2121 (-1.1860)  Time:  0.176 (0.014)  Data Time:  0.005 (0.004)
2022-04-08 04:29:42,577:INFO:   Eta: 1:19:13
2022-04-08 04:30:12,660:INFO: Train: [86][2075/2076]  Loss -0.2643 (-1.2598)  Time:  0.180 (0.014)  Data Time:  0.005 (0.004)
2022-04-08 04:30:12,662:INFO:   Eta: 1:22:11
2022-04-08 04:32:41,975:INFO: Test: [86]  ADE: 0.4648  FDE: 0.6887
2022-04-08 04:33:12,216:INFO: Train: [87][2075/2076]  Loss -0.2511 (-1.2774)  Time:  0.161 (0.014)  Data Time:  0.004 (0.004)
2022-04-08 04:33:12,218:INFO:   Eta: 1:21:37
2022-04-08 04:33:41,656:INFO: Train: [88][2075/2076]  Loss -0.2977 (-1.1535)  Time:  0.192 (0.014)  Data Time:  0.004 (0.004)
2022-04-08 04:33:41,657:INFO:   Eta: 1:19:26
2022-04-08 04:34:12,421:INFO: Train: [89][2075/2076]  Loss -0.1756 (-1.2825)  Time:  0.217 (0.015)  Data Time:  0.005 (0.005)
2022-04-08 04:34:12,422:INFO:   Eta: 1:22:30
2022-04-08 04:34:42,312:INFO: Train: [90][2075/2076]  Loss -0.3170 (-1.2499)  Time:  0.153 (0.014)  Data Time:  0.004 (0.004)
2022-04-08 04:34:42,313:INFO:   Eta: 1:19:39
2022-04-08 04:35:11,300:INFO: Train: [91][2075/2076]  Loss -0.2868 (-1.3302)  Time:  0.184 (0.014)  Data Time:  0.004 (0.004)
2022-04-08 04:35:11,301:INFO:   Eta: 1:16:46
2022-04-08 04:35:41,121:INFO: Train: [92][2075/2076]  Loss -0.2947 (-1.2438)  Time:  0.173 (0.014)  Data Time:  0.006 (0.004)
2022-04-08 04:35:41,122:INFO:   Eta: 1:18:28
2022-04-08 04:36:11,388:INFO: Train: [93][2075/2076]  Loss -0.2247 (-1.2735)  Time:  0.210 (0.015)  Data Time:  0.004 (0.004)
2022-04-08 04:36:11,389:INFO:   Eta: 1:19:08
2022-04-08 04:36:41,266:INFO: Train: [94][2075/2076]  Loss -0.3178 (-1.2304)  Time:  0.170 (0.014)  Data Time:  0.005 (0.004)
2022-04-08 04:36:41,268:INFO:   Eta: 1:17:38
2022-04-08 04:37:11,438:INFO: Train: [95][2075/2076]  Loss -0.3462 (-1.1862)  Time:  0.162 (0.015)  Data Time:  0.004 (0.004)
2022-04-08 04:37:11,439:INFO:   Eta: 1:17:53
2022-04-08 04:37:39,537:INFO: Train: [96][2075/2076]  Loss -0.3205 (-1.2918)  Time:  0.172 (0.014)  Data Time:  0.004 (0.004)
2022-04-08 04:37:39,538:INFO:   Eta: 1:12:04
2022-04-08 04:40:02,896:INFO: Test: [96]  ADE: 0.4743  FDE: 0.7875
2022-04-08 04:40:32,953:INFO: Train: [97][2075/2076]  Loss -0.2192 (-1.2215)  Time:  0.161 (0.014)  Data Time:  0.003 (0.004)
2022-04-08 04:40:32,955:INFO:   Eta: 1:16:22
2022-04-08 04:41:01,757:INFO: Train: [98][2075/2076]  Loss -0.3100 (-1.3233)  Time:  0.169 (0.014)  Data Time:  0.004 (0.004)
2022-04-08 04:41:01,879:INFO:   Eta: 1:12:55
2022-04-08 04:41:34,017:INFO: Train: [99][2075/2076]  Loss -0.2701 (-1.2918)  Time:  0.160 (0.015)  Data Time:  0.005 (0.004)
2022-04-08 04:41:34,018:INFO:   Eta: 1:20:49
2022-04-08 04:42:04,432:INFO: Train: [100][2075/2076]  Loss -0.3395 (-1.3136)  Time:  0.159 (0.015)  Data Time:  0.005 (0.004)
2022-04-08 04:42:04,434:INFO:   Eta: 1:15:59
2022-04-08 04:42:34,471:INFO: Train: [101][2075/2076]  Loss -0.3282 (-1.3125)  Time:  0.184 (0.014)  Data Time:  0.004 (0.004)
2022-04-08 04:42:34,472:INFO:   Eta: 1:14:32
2022-04-08 04:43:04,182:INFO: Train: [102][2075/2076]  Loss -0.1728 (-1.3144)  Time:  0.156 (0.014)  Data Time:  0.004 (0.004)
2022-04-08 04:43:04,184:INFO:   Eta: 1:13:14
2022-04-08 04:43:32,320:INFO: Train: [103][2075/2076]  Loss -0.2974 (-1.1686)  Time:  0.151 (0.014)  Data Time:  0.003 (0.004)
2022-04-08 04:43:32,321:INFO:   Eta: 1:08:52
2022-04-08 04:43:59,668:INFO: Train: [104][2075/2076]  Loss -0.3018 (-1.2062)  Time:  0.152 (0.013)  Data Time:  0.003 (0.003)
2022-04-08 04:43:59,669:INFO:   Eta: 1:06:30
2022-04-08 04:44:28,928:INFO: Train: [105][2075/2076]  Loss -0.2859 (-1.3097)  Time:  0.189 (0.014)  Data Time:  0.005 (0.004)
2022-04-08 04:44:28,930:INFO:   Eta: 1:10:39
2022-04-08 04:44:59,104:INFO: Train: [106][2075/2076]  Loss -0.2473 (-1.2494)  Time:  0.189 (0.015)  Data Time:  0.004 (0.004)
2022-04-08 04:44:59,105:INFO:   Eta: 1:12:22
2022-04-08 04:47:25,338:INFO: Test: [106]  ADE: 0.4933  FDE: 0.7112
2022-04-08 04:47:55,969:INFO: Train: [107][2075/2076]  Loss -0.2403 (-1.3141)  Time:  0.186 (0.015)  Data Time:  0.004 (0.004)
2022-04-08 04:47:55,971:INFO:   Eta: 1:12:55
2022-04-08 04:48:26,165:INFO: Train: [108][2075/2076]  Loss -0.2462 (-1.2825)  Time:  0.169 (0.015)  Data Time:  0.005 (0.005)
2022-04-08 04:48:26,167:INFO:   Eta: 1:11:24
2022-04-08 04:48:56,413:INFO: Train: [109][2075/2076]  Loss -0.2935 (-1.3735)  Time:  0.161 (0.015)  Data Time:  0.004 (0.004)
2022-04-08 04:48:56,414:INFO:   Eta: 1:11:02
2022-04-08 04:49:24,497:INFO: Train: [110][2075/2076]  Loss -0.2916 (-1.3518)  Time:  0.161 (0.014)  Data Time:  0.004 (0.004)
2022-04-08 04:49:24,498:INFO:   Eta: 1:05:29
2022-04-08 04:49:52,386:INFO: Train: [111][2075/2076]  Loss -0.3193 (-1.3326)  Time:  0.179 (0.013)  Data Time:  0.005 (0.004)
2022-04-08 04:49:52,388:INFO:   Eta: 1:04:34
2022-04-08 04:50:22,611:INFO: Train: [112][2075/2076]  Loss -0.3118 (-1.1783)  Time:  0.166 (0.015)  Data Time:  0.005 (0.005)
2022-04-08 04:50:22,613:INFO:   Eta: 1:09:28
2022-04-08 04:50:52,759:INFO: Train: [113][2075/2076]  Loss -0.2703 (-1.3508)  Time:  0.160 (0.015)  Data Time:  0.004 (0.004)
2022-04-08 04:50:52,760:INFO:   Eta: 1:08:47
2022-04-08 04:51:23,090:INFO: Train: [114][2075/2076]  Loss -0.1910 (-1.3100)  Time:  0.156 (0.015)  Data Time:  0.005 (0.005)
2022-04-08 04:51:23,092:INFO:   Eta: 1:08:42
2022-04-08 04:51:52,353:INFO: Train: [115][2075/2076]  Loss -0.3635 (-1.3426)  Time:  0.150 (0.014)  Data Time:  0.002 (0.004)
2022-04-08 04:51:52,355:INFO:   Eta: 1:05:46
2022-04-08 04:52:20,121:INFO: Train: [116][2075/2076]  Loss -0.3110 (-1.4281)  Time:  0.148 (0.013)  Data Time:  0.003 (0.004)
2022-04-08 04:52:20,123:INFO:   Eta: 1:01:58
2022-04-08 04:54:46,787:INFO: Test: [116]  ADE: 0.4571  FDE: 0.7824
2022-04-08 04:55:14,407:INFO: Train: [117][2075/2076]  Loss -0.2560 (-1.2088)  Time:  0.145 (0.013)  Data Time:  0.003 (0.004)
2022-04-08 04:55:14,409:INFO:   Eta: 1:01:08
2022-04-08 04:55:43,498:INFO: Train: [118][2075/2076]  Loss -0.3198 (-1.3743)  Time:  0.182 (0.014)  Data Time:  0.004 (0.004)
2022-04-08 04:55:43,500:INFO:   Eta: 1:03:57
2022-04-08 04:56:14,323:INFO: Train: [119][2075/2076]  Loss -0.2944 (-1.3520)  Time:  0.160 (0.015)  Data Time:  0.004 (0.004)
2022-04-08 04:56:14,324:INFO:   Eta: 1:07:15
2022-04-08 04:56:44,267:INFO: Train: [120][2075/2076]  Loss -0.3181 (-1.3841)  Time:  0.182 (0.014)  Data Time:  0.004 (0.004)
2022-04-08 04:56:44,268:INFO:   Eta: 1:04:50
2022-04-08 04:57:14,500:INFO: Train: [121][2075/2076]  Loss -0.2583 (-1.3654)  Time:  0.187 (0.015)  Data Time:  0.004 (0.004)
2022-04-08 04:57:14,501:INFO:   Eta: 1:04:57
2022-04-08 04:57:44,590:INFO: Train: [122][2075/2076]  Loss -0.3883 (-1.3749)  Time:  0.174 (0.014)  Data Time:  0.004 (0.004)
2022-04-08 04:57:44,591:INFO:   Eta: 1:04:07
2022-04-08 04:58:13,844:INFO: Train: [123][2075/2076]  Loss -0.2366 (-1.3752)  Time:  0.160 (0.014)  Data Time:  0.005 (0.004)
2022-04-08 04:58:13,845:INFO:   Eta: 1:01:52
2022-04-08 04:58:43,968:INFO: Train: [124][2075/2076]  Loss -0.2517 (-1.3235)  Time:  0.179 (0.015)  Data Time:  0.004 (0.004)
2022-04-08 04:58:43,969:INFO:   Eta: 1:03:13
2022-04-08 04:59:12,600:INFO: Train: [125][2075/2076]  Loss -0.3365 (-1.3747)  Time:  0.162 (0.014)  Data Time:  0.004 (0.004)
2022-04-08 04:59:12,602:INFO:   Eta: 0:59:36
2022-04-08 04:59:43,243:INFO: Train: [126][2075/2076]  Loss -0.2838 (-1.4599)  Time:  0.192 (0.015)  Data Time:  0.005 (0.004)
2022-04-08 04:59:43,244:INFO:   Eta: 1:03:17
2022-04-08 05:02:10,290:INFO: Test: [126]  ADE: 0.4866  FDE: 0.8653
2022-04-08 05:02:40,233:INFO: Train: [127][2075/2076]  Loss -0.2715 (-1.3802)  Time:  0.158 (0.014)  Data Time:  0.005 (0.004)
2022-04-08 05:02:40,234:INFO:   Eta: 1:01:18
2022-04-08 05:03:10,257:INFO: Train: [128][2075/2076]  Loss -0.3293 (-1.2958)  Time:  0.190 (0.014)  Data Time:  0.005 (0.004)
2022-04-08 05:03:10,258:INFO:   Eta: 1:01:00
2022-04-08 05:03:39,642:INFO: Train: [129][2075/2076]  Loss -0.3070 (-1.3997)  Time:  0.190 (0.014)  Data Time:  0.005 (0.004)
2022-04-08 05:03:39,643:INFO:   Eta: 0:59:13
2022-04-08 05:04:09,482:INFO: Train: [130][2075/2076]  Loss -0.3340 (-1.4009)  Time:  0.222 (0.014)  Data Time:  0.003 (0.004)
2022-04-08 05:04:09,483:INFO:   Eta: 0:59:38
2022-04-08 05:04:39,352:INFO: Train: [131][2075/2076]  Loss -0.3532 (-1.4274)  Time:  0.154 (0.014)  Data Time:  0.004 (0.004)
2022-04-08 05:04:39,354:INFO:   Eta: 0:59:12
2022-04-08 05:05:08,700:INFO: Train: [132][2075/2076]  Loss -0.3093 (-1.4503)  Time:  0.163 (0.014)  Data Time:  0.005 (0.004)
2022-04-08 05:05:08,702:INFO:   Eta: 0:57:40
2022-04-08 05:05:38,666:INFO: Train: [133][2075/2076]  Loss -0.3694 (-1.3382)  Time:  0.198 (0.014)  Data Time:  0.003 (0.004)
2022-04-08 05:05:38,668:INFO:   Eta: 0:58:23
2022-04-08 05:06:06,151:INFO: Train: [134][2075/2076]  Loss -0.3176 (-1.3180)  Time:  0.182 (0.013)  Data Time:  0.003 (0.003)
2022-04-08 05:06:06,153:INFO:   Eta: 0:53:06
2022-04-08 05:06:35,193:INFO: Train: [135][2075/2076]  Loss -0.3740 (-1.4250)  Time:  0.184 (0.014)  Data Time:  0.005 (0.004)
2022-04-08 05:06:35,194:INFO:   Eta: 0:55:35
2022-04-08 05:07:04,589:INFO: Train: [136][2075/2076]  Loss -0.3521 (-1.3380)  Time:  0.154 (0.014)  Data Time:  0.004 (0.004)
2022-04-08 05:07:04,591:INFO:   Eta: 0:55:49
2022-04-08 05:09:27,822:INFO: Test: [136]  ADE: 0.4815  FDE: 0.8699
2022-04-08 05:09:57,742:INFO: Train: [137][2075/2076]  Loss -0.3353 (-1.4228)  Time:  0.175 (0.014)  Data Time:  0.004 (0.004)
2022-04-08 05:09:57,743:INFO:   Eta: 0:56:17
2022-04-08 05:10:27,698:INFO: Train: [138][2075/2076]  Loss -0.3624 (-1.4318)  Time:  0.162 (0.014)  Data Time:  0.004 (0.004)
2022-04-08 05:10:27,700:INFO:   Eta: 0:55:52
2022-04-08 05:10:57,651:INFO: Train: [139][2075/2076]  Loss -0.3154 (-1.4648)  Time:  0.166 (0.014)  Data Time:  0.004 (0.004)
2022-04-08 05:10:57,652:INFO:   Eta: 0:55:22
2022-04-08 05:11:27,394:INFO: Train: [140][2075/2076]  Loss -0.3103 (-1.4384)  Time:  0.160 (0.014)  Data Time:  0.005 (0.004)
2022-04-08 05:11:27,395:INFO:   Eta: 0:54:29
2022-04-08 05:11:56,896:INFO: Train: [141][2075/2076]  Loss -0.3236 (-1.3299)  Time:  0.166 (0.014)  Data Time:  0.004 (0.004)
2022-04-08 05:11:56,898:INFO:   Eta: 0:53:33
2022-04-08 05:12:25,038:INFO: Train: [142][2075/2076]  Loss -0.2876 (-1.4176)  Time:  0.192 (0.014)  Data Time:  0.003 (0.004)
2022-04-08 05:12:25,040:INFO:   Eta: 0:50:36
2022-04-08 05:12:53,730:INFO: Train: [143][2075/2076]  Loss -0.3590 (-1.3147)  Time:  0.166 (0.014)  Data Time:  0.004 (0.004)
2022-04-08 05:12:53,731:INFO:   Eta: 0:51:07
2022-04-08 05:13:23,401:INFO: Train: [144][2075/2076]  Loss -0.3730 (-1.4853)  Time:  0.158 (0.014)  Data Time:  0.004 (0.004)
2022-04-08 05:13:23,402:INFO:   Eta: 0:52:23
2022-04-08 05:13:55,457:INFO: Train: [145][2075/2076]  Loss -0.2738 (-1.4705)  Time:  0.165 (0.015)  Data Time:  0.005 (0.004)
2022-04-08 05:13:55,458:INFO:   Eta: 0:56:03
2022-04-08 05:14:25,463:INFO: Train: [146][2075/2076]  Loss -0.3005 (-1.4101)  Time:  0.170 (0.014)  Data Time:  0.004 (0.004)
2022-04-08 05:14:25,464:INFO:   Eta: 0:51:58
2022-04-08 05:16:54,697:INFO: Test: [146]  ADE: 0.5652  FDE: 0.9731
2022-04-08 05:17:25,201:INFO: Train: [147][2075/2076]  Loss -0.3731 (-1.4649)  Time:  0.157 (0.015)  Data Time:  0.004 (0.004)
2022-04-08 05:17:25,202:INFO:   Eta: 0:52:18
2022-04-08 05:17:55,395:INFO: Train: [148][2075/2076]  Loss -0.3574 (-1.4456)  Time:  0.175 (0.015)  Data Time:  0.004 (0.004)
2022-04-08 05:17:55,396:INFO:   Eta: 0:51:17
2022-04-08 05:18:25,752:INFO: Train: [149][2075/2076]  Loss -0.3483 (-1.4287)  Time:  0.186 (0.015)  Data Time:  0.005 (0.004)
2022-04-08 05:18:25,753:INFO:   Eta: 0:51:04
2022-04-08 05:18:56,017:INFO: Train: [150][2075/2076]  Loss -0.3829 (-1.6622)  Time:  0.190 (0.015)  Data Time:  0.004 (0.004)
2022-04-08 05:18:56,017:INFO:   Eta: 0:50:24
2022-04-08 05:19:26,275:INFO: Train: [151][2075/2076]  Loss -0.3327 (-1.5696)  Time:  0.169 (0.015)  Data Time:  0.004 (0.004)
2022-04-08 05:19:26,275:INFO:   Eta: 0:49:53
2022-04-08 05:19:32,777:INFO: Valid: [151][529/530]  Loss -7.1386 (-4.9731)
2022-04-08 05:19:32,788:INFO: Checkpoint saved...
2022-04-08 05:20:01,194:INFO: Train: [152][2075/2076]  Loss -0.3707 (-1.5220)  Time:  0.168 (0.014)  Data Time:  0.005 (0.003)
2022-04-08 05:20:01,195:INFO:   Eta: 0:46:21
2022-04-08 05:20:07,877:INFO: Valid: [152][529/530]  Loss -6.7292 (-4.7135)
2022-04-08 05:20:38,145:INFO: Train: [153][2075/2076]  Loss -0.4028 (-1.5679)  Time:  0.155 (0.015)  Data Time:  0.004 (0.004)
2022-04-08 05:20:38,146:INFO:   Eta: 0:48:54
2022-04-08 05:20:44,743:INFO: Valid: [153][529/530]  Loss -6.2369 (-4.4015)
2022-04-08 05:21:16,252:INFO: Train: [154][2075/2076]  Loss -0.4012 (-1.6623)  Time:  0.179 (0.015)  Data Time:  0.004 (0.004)
2022-04-08 05:21:16,253:INFO:   Eta: 0:50:22
2022-04-08 05:21:22,918:INFO: Valid: [154][529/530]  Loss -6.6651 (-4.6621)
2022-04-08 05:21:54,200:INFO: Train: [155][2075/2076]  Loss -0.3260 (-1.6130)  Time:  0.202 (0.015)  Data Time:  0.004 (0.004)
2022-04-08 05:21:54,201:INFO:   Eta: 0:49:29
2022-04-08 05:22:00,835:INFO: Valid: [155][529/530]  Loss -6.0245 (-4.2217)
2022-04-08 05:22:31,855:INFO: Train: [156][2075/2076]  Loss -0.3831 (-1.6525)  Time:  0.172 (0.015)  Data Time:  0.004 (0.004)
2022-04-08 05:22:31,858:INFO:   Eta: 0:48:33
2022-04-08 05:22:38,658:INFO: Valid: [156][529/530]  Loss -7.1627 (-5.0083)
2022-04-08 05:22:38,674:INFO: Checkpoint saved...
2022-04-08 05:25:10,413:INFO: Test: [156]  ADE: 0.4578  FDE: 0.8448
2022-04-08 05:25:40,661:INFO: Train: [157][2075/2076]  Loss -0.4597 (-1.6795)  Time:  0.195 (0.015)  Data Time:  0.004 (0.004)
2022-04-08 05:25:40,662:INFO:   Eta: 0:46:50
2022-04-08 05:25:47,242:INFO: Valid: [157][529/530]  Loss -5.7912 (-4.1513)
2022-04-08 05:26:17,747:INFO: Train: [158][2075/2076]  Loss -0.3148 (-1.6889)  Time:  0.197 (0.015)  Data Time:  0.005 (0.004)
2022-04-08 05:26:17,748:INFO:   Eta: 0:46:44
2022-04-08 05:26:24,227:INFO: Valid: [158][529/530]  Loss -6.6277 (-4.6535)
2022-04-08 05:26:53,168:INFO: Train: [159][2075/2076]  Loss -0.4081 (-1.6664)  Time:  0.188 (0.014)  Data Time:  0.004 (0.004)
2022-04-08 05:26:53,170:INFO:   Eta: 0:43:52
2022-04-08 05:26:59,685:INFO: Valid: [159][529/530]  Loss -6.6116 (-4.6439)
2022-04-08 05:27:29,131:INFO: Train: [160][2075/2076]  Loss -0.3553 (-1.5641)  Time:  0.146 (0.014)  Data Time:  0.003 (0.004)
2022-04-08 05:27:29,133:INFO:   Eta: 0:44:08
2022-04-08 05:27:35,967:INFO: Valid: [160][529/530]  Loss -6.3272 (-4.4647)
2022-04-08 05:28:06,549:INFO: Train: [161][2075/2076]  Loss -0.3601 (-1.6774)  Time:  0.182 (0.015)  Data Time:  0.004 (0.004)
2022-04-08 05:28:06,551:INFO:   Eta: 0:45:19
2022-04-08 05:28:13,115:INFO: Valid: [161][529/530]  Loss -6.7710 (-4.7447)
2022-04-08 05:28:42,937:INFO: Train: [162][2075/2076]  Loss -0.3267 (-1.7020)  Time:  0.161 (0.014)  Data Time:  0.004 (0.004)
2022-04-08 05:28:42,938:INFO:   Eta: 0:43:42
2022-04-08 05:28:49,408:INFO: Valid: [162][529/530]  Loss -7.0031 (-4.9036)
2022-04-08 05:29:19,659:INFO: Train: [163][2075/2076]  Loss -0.3372 (-1.6887)  Time:  0.205 (0.015)  Data Time:  0.004 (0.004)
2022-04-08 05:29:19,659:INFO:   Eta: 0:43:49
2022-04-08 05:29:26,044:INFO: Valid: [163][529/530]  Loss -6.4826 (-4.5362)
2022-04-08 05:29:55,279:INFO: Train: [164][2075/2076]  Loss -0.4136 (-1.7177)  Time:  0.159 (0.014)  Data Time:  0.004 (0.004)
2022-04-08 05:29:55,280:INFO:   Eta: 0:41:52
2022-04-08 05:30:01,907:INFO: Valid: [164][529/530]  Loss -6.8723 (-4.8121)
2022-04-08 05:30:30,244:INFO: Train: [165][2075/2076]  Loss -0.3273 (-1.6844)  Time:  0.184 (0.014)  Data Time:  0.004 (0.003)
2022-04-08 05:30:30,246:INFO:   Eta: 0:40:07
2022-04-08 05:30:36,619:INFO: Valid: [165][529/530]  Loss -6.9018 (-4.8184)
2022-04-08 05:31:06,681:INFO: Train: [166][2075/2076]  Loss -0.3687 (-1.6884)  Time:  0.168 (0.014)  Data Time:  0.004 (0.004)
2022-04-08 05:31:06,683:INFO:   Eta: 0:42:03
2022-04-08 05:31:13,066:INFO: Valid: [166][529/530]  Loss -6.7507 (-4.7314)
2022-04-08 05:33:40,034:INFO: Test: [166]  ADE: 0.4834  FDE: 0.8892
2022-04-08 05:34:09,592:INFO: Train: [167][2075/2076]  Loss -0.3635 (-1.7274)  Time:  0.188 (0.014)  Data Time:  0.004 (0.004)
2022-04-08 05:34:09,596:INFO:   Eta: 0:40:49
2022-04-08 05:34:15,754:INFO: Valid: [167][529/530]  Loss -7.0534 (-4.9196)
2022-04-08 05:34:46,756:INFO: Train: [168][2075/2076]  Loss -0.3525 (-1.6995)  Time:  0.194 (0.015)  Data Time:  0.004 (0.004)
2022-04-08 05:34:46,759:INFO:   Eta: 0:42:20
2022-04-08 05:34:53,885:INFO: Valid: [168][529/530]  Loss -6.7375 (-4.7285)
2022-04-08 05:35:23,509:INFO: Train: [169][2075/2076]  Loss -0.3259 (-1.6674)  Time:  0.168 (0.014)  Data Time:  0.003 (0.004)
2022-04-08 05:35:23,510:INFO:   Eta: 0:39:57
2022-04-08 05:35:29,851:INFO: Valid: [169][529/530]  Loss -5.3636 (-3.7915)
2022-04-08 05:35:59,700:INFO: Train: [170][2075/2076]  Loss -0.3629 (-1.7035)  Time:  0.160 (0.014)  Data Time:  0.004 (0.004)
2022-04-08 05:35:59,702:INFO:   Eta: 0:39:46
2022-04-08 05:36:06,246:INFO: Valid: [170][529/530]  Loss -5.9125 (-4.1817)
2022-04-08 05:36:36,471:INFO: Train: [171][2075/2076]  Loss -0.4746 (-1.7395)  Time:  0.184 (0.015)  Data Time:  0.004 (0.004)
2022-04-08 05:36:36,472:INFO:   Eta: 0:39:46
2022-04-08 05:36:43,135:INFO: Valid: [171][529/530]  Loss -6.6935 (-4.6925)
2022-04-08 05:37:11,684:INFO: Train: [172][2075/2076]  Loss -0.3958 (-1.7624)  Time:  0.154 (0.014)  Data Time:  0.004 (0.004)
2022-04-08 05:37:11,685:INFO:   Eta: 0:37:05
2022-04-08 05:37:18,213:INFO: Valid: [172][529/530]  Loss -6.8141 (-4.7575)
2022-04-08 05:37:46,662:INFO: Train: [173][2075/2076]  Loss -0.3322 (-1.6253)  Time:  0.152 (0.014)  Data Time:  0.004 (0.004)
2022-04-08 05:37:46,663:INFO:   Eta: 0:36:29
2022-04-08 05:37:53,120:INFO: Valid: [173][529/530]  Loss -6.2938 (-4.4527)
2022-04-08 05:38:23,221:INFO: Train: [174][2075/2076]  Loss -0.4026 (-1.7225)  Time:  0.176 (0.014)  Data Time:  0.004 (0.004)
2022-04-08 05:38:23,223:INFO:   Eta: 0:38:06
2022-04-08 05:38:29,605:INFO: Valid: [174][529/530]  Loss -4.5993 (-3.2393)
2022-04-08 05:38:59,770:INFO: Train: [175][2075/2076]  Loss -0.3305 (-1.7433)  Time:  0.160 (0.015)  Data Time:  0.005 (0.004)
2022-04-08 05:38:59,771:INFO:   Eta: 0:37:40
2022-04-08 05:39:06,170:INFO: Valid: [175][529/530]  Loss -6.5919 (-4.6081)
2022-04-08 05:39:35,825:INFO: Train: [176][2075/2076]  Loss -0.4184 (-1.5441)  Time:  0.154 (0.014)  Data Time:  0.004 (0.004)
2022-04-08 05:39:35,826:INFO:   Eta: 0:36:33
2022-04-08 05:39:42,314:INFO: Valid: [176][529/530]  Loss -6.5757 (-4.5702)
2022-04-08 05:42:10,884:INFO: Test: [176]  ADE: 0.4622  FDE: 0.8368
2022-04-08 05:42:40,410:INFO: Train: [177][2075/2076]  Loss -0.4178 (-1.6061)  Time:  0.162 (0.014)  Data Time:  0.004 (0.004)
2022-04-08 05:42:40,412:INFO:   Eta: 0:35:38
2022-04-08 05:42:46,736:INFO: Valid: [177][529/530]  Loss -6.3102 (-4.4051)
2022-04-08 05:43:16,536:INFO: Train: [178][2075/2076]  Loss -0.2760 (-1.7526)  Time:  0.166 (0.014)  Data Time:  0.005 (0.004)
2022-04-08 05:43:16,538:INFO:   Eta: 0:35:44
2022-04-08 05:43:22,782:INFO: Valid: [178][529/530]  Loss -6.6961 (-4.6629)
2022-04-08 05:43:52,246:INFO: Train: [179][2075/2076]  Loss -0.3950 (-1.6979)  Time:  0.255 (0.014)  Data Time:  0.003 (0.004)
2022-04-08 05:43:52,248:INFO:   Eta: 0:34:50
2022-04-08 05:43:58,580:INFO: Valid: [179][529/530]  Loss -6.8926 (-4.8152)
2022-04-08 05:44:28,372:INFO: Train: [180][2075/2076]  Loss -0.3350 (-1.7445)  Time:  0.151 (0.014)  Data Time:  0.003 (0.004)
2022-04-08 05:44:28,374:INFO:   Eta: 0:34:44
2022-04-08 05:44:35,084:INFO: Valid: [180][529/530]  Loss -6.7129 (-4.7084)
2022-04-08 05:45:02,724:INFO: Train: [181][2075/2076]  Loss -0.3630 (-1.7169)  Time:  0.154 (0.013)  Data Time:  0.003 (0.003)
2022-04-08 05:45:02,828:INFO:   Eta: 0:31:46
2022-04-08 05:45:09,504:INFO: Valid: [181][529/530]  Loss -6.8507 (-4.8196)
2022-04-08 05:45:39,901:INFO: Train: [182][2075/2076]  Loss -0.3613 (-1.7565)  Time:  0.156 (0.015)  Data Time:  0.004 (0.004)
2022-04-08 05:45:39,902:INFO:   Eta: 0:34:25
2022-04-08 05:45:46,298:INFO: Valid: [182][529/530]  Loss -6.6400 (-4.6342)
2022-04-08 05:46:17,850:INFO: Train: [183][2075/2076]  Loss -0.3955 (-1.6917)  Time:  0.191 (0.015)  Data Time:  0.004 (0.004)
2022-04-08 05:46:17,852:INFO:   Eta: 0:34:09
2022-04-08 05:46:24,451:INFO: Valid: [183][529/530]  Loss -6.4729 (-4.5439)
2022-04-08 05:46:54,878:INFO: Train: [184][2075/2076]  Loss -0.4095 (-1.7383)  Time:  0.152 (0.015)  Data Time:  0.005 (0.004)
2022-04-08 05:46:54,880:INFO:   Eta: 0:33:26
2022-04-08 05:47:01,589:INFO: Valid: [184][529/530]  Loss -6.4738 (-4.5234)
2022-04-08 05:47:31,841:INFO: Train: [185][2075/2076]  Loss -0.4385 (-1.7143)  Time:  0.191 (0.015)  Data Time:  0.004 (0.004)
2022-04-08 05:47:31,842:INFO:   Eta: 0:32:45
2022-04-08 05:47:38,475:INFO: Valid: [185][529/530]  Loss -4.6397 (-3.4220)
2022-04-08 05:48:06,551:INFO: Train: [186][2075/2076]  Loss -0.3118 (-1.7279)  Time:  0.161 (0.014)  Data Time:  0.004 (0.003)
2022-04-08 05:48:06,553:INFO:   Eta: 0:29:55
2022-04-08 05:48:13,100:INFO: Valid: [186][529/530]  Loss -6.1296 (-4.3097)
2022-04-08 05:50:46,297:INFO: Test: [186]  ADE: 0.5177  FDE: 0.9633
2022-04-08 05:51:17,180:INFO: Train: [187][2075/2076]  Loss -0.4265 (-1.7282)  Time:  0.188 (0.015)  Data Time:  0.003 (0.004)
2022-04-08 05:51:17,181:INFO:   Eta: 0:32:23
2022-04-08 05:51:23,871:INFO: Valid: [187][529/530]  Loss -6.4331 (-4.5060)
2022-04-08 05:51:52,152:INFO: Train: [188][2075/2076]  Loss -0.3577 (-1.7160)  Time:  0.214 (0.014)  Data Time:  0.003 (0.004)
2022-04-08 05:51:52,154:INFO:   Eta: 0:29:12
2022-04-08 05:51:58,846:INFO: Valid: [188][529/530]  Loss -6.5413 (-4.5749)
2022-04-08 05:52:28,492:INFO: Train: [189][2075/2076]  Loss -0.4227 (-1.7608)  Time:  0.159 (0.014)  Data Time:  0.003 (0.004)
2022-04-08 05:52:28,493:INFO:   Eta: 0:30:07
2022-04-08 05:52:35,264:INFO: Valid: [189][529/530]  Loss -6.6866 (-4.6627)
2022-04-08 05:53:05,617:INFO: Train: [190][2075/2076]  Loss -0.4328 (-1.7271)  Time:  0.174 (0.015)  Data Time:  0.004 (0.004)
2022-04-08 05:53:05,619:INFO:   Eta: 0:30:19
2022-04-08 05:53:11,929:INFO: Valid: [190][529/530]  Loss -6.2822 (-4.3654)
2022-04-08 05:53:42,305:INFO: Train: [191][2075/2076]  Loss -0.3945 (-1.7318)  Time:  0.167 (0.015)  Data Time:  0.004 (0.004)
2022-04-08 05:53:42,306:INFO:   Eta: 0:29:50
2022-04-08 05:53:48,749:INFO: Valid: [191][529/530]  Loss -6.7650 (-4.7174)
2022-04-08 05:54:18,664:INFO: Train: [192][2075/2076]  Loss -0.4093 (-1.7586)  Time:  0.204 (0.014)  Data Time:  0.005 (0.004)
2022-04-08 05:54:18,665:INFO:   Eta: 0:28:53
2022-04-08 05:54:25,028:INFO: Valid: [192][529/530]  Loss -6.5727 (-4.6014)
2022-04-08 05:54:54,594:INFO: Train: [193][2075/2076]  Loss -0.3485 (-1.7050)  Time:  0.153 (0.014)  Data Time:  0.003 (0.004)
2022-04-08 05:54:54,595:INFO:   Eta: 0:28:04
2022-04-08 05:55:00,971:INFO: Valid: [193][529/530]  Loss -6.6195 (-4.6136)
2022-04-08 05:55:31,258:INFO: Train: [194][2075/2076]  Loss -0.3392 (-1.7770)  Time:  0.172 (0.015)  Data Time:  0.003 (0.004)
2022-04-08 05:55:31,259:INFO:   Eta: 0:28:15
2022-04-08 05:55:37,319:INFO: Valid: [194][529/530]  Loss -6.4324 (-4.4811)
2022-04-08 05:56:08,555:INFO: Train: [195][2075/2076]  Loss -0.4275 (-1.7410)  Time:  0.215 (0.015)  Data Time:  0.005 (0.004)
2022-04-08 05:56:08,557:INFO:   Eta: 0:28:36
2022-04-08 05:56:15,253:INFO: Valid: [195][529/530]  Loss -6.4131 (-4.4754)
2022-04-08 05:56:45,322:INFO: Train: [196][2075/2076]  Loss -0.4090 (-1.6232)  Time:  0.168 (0.014)  Data Time:  0.004 (0.004)
2022-04-08 05:56:45,324:INFO:   Eta: 0:27:02
2022-04-08 05:56:51,976:INFO: Valid: [196][529/530]  Loss -6.5952 (-4.5936)
2022-04-08 05:59:21,239:INFO: Test: [196]  ADE: 0.4749  FDE: 0.8735
2022-04-08 05:59:50,915:INFO: Train: [197][2075/2076]  Loss -0.3806 (-1.6373)  Time:  0.182 (0.014)  Data Time:  0.004 (0.004)
2022-04-08 05:59:50,916:INFO:   Eta: 0:26:10
2022-04-08 05:59:57,552:INFO: Valid: [197][529/530]  Loss -6.5243 (-4.5471)
2022-04-08 06:00:28,968:INFO: Train: [198][2075/2076]  Loss -0.3547 (-1.7532)  Time:  0.255 (0.015)  Data Time:  0.005 (0.004)
2022-04-08 06:00:28,970:INFO:   Eta: 0:27:12
2022-04-08 06:00:35,289:INFO: Valid: [198][529/530]  Loss -6.7596 (-4.7153)
2022-04-08 06:01:05,705:INFO: Train: [199][2075/2076]  Loss -0.4129 (-1.7741)  Time:  0.180 (0.015)  Data Time:  0.003 (0.004)
2022-04-08 06:01:05,706:INFO:   Eta: 0:25:50
2022-04-08 06:01:12,535:INFO: Valid: [199][529/530]  Loss -4.4751 (-3.2696)
2022-04-08 06:01:42,825:INFO: Train: [200][2075/2076]  Loss -0.3746 (-1.7633)  Time:  0.203 (0.015)  Data Time:  0.003 (0.004)
2022-04-08 06:01:42,826:INFO:   Eta: 0:25:13
2022-04-08 06:01:49,766:INFO: Valid: [200][529/530]  Loss -6.3876 (-4.4512)
2022-04-08 06:02:19,076:INFO: Train: [201][2075/2076]  Loss -0.3994 (-1.6386)  Time:  0.165 (0.014)  Data Time:  0.004 (0.004)
2022-04-08 06:02:19,077:INFO:   Eta: 0:23:55
2022-04-08 06:02:25,928:INFO: Valid: [201][529/530]  Loss -6.6100 (-4.5924)
2022-04-08 06:02:56,222:INFO: Train: [202][2075/2076]  Loss -0.3410 (-1.7324)  Time:  0.162 (0.015)  Data Time:  0.005 (0.004)
2022-04-08 06:02:56,223:INFO:   Eta: 0:24:13
2022-04-08 06:03:02,875:INFO: Valid: [202][529/530]  Loss -6.6856 (-4.6903)
2022-04-08 06:03:33,673:INFO: Train: [203][2075/2076]  Loss -0.3474 (-1.7399)  Time:  0.164 (0.015)  Data Time:  0.004 (0.004)
2022-04-08 06:03:33,674:INFO:   Eta: 0:24:06
2022-04-08 06:03:40,222:INFO: Valid: [203][529/530]  Loss -7.0226 (-4.8838)
2022-04-08 06:04:10,769:INFO: Train: [204][2075/2076]  Loss -0.4173 (-1.6807)  Time:  0.160 (0.015)  Data Time:  0.004 (0.004)
2022-04-08 06:04:10,770:INFO:   Eta: 0:23:24
2022-04-08 06:04:17,106:INFO: Valid: [204][529/530]  Loss -6.5404 (-4.5669)
2022-04-08 06:04:44,103:INFO: Train: [205][2075/2076]  Loss -0.3638 (-1.7674)  Time:  0.227 (0.013)  Data Time:  0.003 (0.003)
2022-04-08 06:04:44,104:INFO:   Eta: 0:20:13
2022-04-08 06:04:50,745:INFO: Valid: [205][529/530]  Loss -6.1369 (-4.2614)
2022-04-08 06:05:17,022:INFO: Train: [206][2075/2076]  Loss -0.4102 (-1.6764)  Time:  0.143 (0.013)  Data Time:  0.003 (0.003)
2022-04-08 06:05:17,024:INFO:   Eta: 0:19:15
2022-04-08 06:05:23,403:INFO: Valid: [206][529/530]  Loss -6.2281 (-4.3345)
2022-04-08 06:07:50,064:INFO: Test: [206]  ADE: 0.4692  FDE: 0.8433
2022-04-08 06:08:16,816:INFO: Train: [207][2075/2076]  Loss -0.3503 (-1.7838)  Time:  0.180 (0.013)  Data Time:  0.003 (0.003)
2022-04-08 06:08:16,817:INFO:   Eta: 0:19:09
2022-04-08 06:08:23,333:INFO: Valid: [207][529/530]  Loss -5.5926 (-3.9367)
2022-04-08 06:08:47,588:INFO: Train: [208][2075/2076]  Loss -0.3663 (-1.7834)  Time:  0.147 (0.012)  Data Time:  0.002 (0.002)
2022-04-08 06:08:47,589:INFO:   Eta: 0:16:57
2022-04-08 06:08:54,103:INFO: Valid: [208][529/530]  Loss -6.7902 (-4.7263)
2022-04-08 06:09:17,699:INFO: Train: [209][2075/2076]  Loss -0.3452 (-1.6870)  Time:  0.150 (0.011)  Data Time:  0.002 (0.002)
2022-04-08 06:09:17,701:INFO:   Eta: 0:16:06
2022-04-08 06:09:24,285:INFO: Valid: [209][529/530]  Loss -6.3249 (-4.4164)
2022-04-08 06:09:49,143:INFO: Train: [210][2075/2076]  Loss -0.3756 (-1.6701)  Time:  0.137 (0.012)  Data Time:  0.002 (0.002)
2022-04-08 06:09:49,144:INFO:   Eta: 0:16:33
2022-04-08 06:09:55,561:INFO: Valid: [210][529/530]  Loss -6.0522 (-4.2507)
2022-04-08 06:10:19,796:INFO: Train: [211][2075/2076]  Loss -0.4252 (-1.7361)  Time:  0.143 (0.012)  Data Time:  0.003 (0.002)
2022-04-08 06:10:19,797:INFO:   Eta: 0:15:44
2022-04-08 06:10:26,283:INFO: Valid: [211][529/530]  Loss -4.9197 (-3.5592)
2022-04-08 06:10:50,920:INFO: Train: [212][2075/2076]  Loss -0.3893 (-1.7486)  Time:  0.190 (0.012)  Data Time:  0.002 (0.002)
2022-04-08 06:10:50,921:INFO:   Eta: 0:15:35
2022-04-08 06:10:57,319:INFO: Valid: [212][529/530]  Loss -6.6709 (-4.6671)
2022-04-08 06:11:21,543:INFO: Train: [213][2075/2076]  Loss -0.4181 (-1.7667)  Time:  0.128 (0.012)  Data Time:  0.002 (0.002)
2022-04-08 06:11:21,544:INFO:   Eta: 0:14:55
2022-04-08 06:11:27,814:INFO: Valid: [213][529/530]  Loss -6.4806 (-4.5237)
2022-04-08 06:11:51,783:INFO: Train: [214][2075/2076]  Loss -0.3464 (-1.7450)  Time:  0.215 (0.012)  Data Time:  0.001 (0.002)
2022-04-08 06:11:51,784:INFO:   Eta: 0:14:22
2022-04-08 06:11:58,296:INFO: Valid: [214][529/530]  Loss -6.2793 (-4.3880)
2022-04-08 06:12:23,319:INFO: Train: [215][2075/2076]  Loss -0.3874 (-1.7279)  Time:  0.134 (0.012)  Data Time:  0.002 (0.002)
2022-04-08 06:12:23,320:INFO:   Eta: 0:14:35
2022-04-08 06:12:30,022:INFO: Valid: [215][529/530]  Loss -6.2007 (-4.3106)
2022-04-08 06:12:54,402:INFO: Train: [216][2075/2076]  Loss -0.2234 (-1.6767)  Time:  0.139 (0.012)  Data Time:  0.002 (0.002)
2022-04-08 06:12:54,404:INFO:   Eta: 0:13:48
2022-04-08 06:13:00,835:INFO: Valid: [216][529/530]  Loss -6.8814 (-4.7992)
2022-04-08 06:15:22,915:INFO: Test: [216]  ADE: 0.4685  FDE: 0.8646
2022-04-08 06:15:44,502:INFO: Train: [217][2075/2076]  Loss -0.3954 (-1.7568)  Time:  0.133 (0.010)  Data Time:  0.001 (0.001)
2022-04-08 06:15:44,503:INFO:   Eta: 0:11:51
2022-04-08 06:15:50,758:INFO: Valid: [217][529/530]  Loss -6.3723 (-4.4464)
2022-04-08 06:16:12,318:INFO: Train: [218][2075/2076]  Loss -0.3958 (-1.7932)  Time:  0.137 (0.010)  Data Time:  0.002 (0.001)
2022-04-08 06:16:12,319:INFO:   Eta: 0:11:29
2022-04-08 06:16:18,777:INFO: Valid: [218][529/530]  Loss -6.2976 (-4.4197)
2022-04-08 06:16:40,916:INFO: Train: [219][2075/2076]  Loss -0.4155 (-1.6506)  Time:  0.130 (0.011)  Data Time:  0.000 (0.001)
2022-04-08 06:16:40,918:INFO:   Eta: 0:11:25
2022-04-08 06:16:47,123:INFO: Valid: [219][529/530]  Loss -6.7197 (-4.6871)
2022-04-08 06:17:10,383:INFO: Train: [220][2075/2076]  Loss -0.3442 (-1.6979)  Time:  0.210 (0.011)  Data Time:  0.002 (0.001)
2022-04-08 06:17:10,384:INFO:   Eta: 0:11:37
2022-04-08 06:17:16,729:INFO: Valid: [220][529/530]  Loss -6.6061 (-4.6216)
2022-04-08 06:17:40,011:INFO: Train: [221][2075/2076]  Loss -0.3568 (-1.7322)  Time:  0.143 (0.011)  Data Time:  0.001 (0.001)
2022-04-08 06:17:40,013:INFO:   Eta: 0:11:14
2022-04-08 06:17:46,210:INFO: Valid: [221][529/530]  Loss -6.3144 (-4.4254)
2022-04-08 06:18:08,638:INFO: Train: [222][2075/2076]  Loss -0.3287 (-1.6938)  Time:  0.137 (0.011)  Data Time:  0.002 (0.001)
2022-04-08 06:18:08,641:INFO:   Eta: 0:10:27
2022-04-08 06:18:14,942:INFO: Valid: [222][529/530]  Loss -6.5385 (-4.5829)
2022-04-08 06:18:36,178:INFO: Train: [223][2075/2076]  Loss -0.4040 (-1.7004)  Time:  0.161 (0.010)  Data Time:  0.000 (0.001)
2022-04-08 06:18:36,180:INFO:   Eta: 0:09:32
2022-04-08 06:18:42,677:INFO: Valid: [223][529/530]  Loss -4.5432 (-3.2354)
2022-04-08 06:19:02,597:INFO: Train: [224][2075/2076]  Loss -0.4102 (-1.7766)  Time:  0.121 (0.010)  Data Time:  0.000 (0.001)
2022-04-08 06:19:02,598:INFO:   Eta: 0:08:37
2022-04-08 06:19:08,797:INFO: Valid: [224][529/530]  Loss -5.9588 (-4.1500)
2022-04-08 06:19:29,202:INFO: Train: [225][2075/2076]  Loss -0.4518 (-1.6941)  Time:  0.130 (0.010)  Data Time:  0.000 (0.001)
2022-04-08 06:19:29,203:INFO:   Eta: 0:08:29
2022-04-08 06:19:35,641:INFO: Valid: [225][529/530]  Loss -5.4899 (-3.9372)
2022-04-08 06:19:55,524:INFO: Train: [226][2075/2076]  Loss -0.4275 (-1.7814)  Time:  0.122 (0.010)  Data Time:  0.000 (0.001)
2022-04-08 06:19:55,526:INFO:   Eta: 0:07:56
2022-04-08 06:20:02,025:INFO: Valid: [226][529/530]  Loss -6.3804 (-4.4619)
2022-04-08 06:22:21,691:INFO: Test: [226]  ADE: 0.4939  FDE: 0.9137
2022-04-08 06:22:42,015:INFO: Train: [227][2075/2076]  Loss -0.3606 (-1.7483)  Time:  0.123 (0.010)  Data Time:  0.000 (0.001)
2022-04-08 06:22:42,017:INFO:   Eta: 0:07:46
2022-04-08 06:22:48,325:INFO: Valid: [227][529/530]  Loss -6.4935 (-4.5411)
2022-04-08 06:23:08,259:INFO: Train: [228][2075/2076]  Loss -0.3840 (-1.7129)  Time:  0.122 (0.010)  Data Time:  0.000 (0.001)
2022-04-08 06:23:08,261:INFO:   Eta: 0:07:18
2022-04-08 06:23:14,903:INFO: Valid: [228][529/530]  Loss -6.6416 (-4.6452)
2022-04-08 06:23:35,101:INFO: Train: [229][2075/2076]  Loss -0.4387 (-1.8034)  Time:  0.127 (0.010)  Data Time:  0.000 (0.001)
2022-04-08 06:23:35,103:INFO:   Eta: 0:07:03
2022-04-08 06:23:41,470:INFO: Valid: [229][529/530]  Loss -6.7945 (-4.7221)
2022-04-08 06:24:01,893:INFO: Train: [230][2075/2076]  Loss -0.3917 (-1.7230)  Time:  0.132 (0.010)  Data Time:  0.000 (0.001)
2022-04-08 06:24:01,894:INFO:   Eta: 0:06:48
2022-04-08 06:24:08,275:INFO: Valid: [230][529/530]  Loss -6.6984 (-4.6751)
2022-04-08 06:24:28,346:INFO: Train: [231][2075/2076]  Loss -0.3902 (-1.6817)  Time:  0.122 (0.010)  Data Time:  0.000 (0.001)
2022-04-08 06:24:28,347:INFO:   Eta: 0:06:20
2022-04-08 06:24:34,424:INFO: Valid: [231][529/530]  Loss -6.1418 (-4.2776)
2022-04-08 06:24:54,286:INFO: Train: [232][2075/2076]  Loss -0.3030 (-1.7706)  Time:  0.129 (0.010)  Data Time:  0.000 (0.001)
2022-04-08 06:24:54,287:INFO:   Eta: 0:05:57
2022-04-08 06:25:00,711:INFO: Valid: [232][529/530]  Loss -4.6326 (-3.2395)
2022-04-08 06:25:20,401:INFO: Train: [233][2075/2076]  Loss -0.3256 (-1.7331)  Time:  0.125 (0.009)  Data Time:  0.000 (0.001)
2022-04-08 06:25:20,403:INFO:   Eta: 0:05:34
2022-04-08 06:25:26,826:INFO: Valid: [233][529/530]  Loss -6.5564 (-4.6031)
2022-04-08 06:25:47,968:INFO: Train: [234][2075/2076]  Loss -0.4210 (-1.7677)  Time:  0.137 (0.010)  Data Time:  0.001 (0.001)
2022-04-08 06:25:47,970:INFO:   Eta: 0:05:37
2022-04-08 06:25:54,156:INFO: Valid: [234][529/530]  Loss -5.6983 (-3.9747)
2022-04-08 06:26:13,932:INFO: Train: [235][2075/2076]  Loss -0.4073 (-1.7019)  Time:  0.124 (0.010)  Data Time:  0.000 (0.001)
2022-04-08 06:26:13,933:INFO:   Eta: 0:04:56
2022-04-08 06:26:20,570:INFO: Valid: [235][529/530]  Loss -6.4289 (-4.4984)
2022-04-08 06:26:41,566:INFO: Train: [236][2075/2076]  Loss -0.4834 (-1.7250)  Time:  0.132 (0.010)  Data Time:  0.000 (0.001)
2022-04-08 06:26:41,567:INFO:   Eta: 0:04:53
2022-04-08 06:26:47,699:INFO: Valid: [236][529/530]  Loss -5.9943 (-4.2457)
2022-04-08 06:29:09,254:INFO: Test: [236]  ADE: 0.5147  FDE: 0.9521
2022-04-08 06:29:29,222:INFO: Train: [237][2075/2076]  Loss -0.3692 (-1.6775)  Time:  0.118 (0.010)  Data Time:  0.000 (0.001)
2022-04-08 06:29:29,223:INFO:   Eta: 0:04:19
2022-04-08 06:29:35,519:INFO: Valid: [237][529/530]  Loss -6.0984 (-4.2429)
2022-04-08 06:29:55,059:INFO: Train: [238][2075/2076]  Loss -0.3809 (-1.7796)  Time:  0.131 (0.009)  Data Time:  0.000 (0.001)
2022-04-08 06:29:55,060:INFO:   Eta: 0:03:54
2022-04-08 06:30:01,299:INFO: Valid: [238][529/530]  Loss -5.4859 (-3.9556)
2022-04-08 06:30:21,399:INFO: Train: [239][2075/2076]  Loss -0.3648 (-1.6762)  Time:  0.124 (0.010)  Data Time:  0.000 (0.001)
2022-04-08 06:30:21,401:INFO:   Eta: 0:03:40
2022-04-08 06:30:27,447:INFO: Valid: [239][529/530]  Loss -5.9887 (-4.2605)
2022-04-08 06:30:47,357:INFO: Train: [240][2075/2076]  Loss -0.4118 (-1.6764)  Time:  0.121 (0.010)  Data Time:  0.000 (0.001)
2022-04-08 06:30:47,359:INFO:   Eta: 0:03:18
2022-04-08 06:30:53,709:INFO: Valid: [240][529/530]  Loss -5.5572 (-3.8848)
2022-04-08 06:31:14,071:INFO: Train: [241][2075/2076]  Loss -0.3260 (-1.7886)  Time:  0.120 (0.010)  Data Time:  0.000 (0.001)
2022-04-08 06:31:14,072:INFO:   Eta: 0:03:03
2022-04-08 06:31:20,104:INFO: Valid: [241][529/530]  Loss -6.4323 (-4.5141)
2022-04-08 06:31:39,534:INFO: Train: [242][2075/2076]  Loss -0.4006 (-1.7647)  Time:  0.128 (0.009)  Data Time:  0.000 (0.001)
2022-04-08 06:31:39,534:INFO:   Eta: 0:02:35
2022-04-08 06:31:45,754:INFO: Valid: [242][529/530]  Loss -6.7268 (-4.6906)
2022-04-08 06:32:05,257:INFO: Train: [243][2075/2076]  Loss -0.4035 (-1.7873)  Time:  0.122 (0.009)  Data Time:  0.000 (0.001)
2022-04-08 06:32:05,258:INFO:   Eta: 0:02:16
2022-04-08 06:32:11,523:INFO: Valid: [243][529/530]  Loss -6.1427 (-4.3105)
2022-04-08 06:32:32,195:INFO: Train: [244][2075/2076]  Loss -0.4312 (-1.8050)  Time:  0.152 (0.010)  Data Time:  0.000 (0.001)
2022-04-08 06:32:32,196:INFO:   Eta: 0:02:03
2022-04-08 06:32:38,358:INFO: Valid: [244][529/530]  Loss -6.1365 (-4.3070)
2022-04-08 06:32:58,243:INFO: Train: [245][2075/2076]  Loss -0.3198 (-1.7489)  Time:  0.135 (0.010)  Data Time:  0.000 (0.001)
2022-04-08 06:32:58,244:INFO:   Eta: 0:01:39
2022-04-08 06:33:04,501:INFO: Valid: [245][529/530]  Loss -6.5370 (-4.5619)
2022-04-08 06:33:24,223:INFO: Train: [246][2075/2076]  Loss -0.4043 (-1.6359)  Time:  0.119 (0.009)  Data Time:  0.000 (0.001)
2022-04-08 06:33:24,224:INFO:   Eta: 0:01:18
2022-04-08 06:33:30,159:INFO: Valid: [246][529/530]  Loss -6.4822 (-4.5469)
2022-04-08 06:35:49,347:INFO: Test: [246]  ADE: 0.4809  FDE: 0.8934
2022-04-08 06:36:08,505:INFO: Train: [247][2075/2076]  Loss -0.3710 (-1.7066)  Time:  0.131 (0.009)  Data Time:  0.000 (0.001)
2022-04-08 06:36:08,507:INFO:   Eta: 0:00:57
2022-04-08 06:36:14,456:INFO: Valid: [247][529/530]  Loss -6.3877 (-4.4605)
2022-04-08 06:36:34,455:INFO: Train: [248][2075/2076]  Loss -0.4443 (-1.7826)  Time:  0.124 (0.010)  Data Time:  0.000 (0.001)
2022-04-08 06:36:34,456:INFO:   Eta: 0:00:39
2022-04-08 06:36:40,507:INFO: Valid: [248][529/530]  Loss -5.2268 (-3.7289)
2022-04-08 06:36:59,904:INFO: Train: [249][2075/2076]  Loss -0.3696 (-1.7629)  Time:  0.123 (0.009)  Data Time:  0.000 (0.001)
2022-04-08 06:36:59,905:INFO:   Eta: 0:00:19
2022-04-08 06:37:06,054:INFO: Valid: [249][529/530]  Loss -6.4767 (-4.5163)
