2022-03-29 15:41:01,677:INFO: batch_size=128
2022-03-29 15:41:01,677:INFO: clip_grad=None
2022-03-29 15:41:01,677:INFO: dataset=eth
2022-03-29 15:41:01,677:INFO: gpu_num=0
2022-03-29 15:41:01,677:INFO: input_size=2
2022-03-29 15:41:01,677:INFO: kernel_size=3
2022-03-29 15:41:01,677:INFO: lr=0.01
2022-03-29 15:41:01,677:INFO: lr_sh_rate=150
2022-03-29 15:41:01,678:INFO: n_stgcnn=1
2022-03-29 15:41:01,678:INFO: n_txpcnn=5
2022-03-29 15:41:01,678:INFO: num_epochs=250
2022-03-29 15:41:01,678:INFO: obs_seq_len=8
2022-03-29 15:41:01,678:INFO: output_size=5
2022-03-29 15:41:01,678:INFO: pred_seq_len=12
2022-03-29 15:41:01,678:INFO: seed=0
2022-03-29 15:41:01,678:INFO: tag=eth
2022-03-29 15:41:01,678:INFO: use_lrschd=True
2022-03-29 15:41:01,678:INFO: ******************************
2022-03-29 15:41:01,678:INFO: Training initiating....
2022-03-29 15:41:01,678:INFO: Namespace(batch_size=128, clip_grad=None, dataset='eth', gpu_num='0', input_size=2, kernel_size=3, lr=0.01, lr_sh_rate=150, n_stgcnn=1, n_txpcnn=5, num_epochs=250, obs_seq_len=8, output_size=5, pred_seq_len=12, seed=0, tag='eth', use_lrschd=True)
2022-03-29 15:41:01,689:INFO: Initializing train dataset
2022-03-29 15:41:12,525:INFO: Initializing val dataset
2022-03-29 15:41:21,230:INFO: social_stgcnn3
2022-03-29 15:41:21,231:INFO: Data and model loaded
2022-03-29 15:41:21,232:INFO: Checkpoint dir: ../runs/Mar29_15-41-01_node09/eth/checkpoint
2022-03-29 15:41:21,232:INFO: Training started ...
2022-03-29 15:41:53,130:INFO: Train: [0][2784/2785]  Loss 1.2966 (1.7535)  Time:  0.340 (0.011)  Data Time:  0.001 (0.004)
2022-03-29 15:41:53,132:INFO:   Eta: 2:12:52
2022-03-29 15:41:55,109:INFO: Test: [0]  ADE: 1.9566  FDE: 2.3805
2022-03-29 15:42:20,360:INFO: Train: [1][2784/2785]  Loss 1.1732 (1.5413)  Time:  0.362 (0.009)  Data Time:  0.003 (0.002)
2022-03-29 15:42:20,361:INFO:   Eta: 1:44:44
2022-03-29 15:42:49,418:INFO: Train: [2][2784/2785]  Loss 1.0405 (1.3935)  Time:  0.407 (0.010)  Data Time:  0.003 (0.003)
2022-03-29 15:42:49,420:INFO:   Eta: 2:00:00
2022-03-29 15:43:19,398:INFO: Train: [3][2784/2785]  Loss 0.8928 (1.2677)  Time:  0.403 (0.011)  Data Time:  0.003 (0.004)
2022-03-29 15:43:19,399:INFO:   Eta: 2:03:19
2022-03-29 15:43:52,549:INFO: Train: [4][2784/2785]  Loss 0.7299 (1.0519)  Time:  0.466 (0.012)  Data Time:  0.005 (0.004)
2022-03-29 15:43:52,551:INFO:   Eta: 2:15:50
2022-03-29 15:44:26,229:INFO: Train: [5][2784/2785]  Loss 0.5246 (0.8394)  Time:  0.468 (0.012)  Data Time:  0.005 (0.005)
2022-03-29 15:44:26,230:INFO:   Eta: 2:17:25
2022-03-29 15:44:59,496:INFO: Train: [6][2784/2785]  Loss 0.3473 (0.5449)  Time:  0.443 (0.012)  Data Time:  0.004 (0.005)
2022-03-29 15:44:59,497:INFO:   Eta: 2:15:12
2022-03-29 15:45:33,241:INFO: Train: [7][2784/2785]  Loss 0.1759 (0.3209)  Time:  0.521 (0.012)  Data Time:  0.005 (0.005)
2022-03-29 15:45:33,242:INFO:   Eta: 2:16:36
2022-03-29 15:46:06,922:INFO: Train: [8][2784/2785]  Loss 0.0120 (0.1502)  Time:  0.471 (0.012)  Data Time:  0.004 (0.005)
2022-03-29 15:46:06,924:INFO:   Eta: 2:15:46
2022-03-29 15:46:39,669:INFO: Train: [9][2784/2785]  Loss 0.0127 (0.0371)  Time:  0.374 (0.012)  Data Time:  0.004 (0.004)
2022-03-29 15:46:39,670:INFO:   Eta: 2:11:25
2022-03-29 15:47:08,214:INFO: Train: [10][2784/2785]  Loss -0.0372 (-0.0202)  Time:  0.444 (0.010)  Data Time:  0.003 (0.003)
2022-03-29 15:47:08,215:INFO:   Eta: 1:54:06
2022-03-29 15:47:10,410:INFO: Test: [10]  ADE: 1.8060  FDE: 3.0219
2022-03-29 15:47:42,868:INFO: Train: [11][2784/2785]  Loss -0.0361 (-0.0703)  Time:  0.421 (0.012)  Data Time:  0.004 (0.004)
2022-03-29 15:47:42,869:INFO:   Eta: 2:09:14
2022-03-29 15:48:12,700:INFO: Train: [12][2784/2785]  Loss -0.0860 (-0.0720)  Time:  0.394 (0.011)  Data Time:  0.004 (0.004)
2022-03-29 15:48:12,701:INFO:   Eta: 1:58:14
2022-03-29 15:48:42,136:INFO: Train: [13][2784/2785]  Loss -0.1364 (-0.0712)  Time:  0.410 (0.011)  Data Time:  0.003 (0.004)
2022-03-29 15:48:42,137:INFO:   Eta: 1:56:12
2022-03-29 15:49:12,655:INFO: Train: [14][2784/2785]  Loss -0.1392 (-0.1036)  Time:  0.471 (0.011)  Data Time:  0.004 (0.004)
2022-03-29 15:49:12,656:INFO:   Eta: 1:59:58
2022-03-29 15:49:46,577:INFO: Train: [15][2784/2785]  Loss -0.0961 (-0.1021)  Time:  0.466 (0.012)  Data Time:  0.004 (0.005)
2022-03-29 15:49:46,645:INFO:   Eta: 2:12:47
2022-03-29 15:50:22,260:INFO: Train: [16][2784/2785]  Loss -0.1382 (-0.1632)  Time:  0.436 (0.012)  Data Time:  0.004 (0.005)
2022-03-29 15:50:22,261:INFO:   Eta: 2:10:46
2022-03-29 15:50:55,121:INFO: Train: [17][2784/2785]  Loss -0.1691 (-0.1553)  Time:  0.478 (0.012)  Data Time:  0.004 (0.005)
2022-03-29 15:50:55,122:INFO:   Eta: 2:07:31
2022-03-29 15:51:27,821:INFO: Train: [18][2784/2785]  Loss -0.2013 (-0.1609)  Time:  0.447 (0.012)  Data Time:  0.003 (0.004)
2022-03-29 15:51:27,942:INFO:   Eta: 2:05:34
2022-03-29 15:51:57,498:INFO: Train: [19][2784/2785]  Loss -0.2004 (-0.1644)  Time:  0.462 (0.011)  Data Time:  0.005 (0.003)
2022-03-29 15:51:57,502:INFO:   Eta: 1:53:33
2022-03-29 15:52:30,739:INFO: Train: [20][2784/2785]  Loss -0.0546 (-0.1893)  Time:  0.454 (0.012)  Data Time:  0.005 (0.005)
2022-03-29 15:52:30,780:INFO:   Eta: 2:07:19
2022-03-29 15:52:33,253:INFO: Test: [20]  ADE: 1.8370  FDE: 3.1999
2022-03-29 15:53:07,931:INFO: Train: [21][2784/2785]  Loss -0.2432 (-0.2067)  Time:  0.448 (0.012)  Data Time:  0.004 (0.005)
2022-03-29 15:53:07,933:INFO:   Eta: 2:09:31
2022-03-29 15:53:39,075:INFO: Train: [22][2784/2785]  Loss -0.1985 (-0.2386)  Time:  0.409 (0.011)  Data Time:  0.005 (0.004)
2022-03-29 15:53:39,076:INFO:   Eta: 1:58:15
2022-03-29 15:54:08,657:INFO: Train: [23][2784/2785]  Loss -0.1789 (-0.1818)  Time:  0.421 (0.011)  Data Time:  0.003 (0.004)
2022-03-29 15:54:08,658:INFO:   Eta: 1:51:50
2022-03-29 15:54:38,328:INFO: Train: [24][2784/2785]  Loss -0.1668 (-0.1904)  Time:  0.413 (0.011)  Data Time:  0.004 (0.004)
2022-03-29 15:54:38,329:INFO:   Eta: 1:51:41
2022-03-29 15:55:09,941:INFO: Train: [25][2784/2785]  Loss -0.2396 (-0.2285)  Time:  0.456 (0.011)  Data Time:  0.005 (0.004)
2022-03-29 15:55:09,942:INFO:   Eta: 1:58:28
2022-03-29 15:55:43,535:INFO: Train: [26][2784/2785]  Loss -0.2130 (-0.2221)  Time:  0.514 (0.012)  Data Time:  0.005 (0.005)
2022-03-29 15:55:43,803:INFO:   Eta: 2:05:20
2022-03-29 15:56:15,382:INFO: Train: [27][2784/2785]  Loss -0.1824 (-0.2370)  Time:  0.404 (0.011)  Data Time:  0.003 (0.004)
2022-03-29 15:56:15,383:INFO:   Eta: 1:56:24
2022-03-29 15:56:45,813:INFO: Train: [28][2784/2785]  Loss 0.0151 (-0.2071)  Time:  0.435 (0.011)  Data Time:  0.004 (0.004)
2022-03-29 15:56:45,814:INFO:   Eta: 1:52:30
2022-03-29 15:57:18,068:INFO: Train: [29][2784/2785]  Loss -0.1145 (-0.2625)  Time:  0.471 (0.012)  Data Time:  0.005 (0.004)
2022-03-29 15:57:18,071:INFO:   Eta: 1:58:43
2022-03-29 15:57:50,751:INFO: Train: [30][2784/2785]  Loss -0.2781 (-0.2098)  Time:  0.504 (0.012)  Data Time:  0.005 (0.004)
2022-03-29 15:57:50,841:INFO:   Eta: 1:59:36
2022-03-29 15:57:53,122:INFO: Test: [30]  ADE: 1.9674  FDE: 3.3429
2022-03-29 15:58:27,116:INFO: Train: [31][2784/2785]  Loss -0.2502 (-0.2469)  Time:  0.453 (0.012)  Data Time:  0.004 (0.005)
2022-03-29 15:58:27,117:INFO:   Eta: 2:04:02
2022-03-29 15:59:01,074:INFO: Train: [32][2784/2785]  Loss -0.1359 (-0.2745)  Time:  0.460 (0.012)  Data Time:  0.005 (0.005)
2022-03-29 15:59:01,075:INFO:   Eta: 2:03:18
2022-03-29 15:59:32,822:INFO: Train: [33][2784/2785]  Loss -0.2394 (-0.2502)  Time:  0.440 (0.011)  Data Time:  0.004 (0.004)
2022-03-29 15:59:32,823:INFO:   Eta: 1:54:44
2022-03-29 16:00:03,399:INFO: Train: [34][2784/2785]  Loss -0.2722 (-0.2469)  Time:  0.411 (0.011)  Data Time:  0.003 (0.004)
2022-03-29 16:00:03,400:INFO:   Eta: 1:50:00
2022-03-29 16:00:33,281:INFO: Train: [35][2784/2785]  Loss -0.1661 (-0.2661)  Time:  0.402 (0.011)  Data Time:  0.003 (0.004)
2022-03-29 16:00:33,282:INFO:   Eta: 1:47:00
2022-03-29 16:01:03,396:INFO: Train: [36][2784/2785]  Loss -0.0974 (-0.2741)  Time:  0.395 (0.011)  Data Time:  0.003 (0.004)
2022-03-29 16:01:03,397:INFO:   Eta: 1:47:20
2022-03-29 16:01:33,797:INFO: Train: [37][2784/2785]  Loss -0.2808 (-0.2662)  Time:  0.445 (0.011)  Data Time:  0.005 (0.004)
2022-03-29 16:01:33,799:INFO:   Eta: 1:47:50
2022-03-29 16:02:07,756:INFO: Train: [38][2784/2785]  Loss -0.1882 (-0.2738)  Time:  0.510 (0.012)  Data Time:  0.005 (0.005)
2022-03-29 16:02:07,757:INFO:   Eta: 1:59:53
2022-03-29 16:02:40,423:INFO: Train: [39][2784/2785]  Loss -0.2297 (-0.2653)  Time:  0.474 (0.012)  Data Time:  0.004 (0.004)
2022-03-29 16:02:40,424:INFO:   Eta: 1:54:49
2022-03-29 16:03:13,697:INFO: Train: [40][2784/2785]  Loss -0.2585 (-0.2432)  Time:  0.441 (0.012)  Data Time:  0.007 (0.005)
2022-03-29 16:03:13,698:INFO:   Eta: 1:56:22
2022-03-29 16:03:15,848:INFO: Test: [40]  ADE: 2.0280  FDE: 3.3921
2022-03-29 16:03:49,516:INFO: Train: [41][2784/2785]  Loss -0.2384 (-0.2567)  Time:  0.445 (0.012)  Data Time:  0.004 (0.005)
2022-03-29 16:03:49,517:INFO:   Eta: 1:57:14
2022-03-29 16:04:23,625:INFO: Train: [42][2784/2785]  Loss -0.1435 (-0.2791)  Time:  0.461 (0.012)  Data Time:  0.005 (0.005)
2022-03-29 16:04:23,626:INFO:   Eta: 1:58:09
2022-03-29 16:04:57,014:INFO: Train: [43][2784/2785]  Loss -0.1778 (-0.2779)  Time:  0.459 (0.012)  Data Time:  0.008 (0.004)
2022-03-29 16:04:57,015:INFO:   Eta: 1:55:07
2022-03-29 16:05:26,941:INFO: Train: [44][2784/2785]  Loss -0.1760 (-0.2878)  Time:  0.391 (0.011)  Data Time:  0.003 (0.004)
2022-03-29 16:05:27,140:INFO:   Eta: 1:42:41
2022-03-29 16:05:53,534:INFO: Train: [45][2784/2785]  Loss -0.1685 (-0.2688)  Time:  0.354 (0.009)  Data Time:  0.002 (0.003)
2022-03-29 16:05:53,648:INFO:   Eta: 1:29:41
2022-03-29 16:06:21,820:INFO: Train: [46][2784/2785]  Loss -0.2810 (-0.2752)  Time:  0.408 (0.010)  Data Time:  0.003 (0.003)
2022-03-29 16:06:21,822:INFO:   Eta: 1:31:22
2022-03-29 16:06:54,984:INFO: Train: [47][2784/2785]  Loss -0.1786 (-0.2443)  Time:  0.468 (0.012)  Data Time:  0.004 (0.004)
2022-03-29 16:06:55,067:INFO:   Eta: 1:52:07
2022-03-29 16:07:29,418:INFO: Train: [48][2784/2785]  Loss -0.0271 (-0.2908)  Time:  0.451 (0.012)  Data Time:  0.004 (0.005)
2022-03-29 16:07:29,418:INFO:   Eta: 1:54:28
2022-03-29 16:08:04,781:INFO: Train: [49][2784/2785]  Loss -0.2625 (-0.2701)  Time:  0.497 (0.013)  Data Time:  0.005 (0.004)
2022-03-29 16:08:04,782:INFO:   Eta: 1:58:23
2022-03-29 16:08:40,462:INFO: Train: [50][2784/2785]  Loss -0.1988 (-0.2767)  Time:  0.460 (0.013)  Data Time:  0.004 (0.005)
2022-03-29 16:08:40,463:INFO:   Eta: 1:58:51
2022-03-29 16:08:42,978:INFO: Test: [50]  ADE: 2.0629  FDE: 3.3955
2022-03-29 16:09:19,205:INFO: Train: [51][2784/2785]  Loss -0.1208 (-0.2766)  Time:  0.465 (0.013)  Data Time:  0.004 (0.005)
2022-03-29 16:09:19,207:INFO:   Eta: 2:00:05
2022-03-29 16:09:55,338:INFO: Train: [52][2784/2785]  Loss -0.0979 (-0.2773)  Time:  0.466 (0.013)  Data Time:  0.004 (0.005)
2022-03-29 16:09:55,339:INFO:   Eta: 1:59:09
2022-03-29 16:10:32,301:INFO: Train: [53][2784/2785]  Loss -0.2208 (-0.2712)  Time:  0.466 (0.013)  Data Time:  0.003 (0.005)
2022-03-29 16:10:32,302:INFO:   Eta: 2:01:16
2022-03-29 16:11:02,938:INFO: Train: [54][2784/2785]  Loss -0.1857 (-0.2678)  Time:  0.430 (0.011)  Data Time:  0.002 (0.003)
2022-03-29 16:11:02,939:INFO:   Eta: 1:39:59
2022-03-29 16:11:32,719:INFO: Train: [55][2784/2785]  Loss -0.2460 (-0.2992)  Time:  0.421 (0.011)  Data Time:  0.003 (0.003)
2022-03-29 16:11:32,720:INFO:   Eta: 1:36:42
2022-03-29 16:12:04,462:INFO: Train: [56][2784/2785]  Loss -0.1647 (-0.2472)  Time:  0.417 (0.011)  Data Time:  0.004 (0.004)
2022-03-29 16:12:04,463:INFO:   Eta: 1:42:32
2022-03-29 16:12:33,779:INFO: Train: [57][2784/2785]  Loss -0.1363 (-0.2656)  Time:  0.486 (0.011)  Data Time:  0.005 (0.004)
2022-03-29 16:12:33,780:INFO:   Eta: 1:34:14
2022-03-29 16:13:06,464:INFO: Train: [58][2784/2785]  Loss -0.1316 (-0.2760)  Time:  0.465 (0.012)  Data Time:  0.005 (0.004)
2022-03-29 16:13:06,647:INFO:   Eta: 1:44:32
2022-03-29 16:13:41,384:INFO: Train: [59][2784/2785]  Loss -0.2305 (-0.2741)  Time:  0.452 (0.012)  Data Time:  0.004 (0.005)
2022-03-29 16:13:41,385:INFO:   Eta: 1:49:58
2022-03-29 16:14:15,531:INFO: Train: [60][2784/2785]  Loss -0.2930 (-0.2566)  Time:  0.448 (0.012)  Data Time:  0.004 (0.005)
2022-03-29 16:14:15,532:INFO:   Eta: 1:48:03
2022-03-29 16:14:17,912:INFO: Test: [60]  ADE: 2.0435  FDE: 3.3916
2022-03-29 16:14:54,748:INFO: Train: [61][2784/2785]  Loss -0.2939 (-0.2790)  Time:  0.527 (0.013)  Data Time:  0.004 (0.005)
2022-03-29 16:14:54,749:INFO:   Eta: 1:55:58
2022-03-29 16:15:32,514:INFO: Train: [62][2784/2785]  Loss -0.1544 (-0.2785)  Time:  0.522 (0.014)  Data Time:  0.005 (0.005)
2022-03-29 16:15:32,515:INFO:   Eta: 1:58:14
2022-03-29 16:16:06,260:INFO: Train: [63][2784/2785]  Loss -0.0914 (-0.2557)  Time:  0.405 (0.012)  Data Time:  0.004 (0.004)
2022-03-29 16:16:06,261:INFO:   Eta: 1:45:06
2022-03-29 16:16:41,578:INFO: Train: [64][2784/2785]  Loss -0.2564 (-0.2322)  Time:  0.472 (0.013)  Data Time:  0.004 (0.004)
2022-03-29 16:16:41,580:INFO:   Eta: 1:49:24
2022-03-29 16:17:13,847:INFO: Train: [65][2784/2785]  Loss -0.2020 (-0.2885)  Time:  0.430 (0.012)  Data Time:  0.004 (0.004)
2022-03-29 16:17:13,848:INFO:   Eta: 1:39:24
2022-03-29 16:17:46,763:INFO: Train: [66][2784/2785]  Loss -0.2641 (-0.2698)  Time:  0.424 (0.012)  Data Time:  0.003 (0.004)
2022-03-29 16:17:46,765:INFO:   Eta: 1:40:51
2022-03-29 16:18:18,581:INFO: Train: [67][2784/2785]  Loss -0.2453 (-0.2729)  Time:  0.486 (0.011)  Data Time:  0.004 (0.003)
2022-03-29 16:18:18,582:INFO:   Eta: 1:36:57
2022-03-29 16:18:55,453:INFO: Train: [68][2784/2785]  Loss -0.1162 (-0.2728)  Time:  0.487 (0.013)  Data Time:  0.005 (0.005)
2022-03-29 16:18:55,454:INFO:   Eta: 1:51:46
2022-03-29 16:19:32,637:INFO: Train: [69][2784/2785]  Loss -0.2043 (-0.2661)  Time:  0.491 (0.013)  Data Time:  0.004 (0.005)
2022-03-29 16:19:32,640:INFO:   Eta: 1:52:05
2022-03-29 16:20:09,790:INFO: Train: [70][2784/2785]  Loss -0.2784 (-0.2626)  Time:  0.517 (0.013)  Data Time:  0.003 (0.005)
2022-03-29 16:20:09,791:INFO:   Eta: 1:51:19
2022-03-29 16:20:12,099:INFO: Test: [70]  ADE: 2.0261  FDE: 3.3705
2022-03-29 16:20:48,692:INFO: Train: [71][2784/2785]  Loss -0.3373 (-0.2716)  Time:  0.541 (0.013)  Data Time:  0.004 (0.005)
2022-03-29 16:20:48,694:INFO:   Eta: 1:48:54
2022-03-29 16:21:21,813:INFO: Train: [72][2784/2785]  Loss -0.2274 (-0.2548)  Time:  0.508 (0.012)  Data Time:  0.003 (0.004)
2022-03-29 16:21:21,814:INFO:   Eta: 1:38:10
2022-03-29 16:21:57,741:INFO: Train: [73][2784/2785]  Loss -0.1703 (-0.2592)  Time:  0.484 (0.013)  Data Time:  0.005 (0.004)
2022-03-29 16:21:57,742:INFO:   Eta: 1:45:55
2022-03-29 16:22:34,832:INFO: Train: [74][2784/2785]  Loss -0.2392 (-0.2843)  Time:  0.492 (0.013)  Data Time:  0.004 (0.005)
2022-03-29 16:22:34,834:INFO:   Eta: 1:48:43
2022-03-29 16:23:07,138:INFO: Train: [75][2784/2785]  Loss -0.3262 (-0.2574)  Time:  0.509 (0.012)  Data Time:  0.001 (0.004)
2022-03-29 16:23:07,140:INFO:   Eta: 1:34:08
2022-03-29 16:23:39,527:INFO: Train: [76][2784/2785]  Loss -0.2737 (-0.2981)  Time:  0.550 (0.012)  Data Time:  0.003 (0.004)
2022-03-29 16:23:39,528:INFO:   Eta: 1:33:50
2022-03-29 16:24:12,616:INFO: Train: [77][2784/2785]  Loss -0.2172 (-0.2463)  Time:  0.553 (0.012)  Data Time:  0.006 (0.004)
2022-03-29 16:24:12,619:INFO:   Eta: 1:35:20
2022-03-29 16:24:49,749:INFO: Train: [78][2784/2785]  Loss -0.2586 (-0.2758)  Time:  0.520 (0.013)  Data Time:  0.003 (0.005)
2022-03-29 16:24:49,750:INFO:   Eta: 1:46:21
2022-03-29 16:25:26,596:INFO: Train: [79][2784/2785]  Loss -0.2030 (-0.2613)  Time:  0.489 (0.013)  Data Time:  0.005 (0.005)
2022-03-29 16:25:26,598:INFO:   Eta: 1:44:56
2022-03-29 16:26:00,849:INFO: Train: [80][2784/2785]  Loss -0.2461 (-0.3147)  Time:  0.449 (0.012)  Data Time:  0.004 (0.004)
2022-03-29 16:26:00,851:INFO:   Eta: 1:36:58
2022-03-29 16:26:03,093:INFO: Test: [80]  ADE: 2.0200  FDE: 3.4120
2022-03-29 16:26:34,939:INFO: Train: [81][2784/2785]  Loss -0.1930 (-0.2884)  Time:  0.588 (0.011)  Data Time:  0.005 (0.004)
2022-03-29 16:26:34,940:INFO:   Eta: 1:29:39
2022-03-29 16:27:11,693:INFO: Train: [82][2784/2785]  Loss -0.2240 (-0.2674)  Time:  0.532 (0.013)  Data Time:  0.005 (0.005)
2022-03-29 16:27:11,694:INFO:   Eta: 1:42:50
2022-03-29 16:27:48,750:INFO: Train: [83][2784/2785]  Loss -0.1970 (-0.2748)  Time:  0.489 (0.013)  Data Time:  0.005 (0.005)
2022-03-29 16:27:48,752:INFO:   Eta: 1:43:04
2022-03-29 16:28:24,935:INFO: Train: [84][2784/2785]  Loss -0.2121 (-0.2721)  Time:  0.398 (0.013)  Data Time:  0.003 (0.004)
2022-03-29 16:28:24,936:INFO:   Eta: 1:40:01
2022-03-29 16:28:57,465:INFO: Train: [85][2784/2785]  Loss -0.1249 (-0.2626)  Time:  0.419 (0.012)  Data Time:  0.003 (0.003)
2022-03-29 16:28:57,466:INFO:   Eta: 1:29:22
2022-03-29 16:29:29,887:INFO: Train: [86][2784/2785]  Loss -0.0837 (-0.2623)  Time:  0.469 (0.012)  Data Time:  0.004 (0.004)
2022-03-29 16:29:29,888:INFO:   Eta: 1:28:33
2022-03-29 16:30:03,025:INFO: Train: [87][2784/2785]  Loss -0.1918 (-0.2865)  Time:  0.508 (0.012)  Data Time:  0.005 (0.004)
2022-03-29 16:30:03,026:INFO:   Eta: 1:29:57
2022-03-29 16:30:40,944:INFO: Train: [88][2784/2785]  Loss -0.0674 (-0.3003)  Time:  0.493 (0.014)  Data Time:  0.005 (0.005)
2022-03-29 16:30:40,946:INFO:   Eta: 1:42:18
2022-03-29 16:31:15,929:INFO: Train: [89][2784/2785]  Loss -0.1340 (-0.2790)  Time:  0.516 (0.013)  Data Time:  0.005 (0.004)
2022-03-29 16:31:15,931:INFO:   Eta: 1:33:48
2022-03-29 16:31:49,104:INFO: Train: [90][2784/2785]  Loss -0.2013 (-0.2772)  Time:  0.437 (0.012)  Data Time:  0.004 (0.004)
2022-03-29 16:31:49,105:INFO:   Eta: 1:28:23
2022-03-29 16:31:51,582:INFO: Test: [90]  ADE: 2.0780  FDE: 3.4864
2022-03-29 16:32:28,974:INFO: Train: [91][2784/2785]  Loss -0.2895 (-0.2683)  Time:  0.561 (0.013)  Data Time:  0.004 (0.005)
2022-03-29 16:32:28,975:INFO:   Eta: 1:39:02
2022-03-29 16:33:06,134:INFO: Train: [92][2784/2785]  Loss -0.0750 (-0.2196)  Time:  0.513 (0.013)  Data Time:  0.003 (0.005)
2022-03-29 16:33:06,136:INFO:   Eta: 1:37:46
2022-03-29 16:33:41,909:INFO: Train: [93][2784/2785]  Loss -0.3253 (-0.2541)  Time:  0.516 (0.013)  Data Time:  0.004 (0.004)
2022-03-29 16:33:41,911:INFO:   Eta: 1:33:32
2022-03-29 16:34:18,633:INFO: Train: [94][2784/2785]  Loss -0.2177 (-0.2419)  Time:  0.494 (0.013)  Data Time:  0.002 (0.004)
2022-03-29 16:34:18,635:INFO:   Eta: 1:35:24
2022-03-29 16:34:51,584:INFO: Train: [95][2784/2785]  Loss -0.2483 (-0.2513)  Time:  0.505 (0.012)  Data Time:  0.004 (0.004)
2022-03-29 16:34:51,585:INFO:   Eta: 1:25:03
2022-03-29 16:35:23,870:INFO: Train: [96][2784/2785]  Loss -0.2111 (-0.2834)  Time:  0.421 (0.012)  Data Time:  0.004 (0.004)
2022-03-29 16:35:23,871:INFO:   Eta: 1:22:48
2022-03-29 16:35:55,087:INFO: Train: [97][2784/2785]  Loss -0.2734 (-0.2573)  Time:  0.499 (0.011)  Data Time:  0.006 (0.004)
2022-03-29 16:35:55,088:INFO:   Eta: 1:19:33
2022-03-29 16:36:26,749:INFO: Train: [98][2784/2785]  Loss -0.0882 (-0.2921)  Time:  0.439 (0.011)  Data Time:  0.004 (0.004)
2022-03-29 16:36:26,932:INFO:   Eta: 1:20:09
2022-03-29 16:36:59,635:INFO: Train: [99][2784/2785]  Loss -0.2150 (-0.2727)  Time:  0.471 (0.012)  Data Time:  0.004 (0.004)
2022-03-29 16:36:59,636:INFO:   Eta: 1:21:55
2022-03-29 16:37:35,424:INFO: Train: [100][2784/2785]  Loss -0.1277 (-0.2625)  Time:  0.496 (0.013)  Data Time:  0.004 (0.005)
2022-03-29 16:37:35,425:INFO:   Eta: 1:29:24
2022-03-29 16:37:37,828:INFO: Test: [100]  ADE: 2.0521  FDE: 3.3974
2022-03-29 16:38:13,752:INFO: Train: [101][2784/2785]  Loss -0.3003 (-0.2807)  Time:  0.482 (0.013)  Data Time:  0.004 (0.005)
2022-03-29 16:38:13,753:INFO:   Eta: 1:29:10
2022-03-29 16:38:46,933:INFO: Train: [102][2784/2785]  Loss -0.1992 (-0.3123)  Time:  0.382 (0.012)  Data Time:  0.002 (0.004)
2022-03-29 16:38:47,147:INFO:   Eta: 1:21:47
2022-03-29 16:39:22,413:INFO: Train: [103][2784/2785]  Loss -0.2458 (-0.2629)  Time:  0.509 (0.012)  Data Time:  0.006 (0.004)
2022-03-29 16:39:22,415:INFO:   Eta: 1:20:53
2022-03-29 16:39:57,451:INFO: Train: [104][2784/2785]  Loss -0.2307 (-0.2542)  Time:  0.511 (0.013)  Data Time:  0.005 (0.005)
2022-03-29 16:39:57,454:INFO:   Eta: 1:25:11
2022-03-29 16:40:29,670:INFO: Train: [105][2784/2785]  Loss -0.1478 (-0.2771)  Time:  0.420 (0.012)  Data Time:  0.004 (0.004)
2022-03-29 16:40:29,672:INFO:   Eta: 1:17:46
2022-03-29 16:41:00,758:INFO: Train: [106][2784/2785]  Loss -0.1831 (-0.2869)  Time:  0.381 (0.011)  Data Time:  0.003 (0.004)
2022-03-29 16:41:00,759:INFO:   Eta: 1:14:32
2022-03-29 16:41:30,250:INFO: Train: [107][2784/2785]  Loss -0.1119 (-0.2839)  Time:  0.457 (0.011)  Data Time:  0.003 (0.003)
2022-03-29 16:41:30,252:INFO:   Eta: 1:10:13
2022-03-29 16:42:02,425:INFO: Train: [108][2784/2785]  Loss -0.3251 (-0.2893)  Time:  0.478 (0.012)  Data Time:  0.006 (0.004)
2022-03-29 16:42:02,427:INFO:   Eta: 1:16:05
2022-03-29 16:42:38,536:INFO: Train: [109][2784/2785]  Loss -0.3730 (-0.2569)  Time:  0.494 (0.013)  Data Time:  0.005 (0.005)
2022-03-29 16:42:38,537:INFO:   Eta: 1:24:47
2022-03-29 16:43:15,077:INFO: Train: [110][2784/2785]  Loss -0.2417 (-0.2751)  Time:  0.492 (0.013)  Data Time:  0.004 (0.005)
2022-03-29 16:43:15,079:INFO:   Eta: 1:25:12
2022-03-29 16:43:17,494:INFO: Test: [110]  ADE: 2.0580  FDE: 3.4598
2022-03-29 16:43:52,346:INFO: Train: [111][2784/2785]  Loss -0.2727 (-0.2914)  Time:  0.434 (0.013)  Data Time:  0.004 (0.005)
2022-03-29 16:43:52,347:INFO:   Eta: 1:20:41
2022-03-29 16:44:25,653:INFO: Train: [112][2784/2785]  Loss -0.2642 (-0.2704)  Time:  0.466 (0.012)  Data Time:  0.006 (0.005)
2022-03-29 16:44:25,654:INFO:   Eta: 1:16:33
2022-03-29 16:44:59,740:INFO: Train: [113][2784/2785]  Loss -0.2271 (-0.2674)  Time:  0.460 (0.012)  Data Time:  0.005 (0.005)
2022-03-29 16:44:59,741:INFO:   Eta: 1:17:47
2022-03-29 16:45:33,731:INFO: Train: [114][2784/2785]  Loss -0.2724 (-0.2709)  Time:  0.482 (0.012)  Data Time:  0.004 (0.004)
2022-03-29 16:45:33,732:INFO:   Eta: 1:16:59
2022-03-29 16:46:06,732:INFO: Train: [115][2784/2785]  Loss -0.1514 (-0.2597)  Time:  0.376 (0.012)  Data Time:  0.003 (0.004)
2022-03-29 16:46:06,734:INFO:   Eta: 1:14:11
2022-03-29 16:46:33,894:INFO: Train: [116][2784/2785]  Loss -0.1857 (-0.2805)  Time:  0.349 (0.010)  Data Time:  0.003 (0.003)
2022-03-29 16:46:33,896:INFO:   Eta: 1:00:36
2022-03-29 16:47:01,730:INFO: Train: [117][2784/2785]  Loss -0.2107 (-0.2546)  Time:  0.404 (0.010)  Data Time:  0.003 (0.003)
2022-03-29 16:47:01,731:INFO:   Eta: 1:01:39
2022-03-29 16:47:31,674:INFO: Train: [118][2784/2785]  Loss -0.0570 (-0.2362)  Time:  0.416 (0.011)  Data Time:  0.004 (0.004)
2022-03-29 16:47:31,676:INFO:   Eta: 1:05:50
2022-03-29 16:48:04,500:INFO: Train: [119][2784/2785]  Loss -0.1784 (-0.3050)  Time:  0.475 (0.012)  Data Time:  0.005 (0.004)
2022-03-29 16:48:04,502:INFO:   Eta: 1:11:37
2022-03-29 16:48:38,402:INFO: Train: [120][2784/2785]  Loss -0.2797 (-0.2699)  Time:  0.459 (0.012)  Data Time:  0.004 (0.005)
2022-03-29 16:48:38,403:INFO:   Eta: 1:13:24
2022-03-29 16:48:40,660:INFO: Test: [120]  ADE: 2.0171  FDE: 3.3613
2022-03-29 16:49:13,674:INFO: Train: [121][2784/2785]  Loss -0.1567 (-0.2505)  Time:  0.462 (0.012)  Data Time:  0.004 (0.004)
2022-03-29 16:49:13,676:INFO:   Eta: 1:10:57
2022-03-29 16:49:47,045:INFO: Train: [122][2784/2785]  Loss -0.3310 (-0.2997)  Time:  0.465 (0.012)  Data Time:  0.004 (0.004)
2022-03-29 16:49:47,046:INFO:   Eta: 1:11:07
2022-03-29 16:50:20,832:INFO: Train: [123][2784/2785]  Loss -0.1190 (-0.2730)  Time:  0.454 (0.012)  Data Time:  0.005 (0.005)
2022-03-29 16:50:20,833:INFO:   Eta: 1:11:28
2022-03-29 16:50:53,421:INFO: Train: [124][2784/2785]  Loss -0.2043 (-0.2802)  Time:  0.405 (0.012)  Data Time:  0.003 (0.004)
2022-03-29 16:50:53,422:INFO:   Eta: 1:08:23
2022-03-29 16:51:24,109:INFO: Train: [125][2784/2785]  Loss -0.2368 (-0.2638)  Time:  0.434 (0.011)  Data Time:  0.004 (0.004)
2022-03-29 16:51:24,120:INFO:   Eta: 1:03:53
2022-03-29 16:51:55,007:INFO: Train: [126][2784/2785]  Loss -0.2537 (-0.2727)  Time:  0.393 (0.011)  Data Time:  0.004 (0.004)
2022-03-29 16:51:55,008:INFO:   Eta: 1:03:39
2022-03-29 16:52:24,433:INFO: Train: [127][2784/2785]  Loss -0.0627 (-0.2607)  Time:  0.412 (0.011)  Data Time:  0.004 (0.004)
2022-03-29 16:52:24,434:INFO:   Eta: 1:00:16
2022-03-29 16:52:54,141:INFO: Train: [128][2784/2785]  Loss -0.2346 (-0.2988)  Time:  0.423 (0.011)  Data Time:  0.004 (0.004)
2022-03-29 16:52:54,142:INFO:   Eta: 1:00:21
2022-03-29 16:53:24,193:INFO: Train: [129][2784/2785]  Loss -0.2197 (-0.2491)  Time:  0.403 (0.011)  Data Time:  0.003 (0.004)
2022-03-29 16:53:24,195:INFO:   Eta: 1:00:33
2022-03-29 16:53:58,061:INFO: Train: [130][2784/2785]  Loss -0.1673 (-0.2807)  Time:  0.474 (0.012)  Data Time:  0.004 (0.005)
2022-03-29 16:53:58,062:INFO:   Eta: 1:07:41
2022-03-29 16:54:00,312:INFO: Test: [130]  ADE: 1.9607  FDE: 3.2522
2022-03-29 16:54:33,708:INFO: Train: [131][2784/2785]  Loss -0.2573 (-0.2809)  Time:  0.486 (0.012)  Data Time:  0.005 (0.004)
2022-03-29 16:54:33,710:INFO:   Eta: 1:06:12
2022-03-29 16:55:07,530:INFO: Train: [132][2784/2785]  Loss -0.2221 (-0.2872)  Time:  0.465 (0.012)  Data Time:  0.004 (0.005)
2022-03-29 16:55:07,533:INFO:   Eta: 1:06:28
2022-03-29 16:55:39,739:INFO: Train: [133][2784/2785]  Loss -0.1897 (-0.2792)  Time:  0.419 (0.011)  Data Time:  0.004 (0.004)
2022-03-29 16:55:39,740:INFO:   Eta: 1:02:20
2022-03-29 16:56:11,338:INFO: Train: [134][2784/2785]  Loss -0.2011 (-0.2588)  Time:  0.485 (0.011)  Data Time:  0.003 (0.004)
2022-03-29 16:56:11,339:INFO:   Eta: 1:01:03
2022-03-29 16:56:44,090:INFO: Train: [135][2784/2785]  Loss -0.2012 (-0.2900)  Time:  0.470 (0.012)  Data Time:  0.005 (0.004)
2022-03-29 16:56:44,091:INFO:   Eta: 1:02:44
2022-03-29 16:57:17,688:INFO: Train: [136][2784/2785]  Loss -0.2383 (-0.2630)  Time:  0.459 (0.012)  Data Time:  0.005 (0.005)
2022-03-29 16:57:17,688:INFO:   Eta: 1:03:47
2022-03-29 16:57:49,407:INFO: Train: [137][2784/2785]  Loss -0.1901 (-0.2897)  Time:  0.408 (0.011)  Data Time:  0.004 (0.004)
2022-03-29 16:57:49,409:INFO:   Eta: 0:59:42
2022-03-29 16:58:19,410:INFO: Train: [138][2784/2785]  Loss -0.1485 (-0.2747)  Time:  0.419 (0.011)  Data Time:  0.003 (0.004)
2022-03-29 16:58:19,411:INFO:   Eta: 0:55:57
2022-03-29 16:58:49,017:INFO: Train: [139][2784/2785]  Loss -0.2130 (-0.3016)  Time:  0.442 (0.011)  Data Time:  0.003 (0.004)
2022-03-29 16:58:49,018:INFO:   Eta: 0:54:44
2022-03-29 16:59:19,514:INFO: Train: [140][2784/2785]  Loss -0.2036 (-0.2821)  Time:  0.473 (0.011)  Data Time:  0.003 (0.004)
2022-03-29 16:59:19,516:INFO:   Eta: 0:55:51
2022-03-29 16:59:21,845:INFO: Test: [140]  ADE: 2.0483  FDE: 3.4497
2022-03-29 16:59:55,782:INFO: Train: [141][2784/2785]  Loss -0.2149 (-0.2547)  Time:  0.517 (0.012)  Data Time:  0.004 (0.004)
2022-03-29 16:59:55,784:INFO:   Eta: 1:01:37
2022-03-29 17:00:29,706:INFO: Train: [142][2784/2785]  Loss -0.1780 (-0.2588)  Time:  0.466 (0.012)  Data Time:  0.003 (0.005)
2022-03-29 17:00:29,707:INFO:   Eta: 1:01:01
2022-03-29 17:01:02,368:INFO: Train: [143][2784/2785]  Loss -0.1383 (-0.2599)  Time:  0.497 (0.012)  Data Time:  0.003 (0.004)
2022-03-29 17:01:02,369:INFO:   Eta: 0:58:12
2022-03-29 17:01:33,908:INFO: Train: [144][2784/2785]  Loss -0.2490 (-0.2787)  Time:  0.487 (0.011)  Data Time:  0.005 (0.004)
2022-03-29 17:01:33,909:INFO:   Eta: 0:55:40
2022-03-29 17:02:06,490:INFO: Train: [145][2784/2785]  Loss -0.2858 (-0.2762)  Time:  0.464 (0.012)  Data Time:  0.004 (0.004)
2022-03-29 17:02:06,861:INFO:   Eta: 0:56:58
2022-03-29 17:02:40,505:INFO: Train: [146][2784/2785]  Loss -0.2206 (-0.2864)  Time:  0.449 (0.012)  Data Time:  0.004 (0.004)
2022-03-29 17:02:40,506:INFO:   Eta: 0:58:16
2022-03-29 17:03:14,157:INFO: Train: [147][2784/2785]  Loss -0.0493 (-0.2934)  Time:  0.527 (0.012)  Data Time:  0.008 (0.005)
2022-03-29 17:03:14,158:INFO:   Eta: 0:57:43
2022-03-29 17:03:44,255:INFO: Train: [148][2784/2785]  Loss -0.1945 (-0.2784)  Time:  0.449 (0.011)  Data Time:  0.004 (0.003)
2022-03-29 17:03:44,256:INFO:   Eta: 0:51:07
2022-03-29 17:04:13,704:INFO: Train: [149][2784/2785]  Loss -0.1920 (-0.2709)  Time:  0.415 (0.011)  Data Time:  0.004 (0.003)
2022-03-29 17:04:13,705:INFO:   Eta: 0:49:32
2022-03-29 17:04:43,350:INFO: Train: [150][2784/2785]  Loss -0.1787 (-0.2482)  Time:  0.453 (0.011)  Data Time:  0.003 (0.003)
2022-03-29 17:04:43,352:INFO:   Eta: 0:49:21
2022-03-29 17:04:45,623:INFO: Test: [150]  ADE: 2.0515  FDE: 3.3636
2022-03-29 17:05:18,055:INFO: Train: [151][2784/2785]  Loss -0.2819 (-0.2755)  Time:  0.453 (0.012)  Data Time:  0.004 (0.004)
2022-03-29 17:05:18,056:INFO:   Eta: 0:53:29
2022-03-29 17:05:23,957:INFO: Valid: [151][659/660]  Loss -2.0709 (-1.1213)
2022-03-29 17:05:23,967:INFO: Checkpoint saved...
2022-03-29 17:05:58,108:INFO: Train: [152][2784/2785]  Loss -0.3263 (-0.2581)  Time:  0.460 (0.012)  Data Time:  0.004 (0.004)
2022-03-29 17:05:58,109:INFO:   Eta: 0:55:44
2022-03-29 17:06:03,835:INFO: Valid: [152][659/660]  Loss -2.0690 (-1.1206)
2022-03-29 17:06:36,277:INFO: Train: [153][2784/2785]  Loss -0.2318 (-0.2847)  Time:  0.418 (0.012)  Data Time:  0.004 (0.004)
2022-03-29 17:06:36,278:INFO:   Eta: 0:52:25
2022-03-29 17:06:42,103:INFO: Valid: [153][659/660]  Loss -2.0575 (-1.1122)
2022-03-29 17:07:14,173:INFO: Train: [154][2784/2785]  Loss -0.2549 (-0.3024)  Time:  0.463 (0.012)  Data Time:  0.004 (0.004)
2022-03-29 17:07:14,174:INFO:   Eta: 0:51:17
2022-03-29 17:07:20,039:INFO: Valid: [154][659/660]  Loss -2.0689 (-1.1208)
2022-03-29 17:07:52,920:INFO: Train: [155][2784/2785]  Loss -0.2068 (-0.2896)  Time:  0.495 (0.012)  Data Time:  0.003 (0.004)
2022-03-29 17:07:52,922:INFO:   Eta: 0:52:02
2022-03-29 17:07:58,758:INFO: Valid: [155][659/660]  Loss -2.0679 (-1.1204)
2022-03-29 17:08:32,783:INFO: Train: [156][2784/2785]  Loss -0.2969 (-0.2707)  Time:  0.455 (0.012)  Data Time:  0.004 (0.004)
2022-03-29 17:08:32,784:INFO:   Eta: 0:53:16
2022-03-29 17:08:38,499:INFO: Valid: [156][659/660]  Loss -2.0672 (-1.1194)
2022-03-29 17:09:11,456:INFO: Train: [157][2784/2785]  Loss -0.1762 (-0.2706)  Time:  0.405 (0.012)  Data Time:  0.004 (0.004)
2022-03-29 17:09:11,458:INFO:   Eta: 0:51:03
2022-03-29 17:09:17,133:INFO: Valid: [157][659/660]  Loss -2.0728 (-1.1236)
2022-03-29 17:09:17,145:INFO: Checkpoint saved...
2022-03-29 17:09:47,555:INFO: Train: [158][2784/2785]  Loss -0.2418 (-0.3024)  Time:  0.393 (0.011)  Data Time:  0.003 (0.004)
2022-03-29 17:09:47,556:INFO:   Eta: 0:46:36
2022-03-29 17:09:53,498:INFO: Valid: [158][659/660]  Loss -2.0583 (-1.1135)
2022-03-29 17:10:23,731:INFO: Train: [159][2784/2785]  Loss -0.2487 (-0.2880)  Time:  0.405 (0.011)  Data Time:  0.003 (0.003)
2022-03-29 17:10:23,876:INFO:   Eta: 0:45:49
2022-03-29 17:10:29,621:INFO: Valid: [159][659/660]  Loss -2.0645 (-1.1176)
2022-03-29 17:11:02,475:INFO: Train: [160][2784/2785]  Loss -0.1625 (-0.2657)  Time:  0.435 (0.012)  Data Time:  0.004 (0.004)
2022-03-29 17:11:02,477:INFO:   Eta: 0:49:14
2022-03-29 17:11:08,488:INFO: Valid: [160][659/660]  Loss -2.0618 (-1.1155)
2022-03-29 17:11:10,791:INFO: Test: [160]  ADE: 2.0553  FDE: 3.4421
2022-03-29 17:11:43,843:INFO: Train: [161][2784/2785]  Loss -0.2475 (-0.2719)  Time:  0.475 (0.012)  Data Time:  0.005 (0.004)
2022-03-29 17:11:43,843:INFO:   Eta: 0:48:59
2022-03-29 17:11:49,531:INFO: Valid: [161][659/660]  Loss -2.0608 (-1.1150)
2022-03-29 17:12:21,030:INFO: Train: [162][2784/2785]  Loss -0.1635 (-0.2725)  Time:  0.430 (0.011)  Data Time:  0.003 (0.004)
2022-03-29 17:12:21,031:INFO:   Eta: 0:46:10
2022-03-29 17:12:26,979:INFO: Valid: [162][659/660]  Loss -2.0726 (-1.1231)
2022-03-29 17:13:00,922:INFO: Train: [163][2784/2785]  Loss -0.2556 (-0.2493)  Time:  0.491 (0.012)  Data Time:  0.005 (0.004)
2022-03-29 17:13:00,925:INFO:   Eta: 0:49:11
2022-03-29 17:13:06,816:INFO: Valid: [163][659/660]  Loss -2.0656 (-1.1179)
2022-03-29 17:13:39,279:INFO: Train: [164][2784/2785]  Loss -0.2180 (-0.2648)  Time:  0.441 (0.012)  Data Time:  0.004 (0.004)
2022-03-29 17:13:39,280:INFO:   Eta: 0:46:30
2022-03-29 17:13:45,021:INFO: Valid: [164][659/660]  Loss -2.0505 (-1.1074)
2022-03-29 17:14:18,698:INFO: Train: [165][2784/2785]  Loss -0.2968 (-0.2947)  Time:  0.460 (0.012)  Data Time:  0.005 (0.004)
2022-03-29 17:14:18,699:INFO:   Eta: 0:47:41
2022-03-29 17:14:24,501:INFO: Valid: [165][659/660]  Loss -2.0679 (-1.1204)
2022-03-29 17:14:57,996:INFO: Train: [166][2784/2785]  Loss -0.1200 (-0.2532)  Time:  0.504 (0.012)  Data Time:  0.004 (0.004)
2022-03-29 17:14:58,520:INFO:   Eta: 0:46:52
2022-03-29 17:15:04,238:INFO: Valid: [166][659/660]  Loss -2.0730 (-1.1243)
2022-03-29 17:15:04,248:INFO: Checkpoint saved...
2022-03-29 17:15:37,715:INFO: Train: [167][2784/2785]  Loss -0.2561 (-0.2588)  Time:  0.457 (0.012)  Data Time:  0.004 (0.004)
2022-03-29 17:15:37,716:INFO:   Eta: 0:46:16
2022-03-29 17:15:43,460:INFO: Valid: [167][659/660]  Loss -2.0726 (-1.1245)
2022-03-29 17:16:13,200:INFO: Train: [168][2784/2785]  Loss -0.3232 (-0.2722)  Time:  0.435 (0.011)  Data Time:  0.004 (0.003)
2022-03-29 17:16:13,201:INFO:   Eta: 0:40:37
2022-03-29 17:16:19,015:INFO: Valid: [168][659/660]  Loss -2.0667 (-1.1204)
2022-03-29 17:16:49,535:INFO: Train: [169][2784/2785]  Loss -0.1890 (-0.2778)  Time:  0.444 (0.011)  Data Time:  0.003 (0.004)
2022-03-29 17:16:49,537:INFO:   Eta: 0:41:10
2022-03-29 17:16:55,345:INFO: Valid: [169][659/660]  Loss -2.0625 (-1.1165)
2022-03-29 17:17:23,662:INFO: Train: [170][2784/2785]  Loss -0.1583 (-0.2707)  Time:  0.454 (0.010)  Data Time:  0.005 (0.003)
2022-03-29 17:17:23,663:INFO:   Eta: 0:37:43
2022-03-29 17:17:29,515:INFO: Valid: [170][659/660]  Loss -2.0695 (-1.1214)
2022-03-29 17:17:31,782:INFO: Test: [170]  ADE: 2.0181  FDE: 3.3587
2022-03-29 17:18:03,626:INFO: Train: [171][2784/2785]  Loss -0.1958 (-0.3066)  Time:  0.479 (0.011)  Data Time:  0.004 (0.004)
2022-03-29 17:18:03,627:INFO:   Eta: 0:41:54
2022-03-29 17:18:09,603:INFO: Valid: [171][659/660]  Loss -2.0673 (-1.1197)
2022-03-29 17:18:43,022:INFO: Train: [172][2784/2785]  Loss -0.1694 (-0.2788)  Time:  0.456 (0.012)  Data Time:  0.005 (0.005)
2022-03-29 17:18:43,023:INFO:   Eta: 0:43:25
2022-03-29 17:18:49,090:INFO: Valid: [172][659/660]  Loss -2.0636 (-1.1167)
2022-03-29 17:19:21,774:INFO: Train: [173][2784/2785]  Loss -0.1820 (-0.2379)  Time:  0.497 (0.012)  Data Time:  0.003 (0.004)
2022-03-29 17:19:21,775:INFO:   Eta: 0:41:46
2022-03-29 17:19:27,614:INFO: Valid: [173][659/660]  Loss -2.0665 (-1.1194)
2022-03-29 17:20:01,385:INFO: Train: [174][2784/2785]  Loss -0.2990 (-0.2681)  Time:  0.452 (0.012)  Data Time:  0.005 (0.005)
2022-03-29 17:20:01,386:INFO:   Eta: 0:42:45
2022-03-29 17:20:07,371:INFO: Valid: [174][659/660]  Loss -2.0712 (-1.1230)
2022-03-29 17:20:41,131:INFO: Train: [175][2784/2785]  Loss -0.0678 (-0.3005)  Time:  0.450 (0.012)  Data Time:  0.005 (0.004)
2022-03-29 17:20:41,133:INFO:   Eta: 0:42:10
2022-03-29 17:20:47,468:INFO: Valid: [175][659/660]  Loss -2.0688 (-1.1209)
2022-03-29 17:21:20,762:INFO: Train: [176][2784/2785]  Loss -0.2251 (-0.2700)  Time:  0.433 (0.012)  Data Time:  0.004 (0.004)
2022-03-29 17:21:20,773:INFO:   Eta: 0:40:58
2022-03-29 17:21:26,939:INFO: Valid: [176][659/660]  Loss -2.0723 (-1.1234)
2022-03-29 17:22:00,840:INFO: Train: [177][2784/2785]  Loss -0.2502 (-0.2701)  Time:  0.473 (0.012)  Data Time:  0.005 (0.005)
2022-03-29 17:22:00,841:INFO:   Eta: 0:41:12
2022-03-29 17:22:06,783:INFO: Valid: [177][659/660]  Loss -2.0645 (-1.1181)
2022-03-29 17:22:37,330:INFO: Train: [178][2784/2785]  Loss -0.2506 (-0.2654)  Time:  0.408 (0.011)  Data Time:  0.003 (0.004)
2022-03-29 17:22:37,331:INFO:   Eta: 0:36:38
2022-03-29 17:22:43,044:INFO: Valid: [178][659/660]  Loss -2.0523 (-1.1097)
2022-03-29 17:23:10,584:INFO: Train: [179][2784/2785]  Loss -0.2039 (-0.2647)  Time:  0.435 (0.010)  Data Time:  0.003 (0.003)
2022-03-29 17:23:10,585:INFO:   Eta: 0:32:34
2022-03-29 17:23:16,342:INFO: Valid: [179][659/660]  Loss -2.0719 (-1.1245)
2022-03-29 17:23:43,760:INFO: Train: [180][2784/2785]  Loss -0.3386 (-0.3097)  Time:  0.439 (0.010)  Data Time:  0.004 (0.003)
2022-03-29 17:23:43,761:INFO:   Eta: 0:31:57
2022-03-29 17:23:49,582:INFO: Valid: [180][659/660]  Loss -2.0658 (-1.1203)
2022-03-29 17:23:51,685:INFO: Test: [180]  ADE: 2.0113  FDE: 3.3706
2022-03-29 17:24:24,789:INFO: Train: [181][2784/2785]  Loss -0.1842 (-0.2917)  Time:  0.470 (0.012)  Data Time:  0.005 (0.004)
2022-03-29 17:24:24,790:INFO:   Eta: 0:38:03
2022-03-29 17:24:30,537:INFO: Valid: [181][659/660]  Loss -2.0419 (-1.1028)
2022-03-29 17:25:02,227:INFO: Train: [182][2784/2785]  Loss -0.1716 (-0.3021)  Time:  0.446 (0.011)  Data Time:  0.005 (0.004)
2022-03-29 17:25:02,228:INFO:   Eta: 0:35:53
2022-03-29 17:25:08,104:INFO: Valid: [182][659/660]  Loss -2.0666 (-1.1203)
2022-03-29 17:25:41,817:INFO: Train: [183][2784/2785]  Loss -0.3396 (-0.2851)  Time:  0.475 (0.012)  Data Time:  0.005 (0.004)
2022-03-29 17:25:41,819:INFO:   Eta: 0:37:37
2022-03-29 17:25:47,944:INFO: Valid: [183][659/660]  Loss -2.0637 (-1.1179)
2022-03-29 17:26:21,726:INFO: Train: [184][2784/2785]  Loss -0.2964 (-0.2960)  Time:  0.435 (0.012)  Data Time:  0.005 (0.004)
2022-03-29 17:26:21,727:INFO:   Eta: 0:37:08
2022-03-29 17:26:27,771:INFO: Valid: [184][659/660]  Loss -2.0666 (-1.1196)
2022-03-29 17:27:01,343:INFO: Train: [185][2784/2785]  Loss -0.2547 (-0.2703)  Time:  0.452 (0.012)  Data Time:  0.004 (0.004)
2022-03-29 17:27:01,345:INFO:   Eta: 0:36:19
2022-03-29 17:27:07,199:INFO: Valid: [185][659/660]  Loss -2.0662 (-1.1192)
2022-03-29 17:27:40,843:INFO: Train: [186][2784/2785]  Loss -0.2970 (-0.2944)  Time:  0.503 (0.012)  Data Time:  0.004 (0.004)
2022-03-29 17:27:41,088:INFO:   Eta: 0:35:52
2022-03-29 17:27:47,489:INFO: Valid: [186][659/660]  Loss -2.0673 (-1.1205)
2022-03-29 17:28:21,218:INFO: Train: [187][2784/2785]  Loss -0.2339 (-0.2469)  Time:  0.464 (0.012)  Data Time:  0.004 (0.004)
2022-03-29 17:28:21,220:INFO:   Eta: 0:34:44
2022-03-29 17:28:27,365:INFO: Valid: [187][659/660]  Loss -2.0635 (-1.1168)
2022-03-29 17:28:57,430:INFO: Train: [188][2784/2785]  Loss -0.3153 (-0.2634)  Time:  0.355 (0.011)  Data Time:  0.003 (0.004)
2022-03-29 17:28:57,521:INFO:   Eta: 0:31:02
2022-03-29 17:29:03,148:INFO: Valid: [188][659/660]  Loss -2.0672 (-1.1193)
2022-03-29 17:29:32,257:INFO: Train: [189][2784/2785]  Loss -0.2216 (-0.3111)  Time:  0.345 (0.010)  Data Time:  0.002 (0.003)
2022-03-29 17:29:32,946:INFO:   Eta: 0:29:24
2022-03-29 17:29:38,532:INFO: Valid: [189][659/660]  Loss -2.0669 (-1.1196)
2022-03-29 17:30:08,205:INFO: Train: [190][2784/2785]  Loss -0.2788 (-0.2719)  Time:  0.392 (0.011)  Data Time:  0.003 (0.004)
2022-03-29 17:30:08,207:INFO:   Eta: 0:29:39
2022-03-29 17:30:14,133:INFO: Valid: [190][659/660]  Loss -2.0685 (-1.1207)
2022-03-29 17:30:16,248:INFO: Test: [190]  ADE: 1.9977  FDE: 3.3646
2022-03-29 17:30:46,477:INFO: Train: [191][2784/2785]  Loss -0.2274 (-0.2860)  Time:  0.452 (0.011)  Data Time:  0.006 (0.003)
2022-03-29 17:30:46,479:INFO:   Eta: 0:29:42
2022-03-29 17:30:52,529:INFO: Valid: [191][659/660]  Loss -2.0529 (-1.1091)
2022-03-29 17:31:26,266:INFO: Train: [192][2784/2785]  Loss -0.1857 (-0.2565)  Time:  0.488 (0.012)  Data Time:  0.004 (0.005)
2022-03-29 17:31:26,268:INFO:   Eta: 0:32:35
2022-03-29 17:31:31,958:INFO: Valid: [192][659/660]  Loss -2.0732 (-1.1230)
2022-03-29 17:31:31,971:INFO: Checkpoint saved...
2022-03-29 17:32:05,338:INFO: Train: [193][2784/2785]  Loss -0.2385 (-0.2657)  Time:  0.462 (0.012)  Data Time:  0.003 (0.004)
2022-03-29 17:32:05,540:INFO:   Eta: 0:31:41
2022-03-29 17:32:11,614:INFO: Valid: [193][659/660]  Loss -2.0672 (-1.1192)
2022-03-29 17:32:46,148:INFO: Train: [194][2784/2785]  Loss -0.0914 (-0.2590)  Time:  0.483 (0.012)  Data Time:  0.004 (0.004)
2022-03-29 17:32:46,150:INFO:   Eta: 0:31:28
2022-03-29 17:32:52,266:INFO: Valid: [194][659/660]  Loss -2.0596 (-1.1144)
2022-03-29 17:33:25,384:INFO: Train: [195][2784/2785]  Loss -0.0815 (-0.2754)  Time:  0.454 (0.012)  Data Time:  0.004 (0.004)
2022-03-29 17:33:25,459:INFO:   Eta: 0:30:20
2022-03-29 17:33:31,966:INFO: Valid: [195][659/660]  Loss -2.0654 (-1.1186)
2022-03-29 17:34:04,361:INFO: Train: [196][2784/2785]  Loss -0.2618 (-0.2533)  Time:  0.405 (0.012)  Data Time:  0.004 (0.004)
2022-03-29 17:34:04,551:INFO:   Eta: 0:29:08
2022-03-29 17:34:10,246:INFO: Valid: [196][659/660]  Loss -2.0713 (-1.1228)
2022-03-29 17:34:40,760:INFO: Train: [197][2784/2785]  Loss -0.2291 (-0.3052)  Time:  0.434 (0.011)  Data Time:  0.004 (0.004)
2022-03-29 17:34:40,988:INFO:   Eta: 0:26:56
2022-03-29 17:34:47,036:INFO: Valid: [197][659/660]  Loss -2.0789 (-1.1284)
2022-03-29 17:34:47,058:INFO: Checkpoint saved...
2022-03-29 17:35:17,711:INFO: Train: [198][2784/2785]  Loss -0.1969 (-0.2942)  Time:  0.497 (0.011)  Data Time:  0.005 (0.004)
2022-03-29 17:35:17,758:INFO:   Eta: 0:26:33
2022-03-29 17:35:23,717:INFO: Valid: [198][659/660]  Loss -2.0524 (-1.1099)
2022-03-29 17:35:53,357:INFO: Train: [199][2784/2785]  Loss -0.2738 (-0.2580)  Time:  0.365 (0.010)  Data Time:  0.001 (0.003)
2022-03-29 17:35:53,358:INFO:   Eta: 0:24:37
2022-03-29 17:35:59,197:INFO: Valid: [199][659/660]  Loss -2.0630 (-1.1180)
2022-03-29 17:36:26,720:INFO: Train: [200][2784/2785]  Loss -0.2821 (-0.2766)  Time:  0.401 (0.010)  Data Time:  0.003 (0.003)
2022-03-29 17:36:26,852:INFO:   Eta: 0:22:55
2022-03-29 17:36:32,780:INFO: Valid: [200][659/660]  Loss -2.0722 (-1.1242)
2022-03-29 17:36:35,151:INFO: Test: [200]  ADE: 2.0264  FDE: 3.4073
2022-03-29 17:37:04,602:INFO: Train: [201][2784/2785]  Loss -0.1493 (-0.2848)  Time:  0.406 (0.010)  Data Time:  0.002 (0.003)
2022-03-29 17:37:04,838:INFO:   Eta: 0:23:44
2022-03-29 17:37:12,877:INFO: Valid: [201][659/660]  Loss -2.0543 (-1.1109)
2022-03-29 17:37:46,245:INFO: Train: [202][2784/2785]  Loss -0.2097 (-0.2708)  Time:  0.464 (0.012)  Data Time:  0.004 (0.004)
2022-03-29 17:37:46,247:INFO:   Eta: 0:26:39
2022-03-29 17:37:52,238:INFO: Valid: [202][659/660]  Loss -2.0536 (-1.1104)
2022-03-29 17:38:26,558:INFO: Train: [203][2784/2785]  Loss -0.1434 (-0.2449)  Time:  0.471 (0.012)  Data Time:  0.004 (0.005)
2022-03-29 17:38:26,559:INFO:   Eta: 0:26:52
2022-03-29 17:38:32,633:INFO: Valid: [203][659/660]  Loss -2.0630 (-1.1172)
2022-03-29 17:39:06,170:INFO: Train: [204][2784/2785]  Loss -0.2492 (-0.2964)  Time:  0.477 (0.012)  Data Time:  0.005 (0.004)
2022-03-29 17:39:06,172:INFO:   Eta: 0:25:41
2022-03-29 17:39:12,308:INFO: Valid: [204][659/660]  Loss -2.0680 (-1.1209)
2022-03-29 17:39:44,262:INFO: Train: [205][2784/2785]  Loss -0.2076 (-0.2677)  Time:  0.415 (0.011)  Data Time:  0.004 (0.004)
2022-03-29 17:39:44,265:INFO:   Eta: 0:23:57
2022-03-29 17:39:50,182:INFO: Valid: [205][659/660]  Loss -2.0777 (-1.1280)
2022-03-29 17:40:21,919:INFO: Train: [206][2784/2785]  Loss -0.3011 (-0.2606)  Time:  0.487 (0.011)  Data Time:  0.005 (0.004)
2022-03-29 17:40:21,920:INFO:   Eta: 0:23:15
2022-03-29 17:40:27,627:INFO: Valid: [206][659/660]  Loss -2.0775 (-1.1274)
2022-03-29 17:41:00,982:INFO: Train: [207][2784/2785]  Loss -0.2580 (-0.2942)  Time:  0.501 (0.012)  Data Time:  0.005 (0.004)
2022-03-29 17:41:00,983:INFO:   Eta: 0:23:53
2022-03-29 17:41:06,874:INFO: Valid: [207][659/660]  Loss -2.0784 (-1.1279)
2022-03-29 17:41:40,314:INFO: Train: [208][2784/2785]  Loss -0.2535 (-0.2869)  Time:  0.470 (0.012)  Data Time:  0.004 (0.004)
2022-03-29 17:41:40,315:INFO:   Eta: 0:23:23
2022-03-29 17:41:46,399:INFO: Valid: [208][659/660]  Loss -2.0676 (-1.1197)
2022-03-29 17:42:17,337:INFO: Train: [209][2784/2785]  Loss -0.2346 (-0.2623)  Time:  0.456 (0.011)  Data Time:  0.004 (0.004)
2022-03-29 17:42:17,338:INFO:   Eta: 0:21:07
2022-03-29 17:42:22,892:INFO: Valid: [209][659/660]  Loss -2.0712 (-1.1226)
2022-03-29 17:42:51,903:INFO: Train: [210][2784/2785]  Loss -0.2997 (-0.2635)  Time:  0.406 (0.010)  Data Time:  0.003 (0.003)
2022-03-29 17:42:51,905:INFO:   Eta: 0:19:19
2022-03-29 17:42:57,476:INFO: Valid: [210][659/660]  Loss -2.0699 (-1.1215)
2022-03-29 17:42:59,560:INFO: Test: [210]  ADE: 2.0299  FDE: 3.4067
2022-03-29 17:43:28,897:INFO: Train: [211][2784/2785]  Loss -0.2132 (-0.2472)  Time:  0.397 (0.011)  Data Time:  0.004 (0.003)
2022-03-29 17:43:28,899:INFO:   Eta: 0:19:03
2022-03-29 17:43:34,624:INFO: Valid: [211][659/660]  Loss -2.0633 (-1.1167)
2022-03-29 17:44:04,809:INFO: Train: [212][2784/2785]  Loss -0.3176 (-0.2825)  Time:  0.465 (0.011)  Data Time:  0.005 (0.004)
2022-03-29 17:44:04,811:INFO:   Eta: 0:19:06
2022-03-29 17:44:10,586:INFO: Valid: [212][659/660]  Loss -2.0714 (-1.1224)
2022-03-29 17:44:43,980:INFO: Train: [213][2784/2785]  Loss -0.0915 (-0.2726)  Time:  0.466 (0.012)  Data Time:  0.004 (0.004)
2022-03-29 17:44:43,981:INFO:   Eta: 0:20:34
2022-03-29 17:44:50,289:INFO: Valid: [213][659/660]  Loss -2.0694 (-1.1207)
2022-03-29 17:45:22,025:INFO: Train: [214][2784/2785]  Loss -0.1409 (-0.2759)  Time:  0.442 (0.011)  Data Time:  0.004 (0.004)
2022-03-29 17:45:22,027:INFO:   Eta: 0:19:01
2022-03-29 17:45:28,387:INFO: Valid: [214][659/660]  Loss -2.0773 (-1.1268)
2022-03-29 17:46:02,081:INFO: Train: [215][2784/2785]  Loss -0.1954 (-0.2675)  Time:  0.449 (0.012)  Data Time:  0.005 (0.004)
2022-03-29 17:46:02,082:INFO:   Eta: 0:19:38
2022-03-29 17:46:08,099:INFO: Valid: [215][659/660]  Loss -2.0634 (-1.1164)
2022-03-29 17:46:41,700:INFO: Train: [216][2784/2785]  Loss -0.1387 (-0.3012)  Time:  0.470 (0.012)  Data Time:  0.005 (0.004)
2022-03-29 17:46:41,701:INFO:   Eta: 0:19:01
2022-03-29 17:46:47,782:INFO: Valid: [216][659/660]  Loss -2.0722 (-1.1227)
2022-03-29 17:47:21,634:INFO: Train: [217][2784/2785]  Loss -0.2928 (-0.2729)  Time:  0.444 (0.012)  Data Time:  0.004 (0.005)
2022-03-29 17:47:21,638:INFO:   Eta: 0:18:36
2022-03-29 17:47:27,816:INFO: Valid: [217][659/660]  Loss -2.0716 (-1.1228)
2022-03-29 17:47:59,223:INFO: Train: [218][2784/2785]  Loss -0.1895 (-0.2985)  Time:  0.495 (0.011)  Data Time:  0.004 (0.004)
2022-03-29 17:47:59,224:INFO:   Eta: 0:16:44
2022-03-29 17:48:05,242:INFO: Valid: [218][659/660]  Loss -2.0699 (-1.1216)
2022-03-29 17:48:38,773:INFO: Train: [219][2784/2785]  Loss -0.2756 (-0.2622)  Time:  0.456 (0.012)  Data Time:  0.004 (0.004)
2022-03-29 17:48:38,774:INFO:   Eta: 0:17:18
2022-03-29 17:48:44,805:INFO: Valid: [219][659/660]  Loss -2.0763 (-1.1259)
2022-03-29 17:49:16,465:INFO: Train: [220][2784/2785]  Loss -0.2887 (-0.2591)  Time:  0.417 (0.011)  Data Time:  0.003 (0.004)
2022-03-29 17:49:16,467:INFO:   Eta: 0:15:49
2022-03-29 17:49:22,400:INFO: Valid: [220][659/660]  Loss -2.0715 (-1.1229)
2022-03-29 17:49:24,618:INFO: Test: [220]  ADE: 2.0373  FDE: 3.4163
2022-03-29 17:49:54,151:INFO: Train: [221][2784/2785]  Loss -0.1417 (-0.2786)  Time:  0.423 (0.011)  Data Time:  0.004 (0.003)
2022-03-29 17:49:54,152:INFO:   Eta: 0:14:16
2022-03-29 17:49:59,860:INFO: Valid: [221][659/660]  Loss -2.0810 (-1.1294)
2022-03-29 17:49:59,876:INFO: Checkpoint saved...
2022-03-29 17:50:25,595:INFO: Train: [222][2784/2785]  Loss -0.2018 (-0.2739)  Time:  0.342 (0.009)  Data Time:  0.003 (0.002)
2022-03-29 17:50:25,596:INFO:   Eta: 0:11:59
2022-03-29 17:50:31,016:INFO: Valid: [222][659/660]  Loss -2.0832 (-1.1304)
2022-03-29 17:50:31,046:INFO: Checkpoint saved...
2022-03-29 17:50:59,170:INFO: Train: [223][2784/2785]  Loss -0.2387 (-0.2852)  Time:  0.413 (0.010)  Data Time:  0.004 (0.003)
2022-03-29 17:50:59,171:INFO:   Eta: 0:12:38
2022-03-29 17:51:04,772:INFO: Valid: [223][659/660]  Loss -2.0674 (-1.1190)
2022-03-29 17:51:33,820:INFO: Train: [224][2784/2785]  Loss -0.0632 (-0.2805)  Time:  0.378 (0.010)  Data Time:  0.004 (0.003)
2022-03-29 17:51:33,821:INFO:   Eta: 0:12:34
2022-03-29 17:51:39,616:INFO: Valid: [224][659/660]  Loss -2.0679 (-1.1199)
2022-03-29 17:52:08,790:INFO: Train: [225][2784/2785]  Loss -0.1489 (-0.2895)  Time:  0.393 (0.010)  Data Time:  0.003 (0.003)
2022-03-29 17:52:08,791:INFO:   Eta: 0:12:09
2022-03-29 17:52:14,717:INFO: Valid: [225][659/660]  Loss -2.0729 (-1.1239)
2022-03-29 17:52:39,992:INFO: Train: [226][2784/2785]  Loss -0.2911 (-0.2610)  Time:  0.393 (0.009)  Data Time:  0.003 (0.002)
2022-03-29 17:52:39,993:INFO:   Eta: 0:10:06
2022-03-29 17:52:45,575:INFO: Valid: [226][659/660]  Loss -2.0702 (-1.1217)
2022-03-29 17:53:10,081:INFO: Train: [227][2784/2785]  Loss -0.2145 (-0.2836)  Time:  0.331 (0.009)  Data Time:  0.002 (0.002)
2022-03-29 17:53:10,084:INFO:   Eta: 0:09:23
2022-03-29 17:53:15,750:INFO: Valid: [227][659/660]  Loss -2.0766 (-1.1261)
2022-03-29 17:53:39,679:INFO: Train: [228][2784/2785]  Loss -0.1779 (-0.2511)  Time:  0.347 (0.009)  Data Time:  0.002 (0.002)
2022-03-29 17:53:39,680:INFO:   Eta: 0:08:46
2022-03-29 17:53:45,324:INFO: Valid: [228][659/660]  Loss -2.0756 (-1.1249)
2022-03-29 17:54:09,912:INFO: Train: [229][2784/2785]  Loss -0.2386 (-0.2791)  Time:  0.397 (0.009)  Data Time:  0.002 (0.002)
2022-03-29 17:54:09,913:INFO:   Eta: 0:08:35
2022-03-29 17:54:15,565:INFO: Valid: [229][659/660]  Loss -2.0728 (-1.1231)
2022-03-29 17:54:39,957:INFO: Train: [230][2784/2785]  Loss -0.2029 (-0.2863)  Time:  0.348 (0.009)  Data Time:  0.002 (0.002)
2022-03-29 17:54:39,957:INFO:   Eta: 0:08:07
2022-03-29 17:54:45,772:INFO: Valid: [230][659/660]  Loss -2.0729 (-1.1231)
2022-03-29 17:54:47,700:INFO: Test: [230]  ADE: 2.0233  FDE: 3.4302
2022-03-29 17:55:09,708:INFO: Train: [231][2784/2785]  Loss -0.2785 (-0.2509)  Time:  0.332 (0.008)  Data Time:  0.001 (0.001)
2022-03-29 17:55:09,828:INFO:   Eta: 0:06:57
2022-03-29 17:55:15,593:INFO: Valid: [231][659/660]  Loss -2.0757 (-1.1242)
2022-03-29 17:55:36,927:INFO: Train: [232][2784/2785]  Loss -0.1825 (-0.2774)  Time:  0.383 (0.008)  Data Time:  0.002 (0.001)
2022-03-29 17:55:36,929:INFO:   Eta: 0:06:23
2022-03-29 17:55:42,780:INFO: Valid: [232][659/660]  Loss -2.0595 (-1.1134)
2022-03-29 17:56:04,232:INFO: Train: [233][2784/2785]  Loss -0.3971 (-0.2891)  Time:  0.331 (0.008)  Data Time:  0.002 (0.001)
2022-03-29 17:56:04,233:INFO:   Eta: 0:06:04
2022-03-29 17:56:09,860:INFO: Valid: [233][659/660]  Loss -2.0760 (-1.1249)
2022-03-29 17:56:32,808:INFO: Train: [234][2784/2785]  Loss -0.2576 (-0.2941)  Time:  0.361 (0.008)  Data Time:  0.002 (0.002)
2022-03-29 17:56:32,809:INFO:   Eta: 0:06:06
2022-03-29 17:56:38,599:INFO: Valid: [234][659/660]  Loss -2.0708 (-1.1210)
2022-03-29 17:57:03,963:INFO: Train: [235][2784/2785]  Loss -0.1229 (-0.2528)  Time:  0.364 (0.009)  Data Time:  0.002 (0.002)
2022-03-29 17:57:03,967:INFO:   Eta: 0:06:20
2022-03-29 17:57:09,793:INFO: Valid: [235][659/660]  Loss -2.0706 (-1.1212)
2022-03-29 17:57:34,794:INFO: Train: [236][2784/2785]  Loss -0.2963 (-0.2658)  Time:  0.331 (0.009)  Data Time:  0.000 (0.002)
2022-03-29 17:57:34,797:INFO:   Eta: 0:05:49
2022-03-29 17:57:40,248:INFO: Valid: [236][659/660]  Loss -2.0654 (-1.1172)
2022-03-29 17:58:01,272:INFO: Train: [237][2784/2785]  Loss -0.0810 (-0.2618)  Time:  0.336 (0.008)  Data Time:  0.000 (0.001)
2022-03-29 17:58:01,273:INFO:   Eta: 0:04:32
2022-03-29 17:58:06,665:INFO: Valid: [237][659/660]  Loss -2.0762 (-1.1254)
2022-03-29 17:58:27,735:INFO: Train: [238][2784/2785]  Loss -0.2654 (-0.2973)  Time:  0.319 (0.008)  Data Time:  0.001 (0.001)
2022-03-29 17:58:27,736:INFO:   Eta: 0:04:12
2022-03-29 17:58:33,266:INFO: Valid: [238][659/660]  Loss -2.0726 (-1.1228)
2022-03-29 17:58:54,720:INFO: Train: [239][2784/2785]  Loss -0.0199 (-0.2581)  Time:  0.304 (0.008)  Data Time:  0.000 (0.001)
2022-03-29 17:58:54,722:INFO:   Eta: 0:03:55
2022-03-29 17:59:00,311:INFO: Valid: [239][659/660]  Loss -2.0508 (-1.1077)
2022-03-29 17:59:21,800:INFO: Train: [240][2784/2785]  Loss -0.2224 (-0.2701)  Time:  0.335 (0.008)  Data Time:  0.002 (0.001)
2022-03-29 17:59:21,800:INFO:   Eta: 0:03:34
2022-03-29 17:59:27,457:INFO: Valid: [240][659/660]  Loss -2.0574 (-1.1120)
2022-03-29 17:59:29,462:INFO: Test: [240]  ADE: 2.0289  FDE: 3.3890
2022-03-29 17:59:50,216:INFO: Train: [241][2784/2785]  Loss -0.3185 (-0.2934)  Time:  0.329 (0.007)  Data Time:  0.009 (0.001)
2022-03-29 17:59:50,217:INFO:   Eta: 0:03:06
2022-03-29 17:59:55,526:INFO: Valid: [241][659/660]  Loss -2.0800 (-1.1283)
2022-03-29 18:00:14,459:INFO: Train: [242][2784/2785]  Loss -0.3389 (-0.2777)  Time:  0.281 (0.007)  Data Time:  0.000 (0.001)
2022-03-29 18:00:14,461:INFO:   Eta: 0:02:31
2022-03-29 18:00:19,528:INFO: Valid: [242][659/660]  Loss -2.0639 (-1.1169)
2022-03-29 18:00:37,580:INFO: Train: [243][2784/2785]  Loss -0.0854 (-0.2570)  Time:  0.290 (0.006)  Data Time:  0.000 (0.000)
2022-03-29 18:00:37,581:INFO:   Eta: 0:02:06
2022-03-29 18:00:43,114:INFO: Valid: [243][659/660]  Loss -2.0606 (-1.1153)
2022-03-29 18:01:01,598:INFO: Train: [244][2784/2785]  Loss -0.2656 (-0.2684)  Time:  0.295 (0.007)  Data Time:  0.000 (0.000)
2022-03-29 18:01:01,599:INFO:   Eta: 0:01:50
2022-03-29 18:01:06,979:INFO: Valid: [244][659/660]  Loss -2.0764 (-1.1258)
2022-03-29 18:01:25,343:INFO: Train: [245][2784/2785]  Loss -0.2067 (-0.2810)  Time:  0.285 (0.007)  Data Time:  0.000 (0.000)
2022-03-29 18:01:25,344:INFO:   Eta: 0:01:31
2022-03-29 18:01:30,754:INFO: Valid: [245][659/660]  Loss -2.0746 (-1.1251)
2022-03-29 18:01:50,976:INFO: Train: [246][2784/2785]  Loss -0.1924 (-0.2358)  Time:  0.342 (0.007)  Data Time:  0.002 (0.001)
2022-03-29 18:01:50,977:INFO:   Eta: 0:01:20
2022-03-29 18:01:56,599:INFO: Valid: [246][659/660]  Loss -2.0756 (-1.1254)
2022-03-29 18:02:17,289:INFO: Train: [247][2784/2785]  Loss -0.2567 (-0.2901)  Time:  0.310 (0.007)  Data Time:  0.000 (0.001)
2022-03-29 18:02:17,290:INFO:   Eta: 0:01:02
2022-03-29 18:02:22,709:INFO: Valid: [247][659/660]  Loss -2.0535 (-1.1090)
2022-03-29 18:02:43,685:INFO: Train: [248][2784/2785]  Loss -0.2501 (-0.2752)  Time:  0.387 (0.008)  Data Time:  0.002 (0.001)
2022-03-29 18:02:43,686:INFO:   Eta: 0:00:41
2022-03-29 18:02:48,995:INFO: Valid: [248][659/660]  Loss -2.0810 (-1.1289)
2022-03-29 18:03:09,613:INFO: Train: [249][2784/2785]  Loss -0.2546 (-0.2621)  Time:  0.371 (0.007)  Data Time:  0.001 (0.001)
2022-03-29 18:03:09,614:INFO:   Eta: 0:00:20
2022-03-29 18:03:14,841:INFO: Valid: [249][659/660]  Loss -2.0667 (-1.1184)
