2022-04-27 07:17:00,498:INFO: act=nn.Sigmoid
2022-04-27 07:17:00,498:INFO: batch_size=128
2022-04-27 07:17:00,498:INFO: clip_grad=None
2022-04-27 07:17:00,498:INFO: dataset=eth
2022-04-27 07:17:00,498:INFO: dict_kernel_size=3
2022-04-27 07:17:00,498:INFO: drop=8
2022-04-27 07:17:00,498:INFO: gpu_num=None
2022-04-27 07:17:00,498:INFO: init=kmeans-valid-32
2022-04-27 07:17:00,499:INFO: input_size=2
2022-04-27 07:17:00,499:INFO: kernel_size=3
2022-04-27 07:17:00,499:INFO: log_dir=./runs/28-8.18488
2022-04-27 07:17:00,499:INFO: lr=0.01
2022-04-27 07:17:00,499:INFO: lr_sh_rate=150
2022-04-27 07:17:00,499:INFO: model=social_stgcnn28
2022-04-27 07:17:00,499:INFO: n_stgcnn=1
2022-04-27 07:17:00,499:INFO: n_txpcnn=5
2022-04-27 07:17:00,499:INFO: name=28-8.18488
2022-04-27 07:17:00,499:INFO: num_epochs=250
2022-04-27 07:17:00,499:INFO: obs_seq_len=8
2022-04-27 07:17:00,499:INFO: output_size=5
2022-04-27 07:17:00,499:INFO: pred_seq_len=12
2022-04-27 07:17:00,499:INFO: seed=18488
2022-04-27 07:17:00,499:INFO: tag=eth
2022-04-27 07:17:00,499:INFO: use_lrschd=True
2022-04-27 07:17:00,499:INFO: ******************************
2022-04-27 07:17:00,500:INFO: Training initiating....
2022-04-27 07:17:00,500:INFO: Namespace(act='nn.Sigmoid', batch_size=128, clip_grad=None, dataset='eth', dict_kernel_size=3, drop=8, gpu_num=None, init='kmeans-valid-32', input_size=2, kernel_size=3, log_dir='./runs/28-8.18488', lr=0.01, lr_sh_rate=150, model='social_stgcnn28', n_stgcnn=1, n_txpcnn=5, name='28-8.18488', num_epochs=250, obs_seq_len=8, output_size=5, pred_seq_len=12, seed=18488, tag='eth', use_lrschd=True)
2022-04-27 07:17:00,571:INFO: Initializing train dataset
2022-04-27 07:17:21,105:INFO: Initializing val dataset
2022-04-27 07:17:27,185:ERROR: module social_stgcnn28 not found: 'social_stgcnn28'
2022-04-27 07:55:17,122:INFO: act=nn.Sigmoid
2022-04-27 07:55:17,122:INFO: batch_size=128
2022-04-27 07:55:17,122:INFO: clip_grad=None
2022-04-27 07:55:17,123:INFO: dataset=eth
2022-04-27 07:55:17,123:INFO: dict_kernel_size=3
2022-04-27 07:55:17,123:INFO: drop=8
2022-04-27 07:55:17,123:INFO: gpu_num=None
2022-04-27 07:55:17,123:INFO: init=kmeans-valid-32
2022-04-27 07:55:17,123:INFO: input_size=2
2022-04-27 07:55:17,123:INFO: kernel_size=3
2022-04-27 07:55:17,123:INFO: log_dir=./runs/28-8.18488
2022-04-27 07:55:17,124:INFO: lr=0.01
2022-04-27 07:55:17,124:INFO: lr_sh_rate=150
2022-04-27 07:55:17,124:INFO: model=social_stgcnn28
2022-04-27 07:55:17,124:INFO: n_stgcnn=1
2022-04-27 07:55:17,124:INFO: n_txpcnn=5
2022-04-27 07:55:17,124:INFO: name=28-8.18488
2022-04-27 07:55:17,124:INFO: num_epochs=250
2022-04-27 07:55:17,124:INFO: obs_seq_len=8
2022-04-27 07:55:17,124:INFO: output_size=5
2022-04-27 07:55:17,124:INFO: pred_seq_len=12
2022-04-27 07:55:17,124:INFO: seed=18488
2022-04-27 07:55:17,124:INFO: tag=eth
2022-04-27 07:55:17,125:INFO: use_lrschd=True
2022-04-27 07:55:17,125:INFO: ******************************
2022-04-27 07:55:17,125:INFO: Training initiating....
2022-04-27 07:55:17,125:INFO: Namespace(act='nn.Sigmoid', batch_size=128, clip_grad=None, dataset='eth', dict_kernel_size=3, drop=8, gpu_num=None, init='kmeans-valid-32', input_size=2, kernel_size=3, log_dir='./runs/28-8.18488', lr=0.01, lr_sh_rate=150, model='social_stgcnn28', n_stgcnn=1, n_txpcnn=5, name='28-8.18488', num_epochs=250, obs_seq_len=8, output_size=5, pred_seq_len=12, seed=18488, tag='eth', use_lrschd=True)
2022-04-27 07:55:17,130:INFO: Initializing train dataset
2022-04-27 07:55:33,338:INFO: Initializing val dataset
2022-04-27 07:56:04,835:INFO: social_stgcnn28
2022-04-27 07:56:04,836:INFO: Data and model loaded
2022-04-27 07:56:04,837:INFO: Checkpoint dir: ./runs/28-8.18488/eth/checkpoint
2022-04-27 07:56:04,837:INFO: Training started ...
2022-04-27 07:59:53,973:INFO: act=nn.Sigmoid
2022-04-27 07:59:53,974:INFO: batch_size=128
2022-04-27 07:59:53,974:INFO: clip_grad=None
2022-04-27 07:59:53,974:INFO: dataset=eth
2022-04-27 07:59:53,974:INFO: dict_kernel_size=3
2022-04-27 07:59:53,974:INFO: drop=8
2022-04-27 07:59:53,974:INFO: gpu_num=None
2022-04-27 07:59:53,974:INFO: init=kmeans-valid-32
2022-04-27 07:59:53,974:INFO: input_size=2
2022-04-27 07:59:53,974:INFO: kernel_size=3
2022-04-27 07:59:53,974:INFO: log_dir=./runs/28-8.18488
2022-04-27 07:59:53,974:INFO: lr=0.01
2022-04-27 07:59:53,974:INFO: lr_sh_rate=150
2022-04-27 07:59:53,974:INFO: model=social_stgcnn28
2022-04-27 07:59:53,974:INFO: n_stgcnn=1
2022-04-27 07:59:53,975:INFO: n_txpcnn=5
2022-04-27 07:59:53,975:INFO: name=28-8.18488
2022-04-27 07:59:53,975:INFO: num_epochs=250
2022-04-27 07:59:53,975:INFO: obs_seq_len=8
2022-04-27 07:59:53,975:INFO: output_size=5
2022-04-27 07:59:53,975:INFO: pred_seq_len=12
2022-04-27 07:59:53,975:INFO: seed=18488
2022-04-27 07:59:53,975:INFO: tag=eth
2022-04-27 07:59:53,975:INFO: use_lrschd=True
2022-04-27 07:59:53,975:INFO: ******************************
2022-04-27 07:59:53,975:INFO: Training initiating....
2022-04-27 07:59:53,975:INFO: Namespace(act='nn.Sigmoid', batch_size=128, clip_grad=None, dataset='eth', dict_kernel_size=3, drop=8, gpu_num=None, init='kmeans-valid-32', input_size=2, kernel_size=3, log_dir='./runs/28-8.18488', lr=0.01, lr_sh_rate=150, model='social_stgcnn28', n_stgcnn=1, n_txpcnn=5, name='28-8.18488', num_epochs=250, obs_seq_len=8, output_size=5, pred_seq_len=12, seed=18488, tag='eth', use_lrschd=True)
2022-04-27 07:59:54,007:INFO: Initializing train dataset
2022-04-27 08:00:10,874:INFO: Initializing val dataset
2022-04-27 08:00:44,124:INFO: social_stgcnn28
2022-04-27 08:00:44,262:INFO: Data and model loaded
2022-04-27 08:00:44,262:INFO: Checkpoint dir: ./runs/28-8.18488/eth/checkpoint
2022-04-27 08:00:44,262:INFO: Training started ...
2022-04-27 08:08:37,533:INFO: act=nn.Sigmoid
2022-04-27 08:08:37,533:INFO: batch_size=128
2022-04-27 08:08:37,533:INFO: clip_grad=None
2022-04-27 08:08:37,533:INFO: dataset=eth
2022-04-27 08:08:37,533:INFO: dict_kernel_size=3
2022-04-27 08:08:37,533:INFO: drop=8
2022-04-27 08:08:37,533:INFO: gpu_num=None
2022-04-27 08:08:37,534:INFO: init=kmeans-valid-32
2022-04-27 08:08:37,534:INFO: input_size=2
2022-04-27 08:08:37,534:INFO: kernel_size=3
2022-04-27 08:08:37,534:INFO: log_dir=./runs/28-8.18488
2022-04-27 08:08:37,534:INFO: lr=0.01
2022-04-27 08:08:37,534:INFO: lr_sh_rate=150
2022-04-27 08:08:37,534:INFO: model=social_stgcnn28
2022-04-27 08:08:37,534:INFO: n_stgcnn=1
2022-04-27 08:08:37,534:INFO: n_txpcnn=5
2022-04-27 08:08:37,534:INFO: name=28-8.18488
2022-04-27 08:08:37,534:INFO: num_epochs=250
2022-04-27 08:08:37,535:INFO: obs_seq_len=8
2022-04-27 08:08:37,535:INFO: output_size=5
2022-04-27 08:08:37,535:INFO: pred_seq_len=12
2022-04-27 08:08:37,535:INFO: seed=18488
2022-04-27 08:08:37,535:INFO: tag=eth
2022-04-27 08:08:37,535:INFO: use_lrschd=True
2022-04-27 08:08:37,535:INFO: ******************************
2022-04-27 08:08:37,535:INFO: Training initiating....
2022-04-27 08:08:37,535:INFO: Namespace(act='nn.Sigmoid', batch_size=128, clip_grad=None, dataset='eth', dict_kernel_size=3, drop=8, gpu_num=None, init='kmeans-valid-32', input_size=2, kernel_size=3, log_dir='./runs/28-8.18488', lr=0.01, lr_sh_rate=150, model='social_stgcnn28', n_stgcnn=1, n_txpcnn=5, name='28-8.18488', num_epochs=250, obs_seq_len=8, output_size=5, pred_seq_len=12, seed=18488, tag='eth', use_lrschd=True)
2022-04-27 08:08:37,541:INFO: Initializing train dataset
2022-04-27 08:08:58,127:INFO: Initializing val dataset
2022-04-27 08:09:27,296:INFO: social_stgcnn28
2022-04-27 08:09:27,297:INFO: Data and model loaded
2022-04-27 08:09:27,297:INFO: Checkpoint dir: ./runs/28-8.18488/eth/checkpoint
2022-04-27 08:09:27,297:INFO: Training started ...
2022-04-27 08:12:14,480:INFO: act=nn.Sigmoid
2022-04-27 08:12:14,480:INFO: batch_size=128
2022-04-27 08:12:14,480:INFO: clip_grad=None
2022-04-27 08:12:14,481:INFO: dataset=eth
2022-04-27 08:12:14,481:INFO: dict_kernel_size=3
2022-04-27 08:12:14,481:INFO: drop=8
2022-04-27 08:12:14,481:INFO: gpu_num=None
2022-04-27 08:12:14,481:INFO: init=kmeans-valid-32
2022-04-27 08:12:14,481:INFO: input_size=2
2022-04-27 08:12:14,481:INFO: kernel_size=3
2022-04-27 08:12:14,481:INFO: log_dir=./runs/28-8.18488
2022-04-27 08:12:14,481:INFO: lr=0.01
2022-04-27 08:12:14,482:INFO: lr_sh_rate=150
2022-04-27 08:12:14,482:INFO: model=social_stgcnn28
2022-04-27 08:12:14,482:INFO: n_stgcnn=1
2022-04-27 08:12:14,482:INFO: n_txpcnn=5
2022-04-27 08:12:14,482:INFO: name=28-8.18488
2022-04-27 08:12:14,482:INFO: num_epochs=250
2022-04-27 08:12:14,482:INFO: obs_seq_len=8
2022-04-27 08:12:14,482:INFO: output_size=5
2022-04-27 08:12:14,482:INFO: pred_seq_len=12
2022-04-27 08:12:14,483:INFO: seed=18488
2022-04-27 08:12:14,483:INFO: tag=eth
2022-04-27 08:12:14,483:INFO: use_lrschd=True
2022-04-27 08:12:14,483:INFO: ******************************
2022-04-27 08:12:14,483:INFO: Training initiating....
2022-04-27 08:12:14,483:INFO: Namespace(act='nn.Sigmoid', batch_size=128, clip_grad=None, dataset='eth', dict_kernel_size=3, drop=8, gpu_num=None, init='kmeans-valid-32', input_size=2, kernel_size=3, log_dir='./runs/28-8.18488', lr=0.01, lr_sh_rate=150, model='social_stgcnn28', n_stgcnn=1, n_txpcnn=5, name='28-8.18488', num_epochs=250, obs_seq_len=8, output_size=5, pred_seq_len=12, seed=18488, tag='eth', use_lrschd=True)
2022-04-27 08:12:14,492:INFO: Initializing train dataset
2022-04-27 08:12:24,529:INFO: Initializing val dataset
2022-04-27 08:22:49,783:INFO: act=nn.Sigmoid
2022-04-27 08:22:49,783:INFO: batch_size=128
2022-04-27 08:22:49,783:INFO: clip_grad=None
2022-04-27 08:22:49,783:INFO: dataset=eth
2022-04-27 08:22:49,783:INFO: dict_kernel_size=3
2022-04-27 08:22:49,783:INFO: drop=8
2022-04-27 08:22:49,783:INFO: gpu_num=None
2022-04-27 08:22:49,783:INFO: init=kmeans-valid-32
2022-04-27 08:22:49,783:INFO: input_size=2
2022-04-27 08:22:49,784:INFO: kernel_size=3
2022-04-27 08:22:49,784:INFO: log_dir=./runs/28-8.18488
2022-04-27 08:22:49,784:INFO: lr=0.01
2022-04-27 08:22:49,784:INFO: lr_sh_rate=150
2022-04-27 08:22:49,784:INFO: model=social_stgcnn28
2022-04-27 08:22:49,784:INFO: n_stgcnn=1
2022-04-27 08:22:49,784:INFO: n_txpcnn=5
2022-04-27 08:22:49,784:INFO: name=28-8.18488
2022-04-27 08:22:49,784:INFO: num_epochs=250
2022-04-27 08:22:49,784:INFO: obs_seq_len=8
2022-04-27 08:22:49,784:INFO: output_size=5
2022-04-27 08:22:49,784:INFO: pred_seq_len=12
2022-04-27 08:22:49,784:INFO: seed=18488
2022-04-27 08:22:49,784:INFO: tag=eth
2022-04-27 08:22:49,784:INFO: use_lrschd=True
2022-04-27 08:22:49,785:INFO: ******************************
2022-04-27 08:22:49,785:INFO: Training initiating....
2022-04-27 08:22:49,785:INFO: Namespace(act='nn.Sigmoid', batch_size=128, clip_grad=None, dataset='eth', dict_kernel_size=3, drop=8, gpu_num=None, init='kmeans-valid-32', input_size=2, kernel_size=3, log_dir='./runs/28-8.18488', lr=0.01, lr_sh_rate=150, model='social_stgcnn28', n_stgcnn=1, n_txpcnn=5, name='28-8.18488', num_epochs=250, obs_seq_len=8, output_size=5, pred_seq_len=12, seed=18488, tag='eth', use_lrschd=True)
2022-04-27 08:22:49,793:INFO: Initializing train dataset
2022-04-27 08:22:59,388:INFO: Initializing val dataset
2022-04-27 08:23:20,521:INFO: social_stgcnn28
2022-04-27 08:23:20,521:INFO: Data and model loaded
2022-04-27 08:23:20,521:INFO: Checkpoint dir: ./runs/28-8.18488/eth/checkpoint
2022-04-27 08:23:20,521:INFO: Training started ...
2022-04-27 08:23:53,687:INFO: Train: [0][2784/2785]  Loss 0.6074 (1.2143)  Time:  0.458 (0.012)  Data Time:  0.005 (0.004)
2022-04-27 08:23:53,688:INFO:   Eta: 2:18:09
2022-04-27 08:24:26,291:INFO: Train: [1][2784/2785]  Loss 0.5206 (0.6379)  Time:  0.468 (0.012)  Data Time:  0.004 (0.004)
2022-04-27 08:24:26,293:INFO:   Eta: 2:15:14
2022-04-27 08:24:58,546:INFO: Train: [2][2784/2785]  Loss 0.5615 (0.3192)  Time:  0.456 (0.012)  Data Time:  0.005 (0.005)
2022-04-27 08:24:58,547:INFO:   Eta: 2:13:13
2022-04-27 08:25:30,936:INFO: Train: [3][2784/2785]  Loss -0.0466 (0.1631)  Time:  0.442 (0.012)  Data Time:  0.005 (0.004)
2022-04-27 08:25:30,937:INFO:   Eta: 2:13:16
2022-04-27 08:26:04,279:INFO: Train: [4][2784/2785]  Loss 0.1278 (0.0899)  Time:  0.466 (0.012)  Data Time:  0.005 (0.005)
2022-04-27 08:26:04,281:INFO:   Eta: 2:16:38
2022-04-27 08:26:36,595:INFO: Train: [5][2784/2785]  Loss -0.1272 (-0.1184)  Time:  0.431 (0.012)  Data Time:  0.005 (0.005)
2022-04-27 08:26:36,596:INFO:   Eta: 2:11:52
2022-04-27 08:27:10,021:INFO: Train: [6][2784/2785]  Loss -0.1117 (-0.1549)  Time:  0.457 (0.012)  Data Time:  0.005 (0.005)
2022-04-27 08:27:10,021:INFO:   Eta: 2:15:51
2022-04-27 08:27:43,347:INFO: Train: [7][2784/2785]  Loss -0.1763 (-0.2042)  Time:  0.419 (0.012)  Data Time:  0.003 (0.005)
2022-04-27 08:27:43,348:INFO:   Eta: 2:14:54
2022-04-27 08:28:15,519:INFO: Train: [8][2784/2785]  Loss -0.3559 (-0.2842)  Time:  0.450 (0.012)  Data Time:  0.004 (0.005)
2022-04-27 08:28:15,520:INFO:   Eta: 2:09:42
2022-04-27 08:28:48,361:INFO: Train: [9][2784/2785]  Loss 0.0370 (-0.2104)  Time:  0.462 (0.012)  Data Time:  0.003 (0.005)
2022-04-27 08:28:48,362:INFO:   Eta: 2:11:50
2022-04-27 08:29:20,878:INFO: Train: [10][2784/2785]  Loss -0.3558 (-0.3616)  Time:  0.460 (0.012)  Data Time:  0.004 (0.005)
2022-04-27 08:29:20,880:INFO:   Eta: 2:10:00
2022-04-27 08:29:53,092:INFO: Train: [11][2784/2785]  Loss -0.3852 (-0.2456)  Time:  0.451 (0.012)  Data Time:  0.005 (0.004)
2022-04-27 08:29:53,093:INFO:   Eta: 2:08:14
2022-04-27 08:30:25,592:INFO: Train: [12][2784/2785]  Loss -0.3995 (-0.4517)  Time:  0.502 (0.012)  Data Time:  0.006 (0.005)
2022-04-27 08:30:25,594:INFO:   Eta: 2:08:51
2022-04-27 08:30:58,422:INFO: Train: [13][2784/2785]  Loss -0.1830 (-0.4688)  Time:  0.481 (0.012)  Data Time:  0.005 (0.004)
2022-04-27 08:30:58,424:INFO:   Eta: 2:09:35
2022-04-27 08:31:31,696:INFO: Train: [14][2784/2785]  Loss -0.6039 (-0.5563)  Time:  0.461 (0.012)  Data Time:  0.005 (0.005)
2022-04-27 08:31:31,698:INFO:   Eta: 2:10:47
2022-04-27 08:32:04,553:INFO: Train: [15][2784/2785]  Loss -0.4134 (-0.5601)  Time:  0.464 (0.012)  Data Time:  0.005 (0.005)
2022-04-27 08:32:04,553:INFO:   Eta: 2:08:36
2022-04-27 08:32:37,235:INFO: Train: [16][2784/2785]  Loss -0.6277 (-0.6064)  Time:  0.486 (0.012)  Data Time:  0.005 (0.005)
2022-04-27 08:32:37,240:INFO:   Eta: 2:07:24
2022-04-27 08:33:09,681:INFO: Train: [17][2784/2785]  Loss -0.1996 (-0.6314)  Time:  0.484 (0.012)  Data Time:  0.005 (0.005)
2022-04-27 08:33:09,682:INFO:   Eta: 2:05:55
2022-04-27 08:33:42,794:INFO: Train: [18][2784/2785]  Loss -0.6842 (-0.6654)  Time:  0.483 (0.012)  Data Time:  0.007 (0.005)
2022-04-27 08:33:42,795:INFO:   Eta: 2:07:58
2022-04-27 08:34:15,179:INFO: Train: [19][2784/2785]  Loss -0.6194 (-0.7083)  Time:  0.522 (0.012)  Data Time:  0.004 (0.005)
2022-04-27 08:34:15,180:INFO:   Eta: 2:04:36
2022-04-27 08:34:47,465:INFO: Train: [20][2784/2785]  Loss -0.6750 (-0.7769)  Time:  0.461 (0.012)  Data Time:  0.004 (0.004)
2022-04-27 08:34:47,467:INFO:   Eta: 2:03:41
2022-04-27 08:35:20,182:INFO: Train: [21][2784/2785]  Loss -0.5118 (-0.8031)  Time:  0.468 (0.012)  Data Time:  0.003 (0.005)
2022-04-27 08:35:20,183:INFO:   Eta: 2:04:47
2022-04-27 08:35:53,236:INFO: Train: [22][2784/2785]  Loss -0.6845 (-0.7605)  Time:  0.483 (0.012)  Data Time:  0.005 (0.004)
2022-04-27 08:35:53,237:INFO:   Eta: 2:05:32
2022-04-27 08:36:26,817:INFO: Train: [23][2784/2785]  Loss -0.4660 (-0.7743)  Time:  0.495 (0.012)  Data Time:  0.005 (0.005)
2022-04-27 08:36:26,818:INFO:   Eta: 2:06:58
2022-04-27 08:37:00,508:INFO: Train: [24][2784/2785]  Loss -0.7787 (-0.7136)  Time:  0.446 (0.012)  Data Time:  0.004 (0.005)
2022-04-27 08:37:00,509:INFO:   Eta: 2:06:49
2022-04-27 08:39:43,664:INFO: act=nn.Sigmoid
2022-04-27 08:39:43,664:INFO: batch_size=128
2022-04-27 08:39:43,665:INFO: clip_grad=None
2022-04-27 08:39:43,665:INFO: dataset=eth
2022-04-27 08:39:43,665:INFO: dict_kernel_size=3
2022-04-27 08:39:43,665:INFO: drop=8
2022-04-27 08:39:43,665:INFO: gpu_num=None
2022-04-27 08:39:43,665:INFO: init=kmeans-valid-32
2022-04-27 08:39:43,665:INFO: input_size=2
2022-04-27 08:39:43,665:INFO: kernel_size=3
2022-04-27 08:39:43,665:INFO: log_dir=./runs/28-8.18488
2022-04-27 08:39:43,666:INFO: lr=0.01
2022-04-27 08:39:43,666:INFO: lr_sh_rate=150
2022-04-27 08:39:43,666:INFO: model=social_stgcnn28
2022-04-27 08:39:43,666:INFO: n_stgcnn=1
2022-04-27 08:39:43,666:INFO: n_txpcnn=5
2022-04-27 08:39:43,666:INFO: name=28-8.18488
2022-04-27 08:39:43,666:INFO: num_epochs=250
2022-04-27 08:39:43,667:INFO: obs_seq_len=8
2022-04-27 08:39:43,667:INFO: output_size=5
2022-04-27 08:39:43,667:INFO: pred_seq_len=12
2022-04-27 08:39:43,667:INFO: seed=18488
2022-04-27 08:39:43,667:INFO: tag=eth
2022-04-27 08:39:43,667:INFO: use_lrschd=True
2022-04-27 08:39:43,667:INFO: ******************************
2022-04-27 08:39:43,667:INFO: Training initiating....
2022-04-27 08:39:43,667:INFO: Namespace(act='nn.Sigmoid', batch_size=128, clip_grad=None, dataset='eth', dict_kernel_size=3, drop=8, gpu_num=None, init='kmeans-valid-32', input_size=2, kernel_size=3, log_dir='./runs/28-8.18488', lr=0.01, lr_sh_rate=150, model='social_stgcnn28', n_stgcnn=1, n_txpcnn=5, name='28-8.18488', num_epochs=250, obs_seq_len=8, output_size=5, pred_seq_len=12, seed=18488, tag='eth', use_lrschd=True)
2022-04-27 08:39:43,678:INFO: Initializing train dataset
2022-04-27 08:40:24,149:INFO: Initializing val dataset
2022-04-27 08:43:40,822:INFO: social_stgcnn28
2022-04-27 08:43:40,849:INFO: Data and model loaded
2022-04-27 08:43:40,849:INFO: Checkpoint dir: ./runs/28-8.18488/eth/checkpoint
2022-04-27 08:43:40,849:INFO: Training started ...
2022-04-27 08:44:51,794:INFO: Train: [0][2784/2785]  Loss 0.6079 (1.2145)  Time:  0.381 (0.025)  Data Time:  0.002 (0.004)
2022-04-27 08:44:52,693:INFO:   Eta: 4:55:33
2022-04-27 08:45:32,171:INFO: Train: [1][2784/2785]  Loss 0.5203 (0.6393)  Time:  0.637 (0.014)  Data Time:  0.004 (0.004)
2022-04-27 08:45:32,173:INFO:   Eta: 2:37:38
2022-04-27 08:46:10,919:INFO: Train: [2][2784/2785]  Loss 0.5252 (0.3168)  Time:  0.597 (0.014)  Data Time:  0.005 (0.004)
2022-04-27 08:46:10,931:INFO:   Eta: 2:40:02
2022-04-27 09:26:07,034:INFO: act=nn.Sigmoid
2022-04-27 09:26:07,034:INFO: batch_size=128
2022-04-27 09:26:07,034:INFO: clip_grad=None
2022-04-27 09:26:07,034:INFO: dataset=eth
2022-04-27 09:26:07,034:INFO: dict_kernel_size=3
2022-04-27 09:26:07,035:INFO: drop=8
2022-04-27 09:26:07,035:INFO: gpu_num=None
2022-04-27 09:26:07,035:INFO: init=kmeans-valid-32
2022-04-27 09:26:07,035:INFO: input_size=2
2022-04-27 09:26:07,035:INFO: kernel_size=3
2022-04-27 09:26:07,035:INFO: log_dir=./runs/28-8.18488
2022-04-27 09:26:07,035:INFO: lr=0.01
2022-04-27 09:26:07,035:INFO: lr_sh_rate=150
2022-04-27 09:26:07,035:INFO: model=social_stgcnn28
2022-04-27 09:26:07,035:INFO: n_stgcnn=1
2022-04-27 09:26:07,035:INFO: n_txpcnn=5
2022-04-27 09:26:07,035:INFO: name=28-8.18488
2022-04-27 09:26:07,035:INFO: num_epochs=250
2022-04-27 09:26:07,036:INFO: obs_seq_len=8
2022-04-27 09:26:07,036:INFO: output_size=5
2022-04-27 09:26:07,036:INFO: pred_seq_len=12
2022-04-27 09:26:07,036:INFO: seed=18488
2022-04-27 09:26:07,036:INFO: tag=eth
2022-04-27 09:26:07,036:INFO: use_lrschd=True
2022-04-27 09:26:07,036:INFO: ******************************
2022-04-27 09:26:07,036:INFO: Training initiating....
2022-04-27 09:26:07,036:INFO: Namespace(act='nn.Sigmoid', batch_size=128, clip_grad=None, dataset='eth', dict_kernel_size=3, drop=8, gpu_num=None, init='kmeans-valid-32', input_size=2, kernel_size=3, log_dir='./runs/28-8.18488', lr=0.01, lr_sh_rate=150, model='social_stgcnn28', n_stgcnn=1, n_txpcnn=5, name='28-8.18488', num_epochs=250, obs_seq_len=8, output_size=5, pred_seq_len=12, seed=18488, tag='eth', use_lrschd=True)
2022-04-27 09:26:07,064:INFO: Initializing train dataset
2022-04-27 09:26:21,375:INFO: Initializing val dataset
2022-04-27 09:26:32,079:INFO: social_stgcnn28
2022-04-27 09:26:32,082:INFO: Data and model loaded
2022-04-27 09:26:32,082:INFO: Checkpoint dir: ./runs/28-8.18488/eth/checkpoint
2022-04-27 09:26:32,082:INFO: Training started ...
2022-04-27 09:27:06,795:INFO: Train: [0][2784/2785]  Loss 0.6079 (1.2145)  Time:  0.541 (0.012)  Data Time:  0.005 (0.004)
2022-04-27 09:27:06,796:INFO:   Eta: 2:24:35
2022-04-27 09:27:41,489:INFO: Train: [1][2784/2785]  Loss 0.5203 (0.6393)  Time:  0.497 (0.012)  Data Time:  0.003 (0.004)
2022-04-27 09:27:41,492:INFO:   Eta: 2:23:52
2022-04-27 09:28:16,454:INFO: Train: [2][2784/2785]  Loss 0.5252 (0.3168)  Time:  0.499 (0.013)  Data Time:  0.004 (0.004)
2022-04-27 09:28:16,457:INFO:   Eta: 2:24:20
2022-04-27 09:28:51,166:INFO: Train: [3][2784/2785]  Loss -0.0358 (0.1664)  Time:  0.532 (0.012)  Data Time:  0.004 (0.004)
2022-04-27 09:28:51,191:INFO:   Eta: 2:22:30
2022-04-27 09:29:25,873:INFO: Train: [4][2784/2785]  Loss -0.1605 (0.0623)  Time:  0.508 (0.012)  Data Time:  0.004 (0.004)
2022-04-27 09:29:25,877:INFO:   Eta: 2:21:39
2022-04-27 09:30:01,134:INFO: Train: [5][2784/2785]  Loss 0.0746 (-0.0938)  Time:  0.504 (0.013)  Data Time:  0.005 (0.005)
2022-04-27 09:30:01,147:INFO:   Eta: 2:23:46
2022-04-27 09:30:36,095:INFO: Train: [6][2784/2785]  Loss 0.3222 (-0.1584)  Time:  0.505 (0.013)  Data Time:  0.005 (0.004)
2022-04-27 09:30:36,099:INFO:   Eta: 2:21:37
2022-04-27 09:31:11,253:INFO: Train: [7][2784/2785]  Loss -0.3108 (-0.2349)  Time:  0.521 (0.013)  Data Time:  0.003 (0.004)
2022-04-27 09:31:11,257:INFO:   Eta: 2:22:11
2022-04-27 09:31:46,178:INFO: Train: [8][2784/2785]  Loss -0.1764 (-0.1609)  Time:  0.513 (0.013)  Data Time:  0.004 (0.004)
2022-04-27 09:31:46,191:INFO:   Eta: 2:20:41
2022-04-27 09:32:21,318:INFO: Train: [9][2784/2785]  Loss -0.1604 (-0.3523)  Time:  0.487 (0.013)  Data Time:  0.004 (0.004)
2022-04-27 09:32:21,321:INFO:   Eta: 2:20:30
2022-04-27 09:32:56,597:INFO: Train: [10][2784/2785]  Loss -0.3668 (-0.2421)  Time:  0.504 (0.013)  Data Time:  0.004 (0.005)
2022-04-27 09:32:56,601:INFO:   Eta: 2:20:56
2022-04-27 09:33:31,508:INFO: Train: [11][2784/2785]  Loss -0.3899 (-0.2448)  Time:  0.504 (0.013)  Data Time:  0.004 (0.004)
2022-04-27 09:33:31,511:INFO:   Eta: 2:18:50
2022-04-27 09:34:06,471:INFO: Train: [12][2784/2785]  Loss -0.4251 (-0.4454)  Time:  0.499 (0.013)  Data Time:  0.004 (0.004)
2022-04-27 09:34:06,475:INFO:   Eta: 2:18:31
2022-04-27 09:34:41,322:INFO: Train: [13][2784/2785]  Loss -0.0404 (-0.5599)  Time:  0.514 (0.012)  Data Time:  0.004 (0.004)
2022-04-27 09:34:41,324:INFO:   Eta: 2:17:26
2022-04-27 09:35:16,576:INFO: Train: [14][2784/2785]  Loss -0.6025 (-0.5038)  Time:  0.545 (0.013)  Data Time:  0.005 (0.004)
2022-04-27 09:35:16,590:INFO:   Eta: 2:18:29
2022-04-27 09:35:51,658:INFO: Train: [15][2784/2785]  Loss -0.3911 (-0.5615)  Time:  0.499 (0.013)  Data Time:  0.004 (0.004)
2022-04-27 09:35:51,661:INFO:   Eta: 2:16:55
2022-04-27 09:36:26,783:INFO: Train: [16][2784/2785]  Loss -0.6533 (-0.6050)  Time:  0.501 (0.013)  Data Time:  0.005 (0.005)
2022-04-27 09:36:26,795:INFO:   Eta: 2:16:49
2022-04-27 09:37:01,863:INFO: Train: [17][2784/2785]  Loss -0.4451 (-0.5728)  Time:  0.537 (0.013)  Data Time:  0.004 (0.004)
2022-04-27 09:37:01,867:INFO:   Eta: 2:15:41
2022-04-27 09:37:37,003:INFO: Train: [18][2784/2785]  Loss -0.6601 (-0.5555)  Time:  0.515 (0.013)  Data Time:  0.006 (0.005)
2022-04-27 09:37:37,016:INFO:   Eta: 2:15:43
2022-04-27 09:38:11,969:INFO: Train: [19][2784/2785]  Loss -0.5544 (-0.6622)  Time:  0.491 (0.012)  Data Time:  0.004 (0.004)
2022-04-27 09:38:11,972:INFO:   Eta: 2:13:58
2022-04-27 09:38:46,736:INFO: Train: [20][2784/2785]  Loss -0.6704 (-0.7668)  Time:  0.551 (0.012)  Data Time:  0.004 (0.004)
2022-04-27 09:38:46,744:INFO:   Eta: 2:13:05
2022-04-27 09:39:21,853:INFO: Train: [21][2784/2785]  Loss -0.5935 (-0.8070)  Time:  0.560 (0.013)  Data Time:  0.004 (0.004)
2022-04-27 09:39:21,867:INFO:   Eta: 2:13:50
2022-04-27 09:39:56,651:INFO: Train: [22][2784/2785]  Loss -0.5511 (-0.7818)  Time:  0.528 (0.012)  Data Time:  0.005 (0.004)
2022-04-27 09:39:56,662:INFO:   Eta: 2:11:38
2022-04-27 09:40:31,700:INFO: Train: [23][2784/2785]  Loss -0.6403 (-0.7663)  Time:  0.479 (0.013)  Data Time:  0.003 (0.004)
2022-04-27 09:40:31,713:INFO:   Eta: 2:12:04
2022-04-27 09:41:06,917:INFO: Train: [24][2784/2785]  Loss -0.7811 (-0.8223)  Time:  0.562 (0.013)  Data Time:  0.005 (0.004)
2022-04-27 09:41:06,920:INFO:   Eta: 2:12:09
2022-04-27 09:41:41,635:INFO: Train: [25][2784/2785]  Loss -0.4771 (-0.7718)  Time:  0.528 (0.012)  Data Time:  0.004 (0.004)
2022-04-27 09:41:41,638:INFO:   Eta: 2:10:00
2022-04-27 09:42:16,594:INFO: Train: [26][2784/2785]  Loss -0.7227 (-0.8534)  Time:  0.506 (0.013)  Data Time:  0.005 (0.004)
2022-04-27 09:42:16,597:INFO:   Eta: 2:10:21
2022-04-27 09:42:51,939:INFO: Train: [27][2784/2785]  Loss -0.7161 (-0.8778)  Time:  0.527 (0.013)  Data Time:  0.005 (0.004)
2022-04-27 09:42:51,951:INFO:   Eta: 2:11:13
2022-04-27 09:43:26,747:INFO: Train: [28][2784/2785]  Loss -0.4044 (-0.8412)  Time:  0.491 (0.012)  Data Time:  0.004 (0.004)
2022-04-27 09:43:26,750:INFO:   Eta: 2:08:21
2022-04-27 09:44:02,034:INFO: Train: [29][2784/2785]  Loss -0.7351 (-0.8784)  Time:  0.516 (0.013)  Data Time:  0.005 (0.005)
2022-04-27 09:44:02,037:INFO:   Eta: 2:09:48
2022-04-27 09:44:36,856:INFO: Train: [30][2784/2785]  Loss -0.7859 (-0.9228)  Time:  0.523 (0.012)  Data Time:  0.004 (0.004)
2022-04-27 09:44:36,868:INFO:   Eta: 2:07:31
2022-04-27 09:45:11,933:INFO: Train: [31][2784/2785]  Loss -0.7317 (-0.9664)  Time:  0.528 (0.013)  Data Time:  0.004 (0.004)
2022-04-27 09:45:11,937:INFO:   Eta: 2:07:31
2022-04-27 09:45:46,972:INFO: Train: [32][2784/2785]  Loss -0.6889 (-0.9453)  Time:  0.509 (0.013)  Data Time:  0.005 (0.005)
2022-04-27 09:45:46,976:INFO:   Eta: 2:07:08
2022-04-27 09:46:21,534:INFO: Train: [33][2784/2785]  Loss -0.7808 (-0.9324)  Time:  0.541 (0.012)  Data Time:  0.005 (0.004)
2022-04-27 09:46:21,539:INFO:   Eta: 2:04:49
2022-04-27 09:46:56,347:INFO: Train: [34][2784/2785]  Loss -0.8429 (-1.0100)  Time:  0.497 (0.012)  Data Time:  0.004 (0.004)
2022-04-27 09:46:56,351:INFO:   Eta: 2:05:10
2022-04-27 09:47:31,411:INFO: Train: [35][2784/2785]  Loss -0.8366 (-1.0065)  Time:  0.510 (0.013)  Data Time:  0.004 (0.004)
2022-04-27 09:47:31,414:INFO:   Eta: 2:05:28
2022-04-27 09:48:06,376:INFO: Train: [36][2784/2785]  Loss -0.8659 (-0.9878)  Time:  0.511 (0.013)  Data Time:  0.003 (0.004)
2022-04-27 09:48:06,379:INFO:   Eta: 2:04:32
2022-04-27 09:48:40,935:INFO: Train: [37][2784/2785]  Loss -0.8768 (-0.9625)  Time:  0.501 (0.012)  Data Time:  0.004 (0.004)
2022-04-27 09:48:40,945:INFO:   Eta: 2:02:30
2022-04-27 09:49:16,069:INFO: Train: [38][2784/2785]  Loss -0.5867 (-1.0158)  Time:  0.523 (0.013)  Data Time:  0.004 (0.004)
2022-04-27 09:49:16,074:INFO:   Eta: 2:03:44
2022-04-27 09:49:50,782:INFO: Train: [39][2784/2785]  Loss -0.7470 (-0.9556)  Time:  0.546 (0.012)  Data Time:  0.004 (0.004)
2022-04-27 09:49:50,785:INFO:   Eta: 2:01:54
2022-04-27 09:50:25,754:INFO: Train: [40][2784/2785]  Loss -0.5193 (-1.0073)  Time:  0.554 (0.013)  Data Time:  0.005 (0.005)
2022-04-27 09:50:25,758:INFO:   Eta: 2:02:15
2022-04-27 09:51:00,366:INFO: Train: [41][2784/2785]  Loss -0.7203 (-1.0625)  Time:  0.505 (0.012)  Data Time:  0.005 (0.004)
2022-04-27 09:51:00,369:INFO:   Eta: 2:00:21
2022-04-27 09:51:35,246:INFO: Train: [42][2784/2785]  Loss -0.8827 (-1.0250)  Time:  0.531 (0.013)  Data Time:  0.004 (0.004)
2022-04-27 09:51:35,258:INFO:   Eta: 2:00:46
2022-04-27 09:52:10,445:INFO: Train: [43][2784/2785]  Loss -0.9399 (-1.0556)  Time:  0.521 (0.013)  Data Time:  0.004 (0.004)
2022-04-27 09:52:10,449:INFO:   Eta: 2:00:50
2022-04-27 09:52:45,352:INFO: Train: [44][2784/2785]  Loss -0.9728 (-1.1056)  Time:  0.563 (0.013)  Data Time:  0.005 (0.004)
2022-04-27 09:52:45,365:INFO:   Eta: 1:59:42
2022-04-27 09:53:20,221:INFO: Train: [45][2784/2785]  Loss -0.8158 (-1.0672)  Time:  0.510 (0.012)  Data Time:  0.005 (0.004)
2022-04-27 09:53:20,225:INFO:   Eta: 1:58:35
2022-04-27 09:53:55,007:INFO: Train: [46][2784/2785]  Loss -0.5912 (-1.0512)  Time:  0.497 (0.012)  Data Time:  0.004 (0.004)
2022-04-27 09:53:55,010:INFO:   Eta: 1:58:06
2022-04-27 09:54:29,751:INFO: Train: [47][2784/2785]  Loss -1.0232 (-1.1048)  Time:  0.501 (0.012)  Data Time:  0.004 (0.004)
2022-04-27 09:54:29,754:INFO:   Eta: 1:57:23
2022-04-27 09:55:04,746:INFO: Train: [48][2784/2785]  Loss -0.9622 (-1.1157)  Time:  0.555 (0.013)  Data Time:  0.005 (0.004)
2022-04-27 09:55:04,769:INFO:   Eta: 1:57:35
2022-04-27 09:55:40,081:INFO: Train: [49][2784/2785]  Loss -0.6135 (-1.0374)  Time:  0.501 (0.013)  Data Time:  0.004 (0.004)
2022-04-27 09:55:40,084:INFO:   Eta: 1:57:35
2022-04-27 09:56:14,897:INFO: Train: [50][2784/2785]  Loss -0.7636 (-1.0857)  Time:  0.491 (0.012)  Data Time:  0.004 (0.004)
2022-04-27 09:56:14,900:INFO:   Eta: 1:55:55
2022-04-27 09:56:49,976:INFO: Train: [51][2784/2785]  Loss -0.9763 (-1.1028)  Time:  0.494 (0.013)  Data Time:  0.004 (0.004)
2022-04-27 09:56:49,989:INFO:   Eta: 1:56:11
2022-04-27 09:57:25,141:INFO: Train: [52][2784/2785]  Loss -0.9363 (-1.1653)  Time:  0.544 (0.013)  Data Time:  0.004 (0.005)
2022-04-27 09:57:25,156:INFO:   Eta: 1:55:36
2022-04-27 09:58:00,118:INFO: Train: [53][2784/2785]  Loss -0.7647 (-1.1679)  Time:  0.498 (0.012)  Data Time:  0.004 (0.004)
2022-04-27 09:58:00,121:INFO:   Eta: 1:54:16
2022-04-27 09:58:35,273:INFO: Train: [54][2784/2785]  Loss -0.8412 (-1.1631)  Time:  0.530 (0.013)  Data Time:  0.005 (0.004)
2022-04-27 09:58:35,276:INFO:   Eta: 1:54:41
2022-04-27 09:59:09,930:INFO: Train: [55][2784/2785]  Loss -0.8269 (-1.1523)  Time:  0.509 (0.012)  Data Time:  0.004 (0.004)
2022-04-27 09:59:09,944:INFO:   Eta: 1:52:29
2022-04-27 09:59:45,418:INFO: Train: [56][2784/2785]  Loss -0.8563 (-1.1652)  Time:  0.545 (0.013)  Data Time:  0.006 (0.005)
2022-04-27 09:59:45,432:INFO:   Eta: 1:54:18
2022-04-27 10:00:20,545:INFO: Train: [57][2784/2785]  Loss -0.8961 (-1.1727)  Time:  0.537 (0.013)  Data Time:  0.004 (0.004)
2022-04-27 10:00:20,548:INFO:   Eta: 1:52:27
2022-04-27 10:00:55,272:INFO: Train: [58][2784/2785]  Loss -0.9418 (-1.1615)  Time:  0.525 (0.012)  Data Time:  0.004 (0.004)
2022-04-27 10:00:55,276:INFO:   Eta: 1:50:59
2022-04-27 10:01:30,351:INFO: Train: [59][2784/2785]  Loss -1.0739 (-1.1318)  Time:  0.573 (0.013)  Data Time:  0.006 (0.004)
2022-04-27 10:01:30,363:INFO:   Eta: 1:51:30
2022-04-27 10:02:05,283:INFO: Train: [60][2784/2785]  Loss -0.8158 (-1.1916)  Time:  0.540 (0.012)  Data Time:  0.004 (0.004)
2022-04-27 10:02:05,286:INFO:   Eta: 1:50:11
2022-04-27 10:02:40,464:INFO: Train: [61][2784/2785]  Loss -0.8306 (-1.2064)  Time:  0.499 (0.013)  Data Time:  0.005 (0.004)
2022-04-27 10:02:40,467:INFO:   Eta: 1:50:40
2022-04-27 10:03:15,085:INFO: Train: [62][2784/2785]  Loss -0.7431 (-1.2064)  Time:  0.494 (0.012)  Data Time:  0.004 (0.004)
2022-04-27 10:03:15,088:INFO:   Eta: 1:48:20
2022-04-27 10:03:50,019:INFO: Train: [63][2784/2785]  Loss -1.0618 (-1.2393)  Time:  0.517 (0.013)  Data Time:  0.004 (0.004)
2022-04-27 10:03:50,022:INFO:   Eta: 1:48:44
2022-04-27 10:04:24,915:INFO: Train: [64][2784/2785]  Loss -1.0815 (-1.2392)  Time:  0.484 (0.013)  Data Time:  0.004 (0.004)
2022-04-27 10:04:24,918:INFO:   Eta: 1:48:03
2022-04-27 10:04:59,561:INFO: Train: [65][2784/2785]  Loss -1.0577 (-1.2194)  Time:  0.501 (0.012)  Data Time:  0.004 (0.004)
2022-04-27 10:04:59,562:INFO:   Eta: 1:46:40
2022-04-27 10:05:34,669:INFO: Train: [66][2784/2785]  Loss -1.0642 (-1.1986)  Time:  0.525 (0.013)  Data Time:  0.005 (0.004)
2022-04-27 10:05:34,684:INFO:   Eta: 1:47:22
2022-04-27 10:06:09,564:INFO: Train: [67][2784/2785]  Loss -0.9339 (-1.2283)  Time:  0.542 (0.012)  Data Time:  0.004 (0.004)
2022-04-27 10:06:09,578:INFO:   Eta: 1:46:01
2022-04-27 10:06:44,741:INFO: Train: [68][2784/2785]  Loss -0.9730 (-1.2759)  Time:  0.508 (0.013)  Data Time:  0.005 (0.004)
2022-04-27 10:06:44,755:INFO:   Eta: 1:46:13
2022-04-27 10:07:19,719:INFO: Train: [69][2784/2785]  Loss -1.0435 (-1.2616)  Time:  0.533 (0.012)  Data Time:  0.003 (0.004)
2022-04-27 10:07:19,732:INFO:   Eta: 1:45:00
2022-04-27 10:07:54,497:INFO: Train: [70][2784/2785]  Loss -0.9473 (-1.2321)  Time:  0.513 (0.012)  Data Time:  0.004 (0.004)
2022-04-27 10:07:54,500:INFO:   Eta: 1:43:56
2022-04-27 10:08:29,250:INFO: Train: [71][2784/2785]  Loss -0.9687 (-1.2578)  Time:  0.519 (0.012)  Data Time:  0.005 (0.004)
2022-04-27 10:08:29,253:INFO:   Eta: 1:43:31
2022-04-27 10:09:04,001:INFO: Train: [72][2784/2785]  Loss -1.1767 (-1.3679)  Time:  0.499 (0.012)  Data Time:  0.005 (0.004)
2022-04-27 10:09:04,004:INFO:   Eta: 1:42:56
2022-04-27 10:09:38,823:INFO: Train: [73][2784/2785]  Loss -0.8784 (-1.2458)  Time:  0.515 (0.012)  Data Time:  0.004 (0.004)
2022-04-27 10:09:38,835:INFO:   Eta: 1:42:35
2022-04-27 10:10:13,983:INFO: Train: [74][2784/2785]  Loss -1.1314 (-1.3466)  Time:  0.503 (0.013)  Data Time:  0.004 (0.004)
2022-04-27 10:10:13,986:INFO:   Eta: 1:42:46
2022-04-27 10:10:48,907:INFO: Train: [75][2784/2785]  Loss -0.7478 (-1.3431)  Time:  0.501 (0.013)  Data Time:  0.003 (0.004)
2022-04-27 10:10:48,910:INFO:   Eta: 1:41:43
2022-04-27 10:11:23,521:INFO: Train: [76][2784/2785]  Loss -1.1222 (-1.3292)  Time:  0.526 (0.012)  Data Time:  0.004 (0.004)
2022-04-27 10:11:23,526:INFO:   Eta: 1:40:15
2022-04-27 10:11:58,160:INFO: Train: [77][2784/2785]  Loss -1.1038 (-1.3538)  Time:  0.513 (0.012)  Data Time:  0.003 (0.004)
2022-04-27 10:11:58,161:INFO:   Eta: 1:39:47
2022-04-27 10:12:32,842:INFO: Train: [78][2784/2785]  Loss -0.9789 (-1.3820)  Time:  0.515 (0.012)  Data Time:  0.003 (0.004)
2022-04-27 10:12:32,851:INFO:   Eta: 1:39:21
2022-04-27 10:13:07,526:INFO: Train: [79][2784/2785]  Loss -0.9579 (-1.3100)  Time:  0.530 (0.012)  Data Time:  0.004 (0.004)
2022-04-27 10:13:07,528:INFO:   Eta: 1:38:30
2022-04-27 10:13:42,429:INFO: Train: [80][2784/2785]  Loss -1.0785 (-1.3434)  Time:  0.567 (0.013)  Data Time:  0.005 (0.004)
2022-04-27 10:13:42,430:INFO:   Eta: 1:38:49
2022-04-27 10:14:17,206:INFO: Train: [81][2784/2785]  Loss -0.8545 (-1.3142)  Time:  0.498 (0.012)  Data Time:  0.004 (0.004)
2022-04-27 10:14:17,207:INFO:   Eta: 1:37:53
2022-04-27 10:14:52,356:INFO: Train: [82][2784/2785]  Loss -1.0640 (-1.3013)  Time:  0.497 (0.013)  Data Time:  0.003 (0.005)
2022-04-27 10:14:52,357:INFO:   Eta: 1:38:21
2022-04-27 10:15:27,773:INFO: Train: [83][2784/2785]  Loss -1.1037 (-1.4022)  Time:  0.517 (0.013)  Data Time:  0.005 (0.005)
2022-04-27 10:15:27,775:INFO:   Eta: 1:38:30
2022-04-27 10:16:02,749:INFO: Train: [84][2784/2785]  Loss -0.8630 (-1.2442)  Time:  0.533 (0.013)  Data Time:  0.003 (0.004)
2022-04-27 10:16:02,761:INFO:   Eta: 1:36:41
2022-04-27 10:16:37,740:INFO: Train: [85][2784/2785]  Loss -1.1310 (-1.3444)  Time:  0.488 (0.013)  Data Time:  0.005 (0.004)
2022-04-27 10:16:37,742:INFO:   Eta: 1:35:51
2022-04-27 10:17:12,670:INFO: Train: [86][2784/2785]  Loss -0.9121 (-1.3135)  Time:  0.506 (0.013)  Data Time:  0.005 (0.004)
2022-04-27 10:17:12,672:INFO:   Eta: 1:35:24
2022-04-27 10:17:47,711:INFO: Train: [87][2784/2785]  Loss -0.9649 (-1.3551)  Time:  0.488 (0.013)  Data Time:  0.004 (0.004)
2022-04-27 10:17:47,713:INFO:   Eta: 1:35:07
2022-04-27 10:18:22,737:INFO: Train: [88][2784/2785]  Loss -0.9473 (-1.3754)  Time:  0.487 (0.013)  Data Time:  0.004 (0.005)
2022-04-27 10:18:22,739:INFO:   Eta: 1:34:30
2022-04-27 10:18:57,507:INFO: Train: [89][2784/2785]  Loss -1.0559 (-1.3874)  Time:  0.502 (0.012)  Data Time:  0.005 (0.004)
2022-04-27 10:18:57,509:INFO:   Eta: 1:33:13
2022-04-27 10:19:32,391:INFO: Train: [90][2784/2785]  Loss -1.0383 (-1.3413)  Time:  0.536 (0.012)  Data Time:  0.005 (0.004)
2022-04-27 10:19:32,402:INFO:   Eta: 1:32:47
2022-04-27 10:20:07,471:INFO: Train: [91][2784/2785]  Loss -1.0907 (-1.3141)  Time:  0.494 (0.013)  Data Time:  0.004 (0.004)
2022-04-27 10:20:07,472:INFO:   Eta: 1:32:33
2022-04-27 10:20:42,360:INFO: Train: [92][2784/2785]  Loss -0.9895 (-1.4112)  Time:  0.515 (0.013)  Data Time:  0.005 (0.004)
2022-04-27 10:20:42,361:INFO:   Eta: 1:31:49
2022-04-27 10:21:17,148:INFO: Train: [93][2784/2785]  Loss -1.1031 (-1.3603)  Time:  0.488 (0.012)  Data Time:  0.004 (0.004)
2022-04-27 10:21:17,151:INFO:   Eta: 1:30:57
2022-04-27 10:21:51,656:INFO: Train: [94][2784/2785]  Loss -1.1795 (-1.3885)  Time:  0.501 (0.012)  Data Time:  0.004 (0.004)
2022-04-27 10:21:51,658:INFO:   Eta: 1:29:36
2022-04-27 10:22:26,400:INFO: Train: [95][2784/2785]  Loss -1.0406 (-1.4256)  Time:  0.488 (0.012)  Data Time:  0.004 (0.004)
2022-04-27 10:22:26,409:INFO:   Eta: 1:29:41
2022-04-27 10:23:01,494:INFO: Train: [96][2784/2785]  Loss -0.9775 (-1.4062)  Time:  0.506 (0.013)  Data Time:  0.004 (0.004)
2022-04-27 10:23:01,496:INFO:   Eta: 1:29:49
2022-04-27 10:23:36,258:INFO: Train: [97][2784/2785]  Loss -1.1997 (-1.3454)  Time:  0.493 (0.012)  Data Time:  0.004 (0.004)
2022-04-27 10:23:36,259:INFO:   Eta: 1:28:34
2022-04-27 10:24:11,145:INFO: Train: [98][2784/2785]  Loss -1.0972 (-1.3731)  Time:  0.514 (0.013)  Data Time:  0.003 (0.004)
2022-04-27 10:24:11,147:INFO:   Eta: 1:28:19
2022-04-27 10:24:46,299:INFO: Train: [99][2784/2785]  Loss -1.0187 (-1.4417)  Time:  0.543 (0.013)  Data Time:  0.004 (0.004)
2022-04-27 10:24:46,309:INFO:   Eta: 1:28:23
2022-04-27 10:25:21,080:INFO: Train: [100][2784/2785]  Loss -1.0043 (-1.3350)  Time:  0.507 (0.012)  Data Time:  0.004 (0.004)
2022-04-27 10:25:21,093:INFO:   Eta: 1:26:41
2022-04-27 10:25:56,248:INFO: Train: [101][2784/2785]  Loss -0.9687 (-1.4159)  Time:  0.522 (0.013)  Data Time:  0.005 (0.004)
2022-04-27 10:25:56,258:INFO:   Eta: 1:26:55
2022-04-27 10:26:30,792:INFO: Train: [102][2784/2785]  Loss -1.1917 (-1.4186)  Time:  0.506 (0.012)  Data Time:  0.005 (0.004)
2022-04-27 10:26:30,805:INFO:   Eta: 1:24:57
2022-04-27 10:27:05,692:INFO: Train: [103][2784/2785]  Loss -1.0660 (-1.4298)  Time:  0.525 (0.012)  Data Time:  0.004 (0.004)
2022-04-27 10:27:05,703:INFO:   Eta: 1:25:01
2022-04-27 10:27:40,800:INFO: Train: [104][2784/2785]  Loss -1.1458 (-1.4515)  Time:  0.543 (0.013)  Data Time:  0.005 (0.004)
2022-04-27 10:27:40,811:INFO:   Eta: 1:25:08
2022-04-27 10:28:15,810:INFO: Train: [105][2784/2785]  Loss -1.1273 (-1.3930)  Time:  0.509 (0.013)  Data Time:  0.004 (0.004)
2022-04-27 10:28:15,812:INFO:   Eta: 1:24:15
2022-04-27 10:28:50,492:INFO: Train: [106][2784/2785]  Loss -0.9849 (-1.4057)  Time:  0.542 (0.012)  Data Time:  0.004 (0.004)
2022-04-27 10:28:50,505:INFO:   Eta: 1:23:10
2022-04-27 10:29:25,592:INFO: Train: [107][2784/2785]  Loss -1.1439 (-1.4566)  Time:  0.519 (0.013)  Data Time:  0.004 (0.004)
2022-04-27 10:29:25,594:INFO:   Eta: 1:23:21
2022-04-27 10:30:00,554:INFO: Train: [108][2784/2785]  Loss -1.1533 (-1.4080)  Time:  0.522 (0.013)  Data Time:  0.004 (0.005)
2022-04-27 10:30:00,560:INFO:   Eta: 1:22:41
2022-04-27 10:30:35,329:INFO: Train: [109][2784/2785]  Loss -1.1352 (-1.4513)  Time:  0.484 (0.012)  Data Time:  0.004 (0.004)
2022-04-27 10:30:35,341:INFO:   Eta: 1:21:39
2022-04-27 10:31:10,474:INFO: Train: [110][2784/2785]  Loss -1.1152 (-1.4604)  Time:  0.506 (0.013)  Data Time:  0.004 (0.004)
2022-04-27 10:31:10,475:INFO:   Eta: 1:21:43
2022-04-27 10:31:45,247:INFO: Train: [111][2784/2785]  Loss -1.1748 (-1.4978)  Time:  0.503 (0.012)  Data Time:  0.004 (0.004)
2022-04-27 10:31:45,249:INFO:   Eta: 1:20:29
2022-04-27 10:32:19,973:INFO: Train: [112][2784/2785]  Loss -1.0949 (-1.4992)  Time:  0.506 (0.012)  Data Time:  0.004 (0.004)
2022-04-27 10:32:19,974:INFO:   Eta: 1:19:48
2022-04-27 10:32:54,746:INFO: Train: [113][2784/2785]  Loss -1.1787 (-1.4413)  Time:  0.531 (0.012)  Data Time:  0.004 (0.004)
2022-04-27 10:32:54,747:INFO:   Eta: 1:19:20
2022-04-27 10:33:29,394:INFO: Train: [114][2784/2785]  Loss -1.1247 (-1.4882)  Time:  0.513 (0.012)  Data Time:  0.003 (0.004)
2022-04-27 10:33:29,396:INFO:   Eta: 1:18:28
2022-04-27 10:34:04,749:INFO: Train: [115][2784/2785]  Loss -1.1555 (-1.4500)  Time:  0.562 (0.013)  Data Time:  0.004 (0.005)
2022-04-27 10:34:04,751:INFO:   Eta: 1:19:29
2022-04-27 10:34:39,408:INFO: Train: [116][2784/2785]  Loss -1.2021 (-1.4807)  Time:  0.503 (0.012)  Data Time:  0.005 (0.004)
2022-04-27 10:34:39,409:INFO:   Eta: 1:17:20
2022-04-27 10:35:14,182:INFO: Train: [117][2784/2785]  Loss -1.1792 (-1.4892)  Time:  0.518 (0.012)  Data Time:  0.004 (0.004)
2022-04-27 10:35:14,184:INFO:   Eta: 1:17:01
2022-04-27 10:35:49,081:INFO: Train: [118][2784/2785]  Loss -0.9633 (-1.4473)  Time:  0.522 (0.013)  Data Time:  0.004 (0.004)
2022-04-27 10:35:49,082:INFO:   Eta: 1:16:43
2022-04-27 10:36:23,824:INFO: Train: [119][2784/2785]  Loss -1.2649 (-1.5321)  Time:  0.503 (0.012)  Data Time:  0.004 (0.004)
2022-04-27 10:36:23,826:INFO:   Eta: 1:15:48
2022-04-27 10:36:58,838:INFO: Train: [120][2784/2785]  Loss -1.0966 (-1.4791)  Time:  0.511 (0.013)  Data Time:  0.004 (0.004)
2022-04-27 10:36:58,840:INFO:   Eta: 1:15:48
2022-04-27 10:37:34,476:INFO: Train: [121][2784/2785]  Loss -1.1670 (-1.4313)  Time:  0.513 (0.013)  Data Time:  0.005 (0.004)
2022-04-27 10:37:34,478:INFO:   Eta: 1:16:33
2022-04-27 10:38:09,652:INFO: Train: [122][2784/2785]  Loss -1.0426 (-1.4511)  Time:  0.520 (0.013)  Data Time:  0.003 (0.004)
2022-04-27 10:38:09,654:INFO:   Eta: 1:14:59
2022-04-27 10:38:44,695:INFO: Train: [123][2784/2785]  Loss -1.0808 (-1.4684)  Time:  0.496 (0.013)  Data Time:  0.005 (0.004)
2022-04-27 10:38:44,696:INFO:   Eta: 1:14:06
2022-04-27 10:39:19,829:INFO: Train: [124][2784/2785]  Loss -1.2189 (-1.4921)  Time:  0.543 (0.013)  Data Time:  0.004 (0.004)
2022-04-27 10:39:19,830:INFO:   Eta: 1:13:44
2022-04-27 10:39:55,106:INFO: Train: [125][2784/2785]  Loss -1.2221 (-1.5557)  Time:  0.500 (0.013)  Data Time:  0.005 (0.004)
2022-04-27 10:39:55,108:INFO:   Eta: 1:13:26
2022-04-27 10:40:30,295:INFO: Train: [126][2784/2785]  Loss -1.3540 (-1.5118)  Time:  0.585 (0.013)  Data Time:  0.004 (0.004)
2022-04-27 10:40:30,308:INFO:   Eta: 1:12:40
2022-04-27 10:41:05,691:INFO: Train: [127][2784/2785]  Loss -1.0721 (-1.4877)  Time:  0.571 (0.013)  Data Time:  0.004 (0.004)
2022-04-27 10:41:05,701:INFO:   Eta: 1:12:16
2022-04-27 10:41:41,253:INFO: Train: [128][2784/2785]  Loss -1.1269 (-1.4810)  Time:  0.527 (0.013)  Data Time:  0.005 (0.004)
2022-04-27 10:41:41,254:INFO:   Eta: 1:12:05
2022-04-27 10:42:16,358:INFO: Train: [129][2784/2785]  Loss -1.2280 (-1.5762)  Time:  0.517 (0.013)  Data Time:  0.005 (0.004)
2022-04-27 10:42:16,359:INFO:   Eta: 1:10:44
2022-04-27 10:42:51,859:INFO: Train: [130][2784/2785]  Loss -1.0302 (-1.5184)  Time:  0.471 (0.013)  Data Time:  0.004 (0.004)
2022-04-27 10:42:51,860:INFO:   Eta: 1:10:57
2022-04-27 10:43:27,232:INFO: Train: [131][2784/2785]  Loss -1.2790 (-1.5345)  Time:  0.535 (0.013)  Data Time:  0.004 (0.004)
2022-04-27 10:43:27,234:INFO:   Eta: 1:10:06
2022-04-27 10:44:02,846:INFO: Train: [132][2784/2785]  Loss -1.2370 (-1.4924)  Time:  0.531 (0.013)  Data Time:  0.004 (0.004)
2022-04-27 10:44:02,848:INFO:   Eta: 1:09:59
2022-04-27 10:44:38,315:INFO: Train: [133][2784/2785]  Loss -1.1537 (-1.5351)  Time:  0.576 (0.013)  Data Time:  0.003 (0.004)
2022-04-27 10:44:38,316:INFO:   Eta: 1:09:06
2022-04-27 10:45:14,436:INFO: Train: [134][2784/2785]  Loss -1.1511 (-1.5092)  Time:  0.523 (0.013)  Data Time:  0.004 (0.004)
2022-04-27 10:45:14,449:INFO:   Eta: 1:09:47
2022-04-27 10:45:50,782:INFO: Train: [135][2784/2785]  Loss -1.1809 (-1.5429)  Time:  0.493 (0.013)  Data Time:  0.005 (0.005)
2022-04-27 10:45:50,795:INFO:   Eta: 1:09:20
2022-04-27 10:46:27,086:INFO: Train: [136][2784/2785]  Loss -1.1638 (-1.5007)  Time:  0.521 (0.013)  Data Time:  0.004 (0.004)
2022-04-27 10:46:27,087:INFO:   Eta: 1:08:42
2022-04-27 10:47:02,852:INFO: Train: [137][2784/2785]  Loss -1.1475 (-1.5102)  Time:  0.574 (0.013)  Data Time:  0.005 (0.004)
2022-04-27 10:47:02,854:INFO:   Eta: 1:07:18
2022-04-27 10:47:38,200:INFO: Train: [138][2784/2785]  Loss -1.1934 (-1.5498)  Time:  0.584 (0.013)  Data Time:  0.004 (0.004)
2022-04-27 10:47:38,210:INFO:   Eta: 1:05:55
2022-04-27 10:48:14,461:INFO: Train: [139][2784/2785]  Loss -1.2623 (-1.5408)  Time:  0.557 (0.013)  Data Time:  0.005 (0.005)
2022-04-27 10:48:14,463:INFO:   Eta: 1:06:51
2022-04-27 10:48:50,279:INFO: Train: [140][2784/2785]  Loss -1.1515 (-1.5332)  Time:  0.533 (0.013)  Data Time:  0.004 (0.004)
2022-04-27 10:48:50,292:INFO:   Eta: 1:05:36
2022-04-27 10:49:26,894:INFO: Train: [141][2784/2785]  Loss -1.0490 (-1.5857)  Time:  0.549 (0.013)  Data Time:  0.005 (0.004)
2022-04-27 10:49:26,896:INFO:   Eta: 1:06:14
2022-04-27 10:50:02,877:INFO: Train: [142][2784/2785]  Loss -1.1736 (-1.6047)  Time:  0.501 (0.013)  Data Time:  0.004 (0.004)
2022-04-27 10:50:02,879:INFO:   Eta: 1:04:43
2022-04-27 10:50:38,943:INFO: Train: [143][2784/2785]  Loss -1.0722 (-1.5125)  Time:  0.490 (0.013)  Data Time:  0.005 (0.004)
2022-04-27 10:50:38,945:INFO:   Eta: 1:04:16
2022-04-27 10:51:14,938:INFO: Train: [144][2784/2785]  Loss -1.3248 (-1.5324)  Time:  0.496 (0.013)  Data Time:  0.004 (0.005)
2022-04-27 10:51:14,939:INFO:   Eta: 1:03:32
2022-04-27 10:51:51,097:INFO: Train: [145][2784/2785]  Loss -1.0393 (-1.5665)  Time:  0.562 (0.013)  Data Time:  0.005 (0.004)
2022-04-27 10:51:51,109:INFO:   Eta: 1:03:03
2022-04-27 10:52:26,961:INFO: Train: [146][2784/2785]  Loss -1.2693 (-1.5422)  Time:  0.567 (0.013)  Data Time:  0.004 (0.004)
2022-04-27 10:52:26,962:INFO:   Eta: 1:01:56
2022-04-27 10:53:03,169:INFO: Train: [147][2784/2785]  Loss -1.3145 (-1.5006)  Time:  0.601 (0.013)  Data Time:  0.005 (0.004)
2022-04-27 10:53:03,170:INFO:   Eta: 1:02:06
2022-04-27 10:53:39,911:INFO: Train: [148][2784/2785]  Loss -1.1997 (-1.5931)  Time:  0.573 (0.013)  Data Time:  0.004 (0.004)
2022-04-27 10:53:39,913:INFO:   Eta: 1:02:25
2022-04-27 10:54:16,186:INFO: Train: [149][2784/2785]  Loss -1.1841 (-1.5812)  Time:  0.525 (0.013)  Data Time:  0.004 (0.004)
2022-04-27 10:54:16,199:INFO:   Eta: 1:01:00
2022-04-27 10:54:52,382:INFO: Train: [150][2784/2785]  Loss -1.1685 (-1.7006)  Time:  0.507 (0.013)  Data Time:  0.004 (0.004)
2022-04-27 10:54:52,395:INFO:   Eta: 1:00:06
2022-04-27 10:55:29,122:INFO: Train: [151][2784/2785]  Loss -1.3260 (-1.7233)  Time:  0.522 (0.013)  Data Time:  0.003 (0.004)
2022-04-27 10:55:29,135:INFO:   Eta: 1:00:21
2022-04-27 10:55:35,657:INFO: Valid: [151][659/660]  Loss -9.2757 (-5.9978)
2022-04-27 10:55:35,671:INFO: Checkpoint saved...
2022-04-27 10:56:12,200:INFO: Train: [152][2784/2785]  Loss -1.2496 (-1.7670)  Time:  0.522 (0.013)  Data Time:  0.004 (0.004)
2022-04-27 10:56:12,202:INFO:   Eta: 0:59:38
2022-04-27 10:56:18,651:INFO: Valid: [152][659/660]  Loss -8.5334 (-5.5592)
2022-04-27 10:56:55,499:INFO: Train: [153][2784/2785]  Loss -1.3119 (-1.7729)  Time:  0.524 (0.013)  Data Time:  0.005 (0.004)
2022-04-27 10:56:55,501:INFO:   Eta: 0:59:24
2022-04-27 10:57:01,781:INFO: Valid: [153][659/660]  Loss -9.8225 (-6.3339)
2022-04-27 10:57:01,857:INFO: Checkpoint saved...
2022-04-27 10:57:38,819:INFO: Train: [154][2784/2785]  Loss -1.4911 (-1.7455)  Time:  0.532 (0.013)  Data Time:  0.004 (0.004)
2022-04-27 10:57:38,821:INFO:   Eta: 0:58:59
2022-04-27 10:57:45,062:INFO: Valid: [154][659/660]  Loss -9.5013 (-6.1479)
2022-04-27 10:58:21,440:INFO: Train: [155][2784/2785]  Loss -1.3811 (-1.7671)  Time:  0.507 (0.013)  Data Time:  0.004 (0.004)
2022-04-27 10:58:21,442:INFO:   Eta: 0:57:27
2022-04-27 10:58:27,887:INFO: Valid: [155][659/660]  Loss -8.6800 (-5.6615)
2022-04-27 10:59:04,164:INFO: Train: [156][2784/2785]  Loss -1.3966 (-1.7761)  Time:  0.503 (0.013)  Data Time:  0.003 (0.004)
2022-04-27 10:59:04,177:INFO:   Eta: 0:56:48
2022-04-27 10:59:10,720:INFO: Valid: [156][659/660]  Loss -9.4182 (-6.0860)
2022-04-27 10:59:46,976:INFO: Train: [157][2784/2785]  Loss -1.3354 (-1.7343)  Time:  0.553 (0.013)  Data Time:  0.004 (0.004)
2022-04-27 10:59:46,978:INFO:   Eta: 0:56:09
2022-04-27 10:59:53,633:INFO: Valid: [157][659/660]  Loss -9.6605 (-6.2201)
2022-04-27 11:00:30,168:INFO: Train: [158][2784/2785]  Loss -1.2787 (-1.7506)  Time:  0.540 (0.013)  Data Time:  0.004 (0.004)
2022-04-27 11:00:30,179:INFO:   Eta: 0:55:59
2022-04-27 11:00:36,548:INFO: Valid: [158][659/660]  Loss -9.7061 (-6.2519)
2022-04-27 11:01:12,869:INFO: Train: [159][2784/2785]  Loss -1.4033 (-1.7626)  Time:  0.511 (0.013)  Data Time:  0.004 (0.004)
2022-04-27 11:01:12,879:INFO:   Eta: 0:55:03
2022-04-27 11:01:19,402:INFO: Valid: [159][659/660]  Loss -9.7547 (-6.2785)
2022-04-27 11:01:55,798:INFO: Train: [160][2784/2785]  Loss -1.4224 (-1.7693)  Time:  0.560 (0.013)  Data Time:  0.004 (0.004)
2022-04-27 11:01:55,800:INFO:   Eta: 0:54:33
2022-04-27 11:02:02,294:INFO: Valid: [160][659/660]  Loss -9.1108 (-5.8684)
2022-04-27 11:02:39,052:INFO: Train: [161][2784/2785]  Loss -1.2524 (-1.7705)  Time:  0.501 (0.013)  Data Time:  0.004 (0.004)
2022-04-27 11:02:39,064:INFO:   Eta: 0:54:29
2022-04-27 11:02:45,555:INFO: Valid: [161][659/660]  Loss -9.9202 (-6.3766)
2022-04-27 11:02:45,576:INFO: Checkpoint saved...
2022-04-27 11:03:22,156:INFO: Train: [162][2784/2785]  Loss -1.3914 (-1.7415)  Time:  0.517 (0.013)  Data Time:  0.004 (0.004)
2022-04-27 11:03:22,157:INFO:   Eta: 0:53:37
2022-04-27 11:03:28,592:INFO: Valid: [162][659/660]  Loss -8.7847 (-5.7316)
2022-04-27 11:04:05,288:INFO: Train: [163][2784/2785]  Loss -1.2606 (-1.7585)  Time:  0.500 (0.013)  Data Time:  0.005 (0.004)
2022-04-27 11:04:05,299:INFO:   Eta: 0:53:10
2022-04-27 11:04:11,835:INFO: Valid: [163][659/660]  Loss -9.3541 (-6.0379)
2022-04-27 11:04:48,420:INFO: Train: [164][2784/2785]  Loss -1.3602 (-1.7963)  Time:  0.579 (0.013)  Data Time:  0.004 (0.004)
2022-04-27 11:04:48,430:INFO:   Eta: 0:52:16
2022-04-27 11:04:55,008:INFO: Valid: [164][659/660]  Loss -9.9523 (-6.4266)
2022-04-27 11:04:55,028:INFO: Checkpoint saved...
2022-04-27 11:05:31,170:INFO: Train: [165][2784/2785]  Loss -1.2565 (-1.7533)  Time:  0.555 (0.013)  Data Time:  0.004 (0.004)
2022-04-27 11:05:31,182:INFO:   Eta: 0:51:08
2022-04-27 11:05:37,763:INFO: Valid: [165][659/660]  Loss -9.8962 (-6.3804)
2022-04-27 11:06:14,543:INFO: Train: [166][2784/2785]  Loss -1.3330 (-1.7542)  Time:  0.559 (0.013)  Data Time:  0.005 (0.004)
2022-04-27 11:06:14,557:INFO:   Eta: 0:51:27
2022-04-27 11:06:21,071:INFO: Valid: [166][659/660]  Loss -9.6041 (-6.2102)
2022-04-27 11:06:58,071:INFO: Train: [167][2784/2785]  Loss -1.3459 (-1.7871)  Time:  0.521 (0.013)  Data Time:  0.003 (0.004)
2022-04-27 11:06:58,073:INFO:   Eta: 0:51:09
2022-04-27 11:07:04,645:INFO: Valid: [167][659/660]  Loss -0.5741 (-0.9350)
2022-04-27 11:07:41,623:INFO: Train: [168][2784/2785]  Loss -1.3059 (-1.7393)  Time:  0.549 (0.013)  Data Time:  0.004 (0.004)
2022-04-27 11:07:41,624:INFO:   Eta: 0:50:22
2022-04-27 11:07:48,324:INFO: Valid: [168][659/660]  Loss -9.3492 (-6.0637)
2022-04-27 11:08:24,839:INFO: Train: [169][2784/2785]  Loss -1.4231 (-1.7791)  Time:  0.563 (0.013)  Data Time:  0.004 (0.004)
2022-04-27 11:08:24,841:INFO:   Eta: 0:49:15
2022-04-27 11:08:31,772:INFO: Valid: [169][659/660]  Loss -9.1514 (-5.9485)
2022-04-27 11:09:07,995:INFO: Train: [170][2784/2785]  Loss -1.3495 (-1.8097)  Time:  0.550 (0.013)  Data Time:  0.004 (0.004)
2022-04-27 11:09:07,997:INFO:   Eta: 0:48:06
2022-04-27 11:09:15,022:INFO: Valid: [170][659/660]  Loss -9.7231 (-6.2415)
2022-04-27 11:09:51,449:INFO: Train: [171][2784/2785]  Loss -1.3149 (-1.7730)  Time:  0.531 (0.013)  Data Time:  0.005 (0.004)
2022-04-27 11:09:51,450:INFO:   Eta: 0:47:49
2022-04-27 11:09:58,110:INFO: Valid: [171][659/660]  Loss -9.6352 (-6.1907)
2022-04-27 11:10:34,154:INFO: Train: [172][2784/2785]  Loss -1.3763 (-1.8113)  Time:  0.595 (0.013)  Data Time:  0.004 (0.004)
2022-04-27 11:10:34,155:INFO:   Eta: 0:46:49
2022-04-27 11:10:41,026:INFO: Valid: [172][659/660]  Loss -8.3393 (-5.4208)
2022-04-27 11:11:17,162:INFO: Train: [173][2784/2785]  Loss -1.2270 (-1.8239)  Time:  0.581 (0.013)  Data Time:  0.004 (0.004)
2022-04-27 11:11:17,164:INFO:   Eta: 0:46:20
2022-04-27 11:11:23,780:INFO: Valid: [173][659/660]  Loss -8.8423 (-5.7448)
2022-04-27 11:11:59,849:INFO: Train: [174][2784/2785]  Loss -1.3284 (-1.7502)  Time:  0.567 (0.013)  Data Time:  0.003 (0.004)
2022-04-27 11:11:59,850:INFO:   Eta: 0:45:39
2022-04-27 11:12:06,644:INFO: Valid: [174][659/660]  Loss -9.6308 (-6.2172)
2022-04-27 11:12:43,561:INFO: Train: [175][2784/2785]  Loss -1.3855 (-1.8076)  Time:  0.561 (0.013)  Data Time:  0.004 (0.004)
2022-04-27 11:12:43,562:INFO:   Eta: 0:46:01
2022-04-27 11:12:50,231:INFO: Valid: [175][659/660]  Loss -7.7755 (-5.1145)
2022-04-27 11:13:26,569:INFO: Train: [176][2784/2785]  Loss -1.4559 (-1.7733)  Time:  0.565 (0.013)  Data Time:  0.005 (0.004)
2022-04-27 11:13:26,571:INFO:   Eta: 0:44:39
2022-04-27 11:13:33,296:INFO: Valid: [176][659/660]  Loss -8.6887 (-5.6531)
2022-04-27 11:14:09,316:INFO: Train: [177][2784/2785]  Loss -1.3631 (-1.7801)  Time:  0.600 (0.013)  Data Time:  0.005 (0.004)
2022-04-27 11:14:09,318:INFO:   Eta: 0:43:47
2022-04-27 11:14:16,018:INFO: Valid: [177][659/660]  Loss -9.6833 (-6.2430)
2022-04-27 11:14:52,277:INFO: Train: [178][2784/2785]  Loss -1.3785 (-1.7601)  Time:  0.586 (0.013)  Data Time:  0.004 (0.004)
2022-04-27 11:14:52,279:INFO:   Eta: 0:43:22
2022-04-27 11:14:58,805:INFO: Valid: [178][659/660]  Loss -7.8548 (-5.1845)
2022-04-27 11:15:35,572:INFO: Train: [179][2784/2785]  Loss -1.3184 (-1.7760)  Time:  0.556 (0.013)  Data Time:  0.005 (0.004)
2022-04-27 11:15:35,573:INFO:   Eta: 0:43:28
2022-04-27 11:15:42,002:INFO: Valid: [179][659/660]  Loss 0.3679 (-0.2967)
2022-04-27 11:16:18,737:INFO: Train: [180][2784/2785]  Loss -1.4268 (-1.7683)  Time:  0.537 (0.013)  Data Time:  0.004 (0.004)
2022-04-27 11:16:18,739:INFO:   Eta: 0:42:43
2022-04-27 11:16:25,283:INFO: Valid: [180][659/660]  Loss -8.9670 (-5.8158)
2022-04-27 11:17:01,992:INFO: Train: [181][2784/2785]  Loss -1.2206 (-1.7920)  Time:  0.552 (0.013)  Data Time:  0.004 (0.004)
2022-04-27 11:17:01,993:INFO:   Eta: 0:42:11
2022-04-27 11:17:08,606:INFO: Valid: [181][659/660]  Loss -9.5795 (-6.1756)
2022-04-27 11:17:45,159:INFO: Train: [182][2784/2785]  Loss -1.5149 (-1.7716)  Time:  0.528 (0.013)  Data Time:  0.004 (0.004)
2022-04-27 11:17:45,160:INFO:   Eta: 0:41:23
2022-04-27 11:17:51,851:INFO: Valid: [182][659/660]  Loss -9.6718 (-6.2620)
2022-04-27 11:18:28,091:INFO: Train: [183][2784/2785]  Loss -1.2558 (-1.7570)  Time:  0.521 (0.013)  Data Time:  0.004 (0.004)
2022-04-27 11:18:28,100:INFO:   Eta: 0:40:26
2022-04-27 11:18:34,601:INFO: Valid: [183][659/660]  Loss -9.6947 (-6.2514)
2022-04-27 11:19:11,063:INFO: Train: [184][2784/2785]  Loss -1.4176 (-1.7503)  Time:  0.482 (0.013)  Data Time:  0.003 (0.004)
2022-04-27 11:19:11,075:INFO:   Eta: 0:40:01
2022-04-27 11:19:17,772:INFO: Valid: [184][659/660]  Loss -9.7385 (-6.2864)
2022-04-27 11:19:54,191:INFO: Train: [185][2784/2785]  Loss -1.4616 (-1.7425)  Time:  0.528 (0.013)  Data Time:  0.004 (0.004)
2022-04-27 11:19:54,192:INFO:   Eta: 0:39:25
2022-04-27 11:20:00,763:INFO: Valid: [185][659/660]  Loss -9.6990 (-6.2546)
2022-04-27 11:20:37,190:INFO: Train: [186][2784/2785]  Loss -1.3314 (-1.7574)  Time:  0.611 (0.013)  Data Time:  0.005 (0.004)
2022-04-27 11:20:37,192:INFO:   Eta: 0:38:43
2022-04-27 11:20:43,771:INFO: Valid: [186][659/660]  Loss -6.8231 (-4.5586)
2022-04-27 11:21:20,010:INFO: Train: [187][2784/2785]  Loss -1.3749 (-1.8029)  Time:  0.588 (0.013)  Data Time:  0.005 (0.004)
2022-04-27 11:21:20,021:INFO:   Eta: 0:37:55
2022-04-27 11:21:26,513:INFO: Valid: [187][659/660]  Loss -9.9722 (-6.4379)
2022-04-27 11:21:26,532:INFO: Checkpoint saved...
2022-04-27 11:22:02,686:INFO: Train: [188][2784/2785]  Loss -1.3827 (-1.8109)  Time:  0.585 (0.013)  Data Time:  0.004 (0.004)
2022-04-27 11:22:02,696:INFO:   Eta: 0:37:20
2022-04-27 11:22:09,365:INFO: Valid: [188][659/660]  Loss -9.7283 (-6.2494)
2022-04-27 11:22:45,761:INFO: Train: [189][2784/2785]  Loss -1.2959 (-1.8282)  Time:  0.598 (0.013)  Data Time:  0.010 (0.004)
2022-04-27 11:22:45,763:INFO:   Eta: 0:36:58
2022-04-27 11:22:52,531:INFO: Valid: [189][659/660]  Loss -9.8285 (-6.3412)
2022-04-27 11:23:28,715:INFO: Train: [190][2784/2785]  Loss -1.3781 (-1.7701)  Time:  0.599 (0.013)  Data Time:  0.005 (0.004)
2022-04-27 11:23:28,727:INFO:   Eta: 0:36:09
2022-04-27 11:23:35,320:INFO: Valid: [190][659/660]  Loss -8.6938 (-5.6456)
2022-04-27 11:24:10,915:INFO: Train: [191][2784/2785]  Loss -1.3732 (-1.8414)  Time:  0.605 (0.013)  Data Time:  0.004 (0.004)
2022-04-27 11:24:10,916:INFO:   Eta: 0:34:58
2022-04-27 11:24:17,509:INFO: Valid: [191][659/660]  Loss -8.4079 (-5.5028)
2022-04-27 11:24:53,373:INFO: Train: [192][2784/2785]  Loss -1.2950 (-1.7996)  Time:  0.588 (0.013)  Data Time:  0.006 (0.004)
2022-04-27 11:24:53,386:INFO:   Eta: 0:34:38
2022-04-27 11:24:59,816:INFO: Valid: [192][659/660]  Loss -9.5792 (-6.1888)
2022-04-27 11:25:36,255:INFO: Train: [193][2784/2785]  Loss -1.4152 (-1.8134)  Time:  0.528 (0.013)  Data Time:  0.004 (0.004)
2022-04-27 11:25:36,264:INFO:   Eta: 0:34:35
2022-04-27 11:25:42,649:INFO: Valid: [193][659/660]  Loss -9.4263 (-6.0947)
2022-04-27 11:26:18,604:INFO: Train: [194][2784/2785]  Loss -1.4482 (-1.8260)  Time:  0.565 (0.013)  Data Time:  0.005 (0.004)
2022-04-27 11:26:18,617:INFO:   Eta: 0:33:32
2022-04-27 11:26:25,234:INFO: Valid: [194][659/660]  Loss -9.0386 (-5.8324)
2022-04-27 11:27:01,281:INFO: Train: [195][2784/2785]  Loss -1.3385 (-1.7678)  Time:  0.617 (0.013)  Data Time:  0.004 (0.004)
2022-04-27 11:27:01,291:INFO:   Eta: 0:33:01
2022-04-27 11:27:07,819:INFO: Valid: [195][659/660]  Loss -5.0333 (-3.5664)
2022-04-27 11:27:43,998:INFO: Train: [196][2784/2785]  Loss -1.3805 (-1.8055)  Time:  0.536 (0.013)  Data Time:  0.004 (0.004)
2022-04-27 11:27:44,009:INFO:   Eta: 0:32:27
2022-04-27 11:27:50,694:INFO: Valid: [196][659/660]  Loss -6.5587 (-4.3829)
2022-04-27 11:28:27,335:INFO: Train: [197][2784/2785]  Loss -1.4729 (-1.7861)  Time:  0.534 (0.013)  Data Time:  0.005 (0.004)
2022-04-27 11:28:27,347:INFO:   Eta: 0:32:20
2022-04-27 11:28:33,914:INFO: Valid: [197][659/660]  Loss -6.7972 (-4.5673)
2022-04-27 11:29:10,400:INFO: Train: [198][2784/2785]  Loss -1.3525 (-1.7255)  Time:  0.555 (0.013)  Data Time:  0.004 (0.004)
2022-04-27 11:29:10,401:INFO:   Eta: 0:31:36
2022-04-27 11:29:17,190:INFO: Valid: [198][659/660]  Loss -4.2717 (-2.9329)
2022-04-27 11:29:53,503:INFO: Train: [199][2784/2785]  Loss -1.1899 (-1.8254)  Time:  0.518 (0.013)  Data Time:  0.004 (0.004)
2022-04-27 11:29:53,505:INFO:   Eta: 0:30:50
2022-04-27 11:30:00,313:INFO: Valid: [199][659/660]  Loss -9.2197 (-5.9942)
2022-04-27 11:30:37,162:INFO: Train: [200][2784/2785]  Loss -1.3242 (-1.7996)  Time:  0.574 (0.013)  Data Time:  0.003 (0.004)
2022-04-27 11:30:37,163:INFO:   Eta: 0:30:36
2022-04-27 11:30:43,756:INFO: Valid: [200][659/660]  Loss -1.2753 (-1.1875)
2022-04-27 11:31:19,871:INFO: Train: [201][2784/2785]  Loss -1.3507 (-1.7443)  Time:  0.574 (0.013)  Data Time:  0.004 (0.004)
2022-04-27 11:31:19,883:INFO:   Eta: 0:29:28
2022-04-27 11:31:26,501:INFO: Valid: [201][659/660]  Loss -9.8401 (-6.3484)
2022-04-27 11:32:02,771:INFO: Train: [202][2784/2785]  Loss -1.2363 (-1.8049)  Time:  0.539 (0.013)  Data Time:  0.004 (0.004)
2022-04-27 11:32:02,773:INFO:   Eta: 0:28:59
2022-04-27 11:32:09,479:INFO: Valid: [202][659/660]  Loss -9.5533 (-6.1640)
2022-04-27 11:32:45,123:INFO: Train: [203][2784/2785]  Loss -1.3463 (-1.8201)  Time:  0.591 (0.013)  Data Time:  0.004 (0.004)
2022-04-27 11:32:45,332:INFO:   Eta: 0:27:54
2022-04-27 11:32:51,989:INFO: Valid: [203][659/660]  Loss -6.9713 (-4.5606)
2022-04-27 11:33:28,467:INFO: Train: [204][2784/2785]  Loss -1.4427 (-1.7853)  Time:  0.581 (0.013)  Data Time:  0.005 (0.004)
2022-04-27 11:33:28,469:INFO:   Eta: 0:27:47
2022-04-27 11:33:35,128:INFO: Valid: [204][659/660]  Loss -7.6799 (-5.0010)
2022-04-27 11:34:11,105:INFO: Train: [205][2784/2785]  Loss -1.4591 (-1.8207)  Time:  0.592 (0.013)  Data Time:  0.004 (0.004)
2022-04-27 11:34:11,106:INFO:   Eta: 0:26:57
2022-04-27 11:34:17,639:INFO: Valid: [205][659/660]  Loss -9.9906 (-6.4445)
2022-04-27 11:34:17,734:INFO: Checkpoint saved...
2022-04-27 11:34:53,834:INFO: Train: [206][2784/2785]  Loss -1.3365 (-1.7655)  Time:  0.517 (0.013)  Data Time:  0.003 (0.004)
2022-04-27 11:34:53,836:INFO:   Eta: 0:26:24
2022-04-27 11:35:00,588:INFO: Valid: [206][659/660]  Loss -8.3037 (-5.3752)
2022-04-27 11:35:36,866:INFO: Train: [207][2784/2785]  Loss -1.4730 (-1.8216)  Time:  0.592 (0.013)  Data Time:  0.004 (0.004)
2022-04-27 11:35:36,876:INFO:   Eta: 0:25:59
2022-04-27 11:35:43,601:INFO: Valid: [207][659/660]  Loss -9.9457 (-6.4119)
2022-04-27 11:36:19,797:INFO: Train: [208][2784/2785]  Loss -1.4375 (-1.8051)  Time:  0.617 (0.013)  Data Time:  0.004 (0.004)
2022-04-27 11:36:19,799:INFO:   Eta: 0:25:19
2022-04-27 11:36:26,456:INFO: Valid: [208][659/660]  Loss -9.6319 (-6.2217)
2022-04-27 11:37:02,831:INFO: Train: [209][2784/2785]  Loss -1.3720 (-1.8026)  Time:  0.562 (0.013)  Data Time:  0.005 (0.004)
2022-04-27 11:37:02,832:INFO:   Eta: 0:24:46
2022-04-27 11:37:09,583:INFO: Valid: [209][659/660]  Loss -6.8320 (-4.4810)
2022-04-27 11:37:45,900:INFO: Train: [210][2784/2785]  Loss -1.4042 (-1.7891)  Time:  0.539 (0.013)  Data Time:  0.005 (0.004)
2022-04-27 11:37:45,902:INFO:   Eta: 0:24:07
2022-04-27 11:37:52,646:INFO: Valid: [210][659/660]  Loss -9.9617 (-6.4499)
2022-04-27 11:38:28,701:INFO: Train: [211][2784/2785]  Loss -1.4586 (-1.8194)  Time:  0.519 (0.013)  Data Time:  0.004 (0.004)
2022-04-27 11:38:28,713:INFO:   Eta: 0:23:25
2022-04-27 11:38:35,347:INFO: Valid: [211][659/660]  Loss -9.7457 (-6.2888)
2022-04-27 11:39:11,828:INFO: Train: [212][2784/2785]  Loss -1.3525 (-1.8378)  Time:  0.526 (0.013)  Data Time:  0.004 (0.004)
2022-04-27 11:39:11,840:INFO:   Eta: 0:23:05
2022-04-27 11:39:18,415:INFO: Valid: [212][659/660]  Loss -1.7845 (-1.5612)
2022-04-27 11:39:54,904:INFO: Train: [213][2784/2785]  Loss -1.4825 (-1.7874)  Time:  0.492 (0.013)  Data Time:  0.004 (0.004)
2022-04-27 11:39:54,905:INFO:   Eta: 0:22:29
2022-04-27 11:40:01,637:INFO: Valid: [213][659/660]  Loss -10.0243 (-6.4802)
2022-04-27 11:40:01,765:INFO: Checkpoint saved...
2022-04-27 11:40:38,314:INFO: Train: [214][2784/2785]  Loss -1.4238 (-1.8376)  Time:  0.546 (0.013)  Data Time:  0.004 (0.004)
2022-04-27 11:40:38,316:INFO:   Eta: 0:21:52
2022-04-27 11:40:45,227:INFO: Valid: [214][659/660]  Loss -10.0955 (-6.5044)
2022-04-27 11:40:45,310:INFO: Checkpoint saved...
2022-04-27 11:41:22,086:INFO: Train: [215][2784/2785]  Loss -1.3640 (-1.8658)  Time:  0.568 (0.013)  Data Time:  0.004 (0.004)
2022-04-27 11:41:22,096:INFO:   Eta: 0:21:24
2022-04-27 11:41:28,919:INFO: Valid: [215][659/660]  Loss -9.9026 (-6.3879)
2022-04-27 11:42:03,647:INFO: Train: [216][2784/2785]  Loss -1.2080 (-1.8547)  Time:  0.506 (0.012)  Data Time:  0.004 (0.004)
2022-04-27 11:42:03,650:INFO:   Eta: 0:19:39
2022-04-27 11:42:10,270:INFO: Valid: [216][659/660]  Loss -9.7876 (-6.3451)
2022-04-27 11:42:46,280:INFO: Train: [217][2784/2785]  Loss -1.4591 (-1.8341)  Time:  0.563 (0.013)  Data Time:  0.004 (0.004)
2022-04-27 11:42:46,281:INFO:   Eta: 0:19:47
2022-04-27 11:42:53,036:INFO: Valid: [217][659/660]  Loss -9.4244 (-6.1071)
2022-04-27 11:43:28,488:INFO: Train: [218][2784/2785]  Loss -1.4589 (-1.7902)  Time:  0.559 (0.013)  Data Time:  0.004 (0.004)
2022-04-27 11:43:28,489:INFO:   Eta: 0:18:53
2022-04-27 11:43:35,196:INFO: Valid: [218][659/660]  Loss -9.0378 (-5.8907)
2022-04-27 11:44:11,329:INFO: Train: [219][2784/2785]  Loss -1.3055 (-1.8665)  Time:  0.523 (0.013)  Data Time:  0.004 (0.004)
2022-04-27 11:44:11,340:INFO:   Eta: 0:18:39
2022-04-27 11:44:18,116:INFO: Valid: [219][659/660]  Loss -9.0893 (-5.8879)
2022-04-27 11:44:54,128:INFO: Train: [220][2784/2785]  Loss -1.4541 (-1.8628)  Time:  0.559 (0.013)  Data Time:  0.005 (0.004)
2022-04-27 11:44:54,130:INFO:   Eta: 0:17:59
2022-04-27 11:45:00,628:INFO: Valid: [220][659/660]  Loss -9.0334 (-5.8541)
2022-04-27 11:45:36,751:INFO: Train: [221][2784/2785]  Loss -1.3889 (-1.8031)  Time:  0.553 (0.013)  Data Time:  0.005 (0.004)
2022-04-27 11:45:36,762:INFO:   Eta: 0:17:26
2022-04-27 11:45:43,183:INFO: Valid: [221][659/660]  Loss -9.5131 (-6.1307)
2022-04-27 11:46:19,181:INFO: Train: [222][2784/2785]  Loss -1.3210 (-1.8129)  Time:  0.515 (0.013)  Data Time:  0.004 (0.004)
2022-04-27 11:46:19,183:INFO:   Eta: 0:16:47
2022-04-27 11:46:25,691:INFO: Valid: [222][659/660]  Loss -9.9329 (-6.4112)
2022-04-27 11:47:01,713:INFO: Train: [223][2784/2785]  Loss -1.3528 (-1.8313)  Time:  0.649 (0.013)  Data Time:  0.005 (0.004)
2022-04-27 11:47:01,726:INFO:   Eta: 0:16:09
2022-04-27 11:47:08,358:INFO: Valid: [223][659/660]  Loss -9.2475 (-5.9932)
2022-04-27 11:47:44,573:INFO: Train: [224][2784/2785]  Loss -1.3972 (-1.8480)  Time:  0.554 (0.013)  Data Time:  0.005 (0.004)
2022-04-27 11:47:44,576:INFO:   Eta: 0:15:41
2022-04-27 11:47:51,173:INFO: Valid: [224][659/660]  Loss -9.4954 (-6.1309)
2022-04-27 11:48:27,591:INFO: Train: [225][2784/2785]  Loss -1.3643 (-1.7585)  Time:  0.561 (0.013)  Data Time:  0.004 (0.004)
2022-04-27 11:48:27,602:INFO:   Eta: 0:15:09
2022-04-27 11:48:34,079:INFO: Valid: [225][659/660]  Loss -9.8168 (-6.3543)
2022-04-27 11:49:10,646:INFO: Train: [226][2784/2785]  Loss -1.4451 (-1.7215)  Time:  0.537 (0.013)  Data Time:  0.004 (0.004)
2022-04-27 11:49:10,660:INFO:   Eta: 0:14:33
2022-04-27 11:49:17,161:INFO: Valid: [226][659/660]  Loss -9.1774 (-5.9452)
2022-04-27 11:49:53,093:INFO: Train: [227][2784/2785]  Loss -1.4446 (-1.8452)  Time:  0.537 (0.013)  Data Time:  0.004 (0.004)
2022-04-27 11:49:53,095:INFO:   Eta: 0:13:45
2022-04-27 11:49:59,865:INFO: Valid: [227][659/660]  Loss -9.6998 (-6.2776)
2022-04-27 11:50:35,808:INFO: Train: [228][2784/2785]  Loss -1.4953 (-1.8364)  Time:  0.586 (0.013)  Data Time:  0.004 (0.004)
2022-04-27 11:50:35,809:INFO:   Eta: 0:13:08
2022-04-27 11:50:42,450:INFO: Valid: [228][659/660]  Loss -10.0313 (-6.4785)
2022-04-27 11:51:18,237:INFO: Train: [229][2784/2785]  Loss -1.3607 (-1.7872)  Time:  0.571 (0.013)  Data Time:  0.003 (0.004)
2022-04-27 11:51:20,010:INFO:   Eta: 0:12:31
2022-04-27 11:51:26,652:INFO: Valid: [229][659/660]  Loss -7.7400 (-5.1045)
2022-04-27 11:52:03,699:INFO: Train: [230][2784/2785]  Loss -1.3682 (-1.8427)  Time:  0.576 (0.013)  Data Time:  0.005 (0.004)
2022-04-27 11:52:03,733:INFO:   Eta: 0:12:05
2022-04-27 11:52:10,436:INFO: Valid: [230][659/660]  Loss -8.6427 (-5.6062)
2022-04-27 11:52:46,413:INFO: Train: [231][2784/2785]  Loss -1.4315 (-1.8946)  Time:  0.540 (0.013)  Data Time:  0.004 (0.004)
2022-04-27 11:52:46,415:INFO:   Eta: 0:11:23
2022-04-27 11:52:53,053:INFO: Valid: [231][659/660]  Loss -9.3283 (-6.0434)
2022-04-27 11:53:28,926:INFO: Train: [232][2784/2785]  Loss -1.4512 (-1.7841)  Time:  0.502 (0.013)  Data Time:  0.004 (0.004)
2022-04-27 11:53:28,927:INFO:   Eta: 0:10:43
2022-04-27 11:53:35,496:INFO: Valid: [232][659/660]  Loss -10.1092 (-6.5264)
2022-04-27 11:53:35,598:INFO: Checkpoint saved...
2022-04-27 11:54:11,689:INFO: Train: [233][2784/2785]  Loss -1.4445 (-1.8487)  Time:  0.513 (0.013)  Data Time:  0.005 (0.004)
2022-04-27 11:54:11,690:INFO:   Eta: 0:10:11
2022-04-27 11:54:17,848:INFO: Valid: [233][659/660]  Loss -7.4098 (-4.8290)
2022-04-27 11:54:53,561:INFO: Train: [234][2784/2785]  Loss -1.4207 (-1.8037)  Time:  0.519 (0.013)  Data Time:  0.004 (0.004)
2022-04-27 11:54:53,575:INFO:   Eta: 0:09:31
2022-04-27 11:54:59,985:INFO: Valid: [234][659/660]  Loss -10.0715 (-6.5076)
2022-04-27 11:55:36,783:INFO: Train: [235][2784/2785]  Loss -1.3159 (-1.8227)  Time:  0.509 (0.013)  Data Time:  0.004 (0.004)
2022-04-27 11:55:36,784:INFO:   Eta: 0:09:11
2022-04-27 11:55:43,212:INFO: Valid: [235][659/660]  Loss -9.4995 (-6.1459)
2022-04-27 11:56:19,399:INFO: Train: [236][2784/2785]  Loss -1.3916 (-1.8482)  Time:  0.544 (0.013)  Data Time:  0.004 (0.004)
2022-04-27 11:56:19,411:INFO:   Eta: 0:08:25
2022-04-27 11:56:25,908:INFO: Valid: [236][659/660]  Loss -10.1439 (-6.5483)
2022-04-27 11:56:25,943:INFO: Checkpoint saved...
2022-04-27 11:56:58,879:INFO: Train: [237][2784/2785]  Loss -1.3263 (-1.8323)  Time:  0.537 (0.012)  Data Time:  0.003 (0.003)
2022-04-27 11:56:58,882:INFO:   Eta: 0:07:07
2022-04-27 11:57:05,300:INFO: Valid: [237][659/660]  Loss -9.7097 (-6.2534)
2022-04-27 11:57:36,273:INFO: Train: [238][2784/2785]  Loss -1.4637 (-1.8256)  Time:  0.484 (0.011)  Data Time:  0.003 (0.003)
2022-04-27 11:57:36,286:INFO:   Eta: 0:06:10
2022-04-27 11:57:42,836:INFO: Valid: [238][659/660]  Loss -10.2283 (-6.6029)
2022-04-27 11:57:42,854:INFO: Checkpoint saved...
2022-04-27 11:58:10,924:INFO: Train: [239][2784/2785]  Loss -1.4979 (-1.8573)  Time:  0.456 (0.010)  Data Time:  0.003 (0.002)
2022-04-27 11:58:10,938:INFO:   Eta: 0:05:08
2022-04-27 11:58:17,635:INFO: Valid: [239][659/660]  Loss -9.8934 (-6.3786)
2022-04-27 11:58:45,773:INFO: Train: [240][2784/2785]  Loss -1.4038 (-1.8585)  Time:  0.512 (0.010)  Data Time:  0.002 (0.002)
2022-04-27 11:58:45,775:INFO:   Eta: 0:04:41
2022-04-27 11:58:52,344:INFO: Valid: [240][659/660]  Loss -9.7778 (-6.3099)
2022-04-27 11:59:20,081:INFO: Train: [241][2784/2785]  Loss -1.3034 (-1.7992)  Time:  0.457 (0.010)  Data Time:  0.002 (0.002)
2022-04-27 11:59:20,094:INFO:   Eta: 0:04:08
2022-04-27 11:59:26,452:INFO: Valid: [241][659/660]  Loss -9.6561 (-6.2183)
2022-04-27 11:59:54,657:INFO: Train: [242][2784/2785]  Loss -1.4392 (-1.8688)  Time:  0.434 (0.010)  Data Time:  0.003 (0.002)
2022-04-27 11:59:54,659:INFO:   Eta: 0:03:45
2022-04-27 12:00:01,222:INFO: Valid: [242][659/660]  Loss -9.9815 (-6.4655)
2022-04-27 12:00:29,378:INFO: Train: [243][2784/2785]  Loss -1.4745 (-1.8112)  Time:  0.473 (0.010)  Data Time:  0.002 (0.002)
2022-04-27 12:00:29,379:INFO:   Eta: 0:03:16
2022-04-27 12:00:35,803:INFO: Valid: [243][659/660]  Loss -8.9139 (-5.8151)
2022-04-27 12:01:04,643:INFO: Train: [244][2784/2785]  Loss -1.3847 (-1.8935)  Time:  0.463 (0.010)  Data Time:  0.003 (0.002)
2022-04-27 12:01:04,645:INFO:   Eta: 0:02:52
2022-04-27 12:01:11,330:INFO: Valid: [244][659/660]  Loss -10.0675 (-6.4942)
2022-04-27 12:01:39,148:INFO: Train: [245][2784/2785]  Loss -1.4685 (-1.8371)  Time:  0.441 (0.010)  Data Time:  0.002 (0.002)
2022-04-27 12:01:39,159:INFO:   Eta: 0:02:18
2022-04-27 12:01:45,447:INFO: Valid: [245][659/660]  Loss -9.4207 (-6.0867)
2022-04-27 12:02:12,620:INFO: Train: [246][2784/2785]  Loss -1.3053 (-1.8477)  Time:  0.440 (0.010)  Data Time:  0.002 (0.002)
2022-04-27 12:02:12,638:INFO:   Eta: 0:01:48
2022-04-27 12:02:19,157:INFO: Valid: [246][659/660]  Loss -9.4140 (-6.0853)
2022-04-27 12:02:46,881:INFO: Train: [247][2784/2785]  Loss -1.3279 (-1.8533)  Time:  0.537 (0.010)  Data Time:  0.002 (0.002)
2022-04-27 12:02:46,882:INFO:   Eta: 0:01:23
2022-04-27 12:02:53,839:INFO: Valid: [247][659/660]  Loss -7.5728 (-4.9108)
2022-04-27 12:03:21,281:INFO: Train: [248][2784/2785]  Loss -1.4159 (-1.8330)  Time:  0.435 (0.010)  Data Time:  0.002 (0.002)
2022-04-27 12:03:21,283:INFO:   Eta: 0:00:54
2022-04-27 12:03:28,094:INFO: Valid: [248][659/660]  Loss -5.3136 (-3.6347)
2022-04-27 12:03:55,262:INFO: Train: [249][2784/2785]  Loss -1.3723 (-1.8723)  Time:  0.421 (0.010)  Data Time:  0.002 (0.002)
2022-04-27 12:03:55,264:INFO:   Eta: 0:00:27
2022-04-27 12:04:02,076:INFO: Valid: [249][659/660]  Loss -9.2356 (-5.9754)
