2022-04-11 05:56:27,553:INFO: batch_size=128
2022-04-11 05:56:27,553:INFO: clip_grad=None
2022-04-11 05:56:27,554:INFO: dataset=zara2
2022-04-11 05:56:27,554:INFO: drop=0.0
2022-04-11 05:56:27,554:INFO: gpu_num=0
2022-04-11 05:56:27,554:INFO: init=kmeans-100
2022-04-11 05:56:27,554:INFO: input_size=2
2022-04-11 05:56:27,554:INFO: kernel_size=3
2022-04-11 05:56:27,554:INFO: lr=0.01
2022-04-11 05:56:27,554:INFO: lr_sh_rate=150
2022-04-11 05:56:27,554:INFO: model=social_stgcnn10
2022-04-11 05:56:27,554:INFO: n_stgcnn=1
2022-04-11 05:56:27,554:INFO: n_txpcnn=5
2022-04-11 05:56:27,554:INFO: num_epochs=250
2022-04-11 05:56:27,554:INFO: obs_seq_len=8
2022-04-11 05:56:27,554:INFO: output_size=5
2022-04-11 05:56:27,554:INFO: pred_seq_len=12
2022-04-11 05:56:27,555:INFO: seed=0
2022-04-11 05:56:27,555:INFO: tag=zara2
2022-04-11 05:56:27,555:INFO: use_lrschd=True
2022-04-11 05:56:27,555:INFO: ******************************
2022-04-11 05:56:27,555:INFO: Training initiating....
2022-04-11 05:56:27,555:INFO: Namespace(batch_size=128, clip_grad=None, dataset='zara2', drop=0.0, gpu_num='0', init='kmeans-100', input_size=2, kernel_size=3, lr=0.01, lr_sh_rate=150, model='social_stgcnn10', n_stgcnn=1, n_txpcnn=5, num_epochs=250, obs_seq_len=8, output_size=5, pred_seq_len=12, seed=0, tag='zara2', use_lrschd=True)
2022-04-11 05:56:27,562:INFO: Initializing train dataset
2022-04-11 05:56:40,372:INFO: Initializing val dataset
2022-04-11 05:57:24,447:INFO: social_stgcnn10
2022-04-11 05:57:24,458:INFO: Data and model loaded
2022-04-11 05:57:24,459:INFO: Checkpoint dir: ./runs/Apr11_05-56-27_node09kmeans-100/zara2/checkpoint
2022-04-11 05:57:24,459:INFO: Training started ...
2022-04-11 05:57:51,502:INFO: Train: [0][2111/2112]  Loss 0.5232 (1.5516)  Time:  0.352 (0.013)  Data Time:  0.006 (0.004)
2022-04-11 05:57:51,503:INFO:   Eta: 1:52:38
2022-04-11 05:58:18,400:INFO: Train: [1][2111/2112]  Loss 0.3019 (0.8286)  Time:  0.357 (0.013)  Data Time:  0.005 (0.004)
2022-04-11 05:58:18,401:INFO:   Eta: 1:51:34
2022-04-11 05:58:45,636:INFO: Train: [2][2111/2112]  Loss 0.1786 (0.5454)  Time:  0.331 (0.013)  Data Time:  0.005 (0.005)
2022-04-11 05:58:45,637:INFO:   Eta: 1:52:30
2022-04-11 05:59:12,236:INFO: Train: [3][2111/2112]  Loss 0.2777 (0.4191)  Time:  0.368 (0.013)  Data Time:  0.004 (0.005)
2022-04-11 05:59:12,237:INFO:   Eta: 1:49:26
2022-04-11 05:59:39,112:INFO: Train: [4][2111/2112]  Loss 0.0181 (0.2087)  Time:  0.329 (0.013)  Data Time:  0.005 (0.005)
2022-04-11 05:59:39,114:INFO:   Eta: 1:50:07
2022-04-11 06:00:05,824:INFO: Train: [5][2111/2112]  Loss 0.0562 (0.0863)  Time:  0.315 (0.013)  Data Time:  0.004 (0.004)
2022-04-11 06:00:05,825:INFO:   Eta: 1:49:00
2022-04-11 06:00:32,691:INFO: Train: [6][2111/2112]  Loss -0.0675 (0.0651)  Time:  0.351 (0.013)  Data Time:  0.005 (0.005)
2022-04-11 06:00:32,693:INFO:   Eta: 1:49:11
2022-04-11 06:01:13,435:INFO: Test: [6]  ADE: 0.6521  FDE: 0.7761
2022-04-11 06:01:36,718:INFO: Train: [7][2111/2112]  Loss -0.0317 (0.0919)  Time:  0.304 (0.011)  Data Time:  0.004 (0.003)
2022-04-11 06:01:36,719:INFO:   Eta: 1:34:12
2022-04-11 06:02:01,206:INFO: Train: [8][2111/2112]  Loss 0.0287 (-0.1245)  Time:  0.298 (0.012)  Data Time:  0.004 (0.004)
2022-04-11 06:02:01,206:INFO:   Eta: 1:38:42
2022-04-11 06:02:26,196:INFO: Train: [9][2111/2112]  Loss 0.0927 (-0.1415)  Time:  0.321 (0.012)  Data Time:  0.005 (0.004)
2022-04-11 06:02:26,197:INFO:   Eta: 1:40:19
2022-04-11 06:02:52,737:INFO: Train: [10][2111/2112]  Loss -0.0432 (-0.1687)  Time:  0.377 (0.013)  Data Time:  0.004 (0.004)
2022-04-11 06:02:52,738:INFO:   Eta: 1:46:06
2022-04-11 06:03:19,462:INFO: Train: [11][2111/2112]  Loss -0.2100 (-0.2950)  Time:  0.337 (0.013)  Data Time:  0.005 (0.005)
2022-04-11 06:03:19,463:INFO:   Eta: 1:46:23
2022-04-11 06:03:46,411:INFO: Train: [12][2111/2112]  Loss 0.1102 (-0.2727)  Time:  0.325 (0.013)  Data Time:  0.005 (0.005)
2022-04-11 06:03:46,412:INFO:   Eta: 1:46:49
2022-04-11 06:04:13,102:INFO: Train: [13][2111/2112]  Loss -0.2544 (-0.2753)  Time:  0.346 (0.013)  Data Time:  0.004 (0.005)
2022-04-11 06:04:13,103:INFO:   Eta: 1:45:21
2022-04-11 06:04:40,315:INFO: Train: [14][2111/2112]  Loss -0.2180 (-0.3811)  Time:  0.397 (0.013)  Data Time:  0.004 (0.005)
2022-04-11 06:04:40,316:INFO:   Eta: 1:46:59
2022-04-11 06:05:07,169:INFO: Train: [15][2111/2112]  Loss -0.2485 (-0.3118)  Time:  0.370 (0.013)  Data Time:  0.005 (0.005)
2022-04-11 06:05:07,170:INFO:   Eta: 1:45:06
2022-04-11 06:05:33,780:INFO: Train: [16][2111/2112]  Loss -0.3134 (-0.4311)  Time:  0.310 (0.013)  Data Time:  0.005 (0.004)
2022-04-11 06:05:33,781:INFO:   Eta: 1:43:43
2022-04-11 06:06:14,891:INFO: Test: [16]  ADE: 0.5249  FDE: 0.6073
2022-04-11 06:06:41,614:INFO: Train: [17][2111/2112]  Loss -0.2417 (-0.4467)  Time:  0.305 (0.013)  Data Time:  0.004 (0.005)
2022-04-11 06:06:41,615:INFO:   Eta: 1:43:42
2022-04-11 06:07:05,226:INFO: Train: [18][2111/2112]  Loss -0.2948 (-0.5545)  Time:  0.284 (0.011)  Data Time:  0.003 (0.003)
2022-04-11 06:07:05,227:INFO:   Eta: 1:31:14
2022-04-11 06:07:28,475:INFO: Train: [19][2111/2112]  Loss -0.3225 (-0.4577)  Time:  0.277 (0.011)  Data Time:  0.004 (0.004)
2022-04-11 06:07:28,476:INFO:   Eta: 1:29:27
2022-04-11 06:07:52,123:INFO: Train: [20][2111/2112]  Loss -0.3065 (-0.5060)  Time:  0.295 (0.011)  Data Time:  0.003 (0.004)
2022-04-11 06:07:52,124:INFO:   Eta: 1:30:35
2022-04-11 06:08:16,565:INFO: Train: [21][2111/2112]  Loss -0.2786 (-0.4635)  Time:  0.348 (0.012)  Data Time:  0.004 (0.004)
2022-04-11 06:08:16,566:INFO:   Eta: 1:33:14
2022-04-11 06:08:42,264:INFO: Train: [22][2111/2112]  Loss -0.4188 (-0.6108)  Time:  0.339 (0.012)  Data Time:  0.005 (0.004)
2022-04-11 06:08:42,265:INFO:   Eta: 1:37:35
2022-04-11 06:09:09,133:INFO: Train: [23][2111/2112]  Loss -0.3518 (-0.6276)  Time:  0.316 (0.013)  Data Time:  0.005 (0.005)
2022-04-11 06:09:09,134:INFO:   Eta: 1:41:35
2022-04-11 06:09:35,892:INFO: Train: [24][2111/2112]  Loss -0.3781 (-0.5962)  Time:  0.318 (0.013)  Data Time:  0.005 (0.005)
2022-04-11 06:09:35,894:INFO:   Eta: 1:40:43
2022-04-11 06:10:03,072:INFO: Train: [25][2111/2112]  Loss -0.4401 (-0.5906)  Time:  0.315 (0.013)  Data Time:  0.003 (0.005)
2022-04-11 06:10:03,074:INFO:   Eta: 1:41:50
2022-04-11 06:10:30,338:INFO: Train: [26][2111/2112]  Loss -0.3509 (-0.5459)  Time:  0.317 (0.013)  Data Time:  0.004 (0.005)
2022-04-11 06:10:30,339:INFO:   Eta: 1:41:43
2022-04-11 06:11:11,985:INFO: Test: [26]  ADE: 0.5626  FDE: 0.6677
2022-04-11 06:11:38,758:INFO: Train: [27][2111/2112]  Loss -0.3983 (-0.6948)  Time:  0.328 (0.013)  Data Time:  0.005 (0.004)
2022-04-11 06:11:38,759:INFO:   Eta: 1:39:26
2022-04-11 06:12:06,146:INFO: Train: [28][2111/2112]  Loss -0.3133 (-0.6818)  Time:  0.302 (0.013)  Data Time:  0.005 (0.005)
2022-04-11 06:12:06,147:INFO:   Eta: 1:41:16
2022-04-11 06:12:32,246:INFO: Train: [29][2111/2112]  Loss -0.1516 (-0.6739)  Time:  0.335 (0.012)  Data Time:  0.006 (0.004)
2022-04-11 06:12:32,247:INFO:   Eta: 1:36:04
2022-04-11 06:12:58,332:INFO: Train: [30][2111/2112]  Loss -0.4661 (-0.7654)  Time:  0.290 (0.012)  Data Time:  0.004 (0.004)
2022-04-11 06:12:58,333:INFO:   Eta: 1:35:35
2022-04-11 06:13:22,347:INFO: Train: [31][2111/2112]  Loss -0.4630 (-0.7101)  Time:  0.365 (0.011)  Data Time:  0.003 (0.004)
2022-04-11 06:13:22,348:INFO:   Eta: 1:27:35
2022-04-11 06:13:46,025:INFO: Train: [32][2111/2112]  Loss -0.4543 (-0.6134)  Time:  0.296 (0.011)  Data Time:  0.004 (0.004)
2022-04-11 06:13:46,026:INFO:   Eta: 1:25:57
2022-04-11 06:14:09,845:INFO: Train: [33][2111/2112]  Loss -0.3384 (-0.7853)  Time:  0.289 (0.011)  Data Time:  0.004 (0.004)
2022-04-11 06:14:09,846:INFO:   Eta: 1:26:05
2022-04-11 06:14:33,788:INFO: Train: [34][2111/2112]  Loss -0.4260 (-0.8260)  Time:  0.365 (0.011)  Data Time:  0.005 (0.004)
2022-04-11 06:14:33,790:INFO:   Eta: 1:26:08
2022-04-11 06:15:00,148:INFO: Train: [35][2111/2112]  Loss -0.4577 (-0.8084)  Time:  0.392 (0.012)  Data Time:  0.008 (0.004)
2022-04-11 06:15:00,149:INFO:   Eta: 1:34:24
2022-04-11 06:15:26,774:INFO: Train: [36][2111/2112]  Loss -0.5071 (-0.8301)  Time:  0.369 (0.013)  Data Time:  0.004 (0.004)
2022-04-11 06:15:26,775:INFO:   Eta: 1:34:53
2022-04-11 06:16:07,911:INFO: Test: [36]  ADE: 0.4622  FDE: 0.5822
2022-04-11 06:16:34,443:INFO: Train: [37][2111/2112]  Loss -0.3323 (-0.8543)  Time:  0.326 (0.013)  Data Time:  0.005 (0.005)
2022-04-11 06:16:34,444:INFO:   Eta: 1:34:07
2022-04-11 06:17:01,201:INFO: Train: [38][2111/2112]  Loss -0.4714 (-0.8629)  Time:  0.316 (0.013)  Data Time:  0.005 (0.005)
2022-04-11 06:17:01,201:INFO:   Eta: 1:34:29
2022-04-11 06:17:27,779:INFO: Train: [39][2111/2112]  Loss -0.3870 (-0.9542)  Time:  0.319 (0.013)  Data Time:  0.004 (0.004)
2022-04-11 06:17:27,780:INFO:   Eta: 1:33:24
2022-04-11 06:17:53,728:INFO: Train: [40][2111/2112]  Loss -0.5556 (-0.7918)  Time:  0.326 (0.012)  Data Time:  0.004 (0.004)
2022-04-11 06:17:53,729:INFO:   Eta: 1:30:45
2022-04-11 06:18:20,278:INFO: Train: [41][2111/2112]  Loss -0.5458 (-0.8011)  Time:  0.334 (0.013)  Data Time:  0.005 (0.005)
2022-04-11 06:18:20,279:INFO:   Eta: 1:32:25
2022-04-11 06:18:47,190:INFO: Train: [42][2111/2112]  Loss -0.5629 (-0.9484)  Time:  0.331 (0.013)  Data Time:  0.005 (0.004)
2022-04-11 06:18:47,191:INFO:   Eta: 1:33:14
2022-04-11 06:19:11,971:INFO: Train: [43][2111/2112]  Loss -0.5282 (-0.9039)  Time:  0.282 (0.012)  Data Time:  0.004 (0.004)
2022-04-11 06:19:11,972:INFO:   Eta: 1:25:26
2022-04-11 06:19:35,774:INFO: Train: [44][2111/2112]  Loss -0.2392 (-0.9282)  Time:  0.290 (0.011)  Data Time:  0.004 (0.004)
2022-04-11 06:19:35,775:INFO:   Eta: 1:21:40
2022-04-11 06:19:59,628:INFO: Train: [45][2111/2112]  Loss -0.5855 (-0.9463)  Time:  0.340 (0.011)  Data Time:  0.004 (0.004)
2022-04-11 06:19:59,628:INFO:   Eta: 1:21:26
2022-04-11 06:20:23,167:INFO: Train: [46][2111/2112]  Loss -0.5271 (-0.8985)  Time:  0.285 (0.011)  Data Time:  0.004 (0.003)
2022-04-11 06:20:23,168:INFO:   Eta: 1:19:59
2022-04-11 06:21:03,506:INFO: Test: [46]  ADE: 0.4139  FDE: 0.5466
2022-04-11 06:21:29,432:INFO: Train: [47][2111/2112]  Loss -0.5642 (-0.9456)  Time:  0.361 (0.012)  Data Time:  0.004 (0.004)
2022-04-11 06:21:29,433:INFO:   Eta: 1:27:39
2022-04-11 06:21:56,379:INFO: Train: [48][2111/2112]  Loss -0.5933 (-0.9691)  Time:  0.385 (0.013)  Data Time:  0.005 (0.005)
2022-04-11 06:21:56,380:INFO:   Eta: 1:30:40
2022-04-11 06:22:23,140:INFO: Train: [49][2111/2112]  Loss -0.4410 (-0.8580)  Time:  0.356 (0.013)  Data Time:  0.006 (0.005)
2022-04-11 06:22:23,140:INFO:   Eta: 1:29:35
2022-04-11 06:22:50,285:INFO: Train: [50][2111/2112]  Loss -0.4233 (-0.9490)  Time:  0.333 (0.013)  Data Time:  0.005 (0.004)
2022-04-11 06:22:50,286:INFO:   Eta: 1:30:26
2022-04-11 06:23:16,630:INFO: Train: [51][2111/2112]  Loss -0.6026 (-1.0024)  Time:  0.387 (0.012)  Data Time:  0.005 (0.004)
2022-04-11 06:23:16,631:INFO:   Eta: 1:27:19
2022-04-11 06:23:43,312:INFO: Train: [52][2111/2112]  Loss -0.5846 (-0.9688)  Time:  0.324 (0.013)  Data Time:  0.004 (0.005)
2022-04-11 06:23:43,313:INFO:   Eta: 1:28:00
2022-04-11 06:24:10,381:INFO: Train: [53][2111/2112]  Loss -0.3280 (-0.9717)  Time:  0.333 (0.013)  Data Time:  0.005 (0.005)
2022-04-11 06:24:10,381:INFO:   Eta: 1:28:49
2022-04-11 06:24:37,240:INFO: Train: [54][2111/2112]  Loss -0.6507 (-0.9865)  Time:  0.318 (0.013)  Data Time:  0.004 (0.004)
2022-04-11 06:24:37,240:INFO:   Eta: 1:27:41
2022-04-11 06:25:03,934:INFO: Train: [55][2111/2112]  Loss -0.4293 (-1.0379)  Time:  0.359 (0.013)  Data Time:  0.005 (0.005)
2022-04-11 06:25:03,935:INFO:   Eta: 1:26:42
2022-04-11 06:25:28,281:INFO: Train: [56][2111/2112]  Loss -0.5161 (-0.9290)  Time:  0.298 (0.012)  Data Time:  0.003 (0.004)
2022-04-11 06:25:28,282:INFO:   Eta: 1:18:40
2022-04-11 06:26:08,047:INFO: Test: [56]  ADE: 0.3908  FDE: 0.5404
2022-04-11 06:26:31,355:INFO: Train: [57][2111/2112]  Loss -0.5661 (-1.0258)  Time:  0.328 (0.011)  Data Time:  0.004 (0.003)
2022-04-11 06:26:31,356:INFO:   Eta: 1:14:53
2022-04-11 06:26:55,348:INFO: Train: [58][2111/2112]  Loss -0.5902 (-1.0264)  Time:  0.292 (0.011)  Data Time:  0.004 (0.004)
2022-04-11 06:26:55,349:INFO:   Eta: 1:16:43
2022-04-11 06:27:22,260:INFO: Train: [59][2111/2112]  Loss -0.5036 (-1.0666)  Time:  0.305 (0.013)  Data Time:  0.004 (0.005)
2022-04-11 06:27:22,261:INFO:   Eta: 1:25:36
2022-04-11 06:27:49,270:INFO: Train: [60][2111/2112]  Loss -0.6710 (-1.0750)  Time:  0.405 (0.013)  Data Time:  0.006 (0.005)
2022-04-11 06:27:49,271:INFO:   Eta: 1:25:28
2022-04-11 06:28:16,322:INFO: Train: [61][2111/2112]  Loss -0.5782 (-1.1550)  Time:  0.317 (0.013)  Data Time:  0.004 (0.005)
2022-04-11 06:28:16,324:INFO:   Eta: 1:25:09
2022-04-11 06:28:42,313:INFO: Train: [62][2111/2112]  Loss -0.4400 (-1.0667)  Time:  0.324 (0.012)  Data Time:  0.005 (0.004)
2022-04-11 06:28:42,314:INFO:   Eta: 1:21:22
2022-04-11 06:29:09,013:INFO: Train: [63][2111/2112]  Loss -0.5502 (-1.1103)  Time:  0.384 (0.013)  Data Time:  0.005 (0.004)
2022-04-11 06:29:09,014:INFO:   Eta: 1:23:09
2022-04-11 06:29:36,014:INFO: Train: [64][2111/2112]  Loss -0.4617 (-1.0518)  Time:  0.345 (0.013)  Data Time:  0.005 (0.005)
2022-04-11 06:29:36,015:INFO:   Eta: 1:23:39
2022-04-11 06:30:02,655:INFO: Train: [65][2111/2112]  Loss -0.5945 (-1.0051)  Time:  0.316 (0.013)  Data Time:  0.004 (0.004)
2022-04-11 06:30:02,656:INFO:   Eta: 1:22:05
2022-04-11 06:30:29,092:INFO: Train: [66][2111/2112]  Loss -0.6154 (-1.0848)  Time:  0.329 (0.013)  Data Time:  0.005 (0.005)
2022-04-11 06:30:29,092:INFO:   Eta: 1:21:01
2022-04-11 06:31:11,830:INFO: Test: [66]  ADE: 0.4120  FDE: 0.5927
2022-04-11 06:31:35,368:INFO: Train: [67][2111/2112]  Loss -0.7043 (-1.1364)  Time:  0.283 (0.011)  Data Time:  0.004 (0.004)
2022-04-11 06:31:35,369:INFO:   Eta: 1:11:43
2022-04-11 06:31:58,759:INFO: Train: [68][2111/2112]  Loss -0.6293 (-1.0238)  Time:  0.327 (0.011)  Data Time:  0.004 (0.004)
2022-04-11 06:31:58,760:INFO:   Eta: 1:10:54
2022-04-11 06:32:22,391:INFO: Train: [69][2111/2112]  Loss -0.6035 (-1.1576)  Time:  0.355 (0.011)  Data Time:  0.003 (0.004)
2022-04-11 06:32:22,392:INFO:   Eta: 1:11:14
2022-04-11 06:32:46,313:INFO: Train: [70][2111/2112]  Loss -0.7000 (-1.2110)  Time:  0.292 (0.011)  Data Time:  0.004 (0.004)
2022-04-11 06:32:46,314:INFO:   Eta: 1:11:43
2022-04-11 06:33:10,769:INFO: Train: [71][2111/2112]  Loss -0.5071 (-1.0615)  Time:  0.359 (0.012)  Data Time:  0.005 (0.004)
2022-04-11 06:33:10,769:INFO:   Eta: 1:12:54
2022-04-11 06:33:37,923:INFO: Train: [72][2111/2112]  Loss -0.6669 (-1.0065)  Time:  0.415 (0.013)  Data Time:  0.005 (0.005)
2022-04-11 06:33:37,924:INFO:   Eta: 1:20:30
2022-04-11 06:34:03,805:INFO: Train: [73][2111/2112]  Loss -0.6382 (-1.1303)  Time:  0.358 (0.012)  Data Time:  0.005 (0.004)
2022-04-11 06:34:03,806:INFO:   Eta: 1:16:18
2022-04-11 06:34:30,691:INFO: Train: [74][2111/2112]  Loss -0.4492 (-1.0374)  Time:  0.382 (0.013)  Data Time:  0.005 (0.005)
2022-04-11 06:34:30,692:INFO:   Eta: 1:18:49
2022-04-11 06:34:57,307:INFO: Train: [75][2111/2112]  Loss -0.6273 (-1.1229)  Time:  0.316 (0.013)  Data Time:  0.004 (0.004)
2022-04-11 06:34:57,308:INFO:   Eta: 1:17:35
2022-04-11 06:35:24,068:INFO: Train: [76][2111/2112]  Loss -0.6375 (-0.9965)  Time:  0.379 (0.013)  Data Time:  0.005 (0.005)
2022-04-11 06:35:24,069:INFO:   Eta: 1:17:33
2022-04-11 06:36:06,287:INFO: Test: [76]  ADE: 0.4196  FDE: 0.6080
2022-04-11 06:36:32,029:INFO: Train: [77][2111/2112]  Loss -0.6486 (-1.1327)  Time:  0.319 (0.012)  Data Time:  0.004 (0.004)
2022-04-11 06:36:32,031:INFO:   Eta: 1:14:09
2022-04-11 06:36:59,446:INFO: Train: [78][2111/2112]  Loss -0.6438 (-1.1050)  Time:  0.340 (0.013)  Data Time:  0.005 (0.005)
2022-04-11 06:36:59,447:INFO:   Eta: 1:18:32
2022-04-11 06:37:26,017:INFO: Train: [79][2111/2112]  Loss -0.6540 (-1.2246)  Time:  0.313 (0.013)  Data Time:  0.005 (0.005)
2022-04-11 06:37:26,018:INFO:   Eta: 1:15:41
2022-04-11 06:37:50,184:INFO: Train: [80][2111/2112]  Loss -0.6458 (-1.1620)  Time:  0.290 (0.011)  Data Time:  0.005 (0.004)
2022-04-11 06:37:50,184:INFO:   Eta: 1:08:25
2022-04-11 06:38:13,824:INFO: Train: [81][2111/2112]  Loss -0.5057 (-1.0367)  Time:  0.288 (0.011)  Data Time:  0.003 (0.004)
2022-04-11 06:38:13,825:INFO:   Eta: 1:06:32
2022-04-11 06:38:37,638:INFO: Train: [82][2111/2112]  Loss -0.6517 (-1.2266)  Time:  0.365 (0.011)  Data Time:  0.004 (0.004)
2022-04-11 06:38:37,639:INFO:   Eta: 1:06:38
2022-04-11 06:39:01,685:INFO: Train: [83][2111/2112]  Loss -0.5644 (-1.1941)  Time:  0.284 (0.011)  Data Time:  0.003 (0.004)
2022-04-11 06:39:01,685:INFO:   Eta: 1:06:53
2022-04-11 06:39:27,040:INFO: Train: [84][2111/2112]  Loss -0.6545 (-1.1558)  Time:  0.351 (0.012)  Data Time:  0.005 (0.004)
2022-04-11 06:39:27,041:INFO:   Eta: 1:10:06
2022-04-11 06:39:53,885:INFO: Train: [85][2111/2112]  Loss -0.6490 (-1.2534)  Time:  0.329 (0.013)  Data Time:  0.006 (0.005)
2022-04-11 06:39:53,886:INFO:   Eta: 1:13:46
2022-04-11 06:40:20,068:INFO: Train: [86][2111/2112]  Loss -0.6915 (-1.1409)  Time:  0.323 (0.012)  Data Time:  0.005 (0.004)
2022-04-11 06:40:20,069:INFO:   Eta: 1:11:31
2022-04-11 06:41:01,132:INFO: Test: [86]  ADE: 0.3805  FDE: 0.5724
2022-04-11 06:41:26,625:INFO: Train: [87][2111/2112]  Loss -0.6731 (-1.1324)  Time:  0.338 (0.012)  Data Time:  0.004 (0.004)
2022-04-11 06:41:26,626:INFO:   Eta: 1:09:11
2022-04-11 06:41:53,264:INFO: Train: [88][2111/2112]  Loss -0.6394 (-1.2242)  Time:  0.312 (0.013)  Data Time:  0.004 (0.005)
2022-04-11 06:41:53,266:INFO:   Eta: 1:11:52
2022-04-11 06:42:20,165:INFO: Train: [89][2111/2112]  Loss -0.6955 (-1.2282)  Time:  0.318 (0.013)  Data Time:  0.005 (0.005)
2022-04-11 06:42:20,166:INFO:   Eta: 1:12:07
2022-04-11 06:42:47,005:INFO: Train: [90][2111/2112]  Loss -0.5100 (-1.1717)  Time:  0.356 (0.013)  Data Time:  0.005 (0.005)
2022-04-11 06:42:47,006:INFO:   Eta: 1:11:31
2022-04-11 06:43:14,315:INFO: Train: [91][2111/2112]  Loss -0.5326 (-1.2464)  Time:  0.373 (0.013)  Data Time:  0.004 (0.004)
2022-04-11 06:43:14,316:INFO:   Eta: 1:12:19
2022-04-11 06:43:41,093:INFO: Train: [92][2111/2112]  Loss -0.6093 (-1.2656)  Time:  0.281 (0.013)  Data Time:  0.002 (0.005)
2022-04-11 06:43:41,093:INFO:   Eta: 1:10:27
2022-04-11 06:44:05,568:INFO: Train: [93][2111/2112]  Loss -0.7179 (-1.1359)  Time:  0.282 (0.012)  Data Time:  0.002 (0.004)
2022-04-11 06:44:05,569:INFO:   Eta: 1:04:00
2022-04-11 06:44:29,173:INFO: Train: [94][2111/2112]  Loss -0.7233 (-1.3515)  Time:  0.276 (0.011)  Data Time:  0.003 (0.004)
2022-04-11 06:44:29,175:INFO:   Eta: 1:01:19
2022-04-11 06:44:53,023:INFO: Train: [95][2111/2112]  Loss -0.6627 (-1.2439)  Time:  0.302 (0.011)  Data Time:  0.005 (0.003)
2022-04-11 06:44:53,025:INFO:   Eta: 1:01:33
2022-04-11 06:45:16,964:INFO: Train: [96][2111/2112]  Loss -0.6743 (-1.2355)  Time:  0.299 (0.011)  Data Time:  0.004 (0.004)
2022-04-11 06:45:16,966:INFO:   Eta: 1:01:23
2022-04-11 06:45:57,558:INFO: Test: [96]  ADE: 0.3933  FDE: 0.5801
2022-04-11 06:46:23,442:INFO: Train: [97][2111/2112]  Loss -0.6384 (-1.2704)  Time:  0.319 (0.012)  Data Time:  0.004 (0.004)
2022-04-11 06:46:23,443:INFO:   Eta: 1:05:56
2022-04-11 06:46:50,976:INFO: Train: [98][2111/2112]  Loss -0.6883 (-1.2704)  Time:  0.315 (0.013)  Data Time:  0.004 (0.005)
2022-04-11 06:46:50,977:INFO:   Eta: 1:09:42
2022-04-11 06:47:17,949:INFO: Train: [99][2111/2112]  Loss -0.6442 (-1.1058)  Time:  0.356 (0.013)  Data Time:  0.005 (0.005)
2022-04-11 06:47:17,950:INFO:   Eta: 1:07:50
2022-04-11 06:47:44,862:INFO: Train: [100][2111/2112]  Loss -0.4934 (-1.2377)  Time:  0.309 (0.013)  Data Time:  0.005 (0.005)
2022-04-11 06:47:44,863:INFO:   Eta: 1:07:13
2022-04-11 06:48:11,818:INFO: Train: [101][2111/2112]  Loss -0.5553 (-1.3172)  Time:  0.315 (0.013)  Data Time:  0.005 (0.005)
2022-04-11 06:48:11,819:INFO:   Eta: 1:06:53
2022-04-11 06:48:38,517:INFO: Train: [102][2111/2112]  Loss -0.5612 (-1.2808)  Time:  0.327 (0.013)  Data Time:  0.005 (0.005)
2022-04-11 06:48:38,518:INFO:   Eta: 1:05:48
2022-04-11 06:49:05,429:INFO: Train: [103][2111/2112]  Loss -0.6743 (-1.2440)  Time:  0.342 (0.013)  Data Time:  0.005 (0.005)
2022-04-11 06:49:05,430:INFO:   Eta: 1:05:53
2022-04-11 06:49:32,475:INFO: Train: [104][2111/2112]  Loss -0.5633 (-1.2426)  Time:  0.319 (0.013)  Data Time:  0.004 (0.004)
2022-04-11 06:49:32,476:INFO:   Eta: 1:05:46
2022-04-11 06:49:58,317:INFO: Train: [105][2111/2112]  Loss -0.6522 (-1.3193)  Time:  0.287 (0.012)  Data Time:  0.003 (0.004)
2022-04-11 06:49:58,317:INFO:   Eta: 1:02:24
2022-04-11 06:50:20,974:INFO: Train: [106][2111/2112]  Loss -0.6466 (-1.3548)  Time:  0.291 (0.011)  Data Time:  0.004 (0.003)
2022-04-11 06:50:20,975:INFO:   Eta: 0:54:20
2022-04-11 06:51:01,332:INFO: Test: [106]  ADE: 0.3586  FDE: 0.5214
2022-04-11 06:51:24,520:INFO: Train: [107][2111/2112]  Loss -0.7812 (-1.2744)  Time:  0.285 (0.011)  Data Time:  0.004 (0.003)
2022-04-11 06:51:24,520:INFO:   Eta: 0:55:13
2022-04-11 06:51:50,915:INFO: Train: [108][2111/2112]  Loss -0.6860 (-1.3068)  Time:  0.334 (0.012)  Data Time:  0.003 (0.004)
2022-04-11 06:51:50,916:INFO:   Eta: 1:02:25
2022-04-11 06:52:17,660:INFO: Train: [109][2111/2112]  Loss -0.6376 (-1.2659)  Time:  0.312 (0.013)  Data Time:  0.004 (0.004)
2022-04-11 06:52:17,660:INFO:   Eta: 1:02:48
2022-04-11 06:52:44,922:INFO: Train: [110][2111/2112]  Loss -0.6817 (-1.2325)  Time:  0.328 (0.013)  Data Time:  0.005 (0.005)
2022-04-11 06:52:44,923:INFO:   Eta: 1:03:34
2022-04-11 06:53:12,061:INFO: Train: [111][2111/2112]  Loss -0.6883 (-1.3612)  Time:  0.354 (0.013)  Data Time:  0.005 (0.004)
2022-04-11 06:53:12,062:INFO:   Eta: 1:02:49
2022-04-11 06:53:39,280:INFO: Train: [112][2111/2112]  Loss -0.6073 (-1.3612)  Time:  0.316 (0.013)  Data Time:  0.004 (0.005)
2022-04-11 06:53:39,281:INFO:   Eta: 1:02:34
2022-04-11 06:54:05,776:INFO: Train: [113][2111/2112]  Loss -0.6281 (-1.3072)  Time:  0.321 (0.013)  Data Time:  0.005 (0.004)
2022-04-11 06:54:05,777:INFO:   Eta: 1:00:27
2022-04-11 06:54:32,642:INFO: Train: [114][2111/2112]  Loss -0.6988 (-1.3156)  Time:  0.313 (0.013)  Data Time:  0.005 (0.005)
2022-04-11 06:54:32,643:INFO:   Eta: 1:00:51
2022-04-11 06:54:59,423:INFO: Train: [115][2111/2112]  Loss -0.5998 (-1.2682)  Time:  0.339 (0.013)  Data Time:  0.005 (0.005)
2022-04-11 06:54:59,424:INFO:   Eta: 1:00:13
2022-04-11 06:55:26,522:INFO: Train: [116][2111/2112]  Loss -0.6978 (-1.3550)  Time:  0.357 (0.013)  Data Time:  0.004 (0.004)
2022-04-11 06:55:26,524:INFO:   Eta: 1:00:28
2022-04-11 06:56:07,330:INFO: Test: [116]  ADE: 0.3362  FDE: 0.5339
2022-04-11 06:56:29,650:INFO: Train: [117][2111/2112]  Loss -0.6732 (-1.3339)  Time:  0.310 (0.011)  Data Time:  0.003 (0.003)
2022-04-11 06:56:29,652:INFO:   Eta: 0:49:25
2022-04-11 06:56:52,682:INFO: Train: [118][2111/2112]  Loss -0.6275 (-1.2717)  Time:  0.291 (0.011)  Data Time:  0.007 (0.004)
2022-04-11 06:56:52,683:INFO:   Eta: 0:50:37
