2022-04-14 19:31:25,548:INFO: batch_size=128
2022-04-14 19:31:25,548:INFO: clip_grad=None
2022-04-14 19:31:25,548:INFO: dataset=hotel
2022-04-14 19:31:25,548:INFO: dict_kernel_size=3
2022-04-14 19:31:25,549:INFO: drop=0.0
2022-04-14 19:31:25,549:INFO: gpu_num=None
2022-04-14 19:31:25,549:INFO: init=kmeans-32
2022-04-14 19:31:25,549:INFO: input_size=2
2022-04-14 19:31:25,549:INFO: kernel_size=3
2022-04-14 19:31:25,549:INFO: log_dir=./runs/9-3.8177
2022-04-14 19:31:25,549:INFO: lr=0.01
2022-04-14 19:31:25,549:INFO: lr_sh_rate=150
2022-04-14 19:31:25,549:INFO: model=social_stgcnn9
2022-04-14 19:31:25,549:INFO: n_stgcnn=1
2022-04-14 19:31:25,549:INFO: n_txpcnn=5
2022-04-14 19:31:25,549:INFO: name=9-3.8177
2022-04-14 19:31:25,549:INFO: num_epochs=250
2022-04-14 19:31:25,549:INFO: obs_seq_len=8
2022-04-14 19:31:25,549:INFO: output_size=5
2022-04-14 19:31:25,549:INFO: pred_seq_len=12
2022-04-14 19:31:25,549:INFO: seed=8177
2022-04-14 19:31:25,549:INFO: tag=hotel
2022-04-14 19:31:25,550:INFO: use_lrschd=True
2022-04-14 19:31:25,550:INFO: ******************************
2022-04-14 19:31:25,550:INFO: Training initiating....
2022-04-14 19:31:25,550:INFO: Namespace(batch_size=128, clip_grad=None, dataset='hotel', dict_kernel_size=3, drop=0.0, gpu_num=None, init='kmeans-32', input_size=2, kernel_size=3, log_dir='./runs/9-3.8177', lr=0.01, lr_sh_rate=150, model='social_stgcnn9', n_stgcnn=1, n_txpcnn=5, name='9-3.8177', num_epochs=250, obs_seq_len=8, output_size=5, pred_seq_len=12, seed=8177, tag='hotel', use_lrschd=True)
2022-04-14 19:31:25,669:INFO: Initializing train dataset
2022-04-14 19:31:40,349:INFO: Initializing val dataset
2022-04-14 19:32:06,779:INFO: social_stgcnn9
2022-04-14 19:32:06,780:INFO: Data and model loaded
2022-04-14 19:32:06,780:INFO: Checkpoint dir: ./runs/9-3.8177/hotel/checkpoint
2022-04-14 19:32:06,780:INFO: Training started ...
2022-04-14 19:32:41,270:INFO: Train: [0][2593/2594]  Loss 0.2396 (1.2707)  Time:  0.170 (0.013)  Data Time:  0.005 (0.005)
2022-04-14 19:32:41,271:INFO:   Eta: 2:23:40
2022-04-14 19:33:14,309:INFO: Train: [1][2593/2594]  Loss 0.1032 (0.6950)  Time:  0.184 (0.013)  Data Time:  0.006 (0.005)
2022-04-14 19:33:14,310:INFO:   Eta: 2:17:01
2022-04-14 19:33:47,152:INFO: Train: [2][2593/2594]  Loss 0.1126 (0.7071)  Time:  0.171 (0.013)  Data Time:  0.005 (0.005)
2022-04-14 19:33:47,153:INFO:   Eta: 2:15:40
2022-04-14 19:34:19,934:INFO: Train: [3][2593/2594]  Loss 0.1522 (0.2919)  Time:  0.188 (0.013)  Data Time:  0.005 (0.005)
2022-04-14 19:34:19,934:INFO:   Eta: 2:14:53
2022-04-14 19:34:52,689:INFO: Train: [4][2593/2594]  Loss 0.0968 (0.2944)  Time:  0.168 (0.013)  Data Time:  0.004 (0.005)
2022-04-14 19:34:52,690:INFO:   Eta: 2:14:14
2022-04-14 19:35:25,212:INFO: Train: [5][2593/2594]  Loss -0.0417 (-0.0144)  Time:  0.175 (0.013)  Data Time:  0.005 (0.005)
2022-04-14 19:35:25,213:INFO:   Eta: 2:12:44
2022-04-14 19:35:57,850:INFO: Train: [6][2593/2594]  Loss 0.0799 (-0.0638)  Time:  0.174 (0.013)  Data Time:  0.004 (0.005)
2022-04-14 19:35:57,851:INFO:   Eta: 2:12:40
2022-04-14 19:36:30,708:INFO: Train: [7][2593/2594]  Loss 0.0630 (0.1551)  Time:  0.176 (0.013)  Data Time:  0.005 (0.005)
2022-04-14 19:36:30,709:INFO:   Eta: 2:13:00
2022-04-14 19:37:03,306:INFO: Train: [8][2593/2594]  Loss -0.0391 (-0.1758)  Time:  0.185 (0.013)  Data Time:  0.005 (0.005)
2022-04-14 19:37:03,307:INFO:   Eta: 2:11:24
2022-04-14 19:37:35,370:INFO: Train: [9][2593/2594]  Loss -0.1563 (-0.3213)  Time:  0.166 (0.012)  Data Time:  0.005 (0.005)
2022-04-14 19:39:21,925:INFO:   Eta: 2:08:40
2022-04-14 19:39:54,519:INFO: Train: [10][2593/2594]  Loss -0.1577 (-0.3212)  Time:  0.169 (0.013)  Data Time:  0.005 (0.004)
2022-04-14 19:39:54,520:INFO:   Eta: 2:10:16
2022-04-14 19:40:28,907:INFO: Train: [11][2593/2594]  Loss -0.1506 (-0.3479)  Time:  0.179 (0.013)  Data Time:  0.004 (0.004)
2022-04-14 19:40:28,908:INFO:   Eta: 2:14:56
2022-04-14 19:41:03,118:INFO: Train: [12][2593/2594]  Loss -0.1848 (-0.3380)  Time:  0.186 (0.013)  Data Time:  0.004 (0.005)
2022-04-14 19:41:03,120:INFO:   Eta: 2:15:37
2022-04-14 19:41:37,297:INFO: Train: [13][2593/2594]  Loss -0.2418 (-0.4174)  Time:  0.198 (0.013)  Data Time:  0.004 (0.005)
2022-04-14 19:41:37,299:INFO:   Eta: 2:14:55
2022-04-14 19:42:11,281:INFO: Train: [14][2593/2594]  Loss -0.1660 (-0.3736)  Time:  0.179 (0.013)  Data Time:  0.005 (0.005)
2022-04-14 19:42:11,282:INFO:   Eta: 2:13:35
2022-04-14 19:42:45,272:INFO: Train: [15][2593/2594]  Loss -0.2046 (-0.5659)  Time:  0.170 (0.013)  Data Time:  0.003 (0.005)
2022-04-14 19:42:45,275:INFO:   Eta: 2:13:03
2022-04-14 19:43:19,324:INFO: Train: [16][2593/2594]  Loss -0.2355 (-0.6658)  Time:  0.192 (0.013)  Data Time:  0.005 (0.005)
2022-04-14 19:43:19,331:INFO:   Eta: 2:12:43
2022-04-14 19:43:53,377:INFO: Train: [17][2593/2594]  Loss -0.1967 (-0.5726)  Time:  0.190 (0.013)  Data Time:  0.004 (0.004)
2022-04-14 19:43:53,378:INFO:   Eta: 2:12:06
2022-04-14 19:44:27,313:INFO: Train: [18][2593/2594]  Loss -0.2120 (-0.7324)  Time:  0.179 (0.013)  Data Time:  0.004 (0.005)
2022-04-14 19:44:27,314:INFO:   Eta: 2:11:08
2022-04-14 19:45:01,315:INFO: Train: [19][2593/2594]  Loss -0.2446 (-0.6779)  Time:  0.205 (0.013)  Data Time:  0.004 (0.004)
2022-04-14 19:45:01,316:INFO:   Eta: 2:10:49
2022-04-14 19:45:35,215:INFO: Train: [20][2593/2594]  Loss -0.2483 (-0.7991)  Time:  0.193 (0.013)  Data Time:  0.005 (0.005)
2022-04-14 19:45:35,216:INFO:   Eta: 2:09:52
2022-04-14 19:46:09,493:INFO: Train: [21][2593/2594]  Loss -0.2191 (-0.8422)  Time:  0.176 (0.013)  Data Time:  0.004 (0.005)
2022-04-14 19:46:09,495:INFO:   Eta: 2:10:45
2022-04-14 19:46:43,766:INFO: Train: [22][2593/2594]  Loss -0.2892 (-0.6294)  Time:  0.180 (0.013)  Data Time:  0.005 (0.005)
2022-04-14 19:46:43,767:INFO:   Eta: 2:10:09
2022-04-14 19:47:17,647:INFO: Train: [23][2593/2594]  Loss -0.2113 (-0.7474)  Time:  0.215 (0.013)  Data Time:  0.003 (0.004)
2022-04-14 19:47:17,648:INFO:   Eta: 2:08:06
2022-04-14 19:47:51,794:INFO: Train: [24][2593/2594]  Loss -0.2616 (-0.8703)  Time:  0.182 (0.013)  Data Time:  0.004 (0.004)
2022-04-14 19:47:51,795:INFO:   Eta: 2:08:32
2022-04-14 19:48:25,800:INFO: Train: [25][2593/2594]  Loss -0.3095 (-0.8609)  Time:  0.198 (0.013)  Data Time:  0.004 (0.005)
2022-04-14 19:48:25,801:INFO:   Eta: 2:07:26
2022-04-14 19:48:59,877:INFO: Train: [26][2593/2594]  Loss -0.2771 (-0.8392)  Time:  0.185 (0.013)  Data Time:  0.004 (0.005)
2022-04-14 19:48:59,878:INFO:   Eta: 2:07:08
2022-04-14 19:49:34,215:INFO: Train: [27][2593/2594]  Loss -0.1443 (-0.9944)  Time:  0.202 (0.013)  Data Time:  0.004 (0.005)
2022-04-14 19:49:34,217:INFO:   Eta: 2:07:33
2022-04-14 19:50:08,344:INFO: Train: [28][2593/2594]  Loss -0.3189 (-0.8963)  Time:  0.198 (0.013)  Data Time:  0.005 (0.005)
2022-04-14 19:50:08,345:INFO:   Eta: 2:06:11
2022-04-14 19:50:42,519:INFO: Train: [29][2593/2594]  Loss -0.3075 (-0.8699)  Time:  0.173 (0.013)  Data Time:  0.004 (0.005)
2022-04-14 19:50:42,521:INFO:   Eta: 2:05:47
2022-04-14 19:51:16,666:INFO: Train: [30][2593/2594]  Loss -0.2740 (-0.9812)  Time:  0.169 (0.013)  Data Time:  0.004 (0.005)
2022-04-14 19:51:16,668:INFO:   Eta: 2:05:07
2022-04-14 19:51:51,042:INFO: Train: [31][2593/2594]  Loss -0.3055 (-0.8773)  Time:  0.212 (0.013)  Data Time:  0.005 (0.005)
2022-04-14 19:51:51,043:INFO:   Eta: 2:05:23
2022-04-14 19:52:25,395:INFO: Train: [32][2593/2594]  Loss -0.2983 (-1.0529)  Time:  0.185 (0.013)  Data Time:  0.004 (0.005)
2022-04-14 19:52:25,396:INFO:   Eta: 2:04:44
2022-04-14 19:52:59,846:INFO: Train: [33][2593/2594]  Loss -0.2652 (-0.9716)  Time:  0.184 (0.013)  Data Time:  0.004 (0.005)
2022-04-14 19:52:59,847:INFO:   Eta: 2:04:31
2022-04-14 19:53:33,904:INFO: Train: [34][2593/2594]  Loss -0.3231 (-0.9671)  Time:  0.174 (0.013)  Data Time:  0.005 (0.005)
2022-04-14 19:53:33,905:INFO:   Eta: 2:02:31
2022-04-14 19:54:07,819:INFO: Train: [35][2593/2594]  Loss -0.3132 (-0.9807)  Time:  0.178 (0.013)  Data Time:  0.004 (0.005)
2022-04-14 19:54:07,820:INFO:   Eta: 2:01:27
2022-04-14 19:54:41,728:INFO: Train: [36][2593/2594]  Loss -0.3124 (-1.0303)  Time:  0.181 (0.013)  Data Time:  0.005 (0.004)
2022-04-14 19:54:41,729:INFO:   Eta: 2:00:52
2022-04-14 19:55:15,825:INFO: Train: [37][2593/2594]  Loss -0.3129 (-1.1140)  Time:  0.188 (0.013)  Data Time:  0.004 (0.005)
2022-04-14 19:55:15,827:INFO:   Eta: 2:00:58
2022-04-14 19:55:49,958:INFO: Train: [38][2593/2594]  Loss -0.3396 (-1.0830)  Time:  0.181 (0.013)  Data Time:  0.006 (0.005)
2022-04-14 19:55:49,959:INFO:   Eta: 2:00:31
2022-04-14 19:56:24,266:INFO: Train: [39][2593/2594]  Loss -0.3277 (-1.1638)  Time:  0.202 (0.013)  Data Time:  0.005 (0.005)
2022-04-14 19:56:24,267:INFO:   Eta: 2:00:34
2022-04-14 19:56:58,283:INFO: Train: [40][2593/2594]  Loss -0.3320 (-0.9666)  Time:  0.204 (0.013)  Data Time:  0.004 (0.005)
2022-04-14 19:56:58,284:INFO:   Eta: 1:58:58
2022-04-14 19:57:32,583:INFO: Train: [41][2593/2594]  Loss -0.2811 (-1.0755)  Time:  0.168 (0.013)  Data Time:  0.004 (0.005)
2022-04-14 19:57:32,584:INFO:   Eta: 1:59:24
2022-04-14 19:58:06,136:INFO: Train: [42][2593/2594]  Loss -0.2457 (-1.1503)  Time:  0.167 (0.013)  Data Time:  0.004 (0.005)
2022-04-14 19:58:06,137:INFO:   Eta: 1:56:15
2022-04-14 19:58:39,235:INFO: Train: [43][2593/2594]  Loss -0.2335 (-0.9844)  Time:  0.199 (0.013)  Data Time:  0.005 (0.005)
2022-04-14 19:58:39,236:INFO:   Eta: 1:54:07
2022-04-14 19:59:11,459:INFO: Train: [44][2593/2594]  Loss -0.3832 (-1.0720)  Time:  0.184 (0.012)  Data Time:  0.004 (0.004)
2022-04-14 19:59:11,461:INFO:   Eta: 1:50:34
2022-04-14 19:59:44,021:INFO: Train: [45][2593/2594]  Loss -0.3424 (-1.1094)  Time:  0.166 (0.013)  Data Time:  0.005 (0.005)
2022-04-14 19:59:44,022:INFO:   Eta: 1:51:11
2022-04-14 20:00:19,358:INFO: Train: [46][2593/2594]  Loss -0.3708 (-1.2259)  Time:  0.205 (0.014)  Data Time:  0.005 (0.005)
2022-04-14 20:00:19,360:INFO:   Eta: 2:00:05
2022-04-14 20:00:54,684:INFO: Train: [47][2593/2594]  Loss -0.3372 (-1.1858)  Time:  0.188 (0.014)  Data Time:  0.005 (0.005)
2022-04-14 20:00:54,685:INFO:   Eta: 1:59:26
2022-04-14 20:01:30,290:INFO: Train: [48][2593/2594]  Loss -0.2417 (-1.2078)  Time:  0.189 (0.014)  Data Time:  0.004 (0.005)
2022-04-14 20:01:30,291:INFO:   Eta: 1:59:47
2022-04-14 20:02:05,897:INFO: Train: [49][2593/2594]  Loss -0.2255 (-1.2480)  Time:  0.191 (0.014)  Data Time:  0.004 (0.005)
2022-04-14 20:02:05,898:INFO:   Eta: 1:59:12
2022-04-14 20:02:40,988:INFO: Train: [50][2593/2594]  Loss -0.2832 (-1.2307)  Time:  0.211 (0.014)  Data Time:  0.005 (0.005)
2022-04-14 20:02:40,990:INFO:   Eta: 1:56:52
2022-04-14 20:03:16,443:INFO: Train: [51][2593/2594]  Loss -0.3139 (-1.1673)  Time:  0.185 (0.014)  Data Time:  0.005 (0.005)
2022-04-14 20:03:16,443:INFO:   Eta: 1:57:31
2022-04-14 20:03:51,811:INFO: Train: [52][2593/2594]  Loss -0.3796 (-1.2310)  Time:  0.204 (0.014)  Data Time:  0.004 (0.005)
2022-04-14 20:03:51,812:INFO:   Eta: 1:56:38
2022-04-14 20:04:26,765:INFO: Train: [53][2593/2594]  Loss -0.3422 (-1.1514)  Time:  0.181 (0.013)  Data Time:  0.004 (0.005)
2022-04-14 20:04:26,766:INFO:   Eta: 1:54:41
2022-04-14 20:05:01,902:INFO: Train: [54][2593/2594]  Loss -0.3412 (-1.1434)  Time:  0.180 (0.014)  Data Time:  0.004 (0.005)
2022-04-14 20:05:01,903:INFO:   Eta: 1:54:42
2022-04-14 20:05:36,879:INFO: Train: [55][2593/2594]  Loss -0.3229 (-1.1653)  Time:  0.205 (0.013)  Data Time:  0.004 (0.005)
2022-04-14 20:05:36,881:INFO:   Eta: 1:53:36
2022-04-14 20:06:12,213:INFO: Train: [56][2593/2594]  Loss -0.3377 (-1.2092)  Time:  0.179 (0.014)  Data Time:  0.004 (0.005)
2022-04-14 20:06:12,214:INFO:   Eta: 1:54:09
2022-04-14 20:06:47,649:INFO: Train: [57][2593/2594]  Loss -0.3020 (-1.2185)  Time:  0.179 (0.014)  Data Time:  0.004 (0.005)
2022-04-14 20:06:47,650:INFO:   Eta: 1:53:54
2022-04-14 20:07:23,025:INFO: Train: [58][2593/2594]  Loss -0.3366 (-1.1759)  Time:  0.184 (0.014)  Data Time:  0.004 (0.005)
2022-04-14 20:07:23,027:INFO:   Eta: 1:53:08
2022-04-14 20:07:58,144:INFO: Train: [59][2593/2594]  Loss -0.3839 (-1.2803)  Time:  0.195 (0.014)  Data Time:  0.006 (0.005)
2022-04-14 20:07:58,144:INFO:   Eta: 1:51:43
2022-04-14 20:08:33,506:INFO: Train: [60][2593/2594]  Loss -0.3533 (-1.3019)  Time:  0.215 (0.014)  Data Time:  0.005 (0.005)
2022-04-14 20:08:33,507:INFO:   Eta: 1:51:54
2022-04-14 20:09:08,502:INFO: Train: [61][2593/2594]  Loss -0.3883 (-1.2485)  Time:  0.182 (0.013)  Data Time:  0.005 (0.005)
2022-04-14 20:09:08,503:INFO:   Eta: 1:50:10
2022-04-14 20:09:43,425:INFO: Train: [62][2593/2594]  Loss -0.3772 (-1.3226)  Time:  0.203 (0.013)  Data Time:  0.005 (0.005)
2022-04-14 20:09:43,426:INFO:   Eta: 1:49:21
2022-04-14 20:10:18,649:INFO: Train: [63][2593/2594]  Loss -0.3726 (-1.3204)  Time:  0.176 (0.014)  Data Time:  0.004 (0.005)
2022-04-14 20:10:18,650:INFO:   Eta: 1:49:42
2022-04-14 20:10:53,790:INFO: Train: [64][2593/2594]  Loss -0.3975 (-1.3612)  Time:  0.214 (0.014)  Data Time:  0.004 (0.005)
2022-04-14 20:10:53,791:INFO:   Eta: 1:48:51
2022-04-14 20:11:28,755:INFO: Train: [65][2593/2594]  Loss -0.3725 (-1.2429)  Time:  0.198 (0.013)  Data Time:  0.005 (0.005)
2022-04-14 20:11:28,756:INFO:   Eta: 1:47:43
2022-04-14 20:12:03,939:INFO: Train: [66][2593/2594]  Loss -0.3466 (-1.3364)  Time:  0.183 (0.014)  Data Time:  0.004 (0.005)
2022-04-14 20:12:03,940:INFO:   Eta: 1:47:49
2022-04-14 20:12:39,553:INFO: Train: [67][2593/2594]  Loss -0.3272 (-1.2876)  Time:  0.187 (0.014)  Data Time:  0.005 (0.005)
2022-04-14 20:12:39,555:INFO:   Eta: 1:48:33
2022-04-14 20:13:14,757:INFO: Train: [68][2593/2594]  Loss -0.2568 (-1.3069)  Time:  0.173 (0.014)  Data Time:  0.005 (0.005)
2022-04-14 20:13:14,758:INFO:   Eta: 1:46:43
2022-04-14 20:13:50,247:INFO: Train: [69][2593/2594]  Loss -0.2456 (-1.3724)  Time:  0.213 (0.014)  Data Time:  0.004 (0.005)
2022-04-14 20:13:50,248:INFO:   Eta: 1:46:59
2022-04-14 20:14:25,607:INFO: Train: [70][2593/2594]  Loss -0.4505 (-1.2834)  Time:  0.191 (0.014)  Data Time:  0.005 (0.005)
2022-04-14 20:14:25,609:INFO:   Eta: 1:46:00
2022-04-14 20:15:00,811:INFO: Train: [71][2593/2594]  Loss -0.4009 (-1.3260)  Time:  0.182 (0.014)  Data Time:  0.004 (0.005)
2022-04-14 20:15:00,812:INFO:   Eta: 1:44:57
2022-04-14 20:15:36,032:INFO: Train: [72][2593/2594]  Loss -0.3453 (-1.4281)  Time:  0.183 (0.014)  Data Time:  0.004 (0.005)
2022-04-14 20:15:36,033:INFO:   Eta: 1:44:25
2022-04-14 20:16:11,107:INFO: Train: [73][2593/2594]  Loss -0.3252 (-1.2827)  Time:  0.196 (0.014)  Data Time:  0.005 (0.005)
2022-04-14 20:16:11,108:INFO:   Eta: 1:43:24
2022-04-14 20:16:46,219:INFO: Train: [74][2593/2594]  Loss -0.3813 (-1.3764)  Time:  0.212 (0.014)  Data Time:  0.004 (0.005)
2022-04-14 20:16:46,221:INFO:   Eta: 1:42:55
2022-04-14 20:17:21,715:INFO: Train: [75][2593/2594]  Loss -0.2975 (-1.3310)  Time:  0.178 (0.014)  Data Time:  0.004 (0.005)
2022-04-14 20:17:21,715:INFO:   Eta: 1:43:27
2022-04-14 20:17:55,083:INFO: Train: [76][2593/2594]  Loss -0.4125 (-1.3827)  Time:  0.185 (0.013)  Data Time:  0.005 (0.005)
2022-04-14 20:17:55,090:INFO:   Eta: 1:36:43
2022-04-14 20:18:29,697:INFO: Train: [77][2593/2594]  Loss -0.3370 (-1.3739)  Time:  0.175 (0.013)  Data Time:  0.005 (0.005)
2022-04-14 20:18:29,698:INFO:   Eta: 1:39:42
2022-04-14 20:19:02,266:INFO: Train: [78][2593/2594]  Loss -0.3630 (-1.3431)  Time:  0.174 (0.013)  Data Time:  0.005 (0.005)
2022-04-14 20:19:02,268:INFO:   Eta: 1:33:19
2022-04-14 20:19:35,676:INFO: Train: [79][2593/2594]  Loss -0.2904 (-1.4737)  Time:  0.196 (0.013)  Data Time:  0.005 (0.005)
2022-04-14 20:19:35,678:INFO:   Eta: 1:35:09
2022-04-14 20:20:10,557:INFO: Train: [80][2593/2594]  Loss -0.2901 (-1.3805)  Time:  0.200 (0.013)  Data Time:  0.005 (0.005)
2022-04-14 20:20:10,558:INFO:   Eta: 1:38:45
2022-04-14 20:20:45,445:INFO: Train: [81][2593/2594]  Loss -0.3642 (-1.4147)  Time:  0.221 (0.013)  Data Time:  0.005 (0.005)
2022-04-14 20:20:45,446:INFO:   Eta: 1:38:12
2022-04-14 20:21:20,337:INFO: Train: [82][2593/2594]  Loss -0.4446 (-1.4368)  Time:  0.183 (0.013)  Data Time:  0.004 (0.005)
2022-04-14 20:21:20,338:INFO:   Eta: 1:37:38
2022-04-14 20:21:55,244:INFO: Train: [83][2593/2594]  Loss -0.3672 (-1.3912)  Time:  0.219 (0.013)  Data Time:  0.004 (0.005)
2022-04-14 20:21:55,245:INFO:   Eta: 1:37:05
2022-04-14 20:22:30,142:INFO: Train: [84][2593/2594]  Loss -0.4157 (-1.4334)  Time:  0.189 (0.013)  Data Time:  0.006 (0.005)
2022-04-14 20:22:30,143:INFO:   Eta: 1:36:29
2022-04-14 20:23:04,962:INFO: Train: [85][2593/2594]  Loss -0.3536 (-1.4430)  Time:  0.180 (0.013)  Data Time:  0.004 (0.005)
2022-04-14 20:23:04,963:INFO:   Eta: 1:35:41
2022-04-14 20:23:39,829:INFO: Train: [86][2593/2594]  Loss -0.4501 (-1.4030)  Time:  0.177 (0.013)  Data Time:  0.004 (0.005)
2022-04-14 20:23:39,830:INFO:   Eta: 1:35:14
2022-04-14 20:24:14,991:INFO: Train: [87][2593/2594]  Loss -0.3960 (-1.4416)  Time:  0.195 (0.014)  Data Time:  0.005 (0.005)
2022-04-14 20:24:14,993:INFO:   Eta: 1:35:28
2022-04-14 20:24:50,026:INFO: Train: [88][2593/2594]  Loss -0.3765 (-1.4211)  Time:  0.183 (0.013)  Data Time:  0.005 (0.005)
2022-04-14 20:24:50,029:INFO:   Eta: 1:34:31
2022-04-14 20:25:24,578:INFO: Train: [89][2593/2594]  Loss -0.3641 (-1.4574)  Time:  0.193 (0.013)  Data Time:  0.005 (0.005)
2022-04-14 20:25:24,579:INFO:   Eta: 1:32:38
2022-04-14 20:25:59,546:INFO: Train: [90][2593/2594]  Loss -0.4185 (-1.4662)  Time:  0.174 (0.013)  Data Time:  0.004 (0.005)
2022-04-14 20:25:59,547:INFO:   Eta: 1:33:11
2022-04-14 20:26:34,800:INFO: Train: [91][2593/2594]  Loss -0.3551 (-1.4427)  Time:  0.214 (0.014)  Data Time:  0.005 (0.005)
2022-04-14 20:26:34,801:INFO:   Eta: 1:33:22
2022-04-14 20:27:09,693:INFO: Train: [92][2593/2594]  Loss -0.3811 (-1.4216)  Time:  0.181 (0.013)  Data Time:  0.004 (0.005)
2022-04-14 20:27:09,693:INFO:   Eta: 1:31:49
2022-04-14 20:27:44,385:INFO: Train: [93][2593/2594]  Loss -0.3831 (-1.4426)  Time:  0.220 (0.013)  Data Time:  0.004 (0.005)
2022-04-14 20:27:44,386:INFO:   Eta: 1:30:43
2022-04-14 20:28:19,078:INFO: Train: [94][2593/2594]  Loss -0.3926 (-1.2631)  Time:  0.197 (0.013)  Data Time:  0.003 (0.005)
2022-04-14 20:28:19,079:INFO:   Eta: 1:30:08
2022-04-14 20:28:54,057:INFO: Train: [95][2593/2594]  Loss -0.4300 (-1.4339)  Time:  0.185 (0.013)  Data Time:  0.004 (0.005)
2022-04-14 20:28:54,058:INFO:   Eta: 1:30:18
2022-04-14 20:29:29,056:INFO: Train: [96][2593/2594]  Loss -0.4576 (-1.4810)  Time:  0.209 (0.013)  Data Time:  0.006 (0.005)
2022-04-14 20:29:29,058:INFO:   Eta: 1:29:46
2022-04-14 20:30:03,633:INFO: Train: [97][2593/2594]  Loss -0.3803 (-1.4080)  Time:  0.184 (0.013)  Data Time:  0.004 (0.004)
2022-04-14 20:30:03,635:INFO:   Eta: 1:28:06
2022-04-14 20:30:38,691:INFO: Train: [98][2593/2594]  Loss -0.4061 (-1.5074)  Time:  0.184 (0.014)  Data Time:  0.005 (0.005)
2022-04-14 20:30:38,692:INFO:   Eta: 1:28:45
2022-04-14 20:31:13,664:INFO: Train: [99][2593/2594]  Loss -0.3384 (-1.4578)  Time:  0.177 (0.013)  Data Time:  0.005 (0.005)
2022-04-14 20:31:13,666:INFO:   Eta: 1:27:57
2022-04-14 20:31:48,784:INFO: Train: [100][2593/2594]  Loss -0.3226 (-1.4979)  Time:  0.208 (0.014)  Data Time:  0.004 (0.005)
2022-04-14 20:31:48,785:INFO:   Eta: 1:27:44
2022-04-14 20:32:23,431:INFO: Train: [101][2593/2594]  Loss -0.3401 (-1.2531)  Time:  0.173 (0.013)  Data Time:  0.004 (0.005)
2022-04-14 20:32:23,432:INFO:   Eta: 1:25:59
2022-04-14 20:32:58,670:INFO: Train: [102][2593/2594]  Loss -0.2880 (-1.3864)  Time:  0.178 (0.014)  Data Time:  0.004 (0.005)
2022-04-14 20:32:58,671:INFO:   Eta: 1:26:52
2022-04-14 20:33:33,329:INFO: Train: [103][2593/2594]  Loss -0.3699 (-1.4591)  Time:  0.194 (0.013)  Data Time:  0.005 (0.005)
2022-04-14 20:33:33,331:INFO:   Eta: 1:24:52
2022-04-14 20:34:08,083:INFO: Train: [104][2593/2594]  Loss -0.4211 (-1.4811)  Time:  0.216 (0.013)  Data Time:  0.005 (0.005)
2022-04-14 20:34:08,084:INFO:   Eta: 1:24:30
2022-04-14 20:34:42,962:INFO: Train: [105][2593/2594]  Loss -0.3844 (-1.4999)  Time:  0.184 (0.013)  Data Time:  0.004 (0.005)
2022-04-14 20:34:42,963:INFO:   Eta: 1:24:13
2022-04-14 20:35:17,943:INFO: Train: [106][2593/2594]  Loss -0.3948 (-1.4478)  Time:  0.176 (0.013)  Data Time:  0.005 (0.005)
2022-04-14 20:35:17,944:INFO:   Eta: 1:23:54
2022-04-14 20:35:52,719:INFO: Train: [107][2593/2594]  Loss -0.4221 (-1.4568)  Time:  0.184 (0.013)  Data Time:  0.005 (0.005)
2022-04-14 20:35:52,720:INFO:   Eta: 1:22:49
2022-04-14 20:36:27,343:INFO: Train: [108][2593/2594]  Loss -0.3951 (-1.5106)  Time:  0.180 (0.013)  Data Time:  0.005 (0.005)
2022-04-14 20:36:27,344:INFO:   Eta: 1:21:53
2022-04-14 20:37:01,913:INFO: Train: [109][2593/2594]  Loss -0.4466 (-1.5457)  Time:  0.176 (0.013)  Data Time:  0.005 (0.005)
2022-04-14 20:37:01,915:INFO:   Eta: 1:21:11
2022-04-14 20:37:34,814:INFO: Train: [110][2593/2594]  Loss -0.3625 (-1.4665)  Time:  0.173 (0.013)  Data Time:  0.004 (0.004)
2022-04-14 20:37:34,815:INFO:   Eta: 1:16:43
2022-04-14 20:38:09,277:INFO: Train: [111][2593/2594]  Loss -0.3834 (-1.4204)  Time:  0.165 (0.013)  Data Time:  0.005 (0.005)
2022-04-14 20:38:09,278:INFO:   Eta: 1:19:47
2022-04-14 20:38:42,456:INFO: Train: [112][2593/2594]  Loss -0.3086 (-1.5710)  Time:  0.179 (0.013)  Data Time:  0.005 (0.005)
2022-04-14 20:38:42,458:INFO:   Eta: 1:16:16
2022-04-14 20:39:14,845:INFO: Train: [113][2593/2594]  Loss -0.3825 (-1.3047)  Time:  0.200 (0.012)  Data Time:  0.004 (0.005)
2022-04-14 20:39:14,846:INFO:   Eta: 1:13:54
2022-04-14 20:39:48,315:INFO: Train: [114][2593/2594]  Loss -0.3981 (-1.5162)  Time:  0.172 (0.013)  Data Time:  0.004 (0.004)
2022-04-14 20:39:48,316:INFO:   Eta: 1:15:49
2022-04-14 20:40:22,243:INFO: Train: [115][2593/2594]  Loss -0.3259 (-1.5478)  Time:  0.199 (0.013)  Data Time:  0.005 (0.005)
2022-04-14 20:40:22,244:INFO:   Eta: 1:16:17
2022-04-14 20:40:56,343:INFO: Train: [116][2593/2594]  Loss -0.4056 (-1.5559)  Time:  0.180 (0.013)  Data Time:  0.004 (0.004)
2022-04-14 20:40:56,345:INFO:   Eta: 1:16:06
2022-04-14 20:41:30,595:INFO: Train: [117][2593/2594]  Loss -0.4183 (-1.4461)  Time:  0.178 (0.013)  Data Time:  0.005 (0.005)
2022-04-14 20:41:30,596:INFO:   Eta: 1:15:52
2022-04-14 20:42:04,399:INFO: Train: [118][2593/2594]  Loss -0.4285 (-1.5516)  Time:  0.218 (0.013)  Data Time:  0.005 (0.004)
2022-04-14 20:42:04,400:INFO:   Eta: 1:14:19
2022-04-14 20:42:38,630:INFO: Train: [119][2593/2594]  Loss -0.3955 (-1.5103)  Time:  0.171 (0.013)  Data Time:  0.004 (0.004)
2022-04-14 20:42:38,631:INFO:   Eta: 1:14:41
2022-04-14 20:43:12,637:INFO: Train: [120][2593/2594]  Loss -0.4246 (-1.5932)  Time:  0.195 (0.013)  Data Time:  0.004 (0.005)
2022-04-14 20:43:12,638:INFO:   Eta: 1:13:38
2022-04-14 20:43:46,713:INFO: Train: [121][2593/2594]  Loss -0.4852 (-1.5276)  Time:  0.208 (0.013)  Data Time:  0.005 (0.005)
2022-04-14 20:43:46,715:INFO:   Eta: 1:13:13
2022-04-14 20:44:20,480:INFO: Train: [122][2593/2594]  Loss -0.3963 (-1.5103)  Time:  0.184 (0.013)  Data Time:  0.004 (0.004)
2022-04-14 20:44:20,482:INFO:   Eta: 1:11:59
2022-04-14 20:44:54,449:INFO: Train: [123][2593/2594]  Loss -0.3454 (-1.4704)  Time:  0.176 (0.013)  Data Time:  0.004 (0.004)
2022-04-14 20:44:54,450:INFO:   Eta: 1:11:51
2022-04-14 20:45:28,349:INFO: Train: [124][2593/2594]  Loss -0.4201 (-1.4830)  Time:  0.195 (0.013)  Data Time:  0.005 (0.004)
2022-04-14 20:45:28,350:INFO:   Eta: 1:11:08
2022-04-14 20:46:02,472:INFO: Train: [125][2593/2594]  Loss -0.4018 (-1.3819)  Time:  0.206 (0.013)  Data Time:  0.005 (0.004)
2022-04-14 20:46:02,474:INFO:   Eta: 1:11:02
2022-04-14 20:46:36,801:INFO: Train: [126][2593/2594]  Loss -0.3877 (-1.5398)  Time:  0.171 (0.013)  Data Time:  0.004 (0.005)
2022-04-14 20:46:36,802:INFO:   Eta: 1:10:53
2022-04-14 20:47:10,721:INFO: Train: [127][2593/2594]  Loss -0.3902 (-1.4406)  Time:  0.183 (0.013)  Data Time:  0.005 (0.004)
2022-04-14 20:47:10,722:INFO:   Eta: 1:09:29
2022-04-14 20:47:44,158:INFO: Train: [128][2593/2594]  Loss -0.4521 (-1.5004)  Time:  0.172 (0.013)  Data Time:  0.004 (0.004)
2022-04-14 20:47:44,160:INFO:   Eta: 1:07:56
2022-04-14 20:48:18,129:INFO: Train: [129][2593/2594]  Loss -0.4430 (-1.5247)  Time:  0.189 (0.013)  Data Time:  0.005 (0.004)
2022-04-14 20:48:18,131:INFO:   Eta: 1:08:27
2022-04-14 20:48:51,659:INFO: Train: [130][2593/2594]  Loss -0.3960 (-1.5554)  Time:  0.177 (0.013)  Data Time:  0.004 (0.004)
2022-04-14 20:48:51,660:INFO:   Eta: 1:07:01
2022-04-14 20:49:25,578:INFO: Train: [131][2593/2594]  Loss -0.4144 (-1.5103)  Time:  0.182 (0.013)  Data Time:  0.005 (0.004)
2022-04-14 20:49:25,579:INFO:   Eta: 1:07:14
2022-04-14 20:49:59,155:INFO: Train: [132][2593/2594]  Loss -0.4589 (-1.4545)  Time:  0.168 (0.013)  Data Time:  0.004 (0.004)
2022-04-14 20:49:59,157:INFO:   Eta: 1:05:59
2022-04-14 20:50:32,834:INFO: Train: [133][2593/2594]  Loss -0.3815 (-1.5617)  Time:  0.181 (0.013)  Data Time:  0.004 (0.004)
2022-04-14 20:50:32,835:INFO:   Eta: 1:05:38
2022-04-14 20:51:06,961:INFO: Train: [134][2593/2594]  Loss -0.4609 (-1.6210)  Time:  0.167 (0.013)  Data Time:  0.004 (0.005)
2022-04-14 20:51:06,962:INFO:   Eta: 1:05:56
2022-04-14 20:51:40,906:INFO: Train: [135][2593/2594]  Loss -0.4386 (-1.4028)  Time:  0.185 (0.013)  Data Time:  0.004 (0.004)
2022-04-14 20:51:40,907:INFO:   Eta: 1:05:01
2022-04-14 20:52:15,076:INFO: Train: [136][2593/2594]  Loss -0.4064 (-1.6134)  Time:  0.176 (0.013)  Data Time:  0.004 (0.004)
2022-04-14 20:52:15,077:INFO:   Eta: 1:04:53
2022-04-14 20:52:49,001:INFO: Train: [137][2593/2594]  Loss -0.4766 (-1.4580)  Time:  0.221 (0.013)  Data Time:  0.005 (0.004)
2022-04-14 20:52:49,003:INFO:   Eta: 1:03:50
2022-04-14 20:53:22,938:INFO: Train: [138][2593/2594]  Loss -0.4611 (-1.4791)  Time:  0.184 (0.013)  Data Time:  0.005 (0.004)
2022-04-14 20:53:22,939:INFO:   Eta: 1:03:18
2022-04-14 20:53:56,718:INFO: Train: [139][2593/2594]  Loss -0.3557 (-1.6303)  Time:  0.182 (0.013)  Data Time:  0.005 (0.004)
2022-04-14 20:53:56,720:INFO:   Eta: 1:02:27
2022-04-14 20:54:30,266:INFO: Train: [140][2593/2594]  Loss -0.3928 (-1.5448)  Time:  0.189 (0.013)  Data Time:  0.005 (0.004)
2022-04-14 20:54:30,267:INFO:   Eta: 1:01:27
2022-04-14 20:55:03,952:INFO: Train: [141][2593/2594]  Loss -0.3833 (-1.6256)  Time:  0.186 (0.013)  Data Time:  0.004 (0.004)
2022-04-14 20:55:03,953:INFO:   Eta: 1:01:09
2022-04-14 20:55:37,468:INFO: Train: [142][2593/2594]  Loss -0.4694 (-1.5581)  Time:  0.180 (0.013)  Data Time:  0.005 (0.004)
2022-04-14 20:55:37,469:INFO:   Eta: 1:00:17
2022-04-14 20:56:11,210:INFO: Train: [143][2593/2594]  Loss -0.4121 (-1.4796)  Time:  0.227 (0.013)  Data Time:  0.008 (0.004)
2022-04-14 20:56:11,211:INFO:   Eta: 1:00:08
2022-04-14 20:56:44,682:INFO: Train: [144][2593/2594]  Loss -0.3807 (-1.5487)  Time:  0.197 (0.013)  Data Time:  0.005 (0.004)
2022-04-14 20:56:44,683:INFO:   Eta: 0:59:06
2022-04-14 20:57:17,088:INFO: Train: [145][2593/2594]  Loss -0.4527 (-1.4743)  Time:  0.157 (0.012)  Data Time:  0.005 (0.004)
2022-04-14 20:57:17,089:INFO:   Eta: 0:56:40
2022-04-14 20:57:50,601:INFO: Train: [146][2593/2594]  Loss -0.4109 (-1.6438)  Time:  0.165 (0.013)  Data Time:  0.004 (0.004)
2022-04-14 20:57:50,602:INFO:   Eta: 0:58:03
2022-04-14 20:58:22,779:INFO: Train: [147][2593/2594]  Loss -0.4227 (-1.6239)  Time:  0.161 (0.012)  Data Time:  0.004 (0.005)
2022-04-14 20:58:22,780:INFO:   Eta: 0:55:13
2022-04-14 20:58:55,440:INFO: Train: [148][2593/2594]  Loss -0.4789 (-1.4933)  Time:  0.174 (0.013)  Data Time:  0.004 (0.004)
2022-04-14 20:58:55,441:INFO:   Eta: 0:55:29
2022-04-14 20:59:28,671:INFO: Train: [149][2593/2594]  Loss -0.4570 (-1.6446)  Time:  0.188 (0.013)  Data Time:  0.004 (0.004)
2022-04-14 20:59:28,672:INFO:   Eta: 0:55:54
2022-04-14 21:00:02,024:INFO: Train: [150][2593/2594]  Loss -0.5187 (-1.7635)  Time:  0.196 (0.013)  Data Time:  0.005 (0.004)
2022-04-14 21:00:02,025:INFO:   Eta: 0:55:33
2022-04-14 21:00:35,558:INFO: Train: [151][2593/2594]  Loss -0.4999 (-1.7519)  Time:  0.193 (0.013)  Data Time:  0.004 (0.004)
2022-04-14 21:00:35,558:INFO:   Eta: 0:55:17
2022-04-14 21:00:41,706:INFO: Valid: [151][620/621]  Loss -8.5614 (-5.0454)
2022-04-14 21:00:41,719:INFO: Checkpoint saved...
2022-04-14 21:01:14,796:INFO: Train: [152][2593/2594]  Loss -0.4333 (-1.6846)  Time:  0.167 (0.013)  Data Time:  0.004 (0.004)
2022-04-14 21:01:14,797:INFO:   Eta: 0:53:58
2022-04-14 21:01:20,880:INFO: Valid: [152][620/621]  Loss -8.6409 (-5.0842)
2022-04-14 21:01:20,892:INFO: Checkpoint saved...
2022-04-14 21:01:54,333:INFO: Train: [153][2593/2594]  Loss -0.5056 (-1.5257)  Time:  0.209 (0.013)  Data Time:  0.005 (0.004)
2022-04-14 21:01:54,334:INFO:   Eta: 0:54:00
2022-04-14 21:02:00,423:INFO: Valid: [153][620/621]  Loss -7.9329 (-4.6588)
2022-04-14 21:02:34,086:INFO: Train: [154][2593/2594]  Loss -0.4860 (-1.6123)  Time:  0.170 (0.013)  Data Time:  0.004 (0.004)
2022-04-14 21:02:34,087:INFO:   Eta: 0:53:48
2022-04-14 21:02:40,512:INFO: Valid: [154][620/621]  Loss -8.5241 (-5.0118)
2022-04-14 21:03:13,696:INFO: Train: [155][2593/2594]  Loss -0.4984 (-1.7749)  Time:  0.193 (0.013)  Data Time:  0.004 (0.004)
2022-04-14 21:03:13,697:INFO:   Eta: 0:52:28
2022-04-14 21:03:20,336:INFO: Valid: [155][620/621]  Loss -8.3160 (-4.9038)
2022-04-14 21:03:53,710:INFO: Train: [156][2593/2594]  Loss -0.5014 (-1.7893)  Time:  0.169 (0.013)  Data Time:  0.004 (0.004)
2022-04-14 21:03:53,711:INFO:   Eta: 0:52:14
2022-04-14 21:04:00,134:INFO: Valid: [156][620/621]  Loss -8.7033 (-5.1293)
2022-04-14 21:04:00,146:INFO: Checkpoint saved...
2022-04-14 21:04:33,207:INFO: Train: [157][2593/2594]  Loss -0.4914 (-1.7882)  Time:  0.167 (0.013)  Data Time:  0.004 (0.005)
2022-04-14 21:04:33,208:INFO:   Eta: 0:51:11
2022-04-14 21:04:39,594:INFO: Valid: [157][620/621]  Loss -8.6935 (-5.1249)
2022-04-14 21:05:12,761:INFO: Train: [158][2593/2594]  Loss -0.4718 (-1.8054)  Time:  0.176 (0.013)  Data Time:  0.004 (0.004)
2022-04-14 21:05:12,763:INFO:   Eta: 0:50:48
2022-04-14 21:05:19,004:INFO: Valid: [158][620/621]  Loss -7.9932 (-4.7309)
2022-04-14 21:05:52,099:INFO: Train: [159][2593/2594]  Loss -0.5026 (-1.7892)  Time:  0.160 (0.013)  Data Time:  0.004 (0.004)
2022-04-14 21:05:52,101:INFO:   Eta: 0:50:07
2022-04-14 21:05:58,256:INFO: Valid: [159][620/621]  Loss -7.6189 (-4.4849)
2022-04-14 21:06:31,316:INFO: Train: [160][2593/2594]  Loss -0.4874 (-1.7636)  Time:  0.184 (0.013)  Data Time:  0.004 (0.004)
2022-04-14 21:06:31,317:INFO:   Eta: 0:49:32
2022-04-14 21:06:37,804:INFO: Valid: [160][620/621]  Loss -8.6403 (-5.1009)
2022-04-14 21:07:11,171:INFO: Train: [161][2593/2594]  Loss -0.4809 (-1.5976)  Time:  0.186 (0.013)  Data Time:  0.003 (0.004)
2022-04-14 21:07:11,172:INFO:   Eta: 0:49:26
2022-04-14 21:07:17,543:INFO: Valid: [161][620/621]  Loss -8.7806 (-5.1669)
2022-04-14 21:07:17,560:INFO: Checkpoint saved...
2022-04-14 21:07:51,042:INFO: Train: [162][2593/2594]  Loss -0.4713 (-1.7692)  Time:  0.181 (0.013)  Data Time:  0.004 (0.004)
2022-04-14 21:07:51,043:INFO:   Eta: 0:49:03
2022-04-14 21:07:57,182:INFO: Valid: [162][620/621]  Loss -8.1824 (-4.7972)
2022-04-14 21:08:30,641:INFO: Train: [163][2593/2594]  Loss -0.3570 (-1.6322)  Time:  0.198 (0.013)  Data Time:  0.006 (0.005)
2022-04-14 21:08:30,643:INFO:   Eta: 0:48:27
2022-04-14 21:08:37,003:INFO: Valid: [163][620/621]  Loss -8.4879 (-5.0056)
2022-04-14 21:09:10,391:INFO: Train: [164][2593/2594]  Loss -0.4712 (-1.5489)  Time:  0.174 (0.013)  Data Time:  0.004 (0.004)
2022-04-14 21:09:10,393:INFO:   Eta: 0:47:48
2022-04-14 21:09:16,877:INFO: Valid: [164][620/621]  Loss -8.8206 (-5.1976)
2022-04-14 21:09:16,887:INFO: Checkpoint saved...
2022-04-14 21:09:50,372:INFO: Train: [165][2593/2594]  Loss -0.4303 (-1.6487)  Time:  0.172 (0.013)  Data Time:  0.004 (0.004)
2022-04-14 21:09:50,374:INFO:   Eta: 0:47:23
2022-04-14 21:09:56,533:INFO: Valid: [165][620/621]  Loss -8.2940 (-4.8752)
2022-04-14 21:10:29,346:INFO: Train: [166][2593/2594]  Loss -0.5684 (-1.7770)  Time:  0.204 (0.013)  Data Time:  0.005 (0.004)
2022-04-14 21:10:29,347:INFO:   Eta: 0:45:53
2022-04-14 21:10:36,018:INFO: Valid: [166][620/621]  Loss -7.8687 (-4.6403)
2022-04-14 21:11:09,472:INFO: Train: [167][2593/2594]  Loss -0.4292 (-1.7860)  Time:  0.192 (0.013)  Data Time:  0.003 (0.004)
2022-04-14 21:11:09,473:INFO:   Eta: 0:46:13
2022-04-14 21:11:15,813:INFO: Valid: [167][620/621]  Loss -8.4138 (-4.9800)
2022-04-14 21:11:49,146:INFO: Train: [168][2593/2594]  Loss -0.5343 (-1.6611)  Time:  0.171 (0.013)  Data Time:  0.005 (0.004)
2022-04-14 21:11:49,147:INFO:   Eta: 0:45:30
2022-04-14 21:11:55,504:INFO: Valid: [168][620/621]  Loss -8.6856 (-5.1262)
2022-04-14 21:12:28,451:INFO: Train: [169][2593/2594]  Loss -0.5022 (-1.5658)  Time:  0.167 (0.013)  Data Time:  0.003 (0.004)
2022-04-14 21:12:28,452:INFO:   Eta: 0:44:25
2022-04-14 21:12:34,674:INFO: Valid: [169][620/621]  Loss -8.0646 (-4.7665)
2022-04-14 21:13:07,576:INFO: Train: [170][2593/2594]  Loss -0.4477 (-1.6968)  Time:  0.169 (0.013)  Data Time:  0.004 (0.004)
2022-04-14 21:13:07,577:INFO:   Eta: 0:43:49
2022-04-14 21:13:13,849:INFO: Valid: [170][620/621]  Loss -8.2252 (-4.8496)
2022-04-14 21:13:47,192:INFO: Train: [171][2593/2594]  Loss -0.4990 (-1.8175)  Time:  0.179 (0.013)  Data Time:  0.005 (0.004)
2022-04-14 21:13:47,193:INFO:   Eta: 0:43:51
2022-04-14 21:13:53,311:INFO: Valid: [171][620/621]  Loss -8.8155 (-5.1663)
2022-04-14 21:14:26,252:INFO: Train: [172][2593/2594]  Loss -0.4322 (-1.8042)  Time:  0.181 (0.013)  Data Time:  0.005 (0.004)
2022-04-14 21:14:26,253:INFO:   Eta: 0:42:46
2022-04-14 21:14:32,580:INFO: Valid: [172][620/621]  Loss -8.7552 (-5.1496)
2022-04-14 21:15:06,208:INFO: Train: [173][2593/2594]  Loss -0.4088 (-1.7248)  Time:  0.204 (0.013)  Data Time:  0.005 (0.004)
2022-04-14 21:15:06,209:INFO:   Eta: 0:43:06
2022-04-14 21:15:12,487:INFO: Valid: [173][620/621]  Loss -8.3156 (-4.8830)
2022-04-14 21:15:45,563:INFO: Train: [174][2593/2594]  Loss -0.4445 (-1.7876)  Time:  0.174 (0.013)  Data Time:  0.005 (0.004)
2022-04-14 21:15:45,564:INFO:   Eta: 0:41:50
2022-04-14 21:15:51,725:INFO: Valid: [174][620/621]  Loss -8.7174 (-5.1210)
2022-04-14 21:16:24,532:INFO: Train: [175][2593/2594]  Loss -0.4502 (-1.7516)  Time:  0.201 (0.013)  Data Time:  0.006 (0.004)
2022-04-14 21:16:24,534:INFO:   Eta: 0:40:58
2022-04-14 21:16:30,776:INFO: Valid: [175][620/621]  Loss -8.8381 (-5.2192)
2022-04-14 21:16:30,791:INFO: Checkpoint saved...
2022-04-14 21:17:03,267:INFO: Train: [176][2593/2594]  Loss -0.4633 (-1.7983)  Time:  0.173 (0.013)  Data Time:  0.005 (0.004)
2022-04-14 21:17:03,268:INFO:   Eta: 0:40:00
2022-04-14 21:17:09,428:INFO: Valid: [176][620/621]  Loss -8.4845 (-5.0111)
2022-04-14 21:17:41,439:INFO: Train: [177][2593/2594]  Loss -0.4993 (-1.7477)  Time:  0.172 (0.012)  Data Time:  0.005 (0.004)
2022-04-14 21:17:41,441:INFO:   Eta: 0:38:54
2022-04-14 21:17:47,454:INFO: Valid: [177][620/621]  Loss -7.7491 (-4.5576)
2022-04-14 21:18:19,219:INFO: Train: [178][2593/2594]  Loss -0.4641 (-1.8083)  Time:  0.177 (0.012)  Data Time:  0.004 (0.005)
2022-04-14 21:18:19,221:INFO:   Eta: 0:38:04
2022-04-14 21:18:25,339:INFO: Valid: [178][620/621]  Loss -8.5570 (-5.0407)
2022-04-14 21:18:57,315:INFO: Train: [179][2593/2594]  Loss -0.4938 (-1.6321)  Time:  0.180 (0.012)  Data Time:  0.003 (0.004)
2022-04-14 21:18:57,316:INFO:   Eta: 0:37:48
2022-04-14 21:19:05,187:INFO: Valid: [179][620/621]  Loss -8.2746 (-4.8889)
2022-04-14 21:19:37,082:INFO: Train: [180][2593/2594]  Loss -0.4987 (-1.8049)  Time:  0.179 (0.012)  Data Time:  0.005 (0.004)
2022-04-14 21:19:37,083:INFO:   Eta: 0:37:10
2022-04-14 21:19:43,178:INFO: Valid: [180][620/621]  Loss -7.5855 (-4.4659)
2022-04-14 21:20:15,655:INFO: Train: [181][2593/2594]  Loss -0.5005 (-1.6473)  Time:  0.172 (0.013)  Data Time:  0.004 (0.004)
2022-04-14 21:20:15,656:INFO:   Eta: 0:37:18
2022-04-14 21:20:21,802:INFO: Valid: [181][620/621]  Loss -8.7303 (-5.1446)
2022-04-14 21:20:54,145:INFO: Train: [182][2593/2594]  Loss -0.3842 (-1.7014)  Time:  0.182 (0.012)  Data Time:  0.005 (0.004)
2022-04-14 21:20:54,146:INFO:   Eta: 0:36:36
2022-04-14 21:21:00,262:INFO: Valid: [182][620/621]  Loss -8.7044 (-5.1283)
2022-04-14 21:21:32,554:INFO: Train: [183][2593/2594]  Loss -0.4967 (-1.8440)  Time:  0.180 (0.012)  Data Time:  0.005 (0.004)
2022-04-14 21:21:32,556:INFO:   Eta: 0:36:01
2022-04-14 21:21:38,803:INFO: Valid: [183][620/621]  Loss -8.5563 (-5.0196)
2022-04-14 21:22:11,309:INFO: Train: [184][2593/2594]  Loss -0.5046 (-1.7800)  Time:  0.178 (0.013)  Data Time:  0.005 (0.004)
2022-04-14 21:22:11,310:INFO:   Eta: 0:35:43
2022-04-14 21:22:17,207:INFO: Valid: [184][620/621]  Loss -8.1865 (-4.8255)
2022-04-14 21:22:49,594:INFO: Train: [185][2593/2594]  Loss -0.3354 (-1.6823)  Time:  0.181 (0.012)  Data Time:  0.005 (0.005)
2022-04-14 21:22:49,595:INFO:   Eta: 0:35:02
2022-04-14 21:22:55,632:INFO: Valid: [185][620/621]  Loss -8.2412 (-4.8668)
2022-04-14 21:23:28,245:INFO: Train: [186][2593/2594]  Loss -0.4719 (-1.8164)  Time:  0.168 (0.013)  Data Time:  0.004 (0.004)
2022-04-14 21:23:28,246:INFO:   Eta: 0:34:45
2022-04-14 21:23:34,271:INFO: Valid: [186][620/621]  Loss -7.8229 (-4.6085)
2022-04-14 21:24:06,654:INFO: Train: [187][2593/2594]  Loss -0.5645 (-1.8120)  Time:  0.180 (0.012)  Data Time:  0.004 (0.004)
2022-04-14 21:24:06,655:INFO:   Eta: 0:33:58
2022-04-14 21:24:12,750:INFO: Valid: [187][620/621]  Loss -7.7403 (-4.5271)
2022-04-14 21:24:45,625:INFO: Train: [188][2593/2594]  Loss -0.5097 (-1.7786)  Time:  0.182 (0.013)  Data Time:  0.004 (0.004)
2022-04-14 21:24:45,627:INFO:   Eta: 0:33:56
2022-04-14 21:24:51,756:INFO: Valid: [188][620/621]  Loss -8.2282 (-4.8314)
2022-04-14 21:25:24,593:INFO: Train: [189][2593/2594]  Loss -0.5124 (-1.8167)  Time:  0.174 (0.013)  Data Time:  0.004 (0.004)
2022-04-14 21:25:24,594:INFO:   Eta: 0:33:21
2022-04-14 21:25:30,607:INFO: Valid: [189][620/621]  Loss -8.4486 (-4.9860)
2022-04-14 21:26:03,112:INFO: Train: [190][2593/2594]  Loss -0.4760 (-1.7956)  Time:  0.205 (0.013)  Data Time:  0.005 (0.004)
2022-04-14 21:26:03,113:INFO:   Eta: 0:32:28
2022-04-14 21:26:09,075:INFO: Valid: [190][620/621]  Loss -8.3045 (-4.8931)
2022-04-14 21:26:41,654:INFO: Train: [191][2593/2594]  Loss -0.5244 (-1.7940)  Time:  0.181 (0.013)  Data Time:  0.004 (0.004)
2022-04-14 21:26:41,655:INFO:   Eta: 0:32:00
2022-04-14 21:26:47,865:INFO: Valid: [191][620/621]  Loss -8.4637 (-4.9600)
2022-04-14 21:27:20,526:INFO: Train: [192][2593/2594]  Loss -0.5391 (-1.6658)  Time:  0.186 (0.013)  Data Time:  0.004 (0.004)
2022-04-14 21:27:20,526:INFO:   Eta: 0:31:32
2022-04-14 21:27:26,600:INFO: Valid: [192][620/621]  Loss -8.6309 (-5.0917)
2022-04-14 21:27:59,347:INFO: Train: [193][2593/2594]  Loss -0.4750 (-1.8191)  Time:  0.173 (0.013)  Data Time:  0.005 (0.004)
2022-04-14 21:27:59,348:INFO:   Eta: 0:31:04
2022-04-14 21:28:05,368:INFO: Valid: [193][620/621]  Loss -8.3548 (-4.9454)
2022-04-14 21:28:37,942:INFO: Train: [194][2593/2594]  Loss -0.4931 (-1.7504)  Time:  0.175 (0.013)  Data Time:  0.010 (0.004)
2022-04-14 21:28:37,943:INFO:   Eta: 0:30:22
2022-04-14 21:28:43,750:INFO: Valid: [194][620/621]  Loss -7.5684 (-4.4586)
2022-04-14 21:29:16,143:INFO: Train: [195][2593/2594]  Loss -0.4915 (-1.7831)  Time:  0.182 (0.012)  Data Time:  0.006 (0.004)
2022-04-14 21:29:16,143:INFO:   Eta: 0:29:39
2022-04-14 21:29:22,371:INFO: Valid: [195][620/621]  Loss -8.6908 (-5.1077)
2022-04-14 21:29:54,715:INFO: Train: [196][2593/2594]  Loss -0.4798 (-1.6998)  Time:  0.172 (0.012)  Data Time:  0.005 (0.004)
2022-04-14 21:29:54,716:INFO:   Eta: 0:29:05
2022-04-14 21:30:00,658:INFO: Valid: [196][620/621]  Loss -7.3935 (-4.3765)
2022-04-14 21:30:33,311:INFO: Train: [197][2593/2594]  Loss -0.5086 (-1.8338)  Time:  0.168 (0.013)  Data Time:  0.004 (0.004)
2022-04-14 21:30:33,312:INFO:   Eta: 0:28:48
2022-04-14 21:30:39,319:INFO: Valid: [197][620/621]  Loss -7.8110 (-4.6024)
2022-04-14 21:31:11,805:INFO: Train: [198][2593/2594]  Loss -0.4807 (-1.8239)  Time:  0.170 (0.013)  Data Time:  0.004 (0.004)
2022-04-14 21:31:11,806:INFO:   Eta: 0:28:07
2022-04-14 21:31:17,894:INFO: Valid: [198][620/621]  Loss -8.3788 (-4.9486)
2022-04-14 21:31:50,698:INFO: Train: [199][2593/2594]  Loss -0.4870 (-1.6078)  Time:  0.165 (0.013)  Data Time:  0.005 (0.004)
2022-04-14 21:31:50,699:INFO:   Eta: 0:27:50
2022-04-14 21:31:56,825:INFO: Valid: [199][620/621]  Loss -8.1314 (-4.7964)
2022-04-14 21:32:29,217:INFO: Train: [200][2593/2594]  Loss -0.5347 (-1.8146)  Time:  0.183 (0.012)  Data Time:  0.005 (0.004)
2022-04-14 21:32:29,219:INFO:   Eta: 0:26:57
2022-04-14 21:32:35,525:INFO: Valid: [200][620/621]  Loss -8.7722 (-5.1688)
2022-04-14 21:33:08,296:INFO: Train: [201][2593/2594]  Loss -0.4630 (-1.6629)  Time:  0.196 (0.013)  Data Time:  0.005 (0.004)
2022-04-14 21:33:08,298:INFO:   Eta: 0:26:44
2022-04-14 21:33:14,405:INFO: Valid: [201][620/621]  Loss -8.4717 (-4.9924)
2022-04-14 21:33:47,350:INFO: Train: [202][2593/2594]  Loss -0.4928 (-1.7832)  Time:  0.182 (0.013)  Data Time:  0.004 (0.004)
2022-04-14 21:33:47,351:INFO:   Eta: 0:26:19
2022-04-14 21:33:53,952:INFO: Valid: [202][620/621]  Loss -8.6893 (-5.1251)
2022-04-14 21:34:23,588:INFO: Train: [203][2593/2594]  Loss -0.5012 (-1.8450)  Time:  0.166 (0.011)  Data Time:  0.004 (0.004)
2022-04-14 21:34:23,589:INFO:   Eta: 0:23:11
2022-04-14 21:34:29,646:INFO: Valid: [203][620/621]  Loss -7.6470 (-4.5079)
2022-04-14 21:34:57,574:INFO: Train: [204][2593/2594]  Loss -0.5101 (-1.7296)  Time:  0.157 (0.011)  Data Time:  0.004 (0.003)
2022-04-14 21:34:57,575:INFO:   Eta: 0:21:22
2022-04-14 21:35:03,601:INFO: Valid: [204][620/621]  Loss -8.4933 (-5.0177)
2022-04-14 21:35:30,997:INFO: Train: [205][2593/2594]  Loss -0.5078 (-1.8043)  Time:  0.149 (0.011)  Data Time:  0.003 (0.003)
2022-04-14 21:35:30,998:INFO:   Eta: 0:20:31
2022-04-14 21:35:36,844:INFO: Valid: [205][620/621]  Loss -8.5049 (-5.0145)
2022-04-14 21:36:04,800:INFO: Train: [206][2593/2594]  Loss -0.5007 (-1.8027)  Time:  0.157 (0.011)  Data Time:  0.004 (0.003)
2022-04-14 21:36:04,801:INFO:   Eta: 0:20:28
2022-04-14 21:36:10,793:INFO: Valid: [206][620/621]  Loss -8.2118 (-4.8373)
2022-04-14 21:36:38,823:INFO: Train: [207][2593/2594]  Loss -0.5279 (-1.8000)  Time:  0.146 (0.011)  Data Time:  0.003 (0.003)
2022-04-14 21:36:38,824:INFO:   Eta: 0:20:03
2022-04-14 21:36:44,683:INFO: Valid: [207][620/621]  Loss -7.1571 (-4.1676)
2022-04-14 21:37:10,756:INFO: Train: [208][2593/2594]  Loss -0.4406 (-1.7065)  Time:  0.132 (0.010)  Data Time:  0.002 (0.003)
2022-04-14 21:37:10,757:INFO:   Eta: 0:18:13
2022-04-14 21:37:16,891:INFO: Valid: [208][620/621]  Loss -8.6785 (-5.0902)
2022-04-14 21:37:41,018:INFO: Train: [209][2593/2594]  Loss -0.5422 (-1.6687)  Time:  0.131 (0.009)  Data Time:  0.003 (0.002)
2022-04-14 21:37:41,019:INFO:   Eta: 0:16:27
2022-04-14 21:37:47,200:INFO: Valid: [209][620/621]  Loss -8.5086 (-5.0034)
2022-04-14 21:38:11,272:INFO: Train: [210][2593/2594]  Loss -0.4621 (-1.8479)  Time:  0.130 (0.009)  Data Time:  0.002 (0.002)
2022-04-14 21:38:11,273:INFO:   Eta: 0:16:00
2022-04-14 21:38:17,033:INFO: Valid: [210][620/621]  Loss -8.3925 (-4.9450)
2022-04-14 21:38:40,742:INFO: Train: [211][2593/2594]  Loss -0.4694 (-1.7426)  Time:  0.133 (0.009)  Data Time:  0.002 (0.002)
2022-04-14 21:38:40,743:INFO:   Eta: 0:15:23
2022-04-14 21:38:47,308:INFO: Valid: [211][620/621]  Loss -7.9745 (-4.7251)
2022-04-14 21:39:11,951:INFO: Train: [212][2593/2594]  Loss -0.4522 (-1.8225)  Time:  0.121 (0.009)  Data Time:  0.002 (0.002)
2022-04-14 21:39:11,951:INFO:   Eta: 0:15:35
2022-04-14 21:39:17,822:INFO: Valid: [212][620/621]  Loss -8.7944 (-5.1723)
2022-04-14 21:39:42,009:INFO: Train: [213][2593/2594]  Loss -0.4770 (-1.8394)  Time:  0.121 (0.009)  Data Time:  0.002 (0.002)
2022-04-14 21:39:42,010:INFO:   Eta: 0:14:53
2022-04-14 21:39:47,654:INFO: Valid: [213][620/621]  Loss -8.2494 (-4.8679)
2022-04-14 21:40:11,267:INFO: Train: [214][2593/2594]  Loss -0.5020 (-1.6711)  Time:  0.128 (0.009)  Data Time:  0.001 (0.002)
2022-04-14 21:40:11,268:INFO:   Eta: 0:14:08
2022-04-14 21:40:17,329:INFO: Valid: [214][620/621]  Loss -7.8522 (-4.6144)
2022-04-14 21:40:41,243:INFO: Train: [215][2593/2594]  Loss -0.4778 (-1.7926)  Time:  0.131 (0.009)  Data Time:  0.002 (0.002)
2022-04-14 21:40:41,244:INFO:   Eta: 0:13:55
2022-04-14 21:40:47,114:INFO: Valid: [215][620/621]  Loss -8.8503 (-5.2051)
2022-04-14 21:40:47,131:INFO: Checkpoint saved...
2022-04-14 21:41:11,008:INFO: Train: [216][2593/2594]  Loss -0.4355 (-1.8225)  Time:  0.130 (0.009)  Data Time:  0.002 (0.002)
2022-04-14 21:41:11,009:INFO:   Eta: 0:13:30
2022-04-14 21:41:17,067:INFO: Valid: [216][620/621]  Loss -8.5795 (-5.0345)
2022-04-14 21:41:40,524:INFO: Train: [217][2593/2594]  Loss -0.4434 (-1.7823)  Time:  0.154 (0.009)  Data Time:  0.002 (0.002)
2022-04-14 21:41:40,525:INFO:   Eta: 0:12:53
2022-04-14 21:41:46,518:INFO: Valid: [217][620/621]  Loss -8.4985 (-4.9975)
2022-04-14 21:42:10,625:INFO: Train: [218][2593/2594]  Loss -0.5324 (-1.7859)  Time:  0.134 (0.009)  Data Time:  0.002 (0.002)
2022-04-14 21:42:10,626:INFO:   Eta: 0:12:50
2022-04-14 21:42:16,340:INFO: Valid: [218][620/621]  Loss -8.3082 (-4.8570)
2022-04-14 21:42:40,467:INFO: Train: [219][2593/2594]  Loss -0.4621 (-1.8110)  Time:  0.138 (0.009)  Data Time:  0.001 (0.002)
2022-04-14 21:42:40,468:INFO:   Eta: 0:12:26
2022-04-14 21:42:46,446:INFO: Valid: [219][620/621]  Loss -8.6920 (-5.1129)
2022-04-14 21:43:10,747:INFO: Train: [220][2593/2594]  Loss -0.4943 (-1.8475)  Time:  0.124 (0.009)  Data Time:  0.002 (0.002)
2022-04-14 21:43:10,748:INFO:   Eta: 0:12:08
2022-04-14 21:43:16,549:INFO: Valid: [220][620/621]  Loss -7.7787 (-4.5770)
2022-04-14 21:43:40,579:INFO: Train: [221][2593/2594]  Loss -0.4591 (-1.7617)  Time:  0.134 (0.009)  Data Time:  0.002 (0.002)
2022-04-14 21:43:40,580:INFO:   Eta: 0:11:35
2022-04-14 21:43:46,764:INFO: Valid: [221][620/621]  Loss -7.8436 (-4.6145)
2022-04-14 21:44:10,557:INFO: Train: [222][2593/2594]  Loss -0.4793 (-1.7893)  Time:  0.134 (0.009)  Data Time:  0.003 (0.002)
2022-04-14 21:44:10,557:INFO:   Eta: 0:11:05
2022-04-14 21:44:16,661:INFO: Valid: [222][620/621]  Loss -8.5029 (-5.0087)
2022-04-14 21:44:39,173:INFO: Train: [223][2593/2594]  Loss -0.4942 (-1.8135)  Time:  0.134 (0.009)  Data Time:  0.000 (0.002)
2022-04-14 21:44:39,175:INFO:   Eta: 0:10:06
2022-04-14 21:44:45,038:INFO: Valid: [223][620/621]  Loss -7.4028 (-4.3369)
2022-04-14 21:45:05,732:INFO: Train: [224][2593/2594]  Loss -0.5042 (-1.8089)  Time:  0.129 (0.008)  Data Time:  0.002 (0.001)
2022-04-14 21:45:05,734:INFO:   Eta: 0:08:57
2022-04-14 21:45:11,990:INFO: Valid: [224][620/621]  Loss -8.0422 (-4.7410)
2022-04-14 21:45:32,417:INFO: Train: [225][2593/2594]  Loss -0.4986 (-1.8170)  Time:  0.121 (0.008)  Data Time:  0.002 (0.001)
2022-04-14 21:45:32,418:INFO:   Eta: 0:08:29
2022-04-14 21:45:38,038:INFO: Valid: [225][620/621]  Loss -8.2666 (-4.8829)
2022-04-14 21:45:58,419:INFO: Train: [226][2593/2594]  Loss -0.4533 (-1.7417)  Time:  0.125 (0.008)  Data Time:  0.002 (0.001)
2022-04-14 21:45:58,420:INFO:   Eta: 0:08:08
2022-04-14 21:46:04,119:INFO: Valid: [226][620/621]  Loss -8.1786 (-4.8467)
2022-04-14 21:46:24,900:INFO: Train: [227][2593/2594]  Loss -0.4965 (-1.8648)  Time:  0.122 (0.008)  Data Time:  0.002 (0.001)
2022-04-14 21:46:24,902:INFO:   Eta: 0:07:57
2022-04-14 21:46:30,871:INFO: Valid: [227][620/621]  Loss -8.1457 (-4.8113)
2022-04-14 21:46:51,562:INFO: Train: [228][2593/2594]  Loss -0.5043 (-1.8049)  Time:  0.120 (0.008)  Data Time:  0.001 (0.001)
2022-04-14 21:46:51,563:INFO:   Eta: 0:07:34
2022-04-14 21:46:57,212:INFO: Valid: [228][620/621]  Loss -8.7906 (-5.1759)
2022-04-14 21:47:18,191:INFO: Train: [229][2593/2594]  Loss -0.4832 (-1.8596)  Time:  0.111 (0.008)  Data Time:  0.000 (0.001)
2022-04-14 21:47:18,192:INFO:   Eta: 0:07:19
2022-04-14 21:47:24,152:INFO: Valid: [229][620/621]  Loss -8.0471 (-4.7585)
2022-04-14 21:47:44,457:INFO: Train: [230][2593/2594]  Loss -0.4590 (-1.8308)  Time:  0.124 (0.008)  Data Time:  0.002 (0.001)
2022-04-14 21:47:44,458:INFO:   Eta: 0:06:45
2022-04-14 21:47:50,389:INFO: Valid: [230][620/621]  Loss -8.6593 (-5.1040)
2022-04-14 21:48:11,344:INFO: Train: [231][2593/2594]  Loss -0.4617 (-1.7738)  Time:  0.123 (0.008)  Data Time:  0.002 (0.001)
2022-04-14 21:48:11,345:INFO:   Eta: 0:06:37
2022-04-14 21:48:17,131:INFO: Valid: [231][620/621]  Loss -8.7604 (-5.1447)
2022-04-14 21:48:37,907:INFO: Train: [232][2593/2594]  Loss -0.4977 (-1.7381)  Time:  0.128 (0.008)  Data Time:  0.002 (0.001)
2022-04-14 21:48:37,908:INFO:   Eta: 0:06:13
2022-04-14 21:48:43,688:INFO: Valid: [232][620/621]  Loss -8.5329 (-5.0331)
2022-04-14 21:49:04,620:INFO: Train: [233][2593/2594]  Loss -0.5019 (-1.8563)  Time:  0.160 (0.008)  Data Time:  0.002 (0.001)
2022-04-14 21:49:04,621:INFO:   Eta: 0:05:55
2022-04-14 21:49:10,465:INFO: Valid: [233][620/621]  Loss -8.3599 (-4.9281)
2022-04-14 21:49:31,740:INFO: Train: [234][2593/2594]  Loss -0.5273 (-1.8374)  Time:  0.125 (0.008)  Data Time:  0.001 (0.001)
2022-04-14 21:49:31,798:INFO:   Eta: 0:05:39
2022-04-14 21:49:37,694:INFO: Valid: [234][620/621]  Loss -8.5375 (-5.0025)
2022-04-14 21:49:58,836:INFO: Train: [235][2593/2594]  Loss -0.5130 (-1.7772)  Time:  0.130 (0.008)  Data Time:  0.002 (0.001)
2022-04-14 21:49:58,837:INFO:   Eta: 0:05:16
2022-04-14 21:50:04,424:INFO: Valid: [235][620/621]  Loss -8.5923 (-5.0763)
2022-04-14 21:50:24,330:INFO: Train: [236][2593/2594]  Loss -0.5188 (-1.8448)  Time:  0.130 (0.008)  Data Time:  0.001 (0.001)
2022-04-14 21:50:24,331:INFO:   Eta: 0:04:38
2022-04-14 21:50:29,796:INFO: Valid: [236][620/621]  Loss -8.7631 (-5.1556)
2022-04-14 21:50:50,459:INFO: Train: [237][2593/2594]  Loss -0.4788 (-1.8455)  Time:  0.127 (0.008)  Data Time:  0.002 (0.001)
2022-04-14 21:50:50,461:INFO:   Eta: 0:04:28
2022-04-14 21:50:56,072:INFO: Valid: [237][620/621]  Loss -7.9343 (-4.6604)
2022-04-14 21:51:16,743:INFO: Train: [238][2593/2594]  Loss -0.5210 (-1.8356)  Time:  0.123 (0.008)  Data Time:  0.001 (0.001)
2022-04-14 21:51:16,744:INFO:   Eta: 0:04:07
2022-04-14 21:51:22,513:INFO: Valid: [238][620/621]  Loss -8.2385 (-4.8471)
2022-04-14 21:51:43,187:INFO: Train: [239][2593/2594]  Loss -0.4401 (-1.8128)  Time:  0.117 (0.008)  Data Time:  0.000 (0.001)
2022-04-14 21:51:43,188:INFO:   Eta: 0:03:47
2022-04-14 21:51:49,037:INFO: Valid: [239][620/621]  Loss -8.2636 (-4.8958)
2022-04-14 21:52:09,459:INFO: Train: [240][2593/2594]  Loss -0.4800 (-1.8595)  Time:  0.122 (0.008)  Data Time:  0.001 (0.001)
2022-04-14 21:52:09,460:INFO:   Eta: 0:03:23
2022-04-14 21:52:15,180:INFO: Valid: [240][620/621]  Loss -7.2942 (-4.2872)
2022-04-14 21:52:36,034:INFO: Train: [241][2593/2594]  Loss -0.4941 (-1.8516)  Time:  0.123 (0.008)  Data Time:  0.001 (0.001)
2022-04-14 21:52:36,034:INFO:   Eta: 0:03:07
2022-04-14 21:52:41,783:INFO: Valid: [241][620/621]  Loss -8.7067 (-5.1165)
2022-04-14 21:53:02,509:INFO: Train: [242][2593/2594]  Loss -0.5096 (-1.8474)  Time:  0.129 (0.008)  Data Time:  0.001 (0.001)
2022-04-14 21:53:02,509:INFO:   Eta: 0:02:45
2022-04-14 21:53:08,599:INFO: Valid: [242][620/621]  Loss -8.5602 (-5.0229)
2022-04-14 21:53:29,438:INFO: Train: [243][2593/2594]  Loss -0.5841 (-1.8287)  Time:  0.125 (0.008)  Data Time:  0.002 (0.001)
2022-04-14 21:53:29,439:INFO:   Eta: 0:02:25
2022-04-14 21:53:35,305:INFO: Valid: [243][620/621]  Loss -7.9193 (-4.6471)
2022-04-14 21:53:56,485:INFO: Train: [244][2593/2594]  Loss -0.4518 (-1.8335)  Time:  0.125 (0.008)  Data Time:  0.001 (0.001)
2022-04-14 21:53:56,487:INFO:   Eta: 0:02:06
2022-04-14 21:54:02,222:INFO: Valid: [244][620/621]  Loss -8.1478 (-4.7951)
2022-04-14 21:54:23,154:INFO: Train: [245][2593/2594]  Loss -0.5039 (-1.8450)  Time:  0.124 (0.008)  Data Time:  0.001 (0.001)
2022-04-14 21:54:23,154:INFO:   Eta: 0:01:44
2022-04-14 21:54:29,060:INFO: Valid: [245][620/621]  Loss -8.3459 (-4.9044)
2022-04-14 21:54:49,617:INFO: Train: [246][2593/2594]  Loss -0.4564 (-1.7221)  Time:  0.130 (0.008)  Data Time:  0.001 (0.001)
2022-04-14 21:54:49,619:INFO:   Eta: 0:01:22
2022-04-14 21:54:56,064:INFO: Valid: [246][620/621]  Loss -8.7277 (-5.1293)
2022-04-14 21:55:17,081:INFO: Train: [247][2593/2594]  Loss -0.4338 (-1.8396)  Time:  0.123 (0.008)  Data Time:  0.002 (0.001)
2022-04-14 21:55:17,083:INFO:   Eta: 0:01:02
2022-04-14 21:55:22,702:INFO: Valid: [247][620/621]  Loss -7.7255 (-4.5705)
2022-04-14 21:55:43,272:INFO: Train: [248][2593/2594]  Loss -0.4934 (-1.8082)  Time:  0.118 (0.008)  Data Time:  0.002 (0.001)
2022-04-14 21:55:43,273:INFO:   Eta: 0:00:41
2022-04-14 21:55:48,956:INFO: Valid: [248][620/621]  Loss -7.9971 (-4.6988)
2022-04-14 21:56:09,104:INFO: Train: [249][2593/2594]  Loss -0.4953 (-1.8168)  Time:  0.124 (0.008)  Data Time:  0.001 (0.001)
2022-04-14 21:56:09,105:INFO:   Eta: 0:00:20
2022-04-14 21:56:14,742:INFO: Valid: [249][620/621]  Loss -8.2002 (-4.8105)
