2022-04-11 05:56:27,557:INFO: batch_size=128
2022-04-11 05:56:27,557:INFO: clip_grad=None
2022-04-11 05:56:27,557:INFO: dataset=eth
2022-04-11 05:56:27,558:INFO: drop=0.0
2022-04-11 05:56:27,558:INFO: gpu_num=0
2022-04-11 05:56:27,558:INFO: init=kmeans-train-100
2022-04-11 05:56:27,558:INFO: input_size=2
2022-04-11 05:56:27,558:INFO: kernel_size=3
2022-04-11 05:56:27,558:INFO: lr=0.01
2022-04-11 05:56:27,558:INFO: lr_sh_rate=150
2022-04-11 05:56:27,558:INFO: model=social_stgcnn10
2022-04-11 05:56:27,558:INFO: n_stgcnn=1
2022-04-11 05:56:27,558:INFO: n_txpcnn=5
2022-04-11 05:56:27,558:INFO: num_epochs=250
2022-04-11 05:56:27,558:INFO: obs_seq_len=8
2022-04-11 05:56:27,558:INFO: output_size=5
2022-04-11 05:56:27,559:INFO: pred_seq_len=12
2022-04-11 05:56:27,559:INFO: seed=0
2022-04-11 05:56:27,559:INFO: tag=eth
2022-04-11 05:56:27,559:INFO: use_lrschd=True
2022-04-11 05:56:27,559:INFO: ******************************
2022-04-11 05:56:27,559:INFO: Training initiating....
2022-04-11 05:56:27,559:INFO: Namespace(batch_size=128, clip_grad=None, dataset='eth', drop=0.0, gpu_num='0', init='kmeans-train-100', input_size=2, kernel_size=3, lr=0.01, lr_sh_rate=150, model='social_stgcnn10', n_stgcnn=1, n_txpcnn=5, num_epochs=250, obs_seq_len=8, output_size=5, pred_seq_len=12, seed=0, tag='eth', use_lrschd=True)
2022-04-11 05:56:27,568:INFO: Initializing train dataset
2022-04-11 05:56:43,376:INFO: Initializing val dataset
2022-04-11 05:57:23,951:INFO: social_stgcnn10
2022-04-11 05:57:24,099:INFO: Data and model loaded
2022-04-11 05:57:24,099:INFO: Checkpoint dir: ./runs/Apr11_05-56-27_node09kmeans-train-100/eth/checkpoint
2022-04-11 05:57:24,099:INFO: Training started ...
2022-04-11 05:57:58,918:INFO: Train: [0][2784/2785]  Loss 0.6479 (1.2258)  Time:  0.474 (0.012)  Data Time:  0.004 (0.004)
2022-04-11 05:57:58,920:INFO:   Eta: 2:25:02
2022-04-11 05:58:34,553:INFO: Train: [1][2784/2785]  Loss 0.6481 (0.6315)  Time:  0.484 (0.013)  Data Time:  0.005 (0.005)
2022-04-11 05:58:34,554:INFO:   Eta: 2:27:47
2022-04-11 05:59:09,571:INFO: Train: [2][2784/2785]  Loss 0.4229 (0.3937)  Time:  0.521 (0.013)  Data Time:  0.005 (0.004)
2022-04-11 05:59:09,572:INFO:   Eta: 2:24:39
2022-04-11 05:59:45,072:INFO: Train: [3][2784/2785]  Loss 0.3755 (0.2385)  Time:  0.490 (0.013)  Data Time:  0.005 (0.005)
2022-04-11 05:59:45,072:INFO:   Eta: 2:26:04
2022-04-11 06:00:20,649:INFO: Train: [4][2784/2785]  Loss 0.2727 (0.1835)  Time:  0.507 (0.013)  Data Time:  0.005 (0.005)
2022-04-11 06:00:20,650:INFO:   Eta: 2:25:46
2022-04-11 06:00:51,944:INFO: Train: [5][2784/2785]  Loss -0.1310 (-0.0792)  Time:  0.427 (0.011)  Data Time:  0.002 (0.003)
2022-04-11 06:00:51,945:INFO:   Eta: 2:07:41
2022-04-11 06:01:20,207:INFO: Train: [6][2784/2785]  Loss -0.1412 (-0.1338)  Time:  0.446 (0.010)  Data Time:  0.005 (0.002)
2022-04-11 06:01:20,208:INFO:   Eta: 1:54:50
2022-04-11 06:01:22,425:INFO: Test: [6]  ADE: 0.9665  FDE: 1.3484
2022-04-11 06:01:53,804:INFO: Train: [7][2784/2785]  Loss -0.2363 (-0.1946)  Time:  0.565 (0.011)  Data Time:  0.004 (0.004)
2022-04-11 06:01:53,806:INFO:   Eta: 2:07:01
2022-04-11 06:02:26,079:INFO: Train: [8][2784/2785]  Loss -0.2565 (-0.2777)  Time:  0.551 (0.012)  Data Time:  0.009 (0.004)
2022-04-11 06:02:26,080:INFO:   Eta: 2:10:05
2022-04-11 06:03:01,380:INFO: Train: [9][2784/2785]  Loss -0.0623 (-0.2842)  Time:  0.486 (0.013)  Data Time:  0.004 (0.004)
2022-04-11 06:03:01,381:INFO:   Eta: 2:21:42
2022-04-11 06:03:36,572:INFO: Train: [10][2784/2785]  Loss -0.4211 (-0.4379)  Time:  0.489 (0.013)  Data Time:  0.005 (0.005)
2022-04-11 06:03:36,573:INFO:   Eta: 2:20:41
2022-04-11 06:04:11,833:INFO: Train: [11][2784/2785]  Loss -0.3827 (-0.3910)  Time:  0.550 (0.013)  Data Time:  0.005 (0.005)
2022-04-11 06:04:11,834:INFO:   Eta: 2:20:23
2022-04-11 06:04:47,156:INFO: Train: [12][2784/2785]  Loss -0.3655 (-0.4822)  Time:  0.480 (0.013)  Data Time:  0.005 (0.005)
2022-04-11 06:04:47,158:INFO:   Eta: 2:20:01
2022-04-11 06:05:22,414:INFO: Train: [13][2784/2785]  Loss -0.0754 (-0.5042)  Time:  0.553 (0.013)  Data Time:  0.005 (0.005)
2022-04-11 06:05:22,415:INFO:   Eta: 2:19:10
2022-04-11 06:05:54,555:INFO: Train: [14][2784/2785]  Loss -0.0380 (-0.4729)  Time:  0.495 (0.012)  Data Time:  0.003 (0.004)
2022-04-11 06:05:54,555:INFO:   Eta: 2:06:19
2022-04-11 06:06:28,249:INFO: Train: [15][2784/2785]  Loss -0.1456 (-0.6335)  Time:  0.502 (0.012)  Data Time:  0.005 (0.004)
2022-04-11 06:06:28,251:INFO:   Eta: 2:11:53
2022-04-11 06:07:02,199:INFO: Train: [16][2784/2785]  Loss -0.3960 (-0.6589)  Time:  0.425 (0.012)  Data Time:  0.004 (0.004)
2022-04-11 06:07:02,201:INFO:   Eta: 2:12:17
2022-04-11 06:07:04,338:INFO: Test: [16]  ADE: 0.9397  FDE: 1.4026
2022-04-11 06:07:35,255:INFO: Train: [17][2784/2785]  Loss -0.4206 (-0.6389)  Time:  0.408 (0.011)  Data Time:  0.004 (0.004)
2022-04-11 06:07:35,256:INFO:   Eta: 2:00:00
2022-04-11 06:08:06,916:INFO: Train: [18][2784/2785]  Loss -0.6578 (-0.6656)  Time:  0.469 (0.011)  Data Time:  0.004 (0.004)
2022-04-11 06:08:06,917:INFO:   Eta: 2:02:18
2022-04-11 06:08:38,969:INFO: Train: [19][2784/2785]  Loss -0.6931 (-0.6007)  Time:  0.570 (0.012)  Data Time:  0.004 (0.004)
2022-04-11 06:08:38,970:INFO:   Eta: 2:03:19
2022-04-11 06:09:13,978:INFO: Train: [20][2784/2785]  Loss -0.4695 (-0.7267)  Time:  0.476 (0.013)  Data Time:  0.005 (0.005)
2022-04-11 06:09:13,980:INFO:   Eta: 2:14:07
2022-04-11 06:09:49,065:INFO: Train: [21][2784/2785]  Loss -0.3104 (-0.6619)  Time:  0.510 (0.013)  Data Time:  0.005 (0.004)
2022-04-11 06:09:49,066:INFO:   Eta: 2:13:49
2022-04-11 06:10:24,051:INFO: Train: [22][2784/2785]  Loss -0.6668 (-0.8364)  Time:  0.454 (0.013)  Data Time:  0.004 (0.004)
2022-04-11 06:10:24,052:INFO:   Eta: 2:12:52
2022-04-11 06:10:55,535:INFO: Train: [23][2784/2785]  Loss -0.7569 (-0.8320)  Time:  0.415 (0.011)  Data Time:  0.004 (0.004)
2022-04-11 06:10:55,536:INFO:   Eta: 1:59:01
2022-04-11 06:11:30,653:INFO: Train: [24][2784/2785]  Loss -0.6529 (-0.8444)  Time:  0.486 (0.013)  Data Time:  0.005 (0.004)
2022-04-11 06:11:30,654:INFO:   Eta: 2:12:11
2022-04-11 06:12:05,683:INFO: Train: [25][2784/2785]  Loss -0.6253 (-0.7933)  Time:  0.468 (0.013)  Data Time:  0.004 (0.004)
2022-04-11 06:12:05,684:INFO:   Eta: 2:11:16
2022-04-11 06:12:40,580:INFO: Train: [26][2784/2785]  Loss -0.5888 (-0.8235)  Time:  0.486 (0.013)  Data Time:  0.004 (0.004)
2022-04-11 06:12:40,582:INFO:   Eta: 2:10:12
2022-04-11 06:12:42,928:INFO: Test: [26]  ADE: 0.7670  FDE: 1.1997
2022-04-11 06:13:15,896:INFO: Train: [27][2784/2785]  Loss -0.8792 (-0.8932)  Time:  0.436 (0.012)  Data Time:  0.004 (0.004)
2022-04-11 06:13:15,899:INFO:   Eta: 2:02:28
2022-04-11 06:13:47,685:INFO: Train: [28][2784/2785]  Loss -0.8419 (-0.9088)  Time:  0.476 (0.011)  Data Time:  0.004 (0.004)
2022-04-11 06:13:47,687:INFO:   Eta: 1:57:31
2022-04-11 06:14:19,253:INFO: Train: [29][2784/2785]  Loss -0.8419 (-0.9288)  Time:  0.467 (0.011)  Data Time:  0.004 (0.004)
2022-04-11 06:14:19,254:INFO:   Eta: 1:56:11
2022-04-11 06:14:52,511:INFO: Train: [30][2784/2785]  Loss -0.8140 (-0.9684)  Time:  0.466 (0.012)  Data Time:  0.004 (0.004)
2022-04-11 06:14:52,512:INFO:   Eta: 2:01:51
2022-04-11 06:15:26,079:INFO: Train: [31][2784/2785]  Loss -0.7317 (-1.0002)  Time:  0.522 (0.012)  Data Time:  0.004 (0.004)
2022-04-11 06:15:26,080:INFO:   Eta: 2:02:27
2022-04-11 06:15:58,034:INFO: Train: [32][2784/2785]  Loss -0.8856 (-1.0295)  Time:  0.473 (0.011)  Data Time:  0.003 (0.004)
2022-04-11 06:15:58,035:INFO:   Eta: 1:56:01
2022-04-11 06:16:33,915:INFO: Train: [33][2784/2785]  Loss -0.8185 (-0.9933)  Time:  0.471 (0.013)  Data Time:  0.004 (0.005)
2022-04-11 06:16:33,916:INFO:   Eta: 2:09:41
2022-04-11 06:17:09,680:INFO: Train: [34][2784/2785]  Loss -0.8742 (-1.0201)  Time:  0.489 (0.013)  Data Time:  0.004 (0.005)
2022-04-11 06:17:09,680:INFO:   Eta: 2:08:40
2022-04-11 06:17:44,314:INFO: Train: [35][2784/2785]  Loss -0.7971 (-1.0110)  Time:  0.478 (0.012)  Data Time:  0.004 (0.004)
2022-04-11 06:17:44,316:INFO:   Eta: 2:04:02
2022-04-11 06:18:19,482:INFO: Train: [36][2784/2785]  Loss -0.7841 (-0.9545)  Time:  0.489 (0.013)  Data Time:  0.004 (0.005)
2022-04-11 06:18:19,484:INFO:   Eta: 2:05:20
2022-04-11 06:18:21,822:INFO: Test: [36]  ADE: 0.6916  FDE: 1.1159
2022-04-11 06:18:57,614:INFO: Train: [37][2784/2785]  Loss -0.8145 (-1.0628)  Time:  0.501 (0.013)  Data Time:  0.005 (0.005)
2022-04-11 06:18:57,615:INFO:   Eta: 2:07:00
2022-04-11 06:19:29,869:INFO: Train: [38][2784/2785]  Loss -0.8854 (-1.0701)  Time:  0.422 (0.012)  Data Time:  0.003 (0.004)
2022-04-11 06:19:29,870:INFO:   Eta: 1:53:53
2022-04-11 06:20:01,093:INFO: Train: [39][2784/2785]  Loss -0.9867 (-1.0839)  Time:  0.450 (0.011)  Data Time:  0.003 (0.004)
2022-04-11 06:20:01,094:INFO:   Eta: 1:49:42
2022-04-11 06:20:29,847:INFO: Train: [40][2784/2785]  Loss -0.6933 (-1.1089)  Time:  0.389 (0.010)  Data Time:  0.004 (0.003)
2022-04-11 06:20:29,848:INFO:   Eta: 1:40:33
2022-04-11 06:20:59,975:INFO: Train: [41][2784/2785]  Loss -0.9969 (-1.0861)  Time:  0.608 (0.011)  Data Time:  0.005 (0.003)
2022-04-11 06:20:59,976:INFO:   Eta: 1:44:51
2022-04-11 06:21:35,300:INFO: Train: [42][2784/2785]  Loss -0.9916 (-1.1113)  Time:  0.471 (0.013)  Data Time:  0.004 (0.004)
2022-04-11 06:21:35,300:INFO:   Eta: 2:02:22
2022-04-11 06:22:10,877:INFO: Train: [43][2784/2785]  Loss -0.7207 (-1.0797)  Time:  0.490 (0.013)  Data Time:  0.003 (0.005)
2022-04-11 06:22:10,878:INFO:   Eta: 2:02:39
2022-04-11 06:22:46,261:INFO: Train: [44][2784/2785]  Loss -0.9822 (-1.1167)  Time:  0.429 (0.013)  Data Time:  0.003 (0.005)
2022-04-11 06:22:46,262:INFO:   Eta: 2:01:24
2022-04-11 06:23:20,893:INFO: Train: [45][2784/2785]  Loss -0.6766 (-1.2180)  Time:  0.534 (0.012)  Data Time:  0.006 (0.004)
2022-04-11 06:23:20,894:INFO:   Eta: 1:58:14
2022-04-11 06:23:55,933:INFO: Train: [46][2784/2785]  Loss -0.9776 (-1.1397)  Time:  0.491 (0.013)  Data Time:  0.005 (0.004)
2022-04-11 06:23:55,935:INFO:   Eta: 1:59:03
2022-04-11 06:23:58,309:INFO: Test: [46]  ADE: 0.6744  FDE: 1.0673
2022-04-11 06:24:34,117:INFO: Train: [47][2784/2785]  Loss -0.9285 (-1.1987)  Time:  0.471 (0.013)  Data Time:  0.002 (0.004)
2022-04-11 06:24:34,118:INFO:   Eta: 2:01:05
2022-04-11 06:25:09,395:INFO: Train: [48][2784/2785]  Loss -0.7736 (-1.1990)  Time:  0.448 (0.013)  Data Time:  0.003 (0.005)
2022-04-11 06:25:09,396:INFO:   Eta: 1:58:41
2022-04-11 06:25:40,362:INFO: Train: [49][2784/2785]  Loss -0.7634 (-1.1632)  Time:  0.407 (0.011)  Data Time:  0.002 (0.003)
2022-04-11 06:25:40,363:INFO:   Eta: 1:43:39
2022-04-11 06:26:10,136:INFO: Train: [50][2784/2785]  Loss -1.0414 (-1.1452)  Time:  0.498 (0.011)  Data Time:  0.003 (0.003)
2022-04-11 06:26:10,137:INFO:   Eta: 1:39:09
2022-04-11 06:26:42,157:INFO: Train: [51][2784/2785]  Loss -1.0053 (-1.1446)  Time:  0.445 (0.011)  Data Time:  0.003 (0.004)
2022-04-11 06:26:42,158:INFO:   Eta: 1:46:06
2022-04-11 06:27:14,331:INFO: Train: [52][2784/2785]  Loss -0.8670 (-1.2823)  Time:  0.479 (0.012)  Data Time:  0.004 (0.004)
2022-04-11 06:27:14,332:INFO:   Eta: 1:46:05
2022-04-11 06:27:49,933:INFO: Train: [53][2784/2785]  Loss -0.7702 (-1.2192)  Time:  0.518 (0.013)  Data Time:  0.004 (0.005)
2022-04-11 06:27:49,935:INFO:   Eta: 1:56:49
2022-04-11 06:28:24,391:INFO: Train: [54][2784/2785]  Loss -0.7350 (-1.3043)  Time:  0.468 (0.012)  Data Time:  0.004 (0.004)
2022-04-11 06:28:24,393:INFO:   Eta: 1:52:29
2022-04-11 06:28:59,640:INFO: Train: [55][2784/2785]  Loss -1.0884 (-1.2530)  Time:  0.494 (0.013)  Data Time:  0.005 (0.005)
2022-04-11 06:28:59,641:INFO:   Eta: 1:54:28
2022-04-11 06:29:34,851:INFO: Train: [56][2784/2785]  Loss -0.9861 (-1.2860)  Time:  0.496 (0.013)  Data Time:  0.005 (0.005)
2022-04-11 06:29:34,852:INFO:   Eta: 1:53:46
2022-04-11 06:29:37,357:INFO: Test: [56]  ADE: 0.6858  FDE: 1.0470
2022-04-11 06:30:12,008:INFO: Train: [57][2784/2785]  Loss -0.9402 (-1.2645)  Time:  0.524 (0.012)  Data Time:  0.004 (0.004)
2022-04-11 06:30:12,009:INFO:   Eta: 1:51:24
2022-04-11 06:30:44,481:INFO: Train: [58][2784/2785]  Loss -0.9587 (-1.2811)  Time:  0.457 (0.012)  Data Time:  0.004 (0.004)
2022-04-11 06:30:44,482:INFO:   Eta: 1:43:50
2022-04-11 06:31:19,879:INFO: Train: [59][2784/2785]  Loss -1.0377 (-1.2573)  Time:  0.590 (0.013)  Data Time:  0.005 (0.004)
2022-04-11 06:31:19,880:INFO:   Eta: 1:52:36
2022-04-11 06:31:53,410:INFO: Train: [60][2784/2785]  Loss -0.9470 (-1.2823)  Time:  0.419 (0.012)  Data Time:  0.003 (0.004)
2022-04-11 06:31:53,411:INFO:   Eta: 1:46:06
2022-04-11 06:32:25,176:INFO: Train: [61][2784/2785]  Loss -0.8588 (-1.3134)  Time:  0.467 (0.011)  Data Time:  0.004 (0.004)
2022-04-11 06:32:25,178:INFO:   Eta: 1:39:59
2022-04-11 06:32:56,917:INFO: Train: [62][2784/2785]  Loss -0.9699 (-1.3373)  Time:  0.483 (0.011)  Data Time:  0.002 (0.004)
2022-04-11 06:32:56,929:INFO:   Eta: 1:39:22
2022-04-11 06:33:29,912:INFO: Train: [63][2784/2785]  Loss -1.0228 (-1.2612)  Time:  0.516 (0.012)  Data Time:  0.004 (0.004)
2022-04-11 06:33:29,913:INFO:   Eta: 1:42:41
2022-04-11 06:34:04,508:INFO: Train: [64][2784/2785]  Loss -1.0151 (-1.2458)  Time:  0.490 (0.012)  Data Time:  0.003 (0.004)
2022-04-11 06:34:04,510:INFO:   Eta: 1:47:10
2022-04-11 06:34:39,914:INFO: Train: [65][2784/2785]  Loss -1.0934 (-1.2786)  Time:  0.555 (0.013)  Data Time:  0.005 (0.005)
2022-04-11 06:34:39,916:INFO:   Eta: 1:49:06
2022-04-11 06:35:12,641:INFO: Train: [66][2784/2785]  Loss -0.9330 (-1.3273)  Time:  0.439 (0.012)  Data Time:  0.003 (0.004)
2022-04-11 06:35:12,643:INFO:   Eta: 1:40:17
2022-04-11 06:35:14,911:INFO: Test: [66]  ADE: 0.7031  FDE: 1.1770
2022-04-11 06:35:49,062:INFO: Train: [67][2784/2785]  Loss -1.0785 (-1.3320)  Time:  0.648 (0.012)  Data Time:  0.002 (0.004)
2022-04-11 06:35:49,063:INFO:   Eta: 1:44:06
2022-04-11 06:36:24,117:INFO: Train: [68][2784/2785]  Loss -1.0748 (-1.3439)  Time:  0.535 (0.013)  Data Time:  0.004 (0.004)
2022-04-11 06:36:24,118:INFO:   Eta: 1:46:15
2022-04-11 06:36:59,733:INFO: Train: [69][2784/2785]  Loss -0.9256 (-1.3589)  Time:  0.506 (0.013)  Data Time:  0.004 (0.004)
2022-04-11 06:36:59,734:INFO:   Eta: 1:47:22
2022-04-11 06:37:34,686:INFO: Train: [70][2784/2785]  Loss -0.9775 (-1.3880)  Time:  0.462 (0.013)  Data Time:  0.004 (0.005)
2022-04-11 06:37:34,687:INFO:   Eta: 1:44:47
2022-04-11 06:38:07,568:INFO: Train: [71][2784/2785]  Loss -1.0851 (-1.3460)  Time:  0.420 (0.012)  Data Time:  0.003 (0.004)
2022-04-11 06:38:07,569:INFO:   Eta: 1:38:02
2022-04-11 06:38:39,049:INFO: Train: [72][2784/2785]  Loss -1.1186 (-1.4082)  Time:  0.491 (0.011)  Data Time:  0.005 (0.004)
2022-04-11 06:38:39,050:INFO:   Eta: 1:33:20
2022-04-11 06:39:10,294:INFO: Train: [73][2784/2785]  Loss -0.8790 (-1.3877)  Time:  0.459 (0.011)  Data Time:  0.004 (0.004)
2022-04-11 06:39:10,296:INFO:   Eta: 1:32:06
2022-04-11 06:39:42,714:INFO: Train: [74][2784/2785]  Loss -1.2258 (-1.4084)  Time:  0.437 (0.012)  Data Time:  0.004 (0.004)
2022-04-11 06:39:42,715:INFO:   Eta: 1:35:01
2022-04-11 06:40:14,492:INFO: Train: [75][2784/2785]  Loss -0.8966 (-1.3268)  Time:  0.443 (0.011)  Data Time:  0.003 (0.004)
2022-04-11 06:40:14,493:INFO:   Eta: 1:32:37
2022-04-11 06:40:48,742:INFO: Train: [76][2784/2785]  Loss -1.0053 (-1.3817)  Time:  0.435 (0.012)  Data Time:  0.004 (0.004)
2022-04-11 06:40:48,743:INFO:   Eta: 1:39:15
2022-04-11 06:40:51,070:INFO: Test: [76]  ADE: 0.7194  FDE: 1.2511
2022-04-11 06:41:26,707:INFO: Train: [77][2784/2785]  Loss -0.9984 (-1.4367)  Time:  0.496 (0.013)  Data Time:  0.004 (0.004)
2022-04-11 06:41:26,708:INFO:   Eta: 1:42:42
2022-04-11 06:42:02,096:INFO: Train: [78][2784/2785]  Loss -1.0654 (-1.3961)  Time:  0.460 (0.013)  Data Time:  0.004 (0.005)
2022-04-11 06:42:02,097:INFO:   Eta: 1:41:22
2022-04-11 06:42:37,505:INFO: Train: [79][2784/2785]  Loss -1.0328 (-1.4160)  Time:  0.554 (0.013)  Data Time:  0.005 (0.005)
2022-04-11 06:42:37,506:INFO:   Eta: 1:40:50
2022-04-11 06:43:13,003:INFO: Train: [80][2784/2785]  Loss -1.2066 (-1.4188)  Time:  0.498 (0.013)  Data Time:  0.005 (0.005)
2022-04-11 06:43:13,004:INFO:   Eta: 1:40:30
2022-04-11 06:43:48,975:INFO: Train: [81][2784/2785]  Loss -1.0566 (-1.4219)  Time:  0.496 (0.013)  Data Time:  0.005 (0.004)
2022-04-11 06:43:48,977:INFO:   Eta: 1:41:15
2022-04-11 06:44:21,815:INFO: Train: [82][2784/2785]  Loss -1.0133 (-1.4411)  Time:  0.436 (0.012)  Data Time:  0.003 (0.004)
2022-04-11 06:44:21,816:INFO:   Eta: 1:31:53
2022-04-11 06:44:50,564:INFO: Train: [83][2784/2785]  Loss -1.1158 (-1.4817)  Time:  0.392 (0.010)  Data Time:  0.002 (0.003)
2022-04-11 06:44:50,565:INFO:   Eta: 1:19:57
2022-04-11 06:45:19,899:INFO: Train: [84][2784/2785]  Loss -0.9539 (-1.4374)  Time:  0.473 (0.011)  Data Time:  0.004 (0.003)
2022-04-11 06:45:19,901:INFO:   Eta: 1:21:05
2022-04-11 06:45:50,916:INFO: Train: [85][2784/2785]  Loss -1.0924 (-1.4733)  Time:  0.475 (0.011)  Data Time:  0.004 (0.003)
2022-04-11 06:45:50,917:INFO:   Eta: 1:25:12
2022-04-11 06:46:27,070:INFO: Train: [86][2784/2785]  Loss -1.1704 (-1.3523)  Time:  0.535 (0.013)  Data Time:  0.005 (0.005)
2022-04-11 06:46:27,071:INFO:   Eta: 1:38:45
2022-04-11 06:46:29,419:INFO: Test: [86]  ADE: 0.7522  FDE: 1.2115
2022-04-11 06:47:05,207:INFO: Train: [87][2784/2785]  Loss -1.1880 (-1.4162)  Time:  0.486 (0.013)  Data Time:  0.004 (0.005)
2022-04-11 06:47:05,209:INFO:   Eta: 1:37:10
2022-04-11 06:47:40,449:INFO: Train: [88][2784/2785]  Loss -0.7097 (-1.3370)  Time:  0.514 (0.013)  Data Time:  0.004 (0.005)
2022-04-11 06:47:40,450:INFO:   Eta: 1:35:05
2022-04-11 06:48:15,792:INFO: Train: [89][2784/2785]  Loss -1.0846 (-1.4729)  Time:  0.553 (0.013)  Data Time:  0.004 (0.005)
2022-04-11 06:48:15,793:INFO:   Eta: 1:34:47
2022-04-11 06:48:51,119:INFO: Train: [90][2784/2785]  Loss -1.1585 (-1.4332)  Time:  0.578 (0.013)  Data Time:  0.005 (0.005)
2022-04-11 06:48:51,120:INFO:   Eta: 1:34:08
2022-04-11 06:49:26,499:INFO: Train: [91][2784/2785]  Loss -1.0237 (-1.4778)  Time:  0.485 (0.013)  Data Time:  0.004 (0.004)
2022-04-11 06:49:26,500:INFO:   Eta: 1:33:42
2022-04-11 06:49:59,627:INFO: Train: [92][2784/2785]  Loss -1.0780 (-1.4532)  Time:  0.486 (0.012)  Data Time:  0.004 (0.004)
2022-04-11 06:49:59,628:INFO:   Eta: 1:27:10
2022-04-11 06:50:31,016:INFO: Train: [93][2784/2785]  Loss -1.2065 (-1.5054)  Time:  0.525 (0.011)  Data Time:  0.004 (0.004)
2022-04-11 06:50:31,017:INFO:   Eta: 1:22:05
2022-04-11 06:51:01,536:INFO: Train: [94][2784/2785]  Loss -1.2565 (-1.4228)  Time:  0.444 (0.011)  Data Time:  0.004 (0.003)
2022-04-11 06:51:01,537:INFO:   Eta: 1:19:17
2022-04-11 06:51:33,212:INFO: Train: [95][2784/2785]  Loss -1.1566 (-1.3778)  Time:  0.446 (0.011)  Data Time:  0.003 (0.004)
2022-04-11 06:51:33,213:INFO:   Eta: 1:21:46
2022-04-11 06:52:06,101:INFO: Train: [96][2784/2785]  Loss -1.2347 (-1.4701)  Time:  0.515 (0.012)  Data Time:  0.004 (0.004)
2022-04-11 06:52:06,103:INFO:   Eta: 1:24:21
2022-04-11 06:52:08,424:INFO: Test: [96]  ADE: 0.8738  FDE: 1.5624
2022-04-11 06:52:44,425:INFO: Train: [97][2784/2785]  Loss -1.1558 (-1.4738)  Time:  0.466 (0.013)  Data Time:  0.004 (0.005)
2022-04-11 06:52:44,427:INFO:   Eta: 1:31:45
2022-04-11 06:53:20,036:INFO: Train: [98][2784/2785]  Loss -1.0406 (-1.4284)  Time:  0.482 (0.013)  Data Time:  0.004 (0.005)
2022-04-11 06:53:20,037:INFO:   Eta: 1:30:09
2022-04-11 06:53:55,499:INFO: Train: [99][2784/2785]  Loss -1.1499 (-1.4653)  Time:  0.484 (0.013)  Data Time:  0.004 (0.005)
2022-04-11 06:53:55,501:INFO:   Eta: 1:29:12
2022-04-11 06:54:30,724:INFO: Train: [100][2784/2785]  Loss -1.2229 (-1.5232)  Time:  0.454 (0.013)  Data Time:  0.004 (0.005)
2022-04-11 06:54:30,726:INFO:   Eta: 1:28:00
2022-04-11 06:55:02,955:INFO: Train: [101][2784/2785]  Loss -1.1289 (-1.4736)  Time:  0.471 (0.012)  Data Time:  0.004 (0.004)
2022-04-11 06:55:02,956:INFO:   Eta: 1:19:59
2022-04-11 06:55:37,470:INFO: Train: [102][2784/2785]  Loss -1.0707 (-1.5357)  Time:  0.478 (0.012)  Data Time:  0.003 (0.004)
2022-04-11 06:55:37,472:INFO:   Eta: 1:25:05
2022-04-11 06:56:12,143:INFO: Train: [103][2784/2785]  Loss -1.3191 (-1.5489)  Time:  0.522 (0.012)  Data Time:  0.005 (0.004)
2022-04-11 06:56:12,144:INFO:   Eta: 1:24:53
