2022-03-31 08:33:23,918:INFO: batch_size=128
2022-03-31 08:33:23,919:INFO: clip_grad=None
2022-03-31 08:33:23,919:INFO: dataset=eth
2022-03-31 08:33:23,919:INFO: gpu_num=0
2022-03-31 08:33:23,919:INFO: input_size=2
2022-03-31 08:33:23,919:INFO: kernel_size=3
2022-03-31 08:33:23,919:INFO: lr=0.01
2022-03-31 08:33:23,919:INFO: lr_sh_rate=150
2022-03-31 08:33:23,919:INFO: model=social_stgcnn9
2022-03-31 08:33:23,919:INFO: n_stgcnn=1
2022-03-31 08:33:23,920:INFO: n_txpcnn=5
2022-03-31 08:33:23,920:INFO: num_epochs=250
2022-03-31 08:33:23,920:INFO: obs_seq_len=8
2022-03-31 08:33:23,920:INFO: output_size=5
2022-03-31 08:33:23,920:INFO: pred_seq_len=12
2022-03-31 08:33:23,920:INFO: seed=0
2022-03-31 08:33:23,920:INFO: tag=eth
2022-03-31 08:33:23,920:INFO: use_lrschd=True
2022-03-31 08:33:23,920:INFO: ******************************
2022-03-31 08:33:23,920:INFO: Training initiating....
2022-03-31 08:33:23,920:INFO: Namespace(batch_size=128, clip_grad=None, dataset='eth', gpu_num='0', input_size=2, kernel_size=3, lr=0.01, lr_sh_rate=150, model='social_stgcnn9', n_stgcnn=1, n_txpcnn=5, num_epochs=250, obs_seq_len=8, output_size=5, pred_seq_len=12, seed=0, tag='eth', use_lrschd=True)
2022-03-31 08:33:23,948:INFO: Initializing train dataset
2022-03-31 08:33:37,778:INFO: Initializing val dataset
2022-03-31 08:33:49,965:INFO: social_stgcnn9
2022-03-31 08:33:49,967:INFO: Data and model loaded
2022-03-31 08:33:49,967:INFO: Checkpoint dir: ./runs/Mar31_08-33-23_node09/eth/checkpoint
2022-03-31 08:33:49,967:INFO: Training started ...
2022-03-31 08:34:24,606:INFO: Train: [0][2784/2785]  Loss 0.5004 (1.2558)  Time:  0.546 (0.012)  Data Time:  0.004 (0.004)
2022-03-31 08:34:24,607:INFO:   Eta: 2:24:17
2022-03-31 08:35:01,219:INFO: Train: [1][2784/2785]  Loss 0.2837 (0.5420)  Time:  0.549 (0.013)  Data Time:  0.005 (0.005)
2022-03-31 08:35:01,220:INFO:   Eta: 2:31:49
2022-03-31 08:35:36,149:INFO: Train: [2][2784/2785]  Loss 0.1950 (0.3695)  Time:  0.491 (0.013)  Data Time:  0.004 (0.004)
2022-03-31 08:35:36,150:INFO:   Eta: 2:24:17
2022-03-31 08:36:11,547:INFO: Train: [3][2784/2785]  Loss -0.0168 (0.2831)  Time:  0.481 (0.013)  Data Time:  0.005 (0.005)
2022-03-31 08:36:11,622:INFO:   Eta: 2:25:37
2022-03-31 08:36:47,467:INFO: Train: [4][2784/2785]  Loss -0.0891 (0.0268)  Time:  0.489 (0.013)  Data Time:  0.005 (0.005)
2022-03-31 08:36:47,470:INFO:   Eta: 2:24:42
2022-03-31 08:37:17,950:INFO: Train: [5][2784/2785]  Loss 0.3711 (-0.1199)  Time:  0.379 (0.011)  Data Time:  0.002 (0.003)
2022-03-31 08:37:17,975:INFO:   Eta: 2:04:18
2022-03-31 08:37:44,338:INFO: Train: [6][2784/2785]  Loss 0.6077 (-0.1867)  Time:  0.431 (0.009)  Data Time:  0.004 (0.002)
2022-03-31 08:37:44,358:INFO:   Eta: 1:46:04
2022-03-31 08:37:46,760:INFO: Test: [6]  ADE: 0.9964  FDE: 1.3646
2022-03-31 08:38:19,260:INFO: Train: [7][2784/2785]  Loss 0.0008 (-0.1009)  Time:  0.424 (0.011)  Data Time:  0.003 (0.004)
2022-03-31 08:38:19,261:INFO:   Eta: 2:06:47
2022-03-31 08:38:52,012:INFO: Train: [8][2784/2785]  Loss -0.3088 (-0.2108)  Time:  0.532 (0.012)  Data Time:  0.003 (0.004)
2022-03-31 08:38:52,014:INFO:   Eta: 2:12:01
2022-03-31 08:39:27,060:INFO: Train: [9][2784/2785]  Loss -0.2891 (-0.3386)  Time:  0.468 (0.013)  Data Time:  0.005 (0.004)
2022-03-31 08:39:27,062:INFO:   Eta: 2:20:41
2022-03-31 08:40:02,167:INFO: Train: [10][2784/2785]  Loss 0.1802 (-0.3294)  Time:  0.489 (0.013)  Data Time:  0.005 (0.005)
2022-03-31 08:40:02,168:INFO:   Eta: 2:20:19
2022-03-31 08:40:37,328:INFO: Train: [11][2784/2785]  Loss -0.4211 (-0.4701)  Time:  0.488 (0.013)  Data Time:  0.005 (0.005)
2022-03-31 08:40:37,329:INFO:   Eta: 2:19:58
2022-03-31 08:41:12,561:INFO: Train: [12][2784/2785]  Loss -0.4485 (-0.4837)  Time:  0.528 (0.013)  Data Time:  0.005 (0.005)
2022-03-31 08:41:12,563:INFO:   Eta: 2:19:39
2022-03-31 08:41:47,627:INFO: Train: [13][2784/2785]  Loss -0.4833 (-0.5474)  Time:  0.524 (0.013)  Data Time:  0.005 (0.004)
2022-03-31 08:41:47,628:INFO:   Eta: 2:18:25
2022-03-31 08:42:20,534:INFO: Train: [14][2784/2785]  Loss -0.4050 (-0.4521)  Time:  0.406 (0.012)  Data Time:  0.003 (0.004)
2022-03-31 08:42:20,536:INFO:   Eta: 2:09:21
2022-03-31 08:42:52,999:INFO: Train: [15][2784/2785]  Loss -0.5596 (-0.5718)  Time:  0.515 (0.012)  Data Time:  0.004 (0.004)
2022-03-31 08:42:53,001:INFO:   Eta: 2:07:03
2022-03-31 08:43:25,112:INFO: Train: [16][2784/2785]  Loss -0.5940 (-0.5704)  Time:  0.419 (0.012)  Data Time:  0.004 (0.004)
2022-03-31 08:43:25,123:INFO:   Eta: 2:05:07
2022-03-31 08:43:27,436:INFO: Test: [16]  ADE: 0.8061  FDE: 1.2314
2022-03-31 08:43:58,658:INFO: Train: [17][2784/2785]  Loss -0.5206 (-0.6813)  Time:  0.426 (0.011)  Data Time:  0.002 (0.004)
2022-03-31 08:43:58,661:INFO:   Eta: 2:01:04
2022-03-31 08:44:30,412:INFO: Train: [18][2784/2785]  Loss -0.5855 (-0.6487)  Time:  0.426 (0.011)  Data Time:  0.004 (0.004)
2022-03-31 08:44:30,413:INFO:   Eta: 2:02:35
2022-03-31 08:45:03,556:INFO: Train: [19][2784/2785]  Loss -0.7263 (-0.6248)  Time:  0.572 (0.012)  Data Time:  0.004 (0.004)
2022-03-31 08:45:03,558:INFO:   Eta: 2:07:31
2022-03-31 08:45:40,880:INFO: Train: [20][2784/2785]  Loss -0.6608 (-0.7406)  Time:  0.495 (0.013)  Data Time:  0.004 (0.005)
2022-03-31 08:45:40,881:INFO:   Eta: 2:22:57
2022-03-31 08:46:16,380:INFO: Train: [21][2784/2785]  Loss -0.5930 (-0.7150)  Time:  0.478 (0.013)  Data Time:  0.005 (0.005)
2022-03-31 08:46:16,382:INFO:   Eta: 2:15:24
2022-03-31 08:46:51,968:INFO: Train: [22][2784/2785]  Loss -0.6863 (-0.7606)  Time:  0.453 (0.013)  Data Time:  0.005 (0.005)
2022-03-31 08:46:51,969:INFO:   Eta: 2:15:08
2022-03-31 08:47:24,005:INFO: Train: [23][2784/2785]  Loss -0.5001 (-0.7221)  Time:  0.433 (0.011)  Data Time:  0.003 (0.004)
2022-03-31 08:47:24,006:INFO:   Eta: 2:01:06
2022-03-31 08:47:57,494:INFO: Train: [24][2784/2785]  Loss -0.5697 (-0.6666)  Time:  0.482 (0.012)  Data Time:  0.004 (0.004)
2022-03-31 08:47:57,496:INFO:   Eta: 2:06:02
2022-03-31 08:48:32,512:INFO: Train: [25][2784/2785]  Loss -0.6257 (-0.8338)  Time:  0.486 (0.013)  Data Time:  0.006 (0.005)
2022-03-31 08:48:32,514:INFO:   Eta: 2:11:13
2022-03-31 08:49:07,873:INFO: Train: [26][2784/2785]  Loss -0.7904 (-0.8854)  Time:  0.533 (0.013)  Data Time:  0.005 (0.004)
2022-03-31 08:49:07,874:INFO:   Eta: 2:11:54
2022-03-31 08:49:10,308:INFO: Test: [26]  ADE: 1.4405  FDE: 2.4997
2022-03-31 08:49:42,331:INFO: Train: [27][2784/2785]  Loss -0.7062 (-0.8039)  Time:  0.441 (0.011)  Data Time:  0.003 (0.004)
2022-03-31 08:49:42,333:INFO:   Eta: 1:58:57
2022-03-31 08:50:13,860:INFO: Train: [28][2784/2785]  Loss -0.7743 (-0.8914)  Time:  0.432 (0.011)  Data Time:  0.003 (0.004)
2022-03-31 08:50:13,862:INFO:   Eta: 1:56:34
2022-03-31 08:50:45,120:INFO: Train: [29][2784/2785]  Loss -0.4841 (-0.9495)  Time:  0.454 (0.011)  Data Time:  0.004 (0.004)
2022-03-31 08:50:45,122:INFO:   Eta: 1:55:03
2022-03-31 08:51:19,712:INFO: Train: [30][2784/2785]  Loss -0.8241 (-1.0115)  Time:  0.493 (0.012)  Data Time:  0.005 (0.004)
2022-03-31 08:51:19,714:INFO:   Eta: 2:06:42
2022-03-31 08:51:54,170:INFO: Train: [31][2784/2785]  Loss -0.8628 (-1.0233)  Time:  0.478 (0.012)  Data Time:  0.004 (0.004)
2022-03-31 08:51:54,172:INFO:   Eta: 2:05:41
2022-03-31 08:52:26,085:INFO: Train: [32][2784/2785]  Loss -0.8655 (-0.9646)  Time:  0.459 (0.011)  Data Time:  0.005 (0.004)
2022-03-31 08:52:26,087:INFO:   Eta: 1:55:51
2022-03-31 08:53:00,865:INFO: Train: [33][2784/2785]  Loss -0.6911 (-1.0679)  Time:  0.480 (0.012)  Data Time:  0.004 (0.004)
2022-03-31 08:53:00,866:INFO:   Eta: 2:05:41
2022-03-31 08:53:35,857:INFO: Train: [34][2784/2785]  Loss -0.8190 (-0.9994)  Time:  0.471 (0.013)  Data Time:  0.004 (0.005)
2022-03-31 08:53:35,859:INFO:   Eta: 2:05:52
2022-03-31 08:54:11,289:INFO: Train: [35][2784/2785]  Loss -0.6370 (-1.0071)  Time:  0.481 (0.013)  Data Time:  0.004 (0.005)
2022-03-31 08:54:11,290:INFO:   Eta: 2:06:52
2022-03-31 08:54:46,459:INFO: Train: [36][2784/2785]  Loss -0.7850 (-1.0226)  Time:  0.491 (0.013)  Data Time:  0.004 (0.005)
2022-03-31 08:54:46,460:INFO:   Eta: 2:05:21
2022-03-31 08:54:48,891:INFO: Test: [36]  ADE: 0.8490  FDE: 1.4618
2022-03-31 08:55:23,844:INFO: Train: [37][2784/2785]  Loss -0.8982 (-0.9150)  Time:  0.389 (0.013)  Data Time:  0.003 (0.005)
2022-03-31 08:55:23,845:INFO:   Eta: 2:04:01
2022-03-31 08:55:57,383:INFO: Train: [38][2784/2785]  Loss -0.7335 (-1.0837)  Time:  0.468 (0.012)  Data Time:  0.005 (0.004)
2022-03-31 08:55:57,385:INFO:   Eta: 1:58:25
2022-03-31 08:56:28,511:INFO: Train: [39][2784/2785]  Loss -0.8706 (-1.0857)  Time:  0.411 (0.011)  Data Time:  0.003 (0.004)
2022-03-31 08:56:28,513:INFO:   Eta: 1:49:22
2022-03-31 08:56:58,539:INFO: Train: [40][2784/2785]  Loss -0.7771 (-1.0065)  Time:  0.385 (0.011)  Data Time:  0.003 (0.003)
2022-03-31 08:56:58,540:INFO:   Eta: 1:45:00
2022-03-31 08:57:30,552:INFO: Train: [41][2784/2785]  Loss -0.7402 (-1.1259)  Time:  0.453 (0.011)  Data Time:  0.005 (0.004)
2022-03-31 08:57:30,563:INFO:   Eta: 1:51:25
2022-03-31 08:58:04,846:INFO: Train: [42][2784/2785]  Loss -0.9981 (-1.1503)  Time:  0.518 (0.012)  Data Time:  0.005 (0.004)
2022-03-31 08:58:04,847:INFO:   Eta: 1:58:38
2022-03-31 08:58:40,289:INFO: Train: [43][2784/2785]  Loss -0.8324 (-1.1587)  Time:  0.486 (0.013)  Data Time:  0.005 (0.005)
2022-03-31 08:58:40,290:INFO:   Eta: 2:02:12
2022-03-31 08:59:14,848:INFO: Train: [44][2784/2785]  Loss -0.8889 (-1.1593)  Time:  0.492 (0.012)  Data Time:  0.005 (0.004)
2022-03-31 08:59:14,849:INFO:   Eta: 1:58:34
2022-03-31 08:59:50,009:INFO: Train: [45][2784/2785]  Loss -0.8925 (-1.1469)  Time:  0.474 (0.013)  Data Time:  0.004 (0.004)
2022-03-31 08:59:50,011:INFO:   Eta: 2:00:03
2022-03-31 09:00:25,271:INFO: Train: [46][2784/2785]  Loss -0.7205 (-1.1201)  Time:  0.473 (0.013)  Data Time:  0.004 (0.005)
2022-03-31 09:00:25,306:INFO:   Eta: 1:59:48
2022-03-31 09:00:27,830:INFO: Test: [46]  ADE: 0.6810  FDE: 1.0567
2022-03-31 09:01:03,058:INFO: Train: [47][2784/2785]  Loss -0.7716 (-1.1707)  Time:  0.543 (0.013)  Data Time:  0.005 (0.005)
2022-03-31 09:01:03,061:INFO:   Eta: 1:59:07
2022-03-31 09:01:37,296:INFO: Train: [48][2784/2785]  Loss -0.7946 (-1.1373)  Time:  0.429 (0.012)  Data Time:  0.004 (0.004)
2022-03-31 09:01:37,297:INFO:   Eta: 1:55:10
2022-03-31 09:02:06,433:INFO: Train: [49][2784/2785]  Loss -0.7532 (-1.2207)  Time:  0.376 (0.010)  Data Time:  0.003 (0.003)
2022-03-31 09:02:06,434:INFO:   Eta: 1:37:31
2022-03-31 09:02:35,262:INFO: Train: [50][2784/2785]  Loss -1.0534 (-1.1754)  Time:  0.406 (0.010)  Data Time:  0.003 (0.003)
2022-03-31 09:02:35,264:INFO:   Eta: 1:36:00
2022-03-31 09:03:05,951:INFO: Train: [51][2784/2785]  Loss -0.9459 (-1.1702)  Time:  0.462 (0.011)  Data Time:  0.004 (0.004)
2022-03-31 09:03:05,952:INFO:   Eta: 1:41:42
2022-03-31 09:03:40,560:INFO: Train: [52][2784/2785]  Loss -0.9075 (-1.1276)  Time:  0.566 (0.012)  Data Time:  0.004 (0.004)
2022-03-31 09:03:40,563:INFO:   Eta: 1:54:07
2022-03-31 09:04:15,139:INFO: Train: [53][2784/2785]  Loss -0.9812 (-1.1752)  Time:  0.478 (0.012)  Data Time:  0.004 (0.005)
2022-03-31 09:04:15,141:INFO:   Eta: 1:53:24
2022-03-31 09:04:50,528:INFO: Train: [54][2784/2785]  Loss -1.0465 (-1.1770)  Time:  0.486 (0.013)  Data Time:  0.005 (0.005)
2022-03-31 09:04:50,530:INFO:   Eta: 1:55:30
2022-03-31 09:05:25,673:INFO: Train: [55][2784/2785]  Loss -0.9699 (-1.2245)  Time:  0.471 (0.013)  Data Time:  0.005 (0.005)
2022-03-31 09:05:25,674:INFO:   Eta: 1:54:06
2022-03-31 09:06:00,268:INFO: Train: [56][2784/2785]  Loss -0.7870 (-1.2318)  Time:  0.467 (0.012)  Data Time:  0.004 (0.005)
2022-03-31 09:06:00,269:INFO:   Eta: 1:51:46
2022-03-31 09:06:02,696:INFO: Test: [56]  ADE: 0.7248  FDE: 1.1291
2022-03-31 09:06:40,953:INFO: Train: [57][2784/2785]  Loss -1.0312 (-1.2213)  Time:  0.509 (0.014)  Data Time:  0.005 (0.005)
2022-03-31 09:06:40,954:INFO:   Eta: 2:02:59
2022-03-31 09:07:13,648:INFO: Train: [58][2784/2785]  Loss -1.0089 (-1.2279)  Time:  0.426 (0.012)  Data Time:  0.004 (0.004)
2022-03-31 09:07:13,649:INFO:   Eta: 1:44:33
2022-03-31 09:07:46,779:INFO: Train: [59][2784/2785]  Loss -0.8790 (-1.2476)  Time:  0.447 (0.012)  Data Time:  0.003 (0.004)
2022-03-31 09:07:46,781:INFO:   Eta: 1:45:22
2022-03-31 09:08:17,359:INFO: Train: [60][2784/2785]  Loss -0.6960 (-1.2208)  Time:  0.463 (0.011)  Data Time:  0.004 (0.003)
2022-03-31 09:08:17,360:INFO:   Eta: 1:36:44
2022-03-31 09:08:49,216:INFO: Train: [61][2784/2785]  Loss -0.7355 (-1.2952)  Time:  0.485 (0.011)  Data Time:  0.003 (0.004)
2022-03-31 09:08:49,218:INFO:   Eta: 1:40:16
2022-03-31 09:09:21,046:INFO: Train: [62][2784/2785]  Loss -1.1194 (-1.2709)  Time:  0.524 (0.011)  Data Time:  0.004 (0.004)
2022-03-31 09:09:21,048:INFO:   Eta: 1:39:39
2022-03-31 09:09:56,220:INFO: Train: [63][2784/2785]  Loss -0.8468 (-1.1754)  Time:  0.487 (0.013)  Data Time:  0.005 (0.004)
2022-03-31 09:09:56,221:INFO:   Eta: 1:49:31
2022-03-31 09:10:31,775:INFO: Train: [64][2784/2785]  Loss -1.0137 (-1.2262)  Time:  0.517 (0.013)  Data Time:  0.005 (0.005)
2022-03-31 09:10:31,777:INFO:   Eta: 1:50:09
2022-03-31 09:11:07,734:INFO: Train: [65][2784/2785]  Loss -1.0835 (-1.2259)  Time:  0.471 (0.013)  Data Time:  0.004 (0.005)
2022-03-31 09:11:07,735:INFO:   Eta: 1:50:44
2022-03-31 09:11:43,181:INFO: Train: [66][2784/2785]  Loss -1.0085 (-1.2623)  Time:  0.486 (0.013)  Data Time:  0.004 (0.005)
2022-03-31 09:11:43,184:INFO:   Eta: 1:48:37
2022-03-31 09:11:45,462:INFO: Test: [66]  ADE: 0.6511  FDE: 1.1158
2022-03-31 09:12:18,109:INFO: Train: [67][2784/2785]  Loss -1.0869 (-1.2857)  Time:  0.468 (0.012)  Data Time:  0.003 (0.004)
2022-03-31 09:12:18,109:INFO:   Eta: 1:39:31
2022-03-31 09:12:52,807:INFO: Train: [68][2784/2785]  Loss -1.1310 (-1.3418)  Time:  0.465 (0.012)  Data Time:  0.004 (0.004)
2022-03-31 09:12:52,808:INFO:   Eta: 1:45:10
2022-03-31 09:13:27,435:INFO: Train: [69][2784/2785]  Loss -1.1203 (-1.3703)  Time:  0.469 (0.012)  Data Time:  0.004 (0.004)
2022-03-31 09:13:27,437:INFO:   Eta: 1:44:23
2022-03-31 09:14:01,459:INFO: Train: [70][2784/2785]  Loss -1.0691 (-1.3018)  Time:  0.423 (0.012)  Data Time:  0.004 (0.004)
2022-03-31 09:14:01,461:INFO:   Eta: 1:41:49
2022-03-31 09:14:32,936:INFO: Train: [71][2784/2785]  Loss -1.1372 (-1.3334)  Time:  0.436 (0.011)  Data Time:  0.004 (0.004)
2022-03-31 09:14:32,939:INFO:   Eta: 1:33:50
2022-03-31 09:15:03,930:INFO: Train: [72][2784/2785]  Loss -1.0957 (-1.3036)  Time:  0.445 (0.011)  Data Time:  0.004 (0.004)
2022-03-31 09:15:03,932:INFO:   Eta: 1:31:51
2022-03-31 09:15:36,241:INFO: Train: [73][2784/2785]  Loss -1.0822 (-1.3091)  Time:  0.493 (0.012)  Data Time:  0.004 (0.004)
2022-03-31 09:15:36,242:INFO:   Eta: 1:35:14
2022-03-31 09:16:12,343:INFO: Train: [74][2784/2785]  Loss -1.0260 (-1.3136)  Time:  0.500 (0.013)  Data Time:  0.004 (0.005)
2022-03-31 09:16:12,345:INFO:   Eta: 1:45:50
2022-03-31 09:16:46,258:INFO: Train: [75][2784/2785]  Loss -1.0573 (-1.3432)  Time:  0.639 (0.012)  Data Time:  0.004 (0.004)
2022-03-31 09:16:46,261:INFO:   Eta: 1:38:50
2022-03-31 09:17:21,125:INFO: Train: [76][2784/2785]  Loss -1.0389 (-1.3498)  Time:  0.499 (0.013)  Data Time:  0.004 (0.004)
2022-03-31 09:17:21,126:INFO:   Eta: 1:40:59
2022-03-31 09:17:23,587:INFO: Test: [76]  ADE: 0.6277  FDE: 1.0139
2022-03-31 09:17:57,786:INFO: Train: [77][2784/2785]  Loss -1.0292 (-1.3040)  Time:  0.439 (0.012)  Data Time:  0.004 (0.004)
2022-03-31 09:17:57,787:INFO:   Eta: 1:38:33
2022-03-31 09:18:32,610:INFO: Train: [78][2784/2785]  Loss -1.1116 (-1.3163)  Time:  0.512 (0.012)  Data Time:  0.005 (0.004)
2022-03-31 09:18:32,612:INFO:   Eta: 1:39:45
2022-03-31 09:19:08,041:INFO: Train: [79][2784/2785]  Loss -1.0033 (-1.3967)  Time:  0.481 (0.013)  Data Time:  0.005 (0.005)
2022-03-31 09:19:08,042:INFO:   Eta: 1:40:54
2022-03-31 09:19:43,463:INFO: Train: [80][2784/2785]  Loss -1.1462 (-1.3835)  Time:  0.535 (0.013)  Data Time:  0.005 (0.005)
2022-03-31 09:19:43,465:INFO:   Eta: 1:40:17
2022-03-31 09:20:16,278:INFO: Train: [81][2784/2785]  Loss -0.9950 (-1.3910)  Time:  0.380 (0.012)  Data Time:  0.003 (0.004)
2022-03-31 09:20:16,279:INFO:   Eta: 1:32:21
2022-03-31 09:20:46,528:INFO: Train: [82][2784/2785]  Loss -1.0350 (-1.2892)  Time:  0.475 (0.011)  Data Time:  0.004 (0.003)
2022-03-31 09:20:46,529:INFO:   Eta: 1:24:37
2022-03-31 09:21:17,945:INFO: Train: [83][2784/2785]  Loss -0.9681 (-1.3751)  Time:  0.442 (0.011)  Data Time:  0.004 (0.004)
2022-03-31 09:21:17,946:INFO:   Eta: 1:27:21
2022-03-31 09:21:49,839:INFO: Train: [84][2784/2785]  Loss -1.2247 (-1.3526)  Time:  0.459 (0.011)  Data Time:  0.003 (0.003)
2022-03-31 09:21:49,841:INFO:   Eta: 1:28:10
2022-03-31 09:22:23,426:INFO: Train: [85][2784/2785]  Loss -0.9925 (-1.3675)  Time:  0.485 (0.012)  Data Time:  0.003 (0.004)
2022-03-31 09:22:23,428:INFO:   Eta: 1:32:16
2022-03-31 09:22:57,853:INFO: Train: [86][2784/2785]  Loss -1.1465 (-1.3902)  Time:  0.455 (0.012)  Data Time:  0.004 (0.004)
2022-03-31 09:22:57,854:INFO:   Eta: 1:34:01
2022-03-31 09:23:00,155:INFO: Test: [86]  ADE: 0.6849  FDE: 1.1774
2022-03-31 09:23:34,950:INFO: Train: [87][2784/2785]  Loss -1.0939 (-1.3694)  Time:  0.511 (0.012)  Data Time:  0.005 (0.005)
2022-03-31 09:23:34,951:INFO:   Eta: 1:34:28
2022-03-31 09:24:10,486:INFO: Train: [88][2784/2785]  Loss -1.0035 (-1.3541)  Time:  0.514 (0.013)  Data Time:  0.004 (0.005)
2022-03-31 09:24:10,488:INFO:   Eta: 1:35:52
2022-03-31 09:24:46,317:INFO: Train: [89][2784/2785]  Loss -0.8800 (-1.4222)  Time:  0.464 (0.013)  Data Time:  0.004 (0.005)
2022-03-31 09:24:46,319:INFO:   Eta: 1:36:04
2022-03-31 09:25:21,809:INFO: Train: [90][2784/2785]  Loss -1.2020 (-1.4340)  Time:  0.536 (0.013)  Data Time:  0.005 (0.005)
2022-03-31 09:25:21,811:INFO:   Eta: 1:34:34
2022-03-31 09:25:56,407:INFO: Train: [91][2784/2785]  Loss -1.1207 (-1.3998)  Time:  0.503 (0.012)  Data Time:  0.004 (0.004)
2022-03-31 09:25:56,409:INFO:   Eta: 1:31:37
2022-03-31 09:26:28,310:INFO: Train: [92][2784/2785]  Loss -1.1551 (-1.3988)  Time:  0.451 (0.011)  Data Time:  0.003 (0.004)
2022-03-31 09:26:28,312:INFO:   Eta: 1:23:56
2022-03-31 09:26:57,225:INFO: Train: [93][2784/2785]  Loss -1.3003 (-1.4061)  Time:  0.417 (0.010)  Data Time:  0.003 (0.003)
2022-03-31 09:26:57,226:INFO:   Eta: 1:15:35
2022-03-31 09:27:28,455:INFO: Train: [94][2784/2785]  Loss -1.0604 (-1.4342)  Time:  0.459 (0.011)  Data Time:  0.003 (0.003)
2022-03-31 09:27:28,456:INFO:   Eta: 1:21:07
2022-03-31 09:28:01,853:INFO: Train: [95][2784/2785]  Loss -1.1136 (-1.4096)  Time:  0.460 (0.012)  Data Time:  0.004 (0.004)
2022-03-31 09:28:01,854:INFO:   Eta: 1:26:12
2022-03-31 09:28:36,809:INFO: Train: [96][2784/2785]  Loss -0.7362 (-1.4420)  Time:  0.492 (0.013)  Data Time:  0.005 (0.004)
2022-03-31 09:28:36,810:INFO:   Eta: 1:29:39
2022-03-31 09:28:39,120:INFO: Test: [96]  ADE: 0.7673  FDE: 1.1482
2022-03-31 09:29:14,927:INFO: Train: [97][2784/2785]  Loss -1.0738 (-1.4240)  Time:  0.495 (0.013)  Data Time:  0.004 (0.005)
2022-03-31 09:29:14,929:INFO:   Eta: 1:31:16
2022-03-31 09:29:50,947:INFO: Train: [98][2784/2785]  Loss -0.9029 (-1.4219)  Time:  0.521 (0.013)  Data Time:  0.005 (0.005)
2022-03-31 09:29:50,948:INFO:   Eta: 1:31:11
2022-03-31 09:30:26,662:INFO: Train: [99][2784/2785]  Loss -1.2231 (-1.4688)  Time:  0.482 (0.013)  Data Time:  0.005 (0.005)
2022-03-31 09:30:26,664:INFO:   Eta: 1:29:48
2022-03-31 09:31:00,708:INFO: Train: [100][2784/2785]  Loss -1.1537 (-1.4966)  Time:  0.482 (0.012)  Data Time:  0.005 (0.004)
2022-03-31 09:31:00,709:INFO:   Eta: 1:25:01
2022-03-31 09:31:35,433:INFO: Train: [101][2784/2785]  Loss -1.1778 (-1.4148)  Time:  0.493 (0.012)  Data Time:  0.004 (0.004)
2022-03-31 09:31:35,435:INFO:   Eta: 1:26:10
2022-03-31 09:32:08,310:INFO: Train: [102][2784/2785]  Loss -1.1860 (-1.5060)  Time:  0.455 (0.012)  Data Time:  0.003 (0.004)
2022-03-31 09:32:08,311:INFO:   Eta: 1:21:01
2022-03-31 09:32:39,579:INFO: Train: [103][2784/2785]  Loss -1.2332 (-1.4836)  Time:  0.476 (0.011)  Data Time:  0.003 (0.004)
2022-03-31 09:32:39,580:INFO:   Eta: 1:16:32
2022-03-31 09:33:10,451:INFO: Train: [104][2784/2785]  Loss -1.0966 (-1.4494)  Time:  0.477 (0.011)  Data Time:  0.004 (0.003)
2022-03-31 09:33:10,470:INFO:   Eta: 1:15:03
2022-03-31 09:33:41,485:INFO: Train: [105][2784/2785]  Loss -1.2429 (-1.4666)  Time:  0.471 (0.011)  Data Time:  0.004 (0.003)
2022-03-31 09:33:41,487:INFO:   Eta: 1:14:53
2022-03-31 09:34:14,683:INFO: Train: [106][2784/2785]  Loss -1.2228 (-1.4817)  Time:  0.479 (0.012)  Data Time:  0.005 (0.004)
2022-03-31 09:34:14,935:INFO:   Eta: 1:19:36
2022-03-31 09:34:17,320:INFO: Test: [106]  ADE: 0.6588  FDE: 1.1455
2022-03-31 09:34:52,956:INFO: Train: [107][2784/2785]  Loss -0.9378 (-1.4679)  Time:  0.544 (0.013)  Data Time:  0.004 (0.005)
2022-03-31 09:34:52,957:INFO:   Eta: 1:24:48
2022-03-31 09:35:28,902:INFO: Train: [108][2784/2785]  Loss -0.9246 (-1.4863)  Time:  0.499 (0.013)  Data Time:  0.004 (0.005)
2022-03-31 09:35:28,973:INFO:   Eta: 1:24:36
2022-03-31 09:36:05,028:INFO: Train: [109][2784/2785]  Loss -1.1241 (-1.5000)  Time:  0.492 (0.013)  Data Time:  0.005 (0.005)
2022-03-31 09:36:05,151:INFO:   Eta: 1:24:40
2022-03-31 09:36:39,221:INFO: Train: [110][2784/2785]  Loss -1.0572 (-1.3260)  Time:  0.445 (0.012)  Data Time:  0.002 (0.004)
2022-03-31 09:36:39,223:INFO:   Eta: 1:19:26
2022-03-31 09:37:12,713:INFO: Train: [111][2784/2785]  Loss -1.1008 (-1.5139)  Time:  0.487 (0.012)  Data Time:  0.005 (0.004)
2022-03-31 09:37:12,714:INFO:   Eta: 1:17:31
2022-03-31 09:37:48,184:INFO: Train: [112][2784/2785]  Loss -1.2117 (-1.4892)  Time:  0.485 (0.013)  Data Time:  0.005 (0.004)
2022-03-31 09:37:48,185:INFO:   Eta: 1:21:30
2022-03-31 09:38:23,779:INFO: Train: [113][2784/2785]  Loss -1.2217 (-1.4961)  Time:  0.433 (0.013)  Data Time:  0.004 (0.004)
2022-03-31 09:38:23,780:INFO:   Eta: 1:21:13
2022-03-31 09:38:56,482:INFO: Train: [114][2784/2785]  Loss -1.1870 (-1.4428)  Time:  0.418 (0.012)  Data Time:  0.005 (0.003)
2022-03-31 09:38:56,484:INFO:   Eta: 1:14:04
2022-03-31 09:39:27,836:INFO: Train: [115][2784/2785]  Loss -1.2249 (-1.4594)  Time:  0.461 (0.011)  Data Time:  0.003 (0.004)
2022-03-31 09:39:27,837:INFO:   Eta: 1:10:29
2022-03-31 09:39:59,308:INFO: Train: [116][2784/2785]  Loss -1.3393 (-1.5334)  Time:  0.431 (0.011)  Data Time:  0.003 (0.004)
2022-03-31 09:39:59,309:INFO:   Eta: 1:10:13
2022-03-31 09:40:01,692:INFO: Test: [116]  ADE: 0.7577  FDE: 1.3249
2022-03-31 09:40:36,900:INFO: Train: [117][2784/2785]  Loss -1.0799 (-1.4455)  Time:  0.484 (0.013)  Data Time:  0.005 (0.005)
2022-03-31 09:40:36,902:INFO:   Eta: 1:17:58
2022-03-31 09:41:13,305:INFO: Train: [118][2784/2785]  Loss -1.0865 (-1.5354)  Time:  0.486 (0.013)  Data Time:  0.005 (0.005)
2022-03-31 09:41:13,306:INFO:   Eta: 1:20:02
2022-03-31 09:41:45,990:INFO: Train: [119][2784/2785]  Loss -1.3306 (-1.5135)  Time:  0.460 (0.012)  Data Time:  0.002 (0.004)
2022-03-31 09:41:45,992:INFO:   Eta: 1:11:18
2022-03-31 09:42:19,515:INFO: Train: [120][2784/2785]  Loss -1.2589 (-1.3968)  Time:  0.460 (0.012)  Data Time:  0.005 (0.004)
2022-03-31 09:42:19,575:INFO:   Eta: 1:12:34
2022-03-31 09:42:55,185:INFO: Train: [121][2784/2785]  Loss -1.1867 (-1.4929)  Time:  0.532 (0.013)  Data Time:  0.005 (0.005)
2022-03-31 09:42:55,186:INFO:   Eta: 1:16:27
2022-03-31 09:43:29,886:INFO: Train: [122][2784/2785]  Loss -1.2648 (-1.5473)  Time:  0.458 (0.012)  Data Time:  0.003 (0.004)
2022-03-31 09:43:29,916:INFO:   Eta: 1:13:37
2022-03-31 09:44:05,099:INFO: Train: [123][2784/2785]  Loss -1.1509 (-1.5395)  Time:  0.481 (0.013)  Data Time:  0.004 (0.004)
2022-03-31 09:44:05,183:INFO:   Eta: 1:14:15
2022-03-31 09:44:41,220:INFO: Train: [124][2784/2785]  Loss -1.1438 (-1.4985)  Time:  0.418 (0.013)  Data Time:  0.003 (0.005)
2022-03-31 09:44:41,307:INFO:   Eta: 1:15:37
2022-03-31 09:45:13,037:INFO: Train: [125][2784/2785]  Loss -1.3176 (-1.4997)  Time:  0.422 (0.011)  Data Time:  0.004 (0.004)
2022-03-31 09:45:13,039:INFO:   Eta: 1:05:37
2022-03-31 09:45:44,343:INFO: Train: [126][2784/2785]  Loss -1.1194 (-1.5387)  Time:  0.518 (0.011)  Data Time:  0.003 (0.004)
2022-03-31 09:45:44,345:INFO:   Eta: 1:04:17
2022-03-31 09:45:46,677:INFO: Test: [126]  ADE: 0.6561  FDE: 1.1045
2022-03-31 09:46:18,575:INFO: Train: [127][2784/2785]  Loss -1.1878 (-1.5422)  Time:  0.478 (0.011)  Data Time:  0.006 (0.004)
2022-03-31 09:46:18,577:INFO:   Eta: 1:05:21
2022-03-31 09:46:51,046:INFO: Train: [128][2784/2785]  Loss -1.2563 (-1.5368)  Time:  0.467 (0.012)  Data Time:  0.003 (0.004)
2022-03-31 09:46:51,047:INFO:   Eta: 1:05:57
2022-03-31 09:47:25,573:INFO: Train: [129][2784/2785]  Loss -1.2010 (-1.5246)  Time:  0.481 (0.012)  Data Time:  0.005 (0.004)
2022-03-31 09:47:25,575:INFO:   Eta: 1:09:34
2022-03-31 09:48:00,870:INFO: Train: [130][2784/2785]  Loss -1.1643 (-1.5467)  Time:  0.469 (0.013)  Data Time:  0.004 (0.004)
2022-03-31 09:48:00,871:INFO:   Eta: 1:10:32
2022-03-31 09:48:35,037:INFO: Train: [131][2784/2785]  Loss -1.2992 (-1.5732)  Time:  0.418 (0.012)  Data Time:  0.004 (0.004)
2022-03-31 09:48:35,038:INFO:   Eta: 1:07:42
2022-03-31 09:49:12,548:INFO: Train: [132][2784/2785]  Loss -1.3273 (-1.5387)  Time:  0.479 (0.013)  Data Time:  0.004 (0.005)
2022-03-31 09:49:12,549:INFO:   Eta: 1:13:43
2022-03-31 09:49:47,660:INFO: Train: [133][2784/2785]  Loss -1.2715 (-1.5496)  Time:  0.507 (0.013)  Data Time:  0.005 (0.004)
2022-03-31 09:49:47,661:INFO:   Eta: 1:08:24
2022-03-31 09:50:22,753:INFO: Train: [134][2784/2785]  Loss -1.2435 (-1.5912)  Time:  0.482 (0.013)  Data Time:  0.004 (0.004)
2022-03-31 09:50:22,755:INFO:   Eta: 1:07:48
2022-03-31 09:50:57,085:INFO: Train: [135][2784/2785]  Loss -0.8680 (-1.5371)  Time:  0.436 (0.012)  Data Time:  0.004 (0.004)
2022-03-31 09:50:57,086:INFO:   Eta: 1:05:44
2022-03-31 09:51:28,120:INFO: Train: [136][2784/2785]  Loss -1.0629 (-1.4851)  Time:  0.415 (0.011)  Data Time:  0.003 (0.004)
2022-03-31 09:51:28,122:INFO:   Eta: 0:58:55
2022-03-31 09:51:30,293:INFO: Test: [136]  ADE: 0.6877  FDE: 1.1606
2022-03-31 09:52:01,086:INFO: Train: [137][2784/2785]  Loss -1.2458 (-1.5832)  Time:  0.440 (0.011)  Data Time:  0.003 (0.003)
2022-03-31 09:52:01,088:INFO:   Eta: 0:57:57
2022-03-31 09:52:29,027:INFO: Train: [138][2784/2785]  Loss -1.1503 (-1.5118)  Time:  0.440 (0.010)  Data Time:  0.002 (0.003)
2022-03-31 09:52:29,029:INFO:   Eta: 0:52:05
2022-03-31 09:53:03,805:INFO: Train: [139][2784/2785]  Loss -1.2118 (-1.5369)  Time:  0.463 (0.012)  Data Time:  0.005 (0.004)
2022-03-31 09:53:03,806:INFO:   Eta: 1:04:17
2022-03-31 09:53:39,229:INFO: Train: [140][2784/2785]  Loss -1.1309 (-1.4949)  Time:  0.515 (0.013)  Data Time:  0.005 (0.005)
2022-03-31 09:53:39,230:INFO:   Eta: 1:04:53
2022-03-31 09:54:13,434:INFO: Train: [141][2784/2785]  Loss -1.3123 (-1.5862)  Time:  0.449 (0.012)  Data Time:  0.004 (0.004)
2022-03-31 09:54:13,435:INFO:   Eta: 1:02:05
2022-03-31 09:54:48,475:INFO: Train: [142][2784/2785]  Loss -0.9880 (-1.5343)  Time:  0.510 (0.013)  Data Time:  0.004 (0.004)
2022-03-31 09:54:48,476:INFO:   Eta: 1:03:01
2022-03-31 09:55:23,260:INFO: Train: [143][2784/2785]  Loss -1.1839 (-1.5673)  Time:  0.521 (0.012)  Data Time:  0.004 (0.004)
2022-03-31 09:55:23,262:INFO:   Eta: 1:01:59
2022-03-31 09:55:58,095:INFO: Train: [144][2784/2785]  Loss -1.1302 (-1.6328)  Time:  0.487 (0.012)  Data Time:  0.004 (0.004)
2022-03-31 09:55:58,097:INFO:   Eta: 1:01:29
2022-03-31 09:56:33,580:INFO: Train: [145][2784/2785]  Loss -1.1938 (-1.5687)  Time:  0.460 (0.013)  Data Time:  0.005 (0.004)
2022-03-31 09:56:33,583:INFO:   Eta: 1:02:02
2022-03-31 09:57:07,915:INFO: Train: [146][2784/2785]  Loss -1.2505 (-1.5710)  Time:  0.425 (0.012)  Data Time:  0.001 (0.004)
2022-03-31 09:57:07,916:INFO:   Eta: 0:59:25
2022-03-31 09:57:10,243:INFO: Test: [146]  ADE: 0.9878  FDE: 1.6867
2022-03-31 09:57:41,316:INFO: Train: [147][2784/2785]  Loss -1.2159 (-1.5698)  Time:  0.420 (0.011)  Data Time:  0.002 (0.003)
2022-03-31 09:57:41,317:INFO:   Eta: 0:53:18
2022-03-31 09:58:09,732:INFO: Train: [148][2784/2785]  Loss -1.1366 (-1.6193)  Time:  0.428 (0.010)  Data Time:  0.002 (0.003)
2022-03-31 09:58:09,733:INFO:   Eta: 0:48:15
2022-03-31 09:58:39,730:INFO: Train: [149][2784/2785]  Loss -1.1757 (-1.4818)  Time:  0.421 (0.011)  Data Time:  0.004 (0.003)
2022-03-31 09:58:39,732:INFO:   Eta: 0:50:27
2022-03-31 09:59:13,539:INFO: Train: [150][2784/2785]  Loss -1.2332 (-1.7247)  Time:  0.447 (0.012)  Data Time:  0.004 (0.004)
2022-03-31 09:59:13,540:INFO:   Eta: 0:56:18
2022-03-31 09:59:50,936:INFO: Train: [151][2784/2785]  Loss -1.3225 (-1.7562)  Time:  0.502 (0.013)  Data Time:  0.004 (0.004)
2022-03-31 09:59:50,937:INFO:   Eta: 1:01:39
2022-03-31 09:59:57,343:INFO: Valid: [151][659/660]  Loss -8.6575 (-5.5139)
2022-03-31 09:59:57,351:INFO: Checkpoint saved...
2022-03-31 10:00:31,658:INFO: Train: [152][2784/2785]  Loss -1.3705 (-1.7509)  Time:  0.472 (0.012)  Data Time:  0.004 (0.004)
2022-03-31 10:00:31,659:INFO:   Eta: 0:56:00
2022-03-31 10:00:37,948:INFO: Valid: [152][659/660]  Loss -7.9357 (-4.9780)
2022-03-31 10:01:13,348:INFO: Train: [153][2784/2785]  Loss -1.2972 (-1.7443)  Time:  0.525 (0.013)  Data Time:  0.004 (0.004)
2022-03-31 10:01:13,350:INFO:   Eta: 0:57:11
2022-03-31 10:01:19,753:INFO: Valid: [153][659/660]  Loss -7.9185 (-4.9933)
2022-03-31 10:01:55,260:INFO: Train: [154][2784/2785]  Loss -1.3570 (-1.7090)  Time:  0.464 (0.013)  Data Time:  0.003 (0.005)
2022-03-31 10:01:55,261:INFO:   Eta: 0:56:46
2022-03-31 10:02:01,488:INFO: Valid: [154][659/660]  Loss -9.3053 (-5.8929)
2022-03-31 10:02:01,498:INFO: Checkpoint saved...
2022-03-31 10:02:37,186:INFO: Train: [155][2784/2785]  Loss -1.3150 (-1.7006)  Time:  0.473 (0.013)  Data Time:  0.003 (0.005)
2022-03-31 10:02:37,187:INFO:   Eta: 0:56:28
2022-03-31 10:02:43,360:INFO: Valid: [155][659/660]  Loss -9.4133 (-5.9713)
2022-03-31 10:02:43,369:INFO: Checkpoint saved...
2022-03-31 10:03:19,047:INFO: Train: [156][2784/2785]  Loss -1.2825 (-1.7848)  Time:  0.416 (0.013)  Data Time:  0.003 (0.004)
2022-03-31 10:03:19,048:INFO:   Eta: 0:55:51
2022-03-31 10:03:25,015:INFO: Valid: [156][659/660]  Loss -9.0591 (-5.7097)
2022-03-31 10:03:27,304:INFO: Test: [156]  ADE: 0.8748  FDE: 1.5161
2022-03-31 10:03:56,470:INFO: Train: [157][2784/2785]  Loss -1.2807 (-1.7492)  Time:  0.385 (0.010)  Data Time:  0.003 (0.003)
2022-03-31 10:03:56,471:INFO:   Eta: 0:45:10
2022-03-31 10:04:02,697:INFO: Valid: [157][659/660]  Loss -9.4510 (-5.9719)
2022-03-31 10:04:02,706:INFO: Checkpoint saved...
2022-03-31 10:04:33,821:INFO: Train: [158][2784/2785]  Loss -1.3240 (-1.7487)  Time:  0.468 (0.011)  Data Time:  0.003 (0.003)
2022-03-31 10:04:33,822:INFO:   Eta: 0:47:40
2022-03-31 10:04:40,028:INFO: Valid: [158][659/660]  Loss -9.2985 (-5.8805)
2022-03-31 10:05:11,945:INFO: Train: [159][2784/2785]  Loss -1.2967 (-1.7454)  Time:  0.528 (0.011)  Data Time:  0.004 (0.004)
2022-03-31 10:05:11,946:INFO:   Eta: 0:48:22
2022-03-31 10:05:18,482:INFO: Valid: [159][659/660]  Loss -9.7561 (-6.1970)
2022-03-31 10:05:18,498:INFO: Checkpoint saved...
2022-03-31 10:05:53,940:INFO: Train: [160][2784/2785]  Loss -1.3674 (-1.6618)  Time:  0.496 (0.013)  Data Time:  0.004 (0.004)
2022-03-31 10:05:53,941:INFO:   Eta: 0:53:07
2022-03-31 10:06:00,154:INFO: Valid: [160][659/660]  Loss -9.3770 (-5.9163)
2022-03-31 10:06:34,264:INFO: Train: [161][2784/2785]  Loss -1.3191 (-1.7800)  Time:  0.521 (0.012)  Data Time:  0.005 (0.004)
2022-03-31 10:06:34,266:INFO:   Eta: 0:50:34
2022-03-31 10:06:40,609:INFO: Valid: [161][659/660]  Loss -9.2745 (-5.8554)
2022-03-31 10:07:15,322:INFO: Train: [162][2784/2785]  Loss -1.3290 (-1.7661)  Time:  0.467 (0.012)  Data Time:  0.004 (0.004)
2022-03-31 10:07:15,323:INFO:   Eta: 0:50:53
2022-03-31 10:07:21,539:INFO: Valid: [162][659/660]  Loss -8.6197 (-5.4663)
2022-03-31 10:07:56,869:INFO: Train: [163][2784/2785]  Loss -1.2440 (-1.7710)  Time:  0.490 (0.013)  Data Time:  0.004 (0.004)
2022-03-31 10:07:56,870:INFO:   Eta: 0:51:12
2022-03-31 10:08:03,164:INFO: Valid: [163][659/660]  Loss -9.0621 (-5.7415)
2022-03-31 10:08:38,706:INFO: Train: [164][2784/2785]  Loss -1.3493 (-1.7510)  Time:  0.534 (0.013)  Data Time:  0.005 (0.005)
2022-03-31 10:08:38,708:INFO:   Eta: 0:50:55
2022-03-31 10:08:45,456:INFO: Valid: [164][659/660]  Loss -9.7848 (-6.2116)
2022-03-31 10:08:45,469:INFO: Checkpoint saved...
2022-03-31 10:09:20,853:INFO: Train: [165][2784/2785]  Loss -1.2535 (-1.7661)  Time:  0.483 (0.013)  Data Time:  0.005 (0.004)
2022-03-31 10:09:20,855:INFO:   Eta: 0:50:06
2022-03-31 10:09:27,058:INFO: Valid: [165][659/660]  Loss -9.5022 (-6.0059)
2022-03-31 10:09:58,048:INFO: Train: [166][2784/2785]  Loss -1.4389 (-1.7426)  Time:  0.574 (0.011)  Data Time:  0.003 (0.004)
2022-03-31 10:09:58,051:INFO:   Eta: 0:43:21
2022-03-31 10:10:05,261:INFO: Valid: [166][659/660]  Loss -9.6965 (-6.1610)
2022-03-31 10:10:07,522:INFO: Test: [166]  ADE: 0.7216  FDE: 1.2683
2022-03-31 10:10:40,683:INFO: Train: [167][2784/2785]  Loss -1.3354 (-1.8193)  Time:  0.491 (0.012)  Data Time:  0.005 (0.003)
2022-03-31 10:10:40,684:INFO:   Eta: 0:45:50
2022-03-31 10:10:46,939:INFO: Valid: [167][659/660]  Loss -9.7483 (-6.1883)
2022-03-31 10:11:17,210:INFO: Train: [168][2784/2785]  Loss -1.2994 (-1.7640)  Time:  0.451 (0.011)  Data Time:  0.003 (0.003)
2022-03-31 10:11:17,211:INFO:   Eta: 0:41:20
2022-03-31 10:11:23,771:INFO: Valid: [168][659/660]  Loss -8.5205 (-5.3349)
2022-03-31 10:11:56,218:INFO: Train: [169][2784/2785]  Loss -1.2589 (-1.7707)  Time:  0.505 (0.012)  Data Time:  0.003 (0.004)
2022-03-31 10:11:56,222:INFO:   Eta: 0:43:45
2022-03-31 10:12:02,433:INFO: Valid: [169][659/660]  Loss -9.8571 (-6.2655)
2022-03-31 10:12:02,445:INFO: Checkpoint saved...
2022-03-31 10:12:36,155:INFO: Train: [170][2784/2785]  Loss -1.3506 (-1.7835)  Time:  0.475 (0.012)  Data Time:  0.005 (0.004)
2022-03-31 10:12:36,157:INFO:   Eta: 0:44:54
2022-03-31 10:12:42,462:INFO: Valid: [170][659/660]  Loss -9.6073 (-6.0915)
2022-03-31 10:13:17,974:INFO: Train: [171][2784/2785]  Loss -1.4955 (-1.7599)  Time:  0.471 (0.013)  Data Time:  0.004 (0.004)
2022-03-31 10:13:17,975:INFO:   Eta: 0:46:43
2022-03-31 10:13:24,542:INFO: Valid: [171][659/660]  Loss -9.8116 (-6.2291)
2022-03-31 10:13:59,449:INFO: Train: [172][2784/2785]  Loss -1.3165 (-1.7435)  Time:  0.495 (0.013)  Data Time:  0.004 (0.004)
2022-03-31 10:13:59,451:INFO:   Eta: 0:45:21
2022-03-31 10:14:06,019:INFO: Valid: [172][659/660]  Loss -9.8852 (-6.2793)
2022-03-31 10:14:06,042:INFO: Checkpoint saved...
2022-03-31 10:14:41,854:INFO: Train: [173][2784/2785]  Loss -1.3657 (-1.8036)  Time:  0.499 (0.013)  Data Time:  0.004 (0.004)
2022-03-31 10:14:41,856:INFO:   Eta: 0:45:55
2022-03-31 10:14:48,038:INFO: Valid: [173][659/660]  Loss -8.9034 (-5.6211)
2022-03-31 10:15:22,138:INFO: Train: [174][2784/2785]  Loss -1.2865 (-1.8093)  Time:  0.556 (0.012)  Data Time:  0.004 (0.004)
2022-03-31 10:15:22,140:INFO:   Eta: 0:43:10
2022-03-31 10:15:28,475:INFO: Valid: [174][659/660]  Loss -9.3537 (-5.9305)
2022-03-31 10:16:02,687:INFO: Train: [175][2784/2785]  Loss -1.4160 (-1.7690)  Time:  0.515 (0.012)  Data Time:  0.005 (0.004)
2022-03-31 10:16:02,688:INFO:   Eta: 0:42:44
2022-03-31 10:16:08,771:INFO: Valid: [175][659/660]  Loss -9.7861 (-6.2013)
2022-03-31 10:16:43,907:INFO: Train: [176][2784/2785]  Loss -1.3176 (-1.7821)  Time:  0.463 (0.013)  Data Time:  0.004 (0.004)
2022-03-31 10:16:43,908:INFO:   Eta: 0:43:18
2022-03-31 10:16:50,045:INFO: Valid: [176][659/660]  Loss -9.2630 (-5.8731)
2022-03-31 10:16:52,594:INFO: Test: [176]  ADE: 0.7643  FDE: 1.1618
2022-03-31 10:17:25,653:INFO: Train: [177][2784/2785]  Loss -1.5012 (-1.7844)  Time:  0.443 (0.012)  Data Time:  0.003 (0.004)
2022-03-31 10:17:25,654:INFO:   Eta: 0:40:12
2022-03-31 10:17:31,617:INFO: Valid: [177][659/660]  Loss -9.4804 (-6.0032)
2022-03-31 10:18:03,022:INFO: Train: [178][2784/2785]  Loss -1.3373 (-1.7039)  Time:  0.453 (0.011)  Data Time:  0.004 (0.003)
2022-03-31 10:18:03,023:INFO:   Eta: 0:37:39
2022-03-31 10:18:09,243:INFO: Valid: [178][659/660]  Loss -9.6975 (-6.1319)
2022-03-31 10:18:38,917:INFO: Train: [179][2784/2785]  Loss -1.5084 (-1.7529)  Time:  0.482 (0.011)  Data Time:  0.003 (0.003)
2022-03-31 10:18:38,919:INFO:   Eta: 0:35:05
2022-03-31 10:18:44,763:INFO: Valid: [179][659/660]  Loss -9.4963 (-6.0286)
2022-03-31 10:19:19,721:INFO: Train: [180][2784/2785]  Loss -1.3111 (-1.8207)  Time:  0.471 (0.013)  Data Time:  0.005 (0.004)
2022-03-31 10:19:19,723:INFO:   Eta: 0:40:45
2022-03-31 10:19:26,087:INFO: Valid: [180][659/660]  Loss -9.3683 (-5.9834)
2022-03-31 10:20:01,689:INFO: Train: [181][2784/2785]  Loss -1.3139 (-1.7416)  Time:  0.520 (0.013)  Data Time:  0.004 (0.004)
2022-03-31 10:20:01,690:INFO:   Eta: 0:40:54
2022-03-31 10:20:07,960:INFO: Valid: [181][659/660]  Loss -9.7258 (-6.1916)
2022-03-31 10:20:43,338:INFO: Train: [182][2784/2785]  Loss -1.3305 (-1.7862)  Time:  0.469 (0.013)  Data Time:  0.005 (0.005)
2022-03-31 10:20:43,340:INFO:   Eta: 0:40:04
2022-03-31 10:20:50,869:INFO: Valid: [182][659/660]  Loss -9.7076 (-6.1567)
2022-03-31 10:21:23,736:INFO: Train: [183][2784/2785]  Loss -1.4248 (-1.7633)  Time:  0.435 (0.012)  Data Time:  0.004 (0.004)
2022-03-31 10:21:23,738:INFO:   Eta: 0:36:40
2022-03-31 10:21:29,995:INFO: Valid: [183][659/660]  Loss -9.2167 (-5.8243)
2022-03-31 10:22:04,983:INFO: Train: [184][2784/2785]  Loss -1.4397 (-1.8009)  Time:  0.519 (0.013)  Data Time:  0.004 (0.004)
2022-03-31 10:22:04,985:INFO:   Eta: 0:38:27
2022-03-31 10:22:11,090:INFO: Valid: [184][659/660]  Loss -9.4071 (-5.9477)
2022-03-31 10:22:46,698:INFO: Train: [185][2784/2785]  Loss -1.4292 (-1.7632)  Time:  0.469 (0.013)  Data Time:  0.004 (0.005)
2022-03-31 10:22:46,699:INFO:   Eta: 0:38:33
2022-03-31 10:22:52,846:INFO: Valid: [185][659/660]  Loss -9.8073 (-6.2054)
2022-03-31 10:23:28,530:INFO: Train: [186][2784/2785]  Loss -1.3979 (-1.7483)  Time:  0.492 (0.013)  Data Time:  0.004 (0.005)
2022-03-31 10:23:28,531:INFO:   Eta: 0:38:02
2022-03-31 10:23:35,099:INFO: Valid: [186][659/660]  Loss -9.8154 (-6.2442)
2022-03-31 10:23:37,539:INFO: Test: [186]  ADE: 0.6896  FDE: 1.1454
2022-03-31 10:24:11,757:INFO: Train: [187][2784/2785]  Loss -1.3327 (-1.7791)  Time:  0.426 (0.012)  Data Time:  0.003 (0.004)
2022-03-31 10:24:11,758:INFO:   Eta: 0:35:54
2022-03-31 10:24:17,798:INFO: Valid: [187][659/660]  Loss -9.7684 (-6.1813)
2022-03-31 10:24:47,062:INFO: Train: [188][2784/2785]  Loss -1.4129 (-1.7837)  Time:  0.441 (0.011)  Data Time:  0.003 (0.003)
2022-03-31 10:24:47,063:INFO:   Eta: 0:30:13
2022-03-31 10:24:53,008:INFO: Valid: [188][659/660]  Loss -9.3166 (-5.8907)
2022-03-31 10:25:23,983:INFO: Train: [189][2784/2785]  Loss -1.3800 (-1.7617)  Time:  0.446 (0.011)  Data Time:  0.003 (0.003)
2022-03-31 10:25:23,985:INFO:   Eta: 0:31:28
2022-03-31 10:25:30,169:INFO: Valid: [189][659/660]  Loss -9.6008 (-6.1340)
2022-03-31 10:26:02,472:INFO: Train: [190][2784/2785]  Loss -1.3705 (-1.7628)  Time:  0.480 (0.012)  Data Time:  0.005 (0.004)
2022-03-31 10:26:02,474:INFO:   Eta: 0:32:16
2022-03-31 10:26:08,579:INFO: Valid: [190][659/660]  Loss -9.2449 (-5.8402)
2022-03-31 10:26:42,397:INFO: Train: [191][2784/2785]  Loss -1.4104 (-1.7580)  Time:  0.465 (0.012)  Data Time:  0.003 (0.004)
2022-03-31 10:26:42,399:INFO:   Eta: 0:33:13
2022-03-31 10:26:48,585:INFO: Valid: [191][659/660]  Loss -8.9250 (-5.6059)
2022-03-31 10:27:21,314:INFO: Train: [192][2784/2785]  Loss -1.3734 (-1.7786)  Time:  0.488 (0.012)  Data Time:  0.004 (0.004)
2022-03-31 10:27:21,316:INFO:   Eta: 0:31:37
2022-03-31 10:27:27,667:INFO: Valid: [192][659/660]  Loss -9.5642 (-6.0625)
2022-03-31 10:28:03,169:INFO: Train: [193][2784/2785]  Loss -1.3585 (-1.7807)  Time:  0.553 (0.013)  Data Time:  0.005 (0.005)
2022-03-31 10:28:03,170:INFO:   Eta: 0:33:42
2022-03-31 10:28:09,292:INFO: Valid: [193][659/660]  Loss -9.3044 (-5.8811)
2022-03-31 10:28:44,453:INFO: Train: [194][2784/2785]  Loss -1.4196 (-1.7753)  Time:  0.458 (0.013)  Data Time:  0.004 (0.005)
2022-03-31 10:28:44,454:INFO:   Eta: 0:32:48
2022-03-31 10:28:50,829:INFO: Valid: [194][659/660]  Loss -8.2402 (-5.1954)
2022-03-31 10:29:25,983:INFO: Train: [195][2784/2785]  Loss -1.3347 (-1.8063)  Time:  0.485 (0.013)  Data Time:  0.004 (0.004)
2022-03-31 10:29:25,984:INFO:   Eta: 0:32:12
2022-03-31 10:29:32,294:INFO: Valid: [195][659/660]  Loss -9.8436 (-6.2625)
2022-03-31 10:30:07,054:INFO: Train: [196][2784/2785]  Loss -1.2099 (-1.7457)  Time:  0.431 (0.012)  Data Time:  0.004 (0.004)
2022-03-31 10:30:07,055:INFO:   Eta: 0:31:15
2022-03-31 10:30:13,370:INFO: Valid: [196][659/660]  Loss -9.4086 (-5.9632)
2022-03-31 10:30:15,752:INFO: Test: [196]  ADE: 0.7366  FDE: 1.2325
2022-03-31 10:30:49,266:INFO: Train: [197][2784/2785]  Loss -1.4297 (-1.8006)  Time:  0.448 (0.012)  Data Time:  0.004 (0.004)
2022-03-31 10:30:49,268:INFO:   Eta: 0:29:35
2022-03-31 10:30:54,955:INFO: Valid: [197][659/660]  Loss -8.2514 (-5.1592)
2022-03-31 10:31:29,521:INFO: Train: [198][2784/2785]  Loss -1.3860 (-1.8046)  Time:  0.460 (0.012)  Data Time:  0.003 (0.004)
2022-03-31 10:31:29,525:INFO:   Eta: 0:29:56
2022-03-31 10:31:35,900:INFO: Valid: [198][659/660]  Loss -8.0740 (-5.1034)
2022-03-31 10:32:07,135:INFO: Train: [199][2784/2785]  Loss -1.3745 (-1.7740)  Time:  0.424 (0.011)  Data Time:  0.004 (0.004)
2022-03-31 10:32:07,137:INFO:   Eta: 0:26:31
2022-03-31 10:32:13,227:INFO: Valid: [199][659/660]  Loss -9.7794 (-6.2164)
2022-03-31 10:32:41,861:INFO: Train: [200][2784/2785]  Loss -1.3156 (-1.6927)  Time:  0.424 (0.010)  Data Time:  0.003 (0.003)
2022-03-31 10:32:41,862:INFO:   Eta: 0:23:50
2022-03-31 10:32:48,181:INFO: Valid: [200][659/660]  Loss -9.6617 (-6.1220)
2022-03-31 10:33:21,613:INFO: Train: [201][2784/2785]  Loss -1.2503 (-1.8191)  Time:  0.467 (0.012)  Data Time:  0.004 (0.004)
2022-03-31 10:33:21,614:INFO:   Eta: 0:27:17
2022-03-31 10:33:27,915:INFO: Valid: [201][659/660]  Loss -8.6810 (-5.4958)
2022-03-31 10:34:03,069:INFO: Train: [202][2784/2785]  Loss -1.4235 (-1.7074)  Time:  0.506 (0.013)  Data Time:  0.003 (0.004)
2022-03-31 10:34:03,071:INFO:   Eta: 0:28:06
2022-03-31 10:34:09,167:INFO: Valid: [202][659/660]  Loss -9.3075 (-5.8802)
2022-03-31 10:34:43,646:INFO: Train: [203][2784/2785]  Loss -1.3797 (-1.7988)  Time:  0.509 (0.012)  Data Time:  0.005 (0.004)
2022-03-31 10:34:43,648:INFO:   Eta: 0:26:59
2022-03-31 10:34:49,898:INFO: Valid: [203][659/660]  Loss -9.5360 (-6.0505)
2022-03-31 10:35:25,149:INFO: Train: [204][2784/2785]  Loss -1.3823 (-1.8104)  Time:  0.477 (0.013)  Data Time:  0.005 (0.004)
2022-03-31 10:35:25,151:INFO:   Eta: 0:27:00
2022-03-31 10:35:31,379:INFO: Valid: [204][659/660]  Loss -9.7461 (-6.2084)
2022-03-31 10:36:06,271:INFO: Train: [205][2784/2785]  Loss -1.4374 (-1.7831)  Time:  0.516 (0.013)  Data Time:  0.004 (0.004)
2022-03-31 10:36:06,273:INFO:   Eta: 0:26:09
2022-03-31 10:36:12,557:INFO: Valid: [205][659/660]  Loss -9.7925 (-6.2071)
2022-03-31 10:36:44,918:INFO: Train: [206][2784/2785]  Loss -1.3097 (-1.7870)  Time:  0.455 (0.012)  Data Time:  0.004 (0.004)
2022-03-31 10:36:44,920:INFO:   Eta: 0:23:42
2022-03-31 10:36:51,182:INFO: Valid: [206][659/660]  Loss -8.3218 (-5.2608)
2022-03-31 10:36:53,578:INFO: Test: [206]  ADE: 0.8126  FDE: 1.3738
2022-03-31 10:37:28,775:INFO: Train: [207][2784/2785]  Loss -1.3462 (-1.7580)  Time:  0.481 (0.013)  Data Time:  0.005 (0.005)
2022-03-31 10:37:28,777:INFO:   Eta: 0:25:12
2022-03-31 10:37:35,151:INFO: Valid: [207][659/660]  Loss -9.2857 (-5.8877)
2022-03-31 10:38:10,185:INFO: Train: [208][2784/2785]  Loss -1.4407 (-1.7505)  Time:  0.474 (0.013)  Data Time:  0.003 (0.004)
2022-03-31 10:38:10,186:INFO:   Eta: 0:24:30
2022-03-31 10:38:16,326:INFO: Valid: [208][659/660]  Loss -9.2544 (-5.8576)
2022-03-31 10:38:44,162:INFO: Train: [209][2784/2785]  Loss -1.3629 (-1.7512)  Time:  0.386 (0.010)  Data Time:  0.003 (0.003)
2022-03-31 10:38:44,163:INFO:   Eta: 0:19:00
2022-03-31 10:38:50,361:INFO: Valid: [209][659/660]  Loss -8.1709 (-5.2057)
2022-03-31 10:39:21,527:INFO: Train: [210][2784/2785]  Loss -1.3837 (-1.8035)  Time:  0.451 (0.011)  Data Time:  0.003 (0.003)
2022-03-31 10:39:21,528:INFO:   Eta: 0:20:45
2022-03-31 10:39:27,924:INFO: Valid: [210][659/660]  Loss -9.8313 (-6.2351)
2022-03-31 10:39:59,749:INFO: Train: [211][2784/2785]  Loss -1.3942 (-1.7385)  Time:  0.482 (0.011)  Data Time:  0.004 (0.004)
2022-03-31 10:39:59,751:INFO:   Eta: 0:20:40
2022-03-31 10:40:06,177:INFO: Valid: [211][659/660]  Loss -9.7342 (-6.2026)
2022-03-31 10:40:40,995:INFO: Train: [212][2784/2785]  Loss -1.4545 (-1.7797)  Time:  0.470 (0.012)  Data Time:  0.003 (0.005)
2022-03-31 10:40:40,997:INFO:   Eta: 0:22:02
2022-03-31 10:40:47,353:INFO: Valid: [212][659/660]  Loss -9.4546 (-5.9727)
2022-03-31 10:41:21,768:INFO: Train: [213][2784/2785]  Loss -1.3780 (-1.7998)  Time:  0.487 (0.012)  Data Time:  0.005 (0.004)
2022-03-31 10:41:21,770:INFO:   Eta: 0:21:12
2022-03-31 10:41:27,829:INFO: Valid: [213][659/660]  Loss -9.8598 (-6.2876)
2022-03-31 10:42:03,907:INFO: Train: [214][2784/2785]  Loss -1.4419 (-1.8102)  Time:  0.494 (0.013)  Data Time:  0.004 (0.004)
2022-03-31 10:42:03,908:INFO:   Eta: 0:21:37
2022-03-31 10:42:10,222:INFO: Valid: [214][659/660]  Loss -9.5533 (-6.0339)
2022-03-31 10:42:42,952:INFO: Train: [215][2784/2785]  Loss -1.3714 (-1.8170)  Time:  0.445 (0.012)  Data Time:  0.002 (0.004)
2022-03-31 10:42:42,954:INFO:   Eta: 0:19:04
2022-03-31 10:42:49,047:INFO: Valid: [215][659/660]  Loss -9.3942 (-5.9389)
2022-03-31 10:43:24,318:INFO: Train: [216][2784/2785]  Loss -1.2464 (-1.8107)  Time:  0.476 (0.013)  Data Time:  0.003 (0.005)
2022-03-31 10:43:24,319:INFO:   Eta: 0:19:58
2022-03-31 10:43:30,425:INFO: Valid: [216][659/660]  Loss -9.5875 (-6.0988)
2022-03-31 10:43:32,885:INFO: Test: [216]  ADE: 0.7032  FDE: 1.0872
2022-03-31 10:44:06,241:INFO: Train: [217][2784/2785]  Loss -1.3592 (-1.7918)  Time:  0.457 (0.012)  Data Time:  0.004 (0.004)
2022-03-31 10:44:06,242:INFO:   Eta: 0:18:20
2022-03-31 10:44:12,504:INFO: Valid: [217][659/660]  Loss -9.5935 (-6.0628)
2022-03-31 10:44:45,553:INFO: Train: [218][2784/2785]  Loss -1.2694 (-1.8193)  Time:  0.479 (0.012)  Data Time:  0.005 (0.004)
2022-03-31 10:44:45,555:INFO:   Eta: 0:17:36
2022-03-31 10:44:55,882:INFO: Valid: [218][659/660]  Loss -9.4884 (-5.9964)
2022-03-31 10:45:27,960:INFO: Train: [219][2784/2785]  Loss -1.4546 (-1.8208)  Time:  0.430 (0.011)  Data Time:  0.004 (0.004)
2022-03-31 10:45:27,962:INFO:   Eta: 0:16:32
2022-03-31 10:45:34,006:INFO: Valid: [219][659/660]  Loss -9.5009 (-6.0118)
2022-03-31 10:46:04,610:INFO: Train: [220][2784/2785]  Loss -1.3937 (-1.8150)  Time:  0.375 (0.011)  Data Time:  0.001 (0.003)
2022-03-31 10:46:04,612:INFO:   Eta: 0:15:17
2022-03-31 10:46:10,438:INFO: Valid: [220][659/660]  Loss -9.6731 (-6.1005)
2022-03-31 10:46:36,291:INFO: Train: [221][2784/2785]  Loss -1.3463 (-1.7470)  Time:  0.374 (0.009)  Data Time:  0.003 (0.002)
2022-03-31 10:46:36,293:INFO:   Eta: 0:12:29
2022-03-31 10:46:42,520:INFO: Valid: [221][659/660]  Loss -9.4384 (-6.0137)
2022-03-31 10:47:11,350:INFO: Train: [222][2784/2785]  Loss -1.4031 (-1.7602)  Time:  0.424 (0.010)  Data Time:  0.004 (0.003)
2022-03-31 10:47:11,352:INFO:   Eta: 0:13:26
2022-03-31 10:47:17,306:INFO: Valid: [222][659/660]  Loss -9.6674 (-6.1382)
2022-03-31 10:47:47,574:INFO: Train: [223][2784/2785]  Loss -1.4137 (-1.7987)  Time:  0.440 (0.011)  Data Time:  0.002 (0.004)
2022-03-31 10:47:47,575:INFO:   Eta: 0:13:36
2022-03-31 10:47:53,542:INFO: Valid: [223][659/660]  Loss -9.9586 (-6.3255)
2022-03-31 10:47:53,558:INFO: Checkpoint saved...
2022-03-31 10:48:22,572:INFO: Train: [224][2784/2785]  Loss -1.4041 (-1.7969)  Time:  0.390 (0.010)  Data Time:  0.003 (0.003)
2022-03-31 10:48:22,574:INFO:   Eta: 0:12:33
2022-03-31 10:48:28,726:INFO: Valid: [224][659/660]  Loss -9.3590 (-5.8867)
2022-03-31 10:48:57,766:INFO: Train: [225][2784/2785]  Loss -1.2566 (-1.7470)  Time:  0.400 (0.010)  Data Time:  0.004 (0.003)
2022-03-31 10:48:57,767:INFO:   Eta: 0:12:05
2022-03-31 10:49:03,645:INFO: Valid: [225][659/660]  Loss -9.8945 (-6.2894)
2022-03-31 10:49:33,290:INFO: Train: [226][2784/2785]  Loss -1.3106 (-1.7807)  Time:  0.405 (0.011)  Data Time:  0.003 (0.003)
2022-03-31 10:49:33,292:INFO:   Eta: 0:11:51
2022-03-31 10:49:39,488:INFO: Valid: [226][659/660]  Loss -9.4385 (-5.9638)
2022-03-31 10:49:41,779:INFO: Test: [226]  ADE: 0.7778  FDE: 1.2799
2022-03-31 10:50:09,537:INFO: Train: [227][2784/2785]  Loss -1.3454 (-1.7905)  Time:  0.358 (0.010)  Data Time:  0.003 (0.003)
2022-03-31 10:50:09,539:INFO:   Eta: 0:10:38
2022-03-31 10:50:15,606:INFO: Valid: [227][659/660]  Loss -9.3022 (-5.8668)
2022-03-31 10:50:41,279:INFO: Train: [228][2784/2785]  Loss -1.3722 (-1.7933)  Time:  0.376 (0.009)  Data Time:  0.002 (0.002)
2022-03-31 10:50:41,281:INFO:   Eta: 0:09:24
2022-03-31 10:50:47,062:INFO: Valid: [228][659/660]  Loss -9.3917 (-5.9545)
2022-03-31 10:51:12,423:INFO: Train: [229][2784/2785]  Loss -1.3634 (-1.8409)  Time:  0.373 (0.009)  Data Time:  0.002 (0.002)
2022-03-31 10:51:12,424:INFO:   Eta: 0:08:52
2022-03-31 10:51:18,424:INFO: Valid: [229][659/660]  Loss -8.6032 (-5.4675)
2022-03-31 10:51:41,006:INFO: Train: [230][2784/2785]  Loss -1.3631 (-1.8062)  Time:  0.338 (0.008)  Data Time:  0.000 (0.002)
2022-03-31 10:51:41,007:INFO:   Eta: 0:07:31
2022-03-31 10:51:46,742:INFO: Valid: [230][659/660]  Loss -9.9218 (-6.3135)
2022-03-31 10:52:07,750:INFO: Train: [231][2784/2785]  Loss -1.2337 (-1.8554)  Time:  0.334 (0.008)  Data Time:  0.001 (0.001)
2022-03-31 10:52:07,752:INFO:   Eta: 0:06:38
2022-03-31 10:52:14,435:INFO: Valid: [231][659/660]  Loss -9.7572 (-6.1909)
2022-03-31 10:52:39,505:INFO: Train: [232][2784/2785]  Loss -1.3670 (-1.8019)  Time:  0.348 (0.009)  Data Time:  0.000 (0.001)
2022-03-31 10:52:39,507:INFO:   Eta: 0:07:30
2022-03-31 10:52:45,528:INFO: Valid: [232][659/660]  Loss -8.4269 (-5.3590)
2022-03-31 10:53:09,284:INFO: Train: [233][2784/2785]  Loss -1.3510 (-1.7573)  Time:  0.367 (0.009)  Data Time:  0.002 (0.002)
2022-03-31 10:53:09,286:INFO:   Eta: 0:06:43
2022-03-31 10:53:15,031:INFO: Valid: [233][659/660]  Loss -9.5295 (-6.0622)
2022-03-31 10:53:40,030:INFO: Train: [234][2784/2785]  Loss -1.3234 (-1.8277)  Time:  0.342 (0.009)  Data Time:  0.002 (0.002)
2022-03-31 10:53:40,032:INFO:   Eta: 0:06:39
2022-03-31 10:53:46,040:INFO: Valid: [234][659/660]  Loss -9.6965 (-6.1800)
2022-03-31 10:54:11,405:INFO: Train: [235][2784/2785]  Loss -1.4178 (-1.8238)  Time:  0.346 (0.009)  Data Time:  0.002 (0.002)
2022-03-31 10:54:11,407:INFO:   Eta: 0:06:20
2022-03-31 10:54:16,852:INFO: Valid: [235][659/660]  Loss -9.8490 (-6.2407)
2022-03-31 10:54:41,954:INFO: Train: [236][2784/2785]  Loss -1.4184 (-1.8412)  Time:  0.363 (0.009)  Data Time:  0.003 (0.002)
2022-03-31 10:54:41,960:INFO:   Eta: 0:05:51
2022-03-31 10:54:47,821:INFO: Valid: [236][659/660]  Loss -8.6292 (-5.4901)
2022-03-31 10:54:50,085:INFO: Test: [236]  ADE: 0.7657  FDE: 1.2939
2022-03-31 10:55:15,002:INFO: Train: [237][2784/2785]  Loss -1.3201 (-1.8454)  Time:  0.388 (0.009)  Data Time:  0.002 (0.002)
2022-03-31 10:55:15,003:INFO:   Eta: 0:05:23
2022-03-31 10:55:20,739:INFO: Valid: [237][659/660]  Loss -9.3073 (-5.8865)
2022-03-31 10:55:42,713:INFO: Train: [238][2784/2785]  Loss -1.3804 (-1.8260)  Time:  0.374 (0.008)  Data Time:  0.001 (0.001)
2022-03-31 10:55:42,714:INFO:   Eta: 0:04:23
2022-03-31 10:55:48,489:INFO: Valid: [238][659/660]  Loss -9.1299 (-5.7865)
2022-03-31 10:56:10,493:INFO: Train: [239][2784/2785]  Loss -1.3453 (-1.8541)  Time:  0.343 (0.008)  Data Time:  0.001 (0.001)
2022-03-31 10:56:10,494:INFO:   Eta: 0:04:01
2022-03-31 10:56:16,149:INFO: Valid: [239][659/660]  Loss -9.8214 (-6.2490)
2022-03-31 10:56:37,845:INFO: Train: [240][2784/2785]  Loss -1.3655 (-1.8056)  Time:  0.396 (0.008)  Data Time:  0.002 (0.001)
2022-03-31 10:56:37,846:INFO:   Eta: 0:03:36
2022-03-31 10:56:43,675:INFO: Valid: [240][659/660]  Loss -9.5381 (-6.0290)
2022-03-31 10:57:03,156:INFO: Train: [241][2784/2785]  Loss -1.2217 (-1.7663)  Time:  0.307 (0.007)  Data Time:  0.000 (0.001)
2022-03-31 10:57:03,158:INFO:   Eta: 0:02:55
2022-03-31 10:57:08,985:INFO: Valid: [241][659/660]  Loss -9.7479 (-6.1721)
2022-03-31 10:57:27,627:INFO: Train: [242][2784/2785]  Loss -1.5331 (-1.7583)  Time:  0.293 (0.007)  Data Time:  0.000 (0.000)
2022-03-31 10:57:27,628:INFO:   Eta: 0:02:28
2022-03-31 10:57:33,615:INFO: Valid: [242][659/660]  Loss -9.4655 (-5.9915)
2022-03-31 10:57:52,567:INFO: Train: [243][2784/2785]  Loss -1.3882 (-1.8173)  Time:  0.307 (0.007)  Data Time:  0.000 (0.000)
2022-03-31 10:57:52,568:INFO:   Eta: 0:02:12
2022-03-31 10:57:58,410:INFO: Valid: [243][659/660]  Loss -9.7541 (-6.2301)
2022-03-31 10:58:17,500:INFO: Train: [244][2784/2785]  Loss -1.4210 (-1.8361)  Time:  0.328 (0.007)  Data Time:  0.000 (0.000)
2022-03-31 10:58:17,501:INFO:   Eta: 0:01:54
2022-03-31 10:58:23,307:INFO: Valid: [244][659/660]  Loss -8.9479 (-5.6851)
2022-03-31 10:58:45,242:INFO: Train: [245][2784/2785]  Loss -1.4648 (-1.8157)  Time:  0.341 (0.008)  Data Time:  0.001 (0.001)
2022-03-31 10:58:45,244:INFO:   Eta: 0:01:49
2022-03-31 10:58:51,307:INFO: Valid: [245][659/660]  Loss -9.2508 (-5.8265)
2022-03-31 10:59:13,032:INFO: Train: [246][2784/2785]  Loss -1.5041 (-1.8131)  Time:  0.344 (0.008)  Data Time:  0.001 (0.001)
2022-03-31 10:59:13,033:INFO:   Eta: 0:01:26
2022-03-31 10:59:18,936:INFO: Valid: [246][659/660]  Loss -9.5321 (-6.0533)
2022-03-31 10:59:20,984:INFO: Test: [246]  ADE: 0.7898  FDE: 1.2988
2022-03-31 10:59:42,831:INFO: Train: [247][2784/2785]  Loss -1.4212 (-1.8022)  Time:  0.375 (0.008)  Data Time:  0.002 (0.001)
2022-03-31 10:59:42,832:INFO:   Eta: 0:01:05
2022-03-31 10:59:48,648:INFO: Valid: [247][659/660]  Loss -9.6279 (-6.1064)
2022-03-31 11:00:10,700:INFO: Train: [248][2784/2785]  Loss -1.3280 (-1.8800)  Time:  0.317 (0.008)  Data Time:  0.000 (0.001)
2022-03-31 11:00:10,701:INFO:   Eta: 0:00:44
2022-03-31 11:00:16,475:INFO: Valid: [248][659/660]  Loss -8.5617 (-5.4169)
2022-03-31 11:00:38,029:INFO: Train: [249][2784/2785]  Loss -1.4181 (-1.8164)  Time:  0.361 (0.008)  Data Time:  0.002 (0.001)
2022-03-31 11:00:38,030:INFO:   Eta: 0:00:21
2022-03-31 11:00:43,951:INFO: Valid: [249][659/660]  Loss -9.6822 (-6.1385)
