2022-03-29 15:38:38,754:INFO: batch_size=128
2022-03-29 15:38:38,754:INFO: clip_grad=None
2022-03-29 15:38:38,754:INFO: dataset=hotel
2022-03-29 15:38:38,754:INFO: gpu_num=0
2022-03-29 15:38:38,754:INFO: input_size=2
2022-03-29 15:38:38,754:INFO: kernel_size=3
2022-03-29 15:38:38,755:INFO: lr=0.01
2022-03-29 15:38:38,755:INFO: lr_sh_rate=150
2022-03-29 15:38:38,755:INFO: n_stgcnn=1
2022-03-29 15:38:38,755:INFO: n_txpcnn=5
2022-03-29 15:38:38,755:INFO: num_epochs=250
2022-03-29 15:38:38,755:INFO: obs_seq_len=8
2022-03-29 15:38:38,755:INFO: output_size=5
2022-03-29 15:38:38,755:INFO: pred_seq_len=12
2022-03-29 15:38:38,755:INFO: seed=0
2022-03-29 15:38:38,755:INFO: tag=hotel
2022-03-29 15:38:38,755:INFO: use_lrschd=True
2022-03-29 15:38:38,755:INFO: ******************************
2022-03-29 15:38:38,755:INFO: Training initiating....
2022-03-29 15:38:38,755:INFO: Namespace(batch_size=128, clip_grad=None, dataset='hotel', gpu_num='0', input_size=2, kernel_size=3, lr=0.01, lr_sh_rate=150, n_stgcnn=1, n_txpcnn=5, num_epochs=250, obs_seq_len=8, output_size=5, pred_seq_len=12, seed=0, tag='hotel', use_lrschd=True)
2022-03-29 15:38:38,760:INFO: Initializing train dataset
2022-03-29 15:38:48,961:INFO: Initializing val dataset
2022-03-29 15:39:21,677:INFO: social_stgcnn0
2022-03-29 15:39:21,718:INFO: Data and model loaded
2022-03-29 15:39:21,718:INFO: Checkpoint dir: ../runs/Mar29_15-38-38_node06/hotel/checkpoint
2022-03-29 15:39:21,718:INFO: Training started ...
2022-03-29 15:39:53,391:INFO: Train: [0][2593/2594]  Loss 0.4512 (1.7624)  Time:  0.112 (0.012)  Data Time:  0.002 (0.004)
2022-03-29 15:39:53,486:INFO:   Eta: 2:11:56
2022-03-29 15:40:01,395:INFO: Test: [0]  ADE: 1.4146  FDE: 1.3178
2022-03-29 15:40:25,759:INFO: Train: [1][2593/2594]  Loss 0.4083 (1.6416)  Time:  0.147 (0.009)  Data Time:  0.004 (0.003)
2022-03-29 15:40:25,761:INFO:   Eta: 1:35:48
2022-03-29 15:40:51,964:INFO: Train: [2][2593/2594]  Loss 0.3652 (1.4720)  Time:  0.144 (0.010)  Data Time:  0.004 (0.004)
2022-03-29 15:40:51,965:INFO:   Eta: 1:48:14
2022-03-29 15:41:18,631:INFO: Train: [3][2593/2594]  Loss 0.3255 (1.3370)  Time:  0.165 (0.010)  Data Time:  0.004 (0.004)
2022-03-29 15:41:18,631:INFO:   Eta: 1:49:43
2022-03-29 15:41:49,027:INFO: Train: [4][2593/2594]  Loss 0.2690 (1.1244)  Time:  0.162 (0.012)  Data Time:  0.004 (0.005)
2022-03-29 15:41:49,029:INFO:   Eta: 2:04:33
2022-03-29 15:42:19,295:INFO: Train: [5][2593/2594]  Loss 0.2085 (0.8903)  Time:  0.163 (0.012)  Data Time:  0.005 (0.005)
2022-03-29 15:42:19,297:INFO:   Eta: 2:03:31
2022-03-29 15:42:49,491:INFO: Train: [6][2593/2594]  Loss 0.1480 (0.6748)  Time:  0.175 (0.012)  Data Time:  0.005 (0.005)
2022-03-29 15:42:49,491:INFO:   Eta: 2:02:44
2022-03-29 15:43:19,526:INFO: Train: [7][2593/2594]  Loss 0.0830 (0.4333)  Time:  0.171 (0.012)  Data Time:  0.005 (0.005)
2022-03-29 15:43:19,527:INFO:   Eta: 2:01:35
2022-03-29 15:43:50,094:INFO: Train: [8][2593/2594]  Loss -0.0005 (0.1756)  Time:  0.175 (0.012)  Data Time:  0.005 (0.005)
2022-03-29 15:43:50,096:INFO:   Eta: 2:03:13
2022-03-29 15:44:20,319:INFO: Train: [9][2593/2594]  Loss -0.0144 (0.0259)  Time:  0.168 (0.012)  Data Time:  0.005 (0.005)
2022-03-29 15:44:20,321:INFO:   Eta: 2:01:21
2022-03-29 15:44:46,323:INFO: Train: [10][2593/2594]  Loss -0.0558 (-0.0648)  Time:  0.144 (0.010)  Data Time:  0.004 (0.004)
2022-03-29 15:44:46,324:INFO:   Eta: 1:43:57
2022-03-29 15:44:55,094:INFO: Test: [10]  ADE: 1.1588  FDE: 1.7369
2022-03-29 15:45:24,315:INFO: Train: [11][2593/2594]  Loss -0.0927 (-0.1158)  Time:  0.133 (0.011)  Data Time:  0.003 (0.005)
2022-03-29 15:45:24,317:INFO:   Eta: 1:56:20
2022-03-29 15:45:50,164:INFO: Train: [12][2593/2594]  Loss -0.0269 (-0.1538)  Time:  0.142 (0.010)  Data Time:  0.003 (0.004)
2022-03-29 15:45:50,164:INFO:   Eta: 1:42:28
2022-03-29 15:46:16,064:INFO: Train: [13][2593/2594]  Loss -0.0886 (-0.1716)  Time:  0.126 (0.010)  Data Time:  0.003 (0.003)
2022-03-29 15:46:16,066:INFO:   Eta: 1:39:40
2022-03-29 15:46:42,741:INFO: Train: [14][2593/2594]  Loss -0.0071 (-0.1935)  Time:  0.147 (0.010)  Data Time:  0.003 (0.004)
2022-03-29 15:46:42,743:INFO:   Eta: 1:44:51
2022-03-29 15:47:12,549:INFO: Train: [15][2593/2594]  Loss -0.0515 (-0.2129)  Time:  0.162 (0.011)  Data Time:  0.005 (0.005)
2022-03-29 15:47:12,550:INFO:   Eta: 1:56:41
2022-03-29 15:47:42,527:INFO: Train: [16][2593/2594]  Loss -0.1006 (-0.2453)  Time:  0.151 (0.012)  Data Time:  0.004 (0.005)
2022-03-29 15:47:42,528:INFO:   Eta: 1:56:51
2022-03-29 15:48:13,145:INFO: Train: [17][2593/2594]  Loss -0.0651 (-0.2706)  Time:  0.168 (0.012)  Data Time:  0.006 (0.005)
2022-03-29 15:48:13,146:INFO:   Eta: 1:58:51
2022-03-29 15:48:43,254:INFO: Train: [18][2593/2594]  Loss -0.0545 (-0.2816)  Time:  0.164 (0.012)  Data Time:  0.005 (0.005)
2022-03-29 15:48:43,255:INFO:   Eta: 1:56:22
2022-03-29 15:49:09,970:INFO: Train: [19][2593/2594]  Loss -0.0651 (-0.2867)  Time:  0.128 (0.010)  Data Time:  0.003 (0.004)
2022-03-29 15:49:09,971:INFO:   Eta: 1:42:48
2022-03-29 15:49:38,111:INFO: Train: [20][2593/2594]  Loss -0.0488 (-0.2922)  Time:  0.170 (0.011)  Data Time:  0.005 (0.004)
2022-03-29 15:49:38,112:INFO:   Eta: 1:47:49
2022-03-29 15:49:47,203:INFO: Test: [20]  ADE: 1.1670  FDE: 1.8324
2022-03-29 15:50:16,921:INFO: Train: [21][2593/2594]  Loss -0.0821 (-0.3007)  Time:  0.179 (0.011)  Data Time:  0.005 (0.004)
2022-03-29 15:50:16,943:INFO:   Eta: 1:53:14
2022-03-29 15:50:46,757:INFO: Train: [22][2593/2594]  Loss -0.0804 (-0.3277)  Time:  0.170 (0.011)  Data Time:  0.004 (0.004)
2022-03-29 15:50:46,759:INFO:   Eta: 1:53:12
2022-03-29 15:51:12,892:INFO: Train: [23][2593/2594]  Loss -0.0838 (-0.3373)  Time:  0.147 (0.010)  Data Time:  0.003 (0.004)
2022-03-29 15:51:12,895:INFO:   Eta: 1:38:45
2022-03-29 15:51:38,995:INFO: Train: [24][2593/2594]  Loss -0.1244 (-0.3408)  Time:  0.146 (0.010)  Data Time:  0.005 (0.004)
2022-03-29 15:51:38,996:INFO:   Eta: 1:38:12
2022-03-29 15:52:05,311:INFO: Train: [25][2593/2594]  Loss -0.1186 (-0.3275)  Time:  0.133 (0.010)  Data Time:  0.002 (0.004)
2022-03-29 15:52:05,403:INFO:   Eta: 1:38:37
2022-03-29 15:52:36,648:INFO: Train: [26][2593/2594]  Loss -0.0921 (-0.3324)  Time:  0.160 (0.011)  Data Time:  0.005 (0.004)
2022-03-29 15:52:36,651:INFO:   Eta: 1:47:41
2022-03-29 15:53:06,963:INFO: Train: [27][2593/2594]  Loss -0.0809 (-0.3571)  Time:  0.164 (0.012)  Data Time:  0.005 (0.005)
2022-03-29 15:53:06,964:INFO:   Eta: 1:52:28
2022-03-29 15:53:35,673:INFO: Train: [28][2593/2594]  Loss -0.0951 (-0.3576)  Time:  0.147 (0.011)  Data Time:  0.003 (0.004)
2022-03-29 15:53:35,674:INFO:   Eta: 1:46:10
2022-03-29 15:54:02,585:INFO: Train: [29][2593/2594]  Loss -0.1113 (-0.3653)  Time:  0.174 (0.010)  Data Time:  0.004 (0.004)
2022-03-29 15:54:02,585:INFO:   Eta: 1:39:03
2022-03-29 15:54:33,143:INFO: Train: [30][2593/2594]  Loss -0.1165 (-0.3241)  Time:  0.162 (0.012)  Data Time:  0.005 (0.005)
2022-03-29 15:54:33,143:INFO:   Eta: 1:51:59
2022-03-29 15:54:42,618:INFO: Test: [30]  ADE: 1.1622  FDE: 1.8615
2022-03-29 15:55:13,228:INFO: Train: [31][2593/2594]  Loss -0.1386 (-0.3567)  Time:  0.171 (0.012)  Data Time:  0.005 (0.005)
2022-03-29 15:55:13,229:INFO:   Eta: 1:51:40
2022-03-29 15:55:43,251:INFO: Train: [32][2593/2594]  Loss -0.1294 (-0.3241)  Time:  0.153 (0.012)  Data Time:  0.004 (0.005)
2022-03-29 15:55:43,253:INFO:   Eta: 1:49:01
2022-03-29 15:56:13,969:INFO: Train: [33][2593/2594]  Loss -0.0959 (-0.3863)  Time:  0.155 (0.012)  Data Time:  0.005 (0.005)
2022-03-29 15:56:13,971:INFO:   Eta: 1:50:50
2022-03-29 15:56:40,521:INFO: Train: [34][2593/2594]  Loss -0.1199 (-0.3585)  Time:  0.165 (0.010)  Data Time:  0.004 (0.004)
2022-03-29 15:56:40,523:INFO:   Eta: 1:35:31
2022-03-29 15:57:06,860:INFO: Train: [35][2593/2594]  Loss -0.1108 (-0.3737)  Time:  0.127 (0.010)  Data Time:  0.003 (0.004)
2022-03-29 15:57:06,861:INFO:   Eta: 1:34:20
2022-03-29 15:57:33,371:INFO: Train: [36][2593/2594]  Loss -0.1492 (-0.3558)  Time:  0.148 (0.010)  Data Time:  0.004 (0.004)
2022-03-29 15:57:33,374:INFO:   Eta: 1:34:26
2022-03-29 15:58:01,148:INFO: Train: [37][2593/2594]  Loss -0.0384 (-0.3389)  Time:  0.134 (0.011)  Data Time:  0.003 (0.004)
2022-03-29 15:58:01,247:INFO:   Eta: 1:38:28
2022-03-29 15:58:28,043:INFO: Train: [38][2593/2594]  Loss -0.1133 (-0.3487)  Time:  0.181 (0.010)  Data Time:  0.005 (0.004)
2022-03-29 15:58:28,044:INFO:   Eta: 1:31:39
2022-03-29 15:58:58,611:INFO: Train: [39][2593/2594]  Loss -0.0578 (-0.3865)  Time:  0.162 (0.012)  Data Time:  0.004 (0.005)
2022-03-29 15:58:58,612:INFO:   Eta: 1:47:27
2022-03-29 15:59:29,051:INFO: Train: [40][2593/2594]  Loss -0.1093 (-0.3753)  Time:  0.165 (0.012)  Data Time:  0.005 (0.005)
2022-03-29 15:59:29,053:INFO:   Eta: 1:46:29
2022-03-29 15:59:38,356:INFO: Test: [40]  ADE: 1.1578  FDE: 1.8618
2022-03-29 16:00:09,151:INFO: Train: [41][2593/2594]  Loss -0.1206 (-0.4001)  Time:  0.173 (0.012)  Data Time:  0.004 (0.005)
2022-03-29 16:00:09,153:INFO:   Eta: 1:47:13
2022-03-29 16:00:39,513:INFO: Train: [42][2593/2594]  Loss -0.1321 (-0.3393)  Time:  0.167 (0.012)  Data Time:  0.004 (0.005)
2022-03-29 16:00:39,515:INFO:   Eta: 1:45:11
2022-03-29 16:01:09,867:INFO: Train: [43][2593/2594]  Loss -0.1114 (-0.3939)  Time:  0.167 (0.012)  Data Time:  0.004 (0.005)
2022-03-29 16:01:09,868:INFO:   Eta: 1:44:39
2022-03-29 16:01:40,236:INFO: Train: [44][2593/2594]  Loss -0.0615 (-0.3747)  Time:  0.163 (0.012)  Data Time:  0.005 (0.005)
2022-03-29 16:01:40,237:INFO:   Eta: 1:44:12
2022-03-29 16:02:07,568:INFO: Train: [45][2593/2594]  Loss -0.0832 (-0.3829)  Time:  0.147 (0.011)  Data Time:  0.004 (0.004)
2022-03-29 16:02:07,570:INFO:   Eta: 1:33:20
2022-03-29 16:02:33,002:INFO: Train: [46][2593/2594]  Loss -0.0857 (-0.3997)  Time:  0.130 (0.010)  Data Time:  0.003 (0.004)
2022-03-29 16:02:33,003:INFO:   Eta: 1:26:25
2022-03-29 16:02:54,425:INFO: Train: [47][2593/2594]  Loss -0.1127 (-0.4200)  Time:  0.131 (0.008)  Data Time:  0.002 (0.003)
2022-03-29 16:02:54,426:INFO:   Eta: 1:12:25
2022-03-29 16:03:21,146:INFO: Train: [48][2593/2594]  Loss -0.1245 (-0.3977)  Time:  0.155 (0.010)  Data Time:  0.005 (0.004)
2022-03-29 16:03:21,146:INFO:   Eta: 1:29:54
2022-03-29 16:03:51,867:INFO: Train: [49][2593/2594]  Loss -0.1259 (-0.3897)  Time:  0.156 (0.012)  Data Time:  0.004 (0.005)
2022-03-29 16:03:51,868:INFO:   Eta: 1:42:52
2022-03-29 16:04:22,669:INFO: Train: [50][2593/2594]  Loss -0.1223 (-0.4029)  Time:  0.168 (0.012)  Data Time:  0.004 (0.005)
2022-03-29 16:04:22,670:INFO:   Eta: 1:42:37
2022-03-29 16:04:31,517:INFO: Test: [50]  ADE: 1.1494  FDE: 1.8613
2022-03-29 16:05:01,425:INFO: Train: [51][2593/2594]  Loss -0.1046 (-0.4073)  Time:  0.173 (0.012)  Data Time:  0.005 (0.005)
2022-03-29 16:05:01,426:INFO:   Eta: 1:39:09
2022-03-29 16:05:31,891:INFO: Train: [52][2593/2594]  Loss -0.0168 (-0.3720)  Time:  0.192 (0.012)  Data Time:  0.005 (0.005)
2022-03-29 16:05:31,899:INFO:   Eta: 1:40:29
2022-03-29 16:06:01,915:INFO: Train: [53][2593/2594]  Loss -0.1043 (-0.3883)  Time:  0.166 (0.012)  Data Time:  0.005 (0.005)
2022-03-29 16:06:01,916:INFO:   Eta: 1:38:17
2022-03-29 16:06:32,041:INFO: Train: [54][2593/2594]  Loss -0.1075 (-0.3720)  Time:  0.158 (0.012)  Data Time:  0.005 (0.005)
2022-03-29 16:06:32,046:INFO:   Eta: 1:38:21
2022-03-29 16:07:02,503:INFO: Train: [55][2593/2594]  Loss -0.1314 (-0.3871)  Time:  0.140 (0.012)  Data Time:  0.004 (0.005)
2022-03-29 16:07:02,503:INFO:   Eta: 1:38:46
2022-03-29 16:07:27,288:INFO: Train: [56][2593/2594]  Loss -0.1401 (-0.4028)  Time:  0.110 (0.010)  Data Time:  0.002 (0.003)
2022-03-29 16:07:27,289:INFO:   Eta: 1:20:06
2022-03-29 16:07:51,277:INFO: Train: [57][2593/2594]  Loss -0.1546 (-0.4025)  Time:  0.169 (0.009)  Data Time:  0.004 (0.003)
2022-03-29 16:07:51,279:INFO:   Eta: 1:17:07
2022-03-29 16:08:17,479:INFO: Train: [58][2593/2594]  Loss -0.0798 (-0.4089)  Time:  0.142 (0.010)  Data Time:  0.003 (0.004)
2022-03-29 16:08:17,480:INFO:   Eta: 1:23:47
2022-03-29 16:08:44,254:INFO: Train: [59][2593/2594]  Loss -0.1180 (-0.4138)  Time:  0.149 (0.010)  Data Time:  0.003 (0.004)
2022-03-29 16:08:44,256:INFO:   Eta: 1:25:11
2022-03-29 16:09:14,650:INFO: Train: [60][2593/2594]  Loss -0.1013 (-0.4101)  Time:  0.163 (0.012)  Data Time:  0.005 (0.005)
2022-03-29 16:09:14,652:INFO:   Eta: 1:36:12
2022-03-29 16:09:23,802:INFO: Test: [60]  ADE: 1.1478  FDE: 1.8604
2022-03-29 16:09:54,057:INFO: Train: [61][2593/2594]  Loss -0.0600 (-0.3759)  Time:  0.159 (0.012)  Data Time:  0.004 (0.005)
2022-03-29 16:09:54,057:INFO:   Eta: 1:35:15
2022-03-29 16:10:24,538:INFO: Train: [62][2593/2594]  Loss -0.1504 (-0.3907)  Time:  0.169 (0.012)  Data Time:  0.005 (0.005)
2022-03-29 16:10:24,538:INFO:   Eta: 1:35:28
2022-03-29 16:10:54,983:INFO: Train: [63][2593/2594]  Loss -0.0895 (-0.3992)  Time:  0.162 (0.012)  Data Time:  0.004 (0.005)
2022-03-29 16:10:54,983:INFO:   Eta: 1:34:50
2022-03-29 16:11:25,196:INFO: Train: [64][2593/2594]  Loss -0.1588 (-0.3856)  Time:  0.158 (0.012)  Data Time:  0.005 (0.005)
2022-03-29 16:11:25,197:INFO:   Eta: 1:33:37
2022-03-29 16:11:53,582:INFO: Train: [65][2593/2594]  Loss -0.0447 (-0.3666)  Time:  0.159 (0.011)  Data Time:  0.003 (0.004)
2022-03-29 16:11:53,583:INFO:   Eta: 1:27:28
2022-03-29 16:12:21,075:INFO: Train: [66][2593/2594]  Loss -0.0872 (-0.3782)  Time:  0.158 (0.011)  Data Time:  0.005 (0.004)
2022-03-29 16:12:21,078:INFO:   Eta: 1:24:16
2022-03-29 16:12:51,315:INFO: Train: [67][2593/2594]  Loss -0.1082 (-0.4027)  Time:  0.144 (0.012)  Data Time:  0.004 (0.005)
2022-03-29 16:12:51,319:INFO:   Eta: 1:32:08
2022-03-29 16:13:17,634:INFO: Train: [68][2593/2594]  Loss -0.0530 (-0.3999)  Time:  0.137 (0.010)  Data Time:  0.003 (0.004)
2022-03-29 16:13:17,635:INFO:   Eta: 1:19:38
2022-03-29 16:13:45,040:INFO: Train: [69][2593/2594]  Loss -0.0969 (-0.3625)  Time:  0.157 (0.011)  Data Time:  0.003 (0.004)
2022-03-29 16:13:45,041:INFO:   Eta: 1:22:38
2022-03-29 16:14:11,711:INFO: Train: [70][2593/2594]  Loss -0.0967 (-0.4165)  Time:  0.136 (0.010)  Data Time:  0.004 (0.004)
2022-03-29 16:14:11,712:INFO:   Eta: 1:19:57
2022-03-29 16:14:20,543:INFO: Test: [70]  ADE: 1.1540  FDE: 1.8688
2022-03-29 16:14:51,206:INFO: Train: [71][2593/2594]  Loss -0.0630 (-0.3823)  Time:  0.160 (0.012)  Data Time:  0.004 (0.005)
2022-03-29 16:14:51,207:INFO:   Eta: 1:31:26
2022-03-29 16:15:21,159:INFO: Train: [72][2593/2594]  Loss -0.1204 (-0.4075)  Time:  0.159 (0.012)  Data Time:  0.004 (0.005)
2022-03-29 16:15:21,160:INFO:   Eta: 1:28:48
2022-03-29 16:15:51,188:INFO: Train: [73][2593/2594]  Loss -0.1359 (-0.4035)  Time:  0.164 (0.012)  Data Time:  0.005 (0.005)
2022-03-29 16:15:51,276:INFO:   Eta: 1:28:32
2022-03-29 16:16:20,187:INFO: Train: [74][2593/2594]  Loss -0.0733 (-0.3817)  Time:  0.167 (0.011)  Data Time:  0.004 (0.004)
2022-03-29 16:16:20,189:INFO:   Eta: 1:22:17
2022-03-29 16:16:48,082:INFO: Train: [75][2593/2594]  Loss -0.0601 (-0.4083)  Time:  0.153 (0.011)  Data Time:  0.004 (0.004)
2022-03-29 16:16:48,083:INFO:   Eta: 1:21:19
2022-03-29 16:17:17,993:INFO: Train: [76][2593/2594]  Loss -0.0952 (-0.3994)  Time:  0.159 (0.012)  Data Time:  0.005 (0.005)
2022-03-29 16:17:17,995:INFO:   Eta: 1:26:42
2022-03-29 16:17:48,012:INFO: Train: [77][2593/2594]  Loss -0.1522 (-0.3855)  Time:  0.168 (0.012)  Data Time:  0.003 (0.005)
2022-03-29 16:17:48,014:INFO:   Eta: 1:26:30
2022-03-29 16:18:18,734:INFO: Train: [78][2593/2594]  Loss -0.1483 (-0.3938)  Time:  0.178 (0.012)  Data Time:  0.004 (0.005)
2022-03-29 16:18:18,734:INFO:   Eta: 1:28:01
2022-03-29 16:18:45,076:INFO: Train: [79][2593/2594]  Loss -0.0412 (-0.4166)  Time:  0.140 (0.010)  Data Time:  0.003 (0.004)
2022-03-29 16:18:45,077:INFO:   Eta: 1:15:02
2022-03-29 16:19:11,707:INFO: Train: [80][2593/2594]  Loss -0.1361 (-0.4184)  Time:  0.141 (0.010)  Data Time:  0.004 (0.004)
2022-03-29 16:19:11,709:INFO:   Eta: 1:15:25
2022-03-29 16:19:20,526:INFO: Test: [80]  ADE: 1.1541  FDE: 1.8795
2022-03-29 16:19:47,699:INFO: Train: [81][2593/2594]  Loss -0.1488 (-0.3692)  Time:  0.179 (0.010)  Data Time:  0.005 (0.004)
2022-03-29 16:19:47,702:INFO:   Eta: 1:16:29
2022-03-29 16:20:18,166:INFO: Train: [82][2593/2594]  Loss -0.1294 (-0.4348)  Time:  0.155 (0.012)  Data Time:  0.004 (0.005)
2022-03-29 16:20:18,168:INFO:   Eta: 1:25:12
2022-03-29 16:20:45,863:INFO: Train: [83][2593/2594]  Loss -0.1073 (-0.4047)  Time:  0.191 (0.011)  Data Time:  0.004 (0.004)
2022-03-29 16:20:45,864:INFO:   Eta: 1:17:02
2022-03-29 16:21:13,717:INFO: Train: [84][2593/2594]  Loss -0.1294 (-0.4009)  Time:  0.153 (0.011)  Data Time:  0.004 (0.004)
2022-03-29 16:21:13,718:INFO:   Eta: 1:17:01
2022-03-29 16:21:43,404:INFO: Train: [85][2593/2594]  Loss -0.0896 (-0.4066)  Time:  0.168 (0.011)  Data Time:  0.004 (0.004)
2022-03-29 16:21:43,405:INFO:   Eta: 1:21:36
2022-03-29 16:22:13,924:INFO: Train: [86][2593/2594]  Loss -0.1027 (-0.3758)  Time:  0.174 (0.012)  Data Time:  0.006 (0.005)
2022-03-29 16:22:13,925:INFO:   Eta: 1:23:22
2022-03-29 16:22:44,164:INFO: Train: [87][2593/2594]  Loss -0.1663 (-0.3583)  Time:  0.153 (0.012)  Data Time:  0.004 (0.005)
2022-03-29 16:22:44,165:INFO:   Eta: 1:22:06
2022-03-29 16:23:15,119:INFO: Train: [88][2593/2594]  Loss -0.1434 (-0.4222)  Time:  0.186 (0.012)  Data Time:  0.004 (0.005)
2022-03-29 16:23:15,120:INFO:   Eta: 1:23:32
2022-03-29 16:23:45,925:INFO: Train: [89][2593/2594]  Loss -0.1264 (-0.4030)  Time:  0.166 (0.012)  Data Time:  0.004 (0.005)
2022-03-29 16:23:45,926:INFO:   Eta: 1:22:37
2022-03-29 16:24:12,931:INFO: Train: [90][2593/2594]  Loss -0.1236 (-0.4084)  Time:  0.150 (0.010)  Data Time:  0.004 (0.004)
2022-03-29 16:24:12,933:INFO:   Eta: 1:11:58
2022-03-29 16:24:21,823:INFO: Test: [90]  ADE: 1.1509  FDE: 1.8638
2022-03-29 16:24:48,546:INFO: Train: [91][2593/2594]  Loss -0.0901 (-0.4210)  Time:  0.144 (0.010)  Data Time:  0.003 (0.004)
2022-03-29 16:24:48,547:INFO:   Eta: 1:10:46
2022-03-29 16:25:13,413:INFO: Train: [92][2593/2594]  Loss -0.1332 (-0.3983)  Time:  0.117 (0.010)  Data Time:  0.003 (0.003)
2022-03-29 16:25:13,414:INFO:   Eta: 1:05:26
2022-03-29 16:25:40,144:INFO: Train: [93][2593/2594]  Loss -0.0956 (-0.3770)  Time:  0.152 (0.010)  Data Time:  0.004 (0.004)
2022-03-29 16:25:40,145:INFO:   Eta: 1:09:54
2022-03-29 16:26:09,676:INFO: Train: [94][2593/2594]  Loss -0.0116 (-0.4012)  Time:  0.157 (0.011)  Data Time:  0.004 (0.005)
2022-03-29 16:26:09,677:INFO:   Eta: 1:16:44
2022-03-29 16:26:39,718:INFO: Train: [95][2593/2594]  Loss -0.0505 (-0.3530)  Time:  0.154 (0.012)  Data Time:  0.005 (0.005)
2022-03-29 16:26:39,719:INFO:   Eta: 1:17:34
2022-03-29 16:27:10,047:INFO: Train: [96][2593/2594]  Loss -0.0781 (-0.3513)  Time:  0.155 (0.012)  Data Time:  0.004 (0.005)
2022-03-29 16:27:10,132:INFO:   Eta: 1:17:48
2022-03-29 16:27:41,267:INFO: Train: [97][2593/2594]  Loss -0.1221 (-0.3996)  Time:  0.166 (0.012)  Data Time:  0.005 (0.005)
2022-03-29 16:27:41,269:INFO:   Eta: 1:17:37
2022-03-29 16:28:11,499:INFO: Train: [98][2593/2594]  Loss -0.0913 (-0.3848)  Time:  0.163 (0.012)  Data Time:  0.005 (0.005)
2022-03-29 16:28:11,500:INFO:   Eta: 1:16:32
2022-03-29 16:28:41,822:INFO: Train: [99][2593/2594]  Loss -0.0967 (-0.4119)  Time:  0.158 (0.012)  Data Time:  0.005 (0.005)
2022-03-29 16:28:41,823:INFO:   Eta: 1:16:16
2022-03-29 16:29:12,333:INFO: Train: [100][2593/2594]  Loss -0.1114 (-0.4183)  Time:  0.157 (0.012)  Data Time:  0.004 (0.005)
2022-03-29 16:29:12,334:INFO:   Eta: 1:16:14
2022-03-29 16:29:21,645:INFO: Test: [100]  ADE: 1.1590  FDE: 1.8862
2022-03-29 16:29:46,213:INFO: Train: [101][2593/2594]  Loss -0.0874 (-0.4143)  Time:  0.128 (0.009)  Data Time:  0.003 (0.003)
2022-03-29 16:29:46,214:INFO:   Eta: 1:00:58
2022-03-29 16:30:09,928:INFO: Train: [102][2593/2594]  Loss -0.1553 (-0.4066)  Time:  0.158 (0.009)  Data Time:  0.004 (0.003)
2022-03-29 16:30:09,929:INFO:   Eta: 0:58:27
2022-03-29 16:30:34,432:INFO: Train: [103][2593/2594]  Loss -0.1380 (-0.3762)  Time:  0.142 (0.009)  Data Time:  0.004 (0.003)
2022-03-29 16:30:34,433:INFO:   Eta: 1:00:00
2022-03-29 16:31:02,849:INFO: Train: [104][2593/2594]  Loss -0.0602 (-0.3826)  Time:  0.162 (0.011)  Data Time:  0.005 (0.004)
2022-03-29 16:31:02,850:INFO:   Eta: 1:09:06
2022-03-29 16:31:33,454:INFO: Train: [105][2593/2594]  Loss -0.1132 (-0.3882)  Time:  0.169 (0.012)  Data Time:  0.004 (0.005)
2022-03-29 16:31:33,455:INFO:   Eta: 1:13:55
2022-03-29 16:32:03,766:INFO: Train: [106][2593/2594]  Loss -0.1051 (-0.3951)  Time:  0.172 (0.012)  Data Time:  0.005 (0.005)
2022-03-29 16:32:03,768:INFO:   Eta: 1:12:43
2022-03-29 16:32:34,444:INFO: Train: [107][2593/2594]  Loss -0.1423 (-0.4312)  Time:  0.164 (0.012)  Data Time:  0.006 (0.005)
2022-03-29 16:32:34,445:INFO:   Eta: 1:13:03
2022-03-29 16:33:03,596:INFO: Train: [108][2593/2594]  Loss -0.1264 (-0.4209)  Time:  0.161 (0.011)  Data Time:  0.005 (0.004)
2022-03-29 16:33:03,597:INFO:   Eta: 1:08:58
2022-03-29 16:33:33,926:INFO: Train: [109][2593/2594]  Loss -0.0533 (-0.3821)  Time:  0.174 (0.012)  Data Time:  0.004 (0.005)
2022-03-29 16:33:33,927:INFO:   Eta: 1:11:14
2022-03-29 16:34:04,073:INFO: Train: [110][2593/2594]  Loss -0.1094 (-0.4018)  Time:  0.168 (0.012)  Data Time:  0.004 (0.005)
2022-03-29 16:34:04,074:INFO:   Eta: 1:10:18
2022-03-29 16:34:13,101:INFO: Test: [110]  ADE: 1.1646  FDE: 1.8976
2022-03-29 16:34:40,966:INFO: Train: [111][2593/2594]  Loss -0.1679 (-0.4102)  Time:  0.173 (0.011)  Data Time:  0.004 (0.004)
2022-03-29 16:34:40,967:INFO:   Eta: 1:04:31
2022-03-29 16:35:07,290:INFO: Train: [112][2593/2594]  Loss -0.1387 (-0.4119)  Time:  0.132 (0.010)  Data Time:  0.003 (0.004)
2022-03-29 16:35:07,292:INFO:   Eta: 1:00:30
2022-03-29 16:35:33,975:INFO: Train: [113][2593/2594]  Loss -0.1359 (-0.4297)  Time:  0.150 (0.010)  Data Time:  0.004 (0.004)
2022-03-29 16:35:33,976:INFO:   Eta: 1:00:53
2022-03-29 16:36:00,237:INFO: Train: [114][2593/2594]  Loss -0.1074 (-0.3941)  Time:  0.142 (0.010)  Data Time:  0.003 (0.004)
2022-03-29 16:36:00,237:INFO:   Eta: 0:59:29
2022-03-29 16:36:27,712:INFO: Train: [115][2593/2594]  Loss -0.0881 (-0.4089)  Time:  0.173 (0.011)  Data Time:  0.004 (0.004)
2022-03-29 16:36:27,713:INFO:   Eta: 1:01:38
2022-03-29 16:36:57,972:INFO: Train: [116][2593/2594]  Loss -0.1181 (-0.3983)  Time:  0.166 (0.012)  Data Time:  0.004 (0.005)
2022-03-29 16:36:57,973:INFO:   Eta: 1:07:33
2022-03-29 16:37:27,337:INFO: Train: [117][2593/2594]  Loss -0.1053 (-0.3832)  Time:  0.252 (0.011)  Data Time:  0.003 (0.005)
2022-03-29 16:37:27,342:INFO:   Eta: 1:05:03
2022-03-29 16:37:58,377:INFO: Train: [118][2593/2594]  Loss -0.1374 (-0.3979)  Time:  0.177 (0.012)  Data Time:  0.005 (0.005)
2022-03-29 16:37:58,377:INFO:   Eta: 1:08:13
2022-03-29 16:38:28,788:INFO: Train: [119][2593/2594]  Loss -0.1216 (-0.3634)  Time:  0.174 (0.012)  Data Time:  0.005 (0.005)
2022-03-29 16:38:28,789:INFO:   Eta: 1:06:22
2022-03-29 16:38:56,546:INFO: Train: [120][2593/2594]  Loss -0.0979 (-0.4090)  Time:  0.151 (0.011)  Data Time:  0.004 (0.004)
2022-03-29 16:38:56,549:INFO:   Eta: 1:00:06
2022-03-29 16:39:05,323:INFO: Test: [120]  ADE: 1.1517  FDE: 1.8721
2022-03-29 16:39:34,940:INFO: Train: [121][2593/2594]  Loss -0.1219 (-0.4026)  Time:  0.150 (0.011)  Data Time:  0.004 (0.005)
2022-03-29 16:39:35,017:INFO:   Eta: 1:03:35
2022-03-29 16:40:05,651:INFO: Train: [122][2593/2594]  Loss -0.0983 (-0.3978)  Time:  0.169 (0.011)  Data Time:  0.005 (0.005)
2022-03-29 16:40:05,652:INFO:   Eta: 1:03:33
2022-03-29 16:40:33,440:INFO: Train: [123][2593/2594]  Loss -0.1177 (-0.4082)  Time:  0.154 (0.011)  Data Time:  0.004 (0.004)
2022-03-29 16:40:33,441:INFO:   Eta: 0:58:47
2022-03-29 16:40:59,230:INFO: Train: [124][2593/2594]  Loss -0.1434 (-0.4270)  Time:  0.139 (0.010)  Data Time:  0.003 (0.004)
2022-03-29 16:40:59,231:INFO:   Eta: 0:54:07
2022-03-29 16:41:25,648:INFO: Train: [125][2593/2594]  Loss -0.1433 (-0.3956)  Time:  0.153 (0.010)  Data Time:  0.004 (0.004)
2022-03-29 16:41:25,648:INFO:   Eta: 0:55:00
2022-03-29 16:41:52,550:INFO: Train: [126][2593/2594]  Loss -0.0943 (-0.3838)  Time:  0.151 (0.010)  Data Time:  0.004 (0.004)
2022-03-29 16:41:52,551:INFO:   Eta: 0:55:34
2022-03-29 16:42:23,088:INFO: Train: [127][2593/2594]  Loss -0.0924 (-0.4114)  Time:  0.159 (0.012)  Data Time:  0.004 (0.005)
2022-03-29 16:42:23,089:INFO:   Eta: 1:02:34
2022-03-29 16:42:53,045:INFO: Train: [128][2593/2594]  Loss -0.1019 (-0.4295)  Time:  0.155 (0.012)  Data Time:  0.004 (0.005)
2022-03-29 16:42:53,046:INFO:   Eta: 1:00:53
2022-03-29 16:43:21,129:INFO: Train: [129][2593/2594]  Loss -0.0647 (-0.4161)  Time:  0.146 (0.011)  Data Time:  0.004 (0.004)
2022-03-29 16:43:21,131:INFO:   Eta: 0:56:36
2022-03-29 16:43:50,014:INFO: Train: [130][2593/2594]  Loss -0.1437 (-0.4240)  Time:  0.161 (0.011)  Data Time:  0.004 (0.004)
2022-03-29 16:43:50,016:INFO:   Eta: 0:57:43
2022-03-29 16:43:58,710:INFO: Test: [130]  ADE: 1.1612  FDE: 1.8774
2022-03-29 16:44:27,402:INFO: Train: [131][2593/2594]  Loss -0.1330 (-0.4212)  Time:  0.167 (0.011)  Data Time:  0.005 (0.005)
2022-03-29 16:44:27,403:INFO:   Eta: 0:56:53
2022-03-29 16:44:57,881:INFO: Train: [132][2593/2594]  Loss -0.0835 (-0.3540)  Time:  0.169 (0.012)  Data Time:  0.005 (0.005)
2022-03-29 16:44:57,882:INFO:   Eta: 0:59:54
2022-03-29 16:45:28,192:INFO: Train: [133][2593/2594]  Loss -0.1022 (-0.4015)  Time:  0.165 (0.012)  Data Time:  0.005 (0.005)
2022-03-29 16:45:28,193:INFO:   Eta: 0:59:04
2022-03-29 16:45:56,267:INFO: Train: [134][2593/2594]  Loss -0.0913 (-0.4210)  Time:  0.142 (0.011)  Data Time:  0.004 (0.004)
2022-03-29 16:45:56,268:INFO:   Eta: 0:54:15
2022-03-29 16:46:22,572:INFO: Train: [135][2593/2594]  Loss -0.1351 (-0.4082)  Time:  0.143 (0.010)  Data Time:  0.004 (0.004)
2022-03-29 16:46:22,573:INFO:   Eta: 0:50:23
2022-03-29 16:46:48,577:INFO: Train: [136][2593/2594]  Loss -0.1365 (-0.4203)  Time:  0.145 (0.010)  Data Time:  0.004 (0.004)
2022-03-29 16:46:48,578:INFO:   Eta: 0:49:23
2022-03-29 16:47:15,385:INFO: Train: [137][2593/2594]  Loss -0.0878 (-0.4211)  Time:  0.152 (0.010)  Data Time:  0.004 (0.004)
2022-03-29 16:47:15,386:INFO:   Eta: 0:50:27
2022-03-29 16:47:44,057:INFO: Train: [138][2593/2594]  Loss -0.0934 (-0.3842)  Time:  0.164 (0.011)  Data Time:  0.005 (0.005)
2022-03-29 16:47:44,059:INFO:   Eta: 0:53:29
2022-03-29 16:48:12,316:INFO: Train: [139][2593/2594]  Loss -0.1020 (-0.4200)  Time:  0.161 (0.011)  Data Time:  0.004 (0.004)
2022-03-29 16:48:12,317:INFO:   Eta: 0:52:15
2022-03-29 16:48:41,601:INFO: Train: [140][2593/2594]  Loss -0.1230 (-0.4504)  Time:  0.152 (0.011)  Data Time:  0.004 (0.005)
2022-03-29 16:48:41,602:INFO:   Eta: 0:53:39
2022-03-29 16:48:50,507:INFO: Test: [140]  ADE: 1.1552  FDE: 1.8806
2022-03-29 16:49:20,019:INFO: Train: [141][2593/2594]  Loss -0.0750 (-0.4385)  Time:  0.159 (0.011)  Data Time:  0.004 (0.004)
2022-03-29 16:49:20,020:INFO:   Eta: 0:53:35
2022-03-29 16:49:50,108:INFO: Train: [142][2593/2594]  Loss -0.1116 (-0.4282)  Time:  0.183 (0.012)  Data Time:  0.004 (0.005)
2022-03-29 16:49:50,109:INFO:   Eta: 0:54:07
2022-03-29 16:50:19,775:INFO: Train: [143][2593/2594]  Loss -0.0812 (-0.4142)  Time:  0.156 (0.011)  Data Time:  0.004 (0.004)
2022-03-29 16:50:19,776:INFO:   Eta: 0:52:52
2022-03-29 16:50:49,496:INFO: Train: [144][2593/2594]  Loss -0.1412 (-0.3678)  Time:  0.163 (0.011)  Data Time:  0.004 (0.004)
2022-03-29 16:50:49,516:INFO:   Eta: 0:52:28
2022-03-29 16:51:18,259:INFO: Train: [145][2593/2594]  Loss -0.0891 (-0.4207)  Time:  0.137 (0.011)  Data Time:  0.003 (0.004)
2022-03-29 16:51:18,265:INFO:   Eta: 0:50:16
2022-03-29 16:51:44,281:INFO: Train: [146][2593/2594]  Loss -0.1048 (-0.4173)  Time:  0.134 (0.010)  Data Time:  0.003 (0.004)
2022-03-29 16:51:44,282:INFO:   Eta: 0:45:00
2022-03-29 16:52:09,639:INFO: Train: [147][2593/2594]  Loss -0.1584 (-0.4279)  Time:  0.128 (0.010)  Data Time:  0.003 (0.004)
2022-03-29 16:52:09,640:INFO:   Eta: 0:43:30
2022-03-29 16:52:35,250:INFO: Train: [148][2593/2594]  Loss -0.0773 (-0.4371)  Time:  0.142 (0.010)  Data Time:  0.003 (0.004)
2022-03-29 16:52:35,267:INFO:   Eta: 0:43:30
2022-03-29 16:53:01,755:INFO: Train: [149][2593/2594]  Loss -0.1095 (-0.3803)  Time:  0.151 (0.010)  Data Time:  0.004 (0.004)
2022-03-29 16:53:01,755:INFO:   Eta: 0:44:26
2022-03-29 16:53:31,175:INFO: Train: [150][2593/2594]  Loss -0.1392 (-0.4088)  Time:  0.167 (0.011)  Data Time:  0.005 (0.004)
2022-03-29 16:53:31,175:INFO:   Eta: 0:49:00
2022-03-29 16:53:40,280:INFO: Test: [150]  ADE: 1.1503  FDE: 1.8742
2022-03-29 16:54:08,886:INFO: Train: [151][2593/2594]  Loss -0.0886 (-0.4194)  Time:  0.168 (0.011)  Data Time:  0.004 (0.004)
2022-03-29 16:54:08,886:INFO:   Eta: 0:47:10
2022-03-29 16:54:13,601:INFO: Valid: [151][620/621]  Loss -2.3510 (-1.3383)
2022-03-29 16:54:13,618:INFO: Checkpoint saved...
2022-03-29 16:54:43,531:INFO: Train: [152][2593/2594]  Loss -0.1322 (-0.3411)  Time:  0.160 (0.012)  Data Time:  0.005 (0.004)
2022-03-29 16:54:43,532:INFO:   Eta: 0:48:49
2022-03-29 16:54:48,236:INFO: Valid: [152][620/621]  Loss -2.3314 (-1.3228)
2022-03-29 16:55:18,175:INFO: Train: [153][2593/2594]  Loss -0.1167 (-0.4234)  Time:  0.166 (0.012)  Data Time:  0.006 (0.005)
2022-03-29 16:55:18,176:INFO:   Eta: 0:48:21
2022-03-29 16:55:22,928:INFO: Valid: [153][620/621]  Loss -2.3256 (-1.3184)
2022-03-29 16:55:52,756:INFO: Train: [154][2593/2594]  Loss -0.1144 (-0.4172)  Time:  0.165 (0.011)  Data Time:  0.005 (0.005)
2022-03-29 16:55:52,758:INFO:   Eta: 0:47:41
2022-03-29 16:55:57,643:INFO: Valid: [154][620/621]  Loss -2.3292 (-1.3210)
2022-03-29 16:56:27,428:INFO: Train: [155][2593/2594]  Loss -0.0760 (-0.3942)  Time:  0.160 (0.011)  Data Time:  0.004 (0.004)
2022-03-29 16:56:27,429:INFO:   Eta: 0:47:07
2022-03-29 16:56:32,259:INFO: Valid: [155][620/621]  Loss -2.3270 (-1.3192)
2022-03-29 16:56:58,997:INFO: Train: [156][2593/2594]  Loss -0.1558 (-0.4121)  Time:  0.138 (0.010)  Data Time:  0.004 (0.004)
2022-03-29 16:56:58,999:INFO:   Eta: 0:41:50
2022-03-29 16:57:03,515:INFO: Valid: [156][620/621]  Loss -2.3324 (-1.3230)
2022-03-29 16:57:28,984:INFO: Train: [157][2593/2594]  Loss -0.0644 (-0.4146)  Time:  0.136 (0.010)  Data Time:  0.002 (0.004)
2022-03-29 16:57:28,985:INFO:   Eta: 0:39:25
2022-03-29 16:57:33,647:INFO: Valid: [157][620/621]  Loss -2.3421 (-1.3300)
2022-03-29 16:57:56,997:INFO: Train: [158][2593/2594]  Loss -0.1362 (-0.4483)  Time:  0.120 (0.009)  Data Time:  0.003 (0.003)
2022-03-29 16:57:57,064:INFO:   Eta: 0:35:45
2022-03-29 16:58:02,027:INFO: Valid: [158][620/621]  Loss -2.3675 (-1.3499)
2022-03-29 16:58:02,037:INFO: Checkpoint saved...
2022-03-29 16:58:29,247:INFO: Train: [159][2593/2594]  Loss -0.0985 (-0.3728)  Time:  0.173 (0.010)  Data Time:  0.006 (0.004)
2022-03-29 16:58:29,249:INFO:   Eta: 0:41:13
2022-03-29 16:58:34,129:INFO: Valid: [159][620/621]  Loss -2.3243 (-1.3167)
2022-03-29 16:59:04,089:INFO: Train: [160][2593/2594]  Loss -0.1242 (-0.4140)  Time:  0.168 (0.012)  Data Time:  0.005 (0.004)
2022-03-29 16:59:04,089:INFO:   Eta: 0:44:53
2022-03-29 16:59:08,782:INFO: Valid: [160][620/621]  Loss -2.3380 (-1.3268)
2022-03-29 16:59:17,657:INFO: Test: [160]  ADE: 1.1562  FDE: 1.8841
2022-03-29 16:59:46,658:INFO: Train: [161][2593/2594]  Loss -0.1310 (-0.4354)  Time:  0.174 (0.011)  Data Time:  0.005 (0.004)
2022-03-29 16:59:46,660:INFO:   Eta: 0:42:59
2022-03-29 16:59:51,549:INFO: Valid: [161][620/621]  Loss -2.3543 (-1.3389)
2022-03-29 17:00:21,521:INFO: Train: [162][2593/2594]  Loss -0.0953 (-0.3903)  Time:  0.160 (0.012)  Data Time:  0.005 (0.004)
2022-03-29 17:00:21,522:INFO:   Eta: 0:43:55
2022-03-29 17:00:26,388:INFO: Valid: [162][620/621]  Loss -2.3455 (-1.3322)
2022-03-29 17:00:56,099:INFO: Train: [163][2593/2594]  Loss -0.1132 (-0.4234)  Time:  0.160 (0.011)  Data Time:  0.005 (0.004)
2022-03-29 17:00:56,100:INFO:   Eta: 0:43:02
2022-03-29 17:01:00,795:INFO: Valid: [163][620/621]  Loss -2.3544 (-1.3389)
2022-03-29 17:01:30,460:INFO: Train: [164][2593/2594]  Loss -0.1064 (-0.4253)  Time:  0.147 (0.011)  Data Time:  0.004 (0.004)
2022-03-29 17:01:30,461:INFO:   Eta: 0:42:29
2022-03-29 17:01:35,234:INFO: Valid: [164][620/621]  Loss -2.3571 (-1.3405)
2022-03-29 17:02:05,053:INFO: Train: [165][2593/2594]  Loss -0.1223 (-0.4372)  Time:  0.158 (0.011)  Data Time:  0.005 (0.005)
2022-03-29 17:02:05,053:INFO:   Eta: 0:42:12
2022-03-29 17:02:09,464:INFO: Valid: [165][620/621]  Loss -2.3667 (-1.3481)
2022-03-29 17:02:35,679:INFO: Train: [166][2593/2594]  Loss -0.1238 (-0.4236)  Time:  0.143 (0.010)  Data Time:  0.003 (0.004)
2022-03-29 17:02:35,680:INFO:   Eta: 0:36:39
2022-03-29 17:02:40,136:INFO: Valid: [166][620/621]  Loss -2.3405 (-1.3279)
2022-03-29 17:03:03,700:INFO: Train: [167][2593/2594]  Loss -0.1534 (-0.4061)  Time:  0.124 (0.009)  Data Time:  0.003 (0.003)
2022-03-29 17:03:03,701:INFO:   Eta: 0:32:33
2022-03-29 17:03:08,176:INFO: Valid: [167][620/621]  Loss -2.3557 (-1.3396)
2022-03-29 17:03:32,763:INFO: Train: [168][2593/2594]  Loss -0.1230 (-0.4112)  Time:  0.145 (0.009)  Data Time:  0.003 (0.003)
2022-03-29 17:03:32,764:INFO:   Eta: 0:33:33
2022-03-29 17:03:37,383:INFO: Valid: [168][620/621]  Loss -2.3303 (-1.3205)
2022-03-29 17:04:07,664:INFO: Train: [169][2593/2594]  Loss -0.0855 (-0.4197)  Time:  0.190 (0.012)  Data Time:  0.006 (0.005)
2022-03-29 17:04:07,665:INFO:   Eta: 0:40:50
2022-03-29 17:04:12,574:INFO: Valid: [169][620/621]  Loss -2.3248 (-1.3166)
2022-03-29 17:04:41,710:INFO: Train: [170][2593/2594]  Loss -0.1185 (-0.3812)  Time:  0.141 (0.011)  Data Time:  0.004 (0.004)
2022-03-29 17:04:41,710:INFO:   Eta: 0:37:44
2022-03-29 17:04:46,267:INFO: Valid: [170][620/621]  Loss -2.3506 (-1.3357)
2022-03-29 17:04:55,534:INFO: Test: [170]  ADE: 1.1576  FDE: 1.8829
2022-03-29 17:05:25,248:INFO: Train: [171][2593/2594]  Loss -0.1011 (-0.3749)  Time:  0.149 (0.011)  Data Time:  0.004 (0.004)
2022-03-29 17:05:25,249:INFO:   Eta: 0:39:06
2022-03-29 17:05:30,011:INFO: Valid: [171][620/621]  Loss -2.3642 (-1.3459)
2022-03-29 17:06:00,277:INFO: Train: [172][2593/2594]  Loss -0.1033 (-0.4198)  Time:  0.157 (0.012)  Data Time:  0.004 (0.005)
2022-03-29 17:06:00,277:INFO:   Eta: 0:39:18
2022-03-29 17:06:05,043:INFO: Valid: [172][620/621]  Loss -2.3593 (-1.3422)
2022-03-29 17:06:35,231:INFO: Train: [173][2593/2594]  Loss -0.1576 (-0.4402)  Time:  0.155 (0.012)  Data Time:  0.005 (0.005)
2022-03-29 17:06:35,232:INFO:   Eta: 0:38:42
2022-03-29 17:06:39,870:INFO: Valid: [173][620/621]  Loss -2.3369 (-1.3253)
2022-03-29 17:07:09,800:INFO: Train: [174][2593/2594]  Loss -0.1169 (-0.4178)  Time:  0.168 (0.012)  Data Time:  0.005 (0.005)
2022-03-29 17:07:09,800:INFO:   Eta: 0:37:52
2022-03-29 17:07:14,598:INFO: Valid: [174][620/621]  Loss -2.3317 (-1.3216)
2022-03-29 17:07:44,096:INFO: Train: [175][2593/2594]  Loss -0.1236 (-0.4359)  Time:  0.167 (0.011)  Data Time:  0.005 (0.004)
2022-03-29 17:07:44,097:INFO:   Eta: 0:36:50
2022-03-29 17:07:48,909:INFO: Valid: [175][620/621]  Loss -2.3336 (-1.3232)
2022-03-29 17:08:17,212:INFO: Train: [176][2593/2594]  Loss -0.0618 (-0.4381)  Time:  0.142 (0.011)  Data Time:  0.004 (0.004)
2022-03-29 17:08:17,212:INFO:   Eta: 0:34:52
2022-03-29 17:08:21,794:INFO: Valid: [176][620/621]  Loss -2.3528 (-1.3373)
2022-03-29 17:08:46,474:INFO: Train: [177][2593/2594]  Loss -0.1203 (-0.3899)  Time:  0.150 (0.010)  Data Time:  0.004 (0.003)
2022-03-29 17:08:46,475:INFO:   Eta: 0:30:00
2022-03-29 17:08:51,115:INFO: Valid: [177][620/621]  Loss -2.3419 (-1.3287)
2022-03-29 17:09:17,048:INFO: Train: [178][2593/2594]  Loss -0.0830 (-0.3764)  Time:  0.145 (0.010)  Data Time:  0.003 (0.004)
2022-03-29 17:09:17,048:INFO:   Eta: 0:31:05
2022-03-29 17:09:21,625:INFO: Valid: [178][620/621]  Loss -2.3616 (-1.3436)
2022-03-29 17:09:47,865:INFO: Train: [179][2593/2594]  Loss -0.1314 (-0.4118)  Time:  0.146 (0.010)  Data Time:  0.002 (0.004)
2022-03-29 17:09:47,866:INFO:   Eta: 0:31:01
2022-03-29 17:09:52,853:INFO: Valid: [179][620/621]  Loss -2.3495 (-1.3344)
2022-03-29 17:10:21,083:INFO: Train: [180][2593/2594]  Loss -0.0763 (-0.3660)  Time:  0.156 (0.011)  Data Time:  0.003 (0.004)
2022-03-29 17:10:21,354:INFO:   Eta: 0:32:54
2022-03-29 17:10:26,367:INFO: Valid: [180][620/621]  Loss -2.3685 (-1.3493)
2022-03-29 17:10:28,854:INFO: Checkpoint saved...
2022-03-29 17:10:38,271:INFO: Test: [180]  ADE: 1.1539  FDE: 1.8735
2022-03-29 17:11:09,829:INFO: Train: [181][2593/2594]  Loss -0.1330 (-0.4521)  Time:  0.175 (0.011)  Data Time:  0.005 (0.004)
2022-03-29 17:11:09,842:INFO:   Eta: 0:33:57
2022-03-29 17:11:14,668:INFO: Valid: [181][620/621]  Loss -2.3599 (-1.3427)
2022-03-29 17:11:44,789:INFO: Train: [182][2593/2594]  Loss -0.0567 (-0.3906)  Time:  0.166 (0.012)  Data Time:  0.005 (0.005)
2022-03-29 17:11:44,790:INFO:   Eta: 0:34:03
2022-03-29 17:11:49,627:INFO: Valid: [182][620/621]  Loss -2.3273 (-1.3186)
2022-03-29 17:12:19,327:INFO: Train: [183][2593/2594]  Loss -0.1376 (-0.4294)  Time:  0.168 (0.011)  Data Time:  0.004 (0.004)
2022-03-29 17:12:19,329:INFO:   Eta: 0:33:08
2022-03-29 17:12:24,244:INFO: Valid: [183][620/621]  Loss -2.3301 (-1.3207)
2022-03-29 17:12:54,154:INFO: Train: [184][2593/2594]  Loss -0.0838 (-0.4148)  Time:  0.160 (0.012)  Data Time:  0.004 (0.005)
2022-03-29 17:12:54,154:INFO:   Eta: 0:32:52
2022-03-29 17:12:58,969:INFO: Valid: [184][620/621]  Loss -2.3365 (-1.3252)
2022-03-29 17:13:27,068:INFO: Train: [185][2593/2594]  Loss -0.1008 (-0.4080)  Time:  0.153 (0.011)  Data Time:  0.004 (0.004)
2022-03-29 17:13:27,070:INFO:   Eta: 0:30:22
2022-03-29 17:13:31,682:INFO: Valid: [185][620/621]  Loss -2.3558 (-1.3395)
2022-03-29 17:14:00,176:INFO: Train: [186][2593/2594]  Loss -0.1483 (-0.4071)  Time:  0.152 (0.011)  Data Time:  0.004 (0.004)
2022-03-29 17:14:00,176:INFO:   Eta: 0:30:20
2022-03-29 17:14:05,051:INFO: Valid: [186][620/621]  Loss -2.3665 (-1.3476)
2022-03-29 17:14:34,601:INFO: Train: [187][2593/2594]  Loss -0.1547 (-0.4327)  Time:  0.147 (0.011)  Data Time:  0.004 (0.005)
2022-03-29 17:14:34,602:INFO:   Eta: 0:30:59
2022-03-29 17:14:39,328:INFO: Valid: [187][620/621]  Loss -2.3574 (-1.3408)
2022-03-29 17:15:05,314:INFO: Train: [188][2593/2594]  Loss -0.1211 (-0.4224)  Time:  0.134 (0.010)  Data Time:  0.003 (0.004)
2022-03-29 17:15:05,315:INFO:   Eta: 0:26:49
2022-03-29 17:15:10,013:INFO: Valid: [188][620/621]  Loss -2.3633 (-1.3455)
2022-03-29 17:15:34,785:INFO: Train: [189][2593/2594]  Loss -0.1010 (-0.4491)  Time:  0.134 (0.010)  Data Time:  0.005 (0.003)
2022-03-29 17:15:34,785:INFO:   Eta: 0:25:09
2022-03-29 17:15:39,398:INFO: Valid: [189][620/621]  Loss -2.3197 (-1.3128)
2022-03-29 17:16:06,772:INFO: Train: [190][2593/2594]  Loss -0.1656 (-0.4424)  Time:  0.165 (0.011)  Data Time:  0.005 (0.004)
2022-03-29 17:16:06,772:INFO:   Eta: 0:27:20
2022-03-29 17:16:11,562:INFO: Valid: [190][620/621]  Loss -2.3101 (-1.3059)
2022-03-29 17:16:20,748:INFO: Test: [190]  ADE: 1.1595  FDE: 1.8896
2022-03-29 17:16:50,234:INFO: Train: [191][2593/2594]  Loss -0.1205 (-0.4212)  Time:  0.158 (0.011)  Data Time:  0.005 (0.005)
2022-03-29 17:16:50,377:INFO:   Eta: 0:28:58
2022-03-29 17:16:55,139:INFO: Valid: [191][620/621]  Loss -2.3489 (-1.3348)
2022-03-29 17:17:24,882:INFO: Train: [192][2593/2594]  Loss -0.1137 (-0.4089)  Time:  0.166 (0.011)  Data Time:  0.004 (0.004)
2022-03-29 17:17:24,883:INFO:   Eta: 0:28:26
2022-03-29 17:17:29,709:INFO: Valid: [192][620/621]  Loss -2.3384 (-1.3267)
2022-03-29 17:17:59,211:INFO: Train: [193][2593/2594]  Loss -0.1413 (-0.4036)  Time:  0.156 (0.011)  Data Time:  0.005 (0.004)
2022-03-29 17:17:59,212:INFO:   Eta: 0:28:00
2022-03-29 17:18:04,121:INFO: Valid: [193][620/621]  Loss -2.3324 (-1.3221)
2022-03-29 17:18:32,176:INFO: Train: [194][2593/2594]  Loss -0.1444 (-0.4103)  Time:  0.150 (0.011)  Data Time:  0.004 (0.004)
2022-03-29 17:18:32,176:INFO:   Eta: 0:26:09
2022-03-29 17:18:36,702:INFO: Valid: [194][620/621]  Loss -2.3422 (-1.3294)
2022-03-29 17:19:05,884:INFO: Train: [195][2593/2594]  Loss -0.1060 (-0.4321)  Time:  0.173 (0.011)  Data Time:  0.005 (0.004)
2022-03-29 17:19:05,885:INFO:   Eta: 0:26:43
2022-03-29 17:19:10,726:INFO: Valid: [195][620/621]  Loss -2.3207 (-1.3136)
2022-03-29 17:19:40,650:INFO: Train: [196][2593/2594]  Loss -0.0759 (-0.4222)  Time:  0.163 (0.012)  Data Time:  0.005 (0.004)
2022-03-29 17:19:40,651:INFO:   Eta: 0:26:54
2022-03-29 17:19:45,521:INFO: Valid: [196][620/621]  Loss -2.3280 (-1.3191)
2022-03-29 17:20:15,280:INFO: Train: [197][2593/2594]  Loss -0.0993 (-0.4368)  Time:  0.172 (0.011)  Data Time:  0.004 (0.004)
2022-03-29 17:20:15,281:INFO:   Eta: 0:26:15
2022-03-29 17:20:20,210:INFO: Valid: [197][620/621]  Loss -2.3224 (-1.3151)
2022-03-29 17:20:48,382:INFO: Train: [198][2593/2594]  Loss -0.1312 (-0.4295)  Time:  0.132 (0.011)  Data Time:  0.003 (0.004)
2022-03-29 17:20:48,385:INFO:   Eta: 0:24:23
2022-03-29 17:20:53,071:INFO: Valid: [198][620/621]  Loss -2.3461 (-1.3326)
2022-03-29 17:21:19,485:INFO: Train: [199][2593/2594]  Loss -0.0790 (-0.3976)  Time:  0.142 (0.010)  Data Time:  0.003 (0.004)
2022-03-29 17:21:19,487:INFO:   Eta: 0:22:22
2022-03-29 17:21:24,072:INFO: Valid: [199][620/621]  Loss -2.3350 (-1.3240)
2022-03-29 17:21:50,954:INFO: Train: [200][2593/2594]  Loss -0.0664 (-0.4302)  Time:  0.140 (0.010)  Data Time:  0.003 (0.004)
2022-03-29 17:21:50,955:INFO:   Eta: 0:22:21
2022-03-29 17:21:55,612:INFO: Valid: [200][620/621]  Loss -2.3613 (-1.3440)
2022-03-29 17:22:04,338:INFO: Test: [200]  ADE: 1.1568  FDE: 1.8807
2022-03-29 17:22:33,313:INFO: Train: [201][2593/2594]  Loss -0.0527 (-0.3439)  Time:  0.190 (0.011)  Data Time:  0.004 (0.004)
2022-03-29 17:22:33,315:INFO:   Eta: 0:23:38
2022-03-29 17:22:38,417:INFO: Valid: [201][620/621]  Loss -2.3200 (-1.3131)
2022-03-29 17:23:08,800:INFO: Train: [202][2593/2594]  Loss -0.1377 (-0.4028)  Time:  0.179 (0.012)  Data Time:  0.006 (0.005)
2022-03-29 17:23:08,800:INFO:   Eta: 0:24:16
2022-03-29 17:23:13,797:INFO: Valid: [202][620/621]  Loss -2.3512 (-1.3363)
2022-03-29 17:23:43,318:INFO: Train: [203][2593/2594]  Loss -0.1019 (-0.4223)  Time:  0.193 (0.011)  Data Time:  0.004 (0.004)
2022-03-29 17:23:43,319:INFO:   Eta: 0:23:06
2022-03-29 17:23:48,243:INFO: Valid: [203][620/621]  Loss -2.3506 (-1.3351)
2022-03-29 17:24:17,977:INFO: Train: [204][2593/2594]  Loss -0.1059 (-0.4241)  Time:  0.167 (0.011)  Data Time:  0.003 (0.004)
2022-03-29 17:24:17,978:INFO:   Eta: 0:22:46
2022-03-29 17:24:22,870:INFO: Valid: [204][620/621]  Loss -2.3439 (-1.3306)
2022-03-29 17:24:53,674:INFO: Train: [205][2593/2594]  Loss -0.0804 (-0.4204)  Time:  0.173 (0.012)  Data Time:  0.004 (0.005)
2022-03-29 17:24:53,675:INFO:   Eta: 0:23:04
2022-03-29 17:24:58,508:INFO: Valid: [205][620/621]  Loss -2.3534 (-1.3380)
2022-03-29 17:25:29,300:INFO: Train: [206][2593/2594]  Loss -0.1038 (-0.4052)  Time:  0.160 (0.012)  Data Time:  0.004 (0.004)
2022-03-29 17:25:29,302:INFO:   Eta: 0:22:33
2022-03-29 17:25:33,963:INFO: Valid: [206][620/621]  Loss -2.3423 (-1.3296)
2022-03-29 17:26:04,169:INFO: Train: [207][2593/2594]  Loss -0.0884 (-0.4338)  Time:  0.150 (0.012)  Data Time:  0.005 (0.004)
2022-03-29 17:26:04,175:INFO:   Eta: 0:21:37
2022-03-29 17:26:08,651:INFO: Valid: [207][620/621]  Loss -2.3546 (-1.3386)
2022-03-29 17:26:39,493:INFO: Train: [208][2593/2594]  Loss -0.1030 (-0.3825)  Time:  0.180 (0.012)  Data Time:  0.004 (0.005)
2022-03-29 17:26:39,495:INFO:   Eta: 0:21:33
2022-03-29 17:26:44,365:INFO: Valid: [208][620/621]  Loss -2.3247 (-1.3162)
2022-03-29 17:27:13,982:INFO: Train: [209][2593/2594]  Loss -0.0996 (-0.4091)  Time:  0.156 (0.011)  Data Time:  0.004 (0.004)
2022-03-29 17:27:13,984:INFO:   Eta: 0:20:12
2022-03-29 17:27:18,442:INFO: Valid: [209][620/621]  Loss -2.3469 (-1.3327)
2022-03-29 17:27:45,806:INFO: Train: [210][2593/2594]  Loss -0.0832 (-0.4177)  Time:  0.134 (0.011)  Data Time:  0.002 (0.004)
2022-03-29 17:27:45,806:INFO:   Eta: 0:18:13
2022-03-29 17:27:50,234:INFO: Valid: [210][620/621]  Loss -2.3460 (-1.3320)
2022-03-29 17:27:58,808:INFO: Test: [210]  ADE: 1.1586  FDE: 1.8816
2022-03-29 17:28:26,324:INFO: Train: [211][2593/2594]  Loss -0.1318 (-0.4014)  Time:  0.152 (0.010)  Data Time:  0.003 (0.003)
2022-03-29 17:28:26,472:INFO:   Eta: 0:17:21
2022-03-29 17:28:31,030:INFO: Valid: [211][620/621]  Loss -2.3560 (-1.3397)
2022-03-29 17:28:59,947:INFO: Train: [212][2593/2594]  Loss -0.1189 (-0.4159)  Time:  0.129 (0.011)  Data Time:  0.004 (0.004)
2022-03-29 17:28:59,949:INFO:   Eta: 0:18:14
2022-03-29 17:29:04,306:INFO: Valid: [212][620/621]  Loss -2.3618 (-1.3441)
2022-03-29 17:29:33,569:INFO: Train: [213][2593/2594]  Loss -0.1624 (-0.4139)  Time:  0.135 (0.011)  Data Time:  0.003 (0.004)
2022-03-29 17:29:34,560:INFO:   Eta: 0:18:01
2022-03-29 17:29:39,666:INFO: Valid: [213][620/621]  Loss -2.3494 (-1.3349)
2022-03-29 17:30:10,659:INFO: Train: [214][2593/2594]  Loss -0.0537 (-0.4384)  Time:  0.157 (0.009)  Data Time:  0.004 (0.003)
2022-03-29 17:30:11,465:INFO:   Eta: 0:14:42
2022-03-29 17:30:16,783:INFO: Valid: [214][620/621]  Loss -2.3330 (-1.3224)
2022-03-29 17:30:48,113:INFO: Train: [215][2593/2594]  Loss -0.1152 (-0.4254)  Time:  0.153 (0.011)  Data Time:  0.005 (0.004)
2022-03-29 17:30:48,114:INFO:   Eta: 0:16:33
2022-03-29 17:30:52,862:INFO: Valid: [215][620/621]  Loss -2.3635 (-1.3451)
2022-03-29 17:31:23,891:INFO: Train: [216][2593/2594]  Loss -0.0580 (-0.4400)  Time:  0.161 (0.012)  Data Time:  0.004 (0.004)
2022-03-29 17:31:23,891:INFO:   Eta: 0:17:34
2022-03-29 17:31:28,639:INFO: Valid: [216][620/621]  Loss -2.3333 (-1.3226)
2022-03-29 17:31:57,992:INFO: Train: [217][2593/2594]  Loss -0.0558 (-0.4348)  Time:  0.164 (0.011)  Data Time:  0.004 (0.004)
2022-03-29 17:31:57,994:INFO:   Eta: 0:16:07
2022-03-29 17:32:03,048:INFO: Valid: [217][620/621]  Loss -2.3542 (-1.3379)
2022-03-29 17:32:33,843:INFO: Train: [218][2593/2594]  Loss -0.1324 (-0.4086)  Time:  0.182 (0.012)  Data Time:  0.004 (0.004)
2022-03-29 17:32:33,889:INFO:   Eta: 0:16:24
2022-03-29 17:32:38,970:INFO: Valid: [218][620/621]  Loss -2.3176 (-1.3110)
2022-03-29 17:33:09,536:INFO: Train: [219][2593/2594]  Loss -0.0528 (-0.4262)  Time:  0.170 (0.012)  Data Time:  0.004 (0.004)
2022-03-29 17:33:09,668:INFO:   Eta: 0:15:46
2022-03-29 17:33:14,487:INFO: Valid: [219][620/621]  Loss -2.3442 (-1.3300)
2022-03-29 17:33:43,324:INFO: Train: [220][2593/2594]  Loss -0.1092 (-0.4000)  Time:  0.142 (0.011)  Data Time:  0.005 (0.004)
2022-03-29 17:33:43,414:INFO:   Eta: 0:14:24
2022-03-29 17:33:47,787:INFO: Valid: [220][620/621]  Loss -2.3628 (-1.3442)
2022-03-29 17:33:56,369:INFO: Test: [220]  ADE: 1.1599  FDE: 1.8769
2022-03-29 17:34:22,827:INFO: Train: [221][2593/2594]  Loss -0.0954 (-0.4254)  Time:  0.139 (0.010)  Data Time:  0.003 (0.003)
2022-03-29 17:34:22,828:INFO:   Eta: 0:12:46
2022-03-29 17:34:27,171:INFO: Valid: [221][620/621]  Loss -2.3286 (-1.3185)
2022-03-29 17:34:51,750:INFO: Train: [222][2593/2594]  Loss -0.1320 (-0.4197)  Time:  0.144 (0.009)  Data Time:  0.003 (0.003)
2022-03-29 17:34:51,838:INFO:   Eta: 0:11:27
2022-03-29 17:34:56,486:INFO: Valid: [222][620/621]  Loss -2.3660 (-1.3469)
2022-03-29 17:35:27,081:INFO: Train: [223][2593/2594]  Loss -0.0207 (-0.3988)  Time:  0.173 (0.012)  Data Time:  0.005 (0.004)
2022-03-29 17:35:27,204:INFO:   Eta: 0:13:26
2022-03-29 17:35:31,950:INFO: Valid: [223][620/621]  Loss -2.3563 (-1.3393)
2022-03-29 17:36:02,690:INFO: Train: [224][2593/2594]  Loss -0.1246 (-0.4248)  Time:  0.158 (0.012)  Data Time:  0.004 (0.004)
2022-03-29 17:36:02,761:INFO:   Eta: 0:13:18
2022-03-29 17:36:07,623:INFO: Valid: [224][620/621]  Loss -2.3590 (-1.3410)
2022-03-29 17:36:36,620:INFO: Train: [225][2593/2594]  Loss -0.0909 (-0.4211)  Time:  0.140 (0.011)  Data Time:  0.002 (0.004)
2022-03-29 17:36:36,947:INFO:   Eta: 0:12:04
2022-03-29 17:36:43,680:INFO: Valid: [225][620/621]  Loss -2.3518 (-1.3362)
2022-03-29 17:37:17,269:INFO: Train: [226][2593/2594]  Loss -0.1674 (-0.4165)  Time:  0.145 (0.011)  Data Time:  0.004 (0.004)
2022-03-29 17:37:17,379:INFO:   Eta: 0:11:10
2022-03-29 17:37:22,011:INFO: Valid: [226][620/621]  Loss -2.3416 (-1.3284)
2022-03-29 17:37:52,789:INFO: Train: [227][2593/2594]  Loss -0.0876 (-0.3974)  Time:  0.166 (0.012)  Data Time:  0.004 (0.005)
2022-03-29 17:37:52,790:INFO:   Eta: 0:11:47
2022-03-29 17:37:57,590:INFO: Valid: [227][620/621]  Loss -2.3558 (-1.3394)
2022-03-29 17:38:28,512:INFO: Train: [228][2593/2594]  Loss -0.0978 (-0.3964)  Time:  0.158 (0.012)  Data Time:  0.003 (0.004)
2022-03-29 17:38:28,513:INFO:   Eta: 0:11:19
2022-03-29 17:38:33,301:INFO: Valid: [228][620/621]  Loss -2.3408 (-1.3279)
2022-03-29 17:39:04,633:INFO: Train: [229][2593/2594]  Loss -0.1060 (-0.4197)  Time:  0.170 (0.012)  Data Time:  0.004 (0.005)
2022-03-29 17:39:04,634:INFO:   Eta: 0:10:57
2022-03-29 17:39:09,246:INFO: Valid: [229][620/621]  Loss -2.3574 (-1.3403)
2022-03-29 17:39:37,489:INFO: Train: [230][2593/2594]  Loss -0.1074 (-0.3625)  Time:  0.147 (0.011)  Data Time:  0.003 (0.004)
2022-03-29 17:39:37,492:INFO:   Eta: 0:09:24
2022-03-29 17:39:42,083:INFO: Valid: [230][620/621]  Loss -2.3531 (-1.3368)
2022-03-29 17:39:50,703:INFO: Test: [230]  ADE: 1.1529  FDE: 1.8798
2022-03-29 17:40:13,817:INFO: Train: [231][2593/2594]  Loss -0.0974 (-0.4221)  Time:  0.115 (0.009)  Data Time:  0.003 (0.003)
2022-03-29 17:40:13,819:INFO:   Eta: 0:07:18
2022-03-29 17:40:18,267:INFO: Valid: [231][620/621]  Loss -2.3535 (-1.3374)
2022-03-29 17:40:41,614:INFO: Train: [232][2593/2594]  Loss -0.0660 (-0.3770)  Time:  0.125 (0.009)  Data Time:  0.003 (0.003)
2022-03-29 17:40:41,615:INFO:   Eta: 0:06:59
2022-03-29 17:40:45,397:INFO: Valid: [232][620/621]  Loss -2.3550 (-1.3387)
2022-03-29 17:41:08,518:INFO: Train: [233][2593/2594]  Loss -0.1214 (-0.4252)  Time:  0.129 (0.009)  Data Time:  0.002 (0.003)
2022-03-29 17:41:08,519:INFO:   Eta: 0:06:32
2022-03-29 17:41:12,277:INFO: Valid: [233][620/621]  Loss -2.3657 (-1.3467)
2022-03-29 17:41:37,189:INFO: Train: [234][2593/2594]  Loss -0.0815 (-0.4182)  Time:  0.143 (0.010)  Data Time:  0.003 (0.003)
2022-03-29 17:41:37,190:INFO:   Eta: 0:06:37
2022-03-29 17:41:41,319:INFO: Valid: [234][620/621]  Loss -2.3526 (-1.3365)
2022-03-29 17:42:04,141:INFO: Train: [235][2593/2594]  Loss -0.1040 (-0.4597)  Time:  0.138 (0.009)  Data Time:  0.003 (0.002)
2022-03-29 17:42:04,143:INFO:   Eta: 0:05:41
2022-03-29 17:42:08,613:INFO: Valid: [235][620/621]  Loss -2.3334 (-1.3224)
2022-03-29 17:42:30,790:INFO: Train: [236][2593/2594]  Loss -0.1332 (-0.4420)  Time:  0.134 (0.009)  Data Time:  0.002 (0.002)
2022-03-29 17:42:30,792:INFO:   Eta: 0:05:10
2022-03-29 17:42:35,284:INFO: Valid: [236][620/621]  Loss -2.3411 (-1.3279)
2022-03-29 17:42:58,339:INFO: Train: [237][2593/2594]  Loss -0.1503 (-0.4007)  Time:  0.129 (0.009)  Data Time:  0.002 (0.002)
2022-03-29 17:42:58,341:INFO:   Eta: 0:04:59
2022-03-29 17:43:02,853:INFO: Valid: [237][620/621]  Loss -2.3651 (-1.3459)
2022-03-29 17:43:25,752:INFO: Train: [238][2593/2594]  Loss -0.0640 (-0.4344)  Time:  0.115 (0.009)  Data Time:  0.002 (0.002)
2022-03-29 17:43:25,753:INFO:   Eta: 0:04:26
2022-03-29 17:43:29,797:INFO: Valid: [238][620/621]  Loss -2.3416 (-1.3280)
2022-03-29 17:43:51,162:INFO: Train: [239][2593/2594]  Loss -0.0866 (-0.4166)  Time:  0.127 (0.008)  Data Time:  0.002 (0.002)
2022-03-29 17:43:51,477:INFO:   Eta: 0:03:54
2022-03-29 17:43:56,309:INFO: Valid: [239][620/621]  Loss -2.3717 (-1.3508)
2022-03-29 17:43:57,773:INFO: Checkpoint saved...
2022-03-29 17:44:23,505:INFO: Train: [240][2593/2594]  Loss -0.1344 (-0.3841)  Time:  0.128 (0.008)  Data Time:  0.002 (0.002)
2022-03-29 17:44:23,509:INFO:   Eta: 0:03:40
2022-03-29 17:44:27,922:INFO: Valid: [240][620/621]  Loss -2.3550 (-1.3384)
2022-03-29 17:44:35,645:INFO: Test: [240]  ADE: 1.1561  FDE: 1.8878
2022-03-29 17:44:57,598:INFO: Train: [241][2593/2594]  Loss -0.1469 (-0.4012)  Time:  0.141 (0.008)  Data Time:  0.002 (0.002)
2022-03-29 17:44:57,601:INFO:   Eta: 0:03:17
2022-03-29 17:45:02,205:INFO: Valid: [241][620/621]  Loss -2.3341 (-1.3230)
2022-03-29 17:45:21,216:INFO: Train: [242][2593/2594]  Loss -0.1410 (-0.3703)  Time:  0.109 (0.007)  Data Time:  0.001 (0.001)
2022-03-29 17:45:21,217:INFO:   Eta: 0:02:31
2022-03-29 17:45:25,663:INFO: Valid: [242][620/621]  Loss -2.3567 (-1.3399)
2022-03-29 17:45:44,433:INFO: Train: [243][2593/2594]  Loss -0.1159 (-0.4122)  Time:  0.155 (0.007)  Data Time:  0.001 (0.001)
2022-03-29 17:45:44,435:INFO:   Eta: 0:02:11
2022-03-29 17:45:48,655:INFO: Valid: [243][620/621]  Loss -2.3526 (-1.3367)
2022-03-29 17:46:07,357:INFO: Train: [244][2593/2594]  Loss -0.1180 (-0.4212)  Time:  0.110 (0.007)  Data Time:  0.002 (0.001)
2022-03-29 17:46:07,359:INFO:   Eta: 0:01:51
2022-03-29 17:46:11,614:INFO: Valid: [244][620/621]  Loss -2.3502 (-1.3348)
2022-03-29 17:46:29,409:INFO: Train: [245][2593/2594]  Loss -0.1068 (-0.3815)  Time:  0.124 (0.007)  Data Time:  0.003 (0.001)
2022-03-29 17:46:29,410:INFO:   Eta: 0:01:28
2022-03-29 17:46:33,727:INFO: Valid: [245][620/621]  Loss -2.3350 (-1.3236)
2022-03-29 17:46:54,868:INFO: Train: [246][2593/2594]  Loss -0.1106 (-0.4210)  Time:  0.110 (0.008)  Data Time:  0.002 (0.003)
2022-03-29 17:46:54,870:INFO:   Eta: 0:01:24
2022-03-29 17:46:58,967:INFO: Valid: [246][620/621]  Loss -2.3438 (-1.3303)
2022-03-29 17:47:19,932:INFO: Train: [247][2593/2594]  Loss -0.1221 (-0.4023)  Time:  0.130 (0.008)  Data Time:  0.003 (0.002)
2022-03-29 17:47:19,933:INFO:   Eta: 0:01:02
2022-03-29 17:47:24,265:INFO: Valid: [247][620/621]  Loss -2.3571 (-1.3399)
2022-03-29 17:47:45,495:INFO: Train: [248][2593/2594]  Loss -0.1265 (-0.4148)  Time:  0.122 (0.008)  Data Time:  0.002 (0.003)
2022-03-29 17:47:45,497:INFO:   Eta: 0:00:42
2022-03-29 17:47:49,833:INFO: Valid: [248][620/621]  Loss -2.3459 (-1.3316)
2022-03-29 17:48:10,791:INFO: Train: [249][2593/2594]  Loss -0.1556 (-0.4241)  Time:  0.116 (0.008)  Data Time:  0.002 (0.003)
2022-03-29 17:48:10,791:INFO:   Eta: 0:00:20
2022-03-29 17:48:15,142:INFO: Valid: [249][620/621]  Loss -2.3746 (-1.3533)
2022-03-29 17:48:15,383:INFO: Checkpoint saved...
