2022-04-08 08:27:02,351:INFO: batch_size=128
2022-04-08 08:27:02,351:INFO: clip_grad=None
2022-04-08 08:27:02,352:INFO: dataset=univ
2022-04-08 08:27:02,352:INFO: drop=0.4
2022-04-08 08:27:02,352:INFO: gpu_num=0
2022-04-08 08:27:02,352:INFO: input_size=2
2022-04-08 08:27:02,352:INFO: kernel_size=3
2022-04-08 08:27:02,352:INFO: lr=0.01
2022-04-08 08:27:02,352:INFO: lr_sh_rate=150
2022-04-08 08:27:02,352:INFO: model=social_stgcnn9
2022-04-08 08:27:02,352:INFO: n_stgcnn=1
2022-04-08 08:27:02,352:INFO: n_txpcnn=5
2022-04-08 08:27:02,352:INFO: num_epochs=250
2022-04-08 08:27:02,352:INFO: obs_seq_len=8
2022-04-08 08:27:02,352:INFO: output_size=5
2022-04-08 08:27:02,352:INFO: pred_seq_len=12
2022-04-08 08:27:02,352:INFO: seed=0
2022-04-08 08:27:02,353:INFO: tag=univ
2022-04-08 08:27:02,353:INFO: use_lrschd=True
2022-04-08 08:27:02,353:INFO: ******************************
2022-04-08 08:27:02,353:INFO: Training initiating....
2022-04-08 08:27:02,353:INFO: Namespace(batch_size=128, clip_grad=None, dataset='univ', drop=0.4, gpu_num='0', input_size=2, kernel_size=3, lr=0.01, lr_sh_rate=150, model='social_stgcnn9', n_stgcnn=1, n_txpcnn=5, num_epochs=250, obs_seq_len=8, output_size=5, pred_seq_len=12, seed=0, tag='univ', use_lrschd=True)
2022-04-08 08:27:02,358:INFO: Initializing train dataset
2022-04-08 08:27:10,495:INFO: Initializing val dataset
2022-04-08 08:27:46,404:INFO: social_stgcnn9
2022-04-08 08:27:46,446:INFO: Data and model loaded
2022-04-08 08:27:46,447:INFO: Checkpoint dir: ./runs/Apr08_08-27-02_node07/univ/checkpoint
2022-04-08 08:27:46,447:INFO: Training started ...
2022-04-08 08:28:15,139:INFO: Train: [0][2075/2076]  Loss 0.2508 (1.5537)  Time:  0.184 (0.014)  Data Time:  0.004 (0.004)
2022-04-08 08:28:15,140:INFO:   Eta: 1:59:30
2022-04-08 08:28:43,711:INFO: Train: [1][2075/2076]  Loss 0.1281 (0.8512)  Time:  0.155 (0.014)  Data Time:  0.004 (0.004)
2022-04-08 08:28:43,712:INFO:   Eta: 1:58:30
2022-04-08 08:29:12,370:INFO: Train: [2][2075/2076]  Loss 0.1384 (0.5541)  Time:  0.174 (0.014)  Data Time:  0.004 (0.004)
2022-04-08 08:29:12,371:INFO:   Eta: 1:58:23
2022-04-08 08:29:40,978:INFO: Train: [3][2075/2076]  Loss 0.2307 (0.3900)  Time:  0.157 (0.014)  Data Time:  0.005 (0.005)
2022-04-08 08:29:40,979:INFO:   Eta: 1:57:42
2022-04-08 08:30:09,930:INFO: Train: [4][2075/2076]  Loss 0.0401 (0.2744)  Time:  0.159 (0.014)  Data Time:  0.004 (0.004)
2022-04-08 08:30:09,931:INFO:   Eta: 1:58:38
2022-04-08 08:30:38,304:INFO: Train: [5][2075/2076]  Loss 0.0051 (0.2420)  Time:  0.160 (0.014)  Data Time:  0.004 (0.004)
2022-04-08 08:30:38,305:INFO:   Eta: 1:55:47
2022-04-08 08:31:06,326:INFO: Train: [6][2075/2076]  Loss 0.0142 (0.0912)  Time:  0.146 (0.013)  Data Time:  0.005 (0.004)
2022-04-08 08:31:06,328:INFO:   Eta: 1:53:54
2022-04-08 08:33:21,013:INFO: Test: [6]  ADE: 0.7276  FDE: 0.9344
2022-04-08 08:33:49,769:INFO: Train: [7][2075/2076]  Loss -0.0378 (-0.0095)  Time:  0.160 (0.014)  Data Time:  0.004 (0.004)
2022-04-08 08:33:49,770:INFO:   Eta: 1:56:20
2022-04-08 08:34:18,582:INFO: Train: [8][2075/2076]  Loss -0.0051 (-0.0969)  Time:  0.146 (0.014)  Data Time:  0.004 (0.005)
2022-04-08 08:34:18,583:INFO:   Eta: 1:56:08
2022-04-08 08:34:46,468:INFO: Train: [9][2075/2076]  Loss -0.0820 (-0.1416)  Time:  0.143 (0.013)  Data Time:  0.004 (0.005)
2022-04-08 08:34:46,471:INFO:   Eta: 1:51:56
2022-04-08 08:35:14,955:INFO: Train: [10][2075/2076]  Loss -0.0435 (-0.0363)  Time:  0.165 (0.014)  Data Time:  0.005 (0.004)
2022-04-08 08:35:15,121:INFO:   Eta: 1:53:46
2022-04-08 08:35:43,841:INFO: Train: [11][2075/2076]  Loss -0.0875 (-0.2480)  Time:  0.153 (0.014)  Data Time:  0.004 (0.004)
2022-04-08 08:35:43,843:INFO:   Eta: 1:54:17
2022-04-08 08:36:13,064:INFO: Train: [12][2075/2076]  Loss -0.0985 (-0.3044)  Time:  0.153 (0.014)  Data Time:  0.005 (0.004)
2022-04-08 08:36:13,065:INFO:   Eta: 1:55:51
2022-04-08 08:36:41,609:INFO: Train: [13][2075/2076]  Loss 0.0022 (-0.3152)  Time:  0.150 (0.014)  Data Time:  0.004 (0.004)
2022-04-08 08:36:41,610:INFO:   Eta: 1:52:40
2022-04-08 08:37:08,199:INFO: Train: [14][2075/2076]  Loss -0.1207 (-0.3111)  Time:  0.147 (0.013)  Data Time:  0.002 (0.003)
2022-04-08 08:37:08,199:INFO:   Eta: 1:44:30
2022-04-08 08:37:34,508:INFO: Train: [15][2075/2076]  Loss -0.0300 (-0.3741)  Time:  0.152 (0.013)  Data Time:  0.004 (0.003)
2022-04-08 08:37:34,509:INFO:   Eta: 1:42:59
2022-04-08 08:38:03,733:INFO: Train: [16][2075/2076]  Loss -0.1247 (-0.3495)  Time:  0.144 (0.014)  Data Time:  0.003 (0.004)
2022-04-08 08:38:03,747:INFO:   Eta: 1:53:55
2022-04-08 08:40:19,696:INFO: Test: [16]  ADE: 0.7226  FDE: 0.9947
2022-04-08 08:40:48,555:INFO: Train: [17][2075/2076]  Loss -0.0387 (-0.4587)  Time:  0.152 (0.014)  Data Time:  0.005 (0.005)
2022-04-08 08:40:48,557:INFO:   Eta: 1:51:58
2022-04-08 08:41:15,683:INFO: Train: [18][2075/2076]  Loss -0.1248 (-0.4948)  Time:  0.158 (0.013)  Data Time:  0.003 (0.004)
2022-04-08 08:41:15,684:INFO:   Eta: 1:44:50
2022-04-08 08:41:44,598:INFO: Train: [19][2075/2076]  Loss -0.1478 (-0.4908)  Time:  0.182 (0.014)  Data Time:  0.004 (0.004)
2022-04-08 08:41:44,599:INFO:   Eta: 1:51:15
2022-04-08 08:42:12,977:INFO: Train: [20][2075/2076]  Loss -0.1624 (-0.4941)  Time:  0.169 (0.014)  Data Time:  0.004 (0.004)
2022-04-08 08:42:12,978:INFO:   Eta: 1:48:43
2022-04-08 08:42:39,149:INFO: Train: [21][2075/2076]  Loss -0.1076 (-0.4436)  Time:  0.137 (0.013)  Data Time:  0.003 (0.003)
2022-04-08 08:42:39,150:INFO:   Eta: 1:39:49
2022-04-08 08:43:05,756:INFO: Train: [22][2075/2076]  Loss -0.0837 (-0.5904)  Time:  0.153 (0.013)  Data Time:  0.004 (0.004)
2022-04-08 08:43:05,758:INFO:   Eta: 1:41:02
2022-04-08 08:43:34,710:INFO: Train: [23][2075/2076]  Loss -0.0303 (-0.5431)  Time:  0.157 (0.014)  Data Time:  0.005 (0.004)
2022-04-08 08:43:34,711:INFO:   Eta: 1:49:28
2022-04-08 08:44:03,274:INFO: Train: [24][2075/2076]  Loss -0.1234 (-0.6575)  Time:  0.143 (0.014)  Data Time:  0.005 (0.004)
2022-04-08 08:44:03,275:INFO:   Eta: 1:47:31
2022-04-08 08:44:29,714:INFO: Train: [25][2075/2076]  Loss -0.0075 (-0.6467)  Time:  0.173 (0.013)  Data Time:  0.004 (0.004)
2022-04-08 08:44:29,715:INFO:   Eta: 1:39:05
2022-04-08 08:44:58,464:INFO: Train: [26][2075/2076]  Loss -0.1716 (-0.5964)  Time:  0.145 (0.014)  Data Time:  0.004 (0.004)
2022-04-08 08:44:58,465:INFO:   Eta: 1:47:16
2022-04-08 08:47:14,806:INFO: Test: [26]  ADE: 0.5578  FDE: 0.7825
2022-04-08 08:47:47,870:INFO: Train: [27][2075/2076]  Loss -0.2266 (-0.6153)  Time:  0.199 (0.016)  Data Time:  0.003 (0.004)
2022-04-08 08:47:47,872:INFO:   Eta: 2:02:45
2022-04-08 08:48:18,412:INFO: Train: [28][2075/2076]  Loss -0.0606 (-0.5831)  Time:  0.191 (0.015)  Data Time:  0.003 (0.003)
2022-04-08 08:48:18,414:INFO:   Eta: 1:52:55
2022-04-08 08:48:49,364:INFO: Train: [29][2075/2076]  Loss -0.2012 (-0.7013)  Time:  0.164 (0.015)  Data Time:  0.005 (0.003)
2022-04-08 08:48:49,366:INFO:   Eta: 1:53:55
2022-04-08 08:49:21,922:INFO: Train: [30][2075/2076]  Loss -0.2150 (-0.8178)  Time:  0.194 (0.016)  Data Time:  0.003 (0.004)
2022-04-08 08:49:21,924:INFO:   Eta: 1:59:17
2022-04-08 08:49:54,909:INFO: Train: [31][2075/2076]  Loss -0.1534 (-0.7547)  Time:  0.188 (0.016)  Data Time:  0.005 (0.004)
2022-04-08 08:49:54,911:INFO:   Eta: 2:00:19
2022-04-08 08:50:27,579:INFO: Train: [32][2075/2076]  Loss -0.1528 (-0.7648)  Time:  0.159 (0.016)  Data Time:  0.004 (0.004)
2022-04-08 08:50:27,580:INFO:   Eta: 1:58:36
2022-04-08 08:51:00,217:INFO: Train: [33][2075/2076]  Loss -0.2155 (-0.7911)  Time:  0.190 (0.016)  Data Time:  0.004 (0.004)
2022-04-08 08:51:00,220:INFO:   Eta: 1:57:57
2022-04-08 08:51:32,900:INFO: Train: [34][2075/2076]  Loss -0.1767 (-0.7509)  Time:  0.169 (0.016)  Data Time:  0.005 (0.004)
2022-04-08 08:51:32,901:INFO:   Eta: 1:57:33
2022-04-08 08:52:06,013:INFO: Train: [35][2075/2076]  Loss -0.1724 (-0.8064)  Time:  0.220 (0.016)  Data Time:  0.004 (0.004)
2022-04-08 08:52:06,014:INFO:   Eta: 1:58:34
2022-04-08 08:52:39,333:INFO: Train: [36][2075/2076]  Loss -0.2047 (-0.6918)  Time:  0.180 (0.016)  Data Time:  0.009 (0.004)
2022-04-08 08:52:39,334:INFO:   Eta: 1:58:45
2022-04-08 08:55:23,378:INFO: Test: [36]  ADE: 0.5209  FDE: 0.6739
2022-04-08 08:55:57,194:INFO: Train: [37][2075/2076]  Loss -0.1972 (-0.8978)  Time:  0.242 (0.016)  Data Time:  0.004 (0.004)
2022-04-08 08:55:57,196:INFO:   Eta: 1:59:53
2022-04-08 08:56:30,707:INFO: Train: [38][2075/2076]  Loss -0.1332 (-0.8509)  Time:  0.175 (0.016)  Data Time:  0.004 (0.004)
2022-04-08 08:56:30,708:INFO:   Eta: 1:58:19
2022-04-08 08:57:03,898:INFO: Train: [39][2075/2076]  Loss -0.1422 (-0.9019)  Time:  0.236 (0.016)  Data Time:  0.005 (0.004)
2022-04-08 08:57:03,899:INFO:   Eta: 1:56:38
2022-04-08 08:57:38,021:INFO: Train: [40][2075/2076]  Loss -0.1295 (-0.7465)  Time:  0.155 (0.016)  Data Time:  0.004 (0.004)
2022-04-08 08:57:38,125:INFO:   Eta: 1:59:20
2022-04-08 08:58:11,935:INFO: Train: [41][2075/2076]  Loss -0.2021 (-0.8715)  Time:  0.198 (0.016)  Data Time:  0.004 (0.004)
2022-04-08 08:58:11,937:INFO:   Eta: 1:53:18
2022-04-08 08:58:47,018:INFO: Train: [42][2075/2076]  Loss -0.2364 (-0.9361)  Time:  0.208 (0.017)  Data Time:  0.005 (0.004)
2022-04-08 08:58:47,020:INFO:   Eta: 2:01:32
2022-04-08 08:59:21,678:INFO: Train: [43][2075/2076]  Loss -0.1599 (-0.9339)  Time:  0.212 (0.017)  Data Time:  0.004 (0.005)
2022-04-08 08:59:21,681:INFO:   Eta: 1:59:29
2022-04-08 08:59:56,344:INFO: Train: [44][2075/2076]  Loss -0.2516 (-0.9519)  Time:  0.201 (0.017)  Data Time:  0.003 (0.004)
2022-04-08 08:59:56,345:INFO:   Eta: 1:58:55
2022-04-08 09:00:28,854:INFO: Train: [45][2075/2076]  Loss -0.1709 (-0.9095)  Time:  0.204 (0.016)  Data Time:  0.003 (0.004)
2022-04-08 09:00:28,858:INFO:   Eta: 1:50:59
2022-04-08 09:01:00,552:INFO: Train: [46][2075/2076]  Loss -0.1074 (-0.9701)  Time:  0.221 (0.015)  Data Time:  0.004 (0.003)
2022-04-08 09:01:00,553:INFO:   Eta: 1:47:39
2022-04-08 09:03:41,720:INFO: Test: [46]  ADE: 0.6978  FDE: 1.0003
2022-04-08 09:04:13,616:INFO: Train: [47][2075/2076]  Loss -0.1971 (-1.0191)  Time:  0.216 (0.015)  Data Time:  0.004 (0.004)
2022-04-08 09:04:13,620:INFO:   Eta: 1:47:48
2022-04-08 09:04:45,705:INFO: Train: [48][2075/2076]  Loss -0.0907 (-0.8855)  Time:  0.208 (0.015)  Data Time:  0.005 (0.005)
2022-04-08 09:04:45,707:INFO:   Eta: 1:47:56
2022-04-08 09:05:17,549:INFO: Train: [49][2075/2076]  Loss -0.1698 (-0.9888)  Time:  0.168 (0.015)  Data Time:  0.005 (0.004)
2022-04-08 09:05:17,552:INFO:   Eta: 1:46:35
2022-04-08 09:05:49,563:INFO: Train: [50][2075/2076]  Loss -0.2692 (-0.9826)  Time:  0.175 (0.015)  Data Time:  0.005 (0.004)
2022-04-08 09:05:49,565:INFO:   Eta: 1:46:37
2022-04-08 09:06:19,085:INFO: Train: [51][2075/2076]  Loss -0.0634 (-1.0281)  Time:  0.170 (0.014)  Data Time:  0.003 (0.004)
2022-04-08 09:06:19,087:INFO:   Eta: 1:37:50
2022-04-08 09:06:48,252:INFO: Train: [52][2075/2076]  Loss -0.1384 (-1.0055)  Time:  0.169 (0.014)  Data Time:  0.005 (0.003)
2022-04-08 09:06:48,256:INFO:   Eta: 1:36:09
2022-04-08 09:07:20,121:INFO: Train: [53][2075/2076]  Loss -0.2417 (-0.9461)  Time:  0.218 (0.015)  Data Time:  0.004 (0.004)
2022-04-08 09:07:20,122:INFO:   Eta: 1:44:32
2022-04-08 09:07:52,149:INFO: Train: [54][2075/2076]  Loss -0.2324 (-0.9487)  Time:  0.177 (0.015)  Data Time:  0.004 (0.004)
2022-04-08 09:07:52,150:INFO:   Eta: 1:44:32
2022-04-08 09:08:24,365:INFO: Train: [55][2075/2076]  Loss -0.1892 (-1.0149)  Time:  0.200 (0.016)  Data Time:  0.005 (0.004)
2022-04-08 09:08:24,366:INFO:   Eta: 1:44:37
2022-04-08 09:08:56,462:INFO: Train: [56][2075/2076]  Loss -0.1540 (-1.0783)  Time:  0.176 (0.015)  Data Time:  0.005 (0.004)
2022-04-08 09:08:56,465:INFO:   Eta: 1:43:42
2022-04-08 09:11:26,034:INFO: Test: [56]  ADE: 0.5705  FDE: 0.8431
2022-04-08 09:11:59,052:INFO: Train: [57][2075/2076]  Loss -0.1185 (-1.0390)  Time:  0.178 (0.016)  Data Time:  0.004 (0.004)
2022-04-08 09:11:59,053:INFO:   Eta: 1:46:04
2022-04-08 09:12:29,081:INFO: Train: [58][2075/2076]  Loss -0.2333 (-1.0929)  Time:  0.153 (0.014)  Data Time:  0.003 (0.003)
2022-04-08 09:12:29,082:INFO:   Eta: 1:36:01
2022-04-08 09:13:02,440:INFO: Train: [59][2075/2076]  Loss -0.1898 (-1.0944)  Time:  0.205 (0.016)  Data Time:  0.005 (0.004)
2022-04-08 09:13:02,442:INFO:   Eta: 1:46:06
2022-04-08 09:13:36,171:INFO: Train: [60][2075/2076]  Loss -0.1469 (-1.0969)  Time:  0.193 (0.016)  Data Time:  0.003 (0.004)
2022-04-08 09:13:36,173:INFO:   Eta: 1:46:43
2022-04-08 09:14:10,241:INFO: Train: [61][2075/2076]  Loss -0.2539 (-1.0521)  Time:  0.190 (0.016)  Data Time:  0.004 (0.005)
2022-04-08 09:14:10,243:INFO:   Eta: 1:47:14
2022-04-08 09:14:43,572:INFO: Train: [62][2075/2076]  Loss -0.3563 (-1.0234)  Time:  0.211 (0.016)  Data Time:  0.004 (0.004)
2022-04-08 09:14:43,573:INFO:   Eta: 1:44:20
2022-04-08 09:15:17,176:INFO: Train: [63][2075/2076]  Loss -0.2360 (-1.1649)  Time:  0.222 (0.016)  Data Time:  0.004 (0.004)
2022-04-08 09:15:17,178:INFO:   Eta: 1:44:38
2022-04-08 09:15:50,730:INFO: Train: [64][2075/2076]  Loss -0.2599 (-1.0205)  Time:  0.173 (0.016)  Data Time:  0.004 (0.004)
2022-04-08 09:15:50,731:INFO:   Eta: 1:43:55
2022-04-08 09:16:23,675:INFO: Train: [65][2075/2076]  Loss -0.2587 (-1.0408)  Time:  0.197 (0.016)  Data Time:  0.004 (0.004)
2022-04-08 09:16:23,676:INFO:   Eta: 1:41:30
2022-04-08 09:16:57,577:INFO: Train: [66][2075/2076]  Loss -0.2041 (-1.0976)  Time:  0.199 (0.016)  Data Time:  0.005 (0.005)
2022-04-08 09:16:57,579:INFO:   Eta: 1:43:53
2022-04-08 09:19:39,907:INFO: Test: [66]  ADE: 0.5554  FDE: 0.7886
2022-04-08 09:20:10,027:INFO: Train: [67][2075/2076]  Loss -0.2730 (-1.1128)  Time:  0.169 (0.014)  Data Time:  0.005 (0.004)
2022-04-08 09:20:10,029:INFO:   Eta: 1:31:43
2022-04-08 09:20:40,373:INFO: Train: [68][2075/2076]  Loss -0.2035 (-1.0994)  Time:  0.169 (0.015)  Data Time:  0.004 (0.004)
2022-04-08 09:20:40,374:INFO:   Eta: 1:31:58
2022-04-08 09:21:10,682:INFO: Train: [69][2075/2076]  Loss -0.1421 (-1.1161)  Time:  0.176 (0.015)  Data Time:  0.004 (0.004)
2022-04-08 09:21:10,684:INFO:   Eta: 1:31:22
2022-04-08 09:21:41,159:INFO: Train: [70][2075/2076]  Loss -0.1846 (-1.0909)  Time:  0.173 (0.015)  Data Time:  0.005 (0.004)
2022-04-08 09:21:41,160:INFO:   Eta: 1:31:21
2022-04-08 09:22:11,865:INFO: Train: [71][2075/2076]  Loss -0.1769 (-1.1040)  Time:  0.170 (0.015)  Data Time:  0.004 (0.004)
2022-04-08 09:22:11,866:INFO:   Eta: 1:31:32
2022-04-08 09:22:42,561:INFO: Train: [72][2075/2076]  Loss -0.1362 (-1.1708)  Time:  0.172 (0.015)  Data Time:  0.004 (0.004)
2022-04-08 09:22:42,562:INFO:   Eta: 1:31:00
2022-04-08 09:23:13,019:INFO: Train: [73][2075/2076]  Loss -0.2264 (-1.2102)  Time:  0.173 (0.015)  Data Time:  0.004 (0.004)
2022-04-08 09:23:13,021:INFO:   Eta: 1:29:47
2022-04-08 09:23:42,791:INFO: Train: [74][2075/2076]  Loss -0.2863 (-1.2004)  Time:  0.168 (0.014)  Data Time:  0.004 (0.004)
2022-04-08 09:23:42,792:INFO:   Eta: 1:27:16
2022-04-08 09:24:10,870:INFO: Train: [75][2075/2076]  Loss -0.1302 (-1.1603)  Time:  0.152 (0.014)  Data Time:  0.004 (0.004)
2022-04-08 09:24:10,872:INFO:   Eta: 1:21:50
2022-04-08 09:24:37,207:INFO: Train: [76][2075/2076]  Loss -0.3114 (-1.1773)  Time:  0.150 (0.013)  Data Time:  0.003 (0.003)
2022-04-08 09:24:37,208:INFO:   Eta: 1:16:18
2022-04-08 09:26:58,173:INFO: Test: [76]  ADE: 0.4628  FDE: 0.7064
2022-04-08 09:27:29,083:INFO: Train: [77][2075/2076]  Loss -0.2252 (-1.1464)  Time:  0.176 (0.015)  Data Time:  0.005 (0.004)
2022-04-08 09:27:29,085:INFO:   Eta: 1:29:02
2022-04-08 09:27:59,536:INFO: Train: [78][2075/2076]  Loss -0.2292 (-1.1834)  Time:  0.157 (0.015)  Data Time:  0.005 (0.004)
2022-04-08 09:27:59,537:INFO:   Eta: 1:27:13
2022-04-08 09:28:33,109:INFO: Train: [79][2075/2076]  Loss -0.2467 (-1.2443)  Time:  0.188 (0.016)  Data Time:  0.004 (0.005)
2022-04-08 09:28:33,110:INFO:   Eta: 1:35:36
2022-04-08 09:29:04,843:INFO: Train: [80][2075/2076]  Loss -0.2782 (-1.1602)  Time:  0.169 (0.015)  Data Time:  0.004 (0.004)
2022-04-08 09:29:04,844:INFO:   Eta: 1:29:51
2022-04-08 09:29:36,653:INFO: Train: [81][2075/2076]  Loss -0.3372 (-1.2025)  Time:  0.211 (0.015)  Data Time:  0.005 (0.004)
2022-04-08 09:29:36,655:INFO:   Eta: 1:29:32
2022-04-08 09:30:06,946:INFO: Train: [82][2075/2076]  Loss -0.2504 (-1.1753)  Time:  0.208 (0.015)  Data Time:  0.003 (0.004)
2022-04-08 09:30:06,948:INFO:   Eta: 1:24:45
2022-04-08 09:30:35,680:INFO: Train: [83][2075/2076]  Loss -0.3142 (-1.2260)  Time:  0.145 (0.014)  Data Time:  0.003 (0.003)
2022-04-08 09:30:35,681:INFO:   Eta: 1:19:55
2022-04-08 09:31:04,299:INFO: Train: [84][2075/2076]  Loss -0.2892 (-1.1742)  Time:  0.169 (0.014)  Data Time:  0.004 (0.003)
2022-04-08 09:31:04,300:INFO:   Eta: 1:19:07
2022-04-08 09:31:35,539:INFO: Train: [85][2075/2076]  Loss -0.2138 (-1.1754)  Time:  0.166 (0.015)  Data Time:  0.005 (0.004)
2022-04-08 09:31:35,541:INFO:   Eta: 1:25:50
2022-04-08 09:32:07,263:INFO: Train: [86][2075/2076]  Loss -0.2678 (-1.2884)  Time:  0.190 (0.015)  Data Time:  0.005 (0.004)
2022-04-08 09:32:07,265:INFO:   Eta: 1:26:38
2022-04-08 09:34:33,610:INFO: Test: [86]  ADE: 0.4614  FDE: 0.6594
2022-04-08 09:35:05,271:INFO: Train: [87][2075/2076]  Loss -0.2031 (-1.2344)  Time:  0.184 (0.015)  Data Time:  0.005 (0.004)
2022-04-08 09:35:05,272:INFO:   Eta: 1:25:54
2022-04-08 09:35:36,821:INFO: Train: [88][2075/2076]  Loss -0.3062 (-1.1643)  Time:  0.170 (0.015)  Data Time:  0.004 (0.004)
2022-04-08 09:35:36,822:INFO:   Eta: 1:25:07
2022-04-08 09:36:07,371:INFO: Train: [89][2075/2076]  Loss -0.2476 (-1.3032)  Time:  0.178 (0.015)  Data Time:  0.003 (0.004)
2022-04-08 09:36:07,373:INFO:   Eta: 1:21:55
2022-04-08 09:36:35,217:INFO: Train: [90][2075/2076]  Loss -0.2683 (-1.3160)  Time:  0.188 (0.013)  Data Time:  0.002 (0.003)
2022-04-08 09:36:35,219:INFO:   Eta: 1:14:11
2022-04-08 09:37:08,312:INFO: Train: [91][2075/2076]  Loss -0.2917 (-1.2811)  Time:  0.207 (0.016)  Data Time:  0.004 (0.004)
2022-04-08 09:37:08,314:INFO:   Eta: 1:27:37
2022-04-08 09:37:43,225:INFO: Train: [92][2075/2076]  Loss -0.2914 (-1.1988)  Time:  0.174 (0.017)  Data Time:  0.003 (0.004)
2022-04-08 09:37:43,228:INFO:   Eta: 1:31:52
2022-04-08 09:38:17,246:INFO: Train: [93][2075/2076]  Loss -0.2722 (-1.2954)  Time:  0.195 (0.016)  Data Time:  0.005 (0.004)
2022-04-08 09:38:17,248:INFO:   Eta: 1:28:56
2022-04-08 09:38:51,396:INFO: Train: [94][2075/2076]  Loss -0.3249 (-1.2149)  Time:  0.186 (0.016)  Data Time:  0.005 (0.004)
2022-04-08 09:38:51,399:INFO:   Eta: 1:28:43
2022-04-08 09:39:24,919:INFO: Train: [95][2075/2076]  Loss -0.3717 (-1.2944)  Time:  0.176 (0.016)  Data Time:  0.005 (0.004)
2022-04-08 09:39:24,921:INFO:   Eta: 1:26:31
2022-04-08 09:39:59,093:INFO: Train: [96][2075/2076]  Loss -0.2908 (-1.2106)  Time:  0.169 (0.016)  Data Time:  0.004 (0.004)
2022-04-08 09:39:59,094:INFO:   Eta: 1:27:39
2022-04-08 09:42:41,898:INFO: Test: [96]  ADE: 0.4795  FDE: 0.7830
2022-04-08 09:43:15,513:INFO: Train: [97][2075/2076]  Loss -0.2280 (-1.2193)  Time:  0.191 (0.016)  Data Time:  0.003 (0.004)
2022-04-08 09:43:15,514:INFO:   Eta: 1:25:37
2022-04-08 09:43:49,750:INFO: Train: [98][2075/2076]  Loss -0.3530 (-1.2944)  Time:  0.214 (0.016)  Data Time:  0.005 (0.004)
2022-04-08 09:43:49,752:INFO:   Eta: 1:26:40
2022-04-08 09:44:23,832:INFO: Train: [99][2075/2076]  Loss -0.2611 (-1.2756)  Time:  0.184 (0.016)  Data Time:  0.005 (0.004)
2022-04-08 09:44:23,833:INFO:   Eta: 1:25:41
2022-04-08 09:44:56,774:INFO: Train: [100][2075/2076]  Loss -0.3563 (-1.3162)  Time:  0.171 (0.016)  Data Time:  0.004 (0.004)
2022-04-08 09:44:56,775:INFO:   Eta: 1:22:18
2022-04-08 09:45:29,359:INFO: Train: [101][2075/2076]  Loss -0.3267 (-1.3668)  Time:  0.200 (0.016)  Data Time:  0.004 (0.004)
2022-04-08 09:45:29,361:INFO:   Eta: 1:20:51
2022-04-08 09:46:02,304:INFO: Train: [102][2075/2076]  Loss -0.3088 (-1.3330)  Time:  0.169 (0.016)  Data Time:  0.005 (0.004)
2022-04-08 09:46:02,306:INFO:   Eta: 1:21:12
2022-04-08 09:46:34,782:INFO: Train: [103][2075/2076]  Loss -0.2906 (-1.2793)  Time:  0.182 (0.016)  Data Time:  0.004 (0.004)
2022-04-08 09:46:34,785:INFO:   Eta: 1:19:30
2022-04-08 09:47:07,635:INFO: Train: [104][2075/2076]  Loss -0.3033 (-1.1003)  Time:  0.170 (0.016)  Data Time:  0.004 (0.005)
2022-04-08 09:47:07,636:INFO:   Eta: 1:19:52
2022-04-08 09:47:40,278:INFO: Train: [105][2075/2076]  Loss -0.2956 (-1.3042)  Time:  0.160 (0.016)  Data Time:  0.004 (0.004)
2022-04-08 09:47:40,280:INFO:   Eta: 1:18:49
2022-04-08 09:48:10,389:INFO: Train: [106][2075/2076]  Loss -0.2091 (-1.3168)  Time:  0.152 (0.014)  Data Time:  0.003 (0.003)
2022-04-08 09:48:10,391:INFO:   Eta: 1:12:12
2022-04-08 09:50:42,640:INFO: Test: [106]  ADE: 0.5243  FDE: 0.7262
2022-04-08 09:51:15,667:INFO: Train: [107][2075/2076]  Loss -0.2941 (-1.2694)  Time:  0.201 (0.016)  Data Time:  0.005 (0.004)
2022-04-08 09:51:15,669:INFO:   Eta: 1:18:37
2022-04-08 09:51:47,944:INFO: Train: [108][2075/2076]  Loss -0.2138 (-1.2960)  Time:  0.213 (0.016)  Data Time:  0.004 (0.004)
2022-04-08 09:51:47,945:INFO:   Eta: 1:16:20
2022-04-08 09:52:21,080:INFO: Train: [109][2075/2076]  Loss -0.2933 (-1.4140)  Time:  0.168 (0.016)  Data Time:  0.005 (0.004)
2022-04-08 09:52:21,082:INFO:   Eta: 1:17:48
2022-04-08 09:52:53,476:INFO: Train: [110][2075/2076]  Loss -0.3055 (-1.3071)  Time:  0.173 (0.016)  Data Time:  0.004 (0.004)
2022-04-08 09:52:53,683:INFO:   Eta: 1:15:32
2022-04-08 09:53:28,129:INFO: Train: [111][2075/2076]  Loss -0.3091 (-1.3852)  Time:  0.204 (0.016)  Data Time:  0.004 (0.004)
2022-04-08 09:53:28,130:INFO:   Eta: 1:19:15
2022-04-08 09:53:59,904:INFO: Train: [112][2075/2076]  Loss -0.2839 (-1.1330)  Time:  0.188 (0.015)  Data Time:  0.003 (0.003)
2022-04-08 09:53:59,905:INFO:   Eta: 1:13:01
2022-04-08 09:54:33,128:INFO: Train: [113][2075/2076]  Loss -0.3114 (-1.3278)  Time:  0.200 (0.016)  Data Time:  0.004 (0.004)
2022-04-08 09:54:33,131:INFO:   Eta: 1:15:48
2022-04-08 09:55:08,750:INFO: Train: [114][2075/2076]  Loss -0.1976 (-1.3401)  Time:  0.251 (0.017)  Data Time:  0.005 (0.004)
2022-04-08 09:55:08,752:INFO:   Eta: 1:20:40
2022-04-08 09:55:41,625:INFO: Train: [115][2075/2076]  Loss -0.3685 (-1.2942)  Time:  0.251 (0.016)  Data Time:  0.005 (0.004)
2022-04-08 09:55:41,717:INFO:   Eta: 1:13:54
2022-04-08 09:56:16,785:INFO: Train: [116][2075/2076]  Loss -0.3321 (-1.4517)  Time:  0.215 (0.016)  Data Time:  0.006 (0.004)
2022-04-08 09:56:16,785:INFO:   Eta: 1:16:16
2022-04-08 09:58:58,767:INFO: Test: [116]  ADE: 0.4531  FDE: 0.7811
2022-04-08 09:59:32,057:INFO: Train: [117][2075/2076]  Loss -0.2363 (-1.2111)  Time:  0.202 (0.016)  Data Time:  0.005 (0.004)
2022-04-08 09:59:32,059:INFO:   Eta: 1:13:40
2022-04-08 10:00:04,087:INFO: Train: [118][2075/2076]  Loss -0.3251 (-1.3721)  Time:  0.164 (0.015)  Data Time:  0.004 (0.004)
2022-04-08 10:00:04,089:INFO:   Eta: 1:10:24
2022-04-08 10:00:34,137:INFO: Train: [119][2075/2076]  Loss -0.2584 (-1.3756)  Time:  0.194 (0.014)  Data Time:  0.005 (0.003)
2022-04-08 10:00:34,139:INFO:   Eta: 1:05:33
2022-04-08 10:01:07,804:INFO: Train: [120][2075/2076]  Loss -0.2749 (-1.3987)  Time:  0.199 (0.016)  Data Time:  0.003 (0.004)
2022-04-08 10:01:07,806:INFO:   Eta: 1:12:53
2022-04-08 10:01:40,021:INFO: Train: [121][2075/2076]  Loss -0.3231 (-1.3755)  Time:  0.217 (0.016)  Data Time:  0.003 (0.005)
2022-04-08 10:01:40,023:INFO:   Eta: 1:09:13
2022-04-08 10:02:13,650:INFO: Train: [122][2075/2076]  Loss -0.3171 (-1.3871)  Time:  0.163 (0.016)  Data Time:  0.005 (0.004)
2022-04-08 10:02:13,651:INFO:   Eta: 1:11:41
2022-04-08 10:02:47,167:INFO: Train: [123][2075/2076]  Loss -0.3101 (-1.3913)  Time:  0.237 (0.016)  Data Time:  0.004 (0.004)
2022-04-08 10:02:47,168:INFO:   Eta: 1:10:53
2022-04-08 10:03:20,011:INFO: Train: [124][2075/2076]  Loss -0.2611 (-1.3204)  Time:  0.179 (0.016)  Data Time:  0.004 (0.004)
2022-04-08 10:03:20,012:INFO:   Eta: 1:08:55
2022-04-08 10:03:52,838:INFO: Train: [125][2075/2076]  Loss -0.2659 (-1.3440)  Time:  0.208 (0.016)  Data Time:  0.004 (0.004)
2022-04-08 10:03:52,839:INFO:   Eta: 1:08:19
2022-04-08 10:04:25,220:INFO: Train: [126][2075/2076]  Loss -0.3130 (-1.4651)  Time:  0.211 (0.016)  Data Time:  0.004 (0.004)
2022-04-08 10:04:25,222:INFO:   Eta: 1:06:52
2022-04-08 10:07:04,076:INFO: Test: [126]  ADE: 0.4672  FDE: 0.8343
2022-04-08 10:07:33,559:INFO: Train: [127][2075/2076]  Loss -0.2862 (-1.3961)  Time:  0.186 (0.014)  Data Time:  0.021 (0.003)
2022-04-08 10:07:33,560:INFO:   Eta: 1:00:21
2022-04-08 10:08:06,494:INFO: Train: [128][2075/2076]  Loss -0.3278 (-1.3000)  Time:  0.172 (0.016)  Data Time:  0.004 (0.004)
2022-04-08 10:08:06,495:INFO:   Eta: 1:06:55
2022-04-08 10:08:39,901:INFO: Train: [129][2075/2076]  Loss -0.3237 (-1.4312)  Time:  0.215 (0.016)  Data Time:  0.005 (0.004)
2022-04-08 10:08:39,902:INFO:   Eta: 1:07:19
2022-04-08 10:09:12,366:INFO: Train: [130][2075/2076]  Loss -0.3409 (-1.3991)  Time:  0.170 (0.016)  Data Time:  0.003 (0.004)
2022-04-08 10:09:12,367:INFO:   Eta: 1:04:52
2022-04-08 10:09:44,254:INFO: Train: [131][2075/2076]  Loss -0.3087 (-1.4449)  Time:  0.210 (0.015)  Data Time:  0.005 (0.004)
2022-04-08 10:09:44,255:INFO:   Eta: 1:03:09
2022-04-08 10:10:19,238:INFO: Train: [132][2075/2076]  Loss -0.3245 (-1.4231)  Time:  0.169 (0.017)  Data Time:  0.004 (0.004)
2022-04-08 10:10:19,241:INFO:   Eta: 1:08:45
2022-04-08 10:10:52,750:INFO: Train: [133][2075/2076]  Loss -0.3598 (-1.3711)  Time:  0.207 (0.016)  Data Time:  0.004 (0.004)
2022-04-08 10:10:52,751:INFO:   Eta: 1:05:17
2022-04-08 10:11:25,871:INFO: Train: [134][2075/2076]  Loss -0.3375 (-1.3030)  Time:  0.217 (0.016)  Data Time:  0.004 (0.004)
2022-04-08 10:11:25,872:INFO:   Eta: 1:03:59
2022-04-08 10:11:58,211:INFO: Train: [135][2075/2076]  Loss -0.3922 (-1.4589)  Time:  0.163 (0.016)  Data Time:  0.004 (0.004)
2022-04-08 10:11:58,212:INFO:   Eta: 1:01:56
2022-04-08 10:12:31,157:INFO: Train: [136][2075/2076]  Loss -0.3407 (-1.3662)  Time:  0.232 (0.016)  Data Time:  0.004 (0.004)
2022-04-08 10:12:31,159:INFO:   Eta: 1:02:33
2022-04-08 10:15:14,223:INFO: Test: [136]  ADE: 0.5132  FDE: 0.9334
2022-04-08 10:15:47,775:INFO: Train: [137][2075/2076]  Loss -0.3527 (-1.3897)  Time:  0.209 (0.016)  Data Time:  0.004 (0.004)
2022-04-08 10:15:47,777:INFO:   Eta: 1:03:06
2022-04-08 10:16:21,312:INFO: Train: [138][2075/2076]  Loss -0.3992 (-1.4577)  Time:  0.204 (0.016)  Data Time:  0.005 (0.004)
2022-04-08 10:16:21,314:INFO:   Eta: 1:02:32
2022-04-08 10:16:54,422:INFO: Train: [139][2075/2076]  Loss -0.3250 (-1.4709)  Time:  0.201 (0.016)  Data Time:  0.004 (0.004)
2022-04-08 10:16:54,424:INFO:   Eta: 1:01:12
2022-04-08 10:17:28,063:INFO: Train: [140][2075/2076]  Loss -0.2775 (-1.4339)  Time:  0.247 (0.016)  Data Time:  0.005 (0.004)
2022-04-08 10:17:28,065:INFO:   Eta: 1:01:38
2022-04-08 10:18:00,244:INFO: Train: [141][2075/2076]  Loss -0.2634 (-1.3334)  Time:  0.199 (0.015)  Data Time:  0.004 (0.004)
2022-04-08 10:18:00,245:INFO:   Eta: 0:58:24
2022-04-08 10:18:32,930:INFO: Train: [142][2075/2076]  Loss -0.3491 (-1.3240)  Time:  0.166 (0.016)  Data Time:  0.004 (0.004)
2022-04-08 10:18:32,932:INFO:   Eta: 0:58:47
2022-04-08 10:19:04,438:INFO: Train: [143][2075/2076]  Loss -0.3499 (-1.3547)  Time:  0.198 (0.015)  Data Time:  0.004 (0.004)
2022-04-08 10:19:04,440:INFO:   Eta: 0:56:08
2022-04-08 10:19:35,863:INFO: Train: [144][2075/2076]  Loss -0.3883 (-1.4951)  Time:  0.157 (0.015)  Data Time:  0.003 (0.004)
2022-04-08 10:19:35,864:INFO:   Eta: 0:55:28
2022-04-08 10:20:06,394:INFO: Train: [145][2075/2076]  Loss -0.2530 (-1.4906)  Time:  0.164 (0.015)  Data Time:  0.004 (0.004)
2022-04-08 10:20:06,395:INFO:   Eta: 0:53:23
2022-04-08 10:20:36,234:INFO: Train: [146][2075/2076]  Loss -0.3144 (-1.4198)  Time:  0.143 (0.014)  Data Time:  0.004 (0.004)
2022-04-08 10:20:36,236:INFO:   Eta: 0:51:40
2022-04-08 10:23:05,050:INFO: Test: [146]  ADE: 0.5881  FDE: 1.0429
2022-04-08 10:23:36,812:INFO: Train: [147][2075/2076]  Loss -0.3511 (-1.4149)  Time:  0.165 (0.015)  Data Time:  0.004 (0.004)
2022-04-08 10:23:36,813:INFO:   Eta: 0:54:27
2022-04-08 10:24:08,066:INFO: Train: [148][2075/2076]  Loss -0.3421 (-1.4007)  Time:  0.168 (0.015)  Data Time:  0.005 (0.004)
2022-04-08 10:24:08,068:INFO:   Eta: 0:53:05
2022-04-08 10:24:40,198:INFO: Train: [149][2075/2076]  Loss -0.3916 (-1.4009)  Time:  0.153 (0.015)  Data Time:  0.003 (0.004)
2022-04-08 10:24:40,200:INFO:   Eta: 0:54:02
2022-04-08 10:25:09,227:INFO: Train: [150][2075/2076]  Loss -0.3839 (-1.6949)  Time:  0.156 (0.014)  Data Time:  0.003 (0.004)
2022-04-08 10:25:09,692:INFO:   Eta: 0:48:20
2022-04-08 10:25:41,157:INFO: Train: [151][2075/2076]  Loss -0.3360 (-1.5786)  Time:  0.193 (0.015)  Data Time:  0.004 (0.004)
2022-04-08 10:25:41,385:INFO:   Eta: 0:49:51
2022-04-08 10:25:48,009:INFO: Valid: [151][529/530]  Loss -7.1868 (-5.0223)
2022-04-08 10:25:49,101:INFO: Checkpoint saved...
2022-04-08 10:26:19,845:INFO: Train: [152][2075/2076]  Loss -0.3765 (-1.5352)  Time:  0.195 (0.014)  Data Time:  0.005 (0.004)
2022-04-08 10:26:19,846:INFO:   Eta: 0:48:52
2022-04-08 10:26:26,903:INFO: Valid: [152][529/530]  Loss -6.5949 (-4.6195)
2022-04-08 10:27:01,183:INFO: Train: [153][2075/2076]  Loss -0.4001 (-1.5804)  Time:  0.209 (0.016)  Data Time:  0.004 (0.004)
2022-04-08 10:27:01,184:INFO:   Eta: 0:55:22
2022-04-08 10:27:08,079:INFO: Valid: [153][529/530]  Loss -6.1454 (-4.3611)
2022-04-08 10:27:40,356:INFO: Train: [154][2075/2076]  Loss -0.4093 (-1.6809)  Time:  0.155 (0.016)  Data Time:  0.004 (0.003)
2022-04-08 10:27:40,358:INFO:   Eta: 0:51:35
2022-04-08 10:27:47,067:INFO: Valid: [154][529/530]  Loss -6.5783 (-4.5882)
2022-04-08 10:28:19,042:INFO: Train: [155][2075/2076]  Loss -0.3320 (-1.6273)  Time:  0.226 (0.015)  Data Time:  0.005 (0.004)
2022-04-08 10:28:19,043:INFO:   Eta: 0:50:34
2022-04-08 10:28:26,053:INFO: Valid: [155][529/530]  Loss -5.8603 (-4.1138)
2022-04-08 10:28:58,729:INFO: Train: [156][2075/2076]  Loss -0.3892 (-1.6707)  Time:  0.209 (0.016)  Data Time:  0.004 (0.004)
2022-04-08 10:28:58,731:INFO:   Eta: 0:51:09
2022-04-08 10:29:05,706:INFO: Valid: [156][529/530]  Loss -7.2432 (-5.0778)
2022-04-08 10:29:05,723:INFO: Checkpoint saved...
2022-04-08 10:31:49,064:INFO: Test: [156]  ADE: 0.4580  FDE: 0.8452
2022-04-08 10:32:21,550:INFO: Train: [157][2075/2076]  Loss -0.4649 (-1.6991)  Time:  0.192 (0.016)  Data Time:  0.004 (0.004)
2022-04-08 10:32:21,552:INFO:   Eta: 0:50:17
2022-04-08 10:32:28,431:INFO: Valid: [157][529/530]  Loss -5.5093 (-3.9736)
2022-04-08 10:33:02,231:INFO: Train: [158][2075/2076]  Loss -0.3084 (-1.7116)  Time:  0.215 (0.016)  Data Time:  0.004 (0.004)
2022-04-08 10:33:02,235:INFO:   Eta: 0:51:47
2022-04-08 10:33:09,142:INFO: Valid: [158][529/530]  Loss -6.7659 (-4.7567)
2022-04-08 10:33:42,531:INFO: Train: [159][2075/2076]  Loss -0.4196 (-1.6880)  Time:  0.207 (0.016)  Data Time:  0.003 (0.004)
2022-04-08 10:33:42,532:INFO:   Eta: 0:50:33
2022-04-08 10:33:49,121:INFO: Valid: [159][529/530]  Loss -6.6499 (-4.6718)
2022-04-08 10:34:21,286:INFO: Train: [160][2075/2076]  Loss -0.3628 (-1.5850)  Time:  0.170 (0.015)  Data Time:  0.005 (0.004)
2022-04-08 10:34:21,287:INFO:   Eta: 0:48:12
2022-04-08 10:34:28,162:INFO: Valid: [160][529/530]  Loss -6.1895 (-4.3766)
2022-04-08 10:34:56,854:INFO: Train: [161][2075/2076]  Loss -0.3705 (-1.6985)  Time:  0.179 (0.014)  Data Time:  0.004 (0.004)
2022-04-08 10:34:56,855:INFO:   Eta: 0:42:31
2022-04-08 10:35:04,003:INFO: Valid: [161][529/530]  Loss -6.7222 (-4.7101)
2022-04-08 10:35:33,998:INFO: Train: [162][2075/2076]  Loss -0.3343 (-1.7260)  Time:  0.151 (0.014)  Data Time:  0.002 (0.004)
2022-04-08 10:35:34,000:INFO:   Eta: 0:43:57
2022-04-08 10:35:40,536:INFO: Valid: [162][529/530]  Loss -7.1017 (-4.9933)
2022-04-08 10:36:09,582:INFO: Train: [163][2075/2076]  Loss -0.3398 (-1.7125)  Time:  0.181 (0.014)  Data Time:  0.005 (0.004)
2022-04-08 10:36:09,583:INFO:   Eta: 0:42:04
2022-04-08 10:36:16,109:INFO: Valid: [163][529/530]  Loss -6.5468 (-4.6068)
2022-04-08 10:36:46,235:INFO: Train: [164][2075/2076]  Loss -0.4147 (-1.7416)  Time:  0.170 (0.015)  Data Time:  0.004 (0.004)
2022-04-08 10:36:46,236:INFO:   Eta: 0:43:09
2022-04-08 10:36:52,705:INFO: Valid: [164][529/530]  Loss -6.8774 (-4.8399)
2022-04-08 10:37:22,793:INFO: Train: [165][2075/2076]  Loss -0.3273 (-1.7092)  Time:  0.162 (0.014)  Data Time:  0.004 (0.004)
2022-04-08 10:37:22,794:INFO:   Eta: 0:42:35
2022-04-08 10:37:29,242:INFO: Valid: [165][529/530]  Loss -6.8135 (-4.7741)
2022-04-08 10:37:59,937:INFO: Train: [166][2075/2076]  Loss -0.3716 (-1.7140)  Time:  0.182 (0.015)  Data Time:  0.004 (0.004)
2022-04-08 10:37:59,938:INFO:   Eta: 0:42:56
2022-04-08 10:38:06,757:INFO: Valid: [166][529/530]  Loss -6.6901 (-4.7002)
2022-04-08 10:40:31,040:INFO: Test: [166]  ADE: 0.4769  FDE: 0.8758
2022-04-08 10:41:01,822:INFO: Train: [167][2075/2076]  Loss -0.3751 (-1.7512)  Time:  0.170 (0.015)  Data Time:  0.005 (0.004)
2022-04-08 10:41:01,824:INFO:   Eta: 0:42:31
2022-04-08 10:41:08,469:INFO: Valid: [167][529/530]  Loss -7.0557 (-4.9347)
2022-04-08 10:41:37,308:INFO: Train: [168][2075/2076]  Loss -0.3678 (-1.7279)  Time:  0.187 (0.014)  Data Time:  0.004 (0.003)
2022-04-08 10:41:37,309:INFO:   Eta: 0:39:23
2022-04-08 10:41:43,923:INFO: Valid: [168][529/530]  Loss -6.8395 (-4.8262)
2022-04-08 10:42:12,356:INFO: Train: [169][2075/2076]  Loss -0.3326 (-1.6924)  Time:  0.153 (0.014)  Data Time:  0.003 (0.003)
2022-04-08 10:42:12,357:INFO:   Eta: 0:38:20
2022-04-08 10:42:19,017:INFO: Valid: [169][529/530]  Loss -4.9725 (-3.5171)
2022-04-08 10:42:49,795:INFO: Train: [170][2075/2076]  Loss -0.3671 (-1.7273)  Time:  0.160 (0.015)  Data Time:  0.005 (0.004)
2022-04-08 10:42:49,797:INFO:   Eta: 0:41:00
2022-04-08 10:42:56,128:INFO: Valid: [170][529/530]  Loss -5.7169 (-4.0565)
2022-04-08 10:43:25,799:INFO: Train: [171][2075/2076]  Loss -0.4852 (-1.7642)  Time:  0.196 (0.014)  Data Time:  0.004 (0.003)
2022-04-08 10:43:25,801:INFO:   Eta: 0:39:02
2022-04-08 10:43:32,392:INFO: Valid: [171][529/530]  Loss -6.4758 (-4.5854)
2022-04-08 10:44:02,842:INFO: Train: [172][2075/2076]  Loss -0.3983 (-1.7909)  Time:  0.214 (0.015)  Data Time:  0.004 (0.004)
2022-04-08 10:44:02,843:INFO:   Eta: 0:39:33
2022-04-08 10:44:09,348:INFO: Valid: [172][529/530]  Loss -6.7717 (-4.7545)
2022-04-08 10:44:40,038:INFO: Train: [173][2075/2076]  Loss -0.3319 (-1.6516)  Time:  0.169 (0.015)  Data Time:  0.004 (0.004)
2022-04-08 10:44:40,039:INFO:   Eta: 0:39:21
2022-04-08 10:44:46,543:INFO: Valid: [173][529/530]  Loss -6.2193 (-4.4266)
2022-04-08 10:45:17,245:INFO: Train: [174][2075/2076]  Loss -0.4022 (-1.7532)  Time:  0.235 (0.015)  Data Time:  0.004 (0.004)
2022-04-08 10:45:17,258:INFO:   Eta: 0:38:51
2022-04-08 10:45:24,257:INFO: Valid: [174][529/530]  Loss -4.1483 (-2.9351)
2022-04-08 10:45:55,080:INFO: Train: [175][2075/2076]  Loss -0.3393 (-1.7700)  Time:  0.188 (0.015)  Data Time:  0.003 (0.004)
2022-04-08 10:45:55,082:INFO:   Eta: 0:38:30
2022-04-08 10:46:01,850:INFO: Valid: [175][529/530]  Loss -6.4951 (-4.5217)
2022-04-08 10:46:32,903:INFO: Train: [176][2075/2076]  Loss -0.4294 (-1.5659)  Time:  0.156 (0.015)  Data Time:  0.004 (0.004)
2022-04-08 10:46:32,905:INFO:   Eta: 0:38:16
2022-04-08 10:46:39,697:INFO: Valid: [176][529/530]  Loss -6.5475 (-4.5635)
2022-04-08 10:49:08,140:INFO: Test: [176]  ADE: 0.4599  FDE: 0.8393
2022-04-08 10:49:38,198:INFO: Train: [177][2075/2076]  Loss -0.4132 (-1.6301)  Time:  0.167 (0.014)  Data Time:  0.003 (0.004)
2022-04-08 10:49:38,199:INFO:   Eta: 0:36:30
2022-04-08 10:49:44,957:INFO: Valid: [177][529/530]  Loss -6.0910 (-4.2689)
2022-04-08 10:50:15,834:INFO: Train: [178][2075/2076]  Loss -0.2773 (-1.7795)  Time:  0.202 (0.015)  Data Time:  0.004 (0.004)
2022-04-08 10:50:15,835:INFO:   Eta: 0:37:01
2022-04-08 10:50:22,642:INFO: Valid: [178][529/530]  Loss -6.7237 (-4.7172)
2022-04-08 10:50:52,212:INFO: Train: [179][2075/2076]  Loss -0.4122 (-1.7270)  Time:  0.163 (0.014)  Data Time:  0.003 (0.004)
2022-04-08 10:50:52,214:INFO:   Eta: 0:34:57
2022-04-08 10:50:58,872:INFO: Valid: [179][529/530]  Loss -6.7844 (-4.7468)
2022-04-08 10:51:29,422:INFO: Train: [180][2075/2076]  Loss -0.3532 (-1.7714)  Time:  0.163 (0.015)  Data Time:  0.004 (0.004)
2022-04-08 10:51:29,424:INFO:   Eta: 0:35:36
2022-04-08 10:51:36,068:INFO: Valid: [180][529/530]  Loss -6.6579 (-4.6922)
2022-04-08 10:52:06,921:INFO: Train: [181][2075/2076]  Loss -0.3603 (-1.7362)  Time:  0.164 (0.015)  Data Time:  0.004 (0.004)
2022-04-08 10:52:06,922:INFO:   Eta: 0:35:27
2022-04-08 10:52:13,526:INFO: Valid: [181][529/530]  Loss -6.9021 (-4.8857)
2022-04-08 10:52:44,107:INFO: Train: [182][2075/2076]  Loss -0.3674 (-1.7849)  Time:  0.183 (0.015)  Data Time:  0.004 (0.004)
2022-04-08 10:52:44,109:INFO:   Eta: 0:34:37
2022-04-08 10:52:50,724:INFO: Valid: [182][529/530]  Loss -6.6298 (-4.6181)
2022-04-08 10:53:21,387:INFO: Train: [183][2075/2076]  Loss -0.3967 (-1.7192)  Time:  0.174 (0.015)  Data Time:  0.005 (0.004)
2022-04-08 10:53:21,388:INFO:   Eta: 0:34:12
2022-04-08 10:53:28,185:INFO: Valid: [183][529/530]  Loss -6.3287 (-4.4636)
2022-04-08 10:53:58,937:INFO: Train: [184][2075/2076]  Loss -0.4142 (-1.7595)  Time:  0.159 (0.015)  Data Time:  0.003 (0.004)
2022-04-08 10:53:58,939:INFO:   Eta: 0:33:48
2022-04-08 10:54:05,695:INFO: Valid: [184][529/530]  Loss -6.3145 (-4.4264)
2022-04-08 10:54:35,231:INFO: Train: [185][2075/2076]  Loss -0.4528 (-1.7394)  Time:  0.160 (0.014)  Data Time:  0.004 (0.004)
2022-04-08 10:54:35,320:INFO:   Eta: 0:31:58
2022-04-08 10:54:41,999:INFO: Valid: [185][529/530]  Loss -4.1312 (-3.1041)
2022-04-08 10:55:12,393:INFO: Train: [186][2075/2076]  Loss -0.3142 (-1.7455)  Time:  0.181 (0.015)  Data Time:  0.004 (0.004)
2022-04-08 10:55:12,395:INFO:   Eta: 0:32:23
2022-04-08 10:55:19,168:INFO: Valid: [186][529/530]  Loss -5.8575 (-4.1585)
2022-04-08 10:57:45,679:INFO: Test: [186]  ADE: 0.5502  FDE: 1.0373
2022-04-08 10:58:16,024:INFO: Train: [187][2075/2076]  Loss -0.4322 (-1.7567)  Time:  0.157 (0.015)  Data Time:  0.004 (0.004)
2022-04-08 10:58:16,025:INFO:   Eta: 0:31:49
2022-04-08 10:58:22,760:INFO: Valid: [187][529/530]  Loss -6.3286 (-4.4572)
2022-04-08 10:58:52,793:INFO: Train: [188][2075/2076]  Loss -0.3582 (-1.7472)  Time:  0.167 (0.014)  Data Time:  0.005 (0.004)
2022-04-08 10:58:52,794:INFO:   Eta: 0:31:00
2022-04-08 10:58:59,381:INFO: Valid: [188][529/530]  Loss -6.4580 (-4.5431)
2022-04-08 10:59:30,000:INFO: Train: [189][2075/2076]  Loss -0.4248 (-1.7865)  Time:  0.180 (0.015)  Data Time:  0.005 (0.004)
2022-04-08 10:59:30,002:INFO:   Eta: 0:31:06
2022-04-08 10:59:36,208:INFO: Valid: [189][529/530]  Loss -6.6108 (-4.6332)
2022-04-08 11:00:06,790:INFO: Train: [190][2075/2076]  Loss -0.4291 (-1.7525)  Time:  0.176 (0.015)  Data Time:  0.005 (0.004)
2022-04-08 11:00:06,792:INFO:   Eta: 0:30:33
2022-04-08 11:00:13,368:INFO: Valid: [190][529/530]  Loss -6.3372 (-4.4359)
2022-04-08 11:00:43,507:INFO: Train: [191][2075/2076]  Loss -0.4032 (-1.7446)  Time:  0.178 (0.015)  Data Time:  0.005 (0.004)
2022-04-08 11:00:43,508:INFO:   Eta: 0:29:37
2022-04-08 11:00:50,163:INFO: Valid: [191][529/530]  Loss -6.7041 (-4.7081)
2022-04-08 11:01:20,316:INFO: Train: [192][2075/2076]  Loss -0.4148 (-1.7847)  Time:  0.168 (0.015)  Data Time:  0.004 (0.004)
2022-04-08 11:01:20,318:INFO:   Eta: 0:29:07
2022-04-08 11:01:26,942:INFO: Valid: [192][529/530]  Loss -6.3544 (-4.4701)
2022-04-08 11:01:57,381:INFO: Train: [193][2075/2076]  Loss -0.3662 (-1.7237)  Time:  0.157 (0.015)  Data Time:  0.004 (0.004)
2022-04-08 11:01:57,385:INFO:   Eta: 0:28:53
2022-04-08 11:02:04,196:INFO: Valid: [193][529/530]  Loss -6.4169 (-4.5141)
2022-04-08 11:02:33,572:INFO: Train: [194][2075/2076]  Loss -0.3439 (-1.7806)  Time:  0.172 (0.014)  Data Time:  0.004 (0.004)
2022-04-08 11:02:33,574:INFO:   Eta: 0:27:23
2022-04-08 11:02:40,272:INFO: Valid: [194][529/530]  Loss -6.3979 (-4.5118)
2022-04-08 11:03:08,291:INFO: Train: [195][2075/2076]  Loss -0.4393 (-1.7631)  Time:  0.157 (0.013)  Data Time:  0.004 (0.003)
2022-04-08 11:03:08,293:INFO:   Eta: 0:25:39
2022-04-08 11:03:14,863:INFO: Valid: [195][529/530]  Loss -6.2232 (-4.3742)
2022-04-08 11:03:44,971:INFO: Train: [196][2075/2076]  Loss -0.4163 (-1.6449)  Time:  0.172 (0.014)  Data Time:  0.004 (0.004)
2022-04-08 11:03:44,972:INFO:   Eta: 0:27:04
2022-04-08 11:03:51,684:INFO: Valid: [196][529/530]  Loss -6.4862 (-4.5472)
2022-04-08 11:06:15,325:INFO: Test: [196]  ADE: 0.4773  FDE: 0.8848
2022-04-08 11:06:42,990:INFO: Train: [197][2075/2076]  Loss -0.3865 (-1.6562)  Time:  0.185 (0.013)  Data Time:  0.004 (0.003)
2022-04-08 11:06:42,992:INFO:   Eta: 0:24:24
2022-04-08 11:06:49,488:INFO: Valid: [197][529/530]  Loss -6.5967 (-4.6384)
2022-04-08 11:07:14,341:INFO: Train: [198][2075/2076]  Loss -0.3561 (-1.7708)  Time:  0.187 (0.012)  Data Time:  0.002 (0.002)
2022-04-08 11:07:14,342:INFO:   Eta: 0:21:31
2022-04-08 11:07:20,984:INFO: Valid: [198][529/530]  Loss -6.5758 (-4.6541)
2022-04-08 11:07:45,982:INFO: Train: [199][2075/2076]  Loss -0.4288 (-1.7958)  Time:  0.132 (0.012)  Data Time:  0.002 (0.002)
2022-04-08 11:07:45,984:INFO:   Eta: 0:21:13
2022-04-08 11:07:52,012:INFO: Valid: [199][529/530]  Loss -4.1983 (-3.1735)
2022-04-08 11:08:20,598:INFO: Train: [200][2075/2076]  Loss -0.3824 (-1.7901)  Time:  0.143 (0.014)  Data Time:  0.002 (0.002)
2022-04-08 11:08:20,600:INFO:   Eta: 0:23:47
2022-04-08 11:08:27,022:INFO: Valid: [200][529/530]  Loss -6.2993 (-4.4694)
2022-04-08 11:08:53,068:INFO: Train: [201][2075/2076]  Loss -0.3940 (-1.6511)  Time:  0.153 (0.013)  Data Time:  0.002 (0.002)
2022-04-08 11:08:53,069:INFO:   Eta: 0:21:14
2022-04-08 11:08:59,733:INFO: Valid: [201][529/530]  Loss -6.7636 (-4.7703)
2022-04-08 11:09:26,076:INFO: Train: [202][2075/2076]  Loss -0.3366 (-1.7566)  Time:  0.155 (0.013)  Data Time:  0.002 (0.003)
2022-04-08 11:09:26,077:INFO:   Eta: 0:21:03
2022-04-08 11:09:32,773:INFO: Valid: [202][529/530]  Loss -6.5542 (-4.6414)
2022-04-08 11:09:58,319:INFO: Train: [203][2075/2076]  Loss -0.3511 (-1.7560)  Time:  0.177 (0.012)  Data Time:  0.000 (0.002)
2022-04-08 11:09:58,321:INFO:   Eta: 0:19:59
2022-04-08 11:10:05,008:INFO: Valid: [203][529/530]  Loss -6.9816 (-4.8721)
2022-04-08 11:10:31,157:INFO: Train: [204][2075/2076]  Loss -0.4177 (-1.6907)  Time:  0.157 (0.013)  Data Time:  0.002 (0.002)
2022-04-08 11:10:31,157:INFO:   Eta: 0:20:01
2022-04-08 11:10:37,821:INFO: Valid: [204][529/530]  Loss -6.5550 (-4.6299)
2022-04-08 11:11:03,958:INFO: Train: [205][2075/2076]  Loss -0.3548 (-1.7924)  Time:  0.143 (0.013)  Data Time:  0.003 (0.002)
2022-04-08 11:11:03,959:INFO:   Eta: 0:19:35
2022-04-08 11:11:10,529:INFO: Valid: [205][529/530]  Loss -5.9925 (-4.1794)
2022-04-08 11:11:36,451:INFO: Train: [206][2075/2076]  Loss -0.4091 (-1.7022)  Time:  0.175 (0.012)  Data Time:  0.003 (0.002)
2022-04-08 11:11:36,452:INFO:   Eta: 0:18:59
2022-04-08 11:11:43,092:INFO: Valid: [206][529/530]  Loss -6.1957 (-4.3595)
2022-04-08 11:14:05,735:INFO: Test: [206]  ADE: 0.4648  FDE: 0.8426
2022-04-08 11:14:31,013:INFO: Train: [207][2075/2076]  Loss -0.3577 (-1.8017)  Time:  0.160 (0.012)  Data Time:  0.003 (0.002)
2022-04-08 11:14:31,015:INFO:   Eta: 0:18:05
2022-04-08 11:14:37,605:INFO: Valid: [207][529/530]  Loss -5.4144 (-3.8620)
2022-04-08 11:15:03,369:INFO: Train: [208][2075/2076]  Loss -0.3604 (-1.7964)  Time:  0.139 (0.012)  Data Time:  0.002 (0.002)
2022-04-08 11:15:03,371:INFO:   Eta: 0:18:01
2022-04-08 11:15:10,076:INFO: Valid: [208][529/530]  Loss -6.8359 (-4.7780)
2022-04-08 11:15:35,043:INFO: Train: [209][2075/2076]  Loss -0.3472 (-1.6989)  Time:  0.145 (0.012)  Data Time:  0.002 (0.002)
2022-04-08 11:15:35,045:INFO:   Eta: 0:17:02
2022-04-08 11:15:41,652:INFO: Valid: [209][529/530]  Loss -6.4901 (-4.5699)
2022-04-08 11:16:06,173:INFO: Train: [210][2075/2076]  Loss -0.3762 (-1.6964)  Time:  0.115 (0.012)  Data Time:  0.003 (0.002)
2022-04-08 11:16:06,173:INFO:   Eta: 0:16:19
2022-04-08 11:16:13,081:INFO: Valid: [210][529/530]  Loss -5.7495 (-4.0712)
2022-04-08 11:16:37,576:INFO: Train: [211][2075/2076]  Loss -0.4353 (-1.7649)  Time:  0.150 (0.012)  Data Time:  0.002 (0.002)
2022-04-08 11:16:37,580:INFO:   Eta: 0:15:54
2022-04-08 11:16:44,029:INFO: Valid: [211][529/530]  Loss -4.4519 (-3.3284)
2022-04-08 11:17:09,052:INFO: Train: [212][2075/2076]  Loss -0.4006 (-1.7574)  Time:  0.163 (0.012)  Data Time:  0.002 (0.002)
2022-04-08 11:17:09,053:INFO:   Eta: 0:15:50
2022-04-08 11:17:15,731:INFO: Valid: [212][529/530]  Loss -6.5763 (-4.6129)
2022-04-08 11:17:40,995:INFO: Train: [213][2075/2076]  Loss -0.4375 (-1.7871)  Time:  0.176 (0.012)  Data Time:  0.002 (0.002)
2022-04-08 11:17:40,997:INFO:   Eta: 0:15:33
2022-04-08 11:17:47,650:INFO: Valid: [213][529/530]  Loss -6.4015 (-4.4905)
2022-04-08 11:18:13,267:INFO: Train: [214][2075/2076]  Loss -0.3575 (-1.7556)  Time:  0.173 (0.012)  Data Time:  0.002 (0.002)
2022-04-08 11:18:13,268:INFO:   Eta: 0:15:21
2022-04-08 11:18:19,813:INFO: Valid: [214][529/530]  Loss -6.2168 (-4.3962)
2022-04-08 11:18:44,647:INFO: Train: [215][2075/2076]  Loss -0.3899 (-1.7438)  Time:  0.178 (0.012)  Data Time:  0.010 (0.002)
2022-04-08 11:18:44,649:INFO:   Eta: 0:14:28
2022-04-08 11:18:51,298:INFO: Valid: [215][529/530]  Loss -6.0942 (-4.2680)
2022-04-08 11:19:15,352:INFO: Train: [216][2075/2076]  Loss -0.2485 (-1.6863)  Time:  0.171 (0.012)  Data Time:  0.002 (0.002)
2022-04-08 11:19:15,354:INFO:   Eta: 0:13:37
2022-04-08 11:19:21,870:INFO: Valid: [216][529/530]  Loss -7.0047 (-4.9253)
2022-04-08 11:21:44,393:INFO: Test: [216]  ADE: 0.4656  FDE: 0.8594
2022-04-08 11:22:05,246:INFO: Train: [217][2075/2076]  Loss -0.3994 (-1.7749)  Time:  0.134 (0.010)  Data Time:  0.000 (0.001)
2022-04-08 11:22:05,248:INFO:   Eta: 0:11:26
2022-04-08 11:22:11,776:INFO: Valid: [217][529/530]  Loss -6.2322 (-4.3876)
2022-04-08 11:22:32,119:INFO: Train: [218][2075/2076]  Loss -0.3830 (-1.8157)  Time:  0.157 (0.010)  Data Time:  0.001 (0.001)
2022-04-08 11:22:32,120:INFO:   Eta: 0:10:50
2022-04-08 11:22:38,445:INFO: Valid: [218][529/530]  Loss -6.2929 (-4.4882)
2022-04-08 11:22:59,685:INFO: Train: [219][2075/2076]  Loss -0.4226 (-1.6649)  Time:  0.194 (0.010)  Data Time:  0.000 (0.001)
2022-04-08 11:22:59,687:INFO:   Eta: 0:10:36
2022-04-08 11:23:06,325:INFO: Valid: [219][529/530]  Loss -6.6869 (-4.6819)
2022-04-08 11:23:28,229:INFO: Train: [220][2075/2076]  Loss -0.3366 (-1.7014)  Time:  0.173 (0.011)  Data Time:  0.001 (0.001)
2022-04-08 11:23:28,231:INFO:   Eta: 0:10:54
2022-04-08 11:23:35,013:INFO: Valid: [220][529/530]  Loss -6.5558 (-4.6433)
2022-04-08 11:23:55,974:INFO: Train: [221][2075/2076]  Loss -0.3567 (-1.7589)  Time:  0.131 (0.010)  Data Time:  0.000 (0.001)
2022-04-08 11:23:55,975:INFO:   Eta: 0:10:07
2022-04-08 11:24:02,265:INFO: Valid: [221][529/530]  Loss -6.2328 (-4.4118)
2022-04-08 11:24:22,846:INFO: Train: [222][2075/2076]  Loss -0.3168 (-1.7184)  Time:  0.113 (0.010)  Data Time:  0.001 (0.001)
2022-04-08 11:24:22,847:INFO:   Eta: 0:09:35
2022-04-08 11:24:29,153:INFO: Valid: [222][529/530]  Loss -6.4608 (-4.5902)
2022-04-08 11:24:52,032:INFO: Train: [223][2075/2076]  Loss -0.3695 (-1.7075)  Time:  0.142 (0.011)  Data Time:  0.001 (0.001)
2022-04-08 11:24:52,034:INFO:   Eta: 0:10:17
2022-04-08 11:24:58,776:INFO: Valid: [223][529/530]  Loss -4.2504 (-3.1312)
2022-04-08 11:25:21,113:INFO: Train: [224][2075/2076]  Loss -0.4151 (-1.7948)  Time:  0.127 (0.011)  Data Time:  0.000 (0.001)
2022-04-08 11:25:21,114:INFO:   Eta: 0:09:40
2022-04-08 11:25:27,650:INFO: Valid: [224][529/530]  Loss -5.7995 (-4.0723)
2022-04-08 11:25:49,328:INFO: Train: [225][2075/2076]  Loss -0.4639 (-1.7112)  Time:  0.159 (0.010)  Data Time:  0.000 (0.001)
2022-04-08 11:25:49,329:INFO:   Eta: 0:09:01
2022-04-08 11:25:55,691:INFO: Valid: [225][529/530]  Loss -5.1942 (-3.8012)
2022-04-08 11:26:16,949:INFO: Train: [226][2075/2076]  Loss -0.4345 (-1.7956)  Time:  0.121 (0.010)  Data Time:  0.000 (0.001)
2022-04-08 11:26:16,951:INFO:   Eta: 0:08:29
2022-04-08 11:26:23,390:INFO: Valid: [226][529/530]  Loss -6.2013 (-4.3942)
