2022-05-13 04:12:35,308:INFO: batch_size=128
2022-05-13 04:12:35,308:INFO: clip_grad=None
2022-05-13 04:12:35,308:INFO: dataset=univ
2022-05-13 04:12:35,308:INFO: dict_kernel_size=3
2022-05-13 04:12:35,308:INFO: drop=0.0
2022-05-13 04:12:35,308:INFO: gpu_num=4
2022-05-13 04:12:35,308:INFO: ilr=0.02
2022-05-13 04:12:35,309:INFO: init=kmeans
2022-05-13 04:12:35,309:INFO: input_size=2
2022-05-13 04:12:35,309:INFO: kernel_size=3
2022-05-13 04:12:35,309:INFO: log_dir=./runs/9-2xlr
2022-05-13 04:12:35,309:INFO: lr=0.01
2022-05-13 04:12:35,309:INFO: lr_sh_rate=150
2022-05-13 04:12:35,309:INFO: model=social_stgcnn9
2022-05-13 04:12:35,309:INFO: n_stgcnn=1
2022-05-13 04:12:35,309:INFO: n_txpcnn=5
2022-05-13 04:12:35,309:INFO: name=9-2xlr
2022-05-13 04:12:35,309:INFO: num_epochs=250
2022-05-13 04:12:35,309:INFO: obs_seq_len=8
2022-05-13 04:12:35,309:INFO: output_size=5
2022-05-13 04:12:35,309:INFO: pred_seq_len=12
2022-05-13 04:12:35,309:INFO: seed=0
2022-05-13 04:12:35,309:INFO: tag=univ
2022-05-13 04:12:35,309:INFO: use_lrschd=True
2022-05-13 04:12:35,309:INFO: ******************************
2022-05-13 04:12:35,309:INFO: Training initiating....
2022-05-13 04:12:35,309:INFO: Namespace(model='social_stgcnn9', name='9-2xlr', input_size=2, output_size=5, n_stgcnn=1, n_txpcnn=5, kernel_size=3, obs_seq_len=8, pred_seq_len=12, dataset='univ', batch_size=128, num_epochs=250, clip_grad=None, lr=0.01, ilr=0.02, lr_sh_rate=150, use_lrschd=True, tag='univ', log_dir='./runs/9-2xlr', seed=0, gpu_num='4', drop=0.0, init='kmeans', dict_kernel_size=3)
2022-05-13 04:12:35,477:INFO: Initializing train dataset
2022-05-13 04:12:46,876:INFO: batch_size=128
2022-05-13 04:12:46,876:INFO: clip_grad=None
2022-05-13 04:12:46,876:INFO: dataset=univ
2022-05-13 04:12:46,876:INFO: dict_kernel_size=3
2022-05-13 04:12:46,876:INFO: drop=0.0
2022-05-13 04:12:46,876:INFO: gpu_num=4
2022-05-13 04:12:46,876:INFO: ilr=0.02
2022-05-13 04:12:46,876:INFO: init=kmeans
2022-05-13 04:12:46,876:INFO: input_size=2
2022-05-13 04:12:46,876:INFO: kernel_size=3
2022-05-13 04:12:46,876:INFO: log_dir=./runs/9-2xlr
2022-05-13 04:12:46,876:INFO: lr=0.01
2022-05-13 04:12:46,877:INFO: lr_sh_rate=150
2022-05-13 04:12:46,877:INFO: model=social_stgcnn9
2022-05-13 04:12:46,877:INFO: n_stgcnn=1
2022-05-13 04:12:46,877:INFO: n_txpcnn=5
2022-05-13 04:12:46,877:INFO: name=9-2xlr
2022-05-13 04:12:46,877:INFO: num_epochs=250
2022-05-13 04:12:46,877:INFO: obs_seq_len=8
2022-05-13 04:12:46,877:INFO: output_size=5
2022-05-13 04:12:46,877:INFO: pred_seq_len=12
2022-05-13 04:12:46,877:INFO: seed=0
2022-05-13 04:12:46,877:INFO: tag=univ
2022-05-13 04:12:46,877:INFO: use_lrschd=True
2022-05-13 04:12:46,877:INFO: ******************************
2022-05-13 04:12:46,877:INFO: Training initiating....
2022-05-13 04:12:46,877:INFO: Namespace(model='social_stgcnn9', name='9-2xlr', input_size=2, output_size=5, n_stgcnn=1, n_txpcnn=5, kernel_size=3, obs_seq_len=8, pred_seq_len=12, dataset='univ', batch_size=128, num_epochs=250, clip_grad=None, lr=0.01, ilr=0.02, lr_sh_rate=150, use_lrschd=True, tag='univ', log_dir='./runs/9-2xlr', seed=0, gpu_num='4', drop=0.0, init='kmeans', dict_kernel_size=3)
2022-05-13 04:12:47,016:INFO: Initializing train dataset
2022-05-13 04:12:50,809:INFO: Initializing val dataset
2022-05-13 04:13:01,544:INFO: Initializing val dataset
2022-05-13 04:13:32,866:INFO: social_stgcnn9
2022-05-13 04:13:32,868:INFO: 0.01
2022-05-13 04:13:32,868:INFO: 0.01
2022-05-13 04:13:32,868:INFO: 0.01
2022-05-13 04:13:32,868:INFO: 0.02
2022-05-13 04:13:32,868:INFO: Data and model loaded
2022-05-13 04:13:32,868:INFO: Checkpoint dir: ./runs/9-2xlr/univ/checkpoint
2022-05-13 04:13:32,869:INFO: Training started ...
2022-05-13 04:13:34,480:INFO: social_stgcnn9
2022-05-13 04:13:34,481:INFO: 0.01
2022-05-13 04:13:34,481:INFO: 0.01
2022-05-13 04:13:34,481:INFO: 0.01
2022-05-13 04:13:34,481:INFO: 0.02
2022-05-13 04:13:34,482:INFO: Data and model loaded
2022-05-13 04:13:34,482:INFO: Checkpoint dir: ./runs/9-2xlr/univ/checkpoint
2022-05-13 04:13:34,482:INFO: Training started ...
2022-05-13 04:14:41,775:INFO: Train: [0][2075/2076]  Loss 0.2311 (1.5855)  Time:  0.136 (0.033)  Data Time:  0.000 (0.012)
2022-05-13 04:14:41,776:INFO:   Eta: 4:47:01
2022-05-13 04:15:24,121:INFO: Train: [1][2075/2076]  Loss 0.1677 (0.8077)  Time:  0.475 (0.020)  Data Time:  0.023 (0.006)
2022-05-13 04:15:24,122:INFO:   Eta: 2:55:10
2022-05-13 04:16:46,795:INFO: Train: [2][2075/2076]  Loss 0.1535 (0.5471)  Time:  0.460 (0.040)  Data Time:  0.023 (0.017)
2022-05-13 04:16:46,796:INFO:   Eta: 5:41:14
2022-05-13 04:18:07,973:INFO: Train: [3][2075/2076]  Loss 0.1756 (0.4386)  Time:  0.470 (0.039)  Data Time:  0.023 (0.018)
2022-05-13 04:18:07,975:INFO:   Eta: 5:33:44
2022-05-13 04:19:29,626:INFO: Train: [4][2075/2076]  Loss 0.0545 (0.3753)  Time:  0.462 (0.039)  Data Time:  0.022 (0.018)
2022-05-13 04:19:29,628:INFO:   Eta: 5:34:21
2022-05-13 04:20:52,287:INFO: Train: [5][2075/2076]  Loss -0.0008 (0.1903)  Time:  0.442 (0.040)  Data Time:  0.022 (0.018)
2022-05-13 04:20:52,288:INFO:   Eta: 5:37:03
2022-05-13 04:22:14,895:INFO: Train: [6][2075/2076]  Loss 0.0075 (0.0333)  Time:  0.460 (0.040)  Data Time:  0.001 (0.018)
2022-05-13 04:22:14,897:INFO:   Eta: 5:35:26
2022-05-13 04:23:32,775:INFO: Train: [7][2075/2076]  Loss -0.0156 (0.1664)  Time:  0.210 (0.037)  Data Time:  0.000 (0.016)
2022-05-13 04:23:32,776:INFO:   Eta: 5:14:41
2022-05-13 04:24:25,311:INFO: Train: [8][2075/2076]  Loss -0.0884 (-0.0044)  Time:  0.449 (0.025)  Data Time:  0.021 (0.008)
2022-05-13 04:24:25,312:INFO:   Eta: 3:31:26
2022-05-13 04:25:40,831:INFO: Train: [9][2075/2076]  Loss -0.0161 (-0.1551)  Time:  0.454 (0.036)  Data Time:  0.001 (0.016)
2022-05-13 04:25:40,832:INFO:   Eta: 5:02:57
2022-05-13 04:27:03,660:INFO: Train: [10][2075/2076]  Loss -0.0432 (-0.1817)  Time:  0.473 (0.040)  Data Time:  0.021 (0.018)
2022-05-13 04:27:03,662:INFO:   Eta: 5:30:52
2022-05-13 04:28:09,665:INFO: Train: [11][2075/2076]  Loss -0.0234 (-0.2034)  Time:  0.141 (0.032)  Data Time:  0.000 (0.013)
2022-05-13 04:28:09,666:INFO:   Eta: 4:22:32
2022-05-13 04:28:52,559:INFO: Train: [12][2075/2076]  Loss -0.0773 (-0.3131)  Time:  0.471 (0.021)  Data Time:  0.020 (0.005)
2022-05-13 04:28:52,560:INFO:   Eta: 2:49:44
2022-05-13 04:30:10,769:INFO: Train: [13][2075/2076]  Loss -0.0993 (-0.3508)  Time:  0.397 (0.038)  Data Time:  0.020 (0.015)
2022-05-13 04:30:10,771:INFO:   Eta: 5:08:23
2022-05-13 04:31:32,092:INFO: Train: [14][2075/2076]  Loss -0.0701 (-0.3137)  Time:  0.428 (0.039)  Data Time:  0.000 (0.017)
2022-05-13 04:31:32,094:INFO:   Eta: 5:19:17
2022-05-13 04:32:54,523:INFO: Train: [15][2075/2076]  Loss -0.1374 (-0.4144)  Time:  0.445 (0.040)  Data Time:  0.000 (0.018)
2022-05-13 04:32:54,523:INFO:   Eta: 5:22:18
2022-05-13 04:33:48,184:INFO: Train: [16][2075/2076]  Loss -0.0064 (-0.4126)  Time:  0.156 (0.026)  Data Time:  0.001 (0.008)
2022-05-13 04:33:48,184:INFO:   Eta: 3:28:49
2022-05-13 04:34:41,446:INFO: Train: [17][2075/2076]  Loss -0.1066 (-0.4566)  Time:  0.192 (0.026)  Data Time:  0.023 (0.008)
2022-05-13 04:34:41,446:INFO:   Eta: 3:26:12
2022-05-13 04:35:51,124:INFO: Train: [18][2075/2076]  Loss -0.1268 (-0.4487)  Time:  0.466 (0.034)  Data Time:  0.022 (0.013)
2022-05-13 04:35:51,126:INFO:   Eta: 4:29:00
2022-05-13 04:37:14,121:INFO: Train: [19][2075/2076]  Loss -0.1495 (-0.5787)  Time:  0.430 (0.040)  Data Time:  0.018 (0.018)
2022-05-13 04:37:14,122:INFO:   Eta: 5:19:02
2022-05-13 04:38:37,756:INFO: Train: [20][2075/2076]  Loss -0.1193 (-0.4571)  Time:  0.460 (0.040)  Data Time:  0.001 (0.018)
2022-05-13 04:38:37,757:INFO:   Eta: 5:20:13
2022-05-13 04:39:59,563:INFO: Train: [21][2075/2076]  Loss -0.1651 (-0.6079)  Time:  0.450 (0.039)  Data Time:  0.018 (0.017)
2022-05-13 04:39:59,564:INFO:   Eta: 5:11:45
2022-05-13 04:41:22,068:INFO: Train: [22][2075/2076]  Loss -0.0713 (-0.4882)  Time:  0.455 (0.040)  Data Time:  0.020 (0.017)
2022-05-13 04:41:22,070:INFO:   Eta: 5:13:05
2022-05-13 04:41:56,904:INFO: Train: [23][2075/2076]  Loss -0.1365 (-0.5776)  Time:  0.160 (0.017)  Data Time:  0.000 (0.004)
2022-05-13 04:41:56,904:INFO:   Eta: 2:11:20
2022-05-13 04:43:18,509:INFO: Train: [24][2075/2076]  Loss -0.0636 (-0.5934)  Time:  0.471 (0.039)  Data Time:  0.010 (0.016)
2022-05-13 04:43:18,511:INFO:   Eta: 5:06:23
2022-05-13 04:44:45,177:INFO: Train: [25][2075/2076]  Loss -0.1066 (-0.6379)  Time:  0.482 (0.042)  Data Time:  0.021 (0.018)
2022-05-13 04:44:45,179:INFO:   Eta: 5:23:52
2022-05-13 04:46:11,842:INFO: Train: [26][2075/2076]  Loss -0.2199 (-0.6928)  Time:  0.480 (0.042)  Data Time:  0.021 (0.018)
2022-05-13 04:46:11,843:INFO:   Eta: 5:23:08
2022-05-13 04:47:38,931:INFO: Train: [27][2075/2076]  Loss -0.1813 (-0.6913)  Time:  0.460 (0.042)  Data Time:  0.023 (0.018)
2022-05-13 04:47:38,933:INFO:   Eta: 5:23:12
2022-05-13 04:48:58,045:INFO: Train: [28][2075/2076]  Loss -0.1872 (-0.6958)  Time:  0.430 (0.038)  Data Time:  0.006 (0.015)
2022-05-13 04:48:58,046:INFO:   Eta: 4:52:16
2022-05-13 04:50:25,933:INFO: Train: [29][2075/2076]  Loss -0.1689 (-0.6884)  Time:  0.496 (0.042)  Data Time:  0.020 (0.018)
2022-05-13 04:50:25,934:INFO:   Eta: 5:23:14
2022-05-13 04:51:52,478:INFO: Train: [30][2075/2076]  Loss -0.2323 (-0.6694)  Time:  0.488 (0.042)  Data Time:  0.021 (0.018)
2022-05-13 04:51:52,479:INFO:   Eta: 5:16:57
2022-05-13 04:53:19,044:INFO: Train: [31][2075/2076]  Loss -0.1850 (-0.7459)  Time:  0.397 (0.042)  Data Time:  0.015 (0.018)
2022-05-13 04:53:19,045:INFO:   Eta: 5:15:35
2022-05-13 04:54:39,746:INFO: Train: [32][2075/2076]  Loss -0.2091 (-0.8035)  Time:  0.469 (0.039)  Data Time:  0.013 (0.016)
2022-05-13 04:54:39,748:INFO:   Eta: 4:52:46
2022-05-13 04:55:12,303:INFO: Train: [33][2075/2076]  Loss -0.1939 (-0.7079)  Time:  0.139 (0.016)  Data Time:  0.000 (0.004)
2022-05-13 04:55:12,304:INFO:   Eta: 1:57:19
2022-05-13 04:56:03,135:INFO: Train: [34][2075/2076]  Loss -0.1756 (-0.8368)  Time:  0.437 (0.024)  Data Time:  0.001 (0.008)
2022-05-13 04:56:03,137:INFO:   Eta: 3:02:32
2022-05-13 04:57:18,627:INFO: Train: [35][2075/2076]  Loss -0.2233 (-0.8511)  Time:  0.460 (0.036)  Data Time:  0.022 (0.015)
2022-05-13 04:57:18,628:INFO:   Eta: 4:30:06
2022-05-13 04:58:26,262:INFO: Train: [36][2075/2076]  Loss -0.2238 (-0.8530)  Time:  0.457 (0.033)  Data Time:  0.012 (0.012)
2022-05-13 04:58:26,263:INFO:   Eta: 4:00:48
2022-05-13 04:59:43,302:INFO: Train: [37][2075/2076]  Loss -0.2512 (-0.8613)  Time:  0.224 (0.037)  Data Time:  0.016 (0.015)
2022-05-13 04:59:43,303:INFO:   Eta: 4:33:03
2022-05-13 05:00:35,798:INFO: Train: [38][2075/2076]  Loss -0.2232 (-0.9100)  Time:  0.463 (0.025)  Data Time:  0.022 (0.008)
2022-05-13 05:00:35,799:INFO:   Eta: 3:05:04
2022-05-13 05:01:53,619:INFO: Train: [39][2075/2076]  Loss -0.2415 (-0.8769)  Time:  0.486 (0.037)  Data Time:  0.021 (0.016)
2022-05-13 05:01:53,621:INFO:   Eta: 4:33:13
2022-05-13 05:02:54,378:INFO: Train: [40][2075/2076]  Loss -0.2277 (-0.8835)  Time:  0.338 (0.029)  Data Time:  0.000 (0.010)
2022-05-13 05:02:54,379:INFO:   Eta: 3:32:15
2022-05-13 05:03:59,203:INFO: Train: [41][2075/2076]  Loss -0.2114 (-0.8919)  Time:  0.199 (0.031)  Data Time:  0.000 (0.011)
2022-05-13 05:03:59,204:INFO:   Eta: 3:45:17
2022-05-13 05:04:56,940:INFO: Train: [42][2075/2076]  Loss -0.2906 (-0.9276)  Time:  0.214 (0.028)  Data Time:  0.000 (0.009)
2022-05-13 05:04:56,941:INFO:   Eta: 3:19:44
2022-05-13 05:06:00,122:INFO: Train: [43][2075/2076]  Loss -0.2285 (-0.9442)  Time:  0.479 (0.030)  Data Time:  0.022 (0.011)
2022-05-13 05:06:00,123:INFO:   Eta: 3:37:31
2022-05-13 05:07:03,248:INFO: Train: [44][2075/2076]  Loss -0.2520 (-0.9788)  Time:  0.521 (0.030)  Data Time:  0.019 (0.010)
2022-05-13 05:07:03,249:INFO:   Eta: 3:36:19
2022-05-13 05:08:07,457:INFO: Train: [45][2075/2076]  Loss -0.2260 (-0.9997)  Time:  0.466 (0.031)  Data Time:  0.022 (0.011)
2022-05-13 05:08:07,458:INFO:   Eta: 3:39:02
2022-05-13 05:08:36,981:INFO: Train: [46][2075/2076]  Loss -0.2511 (-0.9385)  Time:  0.397 (0.014)  Data Time:  0.020 (0.002)
2022-05-13 05:08:36,982:INFO:   Eta: 1:40:00
2022-05-13 05:10:00,897:INFO: Train: [47][2075/2076]  Loss -0.2475 (-0.9370)  Time:  0.421 (0.040)  Data Time:  0.021 (0.017)
2022-05-13 05:10:00,898:INFO:   Eta: 4:43:31
2022-05-13 05:11:26,926:INFO: Train: [48][2075/2076]  Loss -0.2524 (-1.0574)  Time:  0.470 (0.041)  Data Time:  0.021 (0.018)
2022-05-13 05:11:26,926:INFO:   Eta: 4:49:15
2022-05-13 05:12:51,920:INFO: Train: [49][2075/2076]  Loss -0.1870 (-0.9471)  Time:  0.483 (0.041)  Data Time:  0.023 (0.018)
2022-05-13 05:12:51,920:INFO:   Eta: 4:44:20
2022-05-13 05:14:17,060:INFO: Train: [50][2075/2076]  Loss -0.2368 (-0.9512)  Time:  0.460 (0.041)  Data Time:  0.021 (0.017)
2022-05-13 05:14:17,061:INFO:   Eta: 4:43:21
2022-05-13 05:15:41,088:INFO: Train: [51][2075/2076]  Loss -0.1664 (-0.8946)  Time:  0.490 (0.040)  Data Time:  0.010 (0.018)
2022-05-13 05:15:41,089:INFO:   Eta: 4:38:20
2022-05-13 05:17:05,291:INFO: Train: [52][2075/2076]  Loss -0.2270 (-0.9422)  Time:  0.461 (0.041)  Data Time:  0.017 (0.017)
2022-05-13 05:17:05,292:INFO:   Eta: 4:37:31
2022-05-13 05:18:30,226:INFO: Train: [53][2075/2076]  Loss -0.2397 (-0.9717)  Time:  0.489 (0.041)  Data Time:  0.023 (0.018)
2022-05-13 05:18:30,227:INFO:   Eta: 4:38:29
2022-05-13 05:19:56,330:INFO: Train: [54][2075/2076]  Loss -0.1724 (-1.0367)  Time:  0.507 (0.041)  Data Time:  0.022 (0.018)
2022-05-13 05:19:56,331:INFO:   Eta: 4:40:48
2022-05-13 05:20:57,210:INFO: Train: [55][2075/2076]  Loss -0.2074 (-1.0237)  Time:  0.457 (0.029)  Data Time:  0.023 (0.010)
2022-05-13 05:20:57,212:INFO:   Eta: 3:17:28
2022-05-13 05:21:39,186:INFO: Train: [56][2075/2076]  Loss -0.2598 (-1.0672)  Time:  0.136 (0.020)  Data Time:  0.000 (0.006)
2022-05-13 05:21:39,187:INFO:   Eta: 2:15:18
2022-05-13 05:22:18,061:INFO: Train: [57][2075/2076]  Loss -0.2722 (-1.0732)  Time:  0.156 (0.019)  Data Time:  0.000 (0.005)
2022-05-13 05:22:18,062:INFO:   Eta: 2:04:43
2022-05-13 05:23:17,794:INFO: Train: [58][2075/2076]  Loss -0.2478 (-1.0510)  Time:  0.436 (0.029)  Data Time:  0.000 (0.010)
2022-05-13 05:23:17,795:INFO:   Eta: 3:10:50
2022-05-13 05:24:38,702:INFO: Train: [59][2075/2076]  Loss -0.2059 (-1.1337)  Time:  0.458 (0.039)  Data Time:  0.021 (0.017)
2022-05-13 05:24:38,703:INFO:   Eta: 4:17:12
2022-05-13 05:26:01,047:INFO: Train: [60][2075/2076]  Loss -0.2770 (-1.1114)  Time:  0.430 (0.040)  Data Time:  0.008 (0.018)
2022-05-13 05:26:01,048:INFO:   Eta: 4:20:20
2022-05-13 05:27:24,965:INFO: Train: [61][2075/2076]  Loss -0.3084 (-1.0408)  Time:  0.503 (0.040)  Data Time:  0.023 (0.018)
2022-05-13 05:27:24,966:INFO:   Eta: 4:24:00
2022-05-13 05:28:47,786:INFO: Train: [62][2075/2076]  Loss -0.2413 (-1.0646)  Time:  0.400 (0.040)  Data Time:  0.004 (0.018)
2022-05-13 05:28:47,787:INFO:   Eta: 4:19:07
2022-05-13 05:30:09,335:INFO: Train: [63][2075/2076]  Loss -0.2681 (-1.1273)  Time:  0.428 (0.039)  Data Time:  0.001 (0.017)
2022-05-13 05:30:09,336:INFO:   Eta: 4:13:49
2022-05-13 05:31:24,957:INFO: Train: [64][2075/2076]  Loss -0.2924 (-1.1061)  Time:  0.472 (0.036)  Data Time:  0.020 (0.015)
2022-05-13 05:31:24,958:INFO:   Eta: 3:54:06
2022-05-13 05:32:47,113:INFO: Train: [65][2075/2076]  Loss -0.2154 (-1.1347)  Time:  0.476 (0.040)  Data Time:  0.022 (0.017)
2022-05-13 05:32:47,114:INFO:   Eta: 4:12:58
2022-05-13 05:34:09,839:INFO: Train: [66][2075/2076]  Loss -0.2337 (-1.1494)  Time:  0.500 (0.040)  Data Time:  0.022 (0.017)
2022-05-13 05:34:09,840:INFO:   Eta: 4:13:21
2022-05-13 05:35:31,373:INFO: Train: [67][2075/2076]  Loss -0.2427 (-1.1723)  Time:  0.450 (0.039)  Data Time:  0.003 (0.017)
2022-05-13 05:35:31,374:INFO:   Eta: 4:08:18
2022-05-13 05:36:04,717:INFO: Train: [68][2075/2076]  Loss -0.2910 (-1.1038)  Time:  0.446 (0.016)  Data Time:  0.000 (0.004)
2022-05-13 05:36:04,718:INFO:   Eta: 1:40:47
2022-05-13 05:37:31,243:INFO: Train: [69][2075/2076]  Loss -0.2547 (-1.2253)  Time:  0.510 (0.042)  Data Time:  0.020 (0.018)
2022-05-13 05:37:31,244:INFO:   Eta: 4:20:41
2022-05-13 05:38:53,105:INFO: Train: [70][2075/2076]  Loss -0.1867 (-1.1252)  Time:  0.494 (0.039)  Data Time:  0.021 (0.016)
2022-05-13 05:38:53,107:INFO:   Eta: 4:05:12
2022-05-13 05:40:17,390:INFO: Train: [71][2075/2076]  Loss -0.2670 (-1.1799)  Time:  0.488 (0.041)  Data Time:  0.022 (0.017)
2022-05-13 05:40:17,391:INFO:   Eta: 4:11:05
2022-05-13 05:41:40,920:INFO: Train: [72][2075/2076]  Loss -0.3361 (-1.1634)  Time:  0.374 (0.040)  Data Time:  0.000 (0.017)
2022-05-13 05:41:40,920:INFO:   Eta: 4:07:30
2022-05-13 05:43:05,339:INFO: Train: [73][2075/2076]  Loss -0.2119 (-1.1333)  Time:  0.480 (0.041)  Data Time:  0.022 (0.017)
2022-05-13 05:43:05,340:INFO:   Eta: 4:08:34
2022-05-13 05:44:30,854:INFO: Train: [74][2075/2076]  Loss -0.2476 (-1.1769)  Time:  0.503 (0.041)  Data Time:  0.023 (0.017)
2022-05-13 05:44:30,855:INFO:   Eta: 4:10:25
2022-05-13 05:45:56,485:INFO: Train: [75][2075/2076]  Loss -0.2913 (-1.1997)  Time:  0.463 (0.041)  Data Time:  0.022 (0.017)
2022-05-13 05:45:56,486:INFO:   Eta: 4:09:25
2022-05-13 05:47:22,651:INFO: Train: [76][2075/2076]  Loss -0.2819 (-1.2075)  Time:  0.481 (0.041)  Data Time:  0.023 (0.018)
2022-05-13 05:47:22,653:INFO:   Eta: 4:09:32
2022-05-13 05:48:48,969:INFO: Train: [77][2075/2076]  Loss -0.1825 (-1.2283)  Time:  0.452 (0.042)  Data Time:  0.021 (0.018)
2022-05-13 05:48:48,970:INFO:   Eta: 4:08:29
2022-05-13 05:49:22,824:INFO: Train: [78][2075/2076]  Loss -0.3201 (-1.1292)  Time:  0.236 (0.016)  Data Time:  0.000 (0.004)
2022-05-13 05:49:22,825:INFO:   Eta: 1:36:34
2022-05-13 05:50:42,173:INFO: Train: [79][2075/2076]  Loss -0.1566 (-1.1700)  Time:  0.479 (0.038)  Data Time:  0.023 (0.016)
2022-05-13 05:50:42,174:INFO:   Eta: 3:45:49
2022-05-13 05:52:02,846:INFO: Train: [80][2075/2076]  Loss -0.2643 (-1.1677)  Time:  0.427 (0.039)  Data Time:  0.021 (0.017)
2022-05-13 05:52:02,848:INFO:   Eta: 3:48:13
2022-05-13 05:53:26,094:INFO: Train: [81][2075/2076]  Loss -0.3256 (-1.1837)  Time:  0.428 (0.040)  Data Time:  0.021 (0.018)
2022-05-13 05:53:26,095:INFO:   Eta: 3:54:07
2022-05-13 05:54:45,532:INFO: Train: [82][2075/2076]  Loss -0.3720 (-1.2182)  Time:  0.325 (0.038)  Data Time:  0.023 (0.016)
2022-05-13 05:54:45,533:INFO:   Eta: 3:42:07
2022-05-13 05:56:06,855:INFO: Train: [83][2075/2076]  Loss -0.3134 (-1.2766)  Time:  0.476 (0.039)  Data Time:  0.021 (0.017)
2022-05-13 05:56:06,856:INFO:   Eta: 3:46:01
2022-05-13 05:57:31,054:INFO: Train: [84][2075/2076]  Loss -0.2798 (-1.2149)  Time:  0.471 (0.041)  Data Time:  0.023 (0.018)
2022-05-13 05:57:31,056:INFO:   Eta: 3:52:39
2022-05-13 05:58:53,484:INFO: Train: [85][2075/2076]  Loss -0.2512 (-1.3235)  Time:  0.466 (0.040)  Data Time:  0.011 (0.018)
2022-05-13 05:58:53,485:INFO:   Eta: 3:46:20
2022-05-13 06:00:17,851:INFO: Train: [86][2075/2076]  Loss -0.1996 (-1.1275)  Time:  0.469 (0.041)  Data Time:  0.001 (0.018)
2022-05-13 06:00:17,852:INFO:   Eta: 3:50:05
2022-05-13 06:01:41,584:INFO: Train: [87][2075/2076]  Loss -0.1703 (-1.2763)  Time:  0.438 (0.040)  Data Time:  0.022 (0.018)
2022-05-13 06:01:41,585:INFO:   Eta: 3:46:47
2022-05-13 06:02:49,879:INFO: Train: [88][2075/2076]  Loss -0.3634 (-1.1947)  Time:  0.145 (0.033)  Data Time:  0.000 (0.013)
2022-05-13 06:02:49,909:INFO:   Eta: 3:04:02
2022-05-13 06:03:35,078:INFO: Train: [89][2075/2076]  Loss -0.2799 (-1.3148)  Time:  0.487 (0.022)  Data Time:  0.022 (0.006)
2022-05-13 06:03:35,079:INFO:   Eta: 2:00:51
2022-05-13 06:04:56,999:INFO: Train: [90][2075/2076]  Loss -0.2180 (-1.2326)  Time:  0.433 (0.039)  Data Time:  0.022 (0.017)
2022-05-13 06:04:57,000:INFO:   Eta: 3:38:09
2022-05-13 06:06:15,747:INFO: Train: [91][2075/2076]  Loss -0.2274 (-1.3072)  Time:  0.472 (0.038)  Data Time:  0.023 (0.016)
2022-05-13 06:06:15,748:INFO:   Eta: 3:28:22
2022-05-13 06:07:39,972:INFO: Train: [92][2075/2076]  Loss -0.3025 (-1.2084)  Time:  0.461 (0.041)  Data Time:  0.022 (0.018)
2022-05-13 06:07:39,974:INFO:   Eta: 3:41:27
2022-05-13 06:09:03,512:INFO: Train: [93][2075/2076]  Loss -0.3169 (-1.3364)  Time:  0.479 (0.040)  Data Time:  0.020 (0.018)
2022-05-13 06:09:03,513:INFO:   Eta: 3:38:17
2022-05-13 06:10:21,504:INFO: Train: [94][2075/2076]  Loss -0.2436 (-1.2664)  Time:  0.448 (0.038)  Data Time:  0.020 (0.016)
2022-05-13 06:10:21,505:INFO:   Eta: 3:22:26
2022-05-13 06:11:44,735:INFO: Train: [95][2075/2076]  Loss -0.2229 (-1.2727)  Time:  0.462 (0.040)  Data Time:  0.022 (0.017)
2022-05-13 06:11:44,736:INFO:   Eta: 3:34:45
2022-05-13 06:13:08,406:INFO: Train: [96][2075/2076]  Loss -0.3361 (-1.2721)  Time:  0.446 (0.040)  Data Time:  0.021 (0.018)
2022-05-13 06:13:08,407:INFO:   Eta: 3:34:29
2022-05-13 06:14:30,838:INFO: Train: [97][2075/2076]  Loss -0.3319 (-1.2982)  Time:  0.480 (0.040)  Data Time:  0.020 (0.018)
2022-05-13 06:14:30,839:INFO:   Eta: 3:29:49
2022-05-13 06:15:54,125:INFO: Train: [98][2075/2076]  Loss -0.3360 (-1.2950)  Time:  0.470 (0.040)  Data Time:  0.022 (0.018)
2022-05-13 06:15:54,126:INFO:   Eta: 3:30:41
2022-05-13 06:16:33,116:INFO: Train: [99][2075/2076]  Loss -0.2675 (-1.2779)  Time:  0.150 (0.019)  Data Time:  0.000 (0.006)
2022-05-13 06:16:33,117:INFO:   Eta: 1:37:46
2022-05-13 06:17:42,576:INFO: Train: [100][2075/2076]  Loss -0.2999 (-1.3814)  Time:  0.432 (0.033)  Data Time:  0.022 (0.014)
2022-05-13 06:17:42,577:INFO:   Eta: 2:53:22
2022-05-13 06:18:40,275:INFO: Train: [101][2075/2076]  Loss -0.3542 (-1.2413)  Time:  0.173 (0.028)  Data Time:  0.000 (0.010)
2022-05-13 06:18:40,277:INFO:   Eta: 2:22:59
2022-05-13 06:19:31,137:INFO: Train: [102][2075/2076]  Loss -0.2522 (-1.2549)  Time:  0.341 (0.024)  Data Time:  0.023 (0.007)
2022-05-13 06:19:31,138:INFO:   Eta: 2:04:51
2022-05-13 06:20:19,140:INFO: Train: [103][2075/2076]  Loss -0.3139 (-1.3523)  Time:  0.232 (0.023)  Data Time:  0.021 (0.006)
2022-05-13 06:20:19,141:INFO:   Eta: 1:57:15
2022-05-13 06:21:09,923:INFO: Train: [104][2075/2076]  Loss -0.3140 (-1.3545)  Time:  0.214 (0.024)  Data Time:  0.000 (0.006)
2022-05-13 06:21:09,924:INFO:   Eta: 2:03:20
2022-05-13 06:22:31,611:INFO: Train: [105][2075/2076]  Loss -0.2824 (-1.1830)  Time:  0.447 (0.039)  Data Time:  0.021 (0.017)
2022-05-13 06:22:31,613:INFO:   Eta: 3:17:10
2022-05-13 06:23:54,140:INFO: Train: [106][2075/2076]  Loss -0.3266 (-1.3630)  Time:  0.386 (0.040)  Data Time:  0.001 (0.018)
2022-05-13 06:23:54,141:INFO:   Eta: 3:17:46
2022-05-13 06:25:16,750:INFO: Train: [107][2075/2076]  Loss -0.2986 (-1.3529)  Time:  0.487 (0.040)  Data Time:  0.018 (0.017)
2022-05-13 06:25:16,750:INFO:   Eta: 3:16:37
2022-05-13 06:26:40,593:INFO: Train: [108][2075/2076]  Loss -0.2630 (-1.3273)  Time:  0.483 (0.040)  Data Time:  0.021 (0.018)
2022-05-13 06:26:40,595:INFO:   Eta: 3:17:52
2022-05-13 06:28:02,355:INFO: Train: [109][2075/2076]  Loss -0.2631 (-1.4365)  Time:  0.232 (0.039)  Data Time:  0.000 (0.017)
2022-05-13 06:28:02,356:INFO:   Eta: 3:11:36
2022-05-13 06:28:52,187:INFO: Train: [110][2075/2076]  Loss -0.1094 (-1.2432)  Time:  0.453 (0.024)  Data Time:  0.023 (0.007)
2022-05-13 06:28:52,188:INFO:   Eta: 1:55:46
2022-05-13 06:30:03,257:INFO: Train: [111][2075/2076]  Loss -0.3050 (-1.3283)  Time:  0.418 (0.034)  Data Time:  0.021 (0.014)
2022-05-13 06:30:03,258:INFO:   Eta: 2:44:02
2022-05-13 06:30:33,619:INFO: Train: [112][2075/2076]  Loss -0.2714 (-1.3673)  Time:  0.472 (0.014)  Data Time:  0.021 (0.003)
2022-05-13 06:30:33,621:INFO:   Eta: 1:09:12
2022-05-13 06:31:51,010:INFO: Train: [113][2075/2076]  Loss -0.2300 (-1.3761)  Time:  0.492 (0.037)  Data Time:  0.022 (0.016)
2022-05-13 06:31:51,012:INFO:   Eta: 2:56:18
2022-05-13 06:33:13,877:INFO: Train: [114][2075/2076]  Loss -0.3312 (-1.3925)  Time:  0.475 (0.040)  Data Time:  0.023 (0.018)
2022-05-13 06:33:13,878:INFO:   Eta: 3:07:19
2022-05-13 06:34:31,472:INFO: Train: [115][2075/2076]  Loss -0.3958 (-1.3761)  Time:  0.346 (0.037)  Data Time:  0.022 (0.016)
2022-05-13 06:34:31,472:INFO:   Eta: 2:54:05
2022-05-13 06:35:55,622:INFO: Train: [116][2075/2076]  Loss -0.2772 (-1.3181)  Time:  0.509 (0.040)  Data Time:  0.023 (0.018)
2022-05-13 06:35:55,622:INFO:   Eta: 3:07:24
2022-05-13 06:37:19,732:INFO: Train: [117][2075/2076]  Loss -0.2370 (-1.4099)  Time:  0.449 (0.040)  Data Time:  0.000 (0.018)
2022-05-13 06:37:19,732:INFO:   Eta: 3:06:02
2022-05-13 06:38:43,383:INFO: Train: [118][2075/2076]  Loss -0.3486 (-1.3434)  Time:  0.393 (0.040)  Data Time:  0.020 (0.018)
2022-05-13 06:38:43,384:INFO:   Eta: 3:03:32
2022-05-13 06:40:07,879:INFO: Train: [119][2075/2076]  Loss -0.2440 (-1.3568)  Time:  0.479 (0.041)  Data Time:  0.022 (0.018)
2022-05-13 06:40:07,881:INFO:   Eta: 3:03:57
2022-05-13 06:41:30,596:INFO: Train: [120][2075/2076]  Loss -0.3985 (-1.2682)  Time:  0.450 (0.040)  Data Time:  0.023 (0.017)
2022-05-13 06:41:30,597:INFO:   Eta: 2:58:44
2022-05-13 06:42:54,527:INFO: Train: [121][2075/2076]  Loss -0.3051 (-1.3326)  Time:  0.461 (0.040)  Data Time:  0.022 (0.018)
2022-05-13 06:42:54,528:INFO:   Eta: 2:59:58
2022-05-13 06:43:44,071:INFO: Train: [122][2075/2076]  Loss -0.3278 (-1.4273)  Time:  0.145 (0.024)  Data Time:  0.000 (0.008)
2022-05-13 06:43:44,072:INFO:   Eta: 1:45:09
2022-05-13 06:44:44,261:INFO: Train: [123][2075/2076]  Loss -0.3338 (-1.3314)  Time:  0.465 (0.029)  Data Time:  0.001 (0.010)
2022-05-13 06:44:44,262:INFO:   Eta: 2:06:52
2022-05-13 06:46:01,764:INFO: Train: [124][2075/2076]  Loss -0.2850 (-1.3625)  Time:  0.175 (0.037)  Data Time:  0.000 (0.015)
2022-05-13 06:46:01,765:INFO:   Eta: 2:42:14
2022-05-13 06:47:02,620:INFO: Train: [125][2075/2076]  Loss -0.4018 (-1.4781)  Time:  0.209 (0.029)  Data Time:  0.000 (0.010)
2022-05-13 06:47:02,621:INFO:   Eta: 2:06:06
2022-05-13 06:48:12,797:INFO: Train: [126][2075/2076]  Loss -0.2471 (-1.4389)  Time:  0.350 (0.034)  Data Time:  0.005 (0.013)
2022-05-13 06:48:12,798:INFO:   Eta: 2:24:24
2022-05-13 06:49:06,199:INFO: Train: [127][2075/2076]  Loss -0.3503 (-1.3535)  Time:  0.143 (0.026)  Data Time:  0.000 (0.008)
2022-05-13 06:49:06,200:INFO:   Eta: 1:49:03
2022-05-13 06:49:58,524:INFO: Train: [128][2075/2076]  Loss -0.3144 (-1.3228)  Time:  0.445 (0.025)  Data Time:  0.021 (0.007)
2022-05-13 06:49:58,525:INFO:   Eta: 1:45:54
2022-05-13 06:50:50,071:INFO: Train: [129][2075/2076]  Loss -0.2748 (-1.3753)  Time:  0.286 (0.025)  Data Time:  0.020 (0.007)
2022-05-13 06:50:50,072:INFO:   Eta: 1:43:35
2022-05-13 06:51:47,114:INFO: Train: [130][2075/2076]  Loss -0.3534 (-1.4444)  Time:  0.476 (0.027)  Data Time:  0.021 (0.008)
2022-05-13 06:51:47,114:INFO:   Eta: 1:53:42
2022-05-13 06:52:43,846:INFO: Train: [131][2075/2076]  Loss -0.1896 (-1.2346)  Time:  0.338 (0.027)  Data Time:  0.001 (0.009)
2022-05-13 06:52:43,848:INFO:   Eta: 1:52:17
2022-05-13 06:53:37,719:INFO: Train: [132][2075/2076]  Loss -0.2926 (-1.4510)  Time:  0.467 (0.026)  Data Time:  0.022 (0.008)
2022-05-13 06:53:37,720:INFO:   Eta: 1:45:44
2022-05-13 06:54:28,626:INFO: Train: [133][2075/2076]  Loss -0.3056 (-1.4035)  Time:  0.190 (0.024)  Data Time:  0.000 (0.005)
2022-05-13 06:54:28,627:INFO:   Eta: 1:39:02
2022-05-13 06:55:19,822:INFO: Train: [134][2075/2076]  Loss -0.3129 (-1.4698)  Time:  0.199 (0.025)  Data Time:  0.001 (0.008)
2022-05-13 06:55:19,823:INFO:   Eta: 1:38:36
2022-05-13 06:56:12,375:INFO: Train: [135][2075/2076]  Loss -0.4129 (-1.4434)  Time:  0.201 (0.025)  Data Time:  0.000 (0.007)
2022-05-13 06:56:12,377:INFO:   Eta: 1:40:27
2022-05-13 06:56:59,274:INFO: Train: [136][2075/2076]  Loss -0.3027 (-1.3943)  Time:  0.149 (0.023)  Data Time:  0.000 (0.007)
2022-05-13 06:56:59,276:INFO:   Eta: 1:28:49
2022-05-13 06:57:37,213:INFO: Train: [137][2075/2076]  Loss -0.3695 (-1.4601)  Time:  0.468 (0.018)  Data Time:  0.023 (0.005)
2022-05-13 06:57:37,214:INFO:   Eta: 1:11:10
2022-05-13 06:59:02,030:INFO: Train: [138][2075/2076]  Loss -0.3682 (-1.3873)  Time:  0.451 (0.041)  Data Time:  0.022 (0.017)
2022-05-13 06:59:02,031:INFO:   Eta: 2:38:06
2022-05-13 07:00:25,794:INFO: Train: [139][2075/2076]  Loss -0.3681 (-1.4383)  Time:  0.451 (0.040)  Data Time:  0.023 (0.018)
2022-05-13 07:00:25,795:INFO:   Eta: 2:34:43
2022-05-13 07:01:49,260:INFO: Train: [140][2075/2076]  Loss -0.3447 (-1.3978)  Time:  0.501 (0.040)  Data Time:  0.022 (0.017)
2022-05-13 07:01:49,261:INFO:   Eta: 2:32:46
2022-05-13 07:03:10,004:INFO: Train: [141][2075/2076]  Loss -0.3591 (-1.3794)  Time:  0.457 (0.039)  Data Time:  0.020 (0.016)
2022-05-13 07:03:10,005:INFO:   Eta: 2:26:27
2022-05-13 07:04:29,326:INFO: Train: [142][2075/2076]  Loss -0.2287 (-1.4813)  Time:  0.469 (0.038)  Data Time:  0.021 (0.016)
2022-05-13 07:04:29,327:INFO:   Eta: 2:22:32
2022-05-13 07:05:54,035:INFO: Train: [143][2075/2076]  Loss -0.3229 (-1.3498)  Time:  0.475 (0.041)  Data Time:  0.019 (0.018)
2022-05-13 07:05:54,036:INFO:   Eta: 2:30:51
2022-05-13 07:07:11,883:INFO: Train: [144][2075/2076]  Loss -0.3909 (-1.4109)  Time:  0.496 (0.037)  Data Time:  0.021 (0.016)
2022-05-13 07:07:11,885:INFO:   Eta: 2:17:19
2022-05-13 07:08:30,309:INFO: Train: [145][2075/2076]  Loss -0.3410 (-1.4362)  Time:  0.483 (0.038)  Data Time:  0.022 (0.016)
2022-05-13 07:08:30,311:INFO:   Eta: 2:16:59
2022-05-13 07:09:53,882:INFO: Train: [146][2075/2076]  Loss -0.3626 (-1.5036)  Time:  0.475 (0.040)  Data Time:  0.021 (0.017)
2022-05-13 07:09:53,883:INFO:   Eta: 2:24:39
2022-05-13 07:10:31,993:INFO: Train: [147][2075/2076]  Loss -0.3625 (-1.4415)  Time:  0.177 (0.018)  Data Time:  0.000 (0.005)
2022-05-13 07:10:31,993:INFO:   Eta: 1:05:12
2022-05-13 07:11:44,850:INFO: Train: [148][2075/2076]  Loss -0.3407 (-1.4846)  Time:  0.510 (0.035)  Data Time:  0.021 (0.014)
2022-05-13 07:11:44,851:INFO:   Eta: 2:03:39
2022-05-13 07:13:11,021:INFO: Train: [149][2075/2076]  Loss -0.2691 (-1.3751)  Time:  0.484 (0.041)  Data Time:  0.022 (0.018)
2022-05-13 07:13:11,022:INFO:   Eta: 2:24:52
2022-05-13 07:14:35,355:INFO: Train: [150][2075/2076]  Loss -0.3311 (-1.5523)  Time:  0.449 (0.041)  Data Time:  0.020 (0.017)
2022-05-13 07:14:35,356:INFO:   Eta: 2:20:19
2022-05-13 07:16:00,435:INFO: Train: [151][2075/2076]  Loss -0.3074 (-1.6121)  Time:  0.496 (0.041)  Data Time:  0.002 (0.018)
2022-05-13 07:16:00,436:INFO:   Eta: 2:20:11
2022-05-13 07:16:14,163:INFO: Valid: [151][529/530]  Loss -6.5400 (-4.6509)
2022-05-13 07:16:14,228:INFO: Checkpoint saved...
2022-05-13 07:17:40,155:INFO: Train: [152][2075/2076]  Loss -0.3567 (-1.6774)  Time:  0.489 (0.041)  Data Time:  0.021 (0.018)
2022-05-13 07:17:40,156:INFO:   Eta: 2:20:08
2022-05-13 07:17:53,496:INFO: Valid: [152][529/530]  Loss -6.5585 (-4.6849)
2022-05-13 07:17:53,561:INFO: Checkpoint saved...
2022-05-13 07:19:20,146:INFO: Train: [153][2075/2076]  Loss -0.4211 (-1.6505)  Time:  0.487 (0.042)  Data Time:  0.008 (0.018)
2022-05-13 07:19:20,147:INFO:   Eta: 2:19:51
2022-05-13 07:19:33,562:INFO: Valid: [153][529/530]  Loss -6.0622 (-4.3512)
2022-05-13 07:20:58,897:INFO: Train: [154][2075/2076]  Loss -0.3367 (-1.6390)  Time:  0.474 (0.041)  Data Time:  0.001 (0.018)
2022-05-13 07:20:58,898:INFO:   Eta: 2:16:15
2022-05-13 07:21:12,613:INFO: Valid: [154][529/530]  Loss -6.6202 (-4.6828)
2022-05-13 07:21:12,670:INFO: Checkpoint saved...
2022-05-13 07:22:37,620:INFO: Train: [155][2075/2076]  Loss -0.3535 (-1.6036)  Time:  0.233 (0.041)  Data Time:  0.001 (0.018)
2022-05-13 07:22:37,621:INFO:   Eta: 2:14:23
2022-05-13 07:22:51,164:INFO: Valid: [155][529/530]  Loss -5.8520 (-4.2559)
2022-05-13 07:23:41,501:INFO: Train: [156][2075/2076]  Loss -0.4140 (-1.6392)  Time:  0.132 (0.024)  Data Time:  0.000 (0.009)
2022-05-13 07:23:41,502:INFO:   Eta: 1:18:42
2022-05-13 07:23:47,668:INFO: Valid: [156][529/530]  Loss -6.2365 (-4.4639)
2022-05-13 07:25:10,462:INFO: Train: [157][2075/2076]  Loss -0.2694 (-1.6951)  Time:  0.522 (0.040)  Data Time:  0.020 (0.016)
2022-05-13 07:25:10,464:INFO:   Eta: 2:08:09
2022-05-13 07:25:24,462:INFO: Valid: [157][529/530]  Loss -6.5425 (-4.6788)
2022-05-13 07:26:53,985:INFO: Train: [158][2075/2076]  Loss -0.4065 (-1.7053)  Time:  0.459 (0.043)  Data Time:  0.021 (0.018)
2022-05-13 07:26:53,987:INFO:   Eta: 2:17:03
2022-05-13 07:27:07,797:INFO: Valid: [158][529/530]  Loss -5.8754 (-4.1746)
2022-05-13 07:28:37,318:INFO: Train: [159][2075/2076]  Loss -0.3732 (-1.6546)  Time:  0.493 (0.043)  Data Time:  0.021 (0.019)
2022-05-13 07:28:37,320:INFO:   Eta: 2:15:36
2022-05-13 07:28:51,774:INFO: Valid: [159][529/530]  Loss -3.9827 (-3.1655)
2022-05-13 07:30:22,083:INFO: Train: [160][2075/2076]  Loss -0.3652 (-1.7194)  Time:  0.487 (0.043)  Data Time:  0.022 (0.019)
2022-05-13 07:30:22,083:INFO:   Eta: 2:15:16
2022-05-13 07:30:36,115:INFO: Valid: [160][529/530]  Loss -5.8287 (-4.2253)
2022-05-13 07:31:56,937:INFO: Train: [161][2075/2076]  Loss -0.4166 (-1.7060)  Time:  0.196 (0.039)  Data Time:  0.000 (0.016)
2022-05-13 07:31:56,938:INFO:   Eta: 1:59:43
2022-05-13 07:32:08,805:INFO: Valid: [161][529/530]  Loss -5.6269 (-4.0887)
2022-05-13 07:33:11,392:INFO: Train: [162][2075/2076]  Loss -0.3753 (-1.6086)  Time:  0.478 (0.030)  Data Time:  0.018 (0.010)
2022-05-13 07:33:11,393:INFO:   Eta: 1:31:34
2022-05-13 07:33:24,547:INFO: Valid: [162][529/530]  Loss -6.4206 (-4.5861)
2022-05-13 07:34:34,968:INFO: Train: [163][2075/2076]  Loss -0.4089 (-1.7401)  Time:  0.202 (0.034)  Data Time:  0.001 (0.012)
2022-05-13 07:34:34,970:INFO:   Eta: 1:41:57
2022-05-13 07:34:45,464:INFO: Valid: [163][529/530]  Loss -6.0270 (-4.3356)
2022-05-13 07:35:57,952:INFO: Train: [164][2075/2076]  Loss -0.3564 (-1.6221)  Time:  0.503 (0.035)  Data Time:  0.022 (0.013)
2022-05-13 07:35:57,953:INFO:   Eta: 1:43:40
2022-05-13 07:36:11,681:INFO: Valid: [164][529/530]  Loss -6.4483 (-4.5931)
2022-05-13 07:37:16,714:INFO: Train: [165][2075/2076]  Loss -0.4486 (-1.7312)  Time:  0.183 (0.031)  Data Time:  0.000 (0.012)
2022-05-13 07:37:16,714:INFO:   Eta: 1:31:58
2022-05-13 07:37:23,698:INFO: Valid: [165][529/530]  Loss -5.8227 (-4.2298)
2022-05-13 07:37:56,903:INFO: Train: [166][2075/2076]  Loss -0.3579 (-1.7199)  Time:  0.134 (0.016)  Data Time:  0.000 (0.003)
2022-05-13 07:37:56,903:INFO:   Eta: 0:46:20
2022-05-13 07:38:03,023:INFO: Valid: [166][529/530]  Loss -6.4578 (-4.5937)
2022-05-13 07:39:06,730:INFO: Train: [167][2075/2076]  Loss -0.3528 (-1.6137)  Time:  0.394 (0.031)  Data Time:  0.022 (0.012)
2022-05-13 07:39:06,731:INFO:   Eta: 1:27:57
2022-05-13 07:39:19,667:INFO: Valid: [167][529/530]  Loss -5.9960 (-4.3065)
2022-05-13 07:40:41,673:INFO: Train: [168][2075/2076]  Loss -0.3503 (-1.7117)  Time:  0.470 (0.039)  Data Time:  0.022 (0.017)
2022-05-13 07:40:41,674:INFO:   Eta: 1:51:53
2022-05-13 07:40:54,342:INFO: Valid: [168][529/530]  Loss -6.2206 (-4.3910)
2022-05-13 07:42:16,650:INFO: Train: [169][2075/2076]  Loss -0.3960 (-1.6907)  Time:  0.430 (0.039)  Data Time:  0.021 (0.017)
2022-05-13 07:42:16,651:INFO:   Eta: 1:50:41
2022-05-13 07:42:29,052:INFO: Valid: [169][529/530]  Loss -6.0887 (-4.4079)
2022-05-13 07:43:52,784:INFO: Train: [170][2075/2076]  Loss -0.4484 (-1.7417)  Time:  0.448 (0.040)  Data Time:  0.019 (0.018)
2022-05-13 07:43:52,785:INFO:   Eta: 1:51:30
2022-05-13 07:44:06,126:INFO: Valid: [170][529/530]  Loss -5.8417 (-4.1427)
2022-05-13 07:45:30,100:INFO: Train: [171][2075/2076]  Loss -0.4051 (-1.7397)  Time:  0.448 (0.040)  Data Time:  0.001 (0.018)
2022-05-13 07:45:30,101:INFO:   Eta: 1:50:19
2022-05-13 07:45:43,393:INFO: Valid: [171][529/530]  Loss -5.9020 (-4.2446)
2022-05-13 07:47:06,579:INFO: Train: [172][2075/2076]  Loss -0.4036 (-1.7268)  Time:  0.464 (0.040)  Data Time:  0.022 (0.018)
2022-05-13 07:47:06,581:INFO:   Eta: 1:47:59
2022-05-13 07:47:19,319:INFO: Valid: [172][529/530]  Loss -5.6931 (-4.1049)
2022-05-13 07:48:41,457:INFO: Train: [173][2075/2076]  Loss -0.2948 (-1.6386)  Time:  0.464 (0.040)  Data Time:  0.018 (0.017)
2022-05-13 07:48:41,457:INFO:   Eta: 1:45:15
2022-05-13 07:48:54,802:INFO: Valid: [173][529/530]  Loss -6.2158 (-4.4502)
2022-05-13 07:50:17,762:INFO: Train: [174][2075/2076]  Loss -0.3532 (-1.7218)  Time:  0.494 (0.040)  Data Time:  0.021 (0.018)
2022-05-13 07:50:17,763:INFO:   Eta: 1:44:57
2022-05-13 07:50:30,794:INFO: Valid: [174][529/530]  Loss -5.7586 (-4.1386)
2022-05-13 07:51:39,164:INFO: Train: [175][2075/2076]  Loss -0.4048 (-1.7427)  Time:  0.171 (0.033)  Data Time:  0.000 (0.013)
2022-05-13 07:51:39,165:INFO:   Eta: 1:25:20
2022-05-13 07:51:45,078:INFO: Valid: [175][529/530]  Loss -2.1224 (-1.9147)
2022-05-13 07:52:52,448:INFO: Train: [176][2075/2076]  Loss -0.3025 (-1.7492)  Time:  0.537 (0.032)  Data Time:  0.021 (0.013)
2022-05-13 07:52:52,449:INFO:   Eta: 1:22:55
2022-05-13 07:53:05,420:INFO: Valid: [176][529/530]  Loss -6.0426 (-4.3254)
2022-05-13 07:54:28,820:INFO: Train: [177][2075/2076]  Loss -0.4041 (-1.7257)  Time:  0.447 (0.040)  Data Time:  0.022 (0.017)
2022-05-13 07:54:28,821:INFO:   Eta: 1:41:20
2022-05-13 07:54:42,146:INFO: Valid: [177][529/530]  Loss -6.3492 (-4.5215)
2022-05-13 07:56:06,261:INFO: Train: [178][2075/2076]  Loss -0.3178 (-1.6817)  Time:  0.445 (0.040)  Data Time:  0.001 (0.018)
2022-05-13 07:56:06,263:INFO:   Eta: 1:40:46
2022-05-13 07:56:19,473:INFO: Valid: [178][529/530]  Loss -6.3162 (-4.5416)
2022-05-13 07:57:43,969:INFO: Train: [179][2075/2076]  Loss -0.3973 (-1.7463)  Time:  0.475 (0.041)  Data Time:  0.023 (0.018)
2022-05-13 07:57:43,970:INFO:   Eta: 1:39:50
2022-05-13 07:57:57,299:INFO: Valid: [179][529/530]  Loss -6.1748 (-4.3684)
2022-05-13 07:59:20,587:INFO: Train: [180][2075/2076]  Loss -0.3414 (-1.6964)  Time:  0.477 (0.040)  Data Time:  0.022 (0.017)
2022-05-13 07:59:20,588:INFO:   Eta: 1:37:02
2022-05-13 07:59:33,865:INFO: Valid: [180][529/530]  Loss -5.8512 (-4.1462)
2022-05-13 08:00:34,847:INFO: Train: [181][2075/2076]  Loss -0.3026 (-1.6577)  Time:  0.419 (0.029)  Data Time:  0.022 (0.011)
2022-05-13 08:00:34,847:INFO:   Eta: 1:10:00
2022-05-13 08:00:44,616:INFO: Valid: [181][529/530]  Loss -6.0922 (-4.3324)
2022-05-13 08:01:35,746:INFO: Train: [182][2075/2076]  Loss -0.3270 (-1.7523)  Time:  0.168 (0.025)  Data Time:  0.000 (0.008)
2022-05-13 08:01:35,747:INFO:   Eta: 0:57:49
2022-05-13 08:01:46,315:INFO: Valid: [182][529/530]  Loss -5.2503 (-3.7662)
2022-05-13 08:02:56,563:INFO: Train: [183][2075/2076]  Loss -0.3295 (-1.6880)  Time:  0.187 (0.034)  Data Time:  0.000 (0.013)
2022-05-13 08:02:56,564:INFO:   Eta: 1:18:18
2022-05-13 08:03:05,740:INFO: Valid: [183][529/530]  Loss -5.7845 (-4.2016)
2022-05-13 08:03:57,903:INFO: Train: [184][2075/2076]  Loss -0.3573 (-1.6617)  Time:  0.289 (0.025)  Data Time:  0.002 (0.007)
2022-05-13 08:03:57,905:INFO:   Eta: 0:57:16
2022-05-13 08:04:09,808:INFO: Valid: [184][529/530]  Loss -5.1961 (-3.7802)
2022-05-13 08:05:06,727:INFO: Train: [185][2075/2076]  Loss -0.3545 (-1.6962)  Time:  0.197 (0.027)  Data Time:  0.001 (0.009)
2022-05-13 08:05:06,730:INFO:   Eta: 1:01:33
2022-05-13 08:05:12,723:INFO: Valid: [185][529/530]  Loss -5.9148 (-4.1716)
2022-05-13 08:06:02,183:INFO: Train: [186][2075/2076]  Loss -0.3574 (-1.7333)  Time:  0.482 (0.024)  Data Time:  0.001 (0.007)
2022-05-13 08:06:02,184:INFO:   Eta: 0:52:04
2022-05-13 08:06:15,538:INFO: Valid: [186][529/530]  Loss -6.2111 (-4.4390)
2022-05-13 08:07:37,285:INFO: Train: [187][2075/2076]  Loss -0.4456 (-1.7234)  Time:  0.432 (0.039)  Data Time:  0.023 (0.017)
2022-05-13 08:07:37,287:INFO:   Eta: 1:25:42
2022-05-13 08:07:50,068:INFO: Valid: [187][529/530]  Loss -4.6835 (-3.3841)
2022-05-13 08:09:06,398:INFO: Train: [188][2075/2076]  Loss -0.3659 (-1.7368)  Time:  0.464 (0.037)  Data Time:  0.021 (0.015)
2022-05-13 08:09:06,399:INFO:   Eta: 1:18:45
2022-05-13 08:09:17,253:INFO: Valid: [188][529/530]  Loss -5.6272 (-3.9870)
2022-05-13 08:10:29,268:INFO: Train: [189][2075/2076]  Loss -0.3621 (-1.6713)  Time:  0.426 (0.035)  Data Time:  0.003 (0.014)
2022-05-13 08:10:29,269:INFO:   Eta: 1:13:06
2022-05-13 08:10:42,529:INFO: Valid: [189][529/530]  Loss -6.1353 (-4.4122)
2022-05-13 08:12:05,109:INFO: Train: [190][2075/2076]  Loss -0.4044 (-1.7520)  Time:  0.486 (0.040)  Data Time:  0.022 (0.018)
2022-05-13 08:12:05,109:INFO:   Eta: 1:22:26
2022-05-13 08:12:17,947:INFO: Valid: [190][529/530]  Loss -4.7105 (-3.4638)
2022-05-13 08:13:42,280:INFO: Train: [191][2075/2076]  Loss -0.3696 (-1.7293)  Time:  0.468 (0.041)  Data Time:  0.022 (0.018)
2022-05-13 08:13:42,280:INFO:   Eta: 1:22:47
2022-05-13 08:13:55,165:INFO: Valid: [191][529/530]  Loss -4.6514 (-3.4868)
2022-05-13 08:15:17,197:INFO: Train: [192][2075/2076]  Loss -0.4067 (-1.7553)  Time:  0.458 (0.039)  Data Time:  0.020 (0.017)
2022-05-13 08:15:17,198:INFO:   Eta: 1:19:12
2022-05-13 08:15:30,005:INFO: Valid: [192][529/530]  Loss -5.3730 (-3.8307)
2022-05-13 08:16:53,251:INFO: Train: [193][2075/2076]  Loss -0.3866 (-1.7508)  Time:  0.432 (0.040)  Data Time:  0.022 (0.018)
2022-05-13 08:16:53,252:INFO:   Eta: 1:18:59
2022-05-13 08:17:06,237:INFO: Valid: [193][529/530]  Loss -6.4764 (-4.5851)
2022-05-13 08:18:26,273:INFO: Train: [194][2075/2076]  Loss -0.4373 (-1.7789)  Time:  0.488 (0.038)  Data Time:  0.023 (0.017)
2022-05-13 08:18:26,274:INFO:   Eta: 1:14:35
2022-05-13 08:18:38,288:INFO: Valid: [194][529/530]  Loss -5.7663 (-4.1036)
2022-05-13 08:19:08,730:INFO: Train: [195][2075/2076]  Loss -0.3885 (-1.7158)  Time:  0.148 (0.015)  Data Time:  0.000 (0.003)
2022-05-13 08:19:08,731:INFO:   Eta: 0:27:48
2022-05-13 08:19:19,680:INFO: Valid: [195][529/530]  Loss -6.1247 (-4.3233)
2022-05-13 08:20:38,434:INFO: Train: [196][2075/2076]  Loss -0.3481 (-1.7272)  Time:  0.454 (0.038)  Data Time:  0.023 (0.016)
2022-05-13 08:20:38,436:INFO:   Eta: 1:10:46
2022-05-13 08:20:51,373:INFO: Valid: [196][529/530]  Loss -6.1268 (-4.3982)
2022-05-13 08:22:15,013:INFO: Train: [197][2075/2076]  Loss -0.4765 (-1.7659)  Time:  0.490 (0.040)  Data Time:  0.022 (0.018)
2022-05-13 08:22:15,015:INFO:   Eta: 1:13:47
2022-05-13 08:22:28,388:INFO: Valid: [197][529/530]  Loss -5.7803 (-4.1161)
2022-05-13 08:23:50,788:INFO: Train: [198][2075/2076]  Loss -0.3187 (-1.7859)  Time:  0.452 (0.040)  Data Time:  0.022 (0.017)
2022-05-13 08:23:50,789:INFO:   Eta: 1:11:18
2022-05-13 08:24:04,171:INFO: Valid: [198][529/530]  Loss -6.0051 (-4.2421)
2022-05-13 08:25:21,677:INFO: Train: [199][2075/2076]  Loss -0.3462 (-1.7559)  Time:  0.439 (0.037)  Data Time:  0.021 (0.016)
2022-05-13 08:25:21,679:INFO:   Eta: 1:05:44
2022-05-13 08:25:35,014:INFO: Valid: [199][529/530]  Loss -6.4201 (-4.5292)
2022-05-13 08:26:59,046:INFO: Train: [200][2075/2076]  Loss -0.3307 (-1.7276)  Time:  0.436 (0.040)  Data Time:  0.022 (0.018)
2022-05-13 08:26:59,047:INFO:   Eta: 1:09:56
2022-05-13 08:27:12,182:INFO: Valid: [200][529/530]  Loss -6.2413 (-4.4030)
2022-05-13 08:28:33,767:INFO: Train: [201][2075/2076]  Loss -0.4017 (-1.7325)  Time:  0.368 (0.039)  Data Time:  0.002 (0.017)
2022-05-13 08:28:33,768:INFO:   Eta: 1:06:32
2022-05-13 08:28:47,064:INFO: Valid: [201][529/530]  Loss -4.3489 (-3.3799)
2022-05-13 08:30:10,987:INFO: Train: [202][2075/2076]  Loss -0.3198 (-1.6899)  Time:  0.464 (0.040)  Data Time:  0.022 (0.018)
2022-05-13 08:30:10,988:INFO:   Eta: 1:07:03
2022-05-13 08:30:24,331:INFO: Valid: [202][529/530]  Loss -5.9621 (-4.1819)
2022-05-13 08:31:43,930:INFO: Train: [203][2075/2076]  Loss -0.3746 (-1.7432)  Time:  0.411 (0.038)  Data Time:  0.011 (0.016)
2022-05-13 08:31:43,931:INFO:   Eta: 1:02:15
2022-05-13 08:31:57,172:INFO: Valid: [203][529/530]  Loss -5.2915 (-3.7559)
2022-05-13 08:32:37,532:INFO: Train: [204][2075/2076]  Loss -0.3741 (-1.7665)  Time:  0.138 (0.019)  Data Time:  0.000 (0.006)
2022-05-13 08:32:37,546:INFO:   Eta: 0:30:50
2022-05-13 08:32:46,798:INFO: Valid: [204][529/530]  Loss -5.7058 (-4.0905)
2022-05-13 08:34:09,607:INFO: Train: [205][2075/2076]  Loss -0.4054 (-1.6851)  Time:  0.425 (0.040)  Data Time:  0.022 (0.017)
2022-05-13 08:34:09,608:INFO:   Eta: 1:02:01
2022-05-13 08:34:22,514:INFO: Valid: [205][529/530]  Loss -5.9080 (-4.1694)
2022-05-13 08:35:44,614:INFO: Train: [206][2075/2076]  Loss -0.3515 (-1.7647)  Time:  0.408 (0.039)  Data Time:  0.022 (0.017)
2022-05-13 08:35:44,615:INFO:   Eta: 1:00:07
2022-05-13 08:35:57,805:INFO: Valid: [206][529/530]  Loss -5.6322 (-4.0010)
2022-05-13 08:37:18,432:INFO: Train: [207][2075/2076]  Loss -0.4349 (-1.7355)  Time:  0.426 (0.039)  Data Time:  0.022 (0.017)
2022-05-13 08:37:18,432:INFO:   Eta: 0:57:40
2022-05-13 08:37:31,563:INFO: Valid: [207][529/530]  Loss -5.0310 (-3.7143)
2022-05-13 08:38:52,544:INFO: Train: [208][2075/2076]  Loss -0.3543 (-1.7319)  Time:  0.454 (0.039)  Data Time:  0.020 (0.017)
2022-05-13 08:38:52,545:INFO:   Eta: 0:56:36
2022-05-13 08:39:05,379:INFO: Valid: [208][529/530]  Loss -5.9535 (-4.2159)
2022-05-13 08:40:25,767:INFO: Train: [209][2075/2076]  Loss -0.3849 (-1.7368)  Time:  0.453 (0.039)  Data Time:  0.001 (0.017)
2022-05-13 08:40:25,768:INFO:   Eta: 0:54:51
2022-05-13 08:40:38,098:INFO: Valid: [209][529/530]  Loss -6.1493 (-4.3232)
2022-05-13 08:41:58,736:INFO: Train: [210][2075/2076]  Loss -0.4228 (-1.7682)  Time:  0.478 (0.039)  Data Time:  0.021 (0.017)
2022-05-13 08:41:58,738:INFO:   Eta: 0:53:41
2022-05-13 08:42:11,415:INFO: Valid: [210][529/530]  Loss -5.0649 (-3.7612)
2022-05-13 08:43:31,211:INFO: Train: [211][2075/2076]  Loss -0.4418 (-1.7671)  Time:  0.417 (0.038)  Data Time:  0.022 (0.017)
2022-05-13 08:43:31,212:INFO:   Eta: 0:51:45
2022-05-13 08:43:43,766:INFO: Valid: [211][529/530]  Loss -4.8526 (-3.5785)
2022-05-13 08:45:04,055:INFO: Train: [212][2075/2076]  Loss -0.4191 (-1.7564)  Time:  0.429 (0.039)  Data Time:  0.000 (0.017)
2022-05-13 08:45:04,056:INFO:   Eta: 0:50:47
2022-05-13 08:45:16,433:INFO: Valid: [212][529/530]  Loss -5.5472 (-4.0708)
2022-05-13 08:46:36,032:INFO: Train: [213][2075/2076]  Loss -0.3361 (-1.7551)  Time:  0.333 (0.038)  Data Time:  0.002 (0.017)
2022-05-13 08:46:36,032:INFO:   Eta: 0:49:01
2022-05-13 08:46:43,640:INFO: Valid: [213][529/530]  Loss -6.0395 (-4.2311)
2022-05-13 08:47:21,530:INFO: Train: [214][2075/2076]  Loss -0.4320 (-1.7102)  Time:  0.187 (0.018)  Data Time:  0.000 (0.004)
2022-05-13 08:47:21,531:INFO:   Eta: 0:22:36
2022-05-13 08:47:31,766:INFO: Valid: [214][529/530]  Loss -6.3304 (-4.5331)
2022-05-13 08:48:42,826:INFO: Train: [215][2075/2076]  Loss -0.3931 (-1.7846)  Time:  0.395 (0.034)  Data Time:  0.021 (0.014)
2022-05-13 08:48:42,827:INFO:   Eta: 0:41:22
2022-05-13 08:48:55,883:INFO: Valid: [215][529/530]  Loss -6.2099 (-4.4011)
2022-05-13 08:50:16,714:INFO: Train: [216][2075/2076]  Loss -0.3666 (-1.7439)  Time:  0.466 (0.039)  Data Time:  0.022 (0.017)
2022-05-13 08:50:16,715:INFO:   Eta: 0:45:44
2022-05-13 08:50:29,806:INFO: Valid: [216][529/530]  Loss -6.0422 (-4.2693)
2022-05-13 08:51:51,822:INFO: Train: [217][2075/2076]  Loss -0.4230 (-1.7583)  Time:  0.447 (0.039)  Data Time:  0.022 (0.018)
2022-05-13 08:51:51,823:INFO:   Eta: 0:45:02
2022-05-13 08:52:03,255:INFO: Valid: [217][529/530]  Loss -4.1180 (-3.1245)
2022-05-13 08:53:13,202:INFO: Train: [218][2075/2076]  Loss -0.3484 (-1.6336)  Time:  0.448 (0.034)  Data Time:  0.022 (0.013)
2022-05-13 08:53:13,203:INFO:   Eta: 0:37:14
2022-05-13 08:53:26,096:INFO: Valid: [218][529/530]  Loss -5.6459 (-3.9693)
2022-05-13 08:54:46,740:INFO: Train: [219][2075/2076]  Loss -0.4004 (-1.7501)  Time:  0.472 (0.039)  Data Time:  0.022 (0.017)
2022-05-13 08:54:46,741:INFO:   Eta: 0:41:37
2022-05-13 08:54:59,502:INFO: Valid: [219][529/530]  Loss -4.7169 (-3.5666)
2022-05-13 08:56:20,882:INFO: Train: [220][2075/2076]  Loss -0.4298 (-1.6813)  Time:  0.475 (0.039)  Data Time:  0.020 (0.018)
2022-05-13 08:56:20,883:INFO:   Eta: 0:40:38
2022-05-13 08:56:34,034:INFO: Valid: [220][529/530]  Loss -6.5521 (-4.6225)
2022-05-13 08:57:25,885:INFO: Train: [221][2075/2076]  Loss -0.5022 (-1.7697)  Time:  0.179 (0.025)  Data Time:  0.000 (0.008)
2022-05-13 08:57:25,886:INFO:   Eta: 0:25:00
2022-05-13 08:57:34,642:INFO: Valid: [221][529/530]  Loss -5.5044 (-3.9501)
2022-05-13 08:58:27,793:INFO: Train: [222][2075/2076]  Loss -0.4203 (-1.7228)  Time:  0.171 (0.026)  Data Time:  0.021 (0.009)
2022-05-13 08:58:27,794:INFO:   Eta: 0:24:45
2022-05-13 08:58:37,841:INFO: Valid: [222][529/530]  Loss -5.9362 (-4.2523)
2022-05-13 08:59:31,020:INFO: Train: [223][2075/2076]  Loss -0.3870 (-1.7367)  Time:  0.190 (0.026)  Data Time:  0.000 (0.008)
2022-05-13 08:59:31,021:INFO:   Eta: 0:23:52
2022-05-13 08:59:39,849:INFO: Valid: [223][529/530]  Loss -5.3253 (-3.8430)
2022-05-13 09:00:30,701:INFO: Train: [224][2075/2076]  Loss -0.4865 (-1.7859)  Time:  0.156 (0.024)  Data Time:  0.000 (0.007)
2022-05-13 09:00:30,702:INFO:   Eta: 0:21:59
2022-05-13 09:00:36,790:INFO: Valid: [224][529/530]  Loss -4.5613 (-3.4696)
2022-05-13 09:01:31,973:INFO: Train: [225][2075/2076]  Loss -0.3077 (-1.6520)  Time:  0.481 (0.027)  Data Time:  0.022 (0.010)
2022-05-13 09:01:31,974:INFO:   Eta: 0:22:57
2022-05-13 09:01:45,180:INFO: Valid: [225][529/530]  Loss -5.7286 (-4.0349)
2022-05-13 09:03:08,436:INFO: Train: [226][2075/2076]  Loss -0.3823 (-1.7313)  Time:  0.430 (0.040)  Data Time:  0.021 (0.017)
2022-05-13 09:03:08,437:INFO:   Eta: 0:33:14
2022-05-13 09:03:21,295:INFO: Valid: [226][529/530]  Loss -5.2392 (-3.6912)
2022-05-13 09:04:44,129:INFO: Train: [227][2075/2076]  Loss -0.3467 (-1.7574)  Time:  0.487 (0.040)  Data Time:  0.022 (0.018)
2022-05-13 09:04:44,131:INFO:   Eta: 0:31:42
2022-05-13 09:04:57,443:INFO: Valid: [227][529/530]  Loss -5.9560 (-4.2219)
2022-05-13 09:06:20,191:INFO: Train: [228][2075/2076]  Loss -0.3475 (-1.7489)  Time:  0.457 (0.040)  Data Time:  0.021 (0.018)
2022-05-13 09:06:20,193:INFO:   Eta: 0:30:18
2022-05-13 09:06:33,241:INFO: Valid: [228][529/530]  Loss -6.0620 (-4.2783)
2022-05-13 09:07:42,257:INFO: Train: [229][2075/2076]  Loss -0.3948 (-1.7724)  Time:  0.450 (0.033)  Data Time:  0.020 (0.013)
2022-05-13 09:07:42,258:INFO:   Eta: 0:24:06
2022-05-13 09:07:55,325:INFO: Valid: [229][529/530]  Loss -6.3281 (-4.4291)
2022-05-13 09:09:16,895:INFO: Train: [230][2075/2076]  Loss -0.3309 (-1.7739)  Time:  0.330 (0.039)  Data Time:  0.000 (0.017)
2022-05-13 09:09:16,896:INFO:   Eta: 0:27:09
2022-05-13 09:09:29,939:INFO: Valid: [230][529/530]  Loss -6.2204 (-4.3712)
2022-05-13 09:10:22,749:INFO: Train: [231][2075/2076]  Loss -0.3864 (-1.7458)  Time:  0.283 (0.025)  Data Time:  0.000 (0.008)
2022-05-13 09:10:22,750:INFO:   Eta: 0:16:41
2022-05-13 09:10:32,650:INFO: Valid: [231][529/530]  Loss -6.0013 (-4.2103)
2022-05-13 09:11:47,812:INFO: Train: [232][2075/2076]  Loss -0.3626 (-1.7860)  Time:  0.498 (0.036)  Data Time:  0.022 (0.015)
2022-05-13 09:11:47,813:INFO:   Eta: 0:22:31
2022-05-13 09:12:00,348:INFO: Valid: [232][529/530]  Loss -4.8508 (-3.6597)
2022-05-13 09:13:22,483:INFO: Train: [233][2075/2076]  Loss -0.3858 (-1.8070)  Time:  0.437 (0.040)  Data Time:  0.021 (0.018)
2022-05-13 09:13:22,485:INFO:   Eta: 0:23:14
2022-05-13 09:13:35,563:INFO: Valid: [233][529/530]  Loss -6.6765 (-4.7017)
2022-05-13 09:13:35,654:INFO: Checkpoint saved...
2022-05-13 09:14:17,501:INFO: Train: [234][2075/2076]  Loss -0.3596 (-1.7730)  Time:  0.138 (0.020)  Data Time:  0.000 (0.007)
2022-05-13 09:14:17,503:INFO:   Eta: 0:11:08
2022-05-13 09:14:24,902:INFO: Valid: [234][529/530]  Loss -5.0870 (-3.7836)
2022-05-13 09:15:52,905:INFO: Train: [235][2075/2076]  Loss -0.3841 (-1.7704)  Time:  0.504 (0.042)  Data Time:  0.021 (0.018)
2022-05-13 09:15:52,906:INFO:   Eta: 0:21:58
2022-05-13 09:16:07,128:INFO: Valid: [235][529/530]  Loss -6.3830 (-4.5148)
2022-05-13 09:17:29,519:INFO: Train: [236][2075/2076]  Loss -0.3822 (-1.7912)  Time:  0.397 (0.040)  Data Time:  0.022 (0.016)
2022-05-13 09:17:29,521:INFO:   Eta: 0:19:11
2022-05-13 09:17:41,685:INFO: Valid: [236][529/530]  Loss -5.1459 (-3.7499)
2022-05-13 09:18:47,044:INFO: Train: [237][2075/2076]  Loss -0.3025 (-1.7812)  Time:  0.349 (0.031)  Data Time:  0.023 (0.011)
2022-05-13 09:18:47,044:INFO:   Eta: 0:14:08
2022-05-13 09:19:00,725:INFO: Valid: [237][529/530]  Loss -5.2834 (-3.8307)
2022-05-13 09:20:29,058:INFO: Train: [238][2075/2076]  Loss -0.4460 (-1.7735)  Time:  0.472 (0.042)  Data Time:  0.022 (0.018)
2022-05-13 09:20:29,060:INFO:   Eta: 0:17:38
2022-05-13 09:20:43,115:INFO: Valid: [238][529/530]  Loss -5.8795 (-4.1444)
2022-05-13 09:22:13,155:INFO: Train: [239][2075/2076]  Loss -0.4213 (-1.8000)  Time:  0.470 (0.043)  Data Time:  0.022 (0.019)
2022-05-13 09:22:13,156:INFO:   Eta: 0:16:29
2022-05-13 09:22:27,231:INFO: Valid: [239][529/530]  Loss -5.6571 (-4.1104)
2022-05-13 09:23:56,155:INFO: Train: [240][2075/2076]  Loss -0.4191 (-1.7275)  Time:  0.478 (0.043)  Data Time:  0.009 (0.018)
2022-05-13 09:23:56,156:INFO:   Eta: 0:14:48
2022-05-13 09:24:10,163:INFO: Valid: [240][529/530]  Loss -5.9099 (-4.2198)
2022-05-13 09:25:39,612:INFO: Train: [241][2075/2076]  Loss -0.4111 (-1.6618)  Time:  0.444 (0.043)  Data Time:  0.021 (0.019)
2022-05-13 09:25:39,614:INFO:   Eta: 0:13:23
2022-05-13 09:25:53,544:INFO: Valid: [241][529/530]  Loss -5.4875 (-3.9357)
2022-05-13 09:27:22,699:INFO: Train: [242][2075/2076]  Loss -0.4083 (-1.6807)  Time:  0.532 (0.043)  Data Time:  0.022 (0.019)
2022-05-13 09:27:22,700:INFO:   Eta: 0:11:52
2022-05-13 09:27:36,976:INFO: Valid: [242][529/530]  Loss -6.1790 (-4.3879)
2022-05-13 09:28:12,075:INFO: Train: [243][2075/2076]  Loss -0.3443 (-1.7712)  Time:  0.452 (0.017)  Data Time:  0.001 (0.004)
2022-05-13 09:28:12,077:INFO:   Eta: 0:04:04
2022-05-13 09:28:25,309:INFO: Valid: [243][529/530]  Loss -5.3087 (-3.9174)
2022-05-13 09:29:16,871:INFO: Train: [244][2075/2076]  Loss -0.3273 (-1.7029)  Time:  0.376 (0.025)  Data Time:  0.000 (0.009)
2022-05-13 09:29:16,871:INFO:   Eta: 0:05:08
2022-05-13 09:29:26,316:INFO: Valid: [244][529/530]  Loss -5.8040 (-4.1672)
2022-05-13 09:30:22,512:INFO: Train: [245][2075/2076]  Loss -0.3347 (-1.7234)  Time:  0.444 (0.027)  Data Time:  0.000 (0.009)
2022-05-13 09:30:22,513:INFO:   Eta: 0:04:40
2022-05-13 09:30:32,540:INFO: Valid: [245][529/530]  Loss -5.9140 (-4.1928)
2022-05-13 09:31:44,306:INFO: Train: [246][2075/2076]  Loss -0.3491 (-1.7920)  Time:  0.448 (0.035)  Data Time:  0.022 (0.014)
2022-05-13 09:31:44,308:INFO:   Eta: 0:04:46
2022-05-13 09:31:57,113:INFO: Valid: [246][529/530]  Loss -6.4055 (-4.5250)
2022-05-13 09:33:16,857:INFO: Train: [247][2075/2076]  Loss -0.3567 (-1.7388)  Time:  0.503 (0.038)  Data Time:  0.018 (0.017)
2022-05-13 09:33:16,859:INFO:   Eta: 0:03:58
2022-05-13 09:33:29,504:INFO: Valid: [247][529/530]  Loss -5.3286 (-3.9848)
2022-05-13 09:34:36,319:INFO: Train: [248][2075/2076]  Loss -0.4938 (-1.6824)  Time:  0.440 (0.032)  Data Time:  0.001 (0.013)
2022-05-13 09:34:36,320:INFO:   Eta: 0:02:13
2022-05-13 09:34:49,443:INFO: Valid: [248][529/530]  Loss -5.3348 (-3.9527)
2022-05-13 09:36:08,424:INFO: Train: [249][2075/2076]  Loss -0.4370 (-1.8254)  Time:  0.472 (0.038)  Data Time:  0.010 (0.017)
2022-05-13 09:36:08,424:INFO:   Eta: 0:01:18
2022-05-13 09:36:21,525:INFO: Valid: [249][529/530]  Loss -6.0631 (-4.2682)
