2022-03-31 08:54:31,473:INFO: batch_size=128
2022-03-31 08:54:31,473:INFO: clip_grad=None
2022-03-31 08:54:31,473:INFO: dataset=zara1
2022-03-31 08:54:31,473:INFO: gpu_num=0
2022-03-31 08:54:31,473:INFO: input_size=2
2022-03-31 08:54:31,473:INFO: kernel_size=3
2022-03-31 08:54:31,473:INFO: lr=0.01
2022-03-31 08:54:31,474:INFO: lr_sh_rate=150
2022-03-31 08:54:31,474:INFO: model=social_stgcnn1
2022-03-31 08:54:31,474:INFO: n_stgcnn=1
2022-03-31 08:54:31,474:INFO: n_txpcnn=5
2022-03-31 08:54:31,474:INFO: num_epochs=250
2022-03-31 08:54:31,474:INFO: obs_seq_len=8
2022-03-31 08:54:31,474:INFO: output_size=5
2022-03-31 08:54:31,474:INFO: pred_seq_len=12
2022-03-31 08:54:31,474:INFO: seed=0
2022-03-31 08:54:31,474:INFO: tag=zara1
2022-03-31 08:54:31,475:INFO: use_lrschd=True
2022-03-31 08:54:31,475:INFO: ******************************
2022-03-31 08:54:31,475:INFO: Training initiating....
2022-03-31 08:54:31,475:INFO: Namespace(batch_size=128, clip_grad=None, dataset='zara1', gpu_num='0', input_size=2, kernel_size=3, lr=0.01, lr_sh_rate=150, model='social_stgcnn1', n_stgcnn=1, n_txpcnn=5, num_epochs=250, obs_seq_len=8, output_size=5, pred_seq_len=12, seed=0, tag='zara1', use_lrschd=True)
2022-03-31 08:54:31,480:INFO: Initializing train dataset
2022-03-31 08:54:39,535:INFO: Initializing val dataset
2022-03-31 08:54:47,577:INFO: social_stgcnn1
2022-03-31 08:54:47,578:INFO: Data and model loaded
2022-03-31 08:54:47,578:INFO: Checkpoint dir: ./runs/Mar31_08-54-31_node06/zara1/checkpoint
2022-03-31 08:54:47,578:INFO: Training started ...
2022-03-31 08:55:13,682:INFO: Train: [0][2321/2322]  Loss 0.1275 (1.4864)  Time:  0.081 (0.011)  Data Time:  0.005 (0.004)
2022-03-31 08:55:13,683:INFO:   Eta: 1:48:44
2022-03-31 08:55:40,179:INFO: Train: [1][2321/2322]  Loss 0.0776 (0.6067)  Time:  0.096 (0.011)  Data Time:  0.005 (0.005)
2022-03-31 08:55:40,179:INFO:   Eta: 1:49:55
2022-03-31 08:56:06,615:INFO: Train: [2][2321/2322]  Loss 0.0846 (0.4285)  Time:  0.090 (0.011)  Data Time:  0.005 (0.004)
2022-03-31 08:56:06,615:INFO:   Eta: 1:49:13
2022-03-31 08:56:33,426:INFO: Train: [3][2321/2322]  Loss 0.0529 (0.2340)  Time:  0.091 (0.012)  Data Time:  0.005 (0.005)
2022-03-31 08:56:33,427:INFO:   Eta: 1:50:19
2022-03-31 08:57:00,011:INFO: Train: [4][2321/2322]  Loss 0.0326 (0.1457)  Time:  0.083 (0.011)  Data Time:  0.005 (0.005)
2022-03-31 08:57:00,011:INFO:   Eta: 1:48:57
2022-03-31 08:57:25,362:INFO: Train: [5][2321/2322]  Loss -0.0321 (0.0424)  Time:  0.093 (0.011)  Data Time:  0.004 (0.004)
2022-03-31 08:57:25,617:INFO:   Eta: 1:43:28
2022-03-31 08:57:50,593:INFO: Train: [6][2321/2322]  Loss 0.0624 (-0.0588)  Time:  0.066 (0.010)  Data Time:  0.002 (0.004)
2022-03-31 08:57:50,594:INFO:   Eta: 1:33:13
2022-03-31 08:58:05,617:INFO: Test: [6]  ADE: 0.9815  FDE: 1.4432
2022-03-31 08:58:27,302:INFO: Train: [7][2321/2322]  Loss -0.0518 (-0.1850)  Time:  0.081 (0.009)  Data Time:  0.004 (0.003)
2022-03-31 08:58:27,303:INFO:   Eta: 1:27:46
2022-03-31 08:58:51,595:INFO: Train: [8][2321/2322]  Loss -0.0217 (-0.2363)  Time:  0.079 (0.010)  Data Time:  0.004 (0.004)
2022-03-31 08:58:51,596:INFO:   Eta: 1:37:56
2022-03-31 08:59:17,488:INFO: Train: [9][2321/2322]  Loss -0.0170 (-0.1974)  Time:  0.093 (0.011)  Data Time:  0.005 (0.004)
2022-03-31 08:59:17,489:INFO:   Eta: 1:43:57
2022-03-31 08:59:44,597:INFO: Train: [10][2321/2322]  Loss -0.0243 (-0.2978)  Time:  0.088 (0.012)  Data Time:  0.005 (0.005)
2022-03-31 08:59:44,598:INFO:   Eta: 1:48:22
2022-03-31 09:00:11,941:INFO: Train: [11][2321/2322]  Loss -0.0456 (-0.3658)  Time:  0.086 (0.012)  Data Time:  0.004 (0.005)
2022-03-31 09:00:11,941:INFO:   Eta: 1:48:52
2022-03-31 09:00:39,241:INFO: Train: [12][2321/2322]  Loss -0.1078 (-0.4125)  Time:  0.085 (0.012)  Data Time:  0.004 (0.005)
2022-03-31 09:00:39,241:INFO:   Eta: 1:48:14
2022-03-31 09:01:06,288:INFO: Train: [13][2321/2322]  Loss -0.0842 (-0.4552)  Time:  0.080 (0.012)  Data Time:  0.004 (0.005)
2022-03-31 09:01:06,294:INFO:   Eta: 1:46:47
2022-03-31 09:01:33,620:INFO: Train: [14][2321/2322]  Loss -0.0923 (-0.4052)  Time:  0.096 (0.012)  Data Time:  0.005 (0.005)
2022-03-31 09:01:33,621:INFO:   Eta: 1:47:22
2022-03-31 09:02:01,381:INFO: Train: [15][2321/2322]  Loss -0.0630 (-0.4196)  Time:  0.097 (0.012)  Data Time:  0.005 (0.005)
2022-03-31 09:02:01,382:INFO:   Eta: 1:48:40
2022-03-31 09:02:27,695:INFO: Train: [16][2321/2322]  Loss -0.1208 (-0.4370)  Time:  0.084 (0.011)  Data Time:  0.004 (0.004)
2022-03-31 09:02:27,697:INFO:   Eta: 1:42:34
2022-03-31 09:02:45,835:INFO: Test: [16]  ADE: 0.5673  FDE: 0.7595
2022-03-31 09:03:13,105:INFO: Train: [17][2321/2322]  Loss -0.0872 (-0.5256)  Time:  0.089 (0.012)  Data Time:  0.004 (0.004)
2022-03-31 09:03:13,107:INFO:   Eta: 1:45:50
2022-03-31 09:03:36,944:INFO: Train: [18][2321/2322]  Loss -0.0485 (-0.5687)  Time:  0.077 (0.010)  Data Time:  0.003 (0.003)
2022-03-31 09:03:36,945:INFO:   Eta: 1:32:06
2022-03-31 09:04:00,997:INFO: Train: [19][2321/2322]  Loss -0.1448 (-0.6023)  Time:  0.085 (0.010)  Data Time:  0.004 (0.004)
2022-03-31 09:04:00,998:INFO:   Eta: 1:32:33
2022-03-31 09:04:25,422:INFO: Train: [20][2321/2322]  Loss -0.0997 (-0.6153)  Time:  0.080 (0.011)  Data Time:  0.004 (0.004)
2022-03-31 09:04:25,422:INFO:   Eta: 1:33:34
2022-03-31 09:04:51,175:INFO: Train: [21][2321/2322]  Loss -0.0136 (-0.6508)  Time:  0.089 (0.011)  Data Time:  0.005 (0.004)
2022-03-31 09:04:51,194:INFO:   Eta: 1:38:14
2022-03-31 09:05:18,715:INFO: Train: [22][2321/2322]  Loss -0.1099 (-0.7040)  Time:  0.097 (0.012)  Data Time:  0.005 (0.005)
2022-03-31 09:05:18,715:INFO:   Eta: 1:44:31
2022-03-31 09:05:46,185:INFO: Train: [23][2321/2322]  Loss -0.1301 (-0.7374)  Time:  0.097 (0.012)  Data Time:  0.004 (0.004)
2022-03-31 09:05:46,185:INFO:   Eta: 1:43:52
2022-03-31 09:06:14,127:INFO: Train: [24][2321/2322]  Loss -0.1012 (-0.6542)  Time:  0.085 (0.012)  Data Time:  0.004 (0.005)
2022-03-31 09:06:14,128:INFO:   Eta: 1:45:12
2022-03-31 09:06:41,464:INFO: Train: [25][2321/2322]  Loss -0.1150 (-0.7736)  Time:  0.091 (0.012)  Data Time:  0.005 (0.005)
2022-03-31 09:06:41,465:INFO:   Eta: 1:42:27
2022-03-31 09:07:07,202:INFO: Train: [26][2321/2322]  Loss -0.0703 (-0.7853)  Time:  0.078 (0.011)  Data Time:  0.004 (0.004)
2022-03-31 09:07:07,202:INFO:   Eta: 1:36:02
2022-03-31 09:07:24,867:INFO: Test: [26]  ADE: 0.6662  FDE: 0.9396
2022-03-31 09:07:53,128:INFO: Train: [27][2321/2322]  Loss -0.0900 (-0.7381)  Time:  0.096 (0.012)  Data Time:  0.004 (0.005)
2022-03-31 09:07:53,129:INFO:   Eta: 1:44:59
2022-03-31 09:08:20,542:INFO: Train: [28][2321/2322]  Loss -0.1324 (-0.6604)  Time:  0.087 (0.012)  Data Time:  0.005 (0.005)
2022-03-31 09:08:20,542:INFO:   Eta: 1:41:23
2022-03-31 09:08:48,117:INFO: Train: [29][2321/2322]  Loss -0.1224 (-0.7025)  Time:  0.092 (0.012)  Data Time:  0.005 (0.005)
2022-03-31 09:08:48,118:INFO:   Eta: 1:41:31
2022-03-31 09:09:12,221:INFO: Train: [30][2321/2322]  Loss -0.1416 (-0.8622)  Time:  0.104 (0.010)  Data Time:  0.003 (0.004)
2022-03-31 09:09:12,223:INFO:   Eta: 1:28:20
2022-03-31 09:09:36,715:INFO: Train: [31][2321/2322]  Loss -0.1288 (-0.8058)  Time:  0.079 (0.011)  Data Time:  0.004 (0.004)
2022-03-31 09:09:36,716:INFO:   Eta: 1:29:20
2022-03-31 09:10:00,995:INFO: Train: [32][2321/2322]  Loss -0.1269 (-0.9092)  Time:  0.073 (0.010)  Data Time:  0.003 (0.004)
2022-03-31 09:10:00,996:INFO:   Eta: 1:28:10
2022-03-31 09:10:26,240:INFO: Train: [33][2321/2322]  Loss -0.1099 (-0.8807)  Time:  0.090 (0.011)  Data Time:  0.004 (0.004)
2022-03-31 09:10:26,241:INFO:   Eta: 1:31:15
2022-03-31 09:10:53,833:INFO: Train: [34][2321/2322]  Loss -0.0695 (-0.9209)  Time:  0.088 (0.012)  Data Time:  0.005 (0.005)
2022-03-31 09:10:53,834:INFO:   Eta: 1:39:16
2022-03-31 09:11:21,817:INFO: Train: [35][2321/2322]  Loss -0.1237 (-0.9366)  Time:  0.097 (0.012)  Data Time:  0.005 (0.005)
2022-03-31 09:11:21,819:INFO:   Eta: 1:40:14
2022-03-31 09:11:47,582:INFO: Train: [36][2321/2322]  Loss -0.1512 (-0.9975)  Time:  0.075 (0.011)  Data Time:  0.003 (0.004)
2022-03-31 09:11:47,597:INFO:   Eta: 1:31:38
2022-03-31 09:12:05,865:INFO: Test: [36]  ADE: 0.4595  FDE: 0.6396
2022-03-31 09:12:33,123:INFO: Train: [37][2321/2322]  Loss -0.0781 (-0.9770)  Time:  0.093 (0.012)  Data Time:  0.004 (0.005)
2022-03-31 09:12:33,125:INFO:   Eta: 1:36:40
2022-03-31 09:13:00,489:INFO: Train: [38][2321/2322]  Loss -0.1114 (-0.8365)  Time:  0.083 (0.012)  Data Time:  0.004 (0.005)
2022-03-31 09:13:00,511:INFO:   Eta: 1:36:38
2022-03-31 09:13:27,965:INFO: Train: [39][2321/2322]  Loss -0.0914 (-0.9840)  Time:  0.107 (0.012)  Data Time:  0.006 (0.005)
2022-03-31 09:13:27,966:INFO:   Eta: 1:36:28
2022-03-31 09:13:55,788:INFO: Train: [40][2321/2322]  Loss -0.1504 (-0.9192)  Time:  0.093 (0.012)  Data Time:  0.006 (0.005)
2022-03-31 09:13:55,789:INFO:   Eta: 1:37:14
2022-03-31 09:14:23,378:INFO: Train: [41][2321/2322]  Loss -0.1181 (-0.9424)  Time:  0.093 (0.012)  Data Time:  0.003 (0.005)
2022-03-31 09:14:23,379:INFO:   Eta: 1:36:03
2022-03-31 09:14:48,320:INFO: Train: [42][2321/2322]  Loss -0.1332 (-1.0309)  Time:  0.079 (0.011)  Data Time:  0.003 (0.004)
2022-03-31 09:14:48,320:INFO:   Eta: 1:26:24
2022-03-31 09:15:12,198:INFO: Train: [43][2321/2322]  Loss -0.1654 (-0.9359)  Time:  0.082 (0.010)  Data Time:  0.004 (0.004)
2022-03-31 09:15:12,199:INFO:   Eta: 1:22:20
2022-03-31 09:15:36,543:INFO: Train: [44][2321/2322]  Loss -0.1340 (-0.9114)  Time:  0.076 (0.010)  Data Time:  0.004 (0.004)
2022-03-31 09:15:36,544:INFO:   Eta: 1:23:32
2022-03-31 09:16:01,651:INFO: Train: [45][2321/2322]  Loss -0.1429 (-0.9664)  Time:  0.082 (0.011)  Data Time:  0.004 (0.004)
2022-03-31 09:16:01,652:INFO:   Eta: 1:25:44
2022-03-31 09:16:26,801:INFO: Train: [46][2321/2322]  Loss -0.1819 (-0.9280)  Time:  0.084 (0.011)  Data Time:  0.003 (0.004)
2022-03-31 09:16:26,802:INFO:   Eta: 1:25:28
2022-03-31 09:16:45,253:INFO: Test: [46]  ADE: 0.4285  FDE: 0.6292
2022-03-31 09:17:12,954:INFO: Train: [47][2321/2322]  Loss -0.1523 (-1.0356)  Time:  0.093 (0.012)  Data Time:  0.004 (0.005)
2022-03-31 09:17:12,955:INFO:   Eta: 1:33:37
2022-03-31 09:17:41,339:INFO: Train: [48][2321/2322]  Loss -0.1779 (-1.1273)  Time:  0.092 (0.012)  Data Time:  0.006 (0.005)
2022-03-31 09:17:41,340:INFO:   Eta: 1:35:31
2022-03-31 09:18:09,235:INFO: Train: [49][2321/2322]  Loss -0.1489 (-1.0942)  Time:  0.090 (0.012)  Data Time:  0.005 (0.005)
2022-03-31 09:18:09,235:INFO:   Eta: 1:33:23
2022-03-31 09:18:36,706:INFO: Train: [50][2321/2322]  Loss -0.1746 (-1.0655)  Time:  0.085 (0.012)  Data Time:  0.005 (0.005)
2022-03-31 09:18:36,706:INFO:   Eta: 1:31:31
2022-03-31 09:19:04,280:INFO: Train: [51][2321/2322]  Loss -0.1108 (-1.0651)  Time:  0.089 (0.012)  Data Time:  0.004 (0.005)
2022-03-31 09:19:04,281:INFO:   Eta: 1:31:24
2022-03-31 09:19:32,075:INFO: Train: [52][2321/2322]  Loss -0.1677 (-1.0140)  Time:  0.085 (0.012)  Data Time:  0.005 (0.005)
2022-03-31 09:19:32,076:INFO:   Eta: 1:31:41
2022-03-31 09:19:59,784:INFO: Train: [53][2321/2322]  Loss -0.1547 (-1.0360)  Time:  0.088 (0.012)  Data Time:  0.005 (0.005)
2022-03-31 09:19:59,786:INFO:   Eta: 1:30:56
2022-03-31 09:20:25,263:INFO: Train: [54][2321/2322]  Loss -0.1507 (-1.1729)  Time:  0.089 (0.011)  Data Time:  0.005 (0.004)
2022-03-31 09:20:25,265:INFO:   Eta: 1:23:10
2022-03-31 09:20:48,519:INFO: Train: [55][2321/2322]  Loss -0.1140 (-1.1429)  Time:  0.078 (0.010)  Data Time:  0.004 (0.003)
2022-03-31 09:20:48,520:INFO:   Eta: 1:15:29
2022-03-31 09:21:10,338:INFO: Train: [56][2321/2322]  Loss -0.0850 (-1.1324)  Time:  0.073 (0.009)  Data Time:  0.003 (0.003)
2022-03-31 09:21:10,340:INFO:   Eta: 1:10:30
2022-03-31 09:21:28,283:INFO: Test: [56]  ADE: 0.5546  FDE: 0.7816
2022-03-31 09:21:55,673:INFO: Train: [57][2321/2322]  Loss -0.0947 (-1.1362)  Time:  0.094 (0.012)  Data Time:  0.006 (0.004)
2022-03-31 09:21:55,674:INFO:   Eta: 1:28:01
2022-03-31 09:22:23,667:INFO: Train: [58][2321/2322]  Loss -0.1811 (-1.0790)  Time:  0.089 (0.012)  Data Time:  0.004 (0.005)
2022-03-31 09:22:23,668:INFO:   Eta: 1:29:31
2022-03-31 09:22:51,646:INFO: Train: [59][2321/2322]  Loss -0.1899 (-1.1916)  Time:  0.091 (0.012)  Data Time:  0.004 (0.005)
2022-03-31 09:22:51,647:INFO:   Eta: 1:29:01
2022-03-31 09:23:19,879:INFO: Train: [60][2321/2322]  Loss -0.1753 (-1.2217)  Time:  0.090 (0.012)  Data Time:  0.005 (0.005)
2022-03-31 09:23:19,880:INFO:   Eta: 1:29:21
2022-03-31 09:23:47,072:INFO: Train: [61][2321/2322]  Loss -0.0931 (-1.2438)  Time:  0.092 (0.012)  Data Time:  0.005 (0.004)
2022-03-31 09:23:47,073:INFO:   Eta: 1:25:36
2022-03-31 09:24:15,107:INFO: Train: [62][2321/2322]  Loss -0.1493 (-1.1673)  Time:  0.098 (0.012)  Data Time:  0.004 (0.005)
2022-03-31 09:24:15,108:INFO:   Eta: 1:27:48
2022-03-31 09:24:42,855:INFO: Train: [63][2321/2322]  Loss -0.1629 (-1.1985)  Time:  0.092 (0.012)  Data Time:  0.005 (0.005)
2022-03-31 09:24:42,856:INFO:   Eta: 1:26:26
2022-03-31 09:25:10,487:INFO: Train: [64][2321/2322]  Loss -0.1815 (-1.2023)  Time:  0.087 (0.012)  Data Time:  0.004 (0.005)
2022-03-31 09:25:10,487:INFO:   Eta: 1:25:37
2022-03-31 09:25:37,012:INFO: Train: [65][2321/2322]  Loss -0.1298 (-1.3128)  Time:  0.095 (0.011)  Data Time:  0.004 (0.004)
2022-03-31 09:25:37,012:INFO:   Eta: 1:21:45
2022-03-31 09:26:00,581:INFO: Train: [66][2321/2322]  Loss -0.2146 (-1.2195)  Time:  0.081 (0.010)  Data Time:  0.003 (0.003)
2022-03-31 09:26:00,582:INFO:   Eta: 1:12:14
2022-03-31 09:26:18,048:INFO: Test: [66]  ADE: 0.4265  FDE: 0.6447
2022-03-31 09:26:42,392:INFO: Train: [67][2321/2322]  Loss -0.1686 (-1.2998)  Time:  0.084 (0.010)  Data Time:  0.003 (0.004)
2022-03-31 09:26:42,395:INFO:   Eta: 1:14:12
2022-03-31 09:27:07,081:INFO: Train: [68][2321/2322]  Loss -0.1626 (-1.2280)  Time:  0.078 (0.011)  Data Time:  0.003 (0.004)
2022-03-31 09:27:07,083:INFO:   Eta: 1:14:48
2022-03-31 09:27:33,952:INFO: Train: [69][2321/2322]  Loss -0.1548 (-1.2453)  Time:  0.090 (0.012)  Data Time:  0.005 (0.005)
2022-03-31 09:27:33,956:INFO:   Eta: 1:20:59
2022-03-31 09:28:01,378:INFO: Train: [70][2321/2322]  Loss -0.1540 (-1.3211)  Time:  0.087 (0.012)  Data Time:  0.004 (0.005)
2022-03-31 09:28:01,380:INFO:   Eta: 1:22:12
2022-03-31 09:28:28,592:INFO: Train: [71][2321/2322]  Loss -0.1568 (-1.2373)  Time:  0.082 (0.012)  Data Time:  0.005 (0.005)
2022-03-31 09:28:28,594:INFO:   Eta: 1:21:07
2022-03-31 09:28:56,237:INFO: Train: [72][2321/2322]  Loss -0.1735 (-1.1153)  Time:  0.089 (0.012)  Data Time:  0.006 (0.005)
2022-03-31 09:28:56,238:INFO:   Eta: 1:21:58
2022-03-31 09:29:23,903:INFO: Train: [73][2321/2322]  Loss -0.1644 (-1.3190)  Time:  0.096 (0.012)  Data Time:  0.005 (0.005)
2022-03-31 09:29:23,903:INFO:   Eta: 1:21:34
2022-03-31 09:29:51,862:INFO: Train: [74][2321/2322]  Loss -0.1826 (-1.3417)  Time:  0.090 (0.012)  Data Time:  0.004 (0.005)
2022-03-31 09:29:51,863:INFO:   Eta: 1:21:58
2022-03-31 09:30:17,249:INFO: Train: [75][2321/2322]  Loss -0.1952 (-1.1839)  Time:  0.078 (0.011)  Data Time:  0.005 (0.004)
2022-03-31 09:30:17,250:INFO:   Eta: 1:14:00
2022-03-31 09:30:42,445:INFO: Train: [76][2321/2322]  Loss -0.1938 (-1.1950)  Time:  0.108 (0.011)  Data Time:  0.004 (0.004)
2022-03-31 09:30:42,445:INFO:   Eta: 1:13:00
2022-03-31 09:31:00,651:INFO: Test: [76]  ADE: 0.4318  FDE: 0.7108
2022-03-31 09:31:27,859:INFO: Train: [77][2321/2322]  Loss -0.2467 (-1.4390)  Time:  0.088 (0.012)  Data Time:  0.004 (0.005)
2022-03-31 09:31:27,860:INFO:   Eta: 1:18:24
2022-03-31 09:31:51,618:INFO: Train: [78][2321/2322]  Loss -0.1100 (-1.3189)  Time:  0.075 (0.010)  Data Time:  0.003 (0.004)
2022-03-31 09:31:51,618:INFO:   Eta: 1:08:04
2022-03-31 09:32:15,774:INFO: Train: [79][2321/2322]  Loss -0.1443 (-1.2564)  Time:  0.076 (0.010)  Data Time:  0.003 (0.004)
2022-03-31 09:32:15,774:INFO:   Eta: 1:08:48
2022-03-31 09:32:39,107:INFO: Train: [80][2321/2322]  Loss -0.1860 (-1.1968)  Time:  0.095 (0.010)  Data Time:  0.004 (0.003)
2022-03-31 09:32:39,108:INFO:   Eta: 1:06:04
2022-03-31 09:33:04,562:INFO: Train: [81][2321/2322]  Loss -0.1612 (-1.3596)  Time:  0.091 (0.011)  Data Time:  0.005 (0.004)
2022-03-31 09:33:04,563:INFO:   Eta: 1:11:39
2022-03-31 09:33:31,282:INFO: Train: [82][2321/2322]  Loss -0.1889 (-1.2045)  Time:  0.088 (0.012)  Data Time:  0.004 (0.004)
2022-03-31 09:33:31,355:INFO:   Eta: 1:14:46
2022-03-31 09:33:59,123:INFO: Train: [83][2321/2322]  Loss -0.2079 (-1.3955)  Time:  0.086 (0.012)  Data Time:  0.004 (0.005)
2022-03-31 09:33:59,124:INFO:   Eta: 1:17:15
2022-03-31 09:34:26,683:INFO: Train: [84][2321/2322]  Loss -0.2006 (-1.3319)  Time:  0.091 (0.012)  Data Time:  0.003 (0.005)
2022-03-31 09:34:26,684:INFO:   Eta: 1:16:13
2022-03-31 09:34:52,862:INFO: Train: [85][2321/2322]  Loss -0.1734 (-1.4146)  Time:  0.089 (0.011)  Data Time:  0.004 (0.004)
2022-03-31 09:34:52,939:INFO:   Eta: 1:11:56
2022-03-31 09:35:18,345:INFO: Train: [86][2321/2322]  Loss -0.1704 (-1.3697)  Time:  0.086 (0.011)  Data Time:  0.005 (0.004)
2022-03-31 09:35:18,346:INFO:   Eta: 1:08:56
2022-03-31 09:35:36,693:INFO: Test: [86]  ADE: 0.3983  FDE: 0.6660
2022-03-31 09:36:04,388:INFO: Train: [87][2321/2322]  Loss -0.1681 (-1.1248)  Time:  0.090 (0.012)  Data Time:  0.004 (0.005)
2022-03-31 09:36:04,390:INFO:   Eta: 1:15:11
2022-03-31 09:36:31,753:INFO: Train: [88][2321/2322]  Loss -0.1554 (-1.3566)  Time:  0.087 (0.012)  Data Time:  0.003 (0.005)
2022-03-31 09:36:31,753:INFO:   Eta: 1:13:50
2022-03-31 09:36:59,488:INFO: Train: [89][2321/2322]  Loss -0.1937 (-1.3158)  Time:  0.088 (0.012)  Data Time:  0.005 (0.005)
2022-03-31 09:36:59,490:INFO:   Eta: 1:14:23
2022-03-31 09:37:24,429:INFO: Train: [90][2321/2322]  Loss -0.1859 (-1.2394)  Time:  0.071 (0.011)  Data Time:  0.003 (0.004)
2022-03-31 09:37:24,649:INFO:   Eta: 1:06:28
2022-03-31 09:37:49,242:INFO: Train: [91][2321/2322]  Loss -0.1647 (-1.3825)  Time:  0.072 (0.010)  Data Time:  0.003 (0.004)
2022-03-31 09:37:49,266:INFO:   Eta: 1:04:12
2022-03-31 09:38:13,633:INFO: Train: [92][2321/2322]  Loss -0.1677 (-1.3759)  Time:  0.075 (0.010)  Data Time:  0.003 (0.004)
2022-03-31 09:38:13,633:INFO:   Eta: 1:03:54
2022-03-31 09:38:37,525:INFO: Train: [93][2321/2322]  Loss -0.1723 (-1.2778)  Time:  0.093 (0.010)  Data Time:  0.004 (0.003)
2022-03-31 09:38:37,527:INFO:   Eta: 1:02:29
2022-03-31 09:39:05,378:INFO: Train: [94][2321/2322]  Loss -0.1210 (-1.4140)  Time:  0.096 (0.012)  Data Time:  0.004 (0.005)
2022-03-31 09:39:05,380:INFO:   Eta: 1:12:22
2022-03-31 09:39:31,652:INFO: Train: [95][2321/2322]  Loss -0.2049 (-1.3654)  Time:  0.089 (0.011)  Data Time:  0.005 (0.004)
2022-03-31 09:39:31,653:INFO:   Eta: 1:07:50
2022-03-31 09:39:57,929:INFO: Train: [96][2321/2322]  Loss -0.2746 (-1.3446)  Time:  0.094 (0.011)  Data Time:  0.005 (0.004)
2022-03-31 09:39:57,929:INFO:   Eta: 1:07:23
2022-03-31 09:40:16,686:INFO: Test: [96]  ADE: 0.4109  FDE: 0.6303
2022-03-31 09:40:44,214:INFO: Train: [97][2321/2322]  Loss -0.2308 (-1.2348)  Time:  0.087 (0.012)  Data Time:  0.005 (0.004)
2022-03-31 09:40:44,214:INFO:   Eta: 1:10:09
2022-03-31 09:41:11,378:INFO: Train: [98][2321/2322]  Loss -0.2096 (-1.3400)  Time:  0.089 (0.012)  Data Time:  0.004 (0.005)
2022-03-31 09:41:11,378:INFO:   Eta: 1:08:47
2022-03-31 09:41:39,169:INFO: Train: [99][2321/2322]  Loss -0.1873 (-1.4627)  Time:  0.095 (0.012)  Data Time:  0.004 (0.005)
2022-03-31 09:41:39,170:INFO:   Eta: 1:09:54
2022-03-31 09:42:07,058:INFO: Train: [100][2321/2322]  Loss -0.1844 (-1.4253)  Time:  0.086 (0.012)  Data Time:  0.004 (0.005)
2022-03-31 09:42:07,123:INFO:   Eta: 1:09:40
2022-03-31 09:42:34,696:INFO: Train: [101][2321/2322]  Loss -0.2038 (-1.4756)  Time:  0.103 (0.012)  Data Time:  0.005 (0.005)
2022-03-31 09:42:34,713:INFO:   Eta: 1:08:15
2022-03-31 09:43:00,698:INFO: Train: [102][2321/2322]  Loss -0.1833 (-1.4054)  Time:  0.076 (0.011)  Data Time:  0.003 (0.004)
2022-03-31 09:43:00,830:INFO:   Eta: 1:03:32
2022-03-31 09:43:25,387:INFO: Train: [103][2321/2322]  Loss -0.1387 (-1.4890)  Time:  0.081 (0.010)  Data Time:  0.004 (0.004)
2022-03-31 09:43:25,388:INFO:   Eta: 0:59:24
2022-03-31 09:43:49,067:INFO: Train: [104][2321/2322]  Loss -0.1873 (-1.3077)  Time:  0.073 (0.010)  Data Time:  0.003 (0.004)
2022-03-31 09:43:49,067:INFO:   Eta: 0:57:19
2022-03-31 09:44:11,515:INFO: Train: [105][2321/2322]  Loss -0.1974 (-1.5028)  Time:  0.073 (0.010)  Data Time:  0.003 (0.003)
2022-03-31 09:44:11,527:INFO:   Eta: 0:54:13
2022-03-31 09:44:37,397:INFO: Train: [106][2321/2322]  Loss -0.1822 (-1.4745)  Time:  0.093 (0.011)  Data Time:  0.005 (0.004)
2022-03-31 09:44:37,400:INFO:   Eta: 1:01:58
2022-03-31 09:44:56,719:INFO: Test: [106]  ADE: 0.3751  FDE: 0.5731
2022-03-31 09:45:24,043:INFO: Train: [107][2321/2322]  Loss -0.2224 (-1.3914)  Time:  0.101 (0.012)  Data Time:  0.006 (0.005)
2022-03-31 09:45:24,061:INFO:   Eta: 1:04:54
2022-03-31 09:45:51,675:INFO: Train: [108][2321/2322]  Loss -0.1913 (-1.3423)  Time:  0.095 (0.012)  Data Time:  0.005 (0.005)
2022-03-31 09:45:51,713:INFO:   Eta: 1:05:06
2022-03-31 09:46:19,343:INFO: Train: [109][2321/2322]  Loss -0.1999 (-1.4010)  Time:  0.085 (0.012)  Data Time:  0.004 (0.005)
2022-03-31 09:46:19,343:INFO:   Eta: 1:04:41
2022-03-31 09:46:46,961:INFO: Train: [110][2321/2322]  Loss -0.2050 (-1.4815)  Time:  0.091 (0.012)  Data Time:  0.005 (0.005)
2022-03-31 09:46:46,961:INFO:   Eta: 1:04:25
2022-03-31 09:47:14,991:INFO: Train: [111][2321/2322]  Loss -0.2261 (-1.4403)  Time:  0.095 (0.012)  Data Time:  0.005 (0.005)
2022-03-31 09:47:14,992:INFO:   Eta: 1:04:54
2022-03-31 09:47:43,375:INFO: Train: [112][2321/2322]  Loss -0.2034 (-1.3599)  Time:  0.086 (0.012)  Data Time:  0.005 (0.005)
2022-03-31 09:47:43,375:INFO:   Eta: 1:05:15
2022-03-31 09:48:11,091:INFO: Train: [113][2321/2322]  Loss -0.1614 (-1.4469)  Time:  0.098 (0.012)  Data Time:  0.005 (0.005)
2022-03-31 09:48:11,091:INFO:   Eta: 1:03:15
2022-03-31 09:48:37,673:INFO: Train: [114][2321/2322]  Loss -0.1981 (-1.4184)  Time:  0.077 (0.011)  Data Time:  0.001 (0.004)
2022-03-31 09:48:37,674:INFO:   Eta: 1:00:13
2022-03-31 09:48:59,078:INFO: Train: [115][2321/2322]  Loss -0.1897 (-1.4477)  Time:  0.067 (0.009)  Data Time:  0.003 (0.003)
2022-03-31 09:48:59,079:INFO:   Eta: 0:48:08
2022-03-31 09:49:22,206:INFO: Train: [116][2321/2322]  Loss -0.2042 (-1.2496)  Time:  0.088 (0.010)  Data Time:  0.003 (0.004)
2022-03-31 09:49:22,208:INFO:   Eta: 0:51:37
2022-03-31 09:49:39,143:INFO: Test: [116]  ADE: 0.3635  FDE: 0.5666
2022-03-31 09:50:04,511:INFO: Train: [117][2321/2322]  Loss -0.2307 (-1.5172)  Time:  0.093 (0.011)  Data Time:  0.005 (0.004)
2022-03-31 09:50:04,511:INFO:   Eta: 0:56:12
2022-03-31 09:50:32,701:INFO: Train: [118][2321/2322]  Loss -0.2119 (-1.5130)  Time:  0.100 (0.012)  Data Time:  0.005 (0.005)
2022-03-31 09:50:32,702:INFO:   Eta: 1:01:59
2022-03-31 09:51:00,379:INFO: Train: [119][2321/2322]  Loss -0.2295 (-1.1486)  Time:  0.094 (0.012)  Data Time:  0.004 (0.004)
2022-03-31 09:51:00,379:INFO:   Eta: 1:00:24
2022-03-31 09:51:27,659:INFO: Train: [120][2321/2322]  Loss -0.2131 (-1.5263)  Time:  0.090 (0.012)  Data Time:  0.006 (0.004)
2022-03-31 09:51:27,660:INFO:   Eta: 0:59:04
2022-03-31 09:51:55,619:INFO: Train: [121][2321/2322]  Loss -0.1978 (-1.3945)  Time:  0.085 (0.012)  Data Time:  0.004 (0.005)
2022-03-31 09:51:55,620:INFO:   Eta: 1:00:05
2022-03-31 09:52:23,559:INFO: Train: [122][2321/2322]  Loss -0.2014 (-1.5019)  Time:  0.096 (0.012)  Data Time:  0.005 (0.005)
2022-03-31 09:52:23,560:INFO:   Eta: 0:59:34
2022-03-31 09:52:50,915:INFO: Train: [123][2321/2322]  Loss -0.2523 (-1.5231)  Time:  0.088 (0.012)  Data Time:  0.004 (0.004)
2022-03-31 09:52:50,916:INFO:   Eta: 0:57:52
2022-03-31 09:53:18,342:INFO: Train: [124][2321/2322]  Loss -0.1854 (-1.4452)  Time:  0.093 (0.012)  Data Time:  0.005 (0.005)
2022-03-31 09:53:18,342:INFO:   Eta: 0:57:34
2022-03-31 09:53:43,554:INFO: Train: [125][2321/2322]  Loss -0.2555 (-1.4107)  Time:  0.073 (0.011)  Data Time:  0.002 (0.004)
2022-03-31 09:53:43,555:INFO:   Eta: 0:52:30
2022-03-31 09:54:10,153:INFO: Train: [126][2321/2322]  Loss -0.2406 (-1.5620)  Time:  0.073 (0.011)  Data Time:  0.003 (0.004)
2022-03-31 09:54:10,153:INFO:   Eta: 0:54:56
2022-03-31 09:54:27,097:INFO: Test: [126]  ADE: 0.4899  FDE: 0.7487
2022-03-31 09:54:51,114:INFO: Train: [127][2321/2322]  Loss -0.2264 (-1.4679)  Time:  0.076 (0.010)  Data Time:  0.003 (0.004)
2022-03-31 09:54:51,114:INFO:   Eta: 0:49:07
2022-03-31 09:55:16,347:INFO: Train: [128][2321/2322]  Loss -0.2322 (-1.2986)  Time:  0.085 (0.011)  Data Time:  0.003 (0.004)
2022-03-31 09:55:16,348:INFO:   Eta: 0:51:16
2022-03-31 09:55:41,348:INFO: Train: [129][2321/2322]  Loss -0.1831 (-1.5216)  Time:  0.093 (0.011)  Data Time:  0.005 (0.004)
2022-03-31 09:55:41,349:INFO:   Eta: 0:50:23
2022-03-31 09:56:08,767:INFO: Train: [130][2321/2322]  Loss -0.2044 (-1.2420)  Time:  0.095 (0.012)  Data Time:  0.004 (0.004)
2022-03-31 09:56:08,768:INFO:   Eta: 0:54:48
2022-03-31 09:56:36,597:INFO: Train: [131][2321/2322]  Loss -0.1615 (-1.4386)  Time:  0.090 (0.012)  Data Time:  0.005 (0.005)
2022-03-31 09:56:36,597:INFO:   Eta: 0:55:10
2022-03-31 09:57:04,523:INFO: Train: [132][2321/2322]  Loss -0.1907 (-1.5368)  Time:  0.090 (0.012)  Data Time:  0.005 (0.005)
2022-03-31 09:57:04,525:INFO:   Eta: 0:54:53
2022-03-31 09:57:32,440:INFO: Train: [133][2321/2322]  Loss -0.2013 (-1.4756)  Time:  0.092 (0.012)  Data Time:  0.005 (0.005)
2022-03-31 09:57:32,441:INFO:   Eta: 0:54:24
2022-03-31 09:57:59,282:INFO: Train: [134][2321/2322]  Loss -0.1472 (-1.5508)  Time:  0.090 (0.012)  Data Time:  0.004 (0.004)
2022-03-31 09:57:59,283:INFO:   Eta: 0:51:51
2022-03-31 09:58:24,921:INFO: Train: [135][2321/2322]  Loss -0.1651 (-1.5284)  Time:  0.093 (0.011)  Data Time:  0.004 (0.004)
2022-03-31 09:58:24,922:INFO:   Eta: 0:49:06
2022-03-31 09:58:52,572:INFO: Train: [136][2321/2322]  Loss -0.2368 (-1.5679)  Time:  0.090 (0.012)  Data Time:  0.004 (0.005)
2022-03-31 09:58:52,573:INFO:   Eta: 0:52:30
2022-03-31 09:59:11,244:INFO: Test: [136]  ADE: 0.3876  FDE: 0.6403
2022-03-31 09:59:38,949:INFO: Train: [137][2321/2322]  Loss -0.1567 (-1.4746)  Time:  0.092 (0.012)  Data Time:  0.005 (0.005)
2022-03-31 09:59:38,950:INFO:   Eta: 0:52:08
2022-03-31 10:00:04,938:INFO: Train: [138][2321/2322]  Loss -0.1746 (-1.5397)  Time:  0.075 (0.011)  Data Time:  0.003 (0.004)
2022-03-31 10:00:04,938:INFO:   Eta: 0:48:29
2022-03-31 10:00:29,228:INFO: Train: [139][2321/2322]  Loss -0.2173 (-1.5363)  Time:  0.086 (0.010)  Data Time:  0.004 (0.004)
2022-03-31 10:00:29,230:INFO:   Eta: 0:44:54
2022-03-31 10:00:53,835:INFO: Train: [140][2321/2322]  Loss -0.2364 (-1.4885)  Time:  0.089 (0.011)  Data Time:  0.005 (0.004)
2022-03-31 10:00:53,836:INFO:   Eta: 0:45:05
2022-03-31 10:01:18,568:INFO: Train: [141][2321/2322]  Loss -0.2513 (-1.5289)  Time:  0.078 (0.011)  Data Time:  0.004 (0.004)
2022-03-31 10:01:18,568:INFO:   Eta: 0:44:54
2022-03-31 10:01:46,173:INFO: Train: [142][2321/2322]  Loss -0.2068 (-1.5773)  Time:  0.095 (0.012)  Data Time:  0.005 (0.005)
2022-03-31 10:01:46,174:INFO:   Eta: 0:49:40
2022-03-31 10:02:13,646:INFO: Train: [143][2321/2322]  Loss -0.2028 (-1.5270)  Time:  0.081 (0.012)  Data Time:  0.003 (0.005)
2022-03-31 10:02:13,647:INFO:   Eta: 0:48:58
2022-03-31 10:02:39,446:INFO: Train: [144][2321/2322]  Loss -0.1752 (-1.5424)  Time:  0.086 (0.011)  Data Time:  0.003 (0.004)
2022-03-31 10:02:39,446:INFO:   Eta: 0:45:33
2022-03-31 10:03:06,132:INFO: Train: [145][2321/2322]  Loss -0.1314 (-1.4929)  Time:  0.083 (0.011)  Data Time:  0.003 (0.004)
2022-03-31 10:03:06,133:INFO:   Eta: 0:46:09
2022-03-31 10:03:33,596:INFO: Train: [146][2321/2322]  Loss -0.2378 (-1.5682)  Time:  0.088 (0.012)  Data Time:  0.005 (0.004)
2022-03-31 10:03:33,597:INFO:   Eta: 0:47:35
2022-03-31 10:03:51,544:INFO: Test: [146]  ADE: 0.4426  FDE: 0.6862
2022-03-31 10:04:18,468:INFO: Train: [147][2321/2322]  Loss -0.2226 (-1.2808)  Time:  0.082 (0.012)  Data Time:  0.004 (0.004)
2022-03-31 10:04:18,469:INFO:   Eta: 0:46:11
2022-03-31 10:04:46,515:INFO: Train: [148][2321/2322]  Loss -0.1949 (-1.3977)  Time:  0.084 (0.012)  Data Time:  0.004 (0.005)
2022-03-31 10:04:46,516:INFO:   Eta: 0:47:39
2022-03-31 10:05:13,897:INFO: Train: [149][2321/2322]  Loss -0.2180 (-1.3229)  Time:  0.084 (0.012)  Data Time:  0.004 (0.005)
2022-03-31 10:05:13,897:INFO:   Eta: 0:46:04
2022-03-31 10:05:39,072:INFO: Train: [150][2321/2322]  Loss -0.2431 (-1.7080)  Time:  0.085 (0.011)  Data Time:  0.003 (0.004)
2022-03-31 10:05:39,073:INFO:   Eta: 0:41:56
2022-03-31 10:06:02,759:INFO: Train: [151][2321/2322]  Loss -0.2311 (-1.6063)  Time:  0.085 (0.010)  Data Time:  0.004 (0.004)
2022-03-31 10:06:02,760:INFO:   Eta: 0:39:03
2022-03-31 10:06:07,258:INFO: Valid: [151][604/605]  Loss -7.9992 (-4.9628)
2022-03-31 10:06:07,351:INFO: Checkpoint saved...
2022-03-31 10:06:31,731:INFO: Train: [152][2321/2322]  Loss -0.2458 (-1.7350)  Time:  0.082 (0.010)  Data Time:  0.004 (0.004)
2022-03-31 10:06:31,732:INFO:   Eta: 0:39:46
2022-03-31 10:06:36,364:INFO: Valid: [152][604/605]  Loss -7.6887 (-4.7510)
2022-03-31 10:07:00,952:INFO: Train: [153][2321/2322]  Loss -0.2643 (-1.7511)  Time:  0.095 (0.011)  Data Time:  0.005 (0.004)
2022-03-31 10:07:00,953:INFO:   Eta: 0:39:41
2022-03-31 10:07:06,017:INFO: Valid: [153][604/605]  Loss -7.4132 (-4.5512)
2022-03-31 10:07:32,670:INFO: Train: [154][2321/2322]  Loss -0.1914 (-1.6740)  Time:  0.084 (0.011)  Data Time:  0.004 (0.004)
2022-03-31 10:07:32,670:INFO:   Eta: 0:42:35
2022-03-31 10:07:37,403:INFO: Valid: [154][604/605]  Loss -7.7458 (-4.7461)
2022-03-31 10:08:03,239:INFO: Train: [155][2321/2322]  Loss -0.2460 (-1.7293)  Time:  0.102 (0.011)  Data Time:  0.004 (0.004)
2022-03-31 10:08:03,241:INFO:   Eta: 0:40:51
2022-03-31 10:08:08,104:INFO: Valid: [155][604/605]  Loss -8.3198 (-5.1718)
2022-03-31 10:08:08,121:INFO: Checkpoint saved...
2022-03-31 10:08:35,418:INFO: Train: [156][2321/2322]  Loss -0.2621 (-1.5998)  Time:  0.091 (0.012)  Data Time:  0.005 (0.005)
2022-03-31 10:08:35,418:INFO:   Eta: 0:42:44
2022-03-31 10:08:40,067:INFO: Valid: [156][604/605]  Loss -7.2723 (-4.4529)
2022-03-31 10:08:57,897:INFO: Test: [156]  ADE: 0.4501  FDE: 0.7077
2022-03-31 10:09:25,982:INFO: Train: [157][2321/2322]  Loss -0.2157 (-1.5493)  Time:  0.080 (0.012)  Data Time:  0.004 (0.005)
2022-03-31 10:09:25,983:INFO:   Eta: 0:43:30
2022-03-31 10:09:31,350:INFO: Valid: [157][604/605]  Loss -8.2752 (-5.1482)
2022-03-31 10:09:59,112:INFO: Train: [158][2321/2322]  Loss -0.2559 (-1.5862)  Time:  0.086 (0.012)  Data Time:  0.004 (0.005)
2022-03-31 10:09:59,113:INFO:   Eta: 0:42:30
2022-03-31 10:10:04,175:INFO: Valid: [158][604/605]  Loss -8.3573 (-5.1699)
2022-03-31 10:10:04,193:INFO: Checkpoint saved...
2022-03-31 10:10:31,361:INFO: Train: [159][2321/2322]  Loss -0.2455 (-1.7327)  Time:  0.087 (0.012)  Data Time:  0.006 (0.004)
2022-03-31 10:10:31,362:INFO:   Eta: 0:41:10
2022-03-31 10:10:36,412:INFO: Valid: [159][604/605]  Loss -8.2230 (-5.0746)
2022-03-31 10:11:03,600:INFO: Train: [160][2321/2322]  Loss -0.2219 (-1.7660)  Time:  0.086 (0.012)  Data Time:  0.004 (0.004)
2022-03-31 10:11:03,600:INFO:   Eta: 0:40:43
2022-03-31 10:11:08,431:INFO: Valid: [160][604/605]  Loss -8.5001 (-5.3105)
2022-03-31 10:11:08,447:INFO: Checkpoint saved...
2022-03-31 10:11:32,215:INFO: Train: [161][2321/2322]  Loss -0.2505 (-1.6333)  Time:  0.082 (0.010)  Data Time:  0.003 (0.003)
2022-03-31 10:11:32,216:INFO:   Eta: 0:35:13
2022-03-31 10:11:36,888:INFO: Valid: [161][604/605]  Loss -8.3562 (-5.1689)
2022-03-31 10:12:00,778:INFO: Train: [162][2321/2322]  Loss -0.2285 (-1.7143)  Time:  0.090 (0.010)  Data Time:  0.004 (0.004)
2022-03-31 10:12:00,778:INFO:   Eta: 0:34:59
2022-03-31 10:12:05,661:INFO: Valid: [162][604/605]  Loss -8.2227 (-5.0618)
2022-03-31 10:12:30,427:INFO: Train: [163][2321/2322]  Loss -0.2535 (-1.7268)  Time:  0.088 (0.011)  Data Time:  0.004 (0.004)
2022-03-31 10:12:30,428:INFO:   Eta: 0:35:51
2022-03-31 10:12:39,198:INFO: Valid: [163][604/605]  Loss -8.2533 (-5.1292)
2022-03-31 10:13:04,454:INFO: Train: [164][2321/2322]  Loss -0.2745 (-1.7433)  Time:  0.082 (0.011)  Data Time:  0.003 (0.004)
2022-03-31 10:13:04,455:INFO:   Eta: 0:36:09
2022-03-31 10:13:09,113:INFO: Valid: [164][604/605]  Loss -7.3804 (-4.4634)
2022-03-31 10:13:36,533:INFO: Train: [165][2321/2322]  Loss -0.1921 (-1.6102)  Time:  0.094 (0.012)  Data Time:  0.006 (0.005)
2022-03-31 10:13:36,534:INFO:   Eta: 0:38:48
2022-03-31 10:13:41,216:INFO: Valid: [165][604/605]  Loss -8.4038 (-5.2052)
2022-03-31 10:14:08,271:INFO: Train: [166][2321/2322]  Loss -0.2206 (-1.7701)  Time:  0.085 (0.012)  Data Time:  0.005 (0.005)
2022-03-31 10:14:08,272:INFO:   Eta: 0:37:50
2022-03-31 10:14:13,142:INFO: Valid: [166][604/605]  Loss -8.5343 (-5.3181)
2022-03-31 10:14:13,166:INFO: Checkpoint saved...
2022-03-31 10:14:31,071:INFO: Test: [166]  ADE: 0.3699  FDE: 0.5898
2022-03-31 10:14:58,438:INFO: Train: [167][2321/2322]  Loss -0.2043 (-1.6714)  Time:  0.085 (0.012)  Data Time:  0.005 (0.005)
2022-03-31 10:14:58,438:INFO:   Eta: 0:37:50
2022-03-31 10:15:03,127:INFO: Valid: [167][604/605]  Loss -8.4661 (-5.2431)
2022-03-31 10:15:30,180:INFO: Train: [168][2321/2322]  Loss -0.2272 (-1.7217)  Time:  0.087 (0.012)  Data Time:  0.005 (0.005)
2022-03-31 10:15:30,181:INFO:   Eta: 0:36:56
2022-03-31 10:15:35,200:INFO: Valid: [168][604/605]  Loss -8.0967 (-5.0144)
2022-03-31 10:16:02,519:INFO: Train: [169][2321/2322]  Loss -0.2335 (-1.7760)  Time:  0.080 (0.012)  Data Time:  0.004 (0.005)
2022-03-31 10:16:02,519:INFO:   Eta: 0:36:50
2022-03-31 10:16:07,602:INFO: Valid: [169][604/605]  Loss -8.0772 (-4.9732)
2022-03-31 10:16:35,385:INFO: Train: [170][2321/2322]  Loss -0.2572 (-1.6022)  Time:  0.094 (0.012)  Data Time:  0.005 (0.005)
2022-03-31 10:16:35,386:INFO:   Eta: 0:37:00
2022-03-31 10:16:40,506:INFO: Valid: [170][604/605]  Loss -8.5851 (-5.3761)
2022-03-31 10:16:40,521:INFO: Checkpoint saved...
2022-03-31 10:17:04,290:INFO: Train: [171][2321/2322]  Loss -0.2282 (-1.7036)  Time:  0.077 (0.010)  Data Time:  0.004 (0.004)
2022-03-31 10:17:04,291:INFO:   Eta: 0:31:16
2022-03-31 10:17:09,353:INFO: Valid: [171][604/605]  Loss -8.6362 (-5.3696)
2022-03-31 10:17:09,372:INFO: Checkpoint saved...
2022-03-31 10:17:32,691:INFO: Train: [172][2321/2322]  Loss -0.1904 (-1.7519)  Time:  0.082 (0.010)  Data Time:  0.004 (0.003)
2022-03-31 10:17:32,692:INFO:   Eta: 0:30:16
2022-03-31 10:17:37,511:INFO: Valid: [172][604/605]  Loss -8.1513 (-5.0986)
2022-03-31 10:17:59,952:INFO: Train: [173][2321/2322]  Loss -0.2403 (-1.7815)  Time:  0.066 (0.010)  Data Time:  0.002 (0.003)
2022-03-31 10:17:59,953:INFO:   Eta: 0:28:45
2022-03-31 10:18:04,761:INFO: Valid: [173][604/605]  Loss -8.3694 (-5.1691)
2022-03-31 10:18:28,804:INFO: Train: [174][2321/2322]  Loss -0.2354 (-1.7222)  Time:  0.086 (0.010)  Data Time:  0.004 (0.004)
2022-03-31 10:18:28,805:INFO:   Eta: 0:30:24
2022-03-31 10:18:33,804:INFO: Valid: [174][604/605]  Loss -8.3884 (-5.1821)
2022-03-31 10:19:00,610:INFO: Train: [175][2321/2322]  Loss -0.2789 (-1.7567)  Time:  0.089 (0.012)  Data Time:  0.004 (0.004)
2022-03-31 10:19:00,610:INFO:   Eta: 0:33:28
2022-03-31 10:19:05,522:INFO: Valid: [175][604/605]  Loss -8.3664 (-5.1879)
2022-03-31 10:19:33,157:INFO: Train: [176][2321/2322]  Loss -0.2839 (-1.7332)  Time:  0.101 (0.012)  Data Time:  0.007 (0.005)
2022-03-31 10:19:33,158:INFO:   Eta: 0:34:03
2022-03-31 10:19:37,848:INFO: Valid: [176][604/605]  Loss -8.4095 (-5.2020)
2022-03-31 10:19:56,522:INFO: Test: [176]  ADE: 0.3708  FDE: 0.5883
2022-03-31 10:20:22,578:INFO: Train: [177][2321/2322]  Loss -0.2639 (-1.7645)  Time:  0.084 (0.011)  Data Time:  0.004 (0.004)
2022-03-31 10:20:22,579:INFO:   Eta: 0:31:40
2022-03-31 10:20:27,782:INFO: Valid: [177][604/605]  Loss -7.5125 (-4.6015)
2022-03-31 10:20:54,715:INFO: Train: [178][2321/2322]  Loss -0.2068 (-1.7177)  Time:  0.088 (0.012)  Data Time:  0.005 (0.004)
2022-03-31 10:20:54,716:INFO:   Eta: 0:32:16
2022-03-31 10:20:59,846:INFO: Valid: [178][604/605]  Loss -8.1752 (-5.0740)
2022-03-31 10:21:26,506:INFO: Train: [179][2321/2322]  Loss -0.2207 (-1.7592)  Time:  0.085 (0.011)  Data Time:  0.005 (0.004)
2022-03-31 10:21:26,507:INFO:   Eta: 0:31:30
2022-03-31 10:21:31,560:INFO: Valid: [179][604/605]  Loss -8.5288 (-5.2774)
2022-03-31 10:21:58,373:INFO: Train: [180][2321/2322]  Loss -0.2163 (-1.7806)  Time:  0.087 (0.012)  Data Time:  0.005 (0.004)
2022-03-31 10:21:58,373:INFO:   Eta: 0:31:14
2022-03-31 10:22:03,153:INFO: Valid: [180][604/605]  Loss -8.5863 (-5.3465)
2022-03-31 10:22:30,217:INFO: Train: [181][2321/2322]  Loss -0.1793 (-1.8019)  Time:  0.090 (0.012)  Data Time:  0.005 (0.004)
2022-03-31 10:22:30,218:INFO:   Eta: 0:31:04
2022-03-31 10:22:35,055:INFO: Valid: [181][604/605]  Loss -8.0063 (-4.9308)
2022-03-31 10:22:59,948:INFO: Train: [182][2321/2322]  Loss -0.2732 (-1.6040)  Time:  0.078 (0.011)  Data Time:  0.004 (0.004)
2022-03-31 10:22:59,948:INFO:   Eta: 0:28:10
2022-03-31 10:23:04,407:INFO: Valid: [182][604/605]  Loss -8.5706 (-5.3414)
2022-03-31 10:23:26,515:INFO: Train: [183][2321/2322]  Loss -0.2322 (-1.5737)  Time:  0.073 (0.010)  Data Time:  0.002 (0.003)
2022-03-31 10:23:26,517:INFO:   Eta: 0:24:39
2022-03-31 10:23:31,374:INFO: Valid: [183][604/605]  Loss -8.0289 (-4.9153)
2022-03-31 10:23:54,150:INFO: Train: [184][2321/2322]  Loss -0.1980 (-1.7495)  Time:  0.083 (0.010)  Data Time:  0.003 (0.003)
2022-03-31 10:23:54,151:INFO:   Eta: 0:25:01
2022-03-31 10:23:59,347:INFO: Valid: [184][604/605]  Loss -8.5563 (-5.2839)
2022-03-31 10:24:24,480:INFO: Train: [185][2321/2322]  Loss -0.2258 (-1.5680)  Time:  0.082 (0.011)  Data Time:  0.005 (0.004)
2022-03-31 10:24:24,481:INFO:   Eta: 0:27:11
2022-03-31 10:24:29,575:INFO: Valid: [185][604/605]  Loss -7.9580 (-5.0121)
2022-03-31 10:24:56,549:INFO: Train: [186][2321/2322]  Loss -0.2202 (-1.7811)  Time:  0.092 (0.012)  Data Time:  0.004 (0.005)
2022-03-31 10:24:56,549:INFO:   Eta: 0:28:44
2022-03-31 10:25:01,511:INFO: Valid: [186][604/605]  Loss -8.1865 (-5.1159)
2022-03-31 10:25:20,223:INFO: Test: [186]  ADE: 0.3743  FDE: 0.5785
2022-03-31 10:25:48,114:INFO: Train: [187][2321/2322]  Loss -0.2580 (-1.7115)  Time:  0.097 (0.012)  Data Time:  0.005 (0.005)
2022-03-31 10:25:48,116:INFO:   Eta: 0:29:16
2022-03-31 10:25:53,298:INFO: Valid: [187][604/605]  Loss -8.5096 (-5.3018)
2022-03-31 10:26:20,333:INFO: Train: [188][2321/2322]  Loss -0.2375 (-1.7456)  Time:  0.095 (0.012)  Data Time:  0.005 (0.004)
2022-03-31 10:26:20,334:INFO:   Eta: 0:27:54
2022-03-31 10:26:25,145:INFO: Valid: [188][604/605]  Loss -8.5939 (-5.3301)
2022-03-31 10:26:52,021:INFO: Train: [189][2321/2322]  Loss -0.2139 (-1.7741)  Time:  0.089 (0.012)  Data Time:  0.005 (0.004)
2022-03-31 10:26:52,022:INFO:   Eta: 0:27:16
2022-03-31 10:26:56,964:INFO: Valid: [189][604/605]  Loss -8.4684 (-5.2854)
2022-03-31 10:27:24,314:INFO: Train: [190][2321/2322]  Loss -0.2299 (-1.8022)  Time:  0.087 (0.012)  Data Time:  0.005 (0.005)
2022-03-31 10:27:24,315:INFO:   Eta: 0:27:19
2022-03-31 10:27:29,163:INFO: Valid: [190][604/605]  Loss -8.2030 (-5.0381)
2022-03-31 10:27:56,783:INFO: Train: [191][2321/2322]  Loss -0.2633 (-1.6242)  Time:  0.089 (0.012)  Data Time:  0.005 (0.005)
2022-03-31 10:27:56,783:INFO:   Eta: 0:27:08
2022-03-31 10:28:01,694:INFO: Valid: [191][604/605]  Loss -8.1685 (-5.0643)
2022-03-31 10:28:28,798:INFO: Train: [192][2321/2322]  Loss -0.2675 (-1.8032)  Time:  0.082 (0.012)  Data Time:  0.004 (0.004)
2022-03-31 10:28:28,798:INFO:   Eta: 0:26:10
2022-03-31 10:28:33,856:INFO: Valid: [192][604/605]  Loss -8.5169 (-5.2756)
2022-03-31 10:28:58,503:INFO: Train: [193][2321/2322]  Loss -0.2334 (-1.7452)  Time:  0.077 (0.011)  Data Time:  0.004 (0.004)
2022-03-31 10:28:58,504:INFO:   Eta: 0:23:23
2022-03-31 10:29:03,498:INFO: Valid: [193][604/605]  Loss -8.3098 (-5.1659)
2022-03-31 10:29:27,520:INFO: Train: [194][2321/2322]  Loss -0.2482 (-1.7416)  Time:  0.076 (0.010)  Data Time:  0.004 (0.004)
2022-03-31 10:29:27,521:INFO:   Eta: 0:22:23
2022-03-31 10:29:32,157:INFO: Valid: [194][604/605]  Loss -7.8304 (-4.8260)
2022-03-31 10:29:56,149:INFO: Train: [195][2321/2322]  Loss -0.2510 (-1.8019)  Time:  0.078 (0.010)  Data Time:  0.004 (0.004)
2022-03-31 10:29:56,150:INFO:   Eta: 0:21:58
2022-03-31 10:30:00,787:INFO: Valid: [195][604/605]  Loss -8.4591 (-5.2262)
2022-03-31 10:30:24,938:INFO: Train: [196][2321/2322]  Loss -0.2406 (-1.6957)  Time:  0.075 (0.010)  Data Time:  0.005 (0.004)
2022-03-31 10:30:24,939:INFO:   Eta: 0:21:42
2022-03-31 10:30:29,845:INFO: Valid: [196][604/605]  Loss -8.4112 (-5.2135)
2022-03-31 10:30:48,437:INFO: Test: [196]  ADE: 0.3677  FDE: 0.5904
2022-03-31 10:31:15,164:INFO: Train: [197][2321/2322]  Loss -0.2492 (-1.8109)  Time:  0.078 (0.012)  Data Time:  0.004 (0.005)
2022-03-31 10:31:15,165:INFO:   Eta: 0:23:35
2022-03-31 10:31:20,204:INFO: Valid: [197][604/605]  Loss -8.6961 (-5.3996)
2022-03-31 10:31:20,220:INFO: Checkpoint saved...
2022-03-31 10:31:47,129:INFO: Train: [198][2321/2322]  Loss -0.2511 (-1.7983)  Time:  0.080 (0.012)  Data Time:  0.004 (0.005)
2022-03-31 10:31:47,130:INFO:   Eta: 0:23:18
2022-03-31 10:31:51,892:INFO: Valid: [198][604/605]  Loss -8.1308 (-4.9872)
2022-03-31 10:32:18,913:INFO: Train: [199][2321/2322]  Loss -0.1978 (-1.7763)  Time:  0.094 (0.012)  Data Time:  0.005 (0.004)
2022-03-31 10:32:18,914:INFO:   Eta: 0:22:56
2022-03-31 10:32:23,879:INFO: Valid: [199][604/605]  Loss -7.8921 (-4.8667)
2022-03-31 10:32:50,913:INFO: Train: [200][2321/2322]  Loss -0.2502 (-1.8032)  Time:  0.092 (0.012)  Data Time:  0.005 (0.004)
2022-03-31 10:32:50,914:INFO:   Eta: 0:22:29
2022-03-31 10:32:55,922:INFO: Valid: [200][604/605]  Loss -8.4989 (-5.2635)
2022-03-31 10:33:23,118:INFO: Train: [201][2321/2322]  Loss -0.2459 (-1.7814)  Time:  0.089 (0.012)  Data Time:  0.004 (0.004)
2022-03-31 10:33:23,120:INFO:   Eta: 0:22:11
2022-03-31 10:33:27,880:INFO: Valid: [201][604/605]  Loss -8.3456 (-5.1415)
2022-03-31 10:33:53,702:INFO: Train: [202][2321/2322]  Loss -0.2276 (-1.8037)  Time:  0.064 (0.011)  Data Time:  0.003 (0.004)
2022-03-31 10:33:53,703:INFO:   Eta: 0:20:38
2022-03-31 10:33:58,243:INFO: Valid: [202][604/605]  Loss -7.7093 (-4.7315)
2022-03-31 10:34:22,853:INFO: Train: [203][2321/2322]  Loss -0.3036 (-1.8004)  Time:  0.084 (0.011)  Data Time:  0.005 (0.004)
2022-03-31 10:34:22,947:INFO:   Eta: 0:19:15
2022-03-31 10:34:27,417:INFO: Valid: [203][604/605]  Loss -6.7425 (-4.1011)
2022-03-31 10:34:54,728:INFO: Train: [204][2321/2322]  Loss -0.1992 (-1.7739)  Time:  0.087 (0.012)  Data Time:  0.004 (0.005)
2022-03-31 10:34:54,728:INFO:   Eta: 0:20:55
2022-03-31 10:34:59,653:INFO: Valid: [204][604/605]  Loss -7.6024 (-4.7537)
2022-03-31 10:35:26,266:INFO: Train: [205][2321/2322]  Loss -0.2617 (-1.8165)  Time:  0.076 (0.011)  Data Time:  0.004 (0.004)
2022-03-31 10:35:26,267:INFO:   Eta: 0:19:56
2022-03-31 10:35:31,075:INFO: Valid: [205][604/605]  Loss -8.2432 (-5.0912)
2022-03-31 10:35:54,906:INFO: Train: [206][2321/2322]  Loss -0.2458 (-1.5945)  Time:  0.082 (0.010)  Data Time:  0.004 (0.004)
2022-03-31 10:35:54,907:INFO:   Eta: 0:17:27
2022-03-31 10:35:59,517:INFO: Valid: [206][604/605]  Loss -7.8414 (-4.8104)
2022-03-31 10:36:17,363:INFO: Test: [206]  ADE: 0.4239  FDE: 0.6515
2022-03-31 10:36:41,184:INFO: Train: [207][2321/2322]  Loss -0.2526 (-1.7215)  Time:  0.074 (0.010)  Data Time:  0.003 (0.004)
2022-03-31 10:36:41,185:INFO:   Eta: 0:17:03
2022-03-31 10:36:45,824:INFO: Valid: [207][604/605]  Loss -8.1182 (-5.0192)
2022-03-31 10:37:12,191:INFO: Train: [208][2321/2322]  Loss -0.1937 (-1.6780)  Time:  0.092 (0.011)  Data Time:  0.005 (0.004)
2022-03-31 10:37:12,192:INFO:   Eta: 0:18:26
2022-03-31 10:37:17,132:INFO: Valid: [208][604/605]  Loss -8.0097 (-4.9900)
2022-03-31 10:37:43,293:INFO: Train: [209][2321/2322]  Loss -0.2219 (-1.8103)  Time:  0.086 (0.011)  Data Time:  0.005 (0.004)
2022-03-31 10:37:43,294:INFO:   Eta: 0:17:50
2022-03-31 10:37:48,388:INFO: Valid: [209][604/605]  Loss -7.9379 (-4.9438)
2022-03-31 10:38:15,403:INFO: Train: [210][2321/2322]  Loss -0.2682 (-1.7961)  Time:  0.077 (0.012)  Data Time:  0.003 (0.005)
2022-03-31 10:38:15,404:INFO:   Eta: 0:17:59
2022-03-31 10:38:20,226:INFO: Valid: [210][604/605]  Loss -8.3514 (-5.1934)
2022-03-31 10:38:47,320:INFO: Train: [211][2321/2322]  Loss -0.2566 (-1.6402)  Time:  0.085 (0.012)  Data Time:  0.003 (0.005)
2022-03-31 10:38:47,320:INFO:   Eta: 0:17:35
2022-03-31 10:38:51,879:INFO: Valid: [211][604/605]  Loss -7.8187 (-4.8415)
2022-03-31 10:39:17,163:INFO: Train: [212][2321/2322]  Loss -0.2149 (-1.8024)  Time:  0.091 (0.011)  Data Time:  0.004 (0.004)
2022-03-31 10:39:17,164:INFO:   Eta: 0:15:59
2022-03-31 10:39:21,974:INFO: Valid: [212][604/605]  Loss -8.0747 (-5.0678)
2022-03-31 10:39:49,217:INFO: Train: [213][2321/2322]  Loss -0.1595 (-1.6079)  Time:  0.096 (0.012)  Data Time:  0.004 (0.004)
2022-03-31 10:39:49,218:INFO:   Eta: 0:16:46
2022-03-31 10:39:54,944:INFO: Valid: [213][604/605]  Loss -7.8053 (-4.8772)
2022-03-31 10:40:22,039:INFO: Train: [214][2321/2322]  Loss -0.2180 (-1.5941)  Time:  0.092 (0.012)  Data Time:  0.004 (0.004)
2022-03-31 10:40:22,040:INFO:   Eta: 0:16:14
2022-03-31 10:40:27,096:INFO: Valid: [214][604/605]  Loss -8.1665 (-5.0465)
2022-03-31 10:40:54,061:INFO: Train: [215][2321/2322]  Loss -0.2841 (-1.7870)  Time:  0.094 (0.012)  Data Time:  0.005 (0.004)
2022-03-31 10:40:54,061:INFO:   Eta: 0:15:43
2022-03-31 10:40:59,153:INFO: Valid: [215][604/605]  Loss -8.3951 (-5.1799)
2022-03-31 10:41:26,557:INFO: Train: [216][2321/2322]  Loss -0.2974 (-1.8251)  Time:  0.088 (0.012)  Data Time:  0.005 (0.005)
2022-03-31 10:41:26,558:INFO:   Eta: 0:15:30
2022-03-31 10:41:31,563:INFO: Valid: [216][604/605]  Loss -8.0000 (-4.9522)
2022-03-31 10:41:50,302:INFO: Test: [216]  ADE: 0.4078  FDE: 0.6705
2022-03-31 10:42:14,142:INFO: Train: [217][2321/2322]  Loss -0.3072 (-1.7957)  Time:  0.071 (0.010)  Data Time:  0.002 (0.003)
2022-03-31 10:42:14,144:INFO:   Eta: 0:13:06
2022-03-31 10:42:19,280:INFO: Valid: [217][604/605]  Loss -8.5000 (-5.2576)
2022-03-31 10:42:43,299:INFO: Train: [218][2321/2322]  Loss -0.2636 (-1.8324)  Time:  0.074 (0.010)  Data Time:  0.003 (0.004)
2022-03-31 10:42:43,300:INFO:   Eta: 0:12:47
2022-03-31 10:42:48,162:INFO: Valid: [218][604/605]  Loss -8.5004 (-5.2787)
2022-03-31 10:43:12,237:INFO: Train: [219][2321/2322]  Loss -0.2734 (-1.7453)  Time:  0.076 (0.010)  Data Time:  0.004 (0.004)
2022-03-31 10:43:12,237:INFO:   Eta: 0:12:25
2022-03-31 10:43:16,918:INFO: Valid: [219][604/605]  Loss -8.3689 (-5.1792)
2022-03-31 10:43:42,824:INFO: Train: [220][2321/2322]  Loss -0.2539 (-1.7763)  Time:  0.082 (0.011)  Data Time:  0.004 (0.004)
2022-03-31 10:43:42,825:INFO:   Eta: 0:12:56
2022-03-31 10:43:47,672:INFO: Valid: [220][604/605]  Loss -8.0862 (-5.0108)
2022-03-31 10:44:13,774:INFO: Train: [221][2321/2322]  Loss -0.2140 (-1.7492)  Time:  0.082 (0.011)  Data Time:  0.004 (0.004)
2022-03-31 10:44:13,775:INFO:   Eta: 0:12:35
2022-03-31 10:44:18,522:INFO: Valid: [221][604/605]  Loss -8.1938 (-5.0477)
2022-03-31 10:44:44,082:INFO: Train: [222][2321/2322]  Loss -0.2676 (-1.8319)  Time:  0.104 (0.011)  Data Time:  0.005 (0.004)
2022-03-31 10:44:44,083:INFO:   Eta: 0:11:54
2022-03-31 10:44:49,268:INFO: Valid: [222][604/605]  Loss -8.4276 (-5.2049)
2022-03-31 10:45:16,303:INFO: Train: [223][2321/2322]  Loss -0.2754 (-1.6793)  Time:  0.083 (0.012)  Data Time:  0.005 (0.005)
2022-03-31 10:45:16,304:INFO:   Eta: 0:12:09
2022-03-31 10:45:21,346:INFO: Valid: [223][604/605]  Loss -8.3334 (-5.1759)
2022-03-31 10:45:48,338:INFO: Train: [224][2321/2322]  Loss -0.2383 (-1.8163)  Time:  0.080 (0.012)  Data Time:  0.004 (0.005)
2022-03-31 10:45:48,340:INFO:   Eta: 0:11:40
2022-03-31 10:45:53,293:INFO: Valid: [224][604/605]  Loss -8.1033 (-4.9669)
2022-03-31 10:46:20,301:INFO: Train: [225][2321/2322]  Loss -0.1976 (-1.7202)  Time:  0.090 (0.012)  Data Time:  0.004 (0.004)
2022-03-31 10:46:20,302:INFO:   Eta: 0:11:14
2022-03-31 10:46:25,402:INFO: Valid: [225][604/605]  Loss -8.4284 (-5.2377)
2022-03-31 10:46:52,123:INFO: Train: [226][2321/2322]  Loss -0.1766 (-1.8088)  Time:  0.094 (0.011)  Data Time:  0.003 (0.004)
2022-03-31 10:46:52,124:INFO:   Eta: 0:10:40
2022-03-31 10:46:57,157:INFO: Valid: [226][604/605]  Loss -8.3259 (-5.1604)
2022-03-31 10:47:15,776:INFO: Test: [226]  ADE: 0.3886  FDE: 0.6097
2022-03-31 10:47:43,041:INFO: Train: [227][2321/2322]  Loss -0.2201 (-1.5091)  Time:  0.078 (0.012)  Data Time:  0.003 (0.004)
2022-03-31 10:47:43,042:INFO:   Eta: 0:10:26
2022-03-31 10:47:47,907:INFO: Valid: [227][604/605]  Loss -8.5614 (-5.3633)
2022-03-31 10:48:14,204:INFO: Train: [228][2321/2322]  Loss -0.2276 (-1.8014)  Time:  0.082 (0.011)  Data Time:  0.003 (0.004)
2022-03-31 10:48:14,205:INFO:   Eta: 0:09:37
2022-03-31 10:48:18,943:INFO: Valid: [228][604/605]  Loss -8.1340 (-5.0268)
2022-03-31 10:48:42,388:INFO: Train: [229][2321/2322]  Loss -0.2527 (-1.8260)  Time:  0.079 (0.010)  Data Time:  0.004 (0.003)
2022-03-31 10:48:42,388:INFO:   Eta: 0:08:11
2022-03-31 10:48:47,086:INFO: Valid: [229][604/605]  Loss -7.8282 (-4.8636)
2022-03-31 10:49:11,026:INFO: Train: [230][2321/2322]  Loss -0.2348 (-1.7097)  Time:  0.080 (0.010)  Data Time:  0.003 (0.004)
2022-03-31 10:49:11,027:INFO:   Eta: 0:07:58
2022-03-31 10:49:15,801:INFO: Valid: [230][604/605]  Loss -8.4173 (-5.2650)
2022-03-31 10:49:37,286:INFO: Train: [231][2321/2322]  Loss -0.2283 (-1.8129)  Time:  0.068 (0.009)  Data Time:  0.003 (0.003)
2022-03-31 10:49:37,286:INFO:   Eta: 0:06:47
2022-03-31 10:49:43,263:INFO: Valid: [231][604/605]  Loss -7.9195 (-4.8992)
2022-03-31 10:50:09,468:INFO: Train: [232][2321/2322]  Loss -0.3095 (-1.7512)  Time:  0.102 (0.011)  Data Time:  0.005 (0.004)
2022-03-31 10:50:09,468:INFO:   Eta: 0:07:51
2022-03-31 10:50:16,848:INFO: Valid: [232][604/605]  Loss -8.3719 (-5.2502)
2022-03-31 10:50:43,892:INFO: Train: [233][2321/2322]  Loss -0.2228 (-1.5967)  Time:  0.096 (0.012)  Data Time:  0.004 (0.004)
2022-03-31 10:50:43,893:INFO:   Eta: 0:07:39
2022-03-31 10:50:48,884:INFO: Valid: [233][604/605]  Loss -8.5653 (-5.3178)
2022-03-31 10:51:15,943:INFO: Train: [234][2321/2322]  Loss -0.2139 (-1.7842)  Time:  0.097 (0.012)  Data Time:  0.004 (0.005)
2022-03-31 10:51:15,944:INFO:   Eta: 0:07:12
2022-03-31 10:51:20,809:INFO: Valid: [234][604/605]  Loss -8.0992 (-5.0272)
2022-03-31 10:51:48,224:INFO: Train: [235][2321/2322]  Loss -0.2382 (-1.6595)  Time:  0.101 (0.012)  Data Time:  0.004 (0.004)
2022-03-31 10:51:48,225:INFO:   Eta: 0:06:50
2022-03-31 10:51:53,215:INFO: Valid: [235][604/605]  Loss -8.4402 (-5.2610)
2022-03-31 10:52:20,228:INFO: Train: [236][2321/2322]  Loss -0.2655 (-1.7608)  Time:  0.088 (0.012)  Data Time:  0.004 (0.004)
2022-03-31 10:52:20,228:INFO:   Eta: 0:06:17
2022-03-31 10:52:25,091:INFO: Valid: [236][604/605]  Loss -8.4582 (-5.2460)
2022-03-31 10:52:43,369:INFO: Test: [236]  ADE: 0.3770  FDE: 0.6056
2022-03-31 10:53:10,123:INFO: Train: [237][2321/2322]  Loss -0.2567 (-1.5596)  Time:  0.085 (0.012)  Data Time:  0.004 (0.004)
2022-03-31 10:53:10,124:INFO:   Eta: 0:05:47
2022-03-31 10:53:15,275:INFO: Valid: [237][604/605]  Loss -8.3749 (-5.2530)
2022-03-31 10:53:43,385:INFO: Train: [238][2321/2322]  Loss -0.2712 (-1.8101)  Time:  0.105 (0.012)  Data Time:  0.005 (0.005)
2022-03-31 10:53:43,386:INFO:   Eta: 0:05:36
2022-03-31 10:53:48,138:INFO: Valid: [238][604/605]  Loss -8.5214 (-5.3020)
2022-03-31 10:54:15,292:INFO: Train: [239][2321/2322]  Loss -0.2348 (-1.7881)  Time:  0.090 (0.012)  Data Time:  0.005 (0.004)
2022-03-31 10:54:15,293:INFO:   Eta: 0:04:58
2022-03-31 10:54:20,200:INFO: Valid: [239][604/605]  Loss -8.3635 (-5.2053)
2022-03-31 10:54:45,197:INFO: Train: [240][2321/2322]  Loss -0.2685 (-1.5604)  Time:  0.063 (0.011)  Data Time:  0.003 (0.004)
2022-03-31 10:54:45,198:INFO:   Eta: 0:04:09
2022-03-31 10:54:49,705:INFO: Valid: [240][604/605]  Loss -8.1510 (-5.0637)
2022-03-31 10:55:09,842:INFO: Train: [241][2321/2322]  Loss -0.2393 (-1.8099)  Time:  0.075 (0.009)  Data Time:  0.002 (0.002)
2022-03-31 10:55:09,842:INFO:   Eta: 0:02:59
2022-03-31 10:55:14,809:INFO: Valid: [241][604/605]  Loss -8.5323 (-5.2824)
2022-03-31 10:55:38,647:INFO: Train: [242][2321/2322]  Loss -0.2669 (-1.6388)  Time:  0.081 (0.010)  Data Time:  0.005 (0.004)
2022-03-31 10:55:38,648:INFO:   Eta: 0:03:10
2022-03-31 10:55:43,512:INFO: Valid: [242][604/605]  Loss -8.2134 (-5.0967)
2022-03-31 10:56:07,925:INFO: Train: [243][2321/2322]  Loss -0.2224 (-1.7185)  Time:  0.073 (0.010)  Data Time:  0.002 (0.004)
2022-03-31 10:56:07,927:INFO:   Eta: 0:02:50
2022-03-31 10:56:12,697:INFO: Valid: [243][604/605]  Loss -8.4113 (-5.2479)
2022-03-31 10:56:39,506:INFO: Train: [244][2321/2322]  Loss -0.2237 (-1.6327)  Time:  0.080 (0.012)  Data Time:  0.003 (0.004)
2022-03-31 10:56:39,507:INFO:   Eta: 0:02:40
2022-03-31 10:56:44,446:INFO: Valid: [244][604/605]  Loss -8.5408 (-5.3378)
2022-03-31 10:57:07,897:INFO: Train: [245][2321/2322]  Loss -0.2835 (-1.8034)  Time:  0.084 (0.010)  Data Time:  0.004 (0.004)
2022-03-31 10:57:07,898:INFO:   Eta: 0:01:57
2022-03-31 10:57:12,544:INFO: Valid: [245][604/605]  Loss -7.1332 (-4.3451)
2022-03-31 10:57:36,256:INFO: Train: [246][2321/2322]  Loss -0.2606 (-1.7342)  Time:  0.076 (0.010)  Data Time:  0.003 (0.003)
2022-03-31 10:57:36,257:INFO:   Eta: 0:01:34
2022-03-31 10:57:41,173:INFO: Valid: [246][604/605]  Loss -8.2514 (-5.1216)
2022-03-31 10:57:58,411:INFO: Test: [246]  ADE: 0.3875  FDE: 0.6057
2022-03-31 10:58:21,678:INFO: Train: [247][2321/2322]  Loss -0.2496 (-1.8106)  Time:  0.078 (0.010)  Data Time:  0.004 (0.004)
2022-03-31 10:58:21,679:INFO:   Eta: 0:01:09
2022-03-31 10:58:27,078:INFO: Valid: [247][604/605]  Loss -8.0777 (-4.9966)
2022-03-31 10:58:50,461:INFO: Train: [248][2321/2322]  Loss -0.2775 (-1.8448)  Time:  0.073 (0.010)  Data Time:  0.004 (0.003)
2022-03-31 10:58:50,462:INFO:   Eta: 0:00:46
2022-03-31 10:58:55,098:INFO: Valid: [248][604/605]  Loss -8.1162 (-5.0663)
2022-03-31 10:59:18,427:INFO: Train: [249][2321/2322]  Loss -0.2715 (-1.6342)  Time:  0.071 (0.010)  Data Time:  0.003 (0.003)
2022-03-31 10:59:18,428:INFO:   Eta: 0:00:23
2022-03-31 10:59:22,702:INFO: Valid: [249][604/605]  Loss -8.1417 (-5.0769)
