2022-04-08 08:27:02,351:INFO: batch_size=128
2022-04-08 08:27:02,351:INFO: clip_grad=None
2022-04-08 08:27:02,351:INFO: dataset=zara2
2022-04-08 08:27:02,351:INFO: drop=0.4
2022-04-08 08:27:02,352:INFO: gpu_num=0
2022-04-08 08:27:02,352:INFO: input_size=2
2022-04-08 08:27:02,352:INFO: kernel_size=3
2022-04-08 08:27:02,352:INFO: lr=0.01
2022-04-08 08:27:02,352:INFO: lr_sh_rate=150
2022-04-08 08:27:02,352:INFO: model=social_stgcnn9
2022-04-08 08:27:02,352:INFO: n_stgcnn=1
2022-04-08 08:27:02,352:INFO: n_txpcnn=5
2022-04-08 08:27:02,352:INFO: num_epochs=250
2022-04-08 08:27:02,352:INFO: obs_seq_len=8
2022-04-08 08:27:02,352:INFO: output_size=5
2022-04-08 08:27:02,352:INFO: pred_seq_len=12
2022-04-08 08:27:02,352:INFO: seed=0
2022-04-08 08:27:02,352:INFO: tag=zara2
2022-04-08 08:27:02,353:INFO: use_lrschd=True
2022-04-08 08:27:02,353:INFO: ******************************
2022-04-08 08:27:02,353:INFO: Training initiating....
2022-04-08 08:27:02,353:INFO: Namespace(batch_size=128, clip_grad=None, dataset='zara2', drop=0.4, gpu_num='0', input_size=2, kernel_size=3, lr=0.01, lr_sh_rate=150, model='social_stgcnn9', n_stgcnn=1, n_txpcnn=5, num_epochs=250, obs_seq_len=8, output_size=5, pred_seq_len=12, seed=0, tag='zara2', use_lrschd=True)
2022-04-08 08:27:02,358:INFO: Initializing train dataset
2022-04-08 08:27:16,548:INFO: Initializing val dataset
2022-04-08 08:27:46,430:INFO: social_stgcnn9
2022-04-08 08:27:46,627:INFO: Data and model loaded
2022-04-08 08:27:46,627:INFO: Checkpoint dir: ./runs/Apr08_08-27-02_node07/zara2/checkpoint
2022-04-08 08:27:46,627:INFO: Training started ...
2022-04-08 08:28:15,496:INFO: Train: [0][2111/2112]  Loss 0.5396 (1.6135)  Time:  0.347 (0.014)  Data Time:  0.004 (0.004)
2022-04-08 08:28:15,497:INFO:   Eta: 2:00:15
2022-04-08 08:28:44,122:INFO: Train: [1][2111/2112]  Loss 0.2705 (0.9048)  Time:  0.369 (0.014)  Data Time:  0.005 (0.004)
2022-04-08 08:28:44,123:INFO:   Eta: 1:58:42
2022-04-08 08:29:13,227:INFO: Train: [2][2111/2112]  Loss 0.2033 (0.4848)  Time:  0.347 (0.014)  Data Time:  0.005 (0.005)
2022-04-08 08:29:13,229:INFO:   Eta: 2:00:13
2022-04-08 08:29:42,048:INFO: Train: [3][2111/2112]  Loss 0.0879 (0.3422)  Time:  0.340 (0.014)  Data Time:  0.005 (0.004)
2022-04-08 08:29:42,049:INFO:   Eta: 1:58:34
2022-04-08 08:30:11,310:INFO: Train: [4][2111/2112]  Loss 0.2153 (0.2706)  Time:  0.322 (0.014)  Data Time:  0.004 (0.004)
2022-04-08 08:30:11,311:INFO:   Eta: 1:59:54
2022-04-08 08:30:39,885:INFO: Train: [5][2111/2112]  Loss 0.0432 (0.1768)  Time:  0.338 (0.014)  Data Time:  0.005 (0.005)
2022-04-08 08:30:39,886:INFO:   Eta: 1:56:35
2022-04-08 08:31:07,505:INFO: Train: [6][2111/2112]  Loss -0.0497 (0.0740)  Time:  0.308 (0.013)  Data Time:  0.003 (0.005)
2022-04-08 08:31:07,507:INFO:   Eta: 1:52:14
2022-04-08 08:31:58,253:INFO: Test: [6]  ADE: 0.5794  FDE: 0.6757
2022-04-08 08:32:24,230:INFO: Train: [7][2111/2112]  Loss -0.0929 (-0.0935)  Time:  0.323 (0.012)  Data Time:  0.003 (0.003)
2022-04-08 08:32:24,231:INFO:   Eta: 1:45:07
2022-04-08 08:32:50,380:INFO: Train: [8][2111/2112]  Loss -0.2053 (-0.0337)  Time:  0.379 (0.012)  Data Time:  0.002 (0.003)
2022-04-08 08:32:50,409:INFO:   Eta: 1:45:23
2022-04-08 08:33:16,996:INFO: Train: [9][2111/2112]  Loss -0.0068 (-0.1817)  Time:  0.390 (0.013)  Data Time:  0.003 (0.003)
2022-04-08 08:33:16,997:INFO:   Eta: 1:46:42
2022-04-08 08:33:45,742:INFO: Train: [10][2111/2112]  Loss -0.1569 (-0.2121)  Time:  0.365 (0.014)  Data Time:  0.005 (0.004)
2022-04-08 08:33:45,744:INFO:   Eta: 1:54:54
2022-04-08 08:34:14,957:INFO: Train: [11][2111/2112]  Loss -0.0614 (-0.2829)  Time:  0.343 (0.014)  Data Time:  0.003 (0.004)
2022-04-08 08:34:14,958:INFO:   Eta: 1:56:17
2022-04-08 08:34:42,436:INFO: Train: [12][2111/2112]  Loss 0.1931 (-0.3511)  Time:  0.358 (0.013)  Data Time:  0.005 (0.005)
2022-04-08 08:34:42,445:INFO:   Eta: 1:48:55
2022-04-08 08:35:11,714:INFO: Train: [13][2111/2112]  Loss -0.1825 (-0.1557)  Time:  0.428 (0.014)  Data Time:  0.005 (0.004)
2022-04-08 08:35:11,716:INFO:   Eta: 1:55:07
2022-04-08 08:35:40,429:INFO: Train: [14][2111/2112]  Loss -0.2495 (-0.2840)  Time:  0.334 (0.014)  Data Time:  0.004 (0.004)
2022-04-08 08:35:40,430:INFO:   Eta: 1:52:49
2022-04-08 08:36:09,623:INFO: Train: [15][2111/2112]  Loss -0.2931 (-0.3542)  Time:  0.343 (0.014)  Data Time:  0.004 (0.004)
2022-04-08 08:36:09,624:INFO:   Eta: 1:54:15
2022-04-08 08:36:38,734:INFO: Train: [16][2111/2112]  Loss -0.2589 (-0.4539)  Time:  0.345 (0.014)  Data Time:  0.004 (0.004)
2022-04-08 08:36:38,735:INFO:   Eta: 1:53:27
2022-04-08 08:37:29,935:INFO: Test: [16]  ADE: 0.5301  FDE: 0.6149
2022-04-08 08:37:57,632:INFO: Train: [17][2111/2112]  Loss -0.3141 (-0.4796)  Time:  0.413 (0.013)  Data Time:  0.005 (0.004)
2022-04-08 08:37:57,633:INFO:   Eta: 1:47:01
2022-04-08 08:38:23,195:INFO: Train: [18][2111/2112]  Loss -0.2132 (-0.3596)  Time:  0.315 (0.012)  Data Time:  0.003 (0.003)
2022-04-08 08:38:23,195:INFO:   Eta: 1:38:45
2022-04-08 08:38:49,179:INFO: Train: [19][2111/2112]  Loss -0.2299 (-0.4780)  Time:  0.311 (0.012)  Data Time:  0.003 (0.003)
2022-04-08 08:38:49,180:INFO:   Eta: 1:39:58
2022-04-08 08:39:15,445:INFO: Train: [20][2111/2112]  Loss -0.2488 (-0.4740)  Time:  0.333 (0.012)  Data Time:  0.004 (0.004)
2022-04-08 08:39:15,446:INFO:   Eta: 1:40:36
2022-04-08 08:39:41,504:INFO: Train: [21][2111/2112]  Loss -0.3599 (-0.5595)  Time:  0.301 (0.012)  Data Time:  0.003 (0.003)
2022-04-08 08:39:41,505:INFO:   Eta: 1:39:22
2022-04-08 08:40:07,954:INFO: Train: [22][2111/2112]  Loss -0.2134 (-0.5493)  Time:  0.300 (0.013)  Data Time:  0.003 (0.003)
2022-04-08 08:40:07,956:INFO:   Eta: 1:40:26
2022-04-08 08:40:35,925:INFO: Train: [23][2111/2112]  Loss -0.2587 (-0.5838)  Time:  0.357 (0.013)  Data Time:  0.005 (0.004)
2022-04-08 08:40:35,926:INFO:   Eta: 1:45:44
2022-04-08 08:41:04,513:INFO: Train: [24][2111/2112]  Loss -0.3549 (-0.6040)  Time:  0.338 (0.014)  Data Time:  0.004 (0.005)
2022-04-08 08:41:04,609:INFO:   Eta: 1:47:36
2022-04-08 08:41:33,887:INFO: Train: [25][2111/2112]  Loss -0.4131 (-0.5859)  Time:  0.407 (0.014)  Data Time:  0.004 (0.004)
2022-04-08 08:41:33,889:INFO:   Eta: 1:47:09
2022-04-08 08:42:03,195:INFO: Train: [26][2111/2112]  Loss -0.4375 (-0.6306)  Time:  0.499 (0.014)  Data Time:  0.005 (0.005)
2022-04-08 08:42:03,196:INFO:   Eta: 1:49:20
2022-04-08 08:42:54,834:INFO: Test: [26]  ADE: 0.4986  FDE: 0.6255
2022-04-08 08:43:23,815:INFO: Train: [27][2111/2112]  Loss -0.4335 (-0.6027)  Time:  0.335 (0.014)  Data Time:  0.004 (0.004)
2022-04-08 08:43:23,816:INFO:   Eta: 1:47:33
2022-04-08 08:43:53,188:INFO: Train: [28][2111/2112]  Loss -0.4557 (-0.6477)  Time:  0.340 (0.014)  Data Time:  0.004 (0.004)
2022-04-08 08:43:53,189:INFO:   Eta: 1:48:36
2022-04-08 08:44:20,844:INFO: Train: [29][2111/2112]  Loss -0.3942 (-0.7079)  Time:  0.331 (0.013)  Data Time:  0.005 (0.004)
2022-04-08 08:44:20,845:INFO:   Eta: 1:41:48
2022-04-08 08:44:49,315:INFO: Train: [30][2111/2112]  Loss -0.4643 (-0.7014)  Time:  0.371 (0.013)  Data Time:  0.004 (0.004)
2022-04-08 08:44:49,317:INFO:   Eta: 1:44:19
2022-04-08 08:45:16,590:INFO: Train: [31][2111/2112]  Loss -0.4364 (-0.6508)  Time:  0.311 (0.013)  Data Time:  0.003 (0.004)
2022-04-08 08:45:16,591:INFO:   Eta: 1:39:28
2022-04-08 08:45:42,742:INFO: Train: [32][2111/2112]  Loss -0.3254 (-0.7765)  Time:  0.293 (0.012)  Data Time:  0.003 (0.003)
2022-04-08 08:45:42,743:INFO:   Eta: 1:34:55
2022-04-08 08:46:07,621:INFO: Train: [33][2111/2112]  Loss -0.4100 (-0.7699)  Time:  0.282 (0.012)  Data Time:  0.003 (0.003)
2022-04-08 08:46:07,622:INFO:   Eta: 1:29:54
2022-04-08 08:46:32,090:INFO: Train: [34][2111/2112]  Loss -0.5178 (-0.7653)  Time:  0.306 (0.012)  Data Time:  0.004 (0.003)
2022-04-08 08:46:32,092:INFO:   Eta: 1:28:01
2022-04-08 08:47:01,312:INFO: Train: [35][2111/2112]  Loss -0.4831 (-0.7882)  Time:  0.471 (0.014)  Data Time:  0.003 (0.004)
2022-04-08 08:47:01,314:INFO:   Eta: 1:44:37
2022-04-08 08:47:34,482:INFO: Train: [36][2111/2112]  Loss -0.4504 (-0.7668)  Time:  0.419 (0.016)  Data Time:  0.003 (0.004)
2022-04-08 08:47:34,492:INFO:   Eta: 1:58:12
2022-04-08 08:48:38,168:INFO: Test: [36]  ADE: 0.4461  FDE: 0.5599
2022-04-08 08:49:11,790:INFO: Train: [37][2111/2112]  Loss -0.5537 (-0.8618)  Time:  0.365 (0.016)  Data Time:  0.004 (0.004)
2022-04-08 08:49:11,791:INFO:   Eta: 1:59:13
2022-04-08 08:49:45,361:INFO: Train: [38][2111/2112]  Loss -0.3818 (-0.8251)  Time:  0.443 (0.016)  Data Time:  0.004 (0.004)
2022-04-08 08:49:45,362:INFO:   Eta: 1:58:31
2022-04-08 08:50:18,347:INFO: Train: [39][2111/2112]  Loss -0.4489 (-0.8591)  Time:  0.357 (0.016)  Data Time:  0.004 (0.004)
2022-04-08 08:50:18,348:INFO:   Eta: 1:55:54
2022-04-08 08:50:51,996:INFO: Train: [40][2111/2112]  Loss -0.3505 (-0.8239)  Time:  0.464 (0.016)  Data Time:  0.012 (0.004)
2022-04-08 08:50:51,998:INFO:   Eta: 1:57:40
2022-04-08 08:51:24,166:INFO: Train: [41][2111/2112]  Loss -0.3533 (-0.8348)  Time:  0.373 (0.015)  Data Time:  0.004 (0.004)
2022-04-08 08:51:24,167:INFO:   Eta: 1:51:57
2022-04-08 08:51:57,971:INFO: Train: [42][2111/2112]  Loss -0.3244 (-0.9162)  Time:  0.451 (0.016)  Data Time:  0.004 (0.004)
2022-04-08 08:51:57,972:INFO:   Eta: 1:57:05
2022-04-08 08:52:30,917:INFO: Train: [43][2111/2112]  Loss -0.4223 (-0.9448)  Time:  0.410 (0.016)  Data Time:  0.004 (0.004)
2022-04-08 08:52:30,918:INFO:   Eta: 1:53:33
2022-04-08 08:53:03,096:INFO: Train: [44][2111/2112]  Loss -0.3124 (-0.9001)  Time:  0.440 (0.015)  Data Time:  0.004 (0.004)
2022-04-08 08:53:03,098:INFO:   Eta: 1:50:23
2022-04-08 08:53:34,448:INFO: Train: [45][2111/2112]  Loss -0.3475 (-0.9164)  Time:  0.451 (0.015)  Data Time:  0.004 (0.003)
2022-04-08 08:53:34,449:INFO:   Eta: 1:47:01
2022-04-08 08:54:05,537:INFO: Train: [46][2111/2112]  Loss -0.5461 (-0.8821)  Time:  0.354 (0.015)  Data Time:  0.004 (0.003)
2022-04-08 08:54:05,538:INFO:   Eta: 1:45:36
2022-04-08 08:55:04,904:INFO: Test: [46]  ADE: 0.4683  FDE: 0.6372
2022-04-08 08:55:33,943:INFO: Train: [47][2111/2112]  Loss -0.5855 (-0.9527)  Time:  0.366 (0.014)  Data Time:  0.004 (0.004)
2022-04-08 08:55:33,945:INFO:   Eta: 1:38:08
2022-04-08 08:56:04,028:INFO: Train: [48][2111/2112]  Loss -0.4463 (-0.9158)  Time:  0.376 (0.014)  Data Time:  0.005 (0.004)
2022-04-08 08:56:04,029:INFO:   Eta: 1:41:12
2022-04-08 08:56:33,733:INFO: Train: [49][2111/2112]  Loss -0.5907 (-0.9377)  Time:  0.389 (0.014)  Data Time:  0.004 (0.004)
2022-04-08 08:56:33,734:INFO:   Eta: 1:39:26
2022-04-08 08:57:04,112:INFO: Train: [50][2111/2112]  Loss -0.5229 (-0.8600)  Time:  0.382 (0.014)  Data Time:  0.004 (0.004)
2022-04-08 08:57:04,114:INFO:   Eta: 1:41:11
2022-04-08 08:57:34,863:INFO: Train: [51][2111/2112]  Loss -0.1989 (-0.9505)  Time:  0.358 (0.015)  Data Time:  0.003 (0.004)
2022-04-08 08:57:34,950:INFO:   Eta: 1:41:54
2022-04-08 08:58:05,447:INFO: Train: [52][2111/2112]  Loss -0.5176 (-0.9123)  Time:  0.371 (0.014)  Data Time:  0.004 (0.004)
2022-04-08 08:58:05,448:INFO:   Eta: 1:37:26
2022-04-08 08:58:35,866:INFO: Train: [53][2111/2112]  Loss -0.5098 (-0.9579)  Time:  0.367 (0.014)  Data Time:  0.004 (0.004)
2022-04-08 08:58:35,866:INFO:   Eta: 1:39:47
2022-04-08 08:59:05,989:INFO: Train: [54][2111/2112]  Loss -0.4052 (-1.0569)  Time:  0.368 (0.014)  Data Time:  0.005 (0.004)
2022-04-08 08:59:05,991:INFO:   Eta: 1:38:19
2022-04-08 08:59:36,057:INFO: Train: [55][2111/2112]  Loss -0.5324 (-1.0859)  Time:  0.441 (0.014)  Data Time:  0.004 (0.004)
2022-04-08 08:59:36,058:INFO:   Eta: 1:37:37
2022-04-08 09:00:06,444:INFO: Train: [56][2111/2112]  Loss -0.5560 (-1.0103)  Time:  0.361 (0.014)  Data Time:  0.004 (0.004)
2022-04-08 09:00:06,445:INFO:   Eta: 1:38:10
2022-04-08 09:00:59,045:INFO: Test: [56]  ADE: 0.3907  FDE: 0.5129
2022-04-08 09:01:27,153:INFO: Train: [57][2111/2112]  Loss -0.6126 (-1.0697)  Time:  0.366 (0.013)  Data Time:  0.004 (0.004)
2022-04-08 09:01:27,154:INFO:   Eta: 1:30:19
2022-04-08 09:01:55,152:INFO: Train: [58][2111/2112]  Loss -0.4836 (-0.9887)  Time:  0.351 (0.013)  Data Time:  0.004 (0.003)
2022-04-08 09:01:55,153:INFO:   Eta: 1:29:31
2022-04-08 09:02:23,504:INFO: Train: [59][2111/2112]  Loss -0.4339 (-1.0568)  Time:  0.339 (0.013)  Data Time:  0.003 (0.003)
2022-04-08 09:02:23,505:INFO:   Eta: 1:30:10
2022-04-08 09:02:51,470:INFO: Train: [60][2111/2112]  Loss -0.5097 (-0.9928)  Time:  0.368 (0.013)  Data Time:  0.004 (0.004)
2022-04-08 09:02:51,472:INFO:   Eta: 1:28:28
2022-04-08 09:03:21,065:INFO: Train: [61][2111/2112]  Loss -0.5201 (-1.1376)  Time:  0.457 (0.014)  Data Time:  0.004 (0.003)
2022-04-08 09:03:21,067:INFO:   Eta: 1:33:09
2022-04-08 09:03:50,677:INFO: Train: [62][2111/2112]  Loss -0.3164 (-1.0006)  Time:  0.417 (0.014)  Data Time:  0.005 (0.003)
2022-04-08 09:03:50,678:INFO:   Eta: 1:32:41
2022-04-08 09:04:21,397:INFO: Train: [63][2111/2112]  Loss -0.6072 (-1.1164)  Time:  0.358 (0.015)  Data Time:  0.004 (0.004)
2022-04-08 09:04:21,398:INFO:   Eta: 1:35:39
2022-04-08 09:04:52,481:INFO: Train: [64][2111/2112]  Loss -0.6277 (-1.0598)  Time:  0.397 (0.015)  Data Time:  0.004 (0.004)
2022-04-08 09:04:52,482:INFO:   Eta: 1:36:16
2022-04-08 09:05:23,908:INFO: Train: [65][2111/2112]  Loss -0.5231 (-1.0133)  Time:  0.360 (0.015)  Data Time:  0.004 (0.004)
2022-04-08 09:05:23,909:INFO:   Eta: 1:36:49
2022-04-08 09:05:54,913:INFO: Train: [66][2111/2112]  Loss -0.5318 (-1.1785)  Time:  0.381 (0.015)  Data Time:  0.004 (0.004)
2022-04-08 09:05:54,914:INFO:   Eta: 1:35:00
2022-04-08 09:06:47,855:INFO: Test: [66]  ADE: 0.3909  FDE: 0.5220
2022-04-08 09:07:19,027:INFO: Train: [67][2111/2112]  Loss -0.4854 (-1.2204)  Time:  0.417 (0.015)  Data Time:  0.005 (0.004)
2022-04-08 09:07:19,029:INFO:   Eta: 1:34:58
2022-04-08 09:07:49,969:INFO: Train: [68][2111/2112]  Loss -0.5665 (-1.0316)  Time:  0.361 (0.015)  Data Time:  0.004 (0.004)
2022-04-08 09:07:49,973:INFO:   Eta: 1:33:46
2022-04-08 09:08:21,126:INFO: Train: [69][2111/2112]  Loss -0.5424 (-1.1286)  Time:  0.367 (0.015)  Data Time:  0.004 (0.004)
2022-04-08 09:08:21,128:INFO:   Eta: 1:33:53
2022-04-08 09:08:52,607:INFO: Train: [70][2111/2112]  Loss -0.6162 (-1.1390)  Time:  0.391 (0.015)  Data Time:  0.005 (0.004)
2022-04-08 09:08:52,609:INFO:   Eta: 1:34:21
2022-04-08 09:09:21,491:INFO: Train: [71][2111/2112]  Loss -0.5016 (-1.0848)  Time:  0.518 (0.014)  Data Time:  0.003 (0.004)
2022-04-08 09:09:21,492:INFO:   Eta: 1:26:05
2022-04-08 09:09:50,151:INFO: Train: [72][2111/2112]  Loss -0.4521 (-1.0724)  Time:  0.424 (0.014)  Data Time:  0.003 (0.004)
2022-04-08 09:09:50,152:INFO:   Eta: 1:24:56
2022-04-08 09:10:18,106:INFO: Train: [73][2111/2112]  Loss -0.4277 (-1.0634)  Time:  0.439 (0.013)  Data Time:  0.003 (0.003)
2022-04-08 09:10:18,108:INFO:   Eta: 1:22:23
2022-04-08 09:10:46,414:INFO: Train: [74][2111/2112]  Loss -0.6846 (-1.1545)  Time:  0.388 (0.013)  Data Time:  0.003 (0.003)
2022-04-08 09:10:46,416:INFO:   Eta: 1:22:56
2022-04-08 09:11:15,341:INFO: Train: [75][2111/2112]  Loss -0.6150 (-1.1036)  Time:  0.368 (0.014)  Data Time:  0.004 (0.004)
2022-04-08 09:11:15,343:INFO:   Eta: 1:24:16
2022-04-08 09:11:45,786:INFO: Train: [76][2111/2112]  Loss -0.5950 (-1.1432)  Time:  0.475 (0.014)  Data Time:  0.005 (0.004)
2022-04-08 09:11:45,788:INFO:   Eta: 1:28:12
2022-04-08 09:12:38,192:INFO: Test: [76]  ADE: 0.4427  FDE: 0.6419
2022-04-08 09:13:08,520:INFO: Train: [77][2111/2112]  Loss -0.6218 (-1.2045)  Time:  0.375 (0.014)  Data Time:  0.006 (0.004)
2022-04-08 09:13:08,521:INFO:   Eta: 1:27:21
2022-04-08 09:13:38,716:INFO: Train: [78][2111/2112]  Loss -0.4984 (-1.1878)  Time:  0.393 (0.014)  Data Time:  0.004 (0.004)
2022-04-08 09:13:38,718:INFO:   Eta: 1:26:29
2022-04-08 09:14:09,115:INFO: Train: [79][2111/2112]  Loss -0.6132 (-1.2175)  Time:  0.360 (0.014)  Data Time:  0.004 (0.004)
2022-04-08 09:14:09,116:INFO:   Eta: 1:26:33
2022-04-08 09:14:39,212:INFO: Train: [80][2111/2112]  Loss -0.5275 (-1.2266)  Time:  0.373 (0.014)  Data Time:  0.004 (0.004)
2022-04-08 09:14:39,213:INFO:   Eta: 1:25:12
2022-04-08 09:15:09,453:INFO: Train: [81][2111/2112]  Loss -0.5973 (-1.2050)  Time:  0.355 (0.014)  Data Time:  0.004 (0.004)
2022-04-08 09:15:09,454:INFO:   Eta: 1:25:05
2022-04-08 09:15:39,939:INFO: Train: [82][2111/2112]  Loss -0.5859 (-1.1223)  Time:  0.408 (0.014)  Data Time:  0.004 (0.004)
2022-04-08 09:15:39,941:INFO:   Eta: 1:25:18
2022-04-08 09:16:10,330:INFO: Train: [83][2111/2112]  Loss -0.6786 (-1.1643)  Time:  0.383 (0.014)  Data Time:  0.004 (0.004)
2022-04-08 09:16:10,331:INFO:   Eta: 1:24:31
2022-04-08 09:16:41,007:INFO: Train: [84][2111/2112]  Loss -0.6989 (-1.2373)  Time:  0.415 (0.015)  Data Time:  0.004 (0.004)
2022-04-08 09:16:41,008:INFO:   Eta: 1:24:48
2022-04-08 09:17:09,407:INFO: Train: [85][2111/2112]  Loss -0.5543 (-1.2236)  Time:  0.387 (0.013)  Data Time:  0.001 (0.004)
2022-04-08 09:17:09,408:INFO:   Eta: 1:18:01
2022-04-08 09:17:36,641:INFO: Train: [86][2111/2112]  Loss -0.7164 (-1.1796)  Time:  0.387 (0.013)  Data Time:  0.004 (0.003)
2022-04-08 09:17:36,642:INFO:   Eta: 1:14:22
2022-04-08 09:18:29,267:INFO: Test: [86]  ADE: 0.3609  FDE: 0.5346
2022-04-08 09:18:57,917:INFO: Train: [87][2111/2112]  Loss -0.5871 (-1.1138)  Time:  0.352 (0.014)  Data Time:  0.003 (0.004)
2022-04-08 09:18:57,918:INFO:   Eta: 1:17:43
2022-04-08 09:19:26,106:INFO: Train: [88][2111/2112]  Loss -0.5585 (-1.2129)  Time:  0.338 (0.013)  Data Time:  0.003 (0.003)
2022-04-08 09:19:26,107:INFO:   Eta: 1:16:03
2022-04-08 09:19:57,819:INFO: Train: [89][2111/2112]  Loss -0.5571 (-1.2374)  Time:  0.504 (0.015)  Data Time:  0.006 (0.004)
2022-04-08 09:19:57,821:INFO:   Eta: 1:25:00
2022-04-08 09:20:32,223:INFO: Train: [90][2111/2112]  Loss -0.6949 (-1.2751)  Time:  0.478 (0.016)  Data Time:  0.004 (0.004)
2022-04-08 09:20:32,225:INFO:   Eta: 1:31:39
2022-04-08 09:21:04,991:INFO: Train: [91][2111/2112]  Loss -0.6904 (-1.2434)  Time:  0.382 (0.016)  Data Time:  0.004 (0.004)
2022-04-08 09:21:04,992:INFO:   Eta: 1:26:45
2022-04-08 09:21:37,432:INFO: Train: [92][2111/2112]  Loss -0.6752 (-1.1412)  Time:  0.419 (0.015)  Data Time:  0.005 (0.004)
2022-04-08 09:21:37,447:INFO:   Eta: 1:25:21
2022-04-08 09:22:09,634:INFO: Train: [93][2111/2112]  Loss -0.5654 (-1.2675)  Time:  0.402 (0.015)  Data Time:  0.005 (0.004)
2022-04-08 09:22:09,636:INFO:   Eta: 1:24:08
2022-04-08 09:22:42,450:INFO: Train: [94][2111/2112]  Loss -0.5354 (-1.2979)  Time:  0.442 (0.016)  Data Time:  0.004 (0.004)
2022-04-08 09:22:42,451:INFO:   Eta: 1:25:15
2022-04-08 09:23:16,099:INFO: Train: [95][2111/2112]  Loss -0.6217 (-1.2308)  Time:  0.375 (0.016)  Data Time:  0.004 (0.004)
2022-04-08 09:23:16,100:INFO:   Eta: 1:26:51
2022-04-08 09:23:48,847:INFO: Train: [96][2111/2112]  Loss -0.5492 (-1.2919)  Time:  0.439 (0.015)  Data Time:  0.003 (0.004)
2022-04-08 09:23:48,848:INFO:   Eta: 1:23:58
2022-04-08 09:24:49,490:INFO: Test: [96]  ADE: 0.3938  FDE: 0.5551
2022-04-08 09:25:20,627:INFO: Train: [97][2111/2112]  Loss -0.6770 (-1.2735)  Time:  0.343 (0.015)  Data Time:  0.004 (0.004)
2022-04-08 09:25:20,629:INFO:   Eta: 1:19:18
2022-04-08 09:25:51,260:INFO: Train: [98][2111/2112]  Loss -0.5535 (-1.1765)  Time:  0.461 (0.014)  Data Time:  0.003 (0.003)
2022-04-08 09:25:51,262:INFO:   Eta: 1:17:31
2022-04-08 09:26:22,965:INFO: Train: [99][2111/2112]  Loss -0.6169 (-1.3467)  Time:  0.423 (0.015)  Data Time:  0.003 (0.004)
2022-04-08 09:26:22,966:INFO:   Eta: 1:19:42
2022-04-08 09:26:52,732:INFO: Train: [100][2111/2112]  Loss -0.6250 (-1.2923)  Time:  0.348 (0.014)  Data Time:  0.003 (0.003)
2022-04-08 09:26:52,817:INFO:   Eta: 1:14:19
2022-04-08 09:27:27,109:INFO: Train: [101][2111/2112]  Loss -0.5700 (-1.2661)  Time:  0.445 (0.016)  Data Time:  0.004 (0.004)
2022-04-08 09:27:27,110:INFO:   Eta: 1:22:56
2022-04-08 09:28:00,175:INFO: Train: [102][2111/2112]  Loss -0.6031 (-1.3548)  Time:  0.360 (0.016)  Data Time:  0.004 (0.004)
2022-04-08 09:28:00,176:INFO:   Eta: 1:21:29
2022-04-08 09:28:30,922:INFO: Train: [103][2111/2112]  Loss -0.5493 (-1.1952)  Time:  0.549 (0.015)  Data Time:  0.005 (0.004)
2022-04-08 09:28:30,923:INFO:   Eta: 1:15:16
2022-04-08 09:29:02,913:INFO: Train: [104][2111/2112]  Loss -0.6668 (-1.1973)  Time:  0.418 (0.015)  Data Time:  0.010 (0.004)
2022-04-08 09:29:02,914:INFO:   Eta: 1:17:46
2022-04-08 09:29:34,743:INFO: Train: [105][2111/2112]  Loss -0.6573 (-1.3025)  Time:  0.370 (0.015)  Data Time:  0.004 (0.004)
2022-04-08 09:29:34,744:INFO:   Eta: 1:16:50
2022-04-08 09:30:05,326:INFO: Train: [106][2111/2112]  Loss -0.7287 (-1.1682)  Time:  0.360 (0.014)  Data Time:  0.003 (0.004)
2022-04-08 09:30:05,328:INFO:   Eta: 1:13:19
2022-04-08 09:30:59,941:INFO: Test: [106]  ADE: 0.3506  FDE: 0.5180
2022-04-08 09:31:32,001:INFO: Train: [107][2111/2112]  Loss -0.6848 (-1.2570)  Time:  0.356 (0.015)  Data Time:  0.003 (0.004)
2022-04-08 09:31:32,003:INFO:   Eta: 1:16:19
2022-04-08 09:32:03,984:INFO: Train: [108][2111/2112]  Loss -0.6268 (-1.2971)  Time:  0.365 (0.015)  Data Time:  0.005 (0.004)
2022-04-08 09:32:03,985:INFO:   Eta: 1:15:37
2022-04-08 09:32:32,161:INFO: Train: [109][2111/2112]  Loss -0.6632 (-1.2200)  Time:  0.333 (0.013)  Data Time:  0.003 (0.003)
2022-04-08 09:32:32,162:INFO:   Eta: 1:06:08
2022-04-08 09:33:00,473:INFO: Train: [110][2111/2112]  Loss -0.6987 (-1.3264)  Time:  0.381 (0.013)  Data Time:  0.004 (0.003)
2022-04-08 09:33:00,474:INFO:   Eta: 1:06:00
2022-04-08 09:33:29,126:INFO: Train: [111][2111/2112]  Loss -0.7244 (-1.2139)  Time:  0.358 (0.014)  Data Time:  0.003 (0.004)
2022-04-08 09:33:29,127:INFO:   Eta: 1:06:19
2022-04-08 09:33:57,734:INFO: Train: [112][2111/2112]  Loss -0.6786 (-1.2651)  Time:  0.347 (0.014)  Data Time:  0.003 (0.003)
2022-04-08 09:33:57,736:INFO:   Eta: 1:05:44
2022-04-08 09:34:26,596:INFO: Train: [113][2111/2112]  Loss -0.7660 (-1.3511)  Time:  0.334 (0.014)  Data Time:  0.004 (0.003)
2022-04-08 09:34:26,597:INFO:   Eta: 1:05:49
2022-04-08 09:34:57,559:INFO: Train: [114][2111/2112]  Loss -0.6823 (-1.3680)  Time:  0.430 (0.015)  Data Time:  0.004 (0.004)
2022-04-08 09:34:57,560:INFO:   Eta: 1:10:07
2022-04-08 09:35:29,161:INFO: Train: [115][2111/2112]  Loss -0.6880 (-1.2304)  Time:  0.365 (0.015)  Data Time:  0.004 (0.004)
2022-04-08 09:35:29,162:INFO:   Eta: 1:11:02
2022-04-08 09:36:00,194:INFO: Train: [116][2111/2112]  Loss -0.7191 (-1.3103)  Time:  0.369 (0.015)  Data Time:  0.003 (0.004)
2022-04-08 09:36:00,195:INFO:   Eta: 1:09:14
2022-04-08 09:36:54,258:INFO: Test: [116]  ADE: 0.3551  FDE: 0.5200
2022-04-08 09:37:24,119:INFO: Train: [117][2111/2112]  Loss -0.7396 (-1.2461)  Time:  0.360 (0.014)  Data Time:  0.005 (0.004)
2022-04-08 09:37:24,121:INFO:   Eta: 1:06:07
2022-04-08 09:37:53,844:INFO: Train: [118][2111/2112]  Loss -0.7350 (-1.2383)  Time:  0.433 (0.014)  Data Time:  0.003 (0.004)
2022-04-08 09:37:53,845:INFO:   Eta: 1:05:20
2022-04-08 09:38:23,873:INFO: Train: [119][2111/2112]  Loss -0.5341 (-1.3212)  Time:  0.352 (0.014)  Data Time:  0.004 (0.004)
2022-04-08 09:38:23,875:INFO:   Eta: 1:05:30
2022-04-08 09:38:54,427:INFO: Train: [120][2111/2112]  Loss -0.6420 (-1.1487)  Time:  0.448 (0.014)  Data Time:  0.003 (0.004)
2022-04-08 09:38:54,428:INFO:   Eta: 1:06:08
2022-04-08 09:39:24,453:INFO: Train: [121][2111/2112]  Loss -0.7639 (-1.3536)  Time:  0.362 (0.014)  Data Time:  0.003 (0.004)
2022-04-08 09:39:24,454:INFO:   Eta: 1:04:30
2022-04-08 09:39:54,865:INFO: Train: [122][2111/2112]  Loss -0.7487 (-1.2901)  Time:  0.377 (0.014)  Data Time:  0.005 (0.004)
2022-04-08 09:39:54,867:INFO:   Eta: 1:04:49
2022-04-08 09:40:22,583:INFO: Train: [123][2111/2112]  Loss -0.6305 (-1.4109)  Time:  0.435 (0.013)  Data Time:  0.003 (0.003)
2022-04-08 09:40:22,583:INFO:   Eta: 0:58:36
2022-04-08 09:40:49,887:INFO: Train: [124][2111/2112]  Loss -0.6561 (-1.4379)  Time:  0.348 (0.013)  Data Time:  0.004 (0.003)
2022-04-08 09:40:49,888:INFO:   Eta: 0:57:15
2022-04-08 09:41:17,182:INFO: Train: [125][2111/2112]  Loss -0.7465 (-1.3726)  Time:  0.335 (0.013)  Data Time:  0.004 (0.003)
2022-04-08 09:41:17,183:INFO:   Eta: 0:56:48
2022-04-08 09:41:44,381:INFO: Train: [126][2111/2112]  Loss -0.6455 (-1.2969)  Time:  0.377 (0.013)  Data Time:  0.003 (0.003)
2022-04-08 09:41:44,382:INFO:   Eta: 0:56:09
2022-04-08 09:42:34,991:INFO: Test: [126]  ADE: 0.3545  FDE: 0.5309
2022-04-08 09:43:04,680:INFO: Train: [127][2111/2112]  Loss -0.6317 (-1.2581)  Time:  0.360 (0.014)  Data Time:  0.005 (0.004)
2022-04-08 09:43:04,682:INFO:   Eta: 1:00:48
2022-04-08 09:43:33,937:INFO: Train: [128][2111/2112]  Loss -0.7615 (-1.3092)  Time:  0.451 (0.014)  Data Time:  0.005 (0.004)
2022-04-08 09:43:33,939:INFO:   Eta: 0:59:26
2022-04-08 09:44:03,989:INFO: Train: [129][2111/2112]  Loss -0.6758 (-1.3283)  Time:  0.370 (0.014)  Data Time:  0.005 (0.004)
2022-04-08 09:44:03,990:INFO:   Eta: 1:00:32
2022-04-08 09:44:33,768:INFO: Train: [130][2111/2112]  Loss -0.6417 (-1.3988)  Time:  0.368 (0.014)  Data Time:  0.004 (0.004)
2022-04-08 09:44:33,769:INFO:   Eta: 0:59:30
2022-04-08 09:45:04,856:INFO: Train: [131][2111/2112]  Loss -0.6741 (-1.3161)  Time:  0.437 (0.015)  Data Time:  0.005 (0.004)
2022-04-08 09:45:04,857:INFO:   Eta: 1:01:36
2022-04-08 09:45:35,265:INFO: Train: [132][2111/2112]  Loss -0.6503 (-1.2766)  Time:  0.385 (0.014)  Data Time:  0.005 (0.004)
2022-04-08 09:45:35,267:INFO:   Eta: 0:59:45
2022-04-08 09:46:06,130:INFO: Train: [133][2111/2112]  Loss -0.7420 (-1.3712)  Time:  0.406 (0.015)  Data Time:  0.005 (0.004)
2022-04-08 09:46:06,131:INFO:   Eta: 1:00:08
2022-04-08 09:46:36,886:INFO: Train: [134][2111/2112]  Loss -0.6029 (-1.4180)  Time:  0.397 (0.015)  Data Time:  0.004 (0.004)
2022-04-08 09:46:36,887:INFO:   Eta: 0:59:24
2022-04-08 09:47:07,229:INFO: Train: [135][2111/2112]  Loss -0.6619 (-1.4506)  Time:  0.361 (0.014)  Data Time:  0.004 (0.004)
2022-04-08 09:47:07,230:INFO:   Eta: 0:58:06
2022-04-08 09:47:37,813:INFO: Train: [136][2111/2112]  Loss -0.6287 (-1.3703)  Time:  0.366 (0.014)  Data Time:  0.004 (0.004)
2022-04-08 09:47:37,815:INFO:   Eta: 0:58:03
2022-04-08 09:48:30,038:INFO: Test: [136]  ADE: 0.3269  FDE: 0.4772
2022-04-08 09:48:58,314:INFO: Train: [137][2111/2112]  Loss -0.6411 (-1.2261)  Time:  0.446 (0.013)  Data Time:  0.003 (0.003)
2022-04-08 09:48:58,315:INFO:   Eta: 0:53:12
2022-04-08 09:49:25,868:INFO: Train: [138][2111/2112]  Loss -0.7641 (-1.3420)  Time:  0.337 (0.013)  Data Time:  0.004 (0.003)
2022-04-08 09:49:25,870:INFO:   Eta: 0:51:23
2022-04-08 09:49:53,245:INFO: Train: [139][2111/2112]  Loss -0.4991 (-1.4202)  Time:  0.417 (0.013)  Data Time:  0.003 (0.003)
2022-04-08 09:49:53,246:INFO:   Eta: 0:50:36
2022-04-08 09:50:20,015:INFO: Train: [140][2111/2112]  Loss -0.4686 (-1.4193)  Time:  0.334 (0.013)  Data Time:  0.003 (0.003)
2022-04-08 09:50:20,017:INFO:   Eta: 0:49:02
2022-04-08 09:50:48,102:INFO: Train: [141][2111/2112]  Loss -0.7220 (-1.3303)  Time:  0.400 (0.013)  Data Time:  0.004 (0.004)
2022-04-08 09:50:48,103:INFO:   Eta: 0:50:58
2022-04-08 09:51:18,650:INFO: Train: [142][2111/2112]  Loss -0.7003 (-1.4336)  Time:  0.353 (0.014)  Data Time:  0.004 (0.004)
2022-04-08 09:51:18,652:INFO:   Eta: 0:54:56
2022-04-08 09:51:49,322:INFO: Train: [143][2111/2112]  Loss -0.6596 (-1.3281)  Time:  0.381 (0.015)  Data Time:  0.004 (0.004)
2022-04-08 09:51:49,323:INFO:   Eta: 0:54:38
2022-04-08 09:52:19,267:INFO: Train: [144][2111/2112]  Loss -0.5870 (-1.2461)  Time:  0.403 (0.014)  Data Time:  0.004 (0.004)
2022-04-08 09:52:19,269:INFO:   Eta: 0:52:51
2022-04-08 09:52:49,624:INFO: Train: [145][2111/2112]  Loss -0.6228 (-1.2571)  Time:  0.409 (0.014)  Data Time:  0.011 (0.004)
2022-04-08 09:52:49,626:INFO:   Eta: 0:53:04
2022-04-08 09:53:19,739:INFO: Train: [146][2111/2112]  Loss -0.6692 (-1.3696)  Time:  0.444 (0.014)  Data Time:  0.003 (0.004)
2022-04-08 09:53:19,741:INFO:   Eta: 0:52:08
2022-04-08 09:54:11,444:INFO: Test: [146]  ADE: 0.3597  FDE: 0.5347
2022-04-08 09:54:42,089:INFO: Train: [147][2111/2112]  Loss -0.7502 (-1.4016)  Time:  0.352 (0.014)  Data Time:  0.004 (0.004)
2022-04-08 09:54:42,090:INFO:   Eta: 0:52:33
2022-04-08 09:55:12,132:INFO: Train: [148][2111/2112]  Loss -0.7044 (-1.4224)  Time:  0.387 (0.014)  Data Time:  0.004 (0.004)
2022-04-08 09:55:12,133:INFO:   Eta: 0:51:01
2022-04-08 09:55:41,827:INFO: Train: [149][2111/2112]  Loss -0.7238 (-1.3367)  Time:  0.354 (0.014)  Data Time:  0.005 (0.004)
2022-04-08 09:55:41,945:INFO:   Eta: 0:49:56
2022-04-08 09:56:13,243:INFO: Train: [150][2111/2112]  Loss -0.8684 (-1.5272)  Time:  0.362 (0.014)  Data Time:  0.004 (0.004)
2022-04-08 09:56:13,245:INFO:   Eta: 0:50:42
2022-04-08 09:56:41,047:INFO: Train: [151][2111/2112]  Loss -0.7808 (-1.5210)  Time:  0.326 (0.013)  Data Time:  0.004 (0.003)
2022-04-08 09:56:41,048:INFO:   Eta: 0:45:49
2022-04-08 09:56:47,056:INFO: Valid: [151][500/501]  Loss -3.7174 (-2.2922)
2022-04-08 09:56:47,072:INFO: Checkpoint saved...
2022-04-08 09:57:13,789:INFO: Train: [152][2111/2112]  Loss -0.7895 (-1.5325)  Time:  0.380 (0.013)  Data Time:  0.004 (0.003)
2022-04-08 09:57:13,790:INFO:   Eta: 0:43:34
2022-04-08 09:57:19,846:INFO: Valid: [152][500/501]  Loss -5.7951 (-3.5650)
2022-04-08 09:57:19,855:INFO: Checkpoint saved...
2022-04-08 09:57:47,514:INFO: Train: [153][2111/2112]  Loss -0.7922 (-1.5120)  Time:  0.337 (0.013)  Data Time:  0.003 (0.003)
2022-04-08 09:57:47,516:INFO:   Eta: 0:44:39
2022-04-08 09:57:53,587:INFO: Valid: [153][500/501]  Loss -6.0158 (-3.7211)
2022-04-08 09:57:53,601:INFO: Checkpoint saved...
2022-04-08 09:58:22,085:INFO: Train: [154][2111/2112]  Loss -0.6916 (-1.5551)  Time:  0.487 (0.013)  Data Time:  0.002 (0.003)
2022-04-08 09:58:22,087:INFO:   Eta: 0:45:31
2022-04-08 09:58:28,074:INFO: Valid: [154][500/501]  Loss -4.2791 (-2.6180)
2022-04-08 09:58:55,887:INFO: Train: [155][2111/2112]  Loss -0.8009 (-1.5169)  Time:  0.341 (0.013)  Data Time:  0.004 (0.003)
2022-04-08 09:58:55,889:INFO:   Eta: 0:43:58
2022-04-08 09:59:01,819:INFO: Valid: [155][500/501]  Loss -5.3511 (-3.2560)
2022-04-08 09:59:32,064:INFO: Train: [156][2111/2112]  Loss -0.7991 (-1.5201)  Time:  0.398 (0.014)  Data Time:  0.004 (0.004)
2022-04-08 09:59:32,066:INFO:   Eta: 0:47:19
2022-04-08 09:59:38,032:INFO: Valid: [156][500/501]  Loss -5.8170 (-3.5792)
2022-04-08 10:00:31,094:INFO: Test: [156]  ADE: 0.3331  FDE: 0.5313
2022-04-08 10:01:01,015:INFO: Train: [157][2111/2112]  Loss -0.7026 (-1.4182)  Time:  0.396 (0.014)  Data Time:  0.004 (0.004)
2022-04-08 10:01:01,016:INFO:   Eta: 0:46:20
2022-04-08 10:01:07,189:INFO: Valid: [157][500/501]  Loss -4.4507 (-2.7803)
2022-04-08 10:01:38,577:INFO: Train: [158][2111/2112]  Loss -0.8174 (-1.5536)  Time:  0.355 (0.015)  Data Time:  0.004 (0.004)
2022-04-08 10:01:38,578:INFO:   Eta: 0:48:04
2022-04-08 10:01:44,835:INFO: Valid: [158][500/501]  Loss -6.0481 (-3.7048)
2022-04-08 10:01:44,848:INFO: Checkpoint saved...
2022-04-08 10:02:15,441:INFO: Train: [159][2111/2112]  Loss -0.7853 (-1.5570)  Time:  0.342 (0.014)  Data Time:  0.004 (0.004)
2022-04-08 10:02:15,443:INFO:   Eta: 0:46:20
2022-04-08 10:02:21,743:INFO: Valid: [159][500/501]  Loss -5.1844 (-3.2013)
2022-04-08 10:02:52,097:INFO: Train: [160][2111/2112]  Loss -0.7153 (-1.5505)  Time:  0.350 (0.014)  Data Time:  0.004 (0.004)
2022-04-08 10:02:52,098:INFO:   Eta: 0:45:28
2022-04-08 10:02:58,251:INFO: Valid: [160][500/501]  Loss -4.6383 (-2.7639)
2022-04-08 10:03:28,578:INFO: Train: [161][2111/2112]  Loss -0.8119 (-1.3785)  Time:  0.372 (0.014)  Data Time:  0.004 (0.004)
2022-04-08 10:03:28,579:INFO:   Eta: 0:44:54
2022-04-08 10:03:34,683:INFO: Valid: [161][500/501]  Loss -3.2231 (-2.0195)
2022-04-08 10:04:04,726:INFO: Train: [162][2111/2112]  Loss -0.7532 (-1.5237)  Time:  0.334 (0.014)  Data Time:  0.004 (0.004)
2022-04-08 10:04:04,727:INFO:   Eta: 0:44:00
2022-04-08 10:04:10,660:INFO: Valid: [162][500/501]  Loss -5.3879 (-3.3118)
2022-04-08 10:04:40,065:INFO: Train: [163][2111/2112]  Loss -0.6494 (-1.5502)  Time:  0.428 (0.014)  Data Time:  0.003 (0.004)
2022-04-08 10:04:40,066:INFO:   Eta: 0:42:34
2022-04-08 10:04:46,074:INFO: Valid: [163][500/501]  Loss -4.9956 (-3.0732)
2022-04-08 10:05:14,018:INFO: Train: [164][2111/2112]  Loss -0.7355 (-1.4445)  Time:  0.437 (0.013)  Data Time:  0.003 (0.003)
2022-04-08 10:05:14,019:INFO:   Eta: 0:40:00
2022-04-08 10:05:20,117:INFO: Valid: [164][500/501]  Loss -5.6232 (-3.4186)
2022-04-08 10:05:47,102:INFO: Train: [165][2111/2112]  Loss -0.7340 (-1.4495)  Time:  0.331 (0.013)  Data Time:  0.003 (0.003)
2022-04-08 10:05:47,103:INFO:   Eta: 0:38:10
2022-04-08 10:05:53,265:INFO: Valid: [165][500/501]  Loss -4.1980 (-2.5862)
2022-04-08 10:06:20,510:INFO: Train: [166][2111/2112]  Loss -0.7700 (-1.5362)  Time:  0.373 (0.013)  Data Time:  0.003 (0.003)
2022-04-08 10:06:20,512:INFO:   Eta: 0:38:04
2022-04-08 10:06:26,642:INFO: Valid: [166][500/501]  Loss -5.1089 (-3.1648)
2022-04-08 10:07:19,346:INFO: Test: [166]  ADE: 0.3321  FDE: 0.5050
2022-04-08 10:07:48,593:INFO: Train: [167][2111/2112]  Loss -0.7434 (-1.4276)  Time:  0.421 (0.014)  Data Time:  0.003 (0.004)
2022-04-08 10:07:48,594:INFO:   Eta: 0:40:25
2022-04-08 10:07:54,582:INFO: Valid: [167][500/501]  Loss -5.8445 (-3.5663)
2022-04-08 10:08:24,685:INFO: Train: [168][2111/2112]  Loss -0.7782 (-1.5381)  Time:  0.370 (0.014)  Data Time:  0.004 (0.004)
2022-04-08 10:08:24,686:INFO:   Eta: 0:41:05
2022-04-08 10:08:30,888:INFO: Valid: [168][500/501]  Loss -5.7513 (-3.5195)
2022-04-08 10:09:00,991:INFO: Train: [169][2111/2112]  Loss -0.6484 (-1.5585)  Time:  0.362 (0.014)  Data Time:  0.004 (0.004)
2022-04-08 10:09:00,999:INFO:   Eta: 0:40:33
2022-04-08 10:09:07,260:INFO: Valid: [169][500/501]  Loss -5.4049 (-3.3497)
2022-04-08 10:09:36,884:INFO: Train: [170][2111/2112]  Loss -0.8096 (-1.4669)  Time:  0.325 (0.014)  Data Time:  0.004 (0.004)
2022-04-08 10:09:36,886:INFO:   Eta: 0:39:22
2022-04-08 10:09:42,878:INFO: Valid: [170][500/501]  Loss -5.8685 (-3.5919)
2022-04-08 10:10:14,064:INFO: Train: [171][2111/2112]  Loss -0.8095 (-1.4080)  Time:  0.357 (0.015)  Data Time:  0.004 (0.004)
2022-04-08 10:10:14,065:INFO:   Eta: 0:41:00
2022-04-08 10:10:20,114:INFO: Valid: [171][500/501]  Loss -5.6196 (-3.4171)
2022-04-08 10:10:49,979:INFO: Train: [172][2111/2112]  Loss -0.7643 (-1.4610)  Time:  0.368 (0.014)  Data Time:  0.005 (0.004)
2022-04-08 10:10:49,980:INFO:   Eta: 0:38:46
2022-04-08 10:10:56,258:INFO: Valid: [172][500/501]  Loss -4.0521 (-2.5130)
2022-04-08 10:11:26,969:INFO: Train: [173][2111/2112]  Loss -0.7816 (-1.5815)  Time:  0.477 (0.015)  Data Time:  0.008 (0.004)
2022-04-08 10:11:26,970:INFO:   Eta: 0:39:21
2022-04-08 10:11:33,197:INFO: Valid: [173][500/501]  Loss -5.0375 (-3.0813)
2022-04-08 10:12:03,537:INFO: Train: [174][2111/2112]  Loss -0.8179 (-1.5372)  Time:  0.390 (0.014)  Data Time:  0.004 (0.004)
2022-04-08 10:12:03,538:INFO:   Eta: 0:38:22
2022-04-08 10:12:09,574:INFO: Valid: [174][500/501]  Loss -5.0225 (-3.0671)
2022-04-08 10:12:38,877:INFO: Train: [175][2111/2112]  Loss -0.8026 (-1.5769)  Time:  0.343 (0.014)  Data Time:  0.004 (0.004)
2022-04-08 10:12:38,878:INFO:   Eta: 0:36:34
2022-04-08 10:12:44,974:INFO: Valid: [175][500/501]  Loss -5.7992 (-3.5032)
2022-04-08 10:13:13,406:INFO: Train: [176][2111/2112]  Loss -0.7600 (-1.5513)  Time:  0.371 (0.013)  Data Time:  0.003 (0.003)
2022-04-08 10:13:13,407:INFO:   Eta: 0:35:01
2022-04-08 10:13:19,626:INFO: Valid: [176][500/501]  Loss -5.1653 (-3.1240)
2022-04-08 10:14:11,811:INFO: Test: [176]  ADE: 0.3468  FDE: 0.5515
2022-04-08 10:14:38,179:INFO: Train: [177][2111/2112]  Loss -0.6734 (-1.5794)  Time:  0.391 (0.012)  Data Time:  0.003 (0.003)
2022-04-08 10:14:38,180:INFO:   Eta: 0:32:02
2022-04-08 10:14:44,452:INFO: Valid: [177][500/501]  Loss -5.5727 (-3.3771)
2022-04-08 10:15:11,793:INFO: Train: [178][2111/2112]  Loss -0.7049 (-1.5368)  Time:  0.367 (0.013)  Data Time:  0.003 (0.003)
2022-04-08 10:15:11,794:INFO:   Eta: 0:32:45
2022-04-08 10:15:17,955:INFO: Valid: [178][500/501]  Loss -5.6789 (-3.4287)
2022-04-08 10:15:48,023:INFO: Train: [179][2111/2112]  Loss -0.8007 (-1.5614)  Time:  0.340 (0.014)  Data Time:  0.004 (0.004)
2022-04-08 10:15:48,024:INFO:   Eta: 0:35:32
2022-04-08 10:15:54,392:INFO: Valid: [179][500/501]  Loss -5.1073 (-3.0907)
2022-04-08 10:16:24,437:INFO: Train: [180][2111/2112]  Loss -0.7333 (-1.4351)  Time:  0.417 (0.014)  Data Time:  0.003 (0.004)
2022-04-08 10:16:24,438:INFO:   Eta: 0:35:00
2022-04-08 10:16:30,656:INFO: Valid: [180][500/501]  Loss -5.6104 (-3.4190)
2022-04-08 10:17:00,908:INFO: Train: [181][2111/2112]  Loss -0.7312 (-1.4463)  Time:  0.362 (0.014)  Data Time:  0.005 (0.004)
2022-04-08 10:17:00,910:INFO:   Eta: 0:34:44
2022-04-08 10:17:07,009:INFO: Valid: [181][500/501]  Loss -5.2603 (-3.2205)
2022-04-08 10:17:37,729:INFO: Train: [182][2111/2112]  Loss -0.8252 (-1.5722)  Time:  0.348 (0.015)  Data Time:  0.023 (0.004)
2022-04-08 10:17:37,730:INFO:   Eta: 0:34:46
2022-04-08 10:17:43,759:INFO: Valid: [182][500/501]  Loss -5.4304 (-3.2809)
2022-04-08 10:18:14,512:INFO: Train: [183][2111/2112]  Loss -0.7993 (-1.4874)  Time:  0.342 (0.015)  Data Time:  0.004 (0.004)
2022-04-08 10:18:14,514:INFO:   Eta: 0:34:17
2022-04-08 10:18:20,845:INFO: Valid: [183][500/501]  Loss -4.8902 (-3.0455)
2022-04-08 10:18:52,306:INFO: Train: [184][2111/2112]  Loss -0.8221 (-1.5649)  Time:  0.380 (0.015)  Data Time:  0.005 (0.004)
2022-04-08 10:18:52,308:INFO:   Eta: 0:34:33
2022-04-08 10:18:58,572:INFO: Valid: [184][500/501]  Loss -5.5197 (-3.3754)
2022-04-08 10:19:29,670:INFO: Train: [185][2111/2112]  Loss -0.8802 (-1.5641)  Time:  0.362 (0.015)  Data Time:  0.004 (0.004)
2022-04-08 10:19:29,671:INFO:   Eta: 0:33:38
2022-04-08 10:19:35,895:INFO: Valid: [185][500/501]  Loss -5.8569 (-3.5517)
2022-04-08 10:20:06,723:INFO: Train: [186][2111/2112]  Loss -0.7157 (-1.5091)  Time:  0.358 (0.015)  Data Time:  0.004 (0.004)
2022-04-08 10:20:06,724:INFO:   Eta: 0:32:50
2022-04-08 10:20:12,920:INFO: Valid: [186][500/501]  Loss -5.5649 (-3.4491)
2022-04-08 10:21:06,576:INFO: Test: [186]  ADE: 0.3345  FDE: 0.5108
2022-04-08 10:21:34,473:INFO: Train: [187][2111/2112]  Loss -0.8465 (-1.5241)  Time:  0.321 (0.013)  Data Time:  0.002 (0.003)
2022-04-08 10:21:34,474:INFO:   Eta: 0:29:15
2022-04-08 10:21:40,694:INFO: Valid: [187][500/501]  Loss -5.6213 (-3.4469)
2022-04-08 10:22:08,344:INFO: Train: [188][2111/2112]  Loss -0.8056 (-1.4826)  Time:  0.353 (0.013)  Data Time:  0.004 (0.003)
2022-04-08 10:22:08,345:INFO:   Eta: 0:28:31
2022-04-08 10:22:14,514:INFO: Valid: [188][500/501]  Loss -5.0665 (-3.1018)
2022-04-08 10:22:42,884:INFO: Train: [189][2111/2112]  Loss -0.7339 (-1.5556)  Time:  0.341 (0.013)  Data Time:  0.004 (0.003)
2022-04-08 10:22:42,885:INFO:   Eta: 0:28:48
2022-04-08 10:22:48,952:INFO: Valid: [189][500/501]  Loss -5.6113 (-3.4533)
2022-04-08 10:23:18,957:INFO: Train: [190][2111/2112]  Loss -0.7870 (-1.5528)  Time:  0.425 (0.014)  Data Time:  0.005 (0.004)
2022-04-08 10:23:18,959:INFO:   Eta: 0:29:57
2022-04-08 10:23:25,036:INFO: Valid: [190][500/501]  Loss -5.3951 (-3.3699)
2022-04-08 10:23:56,013:INFO: Train: [191][2111/2112]  Loss -0.8534 (-1.5739)  Time:  0.384 (0.015)  Data Time:  0.004 (0.004)
2022-04-08 10:23:56,014:INFO:   Eta: 0:30:25
2022-04-08 10:24:02,055:INFO: Valid: [191][500/501]  Loss -5.4452 (-3.2648)
2022-04-08 10:24:34,020:INFO: Train: [192][2111/2112]  Loss -0.7102 (-1.5049)  Time:  0.427 (0.015)  Data Time:  0.004 (0.004)
2022-04-08 10:24:34,021:INFO:   Eta: 0:30:51
2022-04-08 10:24:40,154:INFO: Valid: [192][500/501]  Loss -5.9573 (-3.6854)
2022-04-08 10:25:09,025:INFO: Train: [193][2111/2112]  Loss -0.7821 (-1.5479)  Time:  0.447 (0.014)  Data Time:  0.005 (0.004)
2022-04-08 10:25:09,236:INFO:   Eta: 0:27:23
2022-04-08 10:25:15,325:INFO: Valid: [193][500/501]  Loss -6.0686 (-3.7135)
2022-04-08 10:25:16,389:INFO: Checkpoint saved...
2022-04-08 10:25:47,631:INFO: Train: [194][2111/2112]  Loss -0.7352 (-1.5925)  Time:  0.434 (0.014)  Data Time:  0.004 (0.004)
2022-04-08 10:25:47,874:INFO:   Eta: 0:28:01
2022-04-08 10:25:53,953:INFO: Valid: [194][500/501]  Loss -5.7246 (-3.5366)
2022-04-08 10:26:28,287:INFO: Train: [195][2111/2112]  Loss -0.7743 (-1.5305)  Time:  0.448 (0.015)  Data Time:  0.004 (0.004)
2022-04-08 10:26:28,289:INFO:   Eta: 0:28:39
2022-04-08 10:26:34,463:INFO: Valid: [195][500/501]  Loss -5.1056 (-3.1582)
2022-04-08 10:27:05,900:INFO: Train: [196][2111/2112]  Loss -0.7689 (-1.4309)  Time:  0.361 (0.015)  Data Time:  0.004 (0.004)
2022-04-08 10:27:05,901:INFO:   Eta: 0:28:15
2022-04-08 10:27:12,341:INFO: Valid: [196][500/501]  Loss -5.5846 (-3.4146)
2022-04-08 10:28:04,966:INFO: Test: [196]  ADE: 0.3378  FDE: 0.5325
2022-04-08 10:28:34,837:INFO: Train: [197][2111/2112]  Loss -0.7943 (-1.5287)  Time:  0.352 (0.014)  Data Time:  0.002 (0.004)
2022-04-08 10:28:34,838:INFO:   Eta: 0:26:20
2022-04-08 10:28:40,995:INFO: Valid: [197][500/501]  Loss -5.3512 (-3.2543)
2022-04-08 10:29:09,640:INFO: Train: [198][2111/2112]  Loss -0.7736 (-1.5655)  Time:  0.365 (0.014)  Data Time:  0.003 (0.004)
2022-04-08 10:29:09,641:INFO:   Eta: 0:24:47
2022-04-08 10:29:15,623:INFO: Valid: [198][500/501]  Loss -3.5899 (-2.1959)
2022-04-08 10:29:42,331:INFO: Train: [199][2111/2112]  Loss -0.6904 (-1.5944)  Time:  0.334 (0.013)  Data Time:  0.003 (0.003)
2022-04-08 10:29:42,332:INFO:   Eta: 0:22:40
2022-04-08 10:29:48,389:INFO: Valid: [199][500/501]  Loss -5.5643 (-3.4139)
2022-04-08 10:30:15,885:INFO: Train: [200][2111/2112]  Loss -0.8007 (-1.5738)  Time:  0.409 (0.013)  Data Time:  0.003 (0.003)
2022-04-08 10:30:15,886:INFO:   Eta: 0:22:52
2022-04-08 10:30:21,866:INFO: Valid: [200][500/501]  Loss -4.2608 (-2.6081)
2022-04-08 10:30:49,204:INFO: Train: [201][2111/2112]  Loss -0.7120 (-1.5063)  Time:  0.332 (0.013)  Data Time:  0.003 (0.003)
2022-04-08 10:30:49,206:INFO:   Eta: 0:22:17
2022-04-08 10:30:55,530:INFO: Valid: [201][500/501]  Loss -5.9631 (-3.6356)
2022-04-08 10:31:23,205:INFO: Train: [202][2111/2112]  Loss -0.8179 (-1.5989)  Time:  0.525 (0.013)  Data Time:  0.003 (0.003)
2022-04-08 10:31:23,207:INFO:   Eta: 0:22:06
2022-04-08 10:31:29,212:INFO: Valid: [202][500/501]  Loss -6.1289 (-3.7508)
2022-04-08 10:31:29,225:INFO: Checkpoint saved...
2022-04-08 10:31:57,406:INFO: Train: [203][2111/2112]  Loss -0.8616 (-1.5301)  Time:  0.355 (0.013)  Data Time:  0.004 (0.004)
2022-04-08 10:31:57,408:INFO:   Eta: 0:22:02
2022-04-08 10:32:03,633:INFO: Valid: [203][500/501]  Loss -5.2565 (-3.2095)
2022-04-08 10:32:33,869:INFO: Train: [204][2111/2112]  Loss -0.8087 (-1.5906)  Time:  0.410 (0.014)  Data Time:  0.004 (0.004)
2022-04-08 10:32:33,870:INFO:   Eta: 0:23:09
2022-04-08 10:32:40,224:INFO: Valid: [204][500/501]  Loss -4.5802 (-2.8275)
2022-04-08 10:33:10,310:INFO: Train: [205][2111/2112]  Loss -0.8187 (-1.5571)  Time:  0.484 (0.014)  Data Time:  0.004 (0.004)
2022-04-08 10:33:10,328:INFO:   Eta: 0:22:32
2022-04-08 10:33:16,565:INFO: Valid: [205][500/501]  Loss -5.3738 (-3.2296)
2022-04-08 10:33:46,432:INFO: Train: [206][2111/2112]  Loss -0.7574 (-1.6007)  Time:  0.344 (0.014)  Data Time:  0.004 (0.004)
2022-04-08 10:33:46,433:INFO:   Eta: 0:21:52
2022-04-08 10:33:52,505:INFO: Valid: [206][500/501]  Loss -4.8646 (-2.9274)
2022-04-08 10:34:46,821:INFO: Test: [206]  ADE: 0.3500  FDE: 0.5197
2022-04-08 10:35:21,461:INFO: Train: [207][2111/2112]  Loss -0.7575 (-1.4613)  Time:  0.521 (0.016)  Data Time:  0.003 (0.004)
2022-04-08 10:35:21,463:INFO:   Eta: 0:24:48
2022-04-08 10:35:27,986:INFO: Valid: [207][500/501]  Loss -5.2196 (-3.2384)
2022-04-08 10:35:58,300:INFO: Train: [208][2111/2112]  Loss -0.8415 (-1.5346)  Time:  0.457 (0.014)  Data Time:  0.004 (0.003)
2022-04-08 10:35:58,302:INFO:   Eta: 0:21:11
2022-04-08 10:36:04,655:INFO: Valid: [208][500/501]  Loss -5.3246 (-3.2461)
2022-04-08 10:36:37,151:INFO: Train: [209][2111/2112]  Loss -0.6848 (-1.6128)  Time:  0.468 (0.015)  Data Time:  0.004 (0.004)
2022-04-08 10:36:37,152:INFO:   Eta: 0:22:10
2022-04-08 10:36:43,117:INFO: Valid: [209][500/501]  Loss -5.8244 (-3.5349)
2022-04-08 10:37:15,651:INFO: Train: [210][2111/2112]  Loss -0.7228 (-1.6004)  Time:  0.401 (0.015)  Data Time:  0.004 (0.004)
2022-04-08 10:37:15,652:INFO:   Eta: 0:21:39
2022-04-08 10:37:22,164:INFO: Valid: [210][500/501]  Loss -5.7426 (-3.5246)
2022-04-08 10:37:55,364:INFO: Train: [211][2111/2112]  Loss -0.7924 (-1.5906)  Time:  0.414 (0.016)  Data Time:  0.004 (0.004)
2022-04-08 10:37:55,366:INFO:   Eta: 0:21:32
2022-04-08 10:38:01,443:INFO: Valid: [211][500/501]  Loss -5.7698 (-3.5598)
2022-04-08 10:38:31,932:INFO: Train: [212][2111/2112]  Loss -0.8438 (-1.5854)  Time:  0.391 (0.014)  Data Time:  0.003 (0.004)
2022-04-08 10:38:31,934:INFO:   Eta: 0:19:16
2022-04-08 10:38:37,939:INFO: Valid: [212][500/501]  Loss -4.3404 (-2.6663)
2022-04-08 10:39:08,136:INFO: Train: [213][2111/2112]  Loss -0.7037 (-1.6250)  Time:  0.341 (0.014)  Data Time:  0.003 (0.003)
2022-04-08 10:39:08,137:INFO:   Eta: 0:18:35
2022-04-08 10:39:14,590:INFO: Valid: [213][500/501]  Loss -5.8931 (-3.6051)
2022-04-08 10:39:46,014:INFO: Train: [214][2111/2112]  Loss -0.8034 (-1.5076)  Time:  0.469 (0.015)  Data Time:  0.003 (0.003)
2022-04-08 10:39:46,016:INFO:   Eta: 0:18:49
2022-04-08 10:39:52,084:INFO: Valid: [214][500/501]  Loss -5.4931 (-3.3661)
2022-04-08 10:40:22,711:INFO: Train: [215][2111/2112]  Loss -0.8428 (-1.4895)  Time:  0.464 (0.014)  Data Time:  0.002 (0.003)
2022-04-08 10:40:22,713:INFO:   Eta: 0:17:50
2022-04-08 10:40:29,183:INFO: Valid: [215][500/501]  Loss -5.1997 (-3.1195)
2022-04-08 10:41:02,594:INFO: Train: [216][2111/2112]  Loss -0.8253 (-1.5955)  Time:  0.449 (0.016)  Data Time:  0.004 (0.004)
2022-04-08 10:41:02,596:INFO:   Eta: 0:18:53
2022-04-08 10:41:09,147:INFO: Valid: [216][500/501]  Loss -4.8356 (-2.9763)
2022-04-08 10:42:06,112:INFO: Test: [216]  ADE: 0.3510  FDE: 0.5510
2022-04-08 10:42:39,142:INFO: Train: [217][2111/2112]  Loss -0.7986 (-1.5667)  Time:  0.420 (0.016)  Data Time:  0.005 (0.004)
2022-04-08 10:42:39,143:INFO:   Eta: 0:18:08
2022-04-08 10:42:45,567:INFO: Valid: [217][500/501]  Loss -4.7848 (-2.9066)
2022-04-08 10:43:17,220:INFO: Train: [218][2111/2112]  Loss -0.7674 (-1.5765)  Time:  0.497 (0.015)  Data Time:  0.004 (0.004)
2022-04-08 10:43:17,221:INFO:   Eta: 0:16:51
2022-04-08 10:43:23,724:INFO: Valid: [218][500/501]  Loss -5.4793 (-3.3577)
2022-04-08 10:43:54,981:INFO: Train: [219][2111/2112]  Loss -0.7273 (-1.5987)  Time:  0.415 (0.015)  Data Time:  0.005 (0.004)
2022-04-08 10:43:54,982:INFO:   Eta: 0:16:07
2022-04-08 10:44:01,254:INFO: Valid: [219][500/501]  Loss -5.3946 (-3.3198)
2022-04-08 10:44:32,528:INFO: Train: [220][2111/2112]  Loss -0.7726 (-1.5900)  Time:  0.373 (0.015)  Data Time:  0.005 (0.004)
2022-04-08 10:44:32,529:INFO:   Eta: 0:15:36
2022-04-08 10:44:38,999:INFO: Valid: [220][500/501]  Loss -6.0569 (-3.7160)
2022-04-08 10:45:10,828:INFO: Train: [221][2111/2112]  Loss -0.7566 (-1.6034)  Time:  0.369 (0.015)  Data Time:  0.003 (0.004)
2022-04-08 10:45:10,846:INFO:   Eta: 0:15:21
2022-04-08 10:45:17,486:INFO: Valid: [221][500/501]  Loss -5.3513 (-3.2969)
2022-04-08 10:45:49,509:INFO: Train: [222][2111/2112]  Loss -0.8309 (-1.5868)  Time:  0.384 (0.015)  Data Time:  0.005 (0.004)
2022-04-08 10:45:49,510:INFO:   Eta: 0:14:51
2022-04-08 10:45:55,923:INFO: Valid: [222][500/501]  Loss -6.1204 (-3.7415)
2022-04-08 10:46:26,917:INFO: Train: [223][2111/2112]  Loss -0.8556 (-1.4745)  Time:  0.381 (0.015)  Data Time:  0.004 (0.004)
2022-04-08 10:46:26,918:INFO:   Eta: 0:13:55
2022-04-08 10:46:33,290:INFO: Valid: [223][500/501]  Loss -5.2102 (-3.1538)
2022-04-08 10:47:02,702:INFO: Train: [224][2111/2112]  Loss -0.8041 (-1.5874)  Time:  0.345 (0.014)  Data Time:  0.002 (0.003)
2022-04-08 10:47:02,703:INFO:   Eta: 0:12:43
2022-04-08 10:47:09,027:INFO: Valid: [224][500/501]  Loss -4.9438 (-3.0091)
2022-04-08 10:47:37,204:INFO: Train: [225][2111/2112]  Loss -0.8283 (-1.6159)  Time:  0.348 (0.013)  Data Time:  0.003 (0.003)
2022-04-08 10:47:37,205:INFO:   Eta: 0:11:43
2022-04-08 10:47:43,688:INFO: Valid: [225][500/501]  Loss -5.6210 (-3.4262)
2022-04-08 10:48:12,289:INFO: Train: [226][2111/2112]  Loss -0.8098 (-1.5847)  Time:  0.391 (0.014)  Data Time:  0.003 (0.003)
2022-04-08 10:48:12,290:INFO:   Eta: 0:11:25
2022-04-08 10:48:18,750:INFO: Valid: [226][500/501]  Loss -5.3168 (-3.2649)
2022-04-08 10:49:13,098:INFO: Test: [226]  ADE: 0.3264  FDE: 0.5059
2022-04-08 10:49:44,232:INFO: Train: [227][2111/2112]  Loss -0.6766 (-1.6125)  Time:  0.368 (0.015)  Data Time:  0.004 (0.004)
2022-04-08 10:49:44,234:INFO:   Eta: 0:11:55
2022-04-08 10:49:50,365:INFO: Valid: [227][500/501]  Loss -5.9784 (-3.6880)
2022-04-08 10:50:21,290:INFO: Train: [228][2111/2112]  Loss -0.7019 (-1.4825)  Time:  0.419 (0.015)  Data Time:  0.003 (0.004)
2022-04-08 10:50:21,291:INFO:   Eta: 0:11:19
2022-04-08 10:50:27,659:INFO: Valid: [228][500/501]  Loss -5.6718 (-3.4645)
2022-04-08 10:50:57,389:INFO: Train: [229][2111/2112]  Loss -0.8571 (-1.5871)  Time:  0.362 (0.014)  Data Time:  0.003 (0.004)
2022-04-08 10:50:57,391:INFO:   Eta: 0:10:23
2022-04-08 10:51:04,026:INFO: Valid: [229][500/501]  Loss -4.8733 (-2.9201)
2022-04-08 10:51:34,903:INFO: Train: [230][2111/2112]  Loss -0.7755 (-1.6077)  Time:  0.406 (0.015)  Data Time:  0.003 (0.004)
2022-04-08 10:51:34,904:INFO:   Eta: 0:10:16
2022-04-08 10:51:41,525:INFO: Valid: [230][500/501]  Loss -6.0290 (-3.6937)
2022-04-08 10:52:12,305:INFO: Train: [231][2111/2112]  Loss -0.7931 (-1.6013)  Time:  0.358 (0.015)  Data Time:  0.004 (0.004)
2022-04-08 10:52:12,306:INFO:   Eta: 0:09:44
2022-04-08 10:52:18,680:INFO: Valid: [231][500/501]  Loss -5.2462 (-3.2007)
2022-04-08 10:52:49,722:INFO: Train: [232][2111/2112]  Loss -0.8801 (-1.6029)  Time:  0.388 (0.015)  Data Time:  0.005 (0.004)
2022-04-08 10:52:49,725:INFO:   Eta: 0:09:17
2022-04-08 10:52:55,942:INFO: Valid: [232][500/501]  Loss -4.4881 (-2.7119)
2022-04-08 10:53:26,323:INFO: Train: [233][2111/2112]  Loss -0.8148 (-1.5953)  Time:  0.379 (0.014)  Data Time:  0.004 (0.004)
2022-04-08 10:53:26,325:INFO:   Eta: 0:08:35
2022-04-08 10:53:32,601:INFO: Valid: [233][500/501]  Loss -4.9974 (-3.0150)
2022-04-08 10:54:03,362:INFO: Train: [234][2111/2112]  Loss -0.7985 (-1.6142)  Time:  0.435 (0.015)  Data Time:  0.003 (0.004)
2022-04-08 10:54:03,463:INFO:   Eta: 0:08:11
2022-04-08 10:54:09,619:INFO: Valid: [234][500/501]  Loss -5.3232 (-3.2644)
2022-04-08 10:54:40,995:INFO: Train: [235][2111/2112]  Loss -0.8548 (-1.5865)  Time:  0.394 (0.014)  Data Time:  0.005 (0.004)
2022-04-08 10:54:40,996:INFO:   Eta: 0:07:30
2022-04-08 10:54:47,402:INFO: Valid: [235][500/501]  Loss -5.7061 (-3.5074)
2022-04-08 10:55:18,146:INFO: Train: [236][2111/2112]  Loss -0.9002 (-1.6065)  Time:  0.361 (0.015)  Data Time:  0.004 (0.004)
2022-04-08 10:55:18,148:INFO:   Eta: 0:07:09
2022-04-08 10:55:24,504:INFO: Valid: [236][500/501]  Loss -4.5713 (-2.6926)
2022-04-08 10:56:17,323:INFO: Test: [236]  ADE: 0.3890  FDE: 0.6077
2022-04-08 10:56:45,536:INFO: Train: [237][2111/2112]  Loss -0.7098 (-1.5997)  Time:  0.439 (0.013)  Data Time:  0.004 (0.003)
2022-04-08 10:56:45,537:INFO:   Eta: 0:06:06
2022-04-08 10:56:51,847:INFO: Valid: [237][500/501]  Loss -5.9070 (-3.6333)
2022-04-08 10:57:19,962:INFO: Train: [238][2111/2112]  Loss -0.7779 (-1.6087)  Time:  0.332 (0.013)  Data Time:  0.002 (0.003)
2022-04-08 10:57:19,964:INFO:   Eta: 0:05:36
2022-04-08 10:57:26,164:INFO: Valid: [238][500/501]  Loss -5.6271 (-3.4518)
2022-04-08 10:57:54,341:INFO: Train: [239][2111/2112]  Loss -0.7923 (-1.5760)  Time:  0.367 (0.013)  Data Time:  0.004 (0.003)
2022-04-08 10:57:54,343:INFO:   Eta: 0:05:09
2022-04-08 10:58:00,732:INFO: Valid: [239][500/501]  Loss -6.0011 (-3.7234)
2022-04-08 10:58:31,180:INFO: Train: [240][2111/2112]  Loss -0.7783 (-1.6145)  Time:  0.347 (0.014)  Data Time:  0.004 (0.004)
2022-04-08 10:58:31,182:INFO:   Eta: 0:05:04
2022-04-08 10:58:37,678:INFO: Valid: [240][500/501]  Loss -5.3668 (-3.2823)
2022-04-08 10:59:08,187:INFO: Train: [241][2111/2112]  Loss -0.8435 (-1.4964)  Time:  0.513 (0.014)  Data Time:  0.004 (0.004)
2022-04-08 10:59:08,190:INFO:   Eta: 0:04:34
2022-04-08 10:59:14,587:INFO: Valid: [241][500/501]  Loss -6.0992 (-3.7476)
2022-04-08 10:59:45,559:INFO: Train: [242][2111/2112]  Loss -0.7692 (-1.4712)  Time:  0.409 (0.015)  Data Time:  0.004 (0.004)
2022-04-08 10:59:45,560:INFO:   Eta: 0:04:07
2022-04-08 10:59:51,745:INFO: Valid: [242][500/501]  Loss -5.4567 (-3.3723)
2022-04-08 11:00:22,910:INFO: Train: [243][2111/2112]  Loss -0.7518 (-1.5874)  Time:  0.362 (0.015)  Data Time:  0.005 (0.004)
2022-04-08 11:00:22,911:INFO:   Eta: 0:03:37
2022-04-08 11:00:29,428:INFO: Valid: [243][500/501]  Loss -5.3852 (-3.3242)
2022-04-08 11:00:59,985:INFO: Train: [244][2111/2112]  Loss -0.7778 (-1.5661)  Time:  0.350 (0.014)  Data Time:  0.004 (0.004)
2022-04-08 11:00:59,986:INFO:   Eta: 0:03:03
2022-04-08 11:01:06,180:INFO: Valid: [244][500/501]  Loss -4.8680 (-2.9086)
2022-04-08 11:01:37,112:INFO: Train: [245][2111/2112]  Loss -0.7116 (-1.5780)  Time:  0.428 (0.015)  Data Time:  0.004 (0.004)
2022-04-08 11:01:37,113:INFO:   Eta: 0:02:34
2022-04-08 11:01:43,484:INFO: Valid: [245][500/501]  Loss -5.7967 (-3.6017)
2022-04-08 11:02:13,854:INFO: Train: [246][2111/2112]  Loss -0.7635 (-1.5901)  Time:  0.370 (0.014)  Data Time:  0.004 (0.004)
2022-04-08 11:02:13,855:INFO:   Eta: 0:02:01
2022-04-08 11:02:20,288:INFO: Valid: [246][500/501]  Loss -6.0393 (-3.7175)
2022-04-08 11:03:14,236:INFO: Test: [246]  ADE: 0.3256  FDE: 0.5207
2022-04-08 11:03:45,471:INFO: Train: [247][2111/2112]  Loss -0.8651 (-1.5564)  Time:  0.354 (0.015)  Data Time:  0.003 (0.004)
2022-04-08 11:03:45,474:INFO:   Eta: 0:01:33
2022-04-08 11:03:51,989:INFO: Valid: [247][500/501]  Loss -5.7897 (-3.5298)
2022-04-08 11:04:20,036:INFO: Train: [248][2111/2112]  Loss -0.7800 (-1.6152)  Time:  0.343 (0.013)  Data Time:  0.004 (0.003)
2022-04-08 11:04:20,037:INFO:   Eta: 0:00:56
2022-04-08 11:04:26,464:INFO: Valid: [248][500/501]  Loss -5.6385 (-3.5002)
2022-04-08 11:04:53,872:INFO: Train: [249][2111/2112]  Loss -0.7678 (-1.5979)  Time:  0.409 (0.013)  Data Time:  0.003 (0.003)
2022-04-08 11:04:53,874:INFO:   Eta: 0:00:27
2022-04-08 11:05:00,129:INFO: Valid: [249][500/501]  Loss -6.1545 (-3.8049)
2022-04-08 11:05:00,138:INFO: Checkpoint saved...
