2022-03-29 15:41:01,987:INFO: batch_size=128
2022-03-29 15:41:01,987:INFO: clip_grad=None
2022-03-29 15:41:01,987:INFO: dataset=univ
2022-03-29 15:41:01,987:INFO: gpu_num=0
2022-03-29 15:41:01,987:INFO: input_size=2
2022-03-29 15:41:01,987:INFO: kernel_size=3
2022-03-29 15:41:01,987:INFO: lr=0.01
2022-03-29 15:41:01,987:INFO: lr_sh_rate=150
2022-03-29 15:41:01,987:INFO: n_stgcnn=1
2022-03-29 15:41:01,987:INFO: n_txpcnn=5
2022-03-29 15:41:01,987:INFO: num_epochs=250
2022-03-29 15:41:01,987:INFO: obs_seq_len=8
2022-03-29 15:41:01,987:INFO: output_size=5
2022-03-29 15:41:01,987:INFO: pred_seq_len=12
2022-03-29 15:41:01,987:INFO: seed=0
2022-03-29 15:41:01,987:INFO: tag=univ
2022-03-29 15:41:01,988:INFO: use_lrschd=True
2022-03-29 15:41:01,988:INFO: ******************************
2022-03-29 15:41:01,988:INFO: Training initiating....
2022-03-29 15:41:01,988:INFO: Namespace(batch_size=128, clip_grad=None, dataset='univ', gpu_num='0', input_size=2, kernel_size=3, lr=0.01, lr_sh_rate=150, n_stgcnn=1, n_txpcnn=5, num_epochs=250, obs_seq_len=8, output_size=5, pred_seq_len=12, seed=0, tag='univ', use_lrschd=True)
2022-03-29 15:41:01,997:INFO: Initializing train dataset
2022-03-29 15:41:07,718:INFO: Initializing val dataset
2022-03-29 15:41:21,637:INFO: social_stgcnn3
2022-03-29 15:41:21,638:INFO: Data and model loaded
2022-03-29 15:41:21,638:INFO: Checkpoint dir: ../runs/Mar29_15-41-01_node09/univ/checkpoint
2022-03-29 15:41:21,638:INFO: Training started ...
2022-03-29 15:41:47,389:INFO: Train: [0][2075/2076]  Loss 0.3804 (1.7517)  Time:  0.136 (0.012)  Data Time:  0.005 (0.005)
2022-03-29 15:41:47,390:INFO:   Eta: 1:47:15
2022-03-29 15:43:24,823:INFO: Test: [0]  ADE: 1.3743  FDE: 1.1416
2022-03-29 15:43:50,317:INFO: Train: [1][2075/2076]  Loss 0.3546 (1.6228)  Time:  0.135 (0.012)  Data Time:  0.004 (0.005)
2022-03-29 15:43:50,317:INFO:   Eta: 1:45:43
2022-03-29 15:44:16,151:INFO: Train: [2][2075/2076]  Loss 0.3259 (1.5064)  Time:  0.137 (0.012)  Data Time:  0.004 (0.005)
2022-03-29 15:44:16,153:INFO:   Eta: 1:46:43
2022-03-29 15:44:41,898:INFO: Train: [3][2075/2076]  Loss 0.3061 (1.4424)  Time:  0.139 (0.012)  Data Time:  0.004 (0.005)
2022-03-29 15:44:41,899:INFO:   Eta: 1:45:56
2022-03-29 15:45:07,499:INFO: Train: [4][2075/2076]  Loss 0.2725 (1.2892)  Time:  0.138 (0.012)  Data Time:  0.005 (0.005)
2022-03-29 15:45:07,501:INFO:   Eta: 1:44:54
2022-03-29 15:45:33,461:INFO: Train: [5][2075/2076]  Loss 0.2369 (1.1000)  Time:  0.144 (0.012)  Data Time:  0.004 (0.005)
2022-03-29 15:45:33,461:INFO:   Eta: 1:45:57
2022-03-29 15:45:58,957:INFO: Train: [6][2075/2076]  Loss 0.2189 (1.0273)  Time:  0.142 (0.012)  Data Time:  0.004 (0.005)
2022-03-29 15:45:58,959:INFO:   Eta: 1:43:38
2022-03-29 15:46:24,717:INFO: Train: [7][2075/2076]  Loss 0.1770 (0.8638)  Time:  0.141 (0.012)  Data Time:  0.005 (0.005)
2022-03-29 15:46:24,718:INFO:   Eta: 1:44:14
2022-03-29 15:46:47,372:INFO: Train: [8][2075/2076]  Loss 0.1474 (0.7380)  Time:  0.115 (0.011)  Data Time:  0.004 (0.004)
2022-03-29 15:46:47,373:INFO:   Eta: 1:31:19
2022-03-29 15:47:08,829:INFO: Train: [9][2075/2076]  Loss 0.1094 (0.5488)  Time:  0.123 (0.010)  Data Time:  0.005 (0.003)
2022-03-29 15:47:08,830:INFO:   Eta: 1:26:07
2022-03-29 15:47:33,785:INFO: Train: [10][2075/2076]  Loss 0.0607 (0.4245)  Time:  0.129 (0.012)  Data Time:  0.004 (0.004)
2022-03-29 15:47:33,785:INFO:   Eta: 1:39:46
2022-03-29 15:49:08,639:INFO: Test: [10]  ADE: 0.8474  FDE: 1.0912
2022-03-29 15:49:34,276:INFO: Train: [11][2075/2076]  Loss 0.0368 (0.3034)  Time:  0.153 (0.012)  Data Time:  0.004 (0.005)
2022-03-29 15:49:34,277:INFO:   Eta: 1:42:02
2022-03-29 15:49:59,335:INFO: Train: [12][2075/2076]  Loss 0.0378 (0.1864)  Time:  0.142 (0.012)  Data Time:  0.005 (0.005)
2022-03-29 15:49:59,336:INFO:   Eta: 1:39:20
2022-03-29 15:50:24,756:INFO: Train: [13][2075/2076]  Loss 0.0248 (0.1294)  Time:  0.147 (0.012)  Data Time:  0.005 (0.005)
2022-03-29 15:50:24,851:INFO:   Eta: 1:40:21
2022-03-29 15:50:50,344:INFO: Train: [14][2075/2076]  Loss 0.0132 (0.0905)  Time:  0.142 (0.012)  Data Time:  0.004 (0.005)
2022-03-29 15:50:50,626:INFO:   Eta: 1:39:12
2022-03-29 15:51:18,039:INFO: Train: [15][2075/2076]  Loss 0.0163 (0.0552)  Time:  0.126 (0.012)  Data Time:  0.004 (0.005)
2022-03-29 15:51:18,040:INFO:   Eta: 1:39:01
2022-03-29 15:51:39,710:INFO: Train: [16][2075/2076]  Loss 0.0668 (0.0395)  Time:  0.160 (0.010)  Data Time:  0.003 (0.003)
2022-03-29 15:51:39,711:INFO:   Eta: 1:24:28
2022-03-29 15:52:02,872:INFO: Train: [17][2075/2076]  Loss 0.1667 (0.0269)  Time:  0.121 (0.011)  Data Time:  0.003 (0.004)
2022-03-29 15:52:02,874:INFO:   Eta: 1:29:53
2022-03-29 15:52:27,481:INFO: Train: [18][2075/2076]  Loss 0.0776 (0.0131)  Time:  0.153 (0.012)  Data Time:  0.004 (0.004)
2022-03-29 15:52:27,582:INFO:   Eta: 1:35:04
2022-03-29 15:52:53,148:INFO: Train: [19][2075/2076]  Loss -0.0160 (-0.0099)  Time:  0.176 (0.012)  Data Time:  0.006 (0.004)
2022-03-29 15:52:53,148:INFO:   Eta: 1:35:49
2022-03-29 15:53:18,396:INFO: Train: [20][2075/2076]  Loss -0.0104 (-0.0213)  Time:  0.148 (0.012)  Data Time:  0.005 (0.004)
2022-03-29 15:53:18,397:INFO:   Eta: 1:36:41
2022-03-29 15:54:53,793:INFO: Test: [20]  ADE: 0.8338  FDE: 1.2494
2022-03-29 15:55:19,418:INFO: Train: [21][2075/2076]  Loss 0.1040 (-0.0202)  Time:  0.128 (0.012)  Data Time:  0.004 (0.005)
2022-03-29 15:55:19,534:INFO:   Eta: 1:37:43
2022-03-29 15:55:45,772:INFO: Train: [22][2075/2076]  Loss 0.0234 (-0.0488)  Time:  0.135 (0.012)  Data Time:  0.005 (0.005)
2022-03-29 15:55:45,818:INFO:   Eta: 1:35:53
2022-03-29 15:56:09,906:INFO: Train: [23][2075/2076]  Loss -0.0353 (-0.0344)  Time:  0.103 (0.011)  Data Time:  0.002 (0.004)
2022-03-29 15:56:09,908:INFO:   Eta: 1:29:48
2022-03-29 15:56:31,303:INFO: Train: [24][2075/2076]  Loss -0.0104 (-0.0873)  Time:  0.117 (0.010)  Data Time:  0.004 (0.003)
2022-03-29 15:56:31,304:INFO:   Eta: 1:20:32
2022-03-29 15:56:56,201:INFO: Train: [25][2075/2076]  Loss 0.0184 (-0.0468)  Time:  0.142 (0.012)  Data Time:  0.005 (0.004)
2022-03-29 15:56:56,289:INFO:   Eta: 1:33:18
2022-03-29 15:57:20,833:INFO: Train: [26][2075/2076]  Loss -0.0886 (-0.0752)  Time:  0.149 (0.012)  Data Time:  0.005 (0.004)
2022-03-29 15:57:20,836:INFO:   Eta: 1:30:33
2022-03-29 15:57:45,536:INFO: Train: [27][2075/2076]  Loss -0.0057 (-0.0866)  Time:  0.155 (0.012)  Data Time:  0.005 (0.004)
2022-03-29 15:57:45,537:INFO:   Eta: 1:31:40
2022-03-29 15:58:11,499:INFO: Train: [28][2075/2076]  Loss -0.0209 (-0.1175)  Time:  0.148 (0.012)  Data Time:  0.005 (0.005)
2022-03-29 15:58:11,500:INFO:   Eta: 1:35:58
2022-03-29 15:58:39,518:INFO: Train: [29][2075/2076]  Loss -0.0207 (-0.0860)  Time:  0.172 (0.013)  Data Time:  0.005 (0.005)
2022-03-29 15:58:39,523:INFO:   Eta: 1:43:07
2022-03-29 15:59:05,719:INFO: Train: [30][2075/2076]  Loss -0.0824 (-0.1029)  Time:  0.137 (0.013)  Data Time:  0.006 (0.005)
2022-03-29 15:59:05,720:INFO:   Eta: 1:36:00
2022-03-29 16:00:45,102:INFO: Test: [30]  ADE: 0.8421  FDE: 1.3083
2022-03-29 16:01:07,536:INFO: Train: [31][2075/2076]  Loss -0.0494 (-0.1043)  Time:  0.132 (0.011)  Data Time:  0.004 (0.004)
2022-03-29 16:01:07,537:INFO:   Eta: 1:21:47
2022-03-29 16:01:30,265:INFO: Train: [32][2075/2076]  Loss 0.0256 (-0.0774)  Time:  0.145 (0.011)  Data Time:  0.005 (0.004)
2022-03-29 16:01:30,265:INFO:   Eta: 1:22:31
2022-03-29 16:01:55,957:INFO: Train: [33][2075/2076]  Loss -0.0109 (-0.1143)  Time:  0.128 (0.012)  Data Time:  0.004 (0.004)
2022-03-29 16:01:55,958:INFO:   Eta: 1:32:52
2022-03-29 16:02:21,274:INFO: Train: [34][2075/2076]  Loss -0.0374 (-0.1546)  Time:  0.138 (0.012)  Data Time:  0.003 (0.005)
2022-03-29 16:02:21,275:INFO:   Eta: 1:31:05
2022-03-29 16:02:46,785:INFO: Train: [35][2075/2076]  Loss -0.0515 (-0.1167)  Time:  0.169 (0.012)  Data Time:  0.005 (0.005)
2022-03-29 16:02:46,873:INFO:   Eta: 1:31:21
2022-03-29 16:03:12,682:INFO: Train: [36][2075/2076]  Loss -0.0253 (-0.1371)  Time:  0.126 (0.012)  Data Time:  0.006 (0.005)
2022-03-29 16:03:12,683:INFO:   Eta: 1:31:21
2022-03-29 16:03:38,065:INFO: Train: [37][2075/2076]  Loss -0.0746 (-0.1488)  Time:  0.139 (0.012)  Data Time:  0.005 (0.005)
2022-03-29 16:03:38,065:INFO:   Eta: 1:30:04
2022-03-29 16:04:03,409:INFO: Train: [38][2075/2076]  Loss -0.0567 (-0.1133)  Time:  0.135 (0.012)  Data Time:  0.004 (0.005)
2022-03-29 16:04:03,410:INFO:   Eta: 1:29:30
2022-03-29 16:04:28,969:INFO: Train: [39][2075/2076]  Loss 0.1529 (-0.1499)  Time:  0.137 (0.012)  Data Time:  0.005 (0.005)
2022-03-29 16:04:28,971:INFO:   Eta: 1:29:50
2022-03-29 16:04:54,693:INFO: Train: [40][2075/2076]  Loss -0.0574 (-0.1368)  Time:  0.130 (0.012)  Data Time:  0.004 (0.005)
2022-03-29 16:04:54,694:INFO:   Eta: 1:29:58
2022-03-29 16:06:32,537:INFO: Test: [40]  ADE: 0.8399  FDE: 1.3467
2022-03-29 16:07:00,245:INFO: Train: [41][2075/2076]  Loss 0.0595 (-0.1423)  Time:  0.150 (0.013)  Data Time:  0.005 (0.005)
2022-03-29 16:07:00,246:INFO:   Eta: 1:36:16
2022-03-29 16:07:26,386:INFO: Train: [42][2075/2076]  Loss 0.0232 (-0.1261)  Time:  0.151 (0.013)  Data Time:  0.005 (0.005)
2022-03-29 16:07:26,388:INFO:   Eta: 1:30:34
2022-03-29 16:07:51,285:INFO: Train: [43][2075/2076]  Loss -0.0227 (-0.1642)  Time:  0.143 (0.012)  Data Time:  0.005 (0.004)
2022-03-29 16:07:51,286:INFO:   Eta: 1:25:50
2022-03-29 16:08:17,246:INFO: Train: [44][2075/2076]  Loss 0.0477 (-0.1569)  Time:  0.133 (0.012)  Data Time:  0.004 (0.005)
2022-03-29 16:08:17,248:INFO:   Eta: 1:29:05
2022-03-29 16:08:43,149:INFO: Train: [45][2075/2076]  Loss -0.0417 (-0.1387)  Time:  0.135 (0.012)  Data Time:  0.004 (0.005)
2022-03-29 16:08:43,150:INFO:   Eta: 1:28:27
2022-03-29 16:09:09,331:INFO: Train: [46][2075/2076]  Loss 0.0111 (-0.1420)  Time:  0.164 (0.013)  Data Time:  0.004 (0.005)
2022-03-29 16:09:09,332:INFO:   Eta: 1:28:58
2022-03-29 16:09:35,283:INFO: Train: [47][2075/2076]  Loss -0.0308 (-0.1566)  Time:  0.136 (0.012)  Data Time:  0.004 (0.005)
2022-03-29 16:09:35,285:INFO:   Eta: 1:27:43
2022-03-29 16:10:01,219:INFO: Train: [48][2075/2076]  Loss 0.0392 (-0.1498)  Time:  0.135 (0.012)  Data Time:  0.002 (0.005)
2022-03-29 16:10:01,220:INFO:   Eta: 1:27:14
2022-03-29 16:10:26,889:INFO: Train: [49][2075/2076]  Loss 0.0354 (-0.1222)  Time:  0.141 (0.012)  Data Time:  0.003 (0.005)
2022-03-29 16:10:26,890:INFO:   Eta: 1:25:56
2022-03-29 16:10:50,939:INFO: Train: [50][2075/2076]  Loss 0.0186 (-0.1419)  Time:  0.126 (0.012)  Data Time:  0.003 (0.004)
2022-03-29 16:10:50,940:INFO:   Eta: 1:20:07
2022-03-29 16:12:30,223:INFO: Test: [50]  ADE: 0.8538  FDE: 1.3935
2022-03-29 16:12:55,651:INFO: Train: [51][2075/2076]  Loss 0.0640 (-0.1677)  Time:  0.155 (0.012)  Data Time:  0.005 (0.004)
2022-03-29 16:12:55,745:INFO:   Eta: 1:19:48
2022-03-29 16:13:22,053:INFO: Train: [52][2075/2076]  Loss -0.0760 (-0.1665)  Time:  0.136 (0.012)  Data Time:  0.005 (0.005)
2022-03-29 16:13:22,055:INFO:   Eta: 1:25:33
2022-03-29 16:13:49,017:INFO: Train: [53][2075/2076]  Loss -0.0398 (-0.1713)  Time:  0.150 (0.013)  Data Time:  0.004 (0.005)
2022-03-29 16:13:49,018:INFO:   Eta: 1:28:28
2022-03-29 16:14:14,889:INFO: Train: [54][2075/2076]  Loss 0.0289 (-0.1399)  Time:  0.144 (0.012)  Data Time:  0.005 (0.005)
2022-03-29 16:14:14,890:INFO:   Eta: 1:24:28
2022-03-29 16:14:40,896:INFO: Train: [55][2075/2076]  Loss 0.0055 (-0.1449)  Time:  0.140 (0.013)  Data Time:  0.005 (0.005)
2022-03-29 16:14:40,897:INFO:   Eta: 1:24:28
2022-03-29 16:15:06,572:INFO: Train: [56][2075/2076]  Loss 0.0280 (-0.1647)  Time:  0.143 (0.012)  Data Time:  0.005 (0.005)
2022-03-29 16:15:06,573:INFO:   Eta: 1:22:58
2022-03-29 16:15:32,096:INFO: Train: [57][2075/2076]  Loss -0.0291 (-0.1464)  Time:  0.157 (0.012)  Data Time:  0.005 (0.005)
2022-03-29 16:15:32,097:INFO:   Eta: 1:22:03
2022-03-29 16:15:55,367:INFO: Train: [58][2075/2076]  Loss -0.0359 (-0.1373)  Time:  0.115 (0.011)  Data Time:  0.003 (0.004)
2022-03-29 16:15:55,368:INFO:   Eta: 1:14:25
2022-03-29 16:16:17,201:INFO: Train: [59][2075/2076]  Loss -0.0152 (-0.1424)  Time:  0.130 (0.011)  Data Time:  0.004 (0.003)
2022-03-29 16:16:17,202:INFO:   Eta: 1:09:27
2022-03-29 16:16:42,930:INFO: Train: [60][2075/2076]  Loss 0.0107 (-0.1448)  Time:  0.131 (0.012)  Data Time:  0.005 (0.005)
2022-03-29 16:16:42,931:INFO:   Eta: 1:21:26
2022-03-29 16:18:22,841:INFO: Test: [60]  ADE: 0.8525  FDE: 1.3968
2022-03-29 16:18:48,252:INFO: Train: [61][2075/2076]  Loss -0.0245 (-0.1703)  Time:  0.145 (0.012)  Data Time:  0.005 (0.004)
2022-03-29 16:18:48,253:INFO:   Eta: 1:19:58
2022-03-29 16:19:14,085:INFO: Train: [62][2075/2076]  Loss -0.0281 (-0.1306)  Time:  0.149 (0.012)  Data Time:  0.005 (0.005)
2022-03-29 16:19:14,085:INFO:   Eta: 1:20:53
2022-03-29 16:19:39,807:INFO: Train: [63][2075/2076]  Loss -0.0226 (-0.1845)  Time:  0.164 (0.012)  Data Time:  0.005 (0.005)
2022-03-29 16:19:39,810:INFO:   Eta: 1:20:07
2022-03-29 16:20:05,157:INFO: Train: [64][2075/2076]  Loss -0.0451 (-0.1850)  Time:  0.139 (0.012)  Data Time:  0.005 (0.005)
2022-03-29 16:20:05,177:INFO:   Eta: 1:18:29
2022-03-29 16:20:30,547:INFO: Train: [65][2075/2076]  Loss -0.0751 (-0.1891)  Time:  0.143 (0.012)  Data Time:  0.005 (0.004)
2022-03-29 16:20:30,548:INFO:   Eta: 1:18:01
2022-03-29 16:20:54,961:INFO: Train: [66][2075/2076]  Loss -0.0672 (-0.1529)  Time:  0.161 (0.012)  Data Time:  0.004 (0.004)
2022-03-29 16:20:54,962:INFO:   Eta: 1:14:47
2022-03-29 16:21:17,324:INFO: Train: [67][2075/2076]  Loss -0.0641 (-0.1472)  Time:  0.116 (0.011)  Data Time:  0.003 (0.003)
2022-03-29 16:21:17,324:INFO:   Eta: 1:08:09
2022-03-29 16:21:41,097:INFO: Train: [68][2075/2076]  Loss 0.0290 (-0.1680)  Time:  0.138 (0.011)  Data Time:  0.003 (0.004)
2022-03-29 16:21:41,098:INFO:   Eta: 1:12:04
2022-03-29 16:22:06,989:INFO: Train: [69][2075/2076]  Loss -0.0297 (-0.1389)  Time:  0.134 (0.012)  Data Time:  0.005 (0.005)
2022-03-29 16:22:06,991:INFO:   Eta: 1:18:03
2022-03-29 16:22:32,800:INFO: Train: [70][2075/2076]  Loss 0.0165 (-0.1470)  Time:  0.140 (0.012)  Data Time:  0.004 (0.004)
2022-03-29 16:22:32,800:INFO:   Eta: 1:17:22
2022-03-29 16:24:10,856:INFO: Test: [70]  ADE: 0.8596  FDE: 1.4091
2022-03-29 16:24:36,502:INFO: Train: [71][2075/2076]  Loss 0.0365 (-0.1720)  Time:  0.126 (0.012)  Data Time:  0.004 (0.005)
2022-03-29 16:24:36,504:INFO:   Eta: 1:16:26
2022-03-29 16:25:01,979:INFO: Train: [72][2075/2076]  Loss -0.0526 (-0.1624)  Time:  0.157 (0.012)  Data Time:  0.004 (0.004)
2022-03-29 16:25:01,980:INFO:   Eta: 1:15:32
2022-03-29 16:25:27,328:INFO: Train: [73][2075/2076]  Loss -0.0676 (-0.1534)  Time:  0.133 (0.012)  Data Time:  0.004 (0.005)
2022-03-29 16:25:27,329:INFO:   Eta: 1:14:44
2022-03-29 16:25:53,760:INFO: Train: [74][2075/2076]  Loss -0.1079 (-0.1681)  Time:  0.136 (0.013)  Data Time:  0.004 (0.005)
2022-03-29 16:25:53,761:INFO:   Eta: 1:17:29
2022-03-29 16:26:17,423:INFO: Train: [75][2075/2076]  Loss -0.0668 (-0.1668)  Time:  0.134 (0.011)  Data Time:  0.006 (0.004)
2022-03-29 16:26:17,425:INFO:   Eta: 1:08:58
2022-03-29 16:26:39,331:INFO: Train: [76][2075/2076]  Loss -0.0284 (-0.1782)  Time:  0.133 (0.011)  Data Time:  0.003 (0.003)
2022-03-29 16:26:39,332:INFO:   Eta: 1:03:29
2022-03-29 16:27:04,652:INFO: Train: [77][2075/2076]  Loss 0.0530 (-0.1163)  Time:  0.144 (0.012)  Data Time:  0.004 (0.004)
2022-03-29 16:27:04,653:INFO:   Eta: 1:12:58
2022-03-29 16:27:30,321:INFO: Train: [78][2075/2076]  Loss -0.0217 (-0.1645)  Time:  0.154 (0.012)  Data Time:  0.006 (0.005)
2022-03-29 16:27:30,322:INFO:   Eta: 1:13:32
2022-03-29 16:27:56,294:INFO: Train: [79][2075/2076]  Loss -0.0232 (-0.1644)  Time:  0.145 (0.013)  Data Time:  0.005 (0.005)
2022-03-29 16:27:56,295:INFO:   Eta: 1:13:59
2022-03-29 16:28:21,495:INFO: Train: [80][2075/2076]  Loss -0.0985 (-0.1740)  Time:  0.167 (0.012)  Data Time:  0.005 (0.004)
2022-03-29 16:28:21,496:INFO:   Eta: 1:11:22
2022-03-29 16:30:01,139:INFO: Test: [80]  ADE: 0.8538  FDE: 1.3962
2022-03-29 16:30:27,136:INFO: Train: [81][2075/2076]  Loss -0.0111 (-0.1679)  Time:  0.147 (0.013)  Data Time:  0.004 (0.005)
2022-03-29 16:30:27,137:INFO:   Eta: 1:13:09
2022-03-29 16:30:52,543:INFO: Train: [82][2075/2076]  Loss 0.0180 (-0.1798)  Time:  0.142 (0.012)  Data Time:  0.005 (0.004)
2022-03-29 16:30:52,545:INFO:   Eta: 1:11:06
2022-03-29 16:31:16,115:INFO: Train: [83][2075/2076]  Loss 0.0034 (-0.1628)  Time:  0.145 (0.011)  Data Time:  0.003 (0.004)
2022-03-29 16:31:16,116:INFO:   Eta: 1:05:33
2022-03-29 16:31:38,607:INFO: Train: [84][2075/2076]  Loss -0.0083 (-0.1788)  Time:  0.121 (0.011)  Data Time:  0.003 (0.004)
2022-03-29 16:31:38,608:INFO:   Eta: 1:02:11
2022-03-29 16:32:02,848:INFO: Train: [85][2075/2076]  Loss -0.0469 (-0.1765)  Time:  0.144 (0.012)  Data Time:  0.005 (0.004)
2022-03-29 16:32:02,849:INFO:   Eta: 1:06:37
2022-03-29 16:32:27,910:INFO: Train: [86][2075/2076]  Loss -0.0373 (-0.1620)  Time:  0.171 (0.012)  Data Time:  0.005 (0.004)
2022-03-29 16:32:27,911:INFO:   Eta: 1:08:27
2022-03-29 16:32:53,640:INFO: Train: [87][2075/2076]  Loss 0.0117 (-0.1443)  Time:  0.153 (0.012)  Data Time:  0.005 (0.005)
2022-03-29 16:32:53,642:INFO:   Eta: 1:09:52
2022-03-29 16:33:19,251:INFO: Train: [88][2075/2076]  Loss 0.0178 (-0.1757)  Time:  0.154 (0.012)  Data Time:  0.005 (0.005)
2022-03-29 16:33:19,253:INFO:   Eta: 1:09:05
2022-03-29 16:33:44,487:INFO: Train: [89][2075/2076]  Loss -0.0697 (-0.1611)  Time:  0.146 (0.012)  Data Time:  0.004 (0.004)
2022-03-29 16:33:44,488:INFO:   Eta: 1:07:40
2022-03-29 16:34:10,665:INFO: Train: [90][2075/2076]  Loss 0.0405 (-0.1710)  Time:  0.146 (0.013)  Data Time:  0.005 (0.005)
2022-03-29 16:34:10,667:INFO:   Eta: 1:09:46
2022-03-29 16:35:48,994:INFO: Test: [90]  ADE: 0.8595  FDE: 1.4037
2022-03-29 16:36:14,918:INFO: Train: [91][2075/2076]  Loss 0.0115 (-0.1841)  Time:  0.115 (0.011)  Data Time:  0.004 (0.004)
2022-03-29 16:36:14,953:INFO:   Eta: 1:02:38
2022-03-29 16:36:38,251:INFO: Train: [92][2075/2076]  Loss -0.0734 (-0.1719)  Time:  0.125 (0.011)  Data Time:  0.004 (0.004)
2022-03-29 16:36:38,253:INFO:   Eta: 1:00:43
2022-03-29 16:37:02,269:INFO: Train: [93][2075/2076]  Loss -0.1252 (-0.1471)  Time:  0.142 (0.012)  Data Time:  0.005 (0.004)
2022-03-29 16:37:02,270:INFO:   Eta: 1:02:48
2022-03-29 16:37:28,769:INFO: Train: [94][2075/2076]  Loss -0.0507 (-0.1782)  Time:  0.143 (0.013)  Data Time:  0.004 (0.005)
2022-03-29 16:37:28,769:INFO:   Eta: 1:08:51
2022-03-29 16:37:54,655:INFO: Train: [95][2075/2076]  Loss -0.0068 (-0.1532)  Time:  0.138 (0.012)  Data Time:  0.004 (0.005)
2022-03-29 16:37:54,655:INFO:   Eta: 1:06:50
2022-03-29 16:38:21,100:INFO: Train: [96][2075/2076]  Loss 0.0090 (-0.1591)  Time:  0.136 (0.013)  Data Time:  0.005 (0.005)
2022-03-29 16:38:21,100:INFO:   Eta: 1:07:50
2022-03-29 16:38:46,229:INFO: Train: [97][2075/2076]  Loss -0.0403 (-0.1713)  Time:  0.137 (0.012)  Data Time:  0.005 (0.005)
2022-03-29 16:38:46,327:INFO:   Eta: 1:04:02
2022-03-29 16:39:12,723:INFO: Train: [98][2075/2076]  Loss -0.0569 (-0.1551)  Time:  0.138 (0.012)  Data Time:  0.005 (0.004)
2022-03-29 16:39:12,823:INFO:   Eta: 1:01:52
2022-03-29 16:39:39,443:INFO: Train: [99][2075/2076]  Loss -0.0293 (-0.1757)  Time:  0.141 (0.012)  Data Time:  0.007 (0.005)
2022-03-29 16:39:39,444:INFO:   Eta: 1:04:23
2022-03-29 16:40:05,364:INFO: Train: [100][2075/2076]  Loss -0.0907 (-0.1614)  Time:  0.180 (0.012)  Data Time:  0.005 (0.005)
2022-03-29 16:40:05,366:INFO:   Eta: 1:04:46
2022-03-29 16:41:45,556:INFO: Test: [100]  ADE: 0.8527  FDE: 1.3900
2022-03-29 16:42:10,480:INFO: Train: [101][2075/2076]  Loss -0.1043 (-0.1574)  Time:  0.158 (0.012)  Data Time:  0.006 (0.004)
2022-03-29 16:42:10,481:INFO:   Eta: 1:01:50
2022-03-29 16:42:36,161:INFO: Train: [102][2075/2076]  Loss -0.0035 (-0.1741)  Time:  0.138 (0.012)  Data Time:  0.005 (0.005)
2022-03-29 16:42:36,162:INFO:   Eta: 1:03:18
2022-03-29 16:43:01,870:INFO: Train: [103][2075/2076]  Loss -0.0482 (-0.1712)  Time:  0.143 (0.012)  Data Time:  0.005 (0.005)
2022-03-29 16:43:01,870:INFO:   Eta: 1:02:57
2022-03-29 16:43:27,929:INFO: Train: [104][2075/2076]  Loss -0.0593 (-0.1398)  Time:  0.135 (0.013)  Data Time:  0.004 (0.005)
2022-03-29 16:43:28,003:INFO:   Eta: 1:03:22
2022-03-29 16:43:53,917:INFO: Train: [105][2075/2076]  Loss -0.0632 (-0.1821)  Time:  0.137 (0.012)  Data Time:  0.005 (0.005)
2022-03-29 16:43:53,918:INFO:   Eta: 1:01:28
2022-03-29 16:44:19,222:INFO: Train: [106][2075/2076]  Loss -0.0619 (-0.1827)  Time:  0.136 (0.012)  Data Time:  0.003 (0.005)
2022-03-29 16:44:19,224:INFO:   Eta: 1:00:42
2022-03-29 16:44:45,003:INFO: Train: [107][2075/2076]  Loss -0.0570 (-0.1642)  Time:  0.153 (0.012)  Data Time:  0.005 (0.005)
2022-03-29 16:44:45,004:INFO:   Eta: 1:01:24
2022-03-29 16:45:10,680:INFO: Train: [108][2075/2076]  Loss -0.0576 (-0.1861)  Time:  0.143 (0.012)  Data Time:  0.005 (0.005)
2022-03-29 16:45:10,681:INFO:   Eta: 1:00:44
2022-03-29 16:45:36,250:INFO: Train: [109][2075/2076]  Loss -0.0139 (-0.1871)  Time:  0.134 (0.012)  Data Time:  0.005 (0.004)
2022-03-29 16:45:36,251:INFO:   Eta: 1:00:03
2022-03-29 16:46:01,892:INFO: Train: [110][2075/2076]  Loss -0.1293 (-0.1709)  Time:  0.143 (0.012)  Data Time:  0.005 (0.005)
2022-03-29 16:46:01,893:INFO:   Eta: 0:59:48
2022-03-29 16:47:39,140:INFO: Test: [110]  ADE: 0.8543  FDE: 1.3940
2022-03-29 16:48:05,183:INFO: Train: [111][2075/2076]  Loss -0.1141 (-0.1570)  Time:  0.161 (0.013)  Data Time:  0.005 (0.005)
2022-03-29 16:48:05,184:INFO:   Eta: 1:00:17
2022-03-29 16:48:30,820:INFO: Train: [112][2075/2076]  Loss 0.0272 (-0.1403)  Time:  0.143 (0.012)  Data Time:  0.005 (0.005)
2022-03-29 16:48:30,821:INFO:   Eta: 0:58:54
2022-03-29 16:48:56,145:INFO: Train: [113][2075/2076]  Loss 0.1012 (-0.1674)  Time:  0.124 (0.012)  Data Time:  0.004 (0.005)
2022-03-29 16:48:56,146:INFO:   Eta: 0:57:47
2022-03-29 16:49:21,234:INFO: Train: [114][2075/2076]  Loss -0.0305 (-0.2056)  Time:  0.147 (0.012)  Data Time:  0.005 (0.005)
2022-03-29 16:49:21,235:INFO:   Eta: 0:56:50
2022-03-29 16:49:46,991:INFO: Train: [115][2075/2076]  Loss -0.0024 (-0.1687)  Time:  0.147 (0.012)  Data Time:  0.006 (0.005)
2022-03-29 16:49:46,992:INFO:   Eta: 0:57:55
2022-03-29 16:50:12,181:INFO: Train: [116][2075/2076]  Loss 0.0033 (-0.1922)  Time:  0.135 (0.012)  Data Time:  0.004 (0.005)
2022-03-29 16:50:12,181:INFO:   Eta: 0:56:13
2022-03-29 16:50:37,966:INFO: Train: [117][2075/2076]  Loss -0.0863 (-0.1426)  Time:  0.151 (0.012)  Data Time:  0.005 (0.005)
2022-03-29 16:50:37,967:INFO:   Eta: 0:57:07
2022-03-29 16:51:01,623:INFO: Train: [118][2075/2076]  Loss -0.0694 (-0.1780)  Time:  0.121 (0.011)  Data Time:  0.004 (0.004)
2022-03-29 16:51:01,635:INFO:   Eta: 0:52:01
2022-03-29 16:51:25,084:INFO: Train: [119][2075/2076]  Loss -0.0273 (-0.1735)  Time:  0.127 (0.011)  Data Time:  0.004 (0.004)
2022-03-29 16:51:25,090:INFO:   Eta: 0:51:05
2022-03-29 16:51:48,831:INFO: Train: [120][2075/2076]  Loss -0.0278 (-0.1796)  Time:  0.143 (0.011)  Data Time:  0.005 (0.004)
2022-03-29 16:51:48,832:INFO:   Eta: 0:51:22
2022-03-29 16:53:24,741:INFO: Test: [120]  ADE: 0.8498  FDE: 1.3802
2022-03-29 16:53:50,466:INFO: Train: [121][2075/2076]  Loss -0.0652 (-0.1786)  Time:  0.148 (0.012)  Data Time:  0.005 (0.005)
2022-03-29 16:53:50,468:INFO:   Eta: 0:55:15
2022-03-29 16:54:15,139:INFO: Train: [122][2075/2076]  Loss -0.0174 (-0.1759)  Time:  0.138 (0.012)  Data Time:  0.005 (0.004)
2022-03-29 16:54:15,140:INFO:   Eta: 0:52:36
2022-03-29 16:54:40,298:INFO: Train: [123][2075/2076]  Loss -0.0222 (-0.1677)  Time:  0.139 (0.012)  Data Time:  0.005 (0.005)
2022-03-29 16:54:40,299:INFO:   Eta: 0:53:13
2022-03-29 16:55:05,959:INFO: Train: [124][2075/2076]  Loss 0.0419 (-0.1711)  Time:  0.134 (0.012)  Data Time:  0.005 (0.005)
2022-03-29 16:55:05,961:INFO:   Eta: 0:53:50
2022-03-29 16:55:30,392:INFO: Train: [125][2075/2076]  Loss 0.0446 (-0.1630)  Time:  0.123 (0.012)  Data Time:  0.004 (0.004)
2022-03-29 16:55:30,394:INFO:   Eta: 0:50:51
2022-03-29 16:55:53,313:INFO: Train: [126][2075/2076]  Loss -0.0961 (-0.1687)  Time:  0.121 (0.011)  Data Time:  0.004 (0.004)
2022-03-29 16:55:53,314:INFO:   Eta: 0:47:20
2022-03-29 16:56:17,310:INFO: Train: [127][2075/2076]  Loss -0.0123 (-0.1688)  Time:  0.128 (0.012)  Data Time:  0.004 (0.004)
2022-03-29 16:56:17,311:INFO:   Eta: 0:49:09
2022-03-29 16:56:41,585:INFO: Train: [128][2075/2076]  Loss -0.0842 (-0.1844)  Time:  0.133 (0.012)  Data Time:  0.004 (0.004)
2022-03-29 16:56:41,586:INFO:   Eta: 0:49:20
2022-03-29 16:57:07,016:INFO: Train: [129][2075/2076]  Loss -0.0677 (-0.1543)  Time:  0.182 (0.012)  Data Time:  0.005 (0.005)
2022-03-29 16:57:07,017:INFO:   Eta: 0:51:15
2022-03-29 16:57:32,564:INFO: Train: [130][2075/2076]  Loss -0.0255 (-0.1795)  Time:  0.153 (0.012)  Data Time:  0.004 (0.005)
2022-03-29 16:57:32,565:INFO:   Eta: 0:51:04
2022-03-29 16:59:10,904:INFO: Test: [130]  ADE: 0.8604  FDE: 1.3992
2022-03-29 16:59:36,097:INFO: Train: [131][2075/2076]  Loss -0.0579 (-0.1888)  Time:  0.136 (0.012)  Data Time:  0.005 (0.004)
2022-03-29 16:59:36,099:INFO:   Eta: 0:49:55
2022-03-29 17:00:01,069:INFO: Train: [132][2075/2076]  Loss 0.0209 (-0.1901)  Time:  0.150 (0.012)  Data Time:  0.004 (0.004)
2022-03-29 17:00:01,070:INFO:   Eta: 0:49:05
2022-03-29 17:00:26,398:INFO: Train: [133][2075/2076]  Loss -0.0499 (-0.1591)  Time:  0.136 (0.012)  Data Time:  0.004 (0.005)
2022-03-29 17:00:26,399:INFO:   Eta: 0:49:22
2022-03-29 17:00:51,432:INFO: Train: [134][2075/2076]  Loss -0.0075 (-0.1643)  Time:  0.153 (0.012)  Data Time:  0.004 (0.004)
2022-03-29 17:00:51,434:INFO:   Eta: 0:48:22
2022-03-29 17:01:14,358:INFO: Train: [135][2075/2076]  Loss -0.0037 (-0.1405)  Time:  0.122 (0.011)  Data Time:  0.003 (0.004)
2022-03-29 17:01:14,358:INFO:   Eta: 0:43:54
2022-03-29 17:01:38,402:INFO: Train: [136][2075/2076]  Loss -0.0623 (-0.1690)  Time:  0.181 (0.012)  Data Time:  0.004 (0.004)
2022-03-29 17:01:38,404:INFO:   Eta: 0:45:39
2022-03-29 17:02:02,533:INFO: Train: [137][2075/2076]  Loss -0.0182 (-0.1990)  Time:  0.127 (0.012)  Data Time:  0.005 (0.004)
2022-03-29 17:02:02,535:INFO:   Eta: 0:45:25
2022-03-29 17:02:27,053:INFO: Train: [138][2075/2076]  Loss 0.0048 (-0.1640)  Time:  0.131 (0.012)  Data Time:  0.004 (0.004)
2022-03-29 17:02:27,053:INFO:   Eta: 0:45:44
2022-03-29 17:02:52,479:INFO: Train: [139][2075/2076]  Loss -0.0821 (-0.1706)  Time:  0.140 (0.012)  Data Time:  0.004 (0.005)
2022-03-29 17:02:52,481:INFO:   Eta: 0:47:00
2022-03-29 17:03:17,840:INFO: Train: [140][2075/2076]  Loss -0.0296 (-0.1622)  Time:  0.128 (0.012)  Data Time:  0.004 (0.004)
2022-03-29 17:03:17,841:INFO:   Eta: 0:46:27
2022-03-29 17:04:56,403:INFO: Test: [140]  ADE: 0.8514  FDE: 1.3843
2022-03-29 17:05:20,871:INFO: Train: [141][2075/2076]  Loss -0.1049 (-0.1727)  Time:  0.131 (0.012)  Data Time:  0.005 (0.004)
2022-03-29 17:05:20,872:INFO:   Eta: 0:44:24
2022-03-29 17:05:46,249:INFO: Train: [142][2075/2076]  Loss -0.0991 (-0.1667)  Time:  0.134 (0.012)  Data Time:  0.004 (0.005)
2022-03-29 17:05:46,250:INFO:   Eta: 0:45:39
2022-03-29 17:06:11,425:INFO: Train: [143][2075/2076]  Loss -0.0749 (-0.1839)  Time:  0.158 (0.012)  Data Time:  0.005 (0.005)
2022-03-29 17:06:11,426:INFO:   Eta: 0:44:52
2022-03-29 17:06:34,605:INFO: Train: [144][2075/2076]  Loss -0.1050 (-0.1730)  Time:  0.127 (0.011)  Data Time:  0.004 (0.004)
2022-03-29 17:06:34,606:INFO:   Eta: 0:40:55
2022-03-29 17:06:57,602:INFO: Train: [145][2075/2076]  Loss -0.0812 (-0.1692)  Time:  0.116 (0.011)  Data Time:  0.004 (0.004)
2022-03-29 17:06:57,603:INFO:   Eta: 0:40:12
2022-03-29 17:07:22,897:INFO: Train: [146][2075/2076]  Loss -0.0831 (-0.1637)  Time:  0.139 (0.012)  Data Time:  0.005 (0.004)
2022-03-29 17:07:22,897:INFO:   Eta: 0:43:49
2022-03-29 17:07:46,702:INFO: Train: [147][2075/2076]  Loss -0.1082 (-0.1566)  Time:  0.130 (0.011)  Data Time:  0.004 (0.004)
2022-03-29 17:07:46,703:INFO:   Eta: 0:40:50
2022-03-29 17:08:11,436:INFO: Train: [148][2075/2076]  Loss 0.0236 (-0.1533)  Time:  0.138 (0.012)  Data Time:  0.004 (0.004)
2022-03-29 17:08:11,437:INFO:   Eta: 0:42:01
2022-03-29 17:08:36,769:INFO: Train: [149][2075/2076]  Loss -0.0676 (-0.1847)  Time:  0.143 (0.012)  Data Time:  0.004 (0.004)
2022-03-29 17:08:36,769:INFO:   Eta: 0:42:37
2022-03-29 17:09:01,939:INFO: Train: [150][2075/2076]  Loss -0.0699 (-0.1806)  Time:  0.128 (0.012)  Data Time:  0.005 (0.004)
2022-03-29 17:09:01,941:INFO:   Eta: 0:41:55
2022-03-29 17:10:41,671:INFO: Test: [150]  ADE: 0.8523  FDE: 1.3893
2022-03-29 17:11:06,686:INFO: Train: [151][2075/2076]  Loss 0.0538 (-0.1849)  Time:  0.123 (0.012)  Data Time:  0.005 (0.004)
2022-03-29 17:11:06,688:INFO:   Eta: 0:41:13
2022-03-29 17:11:11,729:INFO: Valid: [151][529/530]  Loss -1.4296 (-0.9351)
2022-03-29 17:11:11,787:INFO: Checkpoint saved...
2022-03-29 17:11:37,103:INFO: Train: [152][2075/2076]  Loss -0.0616 (-0.1646)  Time:  0.147 (0.012)  Data Time:  0.005 (0.004)
2022-03-29 17:11:37,106:INFO:   Eta: 0:41:18
2022-03-29 17:11:42,143:INFO: Valid: [152][529/530]  Loss -1.4414 (-0.9431)
2022-03-29 17:11:42,175:INFO: Checkpoint saved...
2022-03-29 17:12:06,116:INFO: Train: [153][2075/2076]  Loss -0.0336 (-0.1699)  Time:  0.148 (0.012)  Data Time:  0.004 (0.004)
2022-03-29 17:12:06,118:INFO:   Eta: 0:38:39
2022-03-29 17:12:11,134:INFO: Valid: [153][529/530]  Loss -1.4387 (-0.9415)
2022-03-29 17:12:34,553:INFO: Train: [154][2075/2076]  Loss 0.0939 (-0.1671)  Time:  0.135 (0.011)  Data Time:  0.004 (0.004)
2022-03-29 17:12:34,554:INFO:   Eta: 0:37:27
2022-03-29 17:12:39,375:INFO: Valid: [154][529/530]  Loss -1.4363 (-0.9394)
2022-03-29 17:13:04,504:INFO: Train: [155][2075/2076]  Loss -0.0661 (-0.1728)  Time:  0.129 (0.012)  Data Time:  0.004 (0.005)
2022-03-29 17:13:04,511:INFO:   Eta: 0:39:46
2022-03-29 17:13:09,527:INFO: Valid: [155][529/530]  Loss -1.4371 (-0.9397)
2022-03-29 17:13:33,101:INFO: Train: [156][2075/2076]  Loss 0.0340 (-0.1624)  Time:  0.126 (0.011)  Data Time:  0.004 (0.004)
2022-03-29 17:13:33,103:INFO:   Eta: 0:36:54
2022-03-29 17:13:38,025:INFO: Valid: [156][529/530]  Loss -1.4360 (-0.9389)
2022-03-29 17:14:03,361:INFO: Train: [157][2075/2076]  Loss -0.0028 (-0.1871)  Time:  0.135 (0.012)  Data Time:  0.005 (0.005)
2022-03-29 17:14:03,363:INFO:   Eta: 0:39:15
2022-03-29 17:14:08,292:INFO: Valid: [157][529/530]  Loss -1.4395 (-0.9415)
2022-03-29 17:14:33,612:INFO: Train: [158][2075/2076]  Loss -0.1069 (-0.1965)  Time:  0.167 (0.012)  Data Time:  0.006 (0.005)
2022-03-29 17:14:33,613:INFO:   Eta: 0:38:48
2022-03-29 17:14:38,669:INFO: Valid: [158][529/530]  Loss -1.4395 (-0.9417)
2022-03-29 17:15:04,413:INFO: Train: [159][2075/2076]  Loss -0.0738 (-0.1867)  Time:  0.133 (0.012)  Data Time:  0.005 (0.004)
2022-03-29 17:15:04,414:INFO:   Eta: 0:39:01
2022-03-29 17:15:08,951:INFO: Valid: [159][529/530]  Loss -1.4387 (-0.9414)
2022-03-29 17:15:34,635:INFO: Train: [160][2075/2076]  Loss -0.0274 (-0.1818)  Time:  0.148 (0.012)  Data Time:  0.004 (0.004)
2022-03-29 17:15:34,636:INFO:   Eta: 0:38:30
2022-03-29 17:15:39,346:INFO: Valid: [160][529/530]  Loss -1.4369 (-0.9405)
2022-03-29 17:17:18,997:INFO: Test: [160]  ADE: 0.8553  FDE: 1.3859
2022-03-29 17:17:41,651:INFO: Train: [161][2075/2076]  Loss -0.1205 (-0.1976)  Time:  0.115 (0.011)  Data Time:  0.004 (0.004)
2022-03-29 17:17:41,652:INFO:   Eta: 0:33:34
2022-03-29 17:17:46,398:INFO: Valid: [161][529/530]  Loss -1.4333 (-0.9385)
2022-03-29 17:18:11,484:INFO: Train: [162][2075/2076]  Loss -0.0328 (-0.1732)  Time:  0.142 (0.012)  Data Time:  0.005 (0.004)
2022-03-29 17:18:11,485:INFO:   Eta: 0:36:46
2022-03-29 17:18:16,465:INFO: Valid: [162][529/530]  Loss -1.4343 (-0.9389)
2022-03-29 17:18:41,464:INFO: Train: [163][2075/2076]  Loss -0.0107 (-0.1846)  Time:  0.139 (0.012)  Data Time:  0.005 (0.004)
2022-03-29 17:18:41,465:INFO:   Eta: 0:36:13
2022-03-29 17:18:46,240:INFO: Valid: [163][529/530]  Loss -1.4377 (-0.9414)
2022-03-29 17:19:09,783:INFO: Train: [164][2075/2076]  Loss -0.0704 (-0.2012)  Time:  0.141 (0.011)  Data Time:  0.004 (0.004)
2022-03-29 17:19:09,784:INFO:   Eta: 0:33:43
2022-03-29 17:19:14,272:INFO: Valid: [164][529/530]  Loss -1.4373 (-0.9407)
2022-03-29 17:19:39,603:INFO: Train: [165][2075/2076]  Loss -0.0716 (-0.1816)  Time:  0.128 (0.012)  Data Time:  0.004 (0.004)
2022-03-29 17:19:39,604:INFO:   Eta: 0:35:51
2022-03-29 17:19:44,407:INFO: Valid: [165][529/530]  Loss -1.4363 (-0.9402)
2022-03-29 17:20:09,484:INFO: Train: [166][2075/2076]  Loss -0.0368 (-0.1725)  Time:  0.135 (0.012)  Data Time:  0.004 (0.005)
2022-03-29 17:20:09,485:INFO:   Eta: 0:35:05
2022-03-29 17:20:14,448:INFO: Valid: [166][529/530]  Loss -1.4405 (-0.9430)
2022-03-29 17:20:39,757:INFO: Train: [167][2075/2076]  Loss -0.1025 (-0.1868)  Time:  0.136 (0.012)  Data Time:  0.005 (0.004)
2022-03-29 17:20:39,757:INFO:   Eta: 0:34:59
2022-03-29 17:20:44,625:INFO: Valid: [167][529/530]  Loss -1.4375 (-0.9409)
2022-03-29 17:21:10,289:INFO: Train: [168][2075/2076]  Loss -0.0333 (-0.1791)  Time:  0.153 (0.012)  Data Time:  0.005 (0.004)
2022-03-29 17:21:10,453:INFO:   Eta: 0:35:02
2022-03-29 17:21:15,290:INFO: Valid: [168][529/530]  Loss -1.4384 (-0.9417)
2022-03-29 17:21:40,489:INFO: Train: [169][2075/2076]  Loss -0.0509 (-0.1632)  Time:  0.141 (0.012)  Data Time:  0.004 (0.004)
2022-03-29 17:21:40,490:INFO:   Eta: 0:33:58
2022-03-29 17:21:45,211:INFO: Valid: [169][529/530]  Loss -1.4372 (-0.9406)
2022-03-29 17:22:10,762:INFO: Train: [170][2075/2076]  Loss -0.0494 (-0.1446)  Time:  0.144 (0.012)  Data Time:  0.004 (0.005)
2022-03-29 17:22:10,763:INFO:   Eta: 0:34:02
2022-03-29 17:22:15,771:INFO: Valid: [170][529/530]  Loss -1.4342 (-0.9386)
2022-03-29 17:23:54,307:INFO: Test: [170]  ADE: 0.8535  FDE: 1.3903
2022-03-29 17:24:19,939:INFO: Train: [171][2075/2076]  Loss -0.0611 (-0.1775)  Time:  0.140 (0.012)  Data Time:  0.006 (0.004)
2022-03-29 17:24:19,940:INFO:   Eta: 0:33:43
2022-03-29 17:24:24,461:INFO: Valid: [171][529/530]  Loss -1.4353 (-0.9397)
2022-03-29 17:24:48,887:INFO: Train: [172][2075/2076]  Loss -0.0577 (-0.1888)  Time:  0.127 (0.012)  Data Time:  0.004 (0.004)
2022-03-29 17:24:48,888:INFO:   Eta: 0:31:44
2022-03-29 17:24:53,489:INFO: Valid: [172][529/530]  Loss -1.4335 (-0.9387)
2022-03-29 17:25:18,903:INFO: Train: [173][2075/2076]  Loss -0.0611 (-0.1831)  Time:  0.143 (0.012)  Data Time:  0.005 (0.005)
2022-03-29 17:25:18,904:INFO:   Eta: 0:32:35
2022-03-29 17:25:23,582:INFO: Valid: [173][529/530]  Loss -1.4385 (-0.9420)
2022-03-29 17:25:49,016:INFO: Train: [174][2075/2076]  Loss -0.0243 (-0.1594)  Time:  0.145 (0.012)  Data Time:  0.003 (0.005)
2022-03-29 17:25:49,017:INFO:   Eta: 0:32:11
2022-03-29 17:25:53,922:INFO: Valid: [174][529/530]  Loss -1.4286 (-0.9355)
2022-03-29 17:26:19,096:INFO: Train: [175][2075/2076]  Loss 0.0199 (-0.1699)  Time:  0.167 (0.012)  Data Time:  0.004 (0.004)
2022-03-29 17:26:19,098:INFO:   Eta: 0:31:27
2022-03-29 17:26:23,952:INFO: Valid: [175][529/530]  Loss -1.4370 (-0.9409)
2022-03-29 17:26:48,865:INFO: Train: [176][2075/2076]  Loss -0.0299 (-0.1576)  Time:  0.133 (0.012)  Data Time:  0.004 (0.004)
2022-03-29 17:26:48,866:INFO:   Eta: 0:30:40
2022-03-29 17:26:53,685:INFO: Valid: [176][529/530]  Loss -1.4356 (-0.9400)
2022-03-29 17:27:18,755:INFO: Train: [177][2075/2076]  Loss 0.0754 (-0.1901)  Time:  0.150 (0.012)  Data Time:  0.005 (0.004)
2022-03-29 17:27:18,756:INFO:   Eta: 0:30:29
2022-03-29 17:27:23,662:INFO: Valid: [177][529/530]  Loss -1.4371 (-0.9407)
2022-03-29 17:27:48,888:INFO: Train: [178][2075/2076]  Loss -0.0039 (-0.1597)  Time:  0.137 (0.012)  Data Time:  0.004 (0.004)
2022-03-29 17:27:48,889:INFO:   Eta: 0:30:15
2022-03-29 17:27:53,745:INFO: Valid: [178][529/530]  Loss -1.4344 (-0.9390)
2022-03-29 17:28:18,951:INFO: Train: [179][2075/2076]  Loss -0.0489 (-0.1586)  Time:  0.113 (0.012)  Data Time:  0.004 (0.004)
2022-03-29 17:28:19,056:INFO:   Eta: 0:29:48
2022-03-29 17:28:23,975:INFO: Valid: [179][529/530]  Loss -1.4345 (-0.9392)
2022-03-29 17:28:48,510:INFO: Train: [180][2075/2076]  Loss -0.0326 (-0.1711)  Time:  0.135 (0.011)  Data Time:  0.004 (0.004)
2022-03-29 17:28:48,602:INFO:   Eta: 0:27:15
2022-03-29 17:28:53,150:INFO: Valid: [180][529/530]  Loss -1.4346 (-0.9393)
2022-03-29 17:30:31,652:INFO: Test: [180]  ADE: 0.8540  FDE: 1.3886
2022-03-29 17:30:56,552:INFO: Train: [181][2075/2076]  Loss 0.0368 (-0.1851)  Time:  0.124 (0.012)  Data Time:  0.004 (0.004)
2022-03-29 17:30:56,552:INFO:   Eta: 0:28:35
2022-03-29 17:31:01,226:INFO: Valid: [181][529/530]  Loss -1.4280 (-0.9347)
2022-03-29 17:31:26,838:INFO: Train: [182][2075/2076]  Loss -0.0607 (-0.1634)  Time:  0.130 (0.012)  Data Time:  0.004 (0.005)
2022-03-29 17:31:26,840:INFO:   Eta: 0:29:00
2022-03-29 17:31:31,395:INFO: Valid: [182][529/530]  Loss -1.4349 (-0.9394)
2022-03-29 17:31:56,767:INFO: Train: [183][2075/2076]  Loss 0.0200 (-0.1767)  Time:  0.141 (0.012)  Data Time:  0.006 (0.005)
2022-03-29 17:31:56,907:INFO:   Eta: 0:28:18
2022-03-29 17:32:02,160:INFO: Valid: [183][529/530]  Loss -1.4331 (-0.9380)
2022-03-29 17:32:28,062:INFO: Train: [184][2075/2076]  Loss -0.0531 (-0.1684)  Time:  0.124 (0.012)  Data Time:  0.004 (0.005)
2022-03-29 17:32:28,297:INFO:   Eta: 0:27:41
2022-03-29 17:32:33,087:INFO: Valid: [184][529/530]  Loss -1.4251 (-0.9328)
2022-03-29 17:32:58,427:INFO: Train: [185][2075/2076]  Loss -0.0576 (-0.1409)  Time:  0.138 (0.012)  Data Time:  0.004 (0.004)
2022-03-29 17:32:58,688:INFO:   Eta: 0:27:25
2022-03-29 17:33:03,962:INFO: Valid: [185][529/530]  Loss -1.4328 (-0.9378)
2022-03-29 17:33:29,158:INFO: Train: [186][2075/2076]  Loss 0.0561 (-0.1609)  Time:  0.128 (0.012)  Data Time:  0.005 (0.004)
2022-03-29 17:33:29,199:INFO:   Eta: 0:26:46
2022-03-29 17:33:34,126:INFO: Valid: [186][529/530]  Loss -1.4267 (-0.9338)
2022-03-29 17:33:59,423:INFO: Train: [187][2075/2076]  Loss -0.0546 (-0.1734)  Time:  0.120 (0.012)  Data Time:  0.004 (0.004)
2022-03-29 17:33:59,468:INFO:   Eta: 0:26:32
2022-03-29 17:34:04,436:INFO: Valid: [187][529/530]  Loss -1.4364 (-0.9405)
2022-03-29 17:34:28,250:INFO: Train: [188][2075/2076]  Loss -0.0885 (-0.1723)  Time:  0.135 (0.011)  Data Time:  0.004 (0.004)
2022-03-29 17:34:28,251:INFO:   Eta: 0:23:55
2022-03-29 17:34:33,122:INFO: Valid: [188][529/530]  Loss -1.4361 (-0.9403)
2022-03-29 17:34:58,754:INFO: Train: [189][2075/2076]  Loss 0.0446 (-0.1735)  Time:  0.125 (0.012)  Data Time:  0.004 (0.004)
2022-03-29 17:35:01,709:INFO:   Eta: 0:25:21
2022-03-29 17:35:06,569:INFO: Valid: [189][529/530]  Loss -1.4364 (-0.9409)
2022-03-29 17:35:32,267:INFO: Train: [190][2075/2076]  Loss -0.0887 (-0.1840)  Time:  0.144 (0.012)  Data Time:  0.005 (0.004)
2022-03-29 17:35:32,339:INFO:   Eta: 0:25:37
2022-03-29 17:35:37,382:INFO: Valid: [190][529/530]  Loss -1.4300 (-0.9366)
2022-03-29 17:37:16,414:INFO: Test: [190]  ADE: 0.8554  FDE: 1.3915
2022-03-29 17:37:41,959:INFO: Train: [191][2075/2076]  Loss -0.0387 (-0.1799)  Time:  0.150 (0.012)  Data Time:  0.005 (0.005)
2022-03-29 17:37:42,172:INFO:   Eta: 0:25:06
2022-03-29 17:37:46,974:INFO: Valid: [191][529/530]  Loss -1.4320 (-0.9380)
2022-03-29 17:38:12,092:INFO: Train: [192][2075/2076]  Loss -0.0624 (-0.1511)  Time:  0.160 (0.012)  Data Time:  0.005 (0.004)
2022-03-29 17:38:12,095:INFO:   Eta: 0:24:15
2022-03-29 17:38:16,949:INFO: Valid: [192][529/530]  Loss -1.4340 (-0.9395)
2022-03-29 17:38:41,993:INFO: Train: [193][2075/2076]  Loss 0.0654 (-0.1865)  Time:  0.148 (0.012)  Data Time:  0.005 (0.004)
2022-03-29 17:38:41,995:INFO:   Eta: 0:23:46
2022-03-29 17:38:46,757:INFO: Valid: [193][529/530]  Loss -1.4372 (-0.9416)
2022-03-29 17:39:12,349:INFO: Train: [194][2075/2076]  Loss 0.0493 (-0.1563)  Time:  0.132 (0.012)  Data Time:  0.004 (0.004)
2022-03-29 17:39:12,350:INFO:   Eta: 0:23:52
2022-03-29 17:39:17,154:INFO: Valid: [194][529/530]  Loss -1.4401 (-0.9435)
2022-03-29 17:39:41,784:INFO: Train: [195][2075/2076]  Loss 0.0111 (-0.1986)  Time:  0.139 (0.012)  Data Time:  0.005 (0.004)
2022-03-29 17:39:41,784:INFO:   Eta: 0:22:33
2022-03-29 17:39:46,676:INFO: Valid: [195][529/530]  Loss -1.4343 (-0.9399)
2022-03-29 17:40:09,575:INFO: Train: [196][2075/2076]  Loss -0.0615 (-0.1628)  Time:  0.132 (0.011)  Data Time:  0.004 (0.004)
2022-03-29 17:40:09,578:INFO:   Eta: 0:20:35
2022-03-29 17:40:14,569:INFO: Valid: [196][529/530]  Loss -1.4295 (-0.9367)
2022-03-29 17:40:39,770:INFO: Train: [197][2075/2076]  Loss -0.0639 (-0.1726)  Time:  0.139 (0.012)  Data Time:  0.004 (0.004)
2022-03-29 17:40:39,771:INFO:   Eta: 0:22:14
2022-03-29 17:40:44,842:INFO: Valid: [197][529/530]  Loss -1.4289 (-0.9362)
2022-03-29 17:41:09,922:INFO: Train: [198][2075/2076]  Loss -0.0454 (-0.1791)  Time:  0.131 (0.012)  Data Time:  0.004 (0.004)
2022-03-29 17:41:09,923:INFO:   Eta: 0:21:43
2022-03-29 17:41:14,896:INFO: Valid: [198][529/530]  Loss -1.4293 (-0.9364)
2022-03-29 17:41:40,799:INFO: Train: [199][2075/2076]  Loss -0.0393 (-0.1792)  Time:  0.139 (0.012)  Data Time:  0.004 (0.005)
2022-03-29 17:41:40,800:INFO:   Eta: 0:22:00
2022-03-29 17:41:45,778:INFO: Valid: [199][529/530]  Loss -1.4322 (-0.9383)
2022-03-29 17:42:09,264:INFO: Train: [200][2075/2076]  Loss -0.0134 (-0.1976)  Time:  0.142 (0.011)  Data Time:  0.005 (0.004)
2022-03-29 17:42:09,266:INFO:   Eta: 0:19:33
2022-03-29 17:42:14,501:INFO: Valid: [200][529/530]  Loss -1.4393 (-0.9425)
2022-03-29 17:43:56,154:INFO: Test: [200]  ADE: 0.8521  FDE: 1.3859
2022-03-29 17:44:23,862:INFO: Train: [201][2075/2076]  Loss -0.0993 (-0.1770)  Time:  0.135 (0.012)  Data Time:  0.004 (0.004)
2022-03-29 17:44:24,004:INFO:   Eta: 0:20:33
2022-03-29 17:44:29,053:INFO: Valid: [201][529/530]  Loss -1.4378 (-0.9414)
2022-03-29 17:44:56,024:INFO: Train: [202][2075/2076]  Loss -0.0492 (-0.1993)  Time:  0.144 (0.012)  Data Time:  0.005 (0.004)
2022-03-29 17:44:56,025:INFO:   Eta: 0:20:43
2022-03-29 17:45:00,912:INFO: Valid: [202][529/530]  Loss -1.4312 (-0.9372)
2022-03-29 17:45:25,023:INFO: Train: [203][2075/2076]  Loss 0.0930 (-0.1644)  Time:  0.157 (0.012)  Data Time:  0.003 (0.004)
2022-03-29 17:45:25,024:INFO:   Eta: 0:18:52
2022-03-29 17:45:29,859:INFO: Valid: [203][529/530]  Loss -1.4300 (-0.9368)
2022-03-29 17:45:55,352:INFO: Train: [204][2075/2076]  Loss -0.0752 (-0.1707)  Time:  0.148 (0.012)  Data Time:  0.005 (0.004)
2022-03-29 17:45:55,353:INFO:   Eta: 0:19:32
2022-03-29 17:46:00,247:INFO: Valid: [204][529/530]  Loss -1.4391 (-0.9426)
2022-03-29 17:46:25,288:INFO: Train: [205][2075/2076]  Loss -0.0477 (-0.1608)  Time:  0.147 (0.012)  Data Time:  0.005 (0.004)
2022-03-29 17:46:25,289:INFO:   Eta: 0:18:46
2022-03-29 17:46:30,102:INFO: Valid: [205][529/530]  Loss -1.4350 (-0.9399)
2022-03-29 17:46:55,542:INFO: Train: [206][2075/2076]  Loss -0.0854 (-0.1571)  Time:  0.127 (0.012)  Data Time:  0.004 (0.004)
2022-03-29 17:46:55,543:INFO:   Eta: 0:18:38
2022-03-29 17:47:00,320:INFO: Valid: [206][529/530]  Loss -1.4277 (-0.9351)
2022-03-29 17:47:26,197:INFO: Train: [207][2075/2076]  Loss -0.0250 (-0.1838)  Time:  0.136 (0.012)  Data Time:  0.005 (0.004)
2022-03-29 17:47:26,198:INFO:   Eta: 0:18:32
2022-03-29 17:47:30,999:INFO: Valid: [207][529/530]  Loss -1.4358 (-0.9402)
2022-03-29 17:47:55,345:INFO: Train: [208][2075/2076]  Loss -0.0409 (-0.1821)  Time:  0.135 (0.012)  Data Time:  0.005 (0.004)
2022-03-29 17:47:55,345:INFO:   Eta: 0:17:01
2022-03-29 17:48:00,187:INFO: Valid: [208][529/530]  Loss -1.4356 (-0.9401)
2022-03-29 17:48:25,909:INFO: Train: [209][2075/2076]  Loss -0.0322 (-0.1772)  Time:  0.132 (0.012)  Data Time:  0.007 (0.004)
2022-03-29 17:48:25,910:INFO:   Eta: 0:17:34
2022-03-29 17:48:30,839:INFO: Valid: [209][529/530]  Loss -1.4338 (-0.9387)
2022-03-29 17:48:56,200:INFO: Train: [210][2075/2076]  Loss 0.0001 (-0.1554)  Time:  0.154 (0.012)  Data Time:  0.005 (0.004)
2022-03-29 17:48:56,202:INFO:   Eta: 0:16:53
2022-03-29 17:49:01,238:INFO: Valid: [210][529/530]  Loss -1.4374 (-0.9411)
2022-03-29 17:50:40,160:INFO: Test: [210]  ADE: 0.8538  FDE: 1.3907
2022-03-29 17:51:01,844:INFO: Train: [211][2075/2076]  Loss -0.1182 (-0.1936)  Time:  0.124 (0.010)  Data Time:  0.003 (0.003)
2022-03-29 17:51:01,846:INFO:   Eta: 0:14:04
2022-03-29 17:51:06,515:INFO: Valid: [211][529/530]  Loss -1.4391 (-0.9423)
2022-03-29 17:51:29,332:INFO: Train: [212][2075/2076]  Loss 0.0469 (-0.1975)  Time:  0.114 (0.011)  Data Time:  0.003 (0.003)
2022-03-29 17:51:29,333:INFO:   Eta: 0:14:26
2022-03-29 17:51:33,900:INFO: Valid: [212][529/530]  Loss -1.4382 (-0.9420)
2022-03-29 17:51:55,690:INFO: Train: [213][2075/2076]  Loss -0.0127 (-0.1488)  Time:  0.128 (0.010)  Data Time:  0.004 (0.003)
2022-03-29 17:51:55,691:INFO:   Eta: 0:13:25
2022-03-29 17:52:00,274:INFO: Valid: [213][529/530]  Loss -1.4369 (-0.9409)
2022-03-29 17:52:21,056:INFO: Train: [214][2075/2076]  Loss 0.0031 (-0.1706)  Time:  0.102 (0.010)  Data Time:  0.002 (0.003)
2022-03-29 17:52:21,058:INFO:   Eta: 0:12:27
2022-03-29 17:52:25,640:INFO: Valid: [214][529/530]  Loss -1.4338 (-0.9386)
2022-03-29 17:52:44,717:INFO: Train: [215][2075/2076]  Loss -0.0754 (-0.1968)  Time:  0.104 (0.009)  Data Time:  0.003 (0.002)
2022-03-29 17:52:44,717:INFO:   Eta: 0:11:07
2022-03-29 17:52:49,241:INFO: Valid: [215][529/530]  Loss -1.4375 (-0.9411)
2022-03-29 17:53:08,337:INFO: Train: [216][2075/2076]  Loss -0.0316 (-0.1800)  Time:  0.121 (0.009)  Data Time:  0.002 (0.002)
2022-03-29 17:53:08,338:INFO:   Eta: 0:10:48
2022-03-29 17:53:12,784:INFO: Valid: [216][529/530]  Loss -1.4400 (-0.9428)
2022-03-29 17:53:30,710:INFO: Train: [217][2075/2076]  Loss -0.0406 (-0.1359)  Time:  0.102 (0.009)  Data Time:  0.003 (0.002)
2022-03-29 17:53:30,712:INFO:   Eta: 0:09:51
2022-03-29 17:53:34,893:INFO: Valid: [217][529/530]  Loss -1.4342 (-0.9388)
2022-03-29 17:53:53,903:INFO: Train: [218][2075/2076]  Loss -0.0282 (-0.1637)  Time:  0.106 (0.009)  Data Time:  0.002 (0.002)
2022-03-29 17:53:53,904:INFO:   Eta: 0:10:07
2022-03-29 17:53:58,771:INFO: Valid: [218][529/530]  Loss -1.4312 (-0.9372)
2022-03-29 17:54:17,947:INFO: Train: [219][2075/2076]  Loss 0.0487 (-0.1790)  Time:  0.125 (0.009)  Data Time:  0.003 (0.002)
2022-03-29 17:54:17,949:INFO:   Eta: 0:09:53
2022-03-29 17:54:22,520:INFO: Valid: [219][529/530]  Loss -1.4375 (-0.9416)
2022-03-29 17:54:41,601:INFO: Train: [220][2075/2076]  Loss 0.0039 (-0.1886)  Time:  0.140 (0.009)  Data Time:  0.002 (0.002)
2022-03-29 17:54:41,603:INFO:   Eta: 0:09:31
2022-03-29 17:54:46,375:INFO: Valid: [220][529/530]  Loss -1.4409 (-0.9438)
2022-03-29 17:56:26,788:INFO: Test: [220]  ADE: 0.8522  FDE: 1.3845
2022-03-29 17:56:45,207:INFO: Train: [221][2075/2076]  Loss -0.0461 (-0.1725)  Time:  0.094 (0.009)  Data Time:  0.002 (0.002)
2022-03-29 17:56:45,208:INFO:   Eta: 0:08:53
2022-03-29 17:56:49,634:INFO: Valid: [221][529/530]  Loss -1.4344 (-0.9392)
2022-03-29 17:57:08,051:INFO: Train: [222][2075/2076]  Loss -0.0710 (-0.1783)  Time:  0.102 (0.009)  Data Time:  0.002 (0.002)
2022-03-29 17:57:08,052:INFO:   Eta: 0:08:35
2022-03-29 17:57:12,734:INFO: Valid: [222][529/530]  Loss -1.4373 (-0.9410)
2022-03-29 17:57:31,284:INFO: Train: [223][2075/2076]  Loss 0.0118 (-0.1804)  Time:  0.097 (0.009)  Data Time:  0.002 (0.002)
2022-03-29 17:57:31,287:INFO:   Eta: 0:08:20
2022-03-29 17:57:35,941:INFO: Valid: [223][529/530]  Loss -1.4380 (-0.9418)
2022-03-29 17:57:51,768:INFO: Train: [224][2075/2076]  Loss -0.0807 (-0.1744)  Time:  0.100 (0.008)  Data Time:  0.002 (0.001)
2022-03-29 17:57:51,769:INFO:   Eta: 0:06:50
2022-03-29 17:57:56,398:INFO: Valid: [224][529/530]  Loss -1.4412 (-0.9435)
2022-03-29 17:58:12,106:INFO: Train: [225][2075/2076]  Loss -0.0287 (-0.1731)  Time:  0.098 (0.008)  Data Time:  0.001 (0.001)
2022-03-29 17:58:12,108:INFO:   Eta: 0:06:32
2022-03-29 17:58:16,547:INFO: Valid: [225][529/530]  Loss -1.4352 (-0.9396)
2022-03-29 17:58:32,785:INFO: Train: [226][2075/2076]  Loss 0.0002 (-0.1853)  Time:  0.094 (0.008)  Data Time:  0.002 (0.001)
2022-03-29 17:58:32,787:INFO:   Eta: 0:06:29
2022-03-29 17:58:37,206:INFO: Valid: [226][529/530]  Loss -1.4390 (-0.9421)
2022-03-29 17:58:53,214:INFO: Train: [227][2075/2076]  Loss 0.0034 (-0.1607)  Time:  0.095 (0.008)  Data Time:  0.001 (0.001)
2022-03-29 17:58:53,215:INFO:   Eta: 0:06:07
2022-03-29 17:58:57,839:INFO: Valid: [227][529/530]  Loss -1.4316 (-0.9375)
2022-03-29 17:59:13,877:INFO: Train: [228][2075/2076]  Loss 0.0908 (-0.2017)  Time:  0.100 (0.008)  Data Time:  0.002 (0.001)
2022-03-29 17:59:13,879:INFO:   Eta: 0:05:52
2022-03-29 17:59:18,528:INFO: Valid: [228][529/530]  Loss -1.4310 (-0.9370)
2022-03-29 17:59:33,782:INFO: Train: [229][2075/2076]  Loss -0.0099 (-0.1993)  Time:  0.096 (0.007)  Data Time:  0.002 (0.001)
2022-03-29 17:59:33,783:INFO:   Eta: 0:05:20
2022-03-29 17:59:38,363:INFO: Valid: [229][529/530]  Loss -1.4299 (-0.9360)
2022-03-29 17:59:54,276:INFO: Train: [230][2075/2076]  Loss 0.0393 (-0.1753)  Time:  0.088 (0.008)  Data Time:  0.001 (0.001)
2022-03-29 17:59:54,276:INFO:   Eta: 0:05:17
2022-03-29 17:59:58,556:INFO: Valid: [230][529/530]  Loss -1.4368 (-0.9406)
2022-03-29 18:01:38,556:INFO: Test: [230]  ADE: 0.8538  FDE: 1.3916
2022-03-29 18:01:54,578:INFO: Train: [231][2075/2076]  Loss -0.0469 (-0.1811)  Time:  0.092 (0.008)  Data Time:  0.000 (0.001)
2022-03-29 18:01:54,579:INFO:   Eta: 0:05:04
2022-03-29 18:01:59,142:INFO: Valid: [231][529/530]  Loss -1.4321 (-0.9375)
2022-03-29 18:02:15,176:INFO: Train: [232][2075/2076]  Loss 0.0195 (-0.1951)  Time:  0.109 (0.008)  Data Time:  0.002 (0.001)
2022-03-29 18:02:15,178:INFO:   Eta: 0:04:48
2022-03-29 18:02:19,771:INFO: Valid: [232][529/530]  Loss -1.4385 (-0.9419)
2022-03-29 18:02:35,587:INFO: Train: [233][2075/2076]  Loss -0.0344 (-0.1811)  Time:  0.093 (0.008)  Data Time:  0.002 (0.001)
2022-03-29 18:02:35,588:INFO:   Eta: 0:04:28
2022-03-29 18:02:40,047:INFO: Valid: [233][529/530]  Loss -1.4262 (-0.9340)
2022-03-29 18:02:55,907:INFO: Train: [234][2075/2076]  Loss -0.0549 (-0.1919)  Time:  0.092 (0.008)  Data Time:  0.000 (0.001)
2022-03-29 18:02:55,908:INFO:   Eta: 0:04:13
2022-03-29 18:03:00,507:INFO: Valid: [234][529/530]  Loss -1.4267 (-0.9342)
2022-03-29 18:03:16,176:INFO: Train: [235][2075/2076]  Loss -0.0803 (-0.1699)  Time:  0.087 (0.008)  Data Time:  0.000 (0.001)
2022-03-29 18:03:16,177:INFO:   Eta: 0:03:54
2022-03-29 18:03:20,751:INFO: Valid: [235][529/530]  Loss -1.4328 (-0.9381)
2022-03-29 18:03:33,979:INFO: Train: [236][2075/2076]  Loss 0.0206 (-0.1849)  Time:  0.104 (0.006)  Data Time:  0.000 (0.000)
2022-03-29 18:03:33,981:INFO:   Eta: 0:03:04
2022-03-29 18:03:38,371:INFO: Valid: [236][529/530]  Loss -1.4323 (-0.9378)
2022-03-29 18:03:52,273:INFO: Train: [237][2075/2076]  Loss 0.0213 (-0.1617)  Time:  0.109 (0.007)  Data Time:  0.000 (0.000)
2022-03-29 18:03:52,275:INFO:   Eta: 0:03:00
2022-03-29 18:03:56,573:INFO: Valid: [237][529/530]  Loss -1.4349 (-0.9398)
2022-03-29 18:04:09,904:INFO: Train: [238][2075/2076]  Loss 0.0316 (-0.1859)  Time:  0.084 (0.006)  Data Time:  0.000 (0.000)
2022-03-29 18:04:09,905:INFO:   Eta: 0:02:39
2022-03-29 18:04:14,318:INFO: Valid: [238][529/530]  Loss -1.4398 (-0.9432)
2022-03-29 18:04:27,651:INFO: Train: [239][2075/2076]  Loss -0.0443 (-0.1856)  Time:  0.082 (0.006)  Data Time:  0.000 (0.000)
2022-03-29 18:04:27,653:INFO:   Eta: 0:02:26
2022-03-29 18:04:32,150:INFO: Valid: [239][529/530]  Loss -1.4349 (-0.9402)
2022-03-29 18:04:45,236:INFO: Train: [240][2075/2076]  Loss -0.0849 (-0.1845)  Time:  0.078 (0.006)  Data Time:  0.000 (0.000)
2022-03-29 18:04:45,237:INFO:   Eta: 0:02:10
2022-03-29 18:04:49,697:INFO: Valid: [240][529/530]  Loss -1.4379 (-0.9418)
2022-03-29 18:06:28,130:INFO: Test: [240]  ADE: 0.8568  FDE: 1.3924
2022-03-29 18:06:41,459:INFO: Train: [241][2075/2076]  Loss -0.0793 (-0.1678)  Time:  0.093 (0.006)  Data Time:  0.000 (0.000)
2022-03-29 18:06:41,461:INFO:   Eta: 0:01:59
2022-03-29 18:06:45,838:INFO: Valid: [241][529/530]  Loss -1.4412 (-0.9437)
2022-03-29 18:06:58,855:INFO: Train: [242][2075/2076]  Loss -0.0130 (-0.1751)  Time:  0.105 (0.006)  Data Time:  0.000 (0.000)
2022-03-29 18:06:58,856:INFO:   Eta: 0:01:44
2022-03-29 18:07:03,254:INFO: Valid: [242][529/530]  Loss -1.4386 (-0.9415)
2022-03-29 18:07:16,369:INFO: Train: [243][2075/2076]  Loss -0.0222 (-0.1771)  Time:  0.090 (0.006)  Data Time:  0.000 (0.000)
2022-03-29 18:07:16,370:INFO:   Eta: 0:01:31
2022-03-29 18:07:20,857:INFO: Valid: [243][529/530]  Loss -1.4370 (-0.9407)
