2022-04-11 05:56:27,562:INFO: batch_size=128
2022-04-11 05:56:27,562:INFO: clip_grad=None
2022-04-11 05:56:27,562:INFO: dataset=zara2
2022-04-11 05:56:27,562:INFO: drop=0.0
2022-04-11 05:56:27,562:INFO: gpu_num=0
2022-04-11 05:56:27,562:INFO: init=kmeans-64
2022-04-11 05:56:27,562:INFO: input_size=2
2022-04-11 05:56:27,562:INFO: kernel_size=3
2022-04-11 05:56:27,562:INFO: lr=0.01
2022-04-11 05:56:27,563:INFO: lr_sh_rate=150
2022-04-11 05:56:27,563:INFO: model=social_stgcnn10
2022-04-11 05:56:27,563:INFO: n_stgcnn=1
2022-04-11 05:56:27,563:INFO: n_txpcnn=5
2022-04-11 05:56:27,563:INFO: num_epochs=250
2022-04-11 05:56:27,563:INFO: obs_seq_len=8
2022-04-11 05:56:27,563:INFO: output_size=5
2022-04-11 05:56:27,563:INFO: pred_seq_len=12
2022-04-11 05:56:27,563:INFO: seed=0
2022-04-11 05:56:27,563:INFO: tag=zara2
2022-04-11 05:56:27,563:INFO: use_lrschd=True
2022-04-11 05:56:27,563:INFO: ******************************
2022-04-11 05:56:27,563:INFO: Training initiating....
2022-04-11 05:56:27,563:INFO: Namespace(batch_size=128, clip_grad=None, dataset='zara2', drop=0.0, gpu_num='0', init='kmeans-64', input_size=2, kernel_size=3, lr=0.01, lr_sh_rate=150, model='social_stgcnn10', n_stgcnn=1, n_txpcnn=5, num_epochs=250, obs_seq_len=8, output_size=5, pred_seq_len=12, seed=0, tag='zara2', use_lrschd=True)
2022-04-11 05:56:27,684:INFO: Initializing train dataset
2022-04-11 05:56:40,114:INFO: Initializing val dataset
2022-04-11 05:57:26,364:INFO: social_stgcnn10
2022-04-11 05:57:26,365:INFO: Data and model loaded
2022-04-11 05:57:26,365:INFO: Checkpoint dir: ./runs/Apr11_05-56-27_node09kmeans-64/zara2/checkpoint
2022-04-11 05:57:26,365:INFO: Training started ...
2022-04-11 05:57:53,074:INFO: Train: [0][2111/2112]  Loss 0.5231 (1.5516)  Time:  0.319 (0.013)  Data Time:  0.004 (0.005)
2022-04-11 05:57:53,075:INFO:   Eta: 1:51:15
2022-04-11 05:58:20,049:INFO: Train: [1][2111/2112]  Loss 0.3022 (0.8287)  Time:  0.326 (0.013)  Data Time:  0.005 (0.005)
2022-04-11 05:58:20,050:INFO:   Eta: 1:51:52
2022-04-11 05:58:46,601:INFO: Train: [2][2111/2112]  Loss 0.2914 (0.5455)  Time:  0.305 (0.013)  Data Time:  0.005 (0.005)
2022-04-11 05:58:46,603:INFO:   Eta: 1:49:40
2022-04-11 05:59:13,008:INFO: Train: [3][2111/2112]  Loss 0.1383 (0.4106)  Time:  0.316 (0.012)  Data Time:  0.005 (0.005)
2022-04-11 05:59:13,009:INFO:   Eta: 1:48:37
2022-04-11 05:59:39,715:INFO: Train: [4][2111/2112]  Loss 0.0163 (0.2470)  Time:  0.311 (0.013)  Data Time:  0.004 (0.005)
2022-04-11 05:59:39,716:INFO:   Eta: 1:49:26
2022-04-11 06:00:06,198:INFO: Train: [5][2111/2112]  Loss 0.1231 (0.1421)  Time:  0.311 (0.013)  Data Time:  0.004 (0.005)
2022-04-11 06:00:06,199:INFO:   Eta: 1:48:04
2022-04-11 06:00:32,698:INFO: Train: [6][2111/2112]  Loss -0.0239 (0.0172)  Time:  0.372 (0.013)  Data Time:  0.004 (0.005)
2022-04-11 06:00:32,699:INFO:   Eta: 1:47:41
2022-04-11 06:01:12,668:INFO: Test: [6]  ADE: 0.6219  FDE: 0.6893
2022-04-11 06:01:36,385:INFO: Train: [7][2111/2112]  Loss -0.0390 (-0.0622)  Time:  0.298 (0.011)  Data Time:  0.004 (0.004)
2022-04-11 06:01:36,386:INFO:   Eta: 1:35:57
2022-04-11 06:01:59,846:INFO: Train: [8][2111/2112]  Loss -0.1227 (-0.0278)  Time:  0.297 (0.011)  Data Time:  0.004 (0.004)
2022-04-11 06:01:59,847:INFO:   Eta: 1:34:33
2022-04-11 06:02:24,522:INFO: Train: [9][2111/2112]  Loss 0.1467 (-0.2148)  Time:  0.322 (0.012)  Data Time:  0.004 (0.004)
2022-04-11 06:02:24,524:INFO:   Eta: 1:39:03
2022-04-11 06:02:51,450:INFO: Train: [10][2111/2112]  Loss 0.0869 (-0.1938)  Time:  0.367 (0.013)  Data Time:  0.005 (0.005)
2022-04-11 06:02:51,451:INFO:   Eta: 1:47:36
2022-04-11 06:03:18,010:INFO: Train: [11][2111/2112]  Loss -0.1375 (-0.2100)  Time:  0.340 (0.013)  Data Time:  0.005 (0.005)
2022-04-11 06:03:18,011:INFO:   Eta: 1:45:43
2022-04-11 06:03:44,366:INFO: Train: [12][2111/2112]  Loss -0.2621 (-0.2567)  Time:  0.324 (0.012)  Data Time:  0.006 (0.005)
2022-04-11 06:03:44,366:INFO:   Eta: 1:44:28
2022-04-11 06:04:10,726:INFO: Train: [13][2111/2112]  Loss -0.2415 (-0.3145)  Time:  0.314 (0.012)  Data Time:  0.005 (0.004)
2022-04-11 06:04:10,727:INFO:   Eta: 1:44:03
2022-04-11 06:04:36,947:INFO: Train: [14][2111/2112]  Loss -0.0084 (-0.3585)  Time:  0.324 (0.012)  Data Time:  0.004 (0.004)
2022-04-11 06:04:36,948:INFO:   Eta: 1:43:05
2022-04-11 06:05:03,633:INFO: Train: [15][2111/2112]  Loss -0.2248 (-0.3833)  Time:  0.341 (0.013)  Data Time:  0.007 (0.005)
2022-04-11 06:05:03,634:INFO:   Eta: 1:44:27
2022-04-11 06:05:29,977:INFO: Train: [16][2111/2112]  Loss -0.1528 (-0.4516)  Time:  0.349 (0.012)  Data Time:  0.005 (0.005)
2022-04-11 06:05:29,978:INFO:   Eta: 1:42:40
2022-04-11 06:06:10,336:INFO: Test: [16]  ADE: 0.5295  FDE: 0.5998
2022-04-11 06:06:36,464:INFO: Train: [17][2111/2112]  Loss -0.1483 (-0.4827)  Time:  0.348 (0.012)  Data Time:  0.004 (0.004)
2022-04-11 06:06:36,466:INFO:   Eta: 1:41:23
2022-04-11 06:06:59,552:INFO: Train: [18][2111/2112]  Loss -0.1565 (-0.4118)  Time:  0.265 (0.011)  Data Time:  0.004 (0.003)
2022-04-11 06:06:59,553:INFO:   Eta: 1:29:12
2022-04-11 06:07:23,124:INFO: Train: [19][2111/2112]  Loss -0.2773 (-0.5289)  Time:  0.281 (0.011)  Data Time:  0.003 (0.004)
2022-04-11 06:07:23,131:INFO:   Eta: 1:30:41
2022-04-11 06:07:46,736:INFO: Train: [20][2111/2112]  Loss -0.2403 (-0.4460)  Time:  0.297 (0.011)  Data Time:  0.003 (0.004)
2022-04-11 06:07:46,737:INFO:   Eta: 1:30:20
2022-04-11 06:08:10,645:INFO: Train: [21][2111/2112]  Loss -0.2228 (-0.5285)  Time:  0.284 (0.011)  Data Time:  0.003 (0.004)
2022-04-11 06:08:10,646:INFO:   Eta: 1:31:11
2022-04-11 06:08:35,620:INFO: Train: [22][2111/2112]  Loss -0.3925 (-0.5881)  Time:  0.325 (0.012)  Data Time:  0.004 (0.004)
2022-04-11 06:08:35,621:INFO:   Eta: 1:34:50
2022-04-11 06:09:02,168:INFO: Train: [23][2111/2112]  Loss -0.3564 (-0.5790)  Time:  0.315 (0.013)  Data Time:  0.005 (0.005)
2022-04-11 06:09:02,168:INFO:   Eta: 1:40:23
2022-04-11 06:09:28,633:INFO: Train: [24][2111/2112]  Loss -0.3857 (-0.5607)  Time:  0.318 (0.013)  Data Time:  0.005 (0.005)
2022-04-11 06:09:28,635:INFO:   Eta: 1:39:36
2022-04-11 06:09:55,203:INFO: Train: [25][2111/2112]  Loss -0.4405 (-0.6168)  Time:  0.381 (0.013)  Data Time:  0.005 (0.005)
2022-04-11 06:09:55,204:INFO:   Eta: 1:39:34
2022-04-11 06:10:21,556:INFO: Train: [26][2111/2112]  Loss -0.3670 (-0.5161)  Time:  0.320 (0.012)  Data Time:  0.005 (0.004)
2022-04-11 06:10:21,557:INFO:   Eta: 1:38:20
2022-04-11 06:11:01,858:INFO: Test: [26]  ADE: 0.5727  FDE: 0.6928
2022-04-11 06:11:27,674:INFO: Train: [27][2111/2112]  Loss -0.3738 (-0.6851)  Time:  0.313 (0.012)  Data Time:  0.005 (0.004)
2022-04-11 06:11:27,675:INFO:   Eta: 1:35:51
2022-04-11 06:11:54,220:INFO: Train: [28][2111/2112]  Loss -0.2382 (-0.6962)  Time:  0.304 (0.013)  Data Time:  0.004 (0.005)
2022-04-11 06:11:54,221:INFO:   Eta: 1:38:09
2022-04-11 06:12:20,143:INFO: Train: [29][2111/2112]  Loss -0.2169 (-0.7269)  Time:  0.318 (0.012)  Data Time:  0.006 (0.004)
2022-04-11 06:12:20,144:INFO:   Eta: 1:35:24
2022-04-11 06:12:45,772:INFO: Train: [30][2111/2112]  Loss -0.4698 (-0.7687)  Time:  0.283 (0.012)  Data Time:  0.004 (0.004)
2022-04-11 06:12:45,773:INFO:   Eta: 1:33:54
2022-04-11 06:13:09,432:INFO: Train: [31][2111/2112]  Loss -0.4646 (-0.7088)  Time:  0.280 (0.011)  Data Time:  0.004 (0.004)
2022-04-11 06:13:09,433:INFO:   Eta: 1:26:17
2022-04-11 06:13:33,039:INFO: Train: [32][2111/2112]  Loss -0.4545 (-0.6151)  Time:  0.309 (0.011)  Data Time:  0.004 (0.004)
2022-04-11 06:13:33,040:INFO:   Eta: 1:25:42
2022-04-11 06:13:56,581:INFO: Train: [33][2111/2112]  Loss -0.3435 (-0.7806)  Time:  0.292 (0.011)  Data Time:  0.004 (0.004)
2022-04-11 06:13:56,582:INFO:   Eta: 1:25:03
2022-04-11 06:14:20,415:INFO: Train: [34][2111/2112]  Loss -0.3666 (-0.8394)  Time:  0.288 (0.011)  Data Time:  0.004 (0.004)
2022-04-11 06:14:20,416:INFO:   Eta: 1:25:44
2022-04-11 06:14:46,304:INFO: Train: [35][2111/2112]  Loss -0.4648 (-0.7992)  Time:  0.328 (0.012)  Data Time:  0.003 (0.004)
2022-04-11 06:14:46,305:INFO:   Eta: 1:32:42
2022-04-11 06:15:13,101:INFO: Train: [36][2111/2112]  Loss -0.5069 (-0.8222)  Time:  0.346 (0.013)  Data Time:  0.005 (0.005)
2022-04-11 06:15:13,102:INFO:   Eta: 1:35:30
2022-04-11 06:15:53,165:INFO: Test: [36]  ADE: 0.4639  FDE: 0.5792
2022-04-11 06:16:18,473:INFO: Train: [37][2111/2112]  Loss -0.2797 (-0.8493)  Time:  0.344 (0.012)  Data Time:  0.006 (0.004)
2022-04-11 06:16:18,474:INFO:   Eta: 1:29:46
2022-04-11 06:16:44,894:INFO: Train: [38][2111/2112]  Loss -0.4410 (-0.8815)  Time:  0.340 (0.013)  Data Time:  0.004 (0.004)
2022-04-11 06:16:44,895:INFO:   Eta: 1:33:18
2022-04-11 06:17:11,351:INFO: Train: [39][2111/2112]  Loss -0.3936 (-0.9012)  Time:  0.311 (0.013)  Data Time:  0.004 (0.005)
2022-04-11 06:17:11,352:INFO:   Eta: 1:32:58
2022-04-11 06:17:36,994:INFO: Train: [40][2111/2112]  Loss -0.5589 (-0.7125)  Time:  0.331 (0.012)  Data Time:  0.004 (0.004)
2022-04-11 06:17:36,995:INFO:   Eta: 1:29:41
2022-04-11 06:18:03,498:INFO: Train: [41][2111/2112]  Loss -0.5061 (-0.8376)  Time:  0.311 (0.013)  Data Time:  0.005 (0.005)
2022-04-11 06:18:03,499:INFO:   Eta: 1:32:16
2022-04-11 06:18:30,234:INFO: Train: [42][2111/2112]  Loss -0.5921 (-0.9372)  Time:  0.322 (0.013)  Data Time:  0.004 (0.004)
2022-04-11 06:18:30,235:INFO:   Eta: 1:32:37
2022-04-11 06:18:55,814:INFO: Train: [43][2111/2112]  Loss -0.4932 (-0.9426)  Time:  0.362 (0.012)  Data Time:  0.004 (0.004)
2022-04-11 06:18:55,815:INFO:   Eta: 1:28:12
2022-04-11 06:19:19,182:INFO: Train: [44][2111/2112]  Loss -0.3766 (-0.9422)  Time:  0.280 (0.011)  Data Time:  0.004 (0.004)
2022-04-11 06:19:19,184:INFO:   Eta: 1:20:10
2022-04-11 06:19:42,585:INFO: Train: [45][2111/2112]  Loss -0.5857 (-0.9591)  Time:  0.297 (0.011)  Data Time:  0.003 (0.004)
2022-04-11 06:19:42,587:INFO:   Eta: 1:19:54
2022-04-11 06:20:06,235:INFO: Train: [46][2111/2112]  Loss -0.5375 (-0.8787)  Time:  0.285 (0.011)  Data Time:  0.004 (0.004)
2022-04-11 06:20:06,236:INFO:   Eta: 1:20:20
2022-04-11 06:20:45,917:INFO: Test: [46]  ADE: 0.4141  FDE: 0.5508
2022-04-11 06:21:11,028:INFO: Train: [47][2111/2112]  Loss -0.5789 (-0.9786)  Time:  0.350 (0.012)  Data Time:  0.005 (0.004)
2022-04-11 06:21:11,030:INFO:   Eta: 1:24:53
2022-04-11 06:21:37,163:INFO: Train: [48][2111/2112]  Loss -0.5850 (-0.9760)  Time:  0.305 (0.012)  Data Time:  0.004 (0.005)
2022-04-11 06:21:37,164:INFO:   Eta: 1:27:55
2022-04-11 06:22:03,583:INFO: Train: [49][2111/2112]  Loss -0.2449 (-0.8918)  Time:  0.303 (0.012)  Data Time:  0.005 (0.005)
2022-04-11 06:22:03,584:INFO:   Eta: 1:28:22
2022-04-11 06:22:30,029:INFO: Train: [50][2111/2112]  Loss -0.5304 (-0.9302)  Time:  0.339 (0.013)  Data Time:  0.004 (0.004)
2022-04-11 06:22:30,030:INFO:   Eta: 1:28:05
2022-04-11 06:22:56,201:INFO: Train: [51][2111/2112]  Loss -0.5995 (-1.0043)  Time:  0.365 (0.012)  Data Time:  0.005 (0.005)
2022-04-11 06:22:56,202:INFO:   Eta: 1:26:45
2022-04-11 06:23:22,960:INFO: Train: [52][2111/2112]  Loss -0.5904 (-1.0064)  Time:  0.316 (0.013)  Data Time:  0.005 (0.005)
2022-04-11 06:23:22,961:INFO:   Eta: 1:28:15
2022-04-11 06:23:49,868:INFO: Train: [53][2111/2112]  Loss -0.3767 (-1.0311)  Time:  0.354 (0.013)  Data Time:  0.005 (0.005)
2022-04-11 06:23:49,869:INFO:   Eta: 1:28:17
2022-04-11 06:24:16,672:INFO: Train: [54][2111/2112]  Loss -0.6430 (-0.9376)  Time:  0.319 (0.013)  Data Time:  0.010 (0.004)
2022-04-11 06:24:16,673:INFO:   Eta: 1:27:30
2022-04-11 06:24:43,009:INFO: Train: [55][2111/2112]  Loss -0.5299 (-1.0439)  Time:  0.303 (0.012)  Data Time:  0.004 (0.005)
2022-04-11 06:24:43,010:INFO:   Eta: 1:25:32
2022-04-11 06:25:08,114:INFO: Train: [56][2111/2112]  Loss -0.5253 (-0.8529)  Time:  0.319 (0.012)  Data Time:  0.003 (0.004)
2022-04-11 06:25:08,118:INFO:   Eta: 1:21:07
2022-04-11 06:25:47,292:INFO: Test: [56]  ADE: 0.3917  FDE: 0.5457
2022-04-11 06:26:09,836:INFO: Train: [57][2111/2112]  Loss -0.5917 (-1.0074)  Time:  0.344 (0.011)  Data Time:  0.002 (0.003)
2022-04-11 06:26:09,837:INFO:   Eta: 1:12:24
2022-04-11 06:26:34,065:INFO: Train: [58][2111/2112]  Loss -0.5003 (-1.1190)  Time:  0.318 (0.011)  Data Time:  0.004 (0.004)
2022-04-11 06:26:34,066:INFO:   Eta: 1:17:28
2022-04-11 06:26:59,692:INFO: Train: [59][2111/2112]  Loss -0.4676 (-1.0781)  Time:  0.322 (0.012)  Data Time:  0.005 (0.004)
2022-04-11 06:26:59,693:INFO:   Eta: 1:21:31
2022-04-11 06:27:26,561:INFO: Train: [60][2111/2112]  Loss -0.6471 (-1.0850)  Time:  0.316 (0.013)  Data Time:  0.005 (0.005)
2022-04-11 06:27:26,562:INFO:   Eta: 1:25:02
2022-04-11 06:27:53,543:INFO: Train: [61][2111/2112]  Loss -0.4787 (-1.0812)  Time:  0.360 (0.013)  Data Time:  0.005 (0.005)
2022-04-11 06:27:53,544:INFO:   Eta: 1:24:56
2022-04-11 06:28:19,335:INFO: Train: [62][2111/2112]  Loss -0.4300 (-1.0216)  Time:  0.341 (0.012)  Data Time:  0.004 (0.004)
2022-04-11 06:28:19,336:INFO:   Eta: 1:20:45
2022-04-11 06:28:45,887:INFO: Train: [63][2111/2112]  Loss -0.4488 (-1.1354)  Time:  0.312 (0.013)  Data Time:  0.004 (0.005)
2022-04-11 06:28:45,887:INFO:   Eta: 1:22:42
2022-04-11 06:29:12,645:INFO: Train: [64][2111/2112]  Loss -0.4215 (-1.0544)  Time:  0.390 (0.013)  Data Time:  0.005 (0.005)
2022-04-11 06:29:12,646:INFO:   Eta: 1:22:54
2022-04-11 06:29:39,383:INFO: Train: [65][2111/2112]  Loss -0.5767 (-1.0206)  Time:  0.316 (0.013)  Data Time:  0.004 (0.005)
2022-04-11 06:29:39,384:INFO:   Eta: 1:22:23
2022-04-11 06:30:05,823:INFO: Train: [66][2111/2112]  Loss -0.5936 (-1.0724)  Time:  0.309 (0.013)  Data Time:  0.004 (0.005)
2022-04-11 06:30:05,823:INFO:   Eta: 1:21:01
2022-04-11 06:30:46,537:INFO: Test: [66]  ADE: 0.4051  FDE: 0.5592
2022-04-11 06:31:10,992:INFO: Train: [67][2111/2112]  Loss -0.5993 (-1.0088)  Time:  0.285 (0.012)  Data Time:  0.003 (0.004)
2022-04-11 06:31:10,992:INFO:   Eta: 1:14:31
2022-04-11 06:31:33,861:INFO: Train: [68][2111/2112]  Loss -0.6154 (-1.0426)  Time:  0.276 (0.011)  Data Time:  0.003 (0.003)
2022-04-11 06:31:33,861:INFO:   Eta: 1:09:19
2022-04-11 06:31:57,147:INFO: Train: [69][2111/2112]  Loss -0.6440 (-1.1429)  Time:  0.278 (0.011)  Data Time:  0.004 (0.004)
2022-04-11 06:31:57,147:INFO:   Eta: 1:10:11
2022-04-11 06:32:20,691:INFO: Train: [70][2111/2112]  Loss -0.7144 (-1.1463)  Time:  0.290 (0.011)  Data Time:  0.003 (0.004)
2022-04-11 06:32:20,692:INFO:   Eta: 1:10:35
2022-04-11 06:32:44,263:INFO: Train: [71][2111/2112]  Loss -0.5244 (-1.0877)  Time:  0.282 (0.011)  Data Time:  0.004 (0.004)
2022-04-11 06:32:44,263:INFO:   Eta: 1:10:16
2022-04-11 06:33:10,474:INFO: Train: [72][2111/2112]  Loss -0.6311 (-1.0889)  Time:  0.347 (0.012)  Data Time:  0.005 (0.004)
2022-04-11 06:33:10,475:INFO:   Eta: 1:17:43
2022-04-11 06:33:36,591:INFO: Train: [73][2111/2112]  Loss -0.6579 (-1.1399)  Time:  0.310 (0.012)  Data Time:  0.004 (0.004)
2022-04-11 06:33:36,591:INFO:   Eta: 1:16:59
2022-04-11 06:34:03,689:INFO: Train: [74][2111/2112]  Loss -0.5887 (-1.0795)  Time:  0.360 (0.013)  Data Time:  0.005 (0.005)
2022-04-11 06:34:03,689:INFO:   Eta: 1:19:26
2022-04-11 06:34:30,338:INFO: Train: [75][2111/2112]  Loss -0.5998 (-1.2380)  Time:  0.313 (0.013)  Data Time:  0.005 (0.005)
2022-04-11 06:34:30,339:INFO:   Eta: 1:17:40
2022-04-11 06:34:56,998:INFO: Train: [76][2111/2112]  Loss -0.7095 (-1.0052)  Time:  0.310 (0.013)  Data Time:  0.004 (0.004)
2022-04-11 06:34:56,999:INFO:   Eta: 1:17:15
2022-04-11 06:35:36,948:INFO: Test: [76]  ADE: 0.4140  FDE: 0.6156
2022-04-11 06:36:03,948:INFO: Train: [77][2111/2112]  Loss -0.6622 (-1.1262)  Time:  0.342 (0.013)  Data Time:  0.004 (0.005)
2022-04-11 06:36:03,949:INFO:   Eta: 1:17:47
2022-04-11 06:36:29,593:INFO: Train: [78][2111/2112]  Loss -0.6419 (-1.0876)  Time:  0.321 (0.012)  Data Time:  0.005 (0.004)
2022-04-11 06:36:29,593:INFO:   Eta: 1:13:28
2022-04-11 06:36:56,199:INFO: Train: [79][2111/2112]  Loss -0.6470 (-1.2219)  Time:  0.335 (0.013)  Data Time:  0.005 (0.005)
2022-04-11 06:36:56,200:INFO:   Eta: 1:15:46
2022-04-11 06:37:21,348:INFO: Train: [80][2111/2112]  Loss -0.6418 (-1.1450)  Time:  0.287 (0.012)  Data Time:  0.003 (0.004)
2022-04-11 06:37:21,349:INFO:   Eta: 1:11:12
2022-04-11 06:37:45,165:INFO: Train: [81][2111/2112]  Loss -0.5242 (-1.0203)  Time:  0.329 (0.011)  Data Time:  0.003 (0.004)
2022-04-11 06:37:45,165:INFO:   Eta: 1:07:01
2022-04-11 06:38:08,743:INFO: Train: [82][2111/2112]  Loss -0.6527 (-1.2057)  Time:  0.293 (0.011)  Data Time:  0.003 (0.004)
2022-04-11 06:38:08,744:INFO:   Eta: 1:05:58
2022-04-11 06:38:32,728:INFO: Train: [83][2111/2112]  Loss -0.5695 (-1.1654)  Time:  0.314 (0.011)  Data Time:  0.003 (0.004)
2022-04-11 06:38:32,729:INFO:   Eta: 1:06:42
2022-04-11 06:38:56,860:INFO: Train: [84][2111/2112]  Loss -0.6575 (-1.1873)  Time:  0.325 (0.011)  Data Time:  0.005 (0.004)
2022-04-11 06:38:56,861:INFO:   Eta: 1:06:43
2022-04-11 06:39:23,870:INFO: Train: [85][2111/2112]  Loss -0.6433 (-1.2292)  Time:  0.343 (0.013)  Data Time:  0.004 (0.005)
2022-04-11 06:39:23,871:INFO:   Eta: 1:14:13
2022-04-11 06:39:50,834:INFO: Train: [86][2111/2112]  Loss -0.6698 (-1.1579)  Time:  0.397 (0.013)  Data Time:  0.006 (0.005)
2022-04-11 06:39:50,835:INFO:   Eta: 1:13:39
2022-04-11 06:40:30,765:INFO: Test: [86]  ADE: 0.3842  FDE: 0.5741
2022-04-11 06:40:57,717:INFO: Train: [87][2111/2112]  Loss -0.6311 (-1.1173)  Time:  0.347 (0.013)  Data Time:  0.005 (0.005)
2022-04-11 06:40:57,718:INFO:   Eta: 1:13:10
2022-04-11 06:41:22,791:INFO: Train: [88][2111/2112]  Loss -0.6175 (-1.2274)  Time:  0.301 (0.012)  Data Time:  0.004 (0.004)
2022-04-11 06:41:22,792:INFO:   Eta: 1:07:39
2022-04-11 06:41:49,627:INFO: Train: [89][2111/2112]  Loss -0.6640 (-1.2226)  Time:  0.318 (0.013)  Data Time:  0.006 (0.005)
2022-04-11 06:41:49,628:INFO:   Eta: 1:11:57
2022-04-11 06:42:16,362:INFO: Train: [90][2111/2112]  Loss -0.6130 (-1.1862)  Time:  0.322 (0.013)  Data Time:  0.004 (0.005)
2022-04-11 06:42:16,363:INFO:   Eta: 1:11:15
2022-04-11 06:42:43,305:INFO: Train: [91][2111/2112]  Loss -0.6256 (-1.2060)  Time:  0.334 (0.013)  Data Time:  0.005 (0.005)
2022-04-11 06:42:43,307:INFO:   Eta: 1:11:21
2022-04-11 06:43:09,772:INFO: Train: [92][2111/2112]  Loss -0.6149 (-1.2581)  Time:  0.322 (0.013)  Data Time:  0.004 (0.005)
2022-04-11 06:43:09,772:INFO:   Eta: 1:09:39
2022-04-11 06:43:33,560:INFO: Train: [93][2111/2112]  Loss -0.6799 (-1.1612)  Time:  0.290 (0.011)  Data Time:  0.003 (0.004)
2022-04-11 06:43:33,561:INFO:   Eta: 1:02:12
2022-04-11 06:43:57,489:INFO: Train: [94][2111/2112]  Loss -0.7230 (-1.3544)  Time:  0.355 (0.011)  Data Time:  0.003 (0.004)
2022-04-11 06:43:57,490:INFO:   Eta: 1:02:10
2022-04-11 06:44:20,574:INFO: Train: [95][2111/2112]  Loss -0.5869 (-1.2630)  Time:  0.267 (0.011)  Data Time:  0.003 (0.003)
2022-04-11 06:44:20,574:INFO:   Eta: 0:59:35
2022-04-11 06:44:44,388:INFO: Train: [96][2111/2112]  Loss -0.6651 (-1.2550)  Time:  0.331 (0.011)  Data Time:  0.004 (0.004)
2022-04-11 06:44:44,389:INFO:   Eta: 1:01:04
2022-04-11 06:45:24,795:INFO: Test: [96]  ADE: 0.3946  FDE: 0.5729
2022-04-11 06:45:52,144:INFO: Train: [97][2111/2112]  Loss -0.6192 (-1.2657)  Time:  0.321 (0.013)  Data Time:  0.005 (0.005)
2022-04-11 06:45:52,145:INFO:   Eta: 1:09:39
2022-04-11 06:46:17,743:INFO: Train: [98][2111/2112]  Loss -0.6753 (-1.2680)  Time:  0.344 (0.012)  Data Time:  0.004 (0.004)
2022-04-11 06:46:17,744:INFO:   Eta: 1:04:48
2022-04-11 06:46:44,151:INFO: Train: [99][2111/2112]  Loss -0.5712 (-1.1011)  Time:  0.324 (0.012)  Data Time:  0.005 (0.005)
2022-04-11 06:46:44,153:INFO:   Eta: 1:06:25
2022-04-11 06:47:11,120:INFO: Train: [100][2111/2112]  Loss -0.4693 (-1.2309)  Time:  0.329 (0.013)  Data Time:  0.005 (0.005)
2022-04-11 06:47:11,121:INFO:   Eta: 1:07:22
2022-04-11 06:47:37,438:INFO: Train: [101][2111/2112]  Loss -0.6025 (-1.3052)  Time:  0.324 (0.012)  Data Time:  0.005 (0.005)
2022-04-11 06:47:37,439:INFO:   Eta: 1:05:18
2022-04-11 06:48:03,885:INFO: Train: [102][2111/2112]  Loss -0.5871 (-1.2743)  Time:  0.335 (0.013)  Data Time:  0.005 (0.005)
2022-04-11 06:48:03,886:INFO:   Eta: 1:05:11
2022-04-11 06:48:30,620:INFO: Train: [103][2111/2112]  Loss -0.7790 (-1.2597)  Time:  0.310 (0.013)  Data Time:  0.005 (0.004)
2022-04-11 06:48:30,620:INFO:   Eta: 1:05:27
2022-04-11 06:48:57,233:INFO: Train: [104][2111/2112]  Loss -0.5522 (-1.2339)  Time:  0.312 (0.013)  Data Time:  0.005 (0.005)
2022-04-11 06:48:57,233:INFO:   Eta: 1:04:43
2022-04-11 06:49:23,330:INFO: Train: [105][2111/2112]  Loss -0.6589 (-1.3167)  Time:  0.276 (0.012)  Data Time:  0.003 (0.004)
2022-04-11 06:49:23,331:INFO:   Eta: 1:03:02
2022-04-11 06:49:46,925:INFO: Train: [106][2111/2112]  Loss -0.6394 (-1.3650)  Time:  0.280 (0.011)  Data Time:  0.003 (0.004)
2022-04-11 06:49:46,926:INFO:   Eta: 0:56:34
2022-04-11 06:50:26,365:INFO: Test: [106]  ADE: 0.3523  FDE: 0.5245
2022-04-11 06:50:50,307:INFO: Train: [107][2111/2112]  Loss -0.7815 (-1.2518)  Time:  0.277 (0.011)  Data Time:  0.003 (0.004)
2022-04-11 06:50:50,307:INFO:   Eta: 0:57:01
2022-04-11 06:51:14,621:INFO: Train: [108][2111/2112]  Loss -0.6817 (-1.3057)  Time:  0.308 (0.012)  Data Time:  0.004 (0.004)
2022-04-11 06:51:14,622:INFO:   Eta: 0:57:30
2022-04-11 06:51:40,739:INFO: Train: [109][2111/2112]  Loss -0.6386 (-1.2650)  Time:  0.322 (0.012)  Data Time:  0.005 (0.004)
2022-04-11 06:51:40,740:INFO:   Eta: 1:01:20
2022-04-11 06:52:07,259:INFO: Train: [110][2111/2112]  Loss -0.6794 (-1.2359)  Time:  0.321 (0.013)  Data Time:  0.005 (0.005)
2022-04-11 06:52:07,260:INFO:   Eta: 1:01:50
2022-04-11 06:52:34,304:INFO: Train: [111][2111/2112]  Loss -0.6862 (-1.3582)  Time:  0.345 (0.013)  Data Time:  0.005 (0.005)
2022-04-11 06:52:34,305:INFO:   Eta: 1:02:35
2022-04-11 06:53:01,069:INFO: Train: [112][2111/2112]  Loss -0.5940 (-1.3549)  Time:  0.329 (0.013)  Data Time:  0.004 (0.005)
2022-04-11 06:53:01,070:INFO:   Eta: 1:01:31
2022-04-11 06:53:27,329:INFO: Train: [113][2111/2112]  Loss -0.5670 (-1.2890)  Time:  0.340 (0.012)  Data Time:  0.005 (0.005)
2022-04-11 06:53:27,330:INFO:   Eta: 0:59:55
2022-04-11 06:53:53,651:INFO: Train: [114][2111/2112]  Loss -0.6499 (-1.2725)  Time:  0.317 (0.012)  Data Time:  0.004 (0.005)
2022-04-11 06:53:53,653:INFO:   Eta: 0:59:37
2022-04-11 06:54:20,364:INFO: Train: [115][2111/2112]  Loss -0.6189 (-1.2721)  Time:  0.331 (0.013)  Data Time:  0.004 (0.005)
2022-04-11 06:54:20,365:INFO:   Eta: 1:00:03
2022-04-11 06:54:46,945:INFO: Train: [116][2111/2112]  Loss -0.6867 (-1.3521)  Time:  0.325 (0.013)  Data Time:  0.004 (0.005)
2022-04-11 06:54:46,946:INFO:   Eta: 0:59:19
2022-04-11 06:55:27,570:INFO: Test: [116]  ADE: 0.3357  FDE: 0.5247
2022-04-11 06:55:51,588:INFO: Train: [117][2111/2112]  Loss -0.6903 (-1.2873)  Time:  0.281 (0.011)  Data Time:  0.004 (0.004)
2022-04-11 06:55:51,589:INFO:   Eta: 0:53:10
2022-04-11 06:56:14,984:INFO: Train: [118][2111/2112]  Loss -0.6939 (-1.3698)  Time:  0.266 (0.011)  Data Time:  0.003 (0.004)
2022-04-11 06:56:14,984:INFO:   Eta: 0:51:26
2022-04-11 06:56:37,723:INFO: Train: [119][2111/2112]  Loss -0.6318 (-1.2990)  Time:  0.292 (0.011)  Data Time:  0.004 (0.003)
2022-04-11 06:56:37,724:INFO:   Eta: 0:49:36
