2022-03-29 15:41:01,644:INFO: batch_size=128
2022-03-29 15:41:01,644:INFO: clip_grad=None
2022-03-29 15:41:01,644:INFO: dataset=zara1
2022-03-29 15:41:01,644:INFO: gpu_num=0
2022-03-29 15:41:01,644:INFO: input_size=2
2022-03-29 15:41:01,644:INFO: kernel_size=3
2022-03-29 15:41:01,644:INFO: lr=0.01
2022-03-29 15:41:01,644:INFO: lr_sh_rate=150
2022-03-29 15:41:01,644:INFO: n_stgcnn=1
2022-03-29 15:41:01,644:INFO: n_txpcnn=5
2022-03-29 15:41:01,644:INFO: num_epochs=250
2022-03-29 15:41:01,645:INFO: obs_seq_len=8
2022-03-29 15:41:01,645:INFO: output_size=5
2022-03-29 15:41:01,645:INFO: pred_seq_len=12
2022-03-29 15:41:01,645:INFO: seed=0
2022-03-29 15:41:01,645:INFO: tag=zara1
2022-03-29 15:41:01,645:INFO: use_lrschd=True
2022-03-29 15:41:01,645:INFO: ******************************
2022-03-29 15:41:01,645:INFO: Training initiating....
2022-03-29 15:41:01,645:INFO: Namespace(batch_size=128, clip_grad=None, dataset='zara1', gpu_num='0', input_size=2, kernel_size=3, lr=0.01, lr_sh_rate=150, n_stgcnn=1, n_txpcnn=5, num_epochs=250, obs_seq_len=8, output_size=5, pred_seq_len=12, seed=0, tag='zara1', use_lrschd=True)
2022-03-29 15:41:01,658:INFO: Initializing train dataset
2022-03-29 15:41:12,712:INFO: Initializing val dataset
2022-03-29 15:41:21,692:INFO: social_stgcnn3
2022-03-29 15:41:21,693:INFO: Data and model loaded
2022-03-29 15:41:21,693:INFO: Checkpoint dir: ../runs/Mar29_15-41-01_node09/zara1/checkpoint
2022-03-29 15:41:21,693:INFO: Training started ...
2022-03-29 15:41:49,523:INFO: Train: [0][2321/2322]  Loss 0.2347 (1.7689)  Time:  0.073 (0.012)  Data Time:  0.003 (0.004)
2022-03-29 15:41:49,524:INFO:   Eta: 1:55:55
2022-03-29 15:42:08,174:INFO: Test: [0]  ADE: 1.5561  FDE: 1.5993
2022-03-29 15:42:30,987:INFO: Train: [1][2321/2322]  Loss 0.2115 (1.6175)  Time:  0.085 (0.010)  Data Time:  0.003 (0.003)
2022-03-29 15:42:30,987:INFO:   Eta: 1:34:36
2022-03-29 15:42:55,619:INFO: Train: [2][2321/2322]  Loss 0.1963 (1.4182)  Time:  0.076 (0.011)  Data Time:  0.004 (0.004)
2022-03-29 15:42:55,621:INFO:   Eta: 1:41:45
2022-03-29 15:43:20,251:INFO: Train: [3][2321/2322]  Loss 0.1704 (1.3487)  Time:  0.079 (0.011)  Data Time:  0.004 (0.004)
2022-03-29 15:43:20,252:INFO:   Eta: 1:41:20
2022-03-29 15:43:48,035:INFO: Train: [4][2321/2322]  Loss 0.1446 (1.1695)  Time:  0.091 (0.012)  Data Time:  0.006 (0.005)
2022-03-29 15:43:48,036:INFO:   Eta: 1:53:52
2022-03-29 15:44:16,241:INFO: Train: [5][2321/2322]  Loss 0.1209 (1.0016)  Time:  0.098 (0.012)  Data Time:  0.005 (0.005)
2022-03-29 15:44:16,242:INFO:   Eta: 1:55:07
2022-03-29 15:44:44,507:INFO: Train: [6][2321/2322]  Loss 0.0858 (0.8140)  Time:  0.097 (0.012)  Data Time:  0.005 (0.005)
2022-03-29 15:44:44,508:INFO:   Eta: 1:54:54
2022-03-29 15:45:12,649:INFO: Train: [7][2321/2322]  Loss 0.0659 (0.5155)  Time:  0.102 (0.012)  Data Time:  0.005 (0.005)
2022-03-29 15:45:12,649:INFO:   Eta: 1:53:55
2022-03-29 15:45:40,931:INFO: Train: [8][2321/2322]  Loss 0.0525 (0.3768)  Time:  0.099 (0.012)  Data Time:  0.005 (0.005)
2022-03-29 15:45:40,932:INFO:   Eta: 1:54:01
2022-03-29 15:46:08,857:INFO: Train: [9][2321/2322]  Loss 0.0384 (0.1672)  Time:  0.108 (0.012)  Data Time:  0.005 (0.004)
2022-03-29 15:46:08,869:INFO:   Eta: 1:52:05
2022-03-29 15:46:36,391:INFO: Train: [10][2321/2322]  Loss -0.0021 (0.0675)  Time:  0.077 (0.012)  Data Time:  0.003 (0.004)
2022-03-29 15:46:36,393:INFO:   Eta: 1:49:56
2022-03-29 15:46:56,623:INFO: Test: [10]  ADE: 1.2891  FDE: 2.3420
2022-03-29 15:47:22,237:INFO: Train: [11][2321/2322]  Loss -0.0132 (0.0108)  Time:  0.106 (0.011)  Data Time:  0.006 (0.004)
2022-03-29 15:47:22,237:INFO:   Eta: 1:41:57
2022-03-29 15:47:48,279:INFO: Train: [12][2321/2322]  Loss -0.0100 (-0.0447)  Time:  0.092 (0.011)  Data Time:  0.004 (0.004)
2022-03-29 15:47:48,280:INFO:   Eta: 1:43:15
2022-03-29 15:48:12,420:INFO: Train: [13][2321/2322]  Loss -0.0443 (-0.0799)  Time:  0.082 (0.010)  Data Time:  0.002 (0.004)
2022-03-29 15:48:12,421:INFO:   Eta: 1:35:17
2022-03-29 15:48:37,103:INFO: Train: [14][2321/2322]  Loss -0.0228 (-0.0979)  Time:  0.087 (0.011)  Data Time:  0.004 (0.004)
2022-03-29 15:48:37,103:INFO:   Eta: 1:37:02
2022-03-29 15:49:01,940:INFO: Train: [15][2321/2322]  Loss 0.0118 (-0.0845)  Time:  0.082 (0.011)  Data Time:  0.003 (0.004)
2022-03-29 15:49:01,941:INFO:   Eta: 1:37:14
2022-03-29 15:49:29,220:INFO: Train: [16][2321/2322]  Loss -0.0127 (-0.1468)  Time:  0.092 (0.012)  Data Time:  0.004 (0.004)
2022-03-29 15:49:29,220:INFO:   Eta: 1:46:20
2022-03-29 15:49:56,615:INFO: Train: [17][2321/2322]  Loss 0.0077 (-0.1219)  Time:  0.093 (0.012)  Data Time:  0.005 (0.005)
2022-03-29 15:49:56,615:INFO:   Eta: 1:46:20
2022-03-29 15:50:24,857:INFO: Train: [18][2321/2322]  Loss 0.0552 (-0.1205)  Time:  0.077 (0.012)  Data Time:  0.003 (0.005)
2022-03-29 15:50:24,958:INFO:   Eta: 1:49:09
2022-03-29 15:50:52,173:INFO: Train: [19][2321/2322]  Loss -0.0677 (-0.1921)  Time:  0.088 (0.012)  Data Time:  0.004 (0.004)
2022-03-29 15:50:52,365:INFO:   Eta: 1:44:07
2022-03-29 15:51:21,357:INFO: Train: [20][2321/2322]  Loss -0.0435 (-0.1451)  Time:  0.082 (0.012)  Data Time:  0.004 (0.004)
2022-03-29 15:51:21,357:INFO:   Eta: 1:45:32
2022-03-29 15:51:42,134:INFO: Test: [20]  ADE: 1.3089  FDE: 2.4958
2022-03-29 15:52:07,861:INFO: Train: [21][2321/2322]  Loss -0.0205 (-0.1466)  Time:  0.084 (0.011)  Data Time:  0.004 (0.004)
2022-03-29 15:52:08,141:INFO:   Eta: 1:37:53
2022-03-29 15:52:35,908:INFO: Train: [22][2321/2322]  Loss -0.0620 (-0.1643)  Time:  0.090 (0.012)  Data Time:  0.004 (0.004)
2022-03-29 15:52:35,968:INFO:   Eta: 1:43:39
2022-03-29 15:53:04,208:INFO: Train: [23][2321/2322]  Loss -0.0107 (-0.1974)  Time:  0.083 (0.012)  Data Time:  0.004 (0.005)
2022-03-29 15:53:04,209:INFO:   Eta: 1:46:27
2022-03-29 15:53:30,698:INFO: Train: [24][2321/2322]  Loss 0.0476 (-0.1946)  Time:  0.085 (0.011)  Data Time:  0.004 (0.004)
2022-03-29 15:53:30,700:INFO:   Eta: 1:39:43
2022-03-29 15:53:55,056:INFO: Train: [25][2321/2322]  Loss -0.0127 (-0.1790)  Time:  0.089 (0.010)  Data Time:  0.003 (0.004)
2022-03-29 15:53:55,057:INFO:   Eta: 1:31:17
2022-03-29 15:54:19,500:INFO: Train: [26][2321/2322]  Loss -0.0556 (-0.2218)  Time:  0.079 (0.011)  Data Time:  0.004 (0.004)
2022-03-29 15:54:19,501:INFO:   Eta: 1:31:12
2022-03-29 15:54:44,275:INFO: Train: [27][2321/2322]  Loss -0.0109 (-0.2000)  Time:  0.080 (0.011)  Data Time:  0.004 (0.004)
2022-03-29 15:54:44,276:INFO:   Eta: 1:32:01
2022-03-29 15:55:11,123:INFO: Train: [28][2321/2322]  Loss -0.0394 (-0.2124)  Time:  0.098 (0.012)  Data Time:  0.006 (0.004)
2022-03-29 15:55:11,124:INFO:   Eta: 1:39:17
2022-03-29 15:55:38,762:INFO: Train: [29][2321/2322]  Loss -0.0409 (-0.2060)  Time:  0.084 (0.012)  Data Time:  0.004 (0.004)
2022-03-29 15:55:38,923:INFO:   Eta: 1:41:45
2022-03-29 15:56:07,153:INFO: Train: [30][2321/2322]  Loss -0.0482 (-0.2416)  Time:  0.085 (0.012)  Data Time:  0.004 (0.004)
2022-03-29 15:56:07,178:INFO:   Eta: 1:39:23
2022-03-29 15:56:27,551:INFO: Test: [30]  ADE: 1.3894  FDE: 2.6931
2022-03-29 15:56:54,763:INFO: Train: [31][2321/2322]  Loss 0.0377 (-0.2313)  Time:  0.104 (0.012)  Data Time:  0.004 (0.005)
2022-03-29 15:56:55,005:INFO:   Eta: 1:39:15
2022-03-29 15:57:22,540:INFO: Train: [32][2321/2322]  Loss -0.0270 (-0.2647)  Time:  0.092 (0.012)  Data Time:  0.004 (0.004)
2022-03-29 15:57:22,991:INFO:   Eta: 1:37:40
2022-03-29 15:57:53,427:INFO: Train: [33][2321/2322]  Loss -0.0189 (-0.2443)  Time:  0.099 (0.012)  Data Time:  0.005 (0.004)
2022-03-29 15:57:53,427:INFO:   Eta: 1:38:04
2022-03-29 15:58:21,607:INFO: Train: [34][2321/2322]  Loss -0.0497 (-0.2431)  Time:  0.095 (0.012)  Data Time:  0.005 (0.005)
2022-03-29 15:58:21,607:INFO:   Eta: 1:41:23
2022-03-29 15:58:49,809:INFO: Train: [35][2321/2322]  Loss -0.0262 (-0.2096)  Time:  0.091 (0.012)  Data Time:  0.004 (0.005)
2022-03-29 15:58:49,810:INFO:   Eta: 1:41:00
2022-03-29 15:59:16,826:INFO: Train: [36][2321/2322]  Loss -0.0466 (-0.2652)  Time:  0.092 (0.012)  Data Time:  0.004 (0.004)
2022-03-29 15:59:16,826:INFO:   Eta: 1:36:18
2022-03-29 15:59:43,424:INFO: Train: [37][2321/2322]  Loss -0.0463 (-0.2646)  Time:  0.083 (0.011)  Data Time:  0.004 (0.004)
2022-03-29 15:59:43,425:INFO:   Eta: 1:34:22
2022-03-29 16:00:08,097:INFO: Train: [38][2321/2322]  Loss -0.0330 (-0.2312)  Time:  0.079 (0.011)  Data Time:  0.004 (0.004)
2022-03-29 16:00:08,098:INFO:   Eta: 1:27:07
2022-03-29 16:00:33,098:INFO: Train: [39][2321/2322]  Loss 0.0198 (-0.2467)  Time:  0.093 (0.011)  Data Time:  0.003 (0.004)
2022-03-29 16:00:33,098:INFO:   Eta: 1:27:52
2022-03-29 16:00:58,447:INFO: Train: [40][2321/2322]  Loss -0.0559 (-0.2327)  Time:  0.083 (0.011)  Data Time:  0.004 (0.004)
2022-03-29 16:00:58,448:INFO:   Eta: 1:28:40
2022-03-29 16:01:18,195:INFO: Test: [40]  ADE: 1.4497  FDE: 2.7742
2022-03-29 16:01:45,868:INFO: Train: [41][2321/2322]  Loss -0.0538 (-0.2890)  Time:  0.092 (0.012)  Data Time:  0.004 (0.004)
2022-03-29 16:01:45,869:INFO:   Eta: 1:36:20
2022-03-29 16:02:13,826:INFO: Train: [42][2321/2322]  Loss -0.0544 (-0.2265)  Time:  0.085 (0.012)  Data Time:  0.004 (0.005)
2022-03-29 16:02:13,827:INFO:   Eta: 1:36:52
2022-03-29 16:02:40,954:INFO: Train: [43][2321/2322]  Loss 0.0597 (-0.2777)  Time:  0.092 (0.012)  Data Time:  0.004 (0.004)
2022-03-29 16:02:40,955:INFO:   Eta: 1:33:33
2022-03-29 16:03:08,704:INFO: Train: [44][2321/2322]  Loss -0.0272 (-0.2542)  Time:  0.096 (0.012)  Data Time:  0.005 (0.005)
2022-03-29 16:03:08,704:INFO:   Eta: 1:35:14
2022-03-29 16:03:36,924:INFO: Train: [45][2321/2322]  Loss -0.0472 (-0.2414)  Time:  0.087 (0.012)  Data Time:  0.004 (0.005)
2022-03-29 16:03:36,925:INFO:   Eta: 1:36:22
2022-03-29 16:04:04,769:INFO: Train: [46][2321/2322]  Loss -0.0551 (-0.2461)  Time:  0.119 (0.012)  Data Time:  0.005 (0.005)
2022-03-29 16:04:04,770:INFO:   Eta: 1:34:37
2022-03-29 16:04:32,717:INFO: Train: [47][2321/2322]  Loss -0.0358 (-0.2706)  Time:  0.099 (0.012)  Data Time:  0.005 (0.005)
2022-03-29 16:04:32,718:INFO:   Eta: 1:34:30
2022-03-29 16:05:00,405:INFO: Train: [48][2321/2322]  Loss -0.0459 (-0.2753)  Time:  0.085 (0.012)  Data Time:  0.003 (0.004)
2022-03-29 16:05:00,417:INFO:   Eta: 1:33:10
2022-03-29 16:05:24,899:INFO: Train: [49][2321/2322]  Loss -0.0462 (-0.2798)  Time:  0.096 (0.011)  Data Time:  0.004 (0.004)
2022-03-29 16:05:24,930:INFO:   Eta: 1:21:58
2022-03-29 16:05:47,568:INFO: Train: [50][2321/2322]  Loss -0.0667 (-0.2682)  Time:  0.077 (0.010)  Data Time:  0.003 (0.003)
2022-03-29 16:05:47,693:INFO:   Eta: 1:14:18
2022-03-29 16:06:06,137:INFO: Test: [50]  ADE: 1.4803  FDE: 2.8248
2022-03-29 16:06:31,138:INFO: Train: [51][2321/2322]  Loss -0.0687 (-0.2643)  Time:  0.089 (0.011)  Data Time:  0.004 (0.004)
2022-03-29 16:06:31,138:INFO:   Eta: 1:22:51
2022-03-29 16:06:59,254:INFO: Train: [52][2321/2322]  Loss -0.0680 (-0.2226)  Time:  0.095 (0.012)  Data Time:  0.004 (0.004)
2022-03-29 16:06:59,255:INFO:   Eta: 1:32:44
2022-03-29 16:07:27,702:INFO: Train: [53][2321/2322]  Loss 0.0023 (-0.2759)  Time:  0.094 (0.012)  Data Time:  0.005 (0.005)
2022-03-29 16:07:27,703:INFO:   Eta: 1:33:21
2022-03-29 16:07:56,795:INFO: Train: [54][2321/2322]  Loss -0.0285 (-0.2631)  Time:  0.096 (0.013)  Data Time:  0.005 (0.004)
2022-03-29 16:07:56,796:INFO:   Eta: 1:34:59
2022-03-29 16:08:26,514:INFO: Train: [55][2321/2322]  Loss -0.0463 (-0.2630)  Time:  0.093 (0.013)  Data Time:  0.005 (0.005)
2022-03-29 16:08:26,514:INFO:   Eta: 1:36:31
2022-03-29 16:08:55,947:INFO: Train: [56][2321/2322]  Loss -0.0696 (-0.2441)  Time:  0.123 (0.013)  Data Time:  0.005 (0.005)
2022-03-29 16:08:55,948:INFO:   Eta: 1:35:06
2022-03-29 16:09:25,611:INFO: Train: [57][2321/2322]  Loss 0.0819 (-0.2890)  Time:  0.101 (0.013)  Data Time:  0.005 (0.005)
2022-03-29 16:09:25,612:INFO:   Eta: 1:35:21
2022-03-29 16:09:56,145:INFO: Train: [58][2321/2322]  Loss -0.0036 (-0.2596)  Time:  0.105 (0.013)  Data Time:  0.005 (0.005)
2022-03-29 16:09:56,146:INFO:   Eta: 1:37:39
2022-03-29 16:10:26,742:INFO: Train: [59][2321/2322]  Loss -0.0770 (-0.2709)  Time:  0.092 (0.013)  Data Time:  0.004 (0.005)
2022-03-29 16:10:26,743:INFO:   Eta: 1:37:20
2022-03-29 16:10:54,263:INFO: Train: [60][2321/2322]  Loss -0.0454 (-0.2447)  Time:  0.089 (0.012)  Data Time:  0.003 (0.004)
2022-03-29 16:10:54,264:INFO:   Eta: 1:27:05
2022-03-29 16:11:14,594:INFO: Test: [60]  ADE: 1.4890  FDE: 2.8314
2022-03-29 16:11:41,456:INFO: Train: [61][2321/2322]  Loss -0.0479 (-0.2816)  Time:  0.083 (0.012)  Data Time:  0.003 (0.004)
2022-03-29 16:11:41,457:INFO:   Eta: 1:24:32
2022-03-29 16:12:08,231:INFO: Train: [62][2321/2322]  Loss -0.0367 (-0.2750)  Time:  0.082 (0.012)  Data Time:  0.004 (0.004)
2022-03-29 16:12:08,232:INFO:   Eta: 1:23:50
2022-03-29 16:12:32,540:INFO: Train: [63][2321/2322]  Loss -0.0622 (-0.2941)  Time:  0.096 (0.010)  Data Time:  0.005 (0.004)
2022-03-29 16:12:32,594:INFO:   Eta: 1:15:43
2022-03-29 16:13:00,153:INFO: Train: [64][2321/2322]  Loss -0.0653 (-0.2693)  Time:  0.101 (0.012)  Data Time:  0.005 (0.004)
2022-03-29 16:13:00,153:INFO:   Eta: 1:24:13
2022-03-29 16:13:28,526:INFO: Train: [65][2321/2322]  Loss -0.0567 (-0.2779)  Time:  0.103 (0.012)  Data Time:  0.005 (0.005)
2022-03-29 16:13:28,690:INFO:   Eta: 1:27:26
2022-03-29 16:13:57,785:INFO: Train: [66][2321/2322]  Loss -0.0559 (-0.3014)  Time:  0.094 (0.012)  Data Time:  0.004 (0.005)
2022-03-29 16:13:57,786:INFO:   Eta: 1:26:50
2022-03-29 16:14:26,438:INFO: Train: [67][2321/2322]  Loss -0.0747 (-0.2993)  Time:  0.098 (0.012)  Data Time:  0.004 (0.005)
2022-03-29 16:14:26,439:INFO:   Eta: 1:27:21
2022-03-29 16:14:57,391:INFO: Train: [68][2321/2322]  Loss -0.0534 (-0.2847)  Time:  0.095 (0.013)  Data Time:  0.005 (0.005)
2022-03-29 16:14:57,391:INFO:   Eta: 1:33:50
2022-03-29 16:15:28,674:INFO: Train: [69][2321/2322]  Loss -0.0071 (-0.2397)  Time:  0.097 (0.013)  Data Time:  0.004 (0.005)
2022-03-29 16:15:28,675:INFO:   Eta: 1:34:19
2022-03-29 16:15:57,023:INFO: Train: [70][2321/2322]  Loss -0.0253 (-0.3056)  Time:  0.089 (0.012)  Data Time:  0.003 (0.004)
2022-03-29 16:15:57,025:INFO:   Eta: 1:24:59
2022-03-29 16:16:18,620:INFO: Test: [70]  ADE: 1.5003  FDE: 2.8391
2022-03-29 16:16:48,002:INFO: Train: [71][2321/2322]  Loss -0.0690 (-0.2724)  Time:  0.105 (0.013)  Data Time:  0.003 (0.004)
2022-03-29 16:16:48,003:INFO:   Eta: 1:27:35
2022-03-29 16:17:14,641:INFO: Train: [72][2321/2322]  Loss -0.0307 (-0.2938)  Time:  0.098 (0.011)  Data Time:  0.004 (0.004)
2022-03-29 16:17:14,642:INFO:   Eta: 1:18:58
2022-03-29 16:17:41,796:INFO: Train: [73][2321/2322]  Loss -0.0202 (-0.3070)  Time:  0.103 (0.012)  Data Time:  0.004 (0.004)
2022-03-29 16:17:41,797:INFO:   Eta: 1:20:03
2022-03-29 16:18:08,509:INFO: Train: [74][2321/2322]  Loss -0.0745 (-0.2751)  Time:  0.092 (0.011)  Data Time:  0.004 (0.003)
2022-03-29 16:18:08,510:INFO:   Eta: 1:18:18
2022-03-29 16:18:37,314:INFO: Train: [75][2321/2322]  Loss 0.0090 (-0.3064)  Time:  0.100 (0.012)  Data Time:  0.004 (0.004)
2022-03-29 16:18:37,315:INFO:   Eta: 1:23:57
2022-03-29 16:19:07,888:INFO: Train: [76][2321/2322]  Loss -0.0866 (-0.2629)  Time:  0.115 (0.013)  Data Time:  0.005 (0.005)
2022-03-29 16:19:07,889:INFO:   Eta: 1:28:37
2022-03-29 16:19:38,025:INFO: Train: [77][2321/2322]  Loss -0.0769 (-0.2972)  Time:  0.089 (0.013)  Data Time:  0.004 (0.005)
2022-03-29 16:19:38,027:INFO:   Eta: 1:26:50
2022-03-29 16:20:08,995:INFO: Train: [78][2321/2322]  Loss 0.0047 (-0.2681)  Time:  0.094 (0.013)  Data Time:  0.004 (0.005)
2022-03-29 16:20:08,996:INFO:   Eta: 1:28:40
2022-03-29 16:20:39,364:INFO: Train: [79][2321/2322]  Loss 0.0137 (-0.2805)  Time:  0.110 (0.013)  Data Time:  0.005 (0.005)
2022-03-29 16:20:39,364:INFO:   Eta: 1:26:30
2022-03-29 16:21:07,878:INFO: Train: [80][2321/2322]  Loss -0.0388 (-0.2632)  Time:  0.087 (0.012)  Data Time:  0.004 (0.004)
2022-03-29 16:21:07,879:INFO:   Eta: 1:20:44
2022-03-29 16:21:29,125:INFO: Test: [80]  ADE: 1.4837  FDE: 2.8287
2022-03-29 16:21:59,557:INFO: Train: [81][2321/2322]  Loss 0.0314 (-0.3032)  Time:  0.115 (0.013)  Data Time:  0.004 (0.005)
2022-03-29 16:21:59,558:INFO:   Eta: 1:25:38
2022-03-29 16:22:30,229:INFO: Train: [82][2321/2322]  Loss -0.0441 (-0.2850)  Time:  0.108 (0.013)  Data Time:  0.005 (0.005)
2022-03-29 16:22:30,231:INFO:   Eta: 1:25:50
2022-03-29 16:22:57,548:INFO: Train: [83][2321/2322]  Loss -0.0877 (-0.2639)  Time:  0.084 (0.012)  Data Time:  0.003 (0.004)
2022-03-29 16:22:57,549:INFO:   Eta: 1:15:59
2022-03-29 16:23:23,555:INFO: Train: [84][2321/2322]  Loss -0.0303 (-0.2835)  Time:  0.086 (0.011)  Data Time:  0.004 (0.003)
2022-03-29 16:23:23,556:INFO:   Eta: 1:11:54
2022-03-29 16:23:51,433:INFO: Train: [85][2321/2322]  Loss -0.0448 (-0.3016)  Time:  0.105 (0.012)  Data Time:  0.003 (0.004)
2022-03-29 16:23:51,434:INFO:   Eta: 1:16:37
2022-03-29 16:24:19,339:INFO: Train: [86][2321/2322]  Loss -0.0324 (-0.2706)  Time:  0.106 (0.012)  Data Time:  0.005 (0.004)
2022-03-29 16:24:19,340:INFO:   Eta: 1:16:13
2022-03-29 16:24:50,012:INFO: Train: [87][2321/2322]  Loss -0.0346 (-0.2280)  Time:  0.099 (0.013)  Data Time:  0.004 (0.005)
2022-03-29 16:24:50,014:INFO:   Eta: 1:23:16
2022-03-29 16:25:20,905:INFO: Train: [88][2321/2322]  Loss -0.0182 (-0.2862)  Time:  0.112 (0.013)  Data Time:  0.004 (0.005)
2022-03-29 16:25:20,907:INFO:   Eta: 1:23:21
2022-03-29 16:25:50,660:INFO: Train: [89][2321/2322]  Loss -0.0790 (-0.2970)  Time:  0.096 (0.013)  Data Time:  0.005 (0.005)
2022-03-29 16:25:50,660:INFO:   Eta: 1:19:47
2022-03-29 16:26:17,751:INFO: Train: [90][2321/2322]  Loss -0.0253 (-0.2595)  Time:  0.100 (0.012)  Data Time:  0.004 (0.004)
2022-03-29 16:26:17,752:INFO:   Eta: 1:12:12
2022-03-29 16:26:39,734:INFO: Test: [90]  ADE: 1.5085  FDE: 2.8307
2022-03-29 16:27:09,997:INFO: Train: [91][2321/2322]  Loss 0.0092 (-0.3014)  Time:  0.098 (0.013)  Data Time:  0.005 (0.005)
2022-03-29 16:27:09,999:INFO:   Eta: 1:20:08
2022-03-29 16:27:41,260:INFO: Train: [92][2321/2322]  Loss -0.0598 (-0.2864)  Time:  0.095 (0.013)  Data Time:  0.005 (0.005)
2022-03-29 16:27:41,261:INFO:   Eta: 1:22:15
2022-03-29 16:28:11,829:INFO: Train: [93][2321/2322]  Loss -0.0606 (-0.2975)  Time:  0.108 (0.013)  Data Time:  0.005 (0.005)
2022-03-29 16:28:11,830:INFO:   Eta: 1:19:56
2022-03-29 16:28:38,721:INFO: Train: [94][2321/2322]  Loss -0.0399 (-0.2935)  Time:  0.112 (0.012)  Data Time:  0.004 (0.004)
2022-03-29 16:28:38,722:INFO:   Eta: 1:09:52
2022-03-29 16:29:05,367:INFO: Train: [95][2321/2322]  Loss -0.0596 (-0.2608)  Time:  0.078 (0.011)  Data Time:  0.002 (0.004)
2022-03-29 16:29:05,368:INFO:   Eta: 1:08:47
2022-03-29 16:29:32,866:INFO: Train: [96][2321/2322]  Loss -0.0346 (-0.2693)  Time:  0.101 (0.012)  Data Time:  0.004 (0.004)
2022-03-29 16:29:32,867:INFO:   Eta: 1:10:32
2022-03-29 16:30:00,006:INFO: Train: [97][2321/2322]  Loss -0.0470 (-0.2591)  Time:  0.090 (0.012)  Data Time:  0.004 (0.004)
2022-03-29 16:30:00,008:INFO:   Eta: 1:09:09
2022-03-29 16:30:30,556:INFO: Train: [98][2321/2322]  Loss -0.0775 (-0.2578)  Time:  0.102 (0.013)  Data Time:  0.004 (0.004)
2022-03-29 16:30:30,557:INFO:   Eta: 1:17:20
2022-03-29 16:31:01,113:INFO: Train: [99][2321/2322]  Loss -0.0582 (-0.3208)  Time:  0.097 (0.013)  Data Time:  0.005 (0.005)
2022-03-29 16:31:01,114:INFO:   Eta: 1:16:51
2022-03-29 16:31:28,806:INFO: Train: [100][2321/2322]  Loss -0.0234 (-0.2691)  Time:  0.091 (0.012)  Data Time:  0.004 (0.004)
2022-03-29 16:31:28,807:INFO:   Eta: 1:09:11
2022-03-29 16:31:50,658:INFO: Test: [100]  ADE: 1.4897  FDE: 2.8227
2022-03-29 16:32:21,486:INFO: Train: [101][2321/2322]  Loss -0.0519 (-0.2554)  Time:  0.098 (0.013)  Data Time:  0.004 (0.005)
2022-03-29 16:32:21,487:INFO:   Eta: 1:16:30
2022-03-29 16:32:52,475:INFO: Train: [102][2321/2322]  Loss 0.0579 (-0.3149)  Time:  0.098 (0.013)  Data Time:  0.005 (0.005)
2022-03-29 16:32:52,476:INFO:   Eta: 1:16:23
2022-03-29 16:33:23,396:INFO: Train: [103][2321/2322]  Loss 0.0216 (-0.3184)  Time:  0.101 (0.013)  Data Time:  0.005 (0.005)
2022-03-29 16:33:23,397:INFO:   Eta: 1:15:42
2022-03-29 16:33:53,793:INFO: Train: [104][2321/2322]  Loss -0.0426 (-0.2838)  Time:  0.103 (0.013)  Data Time:  0.010 (0.005)
2022-03-29 16:33:53,794:INFO:   Eta: 1:13:55
2022-03-29 16:34:22,828:INFO: Train: [105][2321/2322]  Loss -0.0467 (-0.2673)  Time:  0.087 (0.012)  Data Time:  0.004 (0.004)
2022-03-29 16:34:22,829:INFO:   Eta: 1:10:07
2022-03-29 16:34:49,877:INFO: Train: [106][2321/2322]  Loss -0.0704 (-0.2841)  Time:  0.081 (0.012)  Data Time:  0.003 (0.004)
2022-03-29 16:34:49,879:INFO:   Eta: 1:04:52
2022-03-29 16:35:16,837:INFO: Train: [107][2321/2322]  Loss -0.0500 (-0.2538)  Time:  0.079 (0.012)  Data Time:  0.003 (0.004)
2022-03-29 16:35:16,837:INFO:   Eta: 1:04:12
2022-03-29 16:35:42,222:INFO: Train: [108][2321/2322]  Loss -0.0605 (-0.2758)  Time:  0.084 (0.011)  Data Time:  0.004 (0.004)
2022-03-29 16:35:42,431:INFO:   Eta: 1:00:03
2022-03-29 16:36:09,541:INFO: Train: [109][2321/2322]  Loss -0.0510 (-0.2645)  Time:  0.082 (0.011)  Data Time:  0.004 (0.004)
2022-03-29 16:36:09,747:INFO:   Eta: 1:01:46
2022-03-29 16:36:36,674:INFO: Train: [110][2321/2322]  Loss -0.0052 (-0.2750)  Time:  0.082 (0.011)  Data Time:  0.004 (0.004)
2022-03-29 16:36:36,675:INFO:   Eta: 1:01:15
2022-03-29 16:36:58,502:INFO: Test: [110]  ADE: 1.4981  FDE: 2.8465
2022-03-29 16:37:28,433:INFO: Train: [111][2321/2322]  Loss -0.0226 (-0.2513)  Time:  0.104 (0.013)  Data Time:  0.004 (0.005)
2022-03-29 16:37:28,434:INFO:   Eta: 1:09:17
2022-03-29 16:37:57,444:INFO: Train: [112][2321/2322]  Loss -0.0313 (-0.3031)  Time:  0.099 (0.012)  Data Time:  0.005 (0.005)
2022-03-29 16:37:57,446:INFO:   Eta: 1:06:41
2022-03-29 16:38:26,920:INFO: Train: [113][2321/2322]  Loss -0.0622 (-0.3015)  Time:  0.098 (0.013)  Data Time:  0.004 (0.005)
2022-03-29 16:38:26,921:INFO:   Eta: 1:07:15
2022-03-29 16:38:52,283:INFO: Train: [114][2321/2322]  Loss -0.0657 (-0.2902)  Time:  0.087 (0.011)  Data Time:  0.004 (0.004)
2022-03-29 16:38:52,483:INFO:   Eta: 0:57:27
2022-03-29 16:39:22,242:INFO: Train: [115][2321/2322]  Loss -0.0742 (-0.2896)  Time:  0.096 (0.012)  Data Time:  0.005 (0.005)
2022-03-29 16:39:22,243:INFO:   Eta: 1:02:58
2022-03-29 16:39:50,785:INFO: Train: [116][2321/2322]  Loss -0.0802 (-0.2969)  Time:  0.095 (0.012)  Data Time:  0.004 (0.004)
2022-03-29 16:39:50,786:INFO:   Eta: 1:03:42
2022-03-29 16:40:18,681:INFO: Train: [117][2321/2322]  Loss -0.0547 (-0.2778)  Time:  0.082 (0.012)  Data Time:  0.003 (0.004)
2022-03-29 16:40:18,682:INFO:   Eta: 1:01:47
2022-03-29 16:40:44,132:INFO: Train: [118][2321/2322]  Loss -0.0619 (-0.3209)  Time:  0.079 (0.011)  Data Time:  0.004 (0.004)
2022-03-29 16:40:44,134:INFO:   Eta: 0:55:57
2022-03-29 16:41:09,766:INFO: Train: [119][2321/2322]  Loss -0.0447 (-0.2090)  Time:  0.080 (0.011)  Data Time:  0.002 (0.003)
2022-03-29 16:41:09,767:INFO:   Eta: 0:55:55
2022-03-29 16:41:33,769:INFO: Train: [120][2321/2322]  Loss -0.0797 (-0.2979)  Time:  0.078 (0.010)  Data Time:  0.002 (0.003)
2022-03-29 16:41:33,769:INFO:   Eta: 0:51:58
2022-03-29 16:41:55,380:INFO: Test: [120]  ADE: 1.5041  FDE: 2.8444
2022-03-29 16:42:25,923:INFO: Train: [121][2321/2322]  Loss -0.0101 (-0.2789)  Time:  0.116 (0.013)  Data Time:  0.005 (0.005)
2022-03-29 16:42:25,924:INFO:   Eta: 1:05:37
2022-03-29 16:42:55,775:INFO: Train: [122][2321/2322]  Loss -0.0638 (-0.2014)  Time:  0.088 (0.013)  Data Time:  0.003 (0.005)
2022-03-29 16:42:55,776:INFO:   Eta: 1:03:38
2022-03-29 16:43:25,677:INFO: Train: [123][2321/2322]  Loss -0.0435 (-0.2850)  Time:  0.098 (0.013)  Data Time:  0.005 (0.005)
2022-03-29 16:43:25,678:INFO:   Eta: 1:03:15
2022-03-29 16:43:54,446:INFO: Train: [124][2321/2322]  Loss -0.0308 (-0.2540)  Time:  0.078 (0.012)  Data Time:  0.003 (0.005)
2022-03-29 16:43:54,447:INFO:   Eta: 1:00:23
2022-03-29 16:44:22,327:INFO: Train: [125][2321/2322]  Loss -0.0476 (-0.2798)  Time:  0.091 (0.012)  Data Time:  0.005 (0.005)
2022-03-29 16:44:22,327:INFO:   Eta: 0:58:03
2022-03-29 16:44:50,358:INFO: Train: [126][2321/2322]  Loss -0.0809 (-0.3077)  Time:  0.093 (0.012)  Data Time:  0.005 (0.005)
2022-03-29 16:44:50,359:INFO:   Eta: 0:57:54
2022-03-29 16:45:18,277:INFO: Train: [127][2321/2322]  Loss -0.0248 (-0.2785)  Time:  0.101 (0.012)  Data Time:  0.005 (0.005)
2022-03-29 16:45:18,278:INFO:   Eta: 0:57:12
2022-03-29 16:45:46,522:INFO: Train: [128][2321/2322]  Loss -0.0687 (-0.2510)  Time:  0.088 (0.012)  Data Time:  0.003 (0.005)
2022-03-29 16:45:46,524:INFO:   Eta: 0:57:24
2022-03-29 16:46:11,722:INFO: Train: [129][2321/2322]  Loss -0.0513 (-0.2853)  Time:  0.073 (0.011)  Data Time:  0.003 (0.004)
2022-03-29 16:46:11,722:INFO:   Eta: 0:50:46
2022-03-29 16:46:33,591:INFO: Train: [130][2321/2322]  Loss -0.0424 (-0.2126)  Time:  0.070 (0.009)  Data Time:  0.003 (0.003)
2022-03-29 16:46:33,591:INFO:   Eta: 0:43:42
2022-03-29 16:46:53,030:INFO: Test: [130]  ADE: 1.4988  FDE: 2.8178
2022-03-29 16:47:17,654:INFO: Train: [131][2321/2322]  Loss -0.0352 (-0.3036)  Time:  0.078 (0.011)  Data Time:  0.004 (0.004)
2022-03-29 16:47:17,655:INFO:   Eta: 0:48:47
2022-03-29 16:47:43,275:INFO: Train: [132][2321/2322]  Loss -0.0577 (-0.2999)  Time:  0.094 (0.011)  Data Time:  0.005 (0.004)
2022-03-29 16:47:43,276:INFO:   Eta: 0:50:21
2022-03-29 16:48:11,258:INFO: Train: [133][2321/2322]  Loss -0.0596 (-0.2937)  Time:  0.096 (0.012)  Data Time:  0.005 (0.005)
2022-03-29 16:48:11,259:INFO:   Eta: 0:54:32
2022-03-29 16:48:39,558:INFO: Train: [134][2321/2322]  Loss -0.0592 (-0.2689)  Time:  0.083 (0.012)  Data Time:  0.004 (0.005)
2022-03-29 16:48:39,559:INFO:   Eta: 0:54:40
2022-03-29 16:49:07,212:INFO: Train: [135][2321/2322]  Loss -0.0515 (-0.2835)  Time:  0.089 (0.012)  Data Time:  0.005 (0.005)
2022-03-29 16:49:07,213:INFO:   Eta: 0:52:58
2022-03-29 16:49:35,376:INFO: Train: [136][2321/2322]  Loss -0.0130 (-0.2463)  Time:  0.090 (0.012)  Data Time:  0.005 (0.005)
2022-03-29 16:49:35,376:INFO:   Eta: 0:53:29
2022-03-29 16:50:03,673:INFO: Train: [137][2321/2322]  Loss -0.0253 (-0.2781)  Time:  0.108 (0.012)  Data Time:  0.005 (0.005)
2022-03-29 16:50:03,674:INFO:   Eta: 0:53:16
2022-03-29 16:50:31,836:INFO: Train: [138][2321/2322]  Loss -0.0349 (-0.2618)  Time:  0.106 (0.012)  Data Time:  0.004 (0.005)
2022-03-29 16:50:31,837:INFO:   Eta: 0:52:32
2022-03-29 16:50:57,974:INFO: Train: [139][2321/2322]  Loss -0.0523 (-0.2899)  Time:  0.083 (0.011)  Data Time:  0.004 (0.004)
2022-03-29 16:50:57,975:INFO:   Eta: 0:48:20
2022-03-29 16:51:23,841:INFO: Train: [140][2321/2322]  Loss -0.0794 (-0.2714)  Time:  0.095 (0.011)  Data Time:  0.004 (0.004)
2022-03-29 16:51:23,843:INFO:   Eta: 0:47:23
2022-03-29 16:51:44,606:INFO: Test: [140]  ADE: 1.4885  FDE: 2.8139
2022-03-29 16:52:09,505:INFO: Train: [141][2321/2322]  Loss -0.0530 (-0.3013)  Time:  0.097 (0.011)  Data Time:  0.004 (0.004)
2022-03-29 16:52:09,506:INFO:   Eta: 0:45:12
2022-03-29 16:52:33,740:INFO: Train: [142][2321/2322]  Loss -0.0864 (-0.3053)  Time:  0.085 (0.010)  Data Time:  0.004 (0.004)
2022-03-29 16:52:33,743:INFO:   Eta: 0:43:36
2022-03-29 16:52:58,422:INFO: Train: [143][2321/2322]  Loss -0.0571 (-0.2919)  Time:  0.086 (0.011)  Data Time:  0.002 (0.004)
2022-03-29 16:52:58,423:INFO:   Eta: 0:43:53
2022-03-29 16:53:23,381:INFO: Train: [144][2321/2322]  Loss -0.0178 (-0.2661)  Time:  0.083 (0.011)  Data Time:  0.004 (0.004)
2022-03-29 16:53:23,382:INFO:   Eta: 0:44:04
2022-03-29 16:53:51,161:INFO: Train: [145][2321/2322]  Loss -0.0476 (-0.2825)  Time:  0.092 (0.012)  Data Time:  0.004 (0.005)
2022-03-29 16:53:51,162:INFO:   Eta: 0:48:35
2022-03-29 16:54:18,087:INFO: Train: [146][2321/2322]  Loss -0.0194 (-0.2323)  Time:  0.091 (0.012)  Data Time:  0.004 (0.004)
2022-03-29 16:54:18,088:INFO:   Eta: 0:46:39
2022-03-29 16:54:46,232:INFO: Train: [147][2321/2322]  Loss -0.0484 (-0.2250)  Time:  0.083 (0.012)  Data Time:  0.004 (0.005)
2022-03-29 16:54:46,233:INFO:   Eta: 0:48:17
2022-03-29 16:55:14,227:INFO: Train: [148][2321/2322]  Loss -0.0415 (-0.2590)  Time:  0.092 (0.012)  Data Time:  0.004 (0.005)
2022-03-29 16:55:14,228:INFO:   Eta: 0:47:34
2022-03-29 16:55:40,602:INFO: Train: [149][2321/2322]  Loss -0.0440 (-0.2274)  Time:  0.099 (0.011)  Data Time:  0.003 (0.004)
2022-03-29 16:55:40,603:INFO:   Eta: 0:44:22
2022-03-29 16:56:07,130:INFO: Train: [150][2321/2322]  Loss -0.0417 (-0.3091)  Time:  0.086 (0.011)  Data Time:  0.004 (0.004)
2022-03-29 16:56:07,130:INFO:   Eta: 0:44:11
2022-03-29 16:56:28,006:INFO: Test: [150]  ADE: 1.4950  FDE: 2.8290
2022-03-29 16:56:56,330:INFO: Train: [151][2321/2322]  Loss -0.0386 (-0.2773)  Time:  0.092 (0.012)  Data Time:  0.005 (0.005)
2022-03-29 16:56:56,331:INFO:   Eta: 0:46:42
2022-03-29 16:57:01,865:INFO: Valid: [151][604/605]  Loss -1.6006 (-0.8624)
2022-03-29 16:57:01,878:INFO: Checkpoint saved...
2022-03-29 16:57:29,990:INFO: Train: [152][2321/2322]  Loss -0.0540 (-0.2631)  Time:  0.098 (0.012)  Data Time:  0.004 (0.005)
2022-03-29 16:57:29,991:INFO:   Eta: 0:45:53
2022-03-29 16:57:35,718:INFO: Valid: [152][604/605]  Loss -1.6007 (-0.8613)
2022-03-29 16:57:35,732:INFO: Checkpoint saved...
2022-03-29 16:58:00,307:INFO: Train: [153][2321/2322]  Loss -0.0112 (-0.2491)  Time:  0.091 (0.011)  Data Time:  0.004 (0.004)
2022-03-29 16:58:00,307:INFO:   Eta: 0:39:41
2022-03-29 16:58:05,434:INFO: Valid: [153][604/605]  Loss -1.5966 (-0.8575)
2022-03-29 16:58:29,778:INFO: Train: [154][2321/2322]  Loss -0.0736 (-0.2754)  Time:  0.081 (0.010)  Data Time:  0.004 (0.004)
2022-03-29 16:58:29,779:INFO:   Eta: 0:38:54
2022-03-29 16:58:34,914:INFO: Valid: [154][604/605]  Loss -1.6014 (-0.8607)
2022-03-29 16:58:34,925:INFO: Checkpoint saved...
2022-03-29 16:58:59,840:INFO: Train: [155][2321/2322]  Loss -0.0240 (-0.2918)  Time:  0.088 (0.011)  Data Time:  0.003 (0.004)
2022-03-29 16:58:59,840:INFO:   Eta: 0:39:24
2022-03-29 16:59:05,130:INFO: Valid: [155][604/605]  Loss -1.6080 (-0.8661)
2022-03-29 16:59:05,148:INFO: Checkpoint saved...
2022-03-29 16:59:31,872:INFO: Train: [156][2321/2322]  Loss -0.0536 (-0.2938)  Time:  0.089 (0.011)  Data Time:  0.005 (0.004)
2022-03-29 16:59:31,872:INFO:   Eta: 0:41:49
2022-03-29 16:59:37,257:INFO: Valid: [156][604/605]  Loss -1.6001 (-0.8591)
2022-03-29 17:00:05,716:INFO: Train: [157][2321/2322]  Loss -0.0025 (-0.2638)  Time:  0.095 (0.012)  Data Time:  0.005 (0.004)
2022-03-29 17:00:05,717:INFO:   Eta: 0:44:04
2022-03-29 17:00:11,276:INFO: Valid: [157][604/605]  Loss -1.6078 (-0.8645)
2022-03-29 17:00:39,418:INFO: Train: [158][2321/2322]  Loss -0.0713 (-0.2652)  Time:  0.098 (0.012)  Data Time:  0.004 (0.005)
2022-03-29 17:00:39,419:INFO:   Eta: 0:43:06
2022-03-29 17:00:44,869:INFO: Valid: [158][604/605]  Loss -1.6021 (-0.8598)
2022-03-29 17:01:11,118:INFO: Train: [159][2321/2322]  Loss -0.0263 (-0.2695)  Time:  0.094 (0.011)  Data Time:  0.004 (0.004)
2022-03-29 17:01:11,119:INFO:   Eta: 0:39:46
2022-03-29 17:01:16,215:INFO: Valid: [159][604/605]  Loss -1.6051 (-0.8619)
2022-03-29 17:01:43,028:INFO: Train: [160][2321/2322]  Loss -0.0317 (-0.3437)  Time:  0.104 (0.012)  Data Time:  0.005 (0.004)
2022-03-29 17:01:43,029:INFO:   Eta: 0:40:10
2022-03-29 17:01:48,430:INFO: Valid: [160][604/605]  Loss -1.5969 (-0.8555)
2022-03-29 17:02:09,157:INFO: Test: [160]  ADE: 1.5060  FDE: 2.8510
2022-03-29 17:02:37,159:INFO: Train: [161][2321/2322]  Loss -0.0822 (-0.2723)  Time:  0.107 (0.012)  Data Time:  0.004 (0.005)
2022-03-29 17:02:37,160:INFO:   Eta: 0:41:30
2022-03-29 17:02:42,441:INFO: Valid: [161][604/605]  Loss -1.6098 (-0.8658)
2022-03-29 17:02:42,463:INFO: Checkpoint saved...
2022-03-29 17:03:10,354:INFO: Train: [162][2321/2322]  Loss -0.0095 (-0.2978)  Time:  0.093 (0.012)  Data Time:  0.003 (0.005)
2022-03-29 17:03:10,355:INFO:   Eta: 0:40:52
2022-03-29 17:03:15,759:INFO: Valid: [162][604/605]  Loss -1.6061 (-0.8628)
2022-03-29 17:03:40,465:INFO: Train: [163][2321/2322]  Loss -0.0308 (-0.2916)  Time:  0.077 (0.011)  Data Time:  0.003 (0.003)
2022-03-29 17:03:40,466:INFO:   Eta: 0:35:47
2022-03-29 17:03:45,662:INFO: Valid: [163][604/605]  Loss -1.6028 (-0.8602)
2022-03-29 17:04:10,624:INFO: Train: [164][2321/2322]  Loss -0.0371 (-0.3117)  Time:  0.101 (0.011)  Data Time:  0.003 (0.004)
2022-03-29 17:04:10,671:INFO:   Eta: 0:35:44
2022-03-29 17:04:15,948:INFO: Valid: [164][604/605]  Loss -1.5975 (-0.8559)
2022-03-29 17:04:40,681:INFO: Train: [165][2321/2322]  Loss -0.0479 (-0.2933)  Time:  0.086 (0.011)  Data Time:  0.004 (0.004)
2022-03-29 17:04:40,682:INFO:   Eta: 0:34:59
2022-03-29 17:04:46,308:INFO: Valid: [165][604/605]  Loss -1.5996 (-0.8575)
2022-03-29 17:05:12,986:INFO: Train: [166][2321/2322]  Loss -0.0432 (-0.2423)  Time:  0.081 (0.011)  Data Time:  0.004 (0.004)
2022-03-29 17:05:12,987:INFO:   Eta: 0:37:18
2022-03-29 17:05:18,677:INFO: Valid: [166][604/605]  Loss -1.6037 (-0.8607)
2022-03-29 17:05:47,444:INFO: Train: [167][2321/2322]  Loss 0.0131 (-0.2722)  Time:  0.094 (0.012)  Data Time:  0.005 (0.005)
2022-03-29 17:05:47,445:INFO:   Eta: 0:39:45
2022-03-29 17:05:52,942:INFO: Valid: [167][604/605]  Loss -1.6038 (-0.8606)
2022-03-29 17:06:20,777:INFO: Train: [168][2321/2322]  Loss -0.0592 (-0.2743)  Time:  0.089 (0.012)  Data Time:  0.004 (0.004)
2022-03-29 17:06:20,778:INFO:   Eta: 0:38:00
2022-03-29 17:06:26,223:INFO: Valid: [168][604/605]  Loss -1.6062 (-0.8623)
2022-03-29 17:06:52,031:INFO: Train: [169][2321/2322]  Loss -0.0582 (-0.2852)  Time:  0.092 (0.011)  Data Time:  0.004 (0.004)
2022-03-29 17:06:52,032:INFO:   Eta: 0:34:47
2022-03-29 17:06:57,663:INFO: Valid: [169][604/605]  Loss -1.6037 (-0.8605)
2022-03-29 17:07:25,554:INFO: Train: [170][2321/2322]  Loss -0.0447 (-0.2537)  Time:  0.083 (0.012)  Data Time:  0.004 (0.004)
2022-03-29 17:07:25,555:INFO:   Eta: 0:37:09
2022-03-29 17:07:31,047:INFO: Valid: [170][604/605]  Loss -1.6045 (-0.8611)
2022-03-29 17:07:52,429:INFO: Test: [170]  ADE: 1.5089  FDE: 2.8554
2022-03-29 17:08:20,161:INFO: Train: [171][2321/2322]  Loss -0.0474 (-0.2823)  Time:  0.084 (0.012)  Data Time:  0.005 (0.004)
2022-03-29 17:08:20,161:INFO:   Eta: 0:36:29
2022-03-29 17:08:25,556:INFO: Valid: [171][604/605]  Loss -1.6089 (-0.8647)
2022-03-29 17:08:53,836:INFO: Train: [172][2321/2322]  Loss -0.0463 (-0.2742)  Time:  0.109 (0.012)  Data Time:  0.004 (0.005)
2022-03-29 17:08:53,837:INFO:   Eta: 0:36:43
2022-03-29 17:08:59,451:INFO: Valid: [172][604/605]  Loss -1.5957 (-0.8543)
2022-03-29 17:09:24,486:INFO: Train: [173][2321/2322]  Loss -0.0431 (-0.2713)  Time:  0.072 (0.011)  Data Time:  0.003 (0.004)
2022-03-29 17:09:24,487:INFO:   Eta: 0:32:04
2022-03-29 17:09:30,146:INFO: Valid: [173][604/605]  Loss -1.6049 (-0.8614)
2022-03-29 17:09:55,079:INFO: Train: [174][2321/2322]  Loss -0.0349 (-0.2941)  Time:  0.073 (0.011)  Data Time:  0.003 (0.003)
2022-03-29 17:09:55,080:INFO:   Eta: 0:31:32
2022-03-29 17:10:00,355:INFO: Valid: [174][604/605]  Loss -1.6078 (-0.8635)
2022-03-29 17:10:25,784:INFO: Train: [175][2321/2322]  Loss -0.0032 (-0.2967)  Time:  0.087 (0.011)  Data Time:  0.003 (0.003)
2022-03-29 17:10:25,784:INFO:   Eta: 0:31:45
2022-03-29 17:10:30,933:INFO: Valid: [175][604/605]  Loss -1.6034 (-0.8598)
2022-03-29 17:10:57,636:INFO: Train: [176][2321/2322]  Loss -0.0620 (-0.2709)  Time:  0.088 (0.011)  Data Time:  0.004 (0.004)
2022-03-29 17:10:57,637:INFO:   Eta: 0:32:53
2022-03-29 17:11:03,038:INFO: Valid: [176][604/605]  Loss -1.6031 (-0.8599)
2022-03-29 17:11:29,740:INFO: Train: [177][2321/2322]  Loss -0.1022 (-0.2804)  Time:  0.094 (0.011)  Data Time:  0.004 (0.004)
2022-03-29 17:11:29,742:INFO:   Eta: 0:32:27
2022-03-29 17:11:35,256:INFO: Valid: [177][604/605]  Loss -1.6031 (-0.8595)
2022-03-29 17:12:01,910:INFO: Train: [178][2321/2322]  Loss -0.0428 (-0.2648)  Time:  0.090 (0.011)  Data Time:  0.003 (0.004)
2022-03-29 17:12:01,913:INFO:   Eta: 0:31:55
2022-03-29 17:12:07,313:INFO: Valid: [178][604/605]  Loss -1.6008 (-0.8580)
2022-03-29 17:12:33,379:INFO: Train: [179][2321/2322]  Loss -0.0269 (-0.2983)  Time:  0.093 (0.011)  Data Time:  0.004 (0.004)
2022-03-29 17:12:33,380:INFO:   Eta: 0:30:48
2022-03-29 17:12:38,749:INFO: Valid: [179][604/605]  Loss -1.5991 (-0.8571)
2022-03-29 17:13:06,858:INFO: Train: [180][2321/2322]  Loss -0.0362 (-0.2874)  Time:  0.097 (0.012)  Data Time:  0.003 (0.005)
2022-03-29 17:13:06,858:INFO:   Eta: 0:32:45
2022-03-29 17:13:12,003:INFO: Valid: [180][604/605]  Loss -1.6091 (-0.8648)
2022-03-29 17:13:33,081:INFO: Test: [180]  ADE: 1.5059  FDE: 2.8553
2022-03-29 17:14:01,018:INFO: Train: [181][2321/2322]  Loss -0.0451 (-0.3093)  Time:  0.099 (0.012)  Data Time:  0.005 (0.005)
2022-03-29 17:14:01,019:INFO:   Eta: 0:32:06
2022-03-29 17:14:06,406:INFO: Valid: [181][604/605]  Loss -1.6070 (-0.8631)
2022-03-29 17:14:34,183:INFO: Train: [182][2321/2322]  Loss -0.0690 (-0.2806)  Time:  0.089 (0.012)  Data Time:  0.004 (0.004)
2022-03-29 17:14:34,184:INFO:   Eta: 0:31:27
2022-03-29 17:14:39,763:INFO: Valid: [182][604/605]  Loss -1.6042 (-0.8604)
2022-03-29 17:15:07,236:INFO: Train: [183][2321/2322]  Loss -0.0867 (-0.2768)  Time:  0.091 (0.012)  Data Time:  0.005 (0.004)
2022-03-29 17:15:07,237:INFO:   Eta: 0:30:39
2022-03-29 17:15:12,543:INFO: Valid: [183][604/605]  Loss -1.6063 (-0.8618)
2022-03-29 17:15:40,384:INFO: Train: [184][2321/2322]  Loss -0.0546 (-0.3085)  Time:  0.081 (0.012)  Data Time:  0.002 (0.004)
2022-03-29 17:15:40,385:INFO:   Eta: 0:30:35
2022-03-29 17:15:46,121:INFO: Valid: [184][604/605]  Loss -1.6061 (-0.8614)
2022-03-29 17:16:10,836:INFO: Train: [185][2321/2322]  Loss -0.0779 (-0.3010)  Time:  0.086 (0.011)  Data Time:  0.004 (0.003)
2022-03-29 17:16:10,837:INFO:   Eta: 0:26:44
2022-03-29 17:16:16,072:INFO: Valid: [185][604/605]  Loss -1.6073 (-0.8630)
2022-03-29 17:16:40,955:INFO: Train: [186][2321/2322]  Loss -0.0609 (-0.3033)  Time:  0.083 (0.011)  Data Time:  0.004 (0.003)
2022-03-29 17:16:40,956:INFO:   Eta: 0:26:30
2022-03-29 17:16:46,077:INFO: Valid: [186][604/605]  Loss -1.6039 (-0.8607)
2022-03-29 17:17:10,438:INFO: Train: [187][2321/2322]  Loss -0.0281 (-0.2770)  Time:  0.075 (0.010)  Data Time:  0.003 (0.003)
2022-03-29 17:17:10,439:INFO:   Eta: 0:25:33
2022-03-29 17:17:15,802:INFO: Valid: [187][604/605]  Loss -1.6017 (-0.8587)
2022-03-29 17:17:40,178:INFO: Train: [188][2321/2322]  Loss -0.0471 (-0.2816)  Time:  0.086 (0.010)  Data Time:  0.005 (0.003)
2022-03-29 17:17:40,179:INFO:   Eta: 0:25:09
2022-03-29 17:17:45,472:INFO: Valid: [188][604/605]  Loss -1.5977 (-0.8558)
2022-03-29 17:18:12,287:INFO: Train: [189][2321/2322]  Loss -0.0481 (-0.3006)  Time:  0.092 (0.012)  Data Time:  0.005 (0.004)
2022-03-29 17:18:12,288:INFO:   Eta: 0:27:14
2022-03-29 17:18:17,889:INFO: Valid: [189][604/605]  Loss -1.6036 (-0.8609)
2022-03-29 17:18:45,321:INFO: Train: [190][2321/2322]  Loss -0.0018 (-0.3116)  Time:  0.092 (0.012)  Data Time:  0.004 (0.004)
2022-03-29 17:18:45,323:INFO:   Eta: 0:27:24
2022-03-29 17:18:50,869:INFO: Valid: [190][604/605]  Loss -1.6068 (-0.8631)
2022-03-29 17:19:11,559:INFO: Test: [190]  ADE: 1.5081  FDE: 2.8499
2022-03-29 17:19:39,793:INFO: Train: [191][2321/2322]  Loss -0.0576 (-0.2598)  Time:  0.087 (0.012)  Data Time:  0.007 (0.004)
2022-03-29 17:19:39,794:INFO:   Eta: 0:27:44
2022-03-29 17:19:45,313:INFO: Valid: [191][604/605]  Loss -1.6047 (-0.8614)
2022-03-29 17:20:13,432:INFO: Train: [192][2321/2322]  Loss -0.0838 (-0.2616)  Time:  0.095 (0.012)  Data Time:  0.005 (0.004)
2022-03-29 17:20:13,433:INFO:   Eta: 0:27:09
2022-03-29 17:20:19,381:INFO: Valid: [192][604/605]  Loss -1.6031 (-0.8602)
2022-03-29 17:20:46,873:INFO: Train: [193][2321/2322]  Loss -0.0344 (-0.3081)  Time:  0.103 (0.012)  Data Time:  0.004 (0.004)
2022-03-29 17:20:46,878:INFO:   Eta: 0:26:05
2022-03-29 17:20:52,510:INFO: Valid: [193][604/605]  Loss -1.6067 (-0.8629)
2022-03-29 17:21:20,343:INFO: Train: [194][2321/2322]  Loss -0.0601 (-0.2826)  Time:  0.088 (0.012)  Data Time:  0.004 (0.005)
2022-03-29 17:21:20,345:INFO:   Eta: 0:25:54
2022-03-29 17:21:26,055:INFO: Valid: [194][604/605]  Loss -1.6035 (-0.8602)
2022-03-29 17:21:54,106:INFO: Train: [195][2321/2322]  Loss -0.0372 (-0.2673)  Time:  0.090 (0.012)  Data Time:  0.004 (0.004)
2022-03-29 17:21:54,106:INFO:   Eta: 0:25:40
2022-03-29 17:21:59,422:INFO: Valid: [195][604/605]  Loss -1.6021 (-0.8595)
2022-03-29 17:22:25,968:INFO: Train: [196][2321/2322]  Loss -0.0753 (-0.2718)  Time:  0.101 (0.011)  Data Time:  0.003 (0.004)
2022-03-29 17:22:25,969:INFO:   Eta: 0:23:52
2022-03-29 17:22:31,149:INFO: Valid: [196][604/605]  Loss -1.6058 (-0.8627)
2022-03-29 17:22:54,672:INFO: Train: [197][2321/2322]  Loss -0.0724 (-0.3033)  Time:  0.078 (0.010)  Data Time:  0.003 (0.003)
2022-03-29 17:22:54,673:INFO:   Eta: 0:20:45
2022-03-29 17:22:59,808:INFO: Valid: [197][604/605]  Loss -1.6118 (-0.8679)
2022-03-29 17:22:59,870:INFO: Checkpoint saved...
2022-03-29 17:23:21,505:INFO: Train: [198][2321/2322]  Loss 0.0010 (-0.2995)  Time:  0.075 (0.009)  Data Time:  0.001 (0.002)
2022-03-29 17:23:21,506:INFO:   Eta: 0:18:43
2022-03-29 17:23:26,837:INFO: Valid: [198][604/605]  Loss -1.6025 (-0.8599)
2022-03-29 17:23:51,432:INFO: Train: [199][2321/2322]  Loss -0.0394 (-0.2743)  Time:  0.082 (0.011)  Data Time:  0.003 (0.004)
2022-03-29 17:23:51,432:INFO:   Eta: 0:20:52
2022-03-29 17:23:56,868:INFO: Valid: [199][604/605]  Loss -1.6110 (-0.8668)
2022-03-29 17:24:24,765:INFO: Train: [200][2321/2322]  Loss -0.0414 (-0.3186)  Time:  0.085 (0.012)  Data Time:  0.004 (0.005)
2022-03-29 17:24:24,766:INFO:   Eta: 0:23:13
2022-03-29 17:24:30,317:INFO: Valid: [200][604/605]  Loss -1.6066 (-0.8631)
2022-03-29 17:24:51,132:INFO: Test: [200]  ADE: 1.5034  FDE: 2.8564
2022-03-29 17:25:19,336:INFO: Train: [201][2321/2322]  Loss -0.0743 (-0.2730)  Time:  0.083 (0.012)  Data Time:  0.004 (0.004)
2022-03-29 17:25:19,346:INFO:   Eta: 0:23:01
2022-03-29 17:25:24,933:INFO: Valid: [201][604/605]  Loss -1.6045 (-0.8613)
2022-03-29 17:25:52,855:INFO: Train: [202][2321/2322]  Loss -0.0589 (-0.2574)  Time:  0.094 (0.012)  Data Time:  0.004 (0.004)
2022-03-29 17:25:52,855:INFO:   Eta: 0:22:19
2022-03-29 17:25:58,432:INFO: Valid: [202][604/605]  Loss -1.6080 (-0.8639)
2022-03-29 17:26:26,181:INFO: Train: [203][2321/2322]  Loss -0.0866 (-0.2680)  Time:  0.076 (0.012)  Data Time:  0.004 (0.004)
2022-03-29 17:26:26,183:INFO:   Eta: 0:21:42
2022-03-29 17:26:31,943:INFO: Valid: [203][604/605]  Loss -1.6039 (-0.8605)
2022-03-29 17:27:00,289:INFO: Train: [204][2321/2322]  Loss -0.0559 (-0.2513)  Time:  0.091 (0.012)  Data Time:  0.005 (0.004)
2022-03-29 17:27:00,290:INFO:   Eta: 0:21:41
2022-03-29 17:27:05,945:INFO: Valid: [204][604/605]  Loss -1.6127 (-0.8676)
2022-03-29 17:27:05,960:INFO: Checkpoint saved...
2022-03-29 17:27:34,298:INFO: Train: [205][2321/2322]  Loss -0.0724 (-0.2711)  Time:  0.087 (0.012)  Data Time:  0.005 (0.004)
2022-03-29 17:27:34,298:INFO:   Eta: 0:21:14
2022-03-29 17:27:39,566:INFO: Valid: [205][604/605]  Loss -1.6065 (-0.8628)
2022-03-29 17:28:07,796:INFO: Train: [206][2321/2322]  Loss -0.0546 (-0.2312)  Time:  0.105 (0.012)  Data Time:  0.005 (0.004)
2022-03-29 17:28:07,812:INFO:   Eta: 0:20:40
2022-03-29 17:28:13,917:INFO: Valid: [206][604/605]  Loss -1.6021 (-0.8589)
2022-03-29 17:28:41,462:INFO: Train: [207][2321/2322]  Loss -0.0457 (-0.2929)  Time:  0.079 (0.011)  Data Time:  0.004 (0.004)
2022-03-29 17:28:41,554:INFO:   Eta: 0:18:42
2022-03-29 17:28:46,994:INFO: Valid: [207][604/605]  Loss -1.6108 (-0.8657)
2022-03-29 17:29:09,824:INFO: Train: [208][2321/2322]  Loss -0.0116 (-0.2853)  Time:  0.090 (0.010)  Data Time:  0.004 (0.003)
2022-03-29 17:29:09,834:INFO:   Eta: 0:15:57
2022-03-29 17:29:15,105:INFO: Valid: [208][604/605]  Loss -1.6071 (-0.8629)
2022-03-29 17:29:37,130:INFO: Train: [209][2321/2322]  Loss 0.0040 (-0.3088)  Time:  0.083 (0.009)  Data Time:  0.003 (0.003)
2022-03-29 17:29:37,169:INFO:   Eta: 0:15:01
2022-03-29 17:29:42,437:INFO: Valid: [209][604/605]  Loss -1.6019 (-0.8590)
2022-03-29 17:30:07,048:INFO: Train: [210][2321/2322]  Loss -0.0439 (-0.2735)  Time:  0.083 (0.011)  Data Time:  0.003 (0.004)
2022-03-29 17:30:07,049:INFO:   Eta: 0:16:23
2022-03-29 17:30:12,654:INFO: Valid: [210][604/605]  Loss -1.6042 (-0.8607)
2022-03-29 17:30:33,094:INFO: Test: [210]  ADE: 1.5075  FDE: 2.8414
2022-03-29 17:31:01,097:INFO: Train: [211][2321/2322]  Loss -0.0604 (-0.3029)  Time:  0.092 (0.012)  Data Time:  0.004 (0.004)
2022-03-29 17:31:01,098:INFO:   Eta: 0:18:03
2022-03-29 17:31:06,517:INFO: Valid: [211][604/605]  Loss -1.6073 (-0.8629)
2022-03-29 17:31:34,393:INFO: Train: [212][2321/2322]  Loss -0.0334 (-0.2886)  Time:  0.093 (0.012)  Data Time:  0.005 (0.004)
2022-03-29 17:31:34,394:INFO:   Eta: 0:17:38
2022-03-29 17:31:39,967:INFO: Valid: [212][604/605]  Loss -1.6044 (-0.8610)
2022-03-29 17:32:07,895:INFO: Train: [213][2321/2322]  Loss -0.0273 (-0.2627)  Time:  0.103 (0.012)  Data Time:  0.004 (0.004)
2022-03-29 17:32:07,896:INFO:   Eta: 0:17:12
2022-03-29 17:32:13,298:INFO: Valid: [213][604/605]  Loss -1.6062 (-0.8626)
2022-03-29 17:32:41,356:INFO: Train: [214][2321/2322]  Loss 0.0019 (-0.2657)  Time:  0.086 (0.012)  Data Time:  0.004 (0.004)
2022-03-29 17:32:41,381:INFO:   Eta: 0:16:40
2022-03-29 17:32:46,927:INFO: Valid: [214][604/605]  Loss -1.6025 (-0.8596)
2022-03-29 17:33:14,896:INFO: Train: [215][2321/2322]  Loss -0.0748 (-0.2568)  Time:  0.095 (0.012)  Data Time:  0.004 (0.004)
2022-03-29 17:33:14,896:INFO:   Eta: 0:16:15
2022-03-29 17:33:20,647:INFO: Valid: [215][604/605]  Loss -1.6126 (-0.8679)
2022-03-29 17:33:48,541:INFO: Train: [216][2321/2322]  Loss -0.0580 (-0.2858)  Time:  0.098 (0.012)  Data Time:  0.005 (0.004)
2022-03-29 17:33:48,559:INFO:   Eta: 0:15:33
2022-03-29 17:33:53,989:INFO: Valid: [216][604/605]  Loss -1.6088 (-0.8643)
2022-03-29 17:34:19,575:INFO: Train: [217][2321/2322]  Loss -0.0836 (-0.2744)  Time:  0.082 (0.011)  Data Time:  0.004 (0.004)
2022-03-29 17:34:19,576:INFO:   Eta: 0:14:03
2022-03-29 17:34:25,071:INFO: Valid: [217][604/605]  Loss -1.6039 (-0.8606)
2022-03-29 17:34:50,996:INFO: Train: [218][2321/2322]  Loss -0.0301 (-0.3168)  Time:  0.093 (0.011)  Data Time:  0.005 (0.004)
2022-03-29 17:34:51,234:INFO:   Eta: 0:13:48
2022-03-29 17:34:57,192:INFO: Valid: [218][604/605]  Loss -1.6088 (-0.8643)
2022-03-29 17:35:22,091:INFO: Train: [219][2321/2322]  Loss -0.0796 (-0.2810)  Time:  0.108 (0.011)  Data Time:  0.006 (0.004)
2022-03-29 17:35:22,092:INFO:   Eta: 0:12:51
2022-03-29 17:35:27,491:INFO: Valid: [219][604/605]  Loss -1.6068 (-0.8627)
2022-03-29 17:35:51,488:INFO: Train: [220][2321/2322]  Loss -0.0241 (-0.2865)  Time:  0.086 (0.010)  Data Time:  0.003 (0.003)
2022-03-29 17:35:51,527:INFO:   Eta: 0:11:59
2022-03-29 17:35:56,786:INFO: Valid: [220][604/605]  Loss -1.6069 (-0.8627)
2022-03-29 17:36:16,842:INFO: Test: [220]  ADE: 1.5044  FDE: 2.8503
2022-03-29 17:36:41,313:INFO: Train: [221][2321/2322]  Loss -0.0725 (-0.2614)  Time:  0.073 (0.010)  Data Time:  0.003 (0.003)
2022-03-29 17:36:41,434:INFO:   Eta: 0:11:44
2022-03-29 17:36:46,763:INFO: Valid: [221][604/605]  Loss -1.6124 (-0.8677)
2022-03-29 17:37:12,327:INFO: Train: [222][2321/2322]  Loss -0.0358 (-0.2713)  Time:  0.078 (0.010)  Data Time:  0.002 (0.003)
2022-03-29 17:37:12,876:INFO:   Eta: 0:11:17
2022-03-29 17:37:18,345:INFO: Valid: [222][604/605]  Loss -1.6091 (-0.8650)
2022-03-29 17:37:46,389:INFO: Train: [223][2321/2322]  Loss 0.0191 (-0.2736)  Time:  0.083 (0.012)  Data Time:  0.003 (0.004)
2022-03-29 17:37:46,390:INFO:   Eta: 0:12:32
2022-03-29 17:37:51,724:INFO: Valid: [223][604/605]  Loss -1.6133 (-0.8683)
2022-03-29 17:37:51,779:INFO: Checkpoint saved...
2022-03-29 17:38:19,791:INFO: Train: [224][2321/2322]  Loss -0.0281 (-0.2587)  Time:  0.111 (0.012)  Data Time:  0.006 (0.004)
2022-03-29 17:38:19,792:INFO:   Eta: 0:12:07
2022-03-29 17:38:25,187:INFO: Valid: [224][604/605]  Loss -1.6094 (-0.8654)
2022-03-29 17:38:52,876:INFO: Train: [225][2321/2322]  Loss 0.0330 (-0.3050)  Time:  0.092 (0.012)  Data Time:  0.005 (0.004)
2022-03-29 17:38:52,877:INFO:   Eta: 0:11:31
2022-03-29 17:38:58,212:INFO: Valid: [225][604/605]  Loss -1.6058 (-0.8625)
2022-03-29 17:39:25,997:INFO: Train: [226][2321/2322]  Loss 0.0342 (-0.2739)  Time:  0.100 (0.012)  Data Time:  0.004 (0.004)
2022-03-29 17:39:25,998:INFO:   Eta: 0:11:06
2022-03-29 17:39:31,591:INFO: Valid: [226][604/605]  Loss -1.6006 (-0.8583)
2022-03-29 17:39:56,691:INFO: Train: [227][2321/2322]  Loss -0.0475 (-0.2528)  Time:  0.084 (0.011)  Data Time:  0.003 (0.004)
2022-03-29 17:39:56,693:INFO:   Eta: 0:09:35
2022-03-29 17:40:02,172:INFO: Valid: [227][604/605]  Loss -1.6027 (-0.8600)
2022-03-29 17:40:29,404:INFO: Train: [228][2321/2322]  Loss -0.0094 (-0.2999)  Time:  0.088 (0.012)  Data Time:  0.004 (0.004)
2022-03-29 17:40:29,405:INFO:   Eta: 0:09:58
2022-03-29 17:40:34,936:INFO: Valid: [228][604/605]  Loss -1.6046 (-0.8617)
2022-03-29 17:41:03,022:INFO: Train: [229][2321/2322]  Loss -0.0797 (-0.2861)  Time:  0.082 (0.012)  Data Time:  0.004 (0.004)
2022-03-29 17:41:03,023:INFO:   Eta: 0:09:49
2022-03-29 17:41:08,697:INFO: Valid: [229][604/605]  Loss -1.6096 (-0.8654)
2022-03-29 17:41:36,583:INFO: Train: [230][2321/2322]  Loss -0.0253 (-0.2956)  Time:  0.079 (0.012)  Data Time:  0.004 (0.004)
2022-03-29 17:41:36,583:INFO:   Eta: 0:09:17
2022-03-29 17:41:42,303:INFO: Valid: [230][604/605]  Loss -1.6078 (-0.8635)
2022-03-29 17:42:02,616:INFO: Test: [230]  ADE: 1.5056  FDE: 2.8449
2022-03-29 17:42:28,786:INFO: Train: [231][2321/2322]  Loss -0.0570 (-0.2646)  Time:  0.082 (0.011)  Data Time:  0.003 (0.004)
2022-03-29 17:42:28,786:INFO:   Eta: 0:08:16
2022-03-29 17:42:34,299:INFO: Valid: [231][604/605]  Loss -1.6003 (-0.8580)
2022-03-29 17:42:59,149:INFO: Train: [232][2321/2322]  Loss -0.0260 (-0.2637)  Time:  0.078 (0.011)  Data Time:  0.002 (0.004)
2022-03-29 17:42:59,150:INFO:   Eta: 0:07:26
2022-03-29 17:43:04,857:INFO: Valid: [232][604/605]  Loss -1.6032 (-0.8603)
2022-03-29 17:43:29,417:INFO: Train: [233][2321/2322]  Loss 0.0269 (-0.2619)  Time:  0.082 (0.011)  Data Time:  0.003 (0.003)
2022-03-29 17:43:29,418:INFO:   Eta: 0:06:56
2022-03-29 17:43:34,788:INFO: Valid: [233][604/605]  Loss -1.6038 (-0.8607)
2022-03-29 17:43:59,454:INFO: Train: [234][2321/2322]  Loss -0.0598 (-0.3132)  Time:  0.080 (0.011)  Data Time:  0.004 (0.004)
2022-03-29 17:43:59,765:INFO:   Eta: 0:06:34
2022-03-29 17:44:05,129:INFO: Valid: [234][604/605]  Loss -1.6108 (-0.8666)
2022-03-29 17:44:32,786:INFO: Train: [235][2321/2322]  Loss -0.0510 (-0.2720)  Time:  0.093 (0.012)  Data Time:  0.005 (0.004)
2022-03-29 17:44:32,786:INFO:   Eta: 0:06:54
2022-03-29 17:44:38,674:INFO: Valid: [235][604/605]  Loss -1.6120 (-0.8674)
2022-03-29 17:45:06,373:INFO: Train: [236][2321/2322]  Loss -0.0391 (-0.2896)  Time:  0.095 (0.012)  Data Time:  0.005 (0.004)
2022-03-29 17:45:06,373:INFO:   Eta: 0:06:27
2022-03-29 17:45:12,334:INFO: Valid: [236][604/605]  Loss -1.6076 (-0.8636)
2022-03-29 17:45:37,551:INFO: Train: [237][2321/2322]  Loss -0.0392 (-0.2449)  Time:  0.078 (0.011)  Data Time:  0.004 (0.004)
2022-03-29 17:45:37,552:INFO:   Eta: 0:05:27
2022-03-29 17:45:44,191:INFO: Valid: [237][604/605]  Loss -1.5975 (-0.8564)
2022-03-29 17:46:12,702:INFO: Train: [238][2321/2322]  Loss -0.0656 (-0.2731)  Time:  0.096 (0.012)  Data Time:  0.005 (0.004)
2022-03-29 17:46:12,703:INFO:   Eta: 0:05:41
2022-03-29 17:46:18,035:INFO: Valid: [238][604/605]  Loss -1.6077 (-0.8643)
2022-03-29 17:46:46,543:INFO: Train: [239][2321/2322]  Loss -0.0268 (-0.2783)  Time:  0.087 (0.012)  Data Time:  0.004 (0.005)
2022-03-29 17:46:46,544:INFO:   Eta: 0:05:13
2022-03-29 17:46:52,204:INFO: Valid: [239][604/605]  Loss -1.6053 (-0.8619)
2022-03-29 17:47:19,868:INFO: Train: [240][2321/2322]  Loss -0.0542 (-0.2731)  Time:  0.097 (0.012)  Data Time:  0.004 (0.004)
2022-03-29 17:47:19,868:INFO:   Eta: 0:04:36
2022-03-29 17:47:25,501:INFO: Valid: [240][604/605]  Loss -1.6111 (-0.8661)
2022-03-29 17:47:46,647:INFO: Test: [240]  ADE: 1.4989  FDE: 2.8258
2022-03-29 17:48:13,882:INFO: Train: [241][2321/2322]  Loss -0.0647 (-0.2870)  Time:  0.089 (0.012)  Data Time:  0.005 (0.004)
2022-03-29 17:48:13,883:INFO:   Eta: 0:04:04
2022-03-29 17:48:19,262:INFO: Valid: [241][604/605]  Loss -1.6075 (-0.8630)
2022-03-29 17:48:47,319:INFO: Train: [242][2321/2322]  Loss -0.0254 (-0.3109)  Time:  0.087 (0.012)  Data Time:  0.005 (0.004)
2022-03-29 17:48:47,320:INFO:   Eta: 0:03:44
2022-03-29 17:48:52,725:INFO: Valid: [242][604/605]  Loss -1.6034 (-0.8600)
2022-03-29 17:49:18,070:INFO: Train: [243][2321/2322]  Loss 0.0577 (-0.2424)  Time:  0.079 (0.011)  Data Time:  0.003 (0.004)
2022-03-29 17:49:18,071:INFO:   Eta: 0:02:57
2022-03-29 17:49:23,448:INFO: Valid: [243][604/605]  Loss -1.6096 (-0.8651)
2022-03-29 17:49:47,824:INFO: Train: [244][2321/2322]  Loss -0.0692 (-0.2882)  Time:  0.078 (0.010)  Data Time:  0.004 (0.003)
2022-03-29 17:49:47,825:INFO:   Eta: 0:02:26
2022-03-29 17:49:53,063:INFO: Valid: [244][604/605]  Loss -1.6017 (-0.8591)
2022-03-29 17:50:15,753:INFO: Train: [245][2321/2322]  Loss -0.0455 (-0.2762)  Time:  0.074 (0.010)  Data Time:  0.003 (0.003)
2022-03-29 17:50:16,220:INFO:   Eta: 0:01:53
2022-03-29 17:50:21,390:INFO: Valid: [245][604/605]  Loss -1.6066 (-0.8623)
2022-03-29 17:50:42,975:INFO: Train: [246][2321/2322]  Loss -0.0388 (-0.2893)  Time:  0.081 (0.009)  Data Time:  0.003 (0.003)
2022-03-29 17:50:42,976:INFO:   Eta: 0:01:26
2022-03-29 17:50:48,383:INFO: Valid: [246][604/605]  Loss -1.6118 (-0.8666)
2022-03-29 17:51:12,667:INFO: Train: [247][2321/2322]  Loss -0.0314 (-0.2887)  Time:  0.088 (0.010)  Data Time:  0.004 (0.003)
2022-03-29 17:51:12,668:INFO:   Eta: 0:01:12
2022-03-29 17:51:18,058:INFO: Valid: [247][604/605]  Loss -1.6121 (-0.8662)
2022-03-29 17:51:42,459:INFO: Train: [248][2321/2322]  Loss -0.0709 (-0.3204)  Time:  0.078 (0.010)  Data Time:  0.002 (0.003)
2022-03-29 17:51:42,460:INFO:   Eta: 0:00:48
2022-03-29 17:51:47,630:INFO: Valid: [248][604/605]  Loss -1.5984 (-0.8563)
2022-03-29 17:52:12,103:INFO: Train: [249][2321/2322]  Loss -0.0612 (-0.2453)  Time:  0.074 (0.011)  Data Time:  0.002 (0.003)
2022-03-29 17:52:12,103:INFO:   Eta: 0:00:24
2022-03-29 17:52:17,425:INFO: Valid: [249][604/605]  Loss -1.6066 (-0.8628)
