2022-04-14 19:31:25,549:INFO: batch_size=128
2022-04-14 19:31:25,549:INFO: clip_grad=None
2022-04-14 19:31:25,549:INFO: dataset=zara2
2022-04-14 19:31:25,549:INFO: dict_kernel_size=3
2022-04-14 19:31:25,549:INFO: drop=0.0
2022-04-14 19:31:25,549:INFO: gpu_num=None
2022-04-14 19:31:25,549:INFO: init=kmeans-32
2022-04-14 19:31:25,550:INFO: input_size=2
2022-04-14 19:31:25,550:INFO: kernel_size=3
2022-04-14 19:31:25,550:INFO: log_dir=./runs/9-3.8177
2022-04-14 19:31:25,550:INFO: lr=0.01
2022-04-14 19:31:25,550:INFO: lr_sh_rate=150
2022-04-14 19:31:25,550:INFO: model=social_stgcnn9
2022-04-14 19:31:25,550:INFO: n_stgcnn=1
2022-04-14 19:31:25,550:INFO: n_txpcnn=5
2022-04-14 19:31:25,550:INFO: name=9-3.8177
2022-04-14 19:31:25,550:INFO: num_epochs=250
2022-04-14 19:31:25,550:INFO: obs_seq_len=8
2022-04-14 19:31:25,550:INFO: output_size=5
2022-04-14 19:31:25,550:INFO: pred_seq_len=12
2022-04-14 19:31:25,550:INFO: seed=8177
2022-04-14 19:31:25,551:INFO: tag=zara2
2022-04-14 19:31:25,551:INFO: use_lrschd=True
2022-04-14 19:31:25,551:INFO: ******************************
2022-04-14 19:31:25,551:INFO: Training initiating....
2022-04-14 19:31:25,551:INFO: Namespace(batch_size=128, clip_grad=None, dataset='zara2', dict_kernel_size=3, drop=0.0, gpu_num=None, init='kmeans-32', input_size=2, kernel_size=3, log_dir='./runs/9-3.8177', lr=0.01, lr_sh_rate=150, model='social_stgcnn9', n_stgcnn=1, n_txpcnn=5, name='9-3.8177', num_epochs=250, obs_seq_len=8, output_size=5, pred_seq_len=12, seed=8177, tag='zara2', use_lrschd=True)
2022-04-14 19:31:25,715:INFO: Initializing train dataset
2022-04-14 19:31:37,773:INFO: Initializing val dataset
2022-04-14 19:32:06,013:INFO: social_stgcnn9
2022-04-14 19:32:06,014:INFO: Data and model loaded
2022-04-14 19:32:06,014:INFO: Checkpoint dir: ./runs/9-3.8177/zara2/checkpoint
2022-04-14 19:32:06,014:INFO: Training started ...
2022-04-14 19:32:34,244:INFO: Train: [0][2111/2112]  Loss 0.5073 (1.3869)  Time:  0.348 (0.013)  Data Time:  0.005 (0.005)
2022-04-14 19:32:34,245:INFO:   Eta: 1:57:35
2022-04-14 19:33:01,311:INFO: Train: [1][2111/2112]  Loss 0.3229 (0.8267)  Time:  0.343 (0.013)  Data Time:  0.005 (0.005)
2022-04-14 19:33:01,312:INFO:   Eta: 1:52:14
2022-04-14 19:33:27,685:INFO: Train: [2][2111/2112]  Loss 0.4283 (0.5668)  Time:  0.325 (0.012)  Data Time:  0.004 (0.004)
2022-04-14 19:33:27,686:INFO:   Eta: 1:48:56
2022-04-14 19:33:54,160:INFO: Train: [3][2111/2112]  Loss 0.3691 (0.4979)  Time:  0.340 (0.013)  Data Time:  0.004 (0.005)
2022-04-14 19:33:54,161:INFO:   Eta: 1:48:55
2022-04-14 19:34:20,930:INFO: Train: [4][2111/2112]  Loss 0.1980 (0.3897)  Time:  0.329 (0.013)  Data Time:  0.005 (0.005)
2022-04-14 19:34:20,931:INFO:   Eta: 1:49:41
2022-04-14 19:34:47,826:INFO: Train: [5][2111/2112]  Loss 0.1477 (0.2241)  Time:  0.320 (0.013)  Data Time:  0.004 (0.005)
2022-04-14 19:34:47,826:INFO:   Eta: 1:49:45
2022-04-14 19:35:14,390:INFO: Train: [6][2111/2112]  Loss 0.1353 (0.2185)  Time:  0.335 (0.013)  Data Time:  0.005 (0.005)
2022-04-14 19:35:14,391:INFO:   Eta: 1:47:57
2022-04-14 19:35:41,328:INFO: Train: [7][2111/2112]  Loss -0.0377 (-0.0178)  Time:  0.370 (0.013)  Data Time:  0.005 (0.005)
2022-04-14 19:35:41,329:INFO:   Eta: 1:49:01
2022-04-14 19:36:07,797:INFO: Train: [8][2111/2112]  Loss 0.0128 (-0.0050)  Time:  0.344 (0.013)  Data Time:  0.005 (0.004)
2022-04-14 19:36:07,797:INFO:   Eta: 1:46:41
2022-04-14 19:36:34,318:INFO: Train: [9][2111/2112]  Loss -0.0697 (-0.0559)  Time:  0.344 (0.013)  Data Time:  0.005 (0.004)
2022-04-14 19:36:34,319:INFO:   Eta: 1:46:28
2022-04-14 19:37:00,941:INFO: Train: [10][2111/2112]  Loss -0.1461 (-0.2155)  Time:  0.377 (0.013)  Data Time:  0.005 (0.005)
2022-04-14 19:37:00,941:INFO:   Eta: 1:46:25
2022-04-14 19:37:27,362:INFO: Train: [11][2111/2112]  Loss -0.1169 (0.0707)  Time:  0.316 (0.013)  Data Time:  0.005 (0.005)
2022-04-14 19:37:27,627:INFO:   Eta: 1:45:11
2022-04-14 19:37:49,350:INFO: Train: [12][2111/2112]  Loss -0.0560 (-0.0570)  Time:  0.189 (0.010)  Data Time:  0.001 (0.003)
2022-04-14 19:39:21,927:INFO:   Eta: 1:20:11
2022-04-14 19:39:48,522:INFO: Train: [13][2111/2112]  Loss -0.1571 (-0.2593)  Time:  0.311 (0.013)  Data Time:  0.005 (0.004)
2022-04-14 19:39:48,524:INFO:   Eta: 1:44:52
2022-04-14 19:40:16,155:INFO: Train: [14][2111/2112]  Loss -0.2591 (-0.3382)  Time:  0.335 (0.013)  Data Time:  0.005 (0.005)
2022-04-14 19:40:16,156:INFO:   Eta: 1:48:35
2022-04-14 19:40:44,195:INFO: Train: [15][2111/2112]  Loss -0.2356 (-0.3622)  Time:  0.374 (0.013)  Data Time:  0.005 (0.005)
2022-04-14 19:40:44,196:INFO:   Eta: 1:49:44
2022-04-14 19:41:12,156:INFO: Train: [16][2111/2112]  Loss -0.2935 (-0.4088)  Time:  0.339 (0.013)  Data Time:  0.004 (0.005)
2022-04-14 19:41:12,157:INFO:   Eta: 1:48:57
2022-04-14 19:41:40,133:INFO: Train: [17][2111/2112]  Loss -0.2054 (-0.4017)  Time:  0.332 (0.013)  Data Time:  0.005 (0.005)
2022-04-14 19:41:40,134:INFO:   Eta: 1:48:33
2022-04-14 19:42:08,147:INFO: Train: [18][2111/2112]  Loss -0.2814 (-0.3913)  Time:  0.356 (0.013)  Data Time:  0.005 (0.005)
2022-04-14 19:42:08,148:INFO:   Eta: 1:48:14
2022-04-14 19:42:36,126:INFO: Train: [19][2111/2112]  Loss -0.2843 (-0.5244)  Time:  0.383 (0.013)  Data Time:  0.004 (0.005)
2022-04-14 19:42:36,127:INFO:   Eta: 1:47:37
2022-04-14 19:43:04,182:INFO: Train: [20][2111/2112]  Loss -0.1844 (-0.4302)  Time:  0.345 (0.013)  Data Time:  0.004 (0.005)
2022-04-14 19:43:04,183:INFO:   Eta: 1:47:28
2022-04-14 19:43:31,852:INFO: Train: [21][2111/2112]  Loss -0.1434 (-0.5724)  Time:  0.324 (0.013)  Data Time:  0.004 (0.004)
2022-04-14 19:43:31,853:INFO:   Eta: 1:45:31
2022-04-14 19:43:59,662:INFO: Train: [22][2111/2112]  Loss -0.4009 (-0.6272)  Time:  0.333 (0.013)  Data Time:  0.004 (0.005)
2022-04-14 19:43:59,663:INFO:   Eta: 1:45:35
2022-04-14 19:44:27,382:INFO: Train: [23][2111/2112]  Loss -0.4304 (-0.5282)  Time:  0.357 (0.013)  Data Time:  0.004 (0.004)
2022-04-14 19:44:27,383:INFO:   Eta: 1:44:47
2022-04-14 19:44:55,265:INFO: Train: [24][2111/2112]  Loss -0.3729 (-0.5972)  Time:  0.332 (0.013)  Data Time:  0.004 (0.004)
2022-04-14 19:44:55,266:INFO:   Eta: 1:44:56
2022-04-14 19:45:23,274:INFO: Train: [25][2111/2112]  Loss -0.4158 (-0.5937)  Time:  0.346 (0.013)  Data Time:  0.005 (0.005)
2022-04-14 19:45:23,276:INFO:   Eta: 1:44:56
2022-04-14 19:45:51,016:INFO: Train: [26][2111/2112]  Loss -0.3253 (-0.6529)  Time:  0.335 (0.013)  Data Time:  0.005 (0.005)
2022-04-14 19:45:51,017:INFO:   Eta: 1:43:28
2022-04-14 19:46:18,853:INFO: Train: [27][2111/2112]  Loss -0.4364 (-0.7236)  Time:  0.346 (0.013)  Data Time:  0.004 (0.005)
2022-04-14 19:46:18,855:INFO:   Eta: 1:43:22
2022-04-14 19:46:46,992:INFO: Train: [28][2111/2112]  Loss -0.3086 (-0.7919)  Time:  0.344 (0.013)  Data Time:  0.006 (0.005)
2022-04-14 19:46:46,994:INFO:   Eta: 1:44:01
2022-04-14 19:47:14,727:INFO: Train: [29][2111/2112]  Loss -0.3407 (-0.7455)  Time:  0.361 (0.013)  Data Time:  0.005 (0.004)
2022-04-14 19:47:14,729:INFO:   Eta: 1:42:03
2022-04-14 19:47:42,673:INFO: Train: [30][2111/2112]  Loss -0.0386 (-0.8335)  Time:  0.364 (0.013)  Data Time:  0.004 (0.004)
2022-04-14 19:47:42,674:INFO:   Eta: 1:42:22
2022-04-14 19:48:10,695:INFO: Train: [31][2111/2112]  Loss -0.3800 (-0.8143)  Time:  0.361 (0.013)  Data Time:  0.005 (0.005)
2022-04-14 19:48:10,696:INFO:   Eta: 1:42:11
2022-04-14 19:48:38,973:INFO: Train: [32][2111/2112]  Loss -0.4712 (-0.7986)  Time:  0.364 (0.013)  Data Time:  0.004 (0.005)
2022-04-14 19:48:38,974:INFO:   Eta: 1:42:39
2022-04-14 19:49:06,895:INFO: Train: [33][2111/2112]  Loss -0.4017 (-0.6524)  Time:  0.372 (0.013)  Data Time:  0.003 (0.005)
2022-04-14 19:49:06,896:INFO:   Eta: 1:40:54
2022-04-14 19:49:35,001:INFO: Train: [34][2111/2112]  Loss -0.4759 (-0.8146)  Time:  0.342 (0.013)  Data Time:  0.005 (0.005)
2022-04-14 19:49:35,003:INFO:   Eta: 1:41:05
2022-04-14 19:50:03,327:INFO: Train: [35][2111/2112]  Loss -0.3931 (-0.9266)  Time:  0.333 (0.013)  Data Time:  0.005 (0.005)
2022-04-14 19:50:03,329:INFO:   Eta: 1:41:24
2022-04-14 19:50:31,151:INFO: Train: [36][2111/2112]  Loss -0.0545 (-0.9084)  Time:  0.334 (0.013)  Data Time:  0.005 (0.005)
2022-04-14 19:50:31,152:INFO:   Eta: 1:39:09
2022-04-14 19:50:59,265:INFO: Train: [37][2111/2112]  Loss -0.3575 (-0.8746)  Time:  0.375 (0.013)  Data Time:  0.005 (0.005)
2022-04-14 19:50:59,266:INFO:   Eta: 1:39:43
2022-04-14 19:51:26,954:INFO: Train: [38][2111/2112]  Loss -0.4674 (-0.9372)  Time:  0.332 (0.013)  Data Time:  0.004 (0.004)
2022-04-14 19:51:26,955:INFO:   Eta: 1:37:45
2022-04-14 19:51:55,005:INFO: Train: [39][2111/2112]  Loss -0.4441 (-0.8767)  Time:  0.338 (0.013)  Data Time:  0.005 (0.005)
2022-04-14 19:51:55,006:INFO:   Eta: 1:38:33
2022-04-14 19:52:23,214:INFO: Train: [40][2111/2112]  Loss -0.4447 (-0.8163)  Time:  0.335 (0.013)  Data Time:  0.005 (0.005)
2022-04-14 19:52:23,215:INFO:   Eta: 1:38:39
2022-04-14 19:52:51,017:INFO: Train: [41][2111/2112]  Loss -0.3851 (-0.9153)  Time:  0.343 (0.013)  Data Time:  0.005 (0.005)
2022-04-14 19:52:51,018:INFO:   Eta: 1:36:46
2022-04-14 19:53:18,742:INFO: Train: [42][2111/2112]  Loss -0.1511 (-0.8266)  Time:  0.342 (0.013)  Data Time:  0.004 (0.005)
2022-04-14 19:53:18,743:INFO:   Eta: 1:36:02
2022-04-14 19:53:46,326:INFO: Train: [43][2111/2112]  Loss -0.4829 (-1.0088)  Time:  0.323 (0.013)  Data Time:  0.004 (0.005)
2022-04-14 19:53:46,327:INFO:   Eta: 1:35:05
2022-04-14 19:54:14,488:INFO: Train: [44][2111/2112]  Loss -0.5049 (-0.9791)  Time:  0.353 (0.013)  Data Time:  0.005 (0.005)
2022-04-14 19:54:14,489:INFO:   Eta: 1:36:37
2022-04-14 19:54:42,086:INFO: Train: [45][2111/2112]  Loss -0.5284 (-1.0009)  Time:  0.322 (0.013)  Data Time:  0.004 (0.004)
2022-04-14 19:54:42,087:INFO:   Eta: 1:34:12
2022-04-14 19:55:10,050:INFO: Train: [46][2111/2112]  Loss -0.6010 (-1.0631)  Time:  0.328 (0.013)  Data Time:  0.004 (0.005)
2022-04-14 19:55:10,052:INFO:   Eta: 1:35:00
2022-04-14 19:55:38,388:INFO: Train: [47][2111/2112]  Loss -0.5841 (-0.8942)  Time:  0.354 (0.013)  Data Time:  0.004 (0.005)
2022-04-14 19:55:38,389:INFO:   Eta: 1:35:48
2022-04-14 19:56:06,461:INFO: Train: [48][2111/2112]  Loss -0.6013 (-1.0088)  Time:  0.365 (0.013)  Data Time:  0.002 (0.005)
2022-04-14 19:56:06,462:INFO:   Eta: 1:34:26
2022-04-14 19:56:34,681:INFO: Train: [49][2111/2112]  Loss -0.5965 (-1.1072)  Time:  0.349 (0.013)  Data Time:  0.004 (0.005)
2022-04-14 19:56:34,682:INFO:   Eta: 1:34:27
2022-04-14 19:57:02,612:INFO: Train: [50][2111/2112]  Loss -0.5605 (-1.0017)  Time:  0.355 (0.013)  Data Time:  0.004 (0.005)
2022-04-14 19:57:02,613:INFO:   Eta: 1:33:01
2022-04-14 19:57:30,392:INFO: Train: [51][2111/2112]  Loss -0.5996 (-0.9048)  Time:  0.354 (0.013)  Data Time:  0.006 (0.005)
2022-04-14 19:57:30,393:INFO:   Eta: 1:32:03
2022-04-14 19:57:57,805:INFO: Train: [52][2111/2112]  Loss -0.4581 (-1.0136)  Time:  0.324 (0.013)  Data Time:  0.005 (0.005)
2022-04-14 19:57:57,807:INFO:   Eta: 1:30:24
2022-04-14 19:58:24,271:INFO: Train: [53][2111/2112]  Loss -0.5936 (-0.9756)  Time:  0.310 (0.013)  Data Time:  0.004 (0.004)
2022-04-14 19:58:24,272:INFO:   Eta: 1:26:49
2022-04-14 19:58:51,978:INFO: Train: [54][2111/2112]  Loss -0.5340 (-0.8914)  Time:  0.327 (0.013)  Data Time:  0.004 (0.005)
2022-04-14 19:58:51,979:INFO:   Eta: 1:30:26
2022-04-14 19:59:17,929:INFO: Train: [55][2111/2112]  Loss -0.5164 (-0.9840)  Time:  0.313 (0.012)  Data Time:  0.005 (0.005)
2022-04-14 19:59:17,929:INFO:   Eta: 1:24:17
2022-04-14 19:59:44,871:INFO: Train: [56][2111/2112]  Loss -0.6387 (-0.8971)  Time:  0.335 (0.013)  Data Time:  0.005 (0.005)
2022-04-14 19:59:44,873:INFO:   Eta: 1:27:03
2022-04-14 20:00:13,433:INFO: Train: [57][2111/2112]  Loss -0.5130 (-1.0083)  Time:  0.339 (0.014)  Data Time:  0.004 (0.005)
2022-04-14 20:00:13,434:INFO:   Eta: 1:31:47
2022-04-14 20:00:42,387:INFO: Train: [58][2111/2112]  Loss -0.5510 (-1.1008)  Time:  0.345 (0.014)  Data Time:  0.005 (0.005)
2022-04-14 20:00:42,388:INFO:   Eta: 1:32:34
2022-04-14 20:01:11,195:INFO: Train: [59][2111/2112]  Loss -0.5834 (-1.0140)  Time:  0.390 (0.014)  Data Time:  0.005 (0.005)
2022-04-14 20:01:11,197:INFO:   Eta: 1:31:37
2022-04-14 20:01:40,172:INFO: Train: [60][2111/2112]  Loss -0.6193 (-1.1562)  Time:  0.354 (0.014)  Data Time:  0.005 (0.005)
2022-04-14 20:01:40,173:INFO:   Eta: 1:31:40
2022-04-14 20:02:09,225:INFO: Train: [61][2111/2112]  Loss -0.5173 (-1.0585)  Time:  0.353 (0.014)  Data Time:  0.004 (0.005)
2022-04-14 20:02:09,227:INFO:   Eta: 1:31:26
2022-04-14 20:02:38,095:INFO: Train: [62][2111/2112]  Loss -0.6704 (-1.0389)  Time:  0.339 (0.014)  Data Time:  0.005 (0.004)
2022-04-14 20:02:38,097:INFO:   Eta: 1:30:22
2022-04-14 20:03:07,079:INFO: Train: [63][2111/2112]  Loss -0.4995 (-1.0521)  Time:  0.336 (0.014)  Data Time:  0.005 (0.005)
2022-04-14 20:03:07,081:INFO:   Eta: 1:30:15
2022-04-14 20:03:35,887:INFO: Train: [64][2111/2112]  Loss -0.5504 (-0.9705)  Time:  0.350 (0.014)  Data Time:  0.005 (0.005)
2022-04-14 20:03:35,889:INFO:   Eta: 1:29:13
2022-04-14 20:04:04,681:INFO: Train: [65][2111/2112]  Loss -0.6719 (-1.1424)  Time:  0.358 (0.014)  Data Time:  0.004 (0.005)
2022-04-14 20:04:04,682:INFO:   Eta: 1:28:42
2022-04-14 20:04:33,549:INFO: Train: [66][2111/2112]  Loss -0.5970 (-1.0685)  Time:  0.381 (0.014)  Data Time:  0.005 (0.005)
2022-04-14 20:04:33,550:INFO:   Eta: 1:28:27
2022-04-14 20:05:02,181:INFO: Train: [67][2111/2112]  Loss -0.4889 (-1.1704)  Time:  0.338 (0.014)  Data Time:  0.003 (0.005)
2022-04-14 20:05:02,182:INFO:   Eta: 1:27:15
2022-04-14 20:05:30,873:INFO: Train: [68][2111/2112]  Loss -0.4948 (-1.1086)  Time:  0.369 (0.014)  Data Time:  0.005 (0.005)
2022-04-14 20:05:30,874:INFO:   Eta: 1:26:57
2022-04-14 20:05:59,512:INFO: Train: [69][2111/2112]  Loss -0.6737 (-1.2582)  Time:  0.387 (0.014)  Data Time:  0.005 (0.005)
2022-04-14 20:05:59,513:INFO:   Eta: 1:26:19
2022-04-14 20:06:28,200:INFO: Train: [70][2111/2112]  Loss -0.5779 (-1.0370)  Time:  0.364 (0.014)  Data Time:  0.004 (0.005)
2022-04-14 20:06:28,201:INFO:   Eta: 1:25:59
2022-04-14 20:06:56,965:INFO: Train: [71][2111/2112]  Loss -0.6319 (-1.2271)  Time:  0.338 (0.014)  Data Time:  0.005 (0.005)
2022-04-14 20:06:56,966:INFO:   Eta: 1:25:44
2022-04-14 20:07:25,293:INFO: Train: [72][2111/2112]  Loss -0.5392 (-1.1981)  Time:  0.337 (0.013)  Data Time:  0.005 (0.005)
2022-04-14 20:07:25,294:INFO:   Eta: 1:23:58
2022-04-14 20:07:53,963:INFO: Train: [73][2111/2112]  Loss -0.6120 (-1.1835)  Time:  0.345 (0.014)  Data Time:  0.004 (0.005)
2022-04-14 20:07:53,964:INFO:   Eta: 1:24:30
2022-04-14 20:08:22,943:INFO: Train: [74][2111/2112]  Loss -0.6311 (-1.1931)  Time:  0.339 (0.014)  Data Time:  0.005 (0.005)
2022-04-14 20:08:22,944:INFO:   Eta: 1:24:56
2022-04-14 20:08:51,516:INFO: Train: [75][2111/2112]  Loss -0.5980 (-1.0887)  Time:  0.370 (0.014)  Data Time:  0.004 (0.005)
2022-04-14 20:08:51,517:INFO:   Eta: 1:23:16
2022-04-14 20:09:20,599:INFO: Train: [76][2111/2112]  Loss -0.6809 (-1.2399)  Time:  0.396 (0.014)  Data Time:  0.005 (0.005)
2022-04-14 20:09:20,600:INFO:   Eta: 1:24:16
2022-04-14 20:09:49,053:INFO: Train: [77][2111/2112]  Loss -0.5977 (-1.1791)  Time:  0.348 (0.013)  Data Time:  0.005 (0.005)
2022-04-14 20:09:49,055:INFO:   Eta: 1:21:57
2022-04-14 20:10:17,700:INFO: Train: [78][2111/2112]  Loss -0.6240 (-1.0553)  Time:  0.355 (0.014)  Data Time:  0.004 (0.005)
2022-04-14 20:10:17,702:INFO:   Eta: 1:22:02
2022-04-14 20:10:46,819:INFO: Train: [79][2111/2112]  Loss -0.5530 (-1.1923)  Time:  0.399 (0.014)  Data Time:  0.005 (0.005)
2022-04-14 20:10:46,821:INFO:   Eta: 1:22:54
2022-04-14 20:11:15,257:INFO: Train: [80][2111/2112]  Loss -0.6258 (-1.2516)  Time:  0.343 (0.013)  Data Time:  0.004 (0.005)
2022-04-14 20:11:15,259:INFO:   Eta: 1:20:29
2022-04-14 20:11:43,775:INFO: Train: [81][2111/2112]  Loss -0.5721 (-1.2693)  Time:  0.356 (0.013)  Data Time:  0.004 (0.005)
2022-04-14 20:11:43,776:INFO:   Eta: 1:20:15
2022-04-14 20:12:12,478:INFO: Train: [82][2111/2112]  Loss -0.7520 (-1.2643)  Time:  0.335 (0.014)  Data Time:  0.004 (0.005)
2022-04-14 20:12:12,479:INFO:   Eta: 1:20:18
2022-04-14 20:12:41,311:INFO: Train: [83][2111/2112]  Loss -0.6263 (-1.3003)  Time:  0.386 (0.014)  Data Time:  0.005 (0.005)
2022-04-14 20:12:41,312:INFO:   Eta: 1:20:10
2022-04-14 20:13:09,795:INFO: Train: [84][2111/2112]  Loss -0.5831 (-1.2049)  Time:  0.323 (0.013)  Data Time:  0.004 (0.005)
2022-04-14 20:13:09,796:INFO:   Eta: 1:18:44
2022-04-14 20:13:38,643:INFO: Train: [85][2111/2112]  Loss -0.6410 (-1.1769)  Time:  0.334 (0.014)  Data Time:  0.004 (0.005)
2022-04-14 20:13:38,644:INFO:   Eta: 1:19:16
2022-04-14 20:14:07,483:INFO: Train: [86][2111/2112]  Loss -0.5575 (-1.1908)  Time:  0.364 (0.014)  Data Time:  0.004 (0.005)
2022-04-14 20:14:07,485:INFO:   Eta: 1:18:45
2022-04-14 20:14:36,259:INFO: Train: [87][2111/2112]  Loss -0.5578 (-1.2852)  Time:  0.338 (0.014)  Data Time:  0.003 (0.005)
2022-04-14 20:14:36,260:INFO:   Eta: 1:18:04
2022-04-14 20:15:05,012:INFO: Train: [88][2111/2112]  Loss -0.6432 (-1.2313)  Time:  0.348 (0.014)  Data Time:  0.004 (0.005)
2022-04-14 20:15:05,013:INFO:   Eta: 1:17:33
2022-04-14 20:15:33,959:INFO: Train: [89][2111/2112]  Loss -0.5905 (-1.3498)  Time:  0.344 (0.014)  Data Time:  0.006 (0.005)
2022-04-14 20:15:33,961:INFO:   Eta: 1:17:36
2022-04-14 20:16:02,691:INFO: Train: [90][2111/2112]  Loss -0.6859 (-1.2875)  Time:  0.345 (0.014)  Data Time:  0.004 (0.005)
2022-04-14 20:16:02,693:INFO:   Eta: 1:16:32
2022-04-14 20:16:31,188:INFO: Train: [91][2111/2112]  Loss -0.6771 (-1.3267)  Time:  0.354 (0.013)  Data Time:  0.005 (0.005)
2022-04-14 20:16:31,189:INFO:   Eta: 1:15:25
2022-04-14 20:16:59,821:INFO: Train: [92][2111/2112]  Loss -0.6515 (-1.3581)  Time:  0.344 (0.014)  Data Time:  0.005 (0.005)
2022-04-14 20:16:59,822:INFO:   Eta: 1:15:20
2022-04-14 20:17:28,619:INFO: Train: [93][2111/2112]  Loss -0.6892 (-1.1784)  Time:  0.376 (0.014)  Data Time:  0.004 (0.005)
2022-04-14 20:17:28,620:INFO:   Eta: 1:15:16
2022-04-14 20:17:55,178:INFO: Train: [94][2111/2112]  Loss -0.7219 (-1.2616)  Time:  0.326 (0.013)  Data Time:  0.004 (0.005)
2022-04-14 20:17:55,179:INFO:   Eta: 1:09:00
2022-04-14 20:18:23,309:INFO: Train: [95][2111/2112]  Loss -0.6796 (-1.2191)  Time:  0.332 (0.013)  Data Time:  0.004 (0.005)
2022-04-14 20:18:23,310:INFO:   Eta: 1:12:36
2022-04-14 20:18:50,077:INFO: Train: [96][2111/2112]  Loss -0.7093 (-1.2327)  Time:  0.310 (0.013)  Data Time:  0.004 (0.005)
2022-04-14 20:18:50,078:INFO:   Eta: 1:08:39
2022-04-14 20:19:16,681:INFO: Train: [97][2111/2112]  Loss -0.6605 (-1.3653)  Time:  0.338 (0.013)  Data Time:  0.005 (0.005)
2022-04-14 20:19:16,682:INFO:   Eta: 1:07:47
2022-04-14 20:19:44,716:INFO: Train: [98][2111/2112]  Loss -0.7357 (-1.2666)  Time:  0.359 (0.013)  Data Time:  0.003 (0.004)
2022-04-14 20:19:44,717:INFO:   Eta: 1:10:58
2022-04-14 20:20:13,528:INFO: Train: [99][2111/2112]  Loss -0.7381 (-1.3405)  Time:  0.358 (0.014)  Data Time:  0.005 (0.005)
2022-04-14 20:20:13,529:INFO:   Eta: 1:12:27
2022-04-14 20:20:42,045:INFO: Train: [100][2111/2112]  Loss -0.7234 (-1.2738)  Time:  0.371 (0.013)  Data Time:  0.004 (0.005)
2022-04-14 20:20:42,046:INFO:   Eta: 1:11:13
2022-04-14 20:21:10,531:INFO: Train: [101][2111/2112]  Loss -0.7351 (-1.3133)  Time:  0.329 (0.013)  Data Time:  0.004 (0.005)
2022-04-14 20:21:10,532:INFO:   Eta: 1:10:41
2022-04-14 20:21:38,982:INFO: Train: [102][2111/2112]  Loss -0.7159 (-1.3067)  Time:  0.378 (0.013)  Data Time:  0.005 (0.005)
2022-04-14 20:21:38,983:INFO:   Eta: 1:10:07
2022-04-14 20:22:07,612:INFO: Train: [103][2111/2112]  Loss -0.5766 (-1.3234)  Time:  0.392 (0.014)  Data Time:  0.005 (0.005)
2022-04-14 20:22:07,613:INFO:   Eta: 1:10:05
2022-04-14 20:22:36,079:INFO: Train: [104][2111/2112]  Loss -0.6501 (-1.3502)  Time:  0.349 (0.013)  Data Time:  0.004 (0.004)
2022-04-14 20:22:36,081:INFO:   Eta: 1:09:12
2022-04-14 20:23:04,819:INFO: Train: [105][2111/2112]  Loss -0.6233 (-1.3286)  Time:  0.365 (0.014)  Data Time:  0.006 (0.005)
2022-04-14 20:23:04,820:INFO:   Eta: 1:09:23
2022-04-14 20:23:32,942:INFO: Train: [106][2111/2112]  Loss -0.6894 (-1.2376)  Time:  0.341 (0.013)  Data Time:  0.005 (0.005)
2022-04-14 20:23:32,943:INFO:   Eta: 1:07:26
2022-04-14 20:24:01,236:INFO: Train: [107][2111/2112]  Loss -0.7184 (-1.2764)  Time:  0.351 (0.013)  Data Time:  0.005 (0.004)
2022-04-14 20:24:01,236:INFO:   Eta: 1:07:23
2022-04-14 20:24:29,557:INFO: Train: [108][2111/2112]  Loss -0.7503 (-1.3743)  Time:  0.346 (0.013)  Data Time:  0.004 (0.005)
2022-04-14 20:24:29,558:INFO:   Eta: 1:06:58
2022-04-14 20:24:58,223:INFO: Train: [109][2111/2112]  Loss -0.6438 (-1.2323)  Time:  0.366 (0.014)  Data Time:  0.005 (0.005)
2022-04-14 20:24:58,224:INFO:   Eta: 1:07:18
2022-04-14 20:25:26,749:INFO: Train: [110][2111/2112]  Loss -0.7853 (-1.2459)  Time:  0.339 (0.013)  Data Time:  0.005 (0.005)
2022-04-14 20:25:26,750:INFO:   Eta: 1:06:30
2022-04-14 20:25:55,465:INFO: Train: [111][2111/2112]  Loss -0.7214 (-1.2995)  Time:  0.379 (0.014)  Data Time:  0.005 (0.005)
2022-04-14 20:25:55,466:INFO:   Eta: 1:06:28
2022-04-14 20:26:24,266:INFO: Train: [112][2111/2112]  Loss -0.5757 (-1.3702)  Time:  0.382 (0.014)  Data Time:  0.006 (0.005)
2022-04-14 20:26:24,267:INFO:   Eta: 1:06:11
2022-04-14 20:26:52,731:INFO: Train: [113][2111/2112]  Loss -0.6572 (-1.4239)  Time:  0.326 (0.013)  Data Time:  0.004 (0.005)
2022-04-14 20:26:52,733:INFO:   Eta: 1:04:55
2022-04-14 20:27:21,157:INFO: Train: [114][2111/2112]  Loss -0.8341 (-1.2668)  Time:  0.360 (0.013)  Data Time:  0.004 (0.005)
2022-04-14 20:27:21,158:INFO:   Eta: 1:04:22
2022-04-14 20:27:49,675:INFO: Train: [115][2111/2112]  Loss -0.7505 (-1.2851)  Time:  0.351 (0.013)  Data Time:  0.005 (0.005)
2022-04-14 20:27:49,676:INFO:   Eta: 1:04:06
2022-04-14 20:28:18,184:INFO: Train: [116][2111/2112]  Loss -0.5760 (-1.4008)  Time:  0.343 (0.013)  Data Time:  0.005 (0.005)
2022-04-14 20:28:18,185:INFO:   Eta: 1:03:37
2022-04-14 20:28:46,808:INFO: Train: [117][2111/2112]  Loss -0.7655 (-1.3705)  Time:  0.391 (0.014)  Data Time:  0.005 (0.005)
2022-04-14 20:28:46,809:INFO:   Eta: 1:03:23
2022-04-14 20:29:15,248:INFO: Train: [118][2111/2112]  Loss -0.6539 (-1.2558)  Time:  0.331 (0.013)  Data Time:  0.005 (0.005)
2022-04-14 20:29:15,250:INFO:   Eta: 1:02:30
2022-04-14 20:29:43,850:INFO: Train: [119][2111/2112]  Loss -0.6898 (-1.4132)  Time:  0.333 (0.014)  Data Time:  0.004 (0.005)
2022-04-14 20:29:43,851:INFO:   Eta: 1:02:23
2022-04-14 20:30:12,436:INFO: Train: [120][2111/2112]  Loss -0.7246 (-1.3870)  Time:  0.354 (0.014)  Data Time:  0.005 (0.005)
2022-04-14 20:30:12,437:INFO:   Eta: 1:01:52
2022-04-14 20:30:40,930:INFO: Train: [121][2111/2112]  Loss -0.5281 (-1.3044)  Time:  0.322 (0.013)  Data Time:  0.005 (0.005)
2022-04-14 20:30:40,931:INFO:   Eta: 1:01:12
2022-04-14 20:31:09,468:INFO: Train: [122][2111/2112]  Loss -0.6426 (-1.3545)  Time:  0.347 (0.014)  Data Time:  0.004 (0.005)
2022-04-14 20:31:09,469:INFO:   Eta: 1:00:50
2022-04-14 20:31:38,078:INFO: Train: [123][2111/2112]  Loss -0.7202 (-1.2645)  Time:  0.351 (0.014)  Data Time:  0.004 (0.005)
2022-04-14 20:31:38,079:INFO:   Eta: 1:00:30
2022-04-14 20:32:06,709:INFO: Train: [124][2111/2112]  Loss -0.6601 (-1.2949)  Time:  0.366 (0.014)  Data Time:  0.005 (0.005)
2022-04-14 20:32:06,710:INFO:   Eta: 1:00:04
2022-04-14 20:32:35,321:INFO: Train: [125][2111/2112]  Loss -0.6522 (-1.3755)  Time:  0.349 (0.014)  Data Time:  0.005 (0.005)
2022-04-14 20:32:35,322:INFO:   Eta: 0:59:33
2022-04-14 20:33:03,706:INFO: Train: [126][2111/2112]  Loss -0.7922 (-1.2846)  Time:  0.345 (0.013)  Data Time:  0.004 (0.005)
2022-04-14 20:33:03,707:INFO:   Eta: 0:58:36
2022-04-14 20:33:32,102:INFO: Train: [127][2111/2112]  Loss -0.6960 (-1.3879)  Time:  0.392 (0.013)  Data Time:  0.005 (0.005)
2022-04-14 20:33:32,103:INFO:   Eta: 0:58:09
2022-04-14 20:34:00,383:INFO: Train: [128][2111/2112]  Loss -0.6015 (-1.3336)  Time:  0.356 (0.013)  Data Time:  0.005 (0.005)
2022-04-14 20:34:00,384:INFO:   Eta: 0:57:27
2022-04-14 20:34:28,881:INFO: Train: [129][2111/2112]  Loss -0.6202 (-1.3395)  Time:  0.333 (0.013)  Data Time:  0.005 (0.005)
2022-04-14 20:34:28,882:INFO:   Eta: 0:57:24
2022-04-14 20:34:57,190:INFO: Train: [130][2111/2112]  Loss -0.5945 (-1.4818)  Time:  0.345 (0.013)  Data Time:  0.004 (0.005)
2022-04-14 20:34:57,191:INFO:   Eta: 0:56:34
2022-04-14 20:35:25,634:INFO: Train: [131][2111/2112]  Loss -0.6952 (-1.2744)  Time:  0.335 (0.013)  Data Time:  0.004 (0.005)
2022-04-14 20:35:25,635:INFO:   Eta: 0:56:22
2022-04-14 20:35:54,292:INFO: Train: [132][2111/2112]  Loss -0.7253 (-1.3876)  Time:  0.389 (0.014)  Data Time:  0.004 (0.005)
2022-04-14 20:35:54,293:INFO:   Eta: 0:56:18
2022-04-14 20:36:22,532:INFO: Train: [133][2111/2112]  Loss -0.6599 (-1.3718)  Time:  0.348 (0.013)  Data Time:  0.005 (0.004)
2022-04-14 20:36:22,534:INFO:   Eta: 0:55:01
2022-04-14 20:36:51,206:INFO: Train: [134][2111/2112]  Loss -0.7679 (-1.4432)  Time:  0.336 (0.014)  Data Time:  0.005 (0.005)
2022-04-14 20:36:51,207:INFO:   Eta: 0:55:23
2022-04-14 20:37:18,820:INFO: Train: [135][2111/2112]  Loss -0.7996 (-1.3042)  Time:  0.353 (0.013)  Data Time:  0.005 (0.005)
2022-04-14 20:37:18,822:INFO:   Eta: 0:52:52
2022-04-14 20:37:46,684:INFO: Train: [136][2111/2112]  Loss -0.6786 (-1.4653)  Time:  0.373 (0.013)  Data Time:  0.004 (0.005)
2022-04-14 20:37:46,685:INFO:   Eta: 0:52:54
2022-04-14 20:38:14,331:INFO: Train: [137][2111/2112]  Loss -0.8021 (-1.4579)  Time:  0.312 (0.013)  Data Time:  0.005 (0.005)
2022-04-14 20:38:14,332:INFO:   Eta: 0:52:01
2022-04-14 20:38:41,500:INFO: Train: [138][2111/2112]  Loss -0.7192 (-1.4450)  Time:  0.373 (0.013)  Data Time:  0.005 (0.005)
2022-04-14 20:38:41,501:INFO:   Eta: 0:50:40
2022-04-14 20:39:08,275:INFO: Train: [139][2111/2112]  Loss -0.6900 (-1.2864)  Time:  0.329 (0.013)  Data Time:  0.004 (0.005)
2022-04-14 20:39:08,276:INFO:   Eta: 0:49:29
2022-04-14 20:39:35,355:INFO: Train: [140][2111/2112]  Loss -0.6757 (-1.3874)  Time:  0.335 (0.013)  Data Time:  0.004 (0.004)
2022-04-14 20:39:35,356:INFO:   Eta: 0:49:36
2022-04-14 20:40:03,091:INFO: Train: [141][2111/2112]  Loss -0.7331 (-1.4640)  Time:  0.325 (0.013)  Data Time:  0.004 (0.005)
2022-04-14 20:40:03,092:INFO:   Eta: 0:50:20
2022-04-14 20:40:30,824:INFO: Train: [142][2111/2112]  Loss -0.7314 (-1.3799)  Time:  0.358 (0.013)  Data Time:  0.005 (0.005)
2022-04-14 20:40:30,825:INFO:   Eta: 0:49:52
2022-04-14 20:40:58,590:INFO: Train: [143][2111/2112]  Loss -0.7706 (-1.4290)  Time:  0.330 (0.013)  Data Time:  0.004 (0.005)
2022-04-14 20:40:58,591:INFO:   Eta: 0:49:28
2022-04-14 20:41:26,243:INFO: Train: [144][2111/2112]  Loss -0.6547 (-1.4063)  Time:  0.325 (0.013)  Data Time:  0.004 (0.004)
2022-04-14 20:41:26,245:INFO:   Eta: 0:48:49
2022-04-14 20:41:54,149:INFO: Train: [145][2111/2112]  Loss -0.7331 (-1.3128)  Time:  0.328 (0.013)  Data Time:  0.005 (0.005)
2022-04-14 20:41:54,150:INFO:   Eta: 0:48:47
2022-04-14 20:42:21,600:INFO: Train: [146][2111/2112]  Loss -0.5718 (-1.4252)  Time:  0.350 (0.013)  Data Time:  0.005 (0.005)
2022-04-14 20:42:21,601:INFO:   Eta: 0:47:32
2022-04-14 20:42:49,134:INFO: Train: [147][2111/2112]  Loss -0.8344 (-1.4568)  Time:  0.317 (0.013)  Data Time:  0.004 (0.004)
2022-04-14 20:42:49,135:INFO:   Eta: 0:47:13
2022-04-14 20:43:17,214:INFO: Train: [148][2111/2112]  Loss -0.7190 (-1.3593)  Time:  0.331 (0.013)  Data Time:  0.005 (0.005)
2022-04-14 20:43:17,215:INFO:   Eta: 0:47:41
2022-04-14 20:43:44,902:INFO: Train: [149][2111/2112]  Loss -0.7305 (-1.4108)  Time:  0.340 (0.013)  Data Time:  0.004 (0.004)
2022-04-14 20:43:44,903:INFO:   Eta: 0:46:34
2022-04-14 20:44:12,589:INFO: Train: [150][2111/2112]  Loss -0.8211 (-1.5622)  Time:  0.329 (0.013)  Data Time:  0.004 (0.004)
2022-04-14 20:44:12,590:INFO:   Eta: 0:46:06
2022-04-14 20:44:40,345:INFO: Train: [151][2111/2112]  Loss -0.7848 (-1.6056)  Time:  0.363 (0.013)  Data Time:  0.004 (0.005)
2022-04-14 20:44:40,347:INFO:   Eta: 0:45:45
2022-04-14 20:44:45,773:INFO: Valid: [151][500/501]  Loss -5.9799 (-3.7590)
2022-04-14 20:44:45,789:INFO: Checkpoint saved...
2022-04-14 20:45:13,424:INFO: Train: [152][2111/2112]  Loss -0.7418 (-1.4961)  Time:  0.350 (0.013)  Data Time:  0.005 (0.004)
2022-04-14 20:45:13,425:INFO:   Eta: 0:45:05
2022-04-14 20:45:18,451:INFO: Valid: [152][500/501]  Loss -6.0568 (-3.7850)
2022-04-14 20:45:18,464:INFO: Checkpoint saved...
2022-04-14 20:45:46,069:INFO: Train: [153][2111/2112]  Loss -0.8648 (-1.4607)  Time:  0.347 (0.013)  Data Time:  0.004 (0.004)
2022-04-14 20:45:46,070:INFO:   Eta: 0:44:34
2022-04-14 20:45:51,209:INFO: Valid: [153][500/501]  Loss -5.5536 (-3.5077)
2022-04-14 20:46:18,928:INFO: Train: [154][2111/2112]  Loss -0.8586 (-1.6142)  Time:  0.342 (0.013)  Data Time:  0.004 (0.004)
2022-04-14 20:46:18,929:INFO:   Eta: 0:44:17
2022-04-14 20:46:24,260:INFO: Valid: [154][500/501]  Loss -5.9076 (-3.7058)
2022-04-14 20:46:52,069:INFO: Train: [155][2111/2112]  Loss -0.7496 (-1.6084)  Time:  0.331 (0.013)  Data Time:  0.004 (0.005)
2022-04-14 20:46:52,071:INFO:   Eta: 0:43:57
2022-04-14 20:46:57,175:INFO: Valid: [155][500/501]  Loss -4.3562 (-2.7637)
2022-04-14 20:47:24,772:INFO: Train: [156][2111/2112]  Loss -0.8313 (-1.4413)  Time:  0.320 (0.013)  Data Time:  0.004 (0.005)
2022-04-14 20:47:24,773:INFO:   Eta: 0:43:10
2022-04-14 20:47:30,133:INFO: Valid: [156][500/501]  Loss -5.3574 (-3.3856)
2022-04-14 20:47:57,875:INFO: Train: [157][2111/2112]  Loss -0.6921 (-1.4927)  Time:  0.330 (0.013)  Data Time:  0.004 (0.004)
2022-04-14 20:47:57,876:INFO:   Eta: 0:42:56
2022-04-14 20:48:02,879:INFO: Valid: [157][500/501]  Loss -5.3702 (-3.3942)
2022-04-14 20:48:30,669:INFO: Train: [158][2111/2112]  Loss -0.7977 (-1.4317)  Time:  0.357 (0.013)  Data Time:  0.004 (0.004)
2022-04-14 20:48:30,670:INFO:   Eta: 0:42:32
2022-04-14 20:48:35,775:INFO: Valid: [158][500/501]  Loss -6.0523 (-3.8070)
2022-04-14 20:49:03,794:INFO: Train: [159][2111/2112]  Loss -0.7503 (-1.6185)  Time:  0.352 (0.013)  Data Time:  0.004 (0.005)
2022-04-14 20:49:03,796:INFO:   Eta: 0:42:25
2022-04-14 20:49:08,902:INFO: Valid: [159][500/501]  Loss -6.2870 (-3.9525)
2022-04-14 20:49:08,918:INFO: Checkpoint saved...
2022-04-14 20:49:36,694:INFO: Train: [160][2111/2112]  Loss -0.8236 (-1.5544)  Time:  0.351 (0.013)  Data Time:  0.004 (0.004)
2022-04-14 20:49:36,696:INFO:   Eta: 0:41:37
2022-04-14 20:49:41,726:INFO: Valid: [160][500/501]  Loss -4.8500 (-3.0882)
2022-04-14 20:50:09,471:INFO: Train: [161][2111/2112]  Loss -0.7412 (-1.5591)  Time:  0.311 (0.013)  Data Time:  0.005 (0.004)
2022-04-14 20:50:09,472:INFO:   Eta: 0:41:06
2022-04-14 20:50:14,599:INFO: Valid: [161][500/501]  Loss -6.1844 (-3.8826)
2022-04-14 20:50:42,357:INFO: Train: [162][2111/2112]  Loss -0.8025 (-1.5198)  Time:  0.319 (0.013)  Data Time:  0.004 (0.004)
2022-04-14 20:50:42,358:INFO:   Eta: 0:40:39
2022-04-14 20:50:47,395:INFO: Valid: [162][500/501]  Loss -5.9540 (-3.7277)
2022-04-14 20:51:15,274:INFO: Train: [163][2111/2112]  Loss -0.8344 (-1.6061)  Time:  0.361 (0.013)  Data Time:  0.005 (0.005)
2022-04-14 20:51:15,275:INFO:   Eta: 0:40:22
2022-04-14 20:51:20,328:INFO: Valid: [163][500/501]  Loss -5.6182 (-3.5544)
2022-04-14 20:51:47,860:INFO: Train: [164][2111/2112]  Loss -0.8190 (-1.6364)  Time:  0.327 (0.013)  Data Time:  0.004 (0.004)
2022-04-14 20:51:47,861:INFO:   Eta: 0:39:24
2022-04-14 20:51:52,903:INFO: Valid: [164][500/501]  Loss -4.5753 (-2.9213)
2022-04-14 20:52:20,159:INFO: Train: [165][2111/2112]  Loss -0.7454 (-1.5477)  Time:  0.339 (0.013)  Data Time:  0.005 (0.005)
2022-04-14 20:52:20,161:INFO:   Eta: 0:38:33
2022-04-14 20:52:25,591:INFO: Valid: [165][500/501]  Loss -5.4361 (-3.4091)
2022-04-14 20:52:53,412:INFO: Train: [166][2111/2112]  Loss -0.8257 (-1.6155)  Time:  0.350 (0.013)  Data Time:  0.004 (0.005)
2022-04-14 20:52:53,413:INFO:   Eta: 0:38:53
2022-04-14 20:52:58,544:INFO: Valid: [166][500/501]  Loss -5.6457 (-3.5346)
2022-04-14 20:53:26,327:INFO: Train: [167][2111/2112]  Loss -0.8268 (-1.5576)  Time:  0.342 (0.013)  Data Time:  0.005 (0.005)
2022-04-14 20:53:26,328:INFO:   Eta: 0:38:22
2022-04-14 20:53:31,511:INFO: Valid: [167][500/501]  Loss -6.3725 (-4.0041)
2022-04-14 20:53:31,528:INFO: Checkpoint saved...
2022-04-14 20:53:59,077:INFO: Train: [168][2111/2112]  Loss -0.8481 (-1.5457)  Time:  0.319 (0.013)  Data Time:  0.005 (0.004)
2022-04-14 20:53:59,078:INFO:   Eta: 0:37:36
2022-04-14 20:54:04,110:INFO: Valid: [168][500/501]  Loss -4.4718 (-2.8573)
2022-04-14 20:54:32,057:INFO: Train: [169][2111/2112]  Loss -0.7276 (-1.5492)  Time:  0.342 (0.013)  Data Time:  0.006 (0.004)
2022-04-14 20:54:32,059:INFO:   Eta: 0:37:40
2022-04-14 20:54:37,461:INFO: Valid: [169][500/501]  Loss -6.0995 (-3.7799)
2022-04-14 20:55:04,977:INFO: Train: [170][2111/2112]  Loss -0.7816 (-1.6251)  Time:  0.346 (0.013)  Data Time:  0.004 (0.005)
2022-04-14 20:55:04,979:INFO:   Eta: 0:36:38
2022-04-14 20:55:10,039:INFO: Valid: [170][500/501]  Loss -6.1766 (-3.8614)
2022-04-14 20:55:37,804:INFO: Train: [171][2111/2112]  Loss -0.7918 (-1.6170)  Time:  0.324 (0.013)  Data Time:  0.005 (0.004)
2022-04-14 20:55:37,805:INFO:   Eta: 0:36:30
2022-04-14 20:55:42,970:INFO: Valid: [171][500/501]  Loss -6.4128 (-4.0124)
2022-04-14 20:55:42,985:INFO: Checkpoint saved...
2022-04-14 20:56:10,890:INFO: Train: [172][2111/2112]  Loss -0.8657 (-1.4991)  Time:  0.404 (0.013)  Data Time:  0.005 (0.005)
2022-04-14 20:56:10,891:INFO:   Eta: 0:36:14
2022-04-14 20:56:15,932:INFO: Valid: [172][500/501]  Loss -5.2779 (-3.3443)
2022-04-14 20:56:43,129:INFO: Train: [173][2111/2112]  Loss -0.8275 (-1.5918)  Time:  0.348 (0.013)  Data Time:  0.004 (0.004)
2022-04-14 20:56:43,130:INFO:   Eta: 0:34:51
2022-04-14 20:56:48,198:INFO: Valid: [173][500/501]  Loss -5.7324 (-3.5803)
2022-04-14 20:57:14,904:INFO: Train: [174][2111/2112]  Loss -0.8337 (-1.6198)  Time:  0.304 (0.013)  Data Time:  0.003 (0.005)
2022-04-14 20:57:14,905:INFO:   Eta: 0:33:47
2022-04-14 20:57:19,947:INFO: Valid: [174][500/501]  Loss -5.1449 (-3.2621)
2022-04-14 20:57:47,878:INFO: Train: [175][2111/2112]  Loss -0.8523 (-1.6258)  Time:  0.287 (0.013)  Data Time:  0.004 (0.005)
2022-04-14 20:57:47,879:INFO:   Eta: 0:34:52
2022-04-14 20:57:52,471:INFO: Valid: [175][500/501]  Loss -5.4375 (-3.4379)
2022-04-14 20:58:19,237:INFO: Train: [176][2111/2112]  Loss -0.7879 (-1.5688)  Time:  0.336 (0.013)  Data Time:  0.005 (0.005)
2022-04-14 20:58:19,238:INFO:   Eta: 0:32:57
2022-04-14 20:58:24,376:INFO: Valid: [176][500/501]  Loss -6.1605 (-3.8658)
2022-04-14 20:58:51,147:INFO: Train: [177][2111/2112]  Loss -0.7187 (-1.6005)  Time:  0.305 (0.013)  Data Time:  0.005 (0.005)
2022-04-14 20:58:51,148:INFO:   Eta: 0:32:32
2022-04-14 20:58:55,954:INFO: Valid: [177][500/501]  Loss -6.4304 (-4.0205)
2022-04-14 20:58:55,966:INFO: Checkpoint saved...
2022-04-14 20:59:23,331:INFO: Train: [178][2111/2112]  Loss -0.7876 (-1.6070)  Time:  0.325 (0.013)  Data Time:  0.005 (0.005)
2022-04-14 20:59:23,332:INFO:   Eta: 0:32:47
2022-04-14 20:59:28,347:INFO: Valid: [178][500/501]  Loss -5.8955 (-3.7135)
2022-04-14 20:59:55,515:INFO: Train: [179][2111/2112]  Loss -0.8656 (-1.5685)  Time:  0.331 (0.013)  Data Time:  0.004 (0.004)
2022-04-14 20:59:55,516:INFO:   Eta: 0:32:05
2022-04-14 21:00:00,548:INFO: Valid: [179][500/501]  Loss -6.3746 (-3.9893)
2022-04-14 21:00:28,104:INFO: Train: [180][2111/2112]  Loss -0.8337 (-1.5029)  Time:  0.319 (0.013)  Data Time:  0.004 (0.004)
2022-04-14 21:00:28,106:INFO:   Eta: 0:32:06
2022-04-14 21:00:32,951:INFO: Valid: [180][500/501]  Loss -6.2257 (-3.9156)
2022-04-14 21:01:00,384:INFO: Train: [181][2111/2112]  Loss -0.8386 (-1.5601)  Time:  0.344 (0.013)  Data Time:  0.004 (0.004)
2022-04-14 21:01:00,385:INFO:   Eta: 0:31:30
2022-04-14 21:01:05,409:INFO: Valid: [181][500/501]  Loss -5.8395 (-3.6810)
2022-04-14 21:01:32,463:INFO: Train: [182][2111/2112]  Loss -0.8234 (-1.6020)  Time:  0.377 (0.013)  Data Time:  0.005 (0.004)
2022-04-14 21:01:32,465:INFO:   Eta: 0:30:37
2022-04-14 21:01:37,404:INFO: Valid: [182][500/501]  Loss -5.9634 (-3.7495)
2022-04-14 21:02:04,794:INFO: Train: [183][2111/2112]  Loss -0.6874 (-1.6598)  Time:  0.328 (0.013)  Data Time:  0.004 (0.004)
2022-04-14 21:02:04,794:INFO:   Eta: 0:30:32
2022-04-14 21:02:09,969:INFO: Valid: [183][500/501]  Loss -6.2374 (-3.8854)
2022-04-14 21:02:37,399:INFO: Train: [184][2111/2112]  Loss -0.8122 (-1.5662)  Time:  0.352 (0.013)  Data Time:  0.004 (0.004)
2022-04-14 21:02:37,400:INFO:   Eta: 0:30:07
2022-04-14 21:02:42,766:INFO: Valid: [184][500/501]  Loss -6.4434 (-4.0366)
2022-04-14 21:02:42,780:INFO: Checkpoint saved...
2022-04-14 21:03:10,108:INFO: Train: [185][2111/2112]  Loss -0.8019 (-1.3871)  Time:  0.321 (0.013)  Data Time:  0.004 (0.005)
2022-04-14 21:03:10,109:INFO:   Eta: 0:29:34
2022-04-14 21:03:15,439:INFO: Valid: [185][500/501]  Loss -4.6379 (-2.9586)
2022-04-14 21:03:42,547:INFO: Train: [186][2111/2112]  Loss -0.8284 (-1.4745)  Time:  0.351 (0.013)  Data Time:  0.004 (0.004)
2022-04-14 21:03:42,548:INFO:   Eta: 0:28:52
2022-04-14 21:03:47,847:INFO: Valid: [186][500/501]  Loss -5.6047 (-3.5406)
2022-04-14 21:04:14,897:INFO: Train: [187][2111/2112]  Loss -0.7606 (-1.5451)  Time:  0.317 (0.013)  Data Time:  0.004 (0.004)
2022-04-14 21:04:14,899:INFO:   Eta: 0:28:22
2022-04-14 21:04:20,269:INFO: Valid: [187][500/501]  Loss -5.3924 (-3.4167)
2022-04-14 21:04:47,430:INFO: Train: [188][2111/2112]  Loss -0.8174 (-1.5335)  Time:  0.320 (0.013)  Data Time:  0.003 (0.004)
2022-04-14 21:04:47,432:INFO:   Eta: 0:28:01
2022-04-14 21:04:52,706:INFO: Valid: [188][500/501]  Loss -6.2639 (-3.9360)
2022-04-14 21:05:19,720:INFO: Train: [189][2111/2112]  Loss -0.8638 (-1.6193)  Time:  0.335 (0.013)  Data Time:  0.004 (0.004)
2022-04-14 21:05:19,721:INFO:   Eta: 0:27:25
2022-04-14 21:05:25,001:INFO: Valid: [189][500/501]  Loss -5.3797 (-3.3931)
2022-04-14 21:05:52,038:INFO: Train: [190][2111/2112]  Loss -0.8987 (-1.6002)  Time:  0.350 (0.013)  Data Time:  0.004 (0.004)
2022-04-14 21:05:52,042:INFO:   Eta: 0:26:59
2022-04-14 21:05:57,551:INFO: Valid: [190][500/501]  Loss -4.2618 (-2.7504)
2022-04-14 21:06:24,951:INFO: Train: [191][2111/2112]  Loss -0.8699 (-1.4758)  Time:  0.313 (0.013)  Data Time:  0.004 (0.004)
2022-04-14 21:06:24,952:INFO:   Eta: 0:26:54
2022-04-14 21:06:30,371:INFO: Valid: [191][500/501]  Loss -6.1114 (-3.8381)
2022-04-14 21:06:57,540:INFO: Train: [192][2111/2112]  Loss -0.8358 (-1.5856)  Time:  0.367 (0.013)  Data Time:  0.004 (0.004)
2022-04-14 21:06:57,541:INFO:   Eta: 0:26:13
2022-04-14 21:07:02,839:INFO: Valid: [192][500/501]  Loss -5.2696 (-3.3317)
2022-04-14 21:07:29,861:INFO: Train: [193][2111/2112]  Loss -0.8080 (-1.6257)  Time:  0.342 (0.013)  Data Time:  0.004 (0.004)
2022-04-14 21:07:29,862:INFO:   Eta: 0:25:37
2022-04-14 21:07:35,108:INFO: Valid: [193][500/501]  Loss -6.5547 (-4.1008)
2022-04-14 21:07:35,116:INFO: Checkpoint saved...
2022-04-14 21:08:02,577:INFO: Train: [194][2111/2112]  Loss -0.8216 (-1.5957)  Time:  0.322 (0.013)  Data Time:  0.004 (0.004)
2022-04-14 21:08:02,579:INFO:   Eta: 0:25:35
2022-04-14 21:08:07,656:INFO: Valid: [194][500/501]  Loss -5.4556 (-3.4591)
2022-04-14 21:08:34,857:INFO: Train: [195][2111/2112]  Loss -0.8111 (-1.5557)  Time:  0.320 (0.013)  Data Time:  0.004 (0.004)
2022-04-14 21:08:34,858:INFO:   Eta: 0:24:54
2022-04-14 21:08:40,096:INFO: Valid: [195][500/501]  Loss -6.2082 (-3.8965)
2022-04-14 21:09:07,301:INFO: Train: [196][2111/2112]  Loss -0.7830 (-1.5349)  Time:  0.346 (0.013)  Data Time:  0.004 (0.004)
2022-04-14 21:09:07,303:INFO:   Eta: 0:24:26
2022-04-14 21:09:12,451:INFO: Valid: [196][500/501]  Loss -5.9871 (-3.7407)
2022-04-14 21:09:39,910:INFO: Train: [197][2111/2112]  Loss -0.7753 (-1.5957)  Time:  0.339 (0.013)  Data Time:  0.005 (0.005)
2022-04-14 21:09:39,911:INFO:   Eta: 0:24:13
2022-04-14 21:09:44,961:INFO: Valid: [197][500/501]  Loss -6.0436 (-3.7895)
2022-04-14 21:10:11,749:INFO: Train: [198][2111/2112]  Loss -0.7985 (-1.5017)  Time:  0.324 (0.013)  Data Time:  0.004 (0.004)
2022-04-14 21:10:11,750:INFO:   Eta: 0:23:11
2022-04-14 21:10:17,187:INFO: Valid: [198][500/501]  Loss -4.9217 (-3.1347)
2022-04-14 21:10:44,434:INFO: Train: [199][2111/2112]  Loss -0.8367 (-1.5926)  Time:  0.378 (0.013)  Data Time:  0.004 (0.004)
2022-04-14 21:10:44,435:INFO:   Eta: 0:23:07
2022-04-14 21:10:49,867:INFO: Valid: [199][500/501]  Loss -5.4669 (-3.4539)
2022-04-14 21:11:17,674:INFO: Train: [200][2111/2112]  Loss -0.8877 (-1.6430)  Time:  0.347 (0.013)  Data Time:  0.004 (0.005)
2022-04-14 21:11:17,675:INFO:   Eta: 0:23:08
2022-04-14 21:11:22,823:INFO: Valid: [200][500/501]  Loss -4.6277 (-2.9548)
2022-04-14 21:11:50,237:INFO: Train: [201][2111/2112]  Loss -0.7900 (-1.5580)  Time:  0.308 (0.013)  Data Time:  0.004 (0.005)
2022-04-14 21:11:50,239:INFO:   Eta: 0:22:21
2022-04-14 21:11:55,584:INFO: Valid: [201][500/501]  Loss -6.4201 (-4.0297)
2022-04-14 21:12:22,446:INFO: Train: [202][2111/2112]  Loss -0.7874 (-1.6887)  Time:  0.336 (0.013)  Data Time:  0.004 (0.004)
2022-04-14 21:12:22,447:INFO:   Eta: 0:21:27
2022-04-14 21:12:27,886:INFO: Valid: [202][500/501]  Loss -5.8779 (-3.6857)
2022-04-14 21:12:55,113:INFO: Train: [203][2111/2112]  Loss -0.8467 (-1.5244)  Time:  0.323 (0.013)  Data Time:  0.004 (0.004)
2022-04-14 21:12:55,114:INFO:   Eta: 0:21:18
2022-04-14 21:13:00,305:INFO: Valid: [203][500/501]  Loss -6.2296 (-3.9131)
2022-04-14 21:13:27,518:INFO: Train: [204][2111/2112]  Loss -0.6911 (-1.6344)  Time:  0.318 (0.013)  Data Time:  0.004 (0.004)
2022-04-14 21:13:27,518:INFO:   Eta: 0:20:50
2022-04-14 21:13:32,457:INFO: Valid: [204][500/501]  Loss -6.3808 (-3.9787)
2022-04-14 21:13:59,603:INFO: Train: [205][2111/2112]  Loss -0.8537 (-1.5265)  Time:  0.333 (0.013)  Data Time:  0.004 (0.004)
2022-04-14 21:13:59,604:INFO:   Eta: 0:20:20
2022-04-14 21:14:04,772:INFO: Valid: [205][500/501]  Loss -5.5453 (-3.5061)
2022-04-14 21:14:32,173:INFO: Train: [206][2111/2112]  Loss -0.8409 (-1.6213)  Time:  0.330 (0.013)  Data Time:  0.005 (0.005)
2022-04-14 21:14:32,174:INFO:   Eta: 0:20:03
2022-04-14 21:14:37,293:INFO: Valid: [206][500/501]  Loss -6.4644 (-4.0549)
2022-04-14 21:15:04,543:INFO: Train: [207][2111/2112]  Loss -0.8012 (-1.6424)  Time:  0.344 (0.013)  Data Time:  0.004 (0.004)
2022-04-14 21:15:04,544:INFO:   Eta: 0:19:30
2022-04-14 21:15:09,637:INFO: Valid: [207][500/501]  Loss -6.3016 (-3.9579)
2022-04-14 21:15:36,898:INFO: Train: [208][2111/2112]  Loss -0.8218 (-1.5989)  Time:  0.339 (0.013)  Data Time:  0.005 (0.005)
2022-04-14 21:15:36,899:INFO:   Eta: 0:19:03
2022-04-14 21:15:42,302:INFO: Valid: [208][500/501]  Loss -4.6483 (-2.9459)
2022-04-14 21:16:09,103:INFO: Train: [209][2111/2112]  Loss -0.7689 (-1.5251)  Time:  0.354 (0.013)  Data Time:  0.005 (0.005)
2022-04-14 21:16:09,104:INFO:   Eta: 0:18:17
2022-04-14 21:16:14,095:INFO: Valid: [209][500/501]  Loss -6.6357 (-4.1506)
2022-04-14 21:16:14,107:INFO: Checkpoint saved...
2022-04-14 21:16:41,390:INFO: Train: [210][2111/2112]  Loss -0.7891 (-1.5989)  Time:  0.388 (0.013)  Data Time:  0.004 (0.004)
2022-04-14 21:16:41,391:INFO:   Eta: 0:18:10
2022-04-14 21:16:46,487:INFO: Valid: [210][500/501]  Loss -6.3384 (-3.9836)
2022-04-14 21:17:12,963:INFO: Train: [211][2111/2112]  Loss -0.7992 (-1.5839)  Time:  0.307 (0.013)  Data Time:  0.004 (0.004)
2022-04-14 21:17:12,965:INFO:   Eta: 0:17:11
2022-04-14 21:17:18,119:INFO: Valid: [211][500/501]  Loss -5.7051 (-3.5963)
2022-04-14 21:17:44,677:INFO: Train: [212][2111/2112]  Loss -0.8088 (-1.5014)  Time:  0.360 (0.013)  Data Time:  0.005 (0.004)
2022-04-14 21:17:44,678:INFO:   Eta: 0:16:47
2022-04-14 21:17:49,768:INFO: Valid: [212][500/501]  Loss -5.9134 (-3.7364)
2022-04-14 21:18:15,706:INFO: Train: [213][2111/2112]  Loss -0.7809 (-1.6223)  Time:  0.331 (0.012)  Data Time:  0.004 (0.004)
2022-04-14 21:18:15,707:INFO:   Eta: 0:15:58
2022-04-14 21:18:21,086:INFO: Valid: [213][500/501]  Loss -5.5251 (-3.4835)
2022-04-14 21:18:47,396:INFO: Train: [214][2111/2112]  Loss -0.7189 (-1.6366)  Time:  0.330 (0.012)  Data Time:  0.005 (0.004)
2022-04-14 21:18:47,396:INFO:   Eta: 0:15:45
2022-04-14 21:18:52,851:INFO: Valid: [214][500/501]  Loss -6.1521 (-3.8672)
2022-04-14 21:19:19,217:INFO: Train: [215][2111/2112]  Loss -0.8134 (-1.6367)  Time:  0.321 (0.012)  Data Time:  0.004 (0.004)
2022-04-14 21:19:19,218:INFO:   Eta: 0:15:20
2022-04-14 21:19:24,316:INFO: Valid: [215][500/501]  Loss -5.1319 (-3.2435)
2022-04-14 21:19:50,412:INFO: Train: [216][2111/2112]  Loss -0.8633 (-1.5035)  Time:  0.311 (0.012)  Data Time:  0.004 (0.004)
2022-04-14 21:19:50,413:INFO:   Eta: 0:14:46
2022-04-14 21:19:55,126:INFO: Valid: [216][500/501]  Loss -6.1059 (-3.8458)
2022-04-14 21:20:22,042:INFO: Train: [217][2111/2112]  Loss -0.8551 (-1.6426)  Time:  0.320 (0.013)  Data Time:  0.003 (0.005)
2022-04-14 21:20:22,043:INFO:   Eta: 0:14:47
2022-04-14 21:20:27,487:INFO: Valid: [217][500/501]  Loss -6.2333 (-3.8948)
2022-04-14 21:20:54,332:INFO: Train: [218][2111/2112]  Loss -0.7974 (-1.5812)  Time:  0.326 (0.013)  Data Time:  0.004 (0.004)
2022-04-14 21:20:54,333:INFO:   Eta: 0:14:17
2022-04-14 21:20:59,429:INFO: Valid: [218][500/501]  Loss -6.0042 (-3.7728)
2022-04-14 21:21:26,452:INFO: Train: [219][2111/2112]  Loss -0.8201 (-1.6058)  Time:  0.371 (0.013)  Data Time:  0.004 (0.004)
2022-04-14 21:21:26,453:INFO:   Eta: 0:13:56
2022-04-14 21:21:31,801:INFO: Valid: [219][500/501]  Loss -5.8646 (-3.6940)
2022-04-14 21:21:58,282:INFO: Train: [220][2111/2112]  Loss -0.8683 (-1.4681)  Time:  0.313 (0.013)  Data Time:  0.004 (0.004)
2022-04-14 21:21:58,283:INFO:   Eta: 0:13:13
2022-04-14 21:22:03,534:INFO: Valid: [220][500/501]  Loss -5.8857 (-3.7147)
2022-04-14 21:22:30,356:INFO: Train: [221][2111/2112]  Loss -0.8425 (-1.5328)  Time:  0.319 (0.013)  Data Time:  0.003 (0.004)
2022-04-14 21:22:30,358:INFO:   Eta: 0:12:56
2022-04-14 21:22:35,353:INFO: Valid: [221][500/501]  Loss -5.4519 (-3.4408)
2022-04-14 21:23:01,749:INFO: Train: [222][2111/2112]  Loss -0.8628 (-1.6217)  Time:  0.347 (0.012)  Data Time:  0.004 (0.004)
2022-04-14 21:23:01,750:INFO:   Eta: 0:12:18
2022-04-14 21:23:06,917:INFO: Valid: [222][500/501]  Loss -5.8082 (-3.6420)
2022-04-14 21:23:33,584:INFO: Train: [223][2111/2112]  Loss -0.9262 (-1.4801)  Time:  0.337 (0.013)  Data Time:  0.004 (0.004)
2022-04-14 21:23:33,585:INFO:   Eta: 0:11:59
2022-04-14 21:23:38,609:INFO: Valid: [223][500/501]  Loss -5.7767 (-3.6353)
2022-04-14 21:24:05,481:INFO: Train: [224][2111/2112]  Loss -0.8100 (-1.6391)  Time:  0.332 (0.013)  Data Time:  0.004 (0.004)
2022-04-14 21:24:05,482:INFO:   Eta: 0:11:37
2022-04-14 21:24:10,463:INFO: Valid: [224][500/501]  Loss -6.3603 (-3.9765)
2022-04-14 21:24:37,155:INFO: Train: [225][2111/2112]  Loss -0.7891 (-1.6227)  Time:  0.367 (0.013)  Data Time:  0.005 (0.005)
2022-04-14 21:24:37,157:INFO:   Eta: 0:11:06
2022-04-14 21:24:42,068:INFO: Valid: [225][500/501]  Loss -6.3350 (-3.9596)
2022-04-14 21:25:08,396:INFO: Train: [226][2111/2112]  Loss -0.8835 (-1.6328)  Time:  0.329 (0.012)  Data Time:  0.004 (0.004)
2022-04-14 21:25:08,398:INFO:   Eta: 0:10:31
2022-04-14 21:25:13,305:INFO: Valid: [226][500/501]  Loss -5.8634 (-3.6528)
2022-04-14 21:25:40,037:INFO: Train: [227][2111/2112]  Loss -0.8230 (-1.6334)  Time:  0.319 (0.013)  Data Time:  0.003 (0.004)
2022-04-14 21:25:40,038:INFO:   Eta: 0:10:14
2022-04-14 21:25:44,909:INFO: Valid: [227][500/501]  Loss -5.7219 (-3.6077)
2022-04-14 21:26:11,808:INFO: Train: [228][2111/2112]  Loss -0.7934 (-1.5169)  Time:  0.353 (0.013)  Data Time:  0.004 (0.004)
2022-04-14 21:26:11,809:INFO:   Eta: 0:09:51
2022-04-14 21:26:17,203:INFO: Valid: [228][500/501]  Loss -6.5130 (-4.0764)
2022-04-14 21:26:43,522:INFO: Train: [229][2111/2112]  Loss -0.8213 (-1.6035)  Time:  0.296 (0.012)  Data Time:  0.003 (0.004)
2022-04-14 21:26:43,523:INFO:   Eta: 0:09:11
2022-04-14 21:26:48,299:INFO: Valid: [229][500/501]  Loss -5.4437 (-3.4474)
2022-04-14 21:27:14,858:INFO: Train: [230][2111/2112]  Loss -0.8600 (-1.6430)  Time:  0.315 (0.013)  Data Time:  0.004 (0.005)
2022-04-14 21:27:14,859:INFO:   Eta: 0:08:50
2022-04-14 21:27:19,839:INFO: Valid: [230][500/501]  Loss -5.3337 (-3.3799)
2022-04-14 21:27:46,673:INFO: Train: [231][2111/2112]  Loss -0.8107 (-1.5422)  Time:  0.337 (0.013)  Data Time:  0.004 (0.004)
2022-04-14 21:27:46,673:INFO:   Eta: 0:08:29
2022-04-14 21:27:51,579:INFO: Valid: [231][500/501]  Loss -5.0788 (-3.2127)
2022-04-14 21:28:18,419:INFO: Train: [232][2111/2112]  Loss -0.8030 (-1.6416)  Time:  0.363 (0.013)  Data Time:  0.005 (0.004)
2022-04-14 21:28:18,420:INFO:   Eta: 0:08:02
2022-04-14 21:28:23,429:INFO: Valid: [232][500/501]  Loss -5.1848 (-3.2534)
2022-04-14 21:28:50,042:INFO: Train: [233][2111/2112]  Loss -0.8819 (-1.5649)  Time:  0.346 (0.013)  Data Time:  0.005 (0.004)
2022-04-14 21:28:50,043:INFO:   Eta: 0:07:31
2022-04-14 21:28:55,025:INFO: Valid: [233][500/501]  Loss -5.9472 (-3.7368)
2022-04-14 21:29:22,071:INFO: Train: [234][2111/2112]  Loss -0.8055 (-1.4743)  Time:  0.379 (0.013)  Data Time:  0.004 (0.004)
2022-04-14 21:29:22,072:INFO:   Eta: 0:07:12
2022-04-14 21:29:27,016:INFO: Valid: [234][500/501]  Loss -5.4945 (-3.4535)
2022-04-14 21:29:53,835:INFO: Train: [235][2111/2112]  Loss -0.8422 (-1.6364)  Time:  0.315 (0.013)  Data Time:  0.004 (0.005)
2022-04-14 21:29:53,837:INFO:   Eta: 0:06:41
2022-04-14 21:29:58,940:INFO: Valid: [235][500/501]  Loss -5.0436 (-3.2030)
2022-04-14 21:30:25,856:INFO: Train: [236][2111/2112]  Loss -0.6674 (-1.5096)  Time:  0.332 (0.013)  Data Time:  0.003 (0.004)
2022-04-14 21:30:25,857:INFO:   Eta: 0:06:16
2022-04-14 21:30:31,067:INFO: Valid: [236][500/501]  Loss -6.1553 (-3.8739)
2022-04-14 21:30:57,701:INFO: Train: [237][2111/2112]  Loss -0.8332 (-1.5523)  Time:  0.307 (0.013)  Data Time:  0.004 (0.004)
2022-04-14 21:30:57,702:INFO:   Eta: 0:05:45
2022-04-14 21:31:02,777:INFO: Valid: [237][500/501]  Loss -5.8159 (-3.6634)
2022-04-14 21:31:29,412:INFO: Train: [238][2111/2112]  Loss -0.8741 (-1.5973)  Time:  0.313 (0.013)  Data Time:  0.004 (0.004)
2022-04-14 21:31:29,413:INFO:   Eta: 0:05:19
2022-04-14 21:31:34,575:INFO: Valid: [238][500/501]  Loss -5.4270 (-3.4147)
2022-04-14 21:32:01,338:INFO: Train: [239][2111/2112]  Loss -0.8815 (-1.6190)  Time:  0.379 (0.013)  Data Time:  0.005 (0.004)
2022-04-14 21:32:01,339:INFO:   Eta: 0:04:54
2022-04-14 21:32:06,583:INFO: Valid: [239][500/501]  Loss -5.7774 (-3.6521)
2022-04-14 21:32:33,316:INFO: Train: [240][2111/2112]  Loss -0.9292 (-1.6448)  Time:  0.350 (0.013)  Data Time:  0.004 (0.004)
2022-04-14 21:32:33,317:INFO:   Eta: 0:04:27
2022-04-14 21:32:38,272:INFO: Valid: [240][500/501]  Loss -5.3311 (-3.3671)
2022-04-14 21:33:04,775:INFO: Train: [241][2111/2112]  Loss -0.8402 (-1.6122)  Time:  0.304 (0.013)  Data Time:  0.004 (0.004)
2022-04-14 21:33:04,776:INFO:   Eta: 0:03:58
2022-04-14 21:33:09,883:INFO: Valid: [241][500/501]  Loss -6.3089 (-3.9609)
2022-04-14 21:33:36,428:INFO: Train: [242][2111/2112]  Loss -0.8234 (-1.6566)  Time:  0.322 (0.013)  Data Time:  0.005 (0.004)
2022-04-14 21:33:36,429:INFO:   Eta: 0:03:32
2022-04-14 21:33:41,381:INFO: Valid: [242][500/501]  Loss -5.7903 (-3.6437)
2022-04-14 21:34:07,411:INFO: Train: [243][2111/2112]  Loss -0.8566 (-1.5413)  Time:  0.282 (0.012)  Data Time:  0.004 (0.004)
2022-04-14 21:34:07,412:INFO:   Eta: 0:03:01
2022-04-14 21:34:12,161:INFO: Valid: [243][500/501]  Loss -5.8933 (-3.7126)
2022-04-14 21:34:35,067:INFO: Train: [244][2111/2112]  Loss -0.8478 (-1.5364)  Time:  0.278 (0.011)  Data Time:  0.003 (0.003)
2022-04-14 21:34:35,068:INFO:   Eta: 0:02:17
2022-04-14 21:34:40,148:INFO: Valid: [244][500/501]  Loss -6.2978 (-3.9429)
2022-04-14 21:35:03,169:INFO: Train: [245][2111/2112]  Loss -0.7640 (-1.6388)  Time:  0.295 (0.011)  Data Time:  0.003 (0.003)
2022-04-14 21:35:03,170:INFO:   Eta: 0:01:54
2022-04-14 21:35:08,358:INFO: Valid: [245][500/501]  Loss -6.2865 (-3.9483)
2022-04-14 21:35:31,099:INFO: Train: [246][2111/2112]  Loss -0.9082 (-1.6375)  Time:  0.261 (0.011)  Data Time:  0.003 (0.003)
2022-04-14 21:35:31,100:INFO:   Eta: 0:01:30
2022-04-14 21:35:35,873:INFO: Valid: [246][500/501]  Loss -5.6058 (-3.5340)
2022-04-14 21:35:58,779:INFO: Train: [247][2111/2112]  Loss -0.7658 (-1.6629)  Time:  0.274 (0.011)  Data Time:  0.003 (0.003)
2022-04-14 21:35:58,780:INFO:   Eta: 0:01:08
2022-04-14 21:36:03,697:INFO: Valid: [247][500/501]  Loss -5.5882 (-3.5213)
2022-04-14 21:36:26,637:INFO: Train: [248][2111/2112]  Loss -0.8656 (-1.5641)  Time:  0.284 (0.011)  Data Time:  0.004 (0.003)
2022-04-14 21:36:26,638:INFO:   Eta: 0:00:45
2022-04-14 21:36:31,772:INFO: Valid: [248][500/501]  Loss -5.4838 (-3.4583)
2022-04-14 21:36:54,869:INFO: Train: [249][2111/2112]  Loss -0.7674 (-1.5359)  Time:  0.276 (0.011)  Data Time:  0.004 (0.003)
2022-04-14 21:36:54,870:INFO:   Eta: 0:00:23
2022-04-14 21:36:59,875:INFO: Valid: [249][500/501]  Loss -5.1031 (-3.2384)
