2022-03-30 15:45:37,463:INFO: batch_size=128
2022-03-30 15:45:37,463:INFO: clip_grad=None
2022-03-30 15:45:37,463:INFO: dataset=zara1
2022-03-30 15:45:37,463:INFO: gpu_num=0
2022-03-30 15:45:37,463:INFO: input_size=2
2022-03-30 15:45:37,464:INFO: kernel_size=3
2022-03-30 15:45:37,464:INFO: lr=0.01
2022-03-30 15:45:37,464:INFO: lr_sh_rate=150
2022-03-30 15:45:37,464:INFO: model=social_stgcnn
2022-03-30 15:45:37,464:INFO: n_stgcnn=1
2022-03-30 15:45:37,464:INFO: n_txpcnn=5
2022-03-30 15:45:37,464:INFO: num_epochs=250
2022-03-30 15:45:37,464:INFO: obs_seq_len=8
2022-03-30 15:45:37,464:INFO: output_size=5
2022-03-30 15:45:37,464:INFO: pred_seq_len=12
2022-03-30 15:45:37,464:INFO: seed=0
2022-03-30 15:45:37,464:INFO: tag=zara1
2022-03-30 15:45:37,464:INFO: use_lrschd=True
2022-03-30 15:45:37,465:INFO: ******************************
2022-03-30 15:45:37,465:INFO: Training initiating....
2022-03-30 15:45:37,465:INFO: Namespace(batch_size=128, clip_grad=None, dataset='zara1', gpu_num='0', input_size=2, kernel_size=3, lr=0.01, lr_sh_rate=150, model='social_stgcnn', n_stgcnn=1, n_txpcnn=5, num_epochs=250, obs_seq_len=8, output_size=5, pred_seq_len=12, seed=0, tag='zara1', use_lrschd=True)
2022-03-30 15:45:37,471:INFO: Initializing train dataset
2022-03-30 15:45:47,527:INFO: Initializing val dataset
2022-03-30 15:46:23,623:INFO: social_stgcnn
2022-03-30 15:46:23,674:INFO: Data and model loaded
2022-03-30 15:46:23,674:INFO: Checkpoint dir: ./runs/Mar30_15-45-37_node06/zara1/checkpoint
2022-03-30 15:46:23,674:INFO: Training started ...
2022-03-30 15:46:50,883:INFO: Train: [0][2321/2322]  Loss 0.1114 (1.3561)  Time:  0.085 (0.012)  Data Time:  0.004 (0.004)
2022-03-30 15:46:50,885:INFO:   Eta: 1:53:19
2022-03-30 15:47:17,545:INFO: Train: [1][2321/2322]  Loss 0.0730 (0.6418)  Time:  0.081 (0.011)  Data Time:  0.004 (0.004)
2022-03-30 15:47:17,547:INFO:   Eta: 1:50:30
2022-03-30 15:47:44,168:INFO: Train: [2][2321/2322]  Loss 0.0694 (0.4618)  Time:  0.080 (0.011)  Data Time:  0.004 (0.005)
2022-03-30 15:47:44,170:INFO:   Eta: 1:49:57
2022-03-30 15:48:10,490:INFO: Train: [3][2321/2322]  Loss 0.0727 (0.1968)  Time:  0.092 (0.011)  Data Time:  0.004 (0.004)
2022-03-30 15:48:10,492:INFO:   Eta: 1:48:17
2022-03-30 15:48:37,197:INFO: Train: [4][2321/2322]  Loss 0.0546 (0.2621)  Time:  0.093 (0.011)  Data Time:  0.004 (0.004)
2022-03-30 15:48:37,199:INFO:   Eta: 1:49:25
2022-03-30 15:49:08,843:INFO: Train: [5][2321/2322]  Loss -0.0151 (0.0180)  Time:  0.091 (0.014)  Data Time:  0.004 (0.004)
2022-03-30 15:49:08,845:INFO:   Eta: 2:09:04
2022-03-30 15:49:31,389:INFO: Train: [6][2321/2322]  Loss -0.0002 (0.1046)  Time:  0.062 (0.010)  Data Time:  0.003 (0.003)
2022-03-30 15:49:31,487:INFO:   Eta: 1:31:36
2022-03-30 15:49:48,843:INFO: Test: [6]  ADE: 0.6639  FDE: 0.8328
2022-03-30 15:50:14,089:INFO: Train: [7][2321/2322]  Loss -0.0274 (-0.1336)  Time:  0.151 (0.011)  Data Time:  0.003 (0.003)
2022-03-30 15:50:14,091:INFO:   Eta: 1:38:51
2022-03-30 15:50:39,401:INFO: Train: [8][2321/2322]  Loss -0.0329 (-0.2071)  Time:  0.074 (0.011)  Data Time:  0.004 (0.004)
2022-03-30 15:50:39,403:INFO:   Eta: 1:41:59
2022-03-30 15:51:06,430:INFO: Train: [9][2321/2322]  Loss -0.0531 (-0.2802)  Time:  0.096 (0.012)  Data Time:  0.005 (0.004)
2022-03-30 15:51:06,432:INFO:   Eta: 1:48:27
2022-03-30 15:51:34,468:INFO: Train: [10][2321/2322]  Loss -0.0111 (-0.2710)  Time:  0.091 (0.012)  Data Time:  0.004 (0.004)
2022-03-30 15:51:34,470:INFO:   Eta: 1:52:03
2022-03-30 15:52:03,124:INFO: Train: [11][2321/2322]  Loss -0.0773 (-0.3366)  Time:  0.091 (0.012)  Data Time:  0.006 (0.004)
2022-03-30 15:52:03,125:INFO:   Eta: 1:54:02
2022-03-30 15:52:31,372:INFO: Train: [12][2321/2322]  Loss -0.0414 (-0.3789)  Time:  0.083 (0.012)  Data Time:  0.005 (0.004)
2022-03-30 15:52:31,374:INFO:   Eta: 1:51:56
2022-03-30 15:52:59,275:INFO: Train: [13][2321/2322]  Loss -0.0035 (-0.4347)  Time:  0.089 (0.012)  Data Time:  0.005 (0.004)
2022-03-30 15:52:59,276:INFO:   Eta: 1:50:07
2022-03-30 15:53:27,477:INFO: Train: [14][2321/2322]  Loss -0.0916 (-0.4039)  Time:  0.086 (0.012)  Data Time:  0.005 (0.004)
2022-03-30 15:53:27,478:INFO:   Eta: 1:50:50
2022-03-30 15:53:56,218:INFO: Train: [15][2321/2322]  Loss -0.0643 (-0.4618)  Time:  0.092 (0.012)  Data Time:  0.004 (0.004)
2022-03-30 15:53:56,219:INFO:   Eta: 1:52:28
2022-03-30 15:54:20,902:INFO: Train: [16][2321/2322]  Loss -0.0744 (-0.4715)  Time:  0.072 (0.011)  Data Time:  0.004 (0.004)
2022-03-30 15:54:20,904:INFO:   Eta: 1:36:10
2022-03-30 15:54:43,975:INFO: Test: [16]  ADE: 0.5770  FDE: 0.7513
2022-03-30 15:55:27,192:INFO: Train: [17][2321/2322]  Loss -0.0747 (-0.5009)  Time:  0.123 (0.019)  Data Time:  0.004 (0.004)
2022-03-30 15:55:27,195:INFO:   Eta: 2:47:24
2022-03-30 15:56:09,478:INFO: Train: [18][2321/2322]  Loss -0.0782 (-0.5215)  Time:  0.153 (0.018)  Data Time:  0.005 (0.004)
2022-03-30 15:56:09,481:INFO:   Eta: 2:43:13
2022-03-30 15:56:51,170:INFO: Train: [19][2321/2322]  Loss -0.0539 (-0.6515)  Time:  0.127 (0.018)  Data Time:  0.003 (0.004)
2022-03-30 15:56:51,174:INFO:   Eta: 2:40:13
2022-03-30 15:57:31,635:INFO: Train: [20][2321/2322]  Loss -0.0790 (-0.6489)  Time:  0.144 (0.017)  Data Time:  0.004 (0.004)
2022-03-30 15:57:31,638:INFO:   Eta: 2:34:49
2022-03-30 15:58:15,043:INFO: Train: [21][2321/2322]  Loss -0.1363 (-0.5325)  Time:  0.151 (0.019)  Data Time:  0.003 (0.005)
2022-03-30 15:58:15,046:INFO:   Eta: 2:45:16
2022-03-30 15:58:57,842:INFO: Train: [22][2321/2322]  Loss -0.0342 (-0.6273)  Time:  0.153 (0.018)  Data Time:  0.004 (0.005)
2022-03-30 15:58:57,848:INFO:   Eta: 2:42:20
2022-03-30 15:59:38,408:INFO: Train: [23][2321/2322]  Loss -0.1344 (-0.6026)  Time:  0.097 (0.017)  Data Time:  0.004 (0.005)
2022-03-30 15:59:38,410:INFO:   Eta: 2:33:12
2022-03-30 16:00:15,769:INFO: Train: [24][2321/2322]  Loss -0.1380 (-0.7137)  Time:  0.084 (0.016)  Data Time:  0.005 (0.005)
2022-03-30 16:00:15,770:INFO:   Eta: 2:20:31
2022-03-30 16:00:41,274:INFO: Train: [25][2321/2322]  Loss -0.1574 (-0.7353)  Time:  0.100 (0.011)  Data Time:  0.003 (0.004)
2022-03-30 16:00:41,275:INFO:   Eta: 1:35:35
2022-03-30 16:01:05,842:INFO: Train: [26][2321/2322]  Loss -0.1203 (-0.6009)  Time:  0.080 (0.011)  Data Time:  0.004 (0.004)
2022-03-30 16:01:05,843:INFO:   Eta: 1:31:38
2022-03-30 16:01:23,741:INFO: Test: [26]  ADE: 0.5170  FDE: 0.6728
2022-03-30 16:01:49,732:INFO: Train: [27][2321/2322]  Loss -0.0839 (-0.6470)  Time:  0.085 (0.011)  Data Time:  0.004 (0.005)
2022-03-30 16:01:49,733:INFO:   Eta: 1:36:31
2022-03-30 16:02:15,463:INFO: Train: [28][2321/2322]  Loss -0.0823 (-0.8206)  Time:  0.082 (0.011)  Data Time:  0.005 (0.005)
2022-03-30 16:02:15,464:INFO:   Eta: 1:35:08
2022-03-30 16:02:38,197:INFO: Train: [29][2321/2322]  Loss -0.1697 (-0.8175)  Time:  0.074 (0.010)  Data Time:  0.004 (0.004)
2022-03-30 16:02:38,199:INFO:   Eta: 1:23:40
2022-03-30 16:02:59,649:INFO: Train: [30][2321/2322]  Loss -0.1030 (-0.8429)  Time:  0.091 (0.009)  Data Time:  0.003 (0.003)
2022-03-30 16:02:59,650:INFO:   Eta: 1:18:35
2022-03-30 16:03:21,264:INFO: Train: [31][2321/2322]  Loss -0.1264 (-0.8306)  Time:  0.075 (0.009)  Data Time:  0.003 (0.003)
2022-03-30 16:03:21,265:INFO:   Eta: 1:18:50
2022-03-30 16:03:43,523:INFO: Train: [32][2321/2322]  Loss -0.1294 (-0.9804)  Time:  0.092 (0.010)  Data Time:  0.004 (0.004)
2022-03-30 16:03:43,524:INFO:   Eta: 1:20:49
2022-03-30 16:04:08,605:INFO: Train: [33][2321/2322]  Loss -0.0859 (-0.8230)  Time:  0.085 (0.011)  Data Time:  0.004 (0.004)
2022-03-30 16:04:08,605:INFO:   Eta: 1:30:39
2022-03-30 16:04:34,700:INFO: Train: [34][2321/2322]  Loss -0.1241 (-0.8097)  Time:  0.080 (0.011)  Data Time:  0.004 (0.005)
2022-03-30 16:04:34,700:INFO:   Eta: 1:33:53
2022-03-30 16:04:59,551:INFO: Train: [35][2321/2322]  Loss -0.1220 (-0.8211)  Time:  0.070 (0.011)  Data Time:  0.003 (0.004)
2022-03-30 16:04:59,552:INFO:   Eta: 1:28:59
2022-03-30 16:05:22,694:INFO: Train: [36][2321/2322]  Loss -0.1624 (-0.9376)  Time:  0.090 (0.010)  Data Time:  0.004 (0.004)
2022-03-30 16:05:22,695:INFO:   Eta: 1:22:28
2022-03-30 16:05:40,766:INFO: Test: [36]  ADE: 0.5202  FDE: 0.7005
2022-03-30 16:06:06,705:INFO: Train: [37][2321/2322]  Loss -0.0850 (-0.9695)  Time:  0.076 (0.011)  Data Time:  0.004 (0.005)
2022-03-30 16:06:06,706:INFO:   Eta: 1:31:40
2022-03-30 16:06:36,111:INFO: Train: [38][2321/2322]  Loss -0.1837 (-0.9433)  Time:  0.083 (0.013)  Data Time:  0.004 (0.004)
2022-03-30 16:06:36,112:INFO:   Eta: 1:43:49
2022-03-30 16:07:02,242:INFO: Train: [39][2321/2322]  Loss -0.1069 (-0.8982)  Time:  0.099 (0.011)  Data Time:  0.005 (0.004)
2022-03-30 16:07:02,243:INFO:   Eta: 1:31:50
2022-03-30 16:07:28,388:INFO: Train: [40][2321/2322]  Loss -0.0476 (-0.8657)  Time:  0.073 (0.011)  Data Time:  0.003 (0.004)
2022-03-30 16:07:28,389:INFO:   Eta: 1:31:27
2022-03-30 16:07:52,802:INFO: Train: [41][2321/2322]  Loss -0.1313 (-0.8845)  Time:  0.067 (0.011)  Data Time:  0.003 (0.004)
2022-03-30 16:07:52,803:INFO:   Eta: 1:24:59
2022-03-30 16:08:15,582:INFO: Train: [42][2321/2322]  Loss -0.1011 (-0.9066)  Time:  0.065 (0.010)  Data Time:  0.003 (0.004)
2022-03-30 16:08:15,583:INFO:   Eta: 1:18:54
2022-03-30 16:08:38,155:INFO: Train: [43][2321/2322]  Loss -0.0918 (-0.9648)  Time:  0.076 (0.010)  Data Time:  0.003 (0.004)
2022-03-30 16:08:38,155:INFO:   Eta: 1:17:49
2022-03-30 16:09:01,299:INFO: Train: [44][2321/2322]  Loss -0.1596 (-0.9325)  Time:  0.072 (0.010)  Data Time:  0.004 (0.004)
2022-03-30 16:09:01,300:INFO:   Eta: 1:19:23
2022-03-30 16:09:25,058:INFO: Train: [45][2321/2322]  Loss -0.1329 (-0.8671)  Time:  0.076 (0.010)  Data Time:  0.003 (0.004)
2022-03-30 16:09:25,058:INFO:   Eta: 1:21:06
2022-03-30 16:09:48,336:INFO: Train: [46][2321/2322]  Loss -0.1143 (-0.9531)  Time:  0.090 (0.010)  Data Time:  0.005 (0.004)
2022-03-30 16:09:48,338:INFO:   Eta: 1:19:05
2022-03-30 16:10:06,356:INFO: Test: [46]  ADE: 0.5261  FDE: 0.6376
2022-03-30 16:10:32,641:INFO: Train: [47][2321/2322]  Loss -0.1635 (-0.9945)  Time:  0.074 (0.011)  Data Time:  0.004 (0.005)
2022-03-30 16:10:32,642:INFO:   Eta: 1:28:51
2022-03-30 16:10:58,938:INFO: Train: [48][2321/2322]  Loss -0.1806 (-0.9631)  Time:  0.073 (0.011)  Data Time:  0.004 (0.005)
2022-03-30 16:10:58,940:INFO:   Eta: 1:28:28
2022-03-30 16:11:25,166:INFO: Train: [49][2321/2322]  Loss -0.1288 (-1.1191)  Time:  0.083 (0.011)  Data Time:  0.004 (0.005)
2022-03-30 16:11:25,167:INFO:   Eta: 1:27:48
2022-03-30 16:11:51,019:INFO: Train: [50][2321/2322]  Loss -0.1905 (-1.0468)  Time:  0.080 (0.011)  Data Time:  0.005 (0.004)
2022-03-30 16:11:51,020:INFO:   Eta: 1:26:07
2022-03-30 16:12:21,419:INFO: Train: [51][2321/2322]  Loss -0.1214 (-1.1011)  Time:  0.121 (0.013)  Data Time:  0.004 (0.005)
2022-03-30 16:12:21,420:INFO:   Eta: 1:40:44
2022-03-30 16:12:50,495:INFO: Train: [52][2321/2322]  Loss -0.1347 (-1.0763)  Time:  0.107 (0.013)  Data Time:  0.005 (0.004)
2022-03-30 16:12:50,496:INFO:   Eta: 1:35:51
2022-03-30 16:13:19,541:INFO: Train: [53][2321/2322]  Loss -0.1997 (-0.9264)  Time:  0.108 (0.012)  Data Time:  0.003 (0.004)
2022-03-30 16:13:19,543:INFO:   Eta: 1:35:16
2022-03-30 16:13:45,880:INFO: Train: [54][2321/2322]  Loss -0.2007 (-1.0620)  Time:  0.081 (0.011)  Data Time:  0.004 (0.003)
2022-03-30 16:13:45,881:INFO:   Eta: 1:25:56
2022-03-30 16:14:12,499:INFO: Train: [55][2321/2322]  Loss -0.1517 (-1.1139)  Time:  0.083 (0.011)  Data Time:  0.002 (0.003)
2022-03-30 16:14:12,500:INFO:   Eta: 1:26:24
2022-03-30 16:14:37,623:INFO: Train: [56][2321/2322]  Loss -0.1666 (-1.1198)  Time:  0.105 (0.011)  Data Time:  0.004 (0.003)
2022-03-30 16:14:37,625:INFO:   Eta: 1:21:08
2022-03-30 16:14:58,212:INFO: Test: [56]  ADE: 0.4100  FDE: 0.5751
2022-03-30 16:15:27,747:INFO: Train: [57][2321/2322]  Loss -0.1620 (-1.1039)  Time:  0.111 (0.013)  Data Time:  0.004 (0.004)
2022-03-30 16:15:27,749:INFO:   Eta: 1:34:51
2022-03-30 16:15:58,631:INFO: Train: [58][2321/2322]  Loss -0.1620 (-1.0773)  Time:  0.092 (0.013)  Data Time:  0.004 (0.004)
2022-03-30 16:15:58,632:INFO:   Eta: 1:38:42
2022-03-30 16:16:28,271:INFO: Train: [59][2321/2322]  Loss -0.1601 (-1.1776)  Time:  0.090 (0.013)  Data Time:  0.005 (0.005)
2022-03-30 16:16:28,273:INFO:   Eta: 1:34:16
2022-03-30 16:16:57,813:INFO: Train: [60][2321/2322]  Loss -0.1561 (-1.1817)  Time:  0.091 (0.013)  Data Time:  0.005 (0.004)
2022-03-30 16:16:57,814:INFO:   Eta: 1:33:26
2022-03-30 16:17:26,815:INFO: Train: [61][2321/2322]  Loss -0.1261 (-1.2475)  Time:  0.065 (0.012)  Data Time:  0.004 (0.004)
2022-03-30 16:17:26,870:INFO:   Eta: 1:31:16
2022-03-30 16:18:00,133:INFO: Train: [62][2321/2322]  Loss -0.1989 (-1.0655)  Time:  0.084 (0.014)  Data Time:  0.004 (0.004)
2022-03-30 16:18:00,134:INFO:   Eta: 1:42:34
2022-03-30 16:18:26,714:INFO: Train: [63][2321/2322]  Loss -0.1127 (-1.0820)  Time:  0.091 (0.011)  Data Time:  0.005 (0.004)
2022-03-30 16:18:26,714:INFO:   Eta: 1:22:47
2022-03-30 16:18:53,176:INFO: Train: [64][2321/2322]  Loss -0.1625 (-1.2137)  Time:  0.089 (0.011)  Data Time:  0.005 (0.004)
2022-03-30 16:18:53,177:INFO:   Eta: 1:21:59
2022-03-30 16:19:16,392:INFO: Train: [65][2321/2322]  Loss -0.1428 (-1.2035)  Time:  0.071 (0.010)  Data Time:  0.003 (0.004)
2022-03-30 16:19:16,394:INFO:   Eta: 1:11:31
2022-03-30 16:19:38,372:INFO: Train: [66][2321/2322]  Loss -0.1627 (-1.2809)  Time:  0.081 (0.009)  Data Time:  0.004 (0.003)
2022-03-30 16:19:38,374:INFO:   Eta: 1:07:19
2022-03-30 16:19:55,711:INFO: Test: [66]  ADE: 0.3920  FDE: 0.5958
2022-03-30 16:20:19,368:INFO: Train: [67][2321/2322]  Loss -0.1401 (-1.0237)  Time:  0.074 (0.010)  Data Time:  0.004 (0.004)
2022-03-30 16:20:19,369:INFO:   Eta: 1:12:03
2022-03-30 16:20:43,635:INFO: Train: [68][2321/2322]  Loss -0.2012 (-1.1350)  Time:  0.079 (0.010)  Data Time:  0.005 (0.004)
2022-03-30 16:20:43,636:INFO:   Eta: 1:13:32
2022-03-30 16:21:09,694:INFO: Train: [69][2321/2322]  Loss -0.2001 (-1.1966)  Time:  0.083 (0.011)  Data Time:  0.004 (0.004)
2022-03-30 16:21:09,696:INFO:   Eta: 1:18:33
2022-03-30 16:21:36,901:INFO: Train: [70][2321/2322]  Loss -0.1520 (-1.1631)  Time:  0.082 (0.012)  Data Time:  0.004 (0.004)
2022-03-30 16:21:36,902:INFO:   Eta: 1:21:33
2022-03-30 16:22:03,865:INFO: Train: [71][2321/2322]  Loss -0.1823 (-1.0944)  Time:  0.089 (0.012)  Data Time:  0.005 (0.005)
2022-03-30 16:22:03,866:INFO:   Eta: 1:20:23
2022-03-30 16:22:30,691:INFO: Train: [72][2321/2322]  Loss -0.1778 (-1.2019)  Time:  0.089 (0.012)  Data Time:  0.006 (0.005)
2022-03-30 16:22:30,692:INFO:   Eta: 1:19:31
2022-03-30 16:22:56,870:INFO: Train: [73][2321/2322]  Loss -0.1679 (-1.2019)  Time:  0.071 (0.011)  Data Time:  0.005 (0.004)
2022-03-30 16:22:56,870:INFO:   Eta: 1:17:10
2022-03-30 16:23:27,521:INFO: Train: [74][2321/2322]  Loss -0.1664 (-1.1984)  Time:  0.075 (0.013)  Data Time:  0.005 (0.004)
2022-03-30 16:23:27,522:INFO:   Eta: 1:29:50
2022-03-30 16:23:51,730:INFO: Train: [75][2321/2322]  Loss -0.1589 (-1.3029)  Time:  0.079 (0.010)  Data Time:  0.003 (0.004)
2022-03-30 16:23:51,731:INFO:   Eta: 1:10:33
2022-03-30 16:24:17,162:INFO: Train: [76][2321/2322]  Loss -0.2088 (-1.1509)  Time:  0.075 (0.011)  Data Time:  0.004 (0.004)
2022-03-30 16:24:17,163:INFO:   Eta: 1:13:41
2022-03-30 16:24:35,163:INFO: Test: [76]  ADE: 0.4548  FDE: 0.6783
2022-03-30 16:24:58,419:INFO: Train: [77][2321/2322]  Loss -0.1572 (-1.2118)  Time:  0.071 (0.010)  Data Time:  0.004 (0.004)
2022-03-30 16:24:58,420:INFO:   Eta: 1:06:59
2022-03-30 16:25:21,608:INFO: Train: [78][2321/2322]  Loss -0.2050 (-1.3185)  Time:  0.078 (0.010)  Data Time:  0.004 (0.004)
2022-03-30 16:25:21,609:INFO:   Eta: 1:06:25
2022-03-30 16:25:44,351:INFO: Train: [79][2321/2322]  Loss -0.1605 (-1.2334)  Time:  0.072 (0.010)  Data Time:  0.004 (0.004)
2022-03-30 16:25:44,352:INFO:   Eta: 1:04:46
2022-03-30 16:26:07,616:INFO: Train: [80][2321/2322]  Loss -0.1894 (-1.2097)  Time:  0.088 (0.010)  Data Time:  0.004 (0.004)
2022-03-30 16:26:07,618:INFO:   Eta: 1:05:52
2022-03-30 16:26:34,131:INFO: Train: [81][2321/2322]  Loss -0.0773 (-1.2670)  Time:  0.080 (0.011)  Data Time:  0.005 (0.004)
2022-03-30 16:26:34,132:INFO:   Eta: 1:14:37
2022-03-30 16:26:59,582:INFO: Train: [82][2321/2322]  Loss -0.2380 (-1.2508)  Time:  0.105 (0.011)  Data Time:  0.005 (0.004)
2022-03-30 16:26:59,584:INFO:   Eta: 1:11:12
2022-03-30 16:27:25,918:INFO: Train: [83][2321/2322]  Loss -0.1819 (-1.3342)  Time:  0.117 (0.011)  Data Time:  0.004 (0.004)
2022-03-30 16:27:25,919:INFO:   Eta: 1:13:14
2022-03-30 16:27:51,992:INFO: Train: [84][2321/2322]  Loss -0.1905 (-1.3069)  Time:  0.101 (0.011)  Data Time:  0.003 (0.004)
2022-03-30 16:27:51,994:INFO:   Eta: 1:12:05
2022-03-30 16:28:16,201:INFO: Train: [85][2321/2322]  Loss -0.1380 (-1.3459)  Time:  0.083 (0.010)  Data Time:  0.003 (0.004)
2022-03-30 16:28:16,202:INFO:   Eta: 1:06:29
2022-03-30 16:28:41,020:INFO: Train: [86][2321/2322]  Loss -0.2368 (-1.3190)  Time:  0.077 (0.011)  Data Time:  0.005 (0.004)
2022-03-30 16:28:41,020:INFO:   Eta: 1:07:47
2022-03-30 16:29:03,711:INFO: Test: [86]  ADE: 0.3918  FDE: 0.5619
2022-03-30 16:29:31,487:INFO: Train: [87][2321/2322]  Loss -0.1838 (-1.2527)  Time:  0.083 (0.012)  Data Time:  0.005 (0.004)
2022-03-30 16:29:31,489:INFO:   Eta: 1:15:22
2022-03-30 16:29:57,636:INFO: Train: [88][2321/2322]  Loss -0.1860 (-1.3255)  Time:  0.094 (0.011)  Data Time:  0.005 (0.004)
2022-03-30 16:29:57,637:INFO:   Eta: 1:10:32
2022-03-30 16:30:22,122:INFO: Train: [89][2321/2322]  Loss -0.1493 (-1.2666)  Time:  0.076 (0.011)  Data Time:  0.003 (0.004)
2022-03-30 16:30:22,122:INFO:   Eta: 1:05:39
2022-03-30 16:30:45,642:INFO: Train: [90][2321/2322]  Loss -0.1661 (-1.3295)  Time:  0.068 (0.010)  Data Time:  0.003 (0.004)
2022-03-30 16:30:45,643:INFO:   Eta: 1:02:40
2022-03-30 16:31:09,254:INFO: Train: [91][2321/2322]  Loss -0.1292 (-1.2156)  Time:  0.065 (0.010)  Data Time:  0.004 (0.004)
2022-03-30 16:31:09,257:INFO:   Eta: 1:02:31
2022-03-30 16:31:32,456:INFO: Train: [92][2321/2322]  Loss -0.2181 (-1.2329)  Time:  0.070 (0.010)  Data Time:  0.003 (0.004)
2022-03-30 16:31:32,457:INFO:   Eta: 1:00:52
2022-03-30 16:31:58,768:INFO: Train: [93][2321/2322]  Loss -0.1787 (-1.3032)  Time:  0.084 (0.011)  Data Time:  0.004 (0.004)
2022-03-30 16:31:58,770:INFO:   Eta: 1:08:48
2022-03-30 16:32:24,434:INFO: Train: [94][2321/2322]  Loss -0.2406 (-1.4321)  Time:  0.070 (0.011)  Data Time:  0.003 (0.004)
2022-03-30 16:32:24,435:INFO:   Eta: 1:06:40
2022-03-30 16:32:48,544:INFO: Train: [95][2321/2322]  Loss -0.2008 (-1.4513)  Time:  0.074 (0.010)  Data Time:  0.004 (0.004)
2022-03-30 16:32:48,545:INFO:   Eta: 1:02:14
2022-03-30 16:33:14,223:INFO: Train: [96][2321/2322]  Loss -0.2097 (-1.2834)  Time:  0.096 (0.011)  Data Time:  0.005 (0.004)
2022-03-30 16:33:14,224:INFO:   Eta: 1:05:51
2022-03-30 16:33:32,675:INFO: Test: [96]  ADE: 0.4185  FDE: 0.6379
2022-03-30 16:33:59,235:INFO: Train: [97][2321/2322]  Loss -0.1773 (-1.3099)  Time:  0.080 (0.011)  Data Time:  0.005 (0.004)
2022-03-30 16:33:59,236:INFO:   Eta: 1:07:40
2022-03-30 16:34:26,955:INFO: Train: [98][2321/2322]  Loss -0.1917 (-1.2533)  Time:  0.142 (0.012)  Data Time:  0.005 (0.004)
2022-03-30 16:34:26,957:INFO:   Eta: 1:10:09
2022-03-30 16:34:55,013:INFO: Train: [99][2321/2322]  Loss -0.2296 (-1.2594)  Time:  0.084 (0.012)  Data Time:  0.005 (0.004)
2022-03-30 16:34:55,014:INFO:   Eta: 1:10:32
2022-03-30 16:35:20,705:INFO: Train: [100][2321/2322]  Loss -0.1872 (-1.2230)  Time:  0.084 (0.011)  Data Time:  0.005 (0.004)
2022-03-30 16:35:20,706:INFO:   Eta: 1:04:11
2022-03-30 16:35:44,113:INFO: Train: [101][2321/2322]  Loss -0.1309 (-1.4342)  Time:  0.070 (0.010)  Data Time:  0.003 (0.004)
2022-03-30 16:35:44,114:INFO:   Eta: 0:58:05
2022-03-30 16:36:06,171:INFO: Train: [102][2321/2322]  Loss -0.1999 (-1.4122)  Time:  0.086 (0.009)  Data Time:  0.004 (0.004)
2022-03-30 16:36:06,172:INFO:   Eta: 0:54:22
2022-03-30 16:36:28,240:INFO: Train: [103][2321/2322]  Loss -0.1633 (-1.2958)  Time:  0.072 (0.009)  Data Time:  0.004 (0.004)
2022-03-30 16:36:28,241:INFO:   Eta: 0:54:01
2022-03-30 16:36:49,071:INFO: Train: [104][2321/2322]  Loss -0.2209 (-1.3980)  Time:  0.064 (0.009)  Data Time:  0.003 (0.003)
2022-03-30 16:36:49,072:INFO:   Eta: 0:50:39
2022-03-30 16:37:11,127:INFO: Train: [105][2321/2322]  Loss -0.1665 (-1.3971)  Time:  0.081 (0.009)  Data Time:  0.004 (0.004)
2022-03-30 16:37:11,129:INFO:   Eta: 0:53:15
2022-03-30 16:37:36,325:INFO: Train: [106][2321/2322]  Loss -0.1774 (-1.4117)  Time:  0.083 (0.011)  Data Time:  0.005 (0.004)
2022-03-30 16:37:36,328:INFO:   Eta: 1:00:26
2022-03-30 16:37:54,202:INFO: Test: [106]  ADE: 0.4067  FDE: 0.6104
2022-03-30 16:38:19,893:INFO: Train: [107][2321/2322]  Loss -0.1361 (-1.3461)  Time:  0.083 (0.011)  Data Time:  0.004 (0.004)
2022-03-30 16:38:19,894:INFO:   Eta: 1:01:10
2022-03-30 16:38:45,511:INFO: Train: [108][2321/2322]  Loss -0.2048 (-1.3223)  Time:  0.087 (0.011)  Data Time:  0.005 (0.004)
2022-03-30 16:38:45,512:INFO:   Eta: 1:00:32
2022-03-30 16:39:10,947:INFO: Train: [109][2321/2322]  Loss -0.2106 (-1.3433)  Time:  0.096 (0.011)  Data Time:  0.005 (0.004)
2022-03-30 16:39:10,950:INFO:   Eta: 0:59:44
2022-03-30 16:39:35,954:INFO: Train: [110][2321/2322]  Loss -0.2027 (-1.4388)  Time:  0.079 (0.011)  Data Time:  0.004 (0.004)
2022-03-30 16:39:35,957:INFO:   Eta: 0:58:14
2022-03-30 16:40:01,465:INFO: Train: [111][2321/2322]  Loss -0.1812 (-1.4218)  Time:  0.082 (0.011)  Data Time:  0.005 (0.004)
2022-03-30 16:40:01,467:INFO:   Eta: 0:58:55
2022-03-30 16:40:30,255:INFO: Train: [112][2321/2322]  Loss -0.2015 (-1.4521)  Time:  0.081 (0.012)  Data Time:  0.004 (0.004)
2022-03-30 16:40:30,256:INFO:   Eta: 1:06:07
2022-03-30 16:41:01,233:INFO: Train: [113][2321/2322]  Loss -0.2278 (-1.3338)  Time:  0.079 (0.013)  Data Time:  0.003 (0.004)
2022-03-30 16:41:01,235:INFO:   Eta: 1:10:39
2022-03-30 16:41:23,182:INFO: Train: [114][2321/2322]  Loss -0.1493 (-1.4460)  Time:  0.074 (0.009)  Data Time:  0.002 (0.003)
2022-03-30 16:41:23,183:INFO:   Eta: 0:49:42
2022-03-30 16:41:44,665:INFO: Train: [115][2321/2322]  Loss -0.2501 (-1.4501)  Time:  0.086 (0.009)  Data Time:  0.005 (0.003)
2022-03-30 16:41:44,790:INFO:   Eta: 0:48:17
2022-03-30 16:42:08,866:INFO: Train: [116][2321/2322]  Loss -0.1869 (-1.4367)  Time:  0.083 (0.010)  Data Time:  0.004 (0.004)
2022-03-30 16:42:08,867:INFO:   Eta: 0:53:43
2022-03-30 16:42:27,143:INFO: Test: [116]  ADE: 0.3730  FDE: 0.5402
2022-03-30 16:42:54,884:INFO: Train: [117][2321/2322]  Loss -0.1577 (-1.3635)  Time:  0.083 (0.012)  Data Time:  0.004 (0.005)
2022-03-30 16:42:54,884:INFO:   Eta: 1:01:25
2022-03-30 16:43:22,439:INFO: Train: [118][2321/2322]  Loss -0.1996 (-1.4211)  Time:  0.086 (0.012)  Data Time:  0.005 (0.005)
2022-03-30 16:43:22,439:INFO:   Eta: 1:00:34
2022-03-30 16:43:49,715:INFO: Train: [119][2321/2322]  Loss -0.1756 (-1.3047)  Time:  0.090 (0.012)  Data Time:  0.005 (0.004)
2022-03-30 16:43:49,716:INFO:   Eta: 0:59:30
2022-03-30 16:44:16,923:INFO: Train: [120][2321/2322]  Loss -0.2465 (-1.2926)  Time:  0.090 (0.012)  Data Time:  0.005 (0.004)
2022-03-30 16:44:16,925:INFO:   Eta: 0:58:54
2022-03-30 16:44:44,236:INFO: Train: [121][2321/2322]  Loss -0.2122 (-1.4216)  Time:  0.084 (0.012)  Data Time:  0.005 (0.004)
2022-03-30 16:44:44,238:INFO:   Eta: 0:58:40
2022-03-30 16:45:10,713:INFO: Train: [122][2321/2322]  Loss -0.1706 (-1.3518)  Time:  0.076 (0.011)  Data Time:  0.003 (0.004)
2022-03-30 16:45:10,714:INFO:   Eta: 0:56:26
2022-03-30 16:45:36,994:INFO: Train: [123][2321/2322]  Loss -0.2040 (-1.4534)  Time:  0.075 (0.011)  Data Time:  0.005 (0.005)
2022-03-30 16:45:36,995:INFO:   Eta: 0:55:35
2022-03-30 16:46:06,962:INFO: Train: [124][2321/2322]  Loss -0.2105 (-1.4678)  Time:  0.073 (0.013)  Data Time:  0.003 (0.004)
2022-03-30 16:46:06,964:INFO:   Eta: 1:02:52
2022-03-30 16:46:30,755:INFO: Train: [125][2321/2322]  Loss -0.1764 (-1.4121)  Time:  0.074 (0.010)  Data Time:  0.003 (0.004)
2022-03-30 16:46:30,756:INFO:   Eta: 0:49:31
2022-03-30 16:46:52,949:INFO: Train: [126][2321/2322]  Loss -0.2205 (-1.4847)  Time:  0.069 (0.010)  Data Time:  0.004 (0.003)
2022-03-30 16:46:52,951:INFO:   Eta: 0:45:50
2022-03-30 16:47:10,187:INFO: Test: [126]  ADE: 0.3887  FDE: 0.6068
2022-03-30 16:47:32,663:INFO: Train: [127][2321/2322]  Loss -0.2075 (-1.4434)  Time:  0.063 (0.010)  Data Time:  0.003 (0.004)
2022-03-30 16:47:32,664:INFO:   Eta: 0:46:01
2022-03-30 16:47:55,428:INFO: Train: [128][2321/2322]  Loss -0.1453 (-1.4781)  Time:  0.077 (0.010)  Data Time:  0.004 (0.004)
2022-03-30 16:47:55,429:INFO:   Eta: 0:46:15
2022-03-30 16:48:20,976:INFO: Train: [129][2321/2322]  Loss -0.1375 (-1.4672)  Time:  0.086 (0.011)  Data Time:  0.005 (0.004)
2022-03-30 16:48:20,978:INFO:   Eta: 0:51:29
2022-03-30 16:48:46,868:INFO: Train: [130][2321/2322]  Loss -0.1651 (-1.5258)  Time:  0.083 (0.011)  Data Time:  0.004 (0.005)
2022-03-30 16:48:46,869:INFO:   Eta: 0:51:44
2022-03-30 16:49:12,589:INFO: Train: [131][2321/2322]  Loss -0.2199 (-1.4184)  Time:  0.086 (0.011)  Data Time:  0.004 (0.004)
2022-03-30 16:49:12,590:INFO:   Eta: 0:50:59
2022-03-30 16:49:38,171:INFO: Train: [132][2321/2322]  Loss -0.1706 (-1.4123)  Time:  0.079 (0.011)  Data Time:  0.005 (0.004)
2022-03-30 16:49:38,172:INFO:   Eta: 0:50:16
2022-03-30 16:50:03,563:INFO: Train: [133][2321/2322]  Loss -0.1697 (-1.5175)  Time:  0.069 (0.011)  Data Time:  0.004 (0.004)
2022-03-30 16:50:03,564:INFO:   Eta: 0:49:29
2022-03-30 16:50:27,047:INFO: Train: [134][2321/2322]  Loss -0.1654 (-1.5031)  Time:  0.079 (0.010)  Data Time:  0.004 (0.004)
2022-03-30 16:50:27,047:INFO:   Eta: 0:45:22
2022-03-30 16:50:51,760:INFO: Train: [135][2321/2322]  Loss -0.2306 (-1.4916)  Time:  0.080 (0.011)  Data Time:  0.003 (0.004)
2022-03-30 16:50:51,761:INFO:   Eta: 0:47:20
2022-03-30 16:51:17,927:INFO: Train: [136][2321/2322]  Loss -0.1946 (-1.5294)  Time:  0.084 (0.011)  Data Time:  0.004 (0.005)
2022-03-30 16:51:17,928:INFO:   Eta: 0:49:41
2022-03-30 16:51:35,066:INFO: Test: [136]  ADE: 0.4188  FDE: 0.6232
2022-03-30 16:52:03,974:INFO: Train: [137][2321/2322]  Loss -0.2105 (-1.4783)  Time:  0.084 (0.012)  Data Time:  0.003 (0.004)
2022-03-30 16:52:03,975:INFO:   Eta: 0:54:12
2022-03-30 16:52:34,667:INFO: Train: [138][2321/2322]  Loss -0.1777 (-1.4539)  Time:  0.097 (0.013)  Data Time:  0.004 (0.004)
2022-03-30 16:52:34,668:INFO:   Eta: 0:57:13
2022-03-30 16:53:05,121:INFO: Train: [139][2321/2322]  Loss -0.2029 (-1.4945)  Time:  0.081 (0.013)  Data Time:  0.002 (0.004)
2022-03-30 16:53:05,122:INFO:   Eta: 0:56:16
2022-03-30 16:53:37,756:INFO: Train: [140][2321/2322]  Loss -0.1983 (-1.5134)  Time:  0.119 (0.014)  Data Time:  0.004 (0.004)
2022-03-30 16:53:37,757:INFO:   Eta: 0:59:45
2022-03-30 16:54:13,774:INFO: Train: [141][2321/2322]  Loss -0.2429 (-1.5405)  Time:  0.105 (0.015)  Data Time:  0.005 (0.004)
2022-03-30 16:54:13,779:INFO:   Eta: 1:05:20
2022-03-30 16:54:49,526:INFO: Train: [142][2321/2322]  Loss -0.2398 (-1.4236)  Time:  0.086 (0.015)  Data Time:  0.004 (0.004)
2022-03-30 16:54:49,528:INFO:   Eta: 1:04:14
2022-03-30 16:55:22,686:INFO: Train: [143][2321/2322]  Loss -0.1881 (-1.5704)  Time:  0.092 (0.014)  Data Time:  0.004 (0.004)
2022-03-30 16:55:22,690:INFO:   Eta: 0:59:03
2022-03-30 16:55:56,286:INFO: Train: [144][2321/2322]  Loss -0.2815 (-1.5172)  Time:  0.102 (0.014)  Data Time:  0.005 (0.004)
2022-03-30 16:55:56,288:INFO:   Eta: 0:59:15
2022-03-30 16:56:31,361:INFO: Train: [145][2321/2322]  Loss -0.1887 (-1.5729)  Time:  0.098 (0.015)  Data Time:  0.004 (0.004)
2022-03-30 16:56:31,363:INFO:   Eta: 1:01:18
2022-03-30 16:57:03,513:INFO: Train: [146][2321/2322]  Loss -0.1744 (-1.4125)  Time:  0.074 (0.014)  Data Time:  0.004 (0.004)
2022-03-30 16:57:03,514:INFO:   Eta: 0:55:39
2022-03-30 16:57:26,956:INFO: Test: [146]  ADE: 0.4008  FDE: 0.5963
2022-03-30 16:58:05,125:INFO: Train: [147][2321/2322]  Loss -0.2141 (-1.3515)  Time:  0.133 (0.016)  Data Time:  0.005 (0.005)
2022-03-30 16:58:05,128:INFO:   Eta: 1:05:25
2022-03-30 16:58:45,749:INFO: Train: [148][2321/2322]  Loss -0.2239 (-1.5501)  Time:  0.156 (0.017)  Data Time:  0.004 (0.005)
2022-03-30 16:58:45,752:INFO:   Eta: 1:08:56
2022-03-30 16:59:24,867:INFO: Train: [149][2321/2322]  Loss -0.1802 (-1.5146)  Time:  0.134 (0.017)  Data Time:  0.003 (0.004)
2022-03-30 16:59:24,872:INFO:   Eta: 1:05:44
2022-03-30 17:00:02,189:INFO: Train: [150][2321/2322]  Loss -0.2490 (-1.5612)  Time:  0.083 (0.016)  Data Time:  0.004 (0.004)
2022-03-30 17:00:02,191:INFO:   Eta: 1:02:05
2022-03-30 17:00:37,840:INFO: Train: [151][2321/2322]  Loss -0.2335 (-1.6518)  Time:  0.112 (0.015)  Data Time:  0.004 (0.004)
2022-03-30 17:00:37,843:INFO:   Eta: 0:58:44
2022-03-30 17:00:45,066:INFO: Valid: [151][604/605]  Loss -8.0065 (-4.9469)
2022-03-30 17:00:45,085:INFO: Checkpoint saved...
2022-03-30 17:01:23,760:INFO: Train: [152][2321/2322]  Loss -0.2260 (-1.6994)  Time:  0.134 (0.017)  Data Time:  0.004 (0.004)
2022-03-30 17:01:23,762:INFO:   Eta: 1:03:02
2022-03-30 17:01:31,121:INFO: Valid: [152][604/605]  Loss -7.9380 (-4.8571)
2022-03-30 17:02:07,204:INFO: Train: [153][2321/2322]  Loss -0.2213 (-1.7664)  Time:  0.125 (0.016)  Data Time:  0.003 (0.004)
2022-03-30 17:02:07,206:INFO:   Eta: 0:58:11
2022-03-30 17:02:14,354:INFO: Valid: [153][604/605]  Loss -7.7075 (-4.7584)
2022-03-30 17:02:46,898:INFO: Train: [154][2321/2322]  Loss -0.1844 (-1.5714)  Time:  0.094 (0.014)  Data Time:  0.003 (0.004)
2022-03-30 17:02:46,900:INFO:   Eta: 0:51:57
2022-03-30 17:02:54,506:INFO: Valid: [154][604/605]  Loss -8.0763 (-4.9958)
2022-03-30 17:02:54,523:INFO: Checkpoint saved...
2022-03-30 17:03:26,550:INFO: Train: [155][2321/2322]  Loss -0.2252 (-1.6791)  Time:  0.084 (0.014)  Data Time:  0.005 (0.004)
2022-03-30 17:03:26,551:INFO:   Eta: 0:50:36
2022-03-30 17:03:31,997:INFO: Valid: [155][604/605]  Loss -8.2826 (-5.0682)
2022-03-30 17:03:32,016:INFO: Checkpoint saved...
2022-03-30 17:03:58,909:INFO: Train: [156][2321/2322]  Loss -0.2525 (-1.7404)  Time:  0.082 (0.012)  Data Time:  0.005 (0.004)
2022-03-30 17:03:58,914:INFO:   Eta: 0:42:00
2022-03-30 17:04:04,211:INFO: Valid: [156][604/605]  Loss -7.3965 (-4.5010)
2022-03-30 17:04:22,234:INFO: Test: [156]  ADE: 0.4182  FDE: 0.6240
2022-03-30 17:04:48,023:INFO: Train: [157][2321/2322]  Loss -0.2800 (-1.7039)  Time:  0.085 (0.011)  Data Time:  0.005 (0.005)
2022-03-30 17:04:48,023:INFO:   Eta: 0:39:55
2022-03-30 17:04:53,170:INFO: Valid: [157][604/605]  Loss -7.8811 (-4.8208)
2022-03-30 17:05:18,671:INFO: Train: [158][2321/2322]  Loss -0.1935 (-1.7084)  Time:  0.078 (0.011)  Data Time:  0.005 (0.004)
2022-03-30 17:05:18,672:INFO:   Eta: 0:39:03
2022-03-30 17:05:23,754:INFO: Valid: [158][604/605]  Loss -7.9905 (-4.9078)
2022-03-30 17:05:46,820:INFO: Train: [159][2321/2322]  Loss -0.2125 (-1.5074)  Time:  0.081 (0.010)  Data Time:  0.004 (0.004)
2022-03-30 17:05:46,821:INFO:   Eta: 0:34:56
2022-03-30 17:05:51,681:INFO: Valid: [159][604/605]  Loss -7.7847 (-4.7558)
2022-03-30 17:06:14,133:INFO: Train: [160][2321/2322]  Loss -0.2284 (-1.7301)  Time:  0.058 (0.010)  Data Time:  0.003 (0.004)
2022-03-30 17:06:14,134:INFO:   Eta: 0:33:38
2022-03-30 17:06:19,266:INFO: Valid: [160][604/605]  Loss -7.1626 (-4.4700)
2022-03-30 17:06:41,726:INFO: Train: [161][2321/2322]  Loss -0.1890 (-1.7387)  Time:  0.069 (0.010)  Data Time:  0.003 (0.004)
2022-03-30 17:06:41,727:INFO:   Eta: 0:33:15
2022-03-30 17:06:46,979:INFO: Valid: [161][604/605]  Loss -8.3034 (-5.0856)
2022-03-30 17:06:46,992:INFO: Checkpoint saved...
2022-03-30 17:07:11,207:INFO: Train: [162][2321/2322]  Loss -0.2189 (-1.5515)  Time:  0.088 (0.010)  Data Time:  0.005 (0.004)
2022-03-30 17:07:11,208:INFO:   Eta: 0:35:28
2022-03-30 17:07:16,353:INFO: Valid: [162][604/605]  Loss -8.1643 (-5.0189)
2022-03-30 17:07:41,784:INFO: Train: [163][2321/2322]  Loss -0.1585 (-1.7558)  Time:  0.077 (0.011)  Data Time:  0.004 (0.004)
2022-03-30 17:07:41,785:INFO:   Eta: 0:36:49
2022-03-30 17:07:46,826:INFO: Valid: [163][604/605]  Loss -7.9848 (-4.9559)
2022-03-30 17:08:09,915:INFO: Train: [164][2321/2322]  Loss -0.2236 (-1.6829)  Time:  0.078 (0.010)  Data Time:  0.004 (0.004)
2022-03-30 17:08:09,916:INFO:   Eta: 0:33:03
2022-03-30 17:08:14,997:INFO: Valid: [164][604/605]  Loss -8.2916 (-5.0928)
2022-03-30 17:08:40,848:INFO: Train: [165][2321/2322]  Loss -0.2423 (-1.6031)  Time:  0.075 (0.011)  Data Time:  0.004 (0.004)
2022-03-30 17:08:40,849:INFO:   Eta: 0:36:35
2022-03-30 17:08:45,999:INFO: Valid: [165][604/605]  Loss -7.9971 (-4.8729)
2022-03-30 17:09:10,278:INFO: Train: [166][2321/2322]  Loss -0.2497 (-1.7237)  Time:  0.075 (0.010)  Data Time:  0.005 (0.004)
2022-03-30 17:09:10,362:INFO:   Eta: 0:33:57
2022-03-30 17:09:16,341:INFO: Valid: [166][604/605]  Loss -8.4163 (-5.1807)
2022-03-30 17:09:16,355:INFO: Checkpoint saved...
2022-03-30 17:09:37,158:INFO: Test: [166]  ADE: 0.3634  FDE: 0.5840
2022-03-30 17:10:05,069:INFO: Train: [167][2321/2322]  Loss -0.2576 (-1.7211)  Time:  0.085 (0.012)  Data Time:  0.004 (0.004)
2022-03-30 17:10:05,071:INFO:   Eta: 0:38:32
2022-03-30 17:10:10,553:INFO: Valid: [167][604/605]  Loss -7.3761 (-4.4512)
2022-03-30 17:10:37,807:INFO: Train: [168][2321/2322]  Loss -0.2184 (-1.7716)  Time:  0.093 (0.012)  Data Time:  0.005 (0.005)
2022-03-30 17:10:37,822:INFO:   Eta: 0:37:11
2022-03-30 17:10:43,370:INFO: Valid: [168][604/605]  Loss -8.2142 (-5.0621)
2022-03-30 17:11:07,395:INFO: Train: [169][2321/2322]  Loss -0.2351 (-1.3566)  Time:  0.066 (0.010)  Data Time:  0.003 (0.004)
2022-03-30 17:11:07,396:INFO:   Eta: 0:32:23
2022-03-30 17:11:12,520:INFO: Valid: [169][604/605]  Loss -7.9444 (-4.8338)
2022-03-30 17:11:36,063:INFO: Train: [170][2321/2322]  Loss -0.1893 (-1.7487)  Time:  0.083 (0.010)  Data Time:  0.003 (0.004)
2022-03-30 17:11:36,064:INFO:   Eta: 0:31:20
2022-03-30 17:11:41,246:INFO: Valid: [170][604/605]  Loss -7.0539 (-4.3784)
2022-03-30 17:12:04,724:INFO: Train: [171][2321/2322]  Loss -0.2450 (-1.7678)  Time:  0.079 (0.010)  Data Time:  0.003 (0.004)
2022-03-30 17:12:04,726:INFO:   Eta: 0:30:52
2022-03-30 17:12:10,048:INFO: Valid: [171][604/605]  Loss -7.7508 (-4.7371)
2022-03-30 17:12:35,947:INFO: Train: [172][2321/2322]  Loss -0.2097 (-1.7391)  Time:  0.087 (0.011)  Data Time:  0.004 (0.004)
2022-03-30 17:12:35,948:INFO:   Eta: 0:33:37
2022-03-30 17:12:41,475:INFO: Valid: [172][604/605]  Loss -8.3317 (-5.1209)
2022-03-30 17:13:06,789:INFO: Train: [173][2321/2322]  Loss -0.2296 (-1.7020)  Time:  0.091 (0.011)  Data Time:  0.004 (0.004)
2022-03-30 17:13:06,790:INFO:   Eta: 0:32:26
2022-03-30 17:13:12,402:INFO: Valid: [173][604/605]  Loss -7.9211 (-4.8231)
2022-03-30 17:13:37,833:INFO: Train: [174][2321/2322]  Loss -0.2379 (-1.3104)  Time:  0.089 (0.011)  Data Time:  0.004 (0.004)
2022-03-30 17:13:37,835:INFO:   Eta: 0:32:10
2022-03-30 17:13:43,206:INFO: Valid: [174][604/605]  Loss -8.0739 (-4.9336)
2022-03-30 17:14:10,417:INFO: Train: [175][2321/2322]  Loss -0.2857 (-1.5712)  Time:  0.093 (0.012)  Data Time:  0.004 (0.004)
2022-03-30 17:14:10,419:INFO:   Eta: 0:33:57
2022-03-30 17:14:15,907:INFO: Valid: [175][604/605]  Loss -8.0880 (-4.9538)
2022-03-30 17:14:40,931:INFO: Train: [176][2321/2322]  Loss -0.2361 (-1.7113)  Time:  0.088 (0.011)  Data Time:  0.005 (0.004)
2022-03-30 17:14:40,932:INFO:   Eta: 0:30:49
2022-03-30 17:14:48,667:INFO: Valid: [176][604/605]  Loss -8.1768 (-5.0363)
2022-03-30 17:15:10,941:INFO: Test: [176]  ADE: 0.3736  FDE: 0.5576
2022-03-30 17:15:37,934:INFO: Train: [177][2321/2322]  Loss -0.2143 (-1.7446)  Time:  0.083 (0.012)  Data Time:  0.005 (0.004)
2022-03-30 17:15:37,936:INFO:   Eta: 0:32:48
2022-03-30 17:15:43,523:INFO: Valid: [177][604/605]  Loss -8.4585 (-5.2201)
2022-03-30 17:15:43,531:INFO: Checkpoint saved...
2022-03-30 17:16:10,458:INFO: Train: [178][2321/2322]  Loss -0.2462 (-1.6519)  Time:  0.081 (0.012)  Data Time:  0.004 (0.004)
2022-03-30 17:16:10,461:INFO:   Eta: 0:32:16
2022-03-30 17:16:15,689:INFO: Valid: [178][604/605]  Loss -8.1511 (-5.0116)
2022-03-30 17:16:42,881:INFO: Train: [179][2321/2322]  Loss -0.2060 (-1.5226)  Time:  0.080 (0.012)  Data Time:  0.004 (0.004)
2022-03-30 17:16:42,882:INFO:   Eta: 0:32:08
2022-03-30 17:16:48,206:INFO: Valid: [179][604/605]  Loss -8.3787 (-5.1430)
2022-03-30 17:17:12,501:INFO: Train: [180][2321/2322]  Loss -0.2098 (-1.7408)  Time:  0.084 (0.010)  Data Time:  0.003 (0.004)
2022-03-30 17:17:12,502:INFO:   Eta: 0:28:16
2022-03-30 17:17:18,182:INFO: Valid: [180][604/605]  Loss -8.1642 (-5.0748)
2022-03-30 17:17:42,245:INFO: Train: [181][2321/2322]  Loss -0.1687 (-1.7538)  Time:  0.100 (0.010)  Data Time:  0.004 (0.003)
2022-03-30 17:17:42,247:INFO:   Eta: 0:27:37
2022-03-30 17:17:48,442:INFO: Valid: [181][604/605]  Loss -8.2681 (-5.0933)
2022-03-30 17:18:12,597:INFO: Train: [182][2321/2322]  Loss -0.2752 (-1.7907)  Time:  0.079 (0.010)  Data Time:  0.003 (0.004)
2022-03-30 17:18:12,598:INFO:   Eta: 0:27:18
2022-03-30 17:18:17,900:INFO: Valid: [182][604/605]  Loss -7.8596 (-4.7769)
2022-03-30 17:18:41,725:INFO: Train: [183][2321/2322]  Loss -0.2221 (-1.7123)  Time:  0.072 (0.010)  Data Time:  0.003 (0.003)
2022-03-30 17:18:41,726:INFO:   Eta: 0:26:34
2022-03-30 17:18:47,231:INFO: Valid: [183][604/605]  Loss -7.7347 (-4.7190)
2022-03-30 17:19:14,570:INFO: Train: [184][2321/2322]  Loss -0.2647 (-1.7952)  Time:  0.089 (0.012)  Data Time:  0.005 (0.004)
2022-03-30 17:19:14,571:INFO:   Eta: 0:30:01
2022-03-30 17:19:20,605:INFO: Valid: [184][604/605]  Loss -7.3972 (-4.4841)
2022-03-30 17:19:47,632:INFO: Train: [185][2321/2322]  Loss -0.2266 (-1.4964)  Time:  0.081 (0.012)  Data Time:  0.003 (0.004)
2022-03-30 17:19:47,633:INFO:   Eta: 0:29:13
2022-03-30 17:19:53,609:INFO: Valid: [185][604/605]  Loss -7.6877 (-4.7102)
2022-03-30 17:20:23,566:INFO: Train: [186][2321/2322]  Loss -0.2338 (-1.7670)  Time:  0.175 (0.013)  Data Time:  0.002 (0.004)
2022-03-30 17:20:23,569:INFO:   Eta: 0:31:54
2022-03-30 17:20:29,633:INFO: Valid: [186][604/605]  Loss -8.1161 (-4.9976)
2022-03-30 17:20:50,010:INFO: Test: [186]  ADE: 0.3706  FDE: 0.5390
2022-03-30 17:21:16,151:INFO: Train: [187][2321/2322]  Loss -0.2648 (-1.7717)  Time:  0.073 (0.011)  Data Time:  0.004 (0.004)
2022-03-30 17:21:16,152:INFO:   Eta: 0:27:25
2022-03-30 17:21:21,734:INFO: Valid: [187][604/605]  Loss -7.3196 (-4.4341)
2022-03-30 17:21:48,054:INFO: Train: [188][2321/2322]  Loss -0.1999 (-1.7669)  Time:  0.078 (0.011)  Data Time:  0.004 (0.004)
2022-03-30 17:21:48,057:INFO:   Eta: 0:27:09
2022-03-30 17:21:53,546:INFO: Valid: [188][604/605]  Loss -8.0166 (-4.9850)
2022-03-30 17:22:19,905:INFO: Train: [189][2321/2322]  Loss -0.1756 (-1.7960)  Time:  0.086 (0.011)  Data Time:  0.004 (0.004)
2022-03-30 17:22:19,907:INFO:   Eta: 0:26:45
2022-03-30 17:22:25,357:INFO: Valid: [189][604/605]  Loss -7.5984 (-4.6209)
2022-03-30 17:22:51,386:INFO: Train: [190][2321/2322]  Loss -0.3019 (-1.7215)  Time:  0.091 (0.011)  Data Time:  0.005 (0.004)
2022-03-30 17:22:51,387:INFO:   Eta: 0:25:59
2022-03-30 17:22:57,053:INFO: Valid: [190][604/605]  Loss -8.1753 (-5.0117)
2022-03-30 17:23:22,406:INFO: Train: [191][2321/2322]  Loss -0.2696 (-1.7485)  Time:  0.065 (0.011)  Data Time:  0.003 (0.004)
2022-03-30 17:23:22,448:INFO:   Eta: 0:24:53
2022-03-30 17:23:28,547:INFO: Valid: [191][604/605]  Loss -8.0088 (-4.8643)
2022-03-30 17:23:50,457:INFO: Train: [192][2321/2322]  Loss -0.2745 (-1.6118)  Time:  0.061 (0.009)  Data Time:  0.002 (0.003)
2022-03-30 17:23:50,458:INFO:   Eta: 0:21:08
2022-03-30 17:23:55,719:INFO: Valid: [192][604/605]  Loss -8.2279 (-5.0322)
2022-03-30 17:24:16,795:INFO: Train: [193][2321/2322]  Loss -0.2627 (-1.5372)  Time:  0.089 (0.009)  Data Time:  0.004 (0.003)
2022-03-30 17:24:16,796:INFO:   Eta: 0:19:58
2022-03-30 17:24:22,522:INFO: Valid: [193][604/605]  Loss -8.2064 (-5.0184)
2022-03-30 17:24:46,701:INFO: Train: [194][2321/2322]  Loss -0.2469 (-1.7654)  Time:  0.086 (0.010)  Data Time:  0.005 (0.004)
2022-03-30 17:24:46,701:INFO:   Eta: 0:22:32
2022-03-30 17:24:52,265:INFO: Valid: [194][604/605]  Loss -7.7909 (-4.8118)
2022-03-30 17:25:18,777:INFO: Train: [195][2321/2322]  Loss -0.2502 (-1.7087)  Time:  0.078 (0.011)  Data Time:  0.004 (0.004)
2022-03-30 17:25:18,777:INFO:   Eta: 0:24:16
2022-03-30 17:25:24,340:INFO: Valid: [195][604/605]  Loss -7.8309 (-4.7976)
2022-03-30 17:25:49,607:INFO: Train: [196][2321/2322]  Loss -0.2342 (-1.7830)  Time:  0.075 (0.011)  Data Time:  0.004 (0.004)
2022-03-30 17:25:49,608:INFO:   Eta: 0:22:42
2022-03-30 17:25:57,708:INFO: Valid: [196][604/605]  Loss -8.1978 (-5.0392)
2022-03-30 17:26:17,316:INFO: Test: [196]  ADE: 0.3648  FDE: 0.5567
2022-03-30 17:26:41,950:INFO: Train: [197][2321/2322]  Loss -0.1711 (-1.6446)  Time:  0.079 (0.011)  Data Time:  0.004 (0.004)
2022-03-30 17:26:41,951:INFO:   Eta: 0:21:44
2022-03-30 17:26:47,143:INFO: Valid: [197][604/605]  Loss -8.0274 (-4.9124)
2022-03-30 17:27:12,586:INFO: Train: [198][2321/2322]  Loss -0.2503 (-1.5025)  Time:  0.077 (0.011)  Data Time:  0.004 (0.004)
2022-03-30 17:27:12,588:INFO:   Eta: 0:22:01
2022-03-30 17:27:17,684:INFO: Valid: [198][604/605]  Loss -7.2525 (-4.4052)
2022-03-30 17:27:42,499:INFO: Train: [199][2321/2322]  Loss -0.2476 (-1.5741)  Time:  0.083 (0.011)  Data Time:  0.004 (0.004)
2022-03-30 17:27:42,500:INFO:   Eta: 0:21:04
2022-03-30 17:27:47,702:INFO: Valid: [199][604/605]  Loss -7.8352 (-4.7842)
2022-03-30 17:28:13,094:INFO: Train: [200][2321/2322]  Loss -0.2944 (-1.5968)  Time:  0.082 (0.011)  Data Time:  0.005 (0.004)
2022-03-30 17:28:13,095:INFO:   Eta: 0:21:08
2022-03-30 17:28:18,350:INFO: Valid: [200][604/605]  Loss -6.6857 (-4.0169)
2022-03-30 17:28:44,016:INFO: Train: [201][2321/2322]  Loss -0.2228 (-1.6394)  Time:  0.087 (0.011)  Data Time:  0.005 (0.004)
2022-03-30 17:28:44,017:INFO:   Eta: 0:20:56
2022-03-30 17:28:49,595:INFO: Valid: [201][604/605]  Loss -8.0872 (-4.9598)
2022-03-30 17:29:12,468:INFO: Train: [202][2321/2322]  Loss -0.2512 (-1.7178)  Time:  0.069 (0.010)  Data Time:  0.004 (0.003)
2022-03-30 17:29:12,469:INFO:   Eta: 0:18:16
2022-03-30 17:29:17,507:INFO: Valid: [202][604/605]  Loss -8.1554 (-4.9579)
2022-03-30 17:29:38,939:INFO: Train: [203][2321/2322]  Loss -0.2390 (-1.7382)  Time:  0.070 (0.009)  Data Time:  0.003 (0.003)
2022-03-30 17:29:38,941:INFO:   Eta: 0:16:45
2022-03-30 17:29:44,358:INFO: Valid: [203][604/605]  Loss -8.2349 (-5.0564)
2022-03-30 17:30:08,007:INFO: Train: [204][2321/2322]  Loss -0.2516 (-1.7138)  Time:  0.077 (0.009)  Data Time:  0.003 (0.003)
2022-03-30 17:30:08,054:INFO:   Eta: 0:16:22
2022-03-30 17:30:13,436:INFO: Valid: [204][604/605]  Loss -8.3144 (-5.0937)
2022-03-30 17:30:36,223:INFO: Train: [205][2321/2322]  Loss -0.2498 (-1.7938)  Time:  0.082 (0.010)  Data Time:  0.003 (0.004)
2022-03-30 17:30:36,375:INFO:   Eta: 0:16:55
2022-03-30 17:30:41,696:INFO: Valid: [205][604/605]  Loss -7.3830 (-4.5169)
2022-03-30 17:31:07,552:INFO: Train: [206][2321/2322]  Loss -0.2552 (-1.6607)  Time:  0.102 (0.011)  Data Time:  0.004 (0.004)
2022-03-30 17:31:07,553:INFO:   Eta: 0:18:01
2022-03-30 17:31:13,237:INFO: Valid: [206][604/605]  Loss -8.0872 (-4.9641)
2022-03-30 17:31:32,117:INFO: Test: [206]  ADE: 0.3731  FDE: 0.5521
2022-03-30 17:31:58,513:INFO: Train: [207][2321/2322]  Loss -0.2684 (-1.7575)  Time:  0.184 (0.011)  Data Time:  0.003 (0.004)
2022-03-30 17:31:58,515:INFO:   Eta: 0:18:54
2022-03-30 17:32:07,596:INFO: Valid: [207][604/605]  Loss -8.3363 (-5.1499)
2022-03-30 17:32:36,379:INFO: Train: [208][2321/2322]  Loss -0.2016 (-1.7551)  Time:  0.086 (0.012)  Data Time:  0.002 (0.004)
2022-03-30 17:32:36,382:INFO:   Eta: 0:20:06
2022-03-30 17:32:42,544:INFO: Valid: [208][604/605]  Loss -8.2583 (-5.0909)
2022-03-30 17:33:09,601:INFO: Train: [209][2321/2322]  Loss -0.2862 (-1.7839)  Time:  0.104 (0.012)  Data Time:  0.005 (0.004)
2022-03-30 17:33:09,602:INFO:   Eta: 0:18:27
2022-03-30 17:33:15,429:INFO: Valid: [209][604/605]  Loss -7.7402 (-4.6755)
2022-03-30 17:33:42,801:INFO: Train: [210][2321/2322]  Loss -0.2627 (-1.6825)  Time:  0.085 (0.012)  Data Time:  0.005 (0.004)
2022-03-30 17:33:42,803:INFO:   Eta: 0:18:13
2022-03-30 17:33:48,568:INFO: Valid: [210][604/605]  Loss -8.2289 (-5.0492)
2022-03-30 17:34:14,803:INFO: Train: [211][2321/2322]  Loss -0.2621 (-1.7997)  Time:  0.088 (0.011)  Data Time:  0.004 (0.004)
2022-03-30 17:34:14,804:INFO:   Eta: 0:17:01
2022-03-30 17:34:20,815:INFO: Valid: [211][604/605]  Loss -7.6152 (-4.6243)
2022-03-30 17:34:45,843:INFO: Train: [212][2321/2322]  Loss -0.2745 (-1.7696)  Time:  0.080 (0.011)  Data Time:  0.004 (0.004)
2022-03-30 17:34:45,844:INFO:   Eta: 0:15:49
2022-03-30 17:34:51,648:INFO: Valid: [212][604/605]  Loss -6.8770 (-4.1376)
2022-03-30 17:35:18,833:INFO: Train: [213][2321/2322]  Loss -0.2660 (-1.5737)  Time:  0.083 (0.012)  Data Time:  0.004 (0.004)
2022-03-30 17:35:18,835:INFO:   Eta: 0:16:44
2022-03-30 17:35:24,966:INFO: Valid: [213][604/605]  Loss -8.1678 (-4.9684)
2022-03-30 17:35:50,020:INFO: Train: [214][2321/2322]  Loss -0.1953 (-1.7183)  Time:  0.082 (0.011)  Data Time:  0.004 (0.004)
2022-03-30 17:35:50,022:INFO:   Eta: 0:14:59
2022-03-30 17:35:56,284:INFO: Valid: [214][604/605]  Loss -7.6769 (-4.6632)
2022-03-30 17:36:20,671:INFO: Train: [215][2321/2322]  Loss -0.2717 (-1.5565)  Time:  0.089 (0.010)  Data Time:  0.003 (0.003)
2022-03-30 17:36:20,673:INFO:   Eta: 0:14:11
2022-03-30 17:36:27,028:INFO: Valid: [215][604/605]  Loss -7.7577 (-4.7082)
2022-03-30 17:36:50,654:INFO: Train: [216][2321/2322]  Loss -0.2020 (-1.7987)  Time:  0.073 (0.010)  Data Time:  0.004 (0.003)
2022-03-30 17:36:50,655:INFO:   Eta: 0:13:21
2022-03-30 17:36:56,640:INFO: Valid: [216][604/605]  Loss -8.3462 (-5.1077)
2022-03-30 17:37:14,502:INFO: Test: [216]  ADE: 0.3568  FDE: 0.5745
2022-03-30 17:37:41,934:INFO: Train: [217][2321/2322]  Loss -0.2296 (-1.8119)  Time:  0.072 (0.012)  Data Time:  0.002 (0.004)
2022-03-30 17:37:41,936:INFO:   Eta: 0:15:04
2022-03-30 17:37:46,425:INFO: Valid: [217][604/605]  Loss -7.9924 (-4.8635)
2022-03-30 17:38:18,581:INFO: Train: [218][2321/2322]  Loss -0.2470 (-1.7829)  Time:  0.125 (0.014)  Data Time:  0.004 (0.004)
2022-03-30 17:38:18,583:INFO:   Eta: 0:17:07
2022-03-30 17:38:25,627:INFO: Valid: [218][604/605]  Loss -8.2112 (-4.9870)
2022-03-30 17:38:53,293:INFO: Train: [219][2321/2322]  Loss -0.2419 (-1.7964)  Time:  0.094 (0.012)  Data Time:  0.005 (0.004)
2022-03-30 17:38:53,294:INFO:   Eta: 0:14:16
2022-03-30 17:38:58,811:INFO: Valid: [219][604/605]  Loss -7.5542 (-4.5687)
2022-03-30 17:39:26,353:INFO: Train: [220][2321/2322]  Loss -0.2386 (-1.7777)  Time:  0.072 (0.012)  Data Time:  0.003 (0.004)
2022-03-30 17:39:26,353:INFO:   Eta: 0:13:45
2022-03-30 17:39:32,033:INFO: Valid: [220][604/605]  Loss -8.2629 (-5.0324)
2022-03-30 17:39:56,752:INFO: Train: [221][2321/2322]  Loss -0.2310 (-1.5349)  Time:  0.069 (0.010)  Data Time:  0.003 (0.004)
2022-03-30 17:39:56,897:INFO:   Eta: 0:11:43
2022-03-30 17:40:02,893:INFO: Valid: [221][604/605]  Loss -7.9698 (-4.8429)
2022-03-30 17:40:29,890:INFO: Train: [222][2321/2322]  Loss -0.2242 (-1.4105)  Time:  0.091 (0.012)  Data Time:  0.005 (0.004)
2022-03-30 17:40:29,891:INFO:   Eta: 0:12:34
2022-03-30 17:40:35,534:INFO: Valid: [222][604/605]  Loss -7.7774 (-4.7710)
2022-03-30 17:41:00,714:INFO: Train: [223][2321/2322]  Loss -0.2215 (-1.7285)  Time:  0.079 (0.011)  Data Time:  0.005 (0.004)
2022-03-30 17:41:00,715:INFO:   Eta: 0:11:18
2022-03-30 17:41:06,890:INFO: Valid: [223][604/605]  Loss -7.6420 (-4.6785)
2022-03-30 17:41:34,719:INFO: Train: [224][2321/2322]  Loss -0.2452 (-1.7712)  Time:  0.082 (0.012)  Data Time:  0.004 (0.004)
2022-03-30 17:41:34,720:INFO:   Eta: 0:11:36
2022-03-30 17:41:40,430:INFO: Valid: [224][604/605]  Loss -7.5467 (-4.5767)
2022-03-30 17:42:07,102:INFO: Train: [225][2321/2322]  Loss -0.2598 (-1.5839)  Time:  0.079 (0.011)  Data Time:  0.004 (0.004)
2022-03-30 17:42:07,103:INFO:   Eta: 0:11:05
2022-03-30 17:42:12,852:INFO: Valid: [225][604/605]  Loss -8.2431 (-5.0633)
2022-03-30 17:42:36,178:INFO: Train: [226][2321/2322]  Loss -0.2845 (-1.7649)  Time:  0.069 (0.010)  Data Time:  0.003 (0.003)
2022-03-30 17:42:36,178:INFO:   Eta: 0:09:18
2022-03-30 17:42:41,599:INFO: Valid: [226][604/605]  Loss -7.9075 (-4.8290)
2022-03-30 17:42:58,905:INFO: Test: [226]  ADE: 0.3810  FDE: 0.5523
2022-03-30 17:43:21,844:INFO: Train: [227][2321/2322]  Loss -0.2704 (-1.6351)  Time:  0.073 (0.010)  Data Time:  0.003 (0.003)
2022-03-30 17:43:21,845:INFO:   Eta: 0:08:47
2022-03-30 17:43:27,184:INFO: Valid: [227][604/605]  Loss -7.7648 (-4.7516)
2022-03-30 17:43:50,802:INFO: Train: [228][2321/2322]  Loss -0.2048 (-1.8322)  Time:  0.076 (0.010)  Data Time:  0.004 (0.004)
2022-03-30 17:43:50,845:INFO:   Eta: 0:08:38
2022-03-30 17:43:59,023:INFO: Valid: [228][604/605]  Loss -8.1864 (-4.9887)
2022-03-30 17:44:28,067:INFO: Train: [229][2321/2322]  Loss -0.3019 (-1.6179)  Time:  0.085 (0.012)  Data Time:  0.004 (0.004)
2022-03-30 17:44:28,068:INFO:   Eta: 0:10:07
2022-03-30 17:44:33,435:INFO: Valid: [229][604/605]  Loss -7.1378 (-4.3116)
2022-03-30 17:44:57,161:INFO: Train: [230][2321/2322]  Loss -0.2771 (-1.7350)  Time:  0.077 (0.010)  Data Time:  0.003 (0.004)
2022-03-30 17:44:57,162:INFO:   Eta: 0:07:53
2022-03-30 17:45:02,875:INFO: Valid: [230][604/605]  Loss -7.6389 (-4.6460)
2022-03-30 17:45:26,744:INFO: Train: [231][2321/2322]  Loss -0.2318 (-1.6263)  Time:  0.081 (0.010)  Data Time:  0.005 (0.004)
2022-03-30 17:45:26,745:INFO:   Eta: 0:07:32
2022-03-30 17:45:32,314:INFO: Valid: [231][604/605]  Loss -8.2811 (-5.0755)
2022-03-30 17:45:58,385:INFO: Train: [232][2321/2322]  Loss -0.2228 (-1.7894)  Time:  0.079 (0.011)  Data Time:  0.003 (0.004)
2022-03-30 17:45:58,386:INFO:   Eta: 0:07:48
2022-03-30 17:46:03,717:INFO: Valid: [232][604/605]  Loss -8.2256 (-5.0849)
2022-03-30 17:46:29,790:INFO: Train: [233][2321/2322]  Loss -0.2453 (-1.6663)  Time:  0.092 (0.011)  Data Time:  0.004 (0.004)
2022-03-30 17:46:29,792:INFO:   Eta: 0:07:22
2022-03-30 17:46:35,302:INFO: Valid: [233][604/605]  Loss -8.2734 (-5.0888)
2022-03-30 17:47:01,568:INFO: Train: [234][2321/2322]  Loss -0.2318 (-1.7898)  Time:  0.094 (0.011)  Data Time:  0.004 (0.004)
2022-03-30 17:47:01,571:INFO:   Eta: 0:06:59
2022-03-30 17:47:07,012:INFO: Valid: [234][604/605]  Loss -8.0539 (-4.9172)
2022-03-30 17:47:33,169:INFO: Train: [235][2321/2322]  Loss -0.2351 (-1.7902)  Time:  0.071 (0.011)  Data Time:  0.003 (0.004)
2022-03-30 17:47:33,170:INFO:   Eta: 0:06:31
2022-03-30 17:47:38,444:INFO: Valid: [235][604/605]  Loss -7.6766 (-4.6706)
2022-03-30 17:48:04,115:INFO: Train: [236][2321/2322]  Loss -0.2223 (-1.5805)  Time:  0.081 (0.011)  Data Time:  0.004 (0.004)
2022-03-30 17:48:04,116:INFO:   Eta: 0:05:58
2022-03-30 17:48:09,512:INFO: Valid: [236][604/605]  Loss -7.7373 (-4.6812)
2022-03-30 17:48:27,344:INFO: Test: [236]  ADE: 0.3766  FDE: 0.5812
2022-03-30 17:48:49,304:INFO: Train: [237][2321/2322]  Loss -0.1944 (-1.4420)  Time:  0.076 (0.009)  Data Time:  0.002 (0.003)
2022-03-30 17:48:49,305:INFO:   Eta: 0:04:45
2022-03-30 17:48:54,431:INFO: Valid: [237][604/605]  Loss -7.4839 (-4.5497)
2022-03-30 17:49:16,397:INFO: Train: [238][2321/2322]  Loss -0.2102 (-1.6707)  Time:  0.073 (0.009)  Data Time:  0.004 (0.003)
2022-03-30 17:49:16,398:INFO:   Eta: 0:04:23
2022-03-30 17:49:21,814:INFO: Valid: [238][604/605]  Loss -8.3165 (-5.1313)
2022-03-30 17:49:45,187:INFO: Train: [239][2321/2322]  Loss -0.2368 (-1.7013)  Time:  0.071 (0.010)  Data Time:  0.004 (0.003)
2022-03-30 17:49:45,188:INFO:   Eta: 0:04:16
2022-03-30 17:49:50,503:INFO: Valid: [239][604/605]  Loss -8.0257 (-4.9338)
2022-03-30 17:50:13,074:INFO: Train: [240][2321/2322]  Loss -0.2437 (-1.7542)  Time:  0.079 (0.010)  Data Time:  0.004 (0.004)
2022-03-30 17:50:13,075:INFO:   Eta: 0:03:45
2022-03-30 17:50:17,885:INFO: Valid: [240][604/605]  Loss -7.9864 (-4.8443)
2022-03-30 17:50:48,653:INFO: Train: [241][2321/2322]  Loss -0.2812 (-1.7542)  Time:  0.083 (0.013)  Data Time:  0.004 (0.004)
2022-03-30 17:50:48,655:INFO:   Eta: 0:04:36
2022-03-30 17:50:53,771:INFO: Valid: [241][604/605]  Loss -7.8093 (-4.8067)
2022-03-30 17:51:19,278:INFO: Train: [242][2321/2322]  Loss -0.2201 (-1.7934)  Time:  0.088 (0.011)  Data Time:  0.004 (0.004)
2022-03-30 17:51:19,279:INFO:   Eta: 0:03:23
2022-03-30 17:51:24,911:INFO: Valid: [242][604/605]  Loss -8.0671 (-4.9958)
2022-03-30 17:51:49,935:INFO: Train: [243][2321/2322]  Loss -0.2516 (-1.6380)  Time:  0.062 (0.010)  Data Time:  0.003 (0.004)
2022-03-30 17:51:50,025:INFO:   Eta: 0:02:46
2022-03-30 17:51:55,767:INFO: Valid: [243][604/605]  Loss -8.4216 (-5.1889)
2022-03-30 17:52:15,677:INFO: Train: [244][2321/2322]  Loss -0.2397 (-1.6997)  Time:  0.103 (0.008)  Data Time:  0.003 (0.003)
2022-03-30 17:52:15,678:INFO:   Eta: 0:01:56
2022-03-30 17:52:21,007:INFO: Valid: [244][604/605]  Loss -8.4201 (-5.2103)
2022-03-30 17:52:42,549:INFO: Train: [245][2321/2322]  Loss -0.2516 (-1.7986)  Time:  0.073 (0.009)  Data Time:  0.003 (0.003)
2022-03-30 17:52:42,550:INFO:   Eta: 0:01:47
2022-03-30 17:52:47,835:INFO: Valid: [245][604/605]  Loss -8.3096 (-5.0699)
2022-03-30 17:53:09,044:INFO: Train: [246][2321/2322]  Loss -0.2200 (-1.5889)  Time:  0.065 (0.009)  Data Time:  0.003 (0.003)
2022-03-30 17:53:09,044:INFO:   Eta: 0:01:24
2022-03-30 17:53:14,151:INFO: Valid: [246][604/605]  Loss -8.1521 (-4.9586)
2022-03-30 17:53:31,395:INFO: Test: [246]  ADE: 0.3580  FDE: 0.5500
2022-03-30 17:53:52,956:INFO: Train: [247][2321/2322]  Loss -0.2191 (-1.6111)  Time:  0.075 (0.009)  Data Time:  0.003 (0.003)
2022-03-30 17:53:52,957:INFO:   Eta: 0:01:04
2022-03-30 17:53:58,148:INFO: Valid: [247][604/605]  Loss -8.3564 (-5.0876)
2022-03-30 17:54:16,392:INFO: Train: [248][2321/2322]  Loss -0.2166 (-1.7502)  Time:  0.062 (0.008)  Data Time:  0.003 (0.002)
2022-03-30 17:54:16,393:INFO:   Eta: 0:00:36
2022-03-30 17:54:21,277:INFO: Valid: [248][604/605]  Loss -8.2200 (-5.0302)
2022-03-30 17:54:38,735:INFO: Train: [249][2321/2322]  Loss -0.2698 (-1.7749)  Time:  0.067 (0.008)  Data Time:  0.002 (0.002)
2022-03-30 17:54:38,736:INFO:   Eta: 0:00:17
2022-03-30 17:54:43,812:INFO: Valid: [249][604/605]  Loss -7.8924 (-4.7954)
