2022-03-31 08:33:23,915:INFO: batch_size=128
2022-03-31 08:33:23,915:INFO: clip_grad=None
2022-03-31 08:33:23,915:INFO: dataset=hotel
2022-03-31 08:33:23,915:INFO: gpu_num=0
2022-03-31 08:33:23,915:INFO: input_size=2
2022-03-31 08:33:23,915:INFO: kernel_size=3
2022-03-31 08:33:23,915:INFO: lr=0.01
2022-03-31 08:33:23,915:INFO: lr_sh_rate=150
2022-03-31 08:33:23,915:INFO: model=social_stgcnn9
2022-03-31 08:33:23,915:INFO: n_stgcnn=1
2022-03-31 08:33:23,915:INFO: n_txpcnn=5
2022-03-31 08:33:23,915:INFO: num_epochs=250
2022-03-31 08:33:23,915:INFO: obs_seq_len=8
2022-03-31 08:33:23,915:INFO: output_size=5
2022-03-31 08:33:23,915:INFO: pred_seq_len=12
2022-03-31 08:33:23,915:INFO: seed=0
2022-03-31 08:33:23,916:INFO: tag=hotel
2022-03-31 08:33:23,916:INFO: use_lrschd=True
2022-03-31 08:33:23,916:INFO: ******************************
2022-03-31 08:33:23,916:INFO: Training initiating....
2022-03-31 08:33:23,916:INFO: Namespace(batch_size=128, clip_grad=None, dataset='hotel', gpu_num='0', input_size=2, kernel_size=3, lr=0.01, lr_sh_rate=150, model='social_stgcnn9', n_stgcnn=1, n_txpcnn=5, num_epochs=250, obs_seq_len=8, output_size=5, pred_seq_len=12, seed=0, tag='hotel', use_lrschd=True)
2022-03-31 08:33:23,923:INFO: Initializing train dataset
2022-03-31 08:33:37,083:INFO: Initializing val dataset
2022-03-31 08:33:49,521:INFO: social_stgcnn9
2022-03-31 08:33:49,554:INFO: Data and model loaded
2022-03-31 08:33:49,554:INFO: Checkpoint dir: ./runs/Mar31_08-33-23_node09/hotel/checkpoint
2022-03-31 08:33:49,554:INFO: Training started ...
2022-03-31 08:34:22,047:INFO: Train: [0][2593/2594]  Loss 0.1766 (1.2225)  Time:  0.250 (0.013)  Data Time:  0.005 (0.004)
2022-03-31 08:34:22,049:INFO:   Eta: 2:15:21
2022-03-31 08:34:57,303:INFO: Train: [1][2593/2594]  Loss 0.1818 (0.5060)  Time:  0.183 (0.014)  Data Time:  0.005 (0.005)
2022-03-31 08:34:57,304:INFO:   Eta: 2:26:13
2022-03-31 08:35:30,440:INFO: Train: [2][2593/2594]  Loss 0.1043 (0.4858)  Time:  0.172 (0.013)  Data Time:  0.004 (0.005)
2022-03-31 08:35:30,441:INFO:   Eta: 2:16:54
2022-03-31 08:36:03,802:INFO: Train: [3][2593/2594]  Loss 0.0856 (0.2745)  Time:  0.198 (0.013)  Data Time:  0.004 (0.005)
2022-03-31 08:36:03,954:INFO:   Eta: 2:17:16
2022-03-31 08:36:37,111:INFO: Train: [4][2593/2594]  Loss 0.0879 (0.0362)  Time:  0.165 (0.013)  Data Time:  0.004 (0.005)
2022-03-31 08:36:37,112:INFO:   Eta: 2:13:06
2022-03-31 08:37:07,778:INFO: Train: [5][2593/2594]  Loss -0.0434 (-0.0453)  Time:  0.145 (0.012)  Data Time:  0.003 (0.004)
2022-03-31 08:37:07,930:INFO:   Eta: 2:05:05
2022-03-31 08:37:31,207:INFO: Train: [6][2593/2594]  Loss -0.0652 (-0.0995)  Time:  0.137 (0.009)  Data Time:  0.002 (0.002)
2022-03-31 08:37:31,272:INFO:   Eta: 1:34:35
2022-03-31 08:37:40,643:INFO: Test: [6]  ADE: 1.1899  FDE: 1.7721
2022-03-31 08:38:08,998:INFO: Train: [7][2593/2594]  Loss -0.1113 (-0.2793)  Time:  0.176 (0.011)  Data Time:  0.003 (0.004)
2022-03-31 08:38:08,999:INFO:   Eta: 1:54:31
2022-03-31 08:38:38,177:INFO: Train: [8][2593/2594]  Loss -0.0808 (-0.1378)  Time:  0.167 (0.011)  Data Time:  0.004 (0.004)
2022-03-31 08:38:38,178:INFO:   Eta: 1:57:35
2022-03-31 08:39:10,249:INFO: Train: [9][2593/2594]  Loss -0.0074 (-0.2802)  Time:  0.161 (0.012)  Data Time:  0.004 (0.004)
2022-03-31 08:39:10,250:INFO:   Eta: 2:08:45
2022-03-31 08:39:43,081:INFO: Train: [10][2593/2594]  Loss -0.1752 (-0.3923)  Time:  0.187 (0.013)  Data Time:  0.003 (0.005)
2022-03-31 08:39:43,082:INFO:   Eta: 2:11:15
2022-03-31 08:40:15,587:INFO: Train: [11][2593/2594]  Loss 0.0489 (-0.4934)  Time:  0.172 (0.013)  Data Time:  0.005 (0.005)
2022-03-31 08:40:15,588:INFO:   Eta: 2:09:25
2022-03-31 08:40:49,013:INFO: Train: [12][2593/2594]  Loss -0.1821 (-0.4065)  Time:  0.170 (0.013)  Data Time:  0.005 (0.005)
2022-03-31 08:40:49,013:INFO:   Eta: 2:12:31
2022-03-31 08:41:22,024:INFO: Train: [13][2593/2594]  Loss -0.1284 (-0.4099)  Time:  0.181 (0.013)  Data Time:  0.004 (0.005)
2022-03-31 08:41:22,026:INFO:   Eta: 2:10:20
2022-03-31 08:41:55,011:INFO: Train: [14][2593/2594]  Loss -0.0398 (-0.5502)  Time:  0.196 (0.013)  Data Time:  0.004 (0.005)
2022-03-31 08:41:55,012:INFO:   Eta: 2:09:40
2022-03-31 08:42:24,366:INFO: Train: [15][2593/2594]  Loss 0.0612 (-0.4635)  Time:  0.154 (0.011)  Data Time:  0.004 (0.004)
2022-03-31 08:42:24,367:INFO:   Eta: 1:54:54
2022-03-31 08:42:54,737:INFO: Train: [16][2593/2594]  Loss -0.1550 (-0.6054)  Time:  0.175 (0.012)  Data Time:  0.004 (0.004)
2022-03-31 08:42:54,739:INFO:   Eta: 1:58:22
2022-03-31 08:43:04,971:INFO: Test: [16]  ADE: 0.8626  FDE: 1.2533
2022-03-31 08:43:33,273:INFO: Train: [17][2593/2594]  Loss -0.1995 (-0.6788)  Time:  0.161 (0.011)  Data Time:  0.004 (0.003)
2022-03-31 08:43:33,288:INFO:   Eta: 1:49:49
2022-03-31 08:44:02,078:INFO: Train: [18][2593/2594]  Loss -0.2276 (-0.6578)  Time:  0.159 (0.011)  Data Time:  0.004 (0.004)
2022-03-31 08:44:02,080:INFO:   Eta: 1:51:05
2022-03-31 08:44:31,507:INFO: Train: [19][2593/2594]  Loss -0.2430 (-0.6739)  Time:  0.205 (0.011)  Data Time:  0.005 (0.004)
2022-03-31 08:44:31,508:INFO:   Eta: 1:53:14
2022-03-31 08:45:01,940:INFO: Train: [20][2593/2594]  Loss -0.2038 (-0.6790)  Time:  0.208 (0.012)  Data Time:  0.004 (0.004)
2022-03-31 08:45:01,941:INFO:   Eta: 1:56:35
2022-03-31 08:45:36,700:INFO: Train: [21][2593/2594]  Loss -0.2357 (-0.7385)  Time:  0.173 (0.013)  Data Time:  0.004 (0.004)
2022-03-31 08:45:36,702:INFO:   Eta: 2:12:34
2022-03-31 08:46:09,651:INFO: Train: [22][2593/2594]  Loss -0.2192 (-0.8621)  Time:  0.165 (0.013)  Data Time:  0.004 (0.005)
2022-03-31 08:46:09,652:INFO:   Eta: 2:05:08
2022-03-31 08:46:42,351:INFO: Train: [23][2593/2594]  Loss -0.2198 (-0.7820)  Time:  0.174 (0.013)  Data Time:  0.005 (0.005)
2022-03-31 08:46:42,352:INFO:   Eta: 2:03:39
2022-03-31 08:47:13,033:INFO: Train: [24][2593/2594]  Loss -0.2871 (-0.8279)  Time:  0.161 (0.012)  Data Time:  0.003 (0.004)
2022-03-31 08:47:13,034:INFO:   Eta: 1:55:30
2022-03-31 08:47:42,114:INFO: Train: [25][2593/2594]  Loss -0.2034 (-0.7658)  Time:  0.155 (0.011)  Data Time:  0.004 (0.004)
2022-03-31 08:47:42,115:INFO:   Eta: 1:48:59
2022-03-31 08:48:14,738:INFO: Train: [26][2593/2594]  Loss -0.2460 (-0.8927)  Time:  0.180 (0.013)  Data Time:  0.005 (0.005)
2022-03-31 08:48:14,739:INFO:   Eta: 2:01:44
2022-03-31 08:48:24,477:INFO: Test: [26]  ADE: 0.7264  FDE: 1.1008
2022-03-31 08:48:56,856:INFO: Train: [27][2593/2594]  Loss -0.2463 (-0.7350)  Time:  0.193 (0.012)  Data Time:  0.005 (0.005)
2022-03-31 08:48:56,857:INFO:   Eta: 2:00:16
2022-03-31 08:49:27,516:INFO: Train: [28][2593/2594]  Loss -0.2932 (-0.9490)  Time:  0.175 (0.012)  Data Time:  0.004 (0.004)
2022-03-31 08:49:27,518:INFO:   Eta: 1:53:23
2022-03-31 08:49:55,885:INFO: Train: [29][2593/2594]  Loss -0.2529 (-0.8894)  Time:  0.153 (0.011)  Data Time:  0.003 (0.004)
2022-03-31 08:49:55,886:INFO:   Eta: 1:44:25
2022-03-31 08:50:24,354:INFO: Train: [30][2593/2594]  Loss -0.2413 (-0.9433)  Time:  0.149 (0.011)  Data Time:  0.003 (0.004)
2022-03-31 08:50:24,355:INFO:   Eta: 1:44:20
2022-03-31 08:50:53,277:INFO: Train: [31][2593/2594]  Loss -0.2732 (-0.9181)  Time:  0.168 (0.011)  Data Time:  0.004 (0.004)
2022-03-31 08:50:53,277:INFO:   Eta: 1:45:29
2022-03-31 08:51:25,605:INFO: Train: [32][2593/2594]  Loss -0.3294 (-0.8930)  Time:  0.182 (0.012)  Data Time:  0.004 (0.004)
2022-03-31 08:51:25,606:INFO:   Eta: 1:57:24
2022-03-31 08:51:57,447:INFO: Train: [33][2593/2594]  Loss -0.2463 (-1.0237)  Time:  0.155 (0.012)  Data Time:  0.004 (0.004)
2022-03-31 08:51:57,448:INFO:   Eta: 1:55:06
2022-03-31 08:52:26,183:INFO: Train: [34][2593/2594]  Loss -0.3076 (-0.9900)  Time:  0.156 (0.011)  Data Time:  0.004 (0.004)
2022-03-31 08:52:26,184:INFO:   Eta: 1:43:23
2022-03-31 08:52:57,321:INFO: Train: [35][2593/2594]  Loss -0.2352 (-0.9536)  Time:  0.172 (0.012)  Data Time:  0.005 (0.004)
2022-03-31 08:52:57,322:INFO:   Eta: 1:51:31
2022-03-31 08:53:29,852:INFO: Train: [36][2593/2594]  Loss -0.2815 (-0.8932)  Time:  0.201 (0.013)  Data Time:  0.005 (0.005)
2022-03-31 08:53:29,854:INFO:   Eta: 1:55:58
2022-03-31 08:53:39,731:INFO: Test: [36]  ADE: 0.7063  FDE: 1.1267
2022-03-31 08:54:12,828:INFO: Train: [37][2593/2594]  Loss -0.2383 (-1.0014)  Time:  0.179 (0.013)  Data Time:  0.005 (0.005)
2022-03-31 08:54:12,829:INFO:   Eta: 1:57:26
2022-03-31 08:54:45,197:INFO: Train: [38][2593/2594]  Loss -0.3383 (-1.0034)  Time:  0.165 (0.012)  Data Time:  0.005 (0.005)
2022-03-31 08:54:45,199:INFO:   Eta: 1:54:18
2022-03-31 08:55:17,952:INFO: Train: [39][2593/2594]  Loss -0.3160 (-1.0561)  Time:  0.179 (0.013)  Data Time:  0.004 (0.005)
2022-03-31 08:55:17,952:INFO:   Eta: 1:55:06
2022-03-31 08:55:47,684:INFO: Train: [40][2593/2594]  Loss -0.3800 (-0.9725)  Time:  0.158 (0.011)  Data Time:  0.004 (0.004)
2022-03-31 08:55:47,685:INFO:   Eta: 1:44:00
2022-03-31 08:56:17,556:INFO: Train: [41][2593/2594]  Loss -0.2713 (-1.0910)  Time:  0.151 (0.012)  Data Time:  0.003 (0.003)
2022-03-31 08:56:17,557:INFO:   Eta: 1:43:59
2022-03-31 08:56:46,435:INFO: Train: [42][2593/2594]  Loss -0.2057 (-0.9171)  Time:  0.146 (0.011)  Data Time:  0.003 (0.004)
2022-03-31 08:56:46,437:INFO:   Eta: 1:40:03
2022-03-31 08:57:13,948:INFO: Train: [43][2593/2594]  Loss -0.2225 (-1.1319)  Time:  0.182 (0.011)  Data Time:  0.004 (0.003)
2022-03-31 08:57:13,951:INFO:   Eta: 1:34:51
2022-03-31 08:57:44,278:INFO: Train: [44][2593/2594]  Loss -0.3370 (-1.1503)  Time:  0.166 (0.012)  Data Time:  0.005 (0.004)
2022-03-31 08:57:44,299:INFO:   Eta: 1:44:00
2022-03-31 08:58:16,800:INFO: Train: [45][2593/2594]  Loss -0.2730 (-1.0676)  Time:  0.165 (0.013)  Data Time:  0.004 (0.004)
2022-03-31 08:58:16,804:INFO:   Eta: 1:50:56
2022-03-31 08:58:50,136:INFO: Train: [46][2593/2594]  Loss -0.3083 (-1.0951)  Time:  0.173 (0.013)  Data Time:  0.003 (0.005)
2022-03-31 08:58:50,137:INFO:   Eta: 1:53:12
2022-03-31 08:59:00,295:INFO: Test: [46]  ADE: 0.5946  FDE: 0.9587
2022-03-31 08:59:32,967:INFO: Train: [47][2593/2594]  Loss -0.2160 (-1.1580)  Time:  0.176 (0.013)  Data Time:  0.005 (0.005)
2022-03-31 08:59:32,968:INFO:   Eta: 1:50:28
2022-03-31 09:00:05,350:INFO: Train: [48][2593/2594]  Loss -0.1623 (-0.9791)  Time:  0.177 (0.012)  Data Time:  0.005 (0.005)
2022-03-31 09:00:05,352:INFO:   Eta: 1:48:57
2022-03-31 09:00:38,000:INFO: Train: [49][2593/2594]  Loss -0.1560 (-1.1181)  Time:  0.195 (0.013)  Data Time:  0.004 (0.005)
2022-03-31 09:00:38,001:INFO:   Eta: 1:49:19
2022-03-31 09:01:11,206:INFO: Train: [50][2593/2594]  Loss -0.2869 (-1.2048)  Time:  0.177 (0.013)  Data Time:  0.005 (0.005)
2022-03-31 09:01:11,208:INFO:   Eta: 1:50:37
2022-03-31 09:01:42,269:INFO: Train: [51][2593/2594]  Loss -0.2768 (-1.1910)  Time:  0.178 (0.012)  Data Time:  0.004 (0.004)
2022-03-31 09:01:42,270:INFO:   Eta: 1:42:57
2022-03-31 09:02:08,609:INFO: Train: [52][2593/2594]  Loss -0.3172 (-1.0951)  Time:  0.163 (0.010)  Data Time:  0.003 (0.003)
2022-03-31 09:02:08,611:INFO:   Eta: 1:26:52
2022-03-31 09:02:35,107:INFO: Train: [53][2593/2594]  Loss -0.3609 (-1.2165)  Time:  0.157 (0.010)  Data Time:  0.004 (0.003)
2022-03-31 09:02:35,107:INFO:   Eta: 1:26:56
2022-03-31 09:03:02,782:INFO: Train: [54][2593/2594]  Loss -0.3460 (-1.2259)  Time:  0.156 (0.011)  Data Time:  0.004 (0.003)
2022-03-31 09:03:02,783:INFO:   Eta: 1:30:21
2022-03-31 09:03:34,469:INFO: Train: [55][2593/2594]  Loss -0.2959 (-1.1156)  Time:  0.183 (0.012)  Data Time:  0.004 (0.004)
2022-03-31 09:03:34,470:INFO:   Eta: 1:42:55
2022-03-31 09:04:07,180:INFO: Train: [56][2593/2594]  Loss -0.3415 (-1.2051)  Time:  0.194 (0.013)  Data Time:  0.005 (0.004)
2022-03-31 09:04:07,182:INFO:   Eta: 1:45:42
2022-03-31 09:04:17,269:INFO: Test: [56]  ADE: 0.5566  FDE: 0.9122
2022-03-31 09:04:50,249:INFO: Train: [57][2593/2594]  Loss -0.3189 (-1.1774)  Time:  0.207 (0.013)  Data Time:  0.005 (0.005)
2022-03-31 09:04:50,250:INFO:   Eta: 1:46:01
2022-03-31 09:05:22,886:INFO: Train: [58][2593/2594]  Loss -0.3040 (-1.2112)  Time:  0.175 (0.013)  Data Time:  0.006 (0.005)
2022-03-31 09:05:22,887:INFO:   Eta: 1:44:22
2022-03-31 09:05:55,735:INFO: Train: [59][2593/2594]  Loss -0.3001 (-1.2427)  Time:  0.181 (0.013)  Data Time:  0.005 (0.005)
2022-03-31 09:05:55,737:INFO:   Eta: 1:44:31
2022-03-31 09:06:30,263:INFO: Train: [60][2593/2594]  Loss -0.3452 (-1.2527)  Time:  0.164 (0.013)  Data Time:  0.004 (0.005)
2022-03-31 09:06:30,264:INFO:   Eta: 1:49:16
2022-03-31 09:07:01,063:INFO: Train: [61][2593/2594]  Loss -0.3378 (-1.2400)  Time:  0.155 (0.012)  Data Time:  0.003 (0.004)
2022-03-31 09:07:01,064:INFO:   Eta: 1:36:49
2022-03-31 09:07:32,076:INFO: Train: [62][2593/2594]  Loss -0.3450 (-1.2565)  Time:  0.209 (0.012)  Data Time:  0.006 (0.004)
2022-03-31 09:07:32,077:INFO:   Eta: 1:37:07
2022-03-31 09:07:59,017:INFO: Train: [63][2593/2594]  Loss -0.2585 (-1.2003)  Time:  0.176 (0.010)  Data Time:  0.004 (0.003)
2022-03-31 09:07:59,018:INFO:   Eta: 1:23:55
2022-03-31 09:08:27,414:INFO: Train: [64][2593/2594]  Loss -0.2970 (-1.2723)  Time:  0.153 (0.011)  Data Time:  0.004 (0.004)
2022-03-31 09:08:27,415:INFO:   Eta: 1:27:59
2022-03-31 09:08:55,864:INFO: Train: [65][2593/2594]  Loss -0.3640 (-1.3147)  Time:  0.150 (0.011)  Data Time:  0.004 (0.004)
2022-03-31 09:08:55,865:INFO:   Eta: 1:27:40
2022-03-31 09:09:25,063:INFO: Train: [66][2593/2594]  Loss -0.1923 (-1.0358)  Time:  0.167 (0.011)  Data Time:  0.004 (0.004)
2022-03-31 09:09:25,065:INFO:   Eta: 1:29:29
2022-03-31 09:09:35,000:INFO: Test: [66]  ADE: 0.5517  FDE: 0.8438
2022-03-31 09:10:07,598:INFO: Train: [67][2593/2594]  Loss -0.3999 (-1.3082)  Time:  0.207 (0.013)  Data Time:  0.005 (0.005)
2022-03-31 09:10:07,599:INFO:   Eta: 1:39:22
2022-03-31 09:10:39,754:INFO: Train: [68][2593/2594]  Loss -0.3438 (-1.3221)  Time:  0.177 (0.012)  Data Time:  0.005 (0.005)
2022-03-31 09:10:39,755:INFO:   Eta: 1:37:29
2022-03-31 09:11:12,141:INFO: Train: [69][2593/2594]  Loss -0.3775 (-1.2915)  Time:  0.171 (0.012)  Data Time:  0.004 (0.005)
2022-03-31 09:11:12,142:INFO:   Eta: 1:37:39
2022-03-31 09:11:44,293:INFO: Train: [70][2593/2594]  Loss -0.3638 (-1.2376)  Time:  0.152 (0.012)  Data Time:  0.003 (0.005)
2022-03-31 09:11:44,295:INFO:   Eta: 1:36:24
2022-03-31 09:12:14,007:INFO: Train: [71][2593/2594]  Loss -0.4075 (-1.3018)  Time:  0.167 (0.011)  Data Time:  0.004 (0.004)
2022-03-31 09:12:14,008:INFO:   Eta: 1:28:34
2022-03-31 09:12:46,727:INFO: Train: [72][2593/2594]  Loss -0.3524 (-1.3044)  Time:  0.176 (0.013)  Data Time:  0.004 (0.005)
2022-03-31 09:12:46,730:INFO:   Eta: 1:37:01
2022-03-31 09:13:18,376:INFO: Train: [73][2593/2594]  Loss -0.2747 (-1.3800)  Time:  0.178 (0.012)  Data Time:  0.005 (0.004)
2022-03-31 09:13:18,377:INFO:   Eta: 1:33:18
2022-03-31 09:13:49,964:INFO: Train: [74][2593/2594]  Loss -0.3227 (-1.2874)  Time:  0.149 (0.012)  Data Time:  0.003 (0.004)
2022-03-31 09:13:49,966:INFO:   Eta: 1:32:36
2022-03-31 09:14:18,768:INFO: Train: [75][2593/2594]  Loss -0.4140 (-1.2702)  Time:  0.150 (0.011)  Data Time:  0.005 (0.004)
2022-03-31 09:14:18,769:INFO:   Eta: 1:23:56
2022-03-31 09:14:47,152:INFO: Train: [76][2593/2594]  Loss -0.3485 (-1.3255)  Time:  0.164 (0.011)  Data Time:  0.004 (0.004)
2022-03-31 09:14:47,153:INFO:   Eta: 1:22:15
2022-03-31 09:14:56,508:INFO: Test: [76]  ADE: 0.4955  FDE: 0.7502
2022-03-31 09:15:24,996:INFO: Train: [77][2593/2594]  Loss -0.3557 (-1.3573)  Time:  0.187 (0.011)  Data Time:  0.004 (0.004)
2022-03-31 09:15:24,997:INFO:   Eta: 1:22:05
2022-03-31 09:15:56,836:INFO: Train: [78][2593/2594]  Loss -0.3712 (-1.2788)  Time:  0.174 (0.012)  Data Time:  0.005 (0.005)
2022-03-31 09:15:56,837:INFO:   Eta: 1:31:13
2022-03-31 09:16:30,072:INFO: Train: [79][2593/2594]  Loss -0.3086 (-1.2216)  Time:  0.175 (0.013)  Data Time:  0.005 (0.005)
2022-03-31 09:16:30,073:INFO:   Eta: 1:34:39
2022-03-31 09:17:01,744:INFO: Train: [80][2593/2594]  Loss -0.3879 (-1.2363)  Time:  0.206 (0.012)  Data Time:  0.004 (0.004)
2022-03-31 09:17:01,745:INFO:   Eta: 1:29:40
2022-03-31 09:17:33,828:INFO: Train: [81][2593/2594]  Loss -0.3936 (-1.3333)  Time:  0.179 (0.012)  Data Time:  0.004 (0.004)
2022-03-31 09:17:33,830:INFO:   Eta: 1:30:19
2022-03-31 09:18:04,987:INFO: Train: [82][2593/2594]  Loss -0.4096 (-1.4019)  Time:  0.192 (0.012)  Data Time:  0.006 (0.004)
2022-03-31 09:18:04,988:INFO:   Eta: 1:27:10
2022-03-31 09:18:37,990:INFO: Train: [83][2593/2594]  Loss -0.4066 (-1.3367)  Time:  0.171 (0.013)  Data Time:  0.005 (0.005)
2022-03-31 09:18:37,990:INFO:   Eta: 1:31:48
2022-03-31 09:19:10,773:INFO: Train: [84][2593/2594]  Loss -0.3850 (-1.3089)  Time:  0.189 (0.013)  Data Time:  0.004 (0.005)
2022-03-31 09:19:10,775:INFO:   Eta: 1:30:39
2022-03-31 09:19:43,844:INFO: Train: [85][2593/2594]  Loss -0.3820 (-1.3406)  Time:  0.190 (0.013)  Data Time:  0.006 (0.005)
2022-03-31 09:19:43,848:INFO:   Eta: 1:30:53
2022-03-31 09:20:14,126:INFO: Train: [86][2593/2594]  Loss -0.4061 (-1.3735)  Time:  0.162 (0.012)  Data Time:  0.004 (0.004)
2022-03-31 09:20:14,128:INFO:   Eta: 1:22:42
2022-03-31 09:20:23,620:INFO: Test: [86]  ADE: 0.4702  FDE: 0.7209
2022-03-31 09:20:52,548:INFO: Train: [87][2593/2594]  Loss -0.3465 (-1.3738)  Time:  0.195 (0.011)  Data Time:  0.003 (0.004)
2022-03-31 09:20:52,550:INFO:   Eta: 1:18:32
2022-03-31 09:21:21,315:INFO: Train: [88][2593/2594]  Loss -0.3107 (-1.3645)  Time:  0.176 (0.011)  Data Time:  0.003 (0.004)
2022-03-31 09:21:21,316:INFO:   Eta: 1:17:36
2022-03-31 09:21:49,542:INFO: Train: [89][2593/2594]  Loss -0.3305 (-1.3914)  Time:  0.154 (0.011)  Data Time:  0.003 (0.003)
2022-03-31 09:21:49,607:INFO:   Eta: 1:15:41
2022-03-31 09:22:20,642:INFO: Train: [90][2593/2594]  Loss -0.3448 (-1.3336)  Time:  0.182 (0.012)  Data Time:  0.005 (0.004)
2022-03-31 09:22:20,643:INFO:   Eta: 1:22:43
2022-03-31 09:22:52,283:INFO: Train: [91][2593/2594]  Loss -0.3630 (-1.4591)  Time:  0.153 (0.012)  Data Time:  0.004 (0.004)
2022-03-31 09:22:52,285:INFO:   Eta: 1:23:48
2022-03-31 09:23:23,631:INFO: Train: [92][2593/2594]  Loss -0.3192 (-1.3591)  Time:  0.178 (0.012)  Data Time:  0.005 (0.004)
2022-03-31 09:23:23,631:INFO:   Eta: 1:22:29
2022-03-31 09:23:56,051:INFO: Train: [93][2593/2594]  Loss -0.3256 (-1.4195)  Time:  0.206 (0.012)  Data Time:  0.004 (0.005)
2022-03-31 09:23:56,052:INFO:   Eta: 1:24:47
2022-03-31 09:24:29,016:INFO: Train: [94][2593/2594]  Loss -0.3842 (-1.4114)  Time:  0.173 (0.013)  Data Time:  0.004 (0.005)
2022-03-31 09:24:29,017:INFO:   Eta: 1:25:39
2022-03-31 09:25:01,986:INFO: Train: [95][2593/2594]  Loss -0.3876 (-1.3932)  Time:  0.188 (0.013)  Data Time:  0.005 (0.005)
2022-03-31 09:25:01,987:INFO:   Eta: 1:25:07
2022-03-31 09:25:35,062:INFO: Train: [96][2593/2594]  Loss -0.3850 (-1.2614)  Time:  0.174 (0.013)  Data Time:  0.004 (0.005)
2022-03-31 09:25:35,063:INFO:   Eta: 1:24:51
2022-03-31 09:25:45,212:INFO: Test: [96]  ADE: 0.4840  FDE: 0.7921
2022-03-31 09:26:15,994:INFO: Train: [97][2593/2594]  Loss -0.3544 (-1.2390)  Time:  0.155 (0.012)  Data Time:  0.004 (0.004)
2022-03-31 09:26:15,996:INFO:   Eta: 1:18:27
2022-03-31 09:26:43,707:INFO: Train: [98][2593/2594]  Loss -0.3998 (-1.4120)  Time:  0.139 (0.011)  Data Time:  0.003 (0.003)
2022-03-31 09:26:43,708:INFO:   Eta: 1:10:07
2022-03-31 09:27:09,411:INFO: Train: [99][2593/2594]  Loss -0.4264 (-1.4484)  Time:  0.188 (0.010)  Data Time:  0.004 (0.003)
2022-03-31 09:27:09,412:INFO:   Eta: 1:04:38
2022-03-31 09:27:40,928:INFO: Train: [100][2593/2594]  Loss -0.3888 (-1.3705)  Time:  0.152 (0.012)  Data Time:  0.006 (0.004)
2022-03-31 09:27:40,929:INFO:   Eta: 1:18:44
2022-03-31 09:28:10,619:INFO: Train: [101][2593/2594]  Loss -0.3702 (-1.4201)  Time:  0.172 (0.011)  Data Time:  0.005 (0.004)
2022-03-31 09:28:10,621:INFO:   Eta: 1:13:41
2022-03-31 09:28:43,257:INFO: Train: [102][2593/2594]  Loss -0.3356 (-1.3807)  Time:  0.161 (0.013)  Data Time:  0.004 (0.005)
2022-03-31 09:28:43,258:INFO:   Eta: 1:20:28
2022-03-31 09:29:15,985:INFO: Train: [103][2593/2594]  Loss -0.4031 (-1.3936)  Time:  0.172 (0.013)  Data Time:  0.004 (0.005)
2022-03-31 09:29:15,986:INFO:   Eta: 1:20:08
2022-03-31 09:29:48,467:INFO: Train: [104][2593/2594]  Loss -0.3893 (-1.2920)  Time:  0.197 (0.013)  Data Time:  0.004 (0.005)
2022-03-31 09:29:48,470:INFO:   Eta: 1:19:00
2022-03-31 09:30:21,884:INFO: Train: [105][2593/2594]  Loss -0.3745 (-1.4875)  Time:  0.196 (0.013)  Data Time:  0.005 (0.005)
2022-03-31 09:30:21,886:INFO:   Eta: 1:20:41
2022-03-31 09:30:54,182:INFO: Train: [106][2593/2594]  Loss -0.3512 (-1.4784)  Time:  0.210 (0.012)  Data Time:  0.006 (0.005)
2022-03-31 09:30:58,816:INFO:   Eta: 1:17:28
2022-03-31 09:31:09,119:INFO: Test: [106]  ADE: 0.4863  FDE: 0.6670
2022-03-31 09:31:41,146:INFO: Train: [107][2593/2594]  Loss -0.3805 (-1.4694)  Time:  0.169 (0.012)  Data Time:  0.005 (0.005)
2022-03-31 09:31:41,147:INFO:   Eta: 1:16:17
2022-03-31 09:32:10,902:INFO: Train: [108][2593/2594]  Loss -0.4223 (-1.4163)  Time:  0.165 (0.011)  Data Time:  0.005 (0.004)
2022-03-31 09:32:10,903:INFO:   Eta: 1:10:23
2022-03-31 09:32:39,021:INFO: Train: [109][2593/2594]  Loss -0.3545 (-1.4695)  Time:  0.151 (0.011)  Data Time:  0.004 (0.004)
2022-03-31 09:32:39,029:INFO:   Eta: 1:06:02
2022-03-31 09:33:07,458:INFO: Train: [110][2593/2594]  Loss -0.3757 (-1.3444)  Time:  0.135 (0.011)  Data Time:  0.002 (0.004)
2022-03-31 09:33:07,459:INFO:   Eta: 1:06:18
2022-03-31 09:33:34,798:INFO: Train: [111][2593/2594]  Loss -0.3315 (-1.4484)  Time:  0.156 (0.011)  Data Time:  0.003 (0.003)
2022-03-31 09:33:34,843:INFO:   Eta: 1:03:18
2022-03-31 09:34:04,202:INFO: Train: [112][2593/2594]  Loss -0.3823 (-1.3415)  Time:  0.162 (0.011)  Data Time:  0.004 (0.004)
2022-03-31 09:34:04,271:INFO:   Eta: 1:06:53
2022-03-31 09:34:36,734:INFO: Train: [113][2593/2594]  Loss -0.3516 (-1.4566)  Time:  0.175 (0.012)  Data Time:  0.005 (0.005)
2022-03-31 09:34:36,764:INFO:   Eta: 1:13:55
2022-03-31 09:35:09,760:INFO: Train: [114][2593/2594]  Loss -0.3556 (-1.4211)  Time:  0.198 (0.013)  Data Time:  0.006 (0.004)
2022-03-31 09:35:09,936:INFO:   Eta: 1:14:08
2022-03-31 09:35:42,878:INFO: Train: [115][2593/2594]  Loss -0.4323 (-1.4129)  Time:  0.169 (0.013)  Data Time:  0.004 (0.005)
2022-03-31 09:35:42,920:INFO:   Eta: 1:13:53
2022-03-31 09:36:15,794:INFO: Train: [116][2593/2594]  Loss -0.3161 (-1.4413)  Time:  0.174 (0.013)  Data Time:  0.004 (0.005)
2022-03-31 09:36:15,796:INFO:   Eta: 1:12:59
2022-03-31 09:36:25,936:INFO: Test: [116]  ADE: 0.5250  FDE: 0.7177
2022-03-31 09:36:55,865:INFO: Train: [117][2593/2594]  Loss -0.3973 (-1.4805)  Time:  0.162 (0.012)  Data Time:  0.004 (0.004)
2022-03-31 09:36:56,117:INFO:   Eta: 1:06:18
2022-03-31 09:37:27,881:INFO: Train: [118][2593/2594]  Loss -0.4222 (-1.5091)  Time:  0.165 (0.012)  Data Time:  0.004 (0.004)
2022-03-31 09:37:27,979:INFO:   Eta: 1:09:51
2022-03-31 09:38:00,373:INFO: Train: [119][2593/2594]  Loss -0.3843 (-1.5181)  Time:  0.181 (0.012)  Data Time:  0.007 (0.005)
2022-03-31 09:38:00,375:INFO:   Eta: 1:10:41
2022-03-31 09:38:32,466:INFO: Train: [120][2593/2594]  Loss -0.3068 (-1.4772)  Time:  0.218 (0.012)  Data Time:  0.003 (0.004)
2022-03-31 09:38:32,468:INFO:   Eta: 1:09:28
2022-03-31 09:39:02,007:INFO: Train: [121][2593/2594]  Loss -0.3974 (-1.5034)  Time:  0.188 (0.011)  Data Time:  0.004 (0.003)
2022-03-31 09:39:02,008:INFO:   Eta: 1:03:28
2022-03-31 09:39:31,223:INFO: Train: [122][2593/2594]  Loss -0.3500 (-1.4924)  Time:  0.187 (0.011)  Data Time:  0.004 (0.004)
2022-03-31 09:39:31,224:INFO:   Eta: 1:02:17
2022-03-31 09:40:00,059:INFO: Train: [123][2593/2594]  Loss -0.3961 (-1.4331)  Time:  0.169 (0.011)  Data Time:  0.003 (0.004)
2022-03-31 09:40:00,061:INFO:   Eta: 1:01:00
2022-03-31 09:40:31,321:INFO: Train: [124][2593/2594]  Loss -0.3835 (-1.5701)  Time:  0.196 (0.012)  Data Time:  0.007 (0.004)
2022-03-31 09:40:31,322:INFO:   Eta: 1:05:35
2022-03-31 09:41:05,082:INFO: Train: [125][2593/2594]  Loss -0.4334 (-1.4820)  Time:  0.186 (0.013)  Data Time:  0.005 (0.005)
2022-03-31 09:41:05,083:INFO:   Eta: 1:10:17
2022-03-31 09:41:37,522:INFO: Train: [126][2593/2594]  Loss -0.4438 (-1.5301)  Time:  0.147 (0.012)  Data Time:  0.003 (0.004)
2022-03-31 09:41:37,647:INFO:   Eta: 1:07:00
2022-03-31 09:41:47,254:INFO: Test: [126]  ADE: 0.4551  FDE: 0.6542
2022-03-31 09:42:18,572:INFO: Train: [127][2593/2594]  Loss -0.4660 (-1.5010)  Time:  0.174 (0.012)  Data Time:  0.004 (0.004)
2022-03-31 09:42:18,625:INFO:   Eta: 1:04:09
2022-03-31 09:42:51,352:INFO: Train: [128][2593/2594]  Loss -0.3990 (-1.3774)  Time:  0.194 (0.013)  Data Time:  0.005 (0.004)
2022-03-31 09:42:51,435:INFO:   Eta: 1:06:30
2022-03-31 09:43:24,228:INFO: Train: [129][2593/2594]  Loss -0.3701 (-1.4753)  Time:  0.222 (0.013)  Data Time:  0.004 (0.004)
2022-03-31 09:43:24,229:INFO:   Eta: 1:05:44
2022-03-31 09:43:55,826:INFO: Train: [130][2593/2594]  Loss -0.3990 (-1.4150)  Time:  0.195 (0.012)  Data Time:  0.005 (0.004)
2022-03-31 09:43:55,890:INFO:   Eta: 1:03:09
2022-03-31 09:44:28,954:INFO: Train: [131][2593/2594]  Loss -0.4272 (-1.5263)  Time:  0.175 (0.013)  Data Time:  0.005 (0.005)
2022-03-31 09:44:28,971:INFO:   Eta: 1:05:18
2022-03-31 09:44:59,144:INFO: Train: [132][2593/2594]  Loss -0.4070 (-1.4653)  Time:  0.172 (0.012)  Data Time:  0.003 (0.004)
2022-03-31 09:44:59,210:INFO:   Eta: 0:59:00
2022-03-31 09:45:28,361:INFO: Train: [133][2593/2594]  Loss -0.3259 (-1.5430)  Time:  0.157 (0.011)  Data Time:  0.004 (0.004)
2022-03-31 09:45:28,400:INFO:   Eta: 0:56:49
2022-03-31 09:45:57,765:INFO: Train: [134][2593/2594]  Loss -0.4228 (-1.4243)  Time:  0.151 (0.011)  Data Time:  0.004 (0.004)
2022-03-31 09:45:57,766:INFO:   Eta: 0:56:26
2022-03-31 09:46:26,671:INFO: Train: [135][2593/2594]  Loss -0.4075 (-1.5464)  Time:  0.154 (0.011)  Data Time:  0.004 (0.004)
2022-03-31 09:46:26,672:INFO:   Eta: 0:55:22
2022-03-31 09:46:56,913:INFO: Train: [136][2593/2594]  Loss -0.4441 (-1.5403)  Time:  0.191 (0.012)  Data Time:  0.004 (0.004)
2022-03-31 09:46:56,914:INFO:   Eta: 0:57:25
2022-03-31 09:47:07,367:INFO: Test: [136]  ADE: 0.4483  FDE: 0.7363
2022-03-31 09:47:40,312:INFO: Train: [137][2593/2594]  Loss -0.4987 (-1.5302)  Time:  0.175 (0.013)  Data Time:  0.005 (0.005)
2022-03-31 09:47:40,314:INFO:   Eta: 1:02:00
2022-03-31 09:48:13,194:INFO: Train: [138][2593/2594]  Loss -0.4486 (-1.4675)  Time:  0.158 (0.013)  Data Time:  0.003 (0.004)
2022-03-31 09:48:13,195:INFO:   Eta: 1:01:20
2022-03-31 09:48:44,174:INFO: Train: [139][2593/2594]  Loss -0.3898 (-1.4719)  Time:  0.197 (0.012)  Data Time:  0.004 (0.004)
2022-03-31 09:48:44,175:INFO:   Eta: 0:57:16
2022-03-31 09:49:20,027:INFO: Train: [140][2593/2594]  Loss -0.4096 (-1.5471)  Time:  0.192 (0.014)  Data Time:  0.005 (0.004)
2022-03-31 09:49:20,028:INFO:   Eta: 1:04:28
2022-03-31 09:49:52,820:INFO: Train: [141][2593/2594]  Loss -0.4625 (-1.4979)  Time:  0.168 (0.013)  Data Time:  0.004 (0.005)
2022-03-31 09:49:52,821:INFO:   Eta: 0:59:32
2022-03-31 09:50:26,046:INFO: Train: [142][2593/2594]  Loss -0.4381 (-1.5126)  Time:  0.176 (0.013)  Data Time:  0.004 (0.005)
2022-03-31 09:50:26,047:INFO:   Eta: 0:59:46
2022-03-31 09:50:58,093:INFO: Train: [143][2593/2594]  Loss -0.4267 (-1.3793)  Time:  0.190 (0.012)  Data Time:  0.004 (0.004)
2022-03-31 09:50:58,094:INFO:   Eta: 0:57:07
2022-03-31 09:51:27,094:INFO: Train: [144][2593/2594]  Loss -0.4125 (-1.5418)  Time:  0.151 (0.011)  Data Time:  0.004 (0.003)
2022-03-31 09:51:27,095:INFO:   Eta: 0:51:12
2022-03-31 09:51:55,357:INFO: Train: [145][2593/2594]  Loss -0.4374 (-1.5141)  Time:  0.136 (0.011)  Data Time:  0.003 (0.004)
2022-03-31 09:51:55,358:INFO:   Eta: 0:49:25
2022-03-31 09:52:21,319:INFO: Train: [146][2593/2594]  Loss -0.4020 (-1.3581)  Time:  0.139 (0.010)  Data Time:  0.002 (0.003)
2022-03-31 09:52:21,320:INFO:   Eta: 0:44:58
2022-03-31 09:52:30,723:INFO: Test: [146]  ADE: 0.4627  FDE: 0.6202
2022-03-31 09:53:03,057:INFO: Train: [147][2593/2594]  Loss -0.4501 (-1.5443)  Time:  0.175 (0.012)  Data Time:  0.005 (0.004)
2022-03-31 09:53:03,058:INFO:   Eta: 0:55:28
2022-03-31 09:53:35,959:INFO: Train: [148][2593/2594]  Loss -0.3642 (-1.5715)  Time:  0.190 (0.013)  Data Time:  0.005 (0.005)
2022-03-31 09:53:35,961:INFO:   Eta: 0:55:54
2022-03-31 09:54:07,472:INFO: Train: [149][2593/2594]  Loss -0.3648 (-1.5421)  Time:  0.195 (0.012)  Data Time:  0.003 (0.004)
2022-03-31 09:54:07,473:INFO:   Eta: 0:52:59
2022-03-31 09:54:39,487:INFO: Train: [150][2593/2594]  Loss -0.4394 (-1.6605)  Time:  0.161 (0.012)  Data Time:  0.004 (0.004)
2022-03-31 09:54:39,489:INFO:   Eta: 0:53:19
2022-03-31 09:55:12,616:INFO: Train: [151][2593/2594]  Loss -0.4699 (-1.5805)  Time:  0.181 (0.013)  Data Time:  0.007 (0.005)
2022-03-31 09:55:12,617:INFO:   Eta: 0:54:37
2022-03-31 09:55:18,342:INFO: Valid: [151][620/621]  Loss -8.6274 (-5.0657)
2022-03-31 09:55:18,354:INFO: Checkpoint saved...
2022-03-31 09:55:51,326:INFO: Train: [152][2593/2594]  Loss -0.4913 (-1.6943)  Time:  0.178 (0.013)  Data Time:  0.005 (0.004)
2022-03-31 09:55:51,327:INFO:   Eta: 0:53:48
2022-03-31 09:55:57,067:INFO: Valid: [152][620/621]  Loss -8.3347 (-4.8875)
2022-03-31 09:56:29,705:INFO: Train: [153][2593/2594]  Loss -0.4610 (-1.4842)  Time:  0.208 (0.013)  Data Time:  0.004 (0.004)
2022-03-31 09:56:29,718:INFO:   Eta: 0:52:42
2022-03-31 09:56:35,431:INFO: Valid: [153][620/621]  Loss -8.6857 (-5.1051)
2022-03-31 09:56:35,441:INFO: Checkpoint saved...
2022-03-31 09:57:07,241:INFO: Train: [154][2593/2594]  Loss -0.3848 (-1.7047)  Time:  0.150 (0.012)  Data Time:  0.001 (0.004)
2022-03-31 09:57:07,242:INFO:   Eta: 0:50:49
2022-03-31 09:57:12,893:INFO: Valid: [154][620/621]  Loss -7.8356 (-4.6090)
2022-03-31 09:57:41,677:INFO: Train: [155][2593/2594]  Loss -0.4700 (-1.6460)  Time:  0.155 (0.011)  Data Time:  0.002 (0.003)
2022-03-31 09:57:41,678:INFO:   Eta: 0:45:30
2022-03-31 09:57:47,381:INFO: Valid: [155][620/621]  Loss -8.6070 (-5.0553)
2022-03-31 09:58:13,974:INFO: Train: [156][2593/2594]  Loss -0.4814 (-1.6841)  Time:  0.150 (0.010)  Data Time:  0.003 (0.003)
2022-03-31 09:58:13,976:INFO:   Eta: 0:41:36
2022-03-31 09:58:19,373:INFO: Valid: [156][620/621]  Loss -8.6009 (-5.0646)
2022-03-31 09:58:29,147:INFO: Test: [156]  ADE: 0.4424  FDE: 0.6650
2022-03-31 09:58:59,916:INFO: Train: [157][2593/2594]  Loss -0.4580 (-1.6221)  Time:  0.180 (0.012)  Data Time:  0.005 (0.004)
2022-03-31 09:58:59,917:INFO:   Eta: 0:47:39
2022-03-31 09:59:05,779:INFO: Valid: [157][620/621]  Loss -7.9956 (-4.6904)
2022-03-31 09:59:40,497:INFO: Train: [158][2593/2594]  Loss -0.4756 (-1.6903)  Time:  0.218 (0.013)  Data Time:  0.003 (0.005)
2022-03-31 09:59:40,503:INFO:   Eta: 0:53:10
2022-03-31 09:59:46,635:INFO: Valid: [158][620/621]  Loss -8.0000 (-4.7023)
2022-03-31 10:00:17,010:INFO: Train: [159][2593/2594]  Loss -0.3952 (-1.6905)  Time:  0.158 (0.012)  Data Time:  0.003 (0.004)
2022-03-31 10:00:17,012:INFO:   Eta: 0:46:01
2022-03-31 10:00:22,805:INFO: Valid: [159][620/621]  Loss -8.6870 (-5.1097)
2022-03-31 10:00:22,821:INFO: Checkpoint saved...
2022-03-31 10:00:54,933:INFO: Train: [160][2593/2594]  Loss -0.4611 (-1.5100)  Time:  0.167 (0.012)  Data Time:  0.004 (0.004)
2022-03-31 10:00:54,935:INFO:   Eta: 0:48:07
2022-03-31 10:01:00,731:INFO: Valid: [160][620/621]  Loss -8.6780 (-5.1065)
2022-03-31 10:01:34,073:INFO: Train: [161][2593/2594]  Loss -0.4322 (-1.5728)  Time:  0.225 (0.013)  Data Time:  0.005 (0.004)
2022-03-31 10:01:34,074:INFO:   Eta: 0:49:24
2022-03-31 10:01:39,943:INFO: Valid: [161][620/621]  Loss -8.7179 (-5.1124)
2022-03-31 10:01:39,951:INFO: Checkpoint saved...
2022-03-31 10:02:12,303:INFO: Train: [162][2593/2594]  Loss -0.4852 (-1.7124)  Time:  0.169 (0.012)  Data Time:  0.004 (0.004)
2022-03-31 10:02:12,304:INFO:   Eta: 0:47:24
2022-03-31 10:02:18,189:INFO: Valid: [162][620/621]  Loss -8.6798 (-5.0976)
2022-03-31 10:02:50,397:INFO: Train: [163][2593/2594]  Loss -0.5291 (-1.5626)  Time:  0.155 (0.012)  Data Time:  0.004 (0.004)
2022-03-31 10:02:50,399:INFO:   Eta: 0:46:39
2022-03-31 10:02:56,070:INFO: Valid: [163][620/621]  Loss -8.2058 (-4.8156)
2022-03-31 10:03:26,697:INFO: Train: [164][2593/2594]  Loss -0.4364 (-1.7420)  Time:  0.144 (0.012)  Data Time:  0.003 (0.004)
2022-03-31 10:03:26,699:INFO:   Eta: 0:43:51
2022-03-31 10:03:32,588:INFO: Valid: [164][620/621]  Loss -8.2826 (-4.8653)
2022-03-31 10:03:58,484:INFO: Train: [165][2593/2594]  Loss -0.4978 (-1.5565)  Time:  0.194 (0.010)  Data Time:  0.002 (0.003)
2022-03-31 10:03:58,485:INFO:   Eta: 0:36:39
2022-03-31 10:04:04,167:INFO: Valid: [165][620/621]  Loss -8.2662 (-4.8482)
2022-03-31 10:04:32,862:INFO: Train: [166][2593/2594]  Loss -0.3766 (-1.6777)  Time:  0.177 (0.011)  Data Time:  0.004 (0.003)
2022-03-31 10:04:32,863:INFO:   Eta: 0:40:08
2022-03-31 10:04:38,672:INFO: Valid: [166][620/621]  Loss -8.7426 (-5.1348)
2022-03-31 10:04:38,683:INFO: Checkpoint saved...
2022-03-31 10:04:48,293:INFO: Test: [166]  ADE: 0.4444  FDE: 0.6562
2022-03-31 10:05:18,795:INFO: Train: [167][2593/2594]  Loss -0.4812 (-1.6442)  Time:  0.207 (0.012)  Data Time:  0.004 (0.004)
2022-03-31 10:05:18,796:INFO:   Eta: 0:42:10
2022-03-31 10:05:24,683:INFO: Valid: [167][620/621]  Loss -8.7521 (-5.1448)
2022-03-31 10:05:24,694:INFO: Checkpoint saved...
2022-03-31 10:05:57,409:INFO: Train: [168][2593/2594]  Loss -0.4356 (-1.7612)  Time:  0.164 (0.013)  Data Time:  0.004 (0.005)
2022-03-31 10:05:57,410:INFO:   Eta: 0:44:39
2022-03-31 10:06:03,343:INFO: Valid: [168][620/621]  Loss -8.6277 (-5.0787)
2022-03-31 10:06:34,668:INFO: Train: [169][2593/2594]  Loss -0.4810 (-1.7194)  Time:  0.172 (0.012)  Data Time:  0.005 (0.004)
2022-03-31 10:06:34,671:INFO:   Eta: 0:42:14
2022-03-31 10:06:40,660:INFO: Valid: [169][620/621]  Loss -8.7215 (-5.1116)
2022-03-31 10:07:13,227:INFO: Train: [170][2593/2594]  Loss -0.4361 (-1.7154)  Time:  0.177 (0.013)  Data Time:  0.004 (0.004)
2022-03-31 10:07:13,228:INFO:   Eta: 0:43:23
2022-03-31 10:07:19,261:INFO: Valid: [170][620/621]  Loss -8.3059 (-4.8629)
2022-03-31 10:07:51,178:INFO: Train: [171][2593/2594]  Loss -0.4908 (-1.6070)  Time:  0.171 (0.012)  Data Time:  0.005 (0.004)
2022-03-31 10:07:51,179:INFO:   Eta: 0:41:59
2022-03-31 10:07:57,032:INFO: Valid: [171][620/621]  Loss -7.9947 (-4.6840)
2022-03-31 10:08:29,855:INFO: Train: [172][2593/2594]  Loss -0.3903 (-1.7379)  Time:  0.179 (0.013)  Data Time:  0.004 (0.004)
2022-03-31 10:08:29,856:INFO:   Eta: 0:42:37
2022-03-31 10:08:35,573:INFO: Valid: [172][620/621]  Loss -8.7533 (-5.1407)
2022-03-31 10:08:35,584:INFO: Checkpoint saved...
2022-03-31 10:09:07,915:INFO: Train: [173][2593/2594]  Loss -0.4260 (-1.6429)  Time:  0.177 (0.012)  Data Time:  0.005 (0.004)
2022-03-31 10:09:07,916:INFO:   Eta: 0:41:27
2022-03-31 10:09:13,873:INFO: Valid: [173][620/621]  Loss -8.5631 (-5.0486)
2022-03-31 10:09:43,770:INFO: Train: [174][2593/2594]  Loss -0.4889 (-1.6017)  Time:  0.156 (0.012)  Data Time:  0.004 (0.004)
2022-03-31 10:09:43,770:INFO:   Eta: 0:37:48
2022-03-31 10:09:49,391:INFO: Valid: [174][620/621]  Loss -8.7944 (-5.1552)
2022-03-31 10:09:49,403:INFO: Checkpoint saved...
2022-03-31 10:10:20,321:INFO: Train: [175][2593/2594]  Loss -0.3946 (-1.6191)  Time:  0.161 (0.012)  Data Time:  0.004 (0.003)
2022-03-31 10:10:20,322:INFO:   Eta: 0:38:36
2022-03-31 10:10:26,354:INFO: Valid: [175][620/621]  Loss -8.7410 (-5.1399)
2022-03-31 10:10:54,704:INFO: Train: [176][2593/2594]  Loss -0.4340 (-1.7540)  Time:  0.179 (0.011)  Data Time:  0.003 (0.003)
2022-03-31 10:10:54,705:INFO:   Eta: 0:34:55
2022-03-31 10:11:00,616:INFO: Valid: [176][620/621]  Loss -8.6087 (-5.0392)
2022-03-31 10:11:10,668:INFO: Test: [176]  ADE: 0.4637  FDE: 0.6434
2022-03-31 10:11:38,953:INFO: Train: [177][2593/2594]  Loss -0.4069 (-1.4935)  Time:  0.152 (0.011)  Data Time:  0.003 (0.003)
2022-03-31 10:11:38,954:INFO:   Eta: 0:34:23
2022-03-31 10:11:44,843:INFO: Valid: [177][620/621]  Loss -8.3948 (-4.9542)
2022-03-31 10:12:16,774:INFO: Train: [178][2593/2594]  Loss -0.4881 (-1.5460)  Time:  0.187 (0.012)  Data Time:  0.004 (0.004)
2022-03-31 10:12:16,777:INFO:   Eta: 0:38:16
2022-03-31 10:12:22,658:INFO: Valid: [178][620/621]  Loss -8.2868 (-4.8606)
2022-03-31 10:12:55,059:INFO: Train: [179][2593/2594]  Loss -0.4406 (-1.6918)  Time:  0.178 (0.012)  Data Time:  0.004 (0.004)
2022-03-31 10:12:55,060:INFO:   Eta: 0:38:17
2022-03-31 10:13:01,311:INFO: Valid: [179][620/621]  Loss -8.6123 (-5.0701)
2022-03-31 10:13:33,519:INFO: Train: [180][2593/2594]  Loss -0.4048 (-1.7009)  Time:  0.172 (0.012)  Data Time:  0.004 (0.005)
2022-03-31 10:13:33,525:INFO:   Eta: 0:37:31
2022-03-31 10:13:39,393:INFO: Valid: [180][620/621]  Loss -8.4685 (-4.9825)
2022-03-31 10:14:11,597:INFO: Train: [181][2593/2594]  Loss -0.4342 (-1.6217)  Time:  0.179 (0.012)  Data Time:  0.004 (0.004)
2022-03-31 10:14:11,598:INFO:   Eta: 0:37:00
2022-03-31 10:14:17,698:INFO: Valid: [181][620/621]  Loss -8.4647 (-4.9758)
2022-03-31 10:14:50,064:INFO: Train: [182][2593/2594]  Loss -0.4378 (-1.3896)  Time:  0.167 (0.012)  Data Time:  0.004 (0.004)
2022-03-31 10:14:50,065:INFO:   Eta: 0:36:39
2022-03-31 10:14:55,953:INFO: Valid: [182][620/621]  Loss -8.3630 (-4.9266)
2022-03-31 10:15:26,429:INFO: Train: [183][2593/2594]  Loss -0.4701 (-1.7318)  Time:  0.167 (0.012)  Data Time:  0.003 (0.004)
2022-03-31 10:15:26,430:INFO:   Eta: 0:33:59
2022-03-31 10:15:31,959:INFO: Valid: [183][620/621]  Loss -8.3119 (-4.8873)
2022-03-31 10:16:03,396:INFO: Train: [184][2593/2594]  Loss -0.4680 (-1.6842)  Time:  0.188 (0.012)  Data Time:  0.004 (0.004)
2022-03-31 10:16:03,397:INFO:   Eta: 0:34:32
2022-03-31 10:16:09,067:INFO: Valid: [184][620/621]  Loss -8.6496 (-5.0613)
2022-03-31 10:16:41,614:INFO: Train: [185][2593/2594]  Loss -0.4579 (-1.7073)  Time:  0.200 (0.013)  Data Time:  0.005 (0.004)
2022-03-31 10:16:41,616:INFO:   Eta: 0:35:13
2022-03-31 10:16:47,146:INFO: Valid: [185][620/621]  Loss -8.3046 (-4.8919)
2022-03-31 10:17:18,008:INFO: Train: [186][2593/2594]  Loss -0.3912 (-1.6737)  Time:  0.161 (0.012)  Data Time:  0.004 (0.004)
2022-03-31 10:17:18,010:INFO:   Eta: 0:32:52
2022-03-31 10:17:23,871:INFO: Valid: [186][620/621]  Loss -8.7685 (-5.1513)
2022-03-31 10:17:33,842:INFO: Test: [186]  ADE: 0.4549  FDE: 0.6494
2022-03-31 10:18:02,679:INFO: Train: [187][2593/2594]  Loss -0.3982 (-1.7726)  Time:  0.163 (0.011)  Data Time:  0.004 (0.004)
2022-03-31 10:18:02,680:INFO:   Eta: 0:30:15
2022-03-31 10:18:08,439:INFO: Valid: [187][620/621]  Loss -8.3690 (-4.9077)
2022-03-31 10:18:35,732:INFO: Train: [188][2593/2594]  Loss -0.4253 (-1.5724)  Time:  0.181 (0.011)  Data Time:  0.004 (0.003)
2022-03-31 10:18:35,733:INFO:   Eta: 0:28:10
2022-03-31 10:18:41,620:INFO: Valid: [188][620/621]  Loss -8.5873 (-5.0441)
2022-03-31 10:19:13,134:INFO: Train: [189][2593/2594]  Loss -0.4336 (-1.7211)  Time:  0.182 (0.012)  Data Time:  0.004 (0.004)
2022-03-31 10:19:13,135:INFO:   Eta: 0:32:00
2022-03-31 10:19:18,978:INFO: Valid: [189][620/621]  Loss -8.5910 (-5.0570)
2022-03-31 10:19:51,534:INFO: Train: [190][2593/2594]  Loss -0.3755 (-1.7196)  Time:  0.187 (0.013)  Data Time:  0.005 (0.004)
2022-03-31 10:19:51,535:INFO:   Eta: 0:32:31
2022-03-31 10:19:57,490:INFO: Valid: [190][620/621]  Loss -8.8042 (-5.1783)
2022-03-31 10:19:57,499:INFO: Checkpoint saved...
2022-03-31 10:20:29,671:INFO: Train: [191][2593/2594]  Loss -0.4327 (-1.5803)  Time:  0.213 (0.012)  Data Time:  0.005 (0.004)
2022-03-31 10:20:29,672:INFO:   Eta: 0:31:36
2022-03-31 10:20:36,160:INFO: Valid: [191][620/621]  Loss -8.6215 (-5.0693)
2022-03-31 10:21:08,630:INFO: Train: [192][2593/2594]  Loss -0.4859 (-1.7724)  Time:  0.156 (0.013)  Data Time:  0.004 (0.004)
2022-03-31 10:21:08,632:INFO:   Eta: 0:31:21
2022-03-31 10:21:14,342:INFO: Valid: [192][620/621]  Loss -8.4800 (-4.9792)
2022-03-31 10:21:45,476:INFO: Train: [193][2593/2594]  Loss -0.4765 (-1.7243)  Time:  0.201 (0.012)  Data Time:  0.004 (0.004)
2022-03-31 10:21:45,477:INFO:   Eta: 0:29:32
2022-03-31 10:21:51,432:INFO: Valid: [193][620/621]  Loss -8.6927 (-5.1081)
2022-03-31 10:22:24,137:INFO: Train: [194][2593/2594]  Loss -0.5019 (-1.7137)  Time:  0.166 (0.013)  Data Time:  0.004 (0.004)
2022-03-31 10:22:24,139:INFO:   Eta: 0:30:29
2022-03-31 10:22:29,860:INFO: Valid: [194][620/621]  Loss -8.4315 (-4.9633)
2022-03-31 10:23:01,843:INFO: Train: [195][2593/2594]  Loss -0.4408 (-1.7453)  Time:  0.168 (0.012)  Data Time:  0.004 (0.004)
2022-03-31 10:23:01,844:INFO:   Eta: 0:29:13
2022-03-31 10:23:08,016:INFO: Valid: [195][620/621]  Loss -8.9137 (-5.2283)
2022-03-31 10:23:08,029:INFO: Checkpoint saved...
2022-03-31 10:23:40,667:INFO: Train: [196][2593/2594]  Loss -0.4812 (-1.7430)  Time:  0.202 (0.013)  Data Time:  0.005 (0.004)
2022-03-31 10:23:40,668:INFO:   Eta: 0:29:20
2022-03-31 10:23:46,467:INFO: Valid: [196][620/621]  Loss -8.6550 (-5.0800)
2022-03-31 10:23:56,863:INFO: Test: [196]  ADE: 0.4591  FDE: 0.6790
2022-03-31 10:24:26,510:INFO: Train: [197][2593/2594]  Loss -0.4518 (-1.7560)  Time:  0.170 (0.011)  Data Time:  0.002 (0.004)
2022-03-31 10:24:26,512:INFO:   Eta: 0:26:10
2022-03-31 10:24:32,602:INFO: Valid: [197][620/621]  Loss -7.7907 (-4.5743)
2022-03-31 10:25:00,166:INFO: Train: [198][2593/2594]  Loss -0.4580 (-1.7455)  Time:  0.151 (0.011)  Data Time:  0.004 (0.003)
2022-03-31 10:25:00,168:INFO:   Eta: 0:23:51
2022-03-31 10:25:05,567:INFO: Valid: [198][620/621]  Loss -8.7645 (-5.1408)
2022-03-31 10:25:34,513:INFO: Train: [199][2593/2594]  Loss -0.4567 (-1.7422)  Time:  0.170 (0.011)  Data Time:  0.004 (0.004)
2022-03-31 10:25:34,514:INFO:   Eta: 0:24:34
2022-03-31 10:25:40,234:INFO: Valid: [199][620/621]  Loss -8.1842 (-4.8085)
2022-03-31 10:26:11,186:INFO: Train: [200][2593/2594]  Loss -0.4949 (-1.6912)  Time:  0.187 (0.012)  Data Time:  0.004 (0.004)
2022-03-31 10:26:11,189:INFO:   Eta: 0:25:45
2022-03-31 10:26:17,229:INFO: Valid: [200][620/621]  Loss -6.6009 (-3.8193)
2022-03-31 10:26:48,047:INFO: Train: [201][2593/2594]  Loss -0.4777 (-1.7429)  Time:  0.149 (0.012)  Data Time:  0.003 (0.004)
2022-03-31 10:26:48,048:INFO:   Eta: 0:25:08
2022-03-31 10:26:53,792:INFO: Valid: [201][620/621]  Loss -8.9605 (-5.2577)
2022-03-31 10:26:53,804:INFO: Checkpoint saved...
2022-03-31 10:27:24,681:INFO: Train: [202][2593/2594]  Loss -0.4908 (-1.6238)  Time:  0.183 (0.012)  Data Time:  0.005 (0.004)
2022-03-31 10:27:24,681:INFO:   Eta: 0:24:40
2022-03-31 10:27:30,618:INFO: Valid: [202][620/621]  Loss -8.4569 (-4.9560)
2022-03-31 10:28:03,382:INFO: Train: [203][2593/2594]  Loss -0.4713 (-1.7311)  Time:  0.180 (0.013)  Data Time:  0.004 (0.005)
2022-03-31 10:28:03,383:INFO:   Eta: 0:25:38
2022-03-31 10:28:09,124:INFO: Valid: [203][620/621]  Loss -8.7538 (-5.1366)
2022-03-31 10:28:41,901:INFO: Train: [204][2593/2594]  Loss -0.4089 (-1.7121)  Time:  0.188 (0.013)  Data Time:  0.004 (0.005)
2022-03-31 10:28:41,903:INFO:   Eta: 0:25:06
2022-03-31 10:28:47,566:INFO: Valid: [204][620/621]  Loss -7.7401 (-4.5360)
2022-03-31 10:29:21,039:INFO: Train: [205][2593/2594]  Loss -0.5043 (-1.6271)  Time:  0.193 (0.013)  Data Time:  0.005 (0.004)
2022-03-31 10:29:21,040:INFO:   Eta: 0:25:05
2022-03-31 10:29:26,916:INFO: Valid: [205][620/621]  Loss -8.8648 (-5.2022)
2022-03-31 10:29:59,514:INFO: Train: [206][2593/2594]  Loss -0.4793 (-1.7411)  Time:  0.193 (0.013)  Data Time:  0.004 (0.004)
2022-03-31 10:29:59,516:INFO:   Eta: 0:23:52
2022-03-31 10:30:05,490:INFO: Valid: [206][620/621]  Loss -8.7672 (-5.1456)
2022-03-31 10:30:15,540:INFO: Test: [206]  ADE: 0.4583  FDE: 0.6408
2022-03-31 10:30:46,094:INFO: Train: [207][2593/2594]  Loss -0.4310 (-1.6870)  Time:  0.150 (0.012)  Data Time:  0.004 (0.004)
2022-03-31 10:30:46,095:INFO:   Eta: 0:21:53
2022-03-31 10:30:51,200:INFO: Valid: [207][620/621]  Loss -8.8991 (-5.2243)
2022-03-31 10:31:22,949:INFO: Train: [208][2593/2594]  Loss -0.4770 (-1.7422)  Time:  0.275 (0.012)  Data Time:  0.003 (0.004)
2022-03-31 10:31:22,951:INFO:   Eta: 0:22:12
2022-03-31 10:31:29,135:INFO: Valid: [208][620/621]  Loss -8.4696 (-4.9574)
2022-03-31 10:31:57,707:INFO: Train: [209][2593/2594]  Loss -0.4307 (-1.7102)  Time:  0.153 (0.011)  Data Time:  0.004 (0.003)
2022-03-31 10:31:57,710:INFO:   Eta: 0:19:29
2022-03-31 10:32:03,234:INFO: Valid: [209][620/621]  Loss -8.7794 (-5.1601)
2022-03-31 10:32:30,261:INFO: Train: [210][2593/2594]  Loss -0.4439 (-1.6665)  Time:  0.129 (0.010)  Data Time:  0.002 (0.003)
2022-03-31 10:32:30,262:INFO:   Eta: 0:17:59
2022-03-31 10:32:35,684:INFO: Valid: [210][620/621]  Loss -7.9135 (-4.6544)
2022-03-31 10:33:03,310:INFO: Train: [211][2593/2594]  Loss -0.4578 (-1.7546)  Time:  0.167 (0.011)  Data Time:  0.004 (0.003)
2022-03-31 10:33:03,311:INFO:   Eta: 0:17:56
2022-03-31 10:33:09,329:INFO: Valid: [211][620/621]  Loss -8.4880 (-4.9805)
2022-03-31 10:33:41,213:INFO: Train: [212][2593/2594]  Loss -0.4393 (-1.7373)  Time:  0.180 (0.012)  Data Time:  0.004 (0.004)
2022-03-31 10:33:41,214:INFO:   Eta: 0:20:10
2022-03-31 10:33:46,858:INFO: Valid: [212][620/621]  Loss -8.6829 (-5.1025)
2022-03-31 10:34:19,212:INFO: Train: [213][2593/2594]  Loss -0.4783 (-1.7865)  Time:  0.164 (0.012)  Data Time:  0.004 (0.004)
2022-03-31 10:34:19,214:INFO:   Eta: 0:19:55
2022-03-31 10:34:25,248:INFO: Valid: [213][620/621]  Loss -8.8219 (-5.1752)
2022-03-31 10:34:57,650:INFO: Train: [214][2593/2594]  Loss -0.4938 (-1.7477)  Time:  0.153 (0.012)  Data Time:  0.004 (0.005)
2022-03-31 10:34:57,652:INFO:   Eta: 0:19:17
2022-03-31 10:35:03,263:INFO: Valid: [214][620/621]  Loss -7.3945 (-4.3187)
2022-03-31 10:35:35,623:INFO: Train: [215][2593/2594]  Loss -0.4127 (-1.7707)  Time:  0.168 (0.012)  Data Time:  0.004 (0.005)
2022-03-31 10:35:35,624:INFO:   Eta: 0:18:51
2022-03-31 10:35:41,257:INFO: Valid: [215][620/621]  Loss -8.6230 (-5.0670)
2022-03-31 10:36:13,201:INFO: Train: [216][2593/2594]  Loss -0.4604 (-1.7647)  Time:  0.162 (0.012)  Data Time:  0.004 (0.004)
2022-03-31 10:36:13,202:INFO:   Eta: 0:18:04
2022-03-31 10:36:19,447:INFO: Valid: [216][620/621]  Loss -8.1041 (-4.7550)
2022-03-31 10:36:29,754:INFO: Test: [216]  ADE: 0.5109  FDE: 0.6646
2022-03-31 10:37:01,064:INFO: Train: [217][2593/2594]  Loss -0.4642 (-1.7420)  Time:  0.176 (0.012)  Data Time:  0.004 (0.004)
2022-03-31 10:37:01,065:INFO:   Eta: 0:17:12
2022-03-31 10:37:07,068:INFO: Valid: [217][620/621]  Loss -8.4835 (-4.9824)
2022-03-31 10:37:39,508:INFO: Train: [218][2593/2594]  Loss -0.5293 (-1.6634)  Time:  0.178 (0.012)  Data Time:  0.004 (0.004)
2022-03-31 10:37:39,509:INFO:   Eta: 0:17:17
2022-03-31 10:37:45,606:INFO: Valid: [218][620/621]  Loss -8.6793 (-5.0981)
2022-03-31 10:38:16,364:INFO: Train: [219][2593/2594]  Loss -0.3679 (-1.7745)  Time:  0.154 (0.012)  Data Time:  0.003 (0.004)
2022-03-31 10:38:16,364:INFO:   Eta: 0:15:52
2022-03-31 10:38:21,977:INFO: Valid: [219][620/621]  Loss -8.8043 (-5.1667)
2022-03-31 10:38:47,739:INFO: Train: [220][2593/2594]  Loss -0.4533 (-1.7611)  Time:  0.156 (0.010)  Data Time:  0.004 (0.003)
2022-03-31 10:38:47,740:INFO:   Eta: 0:12:51
2022-03-31 10:38:53,515:INFO: Valid: [220][620/621]  Loss -8.3786 (-4.9236)
2022-03-31 10:39:21,976:INFO: Train: [221][2593/2594]  Loss -0.4803 (-1.7693)  Time:  0.153 (0.011)  Data Time:  0.003 (0.003)
2022-03-31 10:39:21,977:INFO:   Eta: 0:13:44
2022-03-31 10:39:27,792:INFO: Valid: [221][620/621]  Loss -8.2365 (-4.8334)
2022-03-31 10:39:56,906:INFO: Train: [222][2593/2594]  Loss -0.4670 (-1.7979)  Time:  0.162 (0.011)  Data Time:  0.004 (0.004)
2022-03-31 10:39:56,907:INFO:   Eta: 0:13:34
2022-03-31 10:40:02,614:INFO: Valid: [222][620/621]  Loss -8.7366 (-5.1189)
2022-03-31 10:40:35,025:INFO: Train: [223][2593/2594]  Loss -0.4573 (-1.6693)  Time:  0.178 (0.012)  Data Time:  0.004 (0.004)
2022-03-31 10:40:35,027:INFO:   Eta: 0:14:34
2022-03-31 10:40:40,571:INFO: Valid: [223][620/621]  Loss -8.4559 (-4.9618)
2022-03-31 10:41:12,936:INFO: Train: [224][2593/2594]  Loss -0.4647 (-1.7406)  Time:  0.167 (0.012)  Data Time:  0.005 (0.004)
2022-03-31 10:41:12,937:INFO:   Eta: 0:14:00
2022-03-31 10:41:18,754:INFO: Valid: [224][620/621]  Loss -8.7237 (-5.1355)
2022-03-31 10:41:51,894:INFO: Train: [225][2593/2594]  Loss -0.4590 (-1.7349)  Time:  0.188 (0.013)  Data Time:  0.005 (0.004)
2022-03-31 10:41:51,895:INFO:   Eta: 0:13:47
2022-03-31 10:41:58,520:INFO: Valid: [225][620/621]  Loss -8.8793 (-5.1841)
2022-03-31 10:42:30,157:INFO: Train: [226][2593/2594]  Loss -0.4872 (-1.7243)  Time:  0.167 (0.012)  Data Time:  0.003 (0.004)
2022-03-31 10:42:30,159:INFO:   Eta: 0:12:38
2022-03-31 10:42:35,966:INFO: Valid: [226][620/621]  Loss -8.6966 (-5.1125)
2022-03-31 10:42:45,864:INFO: Test: [226]  ADE: 0.4699  FDE: 0.6564
2022-03-31 10:43:17,803:INFO: Train: [227][2593/2594]  Loss -0.4089 (-1.7390)  Time:  0.171 (0.012)  Data Time:  0.004 (0.004)
2022-03-31 10:43:17,805:INFO:   Eta: 0:12:14
2022-03-31 10:43:23,465:INFO: Valid: [227][620/621]  Loss -8.6244 (-5.0704)
2022-03-31 10:43:55,060:INFO: Train: [228][2593/2594]  Loss -0.4274 (-1.5971)  Time:  0.157 (0.012)  Data Time:  0.004 (0.004)
2022-03-31 10:43:55,062:INFO:   Eta: 0:11:34
2022-03-31 10:44:00,370:INFO: Valid: [228][620/621]  Loss -8.0608 (-4.7255)
2022-03-31 10:44:30,013:INFO: Train: [229][2593/2594]  Loss -0.4578 (-1.5517)  Time:  0.160 (0.011)  Data Time:  0.003 (0.004)
2022-03-31 10:44:30,015:INFO:   Eta: 0:10:21
2022-03-31 10:44:35,909:INFO: Valid: [229][620/621]  Loss -8.5704 (-5.0404)
2022-03-31 10:45:12,076:INFO: Train: [230][2593/2594]  Loss -0.4590 (-1.6898)  Time:  0.150 (0.014)  Data Time:  0.003 (0.005)
2022-03-31 10:45:12,077:INFO:   Eta: 0:12:02
2022-03-31 10:45:17,616:INFO: Valid: [230][620/621]  Loss -9.0251 (-5.2937)
2022-03-31 10:45:17,631:INFO: Checkpoint saved...
2022-03-31 10:45:46,078:INFO: Train: [231][2593/2594]  Loss -0.4778 (-1.7650)  Time:  0.154 (0.011)  Data Time:  0.004 (0.004)
2022-03-31 10:45:46,080:INFO:   Eta: 0:08:59
2022-03-31 10:45:51,532:INFO: Valid: [231][620/621]  Loss -8.7578 (-5.1421)
2022-03-31 10:46:17,034:INFO: Train: [232][2593/2594]  Loss -0.4562 (-1.7343)  Time:  0.135 (0.010)  Data Time:  0.003 (0.003)
2022-03-31 10:46:17,035:INFO:   Eta: 0:07:38
2022-03-31 10:46:23,068:INFO: Valid: [232][620/621]  Loss -8.4847 (-4.9814)
2022-03-31 10:46:47,597:INFO: Train: [233][2593/2594]  Loss -0.4503 (-1.7728)  Time:  0.135 (0.009)  Data Time:  0.002 (0.002)
2022-03-31 10:46:47,598:INFO:   Eta: 0:06:56
2022-03-31 10:46:53,099:INFO: Valid: [233][620/621]  Loss -8.3068 (-4.8761)
2022-03-31 10:47:20,984:INFO: Train: [234][2593/2594]  Loss -0.4491 (-1.7745)  Time:  0.151 (0.011)  Data Time:  0.004 (0.003)
2022-03-31 10:47:20,985:INFO:   Eta: 0:07:25
2022-03-31 10:47:26,516:INFO: Valid: [234][620/621]  Loss -8.2022 (-4.8239)
2022-03-31 10:47:53,993:INFO: Train: [235][2593/2594]  Loss -0.4896 (-1.6157)  Time:  0.161 (0.011)  Data Time:  0.004 (0.003)
2022-03-31 10:47:53,994:INFO:   Eta: 0:06:51
2022-03-31 10:47:59,537:INFO: Valid: [235][620/621]  Loss -8.5509 (-5.0308)
2022-03-31 10:48:26,897:INFO: Train: [236][2593/2594]  Loss -0.4913 (-1.7731)  Time:  0.165 (0.011)  Data Time:  0.003 (0.003)
2022-03-31 10:48:26,898:INFO:   Eta: 0:06:22
2022-03-31 10:48:32,434:INFO: Valid: [236][620/621]  Loss -8.9718 (-5.2718)
2022-03-31 10:48:41,919:INFO: Test: [236]  ADE: 0.4346  FDE: 0.6331
2022-03-31 10:49:10,221:INFO: Train: [237][2593/2594]  Loss -0.5132 (-1.6433)  Time:  0.152 (0.011)  Data Time:  0.003 (0.003)
2022-03-31 10:49:10,222:INFO:   Eta: 0:06:07
2022-03-31 10:49:15,794:INFO: Valid: [237][620/621]  Loss -8.3968 (-4.9148)
2022-03-31 10:49:43,641:INFO: Train: [238][2593/2594]  Loss -0.5031 (-1.6507)  Time:  0.151 (0.011)  Data Time:  0.004 (0.003)
2022-03-31 10:49:43,642:INFO:   Eta: 0:05:33
2022-03-31 10:49:49,169:INFO: Valid: [238][620/621]  Loss -8.8458 (-5.1967)
2022-03-31 10:50:14,127:INFO: Train: [239][2593/2594]  Loss -0.5257 (-1.8025)  Time:  0.134 (0.010)  Data Time:  0.001 (0.003)
2022-03-31 10:50:14,128:INFO:   Eta: 0:04:34
2022-03-31 10:50:19,572:INFO: Valid: [239][620/621]  Loss -8.9165 (-5.2367)
2022-03-31 10:50:43,192:INFO: Train: [240][2593/2594]  Loss -0.4268 (-1.6612)  Time:  0.124 (0.009)  Data Time:  0.002 (0.002)
2022-03-31 10:50:43,194:INFO:   Eta: 0:03:55
2022-03-31 10:50:48,769:INFO: Valid: [240][620/621]  Loss -8.2870 (-4.8671)
2022-03-31 10:51:13,219:INFO: Train: [241][2593/2594]  Loss -0.4347 (-1.7739)  Time:  0.168 (0.009)  Data Time:  0.002 (0.002)
2022-03-31 10:51:13,220:INFO:   Eta: 0:03:39
2022-03-31 10:51:18,762:INFO: Valid: [241][620/621]  Loss -8.1788 (-4.8044)
2022-03-31 10:51:40,066:INFO: Train: [242][2593/2594]  Loss -0.4007 (-1.7307)  Time:  0.130 (0.008)  Data Time:  0.002 (0.002)
2022-03-31 10:51:40,067:INFO:   Eta: 0:02:50
2022-03-31 10:51:45,429:INFO: Valid: [242][620/621]  Loss -8.9582 (-5.2737)
2022-03-31 10:52:05,644:INFO: Train: [243][2593/2594]  Loss -0.4729 (-1.7940)  Time:  0.115 (0.008)  Data Time:  0.001 (0.001)
2022-03-31 10:52:05,644:INFO:   Eta: 0:02:21
2022-03-31 10:52:11,050:INFO: Valid: [243][620/621]  Loss -7.2325 (-4.2312)
2022-03-31 10:52:36,471:INFO: Train: [244][2593/2594]  Loss -0.5007 (-1.7345)  Time:  0.153 (0.010)  Data Time:  0.001 (0.001)
2022-03-31 10:52:36,472:INFO:   Eta: 0:02:32
2022-03-31 10:52:41,657:INFO: Valid: [244][620/621]  Loss -8.5550 (-5.0337)
2022-03-31 10:53:02,871:INFO: Train: [245][2593/2594]  Loss -0.5140 (-1.7526)  Time:  0.149 (0.008)  Data Time:  0.002 (0.002)
2022-03-31 10:53:02,872:INFO:   Eta: 0:01:45
2022-03-31 10:53:08,156:INFO: Valid: [245][620/621]  Loss -8.9937 (-5.2732)
2022-03-31 10:53:31,571:INFO: Train: [246][2593/2594]  Loss -0.4218 (-1.8015)  Time:  0.140 (0.009)  Data Time:  0.003 (0.002)
2022-03-31 10:53:31,572:INFO:   Eta: 0:01:33
2022-03-31 10:53:36,855:INFO: Valid: [246][620/621]  Loss -9.0338 (-5.2939)
2022-03-31 10:53:36,869:INFO: Checkpoint saved...
2022-03-31 10:53:45,607:INFO: Test: [246]  ADE: 0.4724  FDE: 0.7410
2022-03-31 10:54:09,523:INFO: Train: [247][2593/2594]  Loss -0.4099 (-1.6310)  Time:  0.159 (0.009)  Data Time:  0.002 (0.003)
2022-03-31 10:54:09,525:INFO:   Eta: 0:01:11
2022-03-31 10:54:14,665:INFO: Valid: [247][620/621]  Loss -8.6825 (-5.1073)
2022-03-31 10:54:38,352:INFO: Train: [248][2593/2594]  Loss -0.3826 (-1.6026)  Time:  0.136 (0.009)  Data Time:  0.002 (0.002)
2022-03-31 10:54:38,353:INFO:   Eta: 0:00:47
2022-03-31 10:54:43,674:INFO: Valid: [248][620/621]  Loss -8.3709 (-4.9145)
2022-03-31 10:55:06,832:INFO: Train: [249][2593/2594]  Loss -0.4370 (-1.7856)  Time:  0.136 (0.009)  Data Time:  0.003 (0.002)
2022-03-31 10:55:06,834:INFO:   Eta: 0:00:23
2022-03-31 10:55:12,143:INFO: Valid: [249][620/621]  Loss -8.5713 (-5.0510)
