2022-04-14 19:31:25,547:INFO: batch_size=128
2022-04-14 19:31:25,547:INFO: clip_grad=None
2022-04-14 19:31:25,547:INFO: dataset=univ
2022-04-14 19:31:25,548:INFO: dict_kernel_size=3
2022-04-14 19:31:25,548:INFO: drop=0.0
2022-04-14 19:31:25,548:INFO: gpu_num=None
2022-04-14 19:31:25,548:INFO: init=kmeans-32
2022-04-14 19:31:25,548:INFO: input_size=2
2022-04-14 19:31:25,548:INFO: kernel_size=3
2022-04-14 19:31:25,548:INFO: log_dir=./runs/9-3.8177
2022-04-14 19:31:25,548:INFO: lr=0.01
2022-04-14 19:31:25,548:INFO: lr_sh_rate=150
2022-04-14 19:31:25,548:INFO: model=social_stgcnn9
2022-04-14 19:31:25,548:INFO: n_stgcnn=1
2022-04-14 19:31:25,548:INFO: n_txpcnn=5
2022-04-14 19:31:25,548:INFO: name=9-3.8177
2022-04-14 19:31:25,549:INFO: num_epochs=250
2022-04-14 19:31:25,549:INFO: obs_seq_len=8
2022-04-14 19:31:25,549:INFO: output_size=5
2022-04-14 19:31:25,549:INFO: pred_seq_len=12
2022-04-14 19:31:25,549:INFO: seed=8177
2022-04-14 19:31:25,549:INFO: tag=univ
2022-04-14 19:31:25,549:INFO: use_lrschd=True
2022-04-14 19:31:25,549:INFO: ******************************
2022-04-14 19:31:25,549:INFO: Training initiating....
2022-04-14 19:31:25,549:INFO: Namespace(batch_size=128, clip_grad=None, dataset='univ', dict_kernel_size=3, drop=0.0, gpu_num=None, init='kmeans-32', input_size=2, kernel_size=3, log_dir='./runs/9-3.8177', lr=0.01, lr_sh_rate=150, model='social_stgcnn9', n_stgcnn=1, n_txpcnn=5, name='9-3.8177', num_epochs=250, obs_seq_len=8, output_size=5, pred_seq_len=12, seed=8177, tag='univ', use_lrschd=True)
2022-04-14 19:31:25,648:INFO: Initializing train dataset
2022-04-14 19:31:32,165:INFO: Initializing val dataset
2022-04-14 19:32:03,668:INFO: social_stgcnn9
2022-04-14 19:32:03,670:INFO: Data and model loaded
2022-04-14 19:32:03,670:INFO: Checkpoint dir: ./runs/9-3.8177/univ/checkpoint
2022-04-14 19:32:03,670:INFO: Training started ...
2022-04-14 19:32:31,175:INFO: Train: [0][2075/2076]  Loss 0.2253 (1.5193)  Time:  0.143 (0.013)  Data Time:  0.005 (0.004)
2022-04-14 19:32:31,176:INFO:   Eta: 1:54:34
2022-04-14 19:32:56,596:INFO: Train: [1][2075/2076]  Loss 0.1495 (0.8439)  Time:  0.134 (0.012)  Data Time:  0.005 (0.005)
2022-04-14 19:32:56,597:INFO:   Eta: 1:45:27
2022-04-14 19:33:22,382:INFO: Train: [2][2075/2076]  Loss 0.1881 (0.6516)  Time:  0.159 (0.012)  Data Time:  0.004 (0.005)
2022-04-14 19:33:22,383:INFO:   Eta: 1:46:32
2022-04-14 19:33:48,207:INFO: Train: [3][2075/2076]  Loss 0.0907 (0.5091)  Time:  0.165 (0.012)  Data Time:  0.004 (0.005)
2022-04-14 19:33:48,208:INFO:   Eta: 1:46:16
2022-04-14 19:34:13,634:INFO: Train: [4][2075/2076]  Loss 0.1138 (0.3265)  Time:  0.144 (0.012)  Data Time:  0.005 (0.004)
2022-04-14 19:34:13,635:INFO:   Eta: 1:44:12
2022-04-14 19:34:39,152:INFO: Train: [5][2075/2076]  Loss 0.0482 (0.2164)  Time:  0.146 (0.012)  Data Time:  0.005 (0.005)
2022-04-14 19:34:39,153:INFO:   Eta: 1:44:09
2022-04-14 19:35:04,623:INFO: Train: [6][2075/2076]  Loss -0.0107 (0.1181)  Time:  0.135 (0.012)  Data Time:  0.004 (0.005)
2022-04-14 19:35:04,623:INFO:   Eta: 1:43:31
2022-04-14 19:35:30,450:INFO: Train: [7][2075/2076]  Loss -0.0287 (0.0135)  Time:  0.147 (0.012)  Data Time:  0.004 (0.005)
2022-04-14 19:35:30,451:INFO:   Eta: 1:44:33
2022-04-14 19:35:55,746:INFO: Train: [8][2075/2076]  Loss 0.0311 (-0.0840)  Time:  0.144 (0.012)  Data Time:  0.005 (0.004)
2022-04-14 19:35:55,747:INFO:   Eta: 1:41:58
2022-04-14 19:36:21,422:INFO: Train: [9][2075/2076]  Loss -0.0498 (-0.1146)  Time:  0.137 (0.012)  Data Time:  0.004 (0.005)
2022-04-14 19:36:21,423:INFO:   Eta: 1:43:05
2022-04-14 19:36:47,289:INFO: Train: [10][2075/2076]  Loss -0.0850 (-0.0904)  Time:  0.142 (0.012)  Data Time:  0.004 (0.005)
2022-04-14 19:36:47,290:INFO:   Eta: 1:43:25
2022-04-14 19:37:13,967:INFO: Train: [11][2075/2076]  Loss -0.0448 (-0.1423)  Time:  0.147 (0.013)  Data Time:  0.005 (0.005)
2022-04-14 19:37:13,968:INFO:   Eta: 1:46:12
2022-04-14 19:37:38,258:INFO: Train: [12][2075/2076]  Loss -0.1033 (-0.2191)  Time:  0.116 (0.012)  Data Time:  0.004 (0.004)
2022-04-14 19:39:21,927:INFO:   Eta: 1:36:16
2022-04-14 19:39:47,833:INFO: Train: [13][2075/2076]  Loss -0.1129 (-0.2319)  Time:  0.140 (0.012)  Data Time:  0.004 (0.004)
2022-04-14 19:39:47,834:INFO:   Eta: 1:42:14
2022-04-14 19:40:15,093:INFO: Train: [14][2075/2076]  Loss -0.0978 (-0.2871)  Time:  0.150 (0.013)  Data Time:  0.006 (0.005)
2022-04-14 19:40:15,096:INFO:   Eta: 1:47:09
2022-04-14 19:40:41,756:INFO: Train: [15][2075/2076]  Loss -0.0719 (-0.4349)  Time:  0.160 (0.013)  Data Time:  0.004 (0.004)
2022-04-14 19:40:41,758:INFO:   Eta: 1:44:21
2022-04-14 19:41:09,396:INFO: Train: [16][2075/2076]  Loss -0.0996 (-0.3823)  Time:  0.151 (0.013)  Data Time:  0.005 (0.005)
2022-04-14 19:41:09,397:INFO:   Eta: 1:47:43
2022-04-14 19:41:36,512:INFO: Train: [17][2075/2076]  Loss -0.0698 (-0.4457)  Time:  0.150 (0.013)  Data Time:  0.005 (0.005)
2022-04-14 19:41:36,512:INFO:   Eta: 1:45:14
2022-04-14 19:42:03,330:INFO: Train: [18][2075/2076]  Loss -0.1927 (-0.4962)  Time:  0.164 (0.013)  Data Time:  0.004 (0.005)
2022-04-14 19:42:03,330:INFO:   Eta: 1:43:38
2022-04-14 19:42:30,388:INFO: Train: [19][2075/2076]  Loss -0.0364 (-0.4327)  Time:  0.171 (0.013)  Data Time:  0.004 (0.005)
2022-04-14 19:42:30,389:INFO:   Eta: 1:44:06
2022-04-14 19:42:57,114:INFO: Train: [20][2075/2076]  Loss -0.1198 (-0.6024)  Time:  0.143 (0.013)  Data Time:  0.003 (0.004)
2022-04-14 19:42:57,115:INFO:   Eta: 1:42:23
2022-04-14 19:43:24,165:INFO: Train: [21][2075/2076]  Loss -0.1446 (-0.5851)  Time:  0.162 (0.013)  Data Time:  0.006 (0.005)
2022-04-14 19:43:24,167:INFO:   Eta: 1:43:11
2022-04-14 19:43:51,072:INFO: Train: [22][2075/2076]  Loss -0.0012 (-0.6249)  Time:  0.151 (0.013)  Data Time:  0.005 (0.004)
2022-04-14 19:43:51,073:INFO:   Eta: 1:42:09
2022-04-14 19:44:18,032:INFO: Train: [23][2075/2076]  Loss 0.1471 (-0.6203)  Time:  0.160 (0.013)  Data Time:  0.005 (0.005)
2022-04-14 19:44:18,033:INFO:   Eta: 1:41:56
2022-04-14 19:44:44,817:INFO: Train: [24][2075/2076]  Loss -0.0325 (-0.6463)  Time:  0.142 (0.013)  Data Time:  0.004 (0.004)
2022-04-14 19:44:44,818:INFO:   Eta: 1:40:49
2022-04-14 19:45:12,014:INFO: Train: [25][2075/2076]  Loss -0.1565 (-0.6700)  Time:  0.166 (0.013)  Data Time:  0.005 (0.005)
2022-04-14 19:45:12,016:INFO:   Eta: 1:41:55
2022-04-14 19:45:38,941:INFO: Train: [26][2075/2076]  Loss -0.0058 (-0.6406)  Time:  0.145 (0.013)  Data Time:  0.004 (0.005)
2022-04-14 19:45:38,943:INFO:   Eta: 1:40:26
2022-04-14 19:46:06,008:INFO: Train: [27][2075/2076]  Loss -0.2127 (-0.6982)  Time:  0.167 (0.013)  Data Time:  0.004 (0.005)
2022-04-14 19:46:06,009:INFO:   Eta: 1:40:32
2022-04-14 19:46:32,732:INFO: Train: [28][2075/2076]  Loss -0.2135 (-0.6367)  Time:  0.149 (0.013)  Data Time:  0.004 (0.004)
2022-04-14 19:46:32,733:INFO:   Eta: 1:38:48
2022-04-14 19:46:59,868:INFO: Train: [29][2075/2076]  Loss -0.0370 (-0.7895)  Time:  0.161 (0.013)  Data Time:  0.004 (0.005)
2022-04-14 19:46:59,869:INFO:   Eta: 1:39:53
2022-04-14 19:47:26,705:INFO: Train: [30][2075/2076]  Loss -0.2324 (-0.7428)  Time:  0.149 (0.013)  Data Time:  0.004 (0.005)
2022-04-14 19:47:26,706:INFO:   Eta: 1:38:20
2022-04-14 19:47:53,389:INFO: Train: [31][2075/2076]  Loss -0.1546 (-0.7524)  Time:  0.160 (0.013)  Data Time:  0.004 (0.004)
2022-04-14 19:47:53,390:INFO:   Eta: 1:37:20
2022-04-14 19:48:20,418:INFO: Train: [32][2075/2076]  Loss -0.1731 (-0.7629)  Time:  0.151 (0.013)  Data Time:  0.005 (0.005)
2022-04-14 19:48:20,419:INFO:   Eta: 1:38:08
2022-04-14 19:48:47,393:INFO: Train: [33][2075/2076]  Loss -0.0918 (-0.8446)  Time:  0.154 (0.013)  Data Time:  0.005 (0.005)
2022-04-14 19:48:47,394:INFO:   Eta: 1:37:30
2022-04-14 19:49:14,243:INFO: Train: [34][2075/2076]  Loss -0.1819 (-0.8374)  Time:  0.147 (0.013)  Data Time:  0.004 (0.005)
2022-04-14 19:49:14,244:INFO:   Eta: 1:36:35
2022-04-14 19:49:41,239:INFO: Train: [35][2075/2076]  Loss -0.2173 (-0.8469)  Time:  0.142 (0.013)  Data Time:  0.004 (0.005)
2022-04-14 19:49:41,240:INFO:   Eta: 1:36:41
2022-04-14 19:50:08,040:INFO: Train: [36][2075/2076]  Loss -0.1594 (-0.9430)  Time:  0.147 (0.013)  Data Time:  0.004 (0.004)
2022-04-14 19:50:08,040:INFO:   Eta: 1:35:31
2022-04-14 19:50:35,108:INFO: Train: [37][2075/2076]  Loss -0.2252 (-0.8852)  Time:  0.144 (0.013)  Data Time:  0.005 (0.005)
2022-04-14 19:50:35,109:INFO:   Eta: 1:36:02
2022-04-14 19:51:01,970:INFO: Train: [38][2075/2076]  Loss -0.2210 (-0.8795)  Time:  0.136 (0.013)  Data Time:  0.004 (0.005)
2022-04-14 19:51:01,971:INFO:   Eta: 1:34:51
2022-04-14 19:51:29,365:INFO: Train: [39][2075/2076]  Loss -0.2727 (-0.9544)  Time:  0.140 (0.013)  Data Time:  0.005 (0.005)
2022-04-14 19:51:29,366:INFO:   Eta: 1:36:16
2022-04-14 19:51:56,369:INFO: Train: [40][2075/2076]  Loss -0.2168 (-0.9188)  Time:  0.151 (0.013)  Data Time:  0.004 (0.005)
2022-04-14 19:51:56,371:INFO:   Eta: 1:34:26
2022-04-14 19:52:23,450:INFO: Train: [41][2075/2076]  Loss -0.2359 (-0.8966)  Time:  0.142 (0.013)  Data Time:  0.004 (0.005)
2022-04-14 19:52:23,451:INFO:   Eta: 1:34:16
2022-04-14 19:52:50,298:INFO: Train: [42][2075/2076]  Loss -0.2172 (-0.8843)  Time:  0.146 (0.013)  Data Time:  0.005 (0.005)
2022-04-14 19:52:50,300:INFO:   Eta: 1:33:01
2022-04-14 19:53:17,202:INFO: Train: [43][2075/2076]  Loss -0.0592 (-0.9871)  Time:  0.143 (0.013)  Data Time:  0.005 (0.005)
2022-04-14 19:53:17,203:INFO:   Eta: 1:32:45
2022-04-14 19:53:44,158:INFO: Train: [44][2075/2076]  Loss -0.0944 (-0.9231)  Time:  0.147 (0.013)  Data Time:  0.004 (0.005)
2022-04-14 19:53:44,158:INFO:   Eta: 1:32:30
2022-04-14 19:54:11,068:INFO: Train: [45][2075/2076]  Loss -0.2383 (-0.9606)  Time:  0.174 (0.013)  Data Time:  0.005 (0.005)
2022-04-14 19:54:11,069:INFO:   Eta: 1:31:53
2022-04-14 19:54:37,942:INFO: Train: [46][2075/2076]  Loss -0.1560 (-1.0161)  Time:  0.152 (0.013)  Data Time:  0.005 (0.005)
2022-04-14 19:54:37,943:INFO:   Eta: 1:31:18
2022-04-14 19:55:04,846:INFO: Train: [47][2075/2076]  Loss -0.0293 (-0.9217)  Time:  0.147 (0.013)  Data Time:  0.004 (0.005)
2022-04-14 19:55:04,846:INFO:   Eta: 1:30:58
2022-04-14 19:55:31,678:INFO: Train: [48][2075/2076]  Loss -0.1695 (-0.9990)  Time:  0.145 (0.013)  Data Time:  0.004 (0.005)
2022-04-14 19:55:31,679:INFO:   Eta: 1:30:17
2022-04-14 19:55:58,547:INFO: Train: [49][2075/2076]  Loss -0.0806 (-1.0040)  Time:  0.162 (0.013)  Data Time:  0.005 (0.005)
2022-04-14 19:55:58,548:INFO:   Eta: 1:29:57
2022-04-14 19:56:25,461:INFO: Train: [50][2075/2076]  Loss -0.3110 (-1.0845)  Time:  0.154 (0.013)  Data Time:  0.004 (0.005)
2022-04-14 19:56:25,462:INFO:   Eta: 1:29:40
2022-04-14 19:56:52,605:INFO: Train: [51][2075/2076]  Loss -0.2490 (-1.0467)  Time:  0.144 (0.013)  Data Time:  0.004 (0.005)
2022-04-14 19:56:52,605:INFO:   Eta: 1:29:58
2022-04-14 19:57:19,465:INFO: Train: [52][2075/2076]  Loss -0.2135 (-1.0200)  Time:  0.173 (0.013)  Data Time:  0.005 (0.005)
2022-04-14 19:57:19,466:INFO:   Eta: 1:28:35
2022-04-14 19:57:45,775:INFO: Train: [53][2075/2076]  Loss -0.2577 (-0.9994)  Time:  0.147 (0.013)  Data Time:  0.005 (0.004)
2022-04-14 19:57:45,776:INFO:   Eta: 1:26:20
2022-04-14 19:58:13,004:INFO: Train: [54][2075/2076]  Loss -0.3119 (-1.0465)  Time:  0.143 (0.013)  Data Time:  0.004 (0.005)
2022-04-14 19:58:13,006:INFO:   Eta: 1:28:53
2022-04-14 19:58:39,726:INFO: Train: [55][2075/2076]  Loss -0.2722 (-1.0934)  Time:  0.137 (0.013)  Data Time:  0.004 (0.005)
2022-04-14 19:58:39,727:INFO:   Eta: 1:26:47
2022-04-14 19:59:05,439:INFO: Train: [56][2075/2076]  Loss -0.1244 (-1.1373)  Time:  0.133 (0.012)  Data Time:  0.004 (0.004)
2022-04-14 19:59:05,441:INFO:   Eta: 1:23:05
2022-04-14 19:59:31,899:INFO: Train: [57][2075/2076]  Loss -0.2911 (-1.0407)  Time:  0.154 (0.013)  Data Time:  0.005 (0.005)
2022-04-14 19:59:31,899:INFO:   Eta: 1:25:03
2022-04-14 19:59:58,477:INFO: Train: [58][2075/2076]  Loss -0.2671 (-1.1597)  Time:  0.135 (0.013)  Data Time:  0.004 (0.005)
2022-04-14 19:59:58,478:INFO:   Eta: 1:25:00
2022-04-14 20:00:24,758:INFO: Train: [59][2075/2076]  Loss -0.2612 (-1.0950)  Time:  0.142 (0.013)  Data Time:  0.004 (0.005)
2022-04-14 20:00:24,758:INFO:   Eta: 1:23:36
2022-04-14 20:00:51,315:INFO: Train: [60][2075/2076]  Loss -0.2944 (-1.0618)  Time:  0.143 (0.013)  Data Time:  0.005 (0.005)
2022-04-14 20:00:51,316:INFO:   Eta: 1:24:03
2022-04-14 20:01:17,964:INFO: Train: [61][2075/2076]  Loss -0.2602 (-1.0720)  Time:  0.168 (0.013)  Data Time:  0.005 (0.005)
2022-04-14 20:01:17,965:INFO:   Eta: 1:23:53
2022-04-14 20:01:44,011:INFO: Train: [62][2075/2076]  Loss -0.3128 (-1.0995)  Time:  0.137 (0.013)  Data Time:  0.005 (0.004)
2022-04-14 20:01:44,012:INFO:   Eta: 1:21:34
2022-04-14 20:02:10,056:INFO: Train: [63][2075/2076]  Loss -0.2606 (-1.1307)  Time:  0.136 (0.013)  Data Time:  0.004 (0.005)
2022-04-14 20:02:10,056:INFO:   Eta: 1:21:07
2022-04-14 20:02:36,513:INFO: Train: [64][2075/2076]  Loss -0.3200 (-1.1011)  Time:  0.148 (0.013)  Data Time:  0.005 (0.005)
2022-04-14 20:02:36,514:INFO:   Eta: 1:21:58
2022-04-14 20:03:02,852:INFO: Train: [65][2075/2076]  Loss -0.2803 (-1.1326)  Time:  0.134 (0.013)  Data Time:  0.004 (0.005)
2022-04-14 20:03:02,854:INFO:   Eta: 1:21:09
2022-04-14 20:03:29,457:INFO: Train: [66][2075/2076]  Loss -0.2827 (-1.1740)  Time:  0.144 (0.013)  Data Time:  0.005 (0.005)
2022-04-14 20:03:29,458:INFO:   Eta: 1:21:32
2022-04-14 20:03:55,694:INFO: Train: [67][2075/2076]  Loss -0.2896 (-1.1937)  Time:  0.149 (0.013)  Data Time:  0.005 (0.005)
2022-04-14 20:03:55,695:INFO:   Eta: 1:19:59
2022-04-14 20:04:21,853:INFO: Train: [68][2075/2076]  Loss -0.2612 (-1.1048)  Time:  0.152 (0.013)  Data Time:  0.005 (0.004)
2022-04-14 20:04:21,854:INFO:   Eta: 1:19:18
2022-04-14 20:04:48,587:INFO: Train: [69][2075/2076]  Loss -0.2263 (-1.2308)  Time:  0.140 (0.013)  Data Time:  0.005 (0.005)
2022-04-14 20:04:48,588:INFO:   Eta: 1:20:36
2022-04-14 20:05:15,001:INFO: Train: [70][2075/2076]  Loss -0.2417 (-1.1246)  Time:  0.144 (0.013)  Data Time:  0.005 (0.005)
2022-04-14 20:05:15,002:INFO:   Eta: 1:19:12
2022-04-14 20:05:41,473:INFO: Train: [71][2075/2076]  Loss -0.2868 (-1.1249)  Time:  0.132 (0.013)  Data Time:  0.005 (0.005)
2022-04-14 20:05:41,474:INFO:   Eta: 1:18:55
2022-04-14 20:06:08,049:INFO: Train: [72][2075/2076]  Loss -0.2554 (-1.1712)  Time:  0.160 (0.013)  Data Time:  0.006 (0.005)
2022-04-14 20:06:08,050:INFO:   Eta: 1:18:48
2022-04-14 20:06:34,154:INFO: Train: [73][2075/2076]  Loss -0.3142 (-1.2753)  Time:  0.134 (0.013)  Data Time:  0.004 (0.004)
2022-04-14 20:06:34,155:INFO:   Eta: 1:16:58
2022-04-14 20:07:00,551:INFO: Train: [74][2075/2076]  Loss -0.3212 (-1.2474)  Time:  0.145 (0.013)  Data Time:  0.004 (0.005)
2022-04-14 20:07:00,551:INFO:   Eta: 1:17:23
2022-04-14 20:07:27,124:INFO: Train: [75][2075/2076]  Loss -0.2556 (-1.2583)  Time:  0.139 (0.013)  Data Time:  0.004 (0.005)
2022-04-14 20:07:27,125:INFO:   Eta: 1:17:28
2022-04-14 20:07:53,700:INFO: Train: [76][2075/2076]  Loss -0.2661 (-1.1867)  Time:  0.142 (0.013)  Data Time:  0.005 (0.005)
2022-04-14 20:07:53,701:INFO:   Eta: 1:17:01
2022-04-14 20:08:19,809:INFO: Train: [77][2075/2076]  Loss -0.2707 (-1.1351)  Time:  0.144 (0.013)  Data Time:  0.004 (0.004)
2022-04-14 20:08:19,811:INFO:   Eta: 1:15:14
2022-04-14 20:08:45,983:INFO: Train: [78][2075/2076]  Loss -0.2829 (-1.2142)  Time:  0.137 (0.013)  Data Time:  0.004 (0.005)
2022-04-14 20:08:45,984:INFO:   Eta: 1:14:59
2022-04-14 20:09:12,361:INFO: Train: [79][2075/2076]  Loss -0.3019 (-1.2458)  Time:  0.144 (0.013)  Data Time:  0.004 (0.005)
2022-04-14 20:09:12,362:INFO:   Eta: 1:15:08
2022-04-14 20:09:38,810:INFO: Train: [80][2075/2076]  Loss -0.2665 (-1.2876)  Time:  0.141 (0.013)  Data Time:  0.004 (0.005)
2022-04-14 20:09:38,811:INFO:   Eta: 1:14:54
2022-04-14 20:10:05,256:INFO: Train: [81][2075/2076]  Loss -0.2948 (-1.2113)  Time:  0.141 (0.013)  Data Time:  0.005 (0.005)
2022-04-14 20:10:05,256:INFO:   Eta: 1:14:26
2022-04-14 20:10:31,257:INFO: Train: [82][2075/2076]  Loss -0.3532 (-1.3314)  Time:  0.132 (0.013)  Data Time:  0.004 (0.004)
2022-04-14 20:10:31,258:INFO:   Eta: 1:12:46
2022-04-14 20:10:57,815:INFO: Train: [83][2075/2076]  Loss -0.0958 (-1.3130)  Time:  0.173 (0.013)  Data Time:  0.005 (0.005)
2022-04-14 20:10:57,815:INFO:   Eta: 1:13:52
2022-04-14 20:11:24,079:INFO: Train: [84][2075/2076]  Loss -0.2896 (-1.2669)  Time:  0.136 (0.013)  Data Time:  0.004 (0.004)
2022-04-14 20:11:24,079:INFO:   Eta: 1:12:37
2022-04-14 20:11:50,736:INFO: Train: [85][2075/2076]  Loss -0.2678 (-1.2580)  Time:  0.152 (0.013)  Data Time:  0.005 (0.005)
2022-04-14 20:11:50,737:INFO:   Eta: 1:13:16
2022-04-14 20:12:16,935:INFO: Train: [86][2075/2076]  Loss -0.2413 (-1.1503)  Time:  0.138 (0.013)  Data Time:  0.004 (0.004)
2022-04-14 20:12:16,935:INFO:   Eta: 1:11:34
2022-04-14 20:12:43,487:INFO: Train: [87][2075/2076]  Loss -0.3161 (-1.2695)  Time:  0.146 (0.013)  Data Time:  0.004 (0.005)
2022-04-14 20:12:43,488:INFO:   Eta: 1:12:06
2022-04-14 20:13:09,695:INFO: Train: [88][2075/2076]  Loss -0.2925 (-1.3203)  Time:  0.153 (0.013)  Data Time:  0.004 (0.005)
2022-04-14 20:13:09,696:INFO:   Eta: 1:10:43
2022-04-14 20:13:36,177:INFO: Train: [89][2075/2076]  Loss -0.3703 (-1.1332)  Time:  0.133 (0.013)  Data Time:  0.004 (0.005)
2022-04-14 20:13:36,178:INFO:   Eta: 1:11:01
2022-04-14 20:14:02,365:INFO: Train: [90][2075/2076]  Loss -0.3653 (-1.2857)  Time:  0.146 (0.013)  Data Time:  0.005 (0.004)
2022-04-14 20:14:02,366:INFO:   Eta: 1:09:48
2022-04-14 20:14:28,739:INFO: Train: [91][2075/2076]  Loss -0.3187 (-1.2808)  Time:  0.163 (0.013)  Data Time:  0.005 (0.005)
2022-04-14 20:14:28,740:INFO:   Eta: 1:09:51
2022-04-14 20:14:55,035:INFO: Train: [92][2075/2076]  Loss -0.2214 (-1.3325)  Time:  0.143 (0.013)  Data Time:  0.005 (0.004)
2022-04-14 20:14:55,035:INFO:   Eta: 1:09:12
2022-04-14 20:15:21,046:INFO: Train: [93][2075/2076]  Loss -0.2681 (-1.2499)  Time:  0.134 (0.013)  Data Time:  0.005 (0.005)
2022-04-14 20:15:21,047:INFO:   Eta: 1:08:01
2022-04-14 20:15:47,318:INFO: Train: [94][2075/2076]  Loss -0.3415 (-1.3008)  Time:  0.160 (0.013)  Data Time:  0.004 (0.005)
2022-04-14 20:15:47,319:INFO:   Eta: 1:08:16
2022-04-14 20:16:13,599:INFO: Train: [95][2075/2076]  Loss -0.2612 (-1.3618)  Time:  0.156 (0.013)  Data Time:  0.004 (0.005)
2022-04-14 20:16:13,601:INFO:   Eta: 1:07:51
2022-04-14 20:16:39,856:INFO: Train: [96][2075/2076]  Loss -0.3133 (-1.2780)  Time:  0.142 (0.013)  Data Time:  0.005 (0.004)
2022-04-14 20:16:39,857:INFO:   Eta: 1:07:21
2022-04-14 20:17:06,638:INFO: Train: [97][2075/2076]  Loss -0.3469 (-1.3742)  Time:  0.157 (0.013)  Data Time:  0.005 (0.005)
2022-04-14 20:17:06,639:INFO:   Eta: 1:08:15
2022-04-14 20:17:32,687:INFO: Train: [98][2075/2076]  Loss -0.2670 (-1.3202)  Time:  0.140 (0.013)  Data Time:  0.005 (0.004)
2022-04-14 20:17:32,688:INFO:   Eta: 1:05:57
2022-04-14 20:17:59,011:INFO: Train: [99][2075/2076]  Loss -0.3372 (-1.3323)  Time:  0.140 (0.013)  Data Time:  0.004 (0.005)
2022-04-14 20:17:59,011:INFO:   Eta: 1:06:12
2022-04-14 20:18:26,612:INFO: Train: [100][2075/2076]  Loss -0.3292 (-1.3426)  Time:  0.147 (0.013)  Data Time:  0.005 (0.005)
2022-04-14 20:18:26,613:INFO:   Eta: 1:08:57
2022-04-14 20:18:52,458:INFO: Train: [101][2075/2076]  Loss -0.2786 (-1.3441)  Time:  0.135 (0.012)  Data Time:  0.004 (0.005)
2022-04-14 20:18:52,459:INFO:   Eta: 1:04:08
2022-04-14 20:19:18,753:INFO: Train: [102][2075/2076]  Loss -0.2459 (-1.3733)  Time:  0.137 (0.013)  Data Time:  0.004 (0.005)
2022-04-14 20:19:18,754:INFO:   Eta: 1:04:50
2022-04-14 20:19:45,411:INFO: Train: [103][2075/2076]  Loss -0.3229 (-1.3164)  Time:  0.153 (0.013)  Data Time:  0.005 (0.005)
2022-04-14 20:19:45,412:INFO:   Eta: 1:05:16
2022-04-14 20:20:11,816:INFO: Train: [104][2075/2076]  Loss -0.3694 (-1.3749)  Time:  0.136 (0.013)  Data Time:  0.005 (0.004)
2022-04-14 20:20:11,817:INFO:   Eta: 1:04:13
2022-04-14 20:20:38,058:INFO: Train: [105][2075/2076]  Loss -0.3214 (-1.3741)  Time:  0.138 (0.013)  Data Time:  0.004 (0.004)
2022-04-14 20:20:38,059:INFO:   Eta: 1:03:23
2022-04-14 20:21:04,853:INFO: Train: [106][2075/2076]  Loss -0.3566 (-1.3333)  Time:  0.148 (0.013)  Data Time:  0.005 (0.005)
2022-04-14 20:21:04,854:INFO:   Eta: 1:04:16
2022-04-14 20:21:31,445:INFO: Train: [107][2075/2076]  Loss -0.3382 (-1.3252)  Time:  0.141 (0.013)  Data Time:  0.004 (0.005)
2022-04-14 20:21:31,445:INFO:   Eta: 1:03:20
2022-04-14 20:21:58,257:INFO: Train: [108][2075/2076]  Loss -0.3511 (-1.3966)  Time:  0.150 (0.013)  Data Time:  0.005 (0.005)
2022-04-14 20:21:58,257:INFO:   Eta: 1:03:25
2022-04-14 20:22:25,154:INFO: Train: [109][2075/2076]  Loss -0.2888 (-1.3398)  Time:  0.147 (0.013)  Data Time:  0.005 (0.005)
2022-04-14 20:22:25,155:INFO:   Eta: 1:03:10
2022-04-14 20:22:51,579:INFO: Train: [110][2075/2076]  Loss -0.3667 (-1.3377)  Time:  0.147 (0.013)  Data Time:  0.005 (0.005)
2022-04-14 20:22:51,579:INFO:   Eta: 1:01:37
2022-04-14 20:23:18,190:INFO: Train: [111][2075/2076]  Loss -0.3780 (-1.2566)  Time:  0.156 (0.013)  Data Time:  0.005 (0.005)
2022-04-14 20:23:18,191:INFO:   Eta: 1:01:37
2022-04-14 20:23:44,914:INFO: Train: [112][2075/2076]  Loss -0.2778 (-1.3233)  Time:  0.158 (0.013)  Data Time:  0.005 (0.005)
2022-04-14 20:23:44,914:INFO:   Eta: 1:01:25
2022-04-14 20:24:11,470:INFO: Train: [113][2075/2076]  Loss -0.2542 (-1.4176)  Time:  0.148 (0.013)  Data Time:  0.005 (0.005)
2022-04-14 20:24:11,470:INFO:   Eta: 1:00:36
2022-04-14 20:24:38,298:INFO: Train: [114][2075/2076]  Loss -0.2763 (-1.4483)  Time:  0.149 (0.013)  Data Time:  0.005 (0.005)
2022-04-14 20:24:38,299:INFO:   Eta: 1:00:46
2022-04-14 20:25:05,039:INFO: Train: [115][2075/2076]  Loss -0.2291 (-1.3799)  Time:  0.143 (0.013)  Data Time:  0.004 (0.004)
2022-04-14 20:25:05,040:INFO:   Eta: 1:00:07
2022-04-14 20:25:31,845:INFO: Train: [116][2075/2076]  Loss -0.3432 (-1.3543)  Time:  0.145 (0.013)  Data Time:  0.005 (0.005)
2022-04-14 20:25:31,846:INFO:   Eta: 0:59:50
2022-04-14 20:25:58,786:INFO: Train: [117][2075/2076]  Loss -0.2446 (-1.3736)  Time:  0.157 (0.013)  Data Time:  0.005 (0.005)
2022-04-14 20:25:58,786:INFO:   Eta: 0:59:41
2022-04-14 20:26:25,303:INFO: Train: [118][2075/2076]  Loss -0.2364 (-1.3755)  Time:  0.146 (0.013)  Data Time:  0.005 (0.005)
2022-04-14 20:26:25,304:INFO:   Eta: 0:58:18
2022-04-14 20:26:51,813:INFO: Train: [119][2075/2076]  Loss -0.3607 (-1.4658)  Time:  0.156 (0.013)  Data Time:  0.005 (0.005)
2022-04-14 20:26:51,814:INFO:   Eta: 0:57:51
2022-04-14 20:27:18,264:INFO: Train: [120][2075/2076]  Loss -0.3699 (-1.4025)  Time:  0.141 (0.013)  Data Time:  0.005 (0.004)
2022-04-14 20:27:18,265:INFO:   Eta: 0:57:16
2022-04-14 20:27:44,815:INFO: Train: [121][2075/2076]  Loss -0.2830 (-1.3792)  Time:  0.143 (0.013)  Data Time:  0.005 (0.005)
2022-04-14 20:27:44,816:INFO:   Eta: 0:57:02
2022-04-14 20:28:11,507:INFO: Train: [122][2075/2076]  Loss -0.3854 (-1.4454)  Time:  0.153 (0.013)  Data Time:  0.005 (0.005)
2022-04-14 20:28:11,509:INFO:   Eta: 0:56:54
2022-04-14 20:28:38,228:INFO: Train: [123][2075/2076]  Loss -0.2520 (-1.4472)  Time:  0.137 (0.013)  Data Time:  0.005 (0.005)
2022-04-14 20:28:38,229:INFO:   Eta: 0:56:31
2022-04-14 20:29:04,938:INFO: Train: [124][2075/2076]  Loss -0.3334 (-1.4307)  Time:  0.137 (0.013)  Data Time:  0.005 (0.005)
2022-04-14 20:29:04,939:INFO:   Eta: 0:56:03
2022-04-14 20:29:31,288:INFO: Train: [125][2075/2076]  Loss -0.3827 (-1.3951)  Time:  0.142 (0.013)  Data Time:  0.004 (0.004)
2022-04-14 20:29:31,289:INFO:   Eta: 0:54:52
2022-04-14 20:29:57,915:INFO: Train: [126][2075/2076]  Loss -0.3013 (-1.4515)  Time:  0.159 (0.013)  Data Time:  0.005 (0.005)
2022-04-14 20:29:57,916:INFO:   Eta: 0:55:00
2022-04-14 20:30:24,162:INFO: Train: [127][2075/2076]  Loss -0.2845 (-1.3587)  Time:  0.150 (0.013)  Data Time:  0.004 (0.004)
2022-04-14 20:30:24,163:INFO:   Eta: 0:53:46
2022-04-14 20:30:50,578:INFO: Train: [128][2075/2076]  Loss -0.2577 (-1.2856)  Time:  0.143 (0.013)  Data Time:  0.004 (0.005)
2022-04-14 20:30:50,580:INFO:   Eta: 0:53:41
2022-04-14 20:31:17,138:INFO: Train: [129][2075/2076]  Loss -0.3394 (-1.4282)  Time:  0.146 (0.013)  Data Time:  0.004 (0.005)
2022-04-14 20:31:17,139:INFO:   Eta: 0:53:32
2022-04-14 20:31:43,682:INFO: Train: [130][2075/2076]  Loss -0.2814 (-1.4135)  Time:  0.154 (0.013)  Data Time:  0.005 (0.005)
2022-04-14 20:31:43,683:INFO:   Eta: 0:53:03
2022-04-14 20:32:09,921:INFO: Train: [131][2075/2076]  Loss -0.3409 (-1.4792)  Time:  0.137 (0.013)  Data Time:  0.005 (0.005)
2022-04-14 20:32:09,922:INFO:   Eta: 0:52:00
2022-04-14 20:32:37,097:INFO: Train: [132][2075/2076]  Loss -0.2996 (-1.4459)  Time:  0.148 (0.013)  Data Time:  0.006 (0.005)
2022-04-14 20:32:37,098:INFO:   Eta: 0:53:25
2022-04-14 20:33:03,504:INFO: Train: [133][2075/2076]  Loss -0.3127 (-1.4485)  Time:  0.147 (0.013)  Data Time:  0.005 (0.004)
2022-04-14 20:33:03,506:INFO:   Eta: 0:51:28
2022-04-14 20:33:30,364:INFO: Train: [134][2075/2076]  Loss -0.3106 (-1.4951)  Time:  0.134 (0.013)  Data Time:  0.004 (0.005)
2022-04-14 20:33:30,365:INFO:   Eta: 0:51:53
2022-04-14 20:33:56,998:INFO: Train: [135][2075/2076]  Loss -0.2794 (-1.4725)  Time:  0.148 (0.013)  Data Time:  0.004 (0.005)
2022-04-14 20:33:56,999:INFO:   Eta: 0:51:01
2022-04-14 20:34:23,828:INFO: Train: [136][2075/2076]  Loss -0.2001 (-1.4447)  Time:  0.141 (0.013)  Data Time:  0.005 (0.005)
2022-04-14 20:34:23,829:INFO:   Eta: 0:50:56
2022-04-14 20:34:50,502:INFO: Train: [137][2075/2076]  Loss -0.3221 (-1.5054)  Time:  0.138 (0.013)  Data Time:  0.005 (0.005)
2022-04-14 20:34:50,503:INFO:   Eta: 0:50:12
2022-04-14 20:35:17,256:INFO: Train: [138][2075/2076]  Loss -0.4053 (-1.5012)  Time:  0.149 (0.013)  Data Time:  0.005 (0.005)
2022-04-14 20:35:17,258:INFO:   Eta: 0:49:54
2022-04-14 20:35:43,789:INFO: Train: [139][2075/2076]  Loss -0.3235 (-1.3517)  Time:  0.133 (0.013)  Data Time:  0.004 (0.005)
2022-04-14 20:35:43,789:INFO:   Eta: 0:49:03
2022-04-14 20:36:10,544:INFO: Train: [140][2075/2076]  Loss -0.3451 (-1.5006)  Time:  0.141 (0.013)  Data Time:  0.005 (0.005)
2022-04-14 20:36:10,545:INFO:   Eta: 0:49:01
2022-04-14 20:36:37,133:INFO: Train: [141][2075/2076]  Loss -0.3162 (-1.4081)  Time:  0.155 (0.013)  Data Time:  0.005 (0.005)
2022-04-14 20:36:37,133:INFO:   Eta: 0:48:16
2022-04-14 20:37:03,691:INFO: Train: [142][2075/2076]  Loss -0.2451 (-1.5106)  Time:  0.153 (0.013)  Data Time:  0.005 (0.005)
2022-04-14 20:37:03,692:INFO:   Eta: 0:47:46
2022-04-14 20:37:30,419:INFO: Train: [143][2075/2076]  Loss -0.3647 (-1.5136)  Time:  0.181 (0.013)  Data Time:  0.005 (0.004)
2022-04-14 20:37:30,420:INFO:   Eta: 0:47:38
2022-04-14 20:37:58,169:INFO: Train: [144][2075/2076]  Loss -0.3447 (-1.4207)  Time:  0.160 (0.013)  Data Time:  0.005 (0.005)
2022-04-14 20:37:58,169:INFO:   Eta: 0:48:59
2022-04-14 20:38:24,970:INFO: Train: [145][2075/2076]  Loss -0.3242 (-1.5443)  Time:  0.148 (0.013)  Data Time:  0.005 (0.005)
2022-04-14 20:38:24,974:INFO:   Eta: 0:46:53
2022-04-14 20:38:51,102:INFO: Train: [146][2075/2076]  Loss -0.3253 (-1.5198)  Time:  0.149 (0.013)  Data Time:  0.005 (0.005)
2022-04-14 20:38:51,103:INFO:   Eta: 0:45:16
2022-04-14 20:39:17,718:INFO: Train: [147][2075/2076]  Loss -0.3791 (-1.5419)  Time:  0.158 (0.013)  Data Time:  0.006 (0.005)
2022-04-14 20:39:17,719:INFO:   Eta: 0:45:39
2022-04-14 20:39:44,722:INFO: Train: [148][2075/2076]  Loss -0.3413 (-1.5005)  Time:  0.141 (0.013)  Data Time:  0.004 (0.004)
2022-04-14 20:39:44,722:INFO:   Eta: 0:45:52
2022-04-14 20:40:12,346:INFO: Train: [149][2075/2076]  Loss -0.3250 (-1.4135)  Time:  0.147 (0.013)  Data Time:  0.004 (0.005)
2022-04-14 20:40:12,347:INFO:   Eta: 0:46:28
2022-04-14 20:40:39,854:INFO: Train: [150][2075/2076]  Loss -0.3314 (-1.5070)  Time:  0.134 (0.013)  Data Time:  0.005 (0.005)
2022-04-14 20:40:39,855:INFO:   Eta: 0:45:49
2022-04-14 20:41:07,545:INFO: Train: [151][2075/2076]  Loss -0.3423 (-1.6908)  Time:  0.138 (0.013)  Data Time:  0.004 (0.005)
2022-04-14 20:41:07,546:INFO:   Eta: 0:45:39
2022-04-14 20:41:13,118:INFO: Valid: [151][529/530]  Loss -6.1691 (-4.5841)
2022-04-14 20:41:13,129:INFO: Checkpoint saved...
2022-04-14 20:41:41,339:INFO: Train: [152][2075/2076]  Loss -0.3808 (-1.6981)  Time:  0.144 (0.014)  Data Time:  0.004 (0.005)
2022-04-14 20:41:41,340:INFO:   Eta: 0:46:02
2022-04-14 20:41:46,875:INFO: Valid: [152][529/530]  Loss -6.2636 (-4.6004)
2022-04-14 20:41:46,884:INFO: Checkpoint saved...
2022-04-14 20:42:14,949:INFO: Train: [153][2075/2076]  Loss -0.3686 (-1.7166)  Time:  0.138 (0.014)  Data Time:  0.005 (0.005)
2022-04-14 20:42:14,950:INFO:   Eta: 0:45:20
2022-04-14 20:42:20,337:INFO: Valid: [153][529/530]  Loss -6.4155 (-4.7244)
2022-04-14 20:42:20,351:INFO: Checkpoint saved...
2022-04-14 20:42:47,990:INFO: Train: [154][2075/2076]  Loss -0.3490 (-1.6927)  Time:  0.171 (0.013)  Data Time:  0.005 (0.005)
2022-04-14 20:42:47,991:INFO:   Eta: 0:44:11
2022-04-14 20:42:53,155:INFO: Valid: [154][529/530]  Loss -6.7895 (-4.8920)
2022-04-14 20:42:53,162:INFO: Checkpoint saved...
2022-04-14 20:43:20,756:INFO: Train: [155][2075/2076]  Loss -0.3422 (-1.7178)  Time:  0.154 (0.013)  Data Time:  0.005 (0.005)
2022-04-14 20:43:20,757:INFO:   Eta: 0:43:40
2022-04-14 20:43:26,446:INFO: Valid: [155][529/530]  Loss -6.6897 (-4.8522)
2022-04-14 20:43:54,635:INFO: Train: [156][2075/2076]  Loss -0.2948 (-1.7361)  Time:  0.143 (0.014)  Data Time:  0.004 (0.005)
2022-04-14 20:43:54,636:INFO:   Eta: 0:44:07
2022-04-14 20:44:00,145:INFO: Valid: [156][529/530]  Loss -6.5749 (-4.7280)
2022-04-14 20:44:27,558:INFO: Train: [157][2075/2076]  Loss -0.4056 (-1.6888)  Time:  0.149 (0.013)  Data Time:  0.005 (0.004)
2022-04-14 20:44:27,559:INFO:   Eta: 0:42:27
2022-04-14 20:44:32,876:INFO: Valid: [157][529/530]  Loss -6.0159 (-4.4605)
2022-04-14 20:45:00,450:INFO: Train: [158][2075/2076]  Loss -0.3863 (-1.5829)  Time:  0.145 (0.013)  Data Time:  0.004 (0.005)
2022-04-14 20:45:00,450:INFO:   Eta: 0:42:15
2022-04-14 20:45:05,877:INFO: Valid: [158][529/530]  Loss -5.8779 (-4.3446)
2022-04-14 20:45:33,999:INFO: Train: [159][2075/2076]  Loss -0.4353 (-1.7385)  Time:  0.146 (0.014)  Data Time:  0.004 (0.004)
2022-04-14 20:45:34,000:INFO:   Eta: 0:42:36
2022-04-14 20:45:39,225:INFO: Valid: [159][529/530]  Loss -6.7787 (-4.8484)
2022-04-14 20:46:06,633:INFO: Train: [160][2075/2076]  Loss -0.4135 (-1.7798)  Time:  0.152 (0.013)  Data Time:  0.005 (0.005)
2022-04-14 20:46:06,634:INFO:   Eta: 0:41:05
2022-04-14 20:46:12,094:INFO: Valid: [160][529/530]  Loss -5.8793 (-4.3387)
2022-04-14 20:46:39,438:INFO: Train: [161][2075/2076]  Loss -0.4002 (-1.7355)  Time:  0.144 (0.013)  Data Time:  0.005 (0.005)
2022-04-14 20:46:39,439:INFO:   Eta: 0:40:31
2022-04-14 20:46:44,906:INFO: Valid: [161][529/530]  Loss -5.8557 (-4.3638)
2022-04-14 20:47:12,234:INFO: Train: [162][2075/2076]  Loss -0.3764 (-1.7858)  Time:  0.157 (0.013)  Data Time:  0.005 (0.004)
2022-04-14 20:47:12,235:INFO:   Eta: 0:40:03
2022-04-14 20:47:17,594:INFO: Valid: [162][529/530]  Loss -5.9531 (-4.4354)
2022-04-14 20:47:45,121:INFO: Train: [163][2075/2076]  Loss -0.3907 (-1.7688)  Time:  0.151 (0.013)  Data Time:  0.004 (0.005)
2022-04-14 20:47:45,121:INFO:   Eta: 0:39:53
2022-04-14 20:47:50,706:INFO: Valid: [163][529/530]  Loss -5.0592 (-3.8590)
2022-04-14 20:48:18,263:INFO: Train: [164][2075/2076]  Loss -0.4108 (-1.7632)  Time:  0.147 (0.013)  Data Time:  0.005 (0.004)
2022-04-14 20:48:18,264:INFO:   Eta: 0:39:28
2022-04-14 20:48:23,748:INFO: Valid: [164][529/530]  Loss -5.8714 (-4.3356)
2022-04-14 20:48:50,923:INFO: Train: [165][2075/2076]  Loss -0.4520 (-1.7452)  Time:  0.163 (0.013)  Data Time:  0.005 (0.005)
2022-04-14 20:48:50,925:INFO:   Eta: 0:38:28
2022-04-14 20:48:56,525:INFO: Valid: [165][529/530]  Loss -5.1343 (-3.8110)
2022-04-14 20:49:23,760:INFO: Train: [166][2075/2076]  Loss -0.3668 (-1.7529)  Time:  0.146 (0.013)  Data Time:  0.004 (0.004)
2022-04-14 20:49:23,761:INFO:   Eta: 0:38:06
2022-04-14 20:49:29,160:INFO: Valid: [166][529/530]  Loss -6.6277 (-4.7943)
2022-04-14 20:49:56,486:INFO: Train: [167][2075/2076]  Loss -0.3917 (-1.7965)  Time:  0.147 (0.013)  Data Time:  0.004 (0.005)
2022-04-14 20:49:56,488:INFO:   Eta: 0:37:46
2022-04-14 20:50:02,272:INFO: Valid: [167][529/530]  Loss -6.0086 (-4.4398)
2022-04-14 20:50:29,832:INFO: Train: [168][2075/2076]  Loss -0.4132 (-1.6211)  Time:  0.152 (0.013)  Data Time:  0.005 (0.004)
2022-04-14 20:50:29,832:INFO:   Eta: 0:37:38
2022-04-14 20:50:35,288:INFO: Valid: [168][529/530]  Loss -5.0479 (-3.8819)
2022-04-14 20:51:02,545:INFO: Train: [169][2075/2076]  Loss -0.3746 (-1.7947)  Time:  0.161 (0.013)  Data Time:  0.005 (0.005)
2022-04-14 20:51:02,546:INFO:   Eta: 0:36:46
2022-04-14 20:51:08,199:INFO: Valid: [169][529/530]  Loss -2.2833 (-2.0937)
2022-04-14 20:51:36,580:INFO: Train: [170][2075/2076]  Loss -0.3769 (-1.7544)  Time:  0.145 (0.014)  Data Time:  0.004 (0.004)
2022-04-14 20:51:36,581:INFO:   Eta: 0:37:48
2022-04-14 20:51:42,068:INFO: Valid: [170][529/530]  Loss -6.0960 (-4.5001)
2022-04-14 20:52:09,523:INFO: Train: [171][2075/2076]  Loss -0.4037 (-1.7924)  Time:  0.150 (0.013)  Data Time:  0.004 (0.005)
2022-04-14 20:52:09,524:INFO:   Eta: 0:36:07
2022-04-14 20:52:14,845:INFO: Valid: [171][529/530]  Loss -5.1494 (-3.9276)
2022-04-14 20:52:41,987:INFO: Train: [172][2075/2076]  Loss -0.4404 (-1.7633)  Time:  0.146 (0.013)  Data Time:  0.005 (0.004)
2022-04-14 20:52:41,987:INFO:   Eta: 0:35:15
2022-04-14 20:52:47,651:INFO: Valid: [172][529/530]  Loss -5.8598 (-4.3350)
2022-04-14 20:53:15,702:INFO: Train: [173][2075/2076]  Loss -0.4082 (-1.7718)  Time:  0.172 (0.014)  Data Time:  0.007 (0.005)
2022-04-14 20:53:15,703:INFO:   Eta: 0:35:58
2022-04-14 20:53:21,339:INFO: Valid: [173][529/530]  Loss -5.8443 (-4.3480)
2022-04-14 20:53:48,806:INFO: Train: [174][2075/2076]  Loss -0.3585 (-1.7331)  Time:  0.152 (0.013)  Data Time:  0.004 (0.004)
2022-04-14 20:53:48,807:INFO:   Eta: 0:34:45
2022-04-14 20:53:54,009:INFO: Valid: [174][529/530]  Loss -6.0132 (-4.4076)
2022-04-14 20:54:21,547:INFO: Train: [175][2075/2076]  Loss -0.4044 (-1.6812)  Time:  0.152 (0.013)  Data Time:  0.005 (0.005)
2022-04-14 20:54:21,548:INFO:   Eta: 0:34:23
2022-04-14 20:54:27,023:INFO: Valid: [175][529/530]  Loss -5.6746 (-4.2407)
2022-04-14 20:54:54,253:INFO: Train: [176][2075/2076]  Loss -0.3800 (-1.7960)  Time:  0.144 (0.013)  Data Time:  0.005 (0.004)
2022-04-14 20:54:54,254:INFO:   Eta: 0:33:33
2022-04-14 20:54:59,856:INFO: Valid: [176][529/530]  Loss -5.4137 (-4.0468)
2022-04-14 20:55:27,415:INFO: Train: [177][2075/2076]  Loss -0.4250 (-1.8004)  Time:  0.160 (0.013)  Data Time:  0.004 (0.005)
2022-04-14 20:55:27,416:INFO:   Eta: 0:33:30
2022-04-14 20:55:32,854:INFO: Valid: [177][529/530]  Loss -6.0807 (-4.4120)
2022-04-14 20:56:00,266:INFO: Train: [178][2075/2076]  Loss -0.4489 (-1.7654)  Time:  0.139 (0.013)  Data Time:  0.004 (0.005)
2022-04-14 20:56:00,267:INFO:   Eta: 0:32:52
2022-04-14 20:56:05,943:INFO: Valid: [178][529/530]  Loss -2.8773 (-2.5332)
2022-04-14 20:56:32,970:INFO: Train: [179][2075/2076]  Loss -0.4446 (-1.7421)  Time:  0.133 (0.013)  Data Time:  0.004 (0.004)
2022-04-14 20:56:32,971:INFO:   Eta: 0:31:57
2022-04-14 20:56:38,371:INFO: Valid: [179][529/530]  Loss -6.4279 (-4.6852)
2022-04-14 20:57:05,700:INFO: Train: [180][2075/2076]  Loss -0.4153 (-1.7217)  Time:  0.171 (0.013)  Data Time:  0.005 (0.004)
2022-04-14 20:57:05,701:INFO:   Eta: 0:31:51
2022-04-14 20:57:11,122:INFO: Valid: [180][529/530]  Loss -5.0685 (-3.8691)
2022-04-14 20:57:37,661:INFO: Train: [181][2075/2076]  Loss -0.4319 (-1.8168)  Time:  0.132 (0.013)  Data Time:  0.004 (0.005)
2022-04-14 20:57:37,663:INFO:   Eta: 0:30:30
2022-04-14 20:57:42,837:INFO: Valid: [181][529/530]  Loss -5.2071 (-3.9179)
2022-04-14 20:58:09,320:INFO: Train: [182][2075/2076]  Loss -0.4716 (-1.7789)  Time:  0.171 (0.013)  Data Time:  0.004 (0.005)
2022-04-14 20:58:09,322:INFO:   Eta: 0:29:59
2022-04-14 20:58:14,730:INFO: Valid: [182][529/530]  Loss -4.5365 (-3.4907)
2022-04-14 20:58:41,502:INFO: Train: [183][2075/2076]  Loss -0.2929 (-1.7519)  Time:  0.147 (0.013)  Data Time:  0.004 (0.005)
2022-04-14 20:58:41,503:INFO:   Eta: 0:29:52
2022-04-14 20:58:46,895:INFO: Valid: [183][529/530]  Loss -6.2170 (-4.5377)
2022-04-14 20:59:14,504:INFO: Train: [184][2075/2076]  Loss -0.3876 (-1.7536)  Time:  0.152 (0.013)  Data Time:  0.005 (0.005)
2022-04-14 20:59:14,505:INFO:   Eta: 0:30:21
2022-04-14 20:59:20,263:INFO: Valid: [184][529/530]  Loss -5.3320 (-3.9659)
2022-04-14 20:59:48,779:INFO: Train: [185][2075/2076]  Loss -0.4198 (-1.8059)  Time:  0.169 (0.014)  Data Time:  0.005 (0.005)
2022-04-14 20:59:48,780:INFO:   Eta: 0:30:52
2022-04-14 20:59:54,382:INFO: Valid: [185][529/530]  Loss -5.8750 (-4.3319)
2022-04-14 21:00:22,822:INFO: Train: [186][2075/2076]  Loss -0.3853 (-1.8114)  Time:  0.151 (0.014)  Data Time:  0.004 (0.004)
2022-04-14 21:00:22,824:INFO:   Eta: 0:30:18
2022-04-14 21:00:28,054:INFO: Valid: [186][529/530]  Loss -5.7589 (-4.2327)
2022-04-14 21:00:56,224:INFO: Train: [187][2075/2076]  Loss -0.4058 (-1.8209)  Time:  0.166 (0.014)  Data Time:  0.005 (0.004)
2022-04-14 21:00:56,225:INFO:   Eta: 0:29:33
2022-04-14 21:01:01,571:INFO: Valid: [187][529/530]  Loss -6.0747 (-4.3863)
2022-04-14 21:01:29,113:INFO: Train: [188][2075/2076]  Loss -0.4375 (-1.8251)  Time:  0.153 (0.013)  Data Time:  0.005 (0.004)
2022-04-14 21:01:29,114:INFO:   Eta: 0:28:26
2022-04-14 21:01:34,696:INFO: Valid: [188][529/530]  Loss -5.2543 (-3.9036)
2022-04-14 21:02:02,723:INFO: Train: [189][2075/2076]  Loss -0.4222 (-1.7972)  Time:  0.175 (0.013)  Data Time:  0.005 (0.005)
2022-04-14 21:02:02,724:INFO:   Eta: 0:28:28
2022-04-14 21:02:08,149:INFO: Valid: [189][529/530]  Loss -6.5953 (-4.7290)
2022-04-14 21:02:35,683:INFO: Train: [190][2075/2076]  Loss -0.3012 (-1.8211)  Time:  0.140 (0.013)  Data Time:  0.004 (0.004)
2022-04-14 21:02:35,684:INFO:   Eta: 0:27:31
2022-04-14 21:02:41,161:INFO: Valid: [190][529/530]  Loss -6.4889 (-4.6872)
2022-04-14 21:03:08,584:INFO: Train: [191][2075/2076]  Loss -0.3424 (-1.8225)  Time:  0.140 (0.013)  Data Time:  0.004 (0.005)
2022-04-14 21:03:08,585:INFO:   Eta: 0:26:56
2022-04-14 21:03:13,924:INFO: Valid: [191][529/530]  Loss -3.9019 (-3.0247)
2022-04-14 21:03:41,084:INFO: Train: [192][2075/2076]  Loss -0.4375 (-1.8336)  Time:  0.152 (0.013)  Data Time:  0.004 (0.004)
2022-04-14 21:03:41,085:INFO:   Eta: 0:26:14
2022-04-14 21:03:46,379:INFO: Valid: [192][529/530]  Loss -5.4024 (-4.0364)
2022-04-14 21:04:12,975:INFO: Train: [193][2075/2076]  Loss -0.2633 (-1.8133)  Time:  0.149 (0.013)  Data Time:  0.004 (0.004)
2022-04-14 21:04:12,976:INFO:   Eta: 0:25:14
2022-04-14 21:04:18,467:INFO: Valid: [193][529/530]  Loss -6.5400 (-4.7010)
2022-04-14 21:04:45,690:INFO: Train: [194][2075/2076]  Loss -0.4712 (-1.7616)  Time:  0.137 (0.013)  Data Time:  0.004 (0.004)
2022-04-14 21:04:45,691:INFO:   Eta: 0:25:23
2022-04-14 21:04:51,210:INFO: Valid: [194][529/530]  Loss -3.7836 (-3.0455)
2022-04-14 21:05:18,219:INFO: Train: [195][2075/2076]  Loss -0.4247 (-1.7725)  Time:  0.144 (0.013)  Data Time:  0.004 (0.004)
2022-04-14 21:05:18,220:INFO:   Eta: 0:24:44
2022-04-14 21:05:23,606:INFO: Valid: [195][529/530]  Loss -6.1610 (-4.4800)
2022-04-14 21:05:50,553:INFO: Train: [196][2075/2076]  Loss -0.4543 (-1.8214)  Time:  0.153 (0.013)  Data Time:  0.004 (0.004)
2022-04-14 21:05:50,554:INFO:   Eta: 0:24:14
2022-04-14 21:05:55,987:INFO: Valid: [196][529/530]  Loss -6.3393 (-4.5715)
2022-04-14 21:06:23,216:INFO: Train: [197][2075/2076]  Loss -0.3536 (-1.7610)  Time:  0.153 (0.013)  Data Time:  0.004 (0.004)
2022-04-14 21:06:23,218:INFO:   Eta: 0:24:02
2022-04-14 21:06:28,795:INFO: Valid: [197][529/530]  Loss -5.9174 (-4.2974)
2022-04-14 21:06:55,489:INFO: Train: [198][2075/2076]  Loss -0.4332 (-1.7818)  Time:  0.138 (0.013)  Data Time:  0.004 (0.004)
2022-04-14 21:06:55,490:INFO:   Eta: 0:23:07
2022-04-14 21:07:00,783:INFO: Valid: [198][529/530]  Loss -0.1069 (-0.7619)
2022-04-14 21:07:27,714:INFO: Train: [199][2075/2076]  Loss -0.3948 (-1.8416)  Time:  0.163 (0.013)  Data Time:  0.004 (0.004)
2022-04-14 21:07:27,715:INFO:   Eta: 0:22:52
2022-04-14 21:07:33,146:INFO: Valid: [199][529/530]  Loss -5.5549 (-4.1293)
2022-04-14 21:08:00,449:INFO: Train: [200][2075/2076]  Loss -0.3905 (-1.7868)  Time:  0.146 (0.013)  Data Time:  0.004 (0.004)
2022-04-14 21:08:00,451:INFO:   Eta: 0:22:44
2022-04-14 21:08:05,905:INFO: Valid: [200][529/530]  Loss -6.3166 (-4.5400)
2022-04-14 21:08:33,004:INFO: Train: [201][2075/2076]  Loss -0.4705 (-1.8021)  Time:  0.160 (0.013)  Data Time:  0.004 (0.004)
2022-04-14 21:08:33,005:INFO:   Eta: 0:22:06
2022-04-14 21:08:38,740:INFO: Valid: [201][529/530]  Loss -5.4059 (-4.0289)
2022-04-14 21:09:06,021:INFO: Train: [202][2075/2076]  Loss -0.4057 (-1.8076)  Time:  0.154 (0.013)  Data Time:  0.004 (0.005)
2022-04-14 21:09:06,022:INFO:   Eta: 0:21:48
2022-04-14 21:09:11,433:INFO: Valid: [202][529/530]  Loss -6.7899 (-4.8665)
2022-04-14 21:09:11,446:INFO: Checkpoint saved...
2022-04-14 21:09:38,416:INFO: Train: [203][2075/2076]  Loss -0.4028 (-1.7496)  Time:  0.146 (0.013)  Data Time:  0.004 (0.004)
2022-04-14 21:09:38,418:INFO:   Eta: 0:21:06
2022-04-14 21:09:44,190:INFO: Valid: [203][529/530]  Loss -5.6323 (-4.1680)
2022-04-14 21:10:11,161:INFO: Train: [204][2075/2076]  Loss -0.4030 (-1.7730)  Time:  0.134 (0.013)  Data Time:  0.004 (0.004)
2022-04-14 21:10:11,162:INFO:   Eta: 0:20:39
2022-04-14 21:10:16,458:INFO: Valid: [204][529/530]  Loss -5.4724 (-4.0570)
2022-04-14 21:10:43,675:INFO: Train: [205][2075/2076]  Loss -0.3568 (-1.8183)  Time:  0.136 (0.013)  Data Time:  0.005 (0.005)
2022-04-14 21:10:43,676:INFO:   Eta: 0:20:23
2022-04-14 21:10:49,242:INFO: Valid: [205][529/530]  Loss -5.7557 (-4.2120)
2022-04-14 21:11:16,298:INFO: Train: [206][2075/2076]  Loss -0.3785 (-1.8477)  Time:  0.160 (0.013)  Data Time:  0.005 (0.004)
2022-04-14 21:11:16,299:INFO:   Eta: 0:19:49
2022-04-14 21:11:21,858:INFO: Valid: [206][529/530]  Loss -5.3036 (-3.9763)
2022-04-14 21:11:48,613:INFO: Train: [207][2075/2076]  Loss -0.3120 (-1.8423)  Time:  0.149 (0.013)  Data Time:  0.005 (0.004)
2022-04-14 21:11:48,615:INFO:   Eta: 0:19:09
2022-04-14 21:11:54,055:INFO: Valid: [207][529/530]  Loss -6.1314 (-4.4206)
2022-04-14 21:12:20,829:INFO: Train: [208][2075/2076]  Loss -0.3355 (-1.8191)  Time:  0.138 (0.013)  Data Time:  0.004 (0.004)
2022-04-14 21:12:20,831:INFO:   Eta: 0:18:43
2022-04-14 21:12:26,216:INFO: Valid: [208][529/530]  Loss -4.9639 (-3.6628)
2022-04-14 21:12:53,489:INFO: Train: [209][2075/2076]  Loss -0.2948 (-1.7968)  Time:  0.147 (0.013)  Data Time:  0.004 (0.004)
2022-04-14 21:12:53,490:INFO:   Eta: 0:18:37
2022-04-14 21:12:58,761:INFO: Valid: [209][529/530]  Loss -4.5385 (-3.4944)
2022-04-14 21:13:25,814:INFO: Train: [210][2075/2076]  Loss -0.3637 (-1.7809)  Time:  0.154 (0.013)  Data Time:  0.004 (0.004)
2022-04-14 21:13:25,815:INFO:   Eta: 0:18:01
2022-04-14 21:13:31,376:INFO: Valid: [210][529/530]  Loss -5.5134 (-4.0853)
2022-04-14 21:13:58,524:INFO: Train: [211][2075/2076]  Loss -0.4504 (-1.8168)  Time:  0.163 (0.013)  Data Time:  0.004 (0.004)
2022-04-14 21:13:58,525:INFO:   Eta: 0:17:38
2022-04-14 21:14:03,990:INFO: Valid: [211][529/530]  Loss -6.5686 (-4.7025)
2022-04-14 21:14:31,068:INFO: Train: [212][2075/2076]  Loss -0.4383 (-1.8421)  Time:  0.164 (0.013)  Data Time:  0.005 (0.004)
2022-04-14 21:14:31,069:INFO:   Eta: 0:17:08
2022-04-14 21:14:36,696:INFO: Valid: [212][529/530]  Loss -4.3848 (-3.3869)
2022-04-14 21:15:03,848:INFO: Train: [213][2075/2076]  Loss -0.4195 (-1.7899)  Time:  0.167 (0.013)  Data Time:  0.005 (0.004)
2022-04-14 21:15:03,849:INFO:   Eta: 0:16:43
2022-04-14 21:15:09,153:INFO: Valid: [213][529/530]  Loss -5.1394 (-3.8543)
2022-04-14 21:15:35,722:INFO: Train: [214][2075/2076]  Loss -0.4478 (-1.7969)  Time:  0.143 (0.013)  Data Time:  0.005 (0.004)
2022-04-14 21:15:35,723:INFO:   Eta: 0:15:55
2022-04-14 21:15:41,131:INFO: Valid: [214][529/530]  Loss -4.6401 (-3.5554)
2022-04-14 21:16:07,655:INFO: Train: [215][2075/2076]  Loss -0.4619 (-1.8068)  Time:  0.158 (0.013)  Data Time:  0.005 (0.005)
2022-04-14 21:16:07,656:INFO:   Eta: 0:15:27
2022-04-14 21:16:12,934:INFO: Valid: [215][529/530]  Loss -5.5117 (-4.0432)
2022-04-14 21:16:40,384:INFO: Train: [216][2075/2076]  Loss -0.4280 (-1.8081)  Time:  0.162 (0.013)  Data Time:  0.005 (0.005)
2022-04-14 21:16:40,384:INFO:   Eta: 0:15:32
2022-04-14 21:16:45,639:INFO: Valid: [216][529/530]  Loss -6.1242 (-4.4439)
2022-04-14 21:17:11,497:INFO: Train: [217][2075/2076]  Loss -0.3946 (-1.8427)  Time:  0.144 (0.012)  Data Time:  0.004 (0.004)
2022-04-14 21:17:11,497:INFO:   Eta: 0:14:12
2022-04-14 21:17:16,815:INFO: Valid: [217][529/530]  Loss -4.2310 (-3.2660)
2022-04-14 21:17:42,982:INFO: Train: [218][2075/2076]  Loss -0.3046 (-1.8481)  Time:  0.143 (0.013)  Data Time:  0.004 (0.004)
2022-04-14 21:17:42,983:INFO:   Eta: 0:13:56
2022-04-14 21:17:48,286:INFO: Valid: [218][529/530]  Loss -6.0924 (-4.4780)
2022-04-14 21:18:14,091:INFO: Train: [219][2075/2076]  Loss -0.4192 (-1.8308)  Time:  0.152 (0.012)  Data Time:  0.004 (0.005)
2022-04-14 21:18:14,092:INFO:   Eta: 0:13:19
2022-04-14 21:18:19,482:INFO: Valid: [219][529/530]  Loss -4.0814 (-3.1007)
2022-04-14 21:18:45,316:INFO: Train: [220][2075/2076]  Loss -0.4369 (-1.7796)  Time:  0.131 (0.012)  Data Time:  0.004 (0.004)
2022-04-14 21:18:45,317:INFO:   Eta: 0:12:54
2022-04-14 21:18:50,422:INFO: Valid: [220][529/530]  Loss -5.7865 (-4.1808)
2022-04-14 21:19:16,251:INFO: Train: [221][2075/2076]  Loss -0.4217 (-1.7926)  Time:  0.146 (0.012)  Data Time:  0.005 (0.004)
2022-04-14 21:19:16,252:INFO:   Eta: 0:12:28
2022-04-14 21:19:21,413:INFO: Valid: [221][529/530]  Loss -5.4578 (-4.0126)
2022-04-14 21:19:46,870:INFO: Train: [222][2075/2076]  Loss -0.4819 (-1.7626)  Time:  0.135 (0.012)  Data Time:  0.004 (0.004)
2022-04-14 21:19:46,871:INFO:   Eta: 0:11:52
2022-04-14 21:19:52,305:INFO: Valid: [222][529/530]  Loss -5.1408 (-3.8149)
2022-04-14 21:20:18,952:INFO: Train: [223][2075/2076]  Loss -0.4196 (-1.8321)  Time:  0.132 (0.013)  Data Time:  0.004 (0.004)
2022-04-14 21:20:18,953:INFO:   Eta: 0:11:59
2022-04-14 21:20:24,471:INFO: Valid: [223][529/530]  Loss -4.7085 (-3.5245)
2022-04-14 21:20:51,293:INFO: Train: [224][2075/2076]  Loss -0.4487 (-1.7373)  Time:  0.162 (0.013)  Data Time:  0.004 (0.004)
2022-04-14 21:20:51,294:INFO:   Eta: 0:11:36
2022-04-14 21:20:56,734:INFO: Valid: [224][529/530]  Loss -5.4709 (-4.0201)
2022-04-14 21:21:22,978:INFO: Train: [225][2075/2076]  Loss -0.3767 (-1.8028)  Time:  0.146 (0.013)  Data Time:  0.004 (0.004)
2022-04-14 21:21:22,979:INFO:   Eta: 0:10:55
2022-04-14 21:21:28,458:INFO: Valid: [225][529/530]  Loss -5.4876 (-4.0732)
2022-04-14 21:21:54,916:INFO: Train: [226][2075/2076]  Loss -0.4686 (-1.7947)  Time:  0.151 (0.013)  Data Time:  0.004 (0.004)
2022-04-14 21:21:54,917:INFO:   Eta: 0:10:30
2022-04-14 21:22:00,058:INFO: Valid: [226][529/530]  Loss -3.6548 (-2.8993)
2022-04-14 21:22:26,740:INFO: Train: [227][2075/2076]  Loss -0.4135 (-1.8198)  Time:  0.149 (0.013)  Data Time:  0.005 (0.004)
2022-04-14 21:22:26,741:INFO:   Eta: 0:10:13
2022-04-14 21:22:32,371:INFO: Valid: [227][529/530]  Loss -6.0495 (-4.3608)
2022-04-14 21:22:58,800:INFO: Train: [228][2075/2076]  Loss -0.4160 (-1.7656)  Time:  0.159 (0.013)  Data Time:  0.006 (0.005)
2022-04-14 21:22:58,801:INFO:   Eta: 0:09:41
2022-04-14 21:23:04,083:INFO: Valid: [228][529/530]  Loss -6.3600 (-4.5950)
2022-04-14 21:23:30,462:INFO: Train: [229][2075/2076]  Loss -0.4224 (-1.7996)  Time:  0.137 (0.013)  Data Time:  0.004 (0.004)
2022-04-14 21:23:30,463:INFO:   Eta: 0:09:13
2022-04-14 21:23:35,667:INFO: Valid: [229][529/530]  Loss -5.3954 (-4.0063)
2022-04-14 21:24:02,130:INFO: Train: [230][2075/2076]  Loss -0.4115 (-1.8493)  Time:  0.146 (0.013)  Data Time:  0.005 (0.004)
2022-04-14 21:24:02,131:INFO:   Eta: 0:08:48
2022-04-14 21:24:07,442:INFO: Valid: [230][529/530]  Loss -6.8323 (-4.9044)
2022-04-14 21:24:07,453:INFO: Checkpoint saved...
2022-04-14 21:24:33,679:INFO: Train: [231][2075/2076]  Loss -0.3357 (-1.8301)  Time:  0.150 (0.013)  Data Time:  0.005 (0.004)
2022-04-14 21:24:33,680:INFO:   Eta: 0:08:18
2022-04-14 21:24:38,839:INFO: Valid: [231][529/530]  Loss -6.0688 (-4.4541)
2022-04-14 21:25:04,988:INFO: Train: [232][2075/2076]  Loss -0.3894 (-1.7340)  Time:  0.143 (0.013)  Data Time:  0.004 (0.004)
2022-04-14 21:25:04,988:INFO:   Eta: 0:07:50
2022-04-14 21:25:10,506:INFO: Valid: [232][529/530]  Loss -5.3357 (-3.9954)
2022-04-14 21:25:36,977:INFO: Train: [233][2075/2076]  Loss -0.4088 (-1.8134)  Time:  0.155 (0.013)  Data Time:  0.004 (0.004)
2022-04-14 21:25:36,978:INFO:   Eta: 0:07:29
2022-04-14 21:25:42,183:INFO: Valid: [233][529/530]  Loss -5.5931 (-4.1195)
2022-04-14 21:26:08,538:INFO: Train: [234][2075/2076]  Loss -0.4438 (-1.8268)  Time:  0.133 (0.013)  Data Time:  0.005 (0.004)
2022-04-14 21:26:08,539:INFO:   Eta: 0:07:01
2022-04-14 21:26:13,570:INFO: Valid: [234][529/530]  Loss -5.6400 (-4.1801)
2022-04-14 21:26:39,677:INFO: Train: [235][2075/2076]  Loss -0.3996 (-1.8423)  Time:  0.152 (0.013)  Data Time:  0.005 (0.004)
2022-04-14 21:26:39,678:INFO:   Eta: 0:06:31
2022-04-14 21:26:44,740:INFO: Valid: [235][529/530]  Loss -5.2615 (-3.9345)
2022-04-14 21:27:10,895:INFO: Train: [236][2075/2076]  Loss -0.3932 (-1.7733)  Time:  0.136 (0.013)  Data Time:  0.005 (0.004)
2022-04-14 21:27:10,896:INFO:   Eta: 0:06:05
2022-04-14 21:27:16,263:INFO: Valid: [236][529/530]  Loss -5.0495 (-3.7973)
2022-04-14 21:27:42,569:INFO: Train: [237][2075/2076]  Loss -0.4578 (-1.8741)  Time:  0.148 (0.013)  Data Time:  0.005 (0.004)
2022-04-14 21:27:42,570:INFO:   Eta: 0:05:41
2022-04-14 21:27:47,809:INFO: Valid: [237][529/530]  Loss -5.8241 (-4.2603)
2022-04-14 21:28:14,108:INFO: Train: [238][2075/2076]  Loss -0.4532 (-1.8548)  Time:  0.158 (0.013)  Data Time:  0.005 (0.004)
2022-04-14 21:28:14,109:INFO:   Eta: 0:05:15
2022-04-14 21:28:19,749:INFO: Valid: [238][529/530]  Loss -5.0625 (-3.7982)
2022-04-14 21:28:46,028:INFO: Train: [239][2075/2076]  Loss -0.4053 (-1.8409)  Time:  0.151 (0.013)  Data Time:  0.005 (0.004)
2022-04-14 21:28:46,030:INFO:   Eta: 0:04:48
2022-04-14 21:28:51,049:INFO: Valid: [239][529/530]  Loss -3.0363 (-2.4878)
2022-04-14 21:29:17,917:INFO: Train: [240][2075/2076]  Loss -0.4330 (-1.7646)  Time:  0.161 (0.013)  Data Time:  0.005 (0.005)
2022-04-14 21:29:17,918:INFO:   Eta: 0:04:28
2022-04-14 21:29:23,267:INFO: Valid: [240][529/530]  Loss -5.7776 (-4.2531)
2022-04-14 21:29:49,588:INFO: Train: [241][2075/2076]  Loss -0.3490 (-1.8707)  Time:  0.149 (0.013)  Data Time:  0.005 (0.005)
2022-04-14 21:29:49,589:INFO:   Eta: 0:03:56
2022-04-14 21:29:55,065:INFO: Valid: [241][529/530]  Loss -5.3533 (-3.9098)
2022-04-14 21:30:21,448:INFO: Train: [242][2075/2076]  Loss -0.3227 (-1.8460)  Time:  0.155 (0.013)  Data Time:  0.005 (0.004)
2022-04-14 21:30:21,448:INFO:   Eta: 0:03:30
2022-04-14 21:30:26,490:INFO: Valid: [242][529/530]  Loss -5.0619 (-3.7261)
2022-04-14 21:30:52,662:INFO: Train: [243][2075/2076]  Loss -0.3677 (-1.7341)  Time:  0.153 (0.013)  Data Time:  0.004 (0.004)
2022-04-14 21:30:52,663:INFO:   Eta: 0:03:03
2022-04-14 21:30:57,880:INFO: Valid: [243][529/530]  Loss -6.6229 (-4.7560)
2022-04-14 21:31:24,194:INFO: Train: [244][2075/2076]  Loss -0.4362 (-1.7872)  Time:  0.143 (0.013)  Data Time:  0.004 (0.004)
2022-04-14 21:31:24,196:INFO:   Eta: 0:02:37
2022-04-14 21:31:29,424:INFO: Valid: [244][529/530]  Loss -5.8915 (-4.3237)
2022-04-14 21:31:55,347:INFO: Train: [245][2075/2076]  Loss -0.4201 (-1.7525)  Time:  0.134 (0.012)  Data Time:  0.005 (0.004)
2022-04-14 21:31:55,348:INFO:   Eta: 0:02:09
2022-04-14 21:32:00,485:INFO: Valid: [245][529/530]  Loss -6.0706 (-4.3646)
2022-04-14 21:32:26,903:INFO: Train: [246][2075/2076]  Loss -0.4278 (-1.7290)  Time:  0.143 (0.013)  Data Time:  0.005 (0.005)
2022-04-14 21:32:26,904:INFO:   Eta: 0:01:45
2022-04-14 21:32:32,151:INFO: Valid: [246][529/530]  Loss -5.9140 (-4.2737)
2022-04-14 21:32:58,664:INFO: Train: [247][2075/2076]  Loss -0.4531 (-1.7688)  Time:  0.139 (0.013)  Data Time:  0.004 (0.004)
2022-04-14 21:32:58,665:INFO:   Eta: 0:01:19
2022-04-14 21:33:03,936:INFO: Valid: [247][529/530]  Loss -6.5581 (-4.7188)
2022-04-14 21:33:29,992:INFO: Train: [248][2075/2076]  Loss -0.4756 (-1.7652)  Time:  0.154 (0.013)  Data Time:  0.004 (0.004)
2022-04-14 21:33:29,992:INFO:   Eta: 0:00:52
2022-04-14 21:33:35,288:INFO: Valid: [248][529/530]  Loss -5.8555 (-4.2789)
2022-04-14 21:34:01,203:INFO: Train: [249][2075/2076]  Loss -0.3896 (-1.7969)  Time:  0.128 (0.012)  Data Time:  0.005 (0.004)
2022-04-14 21:34:01,204:INFO:   Eta: 0:00:25
2022-04-14 21:34:06,709:INFO: Valid: [249][529/530]  Loss -5.0708 (-3.8593)
