2022-04-14 19:31:25,547:INFO: batch_size=128
2022-04-14 19:31:25,547:INFO: clip_grad=None
2022-04-14 19:31:25,547:INFO: dataset=zara1
2022-04-14 19:31:25,547:INFO: dict_kernel_size=3
2022-04-14 19:31:25,547:INFO: drop=0.0
2022-04-14 19:31:25,547:INFO: gpu_num=None
2022-04-14 19:31:25,547:INFO: init=kmeans-32
2022-04-14 19:31:25,547:INFO: input_size=2
2022-04-14 19:31:25,547:INFO: kernel_size=3
2022-04-14 19:31:25,548:INFO: log_dir=./runs/9-3.8177
2022-04-14 19:31:25,548:INFO: lr=0.01
2022-04-14 19:31:25,548:INFO: lr_sh_rate=150
2022-04-14 19:31:25,548:INFO: model=social_stgcnn9
2022-04-14 19:31:25,548:INFO: n_stgcnn=1
2022-04-14 19:31:25,548:INFO: n_txpcnn=5
2022-04-14 19:31:25,548:INFO: name=9-3.8177
2022-04-14 19:31:25,548:INFO: num_epochs=250
2022-04-14 19:31:25,548:INFO: obs_seq_len=8
2022-04-14 19:31:25,548:INFO: output_size=5
2022-04-14 19:31:25,548:INFO: pred_seq_len=12
2022-04-14 19:31:25,548:INFO: seed=8177
2022-04-14 19:31:25,548:INFO: tag=zara1
2022-04-14 19:31:25,548:INFO: use_lrschd=True
2022-04-14 19:31:25,549:INFO: ******************************
2022-04-14 19:31:25,549:INFO: Training initiating....
2022-04-14 19:31:25,549:INFO: Namespace(batch_size=128, clip_grad=None, dataset='zara1', dict_kernel_size=3, drop=0.0, gpu_num=None, init='kmeans-32', input_size=2, kernel_size=3, log_dir='./runs/9-3.8177', lr=0.01, lr_sh_rate=150, model='social_stgcnn9', n_stgcnn=1, n_txpcnn=5, name='9-3.8177', num_epochs=250, obs_seq_len=8, output_size=5, pred_seq_len=12, seed=8177, tag='zara1', use_lrschd=True)
2022-04-14 19:31:25,669:INFO: Initializing train dataset
2022-04-14 19:31:39,040:INFO: Initializing val dataset
2022-04-14 19:32:06,205:INFO: social_stgcnn9
2022-04-14 19:32:06,207:INFO: Data and model loaded
2022-04-14 19:32:06,207:INFO: Checkpoint dir: ./runs/9-3.8177/zara1/checkpoint
2022-04-14 19:32:06,207:INFO: Training started ...
2022-04-14 19:32:36,375:INFO: Train: [0][2321/2322]  Loss 0.1133 (1.5264)  Time:  0.094 (0.013)  Data Time:  0.004 (0.005)
2022-04-14 19:32:36,375:INFO:   Eta: 2:05:40
2022-04-14 19:33:04,930:INFO: Train: [1][2321/2322]  Loss 0.1344 (0.7497)  Time:  0.094 (0.012)  Data Time:  0.004 (0.005)
2022-04-14 19:33:04,931:INFO:   Eta: 1:58:27
2022-04-14 19:33:33,019:INFO: Train: [2][2321/2322]  Loss 0.0798 (0.5105)  Time:  0.093 (0.012)  Data Time:  0.004 (0.004)
2022-04-14 19:33:33,021:INFO:   Eta: 1:56:03
2022-04-14 19:34:01,351:INFO: Train: [3][2321/2322]  Loss 0.0606 (0.3194)  Time:  0.083 (0.012)  Data Time:  0.004 (0.005)
2022-04-14 19:34:01,351:INFO:   Eta: 1:56:34
2022-04-14 19:34:30,414:INFO: Train: [4][2321/2322]  Loss 0.0016 (0.1488)  Time:  0.092 (0.013)  Data Time:  0.004 (0.005)
2022-04-14 19:34:30,415:INFO:   Eta: 1:59:06
2022-04-14 19:34:59,057:INFO: Train: [5][2321/2322]  Loss -0.0233 (0.1372)  Time:  0.092 (0.012)  Data Time:  0.005 (0.005)
2022-04-14 19:34:59,057:INFO:   Eta: 1:56:54
2022-04-14 19:35:27,592:INFO: Train: [6][2321/2322]  Loss -0.0578 (-0.0094)  Time:  0.096 (0.012)  Data Time:  0.005 (0.005)
2022-04-14 19:35:27,593:INFO:   Eta: 1:55:59
2022-04-14 19:35:55,632:INFO: Train: [7][2321/2322]  Loss 0.0378 (-0.1774)  Time:  0.099 (0.012)  Data Time:  0.005 (0.004)
2022-04-14 19:35:55,632:INFO:   Eta: 1:53:30
2022-04-14 19:36:23,821:INFO: Train: [8][2321/2322]  Loss -0.0757 (-0.1623)  Time:  0.091 (0.012)  Data Time:  0.004 (0.004)
2022-04-14 19:36:23,821:INFO:   Eta: 1:53:38
2022-04-14 19:36:51,706:INFO: Train: [9][2321/2322]  Loss -0.0675 (-0.1955)  Time:  0.097 (0.012)  Data Time:  0.004 (0.004)
2022-04-14 19:36:51,706:INFO:   Eta: 1:51:57
2022-04-14 19:37:20,780:INFO: Train: [10][2321/2322]  Loss -0.0911 (-0.2505)  Time:  0.081 (0.013)  Data Time:  0.004 (0.005)
2022-04-14 19:37:21,007:INFO:   Eta: 1:56:15
2022-04-14 19:37:46,842:INFO: Train: [11][2321/2322]  Loss -0.0716 (-0.2297)  Time:  0.068 (0.010)  Data Time:  0.003 (0.004)
2022-04-14 19:39:21,927:INFO:   Eta: 1:35:19
2022-04-14 19:39:51,945:INFO: Train: [12][2321/2322]  Loss -0.0428 (-0.2771)  Time:  0.095 (0.013)  Data Time:  0.005 (0.005)
2022-04-14 19:39:51,988:INFO:   Eta: 1:58:58
2022-04-14 19:40:21,562:INFO: Train: [13][2321/2322]  Loss -0.0354 (-0.3822)  Time:  0.100 (0.013)  Data Time:  0.004 (0.004)
2022-04-14 19:40:21,563:INFO:   Eta: 1:56:44
2022-04-14 19:40:51,187:INFO: Train: [14][2321/2322]  Loss -0.0258 (-0.4732)  Time:  0.096 (0.013)  Data Time:  0.004 (0.004)
2022-04-14 19:40:51,188:INFO:   Eta: 1:56:27
2022-04-14 19:41:21,103:INFO: Train: [15][2321/2322]  Loss -0.1009 (-0.4310)  Time:  0.099 (0.013)  Data Time:  0.004 (0.005)
2022-04-14 19:41:21,105:INFO:   Eta: 1:57:06
2022-04-14 19:41:51,082:INFO: Train: [16][2321/2322]  Loss -0.1052 (-0.5105)  Time:  0.101 (0.013)  Data Time:  0.005 (0.005)
2022-04-14 19:41:51,084:INFO:   Eta: 1:56:51
2022-04-14 19:42:20,967:INFO: Train: [17][2321/2322]  Loss -0.1108 (-0.6484)  Time:  0.094 (0.013)  Data Time:  0.004 (0.004)
2022-04-14 19:42:20,968:INFO:   Eta: 1:55:59
2022-04-14 19:42:51,204:INFO: Train: [18][2321/2322]  Loss -0.1320 (-0.5468)  Time:  0.122 (0.013)  Data Time:  0.004 (0.005)
2022-04-14 19:42:51,205:INFO:   Eta: 1:56:51
2022-04-14 19:43:21,316:INFO: Train: [19][2321/2322]  Loss -0.0998 (-0.3247)  Time:  0.095 (0.013)  Data Time:  0.003 (0.005)
2022-04-14 19:43:21,316:INFO:   Eta: 1:55:51
2022-04-14 19:43:51,547:INFO: Train: [20][2321/2322]  Loss -0.0992 (-0.5691)  Time:  0.096 (0.013)  Data Time:  0.004 (0.005)
2022-04-14 19:43:51,548:INFO:   Eta: 1:55:49
2022-04-14 19:44:21,543:INFO: Train: [21][2321/2322]  Loss -0.1210 (-0.5812)  Time:  0.111 (0.013)  Data Time:  0.006 (0.004)
2022-04-14 19:44:21,544:INFO:   Eta: 1:54:25
2022-04-14 19:44:51,149:INFO: Train: [22][2321/2322]  Loss -0.0940 (-0.6524)  Time:  0.092 (0.013)  Data Time:  0.004 (0.004)
2022-04-14 19:44:51,150:INFO:   Eta: 1:52:26
2022-04-14 19:45:20,924:INFO: Train: [23][2321/2322]  Loss -0.0926 (-0.4392)  Time:  0.099 (0.013)  Data Time:  0.004 (0.005)
2022-04-14 19:45:20,926:INFO:   Eta: 1:52:35
2022-04-14 19:45:50,848:INFO: Train: [24][2321/2322]  Loss -0.1524 (-0.6726)  Time:  0.108 (0.013)  Data Time:  0.005 (0.005)
2022-04-14 19:45:50,850:INFO:   Eta: 1:52:39
2022-04-14 19:46:20,713:INFO: Train: [25][2321/2322]  Loss -0.0930 (-0.6024)  Time:  0.102 (0.013)  Data Time:  0.005 (0.005)
2022-04-14 19:46:20,714:INFO:   Eta: 1:51:55
2022-04-14 19:46:50,465:INFO: Train: [26][2321/2322]  Loss -0.0859 (-0.7212)  Time:  0.091 (0.013)  Data Time:  0.005 (0.005)
2022-04-14 19:46:50,465:INFO:   Eta: 1:51:00
2022-04-14 19:47:20,018:INFO: Train: [27][2321/2322]  Loss -0.0666 (-0.7293)  Time:  0.090 (0.013)  Data Time:  0.004 (0.004)
2022-04-14 19:47:20,018:INFO:   Eta: 1:49:47
2022-04-14 19:47:49,786:INFO: Train: [28][2321/2322]  Loss -0.0699 (-0.5496)  Time:  0.092 (0.013)  Data Time:  0.004 (0.004)
2022-04-14 19:47:49,787:INFO:   Eta: 1:50:05
2022-04-14 19:48:19,778:INFO: Train: [29][2321/2322]  Loss -0.0713 (-0.8331)  Time:  0.101 (0.013)  Data Time:  0.005 (0.005)
2022-04-14 19:48:19,779:INFO:   Eta: 1:50:24
2022-04-14 19:48:49,717:INFO: Train: [30][2321/2322]  Loss -0.0754 (-0.9222)  Time:  0.094 (0.013)  Data Time:  0.004 (0.005)
2022-04-14 19:48:49,718:INFO:   Eta: 1:49:43
2022-04-14 19:49:20,021:INFO: Train: [31][2321/2322]  Loss -0.1236 (-0.7673)  Time:  0.095 (0.013)  Data Time:  0.004 (0.005)
2022-04-14 19:49:20,022:INFO:   Eta: 1:50:33
2022-04-14 19:49:49,874:INFO: Train: [32][2321/2322]  Loss -0.1455 (-0.8459)  Time:  0.098 (0.013)  Data Time:  0.004 (0.005)
2022-04-14 19:49:49,875:INFO:   Eta: 1:48:24
2022-04-14 19:50:19,497:INFO: Train: [33][2321/2322]  Loss -0.1486 (-0.9020)  Time:  0.116 (0.013)  Data Time:  0.005 (0.004)
2022-04-14 19:50:19,498:INFO:   Eta: 1:47:05
2022-04-14 19:50:49,368:INFO: Train: [34][2321/2322]  Loss -0.1330 (-0.9220)  Time:  0.093 (0.013)  Data Time:  0.004 (0.005)
2022-04-14 19:50:49,369:INFO:   Eta: 1:47:29
2022-04-14 19:51:19,763:INFO: Train: [35][2321/2322]  Loss -0.1630 (-0.8815)  Time:  0.097 (0.013)  Data Time:  0.004 (0.005)
2022-04-14 19:51:19,764:INFO:   Eta: 1:48:51
2022-04-14 19:51:49,790:INFO: Train: [36][2321/2322]  Loss -0.1534 (-0.9831)  Time:  0.107 (0.013)  Data Time:  0.004 (0.005)
2022-04-14 19:51:49,791:INFO:   Eta: 1:47:02
2022-04-14 19:52:19,574:INFO: Train: [37][2321/2322]  Loss -0.1329 (-0.9459)  Time:  0.103 (0.013)  Data Time:  0.005 (0.005)
2022-04-14 19:52:19,575:INFO:   Eta: 1:45:40
2022-04-14 19:52:49,582:INFO: Train: [38][2321/2322]  Loss -0.1515 (-0.8450)  Time:  0.098 (0.013)  Data Time:  0.005 (0.005)
2022-04-14 19:52:49,583:INFO:   Eta: 1:45:57
2022-04-14 19:53:19,441:INFO: Train: [39][2321/2322]  Loss -0.1620 (-1.0000)  Time:  0.095 (0.013)  Data Time:  0.004 (0.005)
2022-04-14 19:53:19,442:INFO:   Eta: 1:44:56
2022-04-14 19:53:49,863:INFO: Train: [40][2321/2322]  Loss -0.1572 (-1.0418)  Time:  0.107 (0.013)  Data Time:  0.004 (0.005)
2022-04-14 19:53:49,864:INFO:   Eta: 1:46:25
2022-04-14 19:54:20,114:INFO: Train: [41][2321/2322]  Loss -0.1644 (-0.9540)  Time:  0.108 (0.013)  Data Time:  0.004 (0.005)
2022-04-14 19:54:20,116:INFO:   Eta: 1:45:19
2022-04-14 19:54:50,027:INFO: Train: [42][2321/2322]  Loss -0.1110 (-1.0345)  Time:  0.104 (0.013)  Data Time:  0.005 (0.005)
2022-04-14 19:54:50,027:INFO:   Eta: 1:43:38
2022-04-14 19:55:19,589:INFO: Train: [43][2321/2322]  Loss -0.1662 (-0.9246)  Time:  0.105 (0.013)  Data Time:  0.004 (0.004)
2022-04-14 19:55:19,590:INFO:   Eta: 1:41:56
2022-04-14 19:55:49,227:INFO: Train: [44][2321/2322]  Loss -0.1447 (-0.9787)  Time:  0.099 (0.013)  Data Time:  0.004 (0.005)
2022-04-14 19:55:49,228:INFO:   Eta: 1:41:42
2022-04-14 19:56:19,445:INFO: Train: [45][2321/2322]  Loss -0.1594 (-1.0819)  Time:  0.101 (0.013)  Data Time:  0.004 (0.005)
2022-04-14 19:56:19,445:INFO:   Eta: 1:43:11
2022-04-14 19:56:49,629:INFO: Train: [46][2321/2322]  Loss -0.1325 (-1.0308)  Time:  0.099 (0.013)  Data Time:  0.004 (0.005)
2022-04-14 19:56:49,629:INFO:   Eta: 1:42:34
2022-04-14 19:57:19,374:INFO: Train: [47][2321/2322]  Loss -0.1676 (-0.9480)  Time:  0.100 (0.013)  Data Time:  0.005 (0.005)
2022-04-14 19:57:19,374:INFO:   Eta: 1:40:35
2022-04-14 19:57:48,551:INFO: Train: [48][2321/2322]  Loss -0.1772 (-1.0492)  Time:  0.098 (0.013)  Data Time:  0.005 (0.004)
2022-04-14 19:57:48,552:INFO:   Eta: 1:38:11
2022-04-14 19:58:19,007:INFO: Train: [49][2321/2322]  Loss -0.1425 (-1.1248)  Time:  0.089 (0.013)  Data Time:  0.004 (0.004)
2022-04-14 19:58:19,008:INFO:   Eta: 1:41:58
2022-04-14 19:58:47,765:INFO: Train: [50][2321/2322]  Loss -0.1528 (-0.9492)  Time:  0.090 (0.012)  Data Time:  0.005 (0.004)
2022-04-14 19:58:47,765:INFO:   Eta: 1:35:48
2022-04-14 19:59:16,132:INFO: Train: [51][2321/2322]  Loss -0.0701 (-1.1537)  Time:  0.093 (0.012)  Data Time:  0.005 (0.004)
2022-04-14 19:59:16,133:INFO:   Eta: 1:34:02
2022-04-14 19:59:45,170:INFO: Train: [52][2321/2322]  Loss -0.1990 (-1.0887)  Time:  0.090 (0.012)  Data Time:  0.005 (0.004)
2022-04-14 19:59:45,171:INFO:   Eta: 1:35:46
2022-04-14 20:00:14,430:INFO: Train: [53][2321/2322]  Loss -0.1197 (-1.0951)  Time:  0.091 (0.013)  Data Time:  0.005 (0.005)
2022-04-14 20:00:14,431:INFO:   Eta: 1:36:01
2022-04-14 20:00:43,909:INFO: Train: [54][2321/2322]  Loss -0.1231 (-1.1573)  Time:  0.102 (0.013)  Data Time:  0.005 (0.005)
2022-04-14 20:00:43,910:INFO:   Eta: 1:36:15
2022-04-14 20:01:13,168:INFO: Train: [55][2321/2322]  Loss -0.1847 (-1.1389)  Time:  0.100 (0.013)  Data Time:  0.004 (0.005)
2022-04-14 20:01:13,169:INFO:   Eta: 1:35:03
2022-04-14 20:01:42,308:INFO: Train: [56][2321/2322]  Loss -0.1750 (-1.1664)  Time:  0.096 (0.013)  Data Time:  0.005 (0.004)
2022-04-14 20:01:42,308:INFO:   Eta: 1:34:10
2022-04-14 20:02:11,413:INFO: Train: [57][2321/2322]  Loss -0.1805 (-1.1033)  Time:  0.113 (0.013)  Data Time:  0.004 (0.004)
2022-04-14 20:02:11,414:INFO:   Eta: 1:33:34
2022-04-14 20:02:40,546:INFO: Train: [58][2321/2322]  Loss -0.1797 (-1.2116)  Time:  0.089 (0.013)  Data Time:  0.004 (0.005)
2022-04-14 20:02:40,547:INFO:   Eta: 1:33:10
2022-04-14 20:03:10,194:INFO: Train: [59][2321/2322]  Loss -0.1693 (-1.2099)  Time:  0.103 (0.013)  Data Time:  0.005 (0.005)
2022-04-14 20:03:10,195:INFO:   Eta: 1:34:20
2022-04-14 20:03:39,808:INFO: Train: [60][2321/2322]  Loss -0.1628 (-1.0871)  Time:  0.095 (0.013)  Data Time:  0.004 (0.005)
2022-04-14 20:03:39,809:INFO:   Eta: 1:33:43
2022-04-14 20:04:09,048:INFO: Train: [61][2321/2322]  Loss -0.1972 (-1.2139)  Time:  0.094 (0.013)  Data Time:  0.004 (0.004)
2022-04-14 20:04:09,049:INFO:   Eta: 1:32:03
2022-04-14 20:04:38,730:INFO: Train: [62][2321/2322]  Loss -0.1784 (-1.2918)  Time:  0.100 (0.013)  Data Time:  0.005 (0.005)
2022-04-14 20:04:38,731:INFO:   Eta: 1:32:57
2022-04-14 20:05:07,882:INFO: Train: [63][2321/2322]  Loss -0.1435 (-1.2688)  Time:  0.092 (0.013)  Data Time:  0.005 (0.004)
2022-04-14 20:05:07,883:INFO:   Eta: 1:30:48
2022-04-14 20:05:37,315:INFO: Train: [64][2321/2322]  Loss -0.1821 (-1.0806)  Time:  0.093 (0.013)  Data Time:  0.003 (0.005)
2022-04-14 20:05:37,316:INFO:   Eta: 1:31:12
2022-04-14 20:06:06,661:INFO: Train: [65][2321/2322]  Loss -0.1505 (-1.1805)  Time:  0.098 (0.013)  Data Time:  0.005 (0.005)
2022-04-14 20:06:06,661:INFO:   Eta: 1:30:26
2022-04-14 20:06:35,404:INFO: Train: [66][2321/2322]  Loss -0.1492 (-1.2588)  Time:  0.096 (0.012)  Data Time:  0.005 (0.004)
2022-04-14 20:06:35,405:INFO:   Eta: 1:28:06
2022-04-14 20:07:04,860:INFO: Train: [67][2321/2322]  Loss -0.1520 (-1.0475)  Time:  0.107 (0.013)  Data Time:  0.003 (0.005)
2022-04-14 20:07:04,861:INFO:   Eta: 1:29:48
2022-04-14 20:07:34,255:INFO: Train: [68][2321/2322]  Loss -0.1759 (-1.1184)  Time:  0.106 (0.013)  Data Time:  0.004 (0.005)
2022-04-14 20:07:34,256:INFO:   Eta: 1:29:07
2022-04-14 20:08:03,297:INFO: Train: [69][2321/2322]  Loss -0.1418 (-1.2251)  Time:  0.096 (0.013)  Data Time:  0.005 (0.004)
2022-04-14 20:08:03,297:INFO:   Eta: 1:27:33
2022-04-14 20:08:32,018:INFO: Train: [70][2321/2322]  Loss -0.1415 (-1.2505)  Time:  0.093 (0.012)  Data Time:  0.004 (0.004)
2022-04-14 20:08:32,019:INFO:   Eta: 1:26:07
2022-04-14 20:09:01,398:INFO: Train: [71][2321/2322]  Loss -0.1759 (-1.2002)  Time:  0.094 (0.013)  Data Time:  0.004 (0.004)
2022-04-14 20:09:01,399:INFO:   Eta: 1:27:36
2022-04-14 20:09:30,864:INFO: Train: [72][2321/2322]  Loss -0.1204 (-1.2782)  Time:  0.098 (0.013)  Data Time:  0.005 (0.005)
2022-04-14 20:09:30,865:INFO:   Eta: 1:27:22
2022-04-14 20:10:00,462:INFO: Train: [73][2321/2322]  Loss -0.1847 (-1.2779)  Time:  0.097 (0.013)  Data Time:  0.005 (0.005)
2022-04-14 20:10:00,463:INFO:   Eta: 1:27:16
2022-04-14 20:10:29,488:INFO: Train: [74][2321/2322]  Loss -0.2143 (-1.0781)  Time:  0.097 (0.012)  Data Time:  0.004 (0.004)
2022-04-14 20:10:29,489:INFO:   Eta: 1:25:06
2022-04-14 20:10:58,403:INFO: Train: [75][2321/2322]  Loss -0.2060 (-1.3391)  Time:  0.100 (0.012)  Data Time:  0.005 (0.005)
2022-04-14 20:10:58,403:INFO:   Eta: 1:24:17
2022-04-14 20:11:27,980:INFO: Train: [76][2321/2322]  Loss -0.2092 (-1.2935)  Time:  0.112 (0.013)  Data Time:  0.005 (0.005)
2022-04-14 20:11:27,981:INFO:   Eta: 1:25:44
2022-04-14 20:11:57,196:INFO: Train: [77][2321/2322]  Loss -0.1967 (-1.2751)  Time:  0.103 (0.013)  Data Time:  0.005 (0.005)
2022-04-14 20:11:57,197:INFO:   Eta: 1:24:11
2022-04-14 20:12:26,185:INFO: Train: [78][2321/2322]  Loss -0.1799 (-1.3306)  Time:  0.096 (0.012)  Data Time:  0.004 (0.004)
2022-04-14 20:12:26,186:INFO:   Eta: 1:23:03
2022-04-14 20:12:55,699:INFO: Train: [79][2321/2322]  Loss -0.1861 (-1.2590)  Time:  0.090 (0.013)  Data Time:  0.004 (0.005)
2022-04-14 20:12:55,699:INFO:   Eta: 1:24:04
2022-04-14 20:13:25,519:INFO: Train: [80][2321/2322]  Loss -0.1834 (-1.2904)  Time:  0.096 (0.013)  Data Time:  0.004 (0.005)
2022-04-14 20:13:25,520:INFO:   Eta: 1:24:26
2022-04-14 20:13:55,030:INFO: Train: [81][2321/2322]  Loss -0.1802 (-1.2083)  Time:  0.097 (0.013)  Data Time:  0.005 (0.005)
2022-04-14 20:13:55,031:INFO:   Eta: 1:23:04
2022-04-14 20:14:24,333:INFO: Train: [82][2321/2322]  Loss -0.1676 (-1.3456)  Time:  0.092 (0.013)  Data Time:  0.004 (0.005)
2022-04-14 20:14:24,334:INFO:   Eta: 1:22:00
2022-04-14 20:14:53,232:INFO: Train: [83][2321/2322]  Loss -0.1464 (-1.2881)  Time:  0.109 (0.012)  Data Time:  0.005 (0.004)
2022-04-14 20:14:53,234:INFO:   Eta: 1:20:24
2022-04-14 20:15:22,341:INFO: Train: [84][2321/2322]  Loss -0.1589 (-1.2238)  Time:  0.096 (0.013)  Data Time:  0.004 (0.004)
2022-04-14 20:15:22,343:INFO:   Eta: 1:20:29
2022-04-14 20:15:52,008:INFO: Train: [85][2321/2322]  Loss -0.1949 (-1.3810)  Time:  0.093 (0.013)  Data Time:  0.004 (0.005)
2022-04-14 20:15:52,008:INFO:   Eta: 1:21:32
2022-04-14 20:16:21,388:INFO: Train: [86][2321/2322]  Loss -0.2203 (-1.3621)  Time:  0.104 (0.013)  Data Time:  0.006 (0.005)
2022-04-14 20:16:21,389:INFO:   Eta: 1:20:16
2022-04-14 20:16:50,913:INFO: Train: [87][2321/2322]  Loss -0.1812 (-1.3273)  Time:  0.090 (0.013)  Data Time:  0.004 (0.005)
2022-04-14 20:16:50,914:INFO:   Eta: 1:20:10
2022-04-14 20:17:19,888:INFO: Train: [88][2321/2322]  Loss -0.1695 (-1.3460)  Time:  0.088 (0.012)  Data Time:  0.004 (0.005)
2022-04-14 20:17:19,888:INFO:   Eta: 1:18:11
2022-04-14 20:17:49,002:INFO: Train: [89][2321/2322]  Loss -0.1538 (-1.3720)  Time:  0.090 (0.013)  Data Time:  0.004 (0.005)
2022-04-14 20:17:49,003:INFO:   Eta: 1:18:05
2022-04-14 20:18:19,141:INFO: Train: [90][2321/2322]  Loss -0.1974 (-1.4081)  Time:  0.102 (0.013)  Data Time:  0.005 (0.005)
2022-04-14 20:18:19,142:INFO:   Eta: 1:20:19
2022-04-14 20:18:48,428:INFO: Train: [91][2321/2322]  Loss -0.1390 (-1.2817)  Time:  0.091 (0.013)  Data Time:  0.004 (0.005)
2022-04-14 20:18:48,429:INFO:   Eta: 1:17:34
2022-04-14 20:19:17,783:INFO: Train: [92][2321/2322]  Loss -0.2330 (-1.3744)  Time:  0.094 (0.013)  Data Time:  0.004 (0.005)
2022-04-14 20:19:17,784:INFO:   Eta: 1:17:15
2022-04-14 20:19:47,392:INFO: Train: [93][2321/2322]  Loss -0.1400 (-1.3892)  Time:  0.109 (0.013)  Data Time:  0.005 (0.005)
2022-04-14 20:19:47,393:INFO:   Eta: 1:17:26
2022-04-14 20:20:16,641:INFO: Train: [94][2321/2322]  Loss -0.1517 (-1.3732)  Time:  0.091 (0.013)  Data Time:  0.005 (0.004)
2022-04-14 20:20:16,642:INFO:   Eta: 1:16:00
2022-04-14 20:20:45,962:INFO: Train: [95][2321/2322]  Loss -0.1816 (-1.2772)  Time:  0.098 (0.013)  Data Time:  0.004 (0.004)
2022-04-14 20:20:45,963:INFO:   Eta: 1:15:42
2022-04-14 20:21:15,429:INFO: Train: [96][2321/2322]  Loss -0.1861 (-1.3265)  Time:  0.091 (0.013)  Data Time:  0.005 (0.005)
2022-04-14 20:21:15,430:INFO:   Eta: 1:15:35
2022-04-14 20:21:45,115:INFO: Train: [97][2321/2322]  Loss -0.1521 (-1.3930)  Time:  0.098 (0.013)  Data Time:  0.004 (0.005)
2022-04-14 20:21:45,115:INFO:   Eta: 1:15:39
2022-04-14 20:22:14,133:INFO: Train: [98][2321/2322]  Loss -0.1780 (-1.4170)  Time:  0.108 (0.012)  Data Time:  0.005 (0.004)
2022-04-14 20:22:14,134:INFO:   Eta: 1:13:28
2022-04-14 20:22:43,551:INFO: Train: [99][2321/2322]  Loss -0.1737 (-1.3678)  Time:  0.093 (0.013)  Data Time:  0.004 (0.005)
2022-04-14 20:22:43,552:INFO:   Eta: 1:13:59
2022-04-14 20:23:13,001:INFO: Train: [100][2321/2322]  Loss -0.1703 (-1.4650)  Time:  0.111 (0.013)  Data Time:  0.005 (0.005)
2022-04-14 20:23:13,001:INFO:   Eta: 1:13:35
2022-04-14 20:23:42,448:INFO: Train: [101][2321/2322]  Loss -0.2006 (-1.4200)  Time:  0.090 (0.013)  Data Time:  0.004 (0.005)
2022-04-14 20:23:42,448:INFO:   Eta: 1:13:05
2022-04-14 20:24:12,434:INFO: Train: [102][2321/2322]  Loss -0.1418 (-1.4415)  Time:  0.101 (0.013)  Data Time:  0.005 (0.005)
2022-04-14 20:24:12,435:INFO:   Eta: 1:13:56
2022-04-14 20:24:42,019:INFO: Train: [103][2321/2322]  Loss -0.0891 (-1.3108)  Time:  0.095 (0.013)  Data Time:  0.004 (0.005)
2022-04-14 20:24:42,019:INFO:   Eta: 1:12:26
2022-04-14 20:25:11,363:INFO: Train: [104][2321/2322]  Loss -0.2178 (-1.1927)  Time:  0.089 (0.013)  Data Time:  0.005 (0.005)
2022-04-14 20:25:11,363:INFO:   Eta: 1:11:22
2022-04-14 20:25:41,111:INFO: Train: [105][2321/2322]  Loss -0.1977 (-1.4530)  Time:  0.093 (0.013)  Data Time:  0.004 (0.005)
2022-04-14 20:25:41,112:INFO:   Eta: 1:11:51
2022-04-14 20:26:10,765:INFO: Train: [106][2321/2322]  Loss -0.1978 (-1.2497)  Time:  0.107 (0.013)  Data Time:  0.004 (0.005)
2022-04-14 20:26:10,766:INFO:   Eta: 1:11:08
2022-04-14 20:26:40,307:INFO: Train: [107][2321/2322]  Loss -0.1936 (-1.3730)  Time:  0.093 (0.013)  Data Time:  0.004 (0.005)
2022-04-14 20:26:40,309:INFO:   Eta: 1:10:22
2022-04-14 20:27:09,645:INFO: Train: [108][2321/2322]  Loss -0.2591 (-1.3875)  Time:  0.103 (0.013)  Data Time:  0.005 (0.004)
2022-04-14 20:27:09,646:INFO:   Eta: 1:09:23
2022-04-14 20:27:39,128:INFO: Train: [109][2321/2322]  Loss -0.1622 (-1.4526)  Time:  0.098 (0.013)  Data Time:  0.004 (0.005)
2022-04-14 20:27:39,129:INFO:   Eta: 1:09:14
2022-04-14 20:28:08,861:INFO: Train: [110][2321/2322]  Loss -0.2221 (-1.4243)  Time:  0.092 (0.013)  Data Time:  0.004 (0.005)
2022-04-14 20:28:08,862:INFO:   Eta: 1:09:20
2022-04-14 20:28:38,619:INFO: Train: [111][2321/2322]  Loss -0.2296 (-1.4414)  Time:  0.100 (0.013)  Data Time:  0.005 (0.005)
2022-04-14 20:28:38,620:INFO:   Eta: 1:08:54
2022-04-14 20:29:08,092:INFO: Train: [112][2321/2322]  Loss -0.2159 (-1.3259)  Time:  0.103 (0.013)  Data Time:  0.005 (0.004)
2022-04-14 20:29:08,094:INFO:   Eta: 1:07:45
2022-04-14 20:29:37,565:INFO: Train: [113][2321/2322]  Loss -0.1722 (-1.4078)  Time:  0.115 (0.013)  Data Time:  0.005 (0.004)
2022-04-14 20:29:37,566:INFO:   Eta: 1:07:15
2022-04-14 20:30:07,252:INFO: Train: [114][2321/2322]  Loss -0.2471 (-1.4722)  Time:  0.095 (0.013)  Data Time:  0.005 (0.005)
2022-04-14 20:30:07,252:INFO:   Eta: 1:07:15
2022-04-14 20:30:36,934:INFO: Train: [115][2321/2322]  Loss -0.1961 (-1.4799)  Time:  0.095 (0.013)  Data Time:  0.005 (0.005)
2022-04-14 20:30:36,935:INFO:   Eta: 1:06:45
2022-04-14 20:31:06,078:INFO: Train: [116][2321/2322]  Loss -0.1967 (-1.3313)  Time:  0.101 (0.013)  Data Time:  0.005 (0.005)
2022-04-14 20:31:06,079:INFO:   Eta: 1:05:03
2022-04-14 20:31:35,645:INFO: Train: [117][2321/2322]  Loss -0.1999 (-1.2815)  Time:  0.100 (0.013)  Data Time:  0.004 (0.005)
2022-04-14 20:31:35,645:INFO:   Eta: 1:05:30
2022-04-14 20:32:04,913:INFO: Train: [118][2321/2322]  Loss -0.2312 (-1.4471)  Time:  0.097 (0.013)  Data Time:  0.005 (0.005)
2022-04-14 20:32:04,914:INFO:   Eta: 1:04:21
2022-04-14 20:32:34,279:INFO: Train: [119][2321/2322]  Loss -0.1987 (-1.4537)  Time:  0.098 (0.013)  Data Time:  0.005 (0.004)
2022-04-14 20:32:34,280:INFO:   Eta: 1:04:05
2022-04-14 20:33:03,517:INFO: Train: [120][2321/2322]  Loss -0.2367 (-1.4162)  Time:  0.102 (0.013)  Data Time:  0.005 (0.005)
2022-04-14 20:33:03,518:INFO:   Eta: 1:03:18
2022-04-14 20:33:32,896:INFO: Train: [121][2321/2322]  Loss -0.2047 (-1.4373)  Time:  0.108 (0.013)  Data Time:  0.004 (0.005)
2022-04-14 20:33:32,897:INFO:   Eta: 1:03:08
2022-04-14 20:34:02,792:INFO: Train: [122][2321/2322]  Loss -0.2143 (-1.4720)  Time:  0.092 (0.013)  Data Time:  0.004 (0.005)
2022-04-14 20:34:02,794:INFO:   Eta: 1:03:44
2022-04-14 20:34:32,841:INFO: Train: [123][2321/2322]  Loss -0.2029 (-1.4178)  Time:  0.094 (0.013)  Data Time:  0.004 (0.005)
2022-04-14 20:34:32,842:INFO:   Eta: 1:03:33
2022-04-14 20:35:02,560:INFO: Train: [124][2321/2322]  Loss -0.2129 (-1.5090)  Time:  0.096 (0.013)  Data Time:  0.004 (0.005)
2022-04-14 20:35:02,561:INFO:   Eta: 1:02:22
2022-04-14 20:35:31,809:INFO: Train: [125][2321/2322]  Loss -0.2373 (-1.4429)  Time:  0.099 (0.013)  Data Time:  0.005 (0.004)
2022-04-14 20:35:31,810:INFO:   Eta: 1:00:54
2022-04-14 20:36:01,345:INFO: Train: [126][2321/2322]  Loss -0.2270 (-1.4082)  Time:  0.100 (0.013)  Data Time:  0.003 (0.005)
2022-04-14 20:36:01,346:INFO:   Eta: 1:01:00
2022-04-14 20:36:30,829:INFO: Train: [127][2321/2322]  Loss -0.1545 (-1.5060)  Time:  0.113 (0.013)  Data Time:  0.004 (0.005)
2022-04-14 20:36:30,830:INFO:   Eta: 1:00:25
2022-04-14 20:37:00,225:INFO: Train: [128][2321/2322]  Loss -0.2262 (-1.4212)  Time:  0.103 (0.013)  Data Time:  0.004 (0.005)
2022-04-14 20:37:00,226:INFO:   Eta: 0:59:44
2022-04-14 20:37:29,668:INFO: Train: [129][2321/2322]  Loss -0.2374 (-1.4389)  Time:  0.101 (0.013)  Data Time:  0.005 (0.004)
2022-04-14 20:37:29,669:INFO:   Eta: 0:59:21
2022-04-14 20:37:59,544:INFO: Train: [130][2321/2322]  Loss -0.2126 (-1.5279)  Time:  0.094 (0.013)  Data Time:  0.005 (0.005)
2022-04-14 20:37:59,545:INFO:   Eta: 0:59:43
2022-04-14 20:38:28,758:INFO: Train: [131][2321/2322]  Loss -0.1581 (-1.4909)  Time:  0.099 (0.013)  Data Time:  0.004 (0.005)
2022-04-14 20:38:28,759:INFO:   Eta: 0:57:55
2022-04-14 20:38:58,156:INFO: Train: [132][2321/2322]  Loss -0.2913 (-1.3061)  Time:  0.093 (0.013)  Data Time:  0.003 (0.005)
2022-04-14 20:38:58,157:INFO:   Eta: 0:57:47
2022-04-14 20:39:27,901:INFO: Train: [133][2321/2322]  Loss -0.2657 (-1.4915)  Time:  0.108 (0.013)  Data Time:  0.006 (0.005)
2022-04-14 20:39:27,902:INFO:   Eta: 0:57:58
2022-04-14 20:39:57,782:INFO: Train: [134][2321/2322]  Loss -0.2299 (-1.3926)  Time:  0.098 (0.013)  Data Time:  0.004 (0.004)
2022-04-14 20:39:57,783:INFO:   Eta: 0:57:44
2022-04-14 20:40:28,348:INFO: Train: [135][2321/2322]  Loss -0.2254 (-1.5428)  Time:  0.100 (0.013)  Data Time:  0.004 (0.005)
2022-04-14 20:40:28,348:INFO:   Eta: 0:58:33
2022-04-14 20:40:58,995:INFO: Train: [136][2321/2322]  Loss -0.1898 (-1.4754)  Time:  0.103 (0.013)  Data Time:  0.005 (0.005)
2022-04-14 20:40:58,996:INFO:   Eta: 0:58:11
2022-04-14 20:41:29,313:INFO: Train: [137][2321/2322]  Loss -0.1962 (-1.4376)  Time:  0.098 (0.013)  Data Time:  0.005 (0.005)
2022-04-14 20:41:29,314:INFO:   Eta: 0:57:03
2022-04-14 20:41:59,625:INFO: Train: [138][2321/2322]  Loss -0.2161 (-1.4155)  Time:  0.103 (0.013)  Data Time:  0.004 (0.005)
2022-04-14 20:41:59,627:INFO:   Eta: 0:56:33
2022-04-14 20:42:30,109:INFO: Train: [139][2321/2322]  Loss -0.1987 (-1.3777)  Time:  0.117 (0.013)  Data Time:  0.004 (0.005)
2022-04-14 20:42:30,110:INFO:   Eta: 0:56:21
2022-04-14 20:43:00,310:INFO: Train: [140][2321/2322]  Loss -0.2271 (-1.4817)  Time:  0.104 (0.013)  Data Time:  0.004 (0.004)
2022-04-14 20:43:00,311:INFO:   Eta: 0:55:20
2022-04-14 20:43:30,651:INFO: Train: [141][2321/2322]  Loss -0.1662 (-1.5288)  Time:  0.098 (0.013)  Data Time:  0.005 (0.005)
2022-04-14 20:43:30,652:INFO:   Eta: 0:55:05
2022-04-14 20:44:00,763:INFO: Train: [142][2321/2322]  Loss -0.2180 (-1.5616)  Time:  0.096 (0.013)  Data Time:  0.004 (0.004)
2022-04-14 20:44:00,765:INFO:   Eta: 0:54:10
2022-04-14 20:44:31,078:INFO: Train: [143][2321/2322]  Loss -0.1979 (-1.5620)  Time:  0.096 (0.013)  Data Time:  0.004 (0.005)
2022-04-14 20:44:31,079:INFO:   Eta: 0:54:01
2022-04-14 20:45:01,238:INFO: Train: [144][2321/2322]  Loss -0.2336 (-1.4765)  Time:  0.098 (0.013)  Data Time:  0.004 (0.004)
2022-04-14 20:45:01,240:INFO:   Eta: 0:53:15
2022-04-14 20:45:31,256:INFO: Train: [145][2321/2322]  Loss -0.1920 (-1.3638)  Time:  0.112 (0.013)  Data Time:  0.004 (0.004)
2022-04-14 20:45:31,257:INFO:   Eta: 0:52:30
2022-04-14 20:46:01,576:INFO: Train: [146][2321/2322]  Loss -0.2324 (-1.5365)  Time:  0.117 (0.013)  Data Time:  0.005 (0.005)
2022-04-14 20:46:01,576:INFO:   Eta: 0:52:31
2022-04-14 20:46:32,041:INFO: Train: [147][2321/2322]  Loss -0.1945 (-1.5517)  Time:  0.099 (0.013)  Data Time:  0.004 (0.004)
2022-04-14 20:46:32,042:INFO:   Eta: 0:52:16
2022-04-14 20:47:02,286:INFO: Train: [148][2321/2322]  Loss -0.2017 (-1.3667)  Time:  0.095 (0.013)  Data Time:  0.004 (0.005)
2022-04-14 20:47:02,287:INFO:   Eta: 0:51:23
2022-04-14 20:47:32,196:INFO: Train: [149][2321/2322]  Loss -0.1793 (-1.5076)  Time:  0.098 (0.013)  Data Time:  0.005 (0.004)
2022-04-14 20:47:32,197:INFO:   Eta: 0:50:19
2022-04-14 20:48:02,096:INFO: Train: [150][2321/2322]  Loss -0.2483 (-1.6524)  Time:  0.105 (0.013)  Data Time:  0.005 (0.004)
2022-04-14 20:48:02,097:INFO:   Eta: 0:49:48
2022-04-14 20:48:32,290:INFO: Train: [151][2321/2322]  Loss -0.2206 (-1.6833)  Time:  0.091 (0.013)  Data Time:  0.005 (0.005)
2022-04-14 20:48:32,291:INFO:   Eta: 0:49:47
2022-04-14 20:48:38,384:INFO: Valid: [151][604/605]  Loss -8.1239 (-5.1127)
2022-04-14 20:48:38,394:INFO: Checkpoint saved...
2022-04-14 20:49:09,106:INFO: Train: [152][2321/2322]  Loss -0.2356 (-1.5866)  Time:  0.094 (0.013)  Data Time:  0.004 (0.005)
2022-04-14 20:49:09,107:INFO:   Eta: 0:50:06
2022-04-14 20:49:15,365:INFO: Valid: [152][604/605]  Loss -8.3157 (-5.2664)
2022-04-14 20:49:15,376:INFO: Checkpoint saved...
2022-04-14 20:49:45,575:INFO: Train: [153][2321/2322]  Loss -0.2371 (-1.7052)  Time:  0.105 (0.013)  Data Time:  0.005 (0.004)
2022-04-14 20:49:45,576:INFO:   Eta: 0:48:46
2022-04-14 20:49:51,800:INFO: Valid: [153][604/605]  Loss -8.2819 (-5.1845)
2022-04-14 20:50:22,403:INFO: Train: [154][2321/2322]  Loss -0.2302 (-1.6441)  Time:  0.110 (0.013)  Data Time:  0.005 (0.004)
2022-04-14 20:50:22,404:INFO:   Eta: 0:48:53
2022-04-14 20:50:28,411:INFO: Valid: [154][604/605]  Loss -8.0195 (-5.0419)
2022-04-14 20:50:58,679:INFO: Train: [155][2321/2322]  Loss -0.2042 (-1.6862)  Time:  0.096 (0.013)  Data Time:  0.004 (0.004)
2022-04-14 20:50:58,680:INFO:   Eta: 0:47:52
2022-04-14 20:51:04,898:INFO: Valid: [155][604/605]  Loss -7.9614 (-5.0074)
2022-04-14 20:51:35,718:INFO: Train: [156][2321/2322]  Loss -0.2847 (-1.6723)  Time:  0.103 (0.013)  Data Time:  0.004 (0.004)
2022-04-14 20:51:35,719:INFO:   Eta: 0:48:13
2022-04-14 20:51:42,015:INFO: Valid: [156][604/605]  Loss -7.7457 (-4.9307)
2022-04-14 20:52:12,457:INFO: Train: [157][2321/2322]  Loss -0.2666 (-1.7068)  Time:  0.107 (0.013)  Data Time:  0.005 (0.004)
2022-04-14 20:52:12,457:INFO:   Eta: 0:47:07
2022-04-14 20:52:18,858:INFO: Valid: [157][604/605]  Loss -8.2394 (-5.1837)
2022-04-14 20:52:49,236:INFO: Train: [158][2321/2322]  Loss -0.2570 (-1.7013)  Time:  0.097 (0.013)  Data Time:  0.004 (0.005)
2022-04-14 20:52:49,237:INFO:   Eta: 0:46:32
2022-04-14 20:52:55,556:INFO: Valid: [158][604/605]  Loss -8.2070 (-5.1693)
2022-04-14 20:53:26,742:INFO: Train: [159][2321/2322]  Loss -0.2443 (-1.5560)  Time:  0.097 (0.013)  Data Time:  0.004 (0.005)
2022-04-14 20:53:26,743:INFO:   Eta: 0:47:14
2022-04-14 20:53:33,265:INFO: Valid: [159][604/605]  Loss -8.4435 (-5.2992)
2022-04-14 20:53:33,280:INFO: Checkpoint saved...
2022-04-14 20:54:03,682:INFO: Train: [160][2321/2322]  Loss -0.2393 (-1.5919)  Time:  0.095 (0.013)  Data Time:  0.004 (0.004)
2022-04-14 20:54:03,683:INFO:   Eta: 0:45:33
2022-04-14 20:54:10,109:INFO: Valid: [160][604/605]  Loss -8.0067 (-5.0157)
2022-04-14 20:54:40,668:INFO: Train: [161][2321/2322]  Loss -0.2255 (-1.6777)  Time:  0.118 (0.013)  Data Time:  0.005 (0.005)
2022-04-14 20:54:40,669:INFO:   Eta: 0:45:16
2022-04-14 20:54:47,066:INFO: Valid: [161][604/605]  Loss -8.3278 (-5.2281)
2022-04-14 20:55:18,533:INFO: Train: [162][2321/2322]  Loss -0.2604 (-1.7404)  Time:  0.111 (0.014)  Data Time:  0.004 (0.005)
2022-04-14 20:55:18,534:INFO:   Eta: 0:46:05
2022-04-14 20:55:24,885:INFO: Valid: [162][604/605]  Loss -7.7409 (-4.8761)
2022-04-14 20:55:56,532:INFO: Train: [163][2321/2322]  Loss -0.2530 (-1.6693)  Time:  0.098 (0.014)  Data Time:  0.005 (0.004)
2022-04-14 20:55:56,533:INFO:   Eta: 0:45:50
2022-04-14 20:56:02,916:INFO: Valid: [163][604/605]  Loss -7.6849 (-4.8265)
2022-04-14 20:56:33,866:INFO: Train: [164][2321/2322]  Loss -0.2475 (-1.7120)  Time:  0.103 (0.013)  Data Time:  0.005 (0.005)
2022-04-14 20:56:33,867:INFO:   Eta: 0:44:18
2022-04-14 20:56:40,177:INFO: Valid: [164][604/605]  Loss -7.5121 (-4.7615)
2022-04-14 20:57:10,609:INFO: Train: [165][2321/2322]  Loss -0.2238 (-1.4740)  Time:  0.115 (0.013)  Data Time:  0.004 (0.005)
2022-04-14 20:57:10,610:INFO:   Eta: 0:43:03
2022-04-14 20:57:17,118:INFO: Valid: [165][604/605]  Loss -8.4610 (-5.3291)
2022-04-14 20:57:17,131:INFO: Checkpoint saved...
2022-04-14 20:57:46,540:INFO: Train: [166][2321/2322]  Loss -0.2665 (-1.6521)  Time:  0.094 (0.013)  Data Time:  0.004 (0.005)
2022-04-14 20:57:46,541:INFO:   Eta: 0:41:07
2022-04-14 20:57:52,174:INFO: Valid: [166][604/605]  Loss -8.3119 (-5.2467)
2022-04-14 20:58:21,387:INFO: Train: [167][2321/2322]  Loss -0.1371 (-1.5014)  Time:  0.113 (0.013)  Data Time:  0.004 (0.005)
2022-04-14 20:58:21,388:INFO:   Eta: 0:40:22
2022-04-14 20:58:27,279:INFO: Valid: [167][604/605]  Loss -8.0871 (-5.1234)
2022-04-14 20:58:56,722:INFO: Train: [168][2321/2322]  Loss -0.2813 (-1.6896)  Time:  0.113 (0.013)  Data Time:  0.004 (0.004)
2022-04-14 20:58:56,723:INFO:   Eta: 0:40:11
2022-04-14 20:59:02,833:INFO: Valid: [168][604/605]  Loss -8.1411 (-5.1548)
2022-04-14 20:59:33,419:INFO: Train: [169][2321/2322]  Loss -0.1854 (-1.6735)  Time:  0.098 (0.013)  Data Time:  0.005 (0.004)
2022-04-14 20:59:33,420:INFO:   Eta: 0:41:14
2022-04-14 20:59:39,784:INFO: Valid: [169][604/605]  Loss -8.3752 (-5.2627)
2022-04-14 21:00:11,195:INFO: Train: [170][2321/2322]  Loss -0.2651 (-1.5407)  Time:  0.112 (0.014)  Data Time:  0.004 (0.004)
2022-04-14 21:00:11,196:INFO:   Eta: 0:41:49
2022-04-14 21:00:17,547:INFO: Valid: [170][604/605]  Loss -8.0680 (-5.1041)
2022-04-14 21:00:48,322:INFO: Train: [171][2321/2322]  Loss -0.2396 (-1.6839)  Time:  0.104 (0.013)  Data Time:  0.005 (0.004)
2022-04-14 21:00:48,323:INFO:   Eta: 0:40:28
2022-04-14 21:00:54,299:INFO: Valid: [171][604/605]  Loss -7.8997 (-4.9655)
2022-04-14 21:01:24,843:INFO: Train: [172][2321/2322]  Loss -0.1601 (-1.7129)  Time:  0.107 (0.013)  Data Time:  0.004 (0.005)
2022-04-14 21:01:24,844:INFO:   Eta: 0:39:39
2022-04-14 21:01:30,952:INFO: Valid: [172][604/605]  Loss -8.3741 (-5.2380)
2022-04-14 21:02:01,661:INFO: Train: [173][2321/2322]  Loss -0.2541 (-1.7136)  Time:  0.106 (0.013)  Data Time:  0.004 (0.005)
2022-04-14 21:02:01,663:INFO:   Eta: 0:39:22
2022-04-14 21:02:07,721:INFO: Valid: [173][604/605]  Loss -8.2155 (-5.1816)
2022-04-14 21:02:38,471:INFO: Train: [174][2321/2322]  Loss -0.2276 (-1.7421)  Time:  0.102 (0.013)  Data Time:  0.004 (0.004)
2022-04-14 21:02:38,472:INFO:   Eta: 0:38:54
2022-04-14 21:02:44,612:INFO: Valid: [174][604/605]  Loss -7.7953 (-4.8884)
2022-04-14 21:03:14,966:INFO: Train: [175][2321/2322]  Loss -0.2242 (-1.7420)  Time:  0.115 (0.013)  Data Time:  0.004 (0.004)
2022-04-14 21:03:14,967:INFO:   Eta: 0:37:54
2022-04-14 21:03:21,088:INFO: Valid: [175][604/605]  Loss -7.8502 (-4.9706)
2022-04-14 21:03:51,436:INFO: Train: [176][2321/2322]  Loss -0.2675 (-1.7304)  Time:  0.098 (0.013)  Data Time:  0.005 (0.005)
2022-04-14 21:03:51,437:INFO:   Eta: 0:37:23
2022-04-14 21:03:57,958:INFO: Valid: [176][604/605]  Loss -8.3036 (-5.2073)
2022-04-14 21:04:27,931:INFO: Train: [177][2321/2322]  Loss -0.1963 (-1.5447)  Time:  0.103 (0.013)  Data Time:  0.004 (0.004)
2022-04-14 21:04:27,932:INFO:   Eta: 0:36:25
2022-04-14 21:04:34,044:INFO: Valid: [177][604/605]  Loss -8.2047 (-5.1568)
2022-04-14 21:05:04,081:INFO: Train: [178][2321/2322]  Loss -0.2681 (-1.6777)  Time:  0.105 (0.013)  Data Time:  0.005 (0.005)
2022-04-14 21:05:04,082:INFO:   Eta: 0:36:00
2022-04-14 21:05:10,433:INFO: Valid: [178][604/605]  Loss -8.0688 (-5.0905)
2022-04-14 21:05:40,032:INFO: Train: [179][2321/2322]  Loss -0.2362 (-1.7292)  Time:  0.104 (0.013)  Data Time:  0.005 (0.004)
2022-04-14 21:05:40,033:INFO:   Eta: 0:34:59
2022-04-14 21:05:46,238:INFO: Valid: [179][604/605]  Loss -7.9290 (-4.9741)
2022-04-14 21:06:15,760:INFO: Train: [180][2321/2322]  Loss -0.2108 (-1.5598)  Time:  0.103 (0.013)  Data Time:  0.005 (0.004)
2022-04-14 21:06:15,761:INFO:   Eta: 0:34:24
2022-04-14 21:06:22,138:INFO: Valid: [180][604/605]  Loss -8.4198 (-5.2959)
2022-04-14 21:06:51,860:INFO: Train: [181][2321/2322]  Loss -0.2791 (-1.7119)  Time:  0.110 (0.013)  Data Time:  0.005 (0.004)
2022-04-14 21:06:51,861:INFO:   Eta: 0:34:08
2022-04-14 21:06:57,834:INFO: Valid: [181][604/605]  Loss -7.9379 (-5.0121)
2022-04-14 21:07:27,484:INFO: Train: [182][2321/2322]  Loss -0.2551 (-1.7730)  Time:  0.098 (0.013)  Data Time:  0.005 (0.004)
2022-04-14 21:07:27,485:INFO:   Eta: 0:33:34
2022-04-14 21:07:33,387:INFO: Valid: [182][604/605]  Loss -8.0333 (-5.0562)
2022-04-14 21:08:03,263:INFO: Train: [183][2321/2322]  Loss -0.2346 (-1.5300)  Time:  0.093 (0.013)  Data Time:  0.005 (0.004)
2022-04-14 21:08:03,264:INFO:   Eta: 0:33:19
2022-04-14 21:08:09,276:INFO: Valid: [183][604/605]  Loss -7.9306 (-5.0128)
2022-04-14 21:08:39,309:INFO: Train: [184][2321/2322]  Loss -0.2557 (-1.7388)  Time:  0.094 (0.013)  Data Time:  0.004 (0.004)
2022-04-14 21:08:39,309:INFO:   Eta: 0:32:59
2022-04-14 21:08:45,281:INFO: Valid: [184][604/605]  Loss -7.8450 (-4.9373)
2022-04-14 21:09:15,518:INFO: Train: [185][2321/2322]  Loss -0.2771 (-1.4245)  Time:  0.098 (0.013)  Data Time:  0.004 (0.004)
2022-04-14 21:09:15,519:INFO:   Eta: 0:32:43
2022-04-14 21:09:21,425:INFO: Valid: [185][604/605]  Loss -7.4442 (-4.6560)
2022-04-14 21:09:51,213:INFO: Train: [186][2321/2322]  Loss -0.2248 (-1.6869)  Time:  0.097 (0.013)  Data Time:  0.004 (0.004)
2022-04-14 21:09:51,214:INFO:   Eta: 0:31:44
2022-04-14 21:09:57,580:INFO: Valid: [186][604/605]  Loss -8.5806 (-5.3603)
2022-04-14 21:09:57,596:INFO: Checkpoint saved...
2022-04-14 21:10:27,267:INFO: Train: [187][2321/2322]  Loss -0.2333 (-1.7595)  Time:  0.098 (0.013)  Data Time:  0.005 (0.004)
2022-04-14 21:10:27,268:INFO:   Eta: 0:31:07
2022-04-14 21:10:33,272:INFO: Valid: [187][604/605]  Loss -7.8513 (-4.9514)
2022-04-14 21:11:02,894:INFO: Train: [188][2321/2322]  Loss -0.2340 (-1.7298)  Time:  0.106 (0.013)  Data Time:  0.005 (0.004)
2022-04-14 21:11:02,895:INFO:   Eta: 0:30:34
2022-04-14 21:11:08,963:INFO: Valid: [188][604/605]  Loss -8.2767 (-5.2249)
2022-04-14 21:11:38,745:INFO: Train: [189][2321/2322]  Loss -0.2357 (-1.7352)  Time:  0.099 (0.013)  Data Time:  0.004 (0.004)
2022-04-14 21:11:38,746:INFO:   Eta: 0:30:14
2022-04-14 21:11:45,078:INFO: Valid: [189][604/605]  Loss -8.2199 (-5.1900)
2022-04-14 21:12:15,183:INFO: Train: [190][2321/2322]  Loss -0.2471 (-1.5332)  Time:  0.102 (0.013)  Data Time:  0.004 (0.004)
2022-04-14 21:12:15,184:INFO:   Eta: 0:30:04
2022-04-14 21:12:21,068:INFO: Valid: [190][604/605]  Loss -7.5735 (-4.7441)
2022-04-14 21:12:50,997:INFO: Train: [191][2321/2322]  Loss -0.2480 (-1.7367)  Time:  0.103 (0.013)  Data Time:  0.005 (0.004)
2022-04-14 21:12:50,998:INFO:   Eta: 0:29:24
2022-04-14 21:12:56,966:INFO: Valid: [191][604/605]  Loss -7.9189 (-4.9574)
2022-04-14 21:13:26,839:INFO: Train: [192][2321/2322]  Loss -0.2040 (-1.7380)  Time:  0.089 (0.013)  Data Time:  0.004 (0.004)
2022-04-14 21:13:26,840:INFO:   Eta: 0:28:50
2022-04-14 21:13:32,761:INFO: Valid: [192][604/605]  Loss -8.1730 (-5.1594)
2022-04-14 21:14:02,509:INFO: Train: [193][2321/2322]  Loss -0.2126 (-1.7375)  Time:  0.093 (0.013)  Data Time:  0.004 (0.004)
2022-04-14 21:14:02,510:INFO:   Eta: 0:28:13
2022-04-14 21:14:08,763:INFO: Valid: [193][604/605]  Loss -8.3158 (-5.1857)
2022-04-14 21:14:38,732:INFO: Train: [194][2321/2322]  Loss -0.2159 (-1.5394)  Time:  0.101 (0.013)  Data Time:  0.005 (0.004)
2022-04-14 21:14:38,733:INFO:   Eta: 0:27:56
2022-04-14 21:14:44,884:INFO: Valid: [194][604/605]  Loss -7.9545 (-4.9792)
2022-04-14 21:15:14,802:INFO: Train: [195][2321/2322]  Loss -0.2697 (-1.7563)  Time:  0.088 (0.013)  Data Time:  0.004 (0.004)
2022-04-14 21:15:14,803:INFO:   Eta: 0:27:23
2022-04-14 21:15:20,779:INFO: Valid: [195][604/605]  Loss -8.1881 (-5.1195)
2022-04-14 21:15:50,488:INFO: Train: [196][2321/2322]  Loss -0.2462 (-1.8033)  Time:  0.095 (0.013)  Data Time:  0.005 (0.004)
2022-04-14 21:15:50,489:INFO:   Eta: 0:26:42
2022-04-14 21:15:56,621:INFO: Valid: [196][604/605]  Loss -7.2206 (-4.4278)
2022-04-14 21:16:26,437:INFO: Train: [197][2321/2322]  Loss -0.2173 (-1.7164)  Time:  0.100 (0.013)  Data Time:  0.004 (0.004)
2022-04-14 21:16:26,439:INFO:   Eta: 0:26:18
2022-04-14 21:16:32,851:INFO: Valid: [197][604/605]  Loss -8.0567 (-5.0527)
2022-04-14 21:17:02,540:INFO: Train: [198][2321/2322]  Loss -0.2760 (-1.6643)  Time:  0.092 (0.013)  Data Time:  0.005 (0.005)
2022-04-14 21:17:02,541:INFO:   Eta: 0:25:42
2022-04-14 21:17:08,615:INFO: Valid: [198][604/605]  Loss -7.9469 (-5.0223)
2022-04-14 21:17:37,469:INFO: Train: [199][2321/2322]  Loss -0.2645 (-1.6278)  Time:  0.099 (0.012)  Data Time:  0.005 (0.005)
2022-04-14 21:17:37,469:INFO:   Eta: 0:24:29
2022-04-14 21:17:43,439:INFO: Valid: [199][604/605]  Loss -7.3164 (-4.6191)
2022-04-14 21:18:12,020:INFO: Train: [200][2321/2322]  Loss -0.2908 (-1.7140)  Time:  0.093 (0.012)  Data Time:  0.004 (0.004)
2022-04-14 21:18:12,021:INFO:   Eta: 0:23:47
2022-04-14 21:18:17,974:INFO: Valid: [200][604/605]  Loss -8.1588 (-5.1308)
2022-04-14 21:18:46,714:INFO: Train: [201][2321/2322]  Loss -0.1798 (-1.6754)  Time:  0.109 (0.012)  Data Time:  0.005 (0.004)
2022-04-14 21:18:46,715:INFO:   Eta: 0:23:26
2022-04-14 21:18:53,011:INFO: Valid: [201][604/605]  Loss -7.7551 (-4.8245)
2022-04-14 21:19:21,729:INFO: Train: [202][2321/2322]  Loss -0.2486 (-1.6232)  Time:  0.091 (0.012)  Data Time:  0.004 (0.004)
2022-04-14 21:19:21,730:INFO:   Eta: 0:22:55
2022-04-14 21:19:27,562:INFO: Valid: [202][604/605]  Loss -7.9066 (-4.9360)
2022-04-14 21:19:56,503:INFO: Train: [203][2321/2322]  Loss -0.3194 (-1.7397)  Time:  0.093 (0.012)  Data Time:  0.004 (0.004)
2022-04-14 21:19:56,504:INFO:   Eta: 0:22:39
2022-04-14 21:20:02,427:INFO: Valid: [203][604/605]  Loss -7.4750 (-4.7005)
2022-04-14 21:20:31,377:INFO: Train: [204][2321/2322]  Loss -0.2133 (-1.7223)  Time:  0.092 (0.012)  Data Time:  0.004 (0.004)
2022-04-14 21:20:31,378:INFO:   Eta: 0:22:10
2022-04-14 21:20:37,286:INFO: Valid: [204][604/605]  Loss -7.7056 (-4.8147)
2022-04-14 21:21:06,646:INFO: Train: [205][2321/2322]  Loss -0.2711 (-1.7672)  Time:  0.090 (0.013)  Data Time:  0.004 (0.004)
2022-04-14 21:21:06,647:INFO:   Eta: 0:21:59
2022-04-14 21:21:12,437:INFO: Valid: [205][604/605]  Loss -8.2184 (-5.1744)
2022-04-14 21:21:41,664:INFO: Train: [206][2321/2322]  Loss -0.2791 (-1.7849)  Time:  0.117 (0.013)  Data Time:  0.004 (0.004)
2022-04-14 21:21:41,665:INFO:   Eta: 0:21:24
2022-04-14 21:21:47,474:INFO: Valid: [206][604/605]  Loss -8.3349 (-5.2329)
2022-04-14 21:22:16,697:INFO: Train: [207][2321/2322]  Loss -0.2155 (-1.6530)  Time:  0.099 (0.013)  Data Time:  0.004 (0.004)
2022-04-14 21:22:16,698:INFO:   Eta: 0:20:55
2022-04-14 21:22:22,426:INFO: Valid: [207][604/605]  Loss -8.6070 (-5.3762)
2022-04-14 21:22:22,438:INFO: Checkpoint saved...
2022-04-14 21:22:51,586:INFO: Train: [208][2321/2322]  Loss -0.2497 (-1.7642)  Time:  0.095 (0.013)  Data Time:  0.005 (0.004)
2022-04-14 21:22:51,587:INFO:   Eta: 0:20:23
2022-04-14 21:22:57,428:INFO: Valid: [208][604/605]  Loss -8.3654 (-5.2430)
2022-04-14 21:23:26,536:INFO: Train: [209][2321/2322]  Loss -0.2283 (-1.7437)  Time:  0.097 (0.013)  Data Time:  0.004 (0.004)
2022-04-14 21:23:26,537:INFO:   Eta: 0:19:52
2022-04-14 21:23:32,551:INFO: Valid: [209][604/605]  Loss -7.3238 (-4.6672)
2022-04-14 21:24:02,258:INFO: Train: [210][2321/2322]  Loss -0.2728 (-1.7463)  Time:  0.087 (0.013)  Data Time:  0.003 (0.004)
2022-04-14 21:24:02,258:INFO:   Eta: 0:19:47
2022-04-14 21:24:08,080:INFO: Valid: [210][604/605]  Loss -8.3510 (-5.2414)
2022-04-14 21:24:37,406:INFO: Train: [211][2321/2322]  Loss -0.2306 (-1.7724)  Time:  0.120 (0.013)  Data Time:  0.003 (0.004)
2022-04-14 21:24:37,408:INFO:   Eta: 0:19:02
2022-04-14 21:24:43,137:INFO: Valid: [211][604/605]  Loss -8.2295 (-5.1960)
2022-04-14 21:25:12,304:INFO: Train: [212][2321/2322]  Loss -0.2612 (-1.5845)  Time:  0.106 (0.013)  Data Time:  0.004 (0.005)
2022-04-14 21:25:12,305:INFO:   Eta: 0:18:27
2022-04-14 21:25:18,718:INFO: Valid: [212][604/605]  Loss -7.7181 (-4.8794)
2022-04-14 21:25:47,996:INFO: Train: [213][2321/2322]  Loss -0.2536 (-1.7646)  Time:  0.104 (0.013)  Data Time:  0.005 (0.004)
2022-04-14 21:25:47,997:INFO:   Eta: 0:18:02
2022-04-14 21:25:53,825:INFO: Valid: [213][604/605]  Loss -8.5039 (-5.3259)
2022-04-14 21:26:23,241:INFO: Train: [214][2321/2322]  Loss -0.2137 (-1.6270)  Time:  0.105 (0.013)  Data Time:  0.006 (0.004)
2022-04-14 21:26:23,242:INFO:   Eta: 0:17:37
2022-04-14 21:26:29,435:INFO: Valid: [214][604/605]  Loss -8.0616 (-5.0732)
2022-04-14 21:26:58,964:INFO: Train: [215][2321/2322]  Loss -0.2660 (-1.7273)  Time:  0.101 (0.013)  Data Time:  0.005 (0.004)
2022-04-14 21:26:58,965:INFO:   Eta: 0:17:12
2022-04-14 21:27:04,956:INFO: Valid: [215][604/605]  Loss -8.1550 (-5.1421)
2022-04-14 21:27:34,090:INFO: Train: [216][2321/2322]  Loss -0.2202 (-1.7908)  Time:  0.112 (0.013)  Data Time:  0.004 (0.004)
2022-04-14 21:27:34,091:INFO:   Eta: 0:16:29
2022-04-14 21:27:40,017:INFO: Valid: [216][604/605]  Loss -8.3922 (-5.2301)
2022-04-14 21:28:09,388:INFO: Train: [217][2321/2322]  Loss -0.2616 (-1.7163)  Time:  0.106 (0.013)  Data Time:  0.005 (0.004)
2022-04-14 21:28:09,388:INFO:   Eta: 0:16:08
2022-04-14 21:28:15,532:INFO: Valid: [217][604/605]  Loss -8.4144 (-5.2655)
2022-04-14 21:28:44,636:INFO: Train: [218][2321/2322]  Loss -0.2188 (-1.4691)  Time:  0.079 (0.013)  Data Time:  0.003 (0.004)
2022-04-14 21:28:44,637:INFO:   Eta: 0:15:30
2022-04-14 21:28:50,516:INFO: Valid: [218][604/605]  Loss -7.8492 (-4.8551)
2022-04-14 21:29:20,063:INFO: Train: [219][2321/2322]  Loss -0.2290 (-1.5840)  Time:  0.097 (0.013)  Data Time:  0.004 (0.005)
2022-04-14 21:29:20,064:INFO:   Eta: 0:15:15
2022-04-14 21:29:26,179:INFO: Valid: [219][604/605]  Loss -8.2339 (-5.1782)
2022-04-14 21:29:55,674:INFO: Train: [220][2321/2322]  Loss -0.2601 (-1.8108)  Time:  0.094 (0.013)  Data Time:  0.004 (0.005)
2022-04-14 21:29:55,675:INFO:   Eta: 0:14:43
2022-04-14 21:30:01,524:INFO: Valid: [220][604/605]  Loss -8.3344 (-5.2424)
2022-04-14 21:30:30,991:INFO: Train: [221][2321/2322]  Loss -0.2808 (-1.7905)  Time:  0.103 (0.013)  Data Time:  0.005 (0.004)
2022-04-14 21:30:30,991:INFO:   Eta: 0:14:13
2022-04-14 21:30:36,827:INFO: Valid: [221][604/605]  Loss -7.9721 (-4.9996)
2022-04-14 21:31:06,010:INFO: Train: [222][2321/2322]  Loss -0.3071 (-1.4857)  Time:  0.093 (0.013)  Data Time:  0.005 (0.005)
2022-04-14 21:31:06,010:INFO:   Eta: 0:13:36
2022-04-14 21:31:11,874:INFO: Valid: [222][604/605]  Loss -8.3095 (-5.2201)
2022-04-14 21:31:41,084:INFO: Train: [223][2321/2322]  Loss -0.2380 (-1.7561)  Time:  0.095 (0.013)  Data Time:  0.004 (0.004)
2022-04-14 21:31:41,085:INFO:   Eta: 0:13:07
2022-04-14 21:31:47,255:INFO: Valid: [223][604/605]  Loss -8.1285 (-5.1043)
2022-04-14 21:32:16,351:INFO: Train: [224][2321/2322]  Loss -0.1909 (-1.7974)  Time:  0.097 (0.013)  Data Time:  0.005 (0.004)
2022-04-14 21:32:16,352:INFO:   Eta: 0:12:35
2022-04-14 21:32:22,155:INFO: Valid: [224][604/605]  Loss -8.3038 (-5.2316)
2022-04-14 21:32:51,557:INFO: Train: [225][2321/2322]  Loss -0.2607 (-1.6260)  Time:  0.112 (0.013)  Data Time:  0.005 (0.004)
2022-04-14 21:32:51,558:INFO:   Eta: 0:12:14
2022-04-14 21:32:57,364:INFO: Valid: [225][604/605]  Loss -7.9039 (-4.9531)
2022-04-14 21:33:26,310:INFO: Train: [226][2321/2322]  Loss -0.1846 (-1.6878)  Time:  0.110 (0.012)  Data Time:  0.004 (0.004)
2022-04-14 21:33:26,310:INFO:   Eta: 0:11:33
2022-04-14 21:33:32,179:INFO: Valid: [226][604/605]  Loss -8.2084 (-5.1063)
2022-04-14 21:34:01,105:INFO: Train: [227][2321/2322]  Loss -0.3097 (-1.7968)  Time:  0.101 (0.012)  Data Time:  0.004 (0.004)
2022-04-14 21:34:01,106:INFO:   Eta: 0:11:04
2022-04-14 21:34:07,051:INFO: Valid: [227][604/605]  Loss -8.3830 (-5.2740)
2022-04-14 21:34:32,460:INFO: Train: [228][2321/2322]  Loss -0.2165 (-1.5555)  Time:  0.087 (0.011)  Data Time:  0.004 (0.003)
2022-04-14 21:34:32,461:INFO:   Eta: 0:09:18
2022-04-14 21:34:38,416:INFO: Valid: [228][604/605]  Loss -8.4107 (-5.2867)
2022-04-14 21:35:03,748:INFO: Train: [229][2321/2322]  Loss -0.1927 (-1.7505)  Time:  0.099 (0.011)  Data Time:  0.006 (0.003)
2022-04-14 21:35:03,750:INFO:   Eta: 0:08:51
2022-04-14 21:35:09,675:INFO: Valid: [229][604/605]  Loss -8.4276 (-5.2656)
2022-04-14 21:35:34,635:INFO: Train: [230][2321/2322]  Loss -0.2421 (-1.7908)  Time:  0.091 (0.011)  Data Time:  0.003 (0.003)
2022-04-14 21:35:34,636:INFO:   Eta: 0:08:18
2022-04-14 21:35:41,064:INFO: Valid: [230][604/605]  Loss -5.9972 (-3.6972)
2022-04-14 21:36:06,581:INFO: Train: [231][2321/2322]  Loss -0.2332 (-1.7852)  Time:  0.094 (0.011)  Data Time:  0.003 (0.003)
2022-04-14 21:36:06,581:INFO:   Eta: 0:08:04
2022-04-14 21:36:12,238:INFO: Valid: [231][604/605]  Loss -8.0774 (-5.0605)
2022-04-14 21:36:37,598:INFO: Train: [232][2321/2322]  Loss -0.2109 (-1.7634)  Time:  0.082 (0.011)  Data Time:  0.003 (0.003)
2022-04-14 21:36:37,599:INFO:   Eta: 0:07:35
2022-04-14 21:36:43,332:INFO: Valid: [232][604/605]  Loss -8.5400 (-5.3706)
2022-04-14 21:37:07,334:INFO: Train: [233][2321/2322]  Loss -0.2769 (-1.7451)  Time:  0.071 (0.010)  Data Time:  0.002 (0.003)
2022-04-14 21:37:07,334:INFO:   Eta: 0:06:47
2022-04-14 21:37:13,120:INFO: Valid: [233][604/605]  Loss -8.0639 (-5.0558)
2022-04-14 21:37:34,050:INFO: Train: [234][2321/2322]  Loss -0.2399 (-1.6869)  Time:  0.068 (0.009)  Data Time:  0.002 (0.002)
2022-04-14 21:37:34,051:INFO:   Eta: 0:05:34
2022-04-14 21:37:39,816:INFO: Valid: [234][604/605]  Loss -8.3891 (-5.2946)
2022-04-14 21:38:01,245:INFO: Train: [235][2321/2322]  Loss -0.1897 (-1.8082)  Time:  0.083 (0.009)  Data Time:  0.002 (0.002)
2022-04-14 21:38:01,246:INFO:   Eta: 0:05:21
2022-04-14 21:38:07,097:INFO: Valid: [235][604/605]  Loss -8.1522 (-5.0681)
2022-04-14 21:38:28,154:INFO: Train: [236][2321/2322]  Loss -0.2055 (-1.7796)  Time:  0.073 (0.009)  Data Time:  0.002 (0.002)
2022-04-14 21:38:28,155:INFO:   Eta: 0:04:54
2022-04-14 21:38:34,006:INFO: Valid: [236][604/605]  Loss -8.0115 (-5.0064)
2022-04-14 21:38:56,239:INFO: Train: [237][2321/2322]  Loss -0.2389 (-1.7978)  Time:  0.081 (0.010)  Data Time:  0.003 (0.002)
2022-04-14 21:38:56,240:INFO:   Eta: 0:04:48
2022-04-14 21:39:02,223:INFO: Valid: [237][604/605]  Loss -8.3016 (-5.2465)
2022-04-14 21:39:23,164:INFO: Train: [238][2321/2322]  Loss -0.2223 (-1.7776)  Time:  0.069 (0.009)  Data Time:  0.003 (0.002)
2022-04-14 21:39:23,165:INFO:   Eta: 0:04:10
2022-04-14 21:39:29,327:INFO: Valid: [238][604/605]  Loss -8.0570 (-5.1181)
2022-04-14 21:39:50,669:INFO: Train: [239][2321/2322]  Loss -0.2342 (-1.6521)  Time:  0.087 (0.009)  Data Time:  0.002 (0.002)
2022-04-14 21:39:50,670:INFO:   Eta: 0:03:54
2022-04-14 21:39:56,597:INFO: Valid: [239][604/605]  Loss -7.7801 (-4.9235)
2022-04-14 21:40:17,745:INFO: Train: [240][2321/2322]  Loss -0.2996 (-1.7788)  Time:  0.073 (0.009)  Data Time:  0.002 (0.002)
2022-04-14 21:40:17,747:INFO:   Eta: 0:03:31
2022-04-14 21:40:23,216:INFO: Valid: [240][604/605]  Loss -8.2546 (-5.1834)
2022-04-14 21:40:44,435:INFO: Train: [241][2321/2322]  Loss -0.2473 (-1.7963)  Time:  0.099 (0.009)  Data Time:  0.002 (0.002)
2022-04-14 21:40:44,436:INFO:   Eta: 0:03:10
2022-04-14 21:40:50,153:INFO: Valid: [241][604/605]  Loss -8.3928 (-5.2484)
2022-04-14 21:41:12,191:INFO: Train: [242][2321/2322]  Loss -0.2637 (-1.6116)  Time:  0.089 (0.009)  Data Time:  0.002 (0.002)
2022-04-14 21:41:12,192:INFO:   Eta: 0:02:56
2022-04-14 21:41:17,929:INFO: Valid: [242][604/605]  Loss -8.1883 (-5.1510)
2022-04-14 21:41:38,912:INFO: Train: [243][2321/2322]  Loss -0.2819 (-1.6796)  Time:  0.077 (0.009)  Data Time:  0.002 (0.002)
2022-04-14 21:41:38,913:INFO:   Eta: 0:02:26
2022-04-14 21:41:44,613:INFO: Valid: [243][604/605]  Loss -8.3600 (-5.2270)
2022-04-14 21:42:06,368:INFO: Train: [244][2321/2322]  Loss -0.2500 (-1.8285)  Time:  0.074 (0.009)  Data Time:  0.002 (0.002)
2022-04-14 21:42:06,369:INFO:   Eta: 0:02:10
2022-04-14 21:42:12,331:INFO: Valid: [244][604/605]  Loss -7.5574 (-4.8140)
2022-04-14 21:42:34,100:INFO: Train: [245][2321/2322]  Loss -0.2597 (-1.7940)  Time:  0.106 (0.009)  Data Time:  0.003 (0.002)
2022-04-14 21:42:34,101:INFO:   Eta: 0:01:48
2022-04-14 21:42:40,003:INFO: Valid: [245][604/605]  Loss -8.2519 (-5.1946)
2022-04-14 21:43:01,876:INFO: Train: [246][2321/2322]  Loss -0.2100 (-1.8263)  Time:  0.070 (0.009)  Data Time:  0.003 (0.002)
2022-04-14 21:43:01,877:INFO:   Eta: 0:01:27
2022-04-14 21:43:07,587:INFO: Valid: [246][604/605]  Loss -8.1763 (-5.1378)
2022-04-14 21:43:28,607:INFO: Train: [247][2321/2322]  Loss -0.2322 (-1.7780)  Time:  0.079 (0.009)  Data Time:  0.002 (0.002)
2022-04-14 21:43:28,608:INFO:   Eta: 0:01:02
2022-04-14 21:43:34,494:INFO: Valid: [247][604/605]  Loss -8.2822 (-5.2197)
2022-04-14 21:43:56,167:INFO: Train: [248][2321/2322]  Loss -0.1754 (-1.7839)  Time:  0.101 (0.009)  Data Time:  0.003 (0.002)
2022-04-14 21:43:56,168:INFO:   Eta: 0:00:43
2022-04-14 21:44:02,255:INFO: Valid: [248][604/605]  Loss -8.1819 (-5.1148)
2022-04-14 21:44:23,911:INFO: Train: [249][2321/2322]  Loss -0.2244 (-1.6777)  Time:  0.069 (0.009)  Data Time:  0.002 (0.002)
2022-04-14 21:44:23,911:INFO:   Eta: 0:00:21
2022-04-14 21:44:30,183:INFO: Valid: [249][604/605]  Loss -7.9375 (-4.9886)
