2022-03-31 08:05:53,487:INFO: batch_size=128
2022-03-31 08:05:53,487:INFO: clip_grad=None
2022-03-31 08:05:53,487:INFO: dataset=eth
2022-03-31 08:05:53,487:INFO: gpu_num=0
2022-03-31 08:05:53,487:INFO: input_size=2
2022-03-31 08:05:53,487:INFO: kernel_size=3
2022-03-31 08:05:53,487:INFO: lr=0.01
2022-03-31 08:05:53,487:INFO: lr_sh_rate=150
2022-03-31 08:05:53,488:INFO: model=social_stgcnn6
2022-03-31 08:05:53,488:INFO: n_stgcnn=1
2022-03-31 08:05:53,488:INFO: n_txpcnn=5
2022-03-31 08:05:53,488:INFO: num_epochs=250
2022-03-31 08:05:53,488:INFO: obs_seq_len=8
2022-03-31 08:05:53,488:INFO: output_size=5
2022-03-31 08:05:53,488:INFO: pred_seq_len=12
2022-03-31 08:05:53,488:INFO: seed=0
2022-03-31 08:05:53,488:INFO: tag=eth
2022-03-31 08:05:53,488:INFO: use_lrschd=True
2022-03-31 08:05:53,488:INFO: ******************************
2022-03-31 08:05:53,488:INFO: Training initiating....
2022-03-31 08:05:53,488:INFO: Namespace(batch_size=128, clip_grad=None, dataset='eth', gpu_num='0', input_size=2, kernel_size=3, lr=0.01, lr_sh_rate=150, model='social_stgcnn6', n_stgcnn=1, n_txpcnn=5, num_epochs=250, obs_seq_len=8, output_size=5, pred_seq_len=12, seed=0, tag='eth', use_lrschd=True)
2022-03-31 08:05:53,493:INFO: Initializing train dataset
2022-03-31 08:06:09,107:INFO: Initializing val dataset
2022-03-31 08:06:29,191:INFO: social_stgcnn6
2022-03-31 08:06:29,210:INFO: Data and model loaded
2022-03-31 08:06:29,210:INFO: Checkpoint dir: ./runs/Mar31_08-05-53_node09/eth/checkpoint
2022-03-31 08:06:29,210:INFO: Training started ...
2022-03-31 08:07:08,637:INFO: Train: [0][2784/2785]  Loss 0.5793 (1.4104)  Time:  0.528 (0.014)  Data Time:  0.004 (0.004)
2022-03-31 08:07:08,639:INFO:   Eta: 2:44:13
2022-03-31 08:07:45,684:INFO: Train: [1][2784/2785]  Loss 0.3005 (0.5936)  Time:  0.555 (0.013)  Data Time:  0.005 (0.005)
2022-03-31 08:07:45,686:INFO:   Eta: 2:33:38
2022-03-31 08:08:23,253:INFO: Train: [2][2784/2785]  Loss 0.1694 (0.3560)  Time:  0.504 (0.013)  Data Time:  0.005 (0.005)
2022-03-31 08:08:23,254:INFO:   Eta: 2:35:10
2022-03-31 08:09:00,164:INFO: Train: [3][2784/2785]  Loss 0.2191 (0.2613)  Time:  0.509 (0.013)  Data Time:  0.005 (0.005)
2022-03-31 08:09:00,166:INFO:   Eta: 2:31:51
2022-03-31 08:09:36,723:INFO: Train: [4][2784/2785]  Loss 0.1036 (0.1583)  Time:  0.562 (0.013)  Data Time:  0.005 (0.005)
2022-03-31 08:09:36,724:INFO:   Eta: 2:29:46
2022-03-31 08:10:07,916:INFO: Train: [5][2784/2785]  Loss 0.1628 (-0.0093)  Time:  0.394 (0.011)  Data Time:  0.002 (0.003)
2022-03-31 08:10:07,917:INFO:   Eta: 2:07:17
2022-03-31 08:10:36,401:INFO: Train: [6][2784/2785]  Loss -0.0593 (-0.1834)  Time:  0.495 (0.010)  Data Time:  0.004 (0.003)
2022-03-31 08:10:36,403:INFO:   Eta: 1:55:43
2022-03-31 08:10:38,586:INFO: Test: [6]  ADE: 1.2557  FDE: 1.9359
2022-03-31 08:11:11,335:INFO: Train: [7][2784/2785]  Loss 0.1280 (-0.1451)  Time:  0.458 (0.012)  Data Time:  0.005 (0.004)
2022-03-31 08:11:11,336:INFO:   Eta: 2:12:34
2022-03-31 08:11:46,967:INFO: Train: [8][2784/2785]  Loss -0.2803 (-0.2900)  Time:  0.499 (0.013)  Data Time:  0.004 (0.004)
2022-03-31 08:11:46,969:INFO:   Eta: 2:23:35
2022-03-31 08:12:23,375:INFO: Train: [9][2784/2785]  Loss -0.2228 (-0.3821)  Time:  0.549 (0.013)  Data Time:  0.004 (0.005)
2022-03-31 08:12:23,377:INFO:   Eta: 2:26:07
2022-03-31 08:13:00,056:INFO: Train: [10][2784/2785]  Loss -0.3395 (-0.4727)  Time:  0.496 (0.013)  Data Time:  0.005 (0.005)
2022-03-31 08:13:00,059:INFO:   Eta: 2:26:36
2022-03-31 08:13:37,691:INFO: Train: [11][2784/2785]  Loss -0.4861 (-0.4986)  Time:  0.613 (0.013)  Data Time:  0.004 (0.004)
2022-03-31 08:13:37,692:INFO:   Eta: 2:29:44
2022-03-31 08:14:13,894:INFO: Train: [12][2784/2785]  Loss -0.5054 (-0.5129)  Time:  0.528 (0.013)  Data Time:  0.005 (0.004)
2022-03-31 08:14:13,896:INFO:   Eta: 2:23:31
2022-03-31 08:14:49,664:INFO: Train: [13][2784/2785]  Loss -0.3743 (-0.5613)  Time:  0.535 (0.013)  Data Time:  0.005 (0.005)
2022-03-31 08:14:49,665:INFO:   Eta: 2:21:12
2022-03-31 08:15:22,210:INFO: Train: [14][2784/2785]  Loss -0.4834 (-0.6266)  Time:  0.452 (0.012)  Data Time:  0.003 (0.004)
2022-03-31 08:15:22,211:INFO:   Eta: 2:07:55
2022-03-31 08:15:55,566:INFO: Train: [15][2784/2785]  Loss -0.4787 (-0.6011)  Time:  0.442 (0.012)  Data Time:  0.004 (0.004)
2022-03-31 08:15:55,567:INFO:   Eta: 2:10:33
2022-03-31 08:16:26,999:INFO: Train: [16][2784/2785]  Loss -0.4128 (-0.5802)  Time:  0.467 (0.011)  Data Time:  0.004 (0.003)
2022-03-31 08:16:27,001:INFO:   Eta: 2:02:30
2022-03-31 08:16:29,383:INFO: Test: [16]  ADE: 0.9943  FDE: 1.4830
2022-03-31 08:17:01,234:INFO: Train: [17][2784/2785]  Loss -0.6333 (-0.6796)  Time:  0.478 (0.011)  Data Time:  0.003 (0.004)
2022-03-31 08:17:01,236:INFO:   Eta: 2:03:37
2022-03-31 08:17:34,378:INFO: Train: [18][2784/2785]  Loss -0.4105 (-0.6965)  Time:  0.530 (0.012)  Data Time:  0.005 (0.004)
2022-03-31 08:17:34,379:INFO:   Eta: 2:08:04
2022-03-31 08:18:10,265:INFO: Train: [19][2784/2785]  Loss -0.6455 (-0.7279)  Time:  0.520 (0.013)  Data Time:  0.005 (0.005)
2022-03-31 08:18:10,266:INFO:   Eta: 2:18:05
2022-03-31 08:18:46,305:INFO: Train: [20][2784/2785]  Loss -0.6603 (-0.6816)  Time:  0.515 (0.013)  Data Time:  0.005 (0.005)
2022-03-31 08:18:46,307:INFO:   Eta: 2:18:03
2022-03-31 08:19:22,011:INFO: Train: [21][2784/2785]  Loss -0.3882 (-0.8076)  Time:  0.501 (0.013)  Data Time:  0.004 (0.005)
2022-03-31 08:19:22,013:INFO:   Eta: 2:16:10
2022-03-31 08:19:57,819:INFO: Train: [22][2784/2785]  Loss -0.6739 (-0.8341)  Time:  0.470 (0.013)  Data Time:  0.004 (0.005)
2022-03-31 08:19:57,821:INFO:   Eta: 2:15:58
2022-03-31 08:20:29,620:INFO: Train: [23][2784/2785]  Loss -0.6722 (-0.7816)  Time:  0.437 (0.011)  Data Time:  0.003 (0.004)
2022-03-31 08:20:29,621:INFO:   Eta: 2:00:13
2022-03-31 08:21:04,813:INFO: Train: [24][2784/2785]  Loss -0.3038 (-0.7839)  Time:  0.601 (0.013)  Data Time:  0.003 (0.004)
2022-03-31 08:21:04,814:INFO:   Eta: 2:12:28
2022-03-31 08:21:40,894:INFO: Train: [25][2784/2785]  Loss -0.7575 (-0.9539)  Time:  0.496 (0.013)  Data Time:  0.004 (0.005)
2022-03-31 08:21:40,895:INFO:   Eta: 2:15:13
2022-03-31 08:22:14,607:INFO: Train: [26][2784/2785]  Loss -0.6378 (-0.9195)  Time:  0.468 (0.012)  Data Time:  0.003 (0.004)
2022-03-31 08:22:14,684:INFO:   Eta: 2:05:47
2022-03-31 08:22:17,016:INFO: Test: [26]  ADE: 0.8581  FDE: 1.4591
2022-03-31 08:22:48,313:INFO: Train: [27][2784/2785]  Loss -0.8551 (-0.9754)  Time:  0.453 (0.011)  Data Time:  0.004 (0.004)
2022-03-31 08:22:48,584:INFO:   Eta: 1:56:15
2022-03-31 08:23:21,918:INFO: Train: [28][2784/2785]  Loss -0.8136 (-0.9240)  Time:  0.478 (0.012)  Data Time:  0.005 (0.004)
2022-03-31 08:23:21,919:INFO:   Eta: 2:00:04
2022-03-31 08:23:57,994:INFO: Train: [29][2784/2785]  Loss -0.8179 (-0.9424)  Time:  0.602 (0.013)  Data Time:  0.004 (0.004)
2022-03-31 08:23:57,996:INFO:   Eta: 2:12:48
2022-03-31 08:24:36,044:INFO: Train: [30][2784/2785]  Loss -0.4948 (-1.0199)  Time:  0.535 (0.014)  Data Time:  0.004 (0.005)
2022-03-31 08:24:36,045:INFO:   Eta: 2:19:24
2022-03-31 08:25:11,291:INFO: Train: [31][2784/2785]  Loss -0.3490 (-0.9771)  Time:  0.486 (0.013)  Data Time:  0.004 (0.004)
2022-03-31 08:25:11,292:INFO:   Eta: 2:08:33
2022-03-31 08:25:43,702:INFO: Train: [32][2784/2785]  Loss -0.7783 (-1.0446)  Time:  0.520 (0.012)  Data Time:  0.004 (0.004)
2022-03-31 08:25:43,703:INFO:   Eta: 1:57:39
2022-03-31 08:26:20,326:INFO: Train: [33][2784/2785]  Loss -0.7908 (-0.9959)  Time:  0.517 (0.013)  Data Time:  0.005 (0.005)
2022-03-31 08:26:20,326:INFO:   Eta: 2:12:21
2022-03-31 08:26:56,831:INFO: Train: [34][2784/2785]  Loss -0.8814 (-1.0410)  Time:  0.518 (0.013)  Data Time:  0.005 (0.005)
2022-03-31 08:26:56,832:INFO:   Eta: 2:11:20
2022-03-31 08:27:32,157:INFO: Train: [35][2784/2785]  Loss -0.8088 (-1.0234)  Time:  0.540 (0.013)  Data Time:  0.004 (0.004)
2022-03-31 08:27:32,158:INFO:   Eta: 2:06:29
2022-03-31 08:28:07,408:INFO: Train: [36][2784/2785]  Loss -0.8538 (-1.0585)  Time:  0.466 (0.013)  Data Time:  0.004 (0.004)
2022-03-31 08:28:07,409:INFO:   Eta: 2:05:38
2022-03-31 08:28:09,656:INFO: Test: [36]  ADE: 0.7720  FDE: 1.2393
2022-03-31 08:28:41,468:INFO: Train: [37][2784/2785]  Loss -0.7660 (-1.0685)  Time:  0.493 (0.011)  Data Time:  0.004 (0.004)
2022-03-31 08:28:41,469:INFO:   Eta: 1:52:52
2022-03-31 08:29:13,488:INFO: Train: [38][2784/2785]  Loss -0.7645 (-1.0856)  Time:  0.457 (0.011)  Data Time:  0.004 (0.004)
2022-03-31 08:29:13,489:INFO:   Eta: 1:53:03
2022-03-31 08:29:48,040:INFO: Train: [39][2784/2785]  Loss -0.8647 (-1.0193)  Time:  0.530 (0.012)  Data Time:  0.005 (0.004)
2022-03-31 08:29:48,041:INFO:   Eta: 2:01:25
2022-03-31 08:30:22,204:INFO: Train: [40][2784/2785]  Loss -0.8699 (-1.1126)  Time:  0.476 (0.012)  Data Time:  0.003 (0.004)
2022-03-31 08:30:22,205:INFO:   Eta: 1:59:29
2022-03-31 08:30:56,251:INFO: Train: [41][2784/2785]  Loss -0.8913 (-1.1286)  Time:  0.550 (0.012)  Data Time:  0.006 (0.004)
2022-03-31 08:30:56,252:INFO:   Eta: 1:58:30
2022-03-31 08:31:32,350:INFO: Train: [42][2784/2785]  Loss -0.6022 (-1.2014)  Time:  0.525 (0.013)  Data Time:  0.004 (0.005)
2022-03-31 08:31:32,352:INFO:   Eta: 2:05:03
2022-03-31 08:32:08,714:INFO: Train: [43][2784/2785]  Loss -1.0033 (-1.1761)  Time:  0.494 (0.013)  Data Time:  0.005 (0.005)
2022-03-31 08:32:08,715:INFO:   Eta: 2:05:22
2022-03-31 08:32:45,188:INFO: Train: [44][2784/2785]  Loss -0.9926 (-1.0933)  Time:  0.476 (0.013)  Data Time:  0.004 (0.005)
2022-03-31 08:32:45,189:INFO:   Eta: 2:05:09
2022-03-31 08:33:22,402:INFO: Train: [45][2784/2785]  Loss -1.0155 (-1.1581)  Time:  0.638 (0.013)  Data Time:  0.005 (0.005)
2022-03-31 08:33:22,443:INFO:   Eta: 2:07:03
2022-03-31 08:33:59,660:INFO: Train: [46][2784/2785]  Loss -1.0209 (-1.2490)  Time:  0.566 (0.013)  Data Time:  0.005 (0.004)
2022-03-31 08:33:59,662:INFO:   Eta: 2:06:24
2022-03-31 08:34:02,006:INFO: Test: [46]  ADE: 0.7975  FDE: 1.2988
2022-03-31 08:34:36,812:INFO: Train: [47][2784/2785]  Loss -0.9447 (-1.2000)  Time:  0.478 (0.012)  Data Time:  0.003 (0.004)
2022-03-31 08:34:36,813:INFO:   Eta: 1:57:41
2022-03-31 08:35:10,732:INFO: Train: [48][2784/2785]  Loss -1.1202 (-1.1861)  Time:  0.450 (0.012)  Data Time:  0.003 (0.004)
2022-03-31 08:35:10,734:INFO:   Eta: 1:54:05
2022-03-31 08:35:40,567:INFO: Train: [49][2784/2785]  Loss -0.8447 (-1.1669)  Time:  0.402 (0.011)  Data Time:  0.001 (0.003)
2022-03-31 08:35:40,568:INFO:   Eta: 1:39:51
2022-03-31 08:36:14,148:INFO: Train: [50][2784/2785]  Loss -1.0411 (-1.2169)  Time:  0.502 (0.012)  Data Time:  0.003 (0.004)
2022-03-31 08:36:14,209:INFO:   Eta: 1:51:51
2022-03-31 08:36:52,344:INFO: Train: [51][2784/2785]  Loss -0.9220 (-1.2950)  Time:  0.516 (0.013)  Data Time:  0.005 (0.005)
2022-03-31 08:36:52,347:INFO:   Eta: 2:03:32
2022-03-31 08:37:29,675:INFO: Train: [52][2784/2785]  Loss -1.0115 (-1.2982)  Time:  0.532 (0.013)  Data Time:  0.004 (0.005)
2022-03-31 08:37:29,747:INFO:   Eta: 2:03:03
2022-03-31 08:38:06,352:INFO: Train: [53][2784/2785]  Loss -1.0083 (-1.2595)  Time:  0.547 (0.013)  Data Time:  0.004 (0.005)
2022-03-31 08:38:06,435:INFO:   Eta: 2:00:05
2022-03-31 08:38:42,655:INFO: Train: [54][2784/2785]  Loss -1.0478 (-1.2483)  Time:  0.521 (0.013)  Data Time:  0.004 (0.004)
2022-03-31 08:38:42,657:INFO:   Eta: 1:58:14
2022-03-31 08:39:20,000:INFO: Train: [55][2784/2785]  Loss -0.9620 (-1.2552)  Time:  0.532 (0.013)  Data Time:  0.005 (0.005)
2022-03-31 08:39:20,001:INFO:   Eta: 2:01:16
2022-03-31 08:39:57,198:INFO: Train: [56][2784/2785]  Loss -0.8044 (-1.2882)  Time:  0.514 (0.013)  Data Time:  0.004 (0.005)
2022-03-31 08:39:57,199:INFO:   Eta: 2:00:11
2022-03-31 08:39:59,576:INFO: Test: [56]  ADE: 0.7765  FDE: 1.1889
2022-03-31 08:40:34,333:INFO: Train: [57][2784/2785]  Loss -1.0842 (-1.2736)  Time:  0.421 (0.012)  Data Time:  0.002 (0.004)
2022-03-31 08:40:34,334:INFO:   Eta: 1:51:44
2022-03-31 08:41:04,210:INFO: Train: [58][2784/2785]  Loss -1.0257 (-1.3202)  Time:  0.496 (0.011)  Data Time:  0.004 (0.003)
2022-03-31 08:41:04,212:INFO:   Eta: 1:35:31
2022-03-31 08:41:35,915:INFO: Train: [59][2784/2785]  Loss -1.0678 (-1.3019)  Time:  0.465 (0.011)  Data Time:  0.004 (0.003)
2022-03-31 08:41:35,916:INFO:   Eta: 1:40:51
2022-03-31 08:42:09,365:INFO: Train: [60][2784/2785]  Loss -0.9856 (-1.3367)  Time:  0.529 (0.012)  Data Time:  0.005 (0.004)
2022-03-31 08:42:09,367:INFO:   Eta: 1:45:50
2022-03-31 08:42:46,222:INFO: Train: [61][2784/2785]  Loss -1.0702 (-1.2603)  Time:  0.542 (0.013)  Data Time:  0.004 (0.005)
2022-03-31 08:42:46,223:INFO:   Eta: 1:56:00
2022-03-31 08:43:23,717:INFO: Train: [62][2784/2785]  Loss -0.8468 (-1.3514)  Time:  0.519 (0.013)  Data Time:  0.005 (0.005)
2022-03-31 08:43:23,719:INFO:   Eta: 1:57:24
2022-03-31 08:44:00,466:INFO: Train: [63][2784/2785]  Loss -0.9177 (-1.3492)  Time:  0.508 (0.013)  Data Time:  0.004 (0.005)
2022-03-31 08:44:00,467:INFO:   Eta: 1:54:08
2022-03-31 08:44:37,631:INFO: Train: [64][2784/2785]  Loss -1.1362 (-1.3712)  Time:  0.532 (0.013)  Data Time:  0.005 (0.005)
2022-03-31 08:44:37,633:INFO:   Eta: 1:55:08
2022-03-31 08:45:16,016:INFO: Train: [65][2784/2785]  Loss -1.0059 (-1.3207)  Time:  0.590 (0.014)  Data Time:  0.005 (0.005)
2022-03-31 08:45:16,017:INFO:   Eta: 1:58:16
2022-03-31 08:45:51,609:INFO: Train: [66][2784/2785]  Loss -0.9433 (-1.3636)  Time:  0.478 (0.013)  Data Time:  0.004 (0.004)
2022-03-31 08:45:51,610:INFO:   Eta: 1:49:04
2022-03-31 08:45:53,864:INFO: Test: [66]  ADE: 0.8150  FDE: 1.1582
2022-03-31 08:46:28,944:INFO: Train: [67][2784/2785]  Loss -1.1636 (-1.3437)  Time:  0.483 (0.013)  Data Time:  0.003 (0.004)
2022-03-31 08:46:28,946:INFO:   Eta: 1:46:56
2022-03-31 08:47:02,470:INFO: Train: [68][2784/2785]  Loss -1.1437 (-1.3269)  Time:  0.476 (0.012)  Data Time:  0.005 (0.004)
2022-03-31 08:47:02,471:INFO:   Eta: 1:41:37
2022-03-31 08:47:34,896:INFO: Train: [69][2784/2785]  Loss -1.0915 (-1.3812)  Time:  0.464 (0.012)  Data Time:  0.003 (0.004)
2022-03-31 08:47:34,897:INFO:   Eta: 1:37:45
2022-03-31 08:48:07,224:INFO: Train: [70][2784/2785]  Loss -0.9720 (-1.3789)  Time:  0.510 (0.012)  Data Time:  0.003 (0.004)
2022-03-31 08:48:07,225:INFO:   Eta: 1:36:55
2022-03-31 08:48:42,753:INFO: Train: [71][2784/2785]  Loss -1.0442 (-1.4171)  Time:  0.507 (0.013)  Data Time:  0.004 (0.005)
2022-03-31 08:48:42,755:INFO:   Eta: 1:45:56
2022-03-31 08:49:19,881:INFO: Train: [72][2784/2785]  Loss -0.9688 (-1.4278)  Time:  0.505 (0.013)  Data Time:  0.005 (0.005)
2022-03-31 08:49:19,883:INFO:   Eta: 1:50:03
2022-03-31 08:49:55,949:INFO: Train: [73][2784/2785]  Loss -0.9913 (-1.4133)  Time:  0.543 (0.013)  Data Time:  0.005 (0.004)
2022-03-31 08:49:55,950:INFO:   Eta: 1:46:20
2022-03-31 08:50:32,573:INFO: Train: [74][2784/2785]  Loss -0.7230 (-1.3719)  Time:  0.477 (0.013)  Data Time:  0.004 (0.005)
2022-03-31 08:50:32,574:INFO:   Eta: 1:47:21
2022-03-31 08:51:06,623:INFO: Train: [75][2784/2785]  Loss -1.1682 (-1.4690)  Time:  0.481 (0.012)  Data Time:  0.005 (0.004)
2022-03-31 08:51:06,625:INFO:   Eta: 1:39:14
2022-03-31 08:51:41,529:INFO: Train: [76][2784/2785]  Loss -1.0687 (-1.4109)  Time:  0.471 (0.013)  Data Time:  0.003 (0.004)
2022-03-31 08:51:41,530:INFO:   Eta: 1:41:07
2022-03-31 08:51:43,869:INFO: Test: [76]  ADE: 0.7322  FDE: 1.2588
2022-03-31 08:52:20,875:INFO: Train: [77][2784/2785]  Loss -1.1970 (-1.3604)  Time:  0.523 (0.013)  Data Time:  0.005 (0.005)
2022-03-31 08:52:20,877:INFO:   Eta: 1:46:39
2022-03-31 08:52:56,805:INFO: Train: [78][2784/2785]  Loss -1.1924 (-1.4162)  Time:  0.491 (0.013)  Data Time:  0.003 (0.004)
2022-03-31 08:52:56,807:INFO:   Eta: 1:42:55
2022-03-31 08:53:29,179:INFO: Train: [79][2784/2785]  Loss -1.1701 (-1.4218)  Time:  0.446 (0.012)  Data Time:  0.003 (0.004)
2022-03-31 08:53:29,180:INFO:   Eta: 1:32:11
2022-03-31 08:54:01,587:INFO: Train: [80][2784/2785]  Loss -1.1533 (-1.3586)  Time:  0.457 (0.012)  Data Time:  0.002 (0.004)
2022-03-31 08:54:01,588:INFO:   Eta: 1:31:44
2022-03-31 08:54:34,923:INFO: Train: [81][2784/2785]  Loss -1.1202 (-1.4400)  Time:  0.529 (0.012)  Data Time:  0.005 (0.004)
2022-03-31 08:54:34,926:INFO:   Eta: 1:33:50
2022-03-31 08:55:10,837:INFO: Train: [82][2784/2785]  Loss -1.1918 (-1.4131)  Time:  0.529 (0.013)  Data Time:  0.004 (0.004)
2022-03-31 08:55:10,839:INFO:   Eta: 1:40:28
2022-03-31 08:55:48,237:INFO: Train: [83][2784/2785]  Loss -1.0879 (-1.4283)  Time:  0.467 (0.013)  Data Time:  0.003 (0.004)
2022-03-31 08:55:48,238:INFO:   Eta: 1:44:00
2022-03-31 08:56:24,005:INFO: Train: [84][2784/2785]  Loss -0.9811 (-1.4559)  Time:  0.530 (0.013)  Data Time:  0.005 (0.004)
2022-03-31 08:56:24,007:INFO:   Eta: 1:38:53
2022-03-31 08:56:59,334:INFO: Train: [85][2784/2785]  Loss -1.1564 (-1.3728)  Time:  0.514 (0.013)  Data Time:  0.004 (0.004)
2022-03-31 08:56:59,336:INFO:   Eta: 1:37:05
2022-03-31 08:57:36,721:INFO: Train: [86][2784/2785]  Loss -1.0786 (-1.4158)  Time:  0.511 (0.013)  Data Time:  0.005 (0.005)
2022-03-31 08:57:36,722:INFO:   Eta: 1:42:07
2022-03-31 08:57:39,113:INFO: Test: [86]  ADE: 0.8117  FDE: 1.3370
2022-03-31 08:58:16,424:INFO: Train: [87][2784/2785]  Loss -1.0345 (-1.4860)  Time:  0.498 (0.013)  Data Time:  0.003 (0.005)
2022-03-31 08:58:16,425:INFO:   Eta: 1:41:14
2022-03-31 08:58:53,754:INFO: Train: [88][2784/2785]  Loss -1.1339 (-1.5187)  Time:  0.516 (0.013)  Data Time:  0.005 (0.005)
2022-03-31 08:58:53,756:INFO:   Eta: 1:40:43
2022-03-31 08:59:27,791:INFO: Train: [89][2784/2785]  Loss -1.1483 (-1.4109)  Time:  0.515 (0.012)  Data Time:  0.004 (0.004)
2022-03-31 08:59:27,792:INFO:   Eta: 1:31:15
2022-03-31 09:00:00,264:INFO: Train: [90][2784/2785]  Loss -1.1308 (-1.5102)  Time:  0.460 (0.012)  Data Time:  0.003 (0.004)
2022-03-31 09:00:00,265:INFO:   Eta: 1:26:32
2022-03-31 09:00:33,396:INFO: Train: [91][2784/2785]  Loss -1.2290 (-1.4725)  Time:  0.499 (0.012)  Data Time:  0.003 (0.004)
2022-03-31 09:00:33,397:INFO:   Eta: 1:27:44
2022-03-31 09:01:06,387:INFO: Train: [92][2784/2785]  Loss -1.0875 (-1.4676)  Time:  0.500 (0.012)  Data Time:  0.003 (0.004)
2022-03-31 09:01:06,389:INFO:   Eta: 1:26:48
2022-03-31 09:01:42,201:INFO: Train: [93][2784/2785]  Loss -1.1219 (-1.4842)  Time:  0.506 (0.013)  Data Time:  0.005 (0.004)
2022-03-31 09:01:42,203:INFO:   Eta: 1:33:37
2022-03-31 09:02:17,841:INFO: Train: [94][2784/2785]  Loss -1.0947 (-1.5170)  Time:  0.541 (0.013)  Data Time:  0.004 (0.004)
2022-03-31 09:02:17,843:INFO:   Eta: 1:32:35
2022-03-31 09:02:55,198:INFO: Train: [95][2784/2785]  Loss -1.1718 (-1.4631)  Time:  0.619 (0.013)  Data Time:  0.005 (0.005)
2022-03-31 09:02:55,199:INFO:   Eta: 1:36:26
2022-03-31 09:03:32,295:INFO: Train: [96][2784/2785]  Loss -1.1652 (-1.5600)  Time:  0.515 (0.013)  Data Time:  0.006 (0.005)
2022-03-31 09:03:32,297:INFO:   Eta: 1:35:09
2022-03-31 09:03:34,620:INFO: Test: [96]  ADE: 0.7639  FDE: 1.3045
2022-03-31 09:04:12,165:INFO: Train: [97][2784/2785]  Loss -1.3069 (-1.4836)  Time:  0.547 (0.013)  Data Time:  0.005 (0.005)
2022-03-31 09:04:12,167:INFO:   Eta: 1:35:41
2022-03-31 09:04:49,418:INFO: Train: [98][2784/2785]  Loss -1.2204 (-1.4732)  Time:  0.498 (0.013)  Data Time:  0.005 (0.005)
2022-03-31 09:04:49,435:INFO:   Eta: 1:34:17
2022-03-31 09:05:25,694:INFO: Train: [99][2784/2785]  Loss -1.2871 (-1.4891)  Time:  0.483 (0.013)  Data Time:  0.004 (0.004)
2022-03-31 09:05:25,695:INFO:   Eta: 1:31:11
2022-03-31 09:05:57,856:INFO: Train: [100][2784/2785]  Loss -1.2718 (-1.5191)  Time:  0.410 (0.012)  Data Time:  0.003 (0.004)
2022-03-31 09:05:57,858:INFO:   Eta: 1:20:21
2022-03-31 09:06:28,532:INFO: Train: [101][2784/2785]  Loss -1.0830 (-1.4954)  Time:  0.506 (0.011)  Data Time:  0.001 (0.003)
2022-03-31 09:06:28,534:INFO:   Eta: 1:16:06
2022-03-31 09:07:00,532:INFO: Train: [102][2784/2785]  Loss -1.1869 (-1.5566)  Time:  0.417 (0.011)  Data Time:  0.002 (0.003)
2022-03-31 09:07:00,533:INFO:   Eta: 1:18:52
2022-03-31 09:07:35,738:INFO: Train: [103][2784/2785]  Loss -0.9850 (-1.5638)  Time:  0.521 (0.013)  Data Time:  0.005 (0.004)
2022-03-31 09:07:35,740:INFO:   Eta: 1:26:12
2022-03-31 09:08:12,378:INFO: Train: [104][2784/2785]  Loss -1.1187 (-1.5107)  Time:  0.582 (0.013)  Data Time:  0.004 (0.004)
2022-03-31 09:08:12,379:INFO:   Eta: 1:29:05
2022-03-31 09:08:48,973:INFO: Train: [105][2784/2785]  Loss -1.2058 (-1.4681)  Time:  0.493 (0.013)  Data Time:  0.004 (0.004)
2022-03-31 09:08:48,974:INFO:   Eta: 1:28:23
2022-03-31 09:09:25,422:INFO: Train: [106][2784/2785]  Loss -1.2278 (-1.5392)  Time:  0.512 (0.013)  Data Time:  0.005 (0.005)
2022-03-31 09:09:25,423:INFO:   Eta: 1:27:25
2022-03-31 09:09:27,789:INFO: Test: [106]  ADE: 0.7265  FDE: 1.1599
2022-03-31 09:10:04,286:INFO: Train: [107][2784/2785]  Loss -1.1157 (-1.5448)  Time:  0.538 (0.013)  Data Time:  0.004 (0.005)
2022-03-31 09:10:04,288:INFO:   Eta: 1:26:56
2022-03-31 09:10:40,770:INFO: Train: [108][2784/2785]  Loss -1.2514 (-1.5392)  Time:  0.528 (0.013)  Data Time:  0.005 (0.005)
2022-03-31 09:10:40,772:INFO:   Eta: 1:26:17
2022-03-31 09:11:17,000:INFO: Train: [109][2784/2785]  Loss -1.3142 (-1.5907)  Time:  0.481 (0.013)  Data Time:  0.003 (0.004)
2022-03-31 09:11:17,001:INFO:   Eta: 1:25:05
2022-03-31 09:11:48,728:INFO: Train: [110][2784/2785]  Loss -1.2510 (-1.6022)  Time:  0.414 (0.011)  Data Time:  0.003 (0.003)
2022-03-31 09:11:48,730:INFO:   Eta: 1:13:59
2022-03-31 09:12:20,312:INFO: Train: [111][2784/2785]  Loss -0.9114 (-1.6285)  Time:  0.422 (0.011)  Data Time:  0.002 (0.003)
2022-03-31 09:12:20,314:INFO:   Eta: 1:13:06
2022-03-31 09:12:51,590:INFO: Train: [112][2784/2785]  Loss -1.2897 (-1.4626)  Time:  0.489 (0.011)  Data Time:  0.003 (0.003)
2022-03-31 09:12:51,592:INFO:   Eta: 1:11:52
2022-03-31 09:13:25,706:INFO: Train: [113][2784/2785]  Loss -1.2451 (-1.5940)  Time:  0.522 (0.012)  Data Time:  0.005 (0.004)
2022-03-31 09:13:25,710:INFO:   Eta: 1:17:50
2022-03-31 09:14:02,713:INFO: Train: [114][2784/2785]  Loss -1.3508 (-1.5442)  Time:  0.561 (0.013)  Data Time:  0.005 (0.005)
2022-03-31 09:14:02,715:INFO:   Eta: 1:23:48
2022-03-31 09:14:39,197:INFO: Train: [115][2784/2785]  Loss -1.3385 (-1.5959)  Time:  0.509 (0.013)  Data Time:  0.004 (0.004)
2022-03-31 09:14:39,198:INFO:   Eta: 1:22:01
2022-03-31 09:15:16,368:INFO: Train: [116][2784/2785]  Loss -1.2681 (-1.5721)  Time:  0.505 (0.013)  Data Time:  0.005 (0.005)
2022-03-31 09:15:16,370:INFO:   Eta: 1:22:56
2022-03-31 09:15:18,715:INFO: Test: [116]  ADE: 0.7800  FDE: 1.2692
2022-03-31 09:15:55,646:INFO: Train: [117][2784/2785]  Loss -1.2471 (-1.6518)  Time:  0.540 (0.013)  Data Time:  0.004 (0.005)
2022-03-31 09:15:55,648:INFO:   Eta: 1:21:49
2022-03-31 09:16:31,125:INFO: Train: [118][2784/2785]  Loss -1.2810 (-1.5976)  Time:  0.540 (0.013)  Data Time:  0.004 (0.004)
2022-03-31 09:16:31,126:INFO:   Eta: 1:17:59
2022-03-31 09:17:08,940:INFO: Train: [119][2784/2785]  Loss -1.2782 (-1.4944)  Time:  0.523 (0.014)  Data Time:  0.004 (0.004)
2022-03-31 09:17:08,941:INFO:   Eta: 1:22:30
2022-03-31 09:17:44,229:INFO: Train: [120][2784/2785]  Loss -1.2061 (-1.6199)  Time:  0.447 (0.013)  Data Time:  0.003 (0.004)
2022-03-31 09:17:44,231:INFO:   Eta: 1:16:24
2022-03-31 09:18:16,746:INFO: Train: [121][2784/2785]  Loss -1.2330 (-1.5982)  Time:  0.479 (0.012)  Data Time:  0.004 (0.004)
2022-03-31 09:18:16,747:INFO:   Eta: 1:09:50
2022-03-31 09:18:49,279:INFO: Train: [122][2784/2785]  Loss -1.2653 (-1.5475)  Time:  0.475 (0.012)  Data Time:  0.004 (0.004)
2022-03-31 09:18:49,280:INFO:   Eta: 1:09:21
2022-03-31 09:19:22,276:INFO: Train: [123][2784/2785]  Loss -1.1627 (-1.6252)  Time:  0.447 (0.012)  Data Time:  0.003 (0.004)
2022-03-31 09:19:22,278:INFO:   Eta: 1:09:47
2022-03-31 09:19:59,594:INFO: Train: [124][2784/2785]  Loss -1.3530 (-1.5072)  Time:  0.516 (0.013)  Data Time:  0.004 (0.005)
2022-03-31 09:19:59,596:INFO:   Eta: 1:18:18
2022-03-31 09:20:36,873:INFO: Train: [125][2784/2785]  Loss -1.2297 (-1.6214)  Time:  0.522 (0.013)  Data Time:  0.004 (0.005)
2022-03-31 09:20:36,875:INFO:   Eta: 1:17:36
2022-03-31 09:21:14,275:INFO: Train: [126][2784/2785]  Loss -1.2692 (-1.6216)  Time:  0.524 (0.013)  Data Time:  0.004 (0.005)
2022-03-31 09:21:14,276:INFO:   Eta: 1:17:14
2022-03-31 09:21:16,596:INFO: Test: [126]  ADE: 0.8425  FDE: 1.5697
2022-03-31 09:21:51,070:INFO: Train: [127][2784/2785]  Loss -1.2100 (-1.6298)  Time:  0.535 (0.012)  Data Time:  0.005 (0.004)
2022-03-31 09:21:51,072:INFO:   Eta: 1:10:36
2022-03-31 09:22:27,686:INFO: Train: [128][2784/2785]  Loss -1.1389 (-1.5476)  Time:  0.547 (0.013)  Data Time:  0.005 (0.005)
2022-03-31 09:22:27,690:INFO:   Eta: 1:14:23
2022-03-31 09:23:03,293:INFO: Train: [129][2784/2785]  Loss -1.1346 (-1.6348)  Time:  0.534 (0.013)  Data Time:  0.005 (0.004)
2022-03-31 09:23:03,295:INFO:   Eta: 1:11:44
2022-03-31 09:23:39,517:INFO: Train: [130][2784/2785]  Loss -1.2018 (-1.5994)  Time:  0.525 (0.013)  Data Time:  0.005 (0.004)
2022-03-31 09:23:39,518:INFO:   Eta: 1:12:23
2022-03-31 09:24:14,223:INFO: Train: [131][2784/2785]  Loss -1.3876 (-1.5491)  Time:  0.459 (0.012)  Data Time:  0.004 (0.004)
2022-03-31 09:24:14,225:INFO:   Eta: 1:08:47
2022-03-31 09:24:46,488:INFO: Train: [132][2784/2785]  Loss -1.3223 (-1.5380)  Time:  0.502 (0.012)  Data Time:  0.003 (0.004)
2022-03-31 09:24:46,489:INFO:   Eta: 1:03:24
2022-03-31 09:25:18,987:INFO: Train: [133][2784/2785]  Loss -1.2760 (-1.5637)  Time:  0.463 (0.012)  Data Time:  0.003 (0.004)
2022-03-31 09:25:18,988:INFO:   Eta: 1:03:19
2022-03-31 09:25:53,602:INFO: Train: [134][2784/2785]  Loss -1.2473 (-1.5842)  Time:  0.532 (0.012)  Data Time:  0.006 (0.004)
2022-03-31 09:25:53,602:INFO:   Eta: 1:06:52
2022-03-31 09:26:30,476:INFO: Train: [135][2784/2785]  Loss -1.1255 (-1.6103)  Time:  0.505 (0.013)  Data Time:  0.005 (0.004)
2022-03-31 09:26:30,478:INFO:   Eta: 1:10:37
2022-03-31 09:27:06,287:INFO: Train: [136][2784/2785]  Loss -1.2912 (-1.6712)  Time:  0.469 (0.013)  Data Time:  0.005 (0.004)
2022-03-31 09:27:06,288:INFO:   Eta: 1:07:59
2022-03-31 09:27:08,502:INFO: Test: [136]  ADE: 0.7657  FDE: 1.2248
2022-03-31 09:27:45,168:INFO: Train: [137][2784/2785]  Loss -1.2016 (-1.5974)  Time:  0.519 (0.013)  Data Time:  0.004 (0.004)
2022-03-31 09:27:45,169:INFO:   Eta: 1:08:59
2022-03-31 09:28:21,921:INFO: Train: [138][2784/2785]  Loss -1.1120 (-1.5903)  Time:  0.518 (0.013)  Data Time:  0.003 (0.005)
2022-03-31 09:28:21,922:INFO:   Eta: 1:08:33
2022-03-31 09:28:56,303:INFO: Train: [139][2784/2785]  Loss -1.2888 (-1.6205)  Time:  0.518 (0.012)  Data Time:  0.004 (0.004)
2022-03-31 09:28:56,304:INFO:   Eta: 1:03:33
2022-03-31 09:29:32,603:INFO: Train: [140][2784/2785]  Loss -1.2290 (-1.6510)  Time:  0.518 (0.013)  Data Time:  0.004 (0.004)
2022-03-31 09:29:32,604:INFO:   Eta: 1:06:30
2022-03-31 09:30:08,833:INFO: Train: [141][2784/2785]  Loss -1.1744 (-1.6386)  Time:  0.513 (0.013)  Data Time:  0.005 (0.005)
2022-03-31 09:30:08,834:INFO:   Eta: 1:05:46
2022-03-31 09:30:41,328:INFO: Train: [142][2784/2785]  Loss -1.3934 (-1.7061)  Time:  0.486 (0.012)  Data Time:  0.003 (0.003)
2022-03-31 09:30:41,330:INFO:   Eta: 0:58:27
2022-03-31 09:31:12,843:INFO: Train: [143][2784/2785]  Loss -1.2269 (-1.7040)  Time:  0.450 (0.011)  Data Time:  0.003 (0.003)
2022-03-31 09:31:12,844:INFO:   Eta: 0:56:08
2022-03-31 09:31:45,097:INFO: Train: [144][2784/2785]  Loss -1.2991 (-1.6347)  Time:  0.500 (0.012)  Data Time:  0.004 (0.004)
2022-03-31 09:31:45,098:INFO:   Eta: 0:56:56
2022-03-31 09:32:20,924:INFO: Train: [145][2784/2785]  Loss -1.1735 (-1.6093)  Time:  0.505 (0.013)  Data Time:  0.004 (0.004)
2022-03-31 09:32:20,925:INFO:   Eta: 1:02:39
2022-03-31 09:32:56,970:INFO: Train: [146][2784/2785]  Loss -1.0578 (-1.6752)  Time:  0.487 (0.013)  Data Time:  0.003 (0.004)
2022-03-31 09:32:56,971:INFO:   Eta: 1:02:26
2022-03-31 09:32:59,333:INFO: Test: [146]  ADE: 0.7938  FDE: 1.2879
2022-03-31 09:33:33,826:INFO: Train: [147][2784/2785]  Loss -1.3223 (-1.6237)  Time:  0.527 (0.012)  Data Time:  0.005 (0.004)
2022-03-31 09:33:33,827:INFO:   Eta: 0:59:11
2022-03-31 09:34:10,082:INFO: Train: [148][2784/2785]  Loss -1.0999 (-1.5708)  Time:  0.547 (0.013)  Data Time:  0.005 (0.004)
2022-03-31 09:34:10,084:INFO:   Eta: 1:01:35
2022-03-31 09:34:45,985:INFO: Train: [149][2784/2785]  Loss -1.3683 (-1.6910)  Time:  0.470 (0.013)  Data Time:  0.004 (0.004)
2022-03-31 09:34:45,987:INFO:   Eta: 0:59:59
2022-03-31 09:35:21,223:INFO: Train: [150][2784/2785]  Loss -1.3238 (-1.7898)  Time:  0.502 (0.013)  Data Time:  0.006 (0.004)
2022-03-31 09:35:21,225:INFO:   Eta: 0:58:40
2022-03-31 09:35:57,951:INFO: Train: [151][2784/2785]  Loss -1.3188 (-1.8172)  Time:  0.516 (0.013)  Data Time:  0.004 (0.005)
2022-03-31 09:35:58,030:INFO:   Eta: 0:59:48
2022-03-31 09:36:04,452:INFO: Valid: [151][659/660]  Loss -9.9149 (-6.3484)
2022-03-31 09:36:04,470:INFO: Checkpoint saved...
2022-03-31 09:36:39,088:INFO: Train: [152][2784/2785]  Loss -1.3933 (-1.8052)  Time:  0.437 (0.012)  Data Time:  0.003 (0.004)
2022-03-31 09:36:39,171:INFO:   Eta: 0:56:30
2022-03-31 09:36:45,129:INFO: Valid: [152][659/660]  Loss -9.7365 (-6.2027)
2022-03-31 09:37:17,797:INFO: Train: [153][2784/2785]  Loss -1.3592 (-1.8506)  Time:  0.509 (0.012)  Data Time:  0.004 (0.004)
2022-03-31 09:37:17,843:INFO:   Eta: 0:52:46
2022-03-31 09:37:23,767:INFO: Valid: [153][659/660]  Loss -9.2713 (-5.9247)
2022-03-31 09:37:56,414:INFO: Train: [154][2784/2785]  Loss -1.4559 (-1.8062)  Time:  0.511 (0.012)  Data Time:  0.004 (0.004)
2022-03-31 09:37:56,415:INFO:   Eta: 0:51:39
2022-03-31 09:38:02,501:INFO: Valid: [154][659/660]  Loss -8.9173 (-5.6616)
2022-03-31 09:38:41,951:INFO: Train: [155][2784/2785]  Loss -1.5019 (-1.7907)  Time:  0.441 (0.014)  Data Time:  0.004 (0.004)
2022-03-31 09:38:41,952:INFO:   Eta: 1:00:13
2022-03-31 09:38:47,927:INFO: Valid: [155][659/660]  Loss -9.3884 (-5.9959)
2022-03-31 09:39:21,906:INFO: Train: [156][2784/2785]  Loss -1.3750 (-1.8310)  Time:  0.502 (0.012)  Data Time:  0.003 (0.004)
2022-03-31 09:39:21,907:INFO:   Eta: 0:53:12
2022-03-31 09:39:28,143:INFO: Valid: [156][659/660]  Loss -9.5038 (-6.0702)
2022-03-31 09:39:30,386:INFO: Test: [156]  ADE: 0.7770  FDE: 1.2724
2022-03-31 09:40:06,918:INFO: Train: [157][2784/2785]  Loss -1.4339 (-1.8024)  Time:  0.528 (0.013)  Data Time:  0.005 (0.004)
2022-03-31 09:40:06,919:INFO:   Eta: 0:56:36
2022-03-31 09:40:13,132:INFO: Valid: [157][659/660]  Loss -7.6012 (-4.8451)
2022-03-31 09:40:48,727:INFO: Train: [158][2784/2785]  Loss -1.4102 (-1.8362)  Time:  0.488 (0.013)  Data Time:  0.004 (0.004)
2022-03-31 09:40:48,849:INFO:   Eta: 0:54:33
2022-03-31 09:40:55,275:INFO: Valid: [158][659/660]  Loss -9.0713 (-5.7536)
2022-03-31 09:41:30,981:INFO: Train: [159][2784/2785]  Loss -1.2717 (-1.7610)  Time:  0.462 (0.013)  Data Time:  0.003 (0.004)
2022-03-31 09:41:30,986:INFO:   Eta: 0:54:07
2022-03-31 09:41:37,315:INFO: Valid: [159][659/660]  Loss -9.8852 (-6.3326)
2022-03-31 09:42:13,932:INFO: Train: [160][2784/2785]  Loss -1.3394 (-1.8428)  Time:  0.475 (0.013)  Data Time:  0.005 (0.004)
2022-03-31 09:42:14,150:INFO:   Eta: 0:54:53
2022-03-31 09:42:20,318:INFO: Valid: [160][659/660]  Loss -9.5548 (-6.1140)
2022-03-31 09:42:56,965:INFO: Train: [161][2784/2785]  Loss -1.4533 (-1.7937)  Time:  0.517 (0.013)  Data Time:  0.004 (0.005)
2022-03-31 09:42:56,996:INFO:   Eta: 0:54:18
2022-03-31 09:43:03,155:INFO: Valid: [161][659/660]  Loss -9.6136 (-6.1315)
2022-03-31 09:43:35,522:INFO: Train: [162][2784/2785]  Loss -1.4810 (-1.8217)  Time:  0.457 (0.012)  Data Time:  0.003 (0.004)
2022-03-31 09:43:35,668:INFO:   Eta: 0:47:26
2022-03-31 09:43:41,648:INFO: Valid: [162][659/660]  Loss -9.6989 (-6.2236)
2022-03-31 09:44:14,402:INFO: Train: [163][2784/2785]  Loss -1.2972 (-1.8409)  Time:  0.470 (0.012)  Data Time:  0.004 (0.003)
2022-03-31 09:44:14,478:INFO:   Eta: 0:47:28
2022-03-31 09:44:20,273:INFO: Valid: [163][659/660]  Loss -9.4634 (-6.0369)
2022-03-31 09:44:53,129:INFO: Train: [164][2784/2785]  Loss -1.3792 (-1.8639)  Time:  0.458 (0.012)  Data Time:  0.004 (0.003)
2022-03-31 09:44:53,132:INFO:   Eta: 0:47:02
2022-03-31 09:44:59,395:INFO: Valid: [164][659/660]  Loss -9.3101 (-5.9146)
2022-03-31 09:45:35,913:INFO: Train: [165][2784/2785]  Loss -1.3045 (-1.8314)  Time:  0.507 (0.013)  Data Time:  0.004 (0.004)
2022-03-31 09:45:35,915:INFO:   Eta: 0:51:39
2022-03-31 09:45:42,179:INFO: Valid: [165][659/660]  Loss -8.9526 (-5.6885)
2022-03-31 09:46:19,038:INFO: Train: [166][2784/2785]  Loss -1.3045 (-1.8581)  Time:  0.546 (0.013)  Data Time:  0.005 (0.004)
2022-03-31 09:46:19,040:INFO:   Eta: 0:51:34
2022-03-31 09:46:25,009:INFO: Valid: [166][659/660]  Loss -9.7544 (-6.2152)
2022-03-31 09:46:27,432:INFO: Test: [166]  ADE: 0.7899  FDE: 1.3178
2022-03-31 09:47:02,985:INFO: Train: [167][2784/2785]  Loss -1.4471 (-1.8490)  Time:  0.510 (0.013)  Data Time:  0.004 (0.004)
2022-03-31 09:47:02,987:INFO:   Eta: 0:49:09
2022-03-31 09:47:09,259:INFO: Valid: [167][659/660]  Loss -8.9608 (-5.6976)
2022-03-31 09:47:45,936:INFO: Train: [168][2784/2785]  Loss -1.3588 (-1.8283)  Time:  0.511 (0.013)  Data Time:  0.005 (0.004)
2022-03-31 09:47:45,941:INFO:   Eta: 0:50:05
2022-03-31 09:47:52,183:INFO: Valid: [168][659/660]  Loss -9.9278 (-6.3512)
2022-03-31 09:47:52,197:INFO: Checkpoint saved...
2022-03-31 09:48:28,315:INFO: Train: [169][2784/2785]  Loss -1.2930 (-1.8522)  Time:  0.516 (0.013)  Data Time:  0.005 (0.004)
2022-03-31 09:48:28,316:INFO:   Eta: 0:48:44
2022-03-31 09:48:33,913:INFO: Valid: [169][659/660]  Loss -9.9339 (-6.3508)
2022-03-31 09:48:33,930:INFO: Checkpoint saved...
2022-03-31 09:49:12,414:INFO: Train: [170][2784/2785]  Loss -1.4037 (-1.8460)  Time:  0.540 (0.014)  Data Time:  0.005 (0.004)
2022-03-31 09:49:12,416:INFO:   Eta: 0:51:17
2022-03-31 09:49:18,625:INFO: Valid: [170][659/660]  Loss -9.6115 (-6.1353)
2022-03-31 09:49:55,802:INFO: Train: [171][2784/2785]  Loss -1.3768 (-1.8592)  Time:  0.509 (0.013)  Data Time:  0.005 (0.005)
2022-03-31 09:49:55,803:INFO:   Eta: 0:48:55
2022-03-31 09:50:02,032:INFO: Valid: [171][659/660]  Loss -9.3682 (-5.9543)
2022-03-31 09:50:34,774:INFO: Train: [172][2784/2785]  Loss -1.3912 (-1.8081)  Time:  0.413 (0.012)  Data Time:  0.003 (0.004)
2022-03-31 09:50:34,775:INFO:   Eta: 0:42:32
2022-03-31 09:50:40,900:INFO: Valid: [172][659/660]  Loss -9.4931 (-6.0662)
2022-03-31 09:51:10,823:INFO: Train: [173][2784/2785]  Loss -1.4175 (-1.7870)  Time:  0.461 (0.011)  Data Time:  0.003 (0.003)
2022-03-31 09:51:10,824:INFO:   Eta: 0:38:22
2022-03-31 09:51:17,163:INFO: Valid: [173][659/660]  Loss -9.6284 (-6.1603)
2022-03-31 09:51:50,729:INFO: Train: [174][2784/2785]  Loss -1.4133 (-1.8608)  Time:  0.515 (0.012)  Data Time:  0.004 (0.004)
2022-03-31 09:51:50,731:INFO:   Eta: 0:42:29
2022-03-31 09:51:57,008:INFO: Valid: [174][659/660]  Loss -9.0124 (-5.7343)
2022-03-31 09:52:33,843:INFO: Train: [175][2784/2785]  Loss -1.3350 (-1.8669)  Time:  0.548 (0.013)  Data Time:  0.003 (0.005)
2022-03-31 09:52:33,845:INFO:   Eta: 0:46:01
2022-03-31 09:52:40,198:INFO: Valid: [175][659/660]  Loss -9.3763 (-6.0371)
2022-03-31 09:53:15,280:INFO: Train: [176][2784/2785]  Loss -1.3115 (-1.7825)  Time:  0.478 (0.013)  Data Time:  0.007 (0.004)
2022-03-31 09:53:15,281:INFO:   Eta: 0:43:14
2022-03-31 09:53:21,367:INFO: Valid: [176][659/660]  Loss -9.5806 (-6.1227)
2022-03-31 09:53:23,756:INFO: Test: [176]  ADE: 0.7968  FDE: 1.2635
2022-03-31 09:53:59,962:INFO: Train: [177][2784/2785]  Loss -1.3395 (-1.8861)  Time:  0.523 (0.013)  Data Time:  0.005 (0.004)
2022-03-31 09:53:59,964:INFO:   Eta: 0:44:01
2022-03-31 09:54:06,071:INFO: Valid: [177][659/660]  Loss -9.3682 (-6.0356)
2022-03-31 09:54:42,174:INFO: Train: [178][2784/2785]  Loss -1.3549 (-1.8494)  Time:  0.491 (0.013)  Data Time:  0.003 (0.004)
2022-03-31 09:54:42,175:INFO:   Eta: 0:43:18
2022-03-31 09:54:48,426:INFO: Valid: [178][659/660]  Loss -9.5783 (-6.0932)
2022-03-31 09:55:25,773:INFO: Train: [179][2784/2785]  Loss -1.3949 (-1.8296)  Time:  0.530 (0.013)  Data Time:  0.004 (0.005)
2022-03-31 09:55:25,775:INFO:   Eta: 0:44:09
2022-03-31 09:55:31,925:INFO: Valid: [179][659/660]  Loss -9.3492 (-5.9297)
2022-03-31 09:56:09,078:INFO: Train: [180][2784/2785]  Loss -1.3868 (-1.8478)  Time:  0.496 (0.013)  Data Time:  0.003 (0.004)
2022-03-31 09:56:09,079:INFO:   Eta: 0:43:19
2022-03-31 09:56:15,234:INFO: Valid: [180][659/660]  Loss -9.9487 (-6.3371)
2022-03-31 09:56:15,249:INFO: Checkpoint saved...
2022-03-31 09:56:50,033:INFO: Train: [181][2784/2785]  Loss -1.3992 (-1.8024)  Time:  0.464 (0.012)  Data Time:  0.004 (0.004)
2022-03-31 09:56:50,036:INFO:   Eta: 0:39:58
2022-03-31 09:56:56,088:INFO: Valid: [181][659/660]  Loss -9.1612 (-5.8410)
2022-03-31 09:57:29,823:INFO: Train: [182][2784/2785]  Loss -1.2493 (-1.8316)  Time:  0.511 (0.012)  Data Time:  0.004 (0.004)
2022-03-31 09:57:29,825:INFO:   Eta: 0:38:11
2022-03-31 09:57:35,895:INFO: Valid: [182][659/660]  Loss -9.5224 (-6.0950)
2022-03-31 09:58:08,702:INFO: Train: [183][2784/2785]  Loss -1.2372 (-1.8231)  Time:  0.489 (0.012)  Data Time:  0.003 (0.004)
2022-03-31 09:58:08,704:INFO:   Eta: 0:36:36
2022-03-31 09:58:14,621:INFO: Valid: [183][659/660]  Loss -9.1187 (-5.8275)
2022-03-31 09:58:47,635:INFO: Train: [184][2784/2785]  Loss -1.4919 (-1.8070)  Time:  0.473 (0.012)  Data Time:  0.004 (0.003)
2022-03-31 09:58:47,636:INFO:   Eta: 0:36:17
2022-03-31 09:58:53,704:INFO: Valid: [184][659/660]  Loss -9.3801 (-6.0055)
2022-03-31 09:59:30,230:INFO: Train: [185][2784/2785]  Loss -1.5032 (-1.8280)  Time:  0.606 (0.013)  Data Time:  0.003 (0.004)
2022-03-31 09:59:30,232:INFO:   Eta: 0:39:32
2022-03-31 09:59:36,499:INFO: Valid: [185][659/660]  Loss -9.4357 (-6.0459)
2022-03-31 10:00:14,152:INFO: Train: [186][2784/2785]  Loss -1.3312 (-1.8579)  Time:  0.494 (0.014)  Data Time:  0.005 (0.005)
2022-03-31 10:00:14,154:INFO:   Eta: 0:40:08
2022-03-31 10:00:20,446:INFO: Valid: [186][659/660]  Loss -9.5236 (-6.0715)
2022-03-31 10:00:22,946:INFO: Test: [186]  ADE: 0.7930  FDE: 1.3269
2022-03-31 10:00:59,419:INFO: Train: [187][2784/2785]  Loss -1.3832 (-1.8546)  Time:  0.539 (0.013)  Data Time:  0.005 (0.004)
2022-03-31 10:00:59,420:INFO:   Eta: 0:38:16
2022-03-31 10:01:05,602:INFO: Valid: [187][659/660]  Loss -8.5348 (-5.4081)
2022-03-31 10:01:40,989:INFO: Train: [188][2784/2785]  Loss -1.3646 (-1.8709)  Time:  0.499 (0.013)  Data Time:  0.004 (0.004)
2022-03-31 10:01:40,990:INFO:   Eta: 0:36:32
2022-03-31 10:01:47,022:INFO: Valid: [188][659/660]  Loss -8.5939 (-5.5040)
2022-03-31 10:02:23,835:INFO: Train: [189][2784/2785]  Loss -1.5001 (-1.8510)  Time:  0.502 (0.013)  Data Time:  0.003 (0.004)
2022-03-31 10:02:23,838:INFO:   Eta: 0:37:24
2022-03-31 10:02:30,234:INFO: Valid: [189][659/660]  Loss -9.2119 (-5.8689)
2022-03-31 10:03:03,957:INFO: Train: [190][2784/2785]  Loss -1.4109 (-1.8255)  Time:  0.607 (0.012)  Data Time:  0.003 (0.004)
2022-03-31 10:03:03,958:INFO:   Eta: 0:33:42
2022-03-31 10:03:10,166:INFO: Valid: [190][659/660]  Loss -9.2060 (-5.8604)
2022-03-31 10:03:47,220:INFO: Train: [191][2784/2785]  Loss -1.4416 (-1.8401)  Time:  0.547 (0.013)  Data Time:  0.005 (0.005)
2022-03-31 10:03:47,222:INFO:   Eta: 0:36:24
2022-03-31 10:03:53,581:INFO: Valid: [191][659/660]  Loss -9.8711 (-6.3434)
2022-03-31 10:04:30,169:INFO: Train: [192][2784/2785]  Loss -1.4633 (-1.8448)  Time:  0.517 (0.013)  Data Time:  0.003 (0.004)
2022-03-31 10:04:30,171:INFO:   Eta: 0:35:20
2022-03-31 10:04:36,718:INFO: Valid: [192][659/660]  Loss -9.9185 (-6.3147)
2022-03-31 10:05:09,561:INFO: Train: [193][2784/2785]  Loss -1.5409 (-1.8206)  Time:  0.483 (0.012)  Data Time:  0.003 (0.004)
2022-03-31 10:05:09,562:INFO:   Eta: 0:31:11
2022-03-31 10:05:15,905:INFO: Valid: [193][659/660]  Loss -9.8636 (-6.2860)
2022-03-31 10:05:47,123:INFO: Train: [194][2784/2785]  Loss -1.3456 (-1.8266)  Time:  0.512 (0.011)  Data Time:  0.004 (0.003)
2022-03-31 10:05:47,124:INFO:   Eta: 0:29:06
2022-03-31 10:05:53,591:INFO: Valid: [194][659/660]  Loss -9.8332 (-6.2632)
2022-03-31 10:06:29,648:INFO: Train: [195][2784/2785]  Loss -1.3541 (-1.8760)  Time:  0.525 (0.013)  Data Time:  0.005 (0.004)
2022-03-31 10:06:29,649:INFO:   Eta: 0:33:01
2022-03-31 10:06:35,933:INFO: Valid: [195][659/660]  Loss -9.8440 (-6.3202)
2022-03-31 10:07:12,255:INFO: Train: [196][2784/2785]  Loss -1.3855 (-1.8087)  Time:  0.500 (0.013)  Data Time:  0.005 (0.004)
2022-03-31 10:07:12,256:INFO:   Eta: 0:32:40
2022-03-31 10:07:18,723:INFO: Valid: [196][659/660]  Loss -9.7602 (-6.2173)
2022-03-31 10:07:21,023:INFO: Test: [196]  ADE: 0.8092  FDE: 1.1883
2022-03-31 10:07:57,557:INFO: Train: [197][2784/2785]  Loss -1.4093 (-1.7716)  Time:  0.564 (0.013)  Data Time:  0.003 (0.004)
2022-03-31 10:07:57,559:INFO:   Eta: 0:32:15
2022-03-31 10:08:03,966:INFO: Valid: [197][659/660]  Loss -9.0823 (-5.7784)
2022-03-31 10:08:38,410:INFO: Train: [198][2784/2785]  Loss -1.3783 (-1.8725)  Time:  0.601 (0.012)  Data Time:  0.004 (0.004)
2022-03-31 10:08:38,412:INFO:   Eta: 0:29:50
2022-03-31 10:08:44,712:INFO: Valid: [198][659/660]  Loss -9.8311 (-6.2819)
2022-03-31 10:09:20,181:INFO: Train: [199][2784/2785]  Loss -1.3450 (-1.8479)  Time:  0.538 (0.013)  Data Time:  0.004 (0.004)
2022-03-31 10:09:20,183:INFO:   Eta: 0:30:07
2022-03-31 10:09:26,312:INFO: Valid: [199][659/660]  Loss -9.6093 (-6.1455)
2022-03-31 10:10:03,685:INFO: Train: [200][2784/2785]  Loss -1.3581 (-1.8973)  Time:  0.580 (0.013)  Data Time:  0.005 (0.004)
2022-03-31 10:10:03,686:INFO:   Eta: 0:31:07
2022-03-31 10:10:10,003:INFO: Valid: [200][659/660]  Loss -8.5857 (-5.4829)
2022-03-31 10:10:47,482:INFO: Train: [201][2784/2785]  Loss -1.2957 (-1.8759)  Time:  0.521 (0.013)  Data Time:  0.005 (0.004)
2022-03-31 10:10:47,484:INFO:   Eta: 0:30:35
2022-03-31 10:10:53,674:INFO: Valid: [201][659/660]  Loss -9.6343 (-6.1445)
2022-03-31 10:11:30,853:INFO: Train: [202][2784/2785]  Loss -1.4323 (-1.8387)  Time:  0.528 (0.013)  Data Time:  0.005 (0.004)
2022-03-31 10:11:30,854:INFO:   Eta: 0:29:43
2022-03-31 10:11:37,137:INFO: Valid: [202][659/660]  Loss -8.9234 (-5.6622)
2022-03-31 10:12:07,561:INFO: Train: [203][2784/2785]  Loss -1.4343 (-1.8728)  Time:  0.469 (0.011)  Data Time:  0.003 (0.003)
2022-03-31 10:12:07,562:INFO:   Eta: 0:23:48
2022-03-31 10:12:13,495:INFO: Valid: [203][659/660]  Loss -9.8419 (-6.3234)
2022-03-31 10:12:46,157:INFO: Train: [204][2784/2785]  Loss -1.4281 (-1.8255)  Time:  0.486 (0.012)  Data Time:  0.004 (0.004)
2022-03-31 10:12:46,158:INFO:   Eta: 0:25:01
2022-03-31 10:12:52,164:INFO: Valid: [204][659/660]  Loss -9.8857 (-6.3116)
2022-03-31 10:13:25,691:INFO: Train: [205][2784/2785]  Loss -1.4112 (-1.8490)  Time:  0.528 (0.012)  Data Time:  0.005 (0.004)
2022-03-31 10:13:25,693:INFO:   Eta: 0:25:07
2022-03-31 10:13:31,934:INFO: Valid: [205][659/660]  Loss -9.2220 (-5.8711)
2022-03-31 10:14:08,878:INFO: Train: [206][2784/2785]  Loss -1.4305 (-1.8545)  Time:  0.506 (0.013)  Data Time:  0.004 (0.005)
2022-03-31 10:14:08,879:INFO:   Eta: 0:27:04
2022-03-31 10:14:15,272:INFO: Valid: [206][659/660]  Loss -9.8761 (-6.3309)
2022-03-31 10:14:17,652:INFO: Test: [206]  ADE: 0.8063  FDE: 1.2478
2022-03-31 10:14:50,548:INFO: Train: [207][2784/2785]  Loss -1.3456 (-1.8703)  Time:  0.576 (0.012)  Data Time:  0.005 (0.003)
2022-03-31 10:14:50,549:INFO:   Eta: 0:23:33
2022-03-31 10:14:56,887:INFO: Valid: [207][659/660]  Loss -9.6803 (-6.1640)
2022-03-31 10:15:33,751:INFO: Train: [208][2784/2785]  Loss -1.3737 (-1.8952)  Time:  0.530 (0.013)  Data Time:  0.005 (0.004)
2022-03-31 10:15:33,752:INFO:   Eta: 0:25:47
2022-03-31 10:15:40,024:INFO: Valid: [208][659/660]  Loss -9.7547 (-6.2467)
2022-03-31 10:16:17,251:INFO: Train: [209][2784/2785]  Loss -1.4725 (-1.8055)  Time:  0.519 (0.013)  Data Time:  0.006 (0.005)
2022-03-31 10:16:17,253:INFO:   Eta: 0:25:25
2022-03-31 10:16:23,357:INFO: Valid: [209][659/660]  Loss -7.8938 (-4.9961)
2022-03-31 10:17:00,699:INFO: Train: [210][2784/2785]  Loss -1.4437 (-1.8948)  Time:  0.504 (0.013)  Data Time:  0.005 (0.005)
2022-03-31 10:17:00,701:INFO:   Eta: 0:24:52
2022-03-31 10:17:07,173:INFO: Valid: [210][659/660]  Loss -9.7645 (-6.2156)
2022-03-31 10:17:43,996:INFO: Train: [211][2784/2785]  Loss -1.4417 (-1.8390)  Time:  0.522 (0.013)  Data Time:  0.003 (0.004)
2022-03-31 10:17:43,997:INFO:   Eta: 0:23:55
2022-03-31 10:17:50,111:INFO: Valid: [211][659/660]  Loss -9.7573 (-6.1940)
2022-03-31 10:18:25,540:INFO: Train: [212][2784/2785]  Loss -1.3146 (-1.8742)  Time:  0.527 (0.013)  Data Time:  0.004 (0.004)
2022-03-31 10:18:25,542:INFO:   Eta: 0:22:25
2022-03-31 10:18:31,757:INFO: Valid: [212][659/660]  Loss -8.2729 (-5.3133)
2022-03-31 10:19:05,316:INFO: Train: [213][2784/2785]  Loss -1.5164 (-1.8643)  Time:  0.430 (0.012)  Data Time:  0.003 (0.004)
2022-03-31 10:19:05,317:INFO:   Eta: 0:20:40
2022-03-31 10:19:11,236:INFO: Valid: [213][659/660]  Loss -8.1839 (-5.1837)
2022-03-31 10:19:43,846:INFO: Train: [214][2784/2785]  Loss -1.2526 (-1.8972)  Time:  0.516 (0.012)  Data Time:  0.007 (0.004)
2022-03-31 10:19:43,848:INFO:   Eta: 0:19:33
2022-03-31 10:19:50,026:INFO: Valid: [214][659/660]  Loss -9.9657 (-6.3731)
2022-03-31 10:19:50,037:INFO: Checkpoint saved...
2022-03-31 10:20:20,371:INFO: Train: [215][2784/2785]  Loss -1.3840 (-1.9032)  Time:  0.408 (0.011)  Data Time:  0.003 (0.003)
2022-03-31 10:20:20,372:INFO:   Eta: 0:17:41
2022-03-31 10:20:26,339:INFO: Valid: [215][659/660]  Loss -9.9058 (-6.3271)
2022-03-31 10:21:03,840:INFO: Train: [216][2784/2785]  Loss -1.4313 (-1.8868)  Time:  0.489 (0.013)  Data Time:  0.003 (0.004)
2022-03-31 10:21:03,841:INFO:   Eta: 0:21:13
2022-03-31 10:21:10,182:INFO: Valid: [216][659/660]  Loss -9.8532 (-6.2864)
2022-03-31 10:21:12,480:INFO: Test: [216]  ADE: 0.7891  FDE: 1.2377
2022-03-31 10:21:49,360:INFO: Train: [217][2784/2785]  Loss -1.4965 (-1.8774)  Time:  0.563 (0.013)  Data Time:  0.004 (0.004)
2022-03-31 10:21:49,362:INFO:   Eta: 0:20:16
2022-03-31 10:21:55,655:INFO: Valid: [217][659/660]  Loss -9.7335 (-6.1823)
2022-03-31 10:22:31,735:INFO: Train: [218][2784/2785]  Loss -1.5184 (-1.8534)  Time:  0.445 (0.013)  Data Time:  0.003 (0.004)
2022-03-31 10:22:31,742:INFO:   Eta: 0:19:13
2022-03-31 10:22:37,818:INFO: Valid: [218][659/660]  Loss -9.0427 (-5.7640)
2022-03-31 10:23:09,728:INFO: Train: [219][2784/2785]  Loss -1.3640 (-1.8553)  Time:  0.460 (0.011)  Data Time:  0.004 (0.003)
2022-03-31 10:23:09,729:INFO:   Eta: 0:16:28
2022-03-31 10:23:16,156:INFO: Valid: [219][659/660]  Loss -9.4610 (-6.0388)
2022-03-31 10:23:48,008:INFO: Train: [220][2784/2785]  Loss -1.4456 (-1.8745)  Time:  0.467 (0.011)  Data Time:  0.003 (0.003)
2022-03-31 10:23:48,009:INFO:   Eta: 0:15:54
2022-03-31 10:23:54,165:INFO: Valid: [220][659/660]  Loss -9.7756 (-6.2143)
2022-03-31 10:24:24,994:INFO: Train: [221][2784/2785]  Loss -1.4257 (-1.8919)  Time:  0.459 (0.011)  Data Time:  0.003 (0.003)
2022-03-31 10:24:24,996:INFO:   Eta: 0:14:53
2022-03-31 10:24:31,114:INFO: Valid: [221][659/660]  Loss -8.4747 (-5.3599)
2022-03-31 10:25:02,771:INFO: Train: [222][2784/2785]  Loss -1.4052 (-1.8276)  Time:  0.466 (0.011)  Data Time:  0.004 (0.003)
2022-03-31 10:25:02,772:INFO:   Eta: 0:14:45
2022-03-31 10:25:09,164:INFO: Valid: [222][659/660]  Loss -9.8635 (-6.2980)
2022-03-31 10:25:39,593:INFO: Train: [223][2784/2785]  Loss -1.2830 (-1.8770)  Time:  0.393 (0.011)  Data Time:  0.002 (0.003)
2022-03-31 10:25:39,595:INFO:   Eta: 0:13:41
2022-03-31 10:25:45,585:INFO: Valid: [223][659/660]  Loss -9.7864 (-6.2540)
2022-03-31 10:26:09,081:INFO: Train: [224][2784/2785]  Loss -1.4094 (-1.7971)  Time:  0.394 (0.008)  Data Time:  0.001 (0.001)
2022-03-31 10:26:09,083:INFO:   Eta: 0:10:10
2022-03-31 10:26:15,183:INFO: Valid: [224][659/660]  Loss -9.1423 (-5.8683)
2022-03-31 10:26:39,890:INFO: Train: [225][2784/2785]  Loss -1.5030 (-1.8838)  Time:  0.374 (0.009)  Data Time:  0.002 (0.001)
2022-03-31 10:26:39,892:INFO:   Eta: 0:10:17
2022-03-31 10:26:45,900:INFO: Valid: [225][659/660]  Loss -9.9896 (-6.3560)
2022-03-31 10:26:45,915:INFO: Checkpoint saved...
2022-03-31 10:27:09,365:INFO: Train: [226][2784/2785]  Loss -1.4232 (-1.8596)  Time:  0.379 (0.008)  Data Time:  0.002 (0.001)
2022-03-31 10:27:09,367:INFO:   Eta: 0:09:22
2022-03-31 10:27:15,369:INFO: Valid: [226][659/660]  Loss -9.4826 (-6.0168)
2022-03-31 10:27:17,469:INFO: Test: [226]  ADE: 0.8243  FDE: 1.3305
2022-03-31 10:27:45,189:INFO: Train: [227][2784/2785]  Loss -1.4143 (-1.8568)  Time:  0.410 (0.010)  Data Time:  0.003 (0.002)
2022-03-31 10:27:45,190:INFO:   Eta: 0:10:37
2022-03-31 10:27:51,208:INFO: Valid: [227][659/660]  Loss -9.6606 (-6.1485)
2022-03-31 10:28:18,709:INFO: Train: [228][2784/2785]  Loss -1.4080 (-1.8981)  Time:  0.387 (0.010)  Data Time:  0.002 (0.002)
2022-03-31 10:28:18,711:INFO:   Eta: 0:10:04
2022-03-31 10:28:24,820:INFO: Valid: [228][659/660]  Loss -9.6669 (-6.2100)
2022-03-31 10:28:52,279:INFO: Train: [229][2784/2785]  Loss -1.3803 (-1.7948)  Time:  0.374 (0.010)  Data Time:  0.002 (0.002)
2022-03-31 10:28:52,280:INFO:   Eta: 0:09:36
2022-03-31 10:28:58,516:INFO: Valid: [229][659/660]  Loss -9.3519 (-5.9528)
2022-03-31 10:29:25,555:INFO: Train: [230][2784/2785]  Loss -1.4709 (-1.8632)  Time:  0.388 (0.010)  Data Time:  0.003 (0.002)
2022-03-31 10:29:25,557:INFO:   Eta: 0:09:00
2022-03-31 10:29:31,665:INFO: Valid: [230][659/660]  Loss -9.8189 (-6.2570)
2022-03-31 10:29:59,203:INFO: Train: [231][2784/2785]  Loss -1.4507 (-1.9163)  Time:  0.438 (0.010)  Data Time:  0.002 (0.002)
2022-03-31 10:29:59,204:INFO:   Eta: 0:08:42
2022-03-31 10:30:05,460:INFO: Valid: [231][659/660]  Loss -9.7852 (-6.2374)
2022-03-31 10:30:33,473:INFO: Train: [232][2784/2785]  Loss -1.4540 (-1.9184)  Time:  0.454 (0.010)  Data Time:  0.002 (0.002)
2022-03-31 10:30:33,474:INFO:   Eta: 0:08:23
2022-03-31 10:30:39,427:INFO: Valid: [232][659/660]  Loss -9.7815 (-6.2608)
2022-03-31 10:31:06,545:INFO: Train: [233][2784/2785]  Loss -1.4482 (-1.9098)  Time:  0.604 (0.010)  Data Time:  0.001 (0.002)
2022-03-31 10:31:06,548:INFO:   Eta: 0:07:39
2022-03-31 10:31:13,083:INFO: Valid: [233][659/660]  Loss -9.2235 (-5.8844)
2022-03-31 10:31:41,199:INFO: Train: [234][2784/2785]  Loss -1.4779 (-1.8585)  Time:  0.380 (0.010)  Data Time:  0.001 (0.002)
2022-03-31 10:31:41,200:INFO:   Eta: 0:07:29
2022-03-31 10:31:46,953:INFO: Valid: [234][659/660]  Loss -9.7131 (-6.1859)
2022-03-31 10:32:10,792:INFO: Train: [235][2784/2785]  Loss -1.4790 (-1.8629)  Time:  0.431 (0.009)  Data Time:  0.000 (0.001)
2022-03-31 10:32:10,794:INFO:   Eta: 0:05:57
2022-03-31 10:32:16,673:INFO: Valid: [235][659/660]  Loss -9.5316 (-6.0706)
2022-03-31 10:32:41,274:INFO: Train: [236][2784/2785]  Loss -1.4075 (-1.9016)  Time:  0.373 (0.009)  Data Time:  0.001 (0.001)
2022-03-31 10:32:41,275:INFO:   Eta: 0:05:44
2022-03-31 10:32:47,306:INFO: Valid: [236][659/660]  Loss -9.6941 (-6.1751)
2022-03-31 10:32:49,470:INFO: Test: [236]  ADE: 0.8193  FDE: 1.3010
2022-03-31 10:33:14,428:INFO: Train: [237][2784/2785]  Loss -1.4584 (-1.8850)  Time:  0.394 (0.009)  Data Time:  0.002 (0.001)
2022-03-31 10:33:14,429:INFO:   Eta: 0:05:24
2022-03-31 10:33:20,206:INFO: Valid: [237][659/660]  Loss -9.6731 (-6.1693)
2022-03-31 10:33:47,288:INFO: Train: [238][2784/2785]  Loss -1.3703 (-1.9142)  Time:  0.431 (0.010)  Data Time:  0.002 (0.002)
2022-03-31 10:33:47,290:INFO:   Eta: 0:05:24
2022-03-31 10:33:52,849:INFO: Valid: [238][659/660]  Loss -9.7696 (-6.2339)
2022-03-31 10:34:17,437:INFO: Train: [239][2784/2785]  Loss -1.5152 (-1.8953)  Time:  0.362 (0.009)  Data Time:  0.002 (0.001)
2022-03-31 10:34:17,438:INFO:   Eta: 0:04:30
2022-03-31 10:34:23,212:INFO: Valid: [239][659/660]  Loss -9.8289 (-6.2730)
2022-03-31 10:34:46,861:INFO: Train: [240][2784/2785]  Loss -1.3265 (-1.8877)  Time:  0.380 (0.008)  Data Time:  0.000 (0.001)
2022-03-31 10:34:46,862:INFO:   Eta: 0:03:56
2022-03-31 10:34:52,662:INFO: Valid: [240][659/660]  Loss -9.5752 (-6.1064)
2022-03-31 10:35:16,089:INFO: Train: [241][2784/2785]  Loss -1.3915 (-1.8104)  Time:  0.363 (0.008)  Data Time:  0.001 (0.001)
2022-03-31 10:35:16,091:INFO:   Eta: 0:03:30
2022-03-31 10:35:21,706:INFO: Valid: [241][659/660]  Loss -9.7682 (-6.2185)
2022-03-31 10:35:45,384:INFO: Train: [242][2784/2785]  Loss -1.4241 (-1.9065)  Time:  0.373 (0.008)  Data Time:  0.002 (0.001)
2022-03-31 10:35:45,387:INFO:   Eta: 0:03:09
2022-03-31 10:35:51,467:INFO: Valid: [242][659/660]  Loss -9.3724 (-5.9583)
2022-03-31 10:36:14,902:INFO: Train: [243][2784/2785]  Loss -1.4852 (-1.8804)  Time:  0.361 (0.008)  Data Time:  0.001 (0.001)
2022-03-31 10:36:14,903:INFO:   Eta: 0:02:43
2022-03-31 10:36:21,077:INFO: Valid: [243][659/660]  Loss -9.1053 (-5.7901)
2022-03-31 10:36:44,963:INFO: Train: [244][2784/2785]  Loss -1.4656 (-1.8648)  Time:  0.384 (0.009)  Data Time:  0.002 (0.001)
2022-03-31 10:36:44,964:INFO:   Eta: 0:02:23
2022-03-31 10:36:50,659:INFO: Valid: [244][659/660]  Loss -9.6306 (-6.1355)
2022-03-31 10:37:13,097:INFO: Train: [245][2784/2785]  Loss -1.5070 (-1.9070)  Time:  0.307 (0.008)  Data Time:  0.000 (0.001)
2022-03-31 10:37:13,099:INFO:   Eta: 0:01:52
2022-03-31 10:37:18,769:INFO: Valid: [245][659/660]  Loss -9.5234 (-6.0765)
2022-03-31 10:37:39,311:INFO: Train: [246][2784/2785]  Loss -1.4929 (-1.8835)  Time:  0.321 (0.007)  Data Time:  0.001 (0.000)
2022-03-31 10:37:39,312:INFO:   Eta: 0:01:22
2022-03-31 10:37:45,132:INFO: Valid: [246][659/660]  Loss -8.2922 (-5.2398)
2022-03-31 10:37:47,064:INFO: Test: [246]  ADE: 0.9929  FDE: 1.6246
2022-03-31 10:38:07,913:INFO: Train: [247][2784/2785]  Loss -1.3834 (-1.8762)  Time:  0.327 (0.007)  Data Time:  0.000 (0.000)
2022-03-31 10:38:07,914:INFO:   Eta: 0:01:02
2022-03-31 10:38:13,949:INFO: Valid: [247][659/660]  Loss -9.6489 (-6.1424)
2022-03-31 10:38:34,320:INFO: Train: [248][2784/2785]  Loss -1.4965 (-1.8692)  Time:  0.324 (0.007)  Data Time:  0.000 (0.000)
2022-03-31 10:38:34,321:INFO:   Eta: 0:00:40
2022-03-31 10:38:39,982:INFO: Valid: [248][659/660]  Loss -9.5964 (-6.1209)
2022-03-31 10:39:03,091:INFO: Train: [249][2784/2785]  Loss -1.3567 (-1.8711)  Time:  0.360 (0.008)  Data Time:  0.002 (0.001)
2022-03-31 10:39:03,092:INFO:   Eta: 0:00:23
2022-03-31 10:39:09,055:INFO: Valid: [249][659/660]  Loss -9.3191 (-5.9801)
