2022-04-11 05:56:27,568:INFO: batch_size=128
2022-04-11 05:56:27,568:INFO: clip_grad=None
2022-04-11 05:56:27,568:INFO: dataset=zara1
2022-04-11 05:56:27,568:INFO: drop=0.0
2022-04-11 05:56:27,569:INFO: gpu_num=0
2022-04-11 05:56:27,569:INFO: init=kmeans-64
2022-04-11 05:56:27,569:INFO: input_size=2
2022-04-11 05:56:27,569:INFO: kernel_size=3
2022-04-11 05:56:27,569:INFO: lr=0.01
2022-04-11 05:56:27,569:INFO: lr_sh_rate=150
2022-04-11 05:56:27,569:INFO: model=social_stgcnn10
2022-04-11 05:56:27,569:INFO: n_stgcnn=1
2022-04-11 05:56:27,569:INFO: n_txpcnn=5
2022-04-11 05:56:27,569:INFO: num_epochs=250
2022-04-11 05:56:27,569:INFO: obs_seq_len=8
2022-04-11 05:56:27,569:INFO: output_size=5
2022-04-11 05:56:27,569:INFO: pred_seq_len=12
2022-04-11 05:56:27,569:INFO: seed=0
2022-04-11 05:56:27,569:INFO: tag=zara1
2022-04-11 05:56:27,570:INFO: use_lrschd=True
2022-04-11 05:56:27,570:INFO: ******************************
2022-04-11 05:56:27,570:INFO: Training initiating....
2022-04-11 05:56:27,570:INFO: Namespace(batch_size=128, clip_grad=None, dataset='zara1', drop=0.0, gpu_num='0', init='kmeans-64', input_size=2, kernel_size=3, lr=0.01, lr_sh_rate=150, model='social_stgcnn10', n_stgcnn=1, n_txpcnn=5, num_epochs=250, obs_seq_len=8, output_size=5, pred_seq_len=12, seed=0, tag='zara1', use_lrschd=True)
2022-04-11 05:56:28,044:INFO: Initializing train dataset
2022-04-11 05:56:40,552:INFO: Initializing val dataset
2022-04-11 05:57:26,063:INFO: social_stgcnn10
2022-04-11 05:57:26,064:INFO: Data and model loaded
2022-04-11 05:57:26,064:INFO: Checkpoint dir: ./runs/Apr11_05-56-27_node09kmeans-64/zara1/checkpoint
2022-04-11 05:57:26,064:INFO: Training started ...
2022-04-11 05:57:55,621:INFO: Train: [0][2321/2322]  Loss 0.1351 (1.1945)  Time:  0.135 (0.013)  Data Time:  0.004 (0.004)
2022-04-11 05:57:55,622:INFO:   Eta: 2:03:07
2022-04-11 05:58:24,986:INFO: Train: [1][2321/2322]  Loss 0.0967 (0.6832)  Time:  0.089 (0.013)  Data Time:  0.004 (0.005)
2022-04-11 05:58:24,987:INFO:   Eta: 2:01:48
2022-04-11 05:58:54,591:INFO: Train: [2][2321/2322]  Loss 0.0936 (0.4156)  Time:  0.115 (0.013)  Data Time:  0.004 (0.005)
2022-04-11 05:58:54,592:INFO:   Eta: 2:02:18
2022-04-11 05:59:23,926:INFO: Train: [3][2321/2322]  Loss -0.0025 (0.3285)  Time:  0.093 (0.013)  Data Time:  0.003 (0.004)
2022-04-11 05:59:23,926:INFO:   Eta: 2:00:42
2022-04-11 05:59:52,846:INFO: Train: [4][2321/2322]  Loss 0.0567 (0.2094)  Time:  0.097 (0.012)  Data Time:  0.004 (0.004)
2022-04-11 05:59:52,847:INFO:   Eta: 1:58:30
2022-04-11 06:00:22,355:INFO: Train: [5][2321/2322]  Loss 0.0050 (0.0917)  Time:  0.096 (0.013)  Data Time:  0.004 (0.005)
2022-04-11 06:00:22,356:INFO:   Eta: 2:00:26
2022-04-11 06:00:48,243:INFO: Train: [6][2321/2322]  Loss -0.0174 (0.0346)  Time:  0.100 (0.011)  Data Time:  0.001 (0.004)
2022-04-11 06:00:48,244:INFO:   Eta: 1:45:13
2022-04-11 06:01:07,854:INFO: Test: [6]  ADE: 0.7440  FDE: 0.9237
2022-04-11 06:01:33,393:INFO: Train: [7][2321/2322]  Loss -0.0354 (-0.1453)  Time:  0.094 (0.011)  Data Time:  0.004 (0.003)
2022-04-11 06:01:33,394:INFO:   Eta: 1:43:21
2022-04-11 06:02:00,008:INFO: Train: [8][2321/2322]  Loss -0.0087 (-0.1878)  Time:  0.086 (0.011)  Data Time:  0.004 (0.004)
2022-04-11 06:02:00,009:INFO:   Eta: 1:47:16
2022-04-11 06:02:27,568:INFO: Train: [9][2321/2322]  Loss -0.0639 (-0.2130)  Time:  0.097 (0.012)  Data Time:  0.005 (0.004)
2022-04-11 06:02:27,569:INFO:   Eta: 1:50:38
2022-04-11 06:02:56,808:INFO: Train: [10][2321/2322]  Loss -0.0022 (-0.3194)  Time:  0.111 (0.013)  Data Time:  0.004 (0.004)
2022-04-11 06:02:56,809:INFO:   Eta: 1:56:54
2022-04-11 06:03:26,097:INFO: Train: [11][2321/2322]  Loss -0.0611 (-0.2845)  Time:  0.089 (0.013)  Data Time:  0.004 (0.005)
2022-04-11 06:03:26,098:INFO:   Eta: 1:56:36
2022-04-11 06:03:55,747:INFO: Train: [12][2321/2322]  Loss -0.0517 (-0.3823)  Time:  0.089 (0.013)  Data Time:  0.004 (0.005)
2022-04-11 06:03:55,749:INFO:   Eta: 1:57:33
2022-04-11 06:04:25,361:INFO: Train: [13][2321/2322]  Loss -0.0483 (-0.4429)  Time:  0.105 (0.013)  Data Time:  0.004 (0.005)
2022-04-11 06:04:25,362:INFO:   Eta: 1:56:53
2022-04-11 06:04:55,601:INFO: Train: [14][2321/2322]  Loss -0.0860 (-0.4577)  Time:  0.096 (0.013)  Data Time:  0.005 (0.005)
2022-04-11 06:04:55,602:INFO:   Eta: 1:58:53
2022-04-11 06:05:25,422:INFO: Train: [15][2321/2322]  Loss -0.0719 (-0.5288)  Time:  0.096 (0.013)  Data Time:  0.005 (0.005)
2022-04-11 06:05:25,424:INFO:   Eta: 1:56:44
2022-04-11 06:05:52,991:INFO: Train: [16][2321/2322]  Loss -0.0300 (-0.3602)  Time:  0.089 (0.012)  Data Time:  0.003 (0.004)
2022-04-11 06:05:52,992:INFO:   Eta: 1:47:26
2022-04-11 06:06:13,061:INFO: Test: [16]  ADE: 0.7740  FDE: 1.0060
2022-04-11 06:06:42,008:INFO: Train: [17][2321/2322]  Loss -0.0136 (-0.5334)  Time:  0.084 (0.012)  Data Time:  0.003 (0.004)
2022-04-11 06:06:42,009:INFO:   Eta: 1:52:20
2022-04-11 06:07:08,099:INFO: Train: [18][2321/2322]  Loss -0.0810 (-0.4679)  Time:  0.095 (0.011)  Data Time:  0.004 (0.003)
2022-04-11 06:07:08,100:INFO:   Eta: 1:40:49
2022-04-11 06:07:33,975:INFO: Train: [19][2321/2322]  Loss -0.1089 (-0.5873)  Time:  0.081 (0.011)  Data Time:  0.004 (0.003)
2022-04-11 06:07:33,976:INFO:   Eta: 1:39:33
2022-04-11 06:08:00,326:INFO: Train: [20][2321/2322]  Loss -0.1005 (-0.5761)  Time:  0.086 (0.011)  Data Time:  0.003 (0.004)
2022-04-11 06:08:00,328:INFO:   Eta: 1:40:56
2022-04-11 06:08:27,327:INFO: Train: [21][2321/2322]  Loss -0.1090 (-0.5918)  Time:  0.092 (0.012)  Data Time:  0.004 (0.004)
2022-04-11 06:08:27,328:INFO:   Eta: 1:42:59
2022-04-11 06:08:56,783:INFO: Train: [22][2321/2322]  Loss -0.0459 (-0.6342)  Time:  0.098 (0.013)  Data Time:  0.004 (0.005)
2022-04-11 06:08:56,784:INFO:   Eta: 1:51:52
2022-04-11 06:09:26,088:INFO: Train: [23][2321/2322]  Loss -0.0431 (-0.6695)  Time:  0.117 (0.013)  Data Time:  0.005 (0.005)
2022-04-11 06:09:26,089:INFO:   Eta: 1:50:48
2022-04-11 06:09:55,118:INFO: Train: [24][2321/2322]  Loss -0.0930 (-0.6835)  Time:  0.095 (0.012)  Data Time:  0.005 (0.005)
2022-04-11 06:09:55,119:INFO:   Eta: 1:49:17
2022-04-11 06:10:24,515:INFO: Train: [25][2321/2322]  Loss -0.1224 (-0.5822)  Time:  0.107 (0.013)  Data Time:  0.004 (0.004)
2022-04-11 06:10:24,516:INFO:   Eta: 1:50:10
2022-04-11 06:10:51,223:INFO: Train: [26][2321/2322]  Loss -0.0927 (-0.7541)  Time:  0.094 (0.011)  Data Time:  0.003 (0.004)
2022-04-11 06:10:51,224:INFO:   Eta: 1:39:39
2022-04-11 06:11:11,696:INFO: Test: [26]  ADE: 0.5256  FDE: 0.6773
2022-04-11 06:11:41,684:INFO: Train: [27][2321/2322]  Loss -0.0509 (-0.8332)  Time:  0.096 (0.013)  Data Time:  0.005 (0.005)
2022-04-11 06:11:41,684:INFO:   Eta: 1:51:23
2022-04-11 06:12:10,226:INFO: Train: [28][2321/2322]  Loss -0.1064 (-0.7719)  Time:  0.092 (0.012)  Data Time:  0.004 (0.004)
2022-04-11 06:12:10,227:INFO:   Eta: 1:45:33
2022-04-11 06:12:39,353:INFO: Train: [29][2321/2322]  Loss -0.0690 (-0.8400)  Time:  0.122 (0.013)  Data Time:  0.004 (0.004)
2022-04-11 06:12:39,353:INFO:   Eta: 1:47:13
2022-04-11 06:13:05,564:INFO: Train: [30][2321/2322]  Loss -0.1495 (-0.8809)  Time:  0.090 (0.011)  Data Time:  0.003 (0.004)
2022-04-11 06:13:05,565:INFO:   Eta: 1:36:03
2022-04-11 06:13:32,024:INFO: Train: [31][2321/2322]  Loss -0.1508 (-0.8128)  Time:  0.085 (0.011)  Data Time:  0.004 (0.004)
2022-04-11 06:13:32,025:INFO:   Eta: 1:36:31
2022-04-11 06:13:58,472:INFO: Train: [32][2321/2322]  Loss -0.1585 (-0.8602)  Time:  0.088 (0.011)  Data Time:  0.003 (0.004)
2022-04-11 06:13:58,473:INFO:   Eta: 1:36:02
2022-04-11 06:14:24,978:INFO: Train: [33][2321/2322]  Loss -0.1438 (-0.8632)  Time:  0.111 (0.011)  Data Time:  0.004 (0.004)
2022-04-11 06:14:24,980:INFO:   Eta: 1:35:49
2022-04-11 06:14:54,029:INFO: Train: [34][2321/2322]  Loss -0.1246 (-0.8069)  Time:  0.114 (0.013)  Data Time:  0.005 (0.005)
2022-04-11 06:14:54,030:INFO:   Eta: 1:44:31
2022-04-11 06:15:22,875:INFO: Train: [35][2321/2322]  Loss -0.1220 (-0.7807)  Time:  0.089 (0.012)  Data Time:  0.004 (0.005)
2022-04-11 06:15:22,877:INFO:   Eta: 1:43:18
2022-04-11 06:15:49,714:INFO: Train: [36][2321/2322]  Loss -0.1190 (-0.9168)  Time:  0.093 (0.012)  Data Time:  0.004 (0.004)
2022-04-11 06:15:49,715:INFO:   Eta: 1:35:40
2022-04-11 06:16:10,239:INFO: Test: [36]  ADE: 0.4791  FDE: 0.5817
2022-04-11 06:16:39,527:INFO: Train: [37][2321/2322]  Loss -0.1604 (-0.8498)  Time:  0.107 (0.013)  Data Time:  0.004 (0.004)
2022-04-11 06:16:39,527:INFO:   Eta: 1:43:54
2022-04-11 06:17:08,841:INFO: Train: [38][2321/2322]  Loss -0.0344 (-0.9480)  Time:  0.092 (0.013)  Data Time:  0.004 (0.005)
2022-04-11 06:17:08,842:INFO:   Eta: 1:43:31
2022-04-11 06:17:37,629:INFO: Train: [39][2321/2322]  Loss -0.1128 (-0.9218)  Time:  0.094 (0.012)  Data Time:  0.005 (0.004)
2022-04-11 06:17:37,630:INFO:   Eta: 1:41:11
2022-04-11 06:18:06,774:INFO: Train: [40][2321/2322]  Loss -0.1160 (-0.8490)  Time:  0.097 (0.013)  Data Time:  0.005 (0.005)
2022-04-11 06:18:06,775:INFO:   Eta: 1:41:57
2022-04-11 06:18:35,721:INFO: Train: [41][2321/2322]  Loss -0.1663 (-0.9335)  Time:  0.095 (0.012)  Data Time:  0.004 (0.004)
2022-04-11 06:18:35,722:INFO:   Eta: 1:40:46
2022-04-11 06:19:03,038:INFO: Train: [42][2321/2322]  Loss -0.0808 (-1.0080)  Time:  0.088 (0.012)  Data Time:  0.003 (0.004)
2022-04-11 06:19:03,039:INFO:   Eta: 1:34:38
2022-04-11 06:19:29,068:INFO: Train: [43][2321/2322]  Loss -0.1100 (-0.8837)  Time:  0.083 (0.011)  Data Time:  0.004 (0.004)
2022-04-11 06:19:29,069:INFO:   Eta: 1:29:44
2022-04-11 06:19:55,468:INFO: Train: [44][2321/2322]  Loss -0.1873 (-1.0850)  Time:  0.108 (0.011)  Data Time:  0.004 (0.004)
2022-04-11 06:19:55,469:INFO:   Eta: 1:30:35
2022-04-11 06:20:20,134:INFO: Train: [45][2321/2322]  Loss -0.1829 (-0.9528)  Time:  0.085 (0.011)  Data Time:  0.004 (0.003)
2022-04-11 06:20:20,135:INFO:   Eta: 1:24:13
2022-04-11 06:20:46,223:INFO: Train: [46][2321/2322]  Loss -0.1263 (-0.9898)  Time:  0.091 (0.011)  Data Time:  0.004 (0.004)
2022-04-11 06:20:46,223:INFO:   Eta: 1:28:39
2022-04-11 06:21:07,546:INFO: Test: [46]  ADE: 0.4931  FDE: 0.7004
2022-04-11 06:21:36,879:INFO: Train: [47][2321/2322]  Loss -0.1299 (-0.9342)  Time:  0.108 (0.013)  Data Time:  0.004 (0.004)
2022-04-11 06:21:36,880:INFO:   Eta: 1:39:11
2022-04-11 06:22:06,323:INFO: Train: [48][2321/2322]  Loss -0.1339 (-0.9432)  Time:  0.107 (0.013)  Data Time:  0.005 (0.005)
2022-04-11 06:22:06,324:INFO:   Eta: 1:39:04
2022-04-11 06:22:35,657:INFO: Train: [49][2321/2322]  Loss -0.1966 (-1.0665)  Time:  0.109 (0.013)  Data Time:  0.004 (0.004)
2022-04-11 06:22:35,658:INFO:   Eta: 1:38:13
2022-04-11 06:23:04,616:INFO: Train: [50][2321/2322]  Loss -0.0684 (-1.0931)  Time:  0.113 (0.012)  Data Time:  0.004 (0.004)
2022-04-11 06:23:04,616:INFO:   Eta: 1:36:28
2022-04-11 06:23:33,830:INFO: Train: [51][2321/2322]  Loss -0.1308 (-1.0102)  Time:  0.114 (0.013)  Data Time:  0.005 (0.005)
2022-04-11 06:23:33,831:INFO:   Eta: 1:36:51
2022-04-11 06:24:02,942:INFO: Train: [52][2321/2322]  Loss -0.1701 (-1.0247)  Time:  0.101 (0.013)  Data Time:  0.005 (0.004)
2022-04-11 06:24:02,943:INFO:   Eta: 1:36:01
2022-04-11 06:24:32,587:INFO: Train: [53][2321/2322]  Loss -0.1406 (-1.0989)  Time:  0.098 (0.013)  Data Time:  0.005 (0.005)
2022-04-11 06:24:32,588:INFO:   Eta: 1:37:17
2022-04-11 06:25:00,606:INFO: Train: [54][2321/2322]  Loss -0.1511 (-1.0245)  Time:  0.084 (0.012)  Data Time:  0.004 (0.004)
2022-04-11 06:25:00,607:INFO:   Eta: 1:31:29
2022-04-11 06:25:25,239:INFO: Train: [55][2321/2322]  Loss -0.1750 (-0.9593)  Time:  0.097 (0.011)  Data Time:  0.003 (0.003)
2022-04-11 06:25:25,240:INFO:   Eta: 1:20:00
2022-04-11 06:25:49,384:INFO: Train: [56][2321/2322]  Loss -0.1561 (-1.1704)  Time:  0.107 (0.010)  Data Time:  0.003 (0.003)
2022-04-11 06:25:49,386:INFO:   Eta: 1:18:00
2022-04-11 06:26:09,700:INFO: Test: [56]  ADE: 0.4453  FDE: 0.6963
2022-04-11 06:26:36,816:INFO: Train: [57][2321/2322]  Loss -0.1718 (-1.0301)  Time:  0.103 (0.012)  Data Time:  0.005 (0.004)
2022-04-11 06:26:36,817:INFO:   Eta: 1:27:09
2022-04-11 06:27:06,558:INFO: Train: [58][2321/2322]  Loss -0.1724 (-0.9490)  Time:  0.117 (0.013)  Data Time:  0.004 (0.004)
2022-04-11 06:27:06,559:INFO:   Eta: 1:35:07
2022-04-11 06:27:35,958:INFO: Train: [59][2321/2322]  Loss -0.1581 (-1.0847)  Time:  0.094 (0.013)  Data Time:  0.004 (0.004)
2022-04-11 06:27:35,959:INFO:   Eta: 1:33:32
2022-04-11 06:28:04,743:INFO: Train: [60][2321/2322]  Loss -0.1769 (-1.1428)  Time:  0.091 (0.012)  Data Time:  0.004 (0.005)
2022-04-11 06:28:04,744:INFO:   Eta: 1:31:06
2022-04-11 06:28:34,041:INFO: Train: [61][2321/2322]  Loss -0.1493 (-1.1595)  Time:  0.099 (0.013)  Data Time:  0.005 (0.005)
2022-04-11 06:28:34,041:INFO:   Eta: 1:32:14
2022-04-11 06:29:03,485:INFO: Train: [62][2321/2322]  Loss -0.2001 (-1.1934)  Time:  0.096 (0.013)  Data Time:  0.005 (0.005)
2022-04-11 06:29:03,486:INFO:   Eta: 1:32:13
2022-04-11 06:29:32,583:INFO: Train: [63][2321/2322]  Loss -0.2016 (-1.0410)  Time:  0.096 (0.013)  Data Time:  0.004 (0.004)
2022-04-11 06:29:32,584:INFO:   Eta: 1:30:38
2022-04-11 06:30:02,123:INFO: Train: [64][2321/2322]  Loss -0.1483 (-1.1493)  Time:  0.090 (0.013)  Data Time:  0.004 (0.005)
2022-04-11 06:30:02,124:INFO:   Eta: 1:31:31
2022-04-11 06:30:29,737:INFO: Train: [65][2321/2322]  Loss -0.1739 (-1.1717)  Time:  0.088 (0.012)  Data Time:  0.003 (0.004)
2022-04-11 06:30:29,738:INFO:   Eta: 1:25:06
2022-04-11 06:30:57,922:INFO: Train: [66][2321/2322]  Loss -0.2130 (-1.0068)  Time:  0.099 (0.012)  Data Time:  0.005 (0.004)
2022-04-11 06:30:57,923:INFO:   Eta: 1:26:23
2022-04-11 06:31:18,303:INFO: Test: [66]  ADE: 0.4150  FDE: 0.6383
2022-04-11 06:31:44,702:INFO: Train: [67][2321/2322]  Loss -0.1492 (-1.0951)  Time:  0.088 (0.011)  Data Time:  0.004 (0.004)
2022-04-11 06:31:44,703:INFO:   Eta: 1:20:27
2022-04-11 06:32:11,044:INFO: Train: [68][2321/2322]  Loss -0.1567 (-1.2190)  Time:  0.108 (0.011)  Data Time:  0.004 (0.004)
2022-04-11 06:32:11,045:INFO:   Eta: 1:19:51
2022-04-11 06:32:37,601:INFO: Train: [69][2321/2322]  Loss -0.2013 (-1.1511)  Time:  0.089 (0.011)  Data Time:  0.004 (0.004)
2022-04-11 06:32:37,603:INFO:   Eta: 1:20:01
2022-04-11 06:33:06,502:INFO: Train: [70][2321/2322]  Loss -0.2226 (-1.2836)  Time:  0.115 (0.012)  Data Time:  0.005 (0.004)
2022-04-11 06:33:06,503:INFO:   Eta: 1:26:39
2022-04-11 06:33:35,481:INFO: Train: [71][2321/2322]  Loss -0.1964 (-1.1999)  Time:  0.102 (0.012)  Data Time:  0.005 (0.005)
2022-04-11 06:33:35,483:INFO:   Eta: 1:26:24
2022-04-11 06:34:05,559:INFO: Train: [72][2321/2322]  Loss -0.1441 (-1.1653)  Time:  0.113 (0.013)  Data Time:  0.004 (0.005)
2022-04-11 06:34:05,559:INFO:   Eta: 1:29:11
2022-04-11 06:34:35,206:INFO: Train: [73][2321/2322]  Loss -0.1407 (-1.1807)  Time:  0.114 (0.013)  Data Time:  0.005 (0.005)
2022-04-11 06:34:35,207:INFO:   Eta: 1:27:25
2022-04-11 06:35:03,530:INFO: Train: [74][2321/2322]  Loss -0.1960 (-1.2869)  Time:  0.095 (0.012)  Data Time:  0.004 (0.004)
2022-04-11 06:35:03,531:INFO:   Eta: 1:23:02
2022-04-11 06:35:30,360:INFO: Train: [75][2321/2322]  Loss -0.1356 (-1.1957)  Time:  0.092 (0.012)  Data Time:  0.004 (0.004)
2022-04-11 06:35:30,361:INFO:   Eta: 1:18:12
2022-04-11 06:35:59,351:INFO: Train: [76][2321/2322]  Loss -0.1815 (-1.2113)  Time:  0.100 (0.012)  Data Time:  0.005 (0.004)
2022-04-11 06:35:59,352:INFO:   Eta: 1:24:01
2022-04-11 06:36:20,593:INFO: Test: [76]  ADE: 0.3858  FDE: 0.5779
2022-04-11 06:36:50,637:INFO: Train: [77][2321/2322]  Loss -0.2111 (-1.2964)  Time:  0.118 (0.013)  Data Time:  0.005 (0.005)
2022-04-11 06:36:50,638:INFO:   Eta: 1:26:34
2022-04-11 06:37:19,003:INFO: Train: [78][2321/2322]  Loss -0.1341 (-1.1890)  Time:  0.111 (0.012)  Data Time:  0.004 (0.004)
2022-04-11 06:37:19,004:INFO:   Eta: 1:21:16
2022-04-11 06:37:45,185:INFO: Train: [79][2321/2322]  Loss -0.1591 (-1.0737)  Time:  0.091 (0.011)  Data Time:  0.004 (0.004)
2022-04-11 06:37:45,185:INFO:   Eta: 1:14:34
2022-04-11 06:38:11,470:INFO: Train: [80][2321/2322]  Loss -0.2081 (-1.1773)  Time:  0.102 (0.011)  Data Time:  0.004 (0.004)
2022-04-11 06:38:11,471:INFO:   Eta: 1:14:26
2022-04-11 06:38:37,665:INFO: Train: [81][2321/2322]  Loss -0.1521 (-1.0762)  Time:  0.087 (0.011)  Data Time:  0.003 (0.004)
2022-04-11 06:38:37,666:INFO:   Eta: 1:13:44
2022-04-11 06:39:05,420:INFO: Train: [82][2321/2322]  Loss -0.2177 (-1.2354)  Time:  0.118 (0.012)  Data Time:  0.005 (0.004)
2022-04-11 06:39:05,421:INFO:   Eta: 1:17:40
2022-04-11 06:39:35,916:INFO: Train: [83][2321/2322]  Loss -0.2079 (-1.2233)  Time:  0.099 (0.013)  Data Time:  0.005 (0.005)
2022-04-11 06:39:35,917:INFO:   Eta: 1:24:50
2022-04-11 06:40:04,201:INFO: Train: [84][2321/2322]  Loss -0.1889 (-1.2265)  Time:  0.092 (0.012)  Data Time:  0.004 (0.004)
2022-04-11 06:40:04,202:INFO:   Eta: 1:18:12
2022-04-11 06:40:31,920:INFO: Train: [85][2321/2322]  Loss -0.2052 (-1.1476)  Time:  0.115 (0.012)  Data Time:  0.005 (0.004)
2022-04-11 06:40:31,922:INFO:   Eta: 1:16:11
2022-04-11 06:41:02,226:INFO: Train: [86][2321/2322]  Loss -0.1436 (-1.2894)  Time:  0.102 (0.013)  Data Time:  0.005 (0.005)
2022-04-11 06:41:02,227:INFO:   Eta: 1:22:47
2022-04-11 06:41:23,587:INFO: Test: [86]  ADE: 0.4416  FDE: 0.6801
2022-04-11 06:41:53,405:INFO: Train: [87][2321/2322]  Loss -0.1976 (-1.2234)  Time:  0.095 (0.013)  Data Time:  0.004 (0.005)
2022-04-11 06:41:53,405:INFO:   Eta: 1:20:57
2022-04-11 06:42:23,328:INFO: Train: [88][2321/2322]  Loss -0.1613 (-1.3993)  Time:  0.097 (0.013)  Data Time:  0.005 (0.005)
2022-04-11 06:42:23,329:INFO:   Eta: 1:20:45
2022-04-11 06:42:52,962:INFO: Train: [89][2321/2322]  Loss -0.1933 (-1.3761)  Time:  0.113 (0.013)  Data Time:  0.005 (0.005)
2022-04-11 06:42:52,963:INFO:   Eta: 1:19:28
2022-04-11 06:43:21,263:INFO: Train: [90][2321/2322]  Loss -0.1837 (-1.3766)  Time:  0.083 (0.012)  Data Time:  0.004 (0.004)
2022-04-11 06:43:21,264:INFO:   Eta: 1:15:26
2022-04-11 06:43:47,502:INFO: Train: [91][2321/2322]  Loss -0.1471 (-1.2695)  Time:  0.086 (0.011)  Data Time:  0.003 (0.004)
2022-04-11 06:43:47,502:INFO:   Eta: 1:09:29
2022-04-11 06:44:13,636:INFO: Train: [92][2321/2322]  Loss -0.1806 (-1.3249)  Time:  0.106 (0.011)  Data Time:  0.003 (0.004)
2022-04-11 06:44:13,638:INFO:   Eta: 1:08:47
2022-04-11 06:44:39,630:INFO: Train: [93][2321/2322]  Loss -0.1961 (-1.4013)  Time:  0.092 (0.011)  Data Time:  0.004 (0.003)
2022-04-11 06:44:39,631:INFO:   Eta: 1:07:58
2022-04-11 06:45:05,371:INFO: Train: [94][2321/2322]  Loss -0.1826 (-1.2103)  Time:  0.088 (0.011)  Data Time:  0.004 (0.003)
2022-04-11 06:45:05,372:INFO:   Eta: 1:06:53
2022-04-11 06:45:33,201:INFO: Train: [95][2321/2322]  Loss -0.1792 (-1.3710)  Time:  0.111 (0.012)  Data Time:  0.005 (0.004)
2022-04-11 06:45:33,201:INFO:   Eta: 1:11:51
2022-04-11 06:46:02,725:INFO: Train: [96][2321/2322]  Loss -0.1748 (-1.1731)  Time:  0.102 (0.013)  Data Time:  0.004 (0.005)
2022-04-11 06:46:02,726:INFO:   Eta: 1:15:44
2022-04-11 06:46:23,736:INFO: Test: [96]  ADE: 0.3876  FDE: 0.5819
2022-04-11 06:46:53,216:INFO: Train: [97][2321/2322]  Loss -0.1632 (-1.3556)  Time:  0.096 (0.013)  Data Time:  0.004 (0.005)
2022-04-11 06:46:53,217:INFO:   Eta: 1:15:07
2022-04-11 06:47:22,755:INFO: Train: [98][2321/2322]  Loss -0.2100 (-1.3560)  Time:  0.099 (0.013)  Data Time:  0.004 (0.005)
2022-04-11 06:47:22,756:INFO:   Eta: 1:14:47
2022-04-11 06:47:52,489:INFO: Train: [99][2321/2322]  Loss -0.2222 (-1.3681)  Time:  0.120 (0.013)  Data Time:  0.005 (0.005)
2022-04-11 06:47:52,490:INFO:   Eta: 1:14:47
2022-04-11 06:48:22,253:INFO: Train: [100][2321/2322]  Loss -0.1730 (-1.3454)  Time:  0.090 (0.013)  Data Time:  0.004 (0.005)
2022-04-11 06:48:22,253:INFO:   Eta: 1:14:22
2022-04-11 06:48:51,878:INFO: Train: [101][2321/2322]  Loss -0.2132 (-1.4582)  Time:  0.093 (0.013)  Data Time:  0.004 (0.005)
2022-04-11 06:48:51,878:INFO:   Eta: 1:13:32
2022-04-11 06:49:21,178:INFO: Train: [102][2321/2322]  Loss -0.1619 (-1.4156)  Time:  0.084 (0.013)  Data Time:  0.002 (0.004)
2022-04-11 06:49:21,180:INFO:   Eta: 1:12:14
2022-04-11 06:49:47,079:INFO: Train: [103][2321/2322]  Loss -0.1605 (-1.3572)  Time:  0.101 (0.011)  Data Time:  0.002 (0.003)
2022-04-11 06:49:47,080:INFO:   Eta: 1:03:25
2022-04-11 06:50:10,823:INFO: Train: [104][2321/2322]  Loss -0.1622 (-1.3742)  Time:  0.078 (0.010)  Data Time:  0.003 (0.003)
2022-04-11 06:50:10,824:INFO:   Eta: 0:57:44
2022-04-11 06:50:35,794:INFO: Train: [105][2321/2322]  Loss -0.1868 (-1.2852)  Time:  0.088 (0.011)  Data Time:  0.004 (0.003)
2022-04-11 06:50:35,795:INFO:   Eta: 1:00:18
2022-04-11 06:51:03,055:INFO: Train: [106][2321/2322]  Loss -0.1407 (-1.4019)  Time:  0.110 (0.012)  Data Time:  0.003 (0.004)
2022-04-11 06:51:03,056:INFO:   Eta: 1:05:23
2022-04-11 06:51:23,641:INFO: Test: [106]  ADE: 0.4707  FDE: 0.6290
2022-04-11 06:51:53,504:INFO: Train: [107][2321/2322]  Loss -0.1924 (-1.4232)  Time:  0.113 (0.013)  Data Time:  0.005 (0.005)
2022-04-11 06:51:53,506:INFO:   Eta: 1:11:06
2022-04-11 06:52:22,861:INFO: Train: [108][2321/2322]  Loss -0.1938 (-1.4275)  Time:  0.099 (0.013)  Data Time:  0.004 (0.005)
2022-04-11 06:52:22,861:INFO:   Eta: 1:09:26
2022-04-11 06:52:52,805:INFO: Train: [109][2321/2322]  Loss -0.1860 (-1.4848)  Time:  0.099 (0.013)  Data Time:  0.004 (0.005)
2022-04-11 06:52:52,806:INFO:   Eta: 1:10:20
2022-04-11 06:53:22,765:INFO: Train: [110][2321/2322]  Loss -0.2287 (-1.4037)  Time:  0.100 (0.013)  Data Time:  0.005 (0.005)
2022-04-11 06:53:22,766:INFO:   Eta: 1:09:52
2022-04-11 06:53:52,132:INFO: Train: [111][2321/2322]  Loss -0.1568 (-1.3566)  Time:  0.102 (0.013)  Data Time:  0.004 (0.005)
2022-04-11 06:53:52,132:INFO:   Eta: 1:07:59
2022-04-11 06:54:21,859:INFO: Train: [112][2321/2322]  Loss -0.1588 (-1.4837)  Time:  0.094 (0.013)  Data Time:  0.005 (0.005)
2022-04-11 06:54:21,861:INFO:   Eta: 1:08:20
2022-04-11 06:54:50,547:INFO: Train: [113][2321/2322]  Loss -0.1713 (-1.2635)  Time:  0.094 (0.012)  Data Time:  0.004 (0.004)
2022-04-11 06:54:50,548:INFO:   Eta: 1:05:28
2022-04-11 06:55:16,475:INFO: Train: [114][2321/2322]  Loss -0.1991 (-1.2564)  Time:  0.109 (0.011)  Data Time:  0.004 (0.004)
2022-04-11 06:55:16,477:INFO:   Eta: 0:58:44
2022-04-11 06:55:43,297:INFO: Train: [115][2321/2322]  Loss -0.1423 (-1.4335)  Time:  0.090 (0.012)  Data Time:  0.004 (0.004)
2022-04-11 06:55:43,298:INFO:   Eta: 1:00:18
2022-04-11 06:56:10,096:INFO: Train: [116][2321/2322]  Loss -0.1980 (-1.4149)  Time:  0.105 (0.012)  Data Time:  0.004 (0.004)
2022-04-11 06:56:10,097:INFO:   Eta: 0:59:49
2022-04-11 06:56:30,517:INFO: Test: [116]  ADE: 0.3777  FDE: 0.5701
2022-04-11 06:56:57,103:INFO: Train: [117][2321/2322]  Loss -0.1905 (-1.4714)  Time:  0.107 (0.011)  Data Time:  0.004 (0.004)
2022-04-11 06:56:57,104:INFO:   Eta: 0:58:53
