2022-03-31 08:33:23,919:INFO: batch_size=128
2022-03-31 08:33:23,920:INFO: clip_grad=None
2022-03-31 08:33:23,920:INFO: dataset=univ
2022-03-31 08:33:23,920:INFO: gpu_num=0
2022-03-31 08:33:23,920:INFO: input_size=2
2022-03-31 08:33:23,920:INFO: kernel_size=3
2022-03-31 08:33:23,920:INFO: lr=0.01
2022-03-31 08:33:23,920:INFO: lr_sh_rate=150
2022-03-31 08:33:23,920:INFO: model=social_stgcnn9
2022-03-31 08:33:23,920:INFO: n_stgcnn=1
2022-03-31 08:33:23,920:INFO: n_txpcnn=5
2022-03-31 08:33:23,921:INFO: num_epochs=250
2022-03-31 08:33:23,921:INFO: obs_seq_len=8
2022-03-31 08:33:23,921:INFO: output_size=5
2022-03-31 08:33:23,921:INFO: pred_seq_len=12
2022-03-31 08:33:23,921:INFO: seed=0
2022-03-31 08:33:23,921:INFO: tag=univ
2022-03-31 08:33:23,921:INFO: use_lrschd=True
2022-03-31 08:33:23,921:INFO: ******************************
2022-03-31 08:33:23,921:INFO: Training initiating....
2022-03-31 08:33:23,921:INFO: Namespace(batch_size=128, clip_grad=None, dataset='univ', gpu_num='0', input_size=2, kernel_size=3, lr=0.01, lr_sh_rate=150, model='social_stgcnn9', n_stgcnn=1, n_txpcnn=5, num_epochs=250, obs_seq_len=8, output_size=5, pred_seq_len=12, seed=0, tag='univ', use_lrschd=True)
2022-03-31 08:33:23,948:INFO: Initializing train dataset
2022-03-31 08:33:30,611:INFO: Initializing val dataset
2022-03-31 08:33:49,445:INFO: social_stgcnn9
2022-03-31 08:33:49,446:INFO: Data and model loaded
2022-03-31 08:33:49,446:INFO: Checkpoint dir: ./runs/Mar31_08-33-23_node09/univ/checkpoint
2022-03-31 08:33:49,446:INFO: Training started ...
2022-03-31 08:34:16,099:INFO: Train: [0][2075/2076]  Loss 0.2088 (1.5365)  Time:  0.140 (0.013)  Data Time:  0.004 (0.004)
2022-03-31 08:34:16,100:INFO:   Eta: 1:51:01
2022-03-31 08:34:44,236:INFO: Train: [1][2075/2076]  Loss 0.1463 (0.7562)  Time:  0.165 (0.014)  Data Time:  0.003 (0.005)
2022-03-31 08:34:44,238:INFO:   Eta: 1:56:42
2022-03-31 08:35:11,209:INFO: Train: [2][2075/2076]  Loss 0.1613 (0.5094)  Time:  0.145 (0.013)  Data Time:  0.005 (0.005)
2022-03-31 08:35:11,211:INFO:   Eta: 1:51:24
2022-03-31 08:35:38,564:INFO: Train: [3][2075/2076]  Loss 0.1662 (0.3964)  Time:  0.166 (0.013)  Data Time:  0.005 (0.005)
2022-03-31 08:35:38,564:INFO:   Eta: 1:52:32
2022-03-31 08:36:04,862:INFO: Train: [4][2075/2076]  Loss 0.0229 (0.2590)  Time:  0.135 (0.013)  Data Time:  0.004 (0.004)
2022-03-31 08:36:04,867:INFO:   Eta: 1:47:46
2022-03-31 08:36:31,392:INFO: Train: [5][2075/2076]  Loss -0.0197 (0.1805)  Time:  0.142 (0.013)  Data Time:  0.004 (0.005)
2022-03-31 08:36:31,437:INFO:   Eta: 1:47:59
2022-03-31 08:36:58,442:INFO: Train: [6][2075/2076]  Loss -0.0569 (0.0520)  Time:  0.140 (0.013)  Data Time:  0.004 (0.005)
2022-03-31 08:36:58,443:INFO:   Eta: 1:49:45
2022-03-31 08:38:42,120:INFO: Test: [6]  ADE: 0.7281  FDE: 0.9334
2022-03-31 08:39:09,069:INFO: Train: [7][2075/2076]  Loss 0.0504 (0.0477)  Time:  0.138 (0.013)  Data Time:  0.005 (0.005)
2022-03-31 08:39:09,136:INFO:   Eta: 1:49:02
2022-03-31 08:39:36,202:INFO: Train: [8][2075/2076]  Loss -0.0623 (0.0035)  Time:  0.150 (0.013)  Data Time:  0.004 (0.005)
2022-03-31 08:39:36,203:INFO:   Eta: 1:47:08
2022-03-31 08:40:02,807:INFO: Train: [9][2075/2076]  Loss -0.0113 (-0.0663)  Time:  0.142 (0.013)  Data Time:  0.004 (0.005)
2022-03-31 08:40:02,808:INFO:   Eta: 1:46:48
2022-03-31 08:40:29,737:INFO: Train: [10][2075/2076]  Loss -0.0320 (-0.2189)  Time:  0.156 (0.013)  Data Time:  0.005 (0.005)
2022-03-31 08:40:29,739:INFO:   Eta: 1:47:39
2022-03-31 08:40:56,738:INFO: Train: [11][2075/2076]  Loss -0.0509 (-0.2080)  Time:  0.152 (0.013)  Data Time:  0.005 (0.005)
2022-03-31 08:40:56,748:INFO:   Eta: 1:47:28
2022-03-31 08:41:23,953:INFO: Train: [12][2075/2076]  Loss 0.0410 (-0.2886)  Time:  0.141 (0.013)  Data Time:  0.004 (0.005)
2022-03-31 08:41:23,954:INFO:   Eta: 1:47:51
2022-03-31 08:41:51,156:INFO: Train: [13][2075/2076]  Loss 0.0737 (-0.3179)  Time:  0.149 (0.013)  Data Time:  0.004 (0.005)
2022-03-31 08:41:51,157:INFO:   Eta: 1:47:21
2022-03-31 08:42:16,321:INFO: Train: [14][2075/2076]  Loss -0.0488 (-0.3467)  Time:  0.152 (0.012)  Data Time:  0.003 (0.004)
2022-03-31 08:42:16,322:INFO:   Eta: 1:38:55
2022-03-31 08:42:39,502:INFO: Train: [15][2075/2076]  Loss -0.0879 (-0.3837)  Time:  0.163 (0.011)  Data Time:  0.004 (0.003)
2022-03-31 08:42:39,504:INFO:   Eta: 1:30:43
2022-03-31 08:43:05,676:INFO: Train: [16][2075/2076]  Loss -0.0884 (-0.3194)  Time:  0.132 (0.013)  Data Time:  0.004 (0.004)
2022-03-31 08:43:05,678:INFO:   Eta: 1:42:00
2022-03-31 08:44:46,122:INFO: Test: [16]  ADE: 0.6146  FDE: 0.7567
2022-03-31 08:45:13,838:INFO: Train: [17][2075/2076]  Loss -0.0900 (-0.5036)  Time:  0.146 (0.013)  Data Time:  0.006 (0.005)
2022-03-31 08:45:13,840:INFO:   Eta: 1:47:32
2022-03-31 08:45:42,128:INFO: Train: [18][2075/2076]  Loss -0.0525 (-0.4035)  Time:  0.151 (0.014)  Data Time:  0.005 (0.005)
2022-03-31 08:45:42,130:INFO:   Eta: 1:49:18
2022-03-31 08:46:09,057:INFO: Train: [19][2075/2076]  Loss -0.1262 (-0.4692)  Time:  0.149 (0.013)  Data Time:  0.005 (0.005)
2022-03-31 08:46:09,058:INFO:   Eta: 1:43:36
2022-03-31 08:46:35,997:INFO: Train: [20][2075/2076]  Loss -0.1151 (-0.4544)  Time:  0.142 (0.013)  Data Time:  0.004 (0.005)
2022-03-31 08:46:35,998:INFO:   Eta: 1:43:12
2022-03-31 08:47:02,423:INFO: Train: [21][2075/2076]  Loss -0.0214 (-0.4902)  Time:  0.152 (0.013)  Data Time:  0.005 (0.005)
2022-03-31 08:47:02,424:INFO:   Eta: 1:40:47
2022-03-31 08:47:26,639:INFO: Train: [22][2075/2076]  Loss -0.0801 (-0.5351)  Time:  0.132 (0.012)  Data Time:  0.003 (0.004)
2022-03-31 08:47:26,640:INFO:   Eta: 1:31:57
2022-03-31 08:47:52,013:INFO: Train: [23][2075/2076]  Loss -0.0498 (-0.5993)  Time:  0.137 (0.012)  Data Time:  0.005 (0.004)
2022-03-31 08:47:52,014:INFO:   Eta: 1:35:56
2022-03-31 08:48:18,774:INFO: Train: [24][2075/2076]  Loss -0.1836 (-0.5446)  Time:  0.139 (0.013)  Data Time:  0.005 (0.005)
2022-03-31 08:48:18,775:INFO:   Eta: 1:40:44
2022-03-31 08:48:45,380:INFO: Train: [25][2075/2076]  Loss -0.1480 (-0.4800)  Time:  0.177 (0.013)  Data Time:  0.005 (0.005)
2022-03-31 08:48:45,382:INFO:   Eta: 1:39:42
2022-03-31 08:49:12,304:INFO: Train: [26][2075/2076]  Loss -0.1667 (-0.6444)  Time:  0.160 (0.013)  Data Time:  0.005 (0.005)
2022-03-31 08:49:12,305:INFO:   Eta: 1:40:27
2022-03-31 08:50:55,443:INFO: Test: [26]  ADE: 0.5494  FDE: 0.7449
2022-03-31 08:51:22,355:INFO: Train: [27][2075/2076]  Loss -0.1765 (-0.6542)  Time:  0.143 (0.013)  Data Time:  0.004 (0.005)
2022-03-31 08:51:22,357:INFO:   Eta: 1:39:54
2022-03-31 08:51:49,200:INFO: Train: [28][2075/2076]  Loss 0.0342 (-0.6752)  Time:  0.145 (0.013)  Data Time:  0.003 (0.005)
2022-03-31 08:51:49,202:INFO:   Eta: 1:39:15
2022-03-31 08:52:14,267:INFO: Train: [29][2075/2076]  Loss -0.1160 (-0.7095)  Time:  0.132 (0.012)  Data Time:  0.004 (0.004)
2022-03-31 08:52:14,269:INFO:   Eta: 1:32:15
2022-03-31 08:52:38,854:INFO: Train: [30][2075/2076]  Loss -0.2171 (-0.7290)  Time:  0.143 (0.012)  Data Time:  0.003 (0.004)
2022-03-31 08:52:38,855:INFO:   Eta: 1:30:05
2022-03-31 08:53:05,421:INFO: Train: [31][2075/2076]  Loss -0.2185 (-0.6305)  Time:  0.141 (0.013)  Data Time:  0.004 (0.005)
2022-03-31 08:53:05,422:INFO:   Eta: 1:36:54
2022-03-31 08:53:32,153:INFO: Train: [32][2075/2076]  Loss -0.1715 (-0.6476)  Time:  0.131 (0.013)  Data Time:  0.004 (0.005)
2022-03-31 08:53:32,153:INFO:   Eta: 1:37:03
2022-03-31 08:53:58,645:INFO: Train: [33][2075/2076]  Loss -0.1402 (-0.7878)  Time:  0.159 (0.013)  Data Time:  0.005 (0.005)
2022-03-31 08:53:58,646:INFO:   Eta: 1:35:45
2022-03-31 08:54:25,767:INFO: Train: [34][2075/2076]  Loss -0.1637 (-0.7517)  Time:  0.148 (0.013)  Data Time:  0.005 (0.005)
2022-03-31 08:54:25,768:INFO:   Eta: 1:37:34
2022-03-31 08:54:52,691:INFO: Train: [35][2075/2076]  Loss -0.2002 (-0.7415)  Time:  0.146 (0.013)  Data Time:  0.005 (0.005)
2022-03-31 08:54:52,692:INFO:   Eta: 1:36:25
2022-03-31 08:55:19,332:INFO: Train: [36][2075/2076]  Loss -0.1852 (-0.7736)  Time:  0.137 (0.013)  Data Time:  0.004 (0.005)
2022-03-31 08:55:19,332:INFO:   Eta: 1:34:57
2022-03-31 08:57:03,844:INFO: Test: [36]  ADE: 0.5268  FDE: 0.6801
2022-03-31 08:57:28,754:INFO: Train: [37][2075/2076]  Loss -0.0987 (-0.7638)  Time:  0.146 (0.012)  Data Time:  0.004 (0.004)
2022-03-31 08:57:28,767:INFO:   Eta: 1:28:20
2022-03-31 08:57:54,398:INFO: Train: [38][2075/2076]  Loss -0.2429 (-0.8282)  Time:  0.159 (0.012)  Data Time:  0.004 (0.004)
2022-03-31 08:57:54,408:INFO:   Eta: 1:30:18
2022-03-31 08:58:21,522:INFO: Train: [39][2075/2076]  Loss -0.1550 (-0.8408)  Time:  0.146 (0.013)  Data Time:  0.006 (0.005)
2022-03-31 08:58:21,580:INFO:   Eta: 1:34:52
2022-03-31 08:58:48,667:INFO: Train: [40][2075/2076]  Loss -0.1733 (-0.8421)  Time:  0.157 (0.013)  Data Time:  0.004 (0.005)
2022-03-31 08:58:48,668:INFO:   Eta: 1:34:13
2022-03-31 08:59:14,792:INFO: Train: [41][2075/2076]  Loss -0.1926 (-0.8431)  Time:  0.152 (0.013)  Data Time:  0.005 (0.005)
2022-03-31 08:59:14,793:INFO:   Eta: 1:30:57
2022-03-31 08:59:41,222:INFO: Train: [42][2075/2076]  Loss -0.1763 (-0.8948)  Time:  0.152 (0.013)  Data Time:  0.009 (0.004)
2022-03-31 08:59:41,223:INFO:   Eta: 1:31:34
2022-03-31 09:00:08,043:INFO: Train: [43][2075/2076]  Loss -0.2434 (-0.9077)  Time:  0.144 (0.013)  Data Time:  0.005 (0.005)
2022-03-31 09:00:08,044:INFO:   Eta: 1:32:28
2022-03-31 09:00:34,657:INFO: Train: [44][2075/2076]  Loss -0.2341 (-0.7683)  Time:  0.152 (0.013)  Data Time:  0.004 (0.005)
2022-03-31 09:00:34,659:INFO:   Eta: 1:31:18
2022-03-31 09:01:01,791:INFO: Train: [45][2075/2076]  Loss -0.1915 (-0.9162)  Time:  0.150 (0.013)  Data Time:  0.005 (0.005)
2022-03-31 09:01:01,792:INFO:   Eta: 1:32:38
2022-03-31 09:01:28,807:INFO: Train: [46][2075/2076]  Loss -0.2273 (-0.9220)  Time:  0.158 (0.013)  Data Time:  0.007 (0.005)
2022-03-31 09:01:28,808:INFO:   Eta: 1:31:47
2022-03-31 09:03:10,536:INFO: Test: [46]  ADE: 0.5305  FDE: 0.7621
2022-03-31 09:03:37,701:INFO: Train: [47][2075/2076]  Loss -0.2335 (-0.8880)  Time:  0.140 (0.013)  Data Time:  0.005 (0.005)
2022-03-31 09:03:37,703:INFO:   Eta: 1:31:47
2022-03-31 09:04:04,216:INFO: Train: [48][2075/2076]  Loss -0.2554 (-0.8637)  Time:  0.156 (0.013)  Data Time:  0.004 (0.005)
2022-03-31 09:04:04,218:INFO:   Eta: 1:29:11
2022-03-31 09:04:30,011:INFO: Train: [49][2075/2076]  Loss -0.2472 (-0.9193)  Time:  0.154 (0.012)  Data Time:  0.005 (0.004)
2022-03-31 09:04:30,012:INFO:   Eta: 1:26:20
2022-03-31 09:04:56,903:INFO: Train: [50][2075/2076]  Loss -0.2387 (-0.9168)  Time:  0.147 (0.013)  Data Time:  0.006 (0.005)
2022-03-31 09:04:56,905:INFO:   Eta: 1:29:35
2022-03-31 09:05:23,641:INFO: Train: [51][2075/2076]  Loss -0.2692 (-1.0855)  Time:  0.136 (0.013)  Data Time:  0.003 (0.005)
2022-03-31 09:05:23,642:INFO:   Eta: 1:28:35
2022-03-31 09:05:50,403:INFO: Train: [52][2075/2076]  Loss -0.2752 (-1.0361)  Time:  0.139 (0.013)  Data Time:  0.004 (0.005)
2022-03-31 09:05:50,404:INFO:   Eta: 1:28:15
2022-03-31 09:06:18,262:INFO: Train: [53][2075/2076]  Loss -0.1977 (-1.0529)  Time:  0.157 (0.013)  Data Time:  0.004 (0.005)
2022-03-31 09:06:18,263:INFO:   Eta: 1:31:24
2022-03-31 09:06:46,273:INFO: Train: [54][2075/2076]  Loss -0.2386 (-1.0393)  Time:  0.131 (0.013)  Data Time:  0.002 (0.004)
2022-03-31 09:06:46,275:INFO:   Eta: 1:31:26
2022-03-31 09:07:11,292:INFO: Train: [55][2075/2076]  Loss -0.3113 (-0.9905)  Time:  0.136 (0.012)  Data Time:  0.004 (0.004)
2022-03-31 09:07:11,294:INFO:   Eta: 1:21:15
2022-03-31 09:07:37,209:INFO: Train: [56][2075/2076]  Loss -0.1926 (-1.0523)  Time:  0.137 (0.012)  Data Time:  0.004 (0.004)
2022-03-31 09:07:37,210:INFO:   Eta: 1:23:44
2022-03-31 09:09:19,699:INFO: Test: [56]  ADE: 0.5169  FDE: 0.7629
2022-03-31 09:09:46,219:INFO: Train: [57][2075/2076]  Loss -0.2381 (-1.0287)  Time:  0.162 (0.013)  Data Time:  0.004 (0.004)
2022-03-31 09:09:46,221:INFO:   Eta: 1:25:13
2022-03-31 09:10:13,549:INFO: Train: [58][2075/2076]  Loss -0.3035 (-1.1046)  Time:  0.172 (0.013)  Data Time:  0.005 (0.005)
2022-03-31 09:10:13,550:INFO:   Eta: 1:27:23
2022-03-31 09:10:40,602:INFO: Train: [59][2075/2076]  Loss -0.2402 (-1.1272)  Time:  0.145 (0.013)  Data Time:  0.005 (0.005)
2022-03-31 09:10:40,603:INFO:   Eta: 1:26:03
2022-03-31 09:11:07,771:INFO: Train: [60][2075/2076]  Loss -0.3006 (-1.0855)  Time:  0.140 (0.013)  Data Time:  0.005 (0.005)
2022-03-31 09:11:07,772:INFO:   Eta: 1:25:58
2022-03-31 09:11:35,300:INFO: Train: [61][2075/2076]  Loss -0.2480 (-1.0611)  Time:  0.152 (0.013)  Data Time:  0.005 (0.005)
2022-03-31 09:11:35,301:INFO:   Eta: 1:26:40
2022-03-31 09:12:00,521:INFO: Train: [62][2075/2076]  Loss -0.2784 (-1.0914)  Time:  0.156 (0.012)  Data Time:  0.004 (0.004)
2022-03-31 09:12:00,522:INFO:   Eta: 1:18:57
2022-03-31 09:12:26,067:INFO: Train: [63][2075/2076]  Loss -0.2359 (-1.1232)  Time:  0.152 (0.012)  Data Time:  0.005 (0.004)
2022-03-31 09:12:26,069:INFO:   Eta: 1:19:33
2022-03-31 09:12:52,640:INFO: Train: [64][2075/2076]  Loss -0.1712 (-1.1460)  Time:  0.153 (0.013)  Data Time:  0.005 (0.004)
2022-03-31 09:12:52,643:INFO:   Eta: 1:22:18
2022-03-31 09:13:18,612:INFO: Train: [65][2075/2076]  Loss -0.2149 (-1.0800)  Time:  0.143 (0.013)  Data Time:  0.004 (0.004)
2022-03-31 09:13:18,613:INFO:   Eta: 1:20:01
2022-03-31 09:13:45,984:INFO: Train: [66][2075/2076]  Loss -0.2881 (-1.0603)  Time:  0.170 (0.013)  Data Time:  0.005 (0.005)
2022-03-31 09:13:45,985:INFO:   Eta: 1:23:52
2022-03-31 09:15:30,177:INFO: Test: [66]  ADE: 0.4830  FDE: 0.7382
2022-03-31 09:15:57,282:INFO: Train: [67][2075/2076]  Loss -0.2548 (-1.0111)  Time:  0.149 (0.013)  Data Time:  0.005 (0.005)
2022-03-31 09:15:57,283:INFO:   Eta: 1:22:32
2022-03-31 09:16:24,556:INFO: Train: [68][2075/2076]  Loss -0.2895 (-1.1512)  Time:  0.149 (0.013)  Data Time:  0.004 (0.005)
2022-03-31 09:16:24,557:INFO:   Eta: 1:22:40
2022-03-31 09:16:50,419:INFO: Train: [69][2075/2076]  Loss -0.2054 (-1.0720)  Time:  0.128 (0.012)  Data Time:  0.003 (0.004)
2022-03-31 09:16:50,422:INFO:   Eta: 1:17:58
2022-03-31 09:17:16,431:INFO: Train: [70][2075/2076]  Loss -0.2754 (-1.1200)  Time:  0.148 (0.013)  Data Time:  0.004 (0.004)
2022-03-31 09:17:16,434:INFO:   Eta: 1:17:57
2022-03-31 09:17:43,167:INFO: Train: [71][2075/2076]  Loss -0.3231 (-1.2098)  Time:  0.160 (0.013)  Data Time:  0.003 (0.005)
2022-03-31 09:17:43,169:INFO:   Eta: 1:19:41
2022-03-31 09:18:08,635:INFO: Train: [72][2075/2076]  Loss -0.2697 (-1.0997)  Time:  0.167 (0.012)  Data Time:  0.006 (0.004)
2022-03-31 09:18:08,636:INFO:   Eta: 1:15:30
2022-03-31 09:18:35,115:INFO: Train: [73][2075/2076]  Loss -0.2633 (-1.1919)  Time:  0.147 (0.013)  Data Time:  0.005 (0.004)
2022-03-31 09:18:35,116:INFO:   Eta: 1:18:04
2022-03-31 09:19:02,217:INFO: Train: [74][2075/2076]  Loss -0.2765 (-1.1233)  Time:  0.158 (0.013)  Data Time:  0.005 (0.005)
2022-03-31 09:19:02,218:INFO:   Eta: 1:19:27
2022-03-31 09:19:29,094:INFO: Train: [75][2075/2076]  Loss -0.2624 (-1.1966)  Time:  0.156 (0.013)  Data Time:  0.005 (0.005)
2022-03-31 09:19:29,095:INFO:   Eta: 1:18:20
2022-03-31 09:19:56,068:INFO: Train: [76][2075/2076]  Loss -0.2917 (-1.1171)  Time:  0.143 (0.013)  Data Time:  0.004 (0.005)
2022-03-31 09:19:56,068:INFO:   Eta: 1:18:10
2022-03-31 09:21:39,662:INFO: Test: [76]  ADE: 0.4786  FDE: 0.7500
2022-03-31 09:22:04,559:INFO: Train: [77][2075/2076]  Loss -0.2876 (-1.2015)  Time:  0.132 (0.012)  Data Time:  0.004 (0.004)
2022-03-31 09:22:04,561:INFO:   Eta: 1:11:39
2022-03-31 09:22:30,974:INFO: Train: [78][2075/2076]  Loss -0.1613 (-1.1788)  Time:  0.162 (0.013)  Data Time:  0.004 (0.004)
2022-03-31 09:22:30,975:INFO:   Eta: 1:15:38
2022-03-31 09:22:56,896:INFO: Train: [79][2075/2076]  Loss -0.2819 (-1.1081)  Time:  0.126 (0.012)  Data Time:  0.004 (0.004)
2022-03-31 09:22:56,897:INFO:   Eta: 1:13:49
2022-03-31 09:23:23,017:INFO: Train: [80][2075/2076]  Loss -0.2974 (-1.1195)  Time:  0.145 (0.013)  Data Time:  0.005 (0.004)
2022-03-31 09:23:23,018:INFO:   Eta: 1:13:57
2022-03-31 09:23:49,925:INFO: Train: [81][2075/2076]  Loss -0.2361 (-1.2682)  Time:  0.147 (0.013)  Data Time:  0.004 (0.005)
2022-03-31 09:23:49,927:INFO:   Eta: 1:15:44
2022-03-31 09:24:16,577:INFO: Train: [82][2075/2076]  Loss -0.3006 (-1.1977)  Time:  0.151 (0.013)  Data Time:  0.003 (0.005)
2022-03-31 09:24:16,578:INFO:   Eta: 1:14:34
2022-03-31 09:24:43,501:INFO: Train: [83][2075/2076]  Loss -0.2811 (-1.1293)  Time:  0.148 (0.013)  Data Time:  0.004 (0.005)
2022-03-31 09:24:43,503:INFO:   Eta: 1:14:53
2022-03-31 09:25:10,740:INFO: Train: [84][2075/2076]  Loss -0.2649 (-1.1722)  Time:  0.141 (0.013)  Data Time:  0.004 (0.005)
2022-03-31 09:25:10,741:INFO:   Eta: 1:15:18
2022-03-31 09:25:37,753:INFO: Train: [85][2075/2076]  Loss -0.2043 (-1.1963)  Time:  0.131 (0.013)  Data Time:  0.004 (0.005)
2022-03-31 09:25:37,753:INFO:   Eta: 1:14:14
2022-03-31 09:26:04,024:INFO: Train: [86][2075/2076]  Loss -0.2629 (-1.1009)  Time:  0.153 (0.013)  Data Time:  0.004 (0.005)
2022-03-31 09:26:04,025:INFO:   Eta: 1:11:45
2022-03-31 09:27:51,268:INFO: Test: [86]  ADE: 0.4613  FDE: 0.7377
2022-03-31 09:28:17,360:INFO: Train: [87][2075/2076]  Loss -0.2589 (-1.2380)  Time:  0.155 (0.013)  Data Time:  0.005 (0.004)
2022-03-31 09:28:17,361:INFO:   Eta: 1:10:48
2022-03-31 09:28:44,407:INFO: Train: [88][2075/2076]  Loss -0.3360 (-1.2517)  Time:  0.151 (0.013)  Data Time:  0.004 (0.005)
2022-03-31 09:28:44,408:INFO:   Eta: 1:12:58
2022-03-31 09:29:11,757:INFO: Train: [89][2075/2076]  Loss -0.2549 (-1.2283)  Time:  0.146 (0.013)  Data Time:  0.004 (0.005)
2022-03-31 09:29:11,760:INFO:   Eta: 1:13:20
2022-03-31 09:29:38,933:INFO: Train: [90][2075/2076]  Loss -0.3811 (-1.2442)  Time:  0.144 (0.013)  Data Time:  0.004 (0.005)
2022-03-31 09:29:38,934:INFO:   Eta: 1:12:21
2022-03-31 09:30:05,863:INFO: Train: [91][2075/2076]  Loss -0.2887 (-1.1350)  Time:  0.145 (0.013)  Data Time:  0.003 (0.005)
2022-03-31 09:30:05,865:INFO:   Eta: 1:11:19
2022-03-31 09:30:33,186:INFO: Train: [92][2075/2076]  Loss -0.2679 (-1.2632)  Time:  0.156 (0.013)  Data Time:  0.006 (0.005)
2022-03-31 09:30:33,187:INFO:   Eta: 1:11:54
2022-03-31 09:30:58,708:INFO: Train: [93][2075/2076]  Loss -0.3137 (-1.3059)  Time:  0.118 (0.012)  Data Time:  0.003 (0.004)
2022-03-31 09:30:58,817:INFO:   Eta: 1:06:43
2022-03-31 09:31:25,210:INFO: Train: [94][2075/2076]  Loss -0.2590 (-1.2588)  Time:  0.145 (0.013)  Data Time:  0.005 (0.004)
2022-03-31 09:31:25,212:INFO:   Eta: 1:08:33
2022-03-31 09:31:51,209:INFO: Train: [95][2075/2076]  Loss -0.2070 (-1.2329)  Time:  0.136 (0.013)  Data Time:  0.004 (0.004)
2022-03-31 09:31:51,210:INFO:   Eta: 1:07:07
2022-03-31 09:32:16,737:INFO: Train: [96][2075/2076]  Loss -0.3592 (-1.2319)  Time:  0.147 (0.012)  Data Time:  0.004 (0.004)
2022-03-31 09:32:16,738:INFO:   Eta: 1:05:28
2022-03-31 09:34:00,391:INFO: Test: [96]  ADE: 0.5100  FDE: 0.8951
2022-03-31 09:34:27,531:INFO: Train: [97][2075/2076]  Loss -0.2073 (-1.3379)  Time:  0.162 (0.013)  Data Time:  0.004 (0.004)
2022-03-31 09:34:27,534:INFO:   Eta: 1:08:18
2022-03-31 09:34:55,031:INFO: Train: [98][2075/2076]  Loss -0.3632 (-1.2616)  Time:  0.147 (0.013)  Data Time:  0.005 (0.005)
2022-03-31 09:34:55,139:INFO:   Eta: 1:09:36
2022-03-31 09:35:22,001:INFO: Train: [99][2075/2076]  Loss -0.3212 (-1.2991)  Time:  0.151 (0.013)  Data Time:  0.005 (0.005)
2022-03-31 09:35:22,003:INFO:   Eta: 1:07:33
2022-03-31 09:35:49,183:INFO: Train: [100][2075/2076]  Loss -0.3524 (-1.2832)  Time:  0.149 (0.013)  Data Time:  0.004 (0.005)
2022-03-31 09:35:49,338:INFO:   Eta: 1:07:54
2022-03-31 09:36:16,453:INFO: Train: [101][2075/2076]  Loss -0.2492 (-1.2819)  Time:  0.163 (0.013)  Data Time:  0.005 (0.005)
2022-03-31 09:36:16,455:INFO:   Eta: 1:07:17
2022-03-31 09:36:41,494:INFO: Train: [102][2075/2076]  Loss -0.2026 (-1.2393)  Time:  0.128 (0.012)  Data Time:  0.003 (0.004)
2022-03-31 09:36:41,496:INFO:   Eta: 1:01:42
2022-03-31 09:37:06,334:INFO: Train: [103][2075/2076]  Loss -0.3021 (-1.2154)  Time:  0.154 (0.012)  Data Time:  0.004 (0.004)
2022-03-31 09:37:06,335:INFO:   Eta: 1:00:47
2022-03-31 09:37:33,361:INFO: Train: [104][2075/2076]  Loss -0.1797 (-1.2868)  Time:  0.146 (0.013)  Data Time:  0.005 (0.005)
2022-03-31 09:37:33,362:INFO:   Eta: 1:05:43
2022-03-31 09:38:00,007:INFO: Train: [105][2075/2076]  Loss -0.2918 (-1.1980)  Time:  0.160 (0.013)  Data Time:  0.006 (0.005)
2022-03-31 09:38:00,112:INFO:   Eta: 1:04:21
2022-03-31 09:38:27,013:INFO: Train: [106][2075/2076]  Loss -0.3051 (-1.3059)  Time:  0.188 (0.013)  Data Time:  0.003 (0.004)
2022-03-31 09:38:27,014:INFO:   Eta: 1:04:31
2022-03-31 09:40:12,597:INFO: Test: [106]  ADE: 0.4997  FDE: 0.8700
2022-03-31 09:40:39,901:INFO: Train: [107][2075/2076]  Loss -0.3038 (-1.1460)  Time:  0.162 (0.013)  Data Time:  0.006 (0.005)
2022-03-31 09:40:39,903:INFO:   Eta: 1:05:00
2022-03-31 09:41:07,002:INFO: Train: [108][2075/2076]  Loss -0.3552 (-1.3223)  Time:  0.157 (0.013)  Data Time:  0.004 (0.004)
2022-03-31 09:41:07,094:INFO:   Eta: 1:04:05
2022-03-31 09:41:33,863:INFO: Train: [109][2075/2076]  Loss -0.3236 (-1.3364)  Time:  0.151 (0.013)  Data Time:  0.004 (0.005)
2022-03-31 09:41:33,892:INFO:   Eta: 1:02:36
2022-03-31 09:41:58,016:INFO: Train: [110][2075/2076]  Loss -0.2881 (-1.3580)  Time:  0.135 (0.012)  Data Time:  0.003 (0.003)
2022-03-31 09:41:58,100:INFO:   Eta: 0:56:01
2022-03-31 09:42:24,786:INFO: Train: [111][2075/2076]  Loss -0.2755 (-1.2266)  Time:  0.148 (0.013)  Data Time:  0.004 (0.005)
2022-03-31 09:42:24,789:INFO:   Eta: 1:01:35
2022-03-31 09:42:52,021:INFO: Train: [112][2075/2076]  Loss -0.2745 (-1.4116)  Time:  0.148 (0.013)  Data Time:  0.004 (0.005)
2022-03-31 09:42:52,108:INFO:   Eta: 1:02:35
2022-03-31 09:43:18,826:INFO: Train: [113][2075/2076]  Loss -0.2179 (-1.2920)  Time:  0.139 (0.013)  Data Time:  0.004 (0.005)
2022-03-31 09:43:18,941:INFO:   Eta: 1:00:58
2022-03-31 09:43:44,610:INFO: Train: [114][2075/2076]  Loss -0.3102 (-1.4114)  Time:  0.135 (0.012)  Data Time:  0.004 (0.004)
2022-03-31 09:43:44,678:INFO:   Eta: 0:58:09
2022-03-31 09:44:12,170:INFO: Train: [115][2075/2076]  Loss -0.3655 (-1.2945)  Time:  0.148 (0.013)  Data Time:  0.005 (0.005)
2022-03-31 09:44:12,226:INFO:   Eta: 1:01:08
2022-03-31 09:44:39,466:INFO: Train: [116][2075/2076]  Loss -0.2838 (-1.2933)  Time:  0.137 (0.013)  Data Time:  0.004 (0.005)
2022-03-31 09:44:39,551:INFO:   Eta: 1:00:25
2022-03-31 09:46:23,041:INFO: Test: [116]  ADE: 0.4719  FDE: 0.8336
2022-03-31 09:46:47,974:INFO: Train: [117][2075/2076]  Loss -0.3585 (-1.3833)  Time:  0.139 (0.012)  Data Time:  0.002 (0.004)
2022-03-31 09:46:47,975:INFO:   Eta: 0:55:12
2022-03-31 09:47:13,527:INFO: Train: [118][2075/2076]  Loss -0.2364 (-1.2805)  Time:  0.160 (0.012)  Data Time:  0.005 (0.004)
2022-03-31 09:47:13,528:INFO:   Eta: 0:56:10
2022-03-31 09:47:40,261:INFO: Train: [119][2075/2076]  Loss -0.2910 (-1.3450)  Time:  0.144 (0.013)  Data Time:  0.004 (0.005)
2022-03-31 09:47:40,262:INFO:   Eta: 0:58:20
2022-03-31 09:48:06,975:INFO: Train: [120][2075/2076]  Loss -0.2693 (-1.1256)  Time:  0.143 (0.013)  Data Time:  0.004 (0.004)
2022-03-31 09:48:06,976:INFO:   Eta: 0:57:50
2022-03-31 09:48:32,759:INFO: Train: [121][2075/2076]  Loss -0.3115 (-1.4189)  Time:  0.137 (0.012)  Data Time:  0.004 (0.004)
2022-03-31 09:48:32,761:INFO:   Eta: 0:55:24
2022-03-31 09:49:00,273:INFO: Train: [122][2075/2076]  Loss -0.2794 (-1.3315)  Time:  0.161 (0.013)  Data Time:  0.004 (0.004)
2022-03-31 09:49:00,274:INFO:   Eta: 0:58:39
2022-03-31 09:49:28,272:INFO: Train: [123][2075/2076]  Loss -0.3025 (-1.3450)  Time:  0.161 (0.013)  Data Time:  0.006 (0.005)
2022-03-31 09:49:28,273:INFO:   Eta: 0:59:13
2022-03-31 09:49:55,134:INFO: Train: [124][2075/2076]  Loss -0.2354 (-1.4458)  Time:  0.146 (0.013)  Data Time:  0.004 (0.005)
2022-03-31 09:49:55,135:INFO:   Eta: 0:56:22
2022-03-31 09:50:22,007:INFO: Train: [125][2075/2076]  Loss -0.3057 (-1.3682)  Time:  0.143 (0.013)  Data Time:  0.003 (0.005)
2022-03-31 09:50:22,008:INFO:   Eta: 0:55:56
2022-03-31 09:50:48,916:INFO: Train: [126][2075/2076]  Loss -0.3675 (-1.3545)  Time:  0.166 (0.013)  Data Time:  0.005 (0.005)
2022-03-31 09:50:48,918:INFO:   Eta: 0:55:34
2022-03-31 09:52:33,599:INFO: Test: [126]  ADE: 0.4720  FDE: 0.8348
2022-03-31 09:53:00,351:INFO: Train: [127][2075/2076]  Loss -0.2506 (-1.4513)  Time:  0.136 (0.013)  Data Time:  0.004 (0.004)
2022-03-31 09:53:00,352:INFO:   Eta: 0:54:47
2022-03-31 09:53:27,236:INFO: Train: [128][2075/2076]  Loss -0.3230 (-1.3246)  Time:  0.148 (0.013)  Data Time:  0.004 (0.005)
2022-03-31 09:53:27,237:INFO:   Eta: 0:54:38
2022-03-31 09:53:54,090:INFO: Train: [129][2075/2076]  Loss -0.2711 (-1.3394)  Time:  0.158 (0.013)  Data Time:  0.004 (0.005)
2022-03-31 09:53:54,092:INFO:   Eta: 0:54:07
2022-03-31 09:54:19,501:INFO: Train: [130][2075/2076]  Loss -0.2966 (-1.3883)  Time:  0.166 (0.012)  Data Time:  0.005 (0.004)
2022-03-31 09:54:19,503:INFO:   Eta: 0:50:46
2022-03-31 09:54:46,399:INFO: Train: [131][2075/2076]  Loss -0.2204 (-1.3561)  Time:  0.141 (0.013)  Data Time:  0.004 (0.004)
2022-03-31 09:54:46,400:INFO:   Eta: 0:53:18
2022-03-31 09:55:13,115:INFO: Train: [132][2075/2076]  Loss -0.3369 (-1.3672)  Time:  0.131 (0.013)  Data Time:  0.004 (0.004)
2022-03-31 09:55:13,116:INFO:   Eta: 0:52:30
2022-03-31 09:55:39,930:INFO: Train: [133][2075/2076]  Loss -0.3266 (-1.3679)  Time:  0.140 (0.013)  Data Time:  0.004 (0.004)
2022-03-31 09:55:39,932:INFO:   Eta: 0:52:15
2022-03-31 09:56:06,669:INFO: Train: [134][2075/2076]  Loss -0.3442 (-1.3982)  Time:  0.147 (0.013)  Data Time:  0.004 (0.005)
2022-03-31 09:56:06,671:INFO:   Eta: 0:51:39
2022-03-31 09:56:33,845:INFO: Train: [135][2075/2076]  Loss -0.3353 (-1.4825)  Time:  0.141 (0.013)  Data Time:  0.004 (0.005)
2022-03-31 09:56:33,846:INFO:   Eta: 0:52:02
2022-03-31 09:57:00,865:INFO: Train: [136][2075/2076]  Loss -0.2538 (-1.3059)  Time:  0.157 (0.013)  Data Time:  0.004 (0.005)
2022-03-31 09:57:00,867:INFO:   Eta: 0:51:18
2022-03-31 09:58:47,108:INFO: Test: [136]  ADE: 0.4641  FDE: 0.8093
2022-03-31 09:59:13,299:INFO: Train: [137][2075/2076]  Loss -0.1854 (-1.3925)  Time:  0.138 (0.013)  Data Time:  0.005 (0.005)
2022-03-31 09:59:13,300:INFO:   Eta: 0:49:16
2022-03-31 09:59:42,131:INFO: Train: [138][2075/2076]  Loss -0.2722 (-1.2959)  Time:  0.189 (0.014)  Data Time:  0.004 (0.004)
2022-03-31 09:59:42,132:INFO:   Eta: 0:53:47
2022-03-31 10:00:08,458:INFO: Train: [139][2075/2076]  Loss -0.3041 (-1.2929)  Time:  0.135 (0.013)  Data Time:  0.004 (0.004)
2022-03-31 10:00:08,460:INFO:   Eta: 0:48:40
2022-03-31 10:00:34,443:INFO: Train: [140][2075/2076]  Loss -0.3100 (-1.4517)  Time:  0.165 (0.013)  Data Time:  0.004 (0.004)
2022-03-31 10:00:34,445:INFO:   Eta: 0:47:36
2022-03-31 10:01:01,249:INFO: Train: [141][2075/2076]  Loss -0.3526 (-1.3796)  Time:  0.161 (0.013)  Data Time:  0.004 (0.004)
2022-03-31 10:01:01,251:INFO:   Eta: 0:48:39
2022-03-31 10:01:28,686:INFO: Train: [142][2075/2076]  Loss -0.2833 (-1.4429)  Time:  0.144 (0.013)  Data Time:  0.005 (0.005)
2022-03-31 10:01:28,688:INFO:   Eta: 0:49:21
2022-03-31 10:01:55,662:INFO: Train: [143][2075/2076]  Loss -0.3393 (-1.4152)  Time:  0.148 (0.013)  Data Time:  0.004 (0.005)
2022-03-31 10:01:55,664:INFO:   Eta: 0:48:04
2022-03-31 10:02:22,519:INFO: Train: [144][2075/2076]  Loss -0.3559 (-1.4161)  Time:  0.173 (0.013)  Data Time:  0.005 (0.004)
2022-03-31 10:02:22,520:INFO:   Eta: 0:47:24
2022-03-31 10:02:49,203:INFO: Train: [145][2075/2076]  Loss -0.3320 (-1.2972)  Time:  0.140 (0.013)  Data Time:  0.004 (0.004)
2022-03-31 10:02:49,204:INFO:   Eta: 0:46:39
2022-03-31 10:03:16,123:INFO: Train: [146][2075/2076]  Loss -0.3094 (-1.4312)  Time:  0.162 (0.013)  Data Time:  0.004 (0.004)
2022-03-31 10:03:16,125:INFO:   Eta: 0:46:37
2022-03-31 10:05:05,741:INFO: Test: [146]  ADE: 0.4750  FDE: 0.8605
2022-03-31 10:05:32,929:INFO: Train: [147][2075/2076]  Loss -0.2851 (-1.3187)  Time:  0.153 (0.013)  Data Time:  0.007 (0.005)
2022-03-31 10:05:32,930:INFO:   Eta: 0:46:37
2022-03-31 10:06:00,254:INFO: Train: [148][2075/2076]  Loss -0.3154 (-1.4417)  Time:  0.179 (0.013)  Data Time:  0.003 (0.004)
2022-03-31 10:06:00,255:INFO:   Eta: 0:46:25
2022-03-31 10:06:25,706:INFO: Train: [149][2075/2076]  Loss -0.3667 (-1.4470)  Time:  0.155 (0.012)  Data Time:  0.004 (0.004)
2022-03-31 10:06:25,711:INFO:   Eta: 0:42:48
2022-03-31 10:06:52,739:INFO: Train: [150][2075/2076]  Loss -0.3726 (-1.6572)  Time:  0.147 (0.013)  Data Time:  0.003 (0.004)
2022-03-31 10:06:52,740:INFO:   Eta: 0:45:00
2022-03-31 10:07:19,883:INFO: Train: [151][2075/2076]  Loss -0.3866 (-1.6807)  Time:  0.155 (0.013)  Data Time:  0.004 (0.004)
2022-03-31 10:07:19,884:INFO:   Eta: 0:44:45
2022-03-31 10:07:25,118:INFO: Valid: [151][529/530]  Loss -5.7967 (-4.1182)
2022-03-31 10:07:25,125:INFO: Checkpoint saved...
2022-03-31 10:07:52,225:INFO: Train: [152][2075/2076]  Loss -0.2186 (-1.6488)  Time:  0.163 (0.013)  Data Time:  0.004 (0.004)
2022-03-31 10:07:52,225:INFO:   Eta: 0:44:14
2022-03-31 10:07:57,360:INFO: Valid: [152][529/530]  Loss -6.6556 (-4.6761)
2022-03-31 10:07:57,379:INFO: Checkpoint saved...
2022-03-31 10:08:24,541:INFO: Train: [153][2075/2076]  Loss -0.3583 (-1.6512)  Time:  0.152 (0.013)  Data Time:  0.005 (0.005)
2022-03-31 10:08:24,542:INFO:   Eta: 0:43:53
2022-03-31 10:08:29,795:INFO: Valid: [153][529/530]  Loss -6.5495 (-4.6031)
2022-03-31 10:08:56,378:INFO: Train: [154][2075/2076]  Loss -0.3102 (-1.6896)  Time:  0.142 (0.013)  Data Time:  0.005 (0.004)
2022-03-31 10:08:56,380:INFO:   Eta: 0:42:30
2022-03-31 10:09:01,411:INFO: Valid: [154][529/530]  Loss -6.6987 (-4.7280)
2022-03-31 10:09:01,423:INFO: Checkpoint saved...
2022-03-31 10:09:27,817:INFO: Train: [155][2075/2076]  Loss -0.3043 (-1.6281)  Time:  0.146 (0.013)  Data Time:  0.004 (0.004)
2022-03-31 10:09:27,817:INFO:   Eta: 0:41:45
2022-03-31 10:09:32,945:INFO: Valid: [155][529/530]  Loss -5.6922 (-4.0536)
2022-03-31 10:09:56,256:INFO: Train: [156][2075/2076]  Loss -0.2826 (-1.5664)  Time:  0.173 (0.011)  Data Time:  0.005 (0.004)
2022-03-31 10:09:56,258:INFO:   Eta: 0:36:29
2022-03-31 10:10:02,159:INFO: Valid: [156][529/530]  Loss -6.4974 (-4.5793)
2022-03-31 10:11:50,263:INFO: Test: [156]  ADE: 0.4723  FDE: 0.8703
2022-03-31 10:12:16,304:INFO: Train: [157][2075/2076]  Loss -0.3664 (-1.6085)  Time:  0.144 (0.013)  Data Time:  0.005 (0.004)
2022-03-31 10:12:16,306:INFO:   Eta: 0:40:19
2022-03-31 10:12:21,294:INFO: Valid: [157][529/530]  Loss -6.0438 (-4.2691)
2022-03-31 10:12:47,532:INFO: Train: [158][2075/2076]  Loss -0.3568 (-1.5920)  Time:  0.137 (0.013)  Data Time:  0.004 (0.004)
2022-03-31 10:12:47,532:INFO:   Eta: 0:40:12
2022-03-31 10:12:52,602:INFO: Valid: [158][529/530]  Loss -4.3168 (-3.1807)
2022-03-31 10:13:19,242:INFO: Train: [159][2075/2076]  Loss -0.3383 (-1.6602)  Time:  0.142 (0.013)  Data Time:  0.004 (0.004)
2022-03-31 10:13:19,243:INFO:   Eta: 0:40:21
2022-03-31 10:13:24,427:INFO: Valid: [159][529/530]  Loss -6.7072 (-4.7014)
2022-03-31 10:13:24,442:INFO: Checkpoint saved...
2022-03-31 10:13:51,438:INFO: Train: [160][2075/2076]  Loss -0.4405 (-1.6374)  Time:  0.167 (0.013)  Data Time:  0.005 (0.004)
2022-03-31 10:13:51,440:INFO:   Eta: 0:40:28
2022-03-31 10:13:56,480:INFO: Valid: [160][529/530]  Loss -4.6437 (-3.4366)
2022-03-31 10:14:23,778:INFO: Train: [161][2075/2076]  Loss -0.2998 (-1.6913)  Time:  0.151 (0.013)  Data Time:  0.005 (0.004)
2022-03-31 10:14:23,779:INFO:   Eta: 0:40:27
2022-03-31 10:14:28,860:INFO: Valid: [161][529/530]  Loss -5.9482 (-4.2322)
2022-03-31 10:14:55,565:INFO: Train: [162][2075/2076]  Loss -0.3627 (-1.6356)  Time:  0.180 (0.013)  Data Time:  0.004 (0.004)
2022-03-31 10:14:55,566:INFO:   Eta: 0:39:08
2022-03-31 10:15:00,708:INFO: Valid: [162][529/530]  Loss -6.2189 (-4.4408)
2022-03-31 10:15:26,189:INFO: Train: [163][2075/2076]  Loss -0.3885 (-1.6773)  Time:  0.145 (0.012)  Data Time:  0.004 (0.004)
2022-03-31 10:15:26,190:INFO:   Eta: 0:36:55
2022-03-31 10:15:31,117:INFO: Valid: [163][529/530]  Loss -5.6063 (-4.0056)
2022-03-31 10:15:57,388:INFO: Train: [164][2075/2076]  Loss -0.2531 (-1.6916)  Time:  0.164 (0.013)  Data Time:  0.004 (0.004)
2022-03-31 10:15:57,389:INFO:   Eta: 0:37:37
2022-03-31 10:16:02,539:INFO: Valid: [164][529/530]  Loss -6.5587 (-4.6347)
2022-03-31 10:16:29,319:INFO: Train: [165][2075/2076]  Loss -0.3776 (-1.5915)  Time:  0.141 (0.013)  Data Time:  0.004 (0.005)
2022-03-31 10:16:29,319:INFO:   Eta: 0:37:54
2022-03-31 10:16:34,470:INFO: Valid: [165][529/530]  Loss -6.7515 (-4.7587)
2022-03-31 10:16:34,477:INFO: Checkpoint saved...
2022-03-31 10:17:01,308:INFO: Train: [166][2075/2076]  Loss -0.3356 (-1.6589)  Time:  0.168 (0.013)  Data Time:  0.005 (0.004)
2022-03-31 10:17:01,309:INFO:   Eta: 0:37:32
2022-03-31 10:17:06,392:INFO: Valid: [166][529/530]  Loss -6.5756 (-4.6556)
2022-03-31 10:18:51,040:INFO: Test: [166]  ADE: 0.4735  FDE: 0.8719
2022-03-31 10:19:17,864:INFO: Train: [167][2075/2076]  Loss -0.3727 (-1.7186)  Time:  0.147 (0.013)  Data Time:  0.005 (0.005)
2022-03-31 10:19:17,866:INFO:   Eta: 0:37:03
2022-03-31 10:19:22,975:INFO: Valid: [167][529/530]  Loss -6.1225 (-4.3493)
2022-03-31 10:19:49,812:INFO: Train: [168][2075/2076]  Loss -0.3392 (-1.5635)  Time:  0.143 (0.013)  Data Time:  0.005 (0.004)
2022-03-31 10:19:49,813:INFO:   Eta: 0:36:38
2022-03-31 10:19:54,934:INFO: Valid: [168][529/530]  Loss -6.2326 (-4.4382)
2022-03-31 10:20:21,402:INFO: Train: [169][2075/2076]  Loss -0.3531 (-1.6645)  Time:  0.161 (0.013)  Data Time:  0.003 (0.004)
2022-03-31 10:20:21,403:INFO:   Eta: 0:35:42
2022-03-31 10:20:26,476:INFO: Valid: [169][529/530]  Loss -6.6475 (-4.7003)
2022-03-31 10:20:55,014:INFO: Train: [170][2075/2076]  Loss -0.3968 (-1.5908)  Time:  0.137 (0.014)  Data Time:  0.004 (0.004)
2022-03-31 10:20:55,015:INFO:   Eta: 0:38:01
2022-03-31 10:21:00,199:INFO: Valid: [170][529/530]  Loss -5.9942 (-4.2475)
2022-03-31 10:21:24,885:INFO: Train: [171][2075/2076]  Loss -0.4235 (-1.7110)  Time:  0.141 (0.012)  Data Time:  0.004 (0.004)
2022-03-31 10:21:24,886:INFO:   Eta: 0:32:28
2022-03-31 10:21:30,080:INFO: Valid: [171][529/530]  Loss -5.9767 (-4.2654)
2022-03-31 10:21:57,109:INFO: Train: [172][2075/2076]  Loss -0.4177 (-1.7017)  Time:  0.142 (0.013)  Data Time:  0.004 (0.005)
2022-03-31 10:21:57,110:INFO:   Eta: 0:35:07
2022-03-31 10:22:02,286:INFO: Valid: [172][529/530]  Loss -6.4943 (-4.5791)
2022-03-31 10:22:29,156:INFO: Train: [173][2075/2076]  Loss -0.4062 (-1.6981)  Time:  0.156 (0.013)  Data Time:  0.003 (0.004)
2022-03-31 10:22:29,285:INFO:   Eta: 0:34:27
2022-03-31 10:22:34,475:INFO: Valid: [173][529/530]  Loss -6.1455 (-4.3486)
2022-03-31 10:23:01,276:INFO: Train: [174][2075/2076]  Loss -0.4196 (-1.6740)  Time:  0.164 (0.013)  Data Time:  0.005 (0.004)
2022-03-31 10:23:01,277:INFO:   Eta: 0:33:55
2022-03-31 10:23:06,407:INFO: Valid: [174][529/530]  Loss -4.7303 (-3.3824)
2022-03-31 10:23:33,141:INFO: Train: [175][2075/2076]  Loss -0.4136 (-1.7289)  Time:  0.135 (0.013)  Data Time:  0.004 (0.004)
2022-03-31 10:23:33,142:INFO:   Eta: 0:33:23
2022-03-31 10:23:38,210:INFO: Valid: [175][529/530]  Loss -5.9539 (-4.2251)
2022-03-31 10:24:04,456:INFO: Train: [176][2075/2076]  Loss -0.3812 (-1.7231)  Time:  0.139 (0.013)  Data Time:  0.005 (0.004)
2022-03-31 10:24:04,456:INFO:   Eta: 0:32:20
2022-03-31 10:24:09,561:INFO: Valid: [176][529/530]  Loss -5.8028 (-4.1266)
2022-03-31 10:25:53,850:INFO: Test: [176]  ADE: 0.5120  FDE: 0.9360
2022-03-31 10:26:20,255:INFO: Train: [177][2075/2076]  Loss -0.4069 (-1.6019)  Time:  0.140 (0.013)  Data Time:  0.004 (0.004)
2022-03-31 10:26:20,256:INFO:   Eta: 0:32:05
2022-03-31 10:26:25,298:INFO: Valid: [177][529/530]  Loss -5.7306 (-4.0418)
2022-03-31 10:26:50,371:INFO: Train: [178][2075/2076]  Loss -0.3276 (-1.7141)  Time:  0.146 (0.012)  Data Time:  0.003 (0.004)
2022-03-31 10:26:50,372:INFO:   Eta: 0:30:03
2022-03-31 10:26:55,552:INFO: Valid: [178][529/530]  Loss -5.6877 (-4.0295)
2022-03-31 10:27:21,250:INFO: Train: [179][2075/2076]  Loss -0.3668 (-1.7037)  Time:  0.160 (0.012)  Data Time:  0.006 (0.004)
2022-03-31 10:27:21,250:INFO:   Eta: 0:30:23
2022-03-31 10:27:26,476:INFO: Valid: [179][529/530]  Loss -6.6483 (-4.6708)
2022-03-31 10:27:53,392:INFO: Train: [180][2075/2076]  Loss -0.3228 (-1.6196)  Time:  0.138 (0.013)  Data Time:  0.004 (0.005)
2022-03-31 10:27:53,393:INFO:   Eta: 0:31:22
2022-03-31 10:27:58,578:INFO: Valid: [180][529/530]  Loss -5.6120 (-4.0254)
2022-03-31 10:28:25,093:INFO: Train: [181][2075/2076]  Loss -0.3398 (-1.7155)  Time:  0.149 (0.013)  Data Time:  0.005 (0.004)
2022-03-31 10:28:25,095:INFO:   Eta: 0:30:28
2022-03-31 10:28:30,309:INFO: Valid: [181][529/530]  Loss -4.9959 (-3.5841)
2022-03-31 10:28:57,118:INFO: Train: [182][2075/2076]  Loss -0.3861 (-1.6324)  Time:  0.147 (0.013)  Data Time:  0.005 (0.004)
2022-03-31 10:28:57,119:INFO:   Eta: 0:30:21
2022-03-31 10:29:02,385:INFO: Valid: [182][529/530]  Loss -5.9925 (-4.2483)
2022-03-31 10:29:28,972:INFO: Train: [183][2075/2076]  Loss -0.3361 (-1.6394)  Time:  0.136 (0.013)  Data Time:  0.005 (0.004)
2022-03-31 10:29:28,973:INFO:   Eta: 0:29:40
2022-03-31 10:29:34,252:INFO: Valid: [183][529/530]  Loss -6.3210 (-4.4643)
2022-03-31 10:30:01,123:INFO: Train: [184][2075/2076]  Loss -0.3665 (-1.7182)  Time:  0.154 (0.013)  Data Time:  0.004 (0.005)
2022-03-31 10:30:01,124:INFO:   Eta: 0:29:32
2022-03-31 10:30:06,084:INFO: Valid: [184][529/530]  Loss -6.4962 (-4.5634)
2022-03-31 10:30:31,408:INFO: Train: [185][2075/2076]  Loss -0.2924 (-1.6402)  Time:  0.136 (0.012)  Data Time:  0.004 (0.004)
2022-03-31 10:30:31,410:INFO:   Eta: 0:27:24
2022-03-31 10:30:36,538:INFO: Valid: [185][529/530]  Loss -6.6584 (-4.6634)
2022-03-31 10:31:01,768:INFO: Train: [186][2075/2076]  Loss -0.3432 (-1.6872)  Time:  0.150 (0.012)  Data Time:  0.005 (0.004)
2022-03-31 10:31:01,868:INFO:   Eta: 0:26:53
2022-03-31 10:31:07,487:INFO: Valid: [186][529/530]  Loss -6.1851 (-4.3552)
2022-03-31 10:32:55,947:INFO: Test: [186]  ADE: 0.4732  FDE: 0.8445
2022-03-31 10:33:22,579:INFO: Train: [187][2075/2076]  Loss -0.3031 (-1.5969)  Time:  0.144 (0.013)  Data Time:  0.003 (0.004)
2022-03-31 10:33:22,580:INFO:   Eta: 0:27:56
2022-03-31 10:33:27,681:INFO: Valid: [187][529/530]  Loss -6.5969 (-4.6637)
2022-03-31 10:33:54,437:INFO: Train: [188][2075/2076]  Loss -0.3336 (-1.6161)  Time:  0.143 (0.013)  Data Time:  0.005 (0.005)
2022-03-31 10:33:54,438:INFO:   Eta: 0:27:37
2022-03-31 10:33:59,506:INFO: Valid: [188][529/530]  Loss -6.4876 (-4.5918)
2022-03-31 10:34:25,876:INFO: Train: [189][2075/2076]  Loss -0.3808 (-1.7263)  Time:  0.155 (0.013)  Data Time:  0.004 (0.004)
2022-03-31 10:34:25,878:INFO:   Eta: 0:26:47
2022-03-31 10:34:30,953:INFO: Valid: [189][529/530]  Loss -6.5324 (-4.5828)
2022-03-31 10:34:57,549:INFO: Train: [190][2075/2076]  Loss -0.4503 (-1.7310)  Time:  0.136 (0.013)  Data Time:  0.004 (0.004)
2022-03-31 10:34:57,552:INFO:   Eta: 0:26:34
2022-03-31 10:35:02,741:INFO: Valid: [190][529/530]  Loss -5.6686 (-3.9987)
2022-03-31 10:35:29,351:INFO: Train: [191][2075/2076]  Loss -0.3953 (-1.7529)  Time:  0.138 (0.013)  Data Time:  0.004 (0.005)
2022-03-31 10:35:29,353:INFO:   Eta: 0:26:08
2022-03-31 10:35:34,684:INFO: Valid: [191][529/530]  Loss -6.5559 (-4.6277)
2022-03-31 10:36:01,059:INFO: Train: [192][2075/2076]  Loss -0.4386 (-1.6379)  Time:  0.141 (0.013)  Data Time:  0.004 (0.004)
2022-03-31 10:36:01,060:INFO:   Eta: 0:25:28
2022-03-31 10:36:06,035:INFO: Valid: [192][529/530]  Loss -6.5333 (-4.6202)
2022-03-31 10:36:30,922:INFO: Train: [193][2075/2076]  Loss -0.4756 (-1.6860)  Time:  0.129 (0.012)  Data Time:  0.004 (0.004)
2022-03-31 10:36:30,923:INFO:   Eta: 0:23:37
2022-03-31 10:36:35,869:INFO: Valid: [193][529/530]  Loss -5.2095 (-3.6695)
2022-03-31 10:37:02,029:INFO: Train: [194][2075/2076]  Loss -0.4192 (-1.7416)  Time:  0.143 (0.013)  Data Time:  0.004 (0.004)
2022-03-31 10:37:02,030:INFO:   Eta: 0:24:24
2022-03-31 10:37:07,147:INFO: Valid: [194][529/530]  Loss -5.9020 (-4.2079)
2022-03-31 10:37:33,878:INFO: Train: [195][2075/2076]  Loss -0.3382 (-1.7410)  Time:  0.140 (0.013)  Data Time:  0.004 (0.005)
2022-03-31 10:37:33,879:INFO:   Eta: 0:24:29
2022-03-31 10:37:38,986:INFO: Valid: [195][529/530]  Loss -5.4924 (-3.9035)
2022-03-31 10:38:05,738:INFO: Train: [196][2075/2076]  Loss -0.3763 (-1.6168)  Time:  0.148 (0.013)  Data Time:  0.005 (0.005)
2022-03-31 10:38:05,740:INFO:   Eta: 0:24:03
2022-03-31 10:38:11,009:INFO: Valid: [196][529/530]  Loss -6.4859 (-4.5370)
2022-03-31 10:39:54,284:INFO: Test: [196]  ADE: 0.4780  FDE: 0.8666
2022-03-31 10:40:20,463:INFO: Train: [197][2075/2076]  Loss -0.3930 (-1.7491)  Time:  0.137 (0.013)  Data Time:  0.003 (0.004)
2022-03-31 10:40:20,465:INFO:   Eta: 0:23:05
2022-03-31 10:40:25,703:INFO: Valid: [197][529/530]  Loss -3.9807 (-2.8980)
2022-03-31 10:40:52,265:INFO: Train: [198][2075/2076]  Loss -0.3272 (-1.7425)  Time:  0.149 (0.013)  Data Time:  0.005 (0.004)
2022-03-31 10:40:52,268:INFO:   Eta: 0:23:00
2022-03-31 10:40:57,137:INFO: Valid: [198][529/530]  Loss -5.5277 (-3.9384)
2022-03-31 10:41:23,515:INFO: Train: [199][2075/2076]  Loss -0.3943 (-1.6894)  Time:  0.139 (0.013)  Data Time:  0.005 (0.005)
2022-03-31 10:41:23,515:INFO:   Eta: 0:22:24
2022-03-31 10:41:28,384:INFO: Valid: [199][529/530]  Loss -6.0427 (-4.2856)
2022-03-31 10:41:56,312:INFO: Train: [200][2075/2076]  Loss -0.4057 (-1.7340)  Time:  0.157 (0.013)  Data Time:  0.004 (0.005)
2022-03-31 10:41:56,314:INFO:   Eta: 0:23:15
2022-03-31 10:42:02,255:INFO: Valid: [200][529/530]  Loss -6.2700 (-4.4052)
2022-03-31 10:42:28,385:INFO: Train: [201][2075/2076]  Loss -0.3631 (-1.7594)  Time:  0.138 (0.013)  Data Time:  0.004 (0.004)
2022-03-31 10:42:28,386:INFO:   Eta: 0:21:19
2022-03-31 10:42:33,376:INFO: Valid: [201][529/530]  Loss -5.9102 (-4.1732)
2022-03-31 10:42:58,335:INFO: Train: [202][2075/2076]  Loss -0.3670 (-1.7301)  Time:  0.158 (0.012)  Data Time:  0.005 (0.004)
2022-03-31 10:42:58,336:INFO:   Eta: 0:19:57
2022-03-31 10:43:03,361:INFO: Valid: [202][529/530]  Loss -6.1317 (-4.3410)
2022-03-31 10:43:29,717:INFO: Train: [203][2075/2076]  Loss -0.4476 (-1.7324)  Time:  0.147 (0.013)  Data Time:  0.005 (0.004)
2022-03-31 10:43:29,718:INFO:   Eta: 0:20:37
2022-03-31 10:43:34,612:INFO: Valid: [203][529/530]  Loss -5.0982 (-3.6302)
2022-03-31 10:44:00,481:INFO: Train: [204][2075/2076]  Loss -0.4127 (-1.7411)  Time:  0.122 (0.012)  Data Time:  0.003 (0.004)
2022-03-31 10:44:00,482:INFO:   Eta: 0:19:49
2022-03-31 10:44:05,426:INFO: Valid: [204][529/530]  Loss -6.5508 (-4.5844)
2022-03-31 10:44:29,851:INFO: Train: [205][2075/2076]  Loss -0.3539 (-1.7062)  Time:  0.133 (0.012)  Data Time:  0.004 (0.004)
2022-03-31 10:44:29,853:INFO:   Eta: 0:18:18
2022-03-31 10:44:34,871:INFO: Valid: [205][529/530]  Loss -6.2099 (-4.3760)
2022-03-31 10:45:05,590:INFO: Train: [206][2075/2076]  Loss -0.3597 (-1.6723)  Time:  0.157 (0.015)  Data Time:  0.005 (0.004)
2022-03-31 10:45:05,592:INFO:   Eta: 0:22:30
2022-03-31 10:45:10,569:INFO: Valid: [206][529/530]  Loss -4.5222 (-3.2387)
2022-03-31 10:46:52,483:INFO: Test: [206]  ADE: 0.5268  FDE: 0.8998
2022-03-31 10:47:15,459:INFO: Train: [207][2075/2076]  Loss -0.3549 (-1.6429)  Time:  0.116 (0.011)  Data Time:  0.002 (0.003)
2022-03-31 10:47:15,461:INFO:   Eta: 0:16:26
2022-03-31 10:47:20,402:INFO: Valid: [207][529/530]  Loss -6.4038 (-4.5304)
2022-03-31 10:47:43,719:INFO: Train: [208][2075/2076]  Loss -0.3858 (-1.6942)  Time:  0.126 (0.011)  Data Time:  0.006 (0.003)
2022-03-31 10:47:43,721:INFO:   Eta: 0:16:18
2022-03-31 10:47:48,531:INFO: Valid: [208][529/530]  Loss -6.0347 (-4.2298)
2022-03-31 10:48:10,766:INFO: Train: [209][2075/2076]  Loss -0.4272 (-1.6660)  Time:  0.114 (0.011)  Data Time:  0.003 (0.003)
2022-03-31 10:48:10,766:INFO:   Eta: 0:15:10
2022-03-31 10:48:15,551:INFO: Valid: [209][529/530]  Loss -5.9908 (-4.2107)
2022-03-31 10:48:36,849:INFO: Train: [210][2075/2076]  Loss -0.4704 (-1.6605)  Time:  0.125 (0.010)  Data Time:  0.003 (0.003)
2022-03-31 10:48:36,850:INFO:   Eta: 0:14:11
2022-03-31 10:48:41,574:INFO: Valid: [210][529/530]  Loss -6.3571 (-4.4671)
2022-03-31 10:49:04,380:INFO: Train: [211][2075/2076]  Loss -0.3498 (-1.7063)  Time:  0.125 (0.011)  Data Time:  0.004 (0.003)
2022-03-31 10:49:04,381:INFO:   Eta: 0:14:48
2022-03-31 10:49:09,207:INFO: Valid: [211][529/530]  Loss -6.2515 (-4.4184)
2022-03-31 10:49:31,920:INFO: Train: [212][2075/2076]  Loss -0.3394 (-1.7160)  Time:  0.136 (0.011)  Data Time:  0.004 (0.003)
2022-03-31 10:49:31,921:INFO:   Eta: 0:14:22
2022-03-31 10:49:36,906:INFO: Valid: [212][529/530]  Loss -6.4784 (-4.5691)
2022-03-31 10:49:59,103:INFO: Train: [213][2075/2076]  Loss -0.4293 (-1.6157)  Time:  0.118 (0.011)  Data Time:  0.003 (0.003)
2022-03-31 10:49:59,104:INFO:   Eta: 0:13:40
2022-03-31 10:50:03,922:INFO: Valid: [213][529/530]  Loss -6.1162 (-4.3306)
2022-03-31 10:50:23,511:INFO: Train: [214][2075/2076]  Loss -0.4003 (-1.7618)  Time:  0.120 (0.009)  Data Time:  0.002 (0.002)
2022-03-31 10:50:23,512:INFO:   Eta: 0:11:44
2022-03-31 10:50:28,169:INFO: Valid: [214][529/530]  Loss -5.2504 (-3.7220)
2022-03-31 10:50:47,603:INFO: Train: [215][2075/2076]  Loss -0.4047 (-1.7539)  Time:  0.109 (0.009)  Data Time:  0.001 (0.002)
2022-03-31 10:50:47,604:INFO:   Eta: 0:11:19
2022-03-31 10:50:52,257:INFO: Valid: [215][529/530]  Loss -5.9443 (-4.1724)
2022-03-31 10:51:11,841:INFO: Train: [216][2075/2076]  Loss -0.4190 (-1.7402)  Time:  0.109 (0.009)  Data Time:  0.001 (0.002)
2022-03-31 10:51:11,842:INFO:   Eta: 0:11:05
2022-03-31 10:51:16,698:INFO: Valid: [216][529/530]  Loss -4.2992 (-3.1505)
2022-03-31 10:52:58,972:INFO: Test: [216]  ADE: 0.5397  FDE: 0.9946
2022-03-31 10:53:18,335:INFO: Train: [217][2075/2076]  Loss -0.4084 (-1.6631)  Time:  0.109 (0.009)  Data Time:  0.003 (0.002)
2022-03-31 10:53:18,337:INFO:   Eta: 0:10:38
2022-03-31 10:53:23,331:INFO: Valid: [217][529/530]  Loss -5.9079 (-4.1859)
2022-03-31 10:53:42,129:INFO: Train: [218][2075/2076]  Loss -0.4101 (-1.7524)  Time:  0.148 (0.009)  Data Time:  0.001 (0.002)
2022-03-31 10:53:42,130:INFO:   Eta: 0:10:00
2022-03-31 10:53:47,096:INFO: Valid: [218][529/530]  Loss -6.0939 (-4.2828)
2022-03-31 10:54:06,717:INFO: Train: [219][2075/2076]  Loss -0.4448 (-1.7069)  Time:  0.109 (0.009)  Data Time:  0.003 (0.003)
2022-03-31 10:54:06,718:INFO:   Eta: 0:10:07
2022-03-31 10:54:11,461:INFO: Valid: [219][529/530]  Loss -6.3579 (-4.4939)
2022-03-31 10:54:30,913:INFO: Train: [220][2075/2076]  Loss -0.2635 (-1.6873)  Time:  0.113 (0.009)  Data Time:  0.003 (0.002)
2022-03-31 10:54:30,914:INFO:   Eta: 0:09:43
2022-03-31 10:54:35,561:INFO: Valid: [220][529/530]  Loss -6.5383 (-4.6030)
2022-03-31 10:54:54,868:INFO: Train: [221][2075/2076]  Loss -0.3916 (-1.7032)  Time:  0.132 (0.009)  Data Time:  0.003 (0.002)
2022-03-31 10:54:54,869:INFO:   Eta: 0:09:19
2022-03-31 10:54:59,526:INFO: Valid: [221][529/530]  Loss -5.8511 (-4.1038)
2022-03-31 10:55:18,046:INFO: Train: [222][2075/2076]  Loss -0.2752 (-1.7600)  Time:  0.095 (0.009)  Data Time:  0.001 (0.002)
2022-03-31 10:55:18,048:INFO:   Eta: 0:08:38
2022-03-31 10:55:22,792:INFO: Valid: [222][529/530]  Loss -5.9289 (-4.1819)
2022-03-31 10:55:40,055:INFO: Train: [223][2075/2076]  Loss -0.3264 (-1.7623)  Time:  0.098 (0.008)  Data Time:  0.002 (0.001)
2022-03-31 10:55:40,056:INFO:   Eta: 0:07:45
2022-03-31 10:55:44,786:INFO: Valid: [223][529/530]  Loss -5.8432 (-4.1265)
2022-03-31 10:56:01,960:INFO: Train: [224][2075/2076]  Loss -0.3818 (-1.7068)  Time:  0.102 (0.008)  Data Time:  0.002 (0.001)
2022-03-31 10:56:01,961:INFO:   Eta: 0:07:26
2022-03-31 10:56:06,638:INFO: Valid: [224][529/530]  Loss -6.1336 (-4.3035)
2022-03-31 10:56:23,286:INFO: Train: [225][2075/2076]  Loss -0.3711 (-1.7936)  Time:  0.097 (0.008)  Data Time:  0.001 (0.001)
2022-03-31 10:56:23,288:INFO:   Eta: 0:06:55
2022-03-31 10:56:28,045:INFO: Valid: [225][529/530]  Loss -4.5671 (-3.2659)
2022-03-31 10:56:44,401:INFO: Train: [226][2075/2076]  Loss -0.4274 (-1.7119)  Time:  0.102 (0.008)  Data Time:  0.001 (0.001)
2022-03-31 10:56:44,403:INFO:   Eta: 0:06:31
2022-03-31 10:56:49,227:INFO: Valid: [226][529/530]  Loss -5.9460 (-4.1675)
2022-03-31 10:58:26,638:INFO: Test: [226]  ADE: 0.5119  FDE: 0.9268
2022-03-31 10:58:43,568:INFO: Train: [227][2075/2076]  Loss -0.3474 (-1.7543)  Time:  0.100 (0.008)  Data Time:  0.002 (0.002)
2022-03-31 10:58:43,570:INFO:   Eta: 0:06:28
2022-03-31 10:58:48,413:INFO: Valid: [227][529/530]  Loss -5.6746 (-4.0054)
2022-03-31 10:59:05,528:INFO: Train: [228][2075/2076]  Loss -0.3214 (-1.7139)  Time:  0.120 (0.008)  Data Time:  0.002 (0.001)
2022-03-31 10:59:05,530:INFO:   Eta: 0:06:16
2022-03-31 10:59:10,308:INFO: Valid: [228][529/530]  Loss -5.7792 (-4.0979)
2022-03-31 10:59:27,205:INFO: Train: [229][2075/2076]  Loss -0.4083 (-1.6940)  Time:  0.133 (0.008)  Data Time:  0.002 (0.001)
2022-03-31 10:59:27,206:INFO:   Eta: 0:05:54
2022-03-31 10:59:31,995:INFO: Valid: [229][529/530]  Loss -6.3946 (-4.4783)
2022-03-31 10:59:48,820:INFO: Train: [230][2075/2076]  Loss -0.3977 (-1.7565)  Time:  0.128 (0.008)  Data Time:  0.001 (0.001)
2022-03-31 10:59:48,821:INFO:   Eta: 0:05:36
2022-03-31 10:59:53,351:INFO: Valid: [230][529/530]  Loss -6.3036 (-4.4173)
2022-03-31 11:00:10,341:INFO: Train: [231][2075/2076]  Loss -0.3672 (-1.7578)  Time:  0.125 (0.008)  Data Time:  0.001 (0.001)
2022-03-31 11:00:10,342:INFO:   Eta: 0:05:22
2022-03-31 11:00:14,913:INFO: Valid: [231][529/530]  Loss -6.0713 (-4.2572)
2022-03-31 11:00:32,169:INFO: Train: [232][2075/2076]  Loss -0.4182 (-1.7177)  Time:  0.100 (0.008)  Data Time:  0.002 (0.001)
2022-03-31 11:00:32,170:INFO:   Eta: 0:05:10
2022-03-31 11:00:36,908:INFO: Valid: [232][529/530]  Loss -6.3201 (-4.4382)
2022-03-31 11:00:51,916:INFO: Train: [233][2075/2076]  Loss -0.4337 (-1.7378)  Time:  0.083 (0.007)  Data Time:  0.000 (0.001)
2022-03-31 11:00:51,918:INFO:   Eta: 0:04:14
2022-03-31 11:00:56,666:INFO: Valid: [233][529/530]  Loss -5.2907 (-3.7571)
2022-03-31 11:01:10,845:INFO: Train: [234][2075/2076]  Loss -0.3930 (-1.7737)  Time:  0.084 (0.007)  Data Time:  0.000 (0.000)
2022-03-31 11:01:10,845:INFO:   Eta: 0:03:46
2022-03-31 11:01:15,467:INFO: Valid: [234][529/530]  Loss -6.3087 (-4.4326)
2022-03-31 11:01:29,767:INFO: Train: [235][2075/2076]  Loss -0.4258 (-1.7488)  Time:  0.097 (0.007)  Data Time:  0.000 (0.000)
2022-03-31 11:01:29,768:INFO:   Eta: 0:03:34
2022-03-31 11:01:34,671:INFO: Valid: [235][529/530]  Loss -6.5284 (-4.5803)
2022-03-31 11:01:48,877:INFO: Train: [236][2075/2076]  Loss -0.4432 (-1.6512)  Time:  0.085 (0.007)  Data Time:  0.000 (0.000)
2022-03-31 11:01:48,877:INFO:   Eta: 0:03:18
2022-03-31 11:01:53,613:INFO: Valid: [236][529/530]  Loss -6.1249 (-4.2990)
2022-03-31 11:03:31,595:INFO: Test: [236]  ADE: 0.5145  FDE: 0.9549
2022-03-31 11:03:45,815:INFO: Train: [237][2075/2076]  Loss -0.3725 (-1.6677)  Time:  0.093 (0.007)  Data Time:  0.000 (0.000)
2022-03-31 11:03:45,816:INFO:   Eta: 0:03:04
2022-03-31 11:03:50,308:INFO: Valid: [237][529/530]  Loss -5.7191 (-4.0689)
2022-03-31 11:04:04,478:INFO: Train: [238][2075/2076]  Loss -0.3602 (-1.7068)  Time:  0.091 (0.007)  Data Time:  0.000 (0.000)
2022-03-31 11:04:04,479:INFO:   Eta: 0:02:49
2022-03-31 11:04:09,072:INFO: Valid: [238][529/530]  Loss -5.8593 (-4.1507)
2022-03-31 11:04:23,143:INFO: Train: [239][2075/2076]  Loss -0.2592 (-1.6910)  Time:  0.082 (0.007)  Data Time:  0.000 (0.000)
2022-03-31 11:04:23,144:INFO:   Eta: 0:02:34
2022-03-31 11:04:27,832:INFO: Valid: [239][529/530]  Loss -6.2204 (-4.3240)
2022-03-31 11:04:41,845:INFO: Train: [240][2075/2076]  Loss -0.3918 (-1.7837)  Time:  0.084 (0.007)  Data Time:  0.000 (0.000)
2022-03-31 11:04:42,033:INFO:   Eta: 0:02:19
2022-03-31 11:04:46,740:INFO: Valid: [240][529/530]  Loss -6.0332 (-4.2422)
2022-03-31 11:05:01,608:INFO: Train: [241][2075/2076]  Loss -0.3823 (-1.7634)  Time:  0.106 (0.007)  Data Time:  0.000 (0.000)
2022-03-31 11:05:01,611:INFO:   Eta: 0:02:09
2022-03-31 11:05:06,440:INFO: Valid: [241][529/530]  Loss -5.1407 (-3.6568)
2022-03-31 11:05:21,104:INFO: Train: [242][2075/2076]  Loss -0.3374 (-1.7547)  Time:  0.086 (0.007)  Data Time:  0.000 (0.000)
2022-03-31 11:05:21,105:INFO:   Eta: 0:01:55
2022-03-31 11:05:25,977:INFO: Valid: [242][529/530]  Loss -6.0891 (-4.2902)
