2022-03-31 08:05:53,487:INFO: batch_size=128
2022-03-31 08:05:53,488:INFO: clip_grad=None
2022-03-31 08:05:53,488:INFO: dataset=zara1
2022-03-31 08:05:53,488:INFO: gpu_num=0
2022-03-31 08:05:53,488:INFO: input_size=2
2022-03-31 08:05:53,488:INFO: kernel_size=3
2022-03-31 08:05:53,488:INFO: lr=0.01
2022-03-31 08:05:53,488:INFO: lr_sh_rate=150
2022-03-31 08:05:53,488:INFO: model=social_stgcnn6
2022-03-31 08:05:53,488:INFO: n_stgcnn=1
2022-03-31 08:05:53,488:INFO: n_txpcnn=5
2022-03-31 08:05:53,488:INFO: num_epochs=250
2022-03-31 08:05:53,489:INFO: obs_seq_len=8
2022-03-31 08:05:53,489:INFO: output_size=5
2022-03-31 08:05:53,489:INFO: pred_seq_len=12
2022-03-31 08:05:53,489:INFO: seed=0
2022-03-31 08:05:53,489:INFO: tag=zara1
2022-03-31 08:05:53,489:INFO: use_lrschd=True
2022-03-31 08:05:53,489:INFO: ******************************
2022-03-31 08:05:53,489:INFO: Training initiating....
2022-03-31 08:05:53,489:INFO: Namespace(batch_size=128, clip_grad=None, dataset='zara1', gpu_num='0', input_size=2, kernel_size=3, lr=0.01, lr_sh_rate=150, model='social_stgcnn6', n_stgcnn=1, n_txpcnn=5, num_epochs=250, obs_seq_len=8, output_size=5, pred_seq_len=12, seed=0, tag='zara1', use_lrschd=True)
2022-03-31 08:05:53,494:INFO: Initializing train dataset
2022-03-31 08:06:09,087:INFO: Initializing val dataset
2022-03-31 08:06:29,428:INFO: social_stgcnn6
2022-03-31 08:06:29,431:INFO: Data and model loaded
2022-03-31 08:06:29,431:INFO: Checkpoint dir: ./runs/Mar31_08-05-53_node09/zara1/checkpoint
2022-03-31 08:06:29,431:INFO: Training started ...
2022-03-31 08:07:01,565:INFO: Train: [0][2321/2322]  Loss 0.1090 (1.4854)  Time:  0.100 (0.014)  Data Time:  0.004 (0.004)
2022-03-31 08:07:01,565:INFO:   Eta: 2:13:51
2022-03-31 08:07:32,167:INFO: Train: [1][2321/2322]  Loss 0.0990 (0.6426)  Time:  0.119 (0.013)  Data Time:  0.006 (0.005)
2022-03-31 08:07:32,168:INFO:   Eta: 2:06:56
2022-03-31 08:08:02,520:INFO: Train: [2][2321/2322]  Loss 0.0162 (0.4457)  Time:  0.101 (0.013)  Data Time:  0.005 (0.005)
2022-03-31 08:08:02,521:INFO:   Eta: 2:05:23
2022-03-31 08:08:32,998:INFO: Train: [3][2321/2322]  Loss 0.0276 (0.2820)  Time:  0.102 (0.013)  Data Time:  0.005 (0.005)
2022-03-31 08:08:32,999:INFO:   Eta: 2:05:24
2022-03-31 08:09:03,263:INFO: Train: [4][2321/2322]  Loss -0.0153 (0.2335)  Time:  0.102 (0.013)  Data Time:  0.004 (0.005)
2022-03-31 08:09:03,264:INFO:   Eta: 2:04:01
2022-03-31 08:09:33,680:INFO: Train: [5][2321/2322]  Loss -0.0349 (-0.0245)  Time:  0.105 (0.013)  Data Time:  0.005 (0.005)
2022-03-31 08:09:33,681:INFO:   Eta: 2:04:08
2022-03-31 08:10:00,777:INFO: Train: [6][2321/2322]  Loss 0.1176 (-0.0526)  Time:  0.100 (0.012)  Data Time:  0.003 (0.004)
2022-03-31 08:10:00,778:INFO:   Eta: 1:50:07
2022-03-31 08:10:19,486:INFO: Test: [6]  ADE: 0.7931  FDE: 1.0850
2022-03-31 08:10:44,285:INFO: Train: [7][2321/2322]  Loss -0.0154 (-0.1643)  Time:  0.092 (0.011)  Data Time:  0.003 (0.003)
2022-03-31 08:10:44,286:INFO:   Eta: 1:40:22
2022-03-31 08:11:11,231:INFO: Train: [8][2321/2322]  Loss -0.0065 (-0.0609)  Time:  0.104 (0.012)  Data Time:  0.004 (0.004)
2022-03-31 08:11:11,232:INFO:   Eta: 1:48:37
2022-03-31 08:11:40,695:INFO: Train: [9][2321/2322]  Loss -0.0762 (-0.3091)  Time:  0.107 (0.013)  Data Time:  0.005 (0.004)
2022-03-31 08:11:40,696:INFO:   Eta: 1:58:17
2022-03-31 08:12:10,886:INFO: Train: [10][2321/2322]  Loss -0.0391 (-0.2721)  Time:  0.115 (0.013)  Data Time:  0.005 (0.005)
2022-03-31 08:12:10,887:INFO:   Eta: 2:00:41
2022-03-31 08:12:40,876:INFO: Train: [11][2321/2322]  Loss -0.0557 (-0.2986)  Time:  0.100 (0.013)  Data Time:  0.005 (0.005)
2022-03-31 08:12:40,878:INFO:   Eta: 1:59:23
2022-03-31 08:13:11,203:INFO: Train: [12][2321/2322]  Loss -0.0270 (-0.3933)  Time:  0.099 (0.013)  Data Time:  0.005 (0.005)
2022-03-31 08:13:11,204:INFO:   Eta: 2:00:12
2022-03-31 08:13:42,904:INFO: Train: [13][2321/2322]  Loss -0.0062 (-0.5030)  Time:  0.095 (0.014)  Data Time:  0.004 (0.004)
2022-03-31 08:13:42,904:INFO:   Eta: 2:05:09
2022-03-31 08:14:12,469:INFO: Train: [14][2321/2322]  Loss -0.0548 (-0.4340)  Time:  0.107 (0.013)  Data Time:  0.005 (0.005)
2022-03-31 08:14:12,470:INFO:   Eta: 1:56:14
2022-03-31 08:14:42,065:INFO: Train: [15][2321/2322]  Loss -0.1108 (-0.4631)  Time:  0.094 (0.013)  Data Time:  0.004 (0.004)
2022-03-31 08:14:42,065:INFO:   Eta: 1:55:52
2022-03-31 08:15:10,782:INFO: Train: [16][2321/2322]  Loss -0.0863 (-0.5382)  Time:  0.092 (0.012)  Data Time:  0.003 (0.004)
2022-03-31 08:15:10,783:INFO:   Eta: 1:51:57
2022-03-31 08:15:30,782:INFO: Test: [16]  ADE: 0.5777  FDE: 0.8137
2022-03-31 08:15:59,029:INFO: Train: [17][2321/2322]  Loss -0.0774 (-0.5491)  Time:  0.080 (0.012)  Data Time:  0.003 (0.004)
2022-03-31 08:15:59,030:INFO:   Eta: 1:49:36
2022-03-31 08:16:25,135:INFO: Train: [18][2321/2322]  Loss -0.0599 (-0.5670)  Time:  0.093 (0.011)  Data Time:  0.003 (0.004)
2022-03-31 08:16:25,135:INFO:   Eta: 1:40:53
2022-03-31 08:16:51,168:INFO: Train: [19][2321/2322]  Loss -0.0494 (-0.6227)  Time:  0.091 (0.011)  Data Time:  0.004 (0.004)
2022-03-31 08:16:51,169:INFO:   Eta: 1:40:10
2022-03-31 08:17:17,550:INFO: Train: [20][2321/2322]  Loss -0.0816 (-0.6670)  Time:  0.100 (0.011)  Data Time:  0.004 (0.004)
2022-03-31 08:17:17,551:INFO:   Eta: 1:41:05
2022-03-31 08:17:46,343:INFO: Train: [21][2321/2322]  Loss -0.0873 (-0.6324)  Time:  0.094 (0.012)  Data Time:  0.004 (0.004)
2022-03-31 08:17:46,344:INFO:   Eta: 1:49:50
2022-03-31 08:18:16,193:INFO: Train: [22][2321/2322]  Loss -0.1316 (-0.6955)  Time:  0.101 (0.013)  Data Time:  0.005 (0.005)
2022-03-31 08:18:16,194:INFO:   Eta: 1:53:22
2022-03-31 08:18:46,551:INFO: Train: [23][2321/2322]  Loss -0.0972 (-0.7727)  Time:  0.103 (0.013)  Data Time:  0.005 (0.005)
2022-03-31 08:18:46,552:INFO:   Eta: 1:54:48
2022-03-31 08:19:16,228:INFO: Train: [24][2321/2322]  Loss -0.0523 (-0.6978)  Time:  0.124 (0.013)  Data Time:  0.004 (0.005)
2022-03-31 08:19:16,229:INFO:   Eta: 1:51:44
2022-03-31 08:19:46,340:INFO: Train: [25][2321/2322]  Loss -0.0535 (-0.6894)  Time:  0.100 (0.013)  Data Time:  0.004 (0.005)
2022-03-31 08:19:46,341:INFO:   Eta: 1:52:51
2022-03-31 08:20:14,186:INFO: Train: [26][2321/2322]  Loss -0.0655 (-0.7993)  Time:  0.091 (0.012)  Data Time:  0.004 (0.004)
2022-03-31 08:20:14,186:INFO:   Eta: 1:43:54
2022-03-31 08:20:34,146:INFO: Test: [26]  ADE: 0.7372  FDE: 1.0792
2022-03-31 08:21:04,151:INFO: Train: [27][2321/2322]  Loss -0.1005 (-0.7357)  Time:  0.094 (0.013)  Data Time:  0.004 (0.005)
2022-03-31 08:21:04,151:INFO:   Eta: 1:51:27
2022-03-31 08:21:33,509:INFO: Train: [28][2321/2322]  Loss -0.1289 (-0.8377)  Time:  0.107 (0.013)  Data Time:  0.004 (0.005)
2022-03-31 08:21:33,509:INFO:   Eta: 1:48:34
2022-03-31 08:22:01,874:INFO: Train: [29][2321/2322]  Loss -0.1433 (-0.7138)  Time:  0.078 (0.012)  Data Time:  0.002 (0.004)
2022-03-31 08:22:01,910:INFO:   Eta: 1:44:26
2022-03-31 08:22:28,356:INFO: Train: [30][2321/2322]  Loss -0.0926 (-0.9140)  Time:  0.087 (0.011)  Data Time:  0.003 (0.004)
2022-03-31 08:22:28,357:INFO:   Eta: 1:36:18
2022-03-31 08:22:53,785:INFO: Train: [31][2321/2322]  Loss -0.1098 (-0.8399)  Time:  0.103 (0.011)  Data Time:  0.004 (0.003)
2022-03-31 08:22:53,785:INFO:   Eta: 1:32:46
2022-03-31 08:23:20,377:INFO: Train: [32][2321/2322]  Loss -0.1832 (-0.8066)  Time:  0.098 (0.011)  Data Time:  0.004 (0.004)
2022-03-31 08:23:20,378:INFO:   Eta: 1:36:34
2022-03-31 08:23:49,029:INFO: Train: [33][2321/2322]  Loss -0.0988 (-0.9021)  Time:  0.102 (0.012)  Data Time:  0.005 (0.004)
2022-03-31 08:23:49,116:INFO:   Eta: 1:43:34
2022-03-31 08:24:22,130:INFO: Train: [34][2321/2322]  Loss -0.1349 (-0.8689)  Time:  0.093 (0.014)  Data Time:  0.004 (0.005)
2022-03-31 08:24:22,132:INFO:   Eta: 1:57:56
2022-03-31 08:24:52,791:INFO: Train: [35][2321/2322]  Loss -0.1145 (-0.8228)  Time:  0.097 (0.013)  Data Time:  0.004 (0.005)
2022-03-31 08:24:52,791:INFO:   Eta: 1:49:48
2022-03-31 08:25:21,152:INFO: Train: [36][2321/2322]  Loss -0.1147 (-0.9219)  Time:  0.093 (0.012)  Data Time:  0.003 (0.004)
2022-03-31 08:25:21,153:INFO:   Eta: 1:41:06
2022-03-31 08:25:41,296:INFO: Test: [36]  ADE: 0.5341  FDE: 0.8178
2022-03-31 08:26:11,607:INFO: Train: [37][2321/2322]  Loss -0.1244 (-0.9038)  Time:  0.097 (0.013)  Data Time:  0.002 (0.005)
2022-03-31 08:26:11,608:INFO:   Eta: 1:46:43
2022-03-31 08:26:41,637:INFO: Train: [38][2321/2322]  Loss -0.1575 (-1.0005)  Time:  0.099 (0.013)  Data Time:  0.005 (0.005)
2022-03-31 08:26:41,638:INFO:   Eta: 1:46:03
2022-03-31 08:27:11,224:INFO: Train: [39][2321/2322]  Loss -0.1296 (-0.9092)  Time:  0.104 (0.013)  Data Time:  0.004 (0.005)
2022-03-31 08:27:11,226:INFO:   Eta: 1:43:59
2022-03-31 08:27:41,347:INFO: Train: [40][2321/2322]  Loss -0.0904 (-0.9109)  Time:  0.100 (0.013)  Data Time:  0.005 (0.004)
2022-03-31 08:27:41,347:INFO:   Eta: 1:45:22
2022-03-31 08:28:09,921:INFO: Train: [41][2321/2322]  Loss -0.1883 (-0.8867)  Time:  0.094 (0.012)  Data Time:  0.003 (0.004)
2022-03-31 08:28:09,922:INFO:   Eta: 1:39:29
2022-03-31 08:28:36,637:INFO: Train: [42][2321/2322]  Loss -0.1386 (-1.0518)  Time:  0.088 (0.012)  Data Time:  0.004 (0.004)
2022-03-31 08:28:36,638:INFO:   Eta: 1:32:34
2022-03-31 08:29:03,770:INFO: Train: [43][2321/2322]  Loss -0.1475 (-0.9952)  Time:  0.107 (0.012)  Data Time:  0.004 (0.004)
2022-03-31 08:29:03,771:INFO:   Eta: 1:33:33
2022-03-31 08:29:30,741:INFO: Train: [44][2321/2322]  Loss -0.1571 (-1.0651)  Time:  0.093 (0.012)  Data Time:  0.003 (0.004)
2022-03-31 08:29:30,742:INFO:   Eta: 1:32:33
2022-03-31 08:30:00,882:INFO: Train: [45][2321/2322]  Loss -0.0900 (-1.0571)  Time:  0.095 (0.013)  Data Time:  0.005 (0.005)
2022-03-31 08:30:00,883:INFO:   Eta: 1:42:55
2022-03-31 08:30:28,797:INFO: Train: [46][2321/2322]  Loss -0.1588 (-1.0463)  Time:  0.087 (0.012)  Data Time:  0.004 (0.004)
2022-03-31 08:30:28,798:INFO:   Eta: 1:34:51
2022-03-31 08:30:49,681:INFO: Test: [46]  ADE: 0.5438  FDE: 0.8496
2022-03-31 08:31:19,659:INFO: Train: [47][2321/2322]  Loss -0.1530 (-1.0642)  Time:  0.098 (0.013)  Data Time:  0.005 (0.005)
2022-03-31 08:31:19,660:INFO:   Eta: 1:41:22
2022-03-31 08:31:49,631:INFO: Train: [48][2321/2322]  Loss -0.1351 (-0.9967)  Time:  0.094 (0.013)  Data Time:  0.005 (0.005)
2022-03-31 08:31:49,632:INFO:   Eta: 1:40:51
2022-03-31 08:32:19,565:INFO: Train: [49][2321/2322]  Loss -0.1912 (-0.9800)  Time:  0.095 (0.013)  Data Time:  0.004 (0.005)
2022-03-31 08:32:19,566:INFO:   Eta: 1:40:14
2022-03-31 08:32:49,187:INFO: Train: [50][2321/2322]  Loss -0.1997 (-1.1262)  Time:  0.097 (0.013)  Data Time:  0.003 (0.005)
2022-03-31 08:32:49,188:INFO:   Eta: 1:38:41
2022-03-31 08:33:19,127:INFO: Train: [51][2321/2322]  Loss -0.1934 (-1.0431)  Time:  0.111 (0.013)  Data Time:  0.005 (0.005)
2022-03-31 08:33:19,190:INFO:   Eta: 1:39:15
2022-03-31 08:33:49,828:INFO: Train: [52][2321/2322]  Loss -0.1982 (-1.1632)  Time:  0.100 (0.013)  Data Time:  0.005 (0.004)
2022-03-31 08:33:49,829:INFO:   Eta: 1:40:34
2022-03-31 08:34:17,667:INFO: Train: [53][2321/2322]  Loss -0.1913 (-1.1396)  Time:  0.092 (0.012)  Data Time:  0.005 (0.004)
2022-03-31 08:34:17,667:INFO:   Eta: 1:31:21
2022-03-31 08:34:47,741:INFO: Train: [54][2321/2322]  Loss -0.1626 (-1.0089)  Time:  0.088 (0.013)  Data Time:  0.003 (0.004)
2022-03-31 08:34:47,742:INFO:   Eta: 1:38:11
2022-03-31 08:35:14,160:INFO: Train: [55][2321/2322]  Loss -0.1744 (-1.1167)  Time:  0.108 (0.011)  Data Time:  0.003 (0.003)
2022-03-31 08:35:14,160:INFO:   Eta: 1:25:48
2022-03-31 08:35:38,588:INFO: Train: [56][2321/2322]  Loss -0.1522 (-1.1789)  Time:  0.107 (0.011)  Data Time:  0.003 (0.003)
2022-03-31 08:35:38,589:INFO:   Eta: 1:18:55
2022-03-31 08:35:59,327:INFO: Test: [56]  ADE: 0.4331  FDE: 0.5585
2022-03-31 08:36:30,049:INFO: Train: [57][2321/2322]  Loss -0.1946 (-1.2230)  Time:  0.113 (0.013)  Data Time:  0.006 (0.005)
2022-03-31 08:36:30,057:INFO:   Eta: 1:38:32
2022-03-31 08:37:00,658:INFO: Train: [58][2321/2322]  Loss -0.1623 (-1.1919)  Time:  0.113 (0.013)  Data Time:  0.005 (0.005)
2022-03-31 08:37:00,661:INFO:   Eta: 1:37:52
2022-03-31 08:37:31,251:INFO: Train: [59][2321/2322]  Loss -0.1656 (-1.1402)  Time:  0.105 (0.013)  Data Time:  0.005 (0.005)
2022-03-31 08:37:31,327:INFO:   Eta: 1:37:16
2022-03-31 08:38:02,632:INFO: Train: [60][2321/2322]  Loss -0.1450 (-1.0176)  Time:  0.097 (0.013)  Data Time:  0.004 (0.005)
2022-03-31 08:38:02,707:INFO:   Eta: 1:35:40
2022-03-31 08:38:33,123:INFO: Train: [61][2321/2322]  Loss -0.1785 (-1.1572)  Time:  0.113 (0.013)  Data Time:  0.005 (0.004)
2022-03-31 08:38:33,123:INFO:   Eta: 1:34:04
2022-03-31 08:39:03,730:INFO: Train: [62][2321/2322]  Loss -0.1441 (-1.1813)  Time:  0.103 (0.013)  Data Time:  0.005 (0.005)
2022-03-31 08:39:03,731:INFO:   Eta: 1:35:51
2022-03-31 08:39:34,352:INFO: Train: [63][2321/2322]  Loss -0.0829 (-1.1857)  Time:  0.098 (0.013)  Data Time:  0.005 (0.005)
2022-03-31 08:39:34,353:INFO:   Eta: 1:35:22
2022-03-31 08:40:04,837:INFO: Train: [64][2321/2322]  Loss -0.1388 (-1.0409)  Time:  0.095 (0.013)  Data Time:  0.004 (0.005)
2022-03-31 08:40:04,838:INFO:   Eta: 1:34:27
2022-03-31 08:40:33,744:INFO: Train: [65][2321/2322]  Loss -0.2021 (-1.2014)  Time:  0.096 (0.012)  Data Time:  0.002 (0.004)
2022-03-31 08:40:33,745:INFO:   Eta: 1:29:04
2022-03-31 08:40:57,993:INFO: Train: [66][2321/2322]  Loss -0.1432 (-1.1785)  Time:  0.089 (0.010)  Data Time:  0.003 (0.003)
2022-03-31 08:40:57,994:INFO:   Eta: 1:14:19
2022-03-31 08:41:18,229:INFO: Test: [66]  ADE: 0.4706  FDE: 0.7615
2022-03-31 08:41:45,597:INFO: Train: [67][2321/2322]  Loss -0.2003 (-1.1764)  Time:  0.091 (0.012)  Data Time:  0.003 (0.004)
2022-03-31 08:41:45,599:INFO:   Eta: 1:23:24
2022-03-31 08:42:14,358:INFO: Train: [68][2321/2322]  Loss -0.1406 (-1.2538)  Time:  0.119 (0.012)  Data Time:  0.004 (0.004)
2022-03-31 08:42:14,359:INFO:   Eta: 1:27:11
2022-03-31 08:42:45,759:INFO: Train: [69][2321/2322]  Loss -0.2112 (-1.2211)  Time:  0.099 (0.014)  Data Time:  0.004 (0.005)
2022-03-31 08:42:45,760:INFO:   Eta: 1:34:41
2022-03-31 08:43:16,435:INFO: Train: [70][2321/2322]  Loss -0.1448 (-1.2129)  Time:  0.102 (0.013)  Data Time:  0.004 (0.005)
2022-03-31 08:43:16,436:INFO:   Eta: 1:31:58
2022-03-31 08:43:46,922:INFO: Train: [71][2321/2322]  Loss -0.0802 (-1.2806)  Time:  0.100 (0.013)  Data Time:  0.004 (0.005)
2022-03-31 08:43:46,930:INFO:   Eta: 1:30:54
2022-03-31 08:44:17,045:INFO: Train: [72][2321/2322]  Loss -0.1950 (-1.2025)  Time:  0.111 (0.013)  Data Time:  0.005 (0.004)
2022-03-31 08:44:17,046:INFO:   Eta: 1:29:05
2022-03-31 08:44:47,793:INFO: Train: [73][2321/2322]  Loss -0.1674 (-1.2999)  Time:  0.097 (0.013)  Data Time:  0.005 (0.005)
2022-03-31 08:44:47,794:INFO:   Eta: 1:30:39
2022-03-31 08:45:19,748:INFO: Train: [74][2321/2322]  Loss -0.1839 (-1.2982)  Time:  0.116 (0.014)  Data Time:  0.005 (0.004)
2022-03-31 08:45:19,749:INFO:   Eta: 1:33:41
2022-03-31 08:45:49,063:INFO: Train: [75][2321/2322]  Loss -0.2130 (-1.0192)  Time:  0.092 (0.013)  Data Time:  0.003 (0.004)
2022-03-31 08:45:49,064:INFO:   Eta: 1:25:27
2022-03-31 08:46:17,344:INFO: Train: [76][2321/2322]  Loss -0.1607 (-1.1710)  Time:  0.107 (0.012)  Data Time:  0.004 (0.004)
2022-03-31 08:46:17,345:INFO:   Eta: 1:21:58
2022-03-31 08:46:37,951:INFO: Test: [76]  ADE: 0.4706  FDE: 0.7414
2022-03-31 08:47:05,580:INFO: Train: [77][2321/2322]  Loss -0.1822 (-1.2404)  Time:  0.100 (0.012)  Data Time:  0.004 (0.004)
2022-03-31 08:47:05,581:INFO:   Eta: 1:19:37
2022-03-31 08:47:32,454:INFO: Train: [78][2321/2322]  Loss -0.1774 (-1.2366)  Time:  0.088 (0.012)  Data Time:  0.003 (0.004)
2022-03-31 08:47:32,455:INFO:   Eta: 1:16:59
2022-03-31 08:47:59,102:INFO: Train: [79][2321/2322]  Loss -0.1533 (-1.1127)  Time:  0.083 (0.011)  Data Time:  0.004 (0.004)
2022-03-31 08:47:59,103:INFO:   Eta: 1:15:54
2022-03-31 08:48:27,006:INFO: Train: [80][2321/2322]  Loss -0.1510 (-1.2090)  Time:  0.100 (0.012)  Data Time:  0.005 (0.004)
2022-03-31 08:48:27,006:INFO:   Eta: 1:19:01
2022-03-31 08:48:57,517:INFO: Train: [81][2321/2322]  Loss -0.1574 (-1.3483)  Time:  0.101 (0.013)  Data Time:  0.006 (0.005)
2022-03-31 08:48:57,518:INFO:   Eta: 1:25:54
2022-03-31 08:49:27,657:INFO: Train: [82][2321/2322]  Loss -0.1979 (-1.2669)  Time:  0.089 (0.013)  Data Time:  0.004 (0.004)
2022-03-31 08:49:27,658:INFO:   Eta: 1:24:21
2022-03-31 08:49:57,767:INFO: Train: [83][2321/2322]  Loss -0.2239 (-1.3079)  Time:  0.100 (0.013)  Data Time:  0.004 (0.005)
2022-03-31 08:49:57,768:INFO:   Eta: 1:23:46
2022-03-31 08:50:27,834:INFO: Train: [84][2321/2322]  Loss -0.1880 (-1.4045)  Time:  0.102 (0.013)  Data Time:  0.005 (0.005)
2022-03-31 08:50:27,835:INFO:   Eta: 1:23:09
2022-03-31 08:50:55,790:INFO: Train: [85][2321/2322]  Loss -0.2011 (-1.2749)  Time:  0.107 (0.012)  Data Time:  0.004 (0.004)
2022-03-31 08:50:55,791:INFO:   Eta: 1:16:50
2022-03-31 08:51:24,482:INFO: Train: [86][2321/2322]  Loss -0.2097 (-1.3612)  Time:  0.104 (0.012)  Data Time:  0.005 (0.004)
2022-03-31 08:51:24,483:INFO:   Eta: 1:18:23
2022-03-31 08:51:45,160:INFO: Test: [86]  ADE: 0.3933  FDE: 0.5834
2022-03-31 08:52:15,802:INFO: Train: [87][2321/2322]  Loss -0.1489 (-1.3705)  Time:  0.106 (0.013)  Data Time:  0.005 (0.005)
2022-03-31 08:52:15,803:INFO:   Eta: 1:23:12
2022-03-31 08:52:45,883:INFO: Train: [88][2321/2322]  Loss -0.1811 (-1.3767)  Time:  0.105 (0.013)  Data Time:  0.005 (0.004)
2022-03-31 08:52:45,884:INFO:   Eta: 1:21:10
2022-03-31 08:53:13,519:INFO: Train: [89][2321/2322]  Loss -0.1788 (-1.2650)  Time:  0.093 (0.012)  Data Time:  0.004 (0.004)
2022-03-31 08:53:13,519:INFO:   Eta: 1:14:07
2022-03-31 08:53:40,772:INFO: Train: [90][2321/2322]  Loss -0.1864 (-1.2281)  Time:  0.108 (0.012)  Data Time:  0.004 (0.004)
2022-03-31 08:53:40,773:INFO:   Eta: 1:12:38
2022-03-31 08:54:07,985:INFO: Train: [91][2321/2322]  Loss -0.1946 (-1.3864)  Time:  0.097 (0.012)  Data Time:  0.004 (0.004)
2022-03-31 08:54:07,986:INFO:   Eta: 1:12:04
2022-03-31 08:54:36,224:INFO: Train: [92][2321/2322]  Loss -0.1779 (-1.3148)  Time:  0.100 (0.012)  Data Time:  0.005 (0.004)
2022-03-31 08:54:36,224:INFO:   Eta: 1:14:19
2022-03-31 08:55:06,870:INFO: Train: [93][2321/2322]  Loss -0.2257 (-1.3806)  Time:  0.092 (0.013)  Data Time:  0.003 (0.005)
2022-03-31 08:55:06,870:INFO:   Eta: 1:20:09
2022-03-31 08:55:36,366:INFO: Train: [94][2321/2322]  Loss -0.2120 (-1.4305)  Time:  0.101 (0.013)  Data Time:  0.004 (0.004)
2022-03-31 08:55:36,367:INFO:   Eta: 1:16:39
2022-03-31 08:56:06,798:INFO: Train: [95][2321/2322]  Loss -0.2052 (-1.2301)  Time:  0.090 (0.013)  Data Time:  0.004 (0.004)
2022-03-31 08:56:06,798:INFO:   Eta: 1:18:34
2022-03-31 08:56:36,415:INFO: Train: [96][2321/2322]  Loss -0.1505 (-1.4129)  Time:  0.098 (0.013)  Data Time:  0.004 (0.004)
2022-03-31 08:56:36,416:INFO:   Eta: 1:15:59
2022-03-31 08:56:57,214:INFO: Test: [96]  ADE: 0.4601  FDE: 0.7025
2022-03-31 08:57:28,098:INFO: Train: [97][2321/2322]  Loss -0.2087 (-1.3561)  Time:  0.101 (0.013)  Data Time:  0.005 (0.005)
2022-03-31 08:57:28,104:INFO:   Eta: 1:18:41
2022-03-31 08:57:58,663:INFO: Train: [98][2321/2322]  Loss -0.2138 (-1.3151)  Time:  0.104 (0.013)  Data Time:  0.005 (0.005)
2022-03-31 08:57:58,664:INFO:   Eta: 1:17:13
2022-03-31 08:58:29,637:INFO: Train: [99][2321/2322]  Loss -0.1870 (-1.4264)  Time:  0.098 (0.013)  Data Time:  0.005 (0.005)
2022-03-31 08:58:29,638:INFO:   Eta: 1:17:54
2022-03-31 08:59:00,437:INFO: Train: [100][2321/2322]  Loss -0.1933 (-1.4164)  Time:  0.108 (0.013)  Data Time:  0.005 (0.005)
2022-03-31 08:59:00,438:INFO:   Eta: 1:16:58
2022-03-31 08:59:27,950:INFO: Train: [101][2321/2322]  Loss -0.2032 (-1.1795)  Time:  0.092 (0.012)  Data Time:  0.003 (0.004)
2022-03-31 08:59:27,951:INFO:   Eta: 1:08:17
2022-03-31 08:59:54,589:INFO: Train: [102][2321/2322]  Loss -0.2496 (-1.3902)  Time:  0.106 (0.011)  Data Time:  0.003 (0.004)
2022-03-31 08:59:54,590:INFO:   Eta: 1:05:40
2022-03-31 09:00:22,018:INFO: Train: [103][2321/2322]  Loss -0.2244 (-1.4725)  Time:  0.090 (0.012)  Data Time:  0.003 (0.004)
2022-03-31 09:00:22,019:INFO:   Eta: 1:07:09
2022-03-31 09:00:48,657:INFO: Train: [104][2321/2322]  Loss -0.1663 (-1.3692)  Time:  0.090 (0.011)  Data Time:  0.003 (0.004)
2022-03-31 09:00:48,657:INFO:   Eta: 1:04:46
2022-03-31 09:01:16,723:INFO: Train: [105][2321/2322]  Loss -0.1676 (-1.2897)  Time:  0.082 (0.012)  Data Time:  0.003 (0.004)
2022-03-31 09:01:16,724:INFO:   Eta: 1:07:47
2022-03-31 09:01:47,027:INFO: Train: [106][2321/2322]  Loss -0.2591 (-1.3956)  Time:  0.096 (0.013)  Data Time:  0.005 (0.004)
2022-03-31 09:01:47,028:INFO:   Eta: 1:12:41
2022-03-31 09:02:07,315:INFO: Test: [106]  ADE: 0.3991  FDE: 0.6365
2022-03-31 09:02:37,897:INFO: Train: [107][2321/2322]  Loss -0.1538 (-1.4093)  Time:  0.109 (0.013)  Data Time:  0.005 (0.005)
2022-03-31 09:02:37,898:INFO:   Eta: 1:12:50
2022-03-31 09:03:08,422:INFO: Train: [108][2321/2322]  Loss -0.1680 (-1.4024)  Time:  0.111 (0.013)  Data Time:  0.005 (0.005)
2022-03-31 09:03:08,423:INFO:   Eta: 1:12:12
2022-03-31 09:03:38,954:INFO: Train: [109][2321/2322]  Loss -0.2122 (-1.2867)  Time:  0.105 (0.013)  Data Time:  0.004 (0.004)
2022-03-31 09:03:38,955:INFO:   Eta: 1:11:43
2022-03-31 09:04:09,594:INFO: Train: [110][2321/2322]  Loss -0.2153 (-1.4569)  Time:  0.120 (0.013)  Data Time:  0.005 (0.005)
2022-03-31 09:04:09,595:INFO:   Eta: 1:11:26
2022-03-31 09:04:40,405:INFO: Train: [111][2321/2322]  Loss -0.1621 (-1.2518)  Time:  0.104 (0.013)  Data Time:  0.004 (0.005)
2022-03-31 09:04:40,407:INFO:   Eta: 1:11:20
2022-03-31 09:05:11,444:INFO: Train: [112][2321/2322]  Loss -0.1811 (-1.4915)  Time:  0.112 (0.013)  Data Time:  0.005 (0.005)
2022-03-31 09:05:11,444:INFO:   Eta: 1:11:19
2022-03-31 09:05:39,561:INFO: Train: [113][2321/2322]  Loss -0.1858 (-1.4038)  Time:  0.092 (0.012)  Data Time:  0.004 (0.004)
2022-03-31 09:05:39,562:INFO:   Eta: 1:04:10
2022-03-31 09:06:05,123:INFO: Train: [114][2321/2322]  Loss -0.1988 (-1.4863)  Time:  0.087 (0.011)  Data Time:  0.003 (0.003)
2022-03-31 09:06:05,123:INFO:   Eta: 0:57:53
2022-03-31 09:06:32,027:INFO: Train: [115][2321/2322]  Loss -0.2225 (-1.5145)  Time:  0.075 (0.011)  Data Time:  0.002 (0.002)
2022-03-31 09:06:32,027:INFO:   Eta: 0:59:46
2022-03-31 09:06:58,647:INFO: Train: [116][2321/2322]  Loss -0.2339 (-1.4979)  Time:  0.112 (0.011)  Data Time:  0.004 (0.004)
2022-03-31 09:06:58,649:INFO:   Eta: 0:59:25
2022-03-31 09:07:18,911:INFO: Test: [116]  ADE: 0.4766  FDE: 0.7474
2022-03-31 09:07:49,287:INFO: Train: [117][2321/2322]  Loss -0.2172 (-1.4836)  Time:  0.096 (0.013)  Data Time:  0.004 (0.005)
2022-03-31 09:07:49,288:INFO:   Eta: 1:07:17
2022-03-31 09:08:19,334:INFO: Train: [118][2321/2322]  Loss -0.2220 (-1.4601)  Time:  0.104 (0.013)  Data Time:  0.004 (0.004)
2022-03-31 09:08:19,335:INFO:   Eta: 1:06:04
2022-03-31 09:08:49,531:INFO: Train: [119][2321/2322]  Loss -0.2177 (-1.4644)  Time:  0.122 (0.013)  Data Time:  0.005 (0.004)
2022-03-31 09:08:49,531:INFO:   Eta: 1:05:53
2022-03-31 09:09:19,633:INFO: Train: [120][2321/2322]  Loss -0.1737 (-1.3444)  Time:  0.103 (0.013)  Data Time:  0.005 (0.005)
2022-03-31 09:09:19,634:INFO:   Eta: 1:05:11
2022-03-31 09:09:49,831:INFO: Train: [121][2321/2322]  Loss -0.2085 (-1.4748)  Time:  0.102 (0.013)  Data Time:  0.005 (0.004)
2022-03-31 09:09:49,832:INFO:   Eta: 1:04:53
2022-03-31 09:10:20,147:INFO: Train: [122][2321/2322]  Loss -0.2214 (-1.3668)  Time:  0.111 (0.013)  Data Time:  0.004 (0.005)
2022-03-31 09:10:20,149:INFO:   Eta: 1:04:38
2022-03-31 09:10:50,915:INFO: Train: [123][2321/2322]  Loss -0.1939 (-1.4060)  Time:  0.105 (0.013)  Data Time:  0.005 (0.005)
2022-03-31 09:10:50,916:INFO:   Eta: 1:05:05
2022-03-31 09:11:20,438:INFO: Train: [124][2321/2322]  Loss -0.2333 (-1.5174)  Time:  0.096 (0.013)  Data Time:  0.004 (0.004)
2022-03-31 09:11:20,438:INFO:   Eta: 1:01:58
2022-03-31 09:11:46,661:INFO: Train: [125][2321/2322]  Loss -0.1034 (-1.5411)  Time:  0.085 (0.011)  Data Time:  0.002 (0.003)
2022-03-31 09:11:46,663:INFO:   Eta: 0:54:36
2022-03-31 09:12:12,954:INFO: Train: [126][2321/2322]  Loss -0.1428 (-1.4346)  Time:  0.084 (0.011)  Data Time:  0.004 (0.003)
2022-03-31 09:12:12,955:INFO:   Eta: 0:54:18
2022-03-31 09:12:32,640:INFO: Test: [126]  ADE: 0.3582  FDE: 0.5495
2022-03-31 09:12:59,988:INFO: Train: [127][2321/2322]  Loss -0.1826 (-1.5144)  Time:  0.091 (0.012)  Data Time:  0.003 (0.004)
2022-03-31 09:12:59,997:INFO:   Eta: 0:56:01
2022-03-31 09:13:28,922:INFO: Train: [128][2321/2322]  Loss -0.1379 (-1.4121)  Time:  0.104 (0.012)  Data Time:  0.006 (0.004)
2022-03-31 09:13:28,935:INFO:   Eta: 0:58:45
2022-03-31 09:13:59,507:INFO: Train: [129][2321/2322]  Loss -0.2216 (-1.4271)  Time:  0.110 (0.013)  Data Time:  0.005 (0.005)
2022-03-31 09:13:59,508:INFO:   Eta: 1:01:32
2022-03-31 09:14:29,734:INFO: Train: [130][2321/2322]  Loss -0.1912 (-1.2958)  Time:  0.113 (0.013)  Data Time:  0.005 (0.005)
2022-03-31 09:14:29,735:INFO:   Eta: 1:00:25
2022-03-31 09:14:59,949:INFO: Train: [131][2321/2322]  Loss -0.2485 (-1.5125)  Time:  0.097 (0.013)  Data Time:  0.005 (0.005)
2022-03-31 09:14:59,950:INFO:   Eta: 0:59:53
2022-03-31 09:15:31,087:INFO: Train: [132][2321/2322]  Loss -0.1927 (-1.4174)  Time:  0.106 (0.013)  Data Time:  0.004 (0.005)
2022-03-31 09:15:31,089:INFO:   Eta: 1:01:12
2022-03-31 09:16:01,388:INFO: Train: [133][2321/2322]  Loss -0.2492 (-1.4307)  Time:  0.101 (0.013)  Data Time:  0.004 (0.005)
2022-03-31 09:16:01,389:INFO:   Eta: 0:59:03
2022-03-31 09:16:30,062:INFO: Train: [134][2321/2322]  Loss -0.2355 (-1.3137)  Time:  0.101 (0.012)  Data Time:  0.003 (0.004)
2022-03-31 09:16:30,063:INFO:   Eta: 0:55:24
2022-03-31 09:17:00,004:INFO: Train: [135][2321/2322]  Loss -0.2568 (-1.4003)  Time:  0.118 (0.013)  Data Time:  0.005 (0.004)
2022-03-31 09:17:00,005:INFO:   Eta: 0:57:21
2022-03-31 09:17:31,392:INFO: Train: [136][2321/2322]  Loss -0.1688 (-1.5269)  Time:  0.126 (0.014)  Data Time:  0.004 (0.005)
2022-03-31 09:17:31,393:INFO:   Eta: 0:59:36
2022-03-31 09:17:51,245:INFO: Test: [136]  ADE: 0.4055  FDE: 0.6478
2022-03-31 09:18:18,289:INFO: Train: [137][2321/2322]  Loss -0.1853 (-1.5297)  Time:  0.091 (0.012)  Data Time:  0.004 (0.004)
2022-03-31 09:18:18,290:INFO:   Eta: 0:50:53
2022-03-31 09:18:45,249:INFO: Train: [138][2321/2322]  Loss -0.2249 (-1.5253)  Time:  0.093 (0.012)  Data Time:  0.003 (0.003)
2022-03-31 09:18:45,250:INFO:   Eta: 0:50:17
2022-03-31 09:19:12,243:INFO: Train: [139][2321/2322]  Loss -0.2297 (-1.3033)  Time:  0.091 (0.012)  Data Time:  0.003 (0.004)
2022-03-31 09:19:12,245:INFO:   Eta: 0:49:54
2022-03-31 09:19:41,947:INFO: Train: [140][2321/2322]  Loss -0.2394 (-1.5348)  Time:  0.103 (0.013)  Data Time:  0.005 (0.004)
2022-03-31 09:19:41,948:INFO:   Eta: 0:54:24
2022-03-31 09:20:12,491:INFO: Train: [141][2321/2322]  Loss -0.1442 (-1.4832)  Time:  0.097 (0.013)  Data Time:  0.004 (0.005)
2022-03-31 09:20:12,492:INFO:   Eta: 0:55:27
2022-03-31 09:20:42,900:INFO: Train: [142][2321/2322]  Loss -0.2284 (-1.5965)  Time:  0.102 (0.013)  Data Time:  0.005 (0.005)
2022-03-31 09:20:42,901:INFO:   Eta: 0:54:42
2022-03-31 09:21:13,330:INFO: Train: [143][2321/2322]  Loss -0.2511 (-1.5301)  Time:  0.099 (0.013)  Data Time:  0.004 (0.005)
2022-03-31 09:21:13,331:INFO:   Eta: 0:54:14
2022-03-31 09:21:41,684:INFO: Train: [144][2321/2322]  Loss -0.1886 (-1.5449)  Time:  0.097 (0.012)  Data Time:  0.004 (0.004)
2022-03-31 09:21:41,685:INFO:   Eta: 0:50:03
2022-03-31 09:22:10,487:INFO: Train: [145][2321/2322]  Loss -0.2390 (-1.5083)  Time:  0.101 (0.012)  Data Time:  0.006 (0.004)
2022-03-31 09:22:10,488:INFO:   Eta: 0:50:23
2022-03-31 09:22:41,052:INFO: Train: [146][2321/2322]  Loss -0.2068 (-1.5425)  Time:  0.107 (0.013)  Data Time:  0.005 (0.005)
2022-03-31 09:22:41,053:INFO:   Eta: 0:52:57
2022-03-31 09:23:02,221:INFO: Test: [146]  ADE: 0.4121  FDE: 0.6490
2022-03-31 09:23:31,909:INFO: Train: [147][2321/2322]  Loss -0.2051 (-1.4665)  Time:  0.107 (0.013)  Data Time:  0.005 (0.004)
2022-03-31 09:23:31,909:INFO:   Eta: 0:50:56
2022-03-31 09:24:02,443:INFO: Train: [148][2321/2322]  Loss -0.2295 (-1.5888)  Time:  0.093 (0.013)  Data Time:  0.003 (0.005)
2022-03-31 09:24:02,444:INFO:   Eta: 0:51:53
2022-03-31 09:24:29,267:INFO: Train: [149][2321/2322]  Loss -0.1785 (-1.4579)  Time:  0.089 (0.012)  Data Time:  0.004 (0.004)
2022-03-31 09:24:29,268:INFO:   Eta: 0:45:07
2022-03-31 09:24:56,279:INFO: Train: [150][2321/2322]  Loss -0.2569 (-1.5803)  Time:  0.089 (0.012)  Data Time:  0.003 (0.004)
2022-03-31 09:24:56,280:INFO:   Eta: 0:44:59
2022-03-31 09:25:23,474:INFO: Train: [151][2321/2322]  Loss -0.2770 (-1.7037)  Time:  0.101 (0.012)  Data Time:  0.003 (0.004)
2022-03-31 09:25:23,476:INFO:   Eta: 0:44:50
2022-03-31 09:25:28,900:INFO: Valid: [151][604/605]  Loss -7.4840 (-4.6253)
2022-03-31 09:25:28,910:INFO: Checkpoint saved...
2022-03-31 09:25:58,411:INFO: Train: [152][2321/2322]  Loss -0.2328 (-1.5135)  Time:  0.110 (0.013)  Data Time:  0.003 (0.004)
2022-03-31 09:25:58,412:INFO:   Eta: 0:48:08
2022-03-31 09:26:03,993:INFO: Valid: [152][604/605]  Loss -8.3895 (-5.2060)
2022-03-31 09:26:04,013:INFO: Checkpoint saved...
2022-03-31 09:26:34,863:INFO: Train: [153][2321/2322]  Loss -0.2073 (-1.7340)  Time:  0.105 (0.013)  Data Time:  0.005 (0.004)
2022-03-31 09:26:34,865:INFO:   Eta: 0:49:49
2022-03-31 09:26:40,500:INFO: Valid: [153][604/605]  Loss -7.5386 (-4.6891)
2022-03-31 09:27:09,095:INFO: Train: [154][2321/2322]  Loss -0.2387 (-1.6955)  Time:  0.095 (0.012)  Data Time:  0.004 (0.004)
2022-03-31 09:27:09,096:INFO:   Eta: 0:45:41
2022-03-31 09:27:14,230:INFO: Valid: [154][604/605]  Loss -8.5776 (-5.3458)
2022-03-31 09:27:14,248:INFO: Checkpoint saved...
2022-03-31 09:27:45,529:INFO: Train: [155][2321/2322]  Loss -0.2738 (-1.5860)  Time:  0.095 (0.013)  Data Time:  0.005 (0.004)
2022-03-31 09:27:45,530:INFO:   Eta: 0:49:29
2022-03-31 09:27:51,228:INFO: Valid: [155][604/605]  Loss -7.0515 (-4.2810)
2022-03-31 09:28:21,234:INFO: Train: [156][2321/2322]  Loss -0.2341 (-1.6957)  Time:  0.110 (0.013)  Data Time:  0.004 (0.005)
2022-03-31 09:28:21,235:INFO:   Eta: 0:46:57
2022-03-31 09:28:26,830:INFO: Valid: [156][604/605]  Loss -7.8285 (-4.8894)
2022-03-31 09:28:47,372:INFO: Test: [156]  ADE: 0.3893  FDE: 0.6092
2022-03-31 09:29:17,379:INFO: Train: [157][2321/2322]  Loss -0.2684 (-1.5064)  Time:  0.097 (0.013)  Data Time:  0.003 (0.005)
2022-03-31 09:29:17,380:INFO:   Eta: 0:46:29
2022-03-31 09:29:23,126:INFO: Valid: [157][604/605]  Loss -8.4490 (-5.2343)
2022-03-31 09:29:53,446:INFO: Train: [158][2321/2322]  Loss -0.2554 (-1.7560)  Time:  0.125 (0.013)  Data Time:  0.006 (0.005)
2022-03-31 09:29:53,447:INFO:   Eta: 0:46:26
2022-03-31 09:29:58,940:INFO: Valid: [158][604/605]  Loss -8.3434 (-5.1927)
2022-03-31 09:30:26,951:INFO: Train: [159][2321/2322]  Loss -0.2554 (-1.7414)  Time:  0.098 (0.012)  Data Time:  0.004 (0.004)
2022-03-31 09:30:26,952:INFO:   Eta: 0:42:26
2022-03-31 09:30:32,277:INFO: Valid: [159][604/605]  Loss -8.4938 (-5.2681)
2022-03-31 09:30:58,551:INFO: Train: [160][2321/2322]  Loss -0.2498 (-1.6294)  Time:  0.091 (0.011)  Data Time:  0.005 (0.004)
2022-03-31 09:30:58,816:INFO:   Eta: 0:39:22
2022-03-31 09:31:04,274:INFO: Valid: [160][604/605]  Loss -8.4673 (-5.2478)
2022-03-31 09:31:31,441:INFO: Train: [161][2321/2322]  Loss -0.2052 (-1.7819)  Time:  0.096 (0.012)  Data Time:  0.004 (0.004)
2022-03-31 09:31:31,441:INFO:   Eta: 0:40:15
2022-03-31 09:31:37,386:INFO: Valid: [161][604/605]  Loss -7.6476 (-4.7723)
2022-03-31 09:32:06,123:INFO: Train: [162][2321/2322]  Loss -0.2127 (-1.5712)  Time:  0.109 (0.012)  Data Time:  0.007 (0.004)
2022-03-31 09:32:06,124:INFO:   Eta: 0:42:06
2022-03-31 09:32:11,973:INFO: Valid: [162][604/605]  Loss -7.0099 (-4.3709)
2022-03-31 09:32:42,313:INFO: Train: [163][2321/2322]  Loss -0.1776 (-1.6645)  Time:  0.102 (0.013)  Data Time:  0.005 (0.005)
2022-03-31 09:32:42,314:INFO:   Eta: 0:43:57
2022-03-31 09:32:48,217:INFO: Valid: [163][604/605]  Loss -8.4196 (-5.2093)
2022-03-31 09:33:15,770:INFO: Train: [164][2321/2322]  Loss -0.2411 (-1.7638)  Time:  0.096 (0.012)  Data Time:  0.005 (0.004)
2022-03-31 09:33:15,775:INFO:   Eta: 0:39:27
2022-03-31 09:33:21,451:INFO: Valid: [164][604/605]  Loss -6.7584 (-4.1047)
2022-03-31 09:33:51,526:INFO: Train: [165][2321/2322]  Loss -0.2440 (-1.7595)  Time:  0.101 (0.013)  Data Time:  0.005 (0.005)
2022-03-31 09:33:51,526:INFO:   Eta: 0:42:32
2022-03-31 09:33:57,106:INFO: Valid: [165][604/605]  Loss -8.1500 (-5.1129)
2022-03-31 09:34:26,946:INFO: Train: [166][2321/2322]  Loss -0.2583 (-1.7488)  Time:  0.097 (0.013)  Data Time:  0.004 (0.004)
2022-03-31 09:34:26,968:INFO:   Eta: 0:41:44
2022-03-31 09:34:32,692:INFO: Valid: [166][604/605]  Loss -7.7615 (-4.8049)
2022-03-31 09:34:53,270:INFO: Test: [166]  ADE: 0.4134  FDE: 0.6614
2022-03-31 09:35:22,979:INFO: Train: [167][2321/2322]  Loss -0.2513 (-1.7177)  Time:  0.110 (0.013)  Data Time:  0.005 (0.004)
2022-03-31 09:35:23,031:INFO:   Eta: 0:41:04
2022-03-31 09:35:28,621:INFO: Valid: [167][604/605]  Loss -8.3815 (-5.2050)
2022-03-31 09:35:59,115:INFO: Train: [168][2321/2322]  Loss -0.2208 (-1.7669)  Time:  0.118 (0.013)  Data Time:  0.004 (0.004)
2022-03-31 09:35:59,225:INFO:   Eta: 0:41:32
2022-03-31 09:36:05,063:INFO: Valid: [168][604/605]  Loss -8.1952 (-5.1678)
2022-03-31 09:36:33,600:INFO: Train: [169][2321/2322]  Loss -0.2169 (-1.5821)  Time:  0.081 (0.012)  Data Time:  0.002 (0.004)
2022-03-31 09:36:33,709:INFO:   Eta: 0:38:23
2022-03-31 09:36:39,388:INFO: Valid: [169][604/605]  Loss -8.3884 (-5.2765)
2022-03-31 09:37:05,983:INFO: Train: [170][2321/2322]  Loss -0.1977 (-1.7794)  Time:  0.089 (0.011)  Data Time:  0.003 (0.003)
2022-03-31 09:37:05,983:INFO:   Eta: 0:35:05
2022-03-31 09:37:11,389:INFO: Valid: [170][604/605]  Loss -7.7559 (-4.8430)
2022-03-31 09:37:38,242:INFO: Train: [171][2321/2322]  Loss -0.2782 (-1.6153)  Time:  0.099 (0.012)  Data Time:  0.005 (0.003)
2022-03-31 09:37:38,244:INFO:   Eta: 0:35:16
2022-03-31 09:37:43,553:INFO: Valid: [171][604/605]  Loss -8.3008 (-5.1534)
2022-03-31 09:38:10,703:INFO: Train: [172][2321/2322]  Loss -0.2718 (-1.6189)  Time:  0.130 (0.012)  Data Time:  0.003 (0.004)
2022-03-31 09:38:10,805:INFO:   Eta: 0:35:15
2022-03-31 09:38:17,147:INFO: Valid: [172][604/605]  Loss -8.2130 (-5.1113)
2022-03-31 09:38:47,464:INFO: Train: [173][2321/2322]  Loss -0.2641 (-1.7249)  Time:  0.094 (0.013)  Data Time:  0.004 (0.004)
2022-03-31 09:38:47,465:INFO:   Eta: 0:38:51
2022-03-31 09:38:52,946:INFO: Valid: [173][604/605]  Loss -8.2699 (-5.1066)
2022-03-31 09:39:21,356:INFO: Train: [174][2321/2322]  Loss -0.2224 (-1.7565)  Time:  0.118 (0.012)  Data Time:  0.004 (0.004)
2022-03-31 09:39:21,357:INFO:   Eta: 0:35:56
2022-03-31 09:39:27,068:INFO: Valid: [174][604/605]  Loss -7.9848 (-4.9006)
2022-03-31 09:39:57,286:INFO: Train: [175][2321/2322]  Loss -0.2684 (-1.6836)  Time:  0.100 (0.013)  Data Time:  0.004 (0.004)
2022-03-31 09:39:57,287:INFO:   Eta: 0:37:43
2022-03-31 09:40:03,131:INFO: Valid: [175][604/605]  Loss -8.1208 (-5.0312)
2022-03-31 09:40:33,155:INFO: Train: [176][2321/2322]  Loss -0.2101 (-1.7787)  Time:  0.092 (0.013)  Data Time:  0.005 (0.004)
2022-03-31 09:40:33,156:INFO:   Eta: 0:36:58
2022-03-31 09:40:39,320:INFO: Valid: [176][604/605]  Loss -8.3940 (-5.2175)
2022-03-31 09:41:00,205:INFO: Test: [176]  ADE: 0.3813  FDE: 0.6558
2022-03-31 09:41:30,387:INFO: Train: [177][2321/2322]  Loss -0.2226 (-1.7860)  Time:  0.099 (0.013)  Data Time:  0.005 (0.004)
2022-03-31 09:41:30,463:INFO:   Eta: 0:36:41
2022-03-31 09:41:36,189:INFO: Valid: [177][604/605]  Loss -7.5339 (-4.6645)
2022-03-31 09:42:07,077:INFO: Train: [178][2321/2322]  Loss -0.2311 (-1.7572)  Time:  0.106 (0.013)  Data Time:  0.005 (0.005)
2022-03-31 09:42:07,141:INFO:   Eta: 0:37:01
2022-03-31 09:42:12,862:INFO: Valid: [178][604/605]  Loss -8.2172 (-5.0571)
2022-03-31 09:42:42,963:INFO: Train: [179][2321/2322]  Loss -0.1861 (-1.7640)  Time:  0.102 (0.013)  Data Time:  0.005 (0.004)
2022-03-31 09:42:42,983:INFO:   Eta: 0:35:21
2022-03-31 09:42:48,623:INFO: Valid: [179][604/605]  Loss -8.0872 (-4.9822)
2022-03-31 09:43:16,822:INFO: Train: [180][2321/2322]  Loss -0.1716 (-1.7570)  Time:  0.093 (0.012)  Data Time:  0.003 (0.004)
2022-03-31 09:43:16,982:INFO:   Eta: 0:32:51
2022-03-31 09:43:22,748:INFO: Valid: [180][604/605]  Loss -7.9461 (-4.9139)
2022-03-31 09:43:49,421:INFO: Train: [181][2321/2322]  Loss -0.2274 (-1.7449)  Time:  0.102 (0.011)  Data Time:  0.004 (0.003)
2022-03-31 09:43:49,421:INFO:   Eta: 0:30:38
2022-03-31 09:43:55,012:INFO: Valid: [181][604/605]  Loss -8.2100 (-5.0481)
2022-03-31 09:44:22,179:INFO: Train: [182][2321/2322]  Loss -0.2196 (-1.5778)  Time:  0.090 (0.012)  Data Time:  0.004 (0.003)
2022-03-31 09:44:22,185:INFO:   Eta: 0:30:45
2022-03-31 09:44:27,647:INFO: Valid: [182][604/605]  Loss -7.4036 (-4.6204)
2022-03-31 09:44:54,017:INFO: Train: [183][2321/2322]  Loss -0.2240 (-1.5259)  Time:  0.098 (0.011)  Data Time:  0.004 (0.003)
2022-03-31 09:44:54,028:INFO:   Eta: 0:29:16
2022-03-31 09:44:59,609:INFO: Valid: [183][604/605]  Loss -7.7702 (-4.7868)
2022-03-31 09:45:28,616:INFO: Train: [184][2321/2322]  Loss -0.2354 (-1.7829)  Time:  0.100 (0.012)  Data Time:  0.004 (0.004)
2022-03-31 09:45:28,617:INFO:   Eta: 0:31:50
2022-03-31 09:45:34,298:INFO: Valid: [184][604/605]  Loss -8.3760 (-5.1699)
2022-03-31 09:46:04,733:INFO: Train: [185][2321/2322]  Loss -0.2193 (-1.7852)  Time:  0.110 (0.013)  Data Time:  0.005 (0.005)
2022-03-31 09:46:04,733:INFO:   Eta: 0:32:52
2022-03-31 09:46:10,590:INFO: Valid: [185][604/605]  Loss -8.0370 (-5.0275)
2022-03-31 09:46:41,081:INFO: Train: [186][2321/2322]  Loss -0.2149 (-1.5476)  Time:  0.093 (0.013)  Data Time:  0.004 (0.004)
2022-03-31 09:46:41,081:INFO:   Eta: 0:32:29
2022-03-31 09:46:46,864:INFO: Valid: [186][604/605]  Loss -7.7412 (-4.7388)
2022-03-31 09:47:07,942:INFO: Test: [186]  ADE: 0.4314  FDE: 0.6697
2022-03-31 09:47:38,506:INFO: Train: [187][2321/2322]  Loss -0.2607 (-1.6347)  Time:  0.100 (0.013)  Data Time:  0.005 (0.005)
2022-03-31 09:47:38,507:INFO:   Eta: 0:32:04
2022-03-31 09:47:44,130:INFO: Valid: [187][604/605]  Loss -7.6334 (-4.6716)
2022-03-31 09:48:13,822:INFO: Train: [188][2321/2322]  Loss -0.2723 (-1.5046)  Time:  0.101 (0.013)  Data Time:  0.005 (0.004)
2022-03-31 09:48:13,823:INFO:   Eta: 0:30:38
2022-03-31 09:48:19,634:INFO: Valid: [188][604/605]  Loss -8.5114 (-5.2831)
2022-03-31 09:48:50,028:INFO: Train: [189][2321/2322]  Loss -0.2339 (-1.7191)  Time:  0.112 (0.013)  Data Time:  0.004 (0.005)
2022-03-31 09:48:50,029:INFO:   Eta: 0:30:52
2022-03-31 09:48:56,340:INFO: Valid: [189][604/605]  Loss -8.0245 (-4.9560)
2022-03-31 09:49:27,573:INFO: Train: [190][2321/2322]  Loss -0.2280 (-1.5754)  Time:  0.102 (0.013)  Data Time:  0.004 (0.004)
2022-03-31 09:49:27,574:INFO:   Eta: 0:31:12
2022-03-31 09:49:33,126:INFO: Valid: [190][604/605]  Loss -8.1406 (-4.9790)
2022-03-31 09:50:03,950:INFO: Train: [191][2321/2322]  Loss -0.2363 (-1.7942)  Time:  0.097 (0.013)  Data Time:  0.004 (0.005)
2022-03-31 09:50:03,951:INFO:   Eta: 0:30:16
2022-03-31 09:50:09,583:INFO: Valid: [191][604/605]  Loss -7.9063 (-4.8740)
2022-03-31 09:50:35,985:INFO: Train: [192][2321/2322]  Loss -0.2694 (-1.7863)  Time:  0.111 (0.011)  Data Time:  0.002 (0.003)
2022-03-31 09:50:35,986:INFO:   Eta: 0:25:29
2022-03-31 09:50:41,543:INFO: Valid: [192][604/605]  Loss -7.8955 (-4.8154)
2022-03-31 09:51:05,906:INFO: Train: [193][2321/2322]  Loss -0.2813 (-1.7569)  Time:  0.103 (0.010)  Data Time:  0.004 (0.003)
2022-03-31 09:51:05,909:INFO:   Eta: 0:23:07
2022-03-31 09:51:11,837:INFO: Valid: [193][604/605]  Loss -7.1440 (-4.3825)
2022-03-31 09:51:39,354:INFO: Train: [194][2321/2322]  Loss -0.2800 (-1.5713)  Time:  0.091 (0.012)  Data Time:  0.003 (0.004)
2022-03-31 09:51:39,355:INFO:   Eta: 0:25:39
2022-03-31 09:51:45,024:INFO: Valid: [194][604/605]  Loss -7.7724 (-4.7643)
2022-03-31 09:52:14,976:INFO: Train: [195][2321/2322]  Loss -0.2408 (-1.5215)  Time:  0.091 (0.013)  Data Time:  0.004 (0.004)
2022-03-31 09:52:14,977:INFO:   Eta: 0:27:25
2022-03-31 09:52:20,936:INFO: Valid: [195][604/605]  Loss -7.9931 (-4.9457)
2022-03-31 09:52:51,920:INFO: Train: [196][2321/2322]  Loss -0.1469 (-1.8252)  Time:  0.100 (0.013)  Data Time:  0.004 (0.005)
2022-03-31 09:52:51,921:INFO:   Eta: 0:27:51
2022-03-31 09:52:57,614:INFO: Valid: [196][604/605]  Loss -7.9501 (-4.8891)
2022-03-31 09:53:18,623:INFO: Test: [196]  ADE: 0.3849  FDE: 0.6383
2022-03-31 09:53:48,930:INFO: Train: [197][2321/2322]  Loss -0.3106 (-1.7637)  Time:  0.106 (0.013)  Data Time:  0.003 (0.004)
2022-03-31 09:53:48,931:INFO:   Eta: 0:26:45
2022-03-31 09:53:54,769:INFO: Valid: [197][604/605]  Loss -8.1166 (-5.0113)
2022-03-31 09:54:25,318:INFO: Train: [198][2321/2322]  Loss -0.2344 (-1.6003)  Time:  0.101 (0.013)  Data Time:  0.005 (0.004)
2022-03-31 09:54:25,319:INFO:   Eta: 0:26:26
2022-03-31 09:54:31,445:INFO: Valid: [198][604/605]  Loss -8.0086 (-5.0191)
2022-03-31 09:55:01,139:INFO: Train: [199][2321/2322]  Loss -0.1846 (-1.7030)  Time:  0.116 (0.013)  Data Time:  0.004 (0.004)
2022-03-31 09:55:01,140:INFO:   Eta: 0:25:12
2022-03-31 09:55:07,112:INFO: Valid: [199][604/605]  Loss -8.2454 (-5.1801)
2022-03-31 09:55:37,681:INFO: Train: [200][2321/2322]  Loss -0.2424 (-1.8032)  Time:  0.109 (0.013)  Data Time:  0.005 (0.005)
2022-03-31 09:55:37,682:INFO:   Eta: 0:25:26
2022-03-31 09:55:43,428:INFO: Valid: [200][604/605]  Loss -7.7527 (-4.7651)
2022-03-31 09:56:14,333:INFO: Train: [201][2321/2322]  Loss -0.2319 (-1.5676)  Time:  0.100 (0.013)  Data Time:  0.004 (0.004)
2022-03-31 09:56:14,333:INFO:   Eta: 0:25:13
2022-03-31 09:56:20,162:INFO: Valid: [201][604/605]  Loss -7.9502 (-4.8620)
2022-03-31 09:56:48,918:INFO: Train: [202][2321/2322]  Loss -0.2267 (-1.6453)  Time:  0.095 (0.012)  Data Time:  0.004 (0.004)
2022-03-31 09:56:48,921:INFO:   Eta: 0:22:57
2022-03-31 09:56:54,738:INFO: Valid: [202][604/605]  Loss -8.3776 (-5.1622)
2022-03-31 09:57:22,859:INFO: Train: [203][2321/2322]  Loss -0.2667 (-1.7687)  Time:  0.090 (0.012)  Data Time:  0.003 (0.004)
2022-03-31 09:57:22,860:INFO:   Eta: 0:21:58
2022-03-31 09:57:28,211:INFO: Valid: [203][604/605]  Loss -8.2150 (-5.0983)
2022-03-31 09:57:55,268:INFO: Train: [204][2321/2322]  Loss -0.2750 (-1.7557)  Time:  0.107 (0.012)  Data Time:  0.004 (0.004)
2022-03-31 09:57:55,269:INFO:   Eta: 0:20:43
2022-03-31 09:58:00,881:INFO: Valid: [204][604/605]  Loss -8.1883 (-5.0437)
2022-03-31 09:58:28,465:INFO: Train: [205][2321/2322]  Loss -0.2928 (-1.7751)  Time:  0.098 (0.012)  Data Time:  0.004 (0.004)
2022-03-31 09:58:28,465:INFO:   Eta: 0:20:39
2022-03-31 09:58:34,354:INFO: Valid: [205][604/605]  Loss -6.8310 (-4.1882)
2022-03-31 09:59:02,322:INFO: Train: [206][2321/2322]  Loss -0.1998 (-1.6474)  Time:  0.110 (0.012)  Data Time:  0.004 (0.004)
2022-03-31 09:59:02,324:INFO:   Eta: 0:20:29
2022-03-31 09:59:07,811:INFO: Valid: [206][604/605]  Loss -7.8691 (-4.8513)
2022-03-31 09:59:30,375:INFO: Test: [206]  ADE: 0.4135  FDE: 0.6597
2022-03-31 10:00:01,345:INFO: Train: [207][2321/2322]  Loss -0.2920 (-1.7553)  Time:  0.101 (0.013)  Data Time:  0.004 (0.004)
2022-03-31 10:00:01,346:INFO:   Eta: 0:22:10
2022-03-31 10:00:07,022:INFO: Valid: [207][604/605]  Loss -6.4243 (-3.8694)
2022-03-31 10:00:37,254:INFO: Train: [208][2321/2322]  Loss -0.2137 (-1.7919)  Time:  0.096 (0.013)  Data Time:  0.004 (0.004)
2022-03-31 10:00:37,255:INFO:   Eta: 0:21:08
2022-03-31 10:00:42,839:INFO: Valid: [208][604/605]  Loss -8.0952 (-4.9700)
2022-03-31 10:01:12,606:INFO: Train: [209][2321/2322]  Loss -0.1689 (-1.7955)  Time:  0.090 (0.013)  Data Time:  0.004 (0.004)
2022-03-31 10:01:12,607:INFO:   Eta: 0:20:19
2022-03-31 10:01:18,133:INFO: Valid: [209][604/605]  Loss -8.3959 (-5.2137)
2022-03-31 10:01:48,178:INFO: Train: [210][2321/2322]  Loss -0.2321 (-1.7912)  Time:  0.116 (0.013)  Data Time:  0.005 (0.004)
2022-03-31 10:01:48,179:INFO:   Eta: 0:20:00
2022-03-31 10:01:53,657:INFO: Valid: [210][604/605]  Loss -7.8998 (-4.9207)
2022-03-31 10:02:24,272:INFO: Train: [211][2321/2322]  Loss -0.2527 (-1.8170)  Time:  0.089 (0.013)  Data Time:  0.004 (0.004)
2022-03-31 10:02:24,273:INFO:   Eta: 0:19:52
2022-03-31 10:02:30,129:INFO: Valid: [211][604/605]  Loss -8.4095 (-5.1770)
2022-03-31 10:02:57,765:INFO: Train: [212][2321/2322]  Loss -0.2296 (-1.7180)  Time:  0.097 (0.012)  Data Time:  0.004 (0.004)
2022-03-31 10:02:57,766:INFO:   Eta: 0:17:29
2022-03-31 10:03:03,418:INFO: Valid: [212][604/605]  Loss -8.3880 (-5.1797)
2022-03-31 10:03:33,833:INFO: Train: [213][2321/2322]  Loss -0.2259 (-1.5270)  Time:  0.092 (0.013)  Data Time:  0.004 (0.004)
2022-03-31 10:03:33,833:INFO:   Eta: 0:18:44
2022-03-31 10:03:39,851:INFO: Valid: [213][604/605]  Loss -8.3697 (-5.2356)
2022-03-31 10:04:10,325:INFO: Train: [214][2321/2322]  Loss -0.2215 (-1.6053)  Time:  0.100 (0.013)  Data Time:  0.004 (0.004)
2022-03-31 10:04:10,325:INFO:   Eta: 0:18:16
2022-03-31 10:04:16,201:INFO: Valid: [214][604/605]  Loss -8.0871 (-4.9310)
2022-03-31 10:04:43,806:INFO: Train: [215][2321/2322]  Loss -0.2447 (-1.6847)  Time:  0.090 (0.012)  Data Time:  0.004 (0.004)
2022-03-31 10:04:43,807:INFO:   Eta: 0:16:05
2022-03-31 10:04:49,637:INFO: Valid: [215][604/605]  Loss -8.4371 (-5.1787)
2022-03-31 10:05:16,346:INFO: Train: [216][2321/2322]  Loss -0.2421 (-1.6468)  Time:  0.085 (0.011)  Data Time:  0.004 (0.004)
2022-03-31 10:05:16,347:INFO:   Eta: 0:15:07
2022-03-31 10:05:22,479:INFO: Valid: [216][604/605]  Loss -8.3458 (-5.1918)
2022-03-31 10:05:42,662:INFO: Test: [216]  ADE: 0.3882  FDE: 0.6737
2022-03-31 10:06:10,320:INFO: Train: [217][2321/2322]  Loss -0.2881 (-1.7508)  Time:  0.101 (0.012)  Data Time:  0.005 (0.004)
2022-03-31 10:06:10,321:INFO:   Eta: 0:15:12
2022-03-31 10:06:15,941:INFO: Valid: [217][604/605]  Loss -8.2163 (-5.0291)
2022-03-31 10:06:46,187:INFO: Train: [218][2321/2322]  Loss -0.2462 (-1.5963)  Time:  0.099 (0.013)  Data Time:  0.004 (0.004)
2022-03-31 10:06:46,188:INFO:   Eta: 0:16:06
2022-03-31 10:06:51,719:INFO: Valid: [218][604/605]  Loss -7.9852 (-4.9406)
2022-03-31 10:07:21,937:INFO: Train: [219][2321/2322]  Loss -0.2584 (-1.8050)  Time:  0.097 (0.013)  Data Time:  0.004 (0.004)
2022-03-31 10:07:21,938:INFO:   Eta: 0:15:36
2022-03-31 10:07:27,688:INFO: Valid: [219][604/605]  Loss -8.3880 (-5.1975)
2022-03-31 10:07:57,257:INFO: Train: [220][2321/2322]  Loss -0.2868 (-1.7725)  Time:  0.109 (0.013)  Data Time:  0.005 (0.004)
2022-03-31 10:07:57,258:INFO:   Eta: 0:14:46
2022-03-31 10:08:03,165:INFO: Valid: [220][604/605]  Loss -6.4289 (-3.8798)
2022-03-31 10:08:31,849:INFO: Train: [221][2321/2322]  Loss -0.2725 (-1.7481)  Time:  0.091 (0.012)  Data Time:  0.003 (0.004)
2022-03-31 10:08:31,850:INFO:   Eta: 0:13:50
2022-03-31 10:08:37,557:INFO: Valid: [221][604/605]  Loss -8.1724 (-4.9919)
2022-03-31 10:09:05,877:INFO: Train: [222][2321/2322]  Loss -0.2467 (-1.6396)  Time:  0.103 (0.012)  Data Time:  0.004 (0.004)
2022-03-31 10:09:05,878:INFO:   Eta: 0:13:12
2022-03-31 10:09:11,886:INFO: Valid: [222][604/605]  Loss -7.9326 (-4.8549)
2022-03-31 10:09:41,710:INFO: Train: [223][2321/2322]  Loss -0.2647 (-1.8324)  Time:  0.095 (0.013)  Data Time:  0.005 (0.004)
2022-03-31 10:09:41,711:INFO:   Eta: 0:13:24
2022-03-31 10:09:47,409:INFO: Valid: [223][604/605]  Loss -7.9576 (-4.9089)
2022-03-31 10:10:19,462:INFO: Train: [224][2321/2322]  Loss -0.2056 (-1.7974)  Time:  0.099 (0.014)  Data Time:  0.004 (0.004)
2022-03-31 10:10:19,463:INFO:   Eta: 0:13:52
2022-03-31 10:10:25,692:INFO: Valid: [224][604/605]  Loss -8.0970 (-5.0069)
2022-03-31 10:10:56,689:INFO: Train: [225][2321/2322]  Loss -0.3010 (-1.7679)  Time:  0.107 (0.013)  Data Time:  0.004 (0.004)
2022-03-31 10:10:56,690:INFO:   Eta: 0:12:53
2022-03-31 10:11:02,560:INFO: Valid: [225][604/605]  Loss -7.4043 (-4.4944)
2022-03-31 10:11:33,051:INFO: Train: [226][2321/2322]  Loss -0.2278 (-1.5197)  Time:  0.105 (0.013)  Data Time:  0.004 (0.004)
2022-03-31 10:11:33,052:INFO:   Eta: 0:12:11
2022-03-31 10:11:38,732:INFO: Valid: [226][604/605]  Loss -8.2321 (-5.0927)
2022-03-31 10:11:58,687:INFO: Test: [226]  ADE: 0.3859  FDE: 0.6304
2022-03-31 10:12:25,700:INFO: Train: [227][2321/2322]  Loss -0.2731 (-1.8109)  Time:  0.104 (0.012)  Data Time:  0.004 (0.004)
2022-03-31 10:12:25,700:INFO:   Eta: 0:10:20
2022-03-31 10:12:31,491:INFO: Valid: [227][604/605]  Loss -7.2453 (-4.4594)
2022-03-31 10:12:58,182:INFO: Train: [228][2321/2322]  Loss -0.1986 (-1.8080)  Time:  0.100 (0.011)  Data Time:  0.004 (0.003)
2022-03-31 10:12:58,183:INFO:   Eta: 0:09:46
2022-03-31 10:13:03,860:INFO: Valid: [228][604/605]  Loss -7.0348 (-4.3745)
2022-03-31 10:13:32,450:INFO: Train: [229][2321/2322]  Loss -0.2045 (-1.6907)  Time:  0.124 (0.012)  Data Time:  0.004 (0.004)
2022-03-31 10:13:32,451:INFO:   Eta: 0:09:59
2022-03-31 10:13:38,430:INFO: Valid: [229][604/605]  Loss -8.3644 (-5.2492)
2022-03-31 10:14:08,931:INFO: Train: [230][2321/2322]  Loss -0.2455 (-1.7759)  Time:  0.098 (0.013)  Data Time:  0.004 (0.004)
2022-03-31 10:14:08,931:INFO:   Eta: 0:10:09
2022-03-31 10:14:14,860:INFO: Valid: [230][604/605]  Loss -8.0932 (-4.9774)
2022-03-31 10:14:41,603:INFO: Train: [231][2321/2322]  Loss -0.2376 (-1.7569)  Time:  0.092 (0.012)  Data Time:  0.004 (0.003)
2022-03-31 10:14:41,604:INFO:   Eta: 0:08:27
2022-03-31 10:14:47,200:INFO: Valid: [231][604/605]  Loss -7.2493 (-4.4018)
2022-03-31 10:15:17,178:INFO: Train: [232][2321/2322]  Loss -0.2486 (-1.7950)  Time:  0.100 (0.013)  Data Time:  0.005 (0.004)
2022-03-31 10:15:17,179:INFO:   Eta: 0:08:59
2022-03-31 10:15:22,956:INFO: Valid: [232][604/605]  Loss -8.0931 (-5.0364)
2022-03-31 10:15:54,307:INFO: Train: [233][2321/2322]  Loss -0.2324 (-1.7028)  Time:  0.097 (0.013)  Data Time:  0.005 (0.004)
2022-03-31 10:15:54,307:INFO:   Eta: 0:08:52
2022-03-31 10:16:00,116:INFO: Valid: [233][604/605]  Loss -8.4276 (-5.1954)
2022-03-31 10:16:30,483:INFO: Train: [234][2321/2322]  Loss -0.1911 (-1.8224)  Time:  0.099 (0.013)  Data Time:  0.004 (0.004)
2022-03-31 10:16:30,484:INFO:   Eta: 0:08:05
2022-03-31 10:16:36,316:INFO: Valid: [234][604/605]  Loss -7.9495 (-4.9389)
2022-03-31 10:17:06,692:INFO: Train: [235][2321/2322]  Loss -0.2359 (-1.5831)  Time:  0.100 (0.013)  Data Time:  0.003 (0.004)
2022-03-31 10:17:06,693:INFO:   Eta: 0:07:35
2022-03-31 10:17:12,454:INFO: Valid: [235][604/605]  Loss -8.3237 (-5.1969)
2022-03-31 10:17:43,118:INFO: Train: [236][2321/2322]  Loss -0.2327 (-1.6740)  Time:  0.111 (0.013)  Data Time:  0.004 (0.005)
2022-03-31 10:17:43,118:INFO:   Eta: 0:07:08
2022-03-31 10:17:48,863:INFO: Valid: [236][604/605]  Loss -8.3470 (-5.1862)
2022-03-31 10:18:09,953:INFO: Test: [236]  ADE: 0.3847  FDE: 0.6445
2022-03-31 10:18:40,452:INFO: Train: [237][2321/2322]  Loss -0.2801 (-1.7937)  Time:  0.098 (0.013)  Data Time:  0.005 (0.004)
2022-03-31 10:18:40,454:INFO:   Eta: 0:06:36
2022-03-31 10:18:46,053:INFO: Valid: [237][604/605]  Loss -7.8945 (-4.8344)
2022-03-31 10:19:12,651:INFO: Train: [238][2321/2322]  Loss -0.3251 (-1.7822)  Time:  0.100 (0.011)  Data Time:  0.004 (0.003)
2022-03-31 10:19:12,653:INFO:   Eta: 0:05:18
2022-03-31 10:19:18,487:INFO: Valid: [238][604/605]  Loss -8.4235 (-5.2068)
2022-03-31 10:19:45,631:INFO: Train: [239][2321/2322]  Loss -0.2020 (-1.8180)  Time:  0.098 (0.012)  Data Time:  0.003 (0.004)
2022-03-31 10:19:45,631:INFO:   Eta: 0:04:58
2022-03-31 10:19:51,450:INFO: Valid: [239][604/605]  Loss -8.0508 (-4.9478)
2022-03-31 10:20:16,998:INFO: Train: [240][2321/2322]  Loss -0.1972 (-1.5954)  Time:  0.078 (0.011)  Data Time:  0.003 (0.003)
2022-03-31 10:20:16,999:INFO:   Eta: 0:04:15
2022-03-31 10:20:22,373:INFO: Valid: [240][604/605]  Loss -8.3610 (-5.1410)
2022-03-31 10:20:52,853:INFO: Train: [241][2321/2322]  Loss -0.1889 (-1.7593)  Time:  0.106 (0.013)  Data Time:  0.005 (0.004)
2022-03-31 10:20:52,853:INFO:   Eta: 0:04:34
2022-03-31 10:20:58,982:INFO: Valid: [241][604/605]  Loss -6.9878 (-4.3536)
2022-03-31 10:21:29,436:INFO: Train: [242][2321/2322]  Loss -0.2712 (-1.6395)  Time:  0.101 (0.013)  Data Time:  0.005 (0.004)
2022-03-31 10:21:29,437:INFO:   Eta: 0:04:03
2022-03-31 10:21:35,021:INFO: Valid: [242][604/605]  Loss -7.8456 (-4.8628)
2022-03-31 10:22:05,265:INFO: Train: [243][2321/2322]  Loss -0.2175 (-1.5692)  Time:  0.096 (0.013)  Data Time:  0.004 (0.004)
2022-03-31 10:22:05,265:INFO:   Eta: 0:03:31
2022-03-31 10:22:10,981:INFO: Valid: [243][604/605]  Loss -8.2436 (-5.1453)
2022-03-31 10:22:39,184:INFO: Train: [244][2321/2322]  Loss -0.2560 (-1.6291)  Time:  0.088 (0.012)  Data Time:  0.002 (0.004)
2022-03-31 10:22:39,185:INFO:   Eta: 0:02:49
2022-03-31 10:22:44,871:INFO: Valid: [244][604/605]  Loss -8.2963 (-5.1354)
2022-03-31 10:23:11,873:INFO: Train: [245][2321/2322]  Loss -0.2647 (-1.6534)  Time:  0.086 (0.012)  Data Time:  0.004 (0.003)
2022-03-31 10:23:11,873:INFO:   Eta: 0:02:14
2022-03-31 10:23:17,677:INFO: Valid: [245][604/605]  Loss -7.6832 (-4.7132)
2022-03-31 10:23:43,867:INFO: Train: [246][2321/2322]  Loss -0.2656 (-1.8041)  Time:  0.095 (0.011)  Data Time:  0.004 (0.003)
2022-03-31 10:23:43,868:INFO:   Eta: 0:01:44
2022-03-31 10:23:49,547:INFO: Valid: [246][604/605]  Loss -8.3576 (-5.2171)
2022-03-31 10:24:09,293:INFO: Test: [246]  ADE: 0.3766  FDE: 0.6603
2022-03-31 10:24:35,456:INFO: Train: [247][2321/2322]  Loss -0.2369 (-1.8393)  Time:  0.093 (0.011)  Data Time:  0.004 (0.003)
2022-03-31 10:24:35,456:INFO:   Eta: 0:01:18
2022-03-31 10:24:41,140:INFO: Valid: [247][604/605]  Loss -8.4289 (-5.2238)
2022-03-31 10:25:07,280:INFO: Train: [248][2321/2322]  Loss -0.2173 (-1.8050)  Time:  0.088 (0.011)  Data Time:  0.003 (0.003)
2022-03-31 10:25:07,281:INFO:   Eta: 0:00:52
2022-03-31 10:25:12,684:INFO: Valid: [248][604/605]  Loss -8.4397 (-5.2964)
2022-03-31 10:25:37,710:INFO: Train: [249][2321/2322]  Loss -0.2797 (-1.7698)  Time:  0.081 (0.011)  Data Time:  0.002 (0.003)
2022-03-31 10:25:37,711:INFO:   Eta: 0:00:24
2022-03-31 10:25:43,341:INFO: Valid: [249][604/605]  Loss -8.3672 (-5.1865)
