2022-03-30 16:39:26,629:INFO: batch_size=128
2022-03-30 16:39:26,629:INFO: clip_grad=None
2022-03-30 16:39:26,629:INFO: dataset=hotel
2022-03-30 16:39:26,630:INFO: gpu_num=0
2022-03-30 16:39:26,630:INFO: input_size=2
2022-03-30 16:39:26,630:INFO: kernel_size=3
2022-03-30 16:39:26,630:INFO: lr=0.01
2022-03-30 16:39:26,630:INFO: lr_sh_rate=150
2022-03-30 16:39:26,630:INFO: model=social_stgcnn5
2022-03-30 16:39:26,630:INFO: n_stgcnn=1
2022-03-30 16:39:26,630:INFO: n_txpcnn=5
2022-03-30 16:39:26,630:INFO: num_epochs=250
2022-03-30 16:39:26,630:INFO: obs_seq_len=8
2022-03-30 16:39:26,630:INFO: output_size=5
2022-03-30 16:39:26,631:INFO: pred_seq_len=12
2022-03-30 16:39:26,631:INFO: seed=0
2022-03-30 16:39:26,631:INFO: tag=hotel
2022-03-30 16:39:26,631:INFO: use_lrschd=True
2022-03-30 16:39:26,631:INFO: ******************************
2022-03-30 16:39:26,631:INFO: Training initiating....
2022-03-30 16:39:26,631:INFO: Namespace(batch_size=128, clip_grad=None, dataset='hotel', gpu_num='0', input_size=2, kernel_size=3, lr=0.01, lr_sh_rate=150, model='social_stgcnn5', n_stgcnn=1, n_txpcnn=5, num_epochs=250, obs_seq_len=8, output_size=5, pred_seq_len=12, seed=0, tag='hotel', use_lrschd=True)
2022-03-30 16:39:26,636:INFO: Initializing train dataset
2022-03-30 16:39:40,536:INFO: Initializing val dataset
2022-03-30 16:40:04,045:INFO: social_stgcnn5
2022-03-30 16:40:04,085:INFO: Data and model loaded
2022-03-30 16:40:04,085:INFO: Checkpoint dir: ./runs/Mar30_16-39-26_node07/hotel/checkpoint
2022-03-30 16:40:04,085:INFO: Training started ...
2022-03-30 16:40:43,488:INFO: Train: [0][2593/2594]  Loss 0.2357 (1.2683)  Time:  0.210 (0.015)  Data Time:  0.005 (0.004)
2022-03-30 16:40:43,489:INFO:   Eta: 2:44:08
2022-03-30 16:41:20,965:INFO: Train: [1][2593/2594]  Loss 0.1040 (0.5523)  Time:  0.207 (0.014)  Data Time:  0.004 (0.004)
2022-03-30 16:41:20,966:INFO:   Eta: 2:35:28
2022-03-30 16:41:58,738:INFO: Train: [2][2593/2594]  Loss 0.1263 (0.4680)  Time:  0.204 (0.015)  Data Time:  0.004 (0.004)
2022-03-30 16:41:58,739:INFO:   Eta: 2:36:03
2022-03-30 16:42:36,562:INFO: Train: [3][2593/2594]  Loss -0.0161 (0.2441)  Time:  0.205 (0.015)  Data Time:  0.004 (0.004)
2022-03-30 16:42:36,564:INFO:   Eta: 2:35:38
2022-03-30 16:43:14,588:INFO: Train: [4][2593/2594]  Loss 0.1489 (0.1401)  Time:  0.211 (0.015)  Data Time:  0.005 (0.004)
2022-03-30 16:43:14,589:INFO:   Eta: 2:35:50
2022-03-30 16:43:51,063:INFO: Train: [5][2593/2594]  Loss -0.0894 (0.0814)  Time:  0.259 (0.014)  Data Time:  0.003 (0.004)
2022-03-30 16:43:51,064:INFO:   Eta: 2:28:51
2022-03-30 16:44:21,119:INFO: Train: [6][2593/2594]  Loss -0.1466 (-0.1938)  Time:  0.180 (0.012)  Data Time:  0.002 (0.002)
2022-03-30 16:44:21,120:INFO:   Eta: 2:02:09
2022-03-30 16:44:33,025:INFO: Test: [6]  ADE: 1.1870  FDE: 1.8565
2022-03-30 16:45:07,893:INFO: Train: [7][2593/2594]  Loss -0.1250 (-0.1041)  Time:  0.206 (0.013)  Data Time:  0.003 (0.003)
2022-03-30 16:45:07,894:INFO:   Eta: 2:21:08
2022-03-30 16:45:44,523:INFO: Train: [8][2593/2594]  Loss -0.1783 (-0.3674)  Time:  0.206 (0.014)  Data Time:  0.003 (0.004)
2022-03-30 16:45:44,524:INFO:   Eta: 2:27:39
2022-03-30 16:46:22,531:INFO: Train: [9][2593/2594]  Loss -0.0943 (-0.4081)  Time:  0.206 (0.015)  Data Time:  0.004 (0.005)
2022-03-30 16:46:22,532:INFO:   Eta: 2:32:36
2022-03-30 16:47:00,618:INFO: Train: [10][2593/2594]  Loss -0.1118 (-0.4163)  Time:  0.208 (0.015)  Data Time:  0.004 (0.004)
2022-03-30 16:47:00,619:INFO:   Eta: 2:32:16
2022-03-30 16:47:38,405:INFO: Train: [11][2593/2594]  Loss -0.1757 (-0.4784)  Time:  0.203 (0.015)  Data Time:  0.004 (0.004)
2022-03-30 16:47:38,406:INFO:   Eta: 2:30:27
2022-03-30 16:48:16,023:INFO: Train: [12][2593/2594]  Loss -0.2151 (-0.5834)  Time:  0.207 (0.014)  Data Time:  0.005 (0.004)
2022-03-30 16:48:16,025:INFO:   Eta: 2:29:09
2022-03-30 16:48:53,476:INFO: Train: [13][2593/2594]  Loss -0.1909 (-0.5300)  Time:  0.200 (0.014)  Data Time:  0.003 (0.004)
2022-03-30 16:48:53,477:INFO:   Eta: 2:27:51
2022-03-30 16:49:31,325:INFO: Train: [14][2593/2594]  Loss -0.2346 (-0.7222)  Time:  0.212 (0.015)  Data Time:  0.002 (0.004)
2022-03-30 16:49:31,327:INFO:   Eta: 2:28:48
2022-03-30 16:50:06,766:INFO: Train: [15][2593/2594]  Loss -0.0821 (-0.6642)  Time:  0.205 (0.014)  Data Time:  0.002 (0.003)
2022-03-30 16:50:06,767:INFO:   Eta: 2:18:44
2022-03-30 16:50:43,403:INFO: Train: [16][2593/2594]  Loss -0.1145 (-0.7361)  Time:  0.206 (0.014)  Data Time:  0.004 (0.004)
2022-03-30 16:50:43,404:INFO:   Eta: 2:22:49
2022-03-30 16:50:54,534:INFO: Test: [16]  ADE: 1.0253  FDE: 1.6703
2022-03-30 16:51:30,266:INFO: Train: [17][2593/2594]  Loss -0.0468 (-0.7592)  Time:  0.206 (0.014)  Data Time:  0.003 (0.003)
2022-03-30 16:51:30,267:INFO:   Eta: 2:18:41
2022-03-30 16:52:06,181:INFO: Train: [18][2593/2594]  Loss -0.2020 (-0.8318)  Time:  0.297 (0.014)  Data Time:  0.003 (0.003)
2022-03-30 16:52:06,182:INFO:   Eta: 2:18:48
2022-03-30 16:52:43,533:INFO: Train: [19][2593/2594]  Loss -0.2565 (-0.7481)  Time:  0.199 (0.014)  Data Time:  0.004 (0.004)
2022-03-30 16:52:43,534:INFO:   Eta: 2:23:44
2022-03-30 16:53:23,585:INFO: Train: [20][2593/2594]  Loss -0.1976 (-0.7941)  Time:  0.247 (0.015)  Data Time:  0.005 (0.004)
2022-03-30 16:53:23,586:INFO:   Eta: 2:33:28
2022-03-30 16:54:01,192:INFO: Train: [21][2593/2594]  Loss -0.1838 (-0.7462)  Time:  0.202 (0.014)  Data Time:  0.005 (0.004)
2022-03-30 16:54:01,193:INFO:   Eta: 2:23:27
2022-03-30 16:54:38,761:INFO: Train: [22][2593/2594]  Loss -0.1215 (-0.9011)  Time:  0.195 (0.014)  Data Time:  0.004 (0.004)
2022-03-30 16:54:38,762:INFO:   Eta: 2:22:41
2022-03-30 16:55:15,901:INFO: Train: [23][2593/2594]  Loss -0.2312 (-0.8442)  Time:  0.212 (0.014)  Data Time:  0.004 (0.004)
2022-03-30 16:55:15,902:INFO:   Eta: 2:20:27
2022-03-30 16:55:50,931:INFO: Train: [24][2593/2594]  Loss -0.2863 (-0.9701)  Time:  0.197 (0.013)  Data Time:  0.004 (0.003)
2022-03-30 16:55:50,932:INFO:   Eta: 2:11:53
2022-03-30 16:56:29,909:INFO: Train: [25][2593/2594]  Loss -0.1161 (-0.8438)  Time:  0.204 (0.015)  Data Time:  0.004 (0.004)
2022-03-30 16:56:29,910:INFO:   Eta: 2:26:06
2022-03-30 16:57:07,455:INFO: Train: [26][2593/2594]  Loss -0.3304 (-0.8297)  Time:  0.207 (0.014)  Data Time:  0.003 (0.004)
2022-03-30 16:57:07,456:INFO:   Eta: 2:20:06
2022-03-30 16:57:18,692:INFO: Test: [26]  ADE: 0.7096  FDE: 1.1800
2022-03-30 16:57:54,635:INFO: Train: [27][2593/2594]  Loss -0.2649 (-1.0378)  Time:  0.199 (0.014)  Data Time:  0.002 (0.004)
2022-03-30 16:57:54,636:INFO:   Eta: 2:13:31
2022-03-30 16:58:30,736:INFO: Train: [28][2593/2594]  Loss -0.2375 (-1.0083)  Time:  0.212 (0.014)  Data Time:  0.003 (0.003)
2022-03-30 16:58:30,736:INFO:   Eta: 2:13:30
2022-03-30 16:59:06,515:INFO: Train: [29][2593/2594]  Loss -0.2280 (-1.0274)  Time:  0.204 (0.014)  Data Time:  0.004 (0.003)
2022-03-30 16:59:06,519:INFO:   Eta: 2:11:44
2022-03-30 16:59:43,854:INFO: Train: [30][2593/2594]  Loss -0.2967 (-1.0102)  Time:  0.208 (0.014)  Data Time:  0.004 (0.004)
2022-03-30 16:59:43,855:INFO:   Eta: 2:16:35
2022-03-30 17:00:21,465:INFO: Train: [31][2593/2594]  Loss -0.2492 (-1.0457)  Time:  0.211 (0.014)  Data Time:  0.004 (0.004)
2022-03-30 17:00:21,466:INFO:   Eta: 2:17:13
2022-03-30 17:00:59,126:INFO: Train: [32][2593/2594]  Loss -0.2540 (-1.1268)  Time:  0.209 (0.015)  Data Time:  0.002 (0.004)
2022-03-30 17:00:59,127:INFO:   Eta: 2:16:46
2022-03-30 17:01:34,940:INFO: Train: [33][2593/2594]  Loss -0.2253 (-1.1222)  Time:  0.208 (0.014)  Data Time:  0.003 (0.003)
2022-03-30 17:01:34,941:INFO:   Eta: 2:09:28
2022-03-30 17:02:13,073:INFO: Train: [34][2593/2594]  Loss -0.3114 (-1.0723)  Time:  0.215 (0.015)  Data Time:  0.004 (0.004)
2022-03-30 17:02:13,074:INFO:   Eta: 2:17:13
2022-03-30 17:02:51,668:INFO: Train: [35][2593/2594]  Loss -0.2097 (-1.1128)  Time:  0.210 (0.015)  Data Time:  0.004 (0.004)
2022-03-30 17:02:51,668:INFO:   Eta: 2:18:13
2022-03-30 17:03:28,821:INFO: Train: [36][2593/2594]  Loss -0.3666 (-1.2056)  Time:  0.211 (0.014)  Data Time:  0.004 (0.004)
2022-03-30 17:03:28,822:INFO:   Eta: 2:12:28
2022-03-30 17:03:40,164:INFO: Test: [36]  ADE: 0.5444  FDE: 0.8823
2022-03-30 17:04:19,914:INFO: Train: [37][2593/2594]  Loss -0.2566 (-1.0695)  Time:  0.253 (0.015)  Data Time:  0.004 (0.004)
2022-03-30 17:04:19,915:INFO:   Eta: 2:21:03
2022-03-30 17:04:56,204:INFO: Train: [38][2593/2594]  Loss -0.3153 (-1.0077)  Time:  0.203 (0.014)  Data Time:  0.003 (0.003)
2022-03-30 17:04:56,205:INFO:   Eta: 2:08:09
2022-03-30 17:05:31,548:INFO: Train: [39][2593/2594]  Loss -0.2830 (-1.2253)  Time:  0.198 (0.014)  Data Time:  0.003 (0.003)
2022-03-30 17:05:31,549:INFO:   Eta: 2:04:13
2022-03-30 17:06:07,237:INFO: Train: [40][2593/2594]  Loss -0.2609 (-1.0645)  Time:  0.213 (0.014)  Data Time:  0.003 (0.003)
2022-03-30 17:06:07,238:INFO:   Eta: 2:04:51
2022-03-30 17:06:44,955:INFO: Train: [41][2593/2594]  Loss -0.2458 (-1.1525)  Time:  0.308 (0.015)  Data Time:  0.003 (0.004)
2022-03-30 17:06:44,956:INFO:   Eta: 2:11:20
2022-03-30 17:07:20,223:INFO: Train: [42][2593/2594]  Loss -0.2042 (-1.1025)  Time:  0.206 (0.014)  Data Time:  0.004 (0.004)
2022-03-30 17:07:20,224:INFO:   Eta: 2:02:12
2022-03-30 17:07:56,841:INFO: Train: [43][2593/2594]  Loss -0.3808 (-1.2761)  Time:  0.216 (0.014)  Data Time:  0.004 (0.004)
2022-03-30 17:07:56,842:INFO:   Eta: 2:06:16
2022-03-30 17:08:35,375:INFO: Train: [44][2593/2594]  Loss -0.3049 (-1.1280)  Time:  0.211 (0.015)  Data Time:  0.004 (0.004)
2022-03-30 17:08:35,377:INFO:   Eta: 2:12:15
2022-03-30 17:09:13,302:INFO: Train: [45][2593/2594]  Loss -0.3559 (-1.2533)  Time:  0.197 (0.015)  Data Time:  0.004 (0.004)
2022-03-30 17:09:13,303:INFO:   Eta: 2:09:31
2022-03-30 17:09:51,560:INFO: Train: [46][2593/2594]  Loss -0.3519 (-1.1240)  Time:  0.213 (0.015)  Data Time:  0.004 (0.004)
2022-03-30 17:09:51,560:INFO:   Eta: 2:10:01
2022-03-30 17:10:02,704:INFO: Test: [46]  ADE: 0.4845  FDE: 0.7613
2022-03-30 17:10:40,696:INFO: Train: [47][2593/2594]  Loss -0.3986 (-1.2758)  Time:  0.207 (0.015)  Data Time:  0.004 (0.004)
2022-03-30 17:10:40,697:INFO:   Eta: 2:08:29
2022-03-30 17:11:17,205:INFO: Train: [48][2593/2594]  Loss -0.3736 (-1.2724)  Time:  0.197 (0.014)  Data Time:  0.003 (0.004)
2022-03-30 17:11:17,207:INFO:   Eta: 2:02:51
2022-03-30 17:11:52,206:INFO: Train: [49][2593/2594]  Loss -0.3195 (-1.3162)  Time:  0.211 (0.013)  Data Time:  0.003 (0.003)
2022-03-30 17:11:52,207:INFO:   Eta: 1:57:11
2022-03-30 17:12:26,482:INFO: Train: [50][2593/2594]  Loss -0.2634 (-1.3529)  Time:  0.197 (0.013)  Data Time:  0.002 (0.003)
2022-03-30 17:12:26,483:INFO:   Eta: 1:54:11
2022-03-30 17:13:00,256:INFO: Train: [51][2593/2594]  Loss -0.3560 (-1.3173)  Time:  0.205 (0.013)  Data Time:  0.004 (0.003)
2022-03-30 17:13:00,257:INFO:   Eta: 1:51:57
2022-03-30 17:13:38,356:INFO: Train: [52][2593/2594]  Loss -0.3260 (-1.3287)  Time:  0.214 (0.015)  Data Time:  0.005 (0.004)
2022-03-30 17:13:38,358:INFO:   Eta: 2:05:39
2022-03-30 17:14:16,585:INFO: Train: [53][2593/2594]  Loss -0.2715 (-1.3442)  Time:  0.200 (0.015)  Data Time:  0.004 (0.004)
2022-03-30 17:14:16,586:INFO:   Eta: 2:05:27
2022-03-30 17:14:54,629:INFO: Train: [54][2593/2594]  Loss -0.3374 (-1.3149)  Time:  0.303 (0.015)  Data Time:  0.004 (0.004)
2022-03-30 17:14:54,631:INFO:   Eta: 2:04:13
2022-03-30 17:15:33,640:INFO: Train: [55][2593/2594]  Loss -0.3821 (-1.2103)  Time:  0.200 (0.015)  Data Time:  0.004 (0.004)
2022-03-30 17:15:33,641:INFO:   Eta: 2:06:43
2022-03-30 17:16:10,973:INFO: Train: [56][2593/2594]  Loss -0.3085 (-1.3354)  Time:  0.207 (0.014)  Data Time:  0.004 (0.004)
2022-03-30 17:16:10,974:INFO:   Eta: 2:00:39
2022-03-30 17:16:22,387:INFO: Test: [56]  ADE: 0.5449  FDE: 0.8149
2022-03-30 17:17:00,111:INFO: Train: [57][2593/2594]  Loss -0.4088 (-1.2868)  Time:  0.208 (0.015)  Data Time:  0.004 (0.004)
2022-03-30 17:17:00,113:INFO:   Eta: 2:01:18
2022-03-30 17:17:37,290:INFO: Train: [58][2593/2594]  Loss -0.3466 (-1.3697)  Time:  0.213 (0.014)  Data Time:  0.004 (0.004)
2022-03-30 17:17:37,292:INFO:   Eta: 1:58:54
2022-03-30 17:18:14,634:INFO: Train: [59][2593/2594]  Loss -0.4173 (-1.3530)  Time:  0.283 (0.014)  Data Time:  0.003 (0.004)
2022-03-30 17:18:14,636:INFO:   Eta: 1:58:48
2022-03-30 17:18:49,242:INFO: Train: [60][2593/2594]  Loss -0.3704 (-1.3617)  Time:  0.204 (0.013)  Data Time:  0.003 (0.003)
2022-03-30 17:18:49,243:INFO:   Eta: 1:49:32
2022-03-30 17:19:22,533:INFO: Train: [61][2593/2594]  Loss -0.4247 (-1.2276)  Time:  0.209 (0.013)  Data Time:  0.002 (0.003)
2022-03-30 17:19:22,534:INFO:   Eta: 1:44:49
2022-03-30 17:19:58,764:INFO: Train: [62][2593/2594]  Loss -0.2338 (-1.3943)  Time:  0.208 (0.014)  Data Time:  0.004 (0.003)
2022-03-30 17:19:58,765:INFO:   Eta: 1:53:28
2022-03-30 17:20:35,326:INFO: Train: [63][2593/2594]  Loss -0.3605 (-1.3284)  Time:  0.210 (0.014)  Data Time:  0.004 (0.004)
2022-03-30 17:20:35,327:INFO:   Eta: 1:53:53
2022-03-30 17:21:13,570:INFO: Train: [64][2593/2594]  Loss -0.3506 (-1.3820)  Time:  0.198 (0.015)  Data Time:  0.004 (0.004)
2022-03-30 17:21:13,571:INFO:   Eta: 1:58:30
2022-03-30 17:21:51,213:INFO: Train: [65][2593/2594]  Loss -0.3883 (-1.3938)  Time:  0.203 (0.015)  Data Time:  0.004 (0.004)
2022-03-30 17:21:51,218:INFO:   Eta: 1:56:00
2022-03-30 17:22:29,512:INFO: Train: [66][2593/2594]  Loss -0.3726 (-1.3507)  Time:  0.231 (0.015)  Data Time:  0.005 (0.004)
2022-03-30 17:22:29,513:INFO:   Eta: 1:57:17
2022-03-30 17:22:40,702:INFO: Test: [66]  ADE: 0.4162  FDE: 0.5926
2022-03-30 17:23:19,223:INFO: Train: [67][2593/2594]  Loss -0.2792 (-1.3989)  Time:  0.218 (0.015)  Data Time:  0.005 (0.004)
2022-03-30 17:23:19,225:INFO:   Eta: 1:57:26
2022-03-30 17:23:55,505:INFO: Train: [68][2593/2594]  Loss -0.3281 (-1.4363)  Time:  0.206 (0.014)  Data Time:  0.004 (0.004)
2022-03-30 17:23:55,506:INFO:   Eta: 1:50:00
2022-03-30 17:24:32,158:INFO: Train: [69][2593/2594]  Loss -0.3549 (-1.3180)  Time:  0.209 (0.014)  Data Time:  0.005 (0.004)
2022-03-30 17:24:32,160:INFO:   Eta: 1:50:31
2022-03-30 17:25:09,233:INFO: Train: [70][2593/2594]  Loss -0.3353 (-1.4806)  Time:  0.234 (0.014)  Data Time:  0.003 (0.004)
2022-03-30 17:25:09,234:INFO:   Eta: 1:51:09
2022-03-30 17:25:46,037:INFO: Train: [71][2593/2594]  Loss -0.4471 (-1.2650)  Time:  0.207 (0.014)  Data Time:  0.003 (0.003)
2022-03-30 17:25:46,041:INFO:   Eta: 1:49:45
2022-03-30 17:26:22,090:INFO: Train: [72][2593/2594]  Loss -0.1819 (-1.2492)  Time:  0.205 (0.014)  Data Time:  0.003 (0.003)
2022-03-30 17:26:22,091:INFO:   Eta: 1:46:51
2022-03-30 17:26:58,676:INFO: Train: [73][2593/2594]  Loss -0.3787 (-1.4092)  Time:  0.209 (0.014)  Data Time:  0.005 (0.004)
2022-03-30 17:26:58,677:INFO:   Eta: 1:47:53
2022-03-30 17:27:36,771:INFO: Train: [74][2593/2594]  Loss -0.4200 (-1.3482)  Time:  0.205 (0.015)  Data Time:  0.004 (0.004)
2022-03-30 17:27:36,772:INFO:   Eta: 1:51:41
2022-03-30 17:28:15,126:INFO: Train: [75][2593/2594]  Loss -0.4045 (-1.4123)  Time:  0.252 (0.015)  Data Time:  0.004 (0.004)
2022-03-30 17:28:15,128:INFO:   Eta: 1:51:48
2022-03-30 17:28:53,045:INFO: Train: [76][2593/2594]  Loss -0.4085 (-1.4266)  Time:  0.205 (0.015)  Data Time:  0.004 (0.004)
2022-03-30 17:28:53,046:INFO:   Eta: 1:49:54
2022-03-30 17:29:03,719:INFO: Test: [76]  ADE: 0.4177  FDE: 0.6353
2022-03-30 17:29:39,867:INFO: Train: [77][2593/2594]  Loss -0.3907 (-1.4242)  Time:  0.210 (0.014)  Data Time:  0.004 (0.004)
2022-03-30 17:29:39,868:INFO:   Eta: 1:44:10
2022-03-30 17:30:18,375:INFO: Train: [78][2593/2594]  Loss -0.4437 (-1.3646)  Time:  0.202 (0.015)  Data Time:  0.005 (0.004)
2022-03-30 17:30:18,377:INFO:   Eta: 1:50:11
2022-03-30 17:30:55,497:INFO: Train: [79][2593/2594]  Loss -0.3728 (-1.4556)  Time:  0.214 (0.014)  Data Time:  0.004 (0.004)
2022-03-30 17:30:55,498:INFO:   Eta: 1:45:44
2022-03-30 17:31:32,819:INFO: Train: [80][2593/2594]  Loss -0.3413 (-1.3908)  Time:  0.201 (0.014)  Data Time:  0.005 (0.004)
2022-03-30 17:31:32,819:INFO:   Eta: 1:45:42
2022-03-30 17:32:09,795:INFO: Train: [81][2593/2594]  Loss -0.4315 (-1.4746)  Time:  0.199 (0.014)  Data Time:  0.003 (0.004)
2022-03-30 17:32:09,796:INFO:   Eta: 1:44:06
2022-03-30 17:32:46,350:INFO: Train: [82][2593/2594]  Loss -0.4477 (-1.4117)  Time:  0.207 (0.014)  Data Time:  0.003 (0.003)
2022-03-30 17:32:46,351:INFO:   Eta: 1:42:18
2022-03-30 17:33:21,528:INFO: Train: [83][2593/2594]  Loss -0.4294 (-1.3498)  Time:  0.201 (0.014)  Data Time:  0.002 (0.003)
2022-03-30 17:33:21,529:INFO:   Eta: 1:37:52
2022-03-30 17:33:57,658:INFO: Train: [84][2593/2594]  Loss -0.3342 (-1.3899)  Time:  0.204 (0.014)  Data Time:  0.004 (0.004)
2022-03-30 17:33:57,659:INFO:   Eta: 1:39:55
2022-03-30 17:34:35,044:INFO: Train: [85][2593/2594]  Loss -0.4241 (-1.4826)  Time:  0.212 (0.014)  Data Time:  0.004 (0.004)
2022-03-30 17:34:35,045:INFO:   Eta: 1:42:45
2022-03-30 17:35:11,404:INFO: Train: [86][2593/2594]  Loss -0.4023 (-1.4768)  Time:  0.209 (0.014)  Data Time:  0.003 (0.004)
2022-03-30 17:35:11,405:INFO:   Eta: 1:39:20
2022-03-30 17:35:22,368:INFO: Test: [86]  ADE: 0.4119  FDE: 0.5632
2022-03-30 17:36:00,024:INFO: Train: [87][2593/2594]  Loss -0.3996 (-1.2117)  Time:  0.201 (0.015)  Data Time:  0.004 (0.004)
2022-03-30 17:36:00,025:INFO:   Eta: 1:42:15
2022-03-30 17:36:38,011:INFO: Train: [88][2593/2594]  Loss -0.3466 (-1.5043)  Time:  0.206 (0.015)  Data Time:  0.004 (0.004)
2022-03-30 17:36:38,012:INFO:   Eta: 1:42:30
2022-03-30 17:37:17,748:INFO: Train: [89][2593/2594]  Loss -0.4083 (-1.5485)  Time:  0.262 (0.015)  Data Time:  0.004 (0.004)
2022-03-30 17:37:17,749:INFO:   Eta: 1:46:34
2022-03-30 17:37:58,513:INFO: Train: [90][2593/2594]  Loss -0.4122 (-1.4973)  Time:  0.249 (0.016)  Data Time:  0.004 (0.004)
2022-03-30 17:37:58,514:INFO:   Eta: 1:48:39
2022-03-30 17:38:36,413:INFO: Train: [91][2593/2594]  Loss -0.4293 (-1.4036)  Time:  0.208 (0.015)  Data Time:  0.004 (0.004)
2022-03-30 17:38:36,414:INFO:   Eta: 1:40:23
2022-03-30 17:39:12,574:INFO: Train: [92][2593/2594]  Loss -0.3430 (-1.3318)  Time:  0.201 (0.014)  Data Time:  0.003 (0.004)
2022-03-30 17:39:12,575:INFO:   Eta: 1:35:11
2022-03-30 17:39:47,713:INFO: Train: [93][2593/2594]  Loss -0.3782 (-1.4817)  Time:  0.198 (0.014)  Data Time:  0.003 (0.003)
2022-03-30 17:39:47,762:INFO:   Eta: 1:31:54
2022-03-30 17:40:23,057:INFO: Train: [94][2593/2594]  Loss -0.4812 (-1.5401)  Time:  0.203 (0.014)  Data Time:  0.003 (0.003)
2022-03-30 17:40:23,058:INFO:   Eta: 1:31:37
2022-03-30 17:40:57,535:INFO: Train: [95][2593/2594]  Loss -0.4485 (-1.5221)  Time:  0.211 (0.013)  Data Time:  0.004 (0.003)
2022-03-30 17:40:57,536:INFO:   Eta: 1:29:01
2022-03-30 17:41:34,359:INFO: Train: [96][2593/2594]  Loss -0.4353 (-1.4712)  Time:  0.222 (0.014)  Data Time:  0.005 (0.004)
2022-03-30 17:41:34,359:INFO:   Eta: 1:34:27
2022-03-30 17:41:45,718:INFO: Test: [96]  ADE: 0.4381  FDE: 0.6948
2022-03-30 17:42:23,276:INFO: Train: [97][2593/2594]  Loss -0.2307 (-1.5209)  Time:  0.202 (0.014)  Data Time:  0.004 (0.004)
2022-03-30 17:42:23,277:INFO:   Eta: 1:35:44
2022-03-30 17:43:00,566:INFO: Train: [98][2593/2594]  Loss -0.4044 (-1.5312)  Time:  0.207 (0.014)  Data Time:  0.005 (0.004)
2022-03-30 17:43:00,568:INFO:   Eta: 1:34:25
2022-03-30 17:43:37,951:INFO: Train: [99][2593/2594]  Loss -0.4065 (-1.4562)  Time:  0.207 (0.014)  Data Time:  0.004 (0.004)
2022-03-30 17:43:37,952:INFO:   Eta: 1:34:02
2022-03-30 17:44:17,817:INFO: Train: [100][2593/2594]  Loss -0.4162 (-1.5755)  Time:  0.250 (0.015)  Data Time:  0.004 (0.004)
2022-03-30 17:44:17,819:INFO:   Eta: 1:39:37
2022-03-30 17:44:55,364:INFO: Train: [101][2593/2594]  Loss -0.4405 (-1.5508)  Time:  0.209 (0.014)  Data Time:  0.004 (0.004)
2022-03-30 17:44:55,365:INFO:   Eta: 1:33:11
2022-03-30 17:45:33,470:INFO: Train: [102][2593/2594]  Loss -0.4254 (-1.4703)  Time:  0.257 (0.015)  Data Time:  0.004 (0.004)
2022-03-30 17:45:33,472:INFO:   Eta: 1:33:57
2022-03-30 17:46:08,841:INFO: Train: [103][2593/2594]  Loss -0.4397 (-1.5219)  Time:  0.201 (0.014)  Data Time:  0.002 (0.003)
2022-03-30 17:46:08,842:INFO:   Eta: 1:26:36
2022-03-30 17:46:40,273:INFO: Train: [104][2593/2594]  Loss -0.4783 (-1.5795)  Time:  0.186 (0.012)  Data Time:  0.000 (0.002)
2022-03-30 17:46:40,276:INFO:   Eta: 1:16:27
2022-03-30 17:47:14,795:INFO: Train: [105][2593/2594]  Loss -0.4603 (-1.5583)  Time:  0.254 (0.013)  Data Time:  0.003 (0.003)
2022-03-30 17:47:14,796:INFO:   Eta: 1:23:20
2022-03-30 17:47:53,080:INFO: Train: [106][2593/2594]  Loss -0.4410 (-1.5160)  Time:  0.262 (0.015)  Data Time:  0.004 (0.004)
2022-03-30 17:47:53,081:INFO:   Eta: 1:31:50
2022-03-30 17:48:04,019:INFO: Test: [106]  ADE: 0.4197  FDE: 0.6488
2022-03-30 17:48:42,243:INFO: Train: [107][2593/2594]  Loss -0.4351 (-1.5821)  Time:  0.201 (0.015)  Data Time:  0.004 (0.004)
2022-03-30 17:48:42,244:INFO:   Eta: 1:31:03
2022-03-30 17:49:19,891:INFO: Train: [108][2593/2594]  Loss -0.4157 (-1.5329)  Time:  0.252 (0.015)  Data Time:  0.004 (0.004)
2022-03-30 17:49:19,892:INFO:   Eta: 1:29:03
2022-03-30 17:49:57,217:INFO: Train: [109][2593/2594]  Loss -0.3446 (-1.5230)  Time:  0.218 (0.014)  Data Time:  0.004 (0.004)
2022-03-30 17:49:57,218:INFO:   Eta: 1:27:40
2022-03-30 17:50:34,229:INFO: Train: [110][2593/2594]  Loss -0.4578 (-1.5202)  Time:  0.197 (0.014)  Data Time:  0.004 (0.004)
2022-03-30 17:50:34,233:INFO:   Eta: 1:26:19
2022-03-30 17:51:11,234:INFO: Train: [111][2593/2594]  Loss -0.3336 (-1.4831)  Time:  0.216 (0.014)  Data Time:  0.004 (0.004)
2022-03-30 17:51:11,235:INFO:   Eta: 1:25:37
2022-03-30 17:51:48,405:INFO: Train: [112][2593/2594]  Loss -0.2409 (-1.5497)  Time:  0.198 (0.014)  Data Time:  0.004 (0.004)
2022-03-30 17:51:48,408:INFO:   Eta: 1:25:27
2022-03-30 17:52:25,643:INFO: Train: [113][2593/2594]  Loss -0.3857 (-1.4882)  Time:  0.197 (0.014)  Data Time:  0.003 (0.004)
2022-03-30 17:52:25,644:INFO:   Eta: 1:24:58
2022-03-30 17:52:59,912:INFO: Train: [114][2593/2594]  Loss -0.4529 (-1.5321)  Time:  0.212 (0.013)  Data Time:  0.003 (0.003)
2022-03-30 17:52:59,913:INFO:   Eta: 1:17:37
2022-03-30 17:53:35,189:INFO: Train: [115][2593/2594]  Loss -0.4298 (-1.4358)  Time:  0.209 (0.014)  Data Time:  0.003 (0.003)
2022-03-30 17:53:35,189:INFO:   Eta: 1:19:19
2022-03-30 17:54:10,490:INFO: Train: [116][2593/2594]  Loss -0.4484 (-1.5560)  Time:  0.215 (0.014)  Data Time:  0.003 (0.003)
2022-03-30 17:54:10,491:INFO:   Eta: 1:18:48
2022-03-30 17:54:21,742:INFO: Test: [116]  ADE: 0.4062  FDE: 0.6567
2022-03-30 17:55:02,400:INFO: Train: [117][2593/2594]  Loss -0.4519 (-1.4453)  Time:  0.208 (0.016)  Data Time:  0.004 (0.004)
2022-03-30 17:55:02,401:INFO:   Eta: 1:30:05
2022-03-30 17:55:39,991:INFO: Train: [118][2593/2594]  Loss -0.4588 (-1.5541)  Time:  0.211 (0.014)  Data Time:  0.004 (0.004)
2022-03-30 17:55:39,992:INFO:   Eta: 1:22:39
2022-03-30 17:56:18,189:INFO: Train: [119][2593/2594]  Loss -0.3232 (-1.3569)  Time:  0.209 (0.015)  Data Time:  0.003 (0.004)
2022-03-30 17:56:18,190:INFO:   Eta: 1:23:21
2022-03-30 17:56:55,461:INFO: Train: [120][2593/2594]  Loss -0.3757 (-1.5334)  Time:  0.212 (0.014)  Data Time:  0.004 (0.004)
2022-03-30 17:56:55,462:INFO:   Eta: 1:20:42
2022-03-30 17:57:33,035:INFO: Train: [121][2593/2594]  Loss -0.4559 (-1.4344)  Time:  0.210 (0.014)  Data Time:  0.004 (0.004)
2022-03-30 17:57:33,036:INFO:   Eta: 1:20:45
2022-03-30 17:58:09,069:INFO: Train: [122][2593/2594]  Loss -0.3168 (-1.5576)  Time:  0.200 (0.014)  Data Time:  0.004 (0.004)
2022-03-30 17:58:09,070:INFO:   Eta: 1:16:50
2022-03-30 17:58:46,703:INFO: Train: [123][2593/2594]  Loss -0.4984 (-1.5249)  Time:  0.224 (0.015)  Data Time:  0.004 (0.004)
2022-03-30 17:58:46,704:INFO:   Eta: 1:19:37
2022-03-30 17:59:24,600:INFO: Train: [124][2593/2594]  Loss -0.3602 (-1.5881)  Time:  0.205 (0.015)  Data Time:  0.005 (0.004)
2022-03-30 17:59:24,601:INFO:   Eta: 1:19:32
2022-03-30 17:59:59,007:INFO: Train: [125][2593/2594]  Loss -0.4208 (-1.5788)  Time:  0.197 (0.013)  Data Time:  0.002 (0.003)
2022-03-30 17:59:59,009:INFO:   Eta: 1:11:39
2022-03-30 18:00:33,384:INFO: Train: [126][2593/2594]  Loss -0.4275 (-1.5911)  Time:  0.205 (0.013)  Data Time:  0.003 (0.003)
2022-03-30 18:00:33,385:INFO:   Eta: 1:11:00
2022-03-30 18:00:44,419:INFO: Test: [126]  ADE: 0.3843  FDE: 0.5479
2022-03-30 18:01:20,413:INFO: Train: [127][2593/2594]  Loss -0.3810 (-1.6229)  Time:  0.206 (0.014)  Data Time:  0.004 (0.003)
2022-03-30 18:01:20,416:INFO:   Eta: 1:13:45
2022-03-30 18:01:57,738:INFO: Train: [128][2593/2594]  Loss -0.4492 (-1.6586)  Time:  0.212 (0.014)  Data Time:  0.004 (0.004)
2022-03-30 18:01:57,739:INFO:   Eta: 1:15:49
2022-03-30 18:02:36,097:INFO: Train: [129][2593/2594]  Loss -0.4015 (-1.6323)  Time:  0.206 (0.015)  Data Time:  0.004 (0.004)
2022-03-30 18:02:36,099:INFO:   Eta: 1:17:19
2022-03-30 18:03:14,168:INFO: Train: [130][2593/2594]  Loss -0.3466 (-1.6603)  Time:  0.211 (0.015)  Data Time:  0.002 (0.004)
2022-03-30 18:03:14,170:INFO:   Eta: 1:16:04
2022-03-30 18:03:50,244:INFO: Train: [131][2593/2594]  Loss -0.4551 (-1.6269)  Time:  0.208 (0.014)  Data Time:  0.004 (0.004)
2022-03-30 18:03:50,245:INFO:   Eta: 1:11:30
2022-03-30 18:04:27,512:INFO: Train: [132][2593/2594]  Loss -0.3344 (-1.6571)  Time:  0.250 (0.014)  Data Time:  0.004 (0.004)
2022-03-30 18:04:27,514:INFO:   Eta: 1:13:15
2022-03-30 18:05:04,805:INFO: Train: [133][2593/2594]  Loss -0.4227 (-1.5957)  Time:  0.205 (0.014)  Data Time:  0.004 (0.004)
2022-03-30 18:05:04,806:INFO:   Eta: 1:12:40
2022-03-30 18:05:44,082:INFO: Train: [134][2593/2594]  Loss -0.4238 (-1.3692)  Time:  0.250 (0.015)  Data Time:  0.003 (0.004)
2022-03-30 18:05:44,084:INFO:   Eta: 1:15:54
2022-03-30 18:06:23,269:INFO: Train: [135][2593/2594]  Loss -0.4582 (-1.6105)  Time:  0.214 (0.015)  Data Time:  0.002 (0.004)
2022-03-30 18:06:23,272:INFO:   Eta: 1:15:04
2022-03-30 18:06:58,321:INFO: Train: [136][2593/2594]  Loss -0.4300 (-1.5380)  Time:  0.215 (0.014)  Data Time:  0.004 (0.003)
2022-03-30 18:06:58,322:INFO:   Eta: 1:06:33
2022-03-30 18:07:09,223:INFO: Test: [136]  ADE: 0.4413  FDE: 0.7106
2022-03-30 18:07:44,667:INFO: Train: [137][2593/2594]  Loss -0.4205 (-1.6289)  Time:  0.263 (0.014)  Data Time:  0.003 (0.003)
2022-03-30 18:07:44,668:INFO:   Eta: 1:06:43
2022-03-30 18:08:20,855:INFO: Train: [138][2593/2594]  Loss -0.3907 (-1.4300)  Time:  0.248 (0.014)  Data Time:  0.003 (0.004)
2022-03-30 18:08:20,887:INFO:   Eta: 1:07:31
2022-03-30 18:08:59,315:INFO: Train: [139][2593/2594]  Loss -0.4090 (-1.6205)  Time:  0.209 (0.015)  Data Time:  0.004 (0.004)
2022-03-30 18:08:59,316:INFO:   Eta: 1:11:01
2022-03-30 18:09:36,743:INFO: Train: [140][2593/2594]  Loss -0.5149 (-1.6381)  Time:  0.207 (0.014)  Data Time:  0.003 (0.004)
2022-03-30 18:09:36,744:INFO:   Eta: 1:08:35
2022-03-30 18:10:12,253:INFO: Train: [141][2593/2594]  Loss -0.4273 (-1.3119)  Time:  0.207 (0.014)  Data Time:  0.004 (0.003)
2022-03-30 18:10:12,253:INFO:   Eta: 1:04:28
2022-03-30 18:10:51,007:INFO: Train: [142][2593/2594]  Loss -0.3921 (-1.6397)  Time:  0.198 (0.015)  Data Time:  0.005 (0.004)
2022-03-30 18:10:51,008:INFO:   Eta: 1:09:43
2022-03-30 18:11:28,671:INFO: Train: [143][2593/2594]  Loss -0.3116 (-1.6101)  Time:  0.209 (0.015)  Data Time:  0.004 (0.004)
2022-03-30 18:11:28,673:INFO:   Eta: 1:07:08
2022-03-30 18:12:06,459:INFO: Train: [144][2593/2594]  Loss -0.4149 (-1.6398)  Time:  0.247 (0.015)  Data Time:  0.003 (0.004)
2022-03-30 18:12:06,460:INFO:   Eta: 1:06:43
2022-03-30 18:12:44,669:INFO: Train: [145][2593/2594]  Loss -0.4893 (-1.5272)  Time:  0.201 (0.015)  Data Time:  0.004 (0.004)
2022-03-30 18:12:44,670:INFO:   Eta: 1:06:50
2022-03-30 18:13:20,981:INFO: Train: [146][2593/2594]  Loss -0.4497 (-1.5375)  Time:  0.217 (0.014)  Data Time:  0.003 (0.004)
2022-03-30 18:13:20,983:INFO:   Eta: 1:02:54
2022-03-30 18:13:32,315:INFO: Test: [146]  ADE: 0.4185  FDE: 0.6722
2022-03-30 18:14:07,841:INFO: Train: [147][2593/2594]  Loss -0.4535 (-1.6249)  Time:  0.199 (0.014)  Data Time:  0.003 (0.003)
2022-03-30 18:14:07,842:INFO:   Eta: 1:00:57
2022-03-30 18:14:42,892:INFO: Train: [148][2593/2594]  Loss -0.4289 (-1.6844)  Time:  0.206 (0.014)  Data Time:  0.003 (0.003)
2022-03-30 18:14:42,893:INFO:   Eta: 0:59:33
2022-03-30 18:15:18,659:INFO: Train: [149][2593/2594]  Loss -0.4509 (-1.5218)  Time:  0.196 (0.014)  Data Time:  0.003 (0.004)
2022-03-30 18:15:18,660:INFO:   Eta: 1:00:11
2022-03-30 18:15:56,619:INFO: Train: [150][2593/2594]  Loss -0.5422 (-1.7742)  Time:  0.203 (0.015)  Data Time:  0.004 (0.004)
2022-03-30 18:15:56,620:INFO:   Eta: 1:03:14
2022-03-30 18:16:33,591:INFO: Train: [151][2593/2594]  Loss -0.4848 (-1.8081)  Time:  0.214 (0.014)  Data Time:  0.003 (0.003)
2022-03-30 18:16:33,592:INFO:   Eta: 1:00:58
2022-03-30 18:16:39,346:INFO: Valid: [151][620/621]  Loss -7.9056 (-4.6607)
2022-03-30 18:16:39,362:INFO: Checkpoint saved...
2022-03-30 18:17:17,034:INFO: Train: [152][2593/2594]  Loss -0.4435 (-1.7043)  Time:  0.208 (0.015)  Data Time:  0.004 (0.004)
2022-03-30 18:17:17,035:INFO:   Eta: 1:01:28
2022-03-30 18:17:23,214:INFO: Valid: [152][620/621]  Loss -8.6322 (-5.0774)
2022-03-30 18:17:23,227:INFO: Checkpoint saved...
2022-03-30 18:18:01,789:INFO: Train: [153][2593/2594]  Loss -0.3397 (-1.7993)  Time:  0.271 (0.015)  Data Time:  0.004 (0.004)
2022-03-30 18:18:01,791:INFO:   Eta: 1:02:17
2022-03-30 18:18:08,120:INFO: Valid: [153][620/621]  Loss -8.3699 (-4.9552)
2022-03-30 18:18:46,957:INFO: Train: [154][2593/2594]  Loss -0.4662 (-1.6953)  Time:  0.243 (0.015)  Data Time:  0.004 (0.004)
2022-03-30 18:18:46,958:INFO:   Eta: 1:02:05
2022-03-30 18:18:53,086:INFO: Valid: [154][620/621]  Loss -7.3181 (-4.3160)
2022-03-30 18:19:30,432:INFO: Train: [155][2593/2594]  Loss -0.4617 (-1.8372)  Time:  0.202 (0.014)  Data Time:  0.004 (0.004)
2022-03-30 18:19:30,435:INFO:   Eta: 0:59:05
2022-03-30 18:19:36,599:INFO: Valid: [155][620/621]  Loss -7.9891 (-4.7141)
2022-03-30 18:20:13,312:INFO: Train: [156][2593/2594]  Loss -0.5276 (-1.7843)  Time:  0.207 (0.014)  Data Time:  0.003 (0.004)
2022-03-30 18:20:13,314:INFO:   Eta: 0:57:28
2022-03-30 18:20:19,181:INFO: Valid: [156][620/621]  Loss -8.0673 (-4.7562)
2022-03-30 18:20:30,712:INFO: Test: [156]  ADE: 0.4150  FDE: 0.6516
2022-03-30 18:21:05,834:INFO: Train: [157][2593/2594]  Loss -0.5198 (-1.8197)  Time:  0.197 (0.014)  Data Time:  0.003 (0.003)
2022-03-30 18:21:05,835:INFO:   Eta: 0:54:24
2022-03-30 18:21:11,740:INFO: Valid: [157][620/621]  Loss -8.1438 (-4.8161)
2022-03-30 18:21:47,221:INFO: Train: [158][2593/2594]  Loss -0.4799 (-1.8539)  Time:  0.257 (0.014)  Data Time:  0.003 (0.003)
2022-03-30 18:21:47,221:INFO:   Eta: 0:54:21
2022-03-30 18:21:53,209:INFO: Valid: [158][620/621]  Loss -7.9326 (-4.6844)
2022-03-30 18:22:30,578:INFO: Train: [159][2593/2594]  Loss -0.5016 (-1.6939)  Time:  0.198 (0.014)  Data Time:  0.004 (0.004)
2022-03-30 18:22:30,579:INFO:   Eta: 0:56:36
2022-03-30 18:22:36,449:INFO: Valid: [159][620/621]  Loss -8.1543 (-4.7934)
2022-03-30 18:23:11,489:INFO: Train: [160][2593/2594]  Loss -0.4445 (-1.8096)  Time:  0.198 (0.013)  Data Time:  0.004 (0.003)
2022-03-30 18:23:11,491:INFO:   Eta: 0:52:30
2022-03-30 18:23:17,661:INFO: Valid: [160][620/621]  Loss -8.3671 (-4.9393)
2022-03-30 18:23:55,404:INFO: Train: [161][2593/2594]  Loss -0.5519 (-1.7526)  Time:  0.199 (0.015)  Data Time:  0.004 (0.004)
2022-03-30 18:23:55,405:INFO:   Eta: 0:55:56
2022-03-30 18:24:01,330:INFO: Valid: [161][620/621]  Loss -8.0429 (-4.7346)
2022-03-30 18:24:39,446:INFO: Train: [162][2593/2594]  Loss -0.4962 (-1.8131)  Time:  0.220 (0.015)  Data Time:  0.004 (0.004)
2022-03-30 18:24:39,447:INFO:   Eta: 0:55:51
2022-03-30 18:24:45,400:INFO: Valid: [162][620/621]  Loss -8.4192 (-4.9687)
2022-03-30 18:25:23,589:INFO: Train: [163][2593/2594]  Loss -0.5203 (-1.7938)  Time:  0.264 (0.015)  Data Time:  0.004 (0.004)
2022-03-30 18:25:23,590:INFO:   Eta: 0:55:19
2022-03-30 18:25:29,724:INFO: Valid: [163][620/621]  Loss -8.2550 (-4.8560)
2022-03-30 18:26:07,655:INFO: Train: [164][2593/2594]  Loss -0.4386 (-1.8144)  Time:  0.205 (0.015)  Data Time:  0.003 (0.004)
2022-03-30 18:26:07,656:INFO:   Eta: 0:54:19
2022-03-30 18:26:13,839:INFO: Valid: [164][620/621]  Loss -8.2410 (-4.8684)
2022-03-30 18:26:51,120:INFO: Train: [165][2593/2594]  Loss -0.5011 (-1.8388)  Time:  0.215 (0.014)  Data Time:  0.004 (0.004)
2022-03-30 18:26:51,121:INFO:   Eta: 0:52:46
2022-03-30 18:26:56,958:INFO: Valid: [165][620/621]  Loss -7.6858 (-4.5359)
2022-03-30 18:27:34,744:INFO: Train: [166][2593/2594]  Loss -0.4841 (-1.8471)  Time:  0.206 (0.015)  Data Time:  0.004 (0.004)
2022-03-30 18:27:34,745:INFO:   Eta: 0:52:51
2022-03-30 18:27:40,566:INFO: Valid: [166][620/621]  Loss -7.0993 (-4.2341)
2022-03-30 18:27:51,521:INFO: Test: [166]  ADE: 0.4328  FDE: 0.6369
2022-03-30 18:28:27,737:INFO: Train: [167][2593/2594]  Loss -0.5653 (-1.8360)  Time:  0.213 (0.014)  Data Time:  0.003 (0.003)
2022-03-30 18:28:27,738:INFO:   Eta: 0:50:04
2022-03-30 18:28:33,648:INFO: Valid: [167][620/621]  Loss -6.0525 (-3.5941)
2022-03-30 18:29:08,002:INFO: Train: [168][2593/2594]  Loss -0.4906 (-1.7851)  Time:  0.191 (0.013)  Data Time:  0.003 (0.003)
2022-03-30 18:29:08,003:INFO:   Eta: 0:46:54
2022-03-30 18:29:13,607:INFO: Valid: [168][620/621]  Loss -8.2927 (-4.9023)
2022-03-30 18:29:49,767:INFO: Train: [169][2593/2594]  Loss -0.4422 (-1.8194)  Time:  0.213 (0.014)  Data Time:  0.004 (0.003)
2022-03-30 18:29:49,768:INFO:   Eta: 0:48:46
2022-03-30 18:29:55,923:INFO: Valid: [169][620/621]  Loss -7.2538 (-4.2974)
2022-03-30 18:30:32,835:INFO: Train: [170][2593/2594]  Loss -0.4626 (-1.7715)  Time:  0.209 (0.014)  Data Time:  0.004 (0.004)
2022-03-30 18:30:32,836:INFO:   Eta: 0:49:10
2022-03-30 18:30:38,810:INFO: Valid: [170][620/621]  Loss -8.0623 (-4.7611)
2022-03-30 18:31:18,059:INFO: Train: [171][2593/2594]  Loss -0.5343 (-1.8033)  Time:  0.207 (0.015)  Data Time:  0.004 (0.004)
2022-03-30 18:31:18,060:INFO:   Eta: 0:51:38
2022-03-30 18:31:23,948:INFO: Valid: [171][620/621]  Loss -7.5923 (-4.4805)
2022-03-30 18:32:02,112:INFO: Train: [172][2593/2594]  Loss -0.5055 (-1.8227)  Time:  0.213 (0.015)  Data Time:  0.005 (0.004)
2022-03-30 18:32:02,113:INFO:   Eta: 0:49:34
2022-03-30 18:32:08,297:INFO: Valid: [172][620/621]  Loss -8.0996 (-4.7832)
2022-03-30 18:32:47,270:INFO: Train: [173][2593/2594]  Loss -0.5282 (-1.8181)  Time:  0.242 (0.015)  Data Time:  0.004 (0.004)
2022-03-30 18:32:47,271:INFO:   Eta: 0:49:58
2022-03-30 18:32:53,475:INFO: Valid: [173][620/621]  Loss -7.9614 (-4.7085)
2022-03-30 18:33:31,288:INFO: Train: [174][2593/2594]  Loss -0.5083 (-1.8418)  Time:  0.286 (0.015)  Data Time:  0.004 (0.004)
2022-03-30 18:33:31,289:INFO:   Eta: 0:47:51
2022-03-30 18:33:37,514:INFO: Valid: [174][620/621]  Loss -7.4984 (-4.4320)
2022-03-30 18:34:14,895:INFO: Train: [175][2593/2594]  Loss -0.4332 (-1.8357)  Time:  0.209 (0.014)  Data Time:  0.004 (0.004)
2022-03-30 18:34:14,896:INFO:   Eta: 0:46:41
2022-03-30 18:34:21,009:INFO: Valid: [175][620/621]  Loss -7.2087 (-4.2739)
2022-03-30 18:34:59,294:INFO: Train: [176][2593/2594]  Loss -0.5027 (-1.8217)  Time:  0.195 (0.015)  Data Time:  0.004 (0.004)
2022-03-30 18:34:59,295:INFO:   Eta: 0:47:10
2022-03-30 18:35:05,343:INFO: Valid: [176][620/621]  Loss -7.9004 (-4.6615)
2022-03-30 18:35:16,637:INFO: Test: [176]  ADE: 0.4238  FDE: 0.6478
2022-03-30 18:35:51,765:INFO: Train: [177][2593/2594]  Loss -0.4543 (-1.7069)  Time:  0.190 (0.014)  Data Time:  0.000 (0.003)
2022-03-30 18:35:51,766:INFO:   Eta: 0:42:42
2022-03-30 18:35:57,330:INFO: Valid: [177][620/621]  Loss -7.8248 (-4.6286)
2022-03-30 18:36:31,482:INFO: Train: [178][2593/2594]  Loss -0.4712 (-1.6509)  Time:  0.211 (0.013)  Data Time:  0.004 (0.003)
2022-03-30 18:36:31,483:INFO:   Eta: 0:40:56
2022-03-30 18:36:37,314:INFO: Valid: [178][620/621]  Loss -8.1278 (-4.8097)
2022-03-30 18:37:13,902:INFO: Train: [179][2593/2594]  Loss -0.5303 (-1.8446)  Time:  0.210 (0.014)  Data Time:  0.005 (0.003)
2022-03-30 18:37:13,903:INFO:   Eta: 0:43:15
2022-03-30 18:37:20,109:INFO: Valid: [179][620/621]  Loss -8.2967 (-4.8942)
2022-03-30 18:37:57,593:INFO: Train: [180][2593/2594]  Loss -0.4721 (-1.6095)  Time:  0.205 (0.014)  Data Time:  0.003 (0.004)
2022-03-30 18:37:57,594:INFO:   Eta: 0:43:41
2022-03-30 18:38:03,862:INFO: Valid: [180][620/621]  Loss -8.0946 (-4.7802)
2022-03-30 18:38:41,646:INFO: Train: [181][2593/2594]  Loss -0.4794 (-1.7480)  Time:  0.214 (0.015)  Data Time:  0.004 (0.004)
2022-03-30 18:38:41,647:INFO:   Eta: 0:43:24
2022-03-30 18:38:47,784:INFO: Valid: [181][620/621]  Loss -8.1292 (-4.8262)
2022-03-30 18:39:25,117:INFO: Train: [182][2593/2594]  Loss -0.4396 (-1.7698)  Time:  0.216 (0.014)  Data Time:  0.003 (0.004)
2022-03-30 18:39:25,118:INFO:   Eta: 0:42:16
2022-03-30 18:39:31,123:INFO: Valid: [182][620/621]  Loss -7.8071 (-4.6334)
2022-03-30 18:40:09,116:INFO: Train: [183][2593/2594]  Loss -0.4993 (-1.8863)  Time:  0.212 (0.015)  Data Time:  0.002 (0.004)
2022-03-30 18:40:09,117:INFO:   Eta: 0:42:23
2022-03-30 18:40:15,437:INFO: Valid: [183][620/621]  Loss -7.5942 (-4.5059)
2022-03-30 18:40:53,019:INFO: Train: [184][2593/2594]  Loss -0.5494 (-1.8255)  Time:  0.204 (0.014)  Data Time:  0.004 (0.004)
2022-03-30 18:40:53,020:INFO:   Eta: 0:41:18
2022-03-30 18:40:59,112:INFO: Valid: [184][620/621]  Loss -5.5439 (-3.3214)
2022-03-30 18:41:38,012:INFO: Train: [185][2593/2594]  Loss -0.5317 (-1.8190)  Time:  0.210 (0.015)  Data Time:  0.004 (0.004)
2022-03-30 18:41:38,012:INFO:   Eta: 0:42:06
2022-03-30 18:41:44,211:INFO: Valid: [185][620/621]  Loss -8.1417 (-4.8203)
2022-03-30 18:42:21,404:INFO: Train: [186][2593/2594]  Loss -0.5011 (-1.8649)  Time:  0.201 (0.014)  Data Time:  0.003 (0.004)
2022-03-30 18:42:21,405:INFO:   Eta: 0:39:38
2022-03-30 18:42:27,419:INFO: Valid: [186][620/621]  Loss -7.7763 (-4.6107)
2022-03-30 18:42:38,611:INFO: Test: [186]  ADE: 0.4397  FDE: 0.6729
2022-03-30 18:43:14,574:INFO: Train: [187][2593/2594]  Loss -0.4938 (-1.8774)  Time:  0.208 (0.014)  Data Time:  0.003 (0.003)
2022-03-30 18:43:14,576:INFO:   Eta: 0:37:44
2022-03-30 18:43:20,432:INFO: Valid: [187][620/621]  Loss -7.8905 (-4.6767)
2022-03-30 18:43:55,737:INFO: Train: [188][2593/2594]  Loss -0.5000 (-1.8701)  Time:  0.240 (0.014)  Data Time:  0.002 (0.003)
2022-03-30 18:43:55,738:INFO:   Eta: 0:36:26
2022-03-30 18:44:01,653:INFO: Valid: [188][620/621]  Loss -8.1211 (-4.7810)
2022-03-30 18:44:38,960:INFO: Train: [189][2593/2594]  Loss -0.5224 (-1.8801)  Time:  0.210 (0.014)  Data Time:  0.004 (0.003)
2022-03-30 18:44:38,961:INFO:   Eta: 0:37:53
2022-03-30 18:44:44,646:INFO: Valid: [189][620/621]  Loss -8.0194 (-4.7420)
2022-03-30 18:45:21,699:INFO: Train: [190][2593/2594]  Loss -0.5345 (-1.8977)  Time:  0.211 (0.014)  Data Time:  0.005 (0.004)
2022-03-30 18:45:21,700:INFO:   Eta: 0:37:01
2022-03-30 18:45:27,964:INFO: Valid: [190][620/621]  Loss -8.0156 (-4.7620)
2022-03-30 18:46:05,160:INFO: Train: [191][2593/2594]  Loss -0.5095 (-1.8333)  Time:  0.210 (0.014)  Data Time:  0.003 (0.004)
2022-03-30 18:46:05,162:INFO:   Eta: 0:36:32
2022-03-30 18:46:11,191:INFO: Valid: [191][620/621]  Loss -7.8234 (-4.6368)
2022-03-30 18:46:48,659:INFO: Train: [192][2593/2594]  Loss -0.4798 (-1.8600)  Time:  0.247 (0.014)  Data Time:  0.004 (0.004)
2022-03-30 18:46:48,660:INFO:   Eta: 0:36:11
2022-03-30 18:46:54,596:INFO: Valid: [192][620/621]  Loss -8.0495 (-4.7728)
2022-03-30 18:47:34,723:INFO: Train: [193][2593/2594]  Loss -0.4462 (-1.8468)  Time:  0.221 (0.015)  Data Time:  0.004 (0.004)
2022-03-30 18:47:34,725:INFO:   Eta: 0:38:05
2022-03-30 18:47:40,973:INFO: Valid: [193][620/621]  Loss -8.3727 (-4.9571)
2022-03-30 18:48:19,210:INFO: Train: [194][2593/2594]  Loss -0.4688 (-1.8855)  Time:  0.204 (0.015)  Data Time:  0.004 (0.004)
2022-03-30 18:48:19,212:INFO:   Eta: 0:35:39
2022-03-30 18:48:25,166:INFO: Valid: [194][620/621]  Loss -8.1869 (-4.8768)
2022-03-30 18:49:02,214:INFO: Train: [195][2593/2594]  Loss -0.5613 (-1.8414)  Time:  0.204 (0.014)  Data Time:  0.003 (0.004)
2022-03-30 18:49:02,215:INFO:   Eta: 0:33:56
2022-03-30 18:49:08,166:INFO: Valid: [195][620/621]  Loss -7.2906 (-4.3169)
2022-03-30 18:49:45,381:INFO: Train: [196][2593/2594]  Loss -0.4439 (-1.8766)  Time:  0.207 (0.014)  Data Time:  0.004 (0.004)
2022-03-30 18:49:45,382:INFO:   Eta: 0:33:28
2022-03-30 18:49:51,403:INFO: Valid: [196][620/621]  Loss -7.1206 (-4.2217)
2022-03-30 18:50:02,991:INFO: Test: [196]  ADE: 0.4433  FDE: 0.6391
2022-03-30 18:50:41,093:INFO: Train: [197][2593/2594]  Loss -0.4892 (-1.8926)  Time:  0.204 (0.015)  Data Time:  0.003 (0.004)
2022-03-30 18:50:41,094:INFO:   Eta: 0:33:38
2022-03-30 18:50:47,047:INFO: Valid: [197][620/621]  Loss -8.1426 (-4.8106)
2022-03-30 18:51:22,613:INFO: Train: [198][2593/2594]  Loss -0.5215 (-1.8505)  Time:  0.204 (0.014)  Data Time:  0.003 (0.003)
2022-03-30 18:51:22,614:INFO:   Eta: 0:30:47
2022-03-30 18:51:28,530:INFO: Valid: [198][620/621]  Loss -7.1085 (-4.2284)
2022-03-30 18:52:04,670:INFO: Train: [199][2593/2594]  Loss -0.4969 (-1.7734)  Time:  0.199 (0.014)  Data Time:  0.003 (0.003)
2022-03-30 18:52:04,673:INFO:   Eta: 0:30:41
2022-03-30 18:52:10,494:INFO: Valid: [199][620/621]  Loss -8.1944 (-4.8389)
2022-03-30 18:52:46,276:INFO: Train: [200][2593/2594]  Loss -0.4726 (-1.8566)  Time:  0.204 (0.014)  Data Time:  0.004 (0.003)
2022-03-30 18:52:46,277:INFO:   Eta: 0:29:47
2022-03-30 18:52:52,331:INFO: Valid: [200][620/621]  Loss -6.7865 (-4.0532)
2022-03-30 18:53:29,472:INFO: Train: [201][2593/2594]  Loss -0.5170 (-1.8412)  Time:  0.207 (0.014)  Data Time:  0.004 (0.004)
2022-03-30 18:53:29,473:INFO:   Eta: 0:30:18
2022-03-30 18:53:35,507:INFO: Valid: [201][620/621]  Loss -7.8890 (-4.6660)
2022-03-30 18:54:13,501:INFO: Train: [202][2593/2594]  Loss -0.4950 (-1.7589)  Time:  0.199 (0.015)  Data Time:  0.003 (0.004)
2022-03-30 18:54:13,502:INFO:   Eta: 0:30:22
2022-03-30 18:54:19,527:INFO: Valid: [202][620/621]  Loss -7.9181 (-4.6667)
2022-03-30 18:54:57,262:INFO: Train: [203][2593/2594]  Loss -0.4314 (-1.8778)  Time:  0.200 (0.015)  Data Time:  0.003 (0.004)
2022-03-30 18:54:57,263:INFO:   Eta: 0:29:31
2022-03-30 18:55:03,330:INFO: Valid: [203][620/621]  Loss -8.3668 (-4.9673)
2022-03-30 18:55:39,963:INFO: Train: [204][2593/2594]  Loss -0.4390 (-1.7128)  Time:  0.203 (0.014)  Data Time:  0.003 (0.004)
2022-03-30 18:55:39,964:INFO:   Eta: 0:28:03
2022-03-30 18:55:45,759:INFO: Valid: [204][620/621]  Loss -8.2515 (-4.8928)
2022-03-30 18:56:22,212:INFO: Train: [205][2593/2594]  Loss -0.4534 (-1.6308)  Time:  0.215 (0.014)  Data Time:  0.004 (0.004)
2022-03-30 18:56:22,214:INFO:   Eta: 0:27:18
2022-03-30 18:56:28,390:INFO: Valid: [205][620/621]  Loss -7.6656 (-4.5524)
2022-03-30 18:57:08,049:INFO: Train: [206][2593/2594]  Loss -0.4791 (-1.8626)  Time:  0.306 (0.015)  Data Time:  0.004 (0.004)
2022-03-30 18:57:08,051:INFO:   Eta: 0:29:03
2022-03-30 18:57:14,085:INFO: Valid: [206][620/621]  Loss -8.0396 (-4.7714)
2022-03-30 18:57:25,284:INFO: Test: [206]  ADE: 0.4321  FDE: 0.6939
2022-03-30 18:58:02,777:INFO: Train: [207][2593/2594]  Loss -0.4481 (-1.8810)  Time:  0.205 (0.014)  Data Time:  0.004 (0.004)
2022-03-30 18:58:02,777:INFO:   Eta: 0:26:51
2022-03-30 18:58:08,789:INFO: Valid: [207][620/621]  Loss -8.1995 (-4.8916)
2022-03-30 18:58:45,565:INFO: Train: [208][2593/2594]  Loss -0.5072 (-1.6248)  Time:  0.291 (0.014)  Data Time:  0.003 (0.004)
2022-03-30 18:58:45,567:INFO:   Eta: 0:25:43
2022-03-30 18:58:51,321:INFO: Valid: [208][620/621]  Loss -7.8963 (-4.6799)
2022-03-30 18:59:27,010:INFO: Train: [209][2593/2594]  Loss -0.4760 (-1.8931)  Time:  0.205 (0.014)  Data Time:  0.003 (0.003)
2022-03-30 18:59:27,012:INFO:   Eta: 0:24:21
2022-03-30 18:59:32,693:INFO: Valid: [209][620/621]  Loss -7.7032 (-4.5664)
2022-03-30 19:00:07,717:INFO: Train: [210][2593/2594]  Loss -0.4450 (-1.8632)  Time:  0.204 (0.013)  Data Time:  0.003 (0.003)
2022-03-30 19:00:07,719:INFO:   Eta: 0:23:19
2022-03-30 19:00:13,573:INFO: Valid: [210][620/621]  Loss -8.0623 (-4.7764)
2022-03-30 19:00:51,507:INFO: Train: [211][2593/2594]  Loss -0.5398 (-1.8020)  Time:  0.198 (0.015)  Data Time:  0.004 (0.004)
2022-03-30 19:00:51,508:INFO:   Eta: 0:24:38
2022-03-30 19:00:57,840:INFO: Valid: [211][620/621]  Loss -8.1129 (-4.8124)
2022-03-30 19:01:38,279:INFO: Train: [212][2593/2594]  Loss -0.4494 (-1.8960)  Time:  0.246 (0.016)  Data Time:  0.004 (0.004)
2022-03-30 19:01:38,280:INFO:   Eta: 0:25:35
2022-03-30 19:01:44,515:INFO: Valid: [212][620/621]  Loss -7.8133 (-4.6285)
2022-03-30 19:02:21,426:INFO: Train: [213][2593/2594]  Loss -0.4163 (-1.9016)  Time:  0.206 (0.014)  Data Time:  0.003 (0.003)
2022-03-30 19:02:21,426:INFO:   Eta: 0:22:44
2022-03-30 19:02:27,352:INFO: Valid: [213][620/621]  Loss -8.0673 (-4.8011)
2022-03-30 19:03:04,300:INFO: Train: [214][2593/2594]  Loss -0.5371 (-1.8903)  Time:  0.203 (0.014)  Data Time:  0.003 (0.004)
2022-03-30 19:03:04,302:INFO:   Eta: 0:22:08
2022-03-30 19:03:10,243:INFO: Valid: [214][620/621]  Loss -7.7223 (-4.5575)
2022-03-30 19:03:47,925:INFO: Train: [215][2593/2594]  Loss -0.4984 (-1.8797)  Time:  0.199 (0.015)  Data Time:  0.005 (0.004)
2022-03-30 19:03:47,927:INFO:   Eta: 0:21:58
2022-03-30 19:03:54,215:INFO: Valid: [215][620/621]  Loss -7.5203 (-4.4721)
2022-03-30 19:04:33,319:INFO: Train: [216][2593/2594]  Loss -0.5554 (-1.8711)  Time:  0.254 (0.015)  Data Time:  0.005 (0.004)
2022-03-30 19:04:33,320:INFO:   Eta: 0:22:08
2022-03-30 19:04:39,602:INFO: Valid: [216][620/621]  Loss -7.4276 (-4.4493)
2022-03-30 19:04:51,242:INFO: Test: [216]  ADE: 0.4490  FDE: 0.6545
2022-03-30 19:05:30,753:INFO: Train: [217][2593/2594]  Loss -0.5166 (-1.8693)  Time:  0.205 (0.015)  Data Time:  0.004 (0.004)
2022-03-30 19:05:30,754:INFO:   Eta: 0:21:43
2022-03-30 19:05:36,870:INFO: Valid: [217][620/621]  Loss -7.6299 (-4.5378)
2022-03-30 19:06:16,896:INFO: Train: [218][2593/2594]  Loss -0.4785 (-1.8621)  Time:  0.235 (0.015)  Data Time:  0.002 (0.004)
2022-03-30 19:06:16,897:INFO:   Eta: 0:21:19
2022-03-30 19:06:22,744:INFO: Valid: [218][620/621]  Loss -8.0356 (-4.7546)
2022-03-30 19:06:56,467:INFO: Train: [219][2593/2594]  Loss -0.3286 (-1.9001)  Time:  0.202 (0.013)  Data Time:  0.003 (0.003)
2022-03-30 19:06:56,468:INFO:   Eta: 0:17:24
2022-03-30 19:07:02,258:INFO: Valid: [219][620/621]  Loss -7.9818 (-4.7599)
2022-03-30 19:07:37,154:INFO: Train: [220][2593/2594]  Loss -0.4990 (-1.8424)  Time:  0.209 (0.013)  Data Time:  0.003 (0.003)
2022-03-30 19:07:37,155:INFO:   Eta: 0:17:26
2022-03-30 19:07:42,986:INFO: Valid: [220][620/621]  Loss -7.7760 (-4.6301)
2022-03-30 19:08:18,910:INFO: Train: [221][2593/2594]  Loss -0.5420 (-1.7462)  Time:  0.205 (0.014)  Data Time:  0.004 (0.004)
2022-03-30 19:08:18,911:INFO:   Eta: 0:17:20
2022-03-30 19:08:24,798:INFO: Valid: [221][620/621]  Loss -7.9371 (-4.6930)
2022-03-30 19:09:00,347:INFO: Train: [222][2593/2594]  Loss -0.4290 (-1.8094)  Time:  0.209 (0.014)  Data Time:  0.003 (0.003)
2022-03-30 19:09:00,349:INFO:   Eta: 0:16:34
2022-03-30 19:09:06,368:INFO: Valid: [222][620/621]  Loss -7.5166 (-4.4765)
2022-03-30 19:09:43,953:INFO: Train: [223][2593/2594]  Loss -0.4594 (-1.7491)  Time:  0.202 (0.014)  Data Time:  0.004 (0.004)
2022-03-30 19:09:43,954:INFO:   Eta: 0:16:53
2022-03-30 19:09:50,178:INFO: Valid: [223][620/621]  Loss -7.6356 (-4.5261)
2022-03-30 19:10:27,379:INFO: Train: [224][2593/2594]  Loss -0.5382 (-1.7461)  Time:  0.232 (0.014)  Data Time:  0.004 (0.004)
2022-03-30 19:10:27,381:INFO:   Eta: 0:16:06
2022-03-30 19:10:33,414:INFO: Valid: [224][620/621]  Loss -8.4149 (-4.9901)
2022-03-30 19:11:10,528:INFO: Train: [225][2593/2594]  Loss -0.4841 (-1.8013)  Time:  0.205 (0.014)  Data Time:  0.003 (0.004)
2022-03-30 19:11:10,529:INFO:   Eta: 0:15:27
2022-03-30 19:11:16,387:INFO: Valid: [225][620/621]  Loss -6.9784 (-4.1704)
2022-03-30 19:11:51,517:INFO: Train: [226][2593/2594]  Loss -0.4554 (-1.8932)  Time:  0.200 (0.014)  Data Time:  0.003 (0.003)
2022-03-30 19:11:51,518:INFO:   Eta: 0:14:02
2022-03-30 19:11:57,174:INFO: Valid: [226][620/621]  Loss -6.8719 (-4.1331)
2022-03-30 19:12:07,963:INFO: Test: [226]  ADE: 0.4457  FDE: 0.6477
2022-03-30 19:12:43,849:INFO: Train: [227][2593/2594]  Loss -0.4730 (-1.7816)  Time:  0.219 (0.014)  Data Time:  0.003 (0.003)
2022-03-30 19:12:43,849:INFO:   Eta: 0:13:45
2022-03-30 19:12:49,662:INFO: Valid: [227][620/621]  Loss -7.2062 (-4.3226)
2022-03-30 19:13:22,698:INFO: Train: [228][2593/2594]  Loss -0.5176 (-1.7665)  Time:  0.286 (0.013)  Data Time:  0.003 (0.002)
2022-03-30 19:13:22,700:INFO:   Eta: 0:12:06
2022-03-30 19:13:28,500:INFO: Valid: [228][620/621]  Loss -7.2618 (-4.3188)
2022-03-30 19:14:02,016:INFO: Train: [229][2593/2594]  Loss -0.5279 (-1.8677)  Time:  0.187 (0.013)  Data Time:  0.002 (0.002)
2022-03-30 19:14:02,017:INFO:   Eta: 0:11:43
2022-03-30 19:14:07,552:INFO: Valid: [229][620/621]  Loss -7.7708 (-4.6321)
2022-03-30 19:14:38,539:INFO: Train: [230][2593/2594]  Loss -0.4776 (-1.6656)  Time:  0.193 (0.012)  Data Time:  0.002 (0.002)
2022-03-30 19:14:38,540:INFO:   Eta: 0:10:19
2022-03-30 19:14:44,102:INFO: Valid: [230][620/621]  Loss -8.2070 (-4.8623)
2022-03-30 19:15:13,821:INFO: Train: [231][2593/2594]  Loss -0.5498 (-1.9331)  Time:  0.176 (0.011)  Data Time:  0.002 (0.002)
2022-03-30 19:15:13,822:INFO:   Eta: 0:09:23
2022-03-30 19:15:19,071:INFO: Valid: [231][620/621]  Loss -6.6841 (-3.9987)
2022-03-30 19:15:49,061:INFO: Train: [232][2593/2594]  Loss -0.4633 (-1.9028)  Time:  0.189 (0.012)  Data Time:  0.002 (0.001)
2022-03-30 19:15:49,063:INFO:   Eta: 0:08:59
2022-03-30 19:15:54,668:INFO: Valid: [232][620/621]  Loss -8.0203 (-4.7718)
2022-03-30 19:16:26,192:INFO: Train: [233][2593/2594]  Loss -0.4480 (-1.8562)  Time:  0.185 (0.012)  Data Time:  0.001 (0.002)
2022-03-30 19:16:26,193:INFO:   Eta: 0:08:55
2022-03-30 19:16:31,687:INFO: Valid: [233][620/621]  Loss -8.1363 (-4.8177)
2022-03-30 19:17:03,128:INFO: Train: [234][2593/2594]  Loss -0.4973 (-1.9015)  Time:  0.183 (0.012)  Data Time:  0.002 (0.002)
2022-03-30 19:17:03,129:INFO:   Eta: 0:08:22
2022-03-30 19:17:08,951:INFO: Valid: [234][620/621]  Loss -7.7005 (-4.5827)
2022-03-30 19:17:40,103:INFO: Train: [235][2593/2594]  Loss -0.5309 (-1.8816)  Time:  0.186 (0.012)  Data Time:  0.002 (0.002)
2022-03-30 19:17:40,105:INFO:   Eta: 0:07:46
2022-03-30 19:17:45,708:INFO: Valid: [235][620/621]  Loss -7.8442 (-4.6472)
2022-03-30 19:18:16,880:INFO: Train: [236][2593/2594]  Loss -0.5174 (-1.8004)  Time:  0.185 (0.012)  Data Time:  0.002 (0.002)
2022-03-30 19:18:16,881:INFO:   Eta: 0:07:15
2022-03-30 19:18:22,402:INFO: Valid: [236][620/621]  Loss -7.4267 (-4.4372)
2022-03-30 19:18:33,750:INFO: Test: [236]  ADE: 0.4273  FDE: 0.6485
2022-03-30 19:19:05,288:INFO: Train: [237][2593/2594]  Loss -0.5213 (-1.7959)  Time:  0.185 (0.012)  Data Time:  0.002 (0.002)
2022-03-30 19:19:05,289:INFO:   Eta: 0:06:49
2022-03-30 19:19:10,738:INFO: Valid: [237][620/621]  Loss -7.4284 (-4.4243)
2022-03-30 19:19:41,986:INFO: Train: [238][2593/2594]  Loss -0.4567 (-1.9009)  Time:  0.190 (0.012)  Data Time:  0.001 (0.002)
2022-03-30 19:19:41,989:INFO:   Eta: 0:06:14
2022-03-30 19:19:47,632:INFO: Valid: [238][620/621]  Loss -8.0194 (-4.7708)
2022-03-30 19:20:19,200:INFO: Train: [239][2593/2594]  Loss -0.4370 (-1.8021)  Time:  0.178 (0.012)  Data Time:  0.002 (0.002)
2022-03-30 19:20:19,201:INFO:   Eta: 0:05:46
2022-03-30 19:20:24,717:INFO: Valid: [239][620/621]  Loss -7.8653 (-4.6600)
2022-03-30 19:20:54,791:INFO: Train: [240][2593/2594]  Loss -0.4950 (-1.8008)  Time:  0.175 (0.012)  Data Time:  0.001 (0.001)
2022-03-30 19:20:54,792:INFO:   Eta: 0:05:00
2022-03-30 19:20:59,988:INFO: Valid: [240][620/621]  Loss -7.8233 (-4.6556)
2022-03-30 19:21:28,828:INFO: Train: [241][2593/2594]  Loss -0.4379 (-1.8452)  Time:  0.174 (0.011)  Data Time:  0.001 (0.001)
2022-03-30 19:21:28,829:INFO:   Eta: 0:04:19
2022-03-30 19:21:34,037:INFO: Valid: [241][620/621]  Loss -7.5841 (-4.5102)
2022-03-30 19:22:02,676:INFO: Train: [242][2593/2594]  Loss -0.4574 (-1.8818)  Time:  0.178 (0.011)  Data Time:  0.000 (0.001)
2022-03-30 19:22:02,677:INFO:   Eta: 0:03:48
2022-03-30 19:22:08,025:INFO: Valid: [242][620/621]  Loss -8.0666 (-4.7846)
2022-03-30 19:22:37,274:INFO: Train: [243][2593/2594]  Loss -0.5102 (-1.9070)  Time:  0.190 (0.011)  Data Time:  0.002 (0.002)
2022-03-30 19:22:37,276:INFO:   Eta: 0:03:24
2022-03-30 19:22:42,798:INFO: Valid: [243][620/621]  Loss -7.9924 (-4.7232)
2022-03-30 19:23:14,063:INFO: Train: [244][2593/2594]  Loss -0.4745 (-1.7917)  Time:  0.184 (0.012)  Data Time:  0.002 (0.002)
2022-03-30 19:23:14,064:INFO:   Eta: 0:03:07
2022-03-30 19:23:19,608:INFO: Valid: [244][620/621]  Loss -6.9646 (-4.1602)
2022-03-30 19:23:50,073:INFO: Train: [245][2593/2594]  Loss -0.5122 (-1.8636)  Time:  0.179 (0.012)  Data Time:  0.002 (0.002)
2022-03-30 19:23:50,074:INFO:   Eta: 0:02:32
2022-03-30 19:23:55,508:INFO: Valid: [245][620/621]  Loss -7.9492 (-4.7343)
2022-03-30 19:24:26,006:INFO: Train: [246][2593/2594]  Loss -0.5156 (-1.9060)  Time:  0.180 (0.012)  Data Time:  0.002 (0.002)
2022-03-30 19:24:26,007:INFO:   Eta: 0:02:01
2022-03-30 19:24:31,513:INFO: Valid: [246][620/621]  Loss -7.0839 (-4.2221)
2022-03-30 19:24:42,306:INFO: Test: [246]  ADE: 0.4255  FDE: 0.6651
2022-03-30 19:25:13,100:INFO: Train: [247][2593/2594]  Loss -0.5021 (-1.7815)  Time:  0.186 (0.012)  Data Time:  0.002 (0.002)
2022-03-30 19:25:13,101:INFO:   Eta: 0:01:32
2022-03-30 19:25:18,664:INFO: Valid: [247][620/621]  Loss -7.3924 (-4.4063)
2022-03-30 19:25:49,920:INFO: Train: [248][2593/2594]  Loss -0.4782 (-1.8684)  Time:  0.183 (0.012)  Data Time:  0.002 (0.002)
2022-03-30 19:25:49,922:INFO:   Eta: 0:01:02
2022-03-30 19:25:55,427:INFO: Valid: [248][620/621]  Loss -7.8750 (-4.7237)
2022-03-30 19:26:25,748:INFO: Train: [249][2593/2594]  Loss -0.5402 (-1.8994)  Time:  0.192 (0.012)  Data Time:  0.002 (0.002)
2022-03-30 19:26:25,749:INFO:   Eta: 0:00:30
2022-03-30 19:26:31,251:INFO: Valid: [249][620/621]  Loss -5.5812 (-3.3564)
