2022-03-28 11:25:21,514:INFO: Initializing train dataset
2022-03-28 11:25:32,273:INFO: Initializing val dataset
2022-03-28 11:25:51,305:INFO: Data and model loaded
2022-03-28 11:25:51,456:INFO: Checkpoint dir: runs/Mar28_11-25-21_node06/zara1/checkpoint
2022-03-28 11:25:51,456:INFO: Training started ...
2022-03-28 11:26:24,835:INFO: Train: [0][2321/2322]  Loss 0.1114 (1.3561)  Time:  0.105 (0.014)  Data Time:  0.004 (0.004)
2022-03-28 11:26:24,836:INFO:   Eta: 2:19:01
2022-03-28 11:26:30,268:INFO: Test: [0][604/605]  Loss 7.2995 (4.8617)
2022-03-28 11:26:30,312:INFO: Checkpoint saved...
2022-03-28 11:27:02,373:INFO: Train: [1][2321/2322]  Loss 0.0418 (0.6843)  Time:  0.123 (0.014)  Data Time:  0.005 (0.004)
2022-03-28 11:27:02,375:INFO:   Eta: 2:12:54
2022-03-28 11:27:07,822:INFO: Test: [1][604/605]  Loss 4.8890 (3.4325)
2022-03-28 11:27:07,832:INFO: Checkpoint saved...
2022-03-28 11:27:38,964:INFO: Train: [2][2321/2322]  Loss 0.0686 (0.4751)  Time:  0.140 (0.013)  Data Time:  0.004 (0.004)
2022-03-28 11:27:38,966:INFO:   Eta: 2:08:33
2022-03-28 11:27:45,635:INFO: Test: [2][604/605]  Loss 3.1688 (2.2664)
2022-03-28 11:27:45,651:INFO: Checkpoint saved...
2022-03-28 11:28:24,697:INFO: Train: [3][2321/2322]  Loss 0.0137 (0.2354)  Time:  0.118 (0.017)  Data Time:  0.004 (0.004)
2022-03-28 11:28:24,702:INFO:   Eta: 2:40:27
2022-03-28 11:28:31,161:INFO: Test: [3][604/605]  Loss 2.0653 (1.4559)
2022-03-28 11:28:31,176:INFO: Checkpoint saved...
2022-03-28 11:29:10,029:INFO: Train: [4][2321/2322]  Loss -0.0227 (0.1334)  Time:  0.187 (0.017)  Data Time:  0.004 (0.004)
2022-03-28 11:29:10,031:INFO:   Eta: 2:39:01
2022-03-28 11:29:16,169:INFO: Test: [4][604/605]  Loss 1.8701 (1.6050)
2022-03-28 11:29:16,178:INFO: Checkpoint saved...
2022-03-28 11:29:53,746:INFO: Train: [5][2321/2322]  Loss -0.0015 (0.0170)  Time:  0.114 (0.016)  Data Time:  0.004 (0.004)
2022-03-28 11:29:53,748:INFO:   Eta: 2:33:10
2022-03-28 11:30:00,073:INFO: Test: [5][604/605]  Loss 0.7550 (0.5927)
2022-03-28 11:30:00,084:INFO: Checkpoint saved...
2022-03-28 11:30:37,431:INFO: Train: [6][2321/2322]  Loss -0.0342 (-0.0019)  Time:  0.129 (0.016)  Data Time:  0.003 (0.004)
2022-03-28 11:30:37,433:INFO:   Eta: 2:31:34
2022-03-28 11:30:43,805:INFO: Test: [6][604/605]  Loss 0.0382 (0.1058)
2022-03-28 11:30:43,813:INFO: Checkpoint saved...
2022-03-28 11:31:20,104:INFO: Train: [7][2321/2322]  Loss 0.0169 (-0.1380)  Time:  0.122 (0.016)  Data Time:  0.004 (0.004)
2022-03-28 11:31:20,107:INFO:   Eta: 2:26:46
2022-03-28 11:31:26,641:INFO: Test: [7][604/605]  Loss 0.7933 (0.4940)
2022-03-28 11:32:02,733:INFO: Train: [8][2321/2322]  Loss -0.0512 (-0.1878)  Time:  0.146 (0.016)  Data Time:  0.004 (0.004)
2022-03-28 11:32:02,821:INFO:   Eta: 2:25:20
2022-03-28 11:32:09,071:INFO: Test: [8][604/605]  Loss -0.6520 (-0.2814)
2022-03-28 11:32:09,456:INFO: Checkpoint saved...
2022-03-28 11:32:47,315:INFO: Train: [9][2321/2322]  Loss -0.0155 (-0.2579)  Time:  0.158 (0.016)  Data Time:  0.004 (0.004)
2022-03-28 11:32:47,421:INFO:   Eta: 2:31:02
2022-03-28 11:32:53,827:INFO: Test: [9][604/605]  Loss -0.6211 (-0.3762)
2022-03-28 11:33:30,709:INFO: Train: [10][2321/2322]  Loss -0.0766 (-0.2174)  Time:  0.126 (0.016)  Data Time:  0.003 (0.004)
2022-03-28 11:33:30,782:INFO:   Eta: 2:27:15
2022-03-28 11:33:36,769:INFO: Test: [10][604/605]  Loss -0.8319 (-0.4800)
2022-03-28 11:33:37,103:INFO: Checkpoint saved...
2022-03-28 11:34:13,760:INFO: Train: [11][2321/2322]  Loss 0.0120 (-0.3281)  Time:  0.135 (0.016)  Data Time:  0.004 (0.004)
2022-03-28 11:34:13,762:INFO:   Eta: 2:25:47
2022-03-28 11:34:20,152:INFO: Test: [11][604/605]  Loss 0.2419 (0.1288)
2022-03-28 11:34:58,202:INFO: Train: [12][2321/2322]  Loss -0.0700 (-0.3458)  Time:  0.145 (0.016)  Data Time:  0.004 (0.004)
2022-03-28 11:34:58,374:INFO:   Eta: 2:27:38
2022-03-28 11:35:04,538:INFO: Test: [12][604/605]  Loss 0.4288 (0.2618)
2022-03-28 11:35:40,197:INFO: Train: [13][2321/2322]  Loss -0.1061 (-0.3949)  Time:  0.092 (0.015)  Data Time:  0.004 (0.004)
2022-03-28 11:35:40,316:INFO:   Eta: 2:20:41
2022-03-28 11:35:45,610:INFO: Test: [13][604/605]  Loss -0.0838 (-0.0382)
2022-03-28 11:36:17,278:INFO: Train: [14][2321/2322]  Loss -0.0641 (-0.4660)  Time:  0.144 (0.014)  Data Time:  0.004 (0.004)
2022-03-28 11:36:17,282:INFO:   Eta: 2:03:43
2022-03-28 11:36:24,396:INFO: Test: [14][604/605]  Loss -2.4443 (-1.5365)
2022-03-28 11:36:24,407:INFO: Checkpoint saved...
2022-03-28 11:37:01,886:INFO: Train: [15][2321/2322]  Loss -0.0805 (-0.4524)  Time:  0.134 (0.016)  Data Time:  0.005 (0.004)
2022-03-28 11:37:01,901:INFO:   Eta: 2:26:35
2022-03-28 11:37:07,974:INFO: Test: [15][604/605]  Loss -2.1094 (-1.3566)
2022-03-28 11:37:45,139:INFO: Train: [16][2321/2322]  Loss -0.1161 (-0.5320)  Time:  0.134 (0.016)  Data Time:  0.003 (0.004)
2022-03-28 11:37:45,159:INFO:   Eta: 2:22:11
2022-03-28 11:37:51,413:INFO: Test: [16][604/605]  Loss -0.1403 (-0.1900)
2022-03-28 11:38:27,811:INFO: Train: [17][2321/2322]  Loss -0.0199 (-0.5226)  Time:  0.113 (0.016)  Data Time:  0.004 (0.004)
2022-03-28 11:38:27,893:INFO:   Eta: 2:21:08
2022-03-28 11:38:34,417:INFO: Test: [17][604/605]  Loss -0.5444 (-0.4805)
2022-03-28 11:39:09,818:INFO: Train: [18][2321/2322]  Loss -0.0937 (-0.4845)  Time:  0.113 (0.015)  Data Time:  0.002 (0.004)
2022-03-28 11:39:09,925:INFO:   Eta: 2:16:21
2022-03-28 11:39:16,193:INFO: Test: [18][604/605]  Loss -2.2852 (-1.5452)
2022-03-28 11:39:52,188:INFO: Train: [19][2321/2322]  Loss -0.0723 (-0.5821)  Time:  0.114 (0.015)  Data Time:  0.005 (0.004)
2022-03-28 11:39:52,238:INFO:   Eta: 2:15:24
2022-03-28 11:39:58,379:INFO: Test: [19][604/605]  Loss -0.6159 (-0.4309)
2022-03-28 11:40:34,298:INFO: Train: [20][2321/2322]  Loss -0.0970 (-0.5844)  Time:  0.142 (0.015)  Data Time:  0.004 (0.004)
2022-03-28 11:40:34,300:INFO:   Eta: 2:16:19
2022-03-28 11:40:40,526:INFO: Test: [20][604/605]  Loss -2.7837 (-1.8337)
2022-03-28 11:40:41,092:INFO: Checkpoint saved...
2022-03-28 11:41:17,661:INFO: Train: [21][2321/2322]  Loss -0.1131 (-0.6457)  Time:  0.107 (0.015)  Data Time:  0.004 (0.004)
2022-03-28 11:41:17,730:INFO:   Eta: 2:16:43
2022-03-28 11:41:23,775:INFO: Test: [21][604/605]  Loss -1.1244 (-0.8897)
2022-03-28 11:42:00,591:INFO: Train: [22][2321/2322]  Loss -0.1057 (-0.6331)  Time:  0.108 (0.016)  Data Time:  0.004 (0.004)
2022-03-28 11:42:00,592:INFO:   Eta: 2:19:42
2022-03-28 11:42:06,545:INFO: Test: [22][604/605]  Loss -1.0834 (-0.7983)
2022-03-28 11:42:43,143:INFO: Train: [23][2321/2322]  Loss -0.0491 (-0.6781)  Time:  0.140 (0.016)  Data Time:  0.004 (0.004)
2022-03-28 11:42:43,146:INFO:   Eta: 2:18:13
2022-03-28 11:42:49,456:INFO: Test: [23][604/605]  Loss -0.9703 (-0.7533)
2022-03-28 11:43:25,354:INFO: Train: [24][2321/2322]  Loss -0.1273 (-0.7297)  Time:  0.123 (0.015)  Data Time:  0.004 (0.004)
2022-03-28 11:43:25,356:INFO:   Eta: 2:15:02
2022-03-28 11:43:31,538:INFO: Test: [24][604/605]  Loss -2.7847 (-1.8889)
2022-03-28 11:43:31,778:INFO: Checkpoint saved...
2022-03-28 11:44:05,013:INFO: Train: [25][2321/2322]  Loss -0.1334 (-0.7656)  Time:  0.082 (0.014)  Data Time:  0.004 (0.004)
2022-03-28 11:44:05,013:INFO:   Eta: 2:04:24
2022-03-28 11:44:10,832:INFO: Test: [25][604/605]  Loss -1.8768 (-1.2738)
2022-03-28 11:44:47,980:INFO: Train: [26][2321/2322]  Loss -0.0366 (-0.8277)  Time:  0.177 (0.016)  Data Time:  0.003 (0.004)
2022-03-28 11:44:47,984:INFO:   Eta: 2:18:30
2022-03-28 11:44:54,479:INFO: Test: [26][604/605]  Loss -3.2527 (-2.1027)
2022-03-28 11:44:54,487:INFO: Checkpoint saved...
2022-03-28 11:45:33,042:INFO: Train: [27][2321/2322]  Loss -0.1253 (-0.7050)  Time:  0.112 (0.017)  Data Time:  0.004 (0.004)
2022-03-28 11:45:33,045:INFO:   Eta: 2:23:07
2022-03-28 11:45:39,431:INFO: Test: [27][604/605]  Loss -3.3288 (-2.2055)
2022-03-28 11:45:39,438:INFO: Checkpoint saved...
2022-03-28 11:46:18,735:INFO: Train: [28][2321/2322]  Loss -0.1147 (-0.6588)  Time:  0.159 (0.017)  Data Time:  0.005 (0.004)
2022-03-28 11:46:18,737:INFO:   Eta: 2:25:13
2022-03-28 11:46:25,099:INFO: Test: [28][604/605]  Loss -3.2290 (-2.1127)
2022-03-28 11:47:03,074:INFO: Train: [29][2321/2322]  Loss -0.0995 (-0.8303)  Time:  0.111 (0.016)  Data Time:  0.004 (0.004)
2022-03-28 11:47:03,075:INFO:   Eta: 2:19:41
2022-03-28 11:47:09,616:INFO: Test: [29][604/605]  Loss -3.5533 (-2.3354)
2022-03-28 11:47:09,627:INFO: Checkpoint saved...
2022-03-28 11:47:47,992:INFO: Train: [30][2321/2322]  Loss -0.0781 (-0.8257)  Time:  0.167 (0.017)  Data Time:  0.005 (0.004)
2022-03-28 11:47:47,994:INFO:   Eta: 2:20:30
2022-03-28 11:47:54,674:INFO: Test: [30][604/605]  Loss -2.3286 (-1.6030)
2022-03-28 11:48:30,912:INFO: Train: [31][2321/2322]  Loss -0.0724 (-0.7340)  Time:  0.163 (0.016)  Data Time:  0.004 (0.004)
2022-03-28 11:48:30,915:INFO:   Eta: 2:12:04
2022-03-28 11:48:37,340:INFO: Test: [31][604/605]  Loss -3.0890 (-1.9656)
2022-03-28 11:49:15,399:INFO: Train: [32][2321/2322]  Loss -0.0607 (-0.8196)  Time:  0.136 (0.016)  Data Time:  0.006 (0.004)
2022-03-28 11:49:15,401:INFO:   Eta: 2:17:58
2022-03-28 11:49:21,464:INFO: Test: [32][604/605]  Loss -3.1796 (-2.0636)
2022-03-28 11:50:00,370:INFO: Train: [33][2321/2322]  Loss -0.1232 (-0.9062)  Time:  0.147 (0.017)  Data Time:  0.004 (0.004)
2022-03-28 11:50:00,372:INFO:   Eta: 2:20:32
2022-03-28 11:50:06,872:INFO: Test: [33][604/605]  Loss -2.2920 (-1.6201)
2022-03-28 11:50:45,457:INFO: Train: [34][2321/2322]  Loss -0.1033 (-0.8433)  Time:  0.132 (0.017)  Data Time:  0.004 (0.004)
2022-03-28 11:50:45,460:INFO:   Eta: 2:18:37
2022-03-28 11:50:52,149:INFO: Test: [34][604/605]  Loss -3.4462 (-2.2699)
2022-03-28 11:51:31,142:INFO: Train: [35][2321/2322]  Loss -0.1170 (-0.9877)  Time:  0.135 (0.017)  Data Time:  0.004 (0.004)
2022-03-28 11:51:31,145:INFO:   Eta: 2:19:29
2022-03-28 11:51:37,753:INFO: Test: [35][604/605]  Loss -3.9852 (-2.5867)
2022-03-28 11:51:37,761:INFO: Checkpoint saved...
2022-03-28 11:52:16,864:INFO: Train: [36][2321/2322]  Loss -0.1605 (-0.8889)  Time:  0.189 (0.017)  Data Time:  0.005 (0.004)
2022-03-28 11:52:16,867:INFO:   Eta: 2:19:16
2022-03-28 11:52:23,411:INFO: Test: [36][604/605]  Loss -3.9753 (-2.6229)
2022-03-28 11:52:58,450:INFO: Train: [37][2321/2322]  Loss -0.1688 (-0.7756)  Time:  0.098 (0.015)  Data Time:  0.004 (0.004)
2022-03-28 11:52:58,451:INFO:   Eta: 2:04:08
2022-03-28 11:53:04,802:INFO: Test: [37][604/605]  Loss -4.4591 (-2.8801)
2022-03-28 11:53:04,808:INFO: Checkpoint saved...
2022-03-28 11:53:42,829:INFO: Train: [38][2321/2322]  Loss -0.1536 (-0.9007)  Time:  0.128 (0.016)  Data Time:  0.004 (0.004)
2022-03-28 11:53:42,832:INFO:   Eta: 2:14:12
2022-03-28 11:53:49,438:INFO: Test: [38][604/605]  Loss -4.9220 (-3.1645)
2022-03-28 11:53:49,450:INFO: Checkpoint saved...
2022-03-28 11:54:30,827:INFO: Train: [39][2321/2322]  Loss -0.1149 (-0.9648)  Time:  0.115 (0.018)  Data Time:  0.004 (0.004)
2022-03-28 11:54:30,829:INFO:   Eta: 2:25:14
2022-03-28 11:54:37,588:INFO: Test: [39][604/605]  Loss -3.7230 (-2.4748)
2022-03-28 11:55:18,350:INFO: Train: [40][2321/2322]  Loss -0.1761 (-0.9269)  Time:  0.113 (0.018)  Data Time:  0.005 (0.004)
2022-03-28 11:55:18,352:INFO:   Eta: 2:22:20
2022-03-28 11:55:24,714:INFO: Test: [40][604/605]  Loss -5.1479 (-3.3112)
2022-03-28 11:55:24,730:INFO: Checkpoint saved...
2022-03-28 11:56:04,247:INFO: Train: [41][2321/2322]  Loss -0.1287 (-0.9571)  Time:  0.127 (0.017)  Data Time:  0.005 (0.004)
2022-03-28 11:56:04,249:INFO:   Eta: 2:17:28
2022-03-28 11:56:10,877:INFO: Test: [41][604/605]  Loss -4.4929 (-2.8561)
2022-03-28 11:56:51,981:INFO: Train: [42][2321/2322]  Loss -0.1080 (-0.9092)  Time:  0.119 (0.018)  Data Time:  0.004 (0.004)
2022-03-28 11:56:51,984:INFO:   Eta: 2:22:16
2022-03-28 11:56:58,750:INFO: Test: [42][604/605]  Loss -4.4483 (-2.9002)
2022-03-28 11:57:37,469:INFO: Train: [43][2321/2322]  Loss -0.1334 (-1.0672)  Time:  0.111 (0.017)  Data Time:  0.005 (0.004)
2022-03-28 11:57:37,471:INFO:   Eta: 2:13:23
2022-03-28 11:57:44,081:INFO: Test: [43][604/605]  Loss -4.1334 (-2.6675)
2022-03-28 11:58:23,230:INFO: Train: [44][2321/2322]  Loss -0.1244 (-0.9090)  Time:  0.156 (0.017)  Data Time:  0.004 (0.004)
2022-03-28 11:58:23,231:INFO:   Eta: 2:14:08
2022-03-28 11:58:29,681:INFO: Test: [44][604/605]  Loss -5.1362 (-3.3176)
2022-03-28 11:59:08,824:INFO: Train: [45][2321/2322]  Loss -0.0750 (-0.9914)  Time:  0.126 (0.017)  Data Time:  0.004 (0.004)
2022-03-28 11:59:08,827:INFO:   Eta: 2:13:32
2022-03-28 11:59:15,515:INFO: Test: [45][604/605]  Loss -3.8877 (-2.4894)
2022-03-28 11:59:55,182:INFO: Train: [46][2321/2322]  Loss -0.1502 (-1.0217)  Time:  0.146 (0.017)  Data Time:  0.004 (0.004)
2022-03-28 11:59:55,187:INFO:   Eta: 2:14:36
2022-03-28 12:00:01,682:INFO: Test: [46][604/605]  Loss -5.4657 (-3.4870)
2022-03-28 12:00:01,691:INFO: Checkpoint saved...
2022-03-28 12:00:41,127:INFO: Train: [47][2321/2322]  Loss -0.1513 (-0.9397)  Time:  0.169 (0.017)  Data Time:  0.003 (0.004)
2022-03-28 12:00:41,129:INFO:   Eta: 2:13:15
2022-03-28 12:00:47,903:INFO: Test: [47][604/605]  Loss -5.1295 (-3.2715)
2022-03-28 12:01:26,764:INFO: Train: [48][2321/2322]  Loss -0.1655 (-0.9946)  Time:  0.175 (0.017)  Data Time:  0.005 (0.004)
2022-03-28 12:01:26,765:INFO:   Eta: 2:10:39
2022-03-28 12:01:33,417:INFO: Test: [48][604/605]  Loss -4.4657 (-2.9005)
2022-03-28 12:02:13,738:INFO: Train: [49][2321/2322]  Loss -0.1845 (-1.0165)  Time:  0.154 (0.017)  Data Time:  0.004 (0.004)
2022-03-28 12:02:13,740:INFO:   Eta: 2:14:49
2022-03-28 12:02:20,152:INFO: Test: [49][604/605]  Loss -5.6304 (-3.5305)
2022-03-28 12:02:20,163:INFO: Checkpoint saved...
2022-03-28 12:02:50,016:INFO: Train: [50][2321/2322]  Loss -0.1730 (-1.0047)  Time:  0.109 (0.013)  Data Time:  0.004 (0.004)
2022-03-28 12:02:50,018:INFO:   Eta: 1:39:23
2022-03-28 12:02:55,420:INFO: Test: [50][604/605]  Loss -5.5089 (-3.4957)
2022-03-28 12:03:28,543:INFO: Train: [51][2321/2322]  Loss -0.1329 (-1.0570)  Time:  0.149 (0.014)  Data Time:  0.004 (0.004)
2022-03-28 12:03:28,545:INFO:   Eta: 1:49:44
2022-03-28 12:03:38,924:INFO: Test: [51][604/605]  Loss -4.5861 (-2.9217)
2022-03-28 12:04:16,830:INFO: Train: [52][2321/2322]  Loss -0.0902 (-1.1523)  Time:  0.152 (0.016)  Data Time:  0.003 (0.004)
2022-03-28 12:04:16,832:INFO:   Eta: 2:04:51
2022-03-28 12:04:23,444:INFO: Test: [52][604/605]  Loss -4.2632 (-2.7039)
2022-03-28 12:05:00,290:INFO: Train: [53][2321/2322]  Loss -0.1857 (-1.0074)  Time:  0.151 (0.016)  Data Time:  0.004 (0.004)
2022-03-28 12:05:00,381:INFO:   Eta: 2:00:46
2022-03-28 12:05:06,853:INFO: Test: [53][604/605]  Loss -4.2432 (-2.7851)
2022-03-28 12:05:43,644:INFO: Train: [54][2321/2322]  Loss -0.1012 (-1.1148)  Time:  0.126 (0.016)  Data Time:  0.004 (0.004)
2022-03-28 12:05:43,646:INFO:   Eta: 1:58:53
2022-03-28 12:05:49,955:INFO: Test: [54][604/605]  Loss -3.9768 (-2.5789)
2022-03-28 12:06:26,601:INFO: Train: [55][2321/2322]  Loss -0.1188 (-1.1350)  Time:  0.141 (0.016)  Data Time:  0.004 (0.004)
2022-03-28 12:06:26,605:INFO:   Eta: 1:58:54
2022-03-28 12:06:32,962:INFO: Test: [55][604/605]  Loss -5.8128 (-3.6719)
2022-03-28 12:06:32,968:INFO: Checkpoint saved...
2022-03-28 12:07:10,713:INFO: Train: [56][2321/2322]  Loss -0.1243 (-1.0449)  Time:  0.112 (0.016)  Data Time:  0.004 (0.004)
2022-03-28 12:07:10,715:INFO:   Eta: 2:01:53
2022-03-28 12:07:16,812:INFO: Test: [56][604/605]  Loss -3.6359 (-2.2901)
2022-03-28 12:07:52,751:INFO: Train: [57][2321/2322]  Loss -0.1659 (-1.1071)  Time:  0.115 (0.015)  Data Time:  0.003 (0.004)
2022-03-28 12:07:52,753:INFO:   Eta: 1:55:25
2022-03-28 12:07:58,950:INFO: Test: [57][604/605]  Loss -5.9684 (-3.7829)
2022-03-28 12:07:58,957:INFO: Checkpoint saved...
2022-03-28 12:08:35,300:INFO: Train: [58][2321/2322]  Loss -0.1587 (-1.1333)  Time:  0.107 (0.016)  Data Time:  0.004 (0.004)
2022-03-28 12:08:35,301:INFO:   Eta: 1:56:07
2022-03-28 12:08:41,707:INFO: Test: [58][604/605]  Loss -5.7796 (-3.6362)
2022-03-28 12:09:18,844:INFO: Train: [59][2321/2322]  Loss -0.1577 (-1.1533)  Time:  0.118 (0.016)  Data Time:  0.004 (0.004)
2022-03-28 12:09:18,847:INFO:   Eta: 1:58:02
2022-03-28 12:09:25,323:INFO: Test: [59][604/605]  Loss -5.6256 (-3.5886)
2022-03-28 12:10:02,524:INFO: Train: [60][2321/2322]  Loss -0.1829 (-1.1722)  Time:  0.173 (0.016)  Data Time:  0.005 (0.004)
2022-03-28 12:10:02,531:INFO:   Eta: 1:57:37
2022-03-28 12:10:08,769:INFO: Test: [60][604/605]  Loss -5.3832 (-3.3846)
2022-03-28 12:10:46,357:INFO: Train: [61][2321/2322]  Loss -0.1631 (-1.1232)  Time:  0.109 (0.016)  Data Time:  0.005 (0.004)
2022-03-28 12:10:46,358:INFO:   Eta: 1:58:12
2022-03-28 12:10:52,761:INFO: Test: [61][604/605]  Loss -6.5216 (-4.1082)
2022-03-28 12:10:52,773:INFO: Checkpoint saved...
2022-03-28 12:11:24,779:INFO: Train: [62][2321/2322]  Loss -0.1535 (-1.0528)  Time:  0.089 (0.014)  Data Time:  0.004 (0.004)
2022-03-28 12:11:24,779:INFO:   Eta: 1:40:10
2022-03-28 12:11:30,265:INFO: Test: [62][604/605]  Loss -4.6129 (-2.9149)
2022-03-28 12:12:11,492:INFO: Train: [63][2321/2322]  Loss -0.1287 (-1.1789)  Time:  0.194 (0.018)  Data Time:  0.004 (0.004)
2022-03-28 12:12:11,505:INFO:   Eta: 2:08:20
2022-03-28 12:12:18,016:INFO: Test: [63][604/605]  Loss -5.5434 (-3.5177)
2022-03-28 12:12:57,752:INFO: Train: [64][2321/2322]  Loss -0.1249 (-1.2158)  Time:  0.163 (0.017)  Data Time:  0.004 (0.004)
2022-03-28 12:12:57,756:INFO:   Eta: 2:02:57
2022-03-28 12:13:04,582:INFO: Test: [64][604/605]  Loss -5.5710 (-3.4664)
2022-03-28 12:13:45,432:INFO: Train: [65][2321/2322]  Loss -0.1648 (-1.1778)  Time:  0.189 (0.018)  Data Time:  0.004 (0.004)
2022-03-28 12:13:45,433:INFO:   Eta: 2:05:44
2022-03-28 12:13:51,948:INFO: Test: [65][604/605]  Loss -6.1406 (-3.8565)
2022-03-28 12:14:33,803:INFO: Train: [66][2321/2322]  Loss -0.1512 (-1.1973)  Time:  0.113 (0.018)  Data Time:  0.004 (0.004)
2022-03-28 12:14:33,806:INFO:   Eta: 2:08:07
2022-03-28 12:14:40,196:INFO: Test: [66][604/605]  Loss -6.4115 (-4.0233)
2022-03-28 12:15:19,836:INFO: Train: [67][2321/2322]  Loss -0.1901 (-1.1584)  Time:  0.121 (0.017)  Data Time:  0.004 (0.004)
2022-03-28 12:15:19,838:INFO:   Eta: 2:00:43
2022-03-28 12:15:26,425:INFO: Test: [67][604/605]  Loss -5.8800 (-3.6596)
2022-03-28 12:16:08,337:INFO: Train: [68][2321/2322]  Loss -0.1837 (-1.1969)  Time:  0.148 (0.018)  Data Time:  0.004 (0.004)
2022-03-28 12:16:08,340:INFO:   Eta: 2:06:55
2022-03-28 12:16:15,186:INFO: Test: [68][604/605]  Loss -6.5945 (-4.1596)
2022-03-28 12:16:15,197:INFO: Checkpoint saved...
2022-03-28 12:16:56,749:INFO: Train: [69][2321/2322]  Loss -0.2043 (-1.1242)  Time:  0.119 (0.018)  Data Time:  0.005 (0.004)
2022-03-28 12:16:56,750:INFO:   Eta: 2:05:06
2022-03-28 12:17:03,380:INFO: Test: [69][604/605]  Loss -6.6671 (-4.1781)
2022-03-28 12:17:03,392:INFO: Checkpoint saved...
2022-03-28 12:17:42,864:INFO: Train: [70][2321/2322]  Loss -0.2022 (-0.9860)  Time:  0.151 (0.017)  Data Time:  0.006 (0.004)
2022-03-28 12:17:42,866:INFO:   Eta: 1:58:14
2022-03-28 12:17:49,474:INFO: Test: [70][604/605]  Loss -6.7835 (-4.2316)
2022-03-28 12:17:49,485:INFO: Checkpoint saved...
2022-03-28 12:18:29,402:INFO: Train: [71][2321/2322]  Loss -0.1963 (-1.1312)  Time:  0.116 (0.017)  Data Time:  0.004 (0.004)
2022-03-28 12:18:29,404:INFO:   Eta: 1:58:53
2022-03-28 12:18:36,082:INFO: Test: [71][604/605]  Loss -6.6404 (-4.1194)
2022-03-28 12:19:15,460:INFO: Train: [72][2321/2322]  Loss -0.1949 (-1.0994)  Time:  0.127 (0.017)  Data Time:  0.004 (0.004)
2022-03-28 12:19:15,463:INFO:   Eta: 1:56:39
2022-03-28 12:19:21,958:INFO: Test: [72][604/605]  Loss -6.8150 (-4.2733)
2022-03-28 12:19:21,971:INFO: Checkpoint saved...
2022-03-28 12:20:00,787:INFO: Train: [73][2321/2322]  Loss -0.1922 (-1.2317)  Time:  0.117 (0.017)  Data Time:  0.003 (0.004)
2022-03-28 12:20:00,790:INFO:   Eta: 1:54:21
2022-03-28 12:20:07,747:INFO: Test: [73][604/605]  Loss -6.1105 (-3.8277)
2022-03-28 12:20:44,402:INFO: Train: [74][2321/2322]  Loss -0.2027 (-1.2698)  Time:  0.096 (0.016)  Data Time:  0.005 (0.004)
2022-03-28 12:20:44,402:INFO:   Eta: 1:47:18
2022-03-28 12:20:49,137:INFO: Test: [74][604/605]  Loss -6.4262 (-4.0213)
2022-03-28 12:21:19,017:INFO: Train: [75][2321/2322]  Loss -0.1227 (-1.2613)  Time:  0.095 (0.013)  Data Time:  0.004 (0.004)
2022-03-28 12:21:19,018:INFO:   Eta: 1:27:05
2022-03-28 12:21:25,866:INFO: Test: [75][604/605]  Loss -6.4369 (-4.0485)
2022-03-28 12:22:04,283:INFO: Train: [76][2321/2322]  Loss -0.1702 (-1.2630)  Time:  0.126 (0.017)  Data Time:  0.004 (0.004)
2022-03-28 12:22:04,284:INFO:   Eta: 1:51:16
2022-03-28 12:22:10,883:INFO: Test: [76][604/605]  Loss -6.8768 (-4.2588)
2022-03-28 12:22:10,890:INFO: Checkpoint saved...
2022-03-28 12:22:48,591:INFO: Train: [77][2321/2322]  Loss -0.1752 (-1.2897)  Time:  0.123 (0.016)  Data Time:  0.005 (0.004)
2022-03-28 12:22:48,592:INFO:   Eta: 1:48:34
2022-03-28 12:22:54,959:INFO: Test: [77][604/605]  Loss -6.1958 (-3.8870)
2022-03-28 12:23:32,213:INFO: Train: [78][2321/2322]  Loss -0.1744 (-1.2516)  Time:  0.135 (0.016)  Data Time:  0.005 (0.004)
2022-03-28 12:23:32,215:INFO:   Eta: 1:46:39
2022-03-28 12:23:38,601:INFO: Test: [78][604/605]  Loss -6.7145 (-4.1710)
2022-03-28 12:24:16,940:INFO: Train: [79][2321/2322]  Loss -0.2219 (-1.1758)  Time:  0.184 (0.016)  Data Time:  0.003 (0.004)
2022-03-28 12:24:16,942:INFO:   Eta: 1:49:05
2022-03-28 12:24:23,530:INFO: Test: [79][604/605]  Loss -6.6094 (-4.1244)
2022-03-28 12:25:01,772:INFO: Train: [80][2321/2322]  Loss -0.1952 (-1.3060)  Time:  0.124 (0.016)  Data Time:  0.005 (0.004)
2022-03-28 12:25:01,774:INFO:   Eta: 1:48:12
2022-03-28 12:25:07,994:INFO: Test: [80][604/605]  Loss -5.8216 (-3.5847)
2022-03-28 12:25:46,503:INFO: Train: [81][2321/2322]  Loss -0.1745 (-1.2767)  Time:  0.123 (0.017)  Data Time:  0.005 (0.004)
2022-03-28 12:25:46,505:INFO:   Eta: 1:48:17
2022-03-28 12:25:52,857:INFO: Test: [81][604/605]  Loss -7.2188 (-4.5010)
2022-03-28 12:25:52,868:INFO: Checkpoint saved...
2022-03-28 12:26:30,697:INFO: Train: [82][2321/2322]  Loss -0.1472 (-1.2450)  Time:  0.133 (0.016)  Data Time:  0.004 (0.004)
2022-03-28 12:26:30,699:INFO:   Eta: 1:45:45
2022-03-28 12:26:37,203:INFO: Test: [82][604/605]  Loss -5.9024 (-3.7380)
2022-03-28 12:27:14,793:INFO: Train: [83][2321/2322]  Loss -0.2119 (-1.3050)  Time:  0.158 (0.016)  Data Time:  0.005 (0.004)
2022-03-28 12:27:14,796:INFO:   Eta: 1:44:27
2022-03-28 12:27:21,402:INFO: Test: [83][604/605]  Loss -6.9237 (-4.3064)
2022-03-28 12:27:58,355:INFO: Train: [84][2321/2322]  Loss -0.2136 (-1.1550)  Time:  0.127 (0.016)  Data Time:  0.004 (0.004)
2022-03-28 12:27:58,358:INFO:   Eta: 1:42:03
2022-03-28 12:28:04,785:INFO: Test: [84][604/605]  Loss -6.7043 (-4.1990)
2022-03-28 12:28:42,169:INFO: Train: [85][2321/2322]  Loss -0.1845 (-1.3650)  Time:  0.145 (0.016)  Data Time:  0.004 (0.004)
2022-03-28 12:28:42,172:INFO:   Eta: 1:42:38
2022-03-28 12:28:48,848:INFO: Test: [85][604/605]  Loss -6.7385 (-4.2019)
2022-03-28 12:29:26,646:INFO: Train: [86][2321/2322]  Loss -0.1882 (-1.2879)  Time:  0.167 (0.016)  Data Time:  0.001 (0.004)
2022-03-28 12:29:26,647:INFO:   Eta: 1:43:08
2022-03-28 12:29:32,104:INFO: Test: [86][604/605]  Loss -7.3989 (-4.6042)
2022-03-28 12:29:32,200:INFO: Checkpoint saved...
2022-03-28 12:30:02,941:INFO: Train: [87][2321/2322]  Loss -0.1623 (-1.2605)  Time:  0.121 (0.013)  Data Time:  0.005 (0.004)
2022-03-28 12:30:02,942:INFO:   Eta: 1:22:46
2022-03-28 12:30:07,815:INFO: Test: [87][604/605]  Loss -7.1525 (-4.4731)
2022-03-28 12:30:37,946:INFO: Train: [88][2321/2322]  Loss -0.2046 (-1.2782)  Time:  0.085 (0.013)  Data Time:  0.004 (0.004)
2022-03-28 12:30:37,947:INFO:   Eta: 1:21:17
2022-03-28 12:30:43,469:INFO: Test: [88][604/605]  Loss -6.9024 (-4.2709)
2022-03-28 12:31:11,847:INFO: Train: [89][2321/2322]  Loss -0.2068 (-1.3291)  Time:  0.090 (0.012)  Data Time:  0.005 (0.004)
2022-03-28 12:31:12,157:INFO:   Eta: 1:16:04
2022-03-28 12:31:15,936:INFO: Test: [89][604/605]  Loss -7.1231 (-4.4437)
2022-03-28 12:31:46,306:INFO: Train: [90][2321/2322]  Loss -0.1691 (-1.3594)  Time:  0.100 (0.012)  Data Time:  0.004 (0.004)
2022-03-28 12:31:46,307:INFO:   Eta: 1:14:22
2022-03-28 12:31:51,985:INFO: Test: [90][604/605]  Loss -6.8131 (-4.2021)
2022-03-28 12:32:22,123:INFO: Train: [91][2321/2322]  Loss -0.1633 (-1.3817)  Time:  0.103 (0.013)  Data Time:  0.004 (0.004)
2022-03-28 12:32:22,125:INFO:   Eta: 1:19:48
2022-03-28 12:32:27,159:INFO: Test: [91][604/605]  Loss -6.7455 (-4.1964)
2022-03-28 12:32:57,433:INFO: Train: [92][2321/2322]  Loss -0.1849 (-1.3946)  Time:  0.089 (0.013)  Data Time:  0.004 (0.004)
2022-03-28 12:32:57,434:INFO:   Eta: 1:19:39
2022-03-28 12:33:02,343:INFO: Test: [92][604/605]  Loss -6.8045 (-4.2081)
2022-03-28 12:33:32,419:INFO: Train: [93][2321/2322]  Loss -0.1492 (-1.3396)  Time:  0.101 (0.013)  Data Time:  0.004 (0.004)
2022-03-28 12:33:32,419:INFO:   Eta: 1:18:38
2022-03-28 12:33:37,461:INFO: Test: [93][604/605]  Loss -6.6999 (-4.1919)
2022-03-28 12:34:07,413:INFO: Train: [94][2321/2322]  Loss -0.2014 (-1.1984)  Time:  0.095 (0.013)  Data Time:  0.004 (0.004)
2022-03-28 12:34:07,414:INFO:   Eta: 1:17:48
2022-03-28 12:34:12,317:INFO: Test: [94][604/605]  Loss -7.0175 (-4.3575)
2022-03-28 12:34:43,232:INFO: Train: [95][2321/2322]  Loss -0.1722 (-1.3743)  Time:  0.107 (0.013)  Data Time:  0.004 (0.004)
2022-03-28 12:34:43,233:INFO:   Eta: 1:19:47
2022-03-28 12:34:48,303:INFO: Test: [95][604/605]  Loss -6.2322 (-3.9385)
2022-03-28 12:35:18,108:INFO: Train: [96][2321/2322]  Loss -0.1788 (-1.3327)  Time:  0.106 (0.013)  Data Time:  0.004 (0.004)
2022-03-28 12:35:18,109:INFO:   Eta: 1:16:26
2022-03-28 12:35:23,054:INFO: Test: [96][604/605]  Loss -6.7911 (-4.1918)
2022-03-28 12:35:52,896:INFO: Train: [97][2321/2322]  Loss -0.1828 (-1.3629)  Time:  0.102 (0.013)  Data Time:  0.005 (0.004)
2022-03-28 12:35:52,896:INFO:   Eta: 1:16:01
2022-03-28 12:35:58,060:INFO: Test: [97][604/605]  Loss -5.5282 (-3.4132)
2022-03-28 12:36:28,715:INFO: Train: [98][2321/2322]  Loss -0.1770 (-1.4267)  Time:  0.101 (0.013)  Data Time:  0.004 (0.004)
2022-03-28 12:36:28,716:INFO:   Eta: 1:17:36
2022-03-28 12:36:33,601:INFO: Test: [98][604/605]  Loss -6.8170 (-4.2170)
2022-03-28 12:37:03,807:INFO: Train: [99][2321/2322]  Loss -0.1843 (-1.2342)  Time:  0.105 (0.013)  Data Time:  0.004 (0.004)
2022-03-28 12:37:03,808:INFO:   Eta: 1:15:57
2022-03-28 12:37:09,805:INFO: Test: [99][604/605]  Loss -6.9911 (-4.3290)
2022-03-28 12:37:40,072:INFO: Train: [100][2321/2322]  Loss -0.1655 (-1.4117)  Time:  0.105 (0.013)  Data Time:  0.004 (0.004)
2022-03-28 12:37:40,073:INFO:   Eta: 1:15:37
2022-03-28 12:37:44,885:INFO: Test: [100][604/605]  Loss -6.5075 (-4.0317)
2022-03-28 12:38:14,940:INFO: Train: [101][2321/2322]  Loss -0.2051 (-1.4220)  Time:  0.116 (0.013)  Data Time:  0.004 (0.004)
2022-03-28 12:38:14,941:INFO:   Eta: 1:14:35
2022-03-28 12:38:19,548:INFO: Test: [101][604/605]  Loss -7.4271 (-4.5889)
2022-03-28 12:38:19,588:INFO: Checkpoint saved...
2022-03-28 12:38:49,809:INFO: Train: [102][2321/2322]  Loss -0.1714 (-1.2440)  Time:  0.108 (0.013)  Data Time:  0.004 (0.004)
2022-03-28 12:38:49,811:INFO:   Eta: 1:14:28
2022-03-28 12:38:54,510:INFO: Test: [102][604/605]  Loss -7.1680 (-4.4317)
2022-03-28 12:39:24,675:INFO: Train: [103][2321/2322]  Loss -0.1782 (-1.2449)  Time:  0.136 (0.013)  Data Time:  0.005 (0.004)
2022-03-28 12:39:24,676:INFO:   Eta: 1:13:51
2022-03-28 12:39:29,581:INFO: Test: [103][604/605]  Loss -7.0965 (-4.3563)
2022-03-28 12:39:59,625:INFO: Train: [104][2321/2322]  Loss -0.2070 (-1.3609)  Time:  0.103 (0.013)  Data Time:  0.005 (0.004)
2022-03-28 12:39:59,625:INFO:   Eta: 1:13:03
2022-03-28 12:40:04,651:INFO: Test: [104][604/605]  Loss -7.5192 (-4.6723)
2022-03-28 12:40:04,659:INFO: Checkpoint saved...
2022-03-28 12:40:34,282:INFO: Train: [105][2321/2322]  Loss -0.1971 (-1.3082)  Time:  0.102 (0.013)  Data Time:  0.004 (0.004)
2022-03-28 12:40:34,283:INFO:   Eta: 1:11:32
2022-03-28 12:40:39,089:INFO: Test: [105][604/605]  Loss -6.9064 (-4.3230)
2022-03-28 12:41:09,255:INFO: Train: [106][2321/2322]  Loss -0.1679 (-1.2653)  Time:  0.105 (0.013)  Data Time:  0.004 (0.004)
2022-03-28 12:41:09,256:INFO:   Eta: 1:12:19
2022-03-28 12:41:14,228:INFO: Test: [106][604/605]  Loss -6.7300 (-4.1440)
2022-03-28 12:41:43,765:INFO: Train: [107][2321/2322]  Loss -0.1427 (-1.3407)  Time:  0.098 (0.013)  Data Time:  0.004 (0.004)
2022-03-28 12:41:43,766:INFO:   Eta: 1:10:19
2022-03-28 12:41:49,406:INFO: Test: [107][604/605]  Loss -7.1522 (-4.4473)
2022-03-28 12:42:18,404:INFO: Train: [108][2321/2322]  Loss -0.1979 (-1.5060)  Time:  0.158 (0.012)  Data Time:  0.035 (0.004)
2022-03-28 12:42:18,445:INFO:   Eta: 1:08:29
2022-03-28 12:42:26,860:INFO: Test: [108][604/605]  Loss -7.5411 (-4.6519)
2022-03-28 12:42:26,963:INFO: Checkpoint saved...
2022-03-28 12:43:00,857:INFO: Train: [109][2321/2322]  Loss -0.2103 (-1.3137)  Time:  0.541 (0.015)  Data Time:  0.003 (0.004)
2022-03-28 12:43:00,916:INFO:   Eta: 1:19:33
2022-03-28 12:43:06,209:INFO: Test: [109][604/605]  Loss -7.5108 (-4.6659)
2022-03-28 12:43:37,930:INFO: Train: [110][2321/2322]  Loss -0.1710 (-1.2962)  Time:  0.105 (0.014)  Data Time:  0.004 (0.004)
2022-03-28 12:43:37,930:INFO:   Eta: 1:13:52
2022-03-28 12:43:43,031:INFO: Test: [110][604/605]  Loss -7.1124 (-4.4172)
2022-03-28 12:44:14,966:INFO: Train: [111][2321/2322]  Loss -0.1760 (-1.3671)  Time:  0.106 (0.014)  Data Time:  0.004 (0.004)
2022-03-28 12:44:14,969:INFO:   Eta: 1:13:54
2022-03-28 12:44:20,256:INFO: Test: [111][604/605]  Loss -6.7516 (-4.1532)
2022-03-28 12:44:51,898:INFO: Train: [112][2321/2322]  Loss -0.2514 (-1.4249)  Time:  0.113 (0.014)  Data Time:  0.004 (0.004)
2022-03-28 12:44:51,900:INFO:   Eta: 1:12:42
2022-03-28 12:44:57,421:INFO: Test: [112][604/605]  Loss -7.5385 (-4.6576)
2022-03-28 12:45:29,097:INFO: Train: [113][2321/2322]  Loss -0.1515 (-1.4246)  Time:  0.122 (0.014)  Data Time:  0.004 (0.004)
2022-03-28 12:45:29,098:INFO:   Eta: 1:12:14
2022-03-28 12:45:34,430:INFO: Test: [113][604/605]  Loss -6.7811 (-4.2218)
2022-03-28 12:46:06,449:INFO: Train: [114][2321/2322]  Loss -0.1712 (-1.2509)  Time:  0.098 (0.014)  Data Time:  0.003 (0.004)
2022-03-28 12:46:06,451:INFO:   Eta: 1:12:29
2022-03-28 12:46:11,763:INFO: Test: [114][604/605]  Loss -6.5935 (-4.0885)
2022-03-28 12:46:43,501:INFO: Train: [115][2321/2322]  Loss -0.1789 (-1.4376)  Time:  0.112 (0.014)  Data Time:  0.004 (0.004)
2022-03-28 12:46:43,502:INFO:   Eta: 1:11:19
2022-03-28 12:46:48,769:INFO: Test: [115][604/605]  Loss -6.2898 (-3.9308)
2022-03-28 12:47:19,655:INFO: Train: [116][2321/2322]  Loss -0.1643 (-1.4533)  Time:  0.103 (0.013)  Data Time:  0.004 (0.004)
2022-03-28 12:47:19,656:INFO:   Eta: 1:08:53
2022-03-28 12:47:25,037:INFO: Test: [116][604/605]  Loss -7.8778 (-4.8731)
2022-03-28 12:47:25,043:INFO: Checkpoint saved...
2022-03-28 12:47:56,356:INFO: Train: [117][2321/2322]  Loss -0.2110 (-1.3109)  Time:  0.119 (0.013)  Data Time:  0.005 (0.004)
2022-03-28 12:47:56,358:INFO:   Eta: 1:09:20
2022-03-28 12:48:01,786:INFO: Test: [117][604/605]  Loss -7.5869 (-4.6970)
2022-03-28 12:48:32,830:INFO: Train: [118][2321/2322]  Loss -0.1062 (-1.5078)  Time:  0.098 (0.013)  Data Time:  0.003 (0.004)
2022-03-28 12:48:32,832:INFO:   Eta: 1:08:13
2022-03-28 12:48:38,352:INFO: Test: [118][604/605]  Loss -7.6383 (-4.7406)
2022-03-28 12:49:09,715:INFO: Train: [119][2321/2322]  Loss -0.2053 (-1.4165)  Time:  0.110 (0.013)  Data Time:  0.004 (0.004)
2022-03-28 12:49:09,717:INFO:   Eta: 1:08:25
2022-03-28 12:49:15,312:INFO: Test: [119][604/605]  Loss -7.9194 (-4.9024)
2022-03-28 12:49:15,322:INFO: Checkpoint saved...
2022-03-28 12:49:46,186:INFO: Train: [120][2321/2322]  Loss -0.2120 (-1.3458)  Time:  0.087 (0.013)  Data Time:  0.004 (0.004)
2022-03-28 12:49:46,268:INFO:   Eta: 1:06:48
2022-03-28 12:49:50,895:INFO: Test: [120][604/605]  Loss -7.5062 (-4.5942)
2022-03-28 12:50:23,185:INFO: Train: [121][2321/2322]  Loss -0.2010 (-1.4500)  Time:  0.099 (0.014)  Data Time:  0.003 (0.004)
2022-03-28 12:50:23,237:INFO:   Eta: 1:09:03
2022-03-28 12:50:31,004:INFO: Test: [121][604/605]  Loss -7.3783 (-4.5808)
2022-03-28 12:51:07,303:INFO: Train: [122][2321/2322]  Loss -0.1281 (-1.4599)  Time:  0.142 (0.016)  Data Time:  0.004 (0.004)
2022-03-28 12:51:07,305:INFO:   Eta: 1:17:20
2022-03-28 12:51:13,611:INFO: Test: [122][604/605]  Loss -6.6916 (-4.1681)
2022-03-28 12:51:49,573:INFO: Train: [123][2321/2322]  Loss -0.2087 (-1.4416)  Time:  0.111 (0.015)  Data Time:  0.005 (0.004)
2022-03-28 12:51:49,575:INFO:   Eta: 1:15:40
2022-03-28 12:51:55,470:INFO: Test: [123][604/605]  Loss -7.8316 (-4.8478)
2022-03-28 12:52:30,085:INFO: Train: [124][2321/2322]  Loss -0.1974 (-1.5196)  Time:  0.109 (0.015)  Data Time:  0.005 (0.004)
2022-03-28 12:52:30,087:INFO:   Eta: 1:12:36
2022-03-28 12:52:35,974:INFO: Test: [124][604/605]  Loss -7.8044 (-4.8267)
2022-03-28 12:53:11,029:INFO: Train: [125][2321/2322]  Loss -0.2563 (-1.4398)  Time:  0.115 (0.015)  Data Time:  0.003 (0.004)
2022-03-28 12:53:11,031:INFO:   Eta: 1:12:55
2022-03-28 12:53:16,938:INFO: Test: [125][604/605]  Loss -7.9765 (-4.8907)
2022-03-28 12:53:16,947:INFO: Checkpoint saved...
2022-03-28 12:53:52,068:INFO: Train: [126][2321/2322]  Loss -0.1857 (-1.3952)  Time:  0.117 (0.015)  Data Time:  0.003 (0.004)
2022-03-28 12:53:52,070:INFO:   Eta: 1:12:28
2022-03-28 12:53:57,976:INFO: Test: [126][604/605]  Loss -7.2394 (-4.4588)
2022-03-28 12:54:34,069:INFO: Train: [127][2321/2322]  Loss -0.2732 (-1.4032)  Time:  0.105 (0.016)  Data Time:  0.005 (0.004)
2022-03-28 12:54:34,070:INFO:   Eta: 1:13:52
2022-03-28 12:54:39,850:INFO: Test: [127][604/605]  Loss -7.9619 (-4.8889)
2022-03-28 12:55:15,570:INFO: Train: [128][2321/2322]  Loss -0.1517 (-1.3531)  Time:  0.096 (0.015)  Data Time:  0.004 (0.004)
2022-03-28 12:55:15,614:INFO:   Eta: 1:12:31
2022-03-28 12:55:21,509:INFO: Test: [128][604/605]  Loss -6.9746 (-4.3420)
2022-03-28 12:55:56,210:INFO: Train: [129][2321/2322]  Loss -0.2356 (-1.4385)  Time:  0.147 (0.015)  Data Time:  0.004 (0.004)
2022-03-28 12:55:56,212:INFO:   Eta: 1:09:51
2022-03-28 12:56:02,337:INFO: Test: [129][604/605]  Loss -6.9726 (-4.2243)
2022-03-28 12:56:38,689:INFO: Train: [130][2321/2322]  Loss -0.1615 (-1.4875)  Time:  0.128 (0.016)  Data Time:  0.004 (0.004)
2022-03-28 12:56:38,691:INFO:   Eta: 1:12:36
2022-03-28 12:56:44,281:INFO: Test: [130][604/605]  Loss -7.5827 (-4.7211)
2022-03-28 12:57:19,417:INFO: Train: [131][2321/2322]  Loss -0.2145 (-1.2972)  Time:  0.114 (0.015)  Data Time:  0.004 (0.004)
2022-03-28 12:57:19,418:INFO:   Eta: 1:09:36
2022-03-28 12:57:25,486:INFO: Test: [131][604/605]  Loss -7.5136 (-4.6245)
2022-03-28 12:57:58,438:INFO: Train: [132][2321/2322]  Loss -0.2206 (-1.4326)  Time:  0.087 (0.014)  Data Time:  0.004 (0.004)
2022-03-28 12:57:58,451:INFO:   Eta: 1:04:43
2022-03-28 12:58:03,062:INFO: Test: [132][604/605]  Loss -7.4045 (-4.5452)
2022-03-28 12:58:35,820:INFO: Train: [133][2321/2322]  Loss -0.2284 (-1.3504)  Time:  0.148 (0.014)  Data Time:  0.003 (0.004)
2022-03-28 12:58:35,923:INFO:   Eta: 1:03:48
2022-03-28 12:58:42,445:INFO: Test: [133][604/605]  Loss -7.7510 (-4.7997)
2022-03-28 12:59:19,392:INFO: Train: [134][2321/2322]  Loss -0.1645 (-1.3607)  Time:  0.153 (0.016)  Data Time:  0.004 (0.004)
2022-03-28 12:59:19,393:INFO:   Eta: 1:11:20
2022-03-28 12:59:25,484:INFO: Test: [134][604/605]  Loss -8.0527 (-4.9723)
2022-03-28 12:59:26,325:INFO: Checkpoint saved...
2022-03-28 13:00:02,106:INFO: Train: [135][2321/2322]  Loss -0.2487 (-1.4629)  Time:  0.131 (0.015)  Data Time:  0.004 (0.004)
2022-03-28 13:00:02,109:INFO:   Eta: 1:08:26
2022-03-28 13:00:07,966:INFO: Test: [135][604/605]  Loss -7.6360 (-4.6409)
2022-03-28 13:00:44,147:INFO: Train: [136][2321/2322]  Loss -0.2532 (-1.4602)  Time:  0.153 (0.015)  Data Time:  0.004 (0.004)
2022-03-28 13:00:44,149:INFO:   Eta: 1:07:41
2022-03-28 13:00:49,810:INFO: Test: [136][604/605]  Loss -7.4832 (-4.5359)
2022-03-28 13:01:25,289:INFO: Train: [137][2321/2322]  Loss -0.1799 (-1.3632)  Time:  0.145 (0.015)  Data Time:  0.004 (0.004)
2022-03-28 13:01:25,289:INFO:   Eta: 1:06:43
2022-03-28 13:01:31,391:INFO: Test: [137][604/605]  Loss -6.7819 (-4.1402)
2022-03-28 13:02:07,317:INFO: Train: [138][2321/2322]  Loss -0.1518 (-1.2937)  Time:  0.120 (0.015)  Data Time:  0.004 (0.004)
2022-03-28 13:02:07,318:INFO:   Eta: 1:06:58
2022-03-28 13:02:13,194:INFO: Test: [138][604/605]  Loss -6.7506 (-4.2000)
2022-03-28 13:02:48,829:INFO: Train: [139][2321/2322]  Loss -0.2210 (-1.4195)  Time:  0.119 (0.015)  Data Time:  0.004 (0.004)
2022-03-28 13:02:48,831:INFO:   Eta: 1:05:50
2022-03-28 13:02:55,062:INFO: Test: [139][604/605]  Loss -7.9739 (-4.8821)
2022-03-28 13:03:30,695:INFO: Train: [140][2321/2322]  Loss -0.1599 (-1.4676)  Time:  0.110 (0.015)  Data Time:  0.004 (0.004)
2022-03-28 13:03:30,696:INFO:   Eta: 1:05:14
2022-03-28 13:03:36,711:INFO: Test: [140][604/605]  Loss -6.7450 (-4.1276)
2022-03-28 13:04:12,230:INFO: Train: [141][2321/2322]  Loss -0.2445 (-1.5073)  Time:  0.152 (0.015)  Data Time:  0.004 (0.004)
2022-03-28 13:04:12,231:INFO:   Eta: 1:04:27
2022-03-28 13:04:18,261:INFO: Test: [141][604/605]  Loss -7.5229 (-4.5785)
2022-03-28 13:04:54,104:INFO: Train: [142][2321/2322]  Loss -0.2399 (-1.4713)  Time:  0.180 (0.015)  Data Time:  0.004 (0.004)
2022-03-28 13:04:54,106:INFO:   Eta: 1:04:26
2022-03-28 13:05:00,078:INFO: Test: [142][604/605]  Loss -7.5184 (-4.6212)
2022-03-28 13:05:36,653:INFO: Train: [143][2321/2322]  Loss -0.2367 (-1.5335)  Time:  0.107 (0.016)  Data Time:  0.003 (0.004)
2022-03-28 13:05:36,655:INFO:   Eta: 1:05:06
2022-03-28 13:05:42,683:INFO: Test: [143][604/605]  Loss -6.9838 (-4.2301)
2022-03-28 13:06:16,471:INFO: Train: [144][2321/2322]  Loss -0.1831 (-1.5560)  Time:  0.090 (0.015)  Data Time:  0.004 (0.004)
2022-03-28 13:06:16,529:INFO:   Eta: 0:59:36
2022-03-28 13:06:20,875:INFO: Test: [144][604/605]  Loss -7.9146 (-4.9156)
2022-03-28 13:06:52,070:INFO: Train: [145][2321/2322]  Loss -0.1572 (-1.5578)  Time:  0.091 (0.013)  Data Time:  0.004 (0.004)
2022-03-28 13:06:52,071:INFO:   Eta: 0:54:32
2022-03-28 13:06:57,306:INFO: Test: [145][604/605]  Loss -6.7341 (-4.1547)
2022-03-28 13:07:25,328:INFO: Train: [146][2321/2322]  Loss -0.2705 (-1.4989)  Time:  0.091 (0.012)  Data Time:  0.004 (0.004)
2022-03-28 13:07:25,329:INFO:   Eta: 0:48:31
2022-03-28 13:07:29,709:INFO: Test: [146][604/605]  Loss -7.9269 (-4.8697)
2022-03-28 13:07:57,445:INFO: Train: [147][2321/2322]  Loss -0.2045 (-1.5259)  Time:  0.099 (0.012)  Data Time:  0.004 (0.004)
2022-03-28 13:07:57,445:INFO:   Eta: 0:47:34
2022-03-28 13:08:01,932:INFO: Test: [147][604/605]  Loss -6.9060 (-4.2426)
2022-03-28 13:08:30,265:INFO: Train: [148][2321/2322]  Loss -0.2524 (-1.3914)  Time:  0.104 (0.012)  Data Time:  0.004 (0.004)
2022-03-28 13:08:30,266:INFO:   Eta: 0:48:06
2022-03-28 13:08:35,109:INFO: Test: [148][604/605]  Loss -8.0153 (-4.9261)
2022-03-28 13:09:03,641:INFO: Train: [149][2321/2322]  Loss -0.2283 (-1.3121)  Time:  0.091 (0.012)  Data Time:  0.004 (0.004)
2022-03-28 13:09:03,641:INFO:   Eta: 0:47:59
2022-03-28 13:09:08,605:INFO: Test: [149][604/605]  Loss -7.7491 (-4.7896)
2022-03-28 13:09:37,771:INFO: Train: [150][2321/2322]  Loss -0.2368 (-1.6543)  Time:  0.091 (0.012)  Data Time:  0.004 (0.004)
2022-03-28 13:09:37,772:INFO:   Eta: 0:47:40
2022-03-28 13:09:42,551:INFO: Test: [150][604/605]  Loss -7.7954 (-4.8220)
2022-03-28 13:10:12,720:INFO: Train: [151][2321/2322]  Loss -0.2440 (-1.6417)  Time:  0.084 (0.013)  Data Time:  0.003 (0.004)
2022-03-28 13:10:12,720:INFO:   Eta: 0:49:44
2022-03-28 13:10:18,105:INFO: Test: [151][604/605]  Loss -7.7920 (-4.7732)
2022-03-28 13:10:43,992:INFO: Train: [152][2321/2322]  Loss -0.2270 (-1.7197)  Time:  0.080 (0.011)  Data Time:  0.004 (0.004)
2022-03-28 13:10:43,993:INFO:   Eta: 0:42:14
2022-03-28 13:10:49,641:INFO: Test: [152][604/605]  Loss -8.1566 (-5.0252)
2022-03-28 13:10:49,651:INFO: Checkpoint saved...
2022-03-28 13:11:21,061:INFO: Train: [153][2321/2322]  Loss -0.2544 (-1.4566)  Time:  0.121 (0.013)  Data Time:  0.003 (0.004)
2022-03-28 13:11:21,063:INFO:   Eta: 0:50:39
2022-03-28 13:11:27,067:INFO: Test: [153][604/605]  Loss -7.5009 (-4.5779)
2022-03-28 13:11:56,721:INFO: Train: [154][2321/2322]  Loss -0.2052 (-1.7185)  Time:  0.108 (0.013)  Data Time:  0.004 (0.004)
2022-03-28 13:11:56,721:INFO:   Eta: 0:47:24
2022-03-28 13:12:01,467:INFO: Test: [154][604/605]  Loss -7.6752 (-4.6932)
2022-03-28 13:12:29,321:INFO: Train: [155][2321/2322]  Loss -0.2806 (-1.6782)  Time:  0.095 (0.012)  Data Time:  0.004 (0.004)
2022-03-28 13:12:29,321:INFO:   Eta: 0:44:04
2022-03-28 13:12:37,013:INFO: Test: [155][604/605]  Loss -8.3558 (-5.1301)
2022-03-28 13:12:37,073:INFO: Checkpoint saved...
2022-03-28 13:13:07,893:INFO: Train: [156][2321/2322]  Loss -0.2568 (-1.6941)  Time:  0.109 (0.013)  Data Time:  0.004 (0.004)
2022-03-28 13:13:07,894:INFO:   Eta: 0:48:14
2022-03-28 13:13:15,287:INFO: Test: [156][604/605]  Loss -7.4352 (-4.5402)
2022-03-28 13:13:46,712:INFO: Train: [157][2321/2322]  Loss -0.2080 (-1.7475)  Time:  0.088 (0.014)  Data Time:  0.004 (0.004)
2022-03-28 13:13:46,713:INFO:   Eta: 0:48:39
2022-03-28 13:13:51,904:INFO: Test: [157][604/605]  Loss -8.2084 (-5.0586)
2022-03-28 13:14:20,096:INFO: Train: [158][2321/2322]  Loss -0.2218 (-1.6958)  Time:  0.086 (0.012)  Data Time:  0.004 (0.004)
2022-03-28 13:14:20,096:INFO:   Eta: 0:43:11
2022-03-28 13:14:24,624:INFO: Test: [158][604/605]  Loss -7.7417 (-4.7191)
2022-03-28 13:14:51,623:INFO: Train: [159][2321/2322]  Loss -0.2689 (-1.7385)  Time:  0.095 (0.012)  Data Time:  0.005 (0.004)
2022-03-28 13:14:51,623:INFO:   Eta: 0:40:54
2022-03-28 13:14:56,122:INFO: Test: [159][604/605]  Loss -8.1058 (-4.9601)
2022-03-28 13:15:23,608:INFO: Train: [160][2321/2322]  Loss -0.2238 (-1.7327)  Time:  0.087 (0.012)  Data Time:  0.004 (0.004)
2022-03-28 13:15:23,609:INFO:   Eta: 0:41:11
2022-03-28 13:15:28,107:INFO: Test: [160][604/605]  Loss -7.3707 (-4.4693)
2022-03-28 13:15:57,714:INFO: Train: [161][2321/2322]  Loss -0.2655 (-1.7101)  Time:  0.109 (0.013)  Data Time:  0.004 (0.004)
2022-03-28 13:15:57,715:INFO:   Eta: 0:43:53
2022-03-28 13:16:02,933:INFO: Test: [161][604/605]  Loss -7.8224 (-4.7643)
2022-03-28 13:16:35,666:INFO: Train: [162][2321/2322]  Loss -0.2327 (-1.6932)  Time:  0.112 (0.014)  Data Time:  0.004 (0.004)
2022-03-28 13:16:35,667:INFO:   Eta: 0:47:58
2022-03-28 13:16:41,948:INFO: Test: [162][604/605]  Loss -8.3320 (-5.0935)
2022-03-28 13:17:13,042:INFO: Train: [163][2321/2322]  Loss -0.1962 (-1.7012)  Time:  0.119 (0.013)  Data Time:  0.004 (0.004)
2022-03-28 13:17:13,043:INFO:   Eta: 0:45:03
2022-03-28 13:17:19,236:INFO: Test: [163][604/605]  Loss -8.3253 (-5.1266)
2022-03-28 13:17:45,746:INFO: Train: [164][2321/2322]  Loss -0.2402 (-1.7167)  Time:  0.077 (0.011)  Data Time:  0.003 (0.004)
2022-03-28 13:17:46,011:INFO:   Eta: 0:37:58
2022-03-28 13:17:50,034:INFO: Test: [164][604/605]  Loss -8.1564 (-5.0378)
2022-03-28 13:18:19,366:INFO: Train: [165][2321/2322]  Loss -0.2034 (-1.7069)  Time:  0.117 (0.013)  Data Time:  0.002 (0.004)
2022-03-28 13:18:19,367:INFO:   Eta: 0:41:30
2022-03-28 13:18:27,182:INFO: Test: [165][604/605]  Loss -8.3150 (-5.1029)
2022-03-28 13:18:59,667:INFO: Train: [166][2321/2322]  Loss -0.1591 (-1.6458)  Time:  0.126 (0.014)  Data Time:  0.003 (0.004)
2022-03-28 13:18:59,669:INFO:   Eta: 0:45:26
2022-03-28 13:19:04,866:INFO: Test: [166][604/605]  Loss -8.1426 (-4.9935)
2022-03-28 13:19:37,765:INFO: Train: [167][2321/2322]  Loss -0.2439 (-1.7394)  Time:  0.099 (0.014)  Data Time:  0.003 (0.004)
2022-03-28 13:19:37,767:INFO:   Eta: 0:45:28
2022-03-28 13:19:43,095:INFO: Test: [167][604/605]  Loss -8.1222 (-4.9559)
2022-03-28 13:20:15,576:INFO: Train: [168][2321/2322]  Loss -0.1674 (-1.6236)  Time:  0.108 (0.014)  Data Time:  0.004 (0.004)
2022-03-28 13:20:15,576:INFO:   Eta: 0:44:21
2022-03-28 13:20:21,005:INFO: Test: [168][604/605]  Loss -7.7543 (-4.7100)
2022-03-28 13:20:54,156:INFO: Train: [169][2321/2322]  Loss -0.2422 (-1.7116)  Time:  0.098 (0.014)  Data Time:  0.004 (0.004)
2022-03-28 13:20:54,157:INFO:   Eta: 0:44:43
2022-03-28 13:20:59,344:INFO: Test: [169][604/605]  Loss -8.3085 (-5.0987)
2022-03-28 13:21:31,682:INFO: Train: [170][2321/2322]  Loss -0.2195 (-1.5708)  Time:  0.128 (0.014)  Data Time:  0.004 (0.004)
2022-03-28 13:21:31,684:INFO:   Eta: 0:43:05
2022-03-28 13:21:36,215:INFO: Test: [170][604/605]  Loss -8.2613 (-5.0779)
2022-03-28 13:22:04,178:INFO: Train: [171][2321/2322]  Loss -0.2253 (-1.7318)  Time:  0.115 (0.012)  Data Time:  0.004 (0.004)
2022-03-28 13:22:04,179:INFO:   Eta: 0:36:47
2022-03-28 13:22:10,125:INFO: Test: [171][604/605]  Loss -8.1833 (-5.0143)
2022-03-28 13:22:40,365:INFO: Train: [172][2321/2322]  Loss -0.2355 (-1.7444)  Time:  0.120 (0.013)  Data Time:  0.004 (0.004)
2022-03-28 13:22:40,366:INFO:   Eta: 0:38:56
2022-03-28 13:22:46,851:INFO: Test: [172][604/605]  Loss -8.1014 (-5.0134)
2022-03-28 13:23:16,481:INFO: Train: [173][2321/2322]  Loss -0.2354 (-1.7201)  Time:  0.118 (0.013)  Data Time:  0.004 (0.004)
2022-03-28 13:23:16,482:INFO:   Eta: 0:37:59
2022-03-28 13:23:22,443:INFO: Test: [173][604/605]  Loss -8.2679 (-5.0778)
2022-03-28 13:23:51,544:INFO: Train: [174][2321/2322]  Loss -0.2245 (-1.7743)  Time:  0.112 (0.013)  Data Time:  0.004 (0.004)
2022-03-28 13:23:51,545:INFO:   Eta: 0:36:49
2022-03-28 13:23:56,614:INFO: Test: [174][604/605]  Loss -7.9985 (-4.8640)
2022-03-28 13:24:23,629:INFO: Train: [175][2321/2322]  Loss -0.2421 (-1.7363)  Time:  0.088 (0.012)  Data Time:  0.005 (0.004)
2022-03-28 13:24:23,630:INFO:   Eta: 0:33:44
2022-03-28 13:24:28,236:INFO: Test: [175][604/605]  Loss -8.1946 (-4.9824)
2022-03-28 13:24:55,961:INFO: Train: [176][2321/2322]  Loss -0.2351 (-1.7567)  Time:  0.087 (0.012)  Data Time:  0.005 (0.004)
2022-03-28 13:24:55,962:INFO:   Eta: 0:34:10
2022-03-28 13:25:00,715:INFO: Test: [176][604/605]  Loss -7.6044 (-4.6115)
2022-03-28 13:25:28,344:INFO: Train: [177][2321/2322]  Loss -0.2358 (-1.7434)  Time:  0.089 (0.012)  Data Time:  0.005 (0.004)
2022-03-28 13:25:28,345:INFO:   Eta: 0:33:34
2022-03-28 13:25:33,112:INFO: Test: [177][604/605]  Loss -8.2165 (-5.0166)
2022-03-28 13:26:01,928:INFO: Train: [178][2321/2322]  Loss -0.2246 (-1.5000)  Time:  0.094 (0.012)  Data Time:  0.004 (0.004)
2022-03-28 13:26:01,929:INFO:   Eta: 0:34:32
2022-03-28 13:26:07,161:INFO: Test: [178][604/605]  Loss -8.0506 (-4.9075)
2022-03-28 13:26:36,409:INFO: Train: [179][2321/2322]  Loss -0.2208 (-1.3809)  Time:  0.097 (0.013)  Data Time:  0.004 (0.004)
2022-03-28 13:26:36,410:INFO:   Eta: 0:34:34
2022-03-28 13:26:41,752:INFO: Test: [179][604/605]  Loss -7.8258 (-4.7958)
2022-03-28 13:27:09,943:INFO: Train: [180][2321/2322]  Loss -0.2169 (-1.6904)  Time:  0.087 (0.012)  Data Time:  0.004 (0.004)
2022-03-28 13:27:09,943:INFO:   Eta: 0:32:51
2022-03-28 13:27:14,658:INFO: Test: [180][604/605]  Loss -7.7017 (-4.7146)
2022-03-28 13:27:43,731:INFO: Train: [181][2321/2322]  Loss -0.2395 (-1.7354)  Time:  0.124 (0.013)  Data Time:  0.002 (0.004)
2022-03-28 13:27:43,732:INFO:   Eta: 0:33:24
2022-03-28 13:27:50,669:INFO: Test: [181][604/605]  Loss -7.6071 (-4.6134)
2022-03-28 13:28:18,837:INFO: Train: [182][2321/2322]  Loss -0.2587 (-1.5557)  Time:  0.093 (0.012)  Data Time:  0.004 (0.004)
2022-03-28 13:28:18,907:INFO:   Eta: 0:31:24
2022-03-28 13:28:23,985:INFO: Test: [182][604/605]  Loss -8.3243 (-5.1153)
2022-03-28 13:28:54,281:INFO: Train: [183][2321/2322]  Loss -0.2946 (-1.7322)  Time:  0.097 (0.013)  Data Time:  0.005 (0.004)
2022-03-28 13:28:54,476:INFO:   Eta: 0:33:19
2022-03-28 13:28:59,239:INFO: Test: [183][604/605]  Loss -7.9508 (-4.8314)
2022-03-28 13:29:28,704:INFO: Train: [184][2321/2322]  Loss -0.2836 (-1.5596)  Time:  0.093 (0.013)  Data Time:  0.005 (0.004)
2022-03-28 13:29:28,742:INFO:   Eta: 0:32:22
2022-03-28 13:29:33,285:INFO: Test: [184][604/605]  Loss -8.1723 (-4.9993)
2022-03-28 13:30:00,389:INFO: Train: [185][2321/2322]  Loss -0.2309 (-1.5324)  Time:  0.090 (0.012)  Data Time:  0.005 (0.004)
2022-03-28 13:30:00,390:INFO:   Eta: 0:29:19
2022-03-28 13:30:05,370:INFO: Test: [185][604/605]  Loss -7.9522 (-4.8856)
2022-03-28 13:30:31,871:INFO: Train: [186][2321/2322]  Loss -0.2086 (-1.7254)  Time:  0.087 (0.011)  Data Time:  0.004 (0.004)
2022-03-28 13:30:31,871:INFO:   Eta: 0:28:14
2022-03-28 13:30:36,556:INFO: Test: [186][604/605]  Loss -8.2979 (-5.0815)
2022-03-28 13:31:04,804:INFO: Train: [187][2321/2322]  Loss -0.2724 (-1.7624)  Time:  0.094 (0.012)  Data Time:  0.004 (0.004)
2022-03-28 13:31:04,804:INFO:   Eta: 0:29:38
2022-03-28 13:31:09,714:INFO: Test: [187][604/605]  Loss -6.7453 (-4.0124)
2022-03-28 13:31:37,449:INFO: Train: [188][2321/2322]  Loss -0.2557 (-1.7435)  Time:  0.084 (0.012)  Data Time:  0.004 (0.004)
2022-03-28 13:31:37,450:INFO:   Eta: 0:28:37
2022-03-28 13:31:42,285:INFO: Test: [188][604/605]  Loss -7.5854 (-4.6611)
2022-03-28 13:32:09,976:INFO: Train: [189][2321/2322]  Loss -0.1912 (-1.6742)  Time:  0.086 (0.012)  Data Time:  0.003 (0.004)
2022-03-28 13:32:10,014:INFO:   Eta: 0:28:07
2022-03-28 13:32:14,810:INFO: Test: [189][604/605]  Loss -8.4229 (-5.1596)
2022-03-28 13:32:14,869:INFO: Checkpoint saved...
2022-03-28 13:32:42,897:INFO: Train: [190][2321/2322]  Loss -0.2359 (-1.7800)  Time:  0.106 (0.012)  Data Time:  0.005 (0.004)
2022-03-28 13:32:42,898:INFO:   Eta: 0:28:00
2022-03-28 13:32:47,546:INFO: Test: [190][604/605]  Loss -8.2257 (-5.0412)
2022-03-28 13:33:15,567:INFO: Train: [191][2321/2322]  Loss -0.2378 (-1.7782)  Time:  0.092 (0.012)  Data Time:  0.005 (0.004)
2022-03-28 13:33:15,569:INFO:   Eta: 0:27:31
2022-03-28 13:33:20,195:INFO: Test: [191][604/605]  Loss -8.1585 (-4.9673)
2022-03-28 13:33:47,733:INFO: Train: [192][2321/2322]  Loss -0.2607 (-1.7378)  Time:  0.091 (0.012)  Data Time:  0.004 (0.004)
2022-03-28 13:33:47,734:INFO:   Eta: 0:26:35
2022-03-28 13:33:52,441:INFO: Test: [192][604/605]  Loss -8.3613 (-5.1351)
2022-03-28 13:34:19,924:INFO: Train: [193][2321/2322]  Loss -0.1812 (-1.6482)  Time:  0.083 (0.012)  Data Time:  0.004 (0.004)
2022-03-28 13:34:19,925:INFO:   Eta: 0:26:05
2022-03-28 13:34:24,444:INFO: Test: [193][604/605]  Loss -7.7816 (-4.7890)
2022-03-28 13:34:52,134:INFO: Train: [194][2321/2322]  Loss -0.2634 (-1.5994)  Time:  0.087 (0.012)  Data Time:  0.004 (0.004)
2022-03-28 13:34:52,137:INFO:   Eta: 0:25:49
2022-03-28 13:34:57,070:INFO: Test: [194][604/605]  Loss -7.8925 (-4.7917)
2022-03-28 13:35:22,642:INFO: Train: [195][2321/2322]  Loss -0.2535 (-1.6673)  Time:  0.082 (0.011)  Data Time:  0.004 (0.003)
2022-03-28 13:35:22,644:INFO:   Eta: 0:23:24
2022-03-28 13:35:26,514:INFO: Test: [195][604/605]  Loss -7.9980 (-4.8600)
2022-03-28 13:35:51,464:INFO: Train: [196][2321/2322]  Loss -0.2374 (-1.6054)  Time:  0.091 (0.011)  Data Time:  0.003 (0.003)
2022-03-28 13:35:51,465:INFO:   Eta: 0:22:26
2022-03-28 13:35:55,529:INFO: Test: [196][604/605]  Loss -7.8709 (-4.7915)
2022-03-28 13:36:20,732:INFO: Train: [197][2321/2322]  Loss -0.2158 (-1.6950)  Time:  0.097 (0.011)  Data Time:  0.003 (0.003)
2022-03-28 13:36:20,733:INFO:   Eta: 0:22:14
2022-03-28 13:36:25,223:INFO: Test: [197][604/605]  Loss -8.4103 (-5.2013)
2022-03-28 13:36:51,723:INFO: Train: [198][2321/2322]  Loss -0.1917 (-1.6955)  Time:  0.083 (0.011)  Data Time:  0.003 (0.003)
2022-03-28 13:36:51,795:INFO:   Eta: 0:22:56
2022-03-28 13:36:56,191:INFO: Test: [198][604/605]  Loss -8.2309 (-5.0350)
2022-03-28 13:37:21,599:INFO: Train: [199][2321/2322]  Loss -0.2495 (-1.7024)  Time:  0.084 (0.011)  Data Time:  0.003 (0.003)
2022-03-28 13:37:21,601:INFO:   Eta: 0:21:33
2022-03-28 13:37:26,179:INFO: Test: [199][604/605]  Loss -8.2214 (-5.0085)
2022-03-28 13:37:51,164:INFO: Train: [200][2321/2322]  Loss -0.2700 (-1.7638)  Time:  0.093 (0.011)  Data Time:  0.002 (0.003)
2022-03-28 13:37:51,384:INFO:   Eta: 0:20:48
2022-03-28 13:37:56,247:INFO: Test: [200][604/605]  Loss -7.7057 (-4.7173)
2022-03-28 13:38:21,253:INFO: Train: [201][2321/2322]  Loss -0.2360 (-1.7812)  Time:  0.086 (0.010)  Data Time:  0.003 (0.003)
2022-03-28 13:38:21,406:INFO:   Eta: 0:19:32
2022-03-28 13:38:26,073:INFO: Test: [201][604/605]  Loss -8.3121 (-5.1290)
2022-03-28 13:38:51,089:INFO: Train: [202][2321/2322]  Loss -0.2429 (-1.7091)  Time:  0.077 (0.011)  Data Time:  0.003 (0.003)
2022-03-28 13:38:51,091:INFO:   Eta: 0:19:59
2022-03-28 13:38:54,983:INFO: Test: [202][604/605]  Loss -7.5878 (-4.6029)
2022-03-28 13:39:19,746:INFO: Train: [203][2321/2322]  Loss -0.2790 (-1.7927)  Time:  0.085 (0.011)  Data Time:  0.003 (0.003)
2022-03-28 13:39:19,747:INFO:   Eta: 0:19:22
2022-03-28 13:39:23,708:INFO: Test: [203][604/605]  Loss -7.5715 (-4.5762)
2022-03-28 13:39:47,825:INFO: Train: [204][2321/2322]  Loss -0.2075 (-1.7619)  Time:  0.094 (0.010)  Data Time:  0.004 (0.003)
2022-03-28 13:39:47,826:INFO:   Eta: 0:18:28
2022-03-28 13:39:51,878:INFO: Test: [204][604/605]  Loss -8.1234 (-4.9404)
2022-03-28 13:40:17,044:INFO: Train: [205][2321/2322]  Loss -0.2143 (-1.5840)  Time:  0.081 (0.011)  Data Time:  0.004 (0.003)
2022-03-28 13:40:17,044:INFO:   Eta: 0:18:50
2022-03-28 13:40:21,069:INFO: Test: [205][604/605]  Loss -8.3321 (-5.0779)
2022-03-28 13:40:45,193:INFO: Train: [206][2321/2322]  Loss -0.2142 (-1.7399)  Time:  0.075 (0.010)  Data Time:  0.003 (0.003)
2022-03-28 13:40:45,194:INFO:   Eta: 0:17:40
2022-03-28 13:40:49,329:INFO: Test: [206][604/605]  Loss -8.2343 (-5.0412)
2022-03-28 13:41:13,885:INFO: Train: [207][2321/2322]  Loss -0.2656 (-1.7463)  Time:  0.089 (0.011)  Data Time:  0.003 (0.003)
2022-03-28 13:41:13,885:INFO:   Eta: 0:17:35
2022-03-28 13:41:17,751:INFO: Test: [207][604/605]  Loss -8.0327 (-4.8921)
2022-03-28 13:41:42,124:INFO: Train: [208][2321/2322]  Loss -0.2501 (-1.7897)  Time:  0.089 (0.010)  Data Time:  0.003 (0.003)
2022-03-28 13:41:42,125:INFO:   Eta: 0:17:02
2022-03-28 13:41:46,308:INFO: Test: [208][604/605]  Loss -7.7669 (-4.7229)
2022-03-28 13:42:11,263:INFO: Train: [209][2321/2322]  Loss -0.2994 (-1.6257)  Time:  0.085 (0.011)  Data Time:  0.003 (0.003)
2022-03-28 13:42:11,263:INFO:   Eta: 0:17:02
2022-03-28 13:42:15,208:INFO: Test: [209][604/605]  Loss -7.3379 (-4.4633)
2022-03-28 13:42:39,154:INFO: Train: [210][2321/2322]  Loss -0.2417 (-1.7151)  Time:  0.076 (0.010)  Data Time:  0.004 (0.003)
2022-03-28 13:42:39,155:INFO:   Eta: 0:15:56
2022-03-28 13:42:42,954:INFO: Test: [210][604/605]  Loss -8.1257 (-4.9481)
2022-03-28 13:43:06,933:INFO: Train: [211][2321/2322]  Loss -0.2336 (-1.7781)  Time:  0.077 (0.010)  Data Time:  0.003 (0.003)
2022-03-28 13:43:07,069:INFO:   Eta: 0:15:34
2022-03-28 13:43:11,041:INFO: Test: [211][604/605]  Loss -7.5699 (-4.5842)
2022-03-28 13:43:35,130:INFO: Train: [212][2321/2322]  Loss -0.1992 (-1.7465)  Time:  0.076 (0.010)  Data Time:  0.003 (0.003)
2022-03-28 13:43:35,132:INFO:   Eta: 0:15:14
2022-03-28 13:43:39,165:INFO: Test: [212][604/605]  Loss -8.4228 (-5.1676)
2022-03-28 13:44:03,021:INFO: Train: [213][2321/2322]  Loss -0.2456 (-1.7462)  Time:  0.098 (0.010)  Data Time:  0.003 (0.003)
2022-03-28 13:44:03,022:INFO:   Eta: 0:14:41
2022-03-28 13:44:06,909:INFO: Test: [213][604/605]  Loss -8.2855 (-5.1155)
2022-03-28 13:44:30,893:INFO: Train: [214][2321/2322]  Loss -0.2254 (-1.7313)  Time:  0.074 (0.010)  Data Time:  0.003 (0.003)
2022-03-28 13:44:30,894:INFO:   Eta: 0:14:22
2022-03-28 13:44:34,782:INFO: Test: [214][604/605]  Loss -8.2803 (-5.0450)
2022-03-28 13:44:58,761:INFO: Train: [215][2321/2322]  Loss -0.2933 (-1.7383)  Time:  0.078 (0.010)  Data Time:  0.004 (0.003)
2022-03-28 13:44:58,761:INFO:   Eta: 0:13:58
2022-03-28 13:45:02,783:INFO: Test: [215][604/605]  Loss -7.7606 (-4.7529)
2022-03-28 13:45:27,704:INFO: Train: [216][2321/2322]  Loss -0.2467 (-1.7730)  Time:  0.079 (0.011)  Data Time:  0.003 (0.003)
2022-03-28 13:45:27,705:INFO:   Eta: 0:14:06
2022-03-28 13:45:31,889:INFO: Test: [216][604/605]  Loss -8.2623 (-5.0488)
2022-03-28 13:45:57,354:INFO: Train: [217][2321/2322]  Loss -0.1965 (-1.5457)  Time:  0.093 (0.011)  Data Time:  0.004 (0.003)
2022-03-28 13:45:57,355:INFO:   Eta: 0:13:59
2022-03-28 13:46:01,453:INFO: Test: [217][604/605]  Loss -8.3259 (-5.1045)
2022-03-28 13:46:26,144:INFO: Train: [218][2321/2322]  Loss -0.2223 (-1.7327)  Time:  0.089 (0.011)  Data Time:  0.003 (0.003)
2022-03-28 13:46:26,144:INFO:   Eta: 0:13:09
2022-03-28 13:46:30,112:INFO: Test: [218][604/605]  Loss -8.4641 (-5.2046)
2022-03-28 13:46:30,121:INFO: Checkpoint saved...
2022-03-28 13:46:54,796:INFO: Train: [219][2321/2322]  Loss -0.2139 (-1.7421)  Time:  0.074 (0.011)  Data Time:  0.002 (0.003)
2022-03-28 13:46:54,797:INFO:   Eta: 0:12:44
2022-03-28 13:46:58,809:INFO: Test: [219][604/605]  Loss -8.3352 (-5.1353)
2022-03-28 13:47:23,390:INFO: Train: [220][2321/2322]  Loss -0.2584 (-1.7606)  Time:  0.090 (0.011)  Data Time:  0.003 (0.003)
2022-03-28 13:47:23,390:INFO:   Eta: 0:12:16
2022-03-28 13:47:27,519:INFO: Test: [220][604/605]  Loss -7.7933 (-4.7508)
2022-03-28 13:47:52,723:INFO: Train: [221][2321/2322]  Loss -0.2194 (-1.7005)  Time:  0.089 (0.011)  Data Time:  0.004 (0.003)
2022-03-28 13:47:52,795:INFO:   Eta: 0:12:10
2022-03-28 13:47:56,717:INFO: Test: [221][604/605]  Loss -7.6612 (-4.6729)
2022-03-28 13:48:20,348:INFO: Train: [222][2321/2322]  Loss -0.2404 (-1.6412)  Time:  0.085 (0.010)  Data Time:  0.002 (0.003)
2022-03-28 13:48:20,641:INFO:   Eta: 0:10:44
2022-03-28 13:48:24,661:INFO: Test: [222][604/605]  Loss -7.6271 (-4.5989)
2022-03-28 13:48:49,576:INFO: Train: [223][2321/2322]  Loss -0.2141 (-1.7121)  Time:  0.092 (0.010)  Data Time:  0.003 (0.002)
2022-03-28 13:48:49,578:INFO:   Eta: 0:10:31
2022-03-28 13:48:54,036:INFO: Test: [223][604/605]  Loss -8.2487 (-5.0444)
2022-03-28 13:49:21,273:INFO: Train: [224][2321/2322]  Loss -0.2270 (-1.7426)  Time:  0.109 (0.012)  Data Time:  0.002 (0.002)
2022-03-28 13:49:21,274:INFO:   Eta: 0:11:47
2022-03-28 13:49:25,717:INFO: Test: [224][604/605]  Loss -8.2120 (-5.0803)
2022-03-28 13:49:51,678:INFO: Train: [225][2321/2322]  Loss -0.2453 (-1.7530)  Time:  0.107 (0.011)  Data Time:  0.003 (0.002)
2022-03-28 13:49:51,680:INFO:   Eta: 0:10:48
2022-03-28 13:49:55,946:INFO: Test: [225][604/605]  Loss -7.6031 (-4.6050)
2022-03-28 13:50:17,213:INFO: Train: [226][2321/2322]  Loss -0.2795 (-1.7093)  Time:  0.081 (0.009)  Data Time:  0.002 (0.002)
2022-03-28 13:50:17,213:INFO:   Eta: 0:08:29
2022-03-28 13:50:21,039:INFO: Test: [226][604/605]  Loss -8.1089 (-4.9416)
2022-03-28 13:50:43,426:INFO: Train: [227][2321/2322]  Loss -0.2978 (-1.7278)  Time:  0.072 (0.010)  Data Time:  0.000 (0.002)
2022-03-28 13:50:43,426:INFO:   Eta: 0:08:34
2022-03-28 13:50:47,278:INFO: Test: [227][604/605]  Loss -7.1566 (-4.3052)
2022-03-28 13:51:08,961:INFO: Train: [228][2321/2322]  Loss -0.2254 (-1.6870)  Time:  0.074 (0.009)  Data Time:  0.002 (0.002)
2022-03-28 13:51:08,962:INFO:   Eta: 0:07:56
2022-03-28 13:51:12,579:INFO: Test: [228][604/605]  Loss -7.4149 (-4.4858)
2022-03-28 13:51:34,388:INFO: Train: [229][2321/2322]  Loss -0.2698 (-1.7781)  Time:  0.083 (0.009)  Data Time:  0.003 (0.002)
2022-03-28 13:51:34,388:INFO:   Eta: 0:07:37
2022-03-28 13:51:38,021:INFO: Test: [229][604/605]  Loss -8.2011 (-5.0182)
2022-03-28 13:51:58,682:INFO: Train: [230][2321/2322]  Loss -0.2566 (-1.8210)  Time:  0.078 (0.009)  Data Time:  0.002 (0.002)
2022-03-28 13:51:58,785:INFO:   Eta: 0:06:52
2022-03-28 13:52:02,300:INFO: Test: [230][604/605]  Loss -8.0804 (-4.9346)
2022-03-28 13:52:24,602:INFO: Train: [231][2321/2322]  Loss -0.2996 (-1.8530)  Time:  0.095 (0.010)  Data Time:  0.002 (0.002)
2022-03-28 13:52:24,603:INFO:   Eta: 0:07:03
2022-03-28 13:52:29,823:INFO: Test: [231][604/605]  Loss -8.1054 (-4.9133)
2022-03-28 13:52:52,155:INFO: Train: [232][2321/2322]  Loss -0.2267 (-1.7384)  Time:  0.070 (0.010)  Data Time:  0.002 (0.002)
2022-03-28 13:52:52,485:INFO:   Eta: 0:06:41
2022-03-28 13:52:55,871:INFO: Test: [232][604/605]  Loss -6.7404 (-4.1297)
2022-03-28 13:53:20,709:INFO: Train: [233][2321/2322]  Loss -0.2586 (-1.5998)  Time:  0.080 (0.010)  Data Time:  0.003 (0.002)
2022-03-28 13:53:20,874:INFO:   Eta: 0:06:23
2022-03-28 13:53:24,670:INFO: Test: [233][604/605]  Loss -8.4330 (-5.1772)
2022-03-28 13:53:49,797:INFO: Train: [234][2321/2322]  Loss -0.2557 (-1.8195)  Time:  0.100 (0.011)  Data Time:  0.002 (0.002)
2022-03-28 13:53:49,798:INFO:   Eta: 0:06:37
2022-03-28 13:53:54,007:INFO: Test: [234][604/605]  Loss -8.0548 (-4.8854)
2022-03-28 13:54:19,637:INFO: Train: [235][2321/2322]  Loss -0.2623 (-1.8002)  Time:  0.123 (0.011)  Data Time:  0.001 (0.002)
2022-03-28 13:54:19,638:INFO:   Eta: 0:06:24
2022-03-28 13:54:24,123:INFO: Test: [235][604/605]  Loss -6.9872 (-4.2417)
2022-03-28 13:54:50,252:INFO: Train: [236][2321/2322]  Loss -0.2607 (-1.7768)  Time:  0.104 (0.011)  Data Time:  0.002 (0.002)
2022-03-28 13:54:50,253:INFO:   Eta: 0:06:05
2022-03-28 13:54:54,836:INFO: Test: [236][604/605]  Loss -8.0207 (-4.9669)
2022-03-28 13:55:20,999:INFO: Train: [237][2321/2322]  Loss -0.2440 (-1.7730)  Time:  0.103 (0.011)  Data Time:  0.002 (0.002)
2022-03-28 13:55:21,000:INFO:   Eta: 0:05:39
2022-03-28 13:55:25,293:INFO: Test: [237][604/605]  Loss -8.2521 (-5.0156)
2022-03-28 13:55:51,537:INFO: Train: [238][2321/2322]  Loss -0.1948 (-1.7962)  Time:  0.100 (0.011)  Data Time:  0.001 (0.002)
2022-03-28 13:55:51,538:INFO:   Eta: 0:05:14
2022-03-28 13:55:55,961:INFO: Test: [238][604/605]  Loss -8.1009 (-4.9905)
2022-03-28 13:56:22,240:INFO: Train: [239][2321/2322]  Loss -0.2474 (-1.7884)  Time:  0.107 (0.011)  Data Time:  0.002 (0.002)
2022-03-28 13:56:22,241:INFO:   Eta: 0:04:48
2022-03-28 13:56:26,586:INFO: Test: [239][604/605]  Loss -7.2153 (-4.3632)
2022-03-28 13:56:53,157:INFO: Train: [240][2321/2322]  Loss -0.2417 (-1.7501)  Time:  0.103 (0.011)  Data Time:  0.002 (0.002)
2022-03-28 13:56:53,158:INFO:   Eta: 0:04:25
2022-03-28 13:56:57,283:INFO: Test: [240][604/605]  Loss -8.0886 (-4.9423)
2022-03-28 13:57:24,565:INFO: Train: [241][2321/2322]  Loss -0.2530 (-1.7846)  Time:  0.112 (0.012)  Data Time:  0.008 (0.002)
2022-03-28 13:57:24,566:INFO:   Eta: 0:04:05
2022-03-28 13:57:29,563:INFO: Test: [241][604/605]  Loss -8.4134 (-5.1842)
2022-03-28 13:57:56,878:INFO: Train: [242][2321/2322]  Loss -0.2419 (-1.7842)  Time:  0.127 (0.012)  Data Time:  0.002 (0.002)
2022-03-28 13:57:56,879:INFO:   Eta: 0:03:38
2022-03-28 13:58:02,279:INFO: Test: [242][604/605]  Loss -8.1885 (-4.9965)
2022-03-28 13:58:29,861:INFO: Train: [243][2321/2322]  Loss -0.2431 (-1.6418)  Time:  0.102 (0.012)  Data Time:  0.002 (0.002)
2022-03-28 13:58:29,862:INFO:   Eta: 0:03:12
2022-03-28 13:58:34,610:INFO: Test: [243][604/605]  Loss -8.2181 (-5.0336)
2022-03-28 13:59:01,973:INFO: Train: [244][2321/2322]  Loss -0.2302 (-1.7867)  Time:  0.103 (0.012)  Data Time:  0.003 (0.002)
2022-03-28 13:59:01,974:INFO:   Eta: 0:02:44
2022-03-28 13:59:06,381:INFO: Test: [244][604/605]  Loss -8.1192 (-4.9485)
2022-03-28 13:59:33,965:INFO: Train: [245][2321/2322]  Loss -0.2718 (-1.7909)  Time:  0.109 (0.012)  Data Time:  0.001 (0.002)
2022-03-28 13:59:33,967:INFO:   Eta: 0:02:17
2022-03-28 13:59:38,769:INFO: Test: [245][604/605]  Loss -7.4181 (-4.4991)
2022-03-28 14:00:06,097:INFO: Train: [246][2321/2322]  Loss -0.2617 (-1.7517)  Time:  0.128 (0.012)  Data Time:  0.002 (0.002)
2022-03-28 14:00:06,098:INFO:   Eta: 0:01:49
2022-03-28 14:00:10,857:INFO: Test: [246][604/605]  Loss -8.5326 (-5.2422)
2022-03-28 14:00:10,880:INFO: Checkpoint saved...
2022-03-28 14:00:38,590:INFO: Train: [247][2321/2322]  Loss -0.2113 (-1.6508)  Time:  0.114 (0.012)  Data Time:  0.002 (0.002)
2022-03-28 14:00:38,591:INFO:   Eta: 0:01:23
2022-03-28 14:00:43,053:INFO: Test: [247][604/605]  Loss -8.1973 (-4.9920)
2022-03-28 14:01:10,072:INFO: Train: [248][2321/2322]  Loss -0.1883 (-1.7344)  Time:  0.104 (0.012)  Data Time:  0.002 (0.002)
2022-03-28 14:01:10,074:INFO:   Eta: 0:00:53
2022-03-28 14:01:14,866:INFO: Test: [248][604/605]  Loss -8.2955 (-5.1227)
2022-03-28 14:01:42,472:INFO: Train: [249][2321/2322]  Loss -0.2436 (-1.7172)  Time:  0.107 (0.012)  Data Time:  0.002 (0.002)
2022-03-28 14:01:42,474:INFO:   Eta: 0:00:27
2022-03-28 14:01:47,456:INFO: Test: [249][604/605]  Loss -8.5308 (-5.2572)
