2022-04-08 08:27:02,351:INFO: batch_size=128
2022-04-08 08:27:02,351:INFO: clip_grad=None
2022-04-08 08:27:02,351:INFO: dataset=hotel
2022-04-08 08:27:02,351:INFO: drop=0.4
2022-04-08 08:27:02,351:INFO: gpu_num=0
2022-04-08 08:27:02,351:INFO: input_size=2
2022-04-08 08:27:02,351:INFO: kernel_size=3
2022-04-08 08:27:02,352:INFO: lr=0.01
2022-04-08 08:27:02,352:INFO: lr_sh_rate=150
2022-04-08 08:27:02,352:INFO: model=social_stgcnn9
2022-04-08 08:27:02,352:INFO: n_stgcnn=1
2022-04-08 08:27:02,352:INFO: n_txpcnn=5
2022-04-08 08:27:02,352:INFO: num_epochs=250
2022-04-08 08:27:02,352:INFO: obs_seq_len=8
2022-04-08 08:27:02,352:INFO: output_size=5
2022-04-08 08:27:02,352:INFO: pred_seq_len=12
2022-04-08 08:27:02,352:INFO: seed=0
2022-04-08 08:27:02,352:INFO: tag=hotel
2022-04-08 08:27:02,352:INFO: use_lrschd=True
2022-04-08 08:27:02,352:INFO: ******************************
2022-04-08 08:27:02,352:INFO: Training initiating....
2022-04-08 08:27:02,353:INFO: Namespace(batch_size=128, clip_grad=None, dataset='hotel', drop=0.4, gpu_num='0', input_size=2, kernel_size=3, lr=0.01, lr_sh_rate=150, model='social_stgcnn9', n_stgcnn=1, n_txpcnn=5, num_epochs=250, obs_seq_len=8, output_size=5, pred_seq_len=12, seed=0, tag='hotel', use_lrschd=True)
2022-04-08 08:27:02,358:INFO: Initializing train dataset
2022-04-08 08:27:18,600:INFO: Initializing val dataset
2022-04-08 08:27:46,324:INFO: social_stgcnn9
2022-04-08 08:27:46,326:INFO: Data and model loaded
2022-04-08 08:27:46,326:INFO: Checkpoint dir: ./runs/Apr08_08-27-02_node07/hotel/checkpoint
2022-04-08 08:27:46,326:INFO: Training started ...
2022-04-08 08:28:23,048:INFO: Train: [0][2593/2594]  Loss 0.2224 (1.3637)  Time:  0.254 (0.014)  Data Time:  0.003 (0.004)
2022-04-08 08:28:23,049:INFO:   Eta: 2:32:57
2022-04-08 08:29:00,429:INFO: Train: [1][2593/2594]  Loss 0.0922 (0.6577)  Time:  0.199 (0.014)  Data Time:  0.005 (0.004)
2022-04-08 08:29:00,431:INFO:   Eta: 2:35:02
2022-04-08 08:29:37,664:INFO: Train: [2][2593/2594]  Loss 0.0183 (0.3528)  Time:  0.237 (0.014)  Data Time:  0.005 (0.005)
2022-04-08 08:29:37,666:INFO:   Eta: 2:33:49
2022-04-08 08:30:14,832:INFO: Train: [3][2593/2594]  Loss 0.1847 (0.1734)  Time:  0.193 (0.014)  Data Time:  0.005 (0.004)
2022-04-08 08:30:14,833:INFO:   Eta: 2:32:54
2022-04-08 08:30:52,377:INFO: Train: [4][2593/2594]  Loss -0.0288 (0.1493)  Time:  0.196 (0.014)  Data Time:  0.005 (0.005)
2022-04-08 08:30:52,379:INFO:   Eta: 2:33:50
2022-04-08 08:31:23,080:INFO: Train: [5][2593/2594]  Loss -0.0620 (0.1017)  Time:  0.217 (0.012)  Data Time:  0.002 (0.003)
2022-04-08 08:31:23,081:INFO:   Eta: 2:05:17
2022-04-08 08:31:52,319:INFO: Train: [6][2593/2594]  Loss -0.0398 (-0.0685)  Time:  0.172 (0.011)  Data Time:  0.003 (0.002)
2022-04-08 08:31:52,363:INFO:   Eta: 1:58:49
2022-04-08 08:32:04,880:INFO: Test: [6]  ADE: 1.1379  FDE: 1.6361
2022-04-08 08:32:38,402:INFO: Train: [7][2593/2594]  Loss -0.0628 (-0.1314)  Time:  0.195 (0.013)  Data Time:  0.004 (0.004)
2022-04-08 08:32:38,403:INFO:   Eta: 2:15:40
2022-04-08 08:33:11,809:INFO: Train: [8][2593/2594]  Loss -0.1294 (-0.3048)  Time:  0.182 (0.013)  Data Time:  0.004 (0.003)
2022-04-08 08:33:11,811:INFO:   Eta: 2:14:38
2022-04-08 08:33:48,592:INFO: Train: [9][2593/2594]  Loss 0.0431 (-0.2989)  Time:  0.200 (0.014)  Data Time:  0.004 (0.004)
2022-04-08 08:33:48,593:INFO:   Eta: 2:27:39
2022-04-08 08:34:25,018:INFO: Train: [10][2593/2594]  Loss -0.1176 (-0.3011)  Time:  0.179 (0.014)  Data Time:  0.005 (0.004)
2022-04-08 08:34:25,019:INFO:   Eta: 2:25:37
2022-04-08 08:35:00,431:INFO: Train: [11][2593/2594]  Loss -0.1596 (-0.4166)  Time:  0.226 (0.014)  Data Time:  0.004 (0.005)
2022-04-08 08:35:00,433:INFO:   Eta: 2:20:59
2022-04-08 08:35:37,904:INFO: Train: [12][2593/2594]  Loss 0.0189 (-0.4431)  Time:  0.203 (0.014)  Data Time:  0.005 (0.005)
2022-04-08 08:35:37,905:INFO:   Eta: 2:28:28
2022-04-08 08:36:14,791:INFO: Train: [13][2593/2594]  Loss -0.1835 (-0.4743)  Time:  0.218 (0.014)  Data Time:  0.004 (0.004)
2022-04-08 08:36:14,793:INFO:   Eta: 2:25:37
2022-04-08 08:36:51,670:INFO: Train: [14][2593/2594]  Loss -0.0545 (-0.5660)  Time:  0.209 (0.014)  Data Time:  0.004 (0.004)
2022-04-08 08:36:51,672:INFO:   Eta: 2:24:58
2022-04-08 08:37:23,634:INFO: Train: [15][2593/2594]  Loss -0.2121 (-0.5620)  Time:  0.181 (0.012)  Data Time:  0.004 (0.003)
2022-04-08 08:37:23,635:INFO:   Eta: 2:05:06
2022-04-08 08:37:58,082:INFO: Train: [16][2593/2594]  Loss -0.1622 (-0.6051)  Time:  0.201 (0.013)  Data Time:  0.005 (0.004)
2022-04-08 08:37:58,085:INFO:   Eta: 2:14:16
2022-04-08 08:38:10,821:INFO: Test: [16]  ADE: 0.9222  FDE: 1.4221
2022-04-08 08:38:44,733:INFO: Train: [17][2593/2594]  Loss -0.0402 (-0.5578)  Time:  0.184 (0.013)  Data Time:  0.005 (0.003)
2022-04-08 08:38:44,734:INFO:   Eta: 2:11:35
2022-04-08 08:39:18,388:INFO: Train: [18][2593/2594]  Loss -0.2216 (-0.7715)  Time:  0.217 (0.013)  Data Time:  0.004 (0.003)
2022-04-08 08:39:18,388:INFO:   Eta: 2:10:03
2022-04-08 08:39:51,968:INFO: Train: [19][2593/2594]  Loss -0.1339 (-0.7329)  Time:  0.184 (0.013)  Data Time:  0.003 (0.003)
2022-04-08 08:39:51,969:INFO:   Eta: 2:09:12
2022-04-08 08:40:26,287:INFO: Train: [20][2593/2594]  Loss -0.0638 (-0.7396)  Time:  0.206 (0.013)  Data Time:  0.004 (0.004)
2022-04-08 08:40:26,288:INFO:   Eta: 2:11:28
2022-04-08 08:41:01,940:INFO: Train: [21][2593/2594]  Loss -0.1503 (-0.7166)  Time:  0.215 (0.014)  Data Time:  0.004 (0.004)
2022-04-08 08:41:01,941:INFO:   Eta: 2:15:59
2022-04-08 08:41:37,910:INFO: Train: [22][2593/2594]  Loss -0.2488 (-0.7543)  Time:  0.203 (0.014)  Data Time:  0.005 (0.004)
2022-04-08 08:41:37,912:INFO:   Eta: 2:16:36
2022-04-08 08:42:14,354:INFO: Train: [23][2593/2594]  Loss -0.2428 (-0.7418)  Time:  0.223 (0.014)  Data Time:  0.004 (0.004)
2022-04-08 08:42:14,355:INFO:   Eta: 2:17:47
2022-04-08 08:42:46,636:INFO: Train: [24][2593/2594]  Loss -0.1816 (-0.8248)  Time:  0.164 (0.012)  Data Time:  0.003 (0.003)
2022-04-08 08:42:46,640:INFO:   Eta: 2:01:31
2022-04-08 08:43:22,510:INFO: Train: [25][2593/2594]  Loss -0.1729 (-0.8599)  Time:  0.199 (0.014)  Data Time:  0.005 (0.004)
2022-04-08 08:43:22,512:INFO:   Eta: 2:14:22
2022-04-08 08:43:59,943:INFO: Train: [26][2593/2594]  Loss -0.2831 (-0.8568)  Time:  0.226 (0.014)  Data Time:  0.005 (0.004)
2022-04-08 08:43:59,945:INFO:   Eta: 2:19:38
2022-04-08 08:44:12,783:INFO: Test: [26]  ADE: 0.7785  FDE: 1.2228
2022-04-08 08:44:47,951:INFO: Train: [27][2593/2594]  Loss -0.2193 (-0.8671)  Time:  0.208 (0.014)  Data Time:  0.003 (0.004)
2022-04-08 08:44:47,952:INFO:   Eta: 2:10:38
2022-04-08 08:45:22,322:INFO: Train: [28][2593/2594]  Loss -0.1677 (-0.8712)  Time:  0.167 (0.013)  Data Time:  0.003 (0.004)
2022-04-08 08:45:22,324:INFO:   Eta: 2:07:05
2022-04-08 08:45:53,722:INFO: Train: [29][2593/2594]  Loss -0.1371 (-0.9408)  Time:  0.160 (0.012)  Data Time:  0.004 (0.004)
2022-04-08 08:45:53,975:INFO:   Eta: 1:55:35
2022-04-08 08:46:26,745:INFO: Train: [30][2593/2594]  Loss -0.2504 (-0.9520)  Time:  0.158 (0.012)  Data Time:  0.004 (0.003)
2022-04-08 08:46:26,746:INFO:   Eta: 1:52:24
2022-04-08 08:46:59,645:INFO: Train: [31][2593/2594]  Loss -0.2490 (-0.9272)  Time:  0.220 (0.013)  Data Time:  0.003 (0.003)
2022-04-08 08:46:59,646:INFO:   Eta: 2:00:00
2022-04-08 08:47:35,898:INFO: Train: [32][2593/2594]  Loss -0.2103 (-1.0504)  Time:  0.196 (0.014)  Data Time:  0.004 (0.004)
2022-04-08 08:47:35,900:INFO:   Eta: 2:11:37
2022-04-08 08:48:10,054:INFO: Train: [33][2593/2594]  Loss -0.3004 (-0.9602)  Time:  0.209 (0.013)  Data Time:  0.003 (0.003)
2022-04-08 08:48:10,055:INFO:   Eta: 2:03:25
2022-04-08 08:48:44,744:INFO: Train: [34][2593/2594]  Loss -0.2639 (-0.9771)  Time:  0.205 (0.013)  Data Time:  0.005 (0.003)
2022-04-08 08:48:44,746:INFO:   Eta: 2:04:48
2022-04-08 08:49:22,920:INFO: Train: [35][2593/2594]  Loss -0.3216 (-0.9315)  Time:  0.214 (0.015)  Data Time:  0.003 (0.004)
2022-04-08 08:49:22,921:INFO:   Eta: 2:16:42
2022-04-08 08:50:00,886:INFO: Train: [36][2593/2594]  Loss -0.2299 (-1.0290)  Time:  0.197 (0.015)  Data Time:  0.004 (0.004)
2022-04-08 08:50:00,888:INFO:   Eta: 2:15:19
2022-04-08 08:50:14,024:INFO: Test: [36]  ADE: 0.6234  FDE: 0.9217
2022-04-08 08:50:51,907:INFO: Train: [37][2593/2594]  Loss -0.3887 (-1.0528)  Time:  0.206 (0.015)  Data Time:  0.003 (0.004)
2022-04-08 08:50:51,908:INFO:   Eta: 2:14:24
2022-04-08 08:51:29,580:INFO: Train: [38][2593/2594]  Loss -0.2998 (-1.1038)  Time:  0.191 (0.015)  Data Time:  0.004 (0.004)
2022-04-08 08:51:29,583:INFO:   Eta: 2:13:01
2022-04-08 08:52:07,750:INFO: Train: [39][2593/2594]  Loss -0.2497 (-1.0162)  Time:  0.222 (0.015)  Data Time:  0.005 (0.004)
2022-04-08 08:52:07,751:INFO:   Eta: 2:14:08
2022-04-08 08:52:45,296:INFO: Train: [40][2593/2594]  Loss -0.1965 (-1.0671)  Time:  0.185 (0.014)  Data Time:  0.003 (0.004)
2022-04-08 08:52:45,300:INFO:   Eta: 2:11:19
2022-04-08 08:53:20,233:INFO: Train: [41][2593/2594]  Loss -0.2189 (-0.9977)  Time:  0.208 (0.013)  Data Time:  0.004 (0.003)
2022-04-08 08:53:20,234:INFO:   Eta: 2:01:35
2022-04-08 08:53:54,997:INFO: Train: [42][2593/2594]  Loss -0.3142 (-1.0826)  Time:  0.189 (0.013)  Data Time:  0.003 (0.003)
2022-04-08 08:53:54,999:INFO:   Eta: 2:00:25
2022-04-08 08:54:28,897:INFO: Train: [43][2593/2594]  Loss -0.3612 (-1.0393)  Time:  0.171 (0.013)  Data Time:  0.002 (0.003)
2022-04-08 08:54:28,899:INFO:   Eta: 1:56:50
2022-04-08 08:55:00,866:INFO: Train: [44][2593/2594]  Loss -0.2617 (-1.1020)  Time:  0.180 (0.012)  Data Time:  0.002 (0.002)
2022-04-08 08:55:00,883:INFO:   Eta: 1:49:40
2022-04-08 08:55:42,359:INFO: Train: [45][2593/2594]  Loss -0.2525 (-1.0528)  Time:  0.200 (0.016)  Data Time:  0.004 (0.004)
2022-04-08 08:55:42,359:INFO:   Eta: 2:21:36
2022-04-08 08:56:24,088:INFO: Train: [46][2593/2594]  Loss -0.3282 (-1.0307)  Time:  0.216 (0.016)  Data Time:  0.005 (0.004)
2022-04-08 08:56:24,090:INFO:   Eta: 2:21:47
2022-04-08 08:56:38,712:INFO: Test: [46]  ADE: 0.5568  FDE: 0.8820
2022-04-08 08:57:21,262:INFO: Train: [47][2593/2594]  Loss -0.2194 (-1.1638)  Time:  0.202 (0.016)  Data Time:  0.003 (0.004)
2022-04-08 08:57:21,263:INFO:   Eta: 2:23:52
2022-04-08 08:58:00,940:INFO: Train: [48][2593/2594]  Loss -0.2843 (-1.1596)  Time:  0.223 (0.015)  Data Time:  0.005 (0.004)
2022-04-08 08:58:00,941:INFO:   Eta: 2:13:29
2022-04-08 08:58:43,769:INFO: Train: [49][2593/2594]  Loss -0.3744 (-1.2011)  Time:  0.258 (0.016)  Data Time:  0.004 (0.004)
2022-04-08 08:58:43,770:INFO:   Eta: 2:23:22
2022-04-08 08:59:27,044:INFO: Train: [50][2593/2594]  Loss -0.3246 (-1.1404)  Time:  0.274 (0.017)  Data Time:  0.004 (0.004)
2022-04-08 08:59:27,046:INFO:   Eta: 2:24:09
2022-04-08 09:00:09,985:INFO: Train: [51][2593/2594]  Loss -0.3322 (-1.1857)  Time:  0.209 (0.017)  Data Time:  0.004 (0.004)
2022-04-08 09:00:09,988:INFO:   Eta: 2:22:18
2022-04-08 09:00:49,585:INFO: Train: [52][2593/2594]  Loss -0.2904 (-1.2549)  Time:  0.189 (0.015)  Data Time:  0.004 (0.003)
2022-04-08 09:00:49,586:INFO:   Eta: 2:10:34
2022-04-08 09:01:29,768:INFO: Train: [53][2593/2594]  Loss -0.2648 (-1.2487)  Time:  0.262 (0.015)  Data Time:  0.002 (0.004)
2022-04-08 09:01:29,770:INFO:   Eta: 2:11:50
2022-04-08 09:02:09,302:INFO: Train: [54][2593/2594]  Loss -0.2504 (-1.2491)  Time:  0.266 (0.015)  Data Time:  0.004 (0.004)
2022-04-08 09:02:09,304:INFO:   Eta: 2:09:02
2022-04-08 09:02:48,661:INFO: Train: [55][2593/2594]  Loss -0.2876 (-1.2189)  Time:  0.196 (0.015)  Data Time:  0.004 (0.004)
2022-04-08 09:02:48,663:INFO:   Eta: 2:07:48
2022-04-08 09:03:24,263:INFO: Train: [56][2593/2594]  Loss -0.3630 (-1.1487)  Time:  0.178 (0.014)  Data Time:  0.004 (0.004)
2022-04-08 09:03:24,264:INFO:   Eta: 1:55:00
2022-04-08 09:03:38,231:INFO: Test: [56]  ADE: 0.5081  FDE: 0.8091
2022-04-08 09:04:17,122:INFO: Train: [57][2593/2594]  Loss -0.2688 (-1.1844)  Time:  0.209 (0.015)  Data Time:  0.005 (0.004)
2022-04-08 09:04:17,124:INFO:   Eta: 2:05:00
2022-04-08 09:04:56,336:INFO: Train: [58][2593/2594]  Loss -0.3398 (-1.2809)  Time:  0.208 (0.015)  Data Time:  0.005 (0.004)
2022-04-08 09:04:56,337:INFO:   Eta: 2:05:23
2022-04-08 09:05:36,091:INFO: Train: [59][2593/2594]  Loss -0.3478 (-1.1491)  Time:  0.200 (0.015)  Data Time:  0.004 (0.004)
2022-04-08 09:05:36,093:INFO:   Eta: 2:06:27
2022-04-08 09:06:14,648:INFO: Train: [60][2593/2594]  Loss -0.2793 (-1.2912)  Time:  0.184 (0.015)  Data Time:  0.003 (0.004)
2022-04-08 09:06:14,652:INFO:   Eta: 2:02:01
2022-04-08 09:06:50,248:INFO: Train: [61][2593/2594]  Loss -0.3245 (-1.2394)  Time:  0.216 (0.014)  Data Time:  0.005 (0.003)
2022-04-08 09:06:50,249:INFO:   Eta: 1:52:00
2022-04-08 09:07:30,583:INFO: Train: [62][2593/2594]  Loss -0.3015 (-1.2891)  Time:  0.278 (0.016)  Data Time:  0.005 (0.004)
2022-04-08 09:07:30,584:INFO:   Eta: 2:06:18
2022-04-08 09:08:10,877:INFO: Train: [63][2593/2594]  Loss -0.3578 (-1.3190)  Time:  0.244 (0.016)  Data Time:  0.005 (0.004)
2022-04-08 09:08:10,878:INFO:   Eta: 2:05:29
2022-04-08 09:08:52,236:INFO: Train: [64][2593/2594]  Loss -0.3900 (-1.2115)  Time:  0.250 (0.016)  Data Time:  0.005 (0.004)
2022-04-08 09:08:52,237:INFO:   Eta: 2:08:07
2022-04-08 09:09:29,152:INFO: Train: [65][2593/2594]  Loss -0.4090 (-1.2875)  Time:  0.193 (0.014)  Data Time:  0.003 (0.004)
2022-04-08 09:09:29,154:INFO:   Eta: 1:53:44
2022-04-08 09:10:06,059:INFO: Train: [66][2593/2594]  Loss -0.3465 (-1.3391)  Time:  0.206 (0.014)  Data Time:  0.004 (0.003)
2022-04-08 09:10:06,060:INFO:   Eta: 1:53:05
2022-04-08 09:10:19,534:INFO: Test: [66]  ADE: 0.4717  FDE: 0.7011
2022-04-08 09:10:56,516:INFO: Train: [67][2593/2594]  Loss -0.3774 (-1.1474)  Time:  0.276 (0.014)  Data Time:  0.003 (0.003)
2022-04-08 09:10:56,517:INFO:   Eta: 1:52:42
2022-04-08 09:11:33,954:INFO: Train: [68][2593/2594]  Loss -0.3191 (-1.2681)  Time:  0.248 (0.014)  Data Time:  0.004 (0.004)
2022-04-08 09:11:33,956:INFO:   Eta: 1:53:29
2022-04-08 09:12:13,445:INFO: Train: [69][2593/2594]  Loss -0.3114 (-1.2251)  Time:  0.203 (0.015)  Data Time:  0.004 (0.004)
2022-04-08 09:12:13,446:INFO:   Eta: 1:59:02
2022-04-08 09:12:52,028:INFO: Train: [70][2593/2594]  Loss -0.3478 (-1.2971)  Time:  0.208 (0.015)  Data Time:  0.004 (0.004)
2022-04-08 09:12:52,029:INFO:   Eta: 1:55:40
2022-04-08 09:13:33,426:INFO: Train: [71][2593/2594]  Loss -0.3648 (-1.2943)  Time:  0.279 (0.016)  Data Time:  0.004 (0.004)
2022-04-08 09:13:33,427:INFO:   Eta: 2:03:25
2022-04-08 09:14:14,614:INFO: Train: [72][2593/2594]  Loss -0.2728 (-1.3126)  Time:  0.257 (0.016)  Data Time:  0.004 (0.004)
2022-04-08 09:14:14,615:INFO:   Eta: 2:02:05
2022-04-08 09:14:56,388:INFO: Train: [73][2593/2594]  Loss -0.3284 (-1.3112)  Time:  0.252 (0.016)  Data Time:  0.004 (0.004)
2022-04-08 09:14:56,392:INFO:   Eta: 2:03:08
2022-04-08 09:15:38,032:INFO: Train: [74][2593/2594]  Loss -0.3120 (-1.3294)  Time:  0.235 (0.016)  Data Time:  0.004 (0.004)
2022-04-08 09:15:38,033:INFO:   Eta: 2:02:03
2022-04-08 09:16:19,098:INFO: Train: [75][2593/2594]  Loss -0.4166 (-1.3875)  Time:  0.236 (0.016)  Data Time:  0.005 (0.004)
2022-04-08 09:16:19,100:INFO:   Eta: 1:59:41
2022-04-08 09:17:00,469:INFO: Train: [76][2593/2594]  Loss -0.4032 (-1.3389)  Time:  0.255 (0.016)  Data Time:  0.004 (0.004)
2022-04-08 09:17:00,474:INFO:   Eta: 1:59:53
2022-04-08 09:17:14,517:INFO: Test: [76]  ADE: 0.4661  FDE: 0.7182
2022-04-08 09:17:52,029:INFO: Train: [77][2593/2594]  Loss -0.4210 (-1.2957)  Time:  0.197 (0.014)  Data Time:  0.003 (0.003)
2022-04-08 09:17:52,031:INFO:   Eta: 1:48:04
2022-04-08 09:18:26,181:INFO: Train: [78][2593/2594]  Loss -0.3847 (-1.3714)  Time:  0.244 (0.013)  Data Time:  0.003 (0.002)
2022-04-08 09:18:26,183:INFO:   Eta: 1:37:49
2022-04-08 09:19:04,898:INFO: Train: [79][2593/2594]  Loss -0.3003 (-1.3792)  Time:  0.264 (0.015)  Data Time:  0.004 (0.003)
2022-04-08 09:19:04,899:INFO:   Eta: 1:50:15
2022-04-08 09:19:42,896:INFO: Train: [80][2593/2594]  Loss -0.2489 (-1.3978)  Time:  0.179 (0.015)  Data Time:  0.004 (0.004)
2022-04-08 09:19:42,897:INFO:   Eta: 1:47:34
2022-04-08 09:20:20,632:INFO: Train: [81][2593/2594]  Loss -0.3680 (-1.2922)  Time:  0.231 (0.015)  Data Time:  0.004 (0.004)
2022-04-08 09:20:20,635:INFO:   Eta: 1:46:13
2022-04-08 09:20:58,572:INFO: Train: [82][2593/2594]  Loss -0.3657 (-1.2909)  Time:  0.207 (0.015)  Data Time:  0.004 (0.004)
2022-04-08 09:20:58,573:INFO:   Eta: 1:46:09
2022-04-08 09:21:36,183:INFO: Train: [83][2593/2594]  Loss -0.3757 (-1.2689)  Time:  0.195 (0.014)  Data Time:  0.004 (0.004)
2022-04-08 09:21:36,185:INFO:   Eta: 1:44:37
2022-04-08 09:22:14,203:INFO: Train: [84][2593/2594]  Loss -0.4074 (-1.3582)  Time:  0.216 (0.015)  Data Time:  0.005 (0.004)
2022-04-08 09:22:14,205:INFO:   Eta: 1:45:06
2022-04-08 09:22:51,886:INFO: Train: [85][2593/2594]  Loss -0.4093 (-1.4480)  Time:  0.204 (0.015)  Data Time:  0.004 (0.004)
2022-04-08 09:22:51,887:INFO:   Eta: 1:43:33
2022-04-08 09:23:29,706:INFO: Train: [86][2593/2594]  Loss -0.4105 (-1.2789)  Time:  0.201 (0.015)  Data Time:  0.005 (0.004)
2022-04-08 09:23:29,707:INFO:   Eta: 1:43:18
2022-04-08 09:23:42,540:INFO: Test: [86]  ADE: 0.5160  FDE: 0.7577
2022-04-08 09:24:17,562:INFO: Train: [87][2593/2594]  Loss -0.3786 (-1.3440)  Time:  0.193 (0.013)  Data Time:  0.004 (0.003)
2022-04-08 09:24:17,563:INFO:   Eta: 1:35:04
2022-04-08 09:24:50,339:INFO: Train: [88][2593/2594]  Loss -0.2776 (-1.4388)  Time:  0.189 (0.013)  Data Time:  0.002 (0.003)
2022-04-08 09:24:50,340:INFO:   Eta: 1:28:26
2022-04-08 09:25:25,077:INFO: Train: [89][2593/2594]  Loss -0.3962 (-1.4297)  Time:  0.236 (0.013)  Data Time:  0.003 (0.003)
2022-04-08 09:25:25,079:INFO:   Eta: 1:33:09
2022-04-08 09:25:59,488:INFO: Train: [90][2593/2594]  Loss -0.3543 (-1.4808)  Time:  0.197 (0.013)  Data Time:  0.004 (0.003)
2022-04-08 09:25:59,489:INFO:   Eta: 1:31:41
2022-04-08 09:26:34,680:INFO: Train: [91][2593/2594]  Loss -0.4565 (-1.3788)  Time:  0.183 (0.014)  Data Time:  0.003 (0.003)
2022-04-08 09:26:34,769:INFO:   Eta: 1:33:11
2022-04-08 09:27:10,816:INFO: Train: [92][2593/2594]  Loss -0.4077 (-1.3015)  Time:  0.208 (0.014)  Data Time:  0.005 (0.004)
2022-04-08 09:27:10,818:INFO:   Eta: 1:32:55
2022-04-08 09:27:49,011:INFO: Train: [93][2593/2594]  Loss -0.2395 (-1.4133)  Time:  0.209 (0.015)  Data Time:  0.004 (0.004)
2022-04-08 09:27:49,013:INFO:   Eta: 1:39:52
2022-04-08 09:28:29,846:INFO: Train: [94][2593/2594]  Loss -0.3964 (-1.4090)  Time:  0.231 (0.016)  Data Time:  0.005 (0.004)
2022-04-08 09:28:29,847:INFO:   Eta: 1:46:06
2022-04-08 09:29:08,967:INFO: Train: [95][2593/2594]  Loss -0.3867 (-1.4223)  Time:  0.252 (0.015)  Data Time:  0.004 (0.004)
2022-04-08 09:29:08,969:INFO:   Eta: 1:41:00
2022-04-08 09:29:47,720:INFO: Train: [96][2593/2594]  Loss -0.3475 (-1.3370)  Time:  0.204 (0.015)  Data Time:  0.005 (0.004)
2022-04-08 09:29:47,721:INFO:   Eta: 1:39:23
2022-04-08 09:30:00,904:INFO: Test: [96]  ADE: 0.5251  FDE: 0.8768
2022-04-08 09:30:36,876:INFO: Train: [97][2593/2594]  Loss -0.4010 (-1.3823)  Time:  0.186 (0.014)  Data Time:  0.002 (0.003)
2022-04-08 09:30:36,877:INFO:   Eta: 1:31:40
2022-04-08 09:31:13,521:INFO: Train: [98][2593/2594]  Loss -0.3371 (-1.3388)  Time:  0.204 (0.014)  Data Time:  0.005 (0.004)
2022-04-08 09:31:13,522:INFO:   Eta: 1:32:46
2022-04-08 09:31:52,464:INFO: Train: [99][2593/2594]  Loss -0.2487 (-1.4546)  Time:  0.205 (0.015)  Data Time:  0.005 (0.004)
2022-04-08 09:31:52,466:INFO:   Eta: 1:37:56
2022-04-08 09:32:29,450:INFO: Train: [100][2593/2594]  Loss -0.3634 (-1.4391)  Time:  0.196 (0.014)  Data Time:  0.004 (0.004)
2022-04-08 09:32:29,451:INFO:   Eta: 1:32:23
2022-04-08 09:33:04,776:INFO: Train: [101][2593/2594]  Loss -0.4422 (-1.3532)  Time:  0.241 (0.014)  Data Time:  0.003 (0.004)
2022-04-08 09:33:04,779:INFO:   Eta: 1:27:39
2022-04-08 09:33:40,983:INFO: Train: [102][2593/2594]  Loss -0.3762 (-1.4855)  Time:  0.195 (0.014)  Data Time:  0.003 (0.004)
2022-04-08 09:33:40,984:INFO:   Eta: 1:29:14
2022-04-08 09:34:17,218:INFO: Train: [103][2593/2594]  Loss -0.3072 (-1.4506)  Time:  0.192 (0.014)  Data Time:  0.004 (0.004)
2022-04-08 09:34:17,219:INFO:   Eta: 1:28:42
2022-04-08 09:34:55,607:INFO: Train: [104][2593/2594]  Loss -0.3825 (-1.3032)  Time:  0.205 (0.015)  Data Time:  0.005 (0.004)
2022-04-08 09:34:55,608:INFO:   Eta: 1:33:21
2022-04-08 09:35:34,793:INFO: Train: [105][2593/2594]  Loss -0.3417 (-1.4731)  Time:  0.259 (0.015)  Data Time:  0.005 (0.004)
2022-04-08 09:35:34,795:INFO:   Eta: 1:34:38
2022-04-08 09:36:12,786:INFO: Train: [106][2593/2594]  Loss -0.3872 (-1.2963)  Time:  0.188 (0.015)  Data Time:  0.004 (0.004)
2022-04-08 09:36:12,788:INFO:   Eta: 1:31:07
2022-04-08 09:36:25,460:INFO: Test: [106]  ADE: 0.5470  FDE: 0.8129
2022-04-08 09:37:05,197:INFO: Train: [107][2593/2594]  Loss -0.3495 (-1.4391)  Time:  0.217 (0.015)  Data Time:  0.005 (0.003)
2022-04-08 09:37:05,200:INFO:   Eta: 1:34:38
2022-04-08 09:37:47,874:INFO: Train: [108][2593/2594]  Loss -0.3975 (-1.4773)  Time:  0.240 (0.016)  Data Time:  0.004 (0.004)
2022-04-08 09:37:47,877:INFO:   Eta: 1:40:55
2022-04-08 09:38:30,206:INFO: Train: [109][2593/2594]  Loss -0.3346 (-1.4280)  Time:  0.261 (0.016)  Data Time:  0.005 (0.004)
2022-04-08 09:38:30,207:INFO:   Eta: 1:39:24
2022-04-08 09:39:12,996:INFO: Train: [110][2593/2594]  Loss -0.3621 (-1.5133)  Time:  0.250 (0.016)  Data Time:  0.005 (0.004)
2022-04-08 09:39:12,999:INFO:   Eta: 1:39:46
2022-04-08 09:39:55,501:INFO: Train: [111][2593/2594]  Loss -0.4097 (-1.4356)  Time:  0.243 (0.016)  Data Time:  0.004 (0.004)
2022-04-08 09:39:55,503:INFO:   Eta: 1:38:23
2022-04-08 09:40:35,047:INFO: Train: [112][2593/2594]  Loss -0.4118 (-1.3426)  Time:  0.264 (0.015)  Data Time:  0.003 (0.004)
2022-04-08 09:40:35,048:INFO:   Eta: 1:30:52
2022-04-08 09:41:14,673:INFO: Train: [113][2593/2594]  Loss -0.4130 (-1.4110)  Time:  0.255 (0.015)  Data Time:  0.004 (0.004)
2022-04-08 09:41:14,676:INFO:   Eta: 1:30:24
2022-04-08 09:41:53,259:INFO: Train: [114][2593/2594]  Loss -0.4079 (-1.3568)  Time:  0.212 (0.015)  Data Time:  0.004 (0.003)
2022-04-08 09:41:53,261:INFO:   Eta: 1:27:23
2022-04-08 09:42:28,070:INFO: Train: [115][2593/2594]  Loss -0.3793 (-1.4315)  Time:  0.242 (0.013)  Data Time:  0.002 (0.002)
2022-04-08 09:42:28,071:INFO:   Eta: 1:18:15
2022-04-08 09:43:09,095:INFO: Train: [116][2593/2594]  Loss -0.4625 (-1.5075)  Time:  0.254 (0.016)  Data Time:  0.005 (0.004)
2022-04-08 09:43:09,097:INFO:   Eta: 1:31:33
2022-04-08 09:43:23,315:INFO: Test: [116]  ADE: 0.4537  FDE: 0.7191
2022-04-08 09:44:04,838:INFO: Train: [117][2593/2594]  Loss -0.4040 (-1.4994)  Time:  0.248 (0.016)  Data Time:  0.004 (0.004)
2022-04-08 09:44:04,840:INFO:   Eta: 1:31:58
2022-04-08 09:44:45,571:INFO: Train: [118][2593/2594]  Loss -0.4490 (-1.5006)  Time:  0.228 (0.016)  Data Time:  0.005 (0.004)
2022-04-08 09:44:45,572:INFO:   Eta: 1:29:33
2022-04-08 09:45:27,424:INFO: Train: [119][2593/2594]  Loss -0.4720 (-1.4237)  Time:  0.261 (0.016)  Data Time:  0.004 (0.004)
2022-04-08 09:45:27,426:INFO:   Eta: 1:31:19
2022-04-08 09:46:07,947:INFO: Train: [120][2593/2594]  Loss -0.4452 (-1.4758)  Time:  0.207 (0.016)  Data Time:  0.005 (0.004)
2022-04-08 09:46:07,950:INFO:   Eta: 1:27:44
2022-04-08 09:46:48,322:INFO: Train: [121][2593/2594]  Loss -0.3845 (-1.5188)  Time:  0.228 (0.016)  Data Time:  0.004 (0.004)
2022-04-08 09:46:48,324:INFO:   Eta: 1:26:44
2022-04-08 09:47:29,087:INFO: Train: [122][2593/2594]  Loss -0.3707 (-1.4812)  Time:  0.211 (0.016)  Data Time:  0.005 (0.004)
2022-04-08 09:47:29,090:INFO:   Eta: 1:26:54
2022-04-08 09:48:06,751:INFO: Train: [123][2593/2594]  Loss -0.3577 (-1.4833)  Time:  0.239 (0.015)  Data Time:  0.002 (0.004)
2022-04-08 09:48:06,753:INFO:   Eta: 1:19:39
2022-04-08 09:48:40,954:INFO: Train: [124][2593/2594]  Loss -0.4200 (-1.5555)  Time:  0.264 (0.013)  Data Time:  0.003 (0.003)
2022-04-08 09:48:40,956:INFO:   Eta: 1:11:46
2022-04-08 09:49:18,014:INFO: Train: [125][2593/2594]  Loss -0.4280 (-1.3761)  Time:  0.252 (0.014)  Data Time:  0.003 (0.003)
2022-04-08 09:49:18,016:INFO:   Eta: 1:17:09
2022-04-08 09:49:54,891:INFO: Train: [126][2593/2594]  Loss -0.3354 (-1.5446)  Time:  0.199 (0.014)  Data Time:  0.004 (0.003)
2022-04-08 09:49:54,892:INFO:   Eta: 1:16:09
2022-04-08 09:50:08,283:INFO: Test: [126]  ADE: 0.5080  FDE: 0.7701
2022-04-08 09:50:46,294:INFO: Train: [127][2593/2594]  Loss -0.4543 (-1.5133)  Time:  0.207 (0.015)  Data Time:  0.005 (0.004)
2022-04-08 09:50:46,297:INFO:   Eta: 1:17:52
2022-04-08 09:51:27,203:INFO: Train: [128][2593/2594]  Loss -0.4289 (-1.3811)  Time:  0.225 (0.016)  Data Time:  0.005 (0.004)
2022-04-08 09:51:27,205:INFO:   Eta: 1:23:06
2022-04-08 09:52:07,359:INFO: Train: [129][2593/2594]  Loss -0.3824 (-1.5151)  Time:  0.239 (0.015)  Data Time:  0.004 (0.004)
2022-04-08 09:52:07,362:INFO:   Eta: 1:20:55
2022-04-08 09:52:47,773:INFO: Train: [130][2593/2594]  Loss -0.3376 (-1.5590)  Time:  0.275 (0.016)  Data Time:  0.004 (0.004)
2022-04-08 09:52:47,774:INFO:   Eta: 1:20:45
2022-04-08 09:53:29,140:INFO: Train: [131][2593/2594]  Loss -0.4322 (-1.2560)  Time:  0.248 (0.016)  Data Time:  0.003 (0.004)
2022-04-08 09:53:29,141:INFO:   Eta: 1:21:59
2022-04-08 09:54:08,467:INFO: Train: [132][2593/2594]  Loss -0.3914 (-1.4898)  Time:  0.273 (0.015)  Data Time:  0.003 (0.003)
2022-04-08 09:54:08,469:INFO:   Eta: 1:17:16
2022-04-08 09:54:51,322:INFO: Train: [133][2593/2594]  Loss -0.3609 (-1.4939)  Time:  0.250 (0.017)  Data Time:  0.004 (0.004)
2022-04-08 09:54:51,324:INFO:   Eta: 1:23:30
2022-04-08 09:55:33,930:INFO: Train: [134][2593/2594]  Loss -0.4024 (-1.3507)  Time:  0.243 (0.016)  Data Time:  0.004 (0.004)
2022-04-08 09:55:34,031:INFO:   Eta: 1:22:17
2022-04-08 09:56:15,835:INFO: Train: [135][2593/2594]  Loss -0.4044 (-1.4021)  Time:  0.220 (0.016)  Data Time:  0.005 (0.004)
2022-04-08 09:56:15,836:INFO:   Eta: 1:18:44
2022-04-08 09:56:54,205:INFO: Train: [136][2593/2594]  Loss -0.3613 (-1.5036)  Time:  0.271 (0.015)  Data Time:  0.003 (0.003)
2022-04-08 09:56:54,208:INFO:   Eta: 1:12:50
2022-04-08 09:57:08,729:INFO: Test: [136]  ADE: 0.5051  FDE: 0.8157
2022-04-08 09:57:47,316:INFO: Train: [137][2593/2594]  Loss -0.4134 (-1.5389)  Time:  0.240 (0.015)  Data Time:  0.003 (0.003)
2022-04-08 09:57:47,317:INFO:   Eta: 1:12:37
2022-04-08 09:58:25,984:INFO: Train: [138][2593/2594]  Loss -0.4459 (-1.5577)  Time:  0.245 (0.015)  Data Time:  0.003 (0.003)
2022-04-08 09:58:25,985:INFO:   Eta: 1:12:07
2022-04-08 09:59:05,301:INFO: Train: [139][2593/2594]  Loss -0.4581 (-1.4180)  Time:  0.221 (0.015)  Data Time:  0.004 (0.004)
2022-04-08 09:59:05,303:INFO:   Eta: 1:12:41
2022-04-08 09:59:46,987:INFO: Train: [140][2593/2594]  Loss -0.3227 (-1.4911)  Time:  0.255 (0.016)  Data Time:  0.004 (0.004)
2022-04-08 09:59:46,988:INFO:   Eta: 1:16:22
2022-04-08 10:00:24,388:INFO: Train: [141][2593/2594]  Loss -0.4761 (-1.5105)  Time:  0.273 (0.014)  Data Time:  0.003 (0.003)
2022-04-08 10:00:24,390:INFO:   Eta: 1:07:53
2022-04-08 10:01:05,088:INFO: Train: [142][2593/2594]  Loss -0.3191 (-1.4686)  Time:  0.239 (0.016)  Data Time:  0.005 (0.004)
2022-04-08 10:01:05,089:INFO:   Eta: 1:13:12
2022-04-08 10:01:45,440:INFO: Train: [143][2593/2594]  Loss -0.4634 (-1.5725)  Time:  0.285 (0.016)  Data Time:  0.004 (0.004)
2022-04-08 10:01:45,441:INFO:   Eta: 1:11:54
2022-04-08 10:02:27,611:INFO: Train: [144][2593/2594]  Loss -0.4080 (-1.5989)  Time:  0.259 (0.016)  Data Time:  0.005 (0.004)
2022-04-08 10:02:27,613:INFO:   Eta: 1:14:27
2022-04-08 10:03:08,951:INFO: Train: [145][2593/2594]  Loss -0.4798 (-1.5872)  Time:  0.274 (0.016)  Data Time:  0.004 (0.004)
2022-04-08 10:03:08,953:INFO:   Eta: 1:12:17
2022-04-08 10:03:50,883:INFO: Train: [146][2593/2594]  Loss -0.3709 (-1.4073)  Time:  0.205 (0.016)  Data Time:  0.004 (0.004)
2022-04-08 10:03:50,885:INFO:   Eta: 1:12:37
2022-04-08 10:04:05,038:INFO: Test: [146]  ADE: 0.5349  FDE: 0.8912
2022-04-08 10:04:44,807:INFO: Train: [147][2593/2594]  Loss -0.4175 (-1.5465)  Time:  0.207 (0.015)  Data Time:  0.003 (0.004)
2022-04-08 10:04:44,809:INFO:   Eta: 1:08:13
2022-04-08 10:05:22,784:INFO: Train: [148][2593/2594]  Loss -0.4547 (-1.5497)  Time:  0.265 (0.015)  Data Time:  0.003 (0.003)
2022-04-08 10:05:22,785:INFO:   Eta: 1:04:30
2022-04-08 10:06:00,979:INFO: Train: [149][2593/2594]  Loss -0.4017 (-1.5751)  Time:  0.193 (0.015)  Data Time:  0.004 (0.003)
2022-04-08 10:06:00,981:INFO:   Eta: 1:04:14
2022-04-08 10:06:38,227:INFO: Train: [150][2593/2594]  Loss -0.4747 (-1.7033)  Time:  0.229 (0.014)  Data Time:  0.003 (0.003)
2022-04-08 10:06:38,229:INFO:   Eta: 1:02:01
2022-04-08 10:07:13,905:INFO: Train: [151][2593/2594]  Loss -0.3917 (-1.7322)  Time:  0.202 (0.014)  Data Time:  0.003 (0.003)
2022-04-08 10:07:13,906:INFO:   Eta: 0:58:49
2022-04-08 10:07:21,587:INFO: Valid: [151][620/621]  Loss -8.1642 (-4.8155)
2022-04-08 10:07:21,600:INFO: Checkpoint saved...
2022-04-08 10:08:02,049:INFO: Train: [152][2593/2594]  Loss -0.4295 (-1.6355)  Time:  0.254 (0.016)  Data Time:  0.004 (0.004)
2022-04-08 10:08:02,051:INFO:   Eta: 1:05:59
2022-04-08 10:08:09,950:INFO: Valid: [152][620/621]  Loss -8.2260 (-4.8457)
2022-04-08 10:08:09,964:INFO: Checkpoint saved...
2022-04-08 10:08:50,849:INFO: Train: [153][2593/2594]  Loss -0.5076 (-1.7067)  Time:  0.226 (0.016)  Data Time:  0.005 (0.004)
2022-04-08 10:08:50,850:INFO:   Eta: 1:06:00
2022-04-08 10:08:58,849:INFO: Valid: [153][620/621]  Loss -8.3082 (-4.9111)
2022-04-08 10:08:58,901:INFO: Checkpoint saved...
2022-04-08 10:09:38,132:INFO: Train: [154][2593/2594]  Loss -0.5378 (-1.6437)  Time:  0.183 (0.015)  Data Time:  0.004 (0.004)
2022-04-08 10:09:38,133:INFO:   Eta: 1:02:39
2022-04-08 10:09:46,018:INFO: Valid: [154][620/621]  Loss -8.3674 (-4.9438)
2022-04-08 10:09:46,031:INFO: Checkpoint saved...
2022-04-08 10:10:29,111:INFO: Train: [155][2593/2594]  Loss -0.4597 (-1.7421)  Time:  0.321 (0.017)  Data Time:  0.005 (0.004)
2022-04-08 10:10:29,114:INFO:   Eta: 1:08:06
2022-04-08 10:10:37,013:INFO: Valid: [155][620/621]  Loss -8.4414 (-4.9851)
2022-04-08 10:10:37,027:INFO: Checkpoint saved...
2022-04-08 10:11:18,639:INFO: Train: [156][2593/2594]  Loss -0.4326 (-1.7192)  Time:  0.212 (0.016)  Data Time:  0.004 (0.004)
2022-04-08 10:11:18,641:INFO:   Eta: 1:05:06
2022-04-08 10:11:26,550:INFO: Valid: [156][620/621]  Loss -8.7374 (-5.1359)
2022-04-08 10:11:26,570:INFO: Checkpoint saved...
2022-04-08 10:11:41,189:INFO: Test: [156]  ADE: 0.4748  FDE: 0.7821
2022-04-08 10:12:22,568:INFO: Train: [157][2593/2594]  Loss -0.4821 (-1.7353)  Time:  0.292 (0.016)  Data Time:  0.003 (0.004)
2022-04-08 10:12:22,570:INFO:   Eta: 1:04:04
2022-04-08 10:12:30,596:INFO: Valid: [157][620/621]  Loss -8.7216 (-5.1208)
2022-04-08 10:13:08,834:INFO: Train: [158][2593/2594]  Loss -0.4791 (-1.7230)  Time:  0.245 (0.015)  Data Time:  0.004 (0.003)
2022-04-08 10:13:08,836:INFO:   Eta: 0:58:33
2022-04-08 10:13:16,534:INFO: Valid: [158][620/621]  Loss -8.0561 (-4.7490)
2022-04-08 10:13:53,006:INFO: Train: [159][2593/2594]  Loss -0.4367 (-1.7216)  Time:  0.225 (0.014)  Data Time:  0.003 (0.003)
2022-04-08 10:13:53,007:INFO:   Eta: 0:55:14
2022-04-08 10:14:00,721:INFO: Valid: [159][620/621]  Loss -8.7191 (-5.1499)
2022-04-08 10:14:37,185:INFO: Train: [160][2593/2594]  Loss -0.4508 (-1.7196)  Time:  0.217 (0.014)  Data Time:  0.004 (0.003)
2022-04-08 10:14:37,187:INFO:   Eta: 0:54:37
2022-04-08 10:14:45,325:INFO: Valid: [160][620/621]  Loss -8.3338 (-4.9534)
2022-04-08 10:15:25,124:INFO: Train: [161][2593/2594]  Loss -0.5291 (-1.7570)  Time:  0.210 (0.015)  Data Time:  0.005 (0.004)
2022-04-08 10:15:25,127:INFO:   Eta: 0:58:57
2022-04-08 10:15:33,210:INFO: Valid: [161][620/621]  Loss -8.3477 (-4.8926)
2022-04-08 10:16:15,059:INFO: Train: [162][2593/2594]  Loss -0.4499 (-1.6425)  Time:  0.278 (0.016)  Data Time:  0.004 (0.004)
2022-04-08 10:16:15,061:INFO:   Eta: 1:01:17
2022-04-08 10:16:22,837:INFO: Valid: [162][620/621]  Loss -8.6396 (-5.0475)
2022-04-08 10:17:04,713:INFO: Train: [163][2593/2594]  Loss -0.4207 (-1.7277)  Time:  0.255 (0.016)  Data Time:  0.005 (0.004)
2022-04-08 10:17:04,715:INFO:   Eta: 1:00:39
2022-04-08 10:17:12,673:INFO: Valid: [163][620/621]  Loss -8.0440 (-4.7306)
2022-04-08 10:17:53,363:INFO: Train: [164][2593/2594]  Loss -0.4537 (-1.5242)  Time:  0.170 (0.016)  Data Time:  0.004 (0.004)
2022-04-08 10:17:53,364:INFO:   Eta: 0:58:14
2022-04-08 10:18:00,519:INFO: Valid: [164][620/621]  Loss -8.6368 (-5.0862)
2022-04-08 10:18:40,887:INFO: Train: [165][2593/2594]  Loss -0.4847 (-1.8260)  Time:  0.247 (0.016)  Data Time:  0.005 (0.004)
2022-04-08 10:18:40,890:INFO:   Eta: 0:57:07
2022-04-08 10:18:48,518:INFO: Valid: [165][620/621]  Loss -8.4840 (-5.0143)
2022-04-08 10:19:27,259:INFO: Train: [166][2593/2594]  Loss -0.4253 (-1.7057)  Time:  0.207 (0.015)  Data Time:  0.004 (0.004)
2022-04-08 10:19:27,260:INFO:   Eta: 0:54:10
2022-04-08 10:19:34,964:INFO: Valid: [166][620/621]  Loss -8.8041 (-5.1804)
2022-04-08 10:19:34,978:INFO: Checkpoint saved...
2022-04-08 10:19:48,293:INFO: Test: [166]  ADE: 0.4521  FDE: 0.7515
2022-04-08 10:20:26,371:INFO: Train: [167][2593/2594]  Loss -0.4558 (-1.7485)  Time:  0.199 (0.015)  Data Time:  0.003 (0.004)
2022-04-08 10:20:26,372:INFO:   Eta: 0:52:38
2022-04-08 10:20:34,134:INFO: Valid: [167][620/621]  Loss -8.1663 (-4.8152)
2022-04-08 10:21:08,243:INFO: Train: [168][2593/2594]  Loss -0.5128 (-1.7410)  Time:  0.232 (0.013)  Data Time:  0.004 (0.003)
2022-04-08 10:21:08,244:INFO:   Eta: 0:46:31
2022-04-08 10:21:16,191:INFO: Valid: [168][620/621]  Loss -8.6813 (-5.1282)
2022-04-08 10:21:50,164:INFO: Train: [169][2593/2594]  Loss -0.4850 (-1.7251)  Time:  0.255 (0.013)  Data Time:  0.003 (0.003)
2022-04-08 10:21:50,167:INFO:   Eta: 0:45:48
2022-04-08 10:21:57,704:INFO: Valid: [169][620/621]  Loss -8.1013 (-4.7772)
2022-04-08 10:22:33,546:INFO: Train: [170][2593/2594]  Loss -0.4754 (-1.7530)  Time:  0.236 (0.014)  Data Time:  0.004 (0.003)
2022-04-08 10:22:33,548:INFO:   Eta: 0:47:43
2022-04-08 10:22:41,057:INFO: Valid: [170][620/621]  Loss -8.7540 (-5.1575)
2022-04-08 10:23:18,206:INFO: Train: [171][2593/2594]  Loss -0.4671 (-1.7682)  Time:  0.209 (0.014)  Data Time:  0.004 (0.004)
2022-04-08 10:23:18,207:INFO:   Eta: 0:48:50
2022-04-08 10:23:25,831:INFO: Valid: [171][620/621]  Loss -8.0721 (-4.7703)
2022-04-08 10:24:05,116:INFO: Train: [172][2593/2594]  Loss -0.4088 (-1.5429)  Time:  0.237 (0.015)  Data Time:  0.004 (0.004)
2022-04-08 10:24:05,117:INFO:   Eta: 0:51:01
2022-04-08 10:24:12,839:INFO: Valid: [172][620/621]  Loss -8.8252 (-5.2103)
2022-04-08 10:24:12,854:INFO: Checkpoint saved...
2022-04-08 10:24:51,771:INFO: Train: [173][2593/2594]  Loss -0.4761 (-1.7529)  Time:  0.210 (0.015)  Data Time:  0.004 (0.004)
2022-04-08 10:24:53,498:INFO:   Eta: 0:49:53
2022-04-08 10:25:00,913:INFO: Valid: [173][620/621]  Loss -8.5817 (-5.0426)
2022-04-08 10:25:42,698:INFO: Train: [174][2593/2594]  Loss -0.4674 (-1.7527)  Time:  0.201 (0.014)  Data Time:  0.004 (0.004)
2022-04-08 10:25:43,210:INFO:   Eta: 0:47:20
2022-04-08 10:25:50,964:INFO: Valid: [174][620/621]  Loss -7.9156 (-4.6624)
2022-04-08 10:26:31,716:INFO: Train: [175][2593/2594]  Loss -0.5485 (-1.7229)  Time:  0.190 (0.015)  Data Time:  0.004 (0.004)
2022-04-08 10:26:31,716:INFO:   Eta: 0:48:21
2022-04-08 10:26:39,426:INFO: Valid: [175][620/621]  Loss -8.3837 (-4.9296)
2022-04-08 10:27:21,020:INFO: Train: [176][2593/2594]  Loss -0.4805 (-1.7325)  Time:  0.262 (0.016)  Data Time:  0.004 (0.004)
2022-04-08 10:27:21,022:INFO:   Eta: 0:51:13
2022-04-08 10:27:28,907:INFO: Valid: [176][620/621]  Loss -8.1121 (-4.7808)
2022-04-08 10:27:42,876:INFO: Test: [176]  ADE: 0.4334  FDE: 0.6048
2022-04-08 10:28:22,542:INFO: Train: [177][2593/2594]  Loss -0.5253 (-1.7525)  Time:  0.248 (0.015)  Data Time:  0.004 (0.004)
2022-04-08 10:28:22,543:INFO:   Eta: 0:48:13
2022-04-08 10:28:30,466:INFO: Valid: [177][620/621]  Loss -8.0081 (-4.7334)
2022-04-08 10:29:09,992:INFO: Train: [178][2593/2594]  Loss -0.4527 (-1.6001)  Time:  0.244 (0.015)  Data Time:  0.008 (0.004)
2022-04-08 10:29:09,994:INFO:   Eta: 0:47:22
2022-04-08 10:29:17,934:INFO: Valid: [178][620/621]  Loss -7.9022 (-4.6702)
2022-04-08 10:29:57,200:INFO: Train: [179][2593/2594]  Loss -0.4076 (-1.7672)  Time:  0.191 (0.015)  Data Time:  0.004 (0.003)
2022-04-08 10:29:57,202:INFO:   Eta: 0:46:24
2022-04-08 10:30:05,125:INFO: Valid: [179][620/621]  Loss -8.6556 (-5.1179)
2022-04-08 10:30:44,076:INFO: Train: [180][2593/2594]  Loss -0.4971 (-1.6432)  Time:  0.262 (0.015)  Data Time:  0.003 (0.003)
2022-04-08 10:30:44,077:INFO:   Eta: 0:45:22
2022-04-08 10:30:51,946:INFO: Valid: [180][620/621]  Loss -8.9255 (-5.2428)
2022-04-08 10:30:51,959:INFO: Checkpoint saved...
2022-04-08 10:31:30,922:INFO: Train: [181][2593/2594]  Loss -0.4791 (-1.6779)  Time:  0.221 (0.015)  Data Time:  0.004 (0.003)
2022-04-08 10:31:30,923:INFO:   Eta: 0:44:44
2022-04-08 10:31:39,104:INFO: Valid: [181][620/621]  Loss -8.8261 (-5.2054)
2022-04-08 10:32:19,695:INFO: Train: [182][2593/2594]  Loss -0.3744 (-1.7333)  Time:  0.240 (0.016)  Data Time:  0.005 (0.004)
2022-04-08 10:32:19,696:INFO:   Eta: 0:45:56
2022-04-08 10:32:27,450:INFO: Valid: [182][620/621]  Loss -8.7836 (-5.1710)
2022-04-08 10:33:09,478:INFO: Train: [183][2593/2594]  Loss -0.4170 (-1.6168)  Time:  0.275 (0.016)  Data Time:  0.003 (0.004)
2022-04-08 10:33:09,491:INFO:   Eta: 0:46:52
2022-04-08 10:33:17,211:INFO: Valid: [183][620/621]  Loss -8.6111 (-5.1014)
2022-04-08 10:33:57,906:INFO: Train: [184][2593/2594]  Loss -0.4474 (-1.7471)  Time:  0.179 (0.016)  Data Time:  0.003 (0.004)
2022-04-08 10:33:57,907:INFO:   Eta: 0:44:42
2022-04-08 10:34:05,671:INFO: Valid: [184][620/621]  Loss -8.5670 (-5.0688)
2022-04-08 10:34:43,757:INFO: Train: [185][2593/2594]  Loss -0.4418 (-1.6913)  Time:  0.198 (0.015)  Data Time:  0.003 (0.004)
2022-04-08 10:34:43,759:INFO:   Eta: 0:41:11
2022-04-08 10:34:51,171:INFO: Valid: [185][620/621]  Loss -7.6914 (-4.5260)
2022-04-08 10:35:29,203:INFO: Train: [186][2593/2594]  Loss -0.5135 (-1.7569)  Time:  0.263 (0.015)  Data Time:  0.004 (0.004)
2022-04-08 10:35:29,205:INFO:   Eta: 0:40:31
2022-04-08 10:35:36,779:INFO: Valid: [186][620/621]  Loss -8.1531 (-4.7874)
2022-04-08 10:35:49,493:INFO: Test: [186]  ADE: 0.4264  FDE: 0.5652
2022-04-08 10:36:27,065:INFO: Train: [187][2593/2594]  Loss -0.4967 (-1.7666)  Time:  0.204 (0.014)  Data Time:  0.004 (0.004)
2022-04-08 10:36:27,067:INFO:   Eta: 0:39:25
2022-04-08 10:36:34,683:INFO: Valid: [187][620/621]  Loss -8.3393 (-4.9063)
2022-04-08 10:37:12,073:INFO: Train: [188][2593/2594]  Loss -0.5034 (-1.5886)  Time:  0.203 (0.014)  Data Time:  0.004 (0.004)
2022-04-08 10:37:12,075:INFO:   Eta: 0:38:35
2022-04-08 10:37:19,776:INFO: Valid: [188][620/621]  Loss -8.7488 (-5.1613)
2022-04-08 10:37:57,449:INFO: Train: [189][2593/2594]  Loss -0.4739 (-1.7751)  Time:  0.194 (0.015)  Data Time:  0.003 (0.004)
2022-04-08 10:37:57,451:INFO:   Eta: 0:38:15
2022-04-08 10:38:05,455:INFO: Valid: [189][620/621]  Loss -8.7301 (-5.1362)
2022-04-08 10:38:39,433:INFO: Train: [190][2593/2594]  Loss -0.4028 (-1.5879)  Time:  0.181 (0.013)  Data Time:  0.003 (0.003)
2022-04-08 10:38:39,435:INFO:   Eta: 0:33:56
2022-04-08 10:38:47,116:INFO: Valid: [190][620/621]  Loss -8.5174 (-5.0254)
2022-04-08 10:39:21,103:INFO: Train: [191][2593/2594]  Loss -0.4013 (-1.7400)  Time:  0.220 (0.013)  Data Time:  0.003 (0.003)
2022-04-08 10:39:21,106:INFO:   Eta: 0:33:22
2022-04-08 10:39:28,895:INFO: Valid: [191][620/621]  Loss -8.0536 (-4.7665)
2022-04-08 10:40:03,600:INFO: Train: [192][2593/2594]  Loss -0.4844 (-1.7474)  Time:  0.187 (0.013)  Data Time:  0.003 (0.003)
2022-04-08 10:40:03,601:INFO:   Eta: 0:33:30
2022-04-08 10:40:11,409:INFO: Valid: [192][620/621]  Loss -8.5678 (-5.0584)
2022-04-08 10:40:48,037:INFO: Train: [193][2593/2594]  Loss -0.4825 (-1.7890)  Time:  0.203 (0.014)  Data Time:  0.003 (0.004)
2022-04-08 10:40:48,038:INFO:   Eta: 0:34:45
2022-04-08 10:40:55,742:INFO: Valid: [193][620/621]  Loss -8.5419 (-5.0195)
2022-04-08 10:41:32,379:INFO: Train: [194][2593/2594]  Loss -0.4283 (-1.7504)  Time:  0.189 (0.014)  Data Time:  0.004 (0.004)
2022-04-08 10:41:32,380:INFO:   Eta: 0:34:09
2022-04-08 10:41:40,133:INFO: Valid: [194][620/621]  Loss -8.8219 (-5.2143)
2022-04-08 10:42:15,955:INFO: Train: [195][2593/2594]  Loss -0.4668 (-1.7065)  Time:  0.229 (0.014)  Data Time:  0.004 (0.003)
2022-04-08 10:42:15,957:INFO:   Eta: 0:32:47
2022-04-08 10:42:23,780:INFO: Valid: [195][620/621]  Loss -8.7361 (-5.1597)
2022-04-08 10:43:01,408:INFO: Train: [196][2593/2594]  Loss -0.4389 (-1.7011)  Time:  0.222 (0.014)  Data Time:  0.003 (0.004)
2022-04-08 10:43:01,409:INFO:   Eta: 0:33:49
2022-04-08 10:43:09,346:INFO: Valid: [196][620/621]  Loss -8.7979 (-5.1774)
2022-04-08 10:43:22,655:INFO: Test: [196]  ADE: 0.4742  FDE: 0.7737
2022-04-08 10:44:00,430:INFO: Train: [197][2593/2594]  Loss -0.4425 (-1.7752)  Time:  0.254 (0.015)  Data Time:  0.004 (0.004)
2022-04-08 10:44:00,432:INFO:   Eta: 0:33:20
2022-04-08 10:44:08,450:INFO: Valid: [197][620/621]  Loss -8.4460 (-5.0052)
2022-04-08 10:44:46,378:INFO: Train: [198][2593/2594]  Loss -0.5157 (-1.7634)  Time:  0.223 (0.015)  Data Time:  0.004 (0.004)
2022-04-08 10:44:46,380:INFO:   Eta: 0:32:50
2022-04-08 10:44:54,259:INFO: Valid: [198][620/621]  Loss -8.4325 (-4.9739)
2022-04-08 10:45:32,231:INFO: Train: [199][2593/2594]  Loss -0.4081 (-1.7843)  Time:  0.196 (0.015)  Data Time:  0.004 (0.004)
2022-04-08 10:45:32,233:INFO:   Eta: 0:32:09
2022-04-08 10:45:39,938:INFO: Valid: [199][620/621]  Loss -8.4396 (-4.9240)
2022-04-08 10:46:18,168:INFO: Train: [200][2593/2594]  Loss -0.4585 (-1.7098)  Time:  0.235 (0.015)  Data Time:  0.004 (0.004)
2022-04-08 10:46:18,169:INFO:   Eta: 0:31:49
2022-04-08 10:46:26,142:INFO: Valid: [200][620/621]  Loss -8.7468 (-5.1670)
2022-04-08 10:47:02,877:INFO: Train: [201][2593/2594]  Loss -0.3901 (-1.6910)  Time:  0.182 (0.014)  Data Time:  0.004 (0.004)
2022-04-08 10:47:02,879:INFO:   Eta: 0:29:57
2022-04-08 10:47:10,766:INFO: Valid: [201][620/621]  Loss -8.5190 (-5.0262)
2022-04-08 10:47:46,007:INFO: Train: [202][2593/2594]  Loss -0.5283 (-1.7507)  Time:  0.199 (0.014)  Data Time:  0.002 (0.003)
2022-04-08 10:47:46,009:INFO:   Eta: 0:28:09
2022-04-08 10:47:53,821:INFO: Valid: [202][620/621]  Loss -7.9438 (-4.6831)
2022-04-08 10:48:28,738:INFO: Train: [203][2593/2594]  Loss -0.4608 (-1.7755)  Time:  0.181 (0.013)  Data Time:  0.001 (0.003)
2022-04-08 10:48:28,740:INFO:   Eta: 0:27:19
2022-04-08 10:48:36,648:INFO: Valid: [203][620/621]  Loss -8.6390 (-5.0881)
2022-04-08 10:49:10,279:INFO: Train: [204][2593/2594]  Loss -0.4728 (-1.6455)  Time:  0.189 (0.013)  Data Time:  0.004 (0.003)
2022-04-08 10:49:10,280:INFO:   Eta: 0:25:45
2022-04-08 10:49:18,221:INFO: Valid: [204][620/621]  Loss -7.6466 (-4.5176)
2022-04-08 10:49:56,591:INFO: Train: [205][2593/2594]  Loss -0.4386 (-1.7773)  Time:  0.247 (0.015)  Data Time:  0.004 (0.004)
2022-04-08 10:49:56,592:INFO:   Eta: 0:28:44
2022-04-08 10:50:04,381:INFO: Valid: [205][620/621]  Loss -8.8880 (-5.2547)
2022-04-08 10:50:41,586:INFO: Train: [206][2593/2594]  Loss -0.4851 (-1.5581)  Time:  0.264 (0.014)  Data Time:  0.003 (0.004)
2022-04-08 10:50:41,587:INFO:   Eta: 0:27:14
2022-04-08 10:50:49,331:INFO: Valid: [206][620/621]  Loss -8.4713 (-5.0148)
2022-04-08 10:51:02,739:INFO: Test: [206]  ADE: 0.4399  FDE: 0.6250
2022-04-08 10:51:39,996:INFO: Train: [207][2593/2594]  Loss -0.5122 (-1.8013)  Time:  0.214 (0.014)  Data Time:  0.004 (0.004)
2022-04-08 10:51:39,998:INFO:   Eta: 0:26:41
2022-04-08 10:51:47,772:INFO: Valid: [207][620/621]  Loss -8.5182 (-5.0164)
2022-04-08 10:52:25,041:INFO: Train: [208][2593/2594]  Loss -0.4675 (-1.7966)  Time:  0.217 (0.014)  Data Time:  0.004 (0.004)
2022-04-08 10:52:25,042:INFO:   Eta: 0:26:03
2022-04-08 10:52:32,715:INFO: Valid: [208][620/621]  Loss -8.7305 (-5.1464)
2022-04-08 10:53:10,359:INFO: Train: [209][2593/2594]  Loss -0.3365 (-1.7913)  Time:  0.212 (0.014)  Data Time:  0.005 (0.004)
2022-04-08 10:53:10,360:INFO:   Eta: 0:25:41
2022-04-08 10:53:18,013:INFO: Valid: [209][620/621]  Loss -8.8740 (-5.2273)
2022-04-08 10:53:55,914:INFO: Train: [210][2593/2594]  Loss -0.3554 (-1.7939)  Time:  0.200 (0.015)  Data Time:  0.004 (0.004)
2022-04-08 10:53:55,915:INFO:   Eta: 0:25:14
2022-04-08 10:54:03,786:INFO: Valid: [210][620/621]  Loss -8.5941 (-5.0598)
2022-04-08 10:54:41,918:INFO: Train: [211][2593/2594]  Loss -0.4819 (-1.7536)  Time:  0.191 (0.014)  Data Time:  0.004 (0.004)
2022-04-08 10:54:41,920:INFO:   Eta: 0:24:20
2022-04-08 10:54:49,633:INFO: Valid: [211][620/621]  Loss -8.7203 (-5.1421)
2022-04-08 10:55:26,523:INFO: Train: [212][2593/2594]  Loss -0.4604 (-1.7442)  Time:  0.185 (0.014)  Data Time:  0.002 (0.004)
2022-04-08 10:55:26,524:INFO:   Eta: 0:23:19
2022-04-08 10:55:34,225:INFO: Valid: [212][620/621]  Loss -8.4062 (-4.9454)
2022-04-08 10:56:07,220:INFO: Train: [213][2593/2594]  Loss -0.4218 (-1.7616)  Time:  0.171 (0.013)  Data Time:  0.001 (0.003)
2022-04-08 10:56:07,220:INFO:   Eta: 0:20:18
2022-04-08 10:56:14,956:INFO: Valid: [213][620/621]  Loss -8.8277 (-5.2147)
2022-04-08 10:56:49,379:INFO: Train: [214][2593/2594]  Loss -0.4966 (-1.7894)  Time:  0.182 (0.013)  Data Time:  0.003 (0.003)
2022-04-08 10:56:49,381:INFO:   Eta: 0:20:37
2022-04-08 10:56:57,240:INFO: Valid: [214][620/621]  Loss -8.5909 (-5.0668)
2022-04-08 10:57:30,806:INFO: Train: [215][2593/2594]  Loss -0.4616 (-1.8023)  Time:  0.188 (0.013)  Data Time:  0.004 (0.003)
2022-04-08 10:57:30,810:INFO:   Eta: 0:19:33
2022-04-08 10:57:38,307:INFO: Valid: [215][620/621]  Loss -8.4804 (-5.0272)
2022-04-08 10:58:14,333:INFO: Train: [216][2593/2594]  Loss -0.4583 (-1.7922)  Time:  0.195 (0.014)  Data Time:  0.004 (0.004)
2022-04-08 10:58:14,334:INFO:   Eta: 0:20:23
2022-04-08 10:58:22,234:INFO: Valid: [216][620/621]  Loss -7.9767 (-4.7212)
2022-04-08 10:58:35,672:INFO: Test: [216]  ADE: 0.4559  FDE: 0.5634
2022-04-08 10:59:13,566:INFO: Train: [217][2593/2594]  Loss -0.4594 (-1.6283)  Time:  0.200 (0.015)  Data Time:  0.004 (0.004)
2022-04-08 10:59:13,567:INFO:   Eta: 0:20:49
2022-04-08 10:59:21,235:INFO: Valid: [217][620/621]  Loss -8.4948 (-4.9971)
2022-04-08 10:59:59,345:INFO: Train: [218][2593/2594]  Loss -0.4280 (-1.7878)  Time:  0.191 (0.015)  Data Time:  0.004 (0.004)
2022-04-08 10:59:59,346:INFO:   Eta: 0:20:18
2022-04-08 11:00:06,863:INFO: Valid: [218][620/621]  Loss -8.8365 (-5.2064)
2022-04-08 11:00:44,330:INFO: Train: [219][2593/2594]  Loss -0.4887 (-1.7768)  Time:  0.215 (0.014)  Data Time:  0.004 (0.004)
2022-04-08 11:00:44,332:INFO:   Eta: 0:19:20
2022-04-08 11:00:52,219:INFO: Valid: [219][620/621]  Loss -8.1957 (-4.8238)
2022-04-08 11:01:29,167:INFO: Train: [220][2593/2594]  Loss -0.5020 (-1.7612)  Time:  0.239 (0.014)  Data Time:  0.005 (0.004)
2022-04-08 11:01:29,168:INFO:   Eta: 0:18:27
2022-04-08 11:01:36,712:INFO: Valid: [220][620/621]  Loss -8.8967 (-5.2410)
2022-04-08 11:02:13,757:INFO: Train: [221][2593/2594]  Loss -0.4331 (-1.8065)  Time:  0.204 (0.014)  Data Time:  0.005 (0.004)
2022-04-08 11:02:13,759:INFO:   Eta: 0:17:53
2022-04-08 11:02:21,520:INFO: Valid: [221][620/621]  Loss -8.5879 (-5.0816)
2022-04-08 11:02:56,074:INFO: Train: [222][2593/2594]  Loss -0.4950 (-1.8056)  Time:  0.220 (0.013)  Data Time:  0.002 (0.003)
2022-04-08 11:02:56,075:INFO:   Eta: 0:16:06
2022-04-08 11:03:03,496:INFO: Valid: [222][620/621]  Loss -8.5333 (-5.0360)
2022-04-08 11:03:40,530:INFO: Train: [223][2593/2594]  Loss -0.4497 (-1.8210)  Time:  0.200 (0.014)  Data Time:  0.005 (0.004)
2022-04-08 11:03:40,531:INFO:   Eta: 0:16:38
2022-04-08 11:03:48,295:INFO: Valid: [223][620/621]  Loss -8.3832 (-4.9463)
2022-04-08 11:04:22,489:INFO: Train: [224][2593/2594]  Loss -0.3646 (-1.8015)  Time:  0.217 (0.013)  Data Time:  0.003 (0.003)
2022-04-08 11:04:22,490:INFO:   Eta: 0:14:47
2022-04-08 11:04:30,495:INFO: Valid: [224][620/621]  Loss -8.7983 (-5.2007)
2022-04-08 11:05:03,256:INFO: Train: [225][2593/2594]  Loss -0.5004 (-1.7936)  Time:  0.177 (0.013)  Data Time:  0.003 (0.003)
2022-04-08 11:05:03,258:INFO:   Eta: 0:13:37
2022-04-08 11:05:10,949:INFO: Valid: [225][620/621]  Loss -8.1105 (-4.7601)
2022-04-08 11:05:41,978:INFO: Train: [226][2593/2594]  Loss -0.5087 (-1.7869)  Time:  0.158 (0.012)  Data Time:  0.003 (0.002)
2022-04-08 11:05:41,979:INFO:   Eta: 0:12:23
2022-04-08 11:05:49,385:INFO: Valid: [226][620/621]  Loss -8.7856 (-5.1669)
2022-04-08 11:06:02,055:INFO: Test: [226]  ADE: 0.4267  FDE: 0.6799
2022-04-08 11:06:35,363:INFO: Train: [227][2593/2594]  Loss -0.4695 (-1.8115)  Time:  0.187 (0.013)  Data Time:  0.004 (0.003)
2022-04-08 11:06:35,365:INFO:   Eta: 0:12:45
2022-04-08 11:06:43,176:INFO: Valid: [227][620/621]  Loss -8.4484 (-4.9862)
2022-04-08 11:07:14,660:INFO: Train: [228][2593/2594]  Loss -0.5292 (-1.7657)  Time:  0.230 (0.012)  Data Time:  0.003 (0.003)
2022-04-08 11:07:14,662:INFO:   Eta: 0:11:31
2022-04-08 11:07:22,413:INFO: Valid: [228][620/621]  Loss -8.8975 (-5.2568)
2022-04-08 11:07:52,054:INFO: Train: [229][2593/2594]  Loss -0.4750 (-1.7889)  Time:  0.159 (0.011)  Data Time:  0.002 (0.002)
2022-04-08 11:07:52,057:INFO:   Eta: 0:10:21
2022-04-08 11:07:59,780:INFO: Valid: [229][620/621]  Loss -7.6551 (-4.5079)
2022-04-08 11:08:33,956:INFO: Train: [230][2593/2594]  Loss -0.5014 (-1.7955)  Time:  0.239 (0.013)  Data Time:  0.002 (0.003)
2022-04-08 11:08:33,957:INFO:   Eta: 0:11:22
2022-04-08 11:08:41,623:INFO: Valid: [230][620/621]  Loss -8.8002 (-5.2046)
2022-04-08 11:09:14,159:INFO: Train: [231][2593/2594]  Loss -0.5167 (-1.8072)  Time:  0.182 (0.013)  Data Time:  0.002 (0.002)
2022-04-08 11:09:14,161:INFO:   Eta: 0:10:17
2022-04-08 11:09:21,780:INFO: Valid: [231][620/621]  Loss -8.7966 (-5.1875)
2022-04-08 11:09:55,104:INFO: Train: [232][2593/2594]  Loss -0.4789 (-1.8173)  Time:  0.271 (0.013)  Data Time:  0.002 (0.002)
2022-04-08 11:09:55,106:INFO:   Eta: 0:09:59
2022-04-08 11:10:02,934:INFO: Valid: [232][620/621]  Loss -8.1761 (-4.8445)
2022-04-08 11:10:35,119:INFO: Train: [233][2593/2594]  Loss -0.4416 (-1.6645)  Time:  0.211 (0.012)  Data Time:  0.002 (0.002)
2022-04-08 11:10:35,122:INFO:   Eta: 0:09:06
2022-04-08 11:10:42,650:INFO: Valid: [233][620/621]  Loss -8.9468 (-5.2770)
2022-04-08 11:10:42,659:INFO: Checkpoint saved...
2022-04-08 11:11:14,612:INFO: Train: [234][2593/2594]  Loss -0.5346 (-1.7593)  Time:  0.182 (0.012)  Data Time:  0.003 (0.002)
2022-04-08 11:11:14,613:INFO:   Eta: 0:08:30
2022-04-08 11:11:22,200:INFO: Valid: [234][620/621]  Loss -8.8400 (-5.2142)
2022-04-08 11:11:53,623:INFO: Train: [235][2593/2594]  Loss -0.4692 (-1.7842)  Time:  0.215 (0.012)  Data Time:  0.002 (0.002)
2022-04-08 11:11:53,624:INFO:   Eta: 0:07:50
2022-04-08 11:12:01,227:INFO: Valid: [235][620/621]  Loss -8.8791 (-5.2367)
2022-04-08 11:12:29,734:INFO: Train: [236][2593/2594]  Loss -0.5319 (-1.7451)  Time:  0.239 (0.011)  Data Time:  0.002 (0.001)
2022-04-08 11:12:29,736:INFO:   Eta: 0:06:38
2022-04-08 11:12:36,977:INFO: Valid: [236][620/621]  Loss -8.1368 (-4.7868)
2022-04-08 11:12:49,365:INFO: Test: [236]  ADE: 0.4132  FDE: 0.5516
2022-04-08 11:13:18,143:INFO: Train: [237][2593/2594]  Loss -0.4974 (-1.7681)  Time:  0.187 (0.011)  Data Time:  0.002 (0.001)
2022-04-08 11:13:18,145:INFO:   Eta: 0:06:13
2022-04-08 11:13:25,774:INFO: Valid: [237][620/621]  Loss -7.3387 (-4.3113)
2022-04-08 11:13:54,665:INFO: Train: [238][2593/2594]  Loss -0.4862 (-1.6842)  Time:  0.171 (0.011)  Data Time:  0.002 (0.001)
2022-04-08 11:13:54,666:INFO:   Eta: 0:05:46
2022-04-08 11:14:02,115:INFO: Valid: [238][620/621]  Loss -8.5068 (-5.0329)
2022-04-08 11:14:32,908:INFO: Train: [239][2593/2594]  Loss -0.3577 (-1.8113)  Time:  0.234 (0.012)  Data Time:  0.001 (0.002)
2022-04-08 11:14:32,909:INFO:   Eta: 0:05:38
2022-04-08 11:14:40,488:INFO: Valid: [239][620/621]  Loss -8.9952 (-5.3132)
2022-04-08 11:14:40,507:INFO: Checkpoint saved...
2022-04-08 11:15:11,819:INFO: Train: [240][2593/2594]  Loss -0.4851 (-1.7728)  Time:  0.200 (0.012)  Data Time:  0.001 (0.002)
2022-04-08 11:15:11,820:INFO:   Eta: 0:05:12
2022-04-08 11:15:19,602:INFO: Valid: [240][620/621]  Loss -8.7875 (-5.1868)
2022-04-08 11:15:50,169:INFO: Train: [241][2593/2594]  Loss -0.4707 (-1.7999)  Time:  0.186 (0.012)  Data Time:  0.002 (0.002)
2022-04-08 11:15:50,170:INFO:   Eta: 0:04:34
2022-04-08 11:15:57,903:INFO: Valid: [241][620/621]  Loss -8.7226 (-5.1327)
2022-04-08 11:16:27,787:INFO: Train: [242][2593/2594]  Loss -0.5092 (-1.8102)  Time:  0.230 (0.012)  Data Time:  0.002 (0.002)
2022-04-08 11:16:27,789:INFO:   Eta: 0:03:58
2022-04-08 11:16:35,709:INFO: Valid: [242][620/621]  Loss -8.4144 (-4.9585)
2022-04-08 11:17:07,026:INFO: Train: [243][2593/2594]  Loss -0.4505 (-1.8400)  Time:  0.177 (0.012)  Data Time:  0.002 (0.002)
2022-04-08 11:17:07,028:INFO:   Eta: 0:03:38
2022-04-08 11:17:14,810:INFO: Valid: [243][620/621]  Loss -8.1503 (-4.8276)
2022-04-08 11:17:45,859:INFO: Train: [244][2593/2594]  Loss -0.4805 (-1.8150)  Time:  0.170 (0.012)  Data Time:  0.001 (0.002)
2022-04-08 11:17:45,860:INFO:   Eta: 0:03:06
2022-04-08 11:17:53,442:INFO: Valid: [244][620/621]  Loss -8.0101 (-4.7506)
2022-04-08 11:18:24,495:INFO: Train: [245][2593/2594]  Loss -0.5163 (-1.6857)  Time:  0.195 (0.012)  Data Time:  0.002 (0.002)
2022-04-08 11:18:24,496:INFO:   Eta: 0:02:35
2022-04-08 11:18:32,110:INFO: Valid: [245][620/621]  Loss -8.7845 (-5.1907)
2022-04-08 11:19:02,547:INFO: Train: [246][2593/2594]  Loss -0.4072 (-1.7983)  Time:  0.199 (0.012)  Data Time:  0.002 (0.002)
2022-04-08 11:19:02,549:INFO:   Eta: 0:02:01
2022-04-08 11:19:10,272:INFO: Valid: [246][620/621]  Loss -8.7653 (-5.1767)
2022-04-08 11:19:22,794:INFO: Test: [246]  ADE: 0.4720  FDE: 0.7840
2022-04-08 11:19:51,074:INFO: Train: [247][2593/2594]  Loss -0.4528 (-1.6286)  Time:  0.170 (0.011)  Data Time:  0.001 (0.001)
2022-04-08 11:19:51,076:INFO:   Eta: 0:01:24
2022-04-08 11:19:58,624:INFO: Valid: [247][620/621]  Loss -8.8665 (-5.2468)
2022-04-08 11:20:27,041:INFO: Train: [248][2593/2594]  Loss -0.4165 (-1.7727)  Time:  0.184 (0.011)  Data Time:  0.001 (0.001)
2022-04-08 11:20:27,043:INFO:   Eta: 0:00:56
2022-04-08 11:20:34,679:INFO: Valid: [248][620/621]  Loss -8.3963 (-4.9615)
2022-04-08 11:21:02,640:INFO: Train: [249][2593/2594]  Loss -0.4512 (-1.7605)  Time:  0.182 (0.011)  Data Time:  0.000 (0.001)
2022-04-08 11:21:02,640:INFO:   Eta: 0:00:27
2022-04-08 11:21:10,038:INFO: Valid: [249][620/621]  Loss -8.8006 (-5.1873)
