2022-05-13 04:20:10,080:INFO: batch_size=128
2022-05-13 04:20:10,080:INFO: clip_grad=None
2022-05-13 04:20:10,080:INFO: dataset=zara2
2022-05-13 04:20:10,081:INFO: dict_kernel_size=3
2022-05-13 04:20:10,081:INFO: drop=0.0
2022-05-13 04:20:10,081:INFO: gpu_num=0
2022-05-13 04:20:10,081:INFO: ilr=0.015
2022-05-13 04:20:10,081:INFO: init=kmeans
2022-05-13 04:20:10,081:INFO: input_size=2
2022-05-13 04:20:10,081:INFO: kernel_size=3
2022-05-13 04:20:10,081:INFO: log_dir=./runs/9-1.5xlr
2022-05-13 04:20:10,081:INFO: lr=0.01
2022-05-13 04:20:10,081:INFO: lr_sh_rate=150
2022-05-13 04:20:10,082:INFO: model=social_stgcnn9
2022-05-13 04:20:10,082:INFO: n_stgcnn=1
2022-05-13 04:20:10,082:INFO: n_txpcnn=5
2022-05-13 04:20:10,082:INFO: name=9-1.5xlr
2022-05-13 04:20:10,082:INFO: num_epochs=250
2022-05-13 04:20:10,082:INFO: obs_seq_len=8
2022-05-13 04:20:10,082:INFO: output_size=5
2022-05-13 04:20:10,082:INFO: pred_seq_len=12
2022-05-13 04:20:10,082:INFO: seed=0
2022-05-13 04:20:10,082:INFO: tag=zara2
2022-05-13 04:20:10,082:INFO: use_lrschd=True
2022-05-13 04:20:10,083:INFO: ******************************
2022-05-13 04:20:10,083:INFO: Training initiating....
2022-05-13 04:20:10,083:INFO: Namespace(model='social_stgcnn9', name='9-1.5xlr', input_size=2, output_size=5, n_stgcnn=1, n_txpcnn=5, kernel_size=3, obs_seq_len=8, pred_seq_len=12, dataset='zara2', batch_size=128, num_epochs=250, clip_grad=None, lr=0.01, ilr=0.015, lr_sh_rate=150, use_lrschd=True, tag='zara2', log_dir='./runs/9-1.5xlr', seed=0, gpu_num='0', drop=0.0, init='kmeans', dict_kernel_size=3)
2022-05-13 04:20:10,139:INFO: Initializing train dataset
2022-05-13 04:20:30,904:INFO: Initializing val dataset
2022-05-13 04:20:45,907:INFO: social_stgcnn9
2022-05-13 04:20:45,908:INFO: 0.01
2022-05-13 04:20:45,908:INFO: 0.01
2022-05-13 04:20:45,908:INFO: 0.01
2022-05-13 04:20:45,908:INFO: 0.015
2022-05-13 04:20:45,908:INFO: Data and model loaded
2022-05-13 04:20:45,908:INFO: Checkpoint dir: ./runs/9-1.5xlr/zara2/checkpoint
2022-05-13 04:20:45,908:INFO: Training started ...
2022-05-13 04:22:13,703:INFO: Train: [0][2111/2112]  Loss 0.5255 (1.4860)  Time:  1.070 (0.042)  Data Time:  0.021 (0.018)
2022-05-13 04:22:13,708:INFO:   Eta: 6:05:43
2022-05-13 04:23:38,756:INFO: Train: [1][2111/2112]  Loss 0.3217 (0.7611)  Time:  1.065 (0.040)  Data Time:  0.001 (0.018)
2022-05-13 04:23:38,759:INFO:   Eta: 5:52:28
2022-05-13 04:25:04,140:INFO: Train: [2][2111/2112]  Loss 0.2388 (0.5106)  Time:  1.096 (0.040)  Data Time:  0.022 (0.017)
2022-05-13 04:25:04,143:INFO:   Eta: 5:52:22
2022-05-13 04:26:29,840:INFO: Train: [3][2111/2112]  Loss 0.2555 (0.4258)  Time:  1.182 (0.041)  Data Time:  0.022 (0.017)
2022-05-13 04:26:29,843:INFO:   Eta: 5:52:11
2022-05-13 04:27:55,301:INFO: Train: [4][2111/2112]  Loss 0.0907 (0.2295)  Time:  1.007 (0.040)  Data Time:  0.022 (0.018)
2022-05-13 04:27:55,307:INFO:   Eta: 5:49:52
2022-05-13 04:28:24,055:INFO: Train: [5][2111/2112]  Loss 0.0248 (0.1630)  Time:  0.943 (0.014)  Data Time:  0.001 (0.003)
2022-05-13 04:28:24,061:INFO:   Eta: 1:56:57
2022-05-13 04:29:51,149:INFO: Train: [6][2111/2112]  Loss -0.1300 (0.0423)  Time:  1.075 (0.041)  Data Time:  0.021 (0.016)
2022-05-13 04:29:51,151:INFO:   Eta: 5:53:38
2022-05-13 04:31:21,558:INFO: Train: [7][2111/2112]  Loss -0.0792 (0.3028)  Time:  1.152 (0.043)  Data Time:  0.023 (0.018)
2022-05-13 04:31:21,559:INFO:   Eta: 6:05:31
2022-05-13 04:32:49,553:INFO: Train: [8][2111/2112]  Loss 0.0124 (-0.0043)  Time:  1.111 (0.042)  Data Time:  0.012 (0.017)
2022-05-13 04:32:49,556:INFO:   Eta: 5:54:17
2022-05-13 04:34:17,531:INFO: Train: [9][2111/2112]  Loss -0.0988 (-0.1684)  Time:  1.131 (0.042)  Data Time:  0.022 (0.017)
2022-05-13 04:34:17,536:INFO:   Eta: 5:52:54
2022-05-13 04:35:45,655:INFO: Train: [10][2111/2112]  Loss 0.1230 (-0.1627)  Time:  1.150 (0.042)  Data Time:  0.021 (0.017)
2022-05-13 04:35:45,658:INFO:   Eta: 5:51:48
2022-05-13 04:37:13,380:INFO: Train: [11][2111/2112]  Loss -0.0750 (-0.2014)  Time:  1.049 (0.041)  Data Time:  0.001 (0.017)
2022-05-13 04:37:13,381:INFO:   Eta: 5:48:55
2022-05-13 04:38:19,985:INFO: Train: [12][2111/2112]  Loss -0.2642 (-0.2306)  Time:  0.445 (0.031)  Data Time:  0.001 (0.011)
2022-05-13 04:38:19,987:INFO:   Eta: 4:23:43
2022-05-13 04:39:17,607:INFO: Train: [13][2111/2112]  Loss -0.2772 (-0.3490)  Time:  0.985 (0.027)  Data Time:  0.022 (0.008)
2022-05-13 04:39:17,612:INFO:   Eta: 3:46:51
2022-05-13 04:40:30,765:INFO: Train: [14][2111/2112]  Loss -0.2584 (-0.3604)  Time:  1.043 (0.035)  Data Time:  0.022 (0.013)
2022-05-13 04:40:30,767:INFO:   Eta: 4:47:13
2022-05-13 04:41:35,106:INFO: Train: [15][2111/2112]  Loss -0.1494 (-0.4052)  Time:  1.155 (0.030)  Data Time:  0.022 (0.010)
2022-05-13 04:41:35,108:INFO:   Eta: 4:11:33
2022-05-13 04:42:03,339:INFO: Train: [16][2111/2112]  Loss -0.2891 (-0.4429)  Time:  1.189 (0.013)  Data Time:  0.021 (0.002)
2022-05-13 04:42:03,340:INFO:   Eta: 1:49:44
2022-05-13 04:43:30,754:INFO: Train: [17][2111/2112]  Loss -0.2412 (-0.5445)  Time:  1.019 (0.041)  Data Time:  0.000 (0.017)
2022-05-13 04:43:30,756:INFO:   Eta: 5:38:56
2022-05-13 04:44:57,800:INFO: Train: [18][2111/2112]  Loss -0.2669 (-0.5017)  Time:  1.141 (0.041)  Data Time:  0.022 (0.017)
2022-05-13 04:44:57,804:INFO:   Eta: 5:36:09
2022-05-13 04:46:24,921:INFO: Train: [19][2111/2112]  Loss -0.3841 (-0.5154)  Time:  1.101 (0.041)  Data Time:  0.022 (0.018)
2022-05-13 04:46:24,922:INFO:   Eta: 5:34:57
2022-05-13 04:47:51,236:INFO: Train: [20][2111/2112]  Loss -0.3388 (-0.6110)  Time:  0.968 (0.041)  Data Time:  0.021 (0.017)
2022-05-13 04:47:51,239:INFO:   Eta: 5:30:24
2022-05-13 04:49:19,750:INFO: Train: [21][2111/2112]  Loss -0.3508 (-0.5301)  Time:  1.084 (0.042)  Data Time:  0.023 (0.018)
2022-05-13 04:49:19,755:INFO:   Eta: 5:37:24
2022-05-13 04:50:47,079:INFO: Train: [22][2111/2112]  Loss -0.3751 (-0.5678)  Time:  1.036 (0.041)  Data Time:  0.020 (0.018)
2022-05-13 04:50:47,081:INFO:   Eta: 5:31:24
2022-05-13 04:52:14,541:INFO: Train: [23][2111/2112]  Loss -0.3771 (-0.6555)  Time:  1.077 (0.041)  Data Time:  0.022 (0.018)
2022-05-13 04:52:14,542:INFO:   Eta: 5:30:17
2022-05-13 04:53:40,462:INFO: Train: [24][2111/2112]  Loss -0.3659 (-0.5915)  Time:  1.083 (0.041)  Data Time:  0.021 (0.017)
2022-05-13 04:53:40,466:INFO:   Eta: 5:23:13
2022-05-13 04:54:56,887:INFO: Train: [25][2111/2112]  Loss -0.2695 (-0.6140)  Time:  0.285 (0.036)  Data Time:  0.000 (0.015)
2022-05-13 04:54:56,889:INFO:   Eta: 4:46:09
2022-05-13 04:55:29,197:INFO: Train: [26][2111/2112]  Loss -0.2660 (-0.7051)  Time:  0.931 (0.015)  Data Time:  0.020 (0.003)
2022-05-13 04:55:29,202:INFO:   Eta: 1:59:58
2022-05-13 04:56:55,285:INFO: Train: [27][2111/2112]  Loss -0.3807 (-0.6631)  Time:  1.084 (0.041)  Data Time:  0.022 (0.017)
2022-05-13 04:56:55,289:INFO:   Eta: 5:19:25
2022-05-13 04:58:23,117:INFO: Train: [28][2111/2112]  Loss -0.3698 (-0.7229)  Time:  1.098 (0.042)  Data Time:  0.023 (0.017)
2022-05-13 04:58:23,118:INFO:   Eta: 5:24:33
2022-05-13 04:59:50,311:INFO: Train: [29][2111/2112]  Loss -0.3876 (-0.7312)  Time:  1.068 (0.041)  Data Time:  0.022 (0.017)
2022-05-13 04:59:50,313:INFO:   Eta: 5:20:44
2022-05-13 05:01:18,548:INFO: Train: [30][2111/2112]  Loss -0.3878 (-0.7008)  Time:  1.149 (0.042)  Data Time:  0.021 (0.017)
2022-05-13 05:01:18,549:INFO:   Eta: 5:23:04
2022-05-13 05:02:46,471:INFO: Train: [31][2111/2112]  Loss -0.3581 (-0.7694)  Time:  1.096 (0.042)  Data Time:  0.021 (0.018)
2022-05-13 05:02:46,474:INFO:   Eta: 5:20:32
2022-05-13 05:04:14,676:INFO: Train: [32][2111/2112]  Loss -0.4058 (-0.7845)  Time:  1.099 (0.042)  Data Time:  0.022 (0.018)
2022-05-13 05:04:14,678:INFO:   Eta: 5:20:01
2022-05-13 05:05:43,617:INFO: Train: [33][2111/2112]  Loss -0.4604 (-0.7773)  Time:  1.197 (0.042)  Data Time:  0.021 (0.018)
2022-05-13 05:05:43,620:INFO:   Eta: 5:21:12
2022-05-13 05:07:10,954:INFO: Train: [34][2111/2112]  Loss -0.4667 (-0.8316)  Time:  1.092 (0.041)  Data Time:  0.023 (0.017)
2022-05-13 05:07:10,957:INFO:   Eta: 5:13:57
2022-05-13 05:08:18,878:INFO: Train: [35][2111/2112]  Loss -0.3375 (-0.7473)  Time:  0.396 (0.032)  Data Time:  0.000 (0.013)
2022-05-13 05:08:18,881:INFO:   Eta: 4:02:41
2022-05-13 05:09:06,517:INFO: Train: [36][2111/2112]  Loss -0.4768 (-0.7801)  Time:  1.125 (0.023)  Data Time:  0.021 (0.007)
2022-05-13 05:09:06,521:INFO:   Eta: 2:49:32
2022-05-13 05:10:30,267:INFO: Train: [37][2111/2112]  Loss -0.4197 (-0.9037)  Time:  1.114 (0.040)  Data Time:  0.021 (0.016)
2022-05-13 05:10:30,272:INFO:   Eta: 4:56:52
2022-05-13 05:11:58,709:INFO: Train: [38][2111/2112]  Loss -0.4922 (-0.8592)  Time:  1.023 (0.042)  Data Time:  0.021 (0.018)
2022-05-13 05:11:58,711:INFO:   Eta: 5:12:03
2022-05-13 05:13:26,480:INFO: Train: [39][2111/2112]  Loss -0.4714 (-0.9221)  Time:  1.171 (0.042)  Data Time:  0.020 (0.018)
2022-05-13 05:13:26,481:INFO:   Eta: 5:08:15
2022-05-13 05:14:53,599:INFO: Train: [40][2111/2112]  Loss -0.3672 (-0.8256)  Time:  0.984 (0.041)  Data Time:  0.001 (0.017)
2022-05-13 05:14:53,601:INFO:   Eta: 5:04:26
2022-05-13 05:16:21,074:INFO: Train: [41][2111/2112]  Loss -0.4860 (-0.9017)  Time:  1.178 (0.041)  Data Time:  0.021 (0.018)
2022-05-13 05:16:21,076:INFO:   Eta: 5:04:17
2022-05-13 05:17:48,557:INFO: Train: [42][2111/2112]  Loss -0.4741 (-0.8868)  Time:  1.105 (0.041)  Data Time:  0.023 (0.018)
2022-05-13 05:17:48,558:INFO:   Eta: 5:02:51
2022-05-13 05:19:16,690:INFO: Train: [43][2111/2112]  Loss -0.2684 (-0.9518)  Time:  1.140 (0.042)  Data Time:  0.020 (0.018)
2022-05-13 05:19:16,690:INFO:   Eta: 5:03:40
2022-05-13 05:20:43,055:INFO: Train: [44][2111/2112]  Loss -0.4750 (-0.8577)  Time:  1.144 (0.041)  Data Time:  0.001 (0.018)
2022-05-13 05:20:43,060:INFO:   Eta: 4:56:11
2022-05-13 05:21:36,800:INFO: Train: [45][2111/2112]  Loss -0.5230 (-0.8427)  Time:  0.333 (0.025)  Data Time:  0.000 (0.009)
2022-05-13 05:21:36,802:INFO:   Eta: 3:03:15
2022-05-13 05:22:16,250:INFO: Train: [46][2111/2112]  Loss -0.3893 (-0.7457)  Time:  0.276 (0.019)  Data Time:  0.000 (0.005)
2022-05-13 05:22:16,252:INFO:   Eta: 2:13:47
2022-05-13 05:23:13,216:INFO: Train: [47][2111/2112]  Loss -0.3755 (-0.9867)  Time:  0.984 (0.027)  Data Time:  0.022 (0.008)
2022-05-13 05:23:13,222:INFO:   Eta: 3:12:19
2022-05-13 05:24:41,890:INFO: Train: [48][2111/2112]  Loss -0.3694 (-1.0745)  Time:  1.159 (0.042)  Data Time:  0.022 (0.017)
2022-05-13 05:24:41,893:INFO:   Eta: 4:58:04
2022-05-13 05:25:47,560:INFO: Train: [49][2111/2112]  Loss -0.5156 (-0.9337)  Time:  0.556 (0.031)  Data Time:  0.001 (0.010)
2022-05-13 05:25:47,564:INFO:   Eta: 3:39:36
2022-05-13 05:26:59,750:INFO: Train: [50][2111/2112]  Loss -0.4955 (-0.9706)  Time:  1.110 (0.034)  Data Time:  0.001 (0.013)
2022-05-13 05:26:59,751:INFO:   Eta: 4:00:13
2022-05-13 05:28:24,259:INFO: Train: [51][2111/2112]  Loss -0.4452 (-1.0514)  Time:  1.200 (0.040)  Data Time:  0.007 (0.016)
2022-05-13 05:28:24,261:INFO:   Eta: 4:39:54
2022-05-13 05:29:46,156:INFO: Train: [52][2111/2112]  Loss -0.5415 (-0.9995)  Time:  0.671 (0.039)  Data Time:  0.021 (0.016)
2022-05-13 05:29:46,159:INFO:   Eta: 4:29:51
2022-05-13 05:31:12,638:INFO: Train: [53][2111/2112]  Loss -0.5788 (-1.0071)  Time:  1.111 (0.041)  Data Time:  0.022 (0.017)
2022-05-13 05:31:12,641:INFO:   Eta: 4:43:33
2022-05-13 05:32:40,400:INFO: Train: [54][2111/2112]  Loss -0.5111 (-0.9203)  Time:  1.143 (0.041)  Data Time:  0.022 (0.018)
2022-05-13 05:32:40,402:INFO:   Eta: 4:46:15
2022-05-13 05:34:08,156:INFO: Train: [55][2111/2112]  Loss -0.1794 (-1.0420)  Time:  1.184 (0.041)  Data Time:  0.022 (0.017)
2022-05-13 05:34:08,161:INFO:   Eta: 4:44:47
2022-05-13 05:35:36,377:INFO: Train: [56][2111/2112]  Loss -0.4462 (-0.9756)  Time:  0.417 (0.042)  Data Time:  0.000 (0.018)
2022-05-13 05:35:36,381:INFO:   Eta: 4:44:51
2022-05-13 05:36:04,350:INFO: Train: [57][2111/2112]  Loss -0.5410 (-1.0190)  Time:  1.097 (0.013)  Data Time:  0.019 (0.002)
2022-05-13 05:36:04,356:INFO:   Eta: 1:29:37
2022-05-13 05:37:31,085:INFO: Train: [58][2111/2112]  Loss -0.6146 (-1.0716)  Time:  1.153 (0.041)  Data Time:  0.022 (0.017)
2022-05-13 05:37:31,086:INFO:   Eta: 4:37:07
2022-05-13 05:38:58,096:INFO: Train: [59][2111/2112]  Loss -0.5084 (-0.9762)  Time:  1.033 (0.041)  Data Time:  0.001 (0.018)
2022-05-13 05:38:58,100:INFO:   Eta: 4:36:35
2022-05-13 05:40:24,326:INFO: Train: [60][2111/2112]  Loss -0.5883 (-1.0794)  Time:  1.088 (0.041)  Data Time:  0.018 (0.017)
2022-05-13 05:40:24,332:INFO:   Eta: 4:32:39
2022-05-13 05:41:51,629:INFO: Train: [61][2111/2112]  Loss -0.4994 (-1.0795)  Time:  1.020 (0.041)  Data Time:  0.021 (0.018)
2022-05-13 05:41:51,631:INFO:   Eta: 4:34:26
2022-05-13 05:43:10,342:INFO: Train: [62][2111/2112]  Loss -0.6317 (-1.0799)  Time:  0.955 (0.037)  Data Time:  0.001 (0.015)
2022-05-13 05:43:10,344:INFO:   Eta: 4:06:17
2022-05-13 05:44:36,734:INFO: Train: [63][2111/2112]  Loss -0.3640 (-1.0129)  Time:  1.164 (0.041)  Data Time:  0.021 (0.017)
2022-05-13 05:44:36,736:INFO:   Eta: 4:28:55
2022-05-13 05:46:03,336:INFO: Train: [64][2111/2112]  Loss -0.5813 (-1.0126)  Time:  1.140 (0.041)  Data Time:  0.014 (0.017)
2022-05-13 05:46:03,339:INFO:   Eta: 4:28:07
2022-05-13 05:47:28,989:INFO: Train: [65][2111/2112]  Loss -0.6418 (-1.0572)  Time:  1.028 (0.040)  Data Time:  0.022 (0.017)
2022-05-13 05:47:28,990:INFO:   Eta: 4:23:43
2022-05-13 05:48:56,213:INFO: Train: [66][2111/2112]  Loss -0.5314 (-1.0964)  Time:  1.024 (0.041)  Data Time:  0.011 (0.018)
2022-05-13 05:48:56,216:INFO:   Eta: 4:27:04
2022-05-13 05:49:23,527:INFO: Train: [67][2111/2112]  Loss -0.6522 (-1.1558)  Time:  0.478 (0.013)  Data Time:  0.000 (0.003)
2022-05-13 05:49:23,530:INFO:   Eta: 1:23:01
2022-05-13 05:50:27,058:INFO: Train: [68][2111/2112]  Loss -0.6383 (-1.1365)  Time:  0.670 (0.030)  Data Time:  0.020 (0.008)
2022-05-13 05:50:27,062:INFO:   Eta: 3:12:21
2022-05-13 05:51:31,501:INFO: Train: [69][2111/2112]  Loss -0.6512 (-1.0758)  Time:  1.034 (0.030)  Data Time:  0.000 (0.009)
2022-05-13 05:51:31,506:INFO:   Eta: 3:13:17
2022-05-13 05:52:28,491:INFO: Train: [70][2111/2112]  Loss -0.6195 (-1.1246)  Time:  0.902 (0.027)  Data Time:  0.022 (0.007)
2022-05-13 05:52:28,493:INFO:   Eta: 2:50:32
2022-05-13 05:53:24,857:INFO: Train: [71][2111/2112]  Loss -0.5730 (-1.1435)  Time:  0.840 (0.027)  Data Time:  0.001 (0.007)
2022-05-13 05:53:24,859:INFO:   Eta: 2:47:45
2022-05-13 05:54:35,039:INFO: Train: [72][2111/2112]  Loss -0.5909 (-1.1277)  Time:  1.082 (0.033)  Data Time:  0.023 (0.012)
2022-05-13 05:54:35,041:INFO:   Eta: 3:27:49
2022-05-13 05:55:57,954:INFO: Train: [73][2111/2112]  Loss -0.6269 (-1.0654)  Time:  1.147 (0.039)  Data Time:  0.003 (0.016)
2022-05-13 05:55:57,957:INFO:   Eta: 4:04:13
2022-05-13 05:57:27,473:INFO: Train: [74][2111/2112]  Loss -0.6789 (-1.1447)  Time:  1.083 (0.042)  Data Time:  0.023 (0.018)
2022-05-13 05:57:27,474:INFO:   Eta: 4:22:15
2022-05-13 05:58:44,396:INFO: Train: [75][2111/2112]  Loss -0.5679 (-1.1982)  Time:  0.516 (0.036)  Data Time:  0.000 (0.014)
2022-05-13 05:58:44,400:INFO:   Eta: 3:43:56
2022-05-13 05:59:39,874:INFO: Train: [76][2111/2112]  Loss -0.5694 (-1.0833)  Time:  0.848 (0.026)  Data Time:  0.001 (0.007)
2022-05-13 05:59:39,876:INFO:   Eta: 2:40:32
2022-05-13 06:00:35,551:INFO: Train: [77][2111/2112]  Loss -0.5667 (-1.1337)  Time:  0.893 (0.026)  Data Time:  0.021 (0.008)
2022-05-13 06:00:35,555:INFO:   Eta: 2:40:10
2022-05-13 06:01:29,939:INFO: Train: [78][2111/2112]  Loss -0.6088 (-1.1825)  Time:  0.628 (0.026)  Data Time:  0.000 (0.008)
2022-05-13 06:01:29,942:INFO:   Eta: 2:35:35
2022-05-13 06:02:25,662:INFO: Train: [79][2111/2112]  Loss -0.5399 (-1.1862)  Time:  0.548 (0.026)  Data Time:  0.000 (0.007)
2022-05-13 06:02:25,664:INFO:   Eta: 2:38:26
2022-05-13 06:02:58,630:INFO: Train: [80][2111/2112]  Loss -0.5887 (-1.1595)  Time:  0.291 (0.016)  Data Time:  0.000 (0.003)
2022-05-13 06:02:58,632:INFO:   Eta: 1:33:06
2022-05-13 06:04:08,271:INFO: Train: [81][2111/2112]  Loss -0.5931 (-1.2171)  Time:  1.029 (0.033)  Data Time:  0.021 (0.011)
2022-05-13 06:04:08,403:INFO:   Eta: 3:15:44
2022-05-13 06:05:37,900:INFO: Train: [82][2111/2112]  Loss -0.6786 (-1.1515)  Time:  1.045 (0.042)  Data Time:  0.005 (0.017)
2022-05-13 06:05:37,904:INFO:   Eta: 4:09:49
2022-05-13 06:07:07,041:INFO: Train: [83][2111/2112]  Loss -0.5129 (-1.1264)  Time:  0.966 (0.042)  Data Time:  0.021 (0.017)
2022-05-13 06:07:07,044:INFO:   Eta: 4:07:44
2022-05-13 06:08:36,406:INFO: Train: [84][2111/2112]  Loss -0.6025 (-1.1558)  Time:  1.129 (0.042)  Data Time:  0.022 (0.018)
2022-05-13 06:08:36,413:INFO:   Eta: 4:06:53
2022-05-13 06:10:05,139:INFO: Train: [85][2111/2112]  Loss -0.6305 (-1.2538)  Time:  1.153 (0.042)  Data Time:  0.021 (0.017)
2022-05-13 06:10:05,140:INFO:   Eta: 4:03:37
2022-05-13 06:11:32,581:INFO: Train: [86][2111/2112]  Loss -0.5470 (-1.1711)  Time:  1.082 (0.041)  Data Time:  0.022 (0.017)
2022-05-13 06:11:32,585:INFO:   Eta: 3:58:39
2022-05-13 06:13:01,328:INFO: Train: [87][2111/2112]  Loss -0.5747 (-1.1896)  Time:  1.155 (0.042)  Data Time:  0.019 (0.018)
2022-05-13 06:13:01,329:INFO:   Eta: 4:00:10
2022-05-13 06:14:30,136:INFO: Train: [88][2111/2112]  Loss -0.6273 (-1.0913)  Time:  1.104 (0.042)  Data Time:  0.020 (0.017)
2022-05-13 06:14:30,137:INFO:   Eta: 3:59:29
2022-05-13 06:15:59,140:INFO: Train: [89][2111/2112]  Loss -0.7185 (-1.2461)  Time:  1.226 (0.042)  Data Time:  0.023 (0.018)
2022-05-13 06:15:59,142:INFO:   Eta: 3:58:29
2022-05-13 06:16:33,803:INFO: Train: [90][2111/2112]  Loss -0.6706 (-1.2148)  Time:  0.360 (0.016)  Data Time:  0.000 (0.004)
2022-05-13 06:16:33,804:INFO:   Eta: 1:32:10
2022-05-13 06:17:59,688:INFO: Train: [91][2111/2112]  Loss -0.6522 (-1.2427)  Time:  1.123 (0.041)  Data Time:  0.022 (0.016)
2022-05-13 06:17:59,690:INFO:   Eta: 3:47:17
2022-05-13 06:19:27,230:INFO: Train: [92][2111/2112]  Loss -0.7348 (-1.2586)  Time:  1.265 (0.041)  Data Time:  0.020 (0.017)
2022-05-13 06:19:27,232:INFO:   Eta: 3:50:10
2022-05-13 06:20:54,149:INFO: Train: [93][2111/2112]  Loss -0.6525 (-1.2218)  Time:  0.934 (0.041)  Data Time:  0.002 (0.017)
2022-05-13 06:20:54,150:INFO:   Eta: 3:47:07
2022-05-13 06:22:22,780:INFO: Train: [94][2111/2112]  Loss -0.7673 (-1.2866)  Time:  1.130 (0.042)  Data Time:  0.022 (0.018)
2022-05-13 06:22:22,782:INFO:   Eta: 3:50:07
2022-05-13 06:23:51,412:INFO: Train: [95][2111/2112]  Loss -0.6564 (-1.1556)  Time:  1.039 (0.042)  Data Time:  0.021 (0.018)
2022-05-13 06:23:51,414:INFO:   Eta: 3:48:39
2022-05-13 06:25:19,791:INFO: Train: [96][2111/2112]  Loss -0.6823 (-1.1692)  Time:  1.111 (0.042)  Data Time:  0.023 (0.018)
2022-05-13 06:25:19,796:INFO:   Eta: 3:46:29
2022-05-13 06:26:48,569:INFO: Train: [97][2111/2112]  Loss -0.6900 (-1.2483)  Time:  0.982 (0.042)  Data Time:  0.021 (0.018)
2022-05-13 06:26:48,572:INFO:   Eta: 3:45:44
2022-05-13 06:27:41,133:INFO: Train: [98][2111/2112]  Loss -0.6871 (-1.2059)  Time:  0.387 (0.025)  Data Time:  0.001 (0.006)
2022-05-13 06:27:41,134:INFO:   Eta: 2:12:25
2022-05-13 06:28:57,247:INFO: Train: [99][2111/2112]  Loss -0.5821 (-1.2110)  Time:  0.952 (0.036)  Data Time:  0.021 (0.014)
2022-05-13 06:28:57,253:INFO:   Eta: 3:10:56
2022-05-13 06:30:10,101:INFO: Train: [100][2111/2112]  Loss -0.6985 (-1.2769)  Time:  0.292 (0.034)  Data Time:  0.000 (0.014)
2022-05-13 06:30:10,102:INFO:   Eta: 3:00:49
2022-05-13 06:30:57,107:INFO: Train: [101][2111/2112]  Loss -0.5424 (-1.3323)  Time:  1.003 (0.022)  Data Time:  0.022 (0.006)
2022-05-13 06:30:57,109:INFO:   Eta: 1:56:03
2022-05-13 06:32:14,584:INFO: Train: [102][2111/2112]  Loss -0.6876 (-1.1593)  Time:  1.067 (0.037)  Data Time:  0.000 (0.014)
2022-05-13 06:32:14,585:INFO:   Eta: 3:10:32
2022-05-13 06:33:40,670:INFO: Train: [103][2111/2112]  Loss -0.7428 (-1.3089)  Time:  1.203 (0.041)  Data Time:  0.021 (0.017)
2022-05-13 06:33:40,673:INFO:   Eta: 3:30:20
2022-05-13 06:35:05,787:INFO: Train: [104][2111/2112]  Loss -0.7380 (-1.3215)  Time:  0.349 (0.040)  Data Time:  0.001 (0.017)
2022-05-13 06:35:05,790:INFO:   Eta: 3:26:26
2022-05-13 06:36:03,644:INFO: Train: [105][2111/2112]  Loss -0.6485 (-1.3255)  Time:  1.173 (0.027)  Data Time:  0.021 (0.008)
2022-05-13 06:36:03,646:INFO:   Eta: 2:18:52
2022-05-13 06:37:00,405:INFO: Train: [106][2111/2112]  Loss -0.6478 (-1.2873)  Time:  0.508 (0.027)  Data Time:  0.000 (0.008)
2022-05-13 06:37:00,407:INFO:   Eta: 2:15:42
2022-05-13 06:38:09,997:INFO: Train: [107][2111/2112]  Loss -0.5407 (-1.2972)  Time:  1.024 (0.033)  Data Time:  0.021 (0.011)
2022-05-13 06:38:10,001:INFO:   Eta: 2:45:19
2022-05-13 06:39:37,386:INFO: Train: [108][2111/2112]  Loss -0.6061 (-1.2212)  Time:  1.066 (0.041)  Data Time:  0.015 (0.017)
2022-05-13 06:39:37,387:INFO:   Eta: 3:25:21
2022-05-13 06:40:59,375:INFO: Train: [109][2111/2112]  Loss -0.6204 (-1.3672)  Time:  1.232 (0.039)  Data Time:  0.021 (0.015)
2022-05-13 06:40:59,380:INFO:   Eta: 3:11:55
2022-05-13 06:42:26,884:INFO: Train: [110][2111/2112]  Loss -0.5818 (-1.2865)  Time:  1.120 (0.041)  Data Time:  0.000 (0.017)
2022-05-13 06:42:26,887:INFO:   Eta: 3:23:41
2022-05-13 06:43:37,893:INFO: Train: [111][2111/2112]  Loss -0.7096 (-1.2277)  Time:  0.368 (0.034)  Data Time:  0.000 (0.013)
2022-05-13 06:43:37,895:INFO:   Eta: 2:44:00
2022-05-13 06:44:27,366:INFO: Train: [112][2111/2112]  Loss -0.5659 (-1.4233)  Time:  1.110 (0.023)  Data Time:  0.022 (0.007)
2022-05-13 06:44:27,370:INFO:   Eta: 1:53:11
2022-05-13 06:45:56,341:INFO: Train: [113][2111/2112]  Loss -0.6978 (-1.3445)  Time:  1.099 (0.042)  Data Time:  0.020 (0.018)
2022-05-13 06:45:56,346:INFO:   Eta: 3:22:31
2022-05-13 06:47:26,329:INFO: Train: [114][2111/2112]  Loss -0.6810 (-1.3137)  Time:  1.215 (0.042)  Data Time:  0.018 (0.018)
2022-05-13 06:47:26,396:INFO:   Eta: 3:23:23
2022-05-13 06:48:54,835:INFO: Train: [115][2111/2112]  Loss -0.6532 (-1.3120)  Time:  1.071 (0.042)  Data Time:  0.023 (0.018)
2022-05-13 06:48:54,892:INFO:   Eta: 3:18:07
2022-05-13 06:50:24,670:INFO: Train: [116][2111/2112]  Loss -0.7850 (-1.2196)  Time:  1.097 (0.042)  Data Time:  0.005 (0.018)
2022-05-13 06:50:24,676:INFO:   Eta: 3:17:49
2022-05-13 06:51:47,956:INFO: Train: [117][2111/2112]  Loss -0.6750 (-1.2698)  Time:  1.105 (0.039)  Data Time:  0.019 (0.016)
2022-05-13 06:51:47,957:INFO:   Eta: 3:03:54
2022-05-13 06:53:16,980:INFO: Train: [118][2111/2112]  Loss -0.5895 (-1.1936)  Time:  1.159 (0.042)  Data Time:  0.004 (0.018)
2022-05-13 06:53:16,983:INFO:   Eta: 3:15:36
2022-05-13 06:54:44,692:INFO: Train: [119][2111/2112]  Loss -0.6452 (-1.3633)  Time:  1.107 (0.041)  Data Time:  0.022 (0.018)
2022-05-13 06:54:44,697:INFO:   Eta: 3:11:11
2022-05-13 06:56:12,365:INFO: Train: [120][2111/2112]  Loss -0.6970 (-1.3865)  Time:  0.968 (0.041)  Data Time:  0.014 (0.017)
2022-05-13 06:56:12,368:INFO:   Eta: 3:09:41
2022-05-13 06:57:05,150:INFO: Train: [121][2111/2112]  Loss -0.6890 (-1.3628)  Time:  0.322 (0.025)  Data Time:  0.000 (0.009)
2022-05-13 06:57:05,151:INFO:   Eta: 1:53:06
2022-05-13 06:58:01,544:INFO: Train: [122][2111/2112]  Loss -0.6464 (-1.3419)  Time:  1.111 (0.027)  Data Time:  0.022 (0.009)
2022-05-13 06:58:01,547:INFO:   Eta: 2:00:04
2022-05-13 06:59:30,129:INFO: Train: [123][2111/2112]  Loss -0.5377 (-1.3510)  Time:  0.924 (0.042)  Data Time:  0.021 (0.018)
2022-05-13 06:59:30,130:INFO:   Eta: 3:07:14
2022-05-13 07:00:58,198:INFO: Train: [124][2111/2112]  Loss -0.6809 (-1.3243)  Time:  1.052 (0.042)  Data Time:  0.020 (0.018)
2022-05-13 07:00:58,296:INFO:   Eta: 3:04:40
2022-05-13 07:02:26,602:INFO: Train: [125][2111/2112]  Loss -0.6513 (-1.3907)  Time:  1.037 (0.042)  Data Time:  0.022 (0.018)
2022-05-13 07:02:26,603:INFO:   Eta: 3:03:32
2022-05-13 07:03:55,905:INFO: Train: [126][2111/2112]  Loss -0.7762 (-1.3847)  Time:  1.253 (0.042)  Data Time:  0.016 (0.018)
2022-05-13 07:03:55,911:INFO:   Eta: 3:04:18
2022-05-13 07:05:24,072:INFO: Train: [127][2111/2112]  Loss -0.6002 (-1.3720)  Time:  1.170 (0.042)  Data Time:  0.022 (0.017)
2022-05-13 07:05:24,073:INFO:   Eta: 3:00:30
2022-05-13 07:06:38,547:INFO: Train: [128][2111/2112]  Loss -0.7506 (-1.3462)  Time:  1.034 (0.035)  Data Time:  0.001 (0.013)
2022-05-13 07:06:38,550:INFO:   Eta: 2:31:08
2022-05-13 07:08:07,444:INFO: Train: [129][2111/2112]  Loss -0.7092 (-1.3551)  Time:  1.117 (0.042)  Data Time:  0.022 (0.018)
2022-05-13 07:08:07,445:INFO:   Eta: 2:58:59
2022-05-13 07:09:33,314:INFO: Train: [130][2111/2112]  Loss -0.7801 (-1.3690)  Time:  1.057 (0.041)  Data Time:  0.002 (0.017)
2022-05-13 07:09:33,319:INFO:   Eta: 2:51:29
2022-05-13 07:10:26,704:INFO: Train: [131][2111/2112]  Loss -0.6074 (-1.2928)  Time:  0.278 (0.025)  Data Time:  0.000 (0.009)
2022-05-13 07:10:26,704:INFO:   Eta: 1:45:39
2022-05-13 07:11:20,823:INFO: Train: [132][2111/2112]  Loss -0.6998 (-1.3454)  Time:  1.110 (0.026)  Data Time:  0.021 (0.008)
2022-05-13 07:11:20,828:INFO:   Eta: 1:46:11
2022-05-13 07:12:48,411:INFO: Train: [133][2111/2112]  Loss -0.7447 (-1.4219)  Time:  1.117 (0.041)  Data Time:  0.001 (0.017)
2022-05-13 07:12:48,414:INFO:   Eta: 2:50:30
2022-05-13 07:14:16,399:INFO: Train: [134][2111/2112]  Loss -0.6006 (-1.3355)  Time:  1.053 (0.042)  Data Time:  0.021 (0.018)
2022-05-13 07:14:16,400:INFO:   Eta: 2:49:52
2022-05-13 07:15:45,157:INFO: Train: [135][2111/2112]  Loss -0.6643 (-1.3654)  Time:  1.038 (0.042)  Data Time:  0.020 (0.018)
2022-05-13 07:15:45,159:INFO:   Eta: 2:49:41
2022-05-13 07:17:13,222:INFO: Train: [136][2111/2112]  Loss -0.6914 (-1.4237)  Time:  1.059 (0.042)  Data Time:  0.001 (0.018)
2022-05-13 07:17:13,224:INFO:   Eta: 2:47:05
2022-05-13 07:18:41,610:INFO: Train: [137][2111/2112]  Loss -0.6926 (-1.3473)  Time:  1.050 (0.042)  Data Time:  0.022 (0.018)
2022-05-13 07:18:41,614:INFO:   Eta: 2:46:16
2022-05-13 07:19:57,518:INFO: Train: [138][2111/2112]  Loss -0.5966 (-1.2682)  Time:  0.736 (0.036)  Data Time:  0.021 (0.014)
2022-05-13 07:19:57,522:INFO:   Eta: 2:21:26
2022-05-13 07:21:20,489:INFO: Train: [139][2111/2112]  Loss -0.6774 (-1.3857)  Time:  1.097 (0.039)  Data Time:  0.021 (0.016)
2022-05-13 07:21:20,491:INFO:   Eta: 2:33:17
2022-05-13 07:22:48,447:INFO: Train: [140][2111/2112]  Loss -0.7088 (-1.2513)  Time:  1.092 (0.042)  Data Time:  0.023 (0.018)
2022-05-13 07:22:48,449:INFO:   Eta: 2:41:02
2022-05-13 07:23:40,834:INFO: Train: [141][2111/2112]  Loss -0.7066 (-1.2573)  Time:  0.305 (0.025)  Data Time:  0.000 (0.009)
2022-05-13 07:23:40,837:INFO:   Eta: 1:34:58
2022-05-13 07:24:39,821:INFO: Train: [142][2111/2112]  Loss -0.8039 (-1.3139)  Time:  1.113 (0.028)  Data Time:  0.021 (0.011)
2022-05-13 07:24:39,823:INFO:   Eta: 1:45:57
2022-05-13 07:26:05,339:INFO: Train: [143][2111/2112]  Loss -0.7630 (-1.3945)  Time:  1.150 (0.040)  Data Time:  0.022 (0.018)
2022-05-13 07:26:05,339:INFO:   Eta: 2:32:18
2022-05-13 07:27:32,328:INFO: Train: [144][2111/2112]  Loss -0.6077 (-1.2474)  Time:  1.101 (0.041)  Data Time:  0.001 (0.018)
2022-05-13 07:27:32,330:INFO:   Eta: 2:33:28
2022-05-13 07:28:59,423:INFO: Train: [145][2111/2112]  Loss -0.7185 (-1.3455)  Time:  1.063 (0.041)  Data Time:  0.021 (0.018)
2022-05-13 07:28:59,425:INFO:   Eta: 2:32:12
2022-05-13 07:30:25,701:INFO: Train: [146][2111/2112]  Loss -0.7807 (-1.4340)  Time:  1.129 (0.041)  Data Time:  0.023 (0.018)
2022-05-13 07:30:25,703:INFO:   Eta: 2:29:19
2022-05-13 07:31:51,179:INFO: Train: [147][2111/2112]  Loss -0.7539 (-1.4110)  Time:  0.958 (0.040)  Data Time:  0.023 (0.018)
2022-05-13 07:31:51,181:INFO:   Eta: 2:26:30
2022-05-13 07:33:18,840:INFO: Train: [148][2111/2112]  Loss -0.7839 (-1.3786)  Time:  1.074 (0.041)  Data Time:  0.021 (0.019)
2022-05-13 07:33:18,842:INFO:   Eta: 2:28:46
2022-05-13 07:34:45,444:INFO: Train: [149][2111/2112]  Loss -0.7656 (-1.3606)  Time:  1.114 (0.041)  Data Time:  0.021 (0.018)
2022-05-13 07:34:45,447:INFO:   Eta: 2:25:35
2022-05-13 07:36:11,551:INFO: Train: [150][2111/2112]  Loss -0.7287 (-1.4684)  Time:  1.091 (0.041)  Data Time:  0.021 (0.018)
2022-05-13 07:36:11,558:INFO:   Eta: 2:23:14
2022-05-13 07:37:15,505:INFO: Train: [151][2111/2112]  Loss -0.7859 (-1.5618)  Time:  0.277 (0.030)  Data Time:  0.000 (0.012)
2022-05-13 07:37:15,506:INFO:   Eta: 1:45:20
2022-05-13 07:37:21,323:INFO: Valid: [151][500/501]  Loss -5.2084 (-3.2188)
2022-05-13 07:37:21,389:INFO: Checkpoint saved...
2022-05-13 07:37:58,453:INFO: Train: [152][2111/2112]  Loss -0.8347 (-1.5472)  Time:  0.357 (0.017)  Data Time:  0.000 (0.004)
2022-05-13 07:37:58,454:INFO:   Eta: 1:00:21
2022-05-13 07:38:03,940:INFO: Valid: [152][500/501]  Loss -4.8172 (-2.9472)
2022-05-13 07:39:29,584:INFO: Train: [153][2111/2112]  Loss -0.8341 (-1.4868)  Time:  1.063 (0.040)  Data Time:  0.021 (0.016)
2022-05-13 07:39:29,588:INFO:   Eta: 2:18:13
2022-05-13 07:39:43,228:INFO: Valid: [153][500/501]  Loss -2.7040 (-1.6314)
2022-05-13 07:41:12,741:INFO: Train: [154][2111/2112]  Loss -0.8013 (-1.5719)  Time:  1.139 (0.042)  Data Time:  0.022 (0.017)
2022-05-13 07:41:12,745:INFO:   Eta: 2:22:58
2022-05-13 07:41:25,760:INFO: Valid: [154][500/501]  Loss -2.2441 (-1.4879)
2022-05-13 07:42:41,072:INFO: Train: [155][2111/2112]  Loss -0.8288 (-1.5476)  Time:  0.868 (0.036)  Data Time:  0.001 (0.013)
2022-05-13 07:42:41,074:INFO:   Eta: 1:59:01
2022-05-13 07:42:53,278:INFO: Valid: [155][500/501]  Loss -2.1782 (-1.4743)
2022-05-13 07:44:18,505:INFO: Train: [156][2111/2112]  Loss -0.7603 (-1.5763)  Time:  1.120 (0.040)  Data Time:  0.023 (0.016)
2022-05-13 07:44:18,510:INFO:   Eta: 2:13:17
2022-05-13 07:44:31,969:INFO: Valid: [156][500/501]  Loss -5.0214 (-3.0012)
2022-05-13 07:46:01,153:INFO: Train: [157][2111/2112]  Loss -0.8103 (-1.4406)  Time:  1.052 (0.042)  Data Time:  0.019 (0.018)
2022-05-13 07:46:01,159:INFO:   Eta: 2:17:58
2022-05-13 07:46:14,903:INFO: Valid: [157][500/501]  Loss -4.0805 (-2.4486)
2022-05-13 07:47:43,671:INFO: Train: [158][2111/2112]  Loss -0.8494 (-1.4777)  Time:  1.136 (0.042)  Data Time:  0.001 (0.018)
2022-05-13 07:47:43,673:INFO:   Eta: 2:15:54
2022-05-13 07:47:56,802:INFO: Valid: [158][500/501]  Loss -4.1635 (-2.5114)
2022-05-13 07:49:25,457:INFO: Train: [159][2111/2112]  Loss -0.7285 (-1.5548)  Time:  1.081 (0.042)  Data Time:  0.022 (0.017)
2022-05-13 07:49:25,459:INFO:   Eta: 2:14:16
2022-05-13 07:49:38,477:INFO: Valid: [159][500/501]  Loss -3.9673 (-2.4563)
2022-05-13 07:51:06,413:INFO: Train: [160][2111/2112]  Loss -0.8714 (-1.4891)  Time:  1.063 (0.042)  Data Time:  0.020 (0.017)
2022-05-13 07:51:06,418:INFO:   Eta: 2:11:41
2022-05-13 07:51:19,370:INFO: Valid: [160][500/501]  Loss -4.7896 (-2.9040)
2022-05-13 07:51:50,826:INFO: Train: [161][2111/2112]  Loss -0.8189 (-1.5509)  Time:  0.320 (0.015)  Data Time:  0.000 (0.004)
2022-05-13 07:51:50,828:INFO:   Eta: 0:46:28
2022-05-13 07:52:03,604:INFO: Valid: [161][500/501]  Loss -2.9345 (-1.8240)
2022-05-13 07:53:32,449:INFO: Train: [162][2111/2112]  Loss -0.8057 (-1.5361)  Time:  1.042 (0.042)  Data Time:  0.022 (0.017)
2022-05-13 07:53:32,455:INFO:   Eta: 2:10:04
2022-05-13 07:53:45,638:INFO: Valid: [162][500/501]  Loss -4.7227 (-2.9119)
2022-05-13 07:55:14,513:INFO: Train: [163][2111/2112]  Loss -0.7650 (-1.4316)  Time:  1.141 (0.042)  Data Time:  0.001 (0.017)
2022-05-13 07:55:14,633:INFO:   Eta: 2:08:39
2022-05-13 07:55:27,822:INFO: Valid: [163][500/501]  Loss -4.5823 (-2.7753)
2022-05-13 07:56:52,067:INFO: Train: [164][2111/2112]  Loss -0.7121 (-1.5878)  Time:  1.206 (0.040)  Data Time:  0.005 (0.016)
2022-05-13 07:56:52,070:INFO:   Eta: 2:00:33
2022-05-13 07:57:04,806:INFO: Valid: [164][500/501]  Loss -5.3967 (-3.3471)
2022-05-13 07:57:04,872:INFO: Checkpoint saved...
2022-05-13 07:58:34,234:INFO: Train: [165][2111/2112]  Loss -0.7734 (-1.4633)  Time:  1.137 (0.042)  Data Time:  0.021 (0.018)
2022-05-13 07:58:34,241:INFO:   Eta: 2:06:27
2022-05-13 07:58:47,565:INFO: Valid: [165][500/501]  Loss -4.6949 (-2.8604)
2022-05-13 08:00:14,506:INFO: Train: [166][2111/2112]  Loss -0.7634 (-1.5737)  Time:  1.107 (0.041)  Data Time:  0.017 (0.017)
2022-05-13 08:00:14,507:INFO:   Eta: 2:01:31
2022-05-13 08:00:27,783:INFO: Valid: [166][500/501]  Loss -4.8678 (-2.9408)
2022-05-13 08:01:44,050:INFO: Train: [167][2111/2112]  Loss -0.7626 (-1.5829)  Time:  0.829 (0.036)  Data Time:  0.000 (0.014)
2022-05-13 08:01:44,052:INFO:   Eta: 1:45:18
2022-05-13 08:01:54,188:INFO: Valid: [167][500/501]  Loss -5.2033 (-3.2044)
2022-05-13 08:02:54,734:INFO: Train: [168][2111/2112]  Loss -0.8660 (-1.5717)  Time:  0.719 (0.029)  Data Time:  0.000 (0.009)
2022-05-13 08:02:54,738:INFO:   Eta: 1:22:32
2022-05-13 08:03:06,015:INFO: Valid: [168][500/501]  Loss -4.5382 (-2.8150)
2022-05-13 08:04:15,652:INFO: Train: [169][2111/2112]  Loss -0.8292 (-1.5824)  Time:  1.087 (0.033)  Data Time:  0.001 (0.011)
2022-05-13 08:04:15,655:INFO:   Eta: 1:33:47
2022-05-13 08:04:28,616:INFO: Valid: [169][500/501]  Loss -5.6115 (-3.4788)
2022-05-13 08:04:28,682:INFO: Checkpoint saved...
2022-05-13 08:05:18,120:INFO: Train: [170][2111/2112]  Loss -0.7949 (-1.5583)  Time:  0.274 (0.023)  Data Time:  0.000 (0.008)
2022-05-13 08:05:18,121:INFO:   Eta: 1:05:47
2022-05-13 08:05:23,647:INFO: Valid: [170][500/501]  Loss 0.9231 (0.2185)
2022-05-13 08:06:50,434:INFO: Train: [171][2111/2112]  Loss -0.6608 (-1.5663)  Time:  1.127 (0.041)  Data Time:  0.001 (0.015)
2022-05-13 08:06:50,439:INFO:   Eta: 1:54:04
2022-05-13 08:07:03,520:INFO: Valid: [171][500/501]  Loss -4.1691 (-2.6431)
2022-05-13 08:08:33,962:INFO: Train: [172][2111/2112]  Loss -0.7578 (-1.5038)  Time:  1.126 (0.043)  Data Time:  0.021 (0.018)
2022-05-13 08:08:33,970:INFO:   Eta: 1:57:22
2022-05-13 08:08:47,002:INFO: Valid: [172][500/501]  Loss -2.9738 (-1.9469)
2022-05-13 08:10:13,480:INFO: Train: [173][2111/2112]  Loss -0.7264 (-1.5781)  Time:  1.094 (0.041)  Data Time:  0.021 (0.016)
2022-05-13 08:10:13,483:INFO:   Eta: 1:50:48
2022-05-13 08:10:26,378:INFO: Valid: [173][500/501]  Loss -4.5274 (-2.7941)
2022-05-13 08:11:45,284:INFO: Train: [174][2111/2112]  Loss -0.7812 (-1.6084)  Time:  0.487 (0.037)  Data Time:  0.022 (0.014)
2022-05-13 08:11:45,285:INFO:   Eta: 1:39:45
2022-05-13 08:11:54,913:INFO: Valid: [174][500/501]  Loss -3.7266 (-2.3695)
2022-05-13 08:12:49,599:INFO: Train: [175][2111/2112]  Loss -0.7791 (-1.6122)  Time:  0.701 (0.026)  Data Time:  0.001 (0.007)
2022-05-13 08:12:49,600:INFO:   Eta: 1:08:10
2022-05-13 08:12:59,263:INFO: Valid: [175][500/501]  Loss -2.9952 (-1.9820)
2022-05-13 08:13:58,838:INFO: Train: [176][2111/2112]  Loss -0.8250 (-1.4600)  Time:  0.698 (0.028)  Data Time:  0.021 (0.009)
2022-05-13 08:13:58,839:INFO:   Eta: 1:13:15
2022-05-13 08:14:08,363:INFO: Valid: [176][500/501]  Loss -4.7604 (-2.9122)
2022-05-13 08:15:18,091:INFO: Train: [177][2111/2112]  Loss -0.7815 (-1.6088)  Time:  0.743 (0.033)  Data Time:  0.000 (0.011)
2022-05-13 08:15:18,099:INFO:   Eta: 1:24:39
2022-05-13 08:15:28,005:INFO: Valid: [177][500/501]  Loss -3.8981 (-2.2811)
2022-05-13 08:16:23,532:INFO: Train: [178][2111/2112]  Loss -0.6880 (-1.4996)  Time:  0.508 (0.026)  Data Time:  0.001 (0.007)
2022-05-13 08:16:23,536:INFO:   Eta: 1:06:28
2022-05-13 08:16:33,854:INFO: Valid: [178][500/501]  Loss -5.5743 (-3.4720)
2022-05-13 08:18:02,279:INFO: Train: [179][2111/2112]  Loss -0.8261 (-1.5796)  Time:  1.007 (0.042)  Data Time:  0.022 (0.017)
2022-05-13 08:18:02,280:INFO:   Eta: 1:44:29
2022-05-13 08:18:15,046:INFO: Valid: [179][500/501]  Loss -5.2609 (-3.2524)
2022-05-13 08:19:04,338:INFO: Train: [180][2111/2112]  Loss -0.7688 (-1.5813)  Time:  0.300 (0.023)  Data Time:  0.000 (0.008)
2022-05-13 08:19:04,341:INFO:   Eta: 0:57:21
2022-05-13 08:19:10,081:INFO: Valid: [180][500/501]  Loss -5.0594 (-3.0580)
2022-05-13 08:20:23,934:INFO: Train: [181][2111/2112]  Loss -0.8203 (-1.5587)  Time:  0.458 (0.035)  Data Time:  0.008 (0.013)
2022-05-13 08:20:23,941:INFO:   Eta: 1:24:45
2022-05-13 08:20:35,389:INFO: Valid: [181][500/501]  Loss -4.8269 (-2.9347)
2022-05-13 08:22:02,602:INFO: Train: [182][2111/2112]  Loss -0.8118 (-1.5156)  Time:  1.133 (0.041)  Data Time:  0.019 (0.017)
2022-05-13 08:22:02,604:INFO:   Eta: 1:38:35
2022-05-13 08:22:15,670:INFO: Valid: [182][500/501]  Loss -4.7509 (-2.8605)
2022-05-13 08:23:44,556:INFO: Train: [183][2111/2112]  Loss -0.8563 (-1.5021)  Time:  1.143 (0.042)  Data Time:  0.001 (0.018)
2022-05-13 08:23:44,560:INFO:   Eta: 1:39:05
2022-05-13 08:23:57,471:INFO: Valid: [183][500/501]  Loss -4.3657 (-2.7365)
2022-05-13 08:25:03,700:INFO: Train: [184][2111/2112]  Loss -0.7960 (-1.5023)  Time:  0.802 (0.031)  Data Time:  0.031 (0.011)
2022-05-13 08:25:03,703:INFO:   Eta: 1:12:42
2022-05-13 08:25:13,461:INFO: Valid: [184][500/501]  Loss -2.7649 (-1.7851)
2022-05-13 08:26:39,414:INFO: Train: [185][2111/2112]  Loss -0.7655 (-1.4583)  Time:  1.022 (0.041)  Data Time:  0.001 (0.017)
2022-05-13 08:26:39,418:INFO:   Eta: 1:32:50
2022-05-13 08:26:52,281:INFO: Valid: [185][500/501]  Loss -5.2490 (-3.2240)
2022-05-13 08:28:20,369:INFO: Train: [186][2111/2112]  Loss -0.8656 (-1.5913)  Time:  1.108 (0.042)  Data Time:  0.021 (0.017)
2022-05-13 08:28:20,371:INFO:   Eta: 1:33:47
2022-05-13 08:28:33,231:INFO: Valid: [186][500/501]  Loss -3.5702 (-2.2439)
2022-05-13 08:29:58,496:INFO: Train: [187][2111/2112]  Loss -0.7876 (-1.5331)  Time:  1.108 (0.040)  Data Time:  0.023 (0.017)
2022-05-13 08:29:58,498:INFO:   Eta: 1:29:21
2022-05-13 08:30:08,390:INFO: Valid: [187][500/501]  Loss -2.8411 (-1.8758)
2022-05-13 08:31:28,919:INFO: Train: [188][2111/2112]  Loss -0.7626 (-1.6019)  Time:  1.176 (0.038)  Data Time:  0.019 (0.015)
2022-05-13 08:31:28,925:INFO:   Eta: 1:23:05
2022-05-13 08:31:41,839:INFO: Valid: [188][500/501]  Loss -1.9084 (-1.3444)
2022-05-13 08:32:32,770:INFO: Train: [189][2111/2112]  Loss -0.8257 (-1.5970)  Time:  0.291 (0.024)  Data Time:  0.001 (0.008)
2022-05-13 08:32:32,771:INFO:   Eta: 0:51:38
2022-05-13 08:32:38,106:INFO: Valid: [189][500/501]  Loss -4.5071 (-2.8927)
2022-05-13 08:33:41,912:INFO: Train: [190][2111/2112]  Loss -0.8299 (-1.5218)  Time:  1.193 (0.030)  Data Time:  0.022 (0.009)
2022-05-13 08:33:41,923:INFO:   Eta: 1:03:39
2022-05-13 08:33:53,617:INFO: Valid: [190][500/501]  Loss -1.9744 (-1.3865)
2022-05-13 08:34:58,293:INFO: Train: [191][2111/2112]  Loss -0.8325 (-1.5548)  Time:  0.920 (0.031)  Data Time:  0.017 (0.008)
2022-05-13 08:34:58,297:INFO:   Eta: 1:03:22
2022-05-13 08:35:08,304:INFO: Valid: [191][500/501]  Loss -4.6458 (-2.8829)
2022-05-13 08:36:13,903:INFO: Train: [192][2111/2112]  Loss -0.8712 (-1.5684)  Time:  0.607 (0.031)  Data Time:  0.021 (0.010)
2022-05-13 08:36:13,904:INFO:   Eta: 1:03:15
2022-05-13 08:36:24,789:INFO: Valid: [192][500/501]  Loss -5.2231 (-3.1541)
2022-05-13 08:37:49,273:INFO: Train: [193][2111/2112]  Loss -0.7576 (-1.5952)  Time:  1.044 (0.040)  Data Time:  0.001 (0.016)
2022-05-13 08:37:49,275:INFO:   Eta: 1:20:07
2022-05-13 08:37:59,055:INFO: Valid: [193][500/501]  Loss -4.7931 (-2.9969)
2022-05-13 08:38:54,916:INFO: Train: [194][2111/2112]  Loss -0.7691 (-1.5162)  Time:  0.334 (0.026)  Data Time:  0.000 (0.006)
2022-05-13 08:38:54,918:INFO:   Eta: 0:52:00
2022-05-13 08:39:04,363:INFO: Valid: [194][500/501]  Loss -3.4891 (-2.2208)
2022-05-13 08:40:09,396:INFO: Train: [195][2111/2112]  Loss -0.7850 (-1.6209)  Time:  0.518 (0.031)  Data Time:  0.001 (0.010)
2022-05-13 08:40:09,399:INFO:   Eta: 0:59:27
2022-05-13 08:40:18,848:INFO: Valid: [195][500/501]  Loss -4.8754 (-3.0217)
2022-05-13 08:41:11,134:INFO: Train: [196][2111/2112]  Loss -0.7808 (-1.6224)  Time:  0.427 (0.025)  Data Time:  0.000 (0.006)
2022-05-13 08:41:11,138:INFO:   Eta: 0:46:56
2022-05-13 08:41:19,600:INFO: Valid: [196][500/501]  Loss -5.2208 (-3.2194)
2022-05-13 08:42:07,595:INFO: Train: [197][2111/2112]  Loss -0.8153 (-1.5667)  Time:  0.367 (0.023)  Data Time:  0.001 (0.004)
2022-05-13 08:42:07,598:INFO:   Eta: 0:42:17
2022-05-13 08:42:16,425:INFO: Valid: [197][500/501]  Loss -5.4502 (-3.3767)
2022-05-13 08:43:24,212:INFO: Train: [198][2111/2112]  Loss -0.8205 (-1.5946)  Time:  0.863 (0.032)  Data Time:  0.023 (0.012)
2022-05-13 08:43:24,214:INFO:   Eta: 0:58:37
2022-05-13 08:43:34,931:INFO: Valid: [198][500/501]  Loss -4.5949 (-2.8944)
2022-05-13 08:44:30,149:INFO: Train: [199][2111/2112]  Loss -0.7748 (-1.4331)  Time:  1.019 (0.026)  Data Time:  0.023 (0.008)
2022-05-13 08:44:30,152:INFO:   Eta: 0:46:48
2022-05-13 08:44:39,275:INFO: Valid: [199][500/501]  Loss -4.7239 (-2.8745)
2022-05-13 08:45:29,797:INFO: Train: [200][2111/2112]  Loss -0.6643 (-1.5912)  Time:  0.351 (0.024)  Data Time:  0.001 (0.006)
2022-05-13 08:45:29,798:INFO:   Eta: 0:42:00
2022-05-13 08:45:38,222:INFO: Valid: [200][500/501]  Loss -4.8761 (-3.1025)
2022-05-13 08:46:26,011:INFO: Train: [201][2111/2112]  Loss -0.7001 (-1.6304)  Time:  0.449 (0.023)  Data Time:  0.021 (0.006)
2022-05-13 08:46:26,013:INFO:   Eta: 0:38:55
2022-05-13 08:46:34,490:INFO: Valid: [201][500/501]  Loss -5.2685 (-3.2463)
2022-05-13 08:47:06,127:INFO: Train: [202][2111/2112]  Loss -0.7502 (-1.5962)  Time:  1.024 (0.015)  Data Time:  0.022 (0.003)
2022-05-13 08:47:06,130:INFO:   Eta: 0:25:11
2022-05-13 08:47:18,277:INFO: Valid: [202][500/501]  Loss -5.7905 (-3.5727)
2022-05-13 08:47:18,349:INFO: Checkpoint saved...
2022-05-13 08:48:43,868:INFO: Train: [203][2111/2112]  Loss -0.7663 (-1.5527)  Time:  1.171 (0.040)  Data Time:  0.020 (0.018)
2022-05-13 08:48:43,869:INFO:   Eta: 1:06:54
2022-05-13 08:48:56,024:INFO: Valid: [203][500/501]  Loss -4.9064 (-2.9557)
2022-05-13 08:50:20,207:INFO: Train: [204][2111/2112]  Loss -0.8368 (-1.5979)  Time:  1.199 (0.040)  Data Time:  0.022 (0.017)
2022-05-13 08:50:20,209:INFO:   Eta: 1:04:26
2022-05-13 08:50:32,629:INFO: Valid: [204][500/501]  Loss -4.4091 (-2.7734)
2022-05-13 08:51:59,481:INFO: Train: [205][2111/2112]  Loss -0.7479 (-1.6074)  Time:  1.096 (0.041)  Data Time:  0.023 (0.018)
2022-05-13 08:51:59,484:INFO:   Eta: 1:05:02
2022-05-13 08:52:11,697:INFO: Valid: [205][500/501]  Loss -5.0277 (-3.1334)
2022-05-13 08:53:35,623:INFO: Train: [206][2111/2112]  Loss -0.7868 (-1.5289)  Time:  0.670 (0.040)  Data Time:  0.022 (0.018)
2022-05-13 08:53:35,626:INFO:   Eta: 1:01:27
2022-05-13 08:53:45,963:INFO: Valid: [206][500/501]  Loss -4.5926 (-2.8641)
2022-05-13 08:55:10,083:INFO: Train: [207][2111/2112]  Loss -0.7951 (-1.4763)  Time:  1.251 (0.040)  Data Time:  0.022 (0.017)
2022-05-13 08:55:10,085:INFO:   Eta: 1:00:11
2022-05-13 08:55:21,685:INFO: Valid: [207][500/501]  Loss -3.1042 (-2.0029)
2022-05-13 08:56:23,753:INFO: Train: [208][2111/2112]  Loss -0.8690 (-1.5219)  Time:  0.332 (0.029)  Data Time:  0.000 (0.010)
2022-05-13 08:56:23,756:INFO:   Eta: 0:43:21
2022-05-13 08:56:33,409:INFO: Valid: [208][500/501]  Loss -4.5179 (-2.7531)
2022-05-13 08:57:49,299:INFO: Train: [209][2111/2112]  Loss -0.8349 (-1.6007)  Time:  1.085 (0.036)  Data Time:  0.023 (0.015)
2022-05-13 08:57:49,300:INFO:   Eta: 0:51:45
2022-05-13 08:58:01,975:INFO: Valid: [209][500/501]  Loss -3.0532 (-2.0272)
2022-05-13 08:59:10,237:INFO: Train: [210][2111/2112]  Loss -0.8292 (-1.5581)  Time:  0.993 (0.032)  Data Time:  0.023 (0.012)
2022-05-13 08:59:10,238:INFO:   Eta: 0:45:24
2022-05-13 08:59:20,474:INFO: Valid: [210][500/501]  Loss 0.0882 (-0.2858)
2022-05-13 09:00:30,582:INFO: Train: [211][2111/2112]  Loss -0.8340 (-1.5896)  Time:  0.317 (0.033)  Data Time:  0.000 (0.013)
2022-05-13 09:00:30,585:INFO:   Eta: 0:45:29
2022-05-13 09:00:36,156:INFO: Valid: [211][500/501]  Loss -3.3667 (-2.1223)
2022-05-13 09:01:29,905:INFO: Train: [212][2111/2112]  Loss -0.7601 (-1.6015)  Time:  0.323 (0.025)  Data Time:  0.000 (0.008)
2022-05-13 09:01:29,908:INFO:   Eta: 0:33:58
2022-05-13 09:01:41,479:INFO: Valid: [212][500/501]  Loss -1.7158 (-1.0969)
2022-05-13 09:02:37,962:INFO: Train: [213][2111/2112]  Loss -0.8310 (-1.5426)  Time:  0.357 (0.027)  Data Time:  0.000 (0.008)
2022-05-13 09:02:37,964:INFO:   Eta: 0:34:45
2022-05-13 09:02:47,720:INFO: Valid: [213][500/501]  Loss -3.0470 (-2.0593)
2022-05-13 09:03:48,030:INFO: Train: [214][2111/2112]  Loss -0.7734 (-1.6311)  Time:  0.894 (0.028)  Data Time:  0.005 (0.010)
2022-05-13 09:03:48,031:INFO:   Eta: 0:36:06
2022-05-13 09:03:57,693:INFO: Valid: [214][500/501]  Loss -3.1501 (-1.9094)
2022-05-13 09:05:01,022:INFO: Train: [215][2111/2112]  Loss -0.8562 (-1.6055)  Time:  1.086 (0.030)  Data Time:  0.021 (0.010)
2022-05-13 09:05:01,023:INFO:   Eta: 0:36:52
2022-05-13 09:05:13,268:INFO: Valid: [215][500/501]  Loss -3.8263 (-2.4097)
2022-05-13 09:06:40,160:INFO: Train: [216][2111/2112]  Loss -0.9387 (-1.5630)  Time:  1.140 (0.041)  Data Time:  0.021 (0.018)
2022-05-13 09:06:40,164:INFO:   Eta: 0:49:08
2022-05-13 09:06:52,890:INFO: Valid: [216][500/501]  Loss -5.3233 (-3.2313)
2022-05-13 09:08:18,992:INFO: Train: [217][2111/2112]  Loss -0.7744 (-1.5190)  Time:  1.105 (0.041)  Data Time:  0.023 (0.017)
2022-05-13 09:08:18,993:INFO:   Eta: 0:47:16
2022-05-13 09:08:32,366:INFO: Valid: [217][500/501]  Loss -5.0315 (-3.1800)
2022-05-13 09:09:58,301:INFO: Train: [218][2111/2112]  Loss -0.8340 (-1.4994)  Time:  1.166 (0.041)  Data Time:  0.021 (0.017)
2022-05-13 09:09:58,302:INFO:   Eta: 0:45:44
2022-05-13 09:10:11,034:INFO: Valid: [218][500/501]  Loss -4.0729 (-2.5292)
2022-05-13 09:11:20,060:INFO: Train: [219][2111/2112]  Loss -0.8130 (-1.5684)  Time:  0.835 (0.033)  Data Time:  0.000 (0.012)
2022-05-13 09:11:20,062:INFO:   Eta: 0:35:36
2022-05-13 09:11:29,388:INFO: Valid: [219][500/501]  Loss -3.3794 (-2.0857)
2022-05-13 09:12:27,543:INFO: Train: [220][2111/2112]  Loss -0.7987 (-1.6033)  Time:  1.003 (0.027)  Data Time:  0.021 (0.008)
2022-05-13 09:12:27,544:INFO:   Eta: 0:28:59
2022-05-13 09:12:37,314:INFO: Valid: [220][500/501]  Loss -3.5498 (-2.2029)
2022-05-13 09:13:55,345:INFO: Train: [221][2111/2112]  Loss -0.8296 (-1.6341)  Time:  1.137 (0.037)  Data Time:  0.021 (0.015)
2022-05-13 09:13:55,347:INFO:   Eta: 0:37:39
2022-05-13 09:14:05,102:INFO: Valid: [221][500/501]  Loss -4.9181 (-3.1287)
2022-05-13 09:14:45,661:INFO: Train: [222][2111/2112]  Loss -0.8354 (-1.5763)  Time:  1.161 (0.019)  Data Time:  0.022 (0.005)
2022-05-13 09:14:45,665:INFO:   Eta: 0:18:52
2022-05-13 09:14:57,688:INFO: Valid: [222][500/501]  Loss -4.6316 (-2.8824)
2022-05-13 09:16:00,046:INFO: Train: [223][2111/2112]  Loss -0.7252 (-1.5863)  Time:  0.459 (0.029)  Data Time:  0.001 (0.009)
2022-05-13 09:16:00,047:INFO:   Eta: 0:28:00
2022-05-13 09:16:10,161:INFO: Valid: [223][500/501]  Loss -5.0894 (-3.1290)
2022-05-13 09:17:21,148:INFO: Train: [224][2111/2112]  Loss -0.8432 (-1.4730)  Time:  1.162 (0.034)  Data Time:  0.021 (0.011)
2022-05-13 09:17:21,150:INFO:   Eta: 0:30:41
2022-05-13 09:17:33,652:INFO: Valid: [224][500/501]  Loss -3.0110 (-2.0324)
2022-05-13 09:18:53,411:INFO: Train: [225][2111/2112]  Loss -0.8630 (-1.5304)  Time:  1.146 (0.038)  Data Time:  0.001 (0.014)
2022-05-13 09:18:53,415:INFO:   Eta: 0:33:10
2022-05-13 09:19:06,376:INFO: Valid: [225][500/501]  Loss -4.3368 (-2.7840)
2022-05-13 09:20:37,925:INFO: Train: [226][2111/2112]  Loss -0.8923 (-1.6017)  Time:  1.118 (0.043)  Data Time:  0.007 (0.018)
2022-05-13 09:20:37,928:INFO:   Eta: 0:36:34
2022-05-13 09:20:51,156:INFO: Valid: [226][500/501]  Loss -3.3318 (-2.0796)
2022-05-13 09:22:24,160:INFO: Train: [227][2111/2112]  Loss -0.8184 (-1.6226)  Time:  1.145 (0.044)  Data Time:  0.022 (0.019)
2022-05-13 09:22:24,163:INFO:   Eta: 0:35:35
2022-05-13 09:22:37,289:INFO: Valid: [227][500/501]  Loss -4.4403 (-2.8177)
2022-05-13 09:24:10,477:INFO: Train: [228][2111/2112]  Loss -0.7869 (-1.5845)  Time:  1.098 (0.044)  Data Time:  0.023 (0.019)
2022-05-13 09:24:10,478:INFO:   Eta: 0:34:06
2022-05-13 09:24:24,130:INFO: Valid: [228][500/501]  Loss -4.7482 (-2.9254)
2022-05-13 09:25:57,007:INFO: Train: [229][2111/2112]  Loss -0.8304 (-1.5799)  Time:  1.153 (0.044)  Data Time:  0.021 (0.019)
2022-05-13 09:25:57,008:INFO:   Eta: 0:32:27
2022-05-13 09:26:10,327:INFO: Valid: [229][500/501]  Loss -4.0110 (-2.6000)
2022-05-13 09:27:42,250:INFO: Train: [230][2111/2112]  Loss -0.8613 (-1.6329)  Time:  1.082 (0.043)  Data Time:  0.021 (0.018)
2022-05-13 09:27:42,251:INFO:   Eta: 0:30:35
2022-05-13 09:27:49,284:INFO: Valid: [230][500/501]  Loss -5.4396 (-3.3915)
2022-05-13 09:28:32,169:INFO: Train: [231][2111/2112]  Loss -0.8566 (-1.6212)  Time:  0.987 (0.020)  Data Time:  0.001 (0.005)
2022-05-13 09:28:32,171:INFO:   Eta: 0:13:32
2022-05-13 09:28:43,261:INFO: Valid: [231][500/501]  Loss -3.2464 (-2.1435)
2022-05-13 09:30:05,727:INFO: Train: [232][2111/2112]  Loss -0.7882 (-1.6299)  Time:  1.136 (0.039)  Data Time:  0.021 (0.017)
2022-05-13 09:30:05,728:INFO:   Eta: 0:24:42
2022-05-13 09:30:17,924:INFO: Valid: [232][500/501]  Loss -4.3951 (-2.6205)
2022-05-13 09:31:31,809:INFO: Train: [233][2111/2112]  Loss -0.7278 (-1.6262)  Time:  0.569 (0.035)  Data Time:  0.000 (0.014)
2022-05-13 09:31:31,812:INFO:   Eta: 0:20:54
2022-05-13 09:31:42,623:INFO: Valid: [233][500/501]  Loss -5.7660 (-3.5726)
2022-05-13 09:32:37,916:INFO: Train: [234][2111/2112]  Loss -0.8567 (-1.6253)  Time:  0.317 (0.026)  Data Time:  0.000 (0.009)
2022-05-13 09:32:37,918:INFO:   Eta: 0:14:42
2022-05-13 09:32:47,089:INFO: Valid: [234][500/501]  Loss -4.8604 (-3.0223)
2022-05-13 09:33:33,986:INFO: Train: [235][2111/2112]  Loss -0.7161 (-1.5761)  Time:  0.432 (0.022)  Data Time:  0.000 (0.004)
2022-05-13 09:33:33,987:INFO:   Eta: 0:11:41
2022-05-13 09:33:42,775:INFO: Valid: [235][500/501]  Loss -3.8269 (-2.4740)
2022-05-13 09:34:47,791:INFO: Train: [236][2111/2112]  Loss -0.8055 (-1.6176)  Time:  0.348 (0.031)  Data Time:  0.001 (0.011)
2022-05-13 09:34:47,794:INFO:   Eta: 0:15:08
2022-05-13 09:34:59,818:INFO: Valid: [236][500/501]  Loss -0.7240 (-0.7798)
2022-05-13 09:36:23,627:INFO: Train: [237][2111/2112]  Loss -0.7625 (-1.5782)  Time:  0.995 (0.040)  Data Time:  0.022 (0.017)
2022-05-13 09:36:23,630:INFO:   Eta: 0:18:07
2022-05-13 09:36:36,092:INFO: Valid: [237][500/501]  Loss -5.2092 (-3.1568)
2022-05-13 09:37:31,609:INFO: Train: [238][2111/2112]  Loss -0.7749 (-1.6367)  Time:  0.371 (0.026)  Data Time:  0.001 (0.009)
2022-05-13 09:37:31,611:INFO:   Eta: 0:11:04
2022-05-13 09:37:40,841:INFO: Valid: [238][500/501]  Loss -5.2566 (-3.2600)
2022-05-13 09:38:28,327:INFO: Train: [239][2111/2112]  Loss -0.8010 (-1.6008)  Time:  0.363 (0.022)  Data Time:  0.001 (0.006)
2022-05-13 09:38:28,329:INFO:   Eta: 0:08:40
2022-05-13 09:38:37,958:INFO: Valid: [239][500/501]  Loss -2.9564 (-1.9662)
2022-05-13 09:39:23,658:INFO: Train: [240][2111/2112]  Loss -0.8744 (-1.6135)  Time:  0.324 (0.022)  Data Time:  0.000 (0.006)
2022-05-13 09:39:23,659:INFO:   Eta: 0:07:35
2022-05-13 09:39:32,380:INFO: Valid: [240][500/501]  Loss -5.6275 (-3.4449)
2022-05-13 09:40:23,149:INFO: Train: [241][2111/2112]  Loss -0.7694 (-1.6105)  Time:  0.905 (0.024)  Data Time:  0.001 (0.006)
2022-05-13 09:40:23,151:INFO:   Eta: 0:07:34
2022-05-13 09:40:32,262:INFO: Valid: [241][500/501]  Loss -5.0486 (-3.1765)
2022-05-13 09:41:48,434:INFO: Train: [242][2111/2112]  Loss -0.8285 (-1.6425)  Time:  0.319 (0.036)  Data Time:  0.000 (0.015)
2022-05-13 09:41:48,437:INFO:   Eta: 0:10:08
2022-05-13 09:41:53,960:INFO: Valid: [242][500/501]  Loss -3.5942 (-2.3934)
2022-05-13 09:42:46,377:INFO: Train: [243][2111/2112]  Loss -0.8003 (-1.5941)  Time:  0.919 (0.025)  Data Time:  0.001 (0.008)
2022-05-13 09:42:46,379:INFO:   Eta: 0:06:06
2022-05-13 09:42:56,333:INFO: Valid: [243][500/501]  Loss -4.0701 (-2.7183)
2022-05-13 09:43:52,488:INFO: Train: [244][2111/2112]  Loss -0.8179 (-1.5739)  Time:  0.549 (0.027)  Data Time:  0.022 (0.008)
2022-05-13 09:43:52,492:INFO:   Eta: 0:05:36
2022-05-13 09:44:02,076:INFO: Valid: [244][500/501]  Loss -4.1408 (-2.6738)
2022-05-13 09:44:56,274:INFO: Train: [245][2111/2112]  Loss -0.7848 (-1.5639)  Time:  0.382 (0.026)  Data Time:  0.000 (0.007)
2022-05-13 09:44:56,277:INFO:   Eta: 0:04:30
2022-05-13 09:45:05,768:INFO: Valid: [245][500/501]  Loss -5.3084 (-3.3219)
2022-05-13 09:46:04,869:INFO: Train: [246][2111/2112]  Loss -0.7767 (-1.5598)  Time:  0.533 (0.028)  Data Time:  0.021 (0.009)
2022-05-13 09:46:04,871:INFO:   Eta: 0:03:55
2022-05-13 09:46:14,367:INFO: Valid: [246][500/501]  Loss -3.0736 (-2.0964)
2022-05-13 09:47:13,853:INFO: Train: [247][2111/2112]  Loss -0.7986 (-1.6223)  Time:  0.373 (0.028)  Data Time:  0.001 (0.009)
2022-05-13 09:47:13,856:INFO:   Eta: 0:02:58
2022-05-13 09:47:23,357:INFO: Valid: [247][500/501]  Loss -5.5379 (-3.3922)
2022-05-13 09:48:15,133:INFO: Train: [248][2111/2112]  Loss -0.7909 (-1.6449)  Time:  0.906 (0.024)  Data Time:  0.000 (0.006)
2022-05-13 09:48:15,135:INFO:   Eta: 0:01:43
2022-05-13 09:48:24,133:INFO: Valid: [248][500/501]  Loss -3.9544 (-2.5095)
2022-05-13 09:49:19,011:INFO: Train: [249][2111/2112]  Loss -0.8460 (-1.5941)  Time:  0.675 (0.026)  Data Time:  0.001 (0.008)
2022-05-13 09:49:19,017:INFO:   Eta: 0:00:54
2022-05-13 09:49:28,704:INFO: Valid: [249][500/501]  Loss -1.5611 (-1.2067)
