2022-05-13 04:19:11,856:INFO: batch_size=128
2022-05-13 04:19:11,857:INFO: clip_grad=None
2022-05-13 04:19:11,857:INFO: dataset=zara1
2022-05-13 04:19:11,857:INFO: dict_kernel_size=3
2022-05-13 04:19:11,857:INFO: drop=0.0
2022-05-13 04:19:11,857:INFO: gpu_num=2
2022-05-13 04:19:11,857:INFO: ilr=0.015
2022-05-13 04:19:11,857:INFO: init=kmeans
2022-05-13 04:19:11,857:INFO: input_size=2
2022-05-13 04:19:11,857:INFO: kernel_size=3
2022-05-13 04:19:11,857:INFO: log_dir=./runs/9-1.5xlr
2022-05-13 04:19:11,857:INFO: lr=0.01
2022-05-13 04:19:11,857:INFO: lr_sh_rate=150
2022-05-13 04:19:11,857:INFO: model=social_stgcnn9
2022-05-13 04:19:11,858:INFO: n_stgcnn=1
2022-05-13 04:19:11,858:INFO: n_txpcnn=5
2022-05-13 04:19:11,858:INFO: name=9-1.5xlr
2022-05-13 04:19:11,858:INFO: num_epochs=250
2022-05-13 04:19:11,858:INFO: obs_seq_len=8
2022-05-13 04:19:11,858:INFO: output_size=5
2022-05-13 04:19:11,858:INFO: pred_seq_len=12
2022-05-13 04:19:11,858:INFO: seed=0
2022-05-13 04:19:11,858:INFO: tag=zara1
2022-05-13 04:19:11,858:INFO: use_lrschd=True
2022-05-13 04:19:11,858:INFO: ******************************
2022-05-13 04:19:11,858:INFO: Training initiating....
2022-05-13 04:19:11,858:INFO: Namespace(model='social_stgcnn9', name='9-1.5xlr', input_size=2, output_size=5, n_stgcnn=1, n_txpcnn=5, kernel_size=3, obs_seq_len=8, pred_seq_len=12, dataset='zara1', batch_size=128, num_epochs=250, clip_grad=None, lr=0.01, ilr=0.015, lr_sh_rate=150, use_lrschd=True, tag='zara1', log_dir='./runs/9-1.5xlr', seed=0, gpu_num='2', drop=0.0, init='kmeans', dict_kernel_size=3)
2022-05-13 04:19:12,080:INFO: Initializing train dataset
2022-05-13 04:19:31,274:INFO: Initializing val dataset
2022-05-13 04:19:52,088:INFO: social_stgcnn9
2022-05-13 04:19:52,127:INFO: 0.01
2022-05-13 04:19:52,127:INFO: 0.01
2022-05-13 04:19:52,127:INFO: 0.01
2022-05-13 04:19:52,127:INFO: 0.015
2022-05-13 04:19:52,128:INFO: Data and model loaded
2022-05-13 04:19:52,128:INFO: Checkpoint dir: ./runs/9-1.5xlr/zara1/checkpoint
2022-05-13 04:19:52,128:INFO: Training started ...
2022-05-13 04:21:16,560:INFO: Train: [0][2321/2322]  Loss 0.1205 (1.3607)  Time:  0.296 (0.036)  Data Time:  0.021 (0.014)
2022-05-13 04:21:16,724:INFO:   Eta: 5:51:43
2022-05-13 04:22:36,039:INFO: Train: [1][2321/2322]  Loss 0.0555 (0.6319)  Time:  0.265 (0.034)  Data Time:  0.022 (0.014)
2022-05-13 04:22:36,040:INFO:   Eta: 5:26:42
2022-05-13 04:23:55,324:INFO: Train: [2][2321/2322]  Loss 0.0072 (0.4385)  Time:  0.261 (0.034)  Data Time:  0.021 (0.015)
2022-05-13 04:23:55,326:INFO:   Eta: 5:27:13
2022-05-13 04:25:16,004:INFO: Train: [3][2321/2322]  Loss 0.0379 (0.3313)  Time:  0.274 (0.035)  Data Time:  0.007 (0.015)
2022-05-13 04:25:16,005:INFO:   Eta: 5:31:42
2022-05-13 04:26:34,520:INFO: Train: [4][2321/2322]  Loss 0.0518 (0.1103)  Time:  0.288 (0.034)  Data Time:  0.002 (0.014)
2022-05-13 04:26:34,521:INFO:   Eta: 5:21:25
2022-05-13 04:27:53,280:INFO: Train: [5][2321/2322]  Loss 0.0019 (-0.0272)  Time:  0.289 (0.034)  Data Time:  0.001 (0.015)
2022-05-13 04:27:53,282:INFO:   Eta: 5:21:12
2022-05-13 04:29:13,586:INFO: Train: [6][2321/2322]  Loss -0.0192 (0.0780)  Time:  0.279 (0.035)  Data Time:  0.002 (0.015)
2022-05-13 04:29:13,587:INFO:   Eta: 5:26:13
2022-05-13 04:30:33,346:INFO: Train: [7][2321/2322]  Loss 0.0127 (-0.1524)  Time:  0.279 (0.034)  Data Time:  0.023 (0.015)
2022-05-13 04:30:33,347:INFO:   Eta: 5:22:30
2022-05-13 04:31:53,431:INFO: Train: [8][2321/2322]  Loss -0.0456 (-0.1534)  Time:  0.292 (0.034)  Data Time:  0.013 (0.015)
2022-05-13 04:31:53,431:INFO:   Eta: 5:22:37
2022-05-13 04:32:59,029:INFO: Train: [9][2321/2322]  Loss -0.0825 (-0.1305)  Time:  0.093 (0.028)  Data Time:  0.000 (0.011)
2022-05-13 04:32:59,029:INFO:   Eta: 4:22:47
2022-05-13 04:33:21,056:INFO: Train: [10][2321/2322]  Loss -0.0638 (-0.2075)  Time:  0.099 (0.009)  Data Time:  0.001 (0.000)
2022-05-13 04:33:21,057:INFO:   Eta: 1:27:27
2022-05-13 04:34:12,336:INFO: Train: [11][2321/2322]  Loss -0.0302 (-0.2764)  Time:  0.265 (0.022)  Data Time:  0.021 (0.007)
2022-05-13 04:34:12,337:INFO:   Eta: 3:23:45
2022-05-13 04:35:30,969:INFO: Train: [12][2321/2322]  Loss -0.0720 (-0.4415)  Time:  0.265 (0.034)  Data Time:  0.018 (0.015)
2022-05-13 04:35:30,969:INFO:   Eta: 5:11:27
2022-05-13 04:36:48,878:INFO: Train: [13][2321/2322]  Loss -0.1021 (-0.4524)  Time:  0.315 (0.034)  Data Time:  0.022 (0.014)
2022-05-13 04:36:48,879:INFO:   Eta: 5:07:22
2022-05-13 04:38:07,005:INFO: Train: [14][2321/2322]  Loss -0.0882 (-0.4264)  Time:  0.283 (0.034)  Data Time:  0.023 (0.014)
2022-05-13 04:38:07,005:INFO:   Eta: 5:06:50
2022-05-13 04:39:24,738:INFO: Train: [15][2321/2322]  Loss 0.0311 (-0.3916)  Time:  0.287 (0.033)  Data Time:  0.005 (0.014)
2022-05-13 04:39:24,739:INFO:   Eta: 5:04:04
2022-05-13 04:40:40,821:INFO: Train: [16][2321/2322]  Loss -0.0904 (-0.5558)  Time:  0.226 (0.033)  Data Time:  0.000 (0.014)
2022-05-13 04:40:40,821:INFO:   Eta: 4:56:22
2022-05-13 04:41:58,710:INFO: Train: [17][2321/2322]  Loss -0.0383 (-0.4467)  Time:  0.277 (0.033)  Data Time:  0.021 (0.014)
2022-05-13 04:41:58,711:INFO:   Eta: 5:01:59
2022-05-13 04:43:18,227:INFO: Train: [18][2321/2322]  Loss -0.1288 (-0.5373)  Time:  0.266 (0.034)  Data Time:  0.021 (0.015)
2022-05-13 04:43:18,228:INFO:   Eta: 5:07:06
2022-05-13 04:44:37,778:INFO: Train: [19][2321/2322]  Loss -0.0731 (-0.5725)  Time:  0.286 (0.034)  Data Time:  0.021 (0.015)
2022-05-13 04:44:37,779:INFO:   Eta: 5:04:07
2022-05-13 04:45:58,262:INFO: Train: [20][2321/2322]  Loss -0.1204 (-0.5372)  Time:  0.254 (0.035)  Data Time:  0.017 (0.015)
2022-05-13 04:45:58,263:INFO:   Eta: 5:08:10
2022-05-13 04:47:17,297:INFO: Train: [21][2321/2322]  Loss -0.0848 (-0.5435)  Time:  0.275 (0.034)  Data Time:  0.021 (0.014)
2022-05-13 04:47:17,297:INFO:   Eta: 5:01:12
2022-05-13 04:48:06,193:INFO: Train: [22][2321/2322]  Loss -0.0838 (-0.6542)  Time:  0.093 (0.021)  Data Time:  0.000 (0.007)
2022-05-13 04:48:06,194:INFO:   Eta: 3:05:24
2022-05-13 04:48:28,540:INFO: Train: [23][2321/2322]  Loss -0.1065 (-0.6855)  Time:  0.084 (0.010)  Data Time:  0.000 (0.000)
2022-05-13 04:48:28,541:INFO:   Eta: 1:24:06
2022-05-13 04:49:33,763:INFO: Train: [24][2321/2322]  Loss -0.0989 (-0.7253)  Time:  0.249 (0.028)  Data Time:  0.002 (0.011)
2022-05-13 04:49:33,764:INFO:   Eta: 4:05:17
2022-05-13 04:50:50,198:INFO: Train: [25][2321/2322]  Loss -0.0352 (-0.8297)  Time:  0.277 (0.033)  Data Time:  0.022 (0.014)
2022-05-13 04:50:50,199:INFO:   Eta: 4:46:12
2022-05-13 04:52:07,853:INFO: Train: [26][2321/2322]  Loss -0.0667 (-0.8164)  Time:  0.294 (0.033)  Data Time:  0.006 (0.014)
2022-05-13 04:52:07,854:INFO:   Eta: 4:49:30
2022-05-13 04:53:23,960:INFO: Train: [27][2321/2322]  Loss -0.1048 (-0.7037)  Time:  0.275 (0.033)  Data Time:  0.023 (0.014)
2022-05-13 04:53:23,962:INFO:   Eta: 4:42:27
2022-05-13 04:54:40,332:INFO: Train: [28][2321/2322]  Loss -0.1151 (-0.8760)  Time:  0.293 (0.033)  Data Time:  0.016 (0.014)
2022-05-13 04:54:40,333:INFO:   Eta: 4:42:12
2022-05-13 04:55:56,462:INFO: Train: [29][2321/2322]  Loss -0.1223 (-0.7717)  Time:  0.321 (0.033)  Data Time:  0.021 (0.014)
2022-05-13 04:55:56,463:INFO:   Eta: 4:39:56
2022-05-13 04:57:13,659:INFO: Train: [30][2321/2322]  Loss -0.0982 (-0.8583)  Time:  0.256 (0.033)  Data Time:  0.023 (0.014)
2022-05-13 04:57:13,660:INFO:   Eta: 4:42:43
2022-05-13 04:58:28,956:INFO: Train: [31][2321/2322]  Loss -0.1325 (-0.7392)  Time:  0.272 (0.032)  Data Time:  0.002 (0.014)
2022-05-13 04:58:28,956:INFO:   Eta: 4:34:25
2022-05-13 04:59:44,222:INFO: Train: [32][2321/2322]  Loss -0.1239 (-0.9045)  Time:  0.218 (0.032)  Data Time:  0.021 (0.014)
2022-05-13 04:59:44,223:INFO:   Eta: 4:33:05
2022-05-13 05:00:59,536:INFO: Train: [33][2321/2322]  Loss -0.1497 (-0.9340)  Time:  0.268 (0.032)  Data Time:  0.021 (0.014)
2022-05-13 05:00:59,537:INFO:   Eta: 4:31:56
2022-05-13 05:02:15,318:INFO: Train: [34][2321/2322]  Loss -0.0945 (-0.8883)  Time:  0.266 (0.033)  Data Time:  0.005 (0.014)
2022-05-13 05:02:15,319:INFO:   Eta: 4:32:24
2022-05-13 05:03:06,808:INFO: Train: [35][2321/2322]  Loss -0.0561 (-0.8658)  Time:  0.094 (0.022)  Data Time:  0.000 (0.008)
2022-05-13 05:03:06,809:INFO:   Eta: 3:04:10
2022-05-13 05:03:29,180:INFO: Train: [36][2321/2322]  Loss -0.1005 (-0.9753)  Time:  0.092 (0.010)  Data Time:  0.000 (0.000)
2022-05-13 05:03:29,181:INFO:   Eta: 1:19:22
2022-05-13 05:04:34,864:INFO: Train: [37][2321/2322]  Loss -0.0958 (-0.7993)  Time:  0.284 (0.028)  Data Time:  0.022 (0.011)
2022-05-13 05:04:34,865:INFO:   Eta: 3:52:50
2022-05-13 05:05:49,669:INFO: Train: [38][2321/2322]  Loss -0.1184 (-0.8967)  Time:  0.243 (0.032)  Data Time:  0.021 (0.014)
2022-05-13 05:05:49,670:INFO:   Eta: 4:23:52
2022-05-13 05:07:05,101:INFO: Train: [39][2321/2322]  Loss -0.1536 (-0.9543)  Time:  0.226 (0.032)  Data Time:  0.001 (0.013)
2022-05-13 05:07:05,102:INFO:   Eta: 4:24:54
2022-05-13 05:08:20,865:INFO: Train: [40][2321/2322]  Loss -0.0936 (-0.8890)  Time:  0.301 (0.033)  Data Time:  0.023 (0.014)
2022-05-13 05:08:20,865:INFO:   Eta: 4:24:49
2022-05-13 05:09:36,159:INFO: Train: [41][2321/2322]  Loss -0.1740 (-0.8838)  Time:  0.285 (0.032)  Data Time:  0.020 (0.014)
2022-05-13 05:09:36,160:INFO:   Eta: 4:21:54
2022-05-13 05:10:50,460:INFO: Train: [42][2321/2322]  Loss -0.1105 (-1.0534)  Time:  0.268 (0.032)  Data Time:  0.002 (0.013)
2022-05-13 05:10:50,461:INFO:   Eta: 4:17:12
2022-05-13 05:12:06,422:INFO: Train: [43][2321/2322]  Loss -0.1764 (-0.9645)  Time:  0.297 (0.033)  Data Time:  0.023 (0.014)
2022-05-13 05:12:06,423:INFO:   Eta: 4:21:42
2022-05-13 05:13:21,753:INFO: Train: [44][2321/2322]  Loss -0.1799 (-1.0513)  Time:  0.238 (0.032)  Data Time:  0.002 (0.014)
2022-05-13 05:13:21,754:INFO:   Eta: 4:18:18
2022-05-13 05:14:37,542:INFO: Train: [45][2321/2322]  Loss -0.0780 (-1.0509)  Time:  0.248 (0.033)  Data Time:  0.013 (0.014)
2022-05-13 05:14:37,543:INFO:   Eta: 4:18:37
2022-05-13 05:15:52,712:INFO: Train: [46][2321/2322]  Loss -0.1295 (-1.0055)  Time:  0.272 (0.032)  Data Time:  0.021 (0.014)
2022-05-13 05:15:52,713:INFO:   Eta: 4:14:59
2022-05-13 05:17:07,821:INFO: Train: [47][2321/2322]  Loss -0.1060 (-1.0262)  Time:  0.278 (0.032)  Data Time:  0.021 (0.013)
2022-05-13 05:17:07,822:INFO:   Eta: 4:13:46
2022-05-13 05:18:04,532:INFO: Train: [48][2321/2322]  Loss -0.1717 (-1.0764)  Time:  0.089 (0.024)  Data Time:  0.000 (0.009)
2022-05-13 05:18:04,545:INFO:   Eta: 3:10:07
2022-05-13 05:18:26,669:INFO: Train: [49][2321/2322]  Loss -0.1942 (-1.0164)  Time:  0.094 (0.009)  Data Time:  0.000 (0.000)
2022-05-13 05:18:26,670:INFO:   Eta: 1:13:28
2022-05-13 05:19:23,735:INFO: Train: [50][2321/2322]  Loss -0.1537 (-0.9863)  Time:  0.303 (0.025)  Data Time:  0.022 (0.009)
2022-05-13 05:19:23,736:INFO:   Eta: 3:09:51
2022-05-13 05:20:39,138:INFO: Train: [51][2321/2322]  Loss -0.1758 (-0.9948)  Time:  0.291 (0.032)  Data Time:  0.018 (0.014)
2022-05-13 05:20:39,139:INFO:   Eta: 4:09:45
2022-05-13 05:21:55,855:INFO: Train: [52][2321/2322]  Loss -0.1506 (-1.0698)  Time:  0.284 (0.033)  Data Time:  0.021 (0.014)
2022-05-13 05:21:55,856:INFO:   Eta: 4:12:45
2022-05-13 05:23:11,781:INFO: Train: [53][2321/2322]  Loss -0.1370 (-1.0331)  Time:  0.305 (0.033)  Data Time:  0.023 (0.014)
2022-05-13 05:23:11,782:INFO:   Eta: 4:08:57
2022-05-13 05:24:27,415:INFO: Train: [54][2321/2322]  Loss -0.1907 (-1.1386)  Time:  0.289 (0.033)  Data Time:  0.018 (0.014)
2022-05-13 05:24:27,416:INFO:   Eta: 4:06:44
2022-05-13 05:25:43,035:INFO: Train: [55][2321/2322]  Loss -0.1428 (-0.9979)  Time:  0.230 (0.033)  Data Time:  0.000 (0.014)
2022-05-13 05:25:43,035:INFO:   Eta: 4:05:19
2022-05-13 05:26:58,566:INFO: Train: [56][2321/2322]  Loss -0.1505 (-1.1644)  Time:  0.286 (0.032)  Data Time:  0.021 (0.014)
2022-05-13 05:26:58,567:INFO:   Eta: 4:03:54
2022-05-13 05:28:15,218:INFO: Train: [57][2321/2322]  Loss -0.1190 (-1.1822)  Time:  0.255 (0.033)  Data Time:  0.023 (0.014)
2022-05-13 05:28:15,219:INFO:   Eta: 4:06:12
2022-05-13 05:29:29,470:INFO: Train: [58][2321/2322]  Loss -0.1629 (-1.0820)  Time:  0.279 (0.032)  Data Time:  0.021 (0.013)
2022-05-13 05:29:29,471:INFO:   Eta: 3:57:19
2022-05-13 05:30:45,272:INFO: Train: [59][2321/2322]  Loss -0.1711 (-1.1695)  Time:  0.237 (0.033)  Data Time:  0.023 (0.014)
2022-05-13 05:30:45,273:INFO:   Eta: 4:00:49
2022-05-13 05:32:00,832:INFO: Train: [60][2321/2322]  Loss -0.1670 (-1.1299)  Time:  0.271 (0.033)  Data Time:  0.000 (0.014)
2022-05-13 05:32:00,833:INFO:   Eta: 3:59:00
2022-05-13 05:33:05,662:INFO: Train: [61][2321/2322]  Loss -0.1217 (-1.1561)  Time:  0.089 (0.028)  Data Time:  0.000 (0.011)
2022-05-13 05:33:05,663:INFO:   Eta: 3:23:54
2022-05-13 05:33:27,006:INFO: Train: [62][2321/2322]  Loss -0.1122 (-1.2207)  Time:  0.092 (0.009)  Data Time:  0.000 (0.000)
2022-05-13 05:33:27,007:INFO:   Eta: 1:06:31
2022-05-13 05:34:13,036:INFO: Train: [63][2321/2322]  Loss -0.2181 (-1.0485)  Time:  0.312 (0.020)  Data Time:  0.018 (0.006)
2022-05-13 05:34:13,038:INFO:   Eta: 2:23:09
2022-05-13 05:35:26,440:INFO: Train: [64][2321/2322]  Loss -0.1042 (-1.1617)  Time:  0.227 (0.032)  Data Time:  0.002 (0.013)
2022-05-13 05:35:26,441:INFO:   Eta: 3:47:16
2022-05-13 05:36:41,056:INFO: Train: [65][2321/2322]  Loss -0.1614 (-1.1514)  Time:  0.267 (0.032)  Data Time:  0.013 (0.013)
2022-05-13 05:36:41,056:INFO:   Eta: 3:49:41
2022-05-13 05:37:53,853:INFO: Train: [66][2321/2322]  Loss -0.1747 (-1.2479)  Time:  0.270 (0.031)  Data Time:  0.022 (0.013)
2022-05-13 05:37:53,854:INFO:   Eta: 3:42:58
2022-05-13 05:39:08,911:INFO: Train: [67][2321/2322]  Loss -0.0738 (-1.2057)  Time:  0.287 (0.032)  Data Time:  0.022 (0.013)
2022-05-13 05:39:08,912:INFO:   Eta: 3:48:34
2022-05-13 05:40:24,323:INFO: Train: [68][2321/2322]  Loss -0.1271 (-1.2208)  Time:  0.273 (0.032)  Data Time:  0.004 (0.013)
2022-05-13 05:40:24,324:INFO:   Eta: 3:48:22
2022-05-13 05:41:38,740:INFO: Train: [69][2321/2322]  Loss -0.1882 (-1.2133)  Time:  0.206 (0.032)  Data Time:  0.002 (0.013)
2022-05-13 05:41:38,741:INFO:   Eta: 3:44:02
2022-05-13 05:42:53,090:INFO: Train: [70][2321/2322]  Loss -0.1614 (-1.2062)  Time:  0.252 (0.032)  Data Time:  0.005 (0.013)
2022-05-13 05:42:53,092:INFO:   Eta: 3:42:44
2022-05-13 05:44:08,569:INFO: Train: [71][2321/2322]  Loss -0.1587 (-1.1587)  Time:  0.261 (0.032)  Data Time:  0.023 (0.014)
2022-05-13 05:44:08,570:INFO:   Eta: 3:44:53
2022-05-13 05:45:24,248:INFO: Train: [72][2321/2322]  Loss -0.1693 (-1.2484)  Time:  0.274 (0.033)  Data Time:  0.016 (0.014)
2022-05-13 05:45:24,249:INFO:   Eta: 3:44:12
2022-05-13 05:46:39,236:INFO: Train: [73][2321/2322]  Loss -0.1855 (-1.1032)  Time:  0.279 (0.032)  Data Time:  0.002 (0.014)
2022-05-13 05:46:39,237:INFO:   Eta: 3:40:57
2022-05-13 05:47:53,864:INFO: Train: [74][2321/2322]  Loss -0.1455 (-1.1413)  Time:  0.265 (0.032)  Data Time:  0.002 (0.013)
2022-05-13 05:47:53,865:INFO:   Eta: 3:38:38
2022-05-13 05:48:27,090:INFO: Train: [75][2321/2322]  Loss -0.1697 (-1.2266)  Time:  0.092 (0.014)  Data Time:  0.000 (0.004)
2022-05-13 05:48:27,091:INFO:   Eta: 1:36:37
2022-05-13 05:48:50,568:INFO: Train: [76][2321/2322]  Loss -0.1827 (-1.3347)  Time:  0.333 (0.010)  Data Time:  0.021 (0.001)
2022-05-13 05:48:50,569:INFO:   Eta: 1:07:42
2022-05-13 05:50:02,681:INFO: Train: [77][2321/2322]  Loss -0.0894 (-0.9914)  Time:  0.165 (0.031)  Data Time:  0.021 (0.013)
2022-05-13 05:50:02,682:INFO:   Eta: 3:27:38
2022-05-13 05:51:17,711:INFO: Train: [78][2321/2322]  Loss -0.1141 (-1.3175)  Time:  0.266 (0.032)  Data Time:  0.002 (0.014)
2022-05-13 05:51:17,712:INFO:   Eta: 3:34:15
2022-05-13 05:52:33,405:INFO: Train: [79][2321/2322]  Loss -0.2059 (-1.2080)  Time:  0.260 (0.033)  Data Time:  0.021 (0.014)
2022-05-13 05:52:33,406:INFO:   Eta: 3:35:28
2022-05-13 05:53:48,786:INFO: Train: [80][2321/2322]  Loss -0.1404 (-1.2856)  Time:  0.265 (0.032)  Data Time:  0.010 (0.014)
2022-05-13 05:53:48,787:INFO:   Eta: 3:33:18
2022-05-13 05:55:04,451:INFO: Train: [81][2321/2322]  Loss -0.1537 (-1.3341)  Time:  0.264 (0.033)  Data Time:  0.004 (0.014)
2022-05-13 05:55:04,451:INFO:   Eta: 3:32:52
2022-05-13 05:56:18,087:INFO: Train: [82][2321/2322]  Loss -0.1785 (-1.2652)  Time:  0.279 (0.032)  Data Time:  0.021 (0.013)
2022-05-13 05:56:18,088:INFO:   Eta: 3:25:52
2022-05-13 05:57:35,154:INFO: Train: [83][2321/2322]  Loss -0.2249 (-1.2559)  Time:  0.293 (0.033)  Data Time:  0.021 (0.014)
2022-05-13 05:57:35,155:INFO:   Eta: 3:34:12
2022-05-13 05:58:49,595:INFO: Train: [84][2321/2322]  Loss -0.2124 (-1.3126)  Time:  0.295 (0.032)  Data Time:  0.019 (0.013)
2022-05-13 05:58:49,595:INFO:   Eta: 3:25:41
2022-05-13 06:00:04,241:INFO: Train: [85][2321/2322]  Loss -0.2229 (-1.1109)  Time:  0.273 (0.032)  Data Time:  0.022 (0.014)
2022-05-13 06:00:04,242:INFO:   Eta: 3:24:51
2022-05-13 06:01:18,583:INFO: Train: [86][2321/2322]  Loss -0.1344 (-1.3104)  Time:  0.264 (0.032)  Data Time:  0.003 (0.013)
2022-05-13 06:01:18,583:INFO:   Eta: 3:22:45
2022-05-13 06:02:33,576:INFO: Train: [87][2321/2322]  Loss -0.1589 (-1.2749)  Time:  0.274 (0.032)  Data Time:  0.003 (0.014)
2022-05-13 06:02:33,576:INFO:   Eta: 3:23:23
2022-05-13 06:03:26,034:INFO: Train: [88][2321/2322]  Loss -0.2179 (-1.2245)  Time:  0.092 (0.023)  Data Time:  0.000 (0.008)
2022-05-13 06:03:26,035:INFO:   Eta: 2:21:23
2022-05-13 06:03:48,429:INFO: Train: [89][2321/2322]  Loss -0.1894 (-1.2231)  Time:  0.126 (0.010)  Data Time:  0.000 (0.000)
2022-05-13 06:03:48,430:INFO:   Eta: 0:59:51
2022-05-13 06:04:45,706:INFO: Train: [90][2321/2322]  Loss -0.2039 (-1.2147)  Time:  0.263 (0.025)  Data Time:  0.023 (0.009)
2022-05-13 06:04:45,707:INFO:   Eta: 2:32:29
2022-05-13 06:05:58,740:INFO: Train: [91][2321/2322]  Loss -0.1523 (-1.3208)  Time:  0.242 (0.031)  Data Time:  0.021 (0.013)
2022-05-13 06:05:58,741:INFO:   Eta: 3:13:17
2022-05-13 06:07:15,584:INFO: Train: [92][2321/2322]  Loss -0.1977 (-1.4006)  Time:  0.186 (0.033)  Data Time:  0.000 (0.014)
2022-05-13 06:07:15,585:INFO:   Eta: 3:22:05
2022-05-13 06:08:31,489:INFO: Train: [93][2321/2322]  Loss -0.2285 (-1.3582)  Time:  0.248 (0.033)  Data Time:  0.002 (0.014)
2022-05-13 06:08:31,490:INFO:   Eta: 3:18:23
2022-05-13 06:09:49,892:INFO: Train: [94][2321/2322]  Loss -0.1563 (-1.2354)  Time:  0.314 (0.034)  Data Time:  0.015 (0.015)
2022-05-13 06:09:49,893:INFO:   Eta: 3:23:35
2022-05-13 06:11:07,620:INFO: Train: [95][2321/2322]  Loss -0.2421 (-1.3843)  Time:  0.291 (0.033)  Data Time:  0.019 (0.014)
2022-05-13 06:11:07,621:INFO:   Eta: 3:20:31
2022-05-13 06:12:25,213:INFO: Train: [96][2321/2322]  Loss -0.1883 (-1.3846)  Time:  0.291 (0.033)  Data Time:  0.023 (0.014)
2022-05-13 06:12:25,214:INFO:   Eta: 3:18:54
2022-05-13 06:13:43,747:INFO: Train: [97][2321/2322]  Loss -0.2028 (-1.3909)  Time:  0.243 (0.034)  Data Time:  0.017 (0.015)
2022-05-13 06:13:43,747:INFO:   Eta: 3:19:50
2022-05-13 06:15:01,712:INFO: Train: [98][2321/2322]  Loss -0.1968 (-1.3274)  Time:  0.319 (0.034)  Data Time:  0.022 (0.014)
2022-05-13 06:15:01,712:INFO:   Eta: 3:17:15
2022-05-13 06:16:17,413:INFO: Train: [99][2321/2322]  Loss -0.1320 (-1.3509)  Time:  0.263 (0.033)  Data Time:  0.022 (0.014)
2022-05-13 06:16:17,414:INFO:   Eta: 3:10:14
2022-05-13 06:17:37,130:INFO: Train: [100][2321/2322]  Loss -0.1925 (-1.2960)  Time:  0.288 (0.034)  Data Time:  0.023 (0.015)
2022-05-13 06:17:37,131:INFO:   Eta: 3:19:03
2022-05-13 06:18:30,948:INFO: Train: [101][2321/2322]  Loss -0.2110 (-1.2431)  Time:  0.083 (0.023)  Data Time:  0.000 (0.008)
2022-05-13 06:18:30,950:INFO:   Eta: 2:13:27
2022-05-13 06:18:52,798:INFO: Train: [102][2321/2322]  Loss -0.1798 (-1.4084)  Time:  0.103 (0.009)  Data Time:  0.001 (0.000)
2022-05-13 06:18:52,799:INFO:   Eta: 0:53:40
2022-05-13 06:19:53,749:INFO: Train: [103][2321/2322]  Loss -0.1927 (-1.3751)  Time:  0.249 (0.026)  Data Time:  0.022 (0.010)
2022-05-13 06:19:53,750:INFO:   Eta: 2:29:05
2022-05-13 06:21:09,785:INFO: Train: [104][2321/2322]  Loss -0.1639 (-1.2815)  Time:  0.250 (0.033)  Data Time:  0.010 (0.014)
2022-05-13 06:21:09,786:INFO:   Eta: 3:04:44
2022-05-13 06:22:25,838:INFO: Train: [105][2321/2322]  Loss -0.2374 (-1.3644)  Time:  0.263 (0.033)  Data Time:  0.021 (0.014)
2022-05-13 06:22:25,839:INFO:   Eta: 3:03:35
2022-05-13 06:23:41,227:INFO: Train: [106][2321/2322]  Loss -0.1645 (-1.3090)  Time:  0.239 (0.032)  Data Time:  0.001 (0.014)
2022-05-13 06:23:41,228:INFO:   Eta: 3:00:40
2022-05-13 06:24:58,183:INFO: Train: [107][2321/2322]  Loss -0.2113 (-1.1919)  Time:  0.259 (0.033)  Data Time:  0.003 (0.014)
2022-05-13 06:24:58,184:INFO:   Eta: 3:03:09
2022-05-13 06:26:15,582:INFO: Train: [108][2321/2322]  Loss -0.1848 (-1.3422)  Time:  0.273 (0.033)  Data Time:  0.019 (0.014)
2022-05-13 06:26:15,583:INFO:   Eta: 3:02:54
2022-05-13 06:27:31,756:INFO: Train: [109][2321/2322]  Loss -0.1490 (-1.3275)  Time:  0.289 (0.033)  Data Time:  0.017 (0.014)
2022-05-13 06:27:31,757:INFO:   Eta: 2:58:37
2022-05-13 06:28:47,477:INFO: Train: [110][2321/2322]  Loss -0.1917 (-1.3530)  Time:  0.197 (0.032)  Data Time:  0.022 (0.014)
2022-05-13 06:28:47,478:INFO:   Eta: 2:55:40
2022-05-13 06:30:03,102:INFO: Train: [111][2321/2322]  Loss -0.2335 (-1.4224)  Time:  0.282 (0.032)  Data Time:  0.021 (0.014)
2022-05-13 06:30:03,103:INFO:   Eta: 2:54:43
2022-05-13 06:31:19,269:INFO: Train: [112][2321/2322]  Loss -0.2135 (-1.4234)  Time:  0.243 (0.033)  Data Time:  0.019 (0.014)
2022-05-13 06:31:19,270:INFO:   Eta: 2:54:23
2022-05-13 06:32:35,298:INFO: Train: [113][2321/2322]  Loss -0.1880 (-1.3838)  Time:  0.238 (0.033)  Data Time:  0.021 (0.014)
2022-05-13 06:32:35,299:INFO:   Eta: 2:53:05
2022-05-13 06:33:32,819:INFO: Train: [114][2321/2322]  Loss -0.1604 (-1.4642)  Time:  0.106 (0.025)  Data Time:  0.000 (0.009)
2022-05-13 06:33:32,819:INFO:   Eta: 2:09:46
2022-05-13 06:33:55,610:INFO: Train: [115][2321/2322]  Loss -0.1950 (-1.2842)  Time:  0.107 (0.010)  Data Time:  0.000 (0.000)
2022-05-13 06:33:55,611:INFO:   Eta: 0:50:28
2022-05-13 06:34:50,746:INFO: Train: [116][2321/2322]  Loss -0.1784 (-1.3669)  Time:  0.239 (0.024)  Data Time:  0.021 (0.008)
2022-05-13 06:34:50,747:INFO:   Eta: 2:02:41
2022-05-13 06:36:07,425:INFO: Train: [117][2321/2322]  Loss -0.2201 (-1.3697)  Time:  0.269 (0.033)  Data Time:  0.022 (0.014)
2022-05-13 06:36:07,426:INFO:   Eta: 2:49:33
2022-05-13 06:37:24,102:INFO: Train: [118][2321/2322]  Loss -0.2087 (-1.3345)  Time:  0.272 (0.033)  Data Time:  0.020 (0.014)
2022-05-13 06:37:24,103:INFO:   Eta: 2:46:35
2022-05-13 06:38:39,474:INFO: Train: [119][2321/2322]  Loss -0.1106 (-1.4516)  Time:  0.227 (0.032)  Data Time:  0.021 (0.014)
2022-05-13 06:38:39,475:INFO:   Eta: 2:44:05
2022-05-13 06:39:56,715:INFO: Train: [120][2321/2322]  Loss -0.2074 (-1.3332)  Time:  0.269 (0.033)  Data Time:  0.021 (0.014)
2022-05-13 06:39:56,715:INFO:   Eta: 2:46:20
2022-05-13 06:41:12,312:INFO: Train: [121][2321/2322]  Loss -0.2121 (-1.4287)  Time:  0.243 (0.032)  Data Time:  0.000 (0.014)
2022-05-13 06:41:12,313:INFO:   Eta: 2:42:04
2022-05-13 06:42:30,381:INFO: Train: [122][2321/2322]  Loss -0.1889 (-1.3147)  Time:  0.263 (0.034)  Data Time:  0.004 (0.014)
2022-05-13 06:42:30,382:INFO:   Eta: 2:46:01
2022-05-13 06:43:48,235:INFO: Train: [123][2321/2322]  Loss -0.1905 (-1.2550)  Time:  0.261 (0.033)  Data Time:  0.003 (0.014)
2022-05-13 06:43:48,236:INFO:   Eta: 2:44:17
2022-05-13 06:45:05,887:INFO: Train: [124][2321/2322]  Loss -0.2375 (-1.3822)  Time:  0.284 (0.033)  Data Time:  0.023 (0.014)
2022-05-13 06:45:05,990:INFO:   Eta: 2:41:37
2022-05-13 06:46:25,405:INFO: Train: [125][2321/2322]  Loss -0.1675 (-1.4525)  Time:  0.303 (0.034)  Data Time:  0.021 (0.015)
2022-05-13 06:46:25,406:INFO:   Eta: 2:44:45
2022-05-13 06:47:40,877:INFO: Train: [126][2321/2322]  Loss -0.2036 (-1.3480)  Time:  0.295 (0.032)  Data Time:  0.010 (0.013)
2022-05-13 06:47:40,878:INFO:   Eta: 2:35:29
2022-05-13 06:48:40,099:INFO: Train: [127][2321/2322]  Loss -0.1923 (-1.3154)  Time:  0.094 (0.025)  Data Time:  0.000 (0.010)
2022-05-13 06:48:40,099:INFO:   Eta: 2:00:40
2022-05-13 06:49:02,507:INFO: Train: [128][2321/2322]  Loss -0.2023 (-1.4661)  Time:  0.092 (0.010)  Data Time:  0.000 (0.000)
2022-05-13 06:49:02,508:INFO:   Eta: 0:45:15
2022-05-13 06:49:41,923:INFO: Train: [129][2321/2322]  Loss -0.2119 (-1.3982)  Time:  0.098 (0.017)  Data Time:  0.000 (0.003)
2022-05-13 06:49:41,924:INFO:   Eta: 1:19:01
2022-05-13 06:50:13,645:INFO: Train: [130][2321/2322]  Loss -0.2317 (-1.4502)  Time:  0.280 (0.014)  Data Time:  0.023 (0.002)
2022-05-13 06:50:13,646:INFO:   Eta: 1:02:44
2022-05-13 06:51:26,071:INFO: Train: [131][2321/2322]  Loss -0.1534 (-1.4704)  Time:  0.269 (0.031)  Data Time:  0.019 (0.013)
2022-05-13 06:51:26,072:INFO:   Eta: 2:23:18
2022-05-13 06:52:42,994:INFO: Train: [132][2321/2322]  Loss -0.1285 (-1.4566)  Time:  0.263 (0.033)  Data Time:  0.023 (0.014)
2022-05-13 06:52:42,995:INFO:   Eta: 2:31:06
2022-05-13 06:53:59,898:INFO: Train: [133][2321/2322]  Loss -0.2062 (-1.5208)  Time:  0.269 (0.033)  Data Time:  0.021 (0.014)
2022-05-13 06:53:59,899:INFO:   Eta: 2:29:47
2022-05-13 06:55:16,106:INFO: Train: [134][2321/2322]  Loss -0.1883 (-1.3422)  Time:  0.298 (0.033)  Data Time:  0.022 (0.014)
2022-05-13 06:55:16,107:INFO:   Eta: 2:27:07
2022-05-13 06:56:32,843:INFO: Train: [135][2321/2322]  Loss -0.2759 (-1.5563)  Time:  0.250 (0.033)  Data Time:  0.016 (0.014)
2022-05-13 06:56:32,845:INFO:   Eta: 2:26:49
2022-05-13 06:57:48,625:INFO: Train: [136][2321/2322]  Loss -0.2256 (-1.5273)  Time:  0.287 (0.033)  Data Time:  0.023 (0.013)
2022-05-13 06:57:48,626:INFO:   Eta: 2:23:45
2022-05-13 06:59:03,711:INFO: Train: [137][2321/2322]  Loss -0.1547 (-1.3628)  Time:  0.222 (0.032)  Data Time:  0.001 (0.013)
2022-05-13 06:59:03,712:INFO:   Eta: 2:21:12
2022-05-13 07:00:20,351:INFO: Train: [138][2321/2322]  Loss -0.1759 (-1.4179)  Time:  0.275 (0.033)  Data Time:  0.023 (0.014)
2022-05-13 07:00:20,352:INFO:   Eta: 2:22:43
2022-05-13 07:01:36,606:INFO: Train: [139][2321/2322]  Loss -0.2311 (-1.4414)  Time:  0.225 (0.033)  Data Time:  0.002 (0.014)
2022-05-13 07:01:36,607:INFO:   Eta: 2:20:52
2022-05-13 07:02:52,515:INFO: Train: [140][2321/2322]  Loss -0.2666 (-1.3430)  Time:  0.286 (0.033)  Data Time:  0.009 (0.014)
2022-05-13 07:02:52,516:INFO:   Eta: 2:18:59
2022-05-13 07:04:08,340:INFO: Train: [141][2321/2322]  Loss -0.2423 (-1.4936)  Time:  0.295 (0.033)  Data Time:  0.022 (0.014)
2022-05-13 07:04:08,341:INFO:   Eta: 2:17:33
2022-05-13 07:04:42,989:INFO: Train: [142][2321/2322]  Loss -0.1932 (-1.6131)  Time:  0.091 (0.015)  Data Time:  0.000 (0.004)
2022-05-13 07:04:42,990:INFO:   Eta: 1:02:11
2022-05-13 07:05:22,062:INFO: Train: [143][2321/2322]  Loss -0.2408 (-1.3706)  Time:  0.319 (0.017)  Data Time:  0.023 (0.004)
2022-05-13 07:05:22,063:INFO:   Eta: 1:09:31
2022-05-13 07:06:37,278:INFO: Train: [144][2321/2322]  Loss -0.2235 (-1.5055)  Time:  0.299 (0.032)  Data Time:  0.023 (0.013)
2022-05-13 07:06:37,279:INFO:   Eta: 2:12:41
2022-05-13 07:07:54,335:INFO: Train: [145][2321/2322]  Loss -0.1791 (-1.4625)  Time:  0.294 (0.033)  Data Time:  0.021 (0.014)
2022-05-13 07:07:54,336:INFO:   Eta: 2:14:39
2022-05-13 07:09:10,947:INFO: Train: [146][2321/2322]  Loss -0.2198 (-1.4521)  Time:  0.296 (0.033)  Data Time:  0.022 (0.014)
2022-05-13 07:09:10,948:INFO:   Eta: 2:12:37
2022-05-13 07:10:27,645:INFO: Train: [147][2321/2322]  Loss -0.2518 (-1.4954)  Time:  0.213 (0.033)  Data Time:  0.001 (0.014)
2022-05-13 07:10:27,646:INFO:   Eta: 2:11:29
2022-05-13 07:11:44,646:INFO: Train: [148][2321/2322]  Loss -0.2390 (-1.5592)  Time:  0.292 (0.033)  Data Time:  0.001 (0.014)
2022-05-13 07:11:44,647:INFO:   Eta: 2:10:41
2022-05-13 07:13:01,867:INFO: Train: [149][2321/2322]  Loss -0.2248 (-1.5234)  Time:  0.281 (0.033)  Data Time:  0.013 (0.014)
2022-05-13 07:13:01,868:INFO:   Eta: 2:09:48
2022-05-13 07:14:17,831:INFO: Train: [150][2321/2322]  Loss -0.2435 (-1.6825)  Time:  0.255 (0.033)  Data Time:  0.002 (0.013)
2022-05-13 07:14:17,831:INFO:   Eta: 2:06:22
2022-05-13 07:15:35,698:INFO: Train: [151][2321/2322]  Loss -0.2619 (-1.6464)  Time:  0.270 (0.033)  Data Time:  0.021 (0.014)
2022-05-13 07:15:35,700:INFO:   Eta: 2:08:19
2022-05-13 07:15:49,401:INFO: Valid: [151][604/605]  Loss -7.0818 (-4.2644)
2022-05-13 07:15:49,775:INFO: Checkpoint saved...
2022-05-13 07:17:07,629:INFO: Train: [152][2321/2322]  Loss -0.2427 (-1.7185)  Time:  0.269 (0.033)  Data Time:  0.002 (0.014)
2022-05-13 07:17:07,631:INFO:   Eta: 2:07:01
2022-05-13 07:17:20,687:INFO: Valid: [152][604/605]  Loss -7.3985 (-4.4905)
2022-05-13 07:17:20,752:INFO: Checkpoint saved...
2022-05-13 07:18:37,737:INFO: Train: [153][2321/2322]  Loss -0.2461 (-1.6701)  Time:  0.257 (0.033)  Data Time:  0.021 (0.014)
2022-05-13 07:18:37,738:INFO:   Eta: 2:04:19
2022-05-13 07:18:49,957:INFO: Valid: [153][604/605]  Loss -7.0117 (-4.2483)
2022-05-13 07:19:35,463:INFO: Train: [154][2321/2322]  Loss -0.2144 (-1.6683)  Time:  0.108 (0.020)  Data Time:  0.000 (0.006)
2022-05-13 07:19:35,464:INFO:   Eta: 1:12:38
2022-05-13 07:19:41,946:INFO: Valid: [154][604/605]  Loss -8.0337 (-4.9583)
2022-05-13 07:19:42,020:INFO: Checkpoint saved...
2022-05-13 07:20:10,421:INFO: Train: [155][2321/2322]  Loss -0.2169 (-1.6801)  Time:  0.277 (0.012)  Data Time:  0.021 (0.002)
2022-05-13 07:20:10,422:INFO:   Eta: 0:44:50
2022-05-13 07:20:21,785:INFO: Valid: [155][604/605]  Loss -7.9299 (-4.8463)
2022-05-13 07:21:36,538:INFO: Train: [156][2321/2322]  Loss -0.2632 (-1.5462)  Time:  0.227 (0.032)  Data Time:  0.002 (0.013)
2022-05-13 07:21:36,539:INFO:   Eta: 1:56:57
2022-05-13 07:21:48,849:INFO: Valid: [156][604/605]  Loss -7.8421 (-4.7577)
2022-05-13 07:23:03,241:INFO: Train: [157][2321/2322]  Loss -0.2726 (-1.6380)  Time:  0.244 (0.032)  Data Time:  0.002 (0.013)
2022-05-13 07:23:03,242:INFO:   Eta: 1:55:08
2022-05-13 07:23:15,199:INFO: Valid: [157][604/605]  Loss -7.6261 (-4.6330)
2022-05-13 07:24:31,470:INFO: Train: [158][2321/2322]  Loss -0.2962 (-1.7380)  Time:  0.279 (0.033)  Data Time:  0.001 (0.014)
2022-05-13 07:24:31,471:INFO:   Eta: 1:56:46
2022-05-13 07:24:43,450:INFO: Valid: [158][604/605]  Loss -7.4307 (-4.4958)
2022-05-13 07:25:59,699:INFO: Train: [159][2321/2322]  Loss -0.2508 (-1.5164)  Time:  0.263 (0.033)  Data Time:  0.015 (0.014)
2022-05-13 07:25:59,700:INFO:   Eta: 1:55:27
2022-05-13 07:26:11,818:INFO: Valid: [159][604/605]  Loss -8.0068 (-4.8683)
2022-05-13 07:27:27,828:INFO: Train: [160][2321/2322]  Loss -0.2487 (-1.7061)  Time:  0.288 (0.033)  Data Time:  0.019 (0.014)
2022-05-13 07:27:27,828:INFO:   Eta: 1:53:49
2022-05-13 07:27:39,779:INFO: Valid: [160][604/605]  Loss -6.6382 (-3.9829)
2022-05-13 07:28:54,360:INFO: Train: [161][2321/2322]  Loss -0.2208 (-1.7203)  Time:  0.276 (0.032)  Data Time:  0.021 (0.013)
2022-05-13 07:28:54,361:INFO:   Eta: 1:50:28
2022-05-13 07:29:06,428:INFO: Valid: [161][604/605]  Loss -8.1479 (-4.9860)
2022-05-13 07:29:06,503:INFO: Checkpoint saved...
2022-05-13 07:30:21,703:INFO: Train: [162][2321/2322]  Loss -0.2408 (-1.5232)  Time:  0.270 (0.032)  Data Time:  0.024 (0.014)
2022-05-13 07:30:21,704:INFO:   Eta: 1:50:10
2022-05-13 07:30:33,537:INFO: Valid: [162][604/605]  Loss -8.0944 (-4.9292)
2022-05-13 07:31:47,189:INFO: Train: [163][2321/2322]  Loss -0.2352 (-1.6099)  Time:  0.270 (0.032)  Data Time:  0.014 (0.013)
2022-05-13 07:31:47,190:INFO:   Eta: 1:46:36
2022-05-13 07:31:59,754:INFO: Valid: [163][604/605]  Loss -7.8183 (-4.7852)
2022-05-13 07:33:14,690:INFO: Train: [164][2321/2322]  Loss -0.2119 (-1.7508)  Time:  0.223 (0.032)  Data Time:  0.021 (0.014)
2022-05-13 07:33:14,690:INFO:   Eta: 1:47:15
2022-05-13 07:33:26,804:INFO: Valid: [164][604/605]  Loss -7.1368 (-4.3238)
2022-05-13 07:34:34,003:INFO: Train: [165][2321/2322]  Loss -0.2349 (-1.6965)  Time:  0.103 (0.029)  Data Time:  0.000 (0.012)
2022-05-13 07:34:34,004:INFO:   Eta: 1:35:03
2022-05-13 07:34:40,221:INFO: Valid: [165][604/605]  Loss -8.1748 (-5.0236)
2022-05-13 07:34:40,295:INFO: Checkpoint saved...
2022-05-13 07:35:03,532:INFO: Train: [166][2321/2322]  Loss -0.2865 (-1.7209)  Time:  0.092 (0.010)  Data Time:  0.000 (0.000)
2022-05-13 07:35:03,532:INFO:   Eta: 0:32:22
2022-05-13 07:35:12,481:INFO: Valid: [166][604/605]  Loss -7.1989 (-4.3864)
2022-05-13 07:36:26,038:INFO: Train: [167][2321/2322]  Loss -0.2577 (-1.7450)  Time:  0.256 (0.032)  Data Time:  0.000 (0.013)
2022-05-13 07:36:26,040:INFO:   Eta: 1:41:36
2022-05-13 07:36:37,982:INFO: Valid: [167][604/605]  Loss -8.0584 (-4.9061)
2022-05-13 07:37:53,654:INFO: Train: [168][2321/2322]  Loss -0.2612 (-1.7016)  Time:  0.217 (0.033)  Data Time:  0.018 (0.014)
2022-05-13 07:37:53,655:INFO:   Eta: 1:43:15
2022-05-13 07:38:05,641:INFO: Valid: [168][604/605]  Loss -8.1920 (-5.0501)
2022-05-13 07:38:05,690:INFO: Checkpoint saved...
2022-05-13 07:39:18,478:INFO: Train: [169][2321/2322]  Loss -0.1923 (-1.7633)  Time:  0.230 (0.031)  Data Time:  0.002 (0.013)
2022-05-13 07:39:18,479:INFO:   Eta: 1:38:09
2022-05-13 07:39:30,152:INFO: Valid: [169][604/605]  Loss -7.6089 (-4.6297)
2022-05-13 07:40:42,001:INFO: Train: [170][2321/2322]  Loss -0.2263 (-1.7257)  Time:  0.299 (0.031)  Data Time:  0.023 (0.013)
2022-05-13 07:40:42,002:INFO:   Eta: 1:35:40
2022-05-13 07:40:53,643:INFO: Valid: [170][604/605]  Loss -7.6486 (-4.6753)
2022-05-13 07:42:04,920:INFO: Train: [171][2321/2322]  Loss -0.2324 (-1.5938)  Time:  0.200 (0.031)  Data Time:  0.002 (0.012)
2022-05-13 07:42:04,921:INFO:   Eta: 1:33:38
2022-05-13 07:42:15,695:INFO: Valid: [171][604/605]  Loss -7.7367 (-4.6781)
2022-05-13 07:43:24,600:INFO: Train: [172][2321/2322]  Loss -0.2299 (-1.7776)  Time:  0.273 (0.030)  Data Time:  0.000 (0.012)
2022-05-13 07:43:24,601:INFO:   Eta: 1:29:27
2022-05-13 07:43:35,903:INFO: Valid: [172][604/605]  Loss -7.9810 (-4.9020)
2022-05-13 07:44:46,564:INFO: Train: [173][2321/2322]  Loss -0.2529 (-1.7115)  Time:  0.279 (0.030)  Data Time:  0.021 (0.012)
2022-05-13 07:44:46,565:INFO:   Eta: 1:30:32
2022-05-13 07:44:57,962:INFO: Valid: [173][604/605]  Loss -8.0468 (-4.8951)
2022-05-13 07:46:08,562:INFO: Train: [174][2321/2322]  Loss -0.2607 (-1.7155)  Time:  0.254 (0.030)  Data Time:  0.000 (0.012)
2022-05-13 07:46:08,563:INFO:   Eta: 1:29:18
2022-05-13 07:46:20,063:INFO: Valid: [174][604/605]  Loss -7.7969 (-4.7858)
2022-05-13 07:47:29,352:INFO: Train: [175][2321/2322]  Loss -0.2323 (-1.7518)  Time:  0.264 (0.030)  Data Time:  0.002 (0.012)
2022-05-13 07:47:29,353:INFO:   Eta: 1:26:29
2022-05-13 07:47:40,603:INFO: Valid: [175][604/605]  Loss -7.7241 (-4.7191)
2022-05-13 07:48:50,433:INFO: Train: [176][2321/2322]  Loss -0.2743 (-1.5308)  Time:  0.243 (0.030)  Data Time:  0.021 (0.012)
2022-05-13 07:48:50,433:INFO:   Eta: 1:25:59
2022-05-13 07:49:01,576:INFO: Valid: [176][604/605]  Loss -8.2645 (-5.0580)
2022-05-13 07:49:01,667:INFO: Checkpoint saved...
2022-05-13 07:49:53,562:INFO: Train: [177][2321/2322]  Loss -0.2717 (-1.7096)  Time:  0.092 (0.022)  Data Time:  0.000 (0.008)
2022-05-13 07:49:53,563:INFO:   Eta: 1:03:01
2022-05-13 07:49:59,834:INFO: Valid: [177][604/605]  Loss -6.2023 (-3.7005)
2022-05-13 07:50:29,772:INFO: Train: [178][2321/2322]  Loss -0.2559 (-1.7508)  Time:  0.218 (0.013)  Data Time:  0.001 (0.002)
2022-05-13 07:50:29,773:INFO:   Eta: 0:35:48
2022-05-13 07:50:40,524:INFO: Valid: [178][604/605]  Loss -8.0431 (-4.9547)
2022-05-13 07:51:47,322:INFO: Train: [179][2321/2322]  Loss -0.2387 (-1.7315)  Time:  0.252 (0.029)  Data Time:  0.002 (0.011)
2022-05-13 07:51:47,323:INFO:   Eta: 1:18:55
2022-05-13 07:51:57,990:INFO: Valid: [179][604/605]  Loss -8.1039 (-4.9267)
2022-05-13 07:53:04,531:INFO: Train: [180][2321/2322]  Loss -0.2502 (-1.6667)  Time:  0.221 (0.029)  Data Time:  0.003 (0.011)
2022-05-13 07:53:04,533:INFO:   Eta: 1:17:29
2022-05-13 07:53:15,780:INFO: Valid: [180][604/605]  Loss -6.8137 (-4.0813)
2022-05-13 07:54:25,091:INFO: Train: [181][2321/2322]  Loss -0.2221 (-1.7418)  Time:  0.256 (0.030)  Data Time:  0.005 (0.012)
2022-05-13 07:54:25,092:INFO:   Eta: 1:19:35
2022-05-13 07:54:36,071:INFO: Valid: [181][604/605]  Loss -8.2266 (-5.0283)
2022-05-13 07:55:45,611:INFO: Train: [182][2321/2322]  Loss -0.2077 (-1.5927)  Time:  0.271 (0.030)  Data Time:  0.021 (0.012)
2022-05-13 07:55:45,612:INFO:   Eta: 1:18:41
2022-05-13 07:55:57,052:INFO: Valid: [182][604/605]  Loss -7.1395 (-4.3224)
2022-05-13 07:57:05,963:INFO: Train: [183][2321/2322]  Loss -0.1856 (-1.7770)  Time:  0.262 (0.030)  Data Time:  0.002 (0.012)
2022-05-13 07:57:05,964:INFO:   Eta: 1:16:40
2022-05-13 07:57:17,095:INFO: Valid: [183][604/605]  Loss -7.8100 (-4.7754)
2022-05-13 07:58:27,272:INFO: Train: [184][2321/2322]  Loss -0.2206 (-1.7261)  Time:  0.192 (0.030)  Data Time:  0.001 (0.012)
2022-05-13 07:58:27,273:INFO:   Eta: 1:17:01
2022-05-13 07:58:38,086:INFO: Valid: [184][604/605]  Loss -8.1157 (-4.9837)
2022-05-13 07:59:46,715:INFO: Train: [185][2321/2322]  Loss -0.2456 (-1.6587)  Time:  0.227 (0.030)  Data Time:  0.002 (0.012)
2022-05-13 07:59:46,716:INFO:   Eta: 1:14:12
2022-05-13 07:59:57,911:INFO: Valid: [185][604/605]  Loss -8.2767 (-5.0612)
2022-05-13 07:59:57,968:INFO: Checkpoint saved...
2022-05-13 08:01:07,318:INFO: Train: [186][2321/2322]  Loss -0.3027 (-1.7152)  Time:  0.250 (0.030)  Data Time:  0.002 (0.012)
2022-05-13 08:01:07,319:INFO:   Eta: 1:13:53
2022-05-13 08:01:18,584:INFO: Valid: [186][604/605]  Loss -6.9500 (-4.2165)
2022-05-13 08:02:28,897:INFO: Train: [187][2321/2322]  Loss -0.2148 (-1.5774)  Time:  0.168 (0.030)  Data Time:  0.012 (0.012)
2022-05-13 08:02:28,898:INFO:   Eta: 1:13:42
2022-05-13 08:02:39,884:INFO: Valid: [187][604/605]  Loss -7.9436 (-4.8596)
2022-05-13 08:03:49,550:INFO: Train: [188][2321/2322]  Loss -0.2959 (-1.7793)  Time:  0.228 (0.030)  Data Time:  0.016 (0.012)
2022-05-13 08:03:49,551:INFO:   Eta: 1:11:53
2022-05-13 08:04:00,702:INFO: Valid: [188][604/605]  Loss -7.7331 (-4.7202)
2022-05-13 08:05:02,561:INFO: Train: [189][2321/2322]  Loss -0.2265 (-1.5720)  Time:  0.088 (0.027)  Data Time:  0.000 (0.010)
2022-05-13 08:05:02,561:INFO:   Eta: 1:02:47
2022-05-13 08:05:08,701:INFO: Valid: [189][604/605]  Loss -7.9752 (-4.8797)
2022-05-13 08:05:31,065:INFO: Train: [190][2321/2322]  Loss -0.2210 (-1.7553)  Time:  0.098 (0.010)  Data Time:  0.000 (0.000)
2022-05-13 08:05:31,066:INFO:   Eta: 0:22:12
2022-05-13 08:05:41,785:INFO: Valid: [190][604/605]  Loss -7.5122 (-4.5582)
2022-05-13 08:06:48,367:INFO: Train: [191][2321/2322]  Loss -0.3115 (-1.7175)  Time:  0.158 (0.029)  Data Time:  0.001 (0.011)
2022-05-13 08:06:48,368:INFO:   Eta: 1:05:21
2022-05-13 08:06:59,077:INFO: Valid: [191][604/605]  Loss -7.9405 (-4.8293)
2022-05-13 08:08:07,509:INFO: Train: [192][2321/2322]  Loss -0.2992 (-1.7386)  Time:  0.226 (0.029)  Data Time:  0.001 (0.012)
2022-05-13 08:08:07,510:INFO:   Eta: 1:06:01
2022-05-13 08:08:18,393:INFO: Valid: [192][604/605]  Loss -7.8477 (-4.7918)
2022-05-13 08:09:25,876:INFO: Train: [193][2321/2322]  Loss -0.1999 (-1.6160)  Time:  0.255 (0.029)  Data Time:  0.001 (0.011)
2022-05-13 08:09:25,877:INFO:   Eta: 1:04:00
2022-05-13 08:09:36,652:INFO: Valid: [193][604/605]  Loss -7.0052 (-4.2119)
2022-05-13 08:10:44,533:INFO: Train: [194][2321/2322]  Loss -0.2604 (-1.7656)  Time:  0.236 (0.029)  Data Time:  0.018 (0.012)
2022-05-13 08:10:44,535:INFO:   Eta: 1:03:15
2022-05-13 08:10:55,553:INFO: Valid: [194][604/605]  Loss -8.1299 (-4.9660)
2022-05-13 08:12:04,166:INFO: Train: [195][2321/2322]  Loss -0.2396 (-1.7462)  Time:  0.290 (0.030)  Data Time:  0.002 (0.012)
2022-05-13 08:12:04,167:INFO:   Eta: 1:02:47
2022-05-13 08:12:15,111:INFO: Valid: [195][604/605]  Loss -8.1742 (-5.0020)
2022-05-13 08:13:21,663:INFO: Train: [196][2321/2322]  Loss -0.2367 (-1.7469)  Time:  0.260 (0.029)  Data Time:  0.003 (0.011)
2022-05-13 08:13:21,664:INFO:   Eta: 0:59:48
2022-05-13 08:13:32,361:INFO: Valid: [196][604/605]  Loss -8.0733 (-4.9650)
2022-05-13 08:14:39,390:INFO: Train: [197][2321/2322]  Loss -0.2361 (-1.7642)  Time:  0.197 (0.029)  Data Time:  0.001 (0.012)
2022-05-13 08:14:39,391:INFO:   Eta: 0:59:05
2022-05-13 08:14:50,277:INFO: Valid: [197][604/605]  Loss -7.7786 (-4.8065)
2022-05-13 08:15:58,197:INFO: Train: [198][2321/2322]  Loss -0.1967 (-1.5530)  Time:  0.282 (0.029)  Data Time:  0.009 (0.012)
2022-05-13 08:15:58,198:INFO:   Eta: 0:58:46
2022-05-13 08:16:08,710:INFO: Valid: [198][604/605]  Loss -6.2549 (-3.7965)
2022-05-13 08:17:16,117:INFO: Train: [199][2321/2322]  Loss -0.2597 (-1.5664)  Time:  0.216 (0.029)  Data Time:  0.001 (0.011)
2022-05-13 08:17:16,118:INFO:   Eta: 0:57:12
2022-05-13 08:17:27,395:INFO: Valid: [199][604/605]  Loss -7.5455 (-4.5786)
2022-05-13 08:18:36,250:INFO: Train: [200][2321/2322]  Loss -0.2643 (-1.5863)  Time:  0.247 (0.030)  Data Time:  0.000 (0.012)
2022-05-13 08:18:36,251:INFO:   Eta: 0:57:17
2022-05-13 08:18:47,326:INFO: Valid: [200][604/605]  Loss -7.3250 (-4.4315)
2022-05-13 08:19:55,693:INFO: Train: [201][2321/2322]  Loss -0.2482 (-1.5813)  Time:  0.186 (0.029)  Data Time:  0.003 (0.012)
2022-05-13 08:19:55,694:INFO:   Eta: 0:55:45
2022-05-13 08:20:07,085:INFO: Valid: [201][604/605]  Loss -7.7551 (-4.7966)
2022-05-13 08:20:37,209:INFO: Train: [202][2321/2322]  Loss -0.2469 (-1.7285)  Time:  0.099 (0.013)  Data Time:  0.000 (0.002)
2022-05-13 08:20:37,210:INFO:   Eta: 0:23:51
2022-05-13 08:20:43,669:INFO: Valid: [202][604/605]  Loss -8.0538 (-4.9039)
2022-05-13 08:21:35,269:INFO: Train: [203][2321/2322]  Loss -0.2997 (-1.7595)  Time:  0.280 (0.022)  Data Time:  0.012 (0.007)
2022-05-13 08:21:35,270:INFO:   Eta: 0:40:19
2022-05-13 08:21:46,103:INFO: Valid: [203][604/605]  Loss -8.0234 (-4.8861)
2022-05-13 08:22:52,317:INFO: Train: [204][2321/2322]  Loss -0.2702 (-1.7535)  Time:  0.292 (0.028)  Data Time:  0.023 (0.011)
2022-05-13 08:22:52,318:INFO:   Eta: 0:50:41
2022-05-13 08:23:03,570:INFO: Valid: [204][604/605]  Loss -7.8791 (-4.7734)
2022-05-13 08:24:11,982:INFO: Train: [205][2321/2322]  Loss -0.2197 (-1.7824)  Time:  0.265 (0.029)  Data Time:  0.002 (0.012)
2022-05-13 08:24:11,983:INFO:   Eta: 0:51:13
2022-05-13 08:24:22,595:INFO: Valid: [205][604/605]  Loss -8.0609 (-4.9325)
2022-05-13 08:25:30,973:INFO: Train: [206][2321/2322]  Loss -0.2410 (-1.7620)  Time:  0.251 (0.029)  Data Time:  0.002 (0.012)
2022-05-13 08:25:30,974:INFO:   Eta: 0:50:04
2022-05-13 08:25:42,007:INFO: Valid: [206][604/605]  Loss -8.2664 (-5.0428)
2022-05-13 08:26:50,586:INFO: Train: [207][2321/2322]  Loss -0.2339 (-1.7563)  Time:  0.275 (0.029)  Data Time:  0.022 (0.012)
2022-05-13 08:26:50,587:INFO:   Eta: 0:49:04
2022-05-13 08:27:02,166:INFO: Valid: [207][604/605]  Loss -8.0491 (-4.8901)
2022-05-13 08:28:11,277:INFO: Train: [208][2321/2322]  Loss -0.2569 (-1.7774)  Time:  0.292 (0.030)  Data Time:  0.021 (0.012)
2022-05-13 08:28:11,278:INFO:   Eta: 0:48:18
2022-05-13 08:28:22,091:INFO: Valid: [208][604/605]  Loss -7.3425 (-4.4420)
2022-05-13 08:29:30,435:INFO: Train: [209][2321/2322]  Loss -0.2601 (-1.7231)  Time:  0.280 (0.029)  Data Time:  0.022 (0.012)
2022-05-13 08:29:30,436:INFO:   Eta: 0:46:38
2022-05-13 08:29:41,617:INFO: Valid: [209][604/605]  Loss -7.9089 (-4.8201)
2022-05-13 08:30:49,608:INFO: Train: [210][2321/2322]  Loss -0.2320 (-1.7510)  Time:  0.238 (0.029)  Data Time:  0.000 (0.012)
2022-05-13 08:30:49,609:INFO:   Eta: 0:45:15
2022-05-13 08:31:00,775:INFO: Valid: [210][604/605]  Loss -7.5024 (-4.5721)
2022-05-13 08:32:09,645:INFO: Train: [211][2321/2322]  Loss -0.2016 (-1.7046)  Time:  0.272 (0.030)  Data Time:  0.022 (0.012)
2022-05-13 08:32:09,645:INFO:   Eta: 0:44:40
2022-05-13 08:32:20,500:INFO: Valid: [211][604/605]  Loss -8.1881 (-5.0125)
2022-05-13 08:33:26,782:INFO: Train: [212][2321/2322]  Loss -0.2713 (-1.7484)  Time:  0.180 (0.028)  Data Time:  0.023 (0.011)
2022-05-13 08:33:26,784:INFO:   Eta: 0:41:53
2022-05-13 08:33:37,635:INFO: Valid: [212][604/605]  Loss -7.8964 (-4.7622)
2022-05-13 08:34:44,012:INFO: Train: [213][2321/2322]  Loss -0.1699 (-1.5919)  Time:  0.221 (0.029)  Data Time:  0.023 (0.011)
2022-05-13 08:34:44,013:INFO:   Eta: 0:40:51
2022-05-13 08:34:54,727:INFO: Valid: [213][604/605]  Loss -6.3971 (-3.8676)
2022-05-13 08:35:48,450:INFO: Train: [214][2321/2322]  Loss -0.2981 (-1.7563)  Time:  0.091 (0.023)  Data Time:  0.000 (0.008)
2022-05-13 08:35:48,451:INFO:   Eta: 0:32:10
2022-05-13 08:35:54,668:INFO: Valid: [214][604/605]  Loss -8.0426 (-4.9039)
2022-05-13 08:36:17,318:INFO: Train: [215][2321/2322]  Loss -0.2282 (-1.8093)  Time:  0.098 (0.010)  Data Time:  0.000 (0.000)
2022-05-13 08:36:17,320:INFO:   Eta: 0:13:07
2022-05-13 08:36:27,127:INFO: Valid: [215][604/605]  Loss -7.6982 (-4.7427)
2022-05-13 08:37:34,878:INFO: Train: [216][2321/2322]  Loss -0.2546 (-1.7752)  Time:  0.200 (0.029)  Data Time:  0.023 (0.011)
2022-05-13 08:37:34,879:INFO:   Eta: 0:38:19
2022-05-13 08:37:46,101:INFO: Valid: [216][604/605]  Loss -8.2213 (-5.0498)
2022-05-13 08:38:54,506:INFO: Train: [217][2321/2322]  Loss -0.2674 (-1.7546)  Time:  0.279 (0.029)  Data Time:  0.014 (0.012)
2022-05-13 08:38:54,507:INFO:   Eta: 0:37:34
2022-05-13 08:39:05,559:INFO: Valid: [217][604/605]  Loss -7.9518 (-4.8738)
2022-05-13 08:40:14,379:INFO: Train: [218][2321/2322]  Loss -0.2425 (-1.7771)  Time:  0.272 (0.030)  Data Time:  0.021 (0.012)
2022-05-13 08:40:14,380:INFO:   Eta: 0:36:39
2022-05-13 08:40:25,653:INFO: Valid: [218][604/605]  Loss -7.9293 (-4.8421)
2022-05-13 08:41:33,920:INFO: Train: [219][2321/2322]  Loss -0.2003 (-1.7450)  Time:  0.264 (0.029)  Data Time:  0.023 (0.012)
2022-05-13 08:41:33,920:INFO:   Eta: 0:35:13
2022-05-13 08:41:45,395:INFO: Valid: [219][604/605]  Loss -8.0451 (-4.8965)
2022-05-13 08:42:53,569:INFO: Train: [220][2321/2322]  Loss -0.2489 (-1.7826)  Time:  0.207 (0.029)  Data Time:  0.001 (0.012)
2022-05-13 08:42:53,570:INFO:   Eta: 0:34:01
2022-05-13 08:43:04,737:INFO: Valid: [220][604/605]  Loss -7.8101 (-4.7634)
2022-05-13 08:44:12,441:INFO: Train: [221][2321/2322]  Loss -0.2620 (-1.7703)  Time:  0.257 (0.029)  Data Time:  0.002 (0.012)
2022-05-13 08:44:12,442:INFO:   Eta: 0:32:40
2022-05-13 08:44:23,313:INFO: Valid: [221][604/605]  Loss -8.1228 (-4.9277)
2022-05-13 08:45:30,761:INFO: Train: [222][2321/2322]  Loss -0.2736 (-1.7440)  Time:  0.264 (0.029)  Data Time:  0.002 (0.011)
2022-05-13 08:45:30,762:INFO:   Eta: 0:31:25
2022-05-13 08:45:41,597:INFO: Valid: [222][604/605]  Loss -6.7206 (-4.0652)
2022-05-13 08:46:50,598:INFO: Train: [223][2321/2322]  Loss -0.3066 (-1.6598)  Time:  0.254 (0.030)  Data Time:  0.021 (0.012)
2022-05-13 08:46:50,599:INFO:   Eta: 0:31:00
2022-05-13 08:47:01,522:INFO: Valid: [223][604/605]  Loss -7.9637 (-4.8253)
2022-05-13 08:48:10,742:INFO: Train: [224][2321/2322]  Loss -0.2147 (-1.7760)  Time:  0.283 (0.030)  Data Time:  0.023 (0.012)
2022-05-13 08:48:10,743:INFO:   Eta: 0:29:56
2022-05-13 08:48:21,663:INFO: Valid: [224][604/605]  Loss -7.6809 (-4.6730)
2022-05-13 08:49:29,398:INFO: Train: [225][2321/2322]  Loss -0.2765 (-1.7829)  Time:  0.269 (0.029)  Data Time:  0.021 (0.012)
2022-05-13 08:49:29,400:INFO:   Eta: 0:28:10
2022-05-13 08:49:40,304:INFO: Valid: [225][604/605]  Loss -8.0562 (-4.9205)
2022-05-13 08:50:46,624:INFO: Train: [226][2321/2322]  Loss -0.2481 (-1.7601)  Time:  0.281 (0.029)  Data Time:  0.011 (0.011)
2022-05-13 08:50:46,624:INFO:   Eta: 0:26:29
2022-05-13 08:50:57,595:INFO: Valid: [226][604/605]  Loss -8.1483 (-4.9929)
2022-05-13 08:51:27,869:INFO: Train: [227][2321/2322]  Loss -0.2393 (-1.7635)  Time:  0.094 (0.013)  Data Time:  0.000 (0.003)
2022-05-13 08:51:27,869:INFO:   Eta: 0:11:33
2022-05-13 08:51:34,245:INFO: Valid: [227][604/605]  Loss -8.0508 (-4.9458)
2022-05-13 08:52:22,335:INFO: Train: [228][2321/2322]  Loss -0.2719 (-1.7842)  Time:  0.279 (0.021)  Data Time:  0.021 (0.006)
2022-05-13 08:52:22,336:INFO:   Eta: 0:17:35
2022-05-13 08:52:33,219:INFO: Valid: [228][604/605]  Loss -8.1160 (-4.9415)
2022-05-13 08:53:40,536:INFO: Train: [229][2321/2322]  Loss -0.2922 (-1.7673)  Time:  0.227 (0.029)  Data Time:  0.022 (0.012)
2022-05-13 08:53:40,537:INFO:   Eta: 0:23:30
2022-05-13 08:53:51,477:INFO: Valid: [229][604/605]  Loss -7.9688 (-4.8501)
2022-05-13 08:55:00,655:INFO: Train: [230][2321/2322]  Loss -0.2600 (-1.7694)  Time:  0.201 (0.030)  Data Time:  0.002 (0.012)
2022-05-13 08:55:00,656:INFO:   Eta: 0:23:01
2022-05-13 08:55:11,777:INFO: Valid: [230][604/605]  Loss -7.9931 (-4.8872)
2022-05-13 08:56:21,834:INFO: Train: [231][2321/2322]  Loss -0.2532 (-1.7995)  Time:  0.237 (0.030)  Data Time:  0.001 (0.012)
2022-05-13 08:56:21,835:INFO:   Eta: 0:22:08
2022-05-13 08:56:32,970:INFO: Valid: [231][604/605]  Loss -7.8831 (-4.7716)
2022-05-13 08:57:40,236:INFO: Train: [232][2321/2322]  Loss -0.2236 (-1.5146)  Time:  0.264 (0.029)  Data Time:  0.000 (0.012)
2022-05-13 08:57:40,237:INFO:   Eta: 0:20:09
2022-05-13 08:57:50,797:INFO: Valid: [232][604/605]  Loss -7.3384 (-4.4362)
2022-05-13 08:58:59,375:INFO: Train: [233][2321/2322]  Loss -0.2318 (-1.7606)  Time:  0.199 (0.029)  Data Time:  0.001 (0.012)
2022-05-13 08:58:59,376:INFO:   Eta: 0:19:24
2022-05-13 08:59:10,082:INFO: Valid: [233][604/605]  Loss -8.1251 (-4.9719)
2022-05-13 09:00:17,110:INFO: Train: [234][2321/2322]  Loss -0.2626 (-1.6676)  Time:  0.236 (0.029)  Data Time:  0.021 (0.012)
2022-05-13 09:00:17,113:INFO:   Eta: 0:17:50
2022-05-13 09:00:27,910:INFO: Valid: [234][604/605]  Loss -8.0680 (-4.9479)
2022-05-13 09:01:36,733:INFO: Train: [235][2321/2322]  Loss -0.2402 (-1.7685)  Time:  0.253 (0.030)  Data Time:  0.002 (0.012)
2022-05-13 09:01:36,734:INFO:   Eta: 0:17:10
2022-05-13 09:01:47,551:INFO: Valid: [235][604/605]  Loss -7.9540 (-4.8645)
2022-05-13 09:02:54,405:INFO: Train: [236][2321/2322]  Loss -0.1622 (-1.8039)  Time:  0.263 (0.029)  Data Time:  0.006 (0.011)
2022-05-13 09:02:54,406:INFO:   Eta: 0:15:33
2022-05-13 09:03:05,216:INFO: Valid: [236][604/605]  Loss -7.9603 (-4.8969)
2022-05-13 09:04:11,992:INFO: Train: [237][2321/2322]  Loss -0.2229 (-1.7498)  Time:  0.227 (0.029)  Data Time:  0.001 (0.011)
2022-05-13 09:04:11,993:INFO:   Eta: 0:14:26
2022-05-13 09:04:23,163:INFO: Valid: [237][604/605]  Loss -8.2125 (-4.9991)
2022-05-13 09:05:31,037:INFO: Train: [238][2321/2322]  Loss -0.2885 (-1.8184)  Time:  0.254 (0.029)  Data Time:  0.016 (0.012)
2022-05-13 09:05:31,037:INFO:   Eta: 0:13:33
2022-05-13 09:05:41,970:INFO: Valid: [238][604/605]  Loss -6.2718 (-3.7868)
2022-05-13 09:06:40,151:INFO: Train: [239][2321/2322]  Loss -0.2365 (-1.6400)  Time:  0.092 (0.025)  Data Time:  0.000 (0.010)
2022-05-13 09:06:40,236:INFO:   Eta: 0:10:38
2022-05-13 09:06:46,559:INFO: Valid: [239][604/605]  Loss -8.2848 (-5.0790)
2022-05-13 09:06:47,536:INFO: Checkpoint saved...
2022-05-13 09:07:10,968:INFO: Train: [240][2321/2322]  Loss -0.2145 (-1.6543)  Time:  0.108 (0.010)  Data Time:  0.000 (0.000)
2022-05-13 09:07:10,970:INFO:   Eta: 0:03:53
2022-05-13 09:07:23,229:INFO: Valid: [240][604/605]  Loss -8.2598 (-5.0418)
2022-05-13 09:08:31,156:INFO: Train: [241][2321/2322]  Loss -0.2368 (-1.7868)  Time:  0.249 (0.029)  Data Time:  0.000 (0.012)
2022-05-13 09:08:31,157:INFO:   Eta: 0:10:10
2022-05-13 09:08:42,434:INFO: Valid: [241][604/605]  Loss -7.7451 (-4.7401)
2022-05-13 09:09:50,627:INFO: Train: [242][2321/2322]  Loss -0.2230 (-1.7000)  Time:  0.268 (0.029)  Data Time:  0.022 (0.012)
2022-05-13 09:09:50,628:INFO:   Eta: 0:09:04
2022-05-13 09:10:01,810:INFO: Valid: [242][604/605]  Loss -8.3530 (-5.1297)
2022-05-13 09:10:01,876:INFO: Checkpoint saved...
2022-05-13 09:11:08,655:INFO: Train: [243][2321/2322]  Loss -0.2353 (-1.8010)  Time:  0.278 (0.029)  Data Time:  0.009 (0.011)
2022-05-13 09:11:08,656:INFO:   Eta: 0:07:46
2022-05-13 09:11:19,766:INFO: Valid: [243][604/605]  Loss -8.0945 (-4.9575)
2022-05-13 09:12:27,421:INFO: Train: [244][2321/2322]  Loss -0.2179 (-1.7403)  Time:  0.296 (0.029)  Data Time:  0.007 (0.012)
2022-05-13 09:12:27,422:INFO:   Eta: 0:06:45
2022-05-13 09:12:38,165:INFO: Valid: [244][604/605]  Loss -8.1824 (-4.9850)
2022-05-13 09:13:46,690:INFO: Train: [245][2321/2322]  Loss -0.2515 (-1.7804)  Time:  0.272 (0.029)  Data Time:  0.004 (0.012)
2022-05-13 09:13:46,691:INFO:   Eta: 0:05:42
2022-05-13 09:13:57,846:INFO: Valid: [245][604/605]  Loss -8.1738 (-4.9671)
2022-05-13 09:15:04,780:INFO: Train: [246][2321/2322]  Loss -0.1838 (-1.7570)  Time:  0.253 (0.029)  Data Time:  0.002 (0.011)
2022-05-13 09:15:04,781:INFO:   Eta: 0:04:27
2022-05-13 09:15:15,863:INFO: Valid: [246][604/605]  Loss -8.0368 (-4.9018)
2022-05-13 09:16:25,180:INFO: Train: [247][2321/2322]  Loss -0.1928 (-1.7324)  Time:  0.252 (0.030)  Data Time:  0.021 (0.012)
2022-05-13 09:16:25,181:INFO:   Eta: 0:03:27
2022-05-13 09:16:36,036:INFO: Valid: [247][604/605]  Loss -7.9581 (-4.8301)
2022-05-13 09:17:43,478:INFO: Train: [248][2321/2322]  Loss -0.2114 (-1.7737)  Time:  0.242 (0.029)  Data Time:  0.009 (0.012)
2022-05-13 09:17:43,479:INFO:   Eta: 0:02:14
2022-05-13 09:17:53,993:INFO: Valid: [248][604/605]  Loss -7.8813 (-4.8015)
2022-05-13 09:19:01,949:INFO: Train: [249][2321/2322]  Loss -0.1576 (-1.6550)  Time:  0.264 (0.029)  Data Time:  0.022 (0.012)
2022-05-13 09:19:01,950:INFO:   Eta: 0:01:07
2022-05-13 09:19:12,967:INFO: Valid: [249][604/605]  Loss -8.3420 (-5.1520)
