2022-03-29 15:40:50,654:INFO: batch_size=128
2022-03-29 15:40:50,654:INFO: clip_grad=None
2022-03-29 15:40:50,654:INFO: dataset=zara1
2022-03-29 15:40:50,655:INFO: gpu_num=0
2022-03-29 15:40:50,655:INFO: input_size=2
2022-03-29 15:40:50,655:INFO: kernel_size=3
2022-03-29 15:40:50,655:INFO: lr=0.01
2022-03-29 15:40:50,655:INFO: lr_sh_rate=150
2022-03-29 15:40:50,655:INFO: n_stgcnn=1
2022-03-29 15:40:50,655:INFO: n_txpcnn=5
2022-03-29 15:40:50,655:INFO: num_epochs=250
2022-03-29 15:40:50,655:INFO: obs_seq_len=8
2022-03-29 15:40:50,655:INFO: output_size=5
2022-03-29 15:40:50,655:INFO: pred_seq_len=12
2022-03-29 15:40:50,655:INFO: seed=0
2022-03-29 15:40:50,656:INFO: tag=zara1
2022-03-29 15:40:50,656:INFO: use_lrschd=True
2022-03-29 15:40:50,656:INFO: ******************************
2022-03-29 15:40:50,656:INFO: Training initiating....
2022-03-29 15:40:50,656:INFO: Namespace(batch_size=128, clip_grad=None, dataset='zara1', gpu_num='0', input_size=2, kernel_size=3, lr=0.01, lr_sh_rate=150, n_stgcnn=1, n_txpcnn=5, num_epochs=250, obs_seq_len=8, output_size=5, pred_seq_len=12, seed=0, tag='zara1', use_lrschd=True)
2022-03-29 15:40:50,661:INFO: Initializing train dataset
2022-03-29 15:41:00,986:INFO: Initializing val dataset
2022-03-29 15:41:10,424:INFO: social_stgcnn2
2022-03-29 15:41:10,425:INFO: Data and model loaded
2022-03-29 15:41:10,425:INFO: Checkpoint dir: ../runs/Mar29_15-40-50_node09/zara1/checkpoint
2022-03-29 15:41:10,425:INFO: Training started ...
2022-03-29 15:41:37,879:INFO: Train: [0][2321/2322]  Loss 0.1836 (1.6930)  Time:  0.077 (0.012)  Data Time:  0.003 (0.004)
2022-03-29 15:41:37,880:INFO:   Eta: 1:54:21
2022-03-29 15:41:56,232:INFO: Test: [0]  ADE: 1.4647  FDE: 1.6506
2022-03-29 15:42:19,103:INFO: Train: [1][2321/2322]  Loss 0.0340 (0.9324)  Time:  0.080 (0.010)  Data Time:  0.004 (0.003)
2022-03-29 15:42:19,103:INFO:   Eta: 1:34:51
2022-03-29 15:42:44,119:INFO: Train: [2][2321/2322]  Loss 0.0384 (0.4108)  Time:  0.084 (0.011)  Data Time:  0.003 (0.004)
2022-03-29 15:42:44,119:INFO:   Eta: 1:43:20
2022-03-29 15:43:09,540:INFO: Train: [3][2321/2322]  Loss 0.0003 (0.6254)  Time:  0.094 (0.011)  Data Time:  0.004 (0.004)
2022-03-29 15:43:09,541:INFO:   Eta: 1:44:35
2022-03-29 15:43:37,836:INFO: Train: [4][2321/2322]  Loss -0.0141 (0.2934)  Time:  0.090 (0.012)  Data Time:  0.004 (0.005)
2022-03-29 15:43:37,837:INFO:   Eta: 1:55:58
2022-03-29 15:44:05,974:INFO: Train: [5][2321/2322]  Loss -0.0126 (-0.0283)  Time:  0.086 (0.012)  Data Time:  0.005 (0.005)
2022-03-29 15:44:05,975:INFO:   Eta: 1:54:50
2022-03-29 15:44:34,192:INFO: Train: [6][2321/2322]  Loss -0.0444 (-0.0092)  Time:  0.109 (0.012)  Data Time:  0.007 (0.005)
2022-03-29 15:44:34,193:INFO:   Eta: 1:54:42
2022-03-29 15:45:02,872:INFO: Train: [7][2321/2322]  Loss 0.0318 (-0.0400)  Time:  0.094 (0.012)  Data Time:  0.004 (0.005)
2022-03-29 15:45:02,873:INFO:   Eta: 1:56:06
2022-03-29 15:45:31,254:INFO: Train: [8][2321/2322]  Loss 0.0166 (-0.0883)  Time:  0.095 (0.012)  Data Time:  0.006 (0.005)
2022-03-29 15:45:31,255:INFO:   Eta: 1:54:25
2022-03-29 15:45:59,719:INFO: Train: [9][2321/2322]  Loss -0.0107 (-0.0509)  Time:  0.101 (0.012)  Data Time:  0.004 (0.004)
2022-03-29 15:45:59,720:INFO:   Eta: 1:54:17
2022-03-29 15:46:27,495:INFO: Train: [10][2321/2322]  Loss 0.0158 (-0.1831)  Time:  0.092 (0.012)  Data Time:  0.005 (0.005)
2022-03-29 15:46:27,496:INFO:   Eta: 1:51:01
2022-03-29 15:46:47,321:INFO: Test: [10]  ADE: 1.4125  FDE: 2.5049
2022-03-29 15:47:13,946:INFO: Train: [11][2321/2322]  Loss -0.0693 (-0.1361)  Time:  0.098 (0.011)  Data Time:  0.005 (0.004)
2022-03-29 15:47:13,947:INFO:   Eta: 1:45:58
2022-03-29 15:47:39,642:INFO: Train: [12][2321/2322]  Loss -0.0513 (-0.2929)  Time:  0.085 (0.011)  Data Time:  0.004 (0.004)
2022-03-29 15:47:39,643:INFO:   Eta: 1:41:52
2022-03-29 15:48:04,516:INFO: Train: [13][2321/2322]  Loss -0.0761 (-0.2768)  Time:  0.102 (0.011)  Data Time:  0.004 (0.004)
2022-03-29 15:48:04,517:INFO:   Eta: 1:38:12
2022-03-29 15:48:29,656:INFO: Train: [14][2321/2322]  Loss -0.0792 (-0.3304)  Time:  0.082 (0.011)  Data Time:  0.004 (0.004)
2022-03-29 15:48:29,657:INFO:   Eta: 1:38:50
2022-03-29 15:48:54,697:INFO: Train: [15][2321/2322]  Loss -0.0089 (-0.2901)  Time:  0.087 (0.011)  Data Time:  0.004 (0.004)
2022-03-29 15:48:54,697:INFO:   Eta: 1:38:01
2022-03-29 15:49:22,766:INFO: Train: [16][2321/2322]  Loss -0.0284 (-0.2803)  Time:  0.098 (0.012)  Data Time:  0.005 (0.004)
2022-03-29 15:49:22,766:INFO:   Eta: 1:49:25
2022-03-29 15:49:50,983:INFO: Train: [17][2321/2322]  Loss -0.0344 (-0.3467)  Time:  0.092 (0.012)  Data Time:  0.004 (0.005)
2022-03-29 15:49:51,260:INFO:   Eta: 1:49:32
2022-03-29 15:50:22,410:INFO: Train: [18][2321/2322]  Loss 0.0079 (-0.2373)  Time:  0.112 (0.012)  Data Time:  0.004 (0.005)
2022-03-29 15:50:22,410:INFO:   Eta: 1:51:04
2022-03-29 15:50:50,550:INFO: Train: [19][2321/2322]  Loss -0.0852 (-0.3973)  Time:  0.099 (0.012)  Data Time:  0.005 (0.005)
2022-03-29 15:50:50,742:INFO:   Eta: 1:48:17
2022-03-29 15:51:19,092:INFO: Train: [20][2321/2322]  Loss -0.0752 (-0.3163)  Time:  0.088 (0.011)  Data Time:  0.004 (0.004)
2022-03-29 15:51:19,093:INFO:   Eta: 1:39:19
2022-03-29 15:51:39,198:INFO: Test: [20]  ADE: 1.1330  FDE: 2.0573
2022-03-29 15:52:06,833:INFO: Train: [21][2321/2322]  Loss 0.0066 (-0.3779)  Time:  0.108 (0.012)  Data Time:  0.004 (0.004)
2022-03-29 15:52:06,843:INFO:   Eta: 1:45:24
2022-03-29 15:52:34,943:INFO: Train: [22][2321/2322]  Loss -0.0771 (-0.4064)  Time:  0.100 (0.012)  Data Time:  0.006 (0.004)
2022-03-29 15:52:34,982:INFO:   Eta: 1:45:57
2022-03-29 15:53:03,828:INFO: Train: [23][2321/2322]  Loss -0.0412 (-0.3854)  Time:  0.087 (0.012)  Data Time:  0.006 (0.005)
2022-03-29 15:53:03,828:INFO:   Eta: 1:47:14
2022-03-29 15:53:29,784:INFO: Train: [24][2321/2322]  Loss -0.0032 (-0.4531)  Time:  0.103 (0.011)  Data Time:  0.004 (0.004)
2022-03-29 15:53:29,785:INFO:   Eta: 1:37:43
2022-03-29 15:53:54,856:INFO: Train: [25][2321/2322]  Loss -0.0212 (-0.4093)  Time:  0.085 (0.011)  Data Time:  0.003 (0.004)
2022-03-29 15:53:54,857:INFO:   Eta: 1:33:58
2022-03-29 15:54:20,088:INFO: Train: [26][2321/2322]  Loss -0.0993 (-0.4725)  Time:  0.082 (0.011)  Data Time:  0.003 (0.004)
2022-03-29 15:54:20,088:INFO:   Eta: 1:34:09
2022-03-29 15:54:45,526:INFO: Train: [27][2321/2322]  Loss -0.0402 (-0.4581)  Time:  0.083 (0.011)  Data Time:  0.003 (0.004)
2022-03-29 15:54:45,527:INFO:   Eta: 1:34:30
2022-03-29 15:55:14,066:INFO: Train: [28][2321/2322]  Loss -0.0748 (-0.4443)  Time:  0.088 (0.012)  Data Time:  0.004 (0.005)
2022-03-29 15:55:14,066:INFO:   Eta: 1:45:33
2022-03-29 15:55:41,275:INFO: Train: [29][2321/2322]  Loss -0.0714 (-0.4407)  Time:  0.081 (0.012)  Data Time:  0.004 (0.004)
2022-03-29 15:55:41,442:INFO:   Eta: 1:40:10
2022-03-29 15:56:07,210:INFO: Train: [30][2321/2322]  Loss -0.0818 (-0.5086)  Time:  0.080 (0.011)  Data Time:  0.004 (0.004)
2022-03-29 15:56:07,211:INFO:   Eta: 1:32:57
2022-03-29 15:56:27,688:INFO: Test: [30]  ADE: 0.8693  FDE: 1.5714
2022-03-29 15:56:55,802:INFO: Train: [31][2321/2322]  Loss -0.0424 (-0.5108)  Time:  0.088 (0.012)  Data Time:  0.004 (0.005)
2022-03-29 15:56:55,844:INFO:   Eta: 1:42:32
2022-03-29 15:57:23,420:INFO: Train: [32][2321/2322]  Loss -0.0609 (-0.5525)  Time:  0.088 (0.012)  Data Time:  0.003 (0.004)
2022-03-29 15:57:23,713:INFO:   Eta: 1:40:01
2022-03-29 15:57:54,764:INFO: Train: [33][2321/2322]  Loss -0.0468 (-0.4994)  Time:  0.095 (0.012)  Data Time:  0.004 (0.005)
2022-03-29 15:57:54,765:INFO:   Eta: 1:42:55
2022-03-29 15:58:24,384:INFO: Train: [34][2321/2322]  Loss -0.0351 (-0.5336)  Time:  0.098 (0.013)  Data Time:  0.005 (0.005)
2022-03-29 15:58:24,385:INFO:   Eta: 1:46:34
2022-03-29 15:58:53,890:INFO: Train: [35][2321/2322]  Loss -0.0893 (-0.4882)  Time:  0.090 (0.013)  Data Time:  0.004 (0.005)
2022-03-29 15:58:53,899:INFO:   Eta: 1:45:40
2022-03-29 15:59:19,945:INFO: Train: [36][2321/2322]  Loss -0.0852 (-0.5345)  Time:  0.089 (0.011)  Data Time:  0.004 (0.004)
2022-03-29 15:59:19,946:INFO:   Eta: 1:32:48
2022-03-29 15:59:45,445:INFO: Train: [37][2321/2322]  Loss -0.0472 (-0.5839)  Time:  0.078 (0.011)  Data Time:  0.003 (0.004)
2022-03-29 15:59:45,446:INFO:   Eta: 1:30:28
2022-03-29 16:00:11,455:INFO: Train: [38][2321/2322]  Loss -0.0273 (-0.5271)  Time:  0.097 (0.011)  Data Time:  0.003 (0.004)
2022-03-29 16:00:11,456:INFO:   Eta: 1:31:51
2022-03-29 16:00:35,659:INFO: Train: [39][2321/2322]  Loss -0.0325 (-0.5626)  Time:  0.070 (0.010)  Data Time:  0.003 (0.003)
2022-03-29 16:00:35,659:INFO:   Eta: 1:25:04
2022-03-29 16:01:01,461:INFO: Train: [40][2321/2322]  Loss -0.1125 (-0.4966)  Time:  0.108 (0.011)  Data Time:  0.005 (0.004)
2022-03-29 16:01:01,462:INFO:   Eta: 1:30:13
2022-03-29 16:01:22,119:INFO: Test: [40]  ADE: 0.7306  FDE: 1.3147
2022-03-29 16:01:50,847:INFO: Train: [41][2321/2322]  Loss -0.1244 (-0.5753)  Time:  0.088 (0.012)  Data Time:  0.004 (0.005)
2022-03-29 16:01:50,848:INFO:   Eta: 1:40:00
2022-03-29 16:02:19,012:INFO: Train: [42][2321/2322]  Loss -0.1161 (-0.4931)  Time:  0.094 (0.012)  Data Time:  0.004 (0.005)
2022-03-29 16:02:19,012:INFO:   Eta: 1:37:35
2022-03-29 16:02:46,796:INFO: Train: [43][2321/2322]  Loss -0.0489 (-0.5970)  Time:  0.082 (0.012)  Data Time:  0.004 (0.004)
2022-03-29 16:02:46,900:INFO:   Eta: 1:35:48
2022-03-29 16:03:15,297:INFO: Train: [44][2321/2322]  Loss -0.0646 (-0.3632)  Time:  0.092 (0.012)  Data Time:  0.004 (0.005)
2022-03-29 16:03:15,298:INFO:   Eta: 1:36:55
2022-03-29 16:03:43,699:INFO: Train: [45][2321/2322]  Loss -0.1136 (-0.6464)  Time:  0.101 (0.012)  Data Time:  0.005 (0.005)
2022-03-29 16:03:43,699:INFO:   Eta: 1:36:59
2022-03-29 16:04:12,068:INFO: Train: [46][2321/2322]  Loss -0.1349 (-0.6561)  Time:  0.088 (0.012)  Data Time:  0.004 (0.005)
2022-03-29 16:04:12,069:INFO:   Eta: 1:36:24
2022-03-29 16:04:40,402:INFO: Train: [47][2321/2322]  Loss -0.1203 (-0.4861)  Time:  0.101 (0.012)  Data Time:  0.004 (0.005)
2022-03-29 16:04:40,403:INFO:   Eta: 1:35:49
2022-03-29 16:05:05,966:INFO: Train: [48][2321/2322]  Loss -0.1152 (-0.7416)  Time:  0.083 (0.011)  Data Time:  0.004 (0.004)
2022-03-29 16:05:05,967:INFO:   Eta: 1:25:59
2022-03-29 16:05:28,872:INFO: Train: [49][2321/2322]  Loss -0.0894 (-0.6591)  Time:  0.075 (0.010)  Data Time:  0.002 (0.003)
2022-03-29 16:05:29,004:INFO:   Eta: 1:16:41
2022-03-29 16:05:54,401:INFO: Train: [50][2321/2322]  Loss -0.1132 (-0.6497)  Time:  0.084 (0.010)  Data Time:  0.003 (0.003)
2022-03-29 16:05:54,498:INFO:   Eta: 1:16:41
2022-03-29 16:06:14,631:INFO: Test: [50]  ADE: 0.6677  FDE: 1.1537
2022-03-29 16:06:43,230:INFO: Train: [51][2321/2322]  Loss -0.1257 (-0.5977)  Time:  0.096 (0.012)  Data Time:  0.004 (0.004)
2022-03-29 16:06:43,231:INFO:   Eta: 1:34:47
2022-03-29 16:07:13,436:INFO: Train: [52][2321/2322]  Loss -0.1506 (-0.5733)  Time:  0.098 (0.013)  Data Time:  0.004 (0.005)
2022-03-29 16:07:13,437:INFO:   Eta: 1:39:37
2022-03-29 16:07:42,810:INFO: Train: [53][2321/2322]  Loss -0.0764 (-0.7588)  Time:  0.086 (0.013)  Data Time:  0.004 (0.005)
2022-03-29 16:07:42,811:INFO:   Eta: 1:36:24
2022-03-29 16:08:11,186:INFO: Train: [54][2321/2322]  Loss -0.1245 (-0.7392)  Time:  0.088 (0.012)  Data Time:  0.004 (0.005)
2022-03-29 16:08:11,187:INFO:   Eta: 1:32:39
2022-03-29 16:08:40,037:INFO: Train: [55][2321/2322]  Loss -0.1740 (-0.6094)  Time:  0.091 (0.012)  Data Time:  0.005 (0.005)
2022-03-29 16:08:40,038:INFO:   Eta: 1:33:43
2022-03-29 16:09:08,609:INFO: Train: [56][2321/2322]  Loss -0.1244 (-0.6307)  Time:  0.086 (0.012)  Data Time:  0.002 (0.004)
2022-03-29 16:09:08,610:INFO:   Eta: 1:32:20
2022-03-29 16:09:37,357:INFO: Train: [57][2321/2322]  Loss -0.0246 (-0.6944)  Time:  0.091 (0.012)  Data Time:  0.004 (0.005)
2022-03-29 16:09:37,358:INFO:   Eta: 1:32:25
2022-03-29 16:10:06,245:INFO: Train: [58][2321/2322]  Loss -0.1100 (-0.6337)  Time:  0.097 (0.012)  Data Time:  0.005 (0.004)
2022-03-29 16:10:06,245:INFO:   Eta: 1:32:22
2022-03-29 16:10:32,172:INFO: Train: [59][2321/2322]  Loss -0.1374 (-0.7277)  Time:  0.086 (0.011)  Data Time:  0.003 (0.004)
2022-03-29 16:10:32,172:INFO:   Eta: 1:22:29
2022-03-29 16:10:57,593:INFO: Train: [60][2321/2322]  Loss -0.1202 (-0.7193)  Time:  0.074 (0.011)  Data Time:  0.002 (0.004)
2022-03-29 16:10:57,594:INFO:   Eta: 1:20:27
2022-03-29 16:11:17,719:INFO: Test: [60]  ADE: 0.5871  FDE: 1.0315
2022-03-29 16:11:43,292:INFO: Train: [61][2321/2322]  Loss -0.1210 (-0.7685)  Time:  0.097 (0.011)  Data Time:  0.004 (0.004)
2022-03-29 16:11:43,293:INFO:   Eta: 1:20:30
2022-03-29 16:12:08,753:INFO: Train: [62][2321/2322]  Loss -0.1194 (-0.7050)  Time:  0.084 (0.011)  Data Time:  0.003 (0.004)
2022-03-29 16:12:08,754:INFO:   Eta: 1:19:44
2022-03-29 16:12:36,140:INFO: Train: [63][2321/2322]  Loss -0.1346 (-0.8064)  Time:  0.096 (0.012)  Data Time:  0.005 (0.005)
2022-03-29 16:12:36,141:INFO:   Eta: 1:25:19
2022-03-29 16:13:03,658:INFO: Train: [64][2321/2322]  Loss -0.1343 (-0.7726)  Time:  0.097 (0.012)  Data Time:  0.004 (0.004)
2022-03-29 16:13:03,659:INFO:   Eta: 1:25:15
2022-03-29 16:13:33,171:INFO: Train: [65][2321/2322]  Loss -0.1399 (-0.7259)  Time:  0.097 (0.013)  Data Time:  0.005 (0.005)
2022-03-29 16:13:33,171:INFO:   Eta: 1:30:57
2022-03-29 16:14:02,894:INFO: Train: [66][2321/2322]  Loss -0.1301 (-0.8667)  Time:  0.094 (0.013)  Data Time:  0.005 (0.005)
2022-03-29 16:14:02,894:INFO:   Eta: 1:31:06
2022-03-29 16:14:32,278:INFO: Train: [67][2321/2322]  Loss -0.1680 (-0.8286)  Time:  0.106 (0.013)  Data Time:  0.004 (0.005)
2022-03-29 16:14:32,279:INFO:   Eta: 1:29:35
2022-03-29 16:14:59,920:INFO: Train: [68][2321/2322]  Loss -0.0789 (-0.8840)  Time:  0.096 (0.012)  Data Time:  0.003 (0.004)
2022-03-29 16:14:59,926:INFO:   Eta: 1:23:48
2022-03-29 16:15:25,999:INFO: Train: [69][2321/2322]  Loss -0.0488 (-0.7423)  Time:  0.080 (0.011)  Data Time:  0.003 (0.004)
2022-03-29 16:15:26,000:INFO:   Eta: 1:18:35
2022-03-29 16:15:54,145:INFO: Train: [70][2321/2322]  Loss -0.1086 (-0.7936)  Time:  0.090 (0.012)  Data Time:  0.005 (0.004)
2022-03-29 16:15:54,146:INFO:   Eta: 1:24:23
2022-03-29 16:16:15,346:INFO: Test: [70]  ADE: 0.5717  FDE: 0.9764
2022-03-29 16:16:42,224:INFO: Train: [71][2321/2322]  Loss -0.1332 (-0.8575)  Time:  0.107 (0.012)  Data Time:  0.005 (0.004)
2022-03-29 16:16:42,225:INFO:   Eta: 1:20:08
2022-03-29 16:17:07,478:INFO: Train: [72][2321/2322]  Loss -0.1144 (-0.8168)  Time:  0.078 (0.011)  Data Time:  0.004 (0.004)
2022-03-29 16:17:07,479:INFO:   Eta: 1:14:52
2022-03-29 16:17:32,995:INFO: Train: [73][2321/2322]  Loss -0.1133 (-0.8627)  Time:  0.083 (0.011)  Data Time:  0.004 (0.004)
2022-03-29 16:17:32,996:INFO:   Eta: 1:15:14
2022-03-29 16:17:58,626:INFO: Train: [74][2321/2322]  Loss -0.1433 (-0.8388)  Time:  0.088 (0.011)  Data Time:  0.004 (0.004)
2022-03-29 16:17:58,627:INFO:   Eta: 1:15:08
2022-03-29 16:18:25,196:INFO: Train: [75][2321/2322]  Loss -0.0927 (-0.8253)  Time:  0.088 (0.011)  Data Time:  0.004 (0.004)
2022-03-29 16:18:25,197:INFO:   Eta: 1:17:27
2022-03-29 16:18:53,668:INFO: Train: [76][2321/2322]  Loss -0.1598 (-0.9175)  Time:  0.090 (0.012)  Data Time:  0.004 (0.005)
2022-03-29 16:18:53,668:INFO:   Eta: 1:22:31
2022-03-29 16:19:22,847:INFO: Train: [77][2321/2322]  Loss -0.1828 (-0.8959)  Time:  0.100 (0.013)  Data Time:  0.005 (0.005)
2022-03-29 16:19:22,848:INFO:   Eta: 1:24:06
2022-03-29 16:19:51,519:INFO: Train: [78][2321/2322]  Loss -0.0967 (-0.8270)  Time:  0.097 (0.012)  Data Time:  0.004 (0.005)
2022-03-29 16:19:51,523:INFO:   Eta: 1:22:09
2022-03-29 16:20:17,826:INFO: Train: [79][2321/2322]  Loss -0.0324 (-0.8154)  Time:  0.086 (0.011)  Data Time:  0.003 (0.004)
2022-03-29 16:20:17,828:INFO:   Eta: 1:14:52
2022-03-29 16:20:44,919:INFO: Train: [80][2321/2322]  Loss -0.1165 (-0.6519)  Time:  0.102 (0.012)  Data Time:  0.005 (0.004)
2022-03-29 16:20:44,920:INFO:   Eta: 1:16:42
2022-03-29 16:21:06,045:INFO: Test: [80]  ADE: 0.5835  FDE: 0.9944
2022-03-29 16:21:34,492:INFO: Train: [81][2321/2322]  Loss -0.0577 (-0.9498)  Time:  0.106 (0.012)  Data Time:  0.005 (0.005)
2022-03-29 16:21:34,493:INFO:   Eta: 1:20:05
2022-03-29 16:22:03,255:INFO: Train: [82][2321/2322]  Loss -0.1143 (-0.8462)  Time:  0.090 (0.012)  Data Time:  0.006 (0.005)
2022-03-29 16:22:03,256:INFO:   Eta: 1:20:29
2022-03-29 16:22:31,193:INFO: Train: [83][2321/2322]  Loss -0.1540 (-0.8001)  Time:  0.081 (0.012)  Data Time:  0.004 (0.005)
2022-03-29 16:22:31,194:INFO:   Eta: 1:17:43
2022-03-29 16:22:56,833:INFO: Train: [84][2321/2322]  Loss -0.1217 (-0.9024)  Time:  0.086 (0.011)  Data Time:  0.005 (0.004)
2022-03-29 16:22:56,834:INFO:   Eta: 1:10:54
2022-03-29 16:23:22,141:INFO: Train: [85][2321/2322]  Loss -0.1413 (-0.9205)  Time:  0.086 (0.011)  Data Time:  0.004 (0.004)
2022-03-29 16:23:22,142:INFO:   Eta: 1:09:33
2022-03-29 16:23:46,990:INFO: Train: [86][2321/2322]  Loss -0.1566 (-0.9213)  Time:  0.077 (0.011)  Data Time:  0.005 (0.003)
2022-03-29 16:23:46,991:INFO:   Eta: 1:07:52
2022-03-29 16:24:14,126:INFO: Train: [87][2321/2322]  Loss -0.1357 (-0.6069)  Time:  0.089 (0.012)  Data Time:  0.003 (0.004)
2022-03-29 16:24:14,127:INFO:   Eta: 1:13:40
2022-03-29 16:24:42,767:INFO: Train: [88][2321/2322]  Loss -0.1178 (-0.9153)  Time:  0.095 (0.012)  Data Time:  0.004 (0.005)
2022-03-29 16:24:42,768:INFO:   Eta: 1:17:17
2022-03-29 16:25:10,093:INFO: Train: [89][2321/2322]  Loss -0.1352 (-0.8808)  Time:  0.092 (0.012)  Data Time:  0.005 (0.004)
2022-03-29 16:25:10,094:INFO:   Eta: 1:13:17
2022-03-29 16:25:36,059:INFO: Train: [90][2321/2322]  Loss -0.1629 (-0.8099)  Time:  0.089 (0.011)  Data Time:  0.004 (0.004)
2022-03-29 16:25:36,060:INFO:   Eta: 1:09:11
2022-03-29 16:25:57,224:INFO: Test: [90]  ADE: 0.4981  FDE: 0.8157
2022-03-29 16:26:26,582:INFO: Train: [91][2321/2322]  Loss -0.0947 (-0.9794)  Time:  0.096 (0.013)  Data Time:  0.005 (0.005)
2022-03-29 16:26:26,583:INFO:   Eta: 1:17:44
2022-03-29 16:26:55,376:INFO: Train: [92][2321/2322]  Loss -0.1403 (-0.9734)  Time:  0.095 (0.012)  Data Time:  0.004 (0.005)
2022-03-29 16:26:55,377:INFO:   Eta: 1:15:47
2022-03-29 16:27:24,074:INFO: Train: [93][2321/2322]  Loss -0.0625 (-0.9945)  Time:  0.085 (0.012)  Data Time:  0.005 (0.005)
2022-03-29 16:27:24,075:INFO:   Eta: 1:15:03
2022-03-29 16:27:53,214:INFO: Train: [94][2321/2322]  Loss -0.0949 (-0.9202)  Time:  0.095 (0.013)  Data Time:  0.005 (0.005)
2022-03-29 16:27:53,215:INFO:   Eta: 1:15:43
2022-03-29 16:28:21,160:INFO: Train: [95][2321/2322]  Loss -0.1528 (-0.8866)  Time:  0.081 (0.012)  Data Time:  0.004 (0.004)
2022-03-29 16:28:21,161:INFO:   Eta: 1:12:09
2022-03-29 16:28:46,692:INFO: Train: [96][2321/2322]  Loss -0.0868 (-0.9424)  Time:  0.078 (0.011)  Data Time:  0.002 (0.004)
2022-03-29 16:28:46,693:INFO:   Eta: 1:05:29
2022-03-29 16:29:11,828:INFO: Train: [97][2321/2322]  Loss -0.1573 (-0.8417)  Time:  0.113 (0.011)  Data Time:  0.003 (0.003)
2022-03-29 16:29:11,829:INFO:   Eta: 1:04:03
2022-03-29 16:29:37,253:INFO: Train: [98][2321/2322]  Loss -0.1497 (-0.9829)  Time:  0.092 (0.011)  Data Time:  0.004 (0.004)
2022-03-29 16:29:37,254:INFO:   Eta: 1:04:22
2022-03-29 16:30:03,704:INFO: Train: [99][2321/2322]  Loss -0.1515 (-1.0631)  Time:  0.093 (0.011)  Data Time:  0.005 (0.004)
2022-03-29 16:30:03,705:INFO:   Eta: 1:06:32
2022-03-29 16:30:29,954:INFO: Train: [100][2321/2322]  Loss -0.1307 (-0.8918)  Time:  0.086 (0.011)  Data Time:  0.005 (0.004)
2022-03-29 16:30:29,955:INFO:   Eta: 1:05:35
2022-03-29 16:30:50,208:INFO: Test: [100]  ADE: 0.4737  FDE: 0.7324
2022-03-29 16:31:19,069:INFO: Train: [101][2321/2322]  Loss -0.1659 (-1.0096)  Time:  0.108 (0.012)  Data Time:  0.005 (0.005)
2022-03-29 16:31:19,070:INFO:   Eta: 1:11:37
2022-03-29 16:31:47,905:INFO: Train: [102][2321/2322]  Loss -0.0490 (-1.0256)  Time:  0.092 (0.012)  Data Time:  0.005 (0.005)
2022-03-29 16:31:47,906:INFO:   Eta: 1:11:06
2022-03-29 16:32:16,562:INFO: Train: [103][2321/2322]  Loss -0.0609 (-1.0151)  Time:  0.093 (0.012)  Data Time:  0.003 (0.005)
2022-03-29 16:32:16,563:INFO:   Eta: 1:10:10
2022-03-29 16:32:45,187:INFO: Train: [104][2321/2322]  Loss -0.1374 (-0.8798)  Time:  0.096 (0.012)  Data Time:  0.004 (0.005)
2022-03-29 16:32:45,188:INFO:   Eta: 1:09:36
2022-03-29 16:33:13,961:INFO: Train: [105][2321/2322]  Loss -0.1487 (-0.9369)  Time:  0.098 (0.012)  Data Time:  0.004 (0.005)
2022-03-29 16:33:13,962:INFO:   Eta: 1:09:30
2022-03-29 16:33:43,715:INFO: Train: [106][2321/2322]  Loss -0.1162 (-0.9360)  Time:  0.102 (0.013)  Data Time:  0.005 (0.005)
2022-03-29 16:33:43,716:INFO:   Eta: 1:11:22
2022-03-29 16:34:11,536:INFO: Train: [107][2321/2322]  Loss -0.1584 (-0.9014)  Time:  0.079 (0.012)  Data Time:  0.004 (0.004)
2022-03-29 16:34:11,570:INFO:   Eta: 1:06:16
2022-03-29 16:34:36,394:INFO: Train: [108][2321/2322]  Loss -0.1461 (-0.8874)  Time:  0.100 (0.011)  Data Time:  0.005 (0.003)
2022-03-29 16:34:36,395:INFO:   Eta: 0:58:43
2022-03-29 16:35:01,613:INFO: Train: [109][2321/2322]  Loss -0.1185 (-0.9689)  Time:  0.077 (0.011)  Data Time:  0.003 (0.004)
2022-03-29 16:35:01,614:INFO:   Eta: 0:59:14
2022-03-29 16:35:26,287:INFO: Train: [110][2321/2322]  Loss -0.1302 (-0.9945)  Time:  0.077 (0.011)  Data Time:  0.002 (0.003)
2022-03-29 16:35:26,288:INFO:   Eta: 0:57:32
2022-03-29 16:35:45,923:INFO: Test: [110]  ADE: 0.4492  FDE: 0.6838
2022-03-29 16:36:15,253:INFO: Train: [111][2321/2322]  Loss -0.1023 (-0.9207)  Time:  0.111 (0.012)  Data Time:  0.004 (0.004)
2022-03-29 16:36:15,327:INFO:   Eta: 1:02:41
2022-03-29 16:36:45,064:INFO: Train: [112][2321/2322]  Loss -0.1287 (-1.0262)  Time:  0.095 (0.012)  Data Time:  0.005 (0.005)
2022-03-29 16:36:45,065:INFO:   Eta: 1:06:11
2022-03-29 16:37:14,384:INFO: Train: [113][2321/2322]  Loss -0.1762 (-1.0320)  Time:  0.091 (0.013)  Data Time:  0.004 (0.005)
2022-03-29 16:37:14,385:INFO:   Eta: 1:06:54
2022-03-29 16:37:44,923:INFO: Train: [114][2321/2322]  Loss -0.1592 (-0.9895)  Time:  0.094 (0.012)  Data Time:  0.005 (0.005)
2022-03-29 16:37:44,923:INFO:   Eta: 1:05:23
2022-03-29 16:38:13,935:INFO: Train: [115][2321/2322]  Loss -0.2002 (-1.0669)  Time:  0.109 (0.012)  Data Time:  0.004 (0.005)
2022-03-29 16:38:13,936:INFO:   Eta: 1:05:14
2022-03-29 16:38:42,819:INFO: Train: [116][2321/2322]  Loss -0.1679 (-1.0560)  Time:  0.088 (0.012)  Data Time:  0.004 (0.005)
2022-03-29 16:38:42,857:INFO:   Eta: 1:04:28
2022-03-29 16:39:10,710:INFO: Train: [117][2321/2322]  Loss -0.1700 (-1.0213)  Time:  0.098 (0.012)  Data Time:  0.005 (0.005)
2022-03-29 16:39:10,846:INFO:   Eta: 1:01:42
2022-03-29 16:39:39,453:INFO: Train: [118][2321/2322]  Loss -0.1578 (-1.0608)  Time:  0.099 (0.012)  Data Time:  0.005 (0.004)
2022-03-29 16:39:39,454:INFO:   Eta: 1:00:04
2022-03-29 16:40:08,364:INFO: Train: [119][2321/2322]  Loss -0.1406 (-0.8354)  Time:  0.085 (0.012)  Data Time:  0.004 (0.005)
2022-03-29 16:40:08,364:INFO:   Eta: 1:03:05
2022-03-29 16:40:31,964:INFO: Train: [120][2321/2322]  Loss -0.1905 (-1.0285)  Time:  0.083 (0.010)  Data Time:  0.003 (0.003)
2022-03-29 16:40:31,965:INFO:   Eta: 0:51:06
2022-03-29 16:40:50,981:INFO: Test: [120]  ADE: 0.4428  FDE: 0.6736
2022-03-29 16:41:16,385:INFO: Train: [121][2321/2322]  Loss -0.1228 (-1.0219)  Time:  0.085 (0.011)  Data Time:  0.004 (0.004)
2022-03-29 16:41:16,386:INFO:   Eta: 0:54:35
2022-03-29 16:41:41,680:INFO: Train: [122][2321/2322]  Loss -0.1827 (-0.8354)  Time:  0.077 (0.011)  Data Time:  0.003 (0.004)
2022-03-29 16:41:41,681:INFO:   Eta: 0:53:56
2022-03-29 16:42:09,833:INFO: Train: [123][2321/2322]  Loss -0.1188 (-1.0165)  Time:  0.089 (0.012)  Data Time:  0.004 (0.004)
2022-03-29 16:42:09,834:INFO:   Eta: 0:59:33
2022-03-29 16:42:38,441:INFO: Train: [124][2321/2322]  Loss -0.1456 (-0.9716)  Time:  0.090 (0.012)  Data Time:  0.005 (0.004)
2022-03-29 16:42:38,441:INFO:   Eta: 1:00:03
2022-03-29 16:43:07,091:INFO: Train: [125][2321/2322]  Loss -0.1627 (-1.0655)  Time:  0.097 (0.012)  Data Time:  0.006 (0.005)
2022-03-29 16:43:07,092:INFO:   Eta: 0:59:39
2022-03-29 16:43:35,852:INFO: Train: [126][2321/2322]  Loss -0.1786 (-1.0303)  Time:  0.093 (0.012)  Data Time:  0.005 (0.004)
2022-03-29 16:43:35,852:INFO:   Eta: 0:59:24
2022-03-29 16:44:04,422:INFO: Train: [127][2321/2322]  Loss -0.1696 (-1.0581)  Time:  0.101 (0.012)  Data Time:  0.006 (0.005)
2022-03-29 16:44:04,423:INFO:   Eta: 0:58:32
2022-03-29 16:44:32,623:INFO: Train: [128][2321/2322]  Loss -0.1778 (-0.9155)  Time:  0.090 (0.012)  Data Time:  0.004 (0.005)
2022-03-29 16:44:32,624:INFO:   Eta: 0:57:18
2022-03-29 16:45:00,849:INFO: Train: [129][2321/2322]  Loss -0.1066 (-0.9639)  Time:  0.096 (0.012)  Data Time:  0.005 (0.005)
2022-03-29 16:45:00,850:INFO:   Eta: 0:56:53
2022-03-29 16:45:27,076:INFO: Train: [130][2321/2322]  Loss -0.1341 (-0.8849)  Time:  0.080 (0.011)  Data Time:  0.004 (0.004)
2022-03-29 16:45:27,077:INFO:   Eta: 0:52:25
2022-03-29 16:45:46,545:INFO: Test: [130]  ADE: 0.4525  FDE: 0.6875
2022-03-29 16:46:12,750:INFO: Train: [131][2321/2322]  Loss -0.1333 (-1.0594)  Time:  0.086 (0.011)  Data Time:  0.003 (0.004)
2022-03-29 16:46:12,750:INFO:   Eta: 0:51:55
2022-03-29 16:46:37,922:INFO: Train: [132][2321/2322]  Loss -0.1669 (-1.1012)  Time:  0.084 (0.011)  Data Time:  0.004 (0.004)
2022-03-29 16:46:37,923:INFO:   Eta: 0:49:28
2022-03-29 16:47:03,059:INFO: Train: [133][2321/2322]  Loss -0.1880 (-1.0627)  Time:  0.082 (0.011)  Data Time:  0.003 (0.004)
2022-03-29 16:47:03,060:INFO:   Eta: 0:48:59
2022-03-29 16:47:28,555:INFO: Train: [134][2321/2322]  Loss -0.1791 (-1.0384)  Time:  0.093 (0.011)  Data Time:  0.004 (0.004)
2022-03-29 16:47:28,555:INFO:   Eta: 0:49:15
2022-03-29 16:47:56,447:INFO: Train: [135][2321/2322]  Loss -0.1495 (-1.0687)  Time:  0.095 (0.012)  Data Time:  0.005 (0.004)
2022-03-29 16:47:56,448:INFO:   Eta: 0:53:26
2022-03-29 16:48:24,880:INFO: Train: [136][2321/2322]  Loss -0.0736 (-1.0132)  Time:  0.099 (0.012)  Data Time:  0.004 (0.005)
2022-03-29 16:48:24,880:INFO:   Eta: 0:53:59
2022-03-29 16:48:53,398:INFO: Train: [137][2321/2322]  Loss -0.1403 (-1.0251)  Time:  0.092 (0.012)  Data Time:  0.005 (0.004)
2022-03-29 16:48:53,398:INFO:   Eta: 0:53:40
2022-03-29 16:49:21,849:INFO: Train: [138][2321/2322]  Loss -0.1369 (-1.0729)  Time:  0.090 (0.012)  Data Time:  0.004 (0.005)
2022-03-29 16:49:21,849:INFO:   Eta: 0:53:04
2022-03-29 16:49:49,353:INFO: Train: [139][2321/2322]  Loss -0.1589 (-1.0740)  Time:  0.084 (0.012)  Data Time:  0.004 (0.004)
2022-03-29 16:49:49,354:INFO:   Eta: 0:50:51
2022-03-29 16:50:15,415:INFO: Train: [140][2321/2322]  Loss -0.1626 (-1.1460)  Time:  0.086 (0.011)  Data Time:  0.004 (0.004)
2022-03-29 16:50:15,416:INFO:   Eta: 0:47:45
2022-03-29 16:50:35,262:INFO: Test: [140]  ADE: 0.4504  FDE: 0.6896
2022-03-29 16:51:04,162:INFO: Train: [141][2321/2322]  Loss -0.1544 (-1.0949)  Time:  0.101 (0.012)  Data Time:  0.006 (0.005)
2022-03-29 16:51:04,168:INFO:   Eta: 0:52:28
2022-03-29 16:51:32,691:INFO: Train: [142][2321/2322]  Loss -0.2008 (-1.1413)  Time:  0.092 (0.012)  Data Time:  0.004 (0.005)
2022-03-29 16:51:32,694:INFO:   Eta: 0:51:05
2022-03-29 16:51:58,857:INFO: Train: [143][2321/2322]  Loss -0.1745 (-1.0897)  Time:  0.082 (0.011)  Data Time:  0.004 (0.004)
2022-03-29 16:51:58,857:INFO:   Eta: 0:46:37
2022-03-29 16:52:24,091:INFO: Train: [144][2321/2322]  Loss -0.1029 (-1.0824)  Time:  0.083 (0.011)  Data Time:  0.004 (0.004)
2022-03-29 16:52:24,094:INFO:   Eta: 0:44:33
2022-03-29 16:52:49,320:INFO: Train: [145][2321/2322]  Loss -0.1468 (-1.0966)  Time:  0.084 (0.011)  Data Time:  0.004 (0.004)
2022-03-29 16:52:49,321:INFO:   Eta: 0:44:07
2022-03-29 16:53:14,616:INFO: Train: [146][2321/2322]  Loss -0.1444 (-0.9190)  Time:  0.081 (0.011)  Data Time:  0.003 (0.004)
2022-03-29 16:53:14,617:INFO:   Eta: 0:43:49
2022-03-29 16:53:42,490:INFO: Train: [147][2321/2322]  Loss -0.1761 (-0.9266)  Time:  0.104 (0.012)  Data Time:  0.004 (0.005)
2022-03-29 16:53:42,491:INFO:   Eta: 0:47:49
2022-03-29 16:54:10,619:INFO: Train: [148][2321/2322]  Loss -0.1465 (-0.9909)  Time:  0.092 (0.012)  Data Time:  0.004 (0.005)
2022-03-29 16:54:10,619:INFO:   Eta: 0:47:47
2022-03-29 16:54:37,464:INFO: Train: [149][2321/2322]  Loss -0.1499 (-0.8974)  Time:  0.089 (0.012)  Data Time:  0.004 (0.004)
2022-03-29 16:54:37,467:INFO:   Eta: 0:45:09
2022-03-29 16:55:02,391:INFO: Train: [150][2321/2322]  Loss -0.1860 (-1.1829)  Time:  0.089 (0.011)  Data Time:  0.005 (0.004)
2022-03-29 16:55:02,391:INFO:   Eta: 0:41:28
2022-03-29 16:55:23,187:INFO: Test: [150]  ADE: 0.4268  FDE: 0.6551
2022-03-29 16:55:51,633:INFO: Train: [151][2321/2322]  Loss -0.1669 (-1.1246)  Time:  0.095 (0.012)  Data Time:  0.005 (0.005)
2022-03-29 16:55:51,634:INFO:   Eta: 0:46:54
2022-03-29 16:55:57,002:INFO: Valid: [151][604/605]  Loss -5.6498 (-3.3878)
2022-03-29 16:55:57,015:INFO: Checkpoint saved...
2022-03-29 16:56:24,893:INFO: Train: [152][2321/2322]  Loss -0.1690 (-1.0593)  Time:  0.097 (0.012)  Data Time:  0.005 (0.004)
2022-03-29 16:56:24,894:INFO:   Eta: 0:45:29
2022-03-29 16:56:30,329:INFO: Valid: [152][604/605]  Loss -5.7296 (-3.3471)
2022-03-29 16:56:30,346:INFO: Checkpoint saved...
2022-03-29 16:56:59,130:INFO: Train: [153][2321/2322]  Loss -0.1393 (-1.0677)  Time:  0.093 (0.012)  Data Time:  0.005 (0.005)
2022-03-29 16:56:59,131:INFO:   Eta: 0:46:30
2022-03-29 16:57:04,597:INFO: Valid: [153][604/605]  Loss -5.7109 (-3.3810)
2022-03-29 16:57:32,175:INFO: Train: [154][2321/2322]  Loss -0.2040 (-1.1089)  Time:  0.084 (0.012)  Data Time:  0.004 (0.004)
2022-03-29 16:57:32,176:INFO:   Eta: 0:44:05
2022-03-29 16:57:37,505:INFO: Valid: [154][604/605]  Loss -5.5758 (-3.2328)
2022-03-29 16:58:02,828:INFO: Train: [155][2321/2322]  Loss -0.1416 (-1.1779)  Time:  0.080 (0.011)  Data Time:  0.003 (0.004)
2022-03-29 16:58:02,829:INFO:   Eta: 0:40:03
2022-03-29 16:58:08,211:INFO: Valid: [155][604/605]  Loss -4.9882 (-2.8187)
2022-03-29 16:58:33,334:INFO: Train: [156][2321/2322]  Loss -0.2069 (-1.1727)  Time:  0.095 (0.011)  Data Time:  0.004 (0.004)
2022-03-29 16:58:33,335:INFO:   Eta: 0:39:18
2022-03-29 16:58:38,719:INFO: Valid: [156][604/605]  Loss -5.7730 (-3.4109)
2022-03-29 16:58:38,729:INFO: Checkpoint saved...
2022-03-29 16:59:04,329:INFO: Train: [157][2321/2322]  Loss -0.1417 (-1.0811)  Time:  0.086 (0.011)  Data Time:  0.004 (0.004)
2022-03-29 16:59:04,330:INFO:   Eta: 0:39:38
2022-03-29 16:59:10,045:INFO: Valid: [157][604/605]  Loss -5.6805 (-3.3931)
2022-03-29 16:59:38,776:INFO: Train: [158][2321/2322]  Loss -0.1840 (-1.0951)  Time:  0.092 (0.012)  Data Time:  0.004 (0.005)
2022-03-29 16:59:38,777:INFO:   Eta: 0:44:00
2022-03-29 16:59:44,479:INFO: Valid: [158][604/605]  Loss -5.8070 (-3.4016)
2022-03-29 16:59:44,492:INFO: Checkpoint saved...
2022-03-29 17:00:10,029:INFO: Train: [159][2321/2322]  Loss -0.1591 (-1.1834)  Time:  0.084 (0.011)  Data Time:  0.003 (0.004)
2022-03-29 17:00:10,029:INFO:   Eta: 0:38:41
2022-03-29 17:00:15,516:INFO: Valid: [159][604/605]  Loss -5.8447 (-3.4426)
2022-03-29 17:00:15,525:INFO: Checkpoint saved...
2022-03-29 17:00:42,990:INFO: Train: [160][2321/2322]  Loss -0.1477 (-1.2522)  Time:  0.093 (0.012)  Data Time:  0.005 (0.004)
2022-03-29 17:00:42,991:INFO:   Eta: 0:41:10
2022-03-29 17:00:48,561:INFO: Valid: [160][604/605]  Loss -5.8617 (-3.4648)
2022-03-29 17:00:48,577:INFO: Checkpoint saved...
2022-03-29 17:01:09,408:INFO: Test: [160]  ADE: 0.4300  FDE: 0.6690
2022-03-29 17:01:37,668:INFO: Train: [161][2321/2322]  Loss -0.1920 (-1.1555)  Time:  0.106 (0.012)  Data Time:  0.006 (0.004)
2022-03-29 17:01:37,668:INFO:   Eta: 0:41:53
2022-03-29 17:01:43,308:INFO: Valid: [161][604/605]  Loss -5.9882 (-3.5359)
2022-03-29 17:01:43,317:INFO: Checkpoint saved...
2022-03-29 17:02:11,717:INFO: Train: [162][2321/2322]  Loss -0.1032 (-1.2189)  Time:  0.102 (0.012)  Data Time:  0.004 (0.005)
2022-03-29 17:02:11,718:INFO:   Eta: 0:41:37
2022-03-29 17:02:17,180:INFO: Valid: [162][604/605]  Loss -5.8982 (-3.4956)
2022-03-29 17:02:45,335:INFO: Train: [163][2321/2322]  Loss -0.1358 (-1.2126)  Time:  0.089 (0.012)  Data Time:  0.006 (0.005)
2022-03-29 17:02:45,336:INFO:   Eta: 0:40:47
2022-03-29 17:02:50,481:INFO: Valid: [163][604/605]  Loss -5.9417 (-3.5103)
2022-03-29 17:03:17,861:INFO: Train: [164][2321/2322]  Loss -0.1691 (-1.2105)  Time:  0.082 (0.012)  Data Time:  0.004 (0.004)
2022-03-29 17:03:17,862:INFO:   Eta: 0:39:11
2022-03-29 17:03:22,982:INFO: Valid: [164][604/605]  Loss -5.7150 (-3.3203)
2022-03-29 17:03:48,294:INFO: Train: [165][2321/2322]  Loss -0.1725 (-1.2009)  Time:  0.087 (0.011)  Data Time:  0.004 (0.004)
2022-03-29 17:03:48,295:INFO:   Eta: 0:35:49
2022-03-29 17:03:53,763:INFO: Valid: [165][604/605]  Loss -5.2176 (-2.9822)
2022-03-29 17:04:18,944:INFO: Train: [166][2321/2322]  Loss -0.1977 (-1.0369)  Time:  0.082 (0.011)  Data Time:  0.004 (0.003)
2022-03-29 17:04:18,945:INFO:   Eta: 0:35:13
2022-03-29 17:04:24,413:INFO: Valid: [166][604/605]  Loss -5.8374 (-3.4539)
2022-03-29 17:04:50,022:INFO: Train: [167][2321/2322]  Loss -0.1205 (-1.1152)  Time:  0.093 (0.011)  Data Time:  0.005 (0.004)
2022-03-29 17:04:50,023:INFO:   Eta: 0:35:23
2022-03-29 17:04:55,562:INFO: Valid: [167][604/605]  Loss -5.9007 (-3.4676)
2022-03-29 17:05:23,271:INFO: Train: [168][2321/2322]  Loss -0.1965 (-1.1786)  Time:  0.081 (0.012)  Data Time:  0.003 (0.004)
2022-03-29 17:05:23,271:INFO:   Eta: 0:37:50
2022-03-29 17:05:28,663:INFO: Valid: [168][604/605]  Loss -5.7911 (-3.4156)
2022-03-29 17:05:54,279:INFO: Train: [169][2321/2322]  Loss -0.1929 (-1.2029)  Time:  0.085 (0.011)  Data Time:  0.004 (0.004)
2022-03-29 17:05:54,280:INFO:   Eta: 0:34:32
2022-03-29 17:05:59,882:INFO: Valid: [169][604/605]  Loss -5.6228 (-3.2617)
2022-03-29 17:06:27,412:INFO: Train: [170][2321/2322]  Loss -0.1699 (-1.0925)  Time:  0.088 (0.012)  Data Time:  0.004 (0.004)
2022-03-29 17:06:27,413:INFO:   Eta: 0:36:40
2022-03-29 17:06:32,901:INFO: Valid: [170][604/605]  Loss -5.8982 (-3.5124)
2022-03-29 17:06:53,402:INFO: Test: [170]  ADE: 0.4407  FDE: 0.7203
2022-03-29 17:07:21,875:INFO: Train: [171][2321/2322]  Loss -0.1826 (-1.1771)  Time:  0.090 (0.012)  Data Time:  0.004 (0.005)
2022-03-29 17:07:21,876:INFO:   Eta: 0:37:28
2022-03-29 17:07:27,504:INFO: Valid: [171][604/605]  Loss -5.9177 (-3.5052)
2022-03-29 17:07:55,846:INFO: Train: [172][2321/2322]  Loss -0.1481 (-1.1914)  Time:  0.100 (0.012)  Data Time:  0.005 (0.004)
2022-03-29 17:07:55,847:INFO:   Eta: 0:36:48
2022-03-29 17:08:01,015:INFO: Valid: [172][604/605]  Loss -5.4290 (-3.1505)
2022-03-29 17:08:28,982:INFO: Train: [173][2321/2322]  Loss -0.1807 (-1.1840)  Time:  0.075 (0.012)  Data Time:  0.004 (0.004)
2022-03-29 17:08:28,983:INFO:   Eta: 0:35:51
2022-03-29 17:08:34,521:INFO: Valid: [173][604/605]  Loss -5.7726 (-3.3987)
2022-03-29 17:09:02,189:INFO: Train: [174][2321/2322]  Loss -0.1896 (-1.2012)  Time:  0.079 (0.012)  Data Time:  0.004 (0.004)
2022-03-29 17:09:02,190:INFO:   Eta: 0:35:00
2022-03-29 17:09:07,507:INFO: Valid: [174][604/605]  Loss -5.7688 (-3.3584)
2022-03-29 17:09:32,723:INFO: Train: [175][2321/2322]  Loss -0.1142 (-1.1925)  Time:  0.079 (0.011)  Data Time:  0.004 (0.003)
2022-03-29 17:09:32,725:INFO:   Eta: 0:31:29
2022-03-29 17:09:37,964:INFO: Valid: [175][604/605]  Loss -5.6139 (-3.2522)
2022-03-29 17:10:02,927:INFO: Train: [176][2321/2322]  Loss -0.1938 (-1.1290)  Time:  0.083 (0.011)  Data Time:  0.003 (0.004)
2022-03-29 17:10:02,928:INFO:   Eta: 0:30:45
2022-03-29 17:10:08,592:INFO: Valid: [176][604/605]  Loss -5.9312 (-3.5032)
2022-03-29 17:10:33,683:INFO: Train: [177][2321/2322]  Loss -0.2152 (-1.1782)  Time:  0.089 (0.011)  Data Time:  0.004 (0.004)
2022-03-29 17:10:33,686:INFO:   Eta: 0:30:29
2022-03-29 17:10:39,289:INFO: Valid: [177][604/605]  Loss -5.3292 (-3.0407)
2022-03-29 17:11:05,167:INFO: Train: [178][2321/2322]  Loss -0.1274 (-1.1599)  Time:  0.087 (0.011)  Data Time:  0.003 (0.004)
2022-03-29 17:11:05,176:INFO:   Eta: 0:31:00
2022-03-29 17:11:10,625:INFO: Valid: [178][604/605]  Loss -5.8900 (-3.4543)
2022-03-29 17:11:37,737:INFO: Train: [179][2321/2322]  Loss -0.1432 (-1.2104)  Time:  0.095 (0.012)  Data Time:  0.005 (0.004)
2022-03-29 17:11:37,747:INFO:   Eta: 0:32:01
2022-03-29 17:11:43,321:INFO: Valid: [179][604/605]  Loss -5.9103 (-3.4943)
2022-03-29 17:12:11,394:INFO: Train: [180][2321/2322]  Loss -0.1571 (-1.2260)  Time:  0.122 (0.012)  Data Time:  0.004 (0.004)
2022-03-29 17:12:11,395:INFO:   Eta: 0:32:42
2022-03-29 17:12:16,832:INFO: Valid: [180][604/605]  Loss -5.7825 (-3.4530)
2022-03-29 17:12:37,543:INFO: Test: [180]  ADE: 0.4697  FDE: 0.7741
2022-03-29 17:13:05,775:INFO: Train: [181][2321/2322]  Loss -0.1714 (-1.2305)  Time:  0.103 (0.012)  Data Time:  0.005 (0.005)
2022-03-29 17:13:05,776:INFO:   Eta: 0:32:26
2022-03-29 17:13:11,377:INFO: Valid: [181][604/605]  Loss -5.9233 (-3.5070)
2022-03-29 17:13:39,427:INFO: Train: [182][2321/2322]  Loss -0.1571 (-1.1909)  Time:  0.102 (0.012)  Data Time:  0.004 (0.004)
2022-03-29 17:13:39,428:INFO:   Eta: 0:31:45
2022-03-29 17:13:44,868:INFO: Valid: [182][604/605]  Loss -5.7958 (-3.3924)
2022-03-29 17:14:12,829:INFO: Train: [183][2321/2322]  Loss -0.2195 (-1.1296)  Time:  0.094 (0.012)  Data Time:  0.004 (0.004)
2022-03-29 17:14:12,830:INFO:   Eta: 0:31:11
2022-03-29 17:14:18,209:INFO: Valid: [183][604/605]  Loss -5.3861 (-3.0932)
2022-03-29 17:14:46,774:INFO: Train: [184][2321/2322]  Loss -0.1596 (-1.1880)  Time:  0.091 (0.012)  Data Time:  0.003 (0.004)
2022-03-29 17:14:46,775:INFO:   Eta: 0:31:23
2022-03-29 17:14:52,373:INFO: Valid: [184][604/605]  Loss -5.8552 (-3.5033)
2022-03-29 17:15:20,368:INFO: Train: [185][2321/2322]  Loss -0.2184 (-1.2245)  Time:  0.129 (0.012)  Data Time:  0.006 (0.004)
2022-03-29 17:15:20,369:INFO:   Eta: 0:30:18
2022-03-29 17:15:25,753:INFO: Valid: [185][604/605]  Loss -5.7202 (-3.3458)
2022-03-29 17:15:51,842:INFO: Train: [186][2321/2322]  Loss -0.1645 (-1.2343)  Time:  0.091 (0.011)  Data Time:  0.003 (0.004)
2022-03-29 17:15:51,842:INFO:   Eta: 0:27:47
2022-03-29 17:15:57,278:INFO: Valid: [186][604/605]  Loss -5.8669 (-3.4854)
2022-03-29 17:16:21,756:INFO: Train: [187][2321/2322]  Loss -0.1592 (-1.1679)  Time:  0.082 (0.011)  Data Time:  0.003 (0.003)
2022-03-29 17:16:21,757:INFO:   Eta: 0:25:40
2022-03-29 17:16:27,406:INFO: Valid: [187][604/605]  Loss -5.9744 (-3.5345)
2022-03-29 17:16:49,648:INFO: Train: [188][2321/2322]  Loss -0.1817 (-1.1986)  Time:  0.072 (0.010)  Data Time:  0.003 (0.003)
2022-03-29 17:16:49,649:INFO:   Eta: 0:22:57
2022-03-29 17:16:54,863:INFO: Valid: [188][604/605]  Loss -5.9042 (-3.5103)
2022-03-29 17:17:21,789:INFO: Train: [189][2321/2322]  Loss -0.1345 (-1.2206)  Time:  0.085 (0.012)  Data Time:  0.004 (0.004)
2022-03-29 17:17:21,790:INFO:   Eta: 0:27:20
2022-03-29 17:17:27,224:INFO: Valid: [189][604/605]  Loss -5.9655 (-3.5353)
2022-03-29 17:17:55,741:INFO: Train: [190][2321/2322]  Loss -0.1420 (-1.2429)  Time:  0.107 (0.012)  Data Time:  0.005 (0.005)
2022-03-29 17:17:55,742:INFO:   Eta: 0:28:29
2022-03-29 17:18:01,187:INFO: Valid: [190][604/605]  Loss -5.6953 (-3.2961)
2022-03-29 17:18:21,350:INFO: Test: [190]  ADE: 0.4564  FDE: 0.7052
2022-03-29 17:18:49,867:INFO: Train: [191][2321/2322]  Loss -0.1704 (-1.1840)  Time:  0.111 (0.012)  Data Time:  0.005 (0.005)
2022-03-29 17:18:49,868:INFO:   Eta: 0:28:01
2022-03-29 17:18:55,617:INFO: Valid: [191][604/605]  Loss -5.7113 (-3.4332)
2022-03-29 17:19:24,032:INFO: Train: [192][2321/2322]  Loss -0.1981 (-1.1755)  Time:  0.094 (0.012)  Data Time:  0.003 (0.005)
2022-03-29 17:19:24,033:INFO:   Eta: 0:27:26
2022-03-29 17:19:29,686:INFO: Valid: [192][604/605]  Loss -5.8980 (-3.4711)
2022-03-29 17:19:57,999:INFO: Train: [193][2321/2322]  Loss -0.1957 (-1.2448)  Time:  0.093 (0.012)  Data Time:  0.005 (0.005)
2022-03-29 17:19:58,000:INFO:   Eta: 0:26:52
2022-03-29 17:20:03,506:INFO: Valid: [193][604/605]  Loss -5.8487 (-3.4184)
2022-03-29 17:20:31,957:INFO: Train: [194][2321/2322]  Loss -0.1850 (-1.2079)  Time:  0.092 (0.012)  Data Time:  0.004 (0.004)
2022-03-29 17:20:31,958:INFO:   Eta: 0:26:31
2022-03-29 17:20:37,454:INFO: Valid: [194][604/605]  Loss -5.7538 (-3.3320)
2022-03-29 17:21:06,025:INFO: Train: [195][2321/2322]  Loss -0.1708 (-1.0852)  Time:  0.103 (0.012)  Data Time:  0.003 (0.005)
2022-03-29 17:21:06,026:INFO:   Eta: 0:26:10
2022-03-29 17:21:11,540:INFO: Valid: [195][604/605]  Loss -5.8409 (-3.4350)
2022-03-29 17:21:40,318:INFO: Train: [196][2321/2322]  Loss -0.2115 (-1.1821)  Time:  0.088 (0.012)  Data Time:  0.004 (0.005)
2022-03-29 17:21:40,319:INFO:   Eta: 0:25:50
2022-03-29 17:21:45,869:INFO: Valid: [196][604/605]  Loss -5.1868 (-2.9429)
2022-03-29 17:22:11,728:INFO: Train: [197][2321/2322]  Loss -0.1784 (-1.2547)  Time:  0.080 (0.011)  Data Time:  0.003 (0.004)
2022-03-29 17:22:11,729:INFO:   Eta: 0:22:49
2022-03-29 17:22:17,299:INFO: Valid: [197][604/605]  Loss -5.9849 (-3.5550)
2022-03-29 17:22:41,235:INFO: Train: [198][2321/2322]  Loss -0.1412 (-1.2379)  Time:  0.103 (0.010)  Data Time:  0.004 (0.003)
2022-03-29 17:22:41,236:INFO:   Eta: 0:20:43
2022-03-29 17:22:46,819:INFO: Valid: [198][604/605]  Loss -5.7261 (-3.3419)
2022-03-29 17:23:11,512:INFO: Train: [199][2321/2322]  Loss -0.1240 (-1.1908)  Time:  0.086 (0.011)  Data Time:  0.004 (0.004)
2022-03-29 17:23:11,512:INFO:   Eta: 0:20:58
2022-03-29 17:23:17,006:INFO: Valid: [199][604/605]  Loss -5.5862 (-3.2253)
2022-03-29 17:23:42,075:INFO: Train: [200][2321/2322]  Loss -0.1854 (-1.2319)  Time:  0.083 (0.011)  Data Time:  0.003 (0.003)
2022-03-29 17:23:42,076:INFO:   Eta: 0:20:51
2022-03-29 17:23:47,613:INFO: Valid: [200][604/605]  Loss -5.8852 (-3.4542)
2022-03-29 17:24:08,988:INFO: Test: [200]  ADE: 0.4413  FDE: 0.6897
2022-03-29 17:24:36,573:INFO: Train: [201][2321/2322]  Loss -0.1613 (-1.2038)  Time:  0.095 (0.012)  Data Time:  0.005 (0.004)
2022-03-29 17:24:36,573:INFO:   Eta: 0:22:30
2022-03-29 17:24:41,935:INFO: Valid: [201][604/605]  Loss -5.7361 (-3.3362)
2022-03-29 17:25:11,047:INFO: Train: [202][2321/2322]  Loss -0.2089 (-1.1730)  Time:  0.092 (0.012)  Data Time:  0.005 (0.005)
2022-03-29 17:25:11,047:INFO:   Eta: 0:22:49
2022-03-29 17:25:16,720:INFO: Valid: [202][604/605]  Loss -5.9188 (-3.4729)
2022-03-29 17:25:44,954:INFO: Train: [203][2321/2322]  Loss -0.1931 (-1.1779)  Time:  0.095 (0.012)  Data Time:  0.004 (0.005)
2022-03-29 17:25:44,955:INFO:   Eta: 0:22:05
2022-03-29 17:25:50,568:INFO: Valid: [203][604/605]  Loss -5.9547 (-3.5062)
2022-03-29 17:26:18,536:INFO: Train: [204][2321/2322]  Loss -0.1702 (-1.1017)  Time:  0.091 (0.012)  Data Time:  0.004 (0.004)
2022-03-29 17:26:18,537:INFO:   Eta: 0:21:25
2022-03-29 17:26:24,226:INFO: Valid: [204][604/605]  Loss -5.9945 (-3.5623)
2022-03-29 17:26:24,271:INFO: Checkpoint saved...
2022-03-29 17:26:52,454:INFO: Train: [205][2321/2322]  Loss -0.2080 (-1.1197)  Time:  0.099 (0.012)  Data Time:  0.004 (0.005)
2022-03-29 17:26:52,455:INFO:   Eta: 0:21:06
2022-03-29 17:26:57,969:INFO: Valid: [205][604/605]  Loss -5.8691 (-3.4258)
2022-03-29 17:27:25,505:INFO: Train: [206][2321/2322]  Loss -0.1532 (-1.0895)  Time:  0.092 (0.012)  Data Time:  0.004 (0.004)
2022-03-29 17:27:25,506:INFO:   Eta: 0:20:08
2022-03-29 17:27:30,768:INFO: Valid: [206][604/605]  Loss -5.7448 (-3.3709)
2022-03-29 17:27:56,470:INFO: Train: [207][2321/2322]  Loss -0.1587 (-1.1794)  Time:  0.081 (0.011)  Data Time:  0.003 (0.004)
2022-03-29 17:27:56,471:INFO:   Eta: 0:18:23
2022-03-29 17:28:02,199:INFO: Valid: [207][604/605]  Loss -5.8968 (-3.4858)
2022-03-29 17:28:30,622:INFO: Train: [208][2321/2322]  Loss -0.1512 (-1.1504)  Time:  0.092 (0.012)  Data Time:  0.005 (0.005)
2022-03-29 17:28:30,622:INFO:   Eta: 0:19:52
2022-03-29 17:28:36,384:INFO: Valid: [208][604/605]  Loss -5.8118 (-3.4745)
2022-03-29 17:29:02,109:INFO: Train: [209][2321/2322]  Loss -0.1125 (-1.2305)  Time:  0.083 (0.011)  Data Time:  0.004 (0.004)
2022-03-29 17:29:02,110:INFO:   Eta: 0:17:33
2022-03-29 17:29:07,297:INFO: Valid: [209][604/605]  Loss -5.8335 (-3.4253)
2022-03-29 17:29:32,625:INFO: Train: [210][2321/2322]  Loss -0.1749 (-1.2185)  Time:  0.091 (0.011)  Data Time:  0.003 (0.003)
2022-03-29 17:29:33,032:INFO:   Eta: 0:16:40
2022-03-29 17:29:38,509:INFO: Valid: [210][604/605]  Loss -5.9148 (-3.4809)
2022-03-29 17:29:58,076:INFO: Test: [210]  ADE: 0.4344  FDE: 0.6753
2022-03-29 17:30:23,572:INFO: Train: [211][2321/2322]  Loss -0.2149 (-1.2387)  Time:  0.075 (0.011)  Data Time:  0.003 (0.004)
2022-03-29 17:30:23,574:INFO:   Eta: 0:16:29
2022-03-29 17:30:29,288:INFO: Valid: [211][604/605]  Loss -5.9318 (-3.4853)
2022-03-29 17:30:57,036:INFO: Train: [212][2321/2322]  Loss -0.1633 (-1.2126)  Time:  0.096 (0.012)  Data Time:  0.005 (0.004)
2022-03-29 17:30:57,036:INFO:   Eta: 0:17:33
2022-03-29 17:31:02,594:INFO: Valid: [212][604/605]  Loss -5.6678 (-3.2789)
2022-03-29 17:31:30,957:INFO: Train: [213][2321/2322]  Loss -0.1433 (-1.1464)  Time:  0.095 (0.012)  Data Time:  0.005 (0.004)
2022-03-29 17:31:30,957:INFO:   Eta: 0:17:28
2022-03-29 17:31:36,324:INFO: Valid: [213][604/605]  Loss -5.8590 (-3.4870)
2022-03-29 17:32:04,160:INFO: Train: [214][2321/2322]  Loss -0.1313 (-1.2093)  Time:  0.090 (0.012)  Data Time:  0.005 (0.004)
2022-03-29 17:32:04,203:INFO:   Eta: 0:16:41
2022-03-29 17:32:09,823:INFO: Valid: [214][604/605]  Loss -5.8719 (-3.4816)
2022-03-29 17:32:37,868:INFO: Train: [215][2321/2322]  Loss -0.1845 (-1.1135)  Time:  0.090 (0.012)  Data Time:  0.005 (0.004)
2022-03-29 17:32:37,898:INFO:   Eta: 0:16:18
2022-03-29 17:32:43,349:INFO: Valid: [215][604/605]  Loss -5.8219 (-3.3907)
2022-03-29 17:33:08,499:INFO: Train: [216][2321/2322]  Loss -0.1900 (-1.2207)  Time:  0.084 (0.011)  Data Time:  0.003 (0.003)
2022-03-29 17:33:08,513:INFO:   Eta: 0:14:14
2022-03-29 17:33:14,041:INFO: Valid: [216][604/605]  Loss -5.6105 (-3.2546)
2022-03-29 17:33:41,671:INFO: Train: [217][2321/2322]  Loss -0.2029 (-1.2078)  Time:  0.092 (0.012)  Data Time:  0.003 (0.004)
2022-03-29 17:33:42,844:INFO:   Eta: 0:15:11
2022-03-29 17:33:48,205:INFO: Valid: [217][604/605]  Loss -5.9303 (-3.4946)
2022-03-29 17:34:16,697:INFO: Train: [218][2321/2322]  Loss -0.1762 (-1.2478)  Time:  0.097 (0.012)  Data Time:  0.005 (0.005)
2022-03-29 17:34:16,698:INFO:   Eta: 0:15:10
2022-03-29 17:34:22,376:INFO: Valid: [218][604/605]  Loss -5.9548 (-3.5359)
2022-03-29 17:34:50,383:INFO: Train: [219][2321/2322]  Loss -0.1834 (-1.1993)  Time:  0.102 (0.012)  Data Time:  0.003 (0.004)
2022-03-29 17:34:50,501:INFO:   Eta: 0:14:27
2022-03-29 17:34:56,128:INFO: Valid: [219][604/605]  Loss -5.8692 (-3.4599)
2022-03-29 17:35:24,780:INFO: Train: [220][2321/2322]  Loss -0.1490 (-1.2375)  Time:  0.095 (0.012)  Data Time:  0.004 (0.004)
2022-03-29 17:35:24,799:INFO:   Eta: 0:13:47
2022-03-29 17:35:30,177:INFO: Valid: [220][604/605]  Loss -5.7290 (-3.3281)
2022-03-29 17:35:49,969:INFO: Test: [220]  ADE: 0.4560  FDE: 0.6988
2022-03-29 17:36:15,088:INFO: Train: [221][2321/2322]  Loss -0.2143 (-1.1297)  Time:  0.095 (0.011)  Data Time:  0.004 (0.004)
2022-03-29 17:36:15,089:INFO:   Eta: 0:12:07
2022-03-29 17:36:20,560:INFO: Valid: [221][604/605]  Loss -6.0196 (-3.5549)
2022-03-29 17:36:20,824:INFO: Checkpoint saved...
2022-03-29 17:36:44,944:INFO: Train: [222][2321/2322]  Loss -0.1660 (-1.1511)  Time:  0.081 (0.010)  Data Time:  0.004 (0.003)
2022-03-29 17:36:45,047:INFO:   Eta: 0:11:14
2022-03-29 17:36:50,080:INFO: Valid: [222][604/605]  Loss -5.8746 (-3.4803)
2022-03-29 17:37:15,263:INFO: Train: [223][2321/2322]  Loss -0.1002 (-1.2159)  Time:  0.093 (0.011)  Data Time:  0.004 (0.004)
2022-03-29 17:37:15,345:INFO:   Eta: 0:11:19
2022-03-29 17:37:20,733:INFO: Valid: [223][604/605]  Loss -5.9007 (-3.5118)
2022-03-29 17:37:49,108:INFO: Train: [224][2321/2322]  Loss -0.1344 (-1.1704)  Time:  0.093 (0.012)  Data Time:  0.004 (0.005)
2022-03-29 17:37:49,109:INFO:   Eta: 0:12:16
2022-03-29 17:37:54,556:INFO: Valid: [224][604/605]  Loss -5.9253 (-3.5307)
2022-03-29 17:38:21,822:INFO: Train: [225][2321/2322]  Loss -0.0412 (-1.2402)  Time:  0.104 (0.012)  Data Time:  0.004 (0.004)
2022-03-29 17:38:21,823:INFO:   Eta: 0:11:20
2022-03-29 17:38:27,402:INFO: Valid: [225][604/605]  Loss -5.8350 (-3.4400)
2022-03-29 17:38:54,378:INFO: Train: [226][2321/2322]  Loss -0.1364 (-1.2340)  Time:  0.104 (0.012)  Data Time:  0.003 (0.004)
2022-03-29 17:38:54,379:INFO:   Eta: 0:10:46
2022-03-29 17:38:59,727:INFO: Valid: [226][604/605]  Loss -5.2956 (-3.0254)
2022-03-29 17:39:28,268:INFO: Train: [227][2321/2322]  Loss -0.1845 (-1.0589)  Time:  0.088 (0.012)  Data Time:  0.004 (0.005)
2022-03-29 17:39:28,269:INFO:   Eta: 0:10:55
2022-03-29 17:39:33,843:INFO: Valid: [227][604/605]  Loss -5.9539 (-3.5551)
2022-03-29 17:40:02,023:INFO: Train: [228][2321/2322]  Loss -0.1295 (-1.2324)  Time:  0.089 (0.012)  Data Time:  0.004 (0.004)
2022-03-29 17:40:02,026:INFO:   Eta: 0:10:18
2022-03-29 17:40:07,483:INFO: Valid: [228][604/605]  Loss -5.8958 (-3.4787)
2022-03-29 17:40:35,944:INFO: Train: [229][2321/2322]  Loss -0.2061 (-1.2323)  Time:  0.098 (0.012)  Data Time:  0.005 (0.004)
2022-03-29 17:40:35,944:INFO:   Eta: 0:09:56
2022-03-29 17:40:41,373:INFO: Valid: [229][604/605]  Loss -5.6245 (-3.2570)
2022-03-29 17:41:09,659:INFO: Train: [230][2321/2322]  Loss -0.1386 (-1.1882)  Time:  0.086 (0.012)  Data Time:  0.004 (0.005)
2022-03-29 17:41:09,660:INFO:   Eta: 0:09:25
2022-03-29 17:41:15,144:INFO: Valid: [230][604/605]  Loss -5.9932 (-3.5543)
2022-03-29 17:41:36,835:INFO: Test: [230]  ADE: 0.4383  FDE: 0.6949
2022-03-29 17:42:06,155:INFO: Train: [231][2321/2322]  Loss -0.1573 (-1.1951)  Time:  0.104 (0.013)  Data Time:  0.006 (0.005)
2022-03-29 17:42:06,155:INFO:   Eta: 0:09:16
2022-03-29 17:42:11,981:INFO: Valid: [231][604/605]  Loss -5.8361 (-3.4701)
2022-03-29 17:42:37,421:INFO: Train: [232][2321/2322]  Loss -0.1531 (-1.1795)  Time:  0.089 (0.011)  Data Time:  0.003 (0.004)
2022-03-29 17:42:37,422:INFO:   Eta: 0:07:37
2022-03-29 17:42:42,769:INFO: Valid: [232][604/605]  Loss -5.9024 (-3.5304)
2022-03-29 17:43:07,010:INFO: Train: [233][2321/2322]  Loss -0.1105 (-1.1547)  Time:  0.082 (0.010)  Data Time:  0.004 (0.003)
2022-03-29 17:43:07,011:INFO:   Eta: 0:06:51
2022-03-29 17:43:12,161:INFO: Valid: [233][604/605]  Loss -5.6589 (-3.2767)
2022-03-29 17:43:36,955:INFO: Train: [234][2321/2322]  Loss -0.1765 (-1.2785)  Time:  0.081 (0.011)  Data Time:  0.003 (0.003)
2022-03-29 17:43:36,956:INFO:   Eta: 0:06:36
2022-03-29 17:43:42,122:INFO: Valid: [234][604/605]  Loss -5.8773 (-3.4764)
2022-03-29 17:44:06,176:INFO: Train: [235][2321/2322]  Loss -0.1846 (-1.2135)  Time:  0.086 (0.010)  Data Time:  0.004 (0.003)
2022-03-29 17:44:06,177:INFO:   Eta: 0:06:00
2022-03-29 17:44:11,502:INFO: Valid: [235][604/605]  Loss -5.9503 (-3.5132)
2022-03-29 17:44:39,748:INFO: Train: [236][2321/2322]  Loss -0.2013 (-1.2226)  Time:  0.095 (0.012)  Data Time:  0.004 (0.004)
2022-03-29 17:44:39,749:INFO:   Eta: 0:06:35
2022-03-29 17:44:45,447:INFO: Valid: [236][604/605]  Loss -5.9340 (-3.5220)
2022-03-29 17:45:14,945:INFO: Train: [237][2321/2322]  Loss -0.1392 (-1.0186)  Time:  0.100 (0.013)  Data Time:  0.004 (0.004)
2022-03-29 17:45:14,945:INFO:   Eta: 0:06:23
2022-03-29 17:45:20,646:INFO: Valid: [237][604/605]  Loss -5.8273 (-3.4879)
2022-03-29 17:45:50,950:INFO: Train: [238][2321/2322]  Loss -0.1864 (-1.2319)  Time:  0.103 (0.013)  Data Time:  0.004 (0.005)
2022-03-29 17:45:50,952:INFO:   Eta: 0:06:03
2022-03-29 17:45:56,415:INFO: Valid: [238][604/605]  Loss -5.9487 (-3.5358)
2022-03-29 17:46:24,650:INFO: Train: [239][2321/2322]  Loss -0.1724 (-1.2168)  Time:  0.089 (0.012)  Data Time:  0.004 (0.004)
2022-03-29 17:46:24,651:INFO:   Eta: 0:05:10
2022-03-29 17:46:30,264:INFO: Valid: [239][604/605]  Loss -5.9626 (-3.5523)
2022-03-29 17:46:58,436:INFO: Train: [240][2321/2322]  Loss -0.1836 (-1.0924)  Time:  0.090 (0.012)  Data Time:  0.004 (0.004)
2022-03-29 17:46:58,437:INFO:   Eta: 0:04:41
2022-03-29 17:47:03,793:INFO: Valid: [240][604/605]  Loss -5.9545 (-3.4937)
2022-03-29 17:47:24,776:INFO: Test: [240]  ADE: 0.4316  FDE: 0.6674
2022-03-29 17:47:53,137:INFO: Train: [241][2321/2322]  Loss -0.2044 (-1.2409)  Time:  0.088 (0.012)  Data Time:  0.004 (0.005)
2022-03-29 17:47:53,138:INFO:   Eta: 0:04:15
2022-03-29 17:47:58,546:INFO: Valid: [241][604/605]  Loss -5.7371 (-3.3358)
2022-03-29 17:48:27,225:INFO: Train: [242][2321/2322]  Loss -0.1628 (-1.2677)  Time:  0.081 (0.012)  Data Time:  0.003 (0.005)
2022-03-29 17:48:27,226:INFO:   Eta: 0:03:49
2022-03-29 17:48:32,647:INFO: Valid: [242][604/605]  Loss -5.9095 (-3.4755)
2022-03-29 17:48:57,424:INFO: Train: [243][2321/2322]  Loss -0.0767 (-1.0909)  Time:  0.073 (0.011)  Data Time:  0.002 (0.004)
2022-03-29 17:48:57,425:INFO:   Eta: 0:02:53
2022-03-29 17:49:02,920:INFO: Valid: [243][604/605]  Loss -5.6608 (-3.3180)
2022-03-29 17:49:23,281:INFO: Train: [244][2321/2322]  Loss -0.1709 (-1.1749)  Time:  0.082 (0.009)  Data Time:  0.002 (0.002)
2022-03-29 17:49:23,281:INFO:   Eta: 0:02:01
2022-03-29 17:49:28,735:INFO: Valid: [244][604/605]  Loss -5.4915 (-3.1584)
2022-03-29 17:49:50,232:INFO: Train: [245][2321/2322]  Loss -0.1594 (-1.1027)  Time:  0.074 (0.009)  Data Time:  0.003 (0.002)
2022-03-29 17:49:50,233:INFO:   Eta: 0:01:47
2022-03-29 17:49:55,313:INFO: Valid: [245][604/605]  Loss -6.0031 (-3.5430)
2022-03-29 17:50:16,636:INFO: Train: [246][2321/2322]  Loss -0.1513 (-1.2392)  Time:  0.085 (0.009)  Data Time:  0.003 (0.002)
2022-03-29 17:50:16,742:INFO:   Eta: 0:01:25
2022-03-29 17:50:21,749:INFO: Valid: [246][604/605]  Loss -5.9816 (-3.5532)
2022-03-29 17:50:44,933:INFO: Train: [247][2321/2322]  Loss -0.1698 (-1.2387)  Time:  0.077 (0.010)  Data Time:  0.003 (0.003)
2022-03-29 17:50:44,934:INFO:   Eta: 0:01:09
2022-03-29 17:50:50,427:INFO: Valid: [247][604/605]  Loss -5.7561 (-3.3638)
2022-03-29 17:51:15,112:INFO: Train: [248][2321/2322]  Loss -0.1855 (-1.2684)  Time:  0.087 (0.011)  Data Time:  0.004 (0.003)
2022-03-29 17:51:15,113:INFO:   Eta: 0:00:49
2022-03-29 17:51:20,602:INFO: Valid: [248][604/605]  Loss -5.9375 (-3.4881)
2022-03-29 17:51:45,080:INFO: Train: [249][2321/2322]  Loss -0.1994 (-1.1239)  Time:  0.077 (0.011)  Data Time:  0.003 (0.003)
2022-03-29 17:51:45,081:INFO:   Eta: 0:00:24
2022-03-29 17:51:50,625:INFO: Valid: [249][604/605]  Loss -5.9528 (-3.5144)
