2022-03-30 16:39:26,631:INFO: batch_size=128
2022-03-30 16:39:26,631:INFO: clip_grad=None
2022-03-30 16:39:26,631:INFO: dataset=zara2
2022-03-30 16:39:26,631:INFO: gpu_num=0
2022-03-30 16:39:26,631:INFO: input_size=2
2022-03-30 16:39:26,632:INFO: kernel_size=3
2022-03-30 16:39:26,632:INFO: lr=0.01
2022-03-30 16:39:26,632:INFO: lr_sh_rate=150
2022-03-30 16:39:26,632:INFO: model=social_stgcnn5
2022-03-30 16:39:26,632:INFO: n_stgcnn=1
2022-03-30 16:39:26,632:INFO: n_txpcnn=5
2022-03-30 16:39:26,632:INFO: num_epochs=250
2022-03-30 16:39:26,632:INFO: obs_seq_len=8
2022-03-30 16:39:26,632:INFO: output_size=5
2022-03-30 16:39:26,633:INFO: pred_seq_len=12
2022-03-30 16:39:26,633:INFO: seed=0
2022-03-30 16:39:26,633:INFO: tag=zara2
2022-03-30 16:39:26,633:INFO: use_lrschd=True
2022-03-30 16:39:26,633:INFO: ******************************
2022-03-30 16:39:26,633:INFO: Training initiating....
2022-03-30 16:39:26,633:INFO: Namespace(batch_size=128, clip_grad=None, dataset='zara2', gpu_num='0', input_size=2, kernel_size=3, lr=0.01, lr_sh_rate=150, model='social_stgcnn5', n_stgcnn=1, n_txpcnn=5, num_epochs=250, obs_seq_len=8, output_size=5, pred_seq_len=12, seed=0, tag='zara2', use_lrschd=True)
2022-03-30 16:39:26,640:INFO: Initializing train dataset
2022-03-30 16:39:38,874:INFO: Initializing val dataset
2022-03-30 16:40:03,740:INFO: social_stgcnn5
2022-03-30 16:40:03,878:INFO: Data and model loaded
2022-03-30 16:40:03,879:INFO: Checkpoint dir: ./runs/Mar30_16-39-26_node07/zara2/checkpoint
2022-03-30 16:40:03,879:INFO: Training started ...
2022-03-30 16:40:36,198:INFO: Train: [0][2111/2112]  Loss 0.5560 (1.4806)  Time:  0.364 (0.015)  Data Time:  0.005 (0.004)
2022-03-30 16:40:36,200:INFO:   Eta: 2:14:37
2022-03-30 16:41:06,588:INFO: Train: [1][2111/2112]  Loss 0.2567 (0.8896)  Time:  0.368 (0.014)  Data Time:  0.005 (0.004)
2022-03-30 16:41:06,590:INFO:   Eta: 2:06:01
2022-03-30 16:41:36,623:INFO: Train: [2][2111/2112]  Loss 0.2355 (0.5570)  Time:  0.357 (0.014)  Data Time:  0.004 (0.004)
2022-03-30 16:41:36,639:INFO:   Eta: 2:04:02
2022-03-30 16:42:06,395:INFO: Train: [3][2111/2112]  Loss 0.4078 (0.3525)  Time:  0.375 (0.014)  Data Time:  0.005 (0.004)
2022-03-30 16:42:06,396:INFO:   Eta: 2:02:09
2022-03-30 16:42:36,738:INFO: Train: [4][2111/2112]  Loss 0.0406 (0.1865)  Time:  0.360 (0.014)  Data Time:  0.004 (0.004)
2022-03-30 16:42:36,740:INFO:   Eta: 2:04:20
2022-03-30 16:43:07,101:INFO: Train: [5][2111/2112]  Loss 0.1628 (0.1309)  Time:  0.367 (0.014)  Data Time:  0.004 (0.004)
2022-03-30 16:43:07,103:INFO:   Eta: 2:03:53
2022-03-30 16:43:37,515:INFO: Train: [6][2111/2112]  Loss -0.1173 (-0.0390)  Time:  0.371 (0.014)  Data Time:  0.004 (0.004)
2022-03-30 16:43:37,516:INFO:   Eta: 2:03:36
2022-03-30 16:44:26,147:INFO: Test: [6]  ADE: 0.5772  FDE: 0.7250
2022-03-30 16:44:54,068:INFO: Train: [7][2111/2112]  Loss -0.1439 (0.0545)  Time:  0.362 (0.013)  Data Time:  0.004 (0.003)
2022-03-30 16:44:54,069:INFO:   Eta: 1:52:59
2022-03-30 16:45:22,656:INFO: Train: [8][2111/2112]  Loss 0.0012 (-0.1769)  Time:  0.368 (0.014)  Data Time:  0.003 (0.003)
2022-03-30 16:45:22,657:INFO:   Eta: 1:55:14
2022-03-30 16:45:52,241:INFO: Train: [9][2111/2112]  Loss -0.1075 (0.0196)  Time:  0.367 (0.014)  Data Time:  0.004 (0.004)
2022-03-30 16:45:52,243:INFO:   Eta: 1:58:46
2022-03-30 16:46:22,237:INFO: Train: [10][2111/2112]  Loss -0.2195 (-0.3086)  Time:  0.359 (0.014)  Data Time:  0.004 (0.004)
2022-03-30 16:46:22,239:INFO:   Eta: 1:59:53
2022-03-30 16:46:52,851:INFO: Train: [11][2111/2112]  Loss -0.0288 (-0.2127)  Time:  0.375 (0.014)  Data Time:  0.005 (0.005)
2022-03-30 16:46:52,852:INFO:   Eta: 2:01:51
2022-03-30 16:47:22,735:INFO: Train: [12][2111/2112]  Loss -0.2436 (-0.3692)  Time:  0.368 (0.014)  Data Time:  0.004 (0.004)
2022-03-30 16:47:22,736:INFO:   Eta: 1:58:27
2022-03-30 16:47:52,542:INFO: Train: [13][2111/2112]  Loss -0.2538 (-0.3850)  Time:  0.349 (0.014)  Data Time:  0.004 (0.004)
2022-03-30 16:47:52,543:INFO:   Eta: 1:57:39
2022-03-30 16:48:22,548:INFO: Train: [14][2111/2112]  Loss -0.2176 (-0.5489)  Time:  0.362 (0.014)  Data Time:  0.004 (0.004)
2022-03-30 16:48:22,549:INFO:   Eta: 1:57:56
2022-03-30 16:48:52,676:INFO: Train: [15][2111/2112]  Loss -0.2459 (-0.4197)  Time:  0.362 (0.014)  Data Time:  0.004 (0.004)
2022-03-30 16:48:52,677:INFO:   Eta: 1:57:55
2022-03-30 16:49:23,397:INFO: Train: [16][2111/2112]  Loss -0.2323 (-0.5013)  Time:  0.377 (0.015)  Data Time:  0.005 (0.005)
2022-03-30 16:49:23,398:INFO:   Eta: 1:59:43
2022-03-30 16:50:08,749:INFO: Test: [16]  ADE: 0.5277  FDE: 0.7073
2022-03-30 16:50:38,085:INFO: Train: [17][2111/2112]  Loss -0.1215 (-0.4748)  Time:  0.368 (0.014)  Data Time:  0.003 (0.004)
2022-03-30 16:50:38,086:INFO:   Eta: 1:53:49
2022-03-30 16:51:05,884:INFO: Train: [18][2111/2112]  Loss -0.4230 (-0.5308)  Time:  0.362 (0.013)  Data Time:  0.003 (0.003)
2022-03-30 16:51:05,885:INFO:   Eta: 1:47:24
2022-03-30 16:51:35,285:INFO: Train: [19][2111/2112]  Loss -0.3184 (-0.5352)  Time:  0.373 (0.014)  Data Time:  0.004 (0.003)
2022-03-30 16:51:35,288:INFO:   Eta: 1:53:08
2022-03-30 16:52:03,881:INFO: Train: [20][2111/2112]  Loss -0.2852 (-0.5606)  Time:  0.373 (0.014)  Data Time:  0.003 (0.003)
2022-03-30 16:52:03,882:INFO:   Eta: 1:49:28
2022-03-30 16:52:33,366:INFO: Train: [21][2111/2112]  Loss -0.3888 (-0.5786)  Time:  0.400 (0.014)  Data Time:  0.004 (0.004)
2022-03-30 16:52:33,367:INFO:   Eta: 1:52:27
2022-03-30 16:53:03,385:INFO: Train: [22][2111/2112]  Loss -0.4463 (-0.7377)  Time:  0.354 (0.014)  Data Time:  0.003 (0.004)
2022-03-30 16:53:03,386:INFO:   Eta: 1:54:00
2022-03-30 16:53:33,671:INFO: Train: [23][2111/2112]  Loss -0.4064 (-0.6718)  Time:  0.386 (0.014)  Data Time:  0.005 (0.004)
2022-03-30 16:53:33,672:INFO:   Eta: 1:54:30
2022-03-30 16:54:03,960:INFO: Train: [24][2111/2112]  Loss -0.3170 (-0.7408)  Time:  0.364 (0.014)  Data Time:  0.004 (0.004)
2022-03-30 16:54:03,963:INFO:   Eta: 1:54:00
2022-03-30 16:54:34,804:INFO: Train: [25][2111/2112]  Loss 0.0763 (-0.6927)  Time:  0.357 (0.015)  Data Time:  0.005 (0.004)
2022-03-30 16:54:34,805:INFO:   Eta: 1:55:34
2022-03-30 16:55:05,313:INFO: Train: [26][2111/2112]  Loss -0.4959 (-0.8046)  Time:  0.360 (0.014)  Data Time:  0.004 (0.004)
2022-03-30 16:55:05,314:INFO:   Eta: 1:53:49
2022-03-30 16:55:50,034:INFO: Test: [26]  ADE: 0.4466  FDE: 0.6371
2022-03-30 16:56:19,751:INFO: Train: [27][2111/2112]  Loss -0.4254 (-0.6758)  Time:  0.371 (0.014)  Data Time:  0.004 (0.004)
2022-03-30 16:56:19,752:INFO:   Eta: 1:50:21
2022-03-30 16:56:49,615:INFO: Train: [28][2111/2112]  Loss -0.4859 (-0.8385)  Time:  0.361 (0.014)  Data Time:  0.004 (0.004)
2022-03-30 16:56:49,617:INFO:   Eta: 1:50:26
2022-03-30 16:57:19,685:INFO: Train: [29][2111/2112]  Loss -0.5159 (-0.8662)  Time:  0.357 (0.014)  Data Time:  0.005 (0.004)
2022-03-30 16:57:19,686:INFO:   Eta: 1:50:40
2022-03-30 16:57:48,501:INFO: Train: [30][2111/2112]  Loss -0.2813 (-0.8054)  Time:  0.354 (0.014)  Data Time:  0.002 (0.003)
2022-03-30 16:57:48,502:INFO:   Eta: 1:45:34
2022-03-30 16:58:17,103:INFO: Train: [31][2111/2112]  Loss -0.5816 (-0.8598)  Time:  0.370 (0.014)  Data Time:  0.003 (0.003)
2022-03-30 16:58:17,105:INFO:   Eta: 1:44:18
2022-03-30 16:58:45,941:INFO: Train: [32][2111/2112]  Loss -0.2150 (-0.8440)  Time:  0.363 (0.014)  Data Time:  0.003 (0.003)
2022-03-30 16:58:45,944:INFO:   Eta: 1:44:42
2022-03-30 16:59:14,915:INFO: Train: [33][2111/2112]  Loss -0.3450 (-0.8810)  Time:  0.368 (0.014)  Data Time:  0.004 (0.003)
2022-03-30 16:59:14,918:INFO:   Eta: 1:44:43
2022-03-30 16:59:45,313:INFO: Train: [34][2111/2112]  Loss -0.2705 (-0.8176)  Time:  0.364 (0.014)  Data Time:  0.004 (0.004)
2022-03-30 16:59:45,315:INFO:   Eta: 1:49:17
2022-03-30 17:00:15,653:INFO: Train: [35][2111/2112]  Loss -0.5340 (-0.9401)  Time:  0.376 (0.014)  Data Time:  0.005 (0.004)
2022-03-30 17:00:15,654:INFO:   Eta: 1:48:38
2022-03-30 17:00:45,391:INFO: Train: [36][2111/2112]  Loss -0.2568 (-1.0142)  Time:  0.362 (0.014)  Data Time:  0.004 (0.004)
2022-03-30 17:00:45,393:INFO:   Eta: 1:45:59
2022-03-30 17:01:30,240:INFO: Test: [36]  ADE: 0.5006  FDE: 0.6766
2022-03-30 17:01:59,389:INFO: Train: [37][2111/2112]  Loss -0.5494 (-0.8498)  Time:  0.437 (0.014)  Data Time:  0.004 (0.004)
2022-03-30 17:01:59,390:INFO:   Eta: 1:43:24
2022-03-30 17:02:29,919:INFO: Train: [38][2111/2112]  Loss -0.3959 (-0.9684)  Time:  0.358 (0.014)  Data Time:  0.005 (0.004)
2022-03-30 17:02:29,920:INFO:   Eta: 1:47:49
2022-03-30 17:02:59,890:INFO: Train: [39][2111/2112]  Loss -0.5346 (-0.9099)  Time:  0.367 (0.014)  Data Time:  0.004 (0.004)
2022-03-30 17:02:59,892:INFO:   Eta: 1:45:21
2022-03-30 17:03:29,728:INFO: Train: [40][2111/2112]  Loss -0.5152 (-0.9897)  Time:  0.369 (0.014)  Data Time:  0.004 (0.004)
2022-03-30 17:03:29,729:INFO:   Eta: 1:44:22
2022-03-30 17:03:59,606:INFO: Train: [41][2111/2112]  Loss -0.6139 (-0.8778)  Time:  0.353 (0.014)  Data Time:  0.005 (0.004)
2022-03-30 17:03:59,608:INFO:   Eta: 1:44:00
2022-03-30 17:04:29,839:INFO: Train: [42][2111/2112]  Loss -0.6164 (-0.9562)  Time:  0.401 (0.014)  Data Time:  0.002 (0.004)
2022-03-30 17:04:29,841:INFO:   Eta: 1:44:44
2022-03-30 17:04:58,462:INFO: Train: [43][2111/2112]  Loss -0.3406 (-1.0965)  Time:  0.380 (0.014)  Data Time:  0.003 (0.003)
2022-03-30 17:04:58,463:INFO:   Eta: 1:38:40
2022-03-30 17:05:27,358:INFO: Train: [44][2111/2112]  Loss -0.2666 (-1.0471)  Time:  0.362 (0.014)  Data Time:  0.003 (0.003)
2022-03-30 17:05:27,359:INFO:   Eta: 1:39:08
2022-03-30 17:05:55,338:INFO: Train: [45][2111/2112]  Loss -0.5179 (-1.0844)  Time:  0.364 (0.013)  Data Time:  0.004 (0.003)
2022-03-30 17:05:55,339:INFO:   Eta: 1:35:32
2022-03-30 17:06:24,675:INFO: Train: [46][2111/2112]  Loss -0.5483 (-1.1022)  Time:  0.378 (0.014)  Data Time:  0.004 (0.004)
2022-03-30 17:06:24,677:INFO:   Eta: 1:39:40
2022-03-30 17:07:09,592:INFO: Test: [46]  ADE: 0.3745  FDE: 0.5537
2022-03-30 17:07:39,276:INFO: Train: [47][2111/2112]  Loss -0.5379 (-0.9695)  Time:  0.401 (0.014)  Data Time:  0.004 (0.004)
2022-03-30 17:07:39,278:INFO:   Eta: 1:40:21
2022-03-30 17:08:09,542:INFO: Train: [48][2111/2112]  Loss -0.4453 (-1.0026)  Time:  0.351 (0.014)  Data Time:  0.004 (0.004)
2022-03-30 17:08:09,543:INFO:   Eta: 1:41:49
2022-03-30 17:08:39,949:INFO: Train: [49][2111/2112]  Loss -0.7199 (-1.1006)  Time:  0.348 (0.014)  Data Time:  0.004 (0.004)
2022-03-30 17:08:39,950:INFO:   Eta: 1:41:46
2022-03-30 17:09:09,484:INFO: Train: [50][2111/2112]  Loss -0.6618 (-1.1819)  Time:  0.346 (0.014)  Data Time:  0.005 (0.004)
2022-03-30 17:09:09,486:INFO:   Eta: 1:38:23
2022-03-30 17:09:39,259:INFO: Train: [51][2111/2112]  Loss -0.4216 (-1.1415)  Time:  0.366 (0.014)  Data Time:  0.004 (0.004)
2022-03-30 17:09:39,261:INFO:   Eta: 1:38:39
2022-03-30 17:10:09,499:INFO: Train: [52][2111/2112]  Loss -0.6233 (-1.0630)  Time:  0.354 (0.014)  Data Time:  0.003 (0.004)
2022-03-30 17:10:09,500:INFO:   Eta: 1:39:43
2022-03-30 17:10:39,207:INFO: Train: [53][2111/2112]  Loss -0.3712 (-1.0034)  Time:  0.371 (0.014)  Data Time:  0.004 (0.004)
2022-03-30 17:10:39,209:INFO:   Eta: 1:37:29
2022-03-30 17:11:09,972:INFO: Train: [54][2111/2112]  Loss -0.5571 (-1.0684)  Time:  0.378 (0.015)  Data Time:  0.005 (0.005)
2022-03-30 17:11:09,973:INFO:   Eta: 1:40:26
2022-03-30 17:11:38,157:INFO: Train: [55][2111/2112]  Loss -0.6334 (-1.1603)  Time:  0.357 (0.013)  Data Time:  0.003 (0.003)
2022-03-30 17:11:38,158:INFO:   Eta: 1:31:31
2022-03-30 17:12:06,462:INFO: Train: [56][2111/2112]  Loss -0.6691 (-1.0973)  Time:  0.414 (0.013)  Data Time:  0.003 (0.003)
2022-03-30 17:12:06,464:INFO:   Eta: 1:31:27
2022-03-30 17:12:49,885:INFO: Test: [56]  ADE: 0.3819  FDE: 0.5761
2022-03-30 17:13:18,493:INFO: Train: [57][2111/2112]  Loss -0.4755 (-1.1715)  Time:  0.365 (0.014)  Data Time:  0.003 (0.003)
2022-03-30 17:13:18,494:INFO:   Eta: 1:31:55
2022-03-30 17:13:48,591:INFO: Train: [58][2111/2112]  Loss -0.6678 (-1.2190)  Time:  0.358 (0.014)  Data Time:  0.004 (0.004)
2022-03-30 17:13:48,593:INFO:   Eta: 1:36:16
2022-03-30 17:14:18,323:INFO: Train: [59][2111/2112]  Loss -0.4416 (-1.1959)  Time:  0.392 (0.014)  Data Time:  0.004 (0.004)
2022-03-30 17:14:18,325:INFO:   Eta: 1:34:35
2022-03-30 17:14:48,621:INFO: Train: [60][2111/2112]  Loss -0.6891 (-1.1801)  Time:  0.361 (0.014)  Data Time:  0.004 (0.004)
2022-03-30 17:14:48,622:INFO:   Eta: 1:35:52
2022-03-30 17:15:18,826:INFO: Train: [61][2111/2112]  Loss -0.6193 (-1.1501)  Time:  0.367 (0.014)  Data Time:  0.004 (0.004)
2022-03-30 17:15:18,827:INFO:   Eta: 1:35:06
2022-03-30 17:15:49,068:INFO: Train: [62][2111/2112]  Loss -0.4810 (-1.2056)  Time:  0.356 (0.014)  Data Time:  0.004 (0.004)
2022-03-30 17:15:49,069:INFO:   Eta: 1:34:42
2022-03-30 17:16:18,766:INFO: Train: [63][2111/2112]  Loss -0.6623 (-1.0996)  Time:  0.363 (0.014)  Data Time:  0.003 (0.004)
2022-03-30 17:16:18,767:INFO:   Eta: 1:32:30
2022-03-30 17:16:48,572:INFO: Train: [64][2111/2112]  Loss -0.6393 (-1.1512)  Time:  0.369 (0.014)  Data Time:  0.004 (0.004)
2022-03-30 17:16:48,574:INFO:   Eta: 1:32:20
2022-03-30 17:17:19,067:INFO: Train: [65][2111/2112]  Loss -0.6767 (-1.1087)  Time:  0.353 (0.014)  Data Time:  0.003 (0.004)
2022-03-30 17:17:19,068:INFO:   Eta: 1:33:57
2022-03-30 17:17:50,379:INFO: Train: [66][2111/2112]  Loss -0.5128 (-1.2373)  Time:  0.374 (0.015)  Data Time:  0.005 (0.004)
2022-03-30 17:17:50,381:INFO:   Eta: 1:35:58
2022-03-30 17:18:34,996:INFO: Test: [66]  ADE: 0.4411  FDE: 0.6555
2022-03-30 17:19:03,478:INFO: Train: [67][2111/2112]  Loss -0.7099 (-1.2500)  Time:  0.361 (0.013)  Data Time:  0.003 (0.003)
2022-03-30 17:19:03,479:INFO:   Eta: 1:26:48
2022-03-30 17:19:30,483:INFO: Train: [68][2111/2112]  Loss -0.4848 (-1.2246)  Time:  0.391 (0.013)  Data Time:  0.003 (0.003)
2022-03-30 17:19:30,484:INFO:   Eta: 1:21:51
2022-03-30 17:19:58,788:INFO: Train: [69][2111/2112]  Loss -0.6606 (-1.1467)  Time:  0.378 (0.013)  Data Time:  0.004 (0.003)
2022-03-30 17:19:58,793:INFO:   Eta: 1:25:19
2022-03-30 17:20:28,281:INFO: Train: [70][2111/2112]  Loss -0.4253 (-1.3077)  Time:  0.363 (0.014)  Data Time:  0.004 (0.004)
2022-03-30 17:20:28,282:INFO:   Eta: 1:28:24
2022-03-30 17:20:58,466:INFO: Train: [71][2111/2112]  Loss -0.6855 (-1.1704)  Time:  0.401 (0.014)  Data Time:  0.004 (0.004)
2022-03-30 17:20:58,468:INFO:   Eta: 1:29:59
2022-03-30 17:21:28,606:INFO: Train: [72][2111/2112]  Loss -0.6180 (-1.2665)  Time:  0.364 (0.014)  Data Time:  0.005 (0.004)
2022-03-30 17:21:28,619:INFO:   Eta: 1:29:21
2022-03-30 17:21:58,947:INFO: Train: [73][2111/2112]  Loss -0.7548 (-1.2413)  Time:  0.373 (0.014)  Data Time:  0.004 (0.004)
2022-03-30 17:21:58,949:INFO:   Eta: 1:29:18
2022-03-30 17:22:29,475:INFO: Train: [74][2111/2112]  Loss -0.6424 (-1.2571)  Time:  0.370 (0.014)  Data Time:  0.004 (0.004)
2022-03-30 17:22:29,477:INFO:   Eta: 1:29:26
2022-03-30 17:22:59,494:INFO: Train: [75][2111/2112]  Loss -0.6248 (-1.1864)  Time:  0.365 (0.014)  Data Time:  0.005 (0.004)
2022-03-30 17:22:59,496:INFO:   Eta: 1:27:29
2022-03-30 17:23:28,947:INFO: Train: [76][2111/2112]  Loss -0.3912 (-1.1985)  Time:  0.357 (0.014)  Data Time:  0.004 (0.004)
2022-03-30 17:23:28,948:INFO:   Eta: 1:25:22
2022-03-30 17:24:14,091:INFO: Test: [76]  ADE: 0.3722  FDE: 0.5317
2022-03-30 17:24:44,637:INFO: Train: [77][2111/2112]  Loss -0.6992 (-1.2330)  Time:  0.371 (0.014)  Data Time:  0.004 (0.004)
2022-03-30 17:24:44,639:INFO:   Eta: 1:28:01
2022-03-30 17:25:12,822:INFO: Train: [78][2111/2112]  Loss -0.5151 (-1.2259)  Time:  0.364 (0.013)  Data Time:  0.003 (0.003)
2022-03-30 17:25:12,823:INFO:   Eta: 1:20:44
2022-03-30 17:25:40,938:INFO: Train: [79][2111/2112]  Loss -0.7822 (-1.2036)  Time:  0.349 (0.013)  Data Time:  0.003 (0.003)
2022-03-30 17:25:40,938:INFO:   Eta: 1:20:03
2022-03-30 17:26:08,595:INFO: Train: [80][2111/2112]  Loss -0.5719 (-1.2788)  Time:  0.364 (0.013)  Data Time:  0.003 (0.003)
2022-03-30 17:26:08,596:INFO:   Eta: 1:18:19
2022-03-30 17:26:36,545:INFO: Train: [81][2111/2112]  Loss -0.5375 (-1.3821)  Time:  0.405 (0.013)  Data Time:  0.004 (0.003)
2022-03-30 17:26:36,547:INFO:   Eta: 1:18:40
2022-03-30 17:27:06,364:INFO: Train: [82][2111/2112]  Loss -0.6642 (-1.2262)  Time:  0.356 (0.014)  Data Time:  0.004 (0.004)
2022-03-30 17:27:06,365:INFO:   Eta: 1:23:26
2022-03-30 17:27:36,824:INFO: Train: [83][2111/2112]  Loss -0.6394 (-1.2970)  Time:  0.471 (0.014)  Data Time:  0.004 (0.004)
2022-03-30 17:27:36,826:INFO:   Eta: 1:24:43
2022-03-30 17:28:07,252:INFO: Train: [84][2111/2112]  Loss -0.6846 (-1.2839)  Time:  0.360 (0.014)  Data Time:  0.004 (0.004)
2022-03-30 17:28:07,254:INFO:   Eta: 1:24:07
2022-03-30 17:28:36,981:INFO: Train: [85][2111/2112]  Loss -0.5910 (-1.3400)  Time:  0.370 (0.014)  Data Time:  0.004 (0.004)
2022-03-30 17:28:36,983:INFO:   Eta: 1:21:41
2022-03-30 17:29:06,710:INFO: Train: [86][2111/2112]  Loss -0.6665 (-1.3170)  Time:  0.364 (0.014)  Data Time:  0.005 (0.004)
2022-03-30 17:29:06,711:INFO:   Eta: 1:21:12
2022-03-30 17:29:50,705:INFO: Test: [86]  ADE: 0.3550  FDE: 0.5414
2022-03-30 17:30:20,700:INFO: Train: [87][2111/2112]  Loss -0.6849 (-1.3798)  Time:  0.374 (0.014)  Data Time:  0.005 (0.004)
2022-03-30 17:30:20,702:INFO:   Eta: 1:21:25
2022-03-30 17:30:50,369:INFO: Train: [88][2111/2112]  Loss -0.7152 (-1.2440)  Time:  0.426 (0.014)  Data Time:  0.004 (0.004)
2022-03-30 17:30:50,372:INFO:   Eta: 1:20:03
2022-03-30 17:31:20,157:INFO: Train: [89][2111/2112]  Loss -0.5969 (-1.4513)  Time:  0.369 (0.014)  Data Time:  0.003 (0.004)
2022-03-30 17:31:20,158:INFO:   Eta: 1:19:52
2022-03-30 17:31:50,178:INFO: Train: [90][2111/2112]  Loss -0.6595 (-1.2583)  Time:  0.355 (0.014)  Data Time:  0.004 (0.004)
2022-03-30 17:31:50,180:INFO:   Eta: 1:19:59
2022-03-30 17:32:19,111:INFO: Train: [91][2111/2112]  Loss -0.7002 (-1.2511)  Time:  0.358 (0.014)  Data Time:  0.002 (0.004)
2022-03-30 17:32:19,112:INFO:   Eta: 1:16:34
2022-03-30 17:32:47,497:INFO: Train: [92][2111/2112]  Loss -0.5910 (-1.3912)  Time:  0.371 (0.013)  Data Time:  0.003 (0.003)
2022-03-30 17:32:47,498:INFO:   Eta: 1:14:41
2022-03-30 17:33:15,899:INFO: Train: [93][2111/2112]  Loss -0.7252 (-1.3681)  Time:  0.367 (0.013)  Data Time:  0.003 (0.003)
2022-03-30 17:33:15,900:INFO:   Eta: 1:14:16
2022-03-30 17:33:44,639:INFO: Train: [94][2111/2112]  Loss -0.5610 (-1.2583)  Time:  0.367 (0.014)  Data Time:  0.003 (0.003)
2022-03-30 17:33:44,640:INFO:   Eta: 1:14:41
2022-03-30 17:34:14,393:INFO: Train: [95][2111/2112]  Loss -0.6346 (-1.4043)  Time:  0.368 (0.014)  Data Time:  0.004 (0.004)
2022-03-30 17:34:14,394:INFO:   Eta: 1:16:48
2022-03-30 17:34:44,371:INFO: Train: [96][2111/2112]  Loss -0.7603 (-1.3420)  Time:  0.358 (0.014)  Data Time:  0.004 (0.004)
2022-03-30 17:34:44,372:INFO:   Eta: 1:16:54
2022-03-30 17:35:27,325:INFO: Test: [96]  ADE: 0.3706  FDE: 0.5901
2022-03-30 17:35:57,165:INFO: Train: [97][2111/2112]  Loss -0.6973 (-1.3423)  Time:  0.352 (0.014)  Data Time:  0.004 (0.004)
2022-03-30 17:35:57,166:INFO:   Eta: 1:16:02
2022-03-30 17:36:27,518:INFO: Train: [98][2111/2112]  Loss -0.7647 (-1.3748)  Time:  0.365 (0.014)  Data Time:  0.005 (0.004)
2022-03-30 17:36:27,519:INFO:   Eta: 1:16:51
2022-03-30 17:36:56,860:INFO: Train: [99][2111/2112]  Loss -0.7033 (-1.3509)  Time:  0.371 (0.014)  Data Time:  0.003 (0.004)
2022-03-30 17:36:56,861:INFO:   Eta: 1:13:47
2022-03-30 17:37:26,950:INFO: Train: [100][2111/2112]  Loss -0.7787 (-1.2778)  Time:  0.357 (0.014)  Data Time:  0.004 (0.004)
2022-03-30 17:37:26,952:INFO:   Eta: 1:15:10
2022-03-30 17:37:56,329:INFO: Train: [101][2111/2112]  Loss -0.7389 (-1.4308)  Time:  0.357 (0.014)  Data Time:  0.004 (0.004)
2022-03-30 17:37:56,330:INFO:   Eta: 1:12:55
2022-03-30 17:38:26,803:INFO: Train: [102][2111/2112]  Loss -0.7380 (-1.4161)  Time:  0.369 (0.014)  Data Time:  0.004 (0.004)
2022-03-30 17:38:26,805:INFO:   Eta: 1:15:06
2022-03-30 17:38:56,961:INFO: Train: [103][2111/2112]  Loss -0.5620 (-1.1550)  Time:  0.374 (0.014)  Data Time:  0.003 (0.004)
2022-03-30 17:38:56,962:INFO:   Eta: 1:13:50
2022-03-30 17:39:25,326:INFO: Train: [104][2111/2112]  Loss -0.5985 (-1.4487)  Time:  0.366 (0.013)  Data Time:  0.002 (0.003)
2022-03-30 17:39:25,327:INFO:   Eta: 1:08:58
2022-03-30 17:39:54,489:INFO: Train: [105][2111/2112]  Loss -0.7160 (-1.3331)  Time:  0.379 (0.014)  Data Time:  0.004 (0.003)
2022-03-30 17:39:54,497:INFO:   Eta: 1:10:16
2022-03-30 17:40:23,345:INFO: Train: [106][2111/2112]  Loss -0.8081 (-1.4186)  Time:  0.368 (0.014)  Data Time:  0.003 (0.003)
2022-03-30 17:40:23,346:INFO:   Eta: 1:09:08
2022-03-30 17:41:08,341:INFO: Test: [106]  ADE: 0.3701  FDE: 0.5857
2022-03-30 17:41:38,996:INFO: Train: [107][2111/2112]  Loss -0.7423 (-1.3285)  Time:  0.374 (0.015)  Data Time:  0.004 (0.004)
2022-03-30 17:41:38,997:INFO:   Eta: 1:13:00
2022-03-30 17:42:09,193:INFO: Train: [108][2111/2112]  Loss -0.5914 (-1.3594)  Time:  0.359 (0.014)  Data Time:  0.004 (0.004)
2022-03-30 17:42:09,194:INFO:   Eta: 1:11:25
2022-03-30 17:42:38,541:INFO: Train: [109][2111/2112]  Loss -0.7957 (-1.3042)  Time:  0.394 (0.014)  Data Time:  0.003 (0.004)
2022-03-30 17:42:38,543:INFO:   Eta: 1:08:55
2022-03-30 17:43:08,973:INFO: Train: [110][2111/2112]  Loss -0.7263 (-1.4474)  Time:  0.364 (0.014)  Data Time:  0.004 (0.004)
2022-03-30 17:43:08,975:INFO:   Eta: 1:10:56
2022-03-30 17:43:39,363:INFO: Train: [111][2111/2112]  Loss -0.6015 (-1.4733)  Time:  0.374 (0.014)  Data Time:  0.004 (0.005)
2022-03-30 17:43:39,365:INFO:   Eta: 1:10:21
2022-03-30 17:44:09,756:INFO: Train: [112][2111/2112]  Loss -0.5154 (-1.4674)  Time:  0.370 (0.014)  Data Time:  0.003 (0.004)
2022-03-30 17:44:09,758:INFO:   Eta: 1:09:51
2022-03-30 17:44:40,521:INFO: Train: [113][2111/2112]  Loss -0.6569 (-1.4019)  Time:  0.351 (0.015)  Data Time:  0.005 (0.004)
2022-03-30 17:44:40,522:INFO:   Eta: 1:10:11
2022-03-30 17:45:10,817:INFO: Train: [114][2111/2112]  Loss -0.7434 (-1.3514)  Time:  0.396 (0.014)  Data Time:  0.004 (0.004)
2022-03-30 17:45:10,818:INFO:   Eta: 1:08:37
2022-03-30 17:45:41,093:INFO: Train: [115][2111/2112]  Loss -0.7349 (-1.3787)  Time:  0.367 (0.014)  Data Time:  0.004 (0.004)
2022-03-30 17:45:41,096:INFO:   Eta: 1:08:04
2022-03-30 17:46:09,483:INFO: Train: [116][2111/2112]  Loss -0.7376 (-1.4022)  Time:  0.370 (0.013)  Data Time:  0.002 (0.003)
2022-03-30 17:46:09,485:INFO:   Eta: 1:03:20
2022-03-30 17:46:53,899:INFO: Test: [116]  ADE: 0.3905  FDE: 0.6255
2022-03-30 17:47:22,568:INFO: Train: [117][2111/2112]  Loss -0.6623 (-1.4721)  Time:  0.360 (0.014)  Data Time:  0.003 (0.003)
2022-03-30 17:47:22,568:INFO:   Eta: 1:03:27
2022-03-30 17:47:52,669:INFO: Train: [118][2111/2112]  Loss -0.6493 (-1.2997)  Time:  0.389 (0.014)  Data Time:  0.005 (0.004)
2022-03-30 17:47:52,670:INFO:   Eta: 1:06:11
2022-03-30 17:48:21,997:INFO: Train: [119][2111/2112]  Loss -0.7232 (-1.3554)  Time:  0.373 (0.014)  Data Time:  0.004 (0.004)
2022-03-30 17:48:21,999:INFO:   Eta: 1:03:59
2022-03-30 17:48:52,354:INFO: Train: [120][2111/2112]  Loss -0.7437 (-1.4690)  Time:  0.353 (0.014)  Data Time:  0.004 (0.004)
2022-03-30 17:48:52,355:INFO:   Eta: 1:05:43
2022-03-30 17:49:23,001:INFO: Train: [121][2111/2112]  Loss -0.7097 (-1.2710)  Time:  0.404 (0.015)  Data Time:  0.004 (0.004)
2022-03-30 17:49:23,003:INFO:   Eta: 1:05:51
2022-03-30 17:49:53,568:INFO: Train: [122][2111/2112]  Loss -0.7022 (-1.3793)  Time:  0.366 (0.014)  Data Time:  0.004 (0.004)
2022-03-30 17:49:53,569:INFO:   Eta: 1:05:09
2022-03-30 17:50:23,959:INFO: Train: [123][2111/2112]  Loss -0.6820 (-1.4359)  Time:  0.360 (0.014)  Data Time:  0.004 (0.004)
2022-03-30 17:50:23,961:INFO:   Eta: 1:04:17
2022-03-30 17:50:54,701:INFO: Train: [124][2111/2112]  Loss -0.5171 (-1.4909)  Time:  0.382 (0.015)  Data Time:  0.004 (0.004)
2022-03-30 17:50:54,703:INFO:   Eta: 1:04:30
2022-03-30 17:51:25,523:INFO: Train: [125][2111/2112]  Loss -0.8775 (-1.5004)  Time:  0.367 (0.015)  Data Time:  0.004 (0.004)
2022-03-30 17:51:25,525:INFO:   Eta: 1:04:10
2022-03-30 17:51:55,652:INFO: Train: [126][2111/2112]  Loss -0.7776 (-1.4118)  Time:  0.382 (0.014)  Data Time:  0.005 (0.004)
2022-03-30 17:51:55,653:INFO:   Eta: 1:02:12
2022-03-30 17:52:40,423:INFO: Test: [126]  ADE: 0.3446  FDE: 0.5325
2022-03-30 17:53:09,262:INFO: Train: [127][2111/2112]  Loss -0.7661 (-1.4042)  Time:  0.377 (0.014)  Data Time:  0.004 (0.003)
2022-03-30 17:53:09,264:INFO:   Eta: 0:59:04
2022-03-30 17:53:37,476:INFO: Train: [128][2111/2112]  Loss -0.7897 (-1.4558)  Time:  0.366 (0.013)  Data Time:  0.003 (0.003)
2022-03-30 17:53:37,478:INFO:   Eta: 0:57:19
2022-03-30 17:54:05,435:INFO: Train: [129][2111/2112]  Loss -0.7869 (-1.4002)  Time:  0.348 (0.013)  Data Time:  0.004 (0.003)
2022-03-30 17:54:05,436:INFO:   Eta: 0:56:20
2022-03-30 17:54:32,778:INFO: Train: [130][2111/2112]  Loss -0.7977 (-1.3842)  Time:  0.377 (0.013)  Data Time:  0.005 (0.003)
2022-03-30 17:54:32,779:INFO:   Eta: 0:54:38
2022-03-30 17:55:02,519:INFO: Train: [131][2111/2112]  Loss -0.6421 (-1.4144)  Time:  0.358 (0.014)  Data Time:  0.004 (0.004)
2022-03-30 17:55:02,520:INFO:   Eta: 0:58:56
2022-03-30 17:55:32,588:INFO: Train: [132][2111/2112]  Loss -0.5596 (-1.4733)  Time:  0.366 (0.014)  Data Time:  0.004 (0.004)
2022-03-30 17:55:32,589:INFO:   Eta: 0:59:05
2022-03-30 17:56:02,976:INFO: Train: [133][2111/2112]  Loss -0.6942 (-1.4991)  Time:  0.374 (0.014)  Data Time:  0.005 (0.004)
2022-03-30 17:56:02,977:INFO:   Eta: 0:59:12
2022-03-30 17:56:32,696:INFO: Train: [134][2111/2112]  Loss -0.5552 (-1.5446)  Time:  0.368 (0.014)  Data Time:  0.004 (0.004)
2022-03-30 17:56:32,698:INFO:   Eta: 0:57:25
2022-03-30 17:57:03,300:INFO: Train: [135][2111/2112]  Loss -0.6618 (-1.4698)  Time:  0.367 (0.014)  Data Time:  0.004 (0.004)
2022-03-30 17:57:03,408:INFO:   Eta: 0:58:37
2022-03-30 17:57:34,288:INFO: Train: [136][2111/2112]  Loss -0.6599 (-1.4592)  Time:  0.366 (0.015)  Data Time:  0.004 (0.004)
2022-03-30 17:57:34,290:INFO:   Eta: 0:58:16
2022-03-30 17:58:18,319:INFO: Test: [136]  ADE: 0.3640  FDE: 0.5532
2022-03-30 17:58:49,188:INFO: Train: [137][2111/2112]  Loss -0.8160 (-1.4033)  Time:  0.359 (0.015)  Data Time:  0.004 (0.004)
2022-03-30 17:58:49,189:INFO:   Eta: 0:58:06
2022-03-30 17:59:19,124:INFO: Train: [138][2111/2112]  Loss -0.7245 (-1.3015)  Time:  0.377 (0.014)  Data Time:  0.004 (0.004)
2022-03-30 17:59:19,125:INFO:   Eta: 0:55:50
2022-03-30 17:59:47,871:INFO: Train: [139][2111/2112]  Loss -0.6424 (-1.5089)  Time:  0.373 (0.014)  Data Time:  0.003 (0.003)
2022-03-30 17:59:47,872:INFO:   Eta: 0:53:08
2022-03-30 18:00:14,613:INFO: Train: [140][2111/2112]  Loss -0.7475 (-1.5059)  Time:  0.373 (0.013)  Data Time:  0.004 (0.003)
2022-03-30 18:00:14,614:INFO:   Eta: 0:48:59
2022-03-30 18:00:42,174:INFO: Train: [141][2111/2112]  Loss -0.7317 (-1.5380)  Time:  0.352 (0.013)  Data Time:  0.003 (0.003)
2022-03-30 18:00:42,175:INFO:   Eta: 0:50:02
2022-03-30 18:01:10,276:INFO: Train: [142][2111/2112]  Loss -0.7049 (-1.4995)  Time:  0.369 (0.013)  Data Time:  0.004 (0.003)
2022-03-30 18:01:10,279:INFO:   Eta: 0:50:32
2022-03-30 18:01:40,727:INFO: Train: [143][2111/2112]  Loss -0.7830 (-1.3636)  Time:  0.374 (0.014)  Data Time:  0.004 (0.004)
2022-03-30 18:01:40,729:INFO:   Eta: 0:54:14
2022-03-30 18:02:12,135:INFO: Train: [144][2111/2112]  Loss -0.6314 (-1.4111)  Time:  0.466 (0.015)  Data Time:  0.004 (0.004)
2022-03-30 18:02:12,137:INFO:   Eta: 0:55:26
2022-03-30 18:02:43,146:INFO: Train: [145][2111/2112]  Loss -0.7639 (-1.3994)  Time:  0.426 (0.015)  Data Time:  0.004 (0.004)
2022-03-30 18:02:43,147:INFO:   Eta: 0:54:13
2022-03-30 18:03:13,855:INFO: Train: [146][2111/2112]  Loss -0.7492 (-1.5491)  Time:  0.368 (0.015)  Data Time:  0.005 (0.004)
2022-03-30 18:03:13,857:INFO:   Eta: 0:53:12
2022-03-30 18:03:57,951:INFO: Test: [146]  ADE: 0.3669  FDE: 0.5580
2022-03-30 18:04:27,759:INFO: Train: [147][2111/2112]  Loss -0.7208 (-1.3877)  Time:  0.368 (0.014)  Data Time:  0.005 (0.004)
2022-03-30 18:04:27,760:INFO:   Eta: 0:51:08
2022-03-30 18:04:58,159:INFO: Train: [148][2111/2112]  Loss -0.6629 (-1.5249)  Time:  0.359 (0.014)  Data Time:  0.004 (0.004)
2022-03-30 18:04:58,162:INFO:   Eta: 0:51:38
2022-03-30 18:05:28,110:INFO: Train: [149][2111/2112]  Loss -0.7734 (-1.5436)  Time:  0.384 (0.014)  Data Time:  0.004 (0.004)
2022-03-30 18:05:28,111:INFO:   Eta: 0:50:22
2022-03-30 18:05:57,583:INFO: Train: [150][2111/2112]  Loss -0.7839 (-1.6607)  Time:  0.423 (0.014)  Data Time:  0.003 (0.004)
2022-03-30 18:05:57,585:INFO:   Eta: 0:49:05
2022-03-30 18:06:27,357:INFO: Train: [151][2111/2112]  Loss -0.9130 (-1.6558)  Time:  0.369 (0.014)  Data Time:  0.003 (0.004)
2022-03-30 18:06:27,358:INFO:   Eta: 0:49:05
2022-03-30 18:06:32,272:INFO: Valid: [151][500/501]  Loss -0.8425 (-0.9329)
2022-03-30 18:06:32,292:INFO: Checkpoint saved...
2022-03-30 18:07:00,769:INFO: Train: [152][2111/2112]  Loss -0.8378 (-1.6206)  Time:  0.350 (0.013)  Data Time:  0.002 (0.003)
2022-03-30 18:07:00,770:INFO:   Eta: 0:46:28
2022-03-30 18:07:05,406:INFO: Valid: [152][500/501]  Loss -4.8587 (-3.0826)
2022-03-30 18:07:05,421:INFO: Checkpoint saved...
2022-03-30 18:07:33,590:INFO: Train: [153][2111/2112]  Loss -0.7679 (-1.6811)  Time:  0.350 (0.013)  Data Time:  0.004 (0.003)
2022-03-30 18:07:33,591:INFO:   Eta: 0:45:29
2022-03-30 18:07:38,422:INFO: Valid: [153][500/501]  Loss -4.5689 (-2.9795)
2022-03-30 18:08:06,812:INFO: Train: [154][2111/2112]  Loss -0.8107 (-1.5619)  Time:  0.366 (0.013)  Data Time:  0.003 (0.003)
2022-03-30 18:08:06,813:INFO:   Eta: 0:45:22
2022-03-30 18:08:11,670:INFO: Valid: [154][500/501]  Loss -5.5397 (-3.4416)
2022-03-30 18:08:11,768:INFO: Checkpoint saved...
2022-03-30 18:08:43,741:INFO: Train: [155][2111/2112]  Loss -0.9222 (-1.5970)  Time:  0.414 (0.015)  Data Time:  0.004 (0.004)
2022-03-30 18:08:43,746:INFO:   Eta: 0:50:33
2022-03-30 18:08:48,825:INFO: Valid: [155][500/501]  Loss -6.2229 (-3.8464)
2022-03-30 18:08:48,899:INFO: Checkpoint saved...
2022-03-30 18:09:18,617:INFO: Train: [156][2111/2112]  Loss -0.8580 (-1.5880)  Time:  0.368 (0.014)  Data Time:  0.004 (0.004)
2022-03-30 18:09:18,619:INFO:   Eta: 0:46:29
2022-03-30 18:09:23,801:INFO: Valid: [156][500/501]  Loss -4.6594 (-2.9242)
2022-03-30 18:10:08,202:INFO: Test: [156]  ADE: 0.3718  FDE: 0.6059
2022-03-30 18:10:38,464:INFO: Train: [157][2111/2112]  Loss -0.7817 (-1.5939)  Time:  0.362 (0.014)  Data Time:  0.003 (0.004)
2022-03-30 18:10:38,466:INFO:   Eta: 0:46:52
2022-03-30 18:10:43,612:INFO: Valid: [157][500/501]  Loss -4.5022 (-2.9159)
2022-03-30 18:11:13,683:INFO: Train: [158][2111/2112]  Loss -0.8336 (-1.7088)  Time:  0.361 (0.014)  Data Time:  0.004 (0.004)
2022-03-30 18:11:13,684:INFO:   Eta: 0:46:03
2022-03-30 18:11:18,691:INFO: Valid: [158][500/501]  Loss -5.1208 (-3.1573)
2022-03-30 18:11:48,909:INFO: Train: [159][2111/2112]  Loss -0.7922 (-1.6563)  Time:  0.411 (0.014)  Data Time:  0.004 (0.004)
2022-03-30 18:11:48,911:INFO:   Eta: 0:45:46
2022-03-30 18:11:54,110:INFO: Valid: [159][500/501]  Loss -4.2145 (-2.7543)
2022-03-30 18:12:24,342:INFO: Train: [160][2111/2112]  Loss -0.8499 (-1.6410)  Time:  0.361 (0.014)  Data Time:  0.003 (0.004)
2022-03-30 18:12:24,343:INFO:   Eta: 0:45:18
2022-03-30 18:12:29,594:INFO: Valid: [160][500/501]  Loss -4.2702 (-2.7790)
2022-03-30 18:13:00,114:INFO: Train: [161][2111/2112]  Loss -0.8064 (-1.6495)  Time:  0.363 (0.014)  Data Time:  0.003 (0.004)
2022-03-30 18:13:00,118:INFO:   Eta: 0:45:13
2022-03-30 18:13:05,206:INFO: Valid: [161][500/501]  Loss -0.8635 (-0.9160)
2022-03-30 18:13:32,649:INFO: Train: [162][2111/2112]  Loss -0.8385 (-1.6692)  Time:  0.431 (0.013)  Data Time:  0.002 (0.003)
2022-03-30 18:13:32,651:INFO:   Eta: 0:40:12
2022-03-30 18:13:37,482:INFO: Valid: [162][500/501]  Loss -5.5172 (-3.3888)
2022-03-30 18:14:05,594:INFO: Train: [163][2111/2112]  Loss -0.8775 (-1.4840)  Time:  0.374 (0.013)  Data Time:  0.003 (0.003)
2022-03-30 18:14:05,595:INFO:   Eta: 0:40:43
2022-03-30 18:14:10,465:INFO: Valid: [163][500/501]  Loss -5.6078 (-3.4999)
2022-03-30 18:14:39,719:INFO: Train: [164][2111/2112]  Loss -0.7998 (-1.6676)  Time:  0.378 (0.014)  Data Time:  0.003 (0.003)
2022-03-30 18:14:39,721:INFO:   Eta: 0:41:52
2022-03-30 18:14:44,458:INFO: Valid: [164][500/501]  Loss -5.3972 (-3.2990)
2022-03-30 18:15:14,224:INFO: Train: [165][2111/2112]  Loss -0.8439 (-1.5470)  Time:  0.364 (0.014)  Data Time:  0.004 (0.004)
2022-03-30 18:15:14,225:INFO:   Eta: 0:42:07
2022-03-30 18:15:19,356:INFO: Valid: [165][500/501]  Loss -3.7320 (-2.4333)
2022-03-30 18:15:49,788:INFO: Train: [166][2111/2112]  Loss -0.8599 (-1.6093)  Time:  0.364 (0.014)  Data Time:  0.004 (0.004)
2022-03-30 18:15:49,791:INFO:   Eta: 0:42:33
2022-03-30 18:15:54,745:INFO: Valid: [166][500/501]  Loss -4.9615 (-3.0370)
2022-03-30 18:16:39,506:INFO: Test: [166]  ADE: 0.3557  FDE: 0.5843
2022-03-30 18:17:09,723:INFO: Train: [167][2111/2112]  Loss -0.8887 (-1.6124)  Time:  0.358 (0.014)  Data Time:  0.004 (0.004)
2022-03-30 18:17:09,724:INFO:   Eta: 0:41:46
2022-03-30 18:17:14,712:INFO: Valid: [167][500/501]  Loss -5.5886 (-3.4429)
2022-03-30 18:17:45,025:INFO: Train: [168][2111/2112]  Loss -0.8671 (-1.6552)  Time:  0.379 (0.014)  Data Time:  0.005 (0.004)
2022-03-30 18:17:45,027:INFO:   Eta: 0:41:23
2022-03-30 18:17:50,143:INFO: Valid: [168][500/501]  Loss -4.3571 (-2.7928)
2022-03-30 18:18:20,731:INFO: Train: [169][2111/2112]  Loss -0.8651 (-1.6286)  Time:  0.430 (0.014)  Data Time:  0.004 (0.004)
2022-03-30 18:18:20,732:INFO:   Eta: 0:41:15
2022-03-30 18:18:25,768:INFO: Valid: [169][500/501]  Loss -6.1157 (-3.7672)
2022-03-30 18:18:56,146:INFO: Train: [170][2111/2112]  Loss -0.8696 (-1.6975)  Time:  0.372 (0.014)  Data Time:  0.004 (0.004)
2022-03-30 18:18:56,147:INFO:   Eta: 0:40:27
2022-03-30 18:19:01,186:INFO: Valid: [170][500/501]  Loss -3.9068 (-2.5572)
2022-03-30 18:19:31,987:INFO: Train: [171][2111/2112]  Loss -0.7916 (-1.6622)  Time:  0.370 (0.015)  Data Time:  0.005 (0.004)
2022-03-30 18:19:31,993:INFO:   Eta: 0:40:30
2022-03-30 18:19:37,176:INFO: Valid: [171][500/501]  Loss -5.7269 (-3.5240)
2022-03-30 18:20:07,448:INFO: Train: [172][2111/2112]  Loss -0.7933 (-1.6476)  Time:  0.373 (0.014)  Data Time:  0.002 (0.004)
2022-03-30 18:20:07,449:INFO:   Eta: 0:39:18
2022-03-30 18:20:12,256:INFO: Valid: [172][500/501]  Loss -5.1114 (-3.0940)
2022-03-30 18:20:39,405:INFO: Train: [173][2111/2112]  Loss -0.7788 (-1.6438)  Time:  0.434 (0.013)  Data Time:  0.004 (0.003)
2022-03-30 18:20:39,407:INFO:   Eta: 0:34:48
2022-03-30 18:20:44,271:INFO: Valid: [173][500/501]  Loss 1.8489 (0.4878)
2022-03-30 18:21:12,358:INFO: Train: [174][2111/2112]  Loss -0.8252 (-1.6875)  Time:  0.371 (0.013)  Data Time:  0.003 (0.003)
2022-03-30 18:21:12,359:INFO:   Eta: 0:35:32
2022-03-30 18:21:17,054:INFO: Valid: [174][500/501]  Loss -4.7294 (-2.9035)
2022-03-30 18:21:45,280:INFO: Train: [175][2111/2112]  Loss -0.8447 (-1.6657)  Time:  0.370 (0.013)  Data Time:  0.004 (0.003)
2022-03-30 18:21:45,281:INFO:   Eta: 0:35:14
2022-03-30 18:21:50,149:INFO: Valid: [175][500/501]  Loss -5.9390 (-3.7086)
2022-03-30 18:22:20,983:INFO: Train: [176][2111/2112]  Loss -0.7682 (-1.6397)  Time:  0.380 (0.015)  Data Time:  0.004 (0.004)
2022-03-30 18:22:20,984:INFO:   Eta: 0:37:59
2022-03-30 18:22:26,078:INFO: Valid: [176][500/501]  Loss -5.3188 (-3.3555)
2022-03-30 18:23:11,265:INFO: Test: [176]  ADE: 0.3516  FDE: 0.5878
2022-03-30 18:23:42,024:INFO: Train: [177][2111/2112]  Loss -0.8698 (-1.6697)  Time:  0.367 (0.015)  Data Time:  0.004 (0.004)
2022-03-30 18:23:42,026:INFO:   Eta: 0:37:23
2022-03-30 18:23:47,096:INFO: Valid: [177][500/501]  Loss -3.9444 (-2.5660)
2022-03-30 18:24:18,359:INFO: Train: [178][2111/2112]  Loss -0.8565 (-1.6349)  Time:  0.382 (0.015)  Data Time:  0.005 (0.004)
2022-03-30 18:24:18,360:INFO:   Eta: 0:37:28
2022-03-30 18:24:23,447:INFO: Valid: [178][500/501]  Loss -4.5885 (-2.9320)
2022-03-30 18:24:53,833:INFO: Train: [179][2111/2112]  Loss -0.8945 (-1.5725)  Time:  0.355 (0.014)  Data Time:  0.003 (0.004)
2022-03-30 18:24:53,834:INFO:   Eta: 0:35:55
2022-03-30 18:24:58,972:INFO: Valid: [179][500/501]  Loss -5.6748 (-3.5746)
2022-03-30 18:25:28,950:INFO: Train: [180][2111/2112]  Loss -0.9286 (-1.6820)  Time:  0.375 (0.014)  Data Time:  0.005 (0.004)
2022-03-30 18:25:28,951:INFO:   Eta: 0:34:56
2022-03-30 18:25:34,024:INFO: Valid: [180][500/501]  Loss -4.0827 (-2.6012)
2022-03-30 18:26:03,449:INFO: Train: [181][2111/2112]  Loss -0.9405 (-1.5565)  Time:  0.361 (0.014)  Data Time:  0.003 (0.004)
2022-03-30 18:26:03,450:INFO:   Eta: 0:33:47
2022-03-30 18:26:08,391:INFO: Valid: [181][500/501]  Loss -5.5095 (-3.4491)
2022-03-30 18:26:38,713:INFO: Train: [182][2111/2112]  Loss -0.8259 (-1.7034)  Time:  0.428 (0.014)  Data Time:  0.004 (0.004)
2022-03-30 18:26:38,714:INFO:   Eta: 0:34:19
2022-03-30 18:26:43,957:INFO: Valid: [182][500/501]  Loss -4.9366 (-3.0406)
2022-03-30 18:27:13,671:INFO: Train: [183][2111/2112]  Loss -0.7167 (-1.6090)  Time:  0.411 (0.014)  Data Time:  0.004 (0.004)
2022-03-30 18:27:13,672:INFO:   Eta: 0:33:08
2022-03-30 18:27:18,666:INFO: Valid: [183][500/501]  Loss -6.0812 (-3.7477)
2022-03-30 18:27:47,046:INFO: Train: [184][2111/2112]  Loss -0.8788 (-1.6637)  Time:  0.359 (0.013)  Data Time:  0.003 (0.003)
2022-03-30 18:27:47,048:INFO:   Eta: 0:31:11
2022-03-30 18:27:51,722:INFO: Valid: [184][500/501]  Loss -5.7761 (-3.5856)
2022-03-30 18:28:19,991:INFO: Train: [185][2111/2112]  Loss -0.7169 (-1.6147)  Time:  0.357 (0.013)  Data Time:  0.003 (0.003)
2022-03-30 18:28:19,993:INFO:   Eta: 0:30:35
2022-03-30 18:28:24,854:INFO: Valid: [185][500/501]  Loss -4.8222 (-3.0846)
2022-03-30 18:28:53,515:INFO: Train: [186][2111/2112]  Loss -0.7990 (-1.6792)  Time:  0.366 (0.014)  Data Time:  0.003 (0.003)
2022-03-30 18:28:53,516:INFO:   Eta: 0:30:32
2022-03-30 18:28:58,356:INFO: Valid: [186][500/501]  Loss -5.6582 (-3.5073)
2022-03-30 18:29:43,532:INFO: Test: [186]  ADE: 0.3613  FDE: 0.6139
2022-03-30 18:30:14,181:INFO: Train: [187][2111/2112]  Loss -0.7870 (-1.6995)  Time:  0.367 (0.015)  Data Time:  0.005 (0.004)
2022-03-30 18:30:14,182:INFO:   Eta: 0:32:09
2022-03-30 18:30:19,406:INFO: Valid: [187][500/501]  Loss -6.0628 (-3.7076)
2022-03-30 18:30:50,459:INFO: Train: [188][2111/2112]  Loss -0.8833 (-1.6515)  Time:  0.360 (0.015)  Data Time:  0.003 (0.004)
2022-03-30 18:30:50,469:INFO:   Eta: 0:32:02
2022-03-30 18:30:55,476:INFO: Valid: [188][500/501]  Loss -5.8907 (-3.6468)
2022-03-30 18:31:26,319:INFO: Train: [189][2111/2112]  Loss -0.8072 (-1.6990)  Time:  0.358 (0.015)  Data Time:  0.004 (0.004)
2022-03-30 18:31:26,323:INFO:   Eta: 0:31:18
2022-03-30 18:31:31,489:INFO: Valid: [189][500/501]  Loss -5.0377 (-3.1292)
2022-03-30 18:32:02,152:INFO: Train: [190][2111/2112]  Loss -0.7806 (-1.5884)  Time:  0.350 (0.014)  Data Time:  0.003 (0.004)
2022-03-30 18:32:02,153:INFO:   Eta: 0:30:36
2022-03-30 18:32:07,209:INFO: Valid: [190][500/501]  Loss -4.5878 (-2.9943)
2022-03-30 18:32:37,460:INFO: Train: [191][2111/2112]  Loss -0.7732 (-1.7086)  Time:  0.376 (0.014)  Data Time:  0.004 (0.004)
2022-03-30 18:32:37,461:INFO:   Eta: 0:29:42
2022-03-30 18:32:42,272:INFO: Valid: [191][500/501]  Loss -5.6836 (-3.5399)
2022-03-30 18:33:12,820:INFO: Train: [192][2111/2112]  Loss -0.8174 (-1.7336)  Time:  0.375 (0.014)  Data Time:  0.002 (0.004)
2022-03-30 18:33:12,822:INFO:   Eta: 0:29:29
2022-03-30 18:33:17,949:INFO: Valid: [192][500/501]  Loss -5.0448 (-3.1594)
2022-03-30 18:33:47,907:INFO: Train: [193][2111/2112]  Loss -0.7393 (-1.7119)  Time:  0.347 (0.014)  Data Time:  0.004 (0.004)
2022-03-30 18:33:47,908:INFO:   Eta: 0:28:25
2022-03-30 18:33:52,954:INFO: Valid: [193][500/501]  Loss -4.4585 (-2.8818)
2022-03-30 18:34:23,108:INFO: Train: [194][2111/2112]  Loss -0.8962 (-1.6731)  Time:  0.368 (0.014)  Data Time:  0.004 (0.004)
2022-03-30 18:34:23,109:INFO:   Eta: 0:28:06
2022-03-30 18:34:28,061:INFO: Valid: [194][500/501]  Loss -4.7123 (-2.9572)
2022-03-30 18:34:58,053:INFO: Train: [195][2111/2112]  Loss -0.9168 (-1.6779)  Time:  0.402 (0.014)  Data Time:  0.004 (0.004)
2022-03-30 18:34:58,056:INFO:   Eta: 0:27:27
2022-03-30 18:35:03,175:INFO: Valid: [195][500/501]  Loss -5.3388 (-3.3206)
2022-03-30 18:35:31,480:INFO: Train: [196][2111/2112]  Loss -0.8414 (-1.5915)  Time:  0.357 (0.013)  Data Time:  0.004 (0.003)
2022-03-30 18:35:31,481:INFO:   Eta: 0:25:26
2022-03-30 18:35:36,379:INFO: Valid: [196][500/501]  Loss -3.9998 (-2.4526)
2022-03-30 18:36:20,837:INFO: Test: [196]  ADE: 0.4299  FDE: 0.7211
2022-03-30 18:36:49,213:INFO: Train: [197][2111/2112]  Loss -0.8093 (-1.5768)  Time:  0.366 (0.013)  Data Time:  0.003 (0.003)
2022-03-30 18:36:49,215:INFO:   Eta: 0:25:02
2022-03-30 18:36:54,121:INFO: Valid: [197][500/501]  Loss -5.1411 (-3.2069)
2022-03-30 18:37:24,195:INFO: Train: [198][2111/2112]  Loss -0.8846 (-1.5837)  Time:  0.368 (0.014)  Data Time:  0.004 (0.004)
2022-03-30 18:37:24,197:INFO:   Eta: 0:26:02
2022-03-30 18:37:29,398:INFO: Valid: [198][500/501]  Loss -5.0052 (-3.0884)
2022-03-30 18:37:59,629:INFO: Train: [199][2111/2112]  Loss -0.8779 (-1.7207)  Time:  0.360 (0.014)  Data Time:  0.004 (0.004)
2022-03-30 18:37:59,630:INFO:   Eta: 0:25:40
2022-03-30 18:38:04,626:INFO: Valid: [199][500/501]  Loss -5.1128 (-3.1799)
2022-03-30 18:38:35,705:INFO: Train: [200][2111/2112]  Loss -0.8534 (-1.5126)  Time:  0.360 (0.015)  Data Time:  0.004 (0.004)
2022-03-30 18:38:35,706:INFO:   Eta: 0:25:52
2022-03-30 18:38:40,694:INFO: Valid: [200][500/501]  Loss -4.0499 (-2.5945)
2022-03-30 18:39:10,698:INFO: Train: [201][2111/2112]  Loss -0.8355 (-1.7170)  Time:  0.370 (0.014)  Data Time:  0.003 (0.004)
2022-03-30 18:39:10,699:INFO:   Eta: 0:24:28
2022-03-30 18:39:15,782:INFO: Valid: [201][500/501]  Loss -5.8941 (-3.6249)
2022-03-30 18:39:44,918:INFO: Train: [202][2111/2112]  Loss -0.8578 (-1.6949)  Time:  0.369 (0.014)  Data Time:  0.004 (0.004)
2022-03-30 18:39:44,920:INFO:   Eta: 0:23:16
2022-03-30 18:39:49,885:INFO: Valid: [202][500/501]  Loss -6.1160 (-3.7874)
2022-03-30 18:40:20,206:INFO: Train: [203][2111/2112]  Loss -0.8812 (-1.7142)  Time:  0.360 (0.014)  Data Time:  0.004 (0.004)
2022-03-30 18:40:20,207:INFO:   Eta: 0:23:43
2022-03-30 18:40:25,234:INFO: Valid: [203][500/501]  Loss -5.9017 (-3.6723)
2022-03-30 18:40:56,485:INFO: Train: [204][2111/2112]  Loss -0.9403 (-1.7280)  Time:  0.381 (0.015)  Data Time:  0.004 (0.004)
2022-03-30 18:40:56,486:INFO:   Eta: 0:23:55
2022-03-30 18:41:01,689:INFO: Valid: [204][500/501]  Loss -4.8749 (-2.9934)
2022-03-30 18:41:31,909:INFO: Train: [205][2111/2112]  Loss -0.8939 (-1.6318)  Time:  0.365 (0.014)  Data Time:  0.004 (0.004)
2022-03-30 18:41:31,910:INFO:   Eta: 0:22:38
2022-03-30 18:41:36,862:INFO: Valid: [205][500/501]  Loss -4.4577 (-2.8180)
2022-03-30 18:42:06,870:INFO: Train: [206][2111/2112]  Loss -0.8585 (-1.7131)  Time:  0.361 (0.014)  Data Time:  0.004 (0.004)
2022-03-30 18:42:06,871:INFO:   Eta: 0:21:59
2022-03-30 18:42:11,950:INFO: Valid: [206][500/501]  Loss -2.7142 (-1.8037)
2022-03-30 18:42:57,842:INFO: Test: [206]  ADE: 0.4242  FDE: 0.7120
2022-03-30 18:43:26,139:INFO: Train: [207][2111/2112]  Loss -0.8601 (-1.7416)  Time:  0.355 (0.013)  Data Time:  0.003 (0.003)
2022-03-30 18:43:26,140:INFO:   Eta: 0:20:15
2022-03-30 18:43:31,014:INFO: Valid: [207][500/501]  Loss -2.8598 (-1.9698)
2022-03-30 18:43:59,308:INFO: Train: [208][2111/2112]  Loss -0.8264 (-1.6473)  Time:  0.365 (0.013)  Data Time:  0.003 (0.003)
2022-03-30 18:43:59,309:INFO:   Eta: 0:19:46
2022-03-30 18:44:04,169:INFO: Valid: [208][500/501]  Loss -5.1735 (-3.1927)
2022-03-30 18:44:32,562:INFO: Train: [209][2111/2112]  Loss -0.8758 (-1.7187)  Time:  0.364 (0.013)  Data Time:  0.002 (0.003)
2022-03-30 18:44:32,563:INFO:   Eta: 0:19:22
2022-03-30 18:44:37,497:INFO: Valid: [209][500/501]  Loss -3.8021 (-2.5341)
2022-03-30 18:45:06,808:INFO: Train: [210][2111/2112]  Loss -0.8656 (-1.7260)  Time:  0.371 (0.014)  Data Time:  0.005 (0.004)
2022-03-30 18:45:06,809:INFO:   Eta: 0:19:31
2022-03-30 18:45:11,935:INFO: Valid: [210][500/501]  Loss 0.0820 (-0.3093)
2022-03-30 18:45:43,149:INFO: Train: [211][2111/2112]  Loss -0.7509 (-1.5114)  Time:  0.382 (0.015)  Data Time:  0.004 (0.004)
2022-03-30 18:45:43,151:INFO:   Eta: 0:20:16
2022-03-30 18:45:48,262:INFO: Valid: [211][500/501]  Loss -0.7787 (-0.8096)
2022-03-30 18:46:18,237:INFO: Train: [212][2111/2112]  Loss -0.8768 (-1.7066)  Time:  0.358 (0.014)  Data Time:  0.004 (0.004)
2022-03-30 18:46:18,239:INFO:   Eta: 0:18:57
2022-03-30 18:46:23,354:INFO: Valid: [212][500/501]  Loss -4.2114 (-2.6952)
2022-03-30 18:46:53,994:INFO: Train: [213][2111/2112]  Loss -0.8769 (-1.7235)  Time:  0.355 (0.014)  Data Time:  0.004 (0.004)
2022-03-30 18:46:53,995:INFO:   Eta: 0:18:52
2022-03-30 18:46:59,139:INFO: Valid: [213][500/501]  Loss -3.6369 (-2.2746)
2022-03-30 18:47:29,677:INFO: Train: [214][2111/2112]  Loss -0.8228 (-1.7049)  Time:  0.375 (0.014)  Data Time:  0.004 (0.004)
2022-03-30 18:47:29,678:INFO:   Eta: 0:18:18
2022-03-30 18:47:34,907:INFO: Valid: [214][500/501]  Loss -5.1216 (-3.2308)
2022-03-30 18:48:05,990:INFO: Train: [215][2111/2112]  Loss -0.8310 (-1.7369)  Time:  0.377 (0.015)  Data Time:  0.005 (0.004)
2022-03-30 18:48:05,992:INFO:   Eta: 0:18:06
2022-03-30 18:48:11,055:INFO: Valid: [215][500/501]  Loss -6.1559 (-3.7916)
2022-03-30 18:48:42,223:INFO: Train: [216][2111/2112]  Loss -0.8058 (-1.6420)  Time:  0.363 (0.015)  Data Time:  0.004 (0.004)
2022-03-30 18:48:42,224:INFO:   Eta: 0:17:38
2022-03-30 18:48:47,326:INFO: Valid: [216][500/501]  Loss -4.5147 (-2.8362)
2022-03-30 18:49:31,676:INFO: Test: [216]  ADE: 0.3649  FDE: 0.6051
2022-03-30 18:50:01,283:INFO: Train: [217][2111/2112]  Loss -0.7988 (-1.7224)  Time:  0.381 (0.014)  Data Time:  0.004 (0.004)
2022-03-30 18:50:01,285:INFO:   Eta: 0:16:16
2022-03-30 18:50:06,321:INFO: Valid: [217][500/501]  Loss -4.3590 (-2.7487)
2022-03-30 18:50:36,418:INFO: Train: [218][2111/2112]  Loss -0.8743 (-1.5113)  Time:  0.374 (0.014)  Data Time:  0.003 (0.004)
2022-03-30 18:50:36,419:INFO:   Eta: 0:16:02
2022-03-30 18:50:41,590:INFO: Valid: [218][500/501]  Loss -4.7853 (-2.9447)
2022-03-30 18:51:10,281:INFO: Train: [219][2111/2112]  Loss -0.9082 (-1.6967)  Time:  0.457 (0.014)  Data Time:  0.003 (0.003)
2022-03-30 18:51:10,282:INFO:   Eta: 0:14:48
2022-03-30 18:51:15,075:INFO: Valid: [219][500/501]  Loss -4.5588 (-2.8788)
2022-03-30 18:51:43,911:INFO: Train: [220][2111/2112]  Loss -0.9114 (-1.6922)  Time:  0.370 (0.014)  Data Time:  0.003 (0.003)
2022-03-30 18:51:43,912:INFO:   Eta: 0:14:24
2022-03-30 18:51:48,833:INFO: Valid: [220][500/501]  Loss -3.3688 (-2.1701)
2022-03-30 18:52:17,276:INFO: Train: [221][2111/2112]  Loss -0.7443 (-1.7217)  Time:  0.361 (0.013)  Data Time:  0.001 (0.003)
2022-03-30 18:52:17,279:INFO:   Eta: 0:13:43
2022-03-30 18:52:22,026:INFO: Valid: [221][500/501]  Loss -5.2761 (-3.2585)
2022-03-30 18:52:50,387:INFO: Train: [222][2111/2112]  Loss -0.8643 (-1.6349)  Time:  0.369 (0.013)  Data Time:  0.002 (0.003)
2022-03-30 18:52:50,388:INFO:   Eta: 0:13:13
2022-03-30 18:52:55,221:INFO: Valid: [222][500/501]  Loss -4.6936 (-2.9650)
2022-03-30 18:53:25,030:INFO: Train: [223][2111/2112]  Loss -0.9038 (-1.7236)  Time:  0.363 (0.014)  Data Time:  0.005 (0.004)
2022-03-30 18:53:25,033:INFO:   Eta: 0:13:23
2022-03-30 18:53:30,073:INFO: Valid: [223][500/501]  Loss -5.1244 (-3.1988)
2022-03-30 18:54:00,434:INFO: Train: [224][2111/2112]  Loss -0.8986 (-1.7036)  Time:  0.369 (0.014)  Data Time:  0.005 (0.004)
2022-03-30 18:54:00,436:INFO:   Eta: 0:13:08
2022-03-30 18:54:05,675:INFO: Valid: [224][500/501]  Loss -4.2528 (-2.6789)
2022-03-30 18:54:36,457:INFO: Train: [225][2111/2112]  Loss -0.7782 (-1.6488)  Time:  0.369 (0.015)  Data Time:  0.005 (0.004)
2022-03-30 18:54:36,458:INFO:   Eta: 0:12:48
2022-03-30 18:54:41,339:INFO: Valid: [225][500/501]  Loss -4.8761 (-3.0077)
2022-03-30 18:55:11,944:INFO: Train: [226][2111/2112]  Loss -0.7711 (-1.5786)  Time:  0.359 (0.014)  Data Time:  0.004 (0.004)
2022-03-30 18:55:11,945:INFO:   Eta: 0:12:13
2022-03-30 18:55:16,884:INFO: Valid: [226][500/501]  Loss -2.7009 (-1.9388)
2022-03-30 18:56:02,547:INFO: Test: [226]  ADE: 0.3954  FDE: 0.6605
2022-03-30 18:56:33,127:INFO: Train: [227][2111/2112]  Loss -0.8858 (-1.7143)  Time:  0.410 (0.014)  Data Time:  0.005 (0.004)
2022-03-30 18:56:33,128:INFO:   Eta: 0:11:42
2022-03-30 18:56:38,152:INFO: Valid: [227][500/501]  Loss -1.9460 (-1.3826)
2022-03-30 18:57:08,269:INFO: Train: [228][2111/2112]  Loss -0.8902 (-1.5606)  Time:  0.374 (0.014)  Data Time:  0.004 (0.004)
2022-03-30 18:57:08,271:INFO:   Eta: 0:11:01
2022-03-30 18:57:13,438:INFO: Valid: [228][500/501]  Loss -3.8897 (-2.3944)
2022-03-30 18:57:43,171:INFO: Train: [229][2111/2112]  Loss -0.9549 (-1.5797)  Time:  0.369 (0.014)  Data Time:  0.004 (0.004)
2022-03-30 18:57:43,173:INFO:   Eta: 0:10:23
2022-03-30 18:57:48,406:INFO: Valid: [229][500/501]  Loss -3.1469 (-2.1455)
2022-03-30 18:58:18,865:INFO: Train: [230][2111/2112]  Loss -0.8596 (-1.7359)  Time:  0.424 (0.014)  Data Time:  0.004 (0.004)
2022-03-30 18:58:18,867:INFO:   Eta: 0:10:08
2022-03-30 18:58:24,123:INFO: Valid: [230][500/501]  Loss -3.6911 (-2.3243)
2022-03-30 18:58:53,275:INFO: Train: [231][2111/2112]  Loss -0.8099 (-1.7181)  Time:  0.491 (0.014)  Data Time:  0.002 (0.003)
2022-03-30 18:58:53,277:INFO:   Eta: 0:09:13
2022-03-30 18:58:58,127:INFO: Valid: [231][500/501]  Loss -5.6603 (-3.5269)
2022-03-30 18:59:26,375:INFO: Train: [232][2111/2112]  Loss -0.8054 (-1.7014)  Time:  0.372 (0.013)  Data Time:  0.003 (0.003)
2022-03-30 18:59:26,376:INFO:   Eta: 0:08:27
2022-03-30 18:59:31,157:INFO: Valid: [232][500/501]  Loss -4.3140 (-2.8013)
2022-03-30 18:59:58,112:INFO: Train: [233][2111/2112]  Loss -0.8634 (-1.7320)  Time:  0.365 (0.013)  Data Time:  0.003 (0.003)
2022-03-30 18:59:58,115:INFO:   Eta: 0:07:37
2022-03-30 19:00:02,881:INFO: Valid: [233][500/501]  Loss -4.8532 (-3.0090)
2022-03-30 19:00:32,543:INFO: Train: [234][2111/2112]  Loss -0.9155 (-1.6156)  Time:  0.361 (0.014)  Data Time:  0.004 (0.004)
2022-03-30 19:00:32,545:INFO:   Eta: 0:07:54
2022-03-30 19:00:37,750:INFO: Valid: [234][500/501]  Loss -5.6468 (-3.4677)
2022-03-30 19:01:08,593:INFO: Train: [235][2111/2112]  Loss -0.8202 (-1.7074)  Time:  0.355 (0.015)  Data Time:  0.004 (0.004)
2022-03-30 19:01:08,594:INFO:   Eta: 0:07:42
2022-03-30 19:01:13,764:INFO: Valid: [235][500/501]  Loss -5.3478 (-3.3361)
2022-03-30 19:01:44,203:INFO: Train: [236][2111/2112]  Loss -0.7471 (-1.7167)  Time:  0.371 (0.014)  Data Time:  0.004 (0.004)
2022-03-30 19:01:44,205:INFO:   Eta: 0:07:05
2022-03-30 19:01:49,382:INFO: Valid: [236][500/501]  Loss -5.7101 (-3.5089)
2022-03-30 19:02:33,935:INFO: Test: [236]  ADE: 0.3531  FDE: 0.5879
2022-03-30 19:03:04,263:INFO: Train: [237][2111/2112]  Loss -0.8750 (-1.6747)  Time:  0.370 (0.014)  Data Time:  0.004 (0.004)
2022-03-30 19:03:04,265:INFO:   Eta: 0:06:33
2022-03-30 19:03:09,299:INFO: Valid: [237][500/501]  Loss -5.3843 (-3.3512)
2022-03-30 19:03:39,735:INFO: Train: [238][2111/2112]  Loss -0.8036 (-1.5611)  Time:  0.424 (0.014)  Data Time:  0.004 (0.004)
2022-03-30 19:03:39,737:INFO:   Eta: 0:06:04
2022-03-30 19:03:44,781:INFO: Valid: [238][500/501]  Loss -5.8021 (-3.5775)
2022-03-30 19:04:14,763:INFO: Train: [239][2111/2112]  Loss -0.7995 (-1.7531)  Time:  0.368 (0.014)  Data Time:  0.005 (0.004)
2022-03-30 19:04:14,765:INFO:   Eta: 0:05:29
2022-03-30 19:04:20,012:INFO: Valid: [239][500/501]  Loss -6.0727 (-3.7405)
2022-03-30 19:04:50,319:INFO: Train: [240][2111/2112]  Loss -0.8540 (-1.7340)  Time:  0.358 (0.014)  Data Time:  0.004 (0.004)
2022-03-30 19:04:50,321:INFO:   Eta: 0:05:02
2022-03-30 19:04:55,493:INFO: Valid: [240][500/501]  Loss -4.4521 (-2.7414)
2022-03-30 19:05:25,563:INFO: Train: [241][2111/2112]  Loss -0.7974 (-1.7297)  Time:  0.373 (0.014)  Data Time:  0.004 (0.004)
2022-03-30 19:05:25,565:INFO:   Eta: 0:04:30
2022-03-30 19:05:30,729:INFO: Valid: [241][500/501]  Loss -4.9828 (-3.0759)
2022-03-30 19:06:01,540:INFO: Train: [242][2111/2112]  Loss -0.8945 (-1.6436)  Time:  0.361 (0.015)  Data Time:  0.004 (0.004)
2022-03-30 19:06:01,541:INFO:   Eta: 0:04:06
2022-03-30 19:06:06,512:INFO: Valid: [242][500/501]  Loss -5.2037 (-3.2083)
2022-03-30 19:06:34,720:INFO: Train: [243][2111/2112]  Loss -0.7581 (-1.7497)  Time:  0.354 (0.013)  Data Time:  0.003 (0.003)
2022-03-30 19:06:34,722:INFO:   Eta: 0:03:17
2022-03-30 19:06:39,344:INFO: Valid: [243][500/501]  Loss -5.6298 (-3.4667)
2022-03-30 19:07:07,735:INFO: Train: [244][2111/2112]  Loss -0.8687 (-1.6881)  Time:  0.375 (0.013)  Data Time:  0.003 (0.003)
2022-03-30 19:07:07,736:INFO:   Eta: 0:02:50
2022-03-30 19:07:12,769:INFO: Valid: [244][500/501]  Loss -5.2175 (-3.2133)
2022-03-30 19:07:41,813:INFO: Train: [245][2111/2112]  Loss -0.8227 (-1.6833)  Time:  0.346 (0.014)  Data Time:  0.003 (0.003)
2022-03-30 19:07:41,814:INFO:   Eta: 0:02:25
2022-03-30 19:07:46,719:INFO: Valid: [245][500/501]  Loss -5.5424 (-3.3808)
2022-03-30 19:08:15,849:INFO: Train: [246][2111/2112]  Loss -0.8741 (-1.5851)  Time:  0.368 (0.014)  Data Time:  0.005 (0.004)
2022-03-30 19:08:15,850:INFO:   Eta: 0:01:56
2022-03-30 19:08:20,705:INFO: Valid: [246][500/501]  Loss -2.1552 (-1.6027)
2022-03-30 19:09:06,391:INFO: Test: [246]  ADE: 0.4032  FDE: 0.6680
2022-03-30 19:09:36,814:INFO: Train: [247][2111/2112]  Loss -0.8473 (-1.7428)  Time:  0.365 (0.014)  Data Time:  0.004 (0.004)
2022-03-30 19:09:36,815:INFO:   Eta: 0:01:31
2022-03-30 19:09:41,996:INFO: Valid: [247][500/501]  Loss -6.0650 (-3.7364)
2022-03-30 19:10:12,428:INFO: Train: [248][2111/2112]  Loss -0.8178 (-1.6390)  Time:  0.362 (0.014)  Data Time:  0.005 (0.004)
2022-03-30 19:10:12,429:INFO:   Eta: 0:01:00
2022-03-30 19:10:17,546:INFO: Valid: [248][500/501]  Loss -5.6133 (-3.4274)
2022-03-30 19:10:47,061:INFO: Train: [249][2111/2112]  Loss -0.7565 (-1.7233)  Time:  0.355 (0.014)  Data Time:  0.005 (0.004)
2022-03-30 19:10:47,063:INFO:   Eta: 0:00:29
2022-03-30 19:10:52,121:INFO: Valid: [249][500/501]  Loss -4.5659 (-2.9179)
