2022-03-29 15:41:01,634:INFO: batch_size=128
2022-03-29 15:41:01,634:INFO: clip_grad=None
2022-03-29 15:41:01,634:INFO: dataset=zara2
2022-03-29 15:41:01,634:INFO: gpu_num=0
2022-03-29 15:41:01,634:INFO: input_size=2
2022-03-29 15:41:01,634:INFO: kernel_size=3
2022-03-29 15:41:01,635:INFO: lr=0.01
2022-03-29 15:41:01,635:INFO: lr_sh_rate=150
2022-03-29 15:41:01,635:INFO: n_stgcnn=1
2022-03-29 15:41:01,635:INFO: n_txpcnn=5
2022-03-29 15:41:01,635:INFO: num_epochs=250
2022-03-29 15:41:01,635:INFO: obs_seq_len=8
2022-03-29 15:41:01,635:INFO: output_size=5
2022-03-29 15:41:01,635:INFO: pred_seq_len=12
2022-03-29 15:41:01,635:INFO: seed=0
2022-03-29 15:41:01,635:INFO: tag=zara2
2022-03-29 15:41:01,635:INFO: use_lrschd=True
2022-03-29 15:41:01,635:INFO: ******************************
2022-03-29 15:41:01,635:INFO: Training initiating....
2022-03-29 15:41:01,635:INFO: Namespace(batch_size=128, clip_grad=None, dataset='zara2', gpu_num='0', input_size=2, kernel_size=3, lr=0.01, lr_sh_rate=150, n_stgcnn=1, n_txpcnn=5, num_epochs=250, obs_seq_len=8, output_size=5, pred_seq_len=12, seed=0, tag='zara2', use_lrschd=True)
2022-03-29 15:41:01,649:INFO: Initializing train dataset
2022-03-29 15:41:11,239:INFO: Initializing val dataset
2022-03-29 15:41:21,345:INFO: social_stgcnn3
2022-03-29 15:41:21,346:INFO: Data and model loaded
2022-03-29 15:41:21,346:INFO: Checkpoint dir: ../runs/Mar29_15-41-01_node09/zara2/checkpoint
2022-03-29 15:41:21,346:INFO: Training started ...
2022-03-29 15:41:46,791:INFO: Train: [0][2111/2112]  Loss 0.8790 (1.6769)  Time:  0.309 (0.012)  Data Time:  0.005 (0.004)
2022-03-29 15:41:46,793:INFO:   Eta: 1:45:59
2022-03-29 15:42:23,741:INFO: Test: [0]  ADE: 1.4286  FDE: 1.2867
2022-03-29 15:42:46,153:INFO: Train: [1][2111/2112]  Loss 0.8106 (1.6851)  Time:  0.303 (0.011)  Data Time:  0.006 (0.004)
2022-03-29 15:42:46,155:INFO:   Eta: 1:32:56
2022-03-29 15:43:08,892:INFO: Train: [2][2111/2112]  Loss 0.7477 (1.5377)  Time:  0.279 (0.011)  Data Time:  0.004 (0.004)
2022-03-29 15:43:08,894:INFO:   Eta: 1:33:54
2022-03-29 15:43:32,685:INFO: Train: [3][2111/2112]  Loss 0.6778 (1.3340)  Time:  0.359 (0.011)  Data Time:  0.005 (0.004)
2022-03-29 15:43:32,686:INFO:   Eta: 1:37:53
2022-03-29 15:43:57,824:INFO: Train: [4][2111/2112]  Loss 0.6160 (1.3012)  Time:  0.311 (0.012)  Data Time:  0.004 (0.004)
2022-03-29 15:43:57,826:INFO:   Eta: 1:43:00
2022-03-29 15:44:23,275:INFO: Train: [5][2111/2112]  Loss 0.5403 (1.0754)  Time:  0.303 (0.012)  Data Time:  0.005 (0.005)
2022-03-29 15:44:23,277:INFO:   Eta: 1:43:51
2022-03-29 15:44:48,265:INFO: Train: [6][2111/2112]  Loss 0.4583 (1.0062)  Time:  0.296 (0.012)  Data Time:  0.005 (0.004)
2022-03-29 15:44:48,268:INFO:   Eta: 1:41:33
2022-03-29 15:45:13,830:INFO: Train: [7][2111/2112]  Loss 0.3716 (0.7871)  Time:  0.304 (0.012)  Data Time:  0.004 (0.005)
2022-03-29 15:45:13,832:INFO:   Eta: 1:43:27
2022-03-29 15:45:39,478:INFO: Train: [8][2111/2112]  Loss 0.2794 (0.6522)  Time:  0.371 (0.012)  Data Time:  0.006 (0.005)
2022-03-29 15:45:39,479:INFO:   Eta: 1:43:22
2022-03-29 15:46:04,837:INFO: Train: [9][2111/2112]  Loss 0.1958 (0.4765)  Time:  0.328 (0.012)  Data Time:  0.005 (0.004)
2022-03-29 15:46:04,839:INFO:   Eta: 1:41:47
2022-03-29 15:46:30,728:INFO: Train: [10][2111/2112]  Loss 0.1021 (0.2878)  Time:  0.313 (0.012)  Data Time:  0.005 (0.005)
2022-03-29 15:46:30,728:INFO:   Eta: 1:43:30
2022-03-29 15:47:10,190:INFO: Test: [10]  ADE: 0.9343  FDE: 1.3967
2022-03-29 15:47:35,259:INFO: Train: [11][2111/2112]  Loss 0.0723 (0.2061)  Time:  0.270 (0.012)  Data Time:  0.004 (0.004)
2022-03-29 15:47:35,262:INFO:   Eta: 1:39:47
2022-03-29 15:47:57,463:INFO: Train: [12][2111/2112]  Loss 0.0521 (0.1367)  Time:  0.267 (0.011)  Data Time:  0.003 (0.004)
2022-03-29 15:47:57,466:INFO:   Eta: 1:27:59
2022-03-29 15:48:19,737:INFO: Train: [13][2111/2112]  Loss 0.0407 (0.1004)  Time:  0.267 (0.011)  Data Time:  0.003 (0.004)
2022-03-29 15:48:19,738:INFO:   Eta: 1:27:53
2022-03-29 15:48:42,142:INFO: Train: [14][2111/2112]  Loss 0.0002 (0.0708)  Time:  0.274 (0.011)  Data Time:  0.004 (0.004)
2022-03-29 15:48:42,144:INFO:   Eta: 1:28:04
2022-03-29 15:49:04,602:INFO: Train: [15][2111/2112]  Loss 0.0031 (0.0450)  Time:  0.280 (0.011)  Data Time:  0.004 (0.004)
2022-03-29 15:49:04,604:INFO:   Eta: 1:27:54
2022-03-29 15:49:29,432:INFO: Train: [16][2111/2112]  Loss -0.0553 (0.0374)  Time:  0.298 (0.012)  Data Time:  0.004 (0.004)
2022-03-29 15:49:29,434:INFO:   Eta: 1:36:46
2022-03-29 15:49:54,892:INFO: Train: [17][2111/2112]  Loss 0.0182 (0.0066)  Time:  0.314 (0.012)  Data Time:  0.005 (0.005)
2022-03-29 15:49:55,023:INFO:   Eta: 1:38:48
2022-03-29 15:50:21,604:INFO: Train: [18][2111/2112]  Loss -0.0104 (0.0189)  Time:  0.294 (0.012)  Data Time:  0.005 (0.005)
2022-03-29 15:50:21,608:INFO:   Eta: 1:40:58
2022-03-29 15:50:47,257:INFO: Train: [19][2111/2112]  Loss 0.0549 (0.0376)  Time:  0.317 (0.012)  Data Time:  0.005 (0.005)
2022-03-29 15:50:47,397:INFO:   Eta: 1:38:40
2022-03-29 15:51:14,699:INFO: Train: [20][2111/2112]  Loss -0.0020 (-0.0269)  Time:  0.310 (0.012)  Data Time:  0.005 (0.004)
2022-03-29 15:51:14,712:INFO:   Eta: 1:36:19
2022-03-29 15:51:55,121:INFO: Test: [20]  ADE: 0.8811  FDE: 1.4564
2022-03-29 15:52:19,701:INFO: Train: [21][2111/2112]  Loss 0.0543 (-0.0136)  Time:  0.299 (0.012)  Data Time:  0.005 (0.004)
2022-03-29 15:52:19,740:INFO:   Eta: 1:33:44
2022-03-29 15:52:45,368:INFO: Train: [22][2111/2112]  Loss -0.0502 (-0.0009)  Time:  0.314 (0.012)  Data Time:  0.005 (0.005)
2022-03-29 15:52:45,432:INFO:   Eta: 1:37:01
2022-03-29 15:53:10,695:INFO: Train: [23][2111/2112]  Loss 0.0023 (-0.0372)  Time:  0.309 (0.012)  Data Time:  0.004 (0.004)
2022-03-29 15:53:10,698:INFO:   Eta: 1:35:31
2022-03-29 15:53:34,087:INFO: Train: [24][2111/2112]  Loss -0.0140 (-0.0555)  Time:  0.281 (0.011)  Data Time:  0.004 (0.004)
2022-03-29 15:53:34,089:INFO:   Eta: 1:28:02
2022-03-29 15:53:56,632:INFO: Train: [25][2111/2112]  Loss -0.0027 (-0.0453)  Time:  0.275 (0.011)  Data Time:  0.005 (0.004)
2022-03-29 15:53:56,633:INFO:   Eta: 1:24:28
2022-03-29 15:54:19,002:INFO: Train: [26][2111/2112]  Loss -0.0606 (-0.0537)  Time:  0.294 (0.011)  Data Time:  0.003 (0.003)
2022-03-29 15:54:19,003:INFO:   Eta: 1:23:27
2022-03-29 15:54:41,441:INFO: Train: [27][2111/2112]  Loss -0.1099 (-0.1073)  Time:  0.269 (0.011)  Data Time:  0.004 (0.004)
2022-03-29 15:54:41,444:INFO:   Eta: 1:23:20
2022-03-29 15:55:05,065:INFO: Train: [28][2111/2112]  Loss -0.0790 (-0.0642)  Time:  0.290 (0.011)  Data Time:  0.005 (0.004)
2022-03-29 15:55:05,067:INFO:   Eta: 1:27:20
2022-03-29 15:55:30,443:INFO: Train: [29][2111/2112]  Loss -0.0697 (-0.0710)  Time:  0.283 (0.012)  Data Time:  0.004 (0.004)
2022-03-29 15:55:30,445:INFO:   Eta: 1:33:25
2022-03-29 15:55:55,836:INFO: Train: [30][2111/2112]  Loss -0.0832 (-0.0887)  Time:  0.302 (0.012)  Data Time:  0.005 (0.005)
2022-03-29 15:55:55,880:INFO:   Eta: 1:31:27
2022-03-29 15:56:35,280:INFO: Test: [30]  ADE: 0.8982  FDE: 1.5205
2022-03-29 15:57:00,486:INFO: Train: [31][2111/2112]  Loss -0.0360 (-0.1061)  Time:  0.293 (0.012)  Data Time:  0.005 (0.005)
2022-03-29 15:57:00,715:INFO:   Eta: 1:31:54
2022-03-29 15:57:26,365:INFO: Train: [32][2111/2112]  Loss -0.0313 (-0.1209)  Time:  0.296 (0.011)  Data Time:  0.003 (0.004)
2022-03-29 15:57:26,655:INFO:   Eta: 1:26:23
2022-03-29 15:57:54,312:INFO: Train: [33][2111/2112]  Loss -0.1257 (-0.1335)  Time:  0.295 (0.012)  Data Time:  0.004 (0.004)
2022-03-29 15:57:54,314:INFO:   Eta: 1:31:21
2022-03-29 15:58:20,333:INFO: Train: [34][2111/2112]  Loss 0.0289 (-0.1083)  Time:  0.358 (0.012)  Data Time:  0.005 (0.005)
2022-03-29 15:58:20,334:INFO:   Eta: 1:33:37
2022-03-29 15:58:46,245:INFO: Train: [35][2111/2112]  Loss -0.1377 (-0.1125)  Time:  0.312 (0.012)  Data Time:  0.005 (0.005)
2022-03-29 15:58:46,267:INFO:   Eta: 1:32:47
2022-03-29 15:59:11,388:INFO: Train: [36][2111/2112]  Loss 0.0144 (-0.0870)  Time:  0.308 (0.012)  Data Time:  0.004 (0.004)
2022-03-29 15:59:11,389:INFO:   Eta: 1:29:11
2022-03-29 15:59:35,745:INFO: Train: [37][2111/2112]  Loss -0.0780 (-0.1132)  Time:  0.337 (0.012)  Data Time:  0.003 (0.004)
2022-03-29 15:59:35,747:INFO:   Eta: 1:26:24
2022-03-29 15:59:58,637:INFO: Train: [38][2111/2112]  Loss -0.0158 (-0.1077)  Time:  0.256 (0.011)  Data Time:  0.003 (0.004)
2022-03-29 15:59:58,638:INFO:   Eta: 1:20:49
2022-03-29 16:00:21,377:INFO: Train: [39][2111/2112]  Loss -0.0334 (-0.1114)  Time:  0.302 (0.011)  Data Time:  0.004 (0.004)
2022-03-29 16:00:21,380:INFO:   Eta: 1:19:55
2022-03-29 16:00:44,049:INFO: Train: [40][2111/2112]  Loss -0.0676 (-0.1271)  Time:  0.291 (0.011)  Data Time:  0.004 (0.004)
2022-03-29 16:00:44,051:INFO:   Eta: 1:19:17
2022-03-29 16:01:22,907:INFO: Test: [40]  ADE: 0.9213  FDE: 1.5690
2022-03-29 16:01:48,025:INFO: Train: [41][2111/2112]  Loss -0.0707 (-0.1362)  Time:  0.295 (0.012)  Data Time:  0.005 (0.005)
2022-03-29 16:01:48,026:INFO:   Eta: 1:27:25
2022-03-29 16:02:13,361:INFO: Train: [42][2111/2112]  Loss -0.0811 (-0.1206)  Time:  0.319 (0.012)  Data Time:  0.005 (0.005)
2022-03-29 16:02:13,362:INFO:   Eta: 1:27:47
2022-03-29 16:02:37,903:INFO: Train: [43][2111/2112]  Loss -0.0120 (-0.1334)  Time:  0.327 (0.012)  Data Time:  0.005 (0.004)
2022-03-29 16:02:37,906:INFO:   Eta: 1:24:36
2022-03-29 16:03:03,234:INFO: Train: [44][2111/2112]  Loss -0.0883 (-0.1173)  Time:  0.309 (0.012)  Data Time:  0.004 (0.005)
2022-03-29 16:03:03,236:INFO:   Eta: 1:26:54
2022-03-29 16:03:28,599:INFO: Train: [45][2111/2112]  Loss -0.0074 (-0.0980)  Time:  0.290 (0.012)  Data Time:  0.004 (0.005)
2022-03-29 16:03:28,601:INFO:   Eta: 1:26:36
2022-03-29 16:03:54,021:INFO: Train: [46][2111/2112]  Loss -0.0825 (-0.1401)  Time:  0.332 (0.012)  Data Time:  0.005 (0.005)
2022-03-29 16:03:54,023:INFO:   Eta: 1:26:22
2022-03-29 16:04:19,281:INFO: Train: [47][2111/2112]  Loss -0.1043 (-0.1169)  Time:  0.307 (0.012)  Data Time:  0.005 (0.005)
2022-03-29 16:04:19,281:INFO:   Eta: 1:25:23
2022-03-29 16:04:44,903:INFO: Train: [48][2111/2112]  Loss -0.0626 (-0.1408)  Time:  0.352 (0.012)  Data Time:  0.005 (0.005)
2022-03-29 16:04:44,905:INFO:   Eta: 1:26:13
2022-03-29 16:05:08,424:INFO: Train: [49][2111/2112]  Loss -0.1154 (-0.1601)  Time:  0.287 (0.011)  Data Time:  0.004 (0.004)
2022-03-29 16:05:08,426:INFO:   Eta: 1:18:43
2022-03-29 16:05:30,542:INFO: Train: [50][2111/2112]  Loss -0.1022 (-0.1532)  Time:  0.264 (0.010)  Data Time:  0.003 (0.003)
2022-03-29 16:05:30,779:INFO:   Eta: 1:13:40
2022-03-29 16:06:09,008:INFO: Test: [50]  ADE: 0.9366  FDE: 1.5954
2022-03-29 16:06:31,968:INFO: Train: [51][2111/2112]  Loss -0.0673 (-0.1132)  Time:  0.265 (0.011)  Data Time:  0.003 (0.004)
2022-03-29 16:06:32,008:INFO:   Eta: 1:15:57
2022-03-29 16:06:58,160:INFO: Train: [52][2111/2112]  Loss -0.0570 (-0.1130)  Time:  0.325 (0.012)  Data Time:  0.005 (0.005)
2022-03-29 16:06:58,162:INFO:   Eta: 1:24:32
2022-03-29 16:07:23,916:INFO: Train: [53][2111/2112]  Loss -0.0241 (-0.1342)  Time:  0.302 (0.012)  Data Time:  0.004 (0.005)
2022-03-29 16:07:23,918:INFO:   Eta: 1:24:31
2022-03-29 16:07:49,851:INFO: Train: [54][2111/2112]  Loss -0.1376 (-0.1236)  Time:  0.358 (0.012)  Data Time:  0.005 (0.004)
2022-03-29 16:07:49,852:INFO:   Eta: 1:24:37
2022-03-29 16:08:16,987:INFO: Train: [55][2111/2112]  Loss -0.0920 (-0.1415)  Time:  0.309 (0.013)  Data Time:  0.005 (0.005)
2022-03-29 16:08:16,988:INFO:   Eta: 1:28:07
2022-03-29 16:08:44,033:INFO: Train: [56][2111/2112]  Loss 0.0411 (-0.1449)  Time:  0.309 (0.013)  Data Time:  0.005 (0.005)
2022-03-29 16:08:44,034:INFO:   Eta: 1:27:22
2022-03-29 16:09:11,409:INFO: Train: [57][2111/2112]  Loss 0.0286 (-0.1164)  Time:  0.328 (0.013)  Data Time:  0.004 (0.005)
2022-03-29 16:09:11,411:INFO:   Eta: 1:27:59
2022-03-29 16:09:38,750:INFO: Train: [58][2111/2112]  Loss -0.1202 (-0.1447)  Time:  0.321 (0.013)  Data Time:  0.005 (0.005)
2022-03-29 16:09:38,754:INFO:   Eta: 1:27:23
2022-03-29 16:10:06,694:INFO: Train: [59][2111/2112]  Loss -0.0306 (-0.1750)  Time:  0.317 (0.013)  Data Time:  0.005 (0.005)
2022-03-29 16:10:06,697:INFO:   Eta: 1:28:48
2022-03-29 16:10:34,029:INFO: Train: [60][2111/2112]  Loss -0.1257 (-0.1164)  Time:  0.364 (0.013)  Data Time:  0.004 (0.005)
2022-03-29 16:10:34,031:INFO:   Eta: 1:26:29
2022-03-29 16:11:14,329:INFO: Test: [60]  ADE: 0.9481  FDE: 1.6189
2022-03-29 16:11:38,349:INFO: Train: [61][2111/2112]  Loss -0.1402 (-0.1559)  Time:  0.309 (0.011)  Data Time:  0.005 (0.004)
2022-03-29 16:11:38,352:INFO:   Eta: 1:15:34
2022-03-29 16:12:02,966:INFO: Train: [62][2111/2112]  Loss 0.0462 (-0.1411)  Time:  0.321 (0.012)  Data Time:  0.003 (0.004)
2022-03-29 16:12:02,969:INFO:   Eta: 1:17:03
2022-03-29 16:12:25,252:INFO: Train: [63][2111/2112]  Loss -0.0555 (-0.0882)  Time:  0.265 (0.011)  Data Time:  0.004 (0.004)
2022-03-29 16:12:25,528:INFO:   Eta: 1:09:23
2022-03-29 16:12:52,145:INFO: Train: [64][2111/2112]  Loss -0.1020 (-0.1236)  Time:  0.311 (0.011)  Data Time:  0.005 (0.004)
2022-03-29 16:12:52,327:INFO:   Eta: 1:14:48
2022-03-29 16:13:18,605:INFO: Train: [65][2111/2112]  Loss -0.1209 (-0.1433)  Time:  0.326 (0.012)  Data Time:  0.005 (0.005)
2022-03-29 16:13:18,607:INFO:   Eta: 1:19:39
2022-03-29 16:13:44,750:INFO: Train: [66][2111/2112]  Loss -0.1650 (-0.0948)  Time:  0.346 (0.012)  Data Time:  0.005 (0.005)
2022-03-29 16:13:44,753:INFO:   Eta: 1:20:07
2022-03-29 16:14:10,598:INFO: Train: [67][2111/2112]  Loss -0.1293 (-0.1456)  Time:  0.313 (0.012)  Data Time:  0.004 (0.005)
2022-03-29 16:14:10,600:INFO:   Eta: 1:18:46
2022-03-29 16:14:37,061:INFO: Train: [68][2111/2112]  Loss 0.0222 (-0.1495)  Time:  0.364 (0.013)  Data Time:  0.004 (0.005)
2022-03-29 16:14:37,064:INFO:   Eta: 1:20:12
2022-03-29 16:15:05,318:INFO: Train: [69][2111/2112]  Loss 0.0133 (-0.1502)  Time:  0.329 (0.013)  Data Time:  0.004 (0.005)
2022-03-29 16:15:05,320:INFO:   Eta: 1:25:10
2022-03-29 16:15:33,409:INFO: Train: [70][2111/2112]  Loss -0.1010 (-0.1560)  Time:  0.378 (0.013)  Data Time:  0.004 (0.005)
2022-03-29 16:15:33,411:INFO:   Eta: 1:24:12
2022-03-29 16:16:15,961:INFO: Test: [70]  ADE: 0.9554  FDE: 1.6219
2022-03-29 16:16:43,668:INFO: Train: [71][2111/2112]  Loss -0.0905 (-0.1259)  Time:  0.314 (0.013)  Data Time:  0.005 (0.005)
2022-03-29 16:16:43,669:INFO:   Eta: 1:22:34
2022-03-29 16:17:07,889:INFO: Train: [72][2111/2112]  Loss -0.0503 (-0.1752)  Time:  0.366 (0.011)  Data Time:  0.003 (0.004)
2022-03-29 16:17:07,891:INFO:   Eta: 1:11:47
2022-03-29 16:17:32,343:INFO: Train: [73][2111/2112]  Loss -0.1062 (-0.1396)  Time:  0.285 (0.012)  Data Time:  0.004 (0.004)
2022-03-29 16:17:32,345:INFO:   Eta: 1:12:04
2022-03-29 16:17:56,958:INFO: Train: [74][2111/2112]  Loss -0.0298 (-0.1616)  Time:  0.338 (0.012)  Data Time:  0.004 (0.004)
2022-03-29 16:17:56,962:INFO:   Eta: 1:12:08
2022-03-29 16:18:21,148:INFO: Train: [75][2111/2112]  Loss -0.0996 (-0.1519)  Time:  0.301 (0.011)  Data Time:  0.004 (0.003)
2022-03-29 16:18:21,151:INFO:   Eta: 1:10:29
2022-03-29 16:18:49,243:INFO: Train: [76][2111/2112]  Loss -0.0627 (-0.1357)  Time:  0.336 (0.013)  Data Time:  0.005 (0.005)
2022-03-29 16:18:49,246:INFO:   Eta: 1:21:24
2022-03-29 16:19:17,491:INFO: Train: [77][2111/2112]  Loss -0.1436 (-0.1763)  Time:  0.345 (0.013)  Data Time:  0.005 (0.005)
2022-03-29 16:19:17,580:INFO:   Eta: 1:21:23
2022-03-29 16:19:45,405:INFO: Train: [78][2111/2112]  Loss -0.0361 (-0.1249)  Time:  0.348 (0.013)  Data Time:  0.004 (0.004)
2022-03-29 16:19:45,415:INFO:   Eta: 1:18:36
2022-03-29 16:20:13,326:INFO: Train: [79][2111/2112]  Loss -0.1234 (-0.0985)  Time:  0.345 (0.013)  Data Time:  0.005 (0.005)
2022-03-29 16:20:13,329:INFO:   Eta: 1:19:26
2022-03-29 16:20:41,653:INFO: Train: [80][2111/2112]  Loss -0.0692 (-0.1753)  Time:  0.313 (0.013)  Data Time:  0.005 (0.005)
2022-03-29 16:20:41,654:INFO:   Eta: 1:20:10
2022-03-29 16:21:25,276:INFO: Test: [80]  ADE: 0.9576  FDE: 1.6224
2022-03-29 16:21:53,345:INFO: Train: [81][2111/2112]  Loss -0.1285 (-0.1433)  Time:  0.307 (0.013)  Data Time:  0.004 (0.005)
2022-03-29 16:21:53,348:INFO:   Eta: 1:18:58
2022-03-29 16:22:20,610:INFO: Train: [82][2111/2112]  Loss -0.1612 (-0.1165)  Time:  0.309 (0.013)  Data Time:  0.004 (0.005)
2022-03-29 16:22:20,614:INFO:   Eta: 1:16:16
2022-03-29 16:22:46,680:INFO: Train: [83][2111/2112]  Loss -0.0854 (-0.1371)  Time:  0.373 (0.012)  Data Time:  0.005 (0.004)
2022-03-29 16:22:46,687:INFO:   Eta: 1:12:29
2022-03-29 16:23:10,557:INFO: Train: [84][2111/2112]  Loss -0.0612 (-0.1413)  Time:  0.309 (0.011)  Data Time:  0.007 (0.003)
2022-03-29 16:23:10,560:INFO:   Eta: 1:05:58
2022-03-29 16:23:35,040:INFO: Train: [85][2111/2112]  Loss -0.1036 (-0.1796)  Time:  0.292 (0.012)  Data Time:  0.004 (0.004)
2022-03-29 16:23:35,041:INFO:   Eta: 1:07:16
2022-03-29 16:24:00,323:INFO: Train: [86][2111/2112]  Loss -0.0070 (-0.1432)  Time:  0.328 (0.012)  Data Time:  0.004 (0.004)
2022-03-29 16:24:00,324:INFO:   Eta: 1:09:03
2022-03-29 16:24:26,954:INFO: Train: [87][2111/2112]  Loss -0.0682 (-0.1725)  Time:  0.346 (0.013)  Data Time:  0.005 (0.004)
2022-03-29 16:24:26,957:INFO:   Eta: 1:12:17
2022-03-29 16:24:55,008:INFO: Train: [88][2111/2112]  Loss -0.1441 (-0.1444)  Time:  0.336 (0.013)  Data Time:  0.005 (0.005)
2022-03-29 16:24:55,011:INFO:   Eta: 1:15:41
2022-03-29 16:25:23,070:INFO: Train: [89][2111/2112]  Loss -0.0394 (-0.1822)  Time:  0.349 (0.013)  Data Time:  0.004 (0.004)
2022-03-29 16:25:23,073:INFO:   Eta: 1:15:14
2022-03-29 16:25:49,972:INFO: Train: [90][2111/2112]  Loss -0.0783 (-0.1121)  Time:  0.310 (0.013)  Data Time:  0.004 (0.005)
2022-03-29 16:25:49,974:INFO:   Eta: 1:11:40
2022-03-29 16:26:31,629:INFO: Test: [90]  ADE: 0.9622  FDE: 1.6372
2022-03-29 16:26:59,204:INFO: Train: [91][2111/2112]  Loss -0.1401 (-0.1635)  Time:  0.358 (0.013)  Data Time:  0.005 (0.004)
2022-03-29 16:26:59,207:INFO:   Eta: 1:12:59
2022-03-29 16:27:27,337:INFO: Train: [92][2111/2112]  Loss -0.0184 (-0.1495)  Time:  0.344 (0.013)  Data Time:  0.005 (0.005)
2022-03-29 16:27:27,339:INFO:   Eta: 1:14:01
2022-03-29 16:27:54,971:INFO: Train: [93][2111/2112]  Loss -0.1098 (-0.1320)  Time:  0.359 (0.013)  Data Time:  0.005 (0.005)
2022-03-29 16:27:54,974:INFO:   Eta: 1:12:14
2022-03-29 16:28:22,536:INFO: Train: [94][2111/2112]  Loss -0.1245 (-0.1584)  Time:  0.272 (0.013)  Data Time:  0.003 (0.005)
2022-03-29 16:28:22,539:INFO:   Eta: 1:11:36
2022-03-29 16:28:46,395:INFO: Train: [95][2111/2112]  Loss -0.0361 (-0.1581)  Time:  0.269 (0.011)  Data Time:  0.004 (0.003)
2022-03-29 16:28:46,396:INFO:   Eta: 1:01:35
2022-03-29 16:29:10,474:INFO: Train: [96][2111/2112]  Loss -0.1365 (-0.1324)  Time:  0.286 (0.011)  Data Time:  0.003 (0.004)
2022-03-29 16:29:10,477:INFO:   Eta: 1:01:45
2022-03-29 16:29:35,404:INFO: Train: [97][2111/2112]  Loss 0.0347 (-0.1434)  Time:  0.281 (0.012)  Data Time:  0.003 (0.004)
2022-03-29 16:29:35,407:INFO:   Eta: 1:03:31
2022-03-29 16:30:00,468:INFO: Train: [98][2111/2112]  Loss -0.1654 (-0.1716)  Time:  0.276 (0.012)  Data Time:  0.004 (0.004)
2022-03-29 16:30:00,470:INFO:   Eta: 1:03:26
2022-03-29 16:30:28,105:INFO: Train: [99][2111/2112]  Loss -0.0419 (-0.1488)  Time:  0.345 (0.013)  Data Time:  0.003 (0.005)
2022-03-29 16:30:28,107:INFO:   Eta: 1:09:29
2022-03-29 16:30:56,232:INFO: Train: [100][2111/2112]  Loss -0.1631 (-0.1297)  Time:  0.355 (0.013)  Data Time:  0.005 (0.005)
2022-03-29 16:30:56,235:INFO:   Eta: 1:10:16
2022-03-29 16:31:39,096:INFO: Test: [100]  ADE: 0.9561  FDE: 1.6284
2022-03-29 16:32:06,202:INFO: Train: [101][2111/2112]  Loss 0.0584 (-0.1504)  Time:  0.334 (0.013)  Data Time:  0.005 (0.004)
2022-03-29 16:32:06,204:INFO:   Eta: 1:07:14
2022-03-29 16:32:34,140:INFO: Train: [102][2111/2112]  Loss -0.1322 (-0.1750)  Time:  0.329 (0.013)  Data Time:  0.005 (0.005)
2022-03-29 16:32:34,147:INFO:   Eta: 1:08:50
2022-03-29 16:33:01,767:INFO: Train: [103][2111/2112]  Loss -0.0688 (-0.1385)  Time:  0.341 (0.013)  Data Time:  0.005 (0.005)
2022-03-29 16:33:01,768:INFO:   Eta: 1:07:36
2022-03-29 16:33:29,249:INFO: Train: [104][2111/2112]  Loss -0.0462 (-0.1593)  Time:  0.297 (0.013)  Data Time:  0.004 (0.005)
2022-03-29 16:33:29,251:INFO:   Eta: 1:06:49
2022-03-29 16:33:56,661:INFO: Train: [105][2111/2112]  Loss -0.0022 (-0.1522)  Time:  0.339 (0.013)  Data Time:  0.004 (0.004)
2022-03-29 16:33:56,664:INFO:   Eta: 1:06:11
2022-03-29 16:34:23,345:INFO: Train: [106][2111/2112]  Loss -0.1143 (-0.1318)  Time:  0.287 (0.013)  Data Time:  0.004 (0.004)
2022-03-29 16:34:23,347:INFO:   Eta: 1:03:59
2022-03-29 16:34:48,332:INFO: Train: [107][2111/2112]  Loss -0.0256 (-0.1200)  Time:  0.324 (0.012)  Data Time:  0.004 (0.004)
2022-03-29 16:34:48,335:INFO:   Eta: 0:59:30
2022-03-29 16:35:13,412:INFO: Train: [108][2111/2112]  Loss -0.1521 (-0.1414)  Time:  0.284 (0.012)  Data Time:  0.004 (0.004)
2022-03-29 16:35:13,415:INFO:   Eta: 0:59:18
2022-03-29 16:35:36,477:INFO: Train: [109][2111/2112]  Loss -0.0878 (-0.1590)  Time:  0.288 (0.011)  Data Time:  0.005 (0.004)
2022-03-29 16:35:36,480:INFO:   Eta: 0:54:08
2022-03-29 16:36:00,363:INFO: Train: [110][2111/2112]  Loss -0.0988 (-0.1298)  Time:  0.291 (0.011)  Data Time:  0.005 (0.004)
2022-03-29 16:36:00,365:INFO:   Eta: 0:55:41
2022-03-29 16:36:40,380:INFO: Test: [110]  ADE: 0.9537  FDE: 1.6309
2022-03-29 16:37:06,642:INFO: Train: [111][2111/2112]  Loss -0.0144 (-0.1691)  Time:  0.352 (0.012)  Data Time:  0.006 (0.004)
2022-03-29 16:37:06,643:INFO:   Eta: 1:00:47
2022-03-29 16:37:33,096:INFO: Train: [112][2111/2112]  Loss -0.1569 (-0.1807)  Time:  0.298 (0.013)  Data Time:  0.005 (0.005)
2022-03-29 16:37:33,097:INFO:   Eta: 1:00:48
2022-03-29 16:37:59,753:INFO: Train: [113][2111/2112]  Loss -0.0258 (-0.1508)  Time:  0.301 (0.013)  Data Time:  0.005 (0.005)
2022-03-29 16:37:59,756:INFO:   Eta: 1:00:49
2022-03-29 16:38:26,959:INFO: Train: [114][2111/2112]  Loss -0.1261 (-0.1430)  Time:  0.300 (0.013)  Data Time:  0.005 (0.005)
2022-03-29 16:38:26,961:INFO:   Eta: 1:01:37
2022-03-29 16:38:50,256:INFO: Train: [115][2111/2112]  Loss -0.0981 (-0.1551)  Time:  0.299 (0.011)  Data Time:  0.005 (0.004)
2022-03-29 16:38:50,520:INFO:   Eta: 0:52:23
2022-03-29 16:39:17,591:INFO: Train: [116][2111/2112]  Loss -0.0137 (-0.1683)  Time:  0.320 (0.012)  Data Time:  0.005 (0.004)
2022-03-29 16:39:17,634:INFO:   Eta: 0:56:27
2022-03-29 16:39:43,291:INFO: Train: [117][2111/2112]  Loss -0.1165 (-0.1466)  Time:  0.323 (0.012)  Data Time:  0.004 (0.004)
2022-03-29 16:39:43,293:INFO:   Eta: 0:56:48
2022-03-29 16:40:09,442:INFO: Train: [118][2111/2112]  Loss -0.1239 (-0.1852)  Time:  0.312 (0.012)  Data Time:  0.003 (0.005)
2022-03-29 16:40:09,445:INFO:   Eta: 0:57:28
2022-03-29 16:40:33,000:INFO: Train: [119][2111/2112]  Loss -0.0584 (-0.1572)  Time:  0.287 (0.011)  Data Time:  0.004 (0.004)
2022-03-29 16:40:33,002:INFO:   Eta: 0:51:23
2022-03-29 16:40:56,990:INFO: Train: [120][2111/2112]  Loss -0.0680 (-0.1880)  Time:  0.324 (0.011)  Data Time:  0.004 (0.004)
2022-03-29 16:40:56,994:INFO:   Eta: 0:51:56
2022-03-29 16:41:37,347:INFO: Test: [120]  ADE: 0.9622  FDE: 1.6328
2022-03-29 16:42:02,233:INFO: Train: [121][2111/2112]  Loss -0.1469 (-0.1130)  Time:  0.318 (0.012)  Data Time:  0.005 (0.004)
2022-03-29 16:42:02,235:INFO:   Eta: 0:53:26
2022-03-29 16:42:29,795:INFO: Train: [122][2111/2112]  Loss -0.1547 (-0.1240)  Time:  0.330 (0.013)  Data Time:  0.005 (0.005)
2022-03-29 16:42:29,797:INFO:   Eta: 0:58:45
2022-03-29 16:42:57,754:INFO: Train: [123][2111/2112]  Loss -0.1190 (-0.1759)  Time:  0.339 (0.013)  Data Time:  0.005 (0.005)
2022-03-29 16:42:57,756:INFO:   Eta: 0:59:08
2022-03-29 16:43:25,131:INFO: Train: [124][2111/2112]  Loss 0.0829 (-0.1477)  Time:  0.307 (0.013)  Data Time:  0.005 (0.005)
2022-03-29 16:43:25,133:INFO:   Eta: 0:57:27
2022-03-29 16:43:51,474:INFO: Train: [125][2111/2112]  Loss -0.0647 (-0.1269)  Time:  0.275 (0.012)  Data Time:  0.004 (0.005)
2022-03-29 16:43:51,477:INFO:   Eta: 0:54:50
2022-03-29 16:44:16,029:INFO: Train: [126][2111/2112]  Loss -0.0954 (-0.1639)  Time:  0.299 (0.012)  Data Time:  0.004 (0.004)
2022-03-29 16:44:16,031:INFO:   Eta: 0:50:42
2022-03-29 16:44:41,564:INFO: Train: [127][2111/2112]  Loss -0.0393 (-0.1417)  Time:  0.331 (0.012)  Data Time:  0.005 (0.005)
2022-03-29 16:44:41,566:INFO:   Eta: 0:52:18
2022-03-29 16:45:07,227:INFO: Train: [128][2111/2112]  Loss -0.0976 (-0.1614)  Time:  0.345 (0.012)  Data Time:  0.005 (0.005)
2022-03-29 16:45:07,229:INFO:   Eta: 0:52:08
2022-03-29 16:45:32,718:INFO: Train: [129][2111/2112]  Loss -0.0795 (-0.1316)  Time:  0.314 (0.012)  Data Time:  0.005 (0.005)
2022-03-29 16:45:32,720:INFO:   Eta: 0:51:22
2022-03-29 16:45:58,488:INFO: Train: [130][2111/2112]  Loss -0.0764 (-0.1207)  Time:  0.291 (0.012)  Data Time:  0.005 (0.005)
2022-03-29 16:45:58,491:INFO:   Eta: 0:51:30
2022-03-29 16:46:36,914:INFO: Test: [130]  ADE: 0.9552  FDE: 1.6200
2022-03-29 16:46:57,585:INFO: Train: [131][2111/2112]  Loss -0.0455 (-0.1398)  Time:  0.269 (0.010)  Data Time:  0.003 (0.003)
2022-03-29 16:46:57,587:INFO:   Eta: 0:40:57
2022-03-29 16:47:20,190:INFO: Train: [132][2111/2112]  Loss -0.1488 (-0.1606)  Time:  0.291 (0.011)  Data Time:  0.004 (0.004)
2022-03-29 16:47:20,191:INFO:   Eta: 0:44:25
2022-03-29 16:47:43,527:INFO: Train: [133][2111/2112]  Loss -0.0333 (-0.1747)  Time:  0.292 (0.011)  Data Time:  0.005 (0.004)
2022-03-29 16:47:43,530:INFO:   Eta: 0:45:28
2022-03-29 16:48:08,799:INFO: Train: [134][2111/2112]  Loss -0.0387 (-0.1536)  Time:  0.308 (0.012)  Data Time:  0.004 (0.005)
2022-03-29 16:48:08,802:INFO:   Eta: 0:48:49
2022-03-29 16:48:34,338:INFO: Train: [135][2111/2112]  Loss 0.0005 (-0.1587)  Time:  0.316 (0.012)  Data Time:  0.004 (0.005)
2022-03-29 16:48:34,340:INFO:   Eta: 0:48:55
2022-03-29 16:48:59,334:INFO: Train: [136][2111/2112]  Loss -0.0692 (-0.1151)  Time:  0.287 (0.012)  Data Time:  0.004 (0.004)
2022-03-29 16:48:59,336:INFO:   Eta: 0:47:27
2022-03-29 16:49:24,392:INFO: Train: [137][2111/2112]  Loss -0.1113 (-0.1219)  Time:  0.344 (0.012)  Data Time:  0.005 (0.005)
2022-03-29 16:49:24,396:INFO:   Eta: 0:47:09
2022-03-29 16:49:49,722:INFO: Train: [138][2111/2112]  Loss -0.0486 (-0.1495)  Time:  0.318 (0.012)  Data Time:  0.004 (0.004)
2022-03-29 16:49:49,724:INFO:   Eta: 0:47:14
2022-03-29 16:50:15,362:INFO: Train: [139][2111/2112]  Loss -0.0219 (-0.1477)  Time:  0.314 (0.012)  Data Time:  0.005 (0.005)
2022-03-29 16:50:15,362:INFO:   Eta: 0:47:24
2022-03-29 16:50:41,231:INFO: Train: [140][2111/2112]  Loss -0.0526 (-0.1393)  Time:  0.322 (0.012)  Data Time:  0.006 (0.005)
2022-03-29 16:50:41,233:INFO:   Eta: 0:47:23
2022-03-29 16:51:20,249:INFO: Test: [140]  ADE: 0.9562  FDE: 1.6151
2022-03-29 16:51:43,966:INFO: Train: [141][2111/2112]  Loss -0.1121 (-0.1904)  Time:  0.290 (0.011)  Data Time:  0.004 (0.004)
2022-03-29 16:51:44,054:INFO:   Eta: 0:43:01
2022-03-29 16:52:07,076:INFO: Train: [142][2111/2112]  Loss -0.0812 (-0.1466)  Time:  0.273 (0.011)  Data Time:  0.004 (0.004)
2022-03-29 16:52:07,079:INFO:   Eta: 0:41:04
2022-03-29 16:52:28,997:INFO: Train: [143][2111/2112]  Loss -0.0924 (-0.1908)  Time:  0.266 (0.010)  Data Time:  0.004 (0.004)
2022-03-29 16:52:29,019:INFO:   Eta: 0:39:03
2022-03-29 16:52:51,848:INFO: Train: [144][2111/2112]  Loss -0.0059 (-0.1344)  Time:  0.261 (0.011)  Data Time:  0.003 (0.004)
2022-03-29 16:52:51,850:INFO:   Eta: 0:40:09
2022-03-29 16:53:14,096:INFO: Train: [145][2111/2112]  Loss -0.0743 (-0.1563)  Time:  0.261 (0.011)  Data Time:  0.004 (0.004)
2022-03-29 16:53:14,099:INFO:   Eta: 0:38:54
2022-03-29 16:53:38,772:INFO: Train: [146][2111/2112]  Loss -0.0079 (-0.1602)  Time:  0.340 (0.012)  Data Time:  0.004 (0.004)
2022-03-29 16:53:38,775:INFO:   Eta: 0:42:44
2022-03-29 16:54:03,568:INFO: Train: [147][2111/2112]  Loss -0.0647 (-0.1400)  Time:  0.284 (0.012)  Data Time:  0.004 (0.004)
2022-03-29 16:54:03,570:INFO:   Eta: 0:42:32
2022-03-29 16:54:28,874:INFO: Train: [148][2111/2112]  Loss -0.0749 (-0.1671)  Time:  0.312 (0.012)  Data Time:  0.005 (0.005)
2022-03-29 16:54:28,875:INFO:   Eta: 0:42:59
2022-03-29 16:54:54,473:INFO: Train: [149][2111/2112]  Loss -0.0607 (-0.1758)  Time:  0.325 (0.012)  Data Time:  0.004 (0.005)
2022-03-29 16:54:54,476:INFO:   Eta: 0:43:03
2022-03-29 16:55:20,044:INFO: Train: [150][2111/2112]  Loss -0.0642 (-0.1622)  Time:  0.319 (0.012)  Data Time:  0.006 (0.005)
2022-03-29 16:55:20,046:INFO:   Eta: 0:42:34
2022-03-29 16:56:00,069:INFO: Test: [150]  ADE: 0.9539  FDE: 1.6236
2022-03-29 16:56:24,264:INFO: Train: [151][2111/2112]  Loss -0.0324 (-0.1111)  Time:  0.299 (0.011)  Data Time:  0.004 (0.004)
2022-03-29 16:56:24,266:INFO:   Eta: 0:39:53
2022-03-29 16:56:28,813:INFO: Valid: [151][500/501]  Loss -0.7216 (-0.3474)
2022-03-29 16:56:28,828:INFO: Checkpoint saved...
2022-03-29 16:56:54,155:INFO: Train: [152][2111/2112]  Loss -0.1043 (-0.1703)  Time:  0.309 (0.012)  Data Time:  0.004 (0.005)
2022-03-29 16:56:54,156:INFO:   Eta: 0:41:19
2022-03-29 16:56:58,832:INFO: Valid: [152][500/501]  Loss -0.7166 (-0.3439)
2022-03-29 16:57:24,563:INFO: Train: [153][2111/2112]  Loss -0.0575 (-0.1492)  Time:  0.327 (0.012)  Data Time:  0.004 (0.004)
2022-03-29 16:57:24,566:INFO:   Eta: 0:41:32
2022-03-29 16:57:29,293:INFO: Valid: [153][500/501]  Loss -0.7207 (-0.3464)
2022-03-29 16:57:51,545:INFO: Train: [154][2111/2112]  Loss -0.0720 (-0.1274)  Time:  0.265 (0.011)  Data Time:  0.003 (0.004)
2022-03-29 16:57:51,548:INFO:   Eta: 0:35:33
2022-03-29 16:57:56,099:INFO: Valid: [154][500/501]  Loss -0.7224 (-0.3479)
2022-03-29 16:57:56,148:INFO: Checkpoint saved...
2022-03-29 16:58:18,508:INFO: Train: [155][2111/2112]  Loss -0.0388 (-0.1320)  Time:  0.266 (0.011)  Data Time:  0.003 (0.003)
2022-03-29 16:58:18,509:INFO:   Eta: 0:35:21
2022-03-29 16:58:23,067:INFO: Valid: [155][500/501]  Loss -0.7069 (-0.3378)
2022-03-29 16:58:45,400:INFO: Train: [156][2111/2112]  Loss -0.0234 (-0.1626)  Time:  0.276 (0.011)  Data Time:  0.004 (0.004)
2022-03-29 16:58:45,401:INFO:   Eta: 0:34:56
2022-03-29 16:58:49,743:INFO: Valid: [156][500/501]  Loss -0.7141 (-0.3425)
2022-03-29 16:59:12,339:INFO: Train: [157][2111/2112]  Loss -0.0887 (-0.1395)  Time:  0.280 (0.011)  Data Time:  0.004 (0.003)
2022-03-29 16:59:12,342:INFO:   Eta: 0:34:58
2022-03-29 16:59:16,775:INFO: Valid: [157][500/501]  Loss -0.7177 (-0.3449)
2022-03-29 16:59:41,996:INFO: Train: [158][2111/2112]  Loss -0.0188 (-0.2223)  Time:  0.326 (0.012)  Data Time:  0.005 (0.004)
2022-03-29 16:59:41,999:INFO:   Eta: 0:38:37
2022-03-29 16:59:46,587:INFO: Valid: [158][500/501]  Loss -0.7187 (-0.3457)
2022-03-29 17:00:12,377:INFO: Train: [159][2111/2112]  Loss -0.1220 (-0.1493)  Time:  0.282 (0.012)  Data Time:  0.004 (0.004)
2022-03-29 17:00:12,378:INFO:   Eta: 0:39:04
2022-03-29 17:00:16,858:INFO: Valid: [159][500/501]  Loss -0.7113 (-0.3408)
2022-03-29 17:00:42,451:INFO: Train: [160][2111/2112]  Loss -0.0353 (-0.1678)  Time:  0.322 (0.012)  Data Time:  0.005 (0.005)
2022-03-29 17:00:42,453:INFO:   Eta: 0:38:21
2022-03-29 17:00:47,231:INFO: Valid: [160][500/501]  Loss -0.7205 (-0.3467)
2022-03-29 17:01:28,140:INFO: Test: [160]  ADE: 0.9546  FDE: 1.6143
2022-03-29 17:01:53,411:INFO: Train: [161][2111/2112]  Loss -0.1463 (-0.1380)  Time:  0.292 (0.012)  Data Time:  0.005 (0.005)
2022-03-29 17:01:53,412:INFO:   Eta: 0:37:27
2022-03-29 17:01:58,096:INFO: Valid: [161][500/501]  Loss -0.7139 (-0.3420)
2022-03-29 17:02:22,583:INFO: Train: [162][2111/2112]  Loss -0.0901 (-0.1857)  Time:  0.296 (0.012)  Data Time:  0.005 (0.004)
2022-03-29 17:02:22,585:INFO:   Eta: 0:35:52
2022-03-29 17:02:27,198:INFO: Valid: [162][500/501]  Loss -0.7153 (-0.3428)
2022-03-29 17:02:52,739:INFO: Train: [163][2111/2112]  Loss -0.1004 (-0.1665)  Time:  0.325 (0.012)  Data Time:  0.005 (0.005)
2022-03-29 17:02:52,742:INFO:   Eta: 0:36:59
2022-03-29 17:02:57,230:INFO: Valid: [163][500/501]  Loss -0.7173 (-0.3438)
2022-03-29 17:03:22,142:INFO: Train: [164][2111/2112]  Loss -0.1414 (-0.1419)  Time:  0.285 (0.012)  Data Time:  0.004 (0.004)
2022-03-29 17:03:22,143:INFO:   Eta: 0:35:40
2022-03-29 17:03:26,664:INFO: Valid: [164][500/501]  Loss -0.7212 (-0.3465)
2022-03-29 17:03:49,048:INFO: Train: [165][2111/2112]  Loss -0.0957 (-0.1449)  Time:  0.266 (0.011)  Data Time:  0.003 (0.003)
2022-03-29 17:03:49,049:INFO:   Eta: 0:31:40
2022-03-29 17:03:53,632:INFO: Valid: [165][500/501]  Loss -0.7154 (-0.3427)
2022-03-29 17:04:15,890:INFO: Train: [166][2111/2112]  Loss -0.1481 (-0.1654)  Time:  0.268 (0.011)  Data Time:  0.003 (0.004)
2022-03-29 17:04:15,891:INFO:   Eta: 0:31:07
2022-03-29 17:04:20,396:INFO: Valid: [166][500/501]  Loss -0.7187 (-0.3448)
2022-03-29 17:04:42,869:INFO: Train: [167][2111/2112]  Loss -0.1389 (-0.1685)  Time:  0.266 (0.011)  Data Time:  0.003 (0.004)
2022-03-29 17:04:42,872:INFO:   Eta: 0:31:02
2022-03-29 17:04:47,546:INFO: Valid: [167][500/501]  Loss -0.7286 (-0.3514)
2022-03-29 17:04:47,555:INFO: Checkpoint saved...
2022-03-29 17:05:12,291:INFO: Train: [168][2111/2112]  Loss -0.0489 (-0.1241)  Time:  0.279 (0.012)  Data Time:  0.003 (0.004)
2022-03-29 17:05:12,294:INFO:   Eta: 0:33:46
2022-03-29 17:05:16,832:INFO: Valid: [168][500/501]  Loss -0.7181 (-0.3443)
2022-03-29 17:05:42,577:INFO: Train: [169][2111/2112]  Loss -0.0491 (-0.1313)  Time:  0.328 (0.012)  Data Time:  0.005 (0.005)
2022-03-29 17:05:42,581:INFO:   Eta: 0:34:42
2022-03-29 17:05:47,174:INFO: Valid: [169][500/501]  Loss -0.7200 (-0.3455)
2022-03-29 17:06:12,783:INFO: Train: [170][2111/2112]  Loss -0.0870 (-0.1794)  Time:  0.345 (0.012)  Data Time:  0.005 (0.004)
2022-03-29 17:06:12,786:INFO:   Eta: 0:34:06
2022-03-29 17:06:17,438:INFO: Valid: [170][500/501]  Loss -0.7174 (-0.3438)
2022-03-29 17:06:57,785:INFO: Test: [170]  ADE: 0.9534  FDE: 1.6206
2022-03-29 17:07:23,039:INFO: Train: [171][2111/2112]  Loss -0.1469 (-0.1358)  Time:  0.311 (0.012)  Data Time:  0.005 (0.004)
2022-03-29 17:07:23,040:INFO:   Eta: 0:33:13
2022-03-29 17:07:27,508:INFO: Valid: [171][500/501]  Loss -0.7138 (-0.3415)
2022-03-29 17:07:51,641:INFO: Train: [172][2111/2112]  Loss -0.0432 (-0.1358)  Time:  0.281 (0.011)  Data Time:  0.003 (0.004)
2022-03-29 17:07:51,643:INFO:   Eta: 0:31:20
2022-03-29 17:07:56,472:INFO: Valid: [172][500/501]  Loss -0.7141 (-0.3414)
2022-03-29 17:08:22,280:INFO: Train: [173][2111/2112]  Loss -0.1120 (-0.1548)  Time:  0.329 (0.012)  Data Time:  0.004 (0.005)
2022-03-29 17:08:22,283:INFO:   Eta: 0:33:05
2022-03-29 17:08:26,747:INFO: Valid: [173][500/501]  Loss -0.7198 (-0.3452)
2022-03-29 17:08:52,613:INFO: Train: [174][2111/2112]  Loss -0.1104 (-0.2007)  Time:  0.301 (0.012)  Data Time:  0.005 (0.005)
2022-03-29 17:08:52,615:INFO:   Eta: 0:32:44
2022-03-29 17:08:57,143:INFO: Valid: [174][500/501]  Loss -0.7160 (-0.3428)
2022-03-29 17:09:20,306:INFO: Train: [175][2111/2112]  Loss -0.0347 (-0.1514)  Time:  0.278 (0.011)  Data Time:  0.003 (0.004)
2022-03-29 17:09:20,309:INFO:   Eta: 0:28:55
2022-03-29 17:09:24,547:INFO: Valid: [175][500/501]  Loss -0.7256 (-0.3491)
2022-03-29 17:09:47,566:INFO: Train: [176][2111/2112]  Loss -0.0085 (-0.1554)  Time:  0.260 (0.011)  Data Time:  0.003 (0.003)
2022-03-29 17:09:47,568:INFO:   Eta: 0:28:21
2022-03-29 17:09:52,119:INFO: Valid: [176][500/501]  Loss -0.7259 (-0.3491)
2022-03-29 17:10:14,837:INFO: Train: [177][2111/2112]  Loss -0.1124 (-0.1576)  Time:  0.262 (0.011)  Data Time:  0.003 (0.003)
2022-03-29 17:10:14,840:INFO:   Eta: 0:27:36
2022-03-29 17:10:19,122:INFO: Valid: [177][500/501]  Loss -0.7168 (-0.3433)
2022-03-29 17:10:41,843:INFO: Train: [178][2111/2112]  Loss -0.0210 (-0.1746)  Time:  0.340 (0.011)  Data Time:  0.004 (0.004)
2022-03-29 17:10:41,846:INFO:   Eta: 0:27:13
2022-03-29 17:10:47,467:INFO: Valid: [178][500/501]  Loss -0.7159 (-0.3428)
2022-03-29 17:11:13,176:INFO: Train: [179][2111/2112]  Loss -0.1223 (-0.1314)  Time:  0.324 (0.012)  Data Time:  0.004 (0.004)
2022-03-29 17:11:13,187:INFO:   Eta: 0:29:48
2022-03-29 17:11:17,944:INFO: Valid: [179][500/501]  Loss -0.7215 (-0.3466)
2022-03-29 17:11:43,442:INFO: Train: [180][2111/2112]  Loss -0.1268 (-0.1404)  Time:  0.329 (0.012)  Data Time:  0.005 (0.004)
2022-03-29 17:11:43,457:INFO:   Eta: 0:29:42
2022-03-29 17:11:48,130:INFO: Valid: [180][500/501]  Loss -0.7139 (-0.3419)
2022-03-29 17:12:28,103:INFO: Test: [180]  ADE: 0.9510  FDE: 1.6200
2022-03-29 17:12:53,589:INFO: Train: [181][2111/2112]  Loss -0.0890 (-0.1643)  Time:  0.314 (0.012)  Data Time:  0.007 (0.004)
2022-03-29 17:12:53,592:INFO:   Eta: 0:29:17
2022-03-29 17:12:57,997:INFO: Valid: [181][500/501]  Loss -0.7121 (-0.3406)
2022-03-29 17:13:22,309:INFO: Train: [182][2111/2112]  Loss 0.0115 (-0.1594)  Time:  0.329 (0.011)  Data Time:  0.004 (0.004)
2022-03-29 17:13:22,314:INFO:   Eta: 0:27:29
2022-03-29 17:13:26,591:INFO: Valid: [182][500/501]  Loss -0.7152 (-0.3427)
2022-03-29 17:13:51,525:INFO: Train: [183][2111/2112]  Loss -0.0049 (-0.1480)  Time:  0.299 (0.012)  Data Time:  0.005 (0.004)
2022-03-29 17:13:51,527:INFO:   Eta: 0:27:47
2022-03-29 17:13:56,014:INFO: Valid: [183][500/501]  Loss -0.7315 (-0.3535)
2022-03-29 17:13:56,030:INFO: Checkpoint saved...
2022-03-29 17:14:21,297:INFO: Train: [184][2111/2112]  Loss -0.0484 (-0.1594)  Time:  0.300 (0.012)  Data Time:  0.005 (0.004)
2022-03-29 17:14:21,300:INFO:   Eta: 0:27:45
2022-03-29 17:14:25,816:INFO: Valid: [184][500/501]  Loss -0.7253 (-0.3495)
2022-03-29 17:14:51,174:INFO: Train: [185][2111/2112]  Loss -0.1015 (-0.1671)  Time:  0.291 (0.012)  Data Time:  0.004 (0.004)
2022-03-29 17:14:51,177:INFO:   Eta: 0:27:26
2022-03-29 17:14:55,718:INFO: Valid: [185][500/501]  Loss -0.7213 (-0.3469)
2022-03-29 17:15:21,230:INFO: Train: [186][2111/2112]  Loss -0.1392 (-0.1589)  Time:  0.325 (0.012)  Data Time:  0.004 (0.005)
2022-03-29 17:15:21,231:INFO:   Eta: 0:27:11
2022-03-29 17:15:25,820:INFO: Valid: [186][500/501]  Loss -0.7224 (-0.3474)
2022-03-29 17:15:49,494:INFO: Train: [187][2111/2112]  Loss 0.0131 (-0.1637)  Time:  0.262 (0.011)  Data Time:  0.003 (0.004)
2022-03-29 17:15:49,495:INFO:   Eta: 0:24:49
2022-03-29 17:15:54,031:INFO: Valid: [187][500/501]  Loss -0.7215 (-0.3466)
2022-03-29 17:16:16,564:INFO: Train: [188][2111/2112]  Loss -0.1167 (-0.1228)  Time:  0.253 (0.011)  Data Time:  0.003 (0.004)
2022-03-29 17:16:16,567:INFO:   Eta: 0:23:15
2022-03-29 17:16:21,112:INFO: Valid: [188][500/501]  Loss -0.7164 (-0.3434)
2022-03-29 17:16:43,983:INFO: Train: [189][2111/2112]  Loss -0.0507 (-0.1712)  Time:  0.276 (0.011)  Data Time:  0.003 (0.004)
2022-03-29 17:16:43,986:INFO:   Eta: 0:23:13
2022-03-29 17:16:48,370:INFO: Valid: [189][500/501]  Loss -0.7189 (-0.3453)
2022-03-29 17:17:10,759:INFO: Train: [190][2111/2112]  Loss 0.0543 (-0.1580)  Time:  0.247 (0.011)  Data Time:  0.002 (0.004)
2022-03-29 17:17:10,761:INFO:   Eta: 0:22:21
2022-03-29 17:17:15,182:INFO: Valid: [190][500/501]  Loss -0.7113 (-0.3403)
2022-03-29 17:17:55,065:INFO: Test: [190]  ADE: 0.9518  FDE: 1.6156
2022-03-29 17:18:20,270:INFO: Train: [191][2111/2112]  Loss -0.0784 (-0.1523)  Time:  0.296 (0.012)  Data Time:  0.004 (0.004)
2022-03-29 17:18:20,273:INFO:   Eta: 0:24:46
2022-03-29 17:18:24,779:INFO: Valid: [191][500/501]  Loss -0.7228 (-0.3477)
2022-03-29 17:18:49,880:INFO: Train: [192][2111/2112]  Loss -0.0552 (-0.1265)  Time:  0.333 (0.012)  Data Time:  0.004 (0.004)
2022-03-29 17:18:49,882:INFO:   Eta: 0:24:14
2022-03-29 17:18:54,472:INFO: Valid: [192][500/501]  Loss -0.7096 (-0.3392)
2022-03-29 17:19:18,633:INFO: Train: [193][2111/2112]  Loss -0.0376 (-0.1767)  Time:  0.339 (0.011)  Data Time:  0.004 (0.004)
2022-03-29 17:19:18,635:INFO:   Eta: 0:22:55
2022-03-29 17:19:23,202:INFO: Valid: [193][500/501]  Loss -0.7211 (-0.3467)
2022-03-29 17:19:48,539:INFO: Train: [194][2111/2112]  Loss 0.0296 (-0.1560)  Time:  0.311 (0.012)  Data Time:  0.005 (0.004)
2022-03-29 17:19:48,543:INFO:   Eta: 0:23:37
2022-03-29 17:19:53,146:INFO: Valid: [194][500/501]  Loss -0.7101 (-0.3396)
2022-03-29 17:20:18,553:INFO: Train: [195][2111/2112]  Loss -0.1152 (-0.1318)  Time:  0.306 (0.012)  Data Time:  0.004 (0.004)
2022-03-29 17:20:18,555:INFO:   Eta: 0:23:15
2022-03-29 17:20:23,096:INFO: Valid: [195][500/501]  Loss -0.7143 (-0.3422)
2022-03-29 17:20:48,671:INFO: Train: [196][2111/2112]  Loss -0.1050 (-0.1745)  Time:  0.306 (0.012)  Data Time:  0.004 (0.005)
2022-03-29 17:20:48,674:INFO:   Eta: 0:22:59
2022-03-29 17:20:53,379:INFO: Valid: [196][500/501]  Loss -0.7163 (-0.3433)
2022-03-29 17:21:18,737:INFO: Train: [197][2111/2112]  Loss -0.1341 (-0.1600)  Time:  0.289 (0.012)  Data Time:  0.004 (0.004)
2022-03-29 17:21:18,741:INFO:   Eta: 0:22:21
2022-03-29 17:21:23,167:INFO: Valid: [197][500/501]  Loss -0.7218 (-0.3466)
2022-03-29 17:21:48,091:INFO: Train: [198][2111/2112]  Loss -0.1717 (-0.1519)  Time:  0.303 (0.012)  Data Time:  0.005 (0.004)
2022-03-29 17:21:48,093:INFO:   Eta: 0:21:33
2022-03-29 17:21:52,433:INFO: Valid: [198][500/501]  Loss -0.7152 (-0.3427)
2022-03-29 17:22:17,356:INFO: Train: [199][2111/2112]  Loss -0.1601 (-0.1813)  Time:  0.276 (0.012)  Data Time:  0.004 (0.004)
2022-03-29 17:22:17,358:INFO:   Eta: 0:21:10
2022-03-29 17:22:22,003:INFO: Valid: [199][500/501]  Loss -0.7222 (-0.3472)
2022-03-29 17:22:44,187:INFO: Train: [200][2111/2112]  Loss -0.1194 (-0.1392)  Time:  0.274 (0.010)  Data Time:  0.003 (0.004)
2022-03-29 17:22:44,190:INFO:   Eta: 0:18:27
2022-03-29 17:22:48,676:INFO: Valid: [200][500/501]  Loss -0.7205 (-0.3460)
2022-03-29 17:23:27,152:INFO: Test: [200]  ADE: 0.9571  FDE: 1.6234
2022-03-29 17:23:49,929:INFO: Train: [201][2111/2112]  Loss -0.0441 (-0.1810)  Time:  0.259 (0.011)  Data Time:  0.007 (0.004)
2022-03-29 17:23:49,932:INFO:   Eta: 0:18:35
2022-03-29 17:23:54,236:INFO: Valid: [201][500/501]  Loss -0.7173 (-0.3435)
2022-03-29 17:24:19,928:INFO: Train: [202][2111/2112]  Loss -0.1726 (-0.1595)  Time:  0.317 (0.012)  Data Time:  0.005 (0.004)
2022-03-29 17:24:19,929:INFO:   Eta: 0:20:31
2022-03-29 17:24:24,203:INFO: Valid: [202][500/501]  Loss -0.7269 (-0.3499)
2022-03-29 17:24:48,188:INFO: Train: [203][2111/2112]  Loss -0.1146 (-0.1395)  Time:  0.307 (0.011)  Data Time:  0.004 (0.004)
2022-03-29 17:24:48,189:INFO:   Eta: 0:18:45
2022-03-29 17:24:52,499:INFO: Valid: [203][500/501]  Loss -0.7255 (-0.3492)
2022-03-29 17:25:18,221:INFO: Train: [204][2111/2112]  Loss -0.1193 (-0.1404)  Time:  0.320 (0.012)  Data Time:  0.004 (0.004)
2022-03-29 17:25:18,222:INFO:   Eta: 0:19:41
2022-03-29 17:25:22,817:INFO: Valid: [204][500/501]  Loss -0.7216 (-0.3464)
2022-03-29 17:25:48,829:INFO: Train: [205][2111/2112]  Loss -0.0147 (-0.1957)  Time:  0.291 (0.012)  Data Time:  0.004 (0.005)
2022-03-29 17:25:48,831:INFO:   Eta: 0:19:29
2022-03-29 17:25:53,268:INFO: Valid: [205][500/501]  Loss -0.7325 (-0.3540)
2022-03-29 17:25:53,281:INFO: Checkpoint saved...
2022-03-29 17:26:19,229:INFO: Train: [206][2111/2112]  Loss -0.0556 (-0.1589)  Time:  0.298 (0.012)  Data Time:  0.005 (0.005)
2022-03-29 17:26:19,231:INFO:   Eta: 0:19:00
2022-03-29 17:26:23,914:INFO: Valid: [206][500/501]  Loss -0.7179 (-0.3442)
2022-03-29 17:26:49,562:INFO: Train: [207][2111/2112]  Loss -0.0795 (-0.1611)  Time:  0.310 (0.012)  Data Time:  0.005 (0.005)
2022-03-29 17:26:49,565:INFO:   Eta: 0:18:20
2022-03-29 17:26:54,208:INFO: Valid: [207][500/501]  Loss -0.7201 (-0.3458)
2022-03-29 17:27:19,915:INFO: Train: [208][2111/2112]  Loss -0.0810 (-0.1601)  Time:  0.336 (0.012)  Data Time:  0.004 (0.005)
2022-03-29 17:27:19,917:INFO:   Eta: 0:17:58
2022-03-29 17:27:24,432:INFO: Valid: [208][500/501]  Loss -0.7256 (-0.3497)
2022-03-29 17:27:49,410:INFO: Train: [209][2111/2112]  Loss 0.0002 (-0.1617)  Time:  0.319 (0.012)  Data Time:  0.004 (0.004)
2022-03-29 17:27:49,411:INFO:   Eta: 0:17:02
2022-03-29 17:27:54,103:INFO: Valid: [209][500/501]  Loss -0.7230 (-0.3480)
2022-03-29 17:28:18,823:INFO: Train: [210][2111/2112]  Loss -0.1134 (-0.1737)  Time:  0.304 (0.012)  Data Time:  0.005 (0.004)
2022-03-29 17:28:19,056:INFO:   Eta: 0:16:27
2022-03-29 17:28:23,703:INFO: Valid: [210][500/501]  Loss -0.7149 (-0.3428)
2022-03-29 17:29:03,977:INFO: Test: [210]  ADE: 0.9563  FDE: 1.6195
2022-03-29 17:29:26,203:INFO: Train: [211][2111/2112]  Loss -0.1318 (-0.1657)  Time:  0.242 (0.010)  Data Time:  0.002 (0.003)
2022-03-29 17:29:26,205:INFO:   Eta: 0:14:23
2022-03-29 17:29:30,828:INFO: Valid: [211][500/501]  Loss -0.7152 (-0.3430)
2022-03-29 17:29:58,480:INFO: Train: [212][2111/2112]  Loss -0.1310 (-0.1288)  Time:  0.263 (0.011)  Data Time:  0.003 (0.003)
2022-03-29 17:29:58,544:INFO:   Eta: 0:14:38
2022-03-29 17:30:02,710:INFO: Valid: [212][500/501]  Loss -0.7181 (-0.3447)
2022-03-29 17:30:23,921:INFO: Train: [213][2111/2112]  Loss -0.1095 (-0.1443)  Time:  0.263 (0.010)  Data Time:  0.003 (0.003)
2022-03-29 17:30:23,925:INFO:   Eta: 0:12:56
2022-03-29 17:30:28,782:INFO: Valid: [213][500/501]  Loss -0.7155 (-0.3427)
2022-03-29 17:30:53,475:INFO: Train: [214][2111/2112]  Loss -0.1030 (-0.1611)  Time:  0.329 (0.012)  Data Time:  0.004 (0.004)
2022-03-29 17:30:53,476:INFO:   Eta: 0:14:47
2022-03-29 17:30:58,042:INFO: Valid: [214][500/501]  Loss -0.7262 (-0.3495)
2022-03-29 17:31:23,427:INFO: Train: [215][2111/2112]  Loss -0.1545 (-0.1493)  Time:  0.326 (0.012)  Data Time:  0.005 (0.004)
2022-03-29 17:31:23,430:INFO:   Eta: 0:14:47
2022-03-29 17:31:27,874:INFO: Valid: [215][500/501]  Loss -0.7256 (-0.3489)
2022-03-29 17:31:53,333:INFO: Train: [216][2111/2112]  Loss -0.1274 (-0.1663)  Time:  0.298 (0.012)  Data Time:  0.005 (0.004)
2022-03-29 17:31:53,334:INFO:   Eta: 0:14:24
2022-03-29 17:31:57,671:INFO: Valid: [216][500/501]  Loss -0.7252 (-0.3487)
2022-03-29 17:32:22,838:INFO: Train: [217][2111/2112]  Loss -0.0402 (-0.1517)  Time:  0.318 (0.012)  Data Time:  0.004 (0.004)
2022-03-29 17:32:22,915:INFO:   Eta: 0:13:49
2022-03-29 17:32:28,006:INFO: Valid: [217][500/501]  Loss -0.7110 (-0.3393)
2022-03-29 17:32:53,355:INFO: Train: [218][2111/2112]  Loss -0.0904 (-0.1480)  Time:  0.337 (0.012)  Data Time:  0.004 (0.004)
2022-03-29 17:32:53,516:INFO:   Eta: 0:13:21
2022-03-29 17:32:58,690:INFO: Valid: [218][500/501]  Loss -0.7319 (-0.3530)
2022-03-29 17:33:24,123:INFO: Train: [219][2111/2112]  Loss -0.0890 (-0.1560)  Time:  0.353 (0.012)  Data Time:  0.006 (0.004)
2022-03-29 17:33:24,210:INFO:   Eta: 0:13:05
2022-03-29 17:33:28,669:INFO: Valid: [219][500/501]  Loss -0.7270 (-0.3504)
2022-03-29 17:33:53,787:INFO: Train: [220][2111/2112]  Loss -0.1094 (-0.1516)  Time:  0.285 (0.012)  Data Time:  0.004 (0.004)
2022-03-29 17:33:53,864:INFO:   Eta: 0:12:32
2022-03-29 17:33:58,504:INFO: Valid: [220][500/501]  Loss -0.7254 (-0.3494)
2022-03-29 17:34:38,437:INFO: Test: [220]  ADE: 0.9548  FDE: 1.6147
2022-03-29 17:35:01,956:INFO: Train: [221][2111/2112]  Loss -0.1036 (-0.1460)  Time:  0.250 (0.011)  Data Time:  0.002 (0.004)
2022-03-29 17:35:05,201:INFO:   Eta: 0:11:20
2022-03-29 17:35:09,947:INFO: Valid: [221][500/501]  Loss -0.7304 (-0.3525)
2022-03-29 17:35:34,886:INFO: Train: [222][2111/2112]  Loss -0.1061 (-0.1546)  Time:  0.306 (0.012)  Data Time:  0.004 (0.004)
2022-03-29 17:35:34,918:INFO:   Eta: 0:11:37
2022-03-29 17:35:40,436:INFO: Valid: [222][500/501]  Loss -0.7141 (-0.3420)
2022-03-29 17:36:02,860:INFO: Train: [223][2111/2112]  Loss -0.0615 (-0.1578)  Time:  0.256 (0.010)  Data Time:  0.003 (0.003)
2022-03-29 17:36:02,938:INFO:   Eta: 0:09:11
2022-03-29 17:36:07,484:INFO: Valid: [223][500/501]  Loss -0.7285 (-0.3511)
2022-03-29 17:36:28,804:INFO: Train: [224][2111/2112]  Loss -0.1090 (-0.1651)  Time:  0.282 (0.010)  Data Time:  0.004 (0.003)
2022-03-29 17:36:29,319:INFO:   Eta: 0:09:13
2022-03-29 17:36:33,673:INFO: Valid: [224][500/501]  Loss -0.7164 (-0.3435)
2022-03-29 17:36:55,869:INFO: Train: [225][2111/2112]  Loss -0.0374 (-0.0839)  Time:  0.271 (0.010)  Data Time:  0.004 (0.003)
2022-03-29 17:36:55,924:INFO:   Eta: 0:09:09
2022-03-29 17:37:00,384:INFO: Valid: [225][500/501]  Loss -0.7217 (-0.3470)
2022-03-29 17:37:23,817:INFO: Train: [226][2111/2112]  Loss -0.0265 (-0.1739)  Time:  0.295 (0.011)  Data Time:  0.004 (0.004)
2022-03-29 17:37:23,818:INFO:   Eta: 0:09:18
2022-03-29 17:37:28,259:INFO: Valid: [226][500/501]  Loss -0.7140 (-0.3417)
2022-03-29 17:37:53,807:INFO: Train: [227][2111/2112]  Loss -0.0943 (-0.1689)  Time:  0.309 (0.012)  Data Time:  0.005 (0.005)
2022-03-29 17:37:53,809:INFO:   Eta: 0:09:47
2022-03-29 17:37:57,965:INFO: Valid: [227][500/501]  Loss -0.7170 (-0.3437)
2022-03-29 17:38:23,598:INFO: Train: [228][2111/2112]  Loss -0.1068 (-0.1662)  Time:  0.297 (0.012)  Data Time:  0.003 (0.004)
2022-03-29 17:38:23,599:INFO:   Eta: 0:09:23
2022-03-29 17:38:28,242:INFO: Valid: [228][500/501]  Loss -0.7205 (-0.3462)
2022-03-29 17:38:53,357:INFO: Train: [229][2111/2112]  Loss -0.1125 (-0.1447)  Time:  0.288 (0.012)  Data Time:  0.005 (0.004)
2022-03-29 17:38:53,359:INFO:   Eta: 0:08:46
2022-03-29 17:38:57,933:INFO: Valid: [229][500/501]  Loss -0.7235 (-0.3480)
2022-03-29 17:39:23,356:INFO: Train: [230][2111/2112]  Loss -0.0701 (-0.1585)  Time:  0.288 (0.012)  Data Time:  0.005 (0.004)
2022-03-29 17:39:23,357:INFO:   Eta: 0:08:27
2022-03-29 17:39:28,163:INFO: Valid: [230][500/501]  Loss -0.7099 (-0.3393)
2022-03-29 17:40:08,951:INFO: Test: [230]  ADE: 0.9590  FDE: 1.6246
2022-03-29 17:40:33,905:INFO: Train: [231][2111/2112]  Loss -0.1074 (-0.1268)  Time:  0.328 (0.012)  Data Time:  0.005 (0.004)
2022-03-29 17:40:33,906:INFO:   Eta: 0:07:53
2022-03-29 17:40:38,583:INFO: Valid: [231][500/501]  Loss -0.7236 (-0.3483)
2022-03-29 17:41:04,433:INFO: Train: [232][2111/2112]  Loss -0.0924 (-0.1582)  Time:  0.323 (0.012)  Data Time:  0.004 (0.005)
2022-03-29 17:41:04,435:INFO:   Eta: 0:07:44
2022-03-29 17:41:09,140:INFO: Valid: [232][500/501]  Loss -0.7286 (-0.3516)
2022-03-29 17:41:35,014:INFO: Train: [233][2111/2112]  Loss -0.0996 (-0.1490)  Time:  0.296 (0.012)  Data Time:  0.005 (0.005)
2022-03-29 17:41:35,017:INFO:   Eta: 0:07:19
2022-03-29 17:41:39,813:INFO: Valid: [233][500/501]  Loss -0.7088 (-0.3389)
2022-03-29 17:42:02,230:INFO: Train: [234][2111/2112]  Loss -0.0216 (-0.1285)  Time:  0.306 (0.011)  Data Time:  0.004 (0.003)
2022-03-29 17:42:02,234:INFO:   Eta: 0:05:58
2022-03-29 17:42:06,791:INFO: Valid: [234][500/501]  Loss -0.7213 (-0.3470)
2022-03-29 17:42:30,136:INFO: Train: [235][2111/2112]  Loss -0.0736 (-0.1298)  Time:  0.269 (0.011)  Data Time:  0.002 (0.004)
2022-03-29 17:42:30,139:INFO:   Eta: 0:05:49
2022-03-29 17:42:34,739:INFO: Valid: [235][500/501]  Loss -0.7204 (-0.3466)
2022-03-29 17:42:57,571:INFO: Train: [236][2111/2112]  Loss -0.0884 (-0.1419)  Time:  0.250 (0.011)  Data Time:  0.003 (0.004)
2022-03-29 17:42:57,573:INFO:   Eta: 0:05:19
2022-03-29 17:43:02,054:INFO: Valid: [236][500/501]  Loss -0.7253 (-0.3499)
2022-03-29 17:43:24,416:INFO: Train: [237][2111/2112]  Loss -0.1128 (-0.1567)  Time:  0.314 (0.011)  Data Time:  0.003 (0.004)
2022-03-29 17:43:24,418:INFO:   Eta: 0:04:50
2022-03-29 17:43:28,971:INFO: Valid: [237][500/501]  Loss -0.7185 (-0.3456)
2022-03-29 17:43:51,185:INFO: Train: [238][2111/2112]  Loss -0.0330 (-0.1385)  Time:  0.304 (0.010)  Data Time:  0.003 (0.003)
2022-03-29 17:43:51,224:INFO:   Eta: 0:04:26
2022-03-29 17:43:55,697:INFO: Valid: [238][500/501]  Loss -0.7245 (-0.3495)
2022-03-29 17:44:23,303:INFO: Train: [239][2111/2112]  Loss -0.0823 (-0.1849)  Time:  0.340 (0.012)  Data Time:  0.005 (0.005)
2022-03-29 17:44:23,377:INFO:   Eta: 0:04:40
2022-03-29 17:44:27,954:INFO: Valid: [239][500/501]  Loss -0.7102 (-0.3400)
2022-03-29 17:44:54,056:INFO: Train: [240][2111/2112]  Loss -0.1178 (-0.1704)  Time:  0.338 (0.012)  Data Time:  0.005 (0.004)
2022-03-29 17:44:54,058:INFO:   Eta: 0:04:12
2022-03-29 17:44:58,786:INFO: Valid: [240][500/501]  Loss -0.7254 (-0.3500)
2022-03-29 17:45:40,636:INFO: Test: [240]  ADE: 0.9556  FDE: 1.6201
2022-03-29 17:46:06,993:INFO: Train: [241][2111/2112]  Loss -0.0497 (-0.1466)  Time:  0.295 (0.012)  Data Time:  0.003 (0.004)
2022-03-29 17:46:07,190:INFO:   Eta: 0:03:56
2022-03-29 17:46:11,627:INFO: Valid: [241][500/501]  Loss -0.7247 (-0.3493)
2022-03-29 17:46:36,831:INFO: Train: [242][2111/2112]  Loss -0.1803 (-0.1918)  Time:  0.308 (0.012)  Data Time:  0.004 (0.005)
2022-03-29 17:46:36,833:INFO:   Eta: 0:03:21
2022-03-29 17:46:41,602:INFO: Valid: [242][500/501]  Loss -0.7186 (-0.3452)
2022-03-29 17:47:06,777:INFO: Train: [243][2111/2112]  Loss -0.0012 (-0.1632)  Time:  0.293 (0.012)  Data Time:  0.005 (0.004)
2022-03-29 17:47:06,778:INFO:   Eta: 0:02:56
2022-03-29 17:47:11,761:INFO: Valid: [243][500/501]  Loss -0.7200 (-0.3459)
2022-03-29 17:47:36,021:INFO: Train: [244][2111/2112]  Loss -0.0360 (-0.1757)  Time:  0.327 (0.011)  Data Time:  0.004 (0.004)
2022-03-29 17:47:36,023:INFO:   Eta: 0:02:25
2022-03-29 17:47:40,483:INFO: Valid: [244][500/501]  Loss -0.7121 (-0.3408)
2022-03-29 17:48:04,819:INFO: Train: [245][2111/2112]  Loss -0.0954 (-0.1451)  Time:  0.306 (0.012)  Data Time:  0.004 (0.004)
2022-03-29 17:48:04,820:INFO:   Eta: 0:02:01
2022-03-29 17:48:09,270:INFO: Valid: [245][500/501]  Loss -0.7103 (-0.3396)
2022-03-29 17:48:34,831:INFO: Train: [246][2111/2112]  Loss -0.0330 (-0.1626)  Time:  0.321 (0.012)  Data Time:  0.005 (0.005)
2022-03-29 17:48:34,833:INFO:   Eta: 0:01:42
2022-03-29 17:48:39,334:INFO: Valid: [246][500/501]  Loss -0.7170 (-0.3442)
2022-03-29 17:49:04,360:INFO: Train: [247][2111/2112]  Loss -0.0960 (-0.1693)  Time:  0.293 (0.012)  Data Time:  0.004 (0.004)
2022-03-29 17:49:04,362:INFO:   Eta: 0:01:14
2022-03-29 17:49:08,720:INFO: Valid: [247][500/501]  Loss -0.7105 (-0.3399)
2022-03-29 17:49:30,673:INFO: Train: [248][2111/2112]  Loss -0.0792 (-0.1597)  Time:  0.298 (0.010)  Data Time:  0.003 (0.003)
2022-03-29 17:49:30,676:INFO:   Eta: 0:00:43
2022-03-29 17:49:35,182:INFO: Valid: [248][500/501]  Loss -0.7218 (-0.3473)
2022-03-29 17:49:57,589:INFO: Train: [249][2111/2112]  Loss 0.0460 (-0.1645)  Time:  0.269 (0.011)  Data Time:  0.004 (0.003)
2022-03-29 17:49:57,591:INFO:   Eta: 0:00:22
2022-03-29 17:50:02,236:INFO: Valid: [249][500/501]  Loss -0.7249 (-0.3492)
