2022-03-29 15:39:32,546:INFO: batch_size=128
2022-03-29 15:39:32,547:INFO: clip_grad=None
2022-03-29 15:39:32,547:INFO: dataset=hotel
2022-03-29 15:39:32,547:INFO: gpu_num=0
2022-03-29 15:39:32,547:INFO: input_size=2
2022-03-29 15:39:32,547:INFO: kernel_size=3
2022-03-29 15:39:32,547:INFO: lr=0.01
2022-03-29 15:39:32,547:INFO: lr_sh_rate=150
2022-03-29 15:39:32,547:INFO: n_stgcnn=1
2022-03-29 15:39:32,547:INFO: n_txpcnn=5
2022-03-29 15:39:32,547:INFO: num_epochs=250
2022-03-29 15:39:32,548:INFO: obs_seq_len=8
2022-03-29 15:39:32,548:INFO: output_size=5
2022-03-29 15:39:32,548:INFO: pred_seq_len=12
2022-03-29 15:39:32,548:INFO: seed=0
2022-03-29 15:39:32,548:INFO: tag=hotel
2022-03-29 15:39:32,548:INFO: use_lrschd=True
2022-03-29 15:39:32,548:INFO: ******************************
2022-03-29 15:39:32,548:INFO: Training initiating....
2022-03-29 15:39:32,548:INFO: Namespace(batch_size=128, clip_grad=None, dataset='hotel', gpu_num='0', input_size=2, kernel_size=3, lr=0.01, lr_sh_rate=150, n_stgcnn=1, n_txpcnn=5, num_epochs=250, obs_seq_len=8, output_size=5, pred_seq_len=12, seed=0, tag='hotel', use_lrschd=True)
2022-03-29 15:39:32,622:INFO: Initializing train dataset
2022-03-29 15:39:43,886:INFO: Initializing val dataset
2022-03-29 15:40:07,662:INFO: social_stgcnn1
2022-03-29 15:40:07,777:INFO: Data and model loaded
2022-03-29 15:40:07,777:INFO: Checkpoint dir: ../runs/Mar29_15-39-32_node09/hotel/checkpoint
2022-03-29 15:40:07,777:INFO: Training started ...
2022-03-29 15:40:37,957:INFO: Train: [0][2593/2594]  Loss 0.2176 (1.2088)  Time:  0.153 (0.012)  Data Time:  0.000 (0.004)
2022-03-29 15:40:37,958:INFO:   Eta: 2:05:43
2022-03-29 15:40:46,852:INFO: Test: [0]  ADE: 1.4667  FDE: 1.7664
2022-03-29 15:41:11,967:INFO: Train: [1][2593/2594]  Loss 0.2234 (0.6436)  Time:  0.149 (0.010)  Data Time:  0.004 (0.003)
2022-03-29 15:41:11,968:INFO:   Eta: 1:44:09
2022-03-29 15:41:39,626:INFO: Train: [2][2593/2594]  Loss 0.0323 (0.4250)  Time:  0.167 (0.011)  Data Time:  0.004 (0.004)
2022-03-29 15:41:39,627:INFO:   Eta: 1:54:15
2022-03-29 15:42:08,493:INFO: Train: [3][2593/2594]  Loss 0.0572 (0.4520)  Time:  0.189 (0.011)  Data Time:  0.003 (0.004)
2022-03-29 15:42:08,494:INFO:   Eta: 1:58:46
2022-03-29 15:42:39,550:INFO: Train: [4][2593/2594]  Loss 0.0244 (0.1257)  Time:  0.181 (0.012)  Data Time:  0.005 (0.004)
2022-03-29 15:42:39,551:INFO:   Eta: 2:07:16
2022-03-29 15:43:11,608:INFO: Train: [5][2593/2594]  Loss 0.0426 (0.0247)  Time:  0.168 (0.012)  Data Time:  0.005 (0.005)
2022-03-29 15:43:11,609:INFO:   Eta: 2:10:50
2022-03-29 15:43:43,507:INFO: Train: [6][2593/2594]  Loss 0.0608 (-0.2290)  Time:  0.179 (0.012)  Data Time:  0.004 (0.005)
2022-03-29 15:43:43,508:INFO:   Eta: 2:09:39
2022-03-29 15:44:15,323:INFO: Train: [7][2593/2594]  Loss -0.1118 (-0.1530)  Time:  0.170 (0.012)  Data Time:  0.004 (0.005)
2022-03-29 15:44:15,325:INFO:   Eta: 2:08:47
2022-03-29 15:44:46,927:INFO: Train: [8][2593/2594]  Loss -0.1835 (-0.1473)  Time:  0.166 (0.012)  Data Time:  0.004 (0.005)
2022-03-29 15:44:46,928:INFO:   Eta: 2:07:23
2022-03-29 15:45:19,104:INFO: Train: [9][2593/2594]  Loss -0.1258 (-0.2844)  Time:  0.157 (0.012)  Data Time:  0.004 (0.005)
2022-03-29 15:45:19,104:INFO:   Eta: 2:09:10
2022-03-29 15:45:46,177:INFO: Train: [10][2593/2594]  Loss -0.2040 (-0.4572)  Time:  0.136 (0.010)  Data Time:  0.003 (0.003)
2022-03-29 15:45:46,179:INFO:   Eta: 1:48:14
2022-03-29 15:45:55,845:INFO: Test: [10]  ADE: 1.0666  FDE: 1.6478
2022-03-29 15:46:26,133:INFO: Train: [11][2593/2594]  Loss -0.2138 (-0.5111)  Time:  0.142 (0.012)  Data Time:  0.003 (0.004)
2022-03-29 15:46:26,133:INFO:   Eta: 2:00:34
2022-03-29 15:46:54,472:INFO: Train: [12][2593/2594]  Loss -0.1779 (-0.5245)  Time:  0.148 (0.011)  Data Time:  0.004 (0.004)
2022-03-29 15:46:54,474:INFO:   Eta: 1:52:21
2022-03-29 15:47:22,066:INFO: Train: [13][2593/2594]  Loss -0.0348 (-0.4839)  Time:  0.146 (0.011)  Data Time:  0.004 (0.004)
2022-03-29 15:47:22,067:INFO:   Eta: 1:48:55
2022-03-29 15:47:50,087:INFO: Train: [14][2593/2594]  Loss -0.1564 (-0.5738)  Time:  0.140 (0.011)  Data Time:  0.004 (0.004)
2022-03-29 15:47:50,088:INFO:   Eta: 1:50:09
2022-03-29 15:48:21,324:INFO: Train: [15][2593/2594]  Loss -0.2291 (-0.6702)  Time:  0.159 (0.012)  Data Time:  0.004 (0.005)
2022-03-29 15:48:21,325:INFO:   Eta: 2:02:16
2022-03-29 15:48:53,206:INFO: Train: [16][2593/2594]  Loss -0.1491 (-0.7310)  Time:  0.163 (0.012)  Data Time:  0.004 (0.005)
2022-03-29 15:48:53,207:INFO:   Eta: 2:04:17
2022-03-29 15:49:25,201:INFO: Train: [17][2593/2594]  Loss -0.2443 (-0.7107)  Time:  0.158 (0.012)  Data Time:  0.004 (0.005)
2022-03-29 15:49:25,202:INFO:   Eta: 2:04:11
2022-03-29 15:49:56,797:INFO: Train: [18][2593/2594]  Loss -0.1419 (-0.7073)  Time:  0.181 (0.012)  Data Time:  0.005 (0.005)
2022-03-29 15:49:56,801:INFO:   Eta: 2:02:07
2022-03-29 15:50:25,634:INFO: Train: [19][2593/2594]  Loss -0.2284 (-0.7137)  Time:  0.149 (0.011)  Data Time:  0.004 (0.004)
2022-03-29 15:50:25,636:INFO:   Eta: 1:50:56
2022-03-29 15:50:54,156:INFO: Train: [20][2593/2594]  Loss -0.1412 (-0.7123)  Time:  0.166 (0.011)  Data Time:  0.005 (0.004)
2022-03-29 15:50:54,225:INFO:   Eta: 1:49:16
2022-03-29 15:51:04,664:INFO: Test: [20]  ADE: 0.8127  FDE: 1.3102
2022-03-29 15:51:37,230:INFO: Train: [21][2593/2594]  Loss -0.2526 (-0.7109)  Time:  0.180 (0.012)  Data Time:  0.006 (0.005)
2022-03-29 15:51:37,232:INFO:   Eta: 2:00:51
2022-03-29 15:52:08,553:INFO: Train: [22][2593/2594]  Loss -0.2420 (-0.8647)  Time:  0.164 (0.012)  Data Time:  0.004 (0.004)
2022-03-29 15:52:08,617:INFO:   Eta: 1:58:57
2022-03-29 15:52:37,040:INFO: Train: [23][2593/2594]  Loss -0.2502 (-0.8830)  Time:  0.141 (0.011)  Data Time:  0.003 (0.004)
2022-03-29 15:52:37,080:INFO:   Eta: 1:46:34
2022-03-29 15:53:04,918:INFO: Train: [24][2593/2594]  Loss -0.3022 (-0.9508)  Time:  0.142 (0.011)  Data Time:  0.004 (0.004)
2022-03-29 15:53:04,918:INFO:   Eta: 1:44:21
2022-03-29 15:53:33,253:INFO: Train: [25][2593/2594]  Loss -0.1539 (-0.8383)  Time:  0.150 (0.011)  Data Time:  0.004 (0.004)
2022-03-29 15:53:33,255:INFO:   Eta: 1:46:12
2022-03-29 15:54:05,140:INFO: Train: [26][2593/2594]  Loss -0.2099 (-0.9299)  Time:  0.183 (0.012)  Data Time:  0.005 (0.005)
2022-03-29 15:54:05,141:INFO:   Eta: 1:58:59
2022-03-29 15:54:36,842:INFO: Train: [27][2593/2594]  Loss -0.2758 (-0.9146)  Time:  0.169 (0.012)  Data Time:  0.005 (0.005)
2022-03-29 15:54:36,843:INFO:   Eta: 1:57:46
2022-03-29 15:55:06,635:INFO: Train: [28][2593/2594]  Loss -0.3107 (-0.9859)  Time:  0.149 (0.011)  Data Time:  0.003 (0.004)
2022-03-29 15:55:06,635:INFO:   Eta: 1:50:10
2022-03-29 15:55:33,414:INFO: Train: [29][2593/2594]  Loss -0.2812 (-1.0032)  Time:  0.163 (0.010)  Data Time:  0.004 (0.003)
2022-03-29 15:55:33,415:INFO:   Eta: 1:38:35
2022-03-29 15:56:05,031:INFO: Train: [30][2593/2594]  Loss -0.2735 (-0.8571)  Time:  0.171 (0.012)  Data Time:  0.004 (0.005)
2022-03-29 15:56:05,032:INFO:   Eta: 1:55:52
2022-03-29 15:56:15,435:INFO: Test: [30]  ADE: 0.6951  FDE: 1.0990
2022-03-29 15:56:47,311:INFO: Train: [31][2593/2594]  Loss -0.3524 (-1.0161)  Time:  0.168 (0.012)  Data Time:  0.005 (0.005)
2022-03-29 15:56:47,313:INFO:   Eta: 1:56:18
2022-03-29 15:57:19,197:INFO: Train: [32][2593/2594]  Loss -0.3204 (-0.8914)  Time:  0.176 (0.012)  Data Time:  0.005 (0.005)
2022-03-29 15:57:19,200:INFO:   Eta: 1:55:47
2022-03-29 15:57:50,394:INFO: Train: [33][2593/2594]  Loss -0.2850 (-1.0746)  Time:  0.160 (0.012)  Data Time:  0.004 (0.004)
2022-03-29 15:57:50,399:INFO:   Eta: 1:52:16
2022-03-29 15:58:19,787:INFO: Train: [34][2593/2594]  Loss -0.3259 (-1.0330)  Time:  0.183 (0.011)  Data Time:  0.004 (0.004)
2022-03-29 15:58:19,789:INFO:   Eta: 1:45:41
2022-03-29 15:58:49,359:INFO: Train: [35][2593/2594]  Loss -0.3139 (-1.0420)  Time:  0.146 (0.011)  Data Time:  0.003 (0.004)
2022-03-29 15:58:49,362:INFO:   Eta: 1:45:54
2022-03-29 15:59:18,710:INFO: Train: [36][2593/2594]  Loss -0.3693 (-1.0695)  Time:  0.142 (0.011)  Data Time:  0.003 (0.004)
2022-03-29 15:59:18,712:INFO:   Eta: 1:44:33
2022-03-29 15:59:48,427:INFO: Train: [37][2593/2594]  Loss -0.2605 (-0.9340)  Time:  0.155 (0.011)  Data Time:  0.003 (0.004)
2022-03-29 15:59:48,434:INFO:   Eta: 1:45:26
2022-03-29 16:00:15,707:INFO: Train: [38][2593/2594]  Loss -0.3556 (-1.0255)  Time:  0.162 (0.011)  Data Time:  0.004 (0.004)
2022-03-29 16:00:15,708:INFO:   Eta: 1:36:17
2022-03-29 16:00:48,141:INFO: Train: [39][2593/2594]  Loss -0.2732 (-1.1436)  Time:  0.201 (0.012)  Data Time:  0.005 (0.005)
2022-03-29 16:00:48,142:INFO:   Eta: 1:54:00
2022-03-29 16:01:20,062:INFO: Train: [40][2593/2594]  Loss -0.3184 (-1.1361)  Time:  0.166 (0.012)  Data Time:  0.004 (0.005)
2022-03-29 16:01:20,063:INFO:   Eta: 1:51:40
2022-03-29 16:01:29,900:INFO: Test: [40]  ADE: 0.6020  FDE: 0.9873
2022-03-29 16:02:01,602:INFO: Train: [41][2593/2594]  Loss -0.3494 (-1.2022)  Time:  0.169 (0.012)  Data Time:  0.004 (0.005)
2022-03-29 16:02:01,603:INFO:   Eta: 1:50:22
2022-03-29 16:02:33,743:INFO: Train: [42][2593/2594]  Loss -0.3691 (-0.9911)  Time:  0.177 (0.012)  Data Time:  0.006 (0.005)
2022-03-29 16:02:33,745:INFO:   Eta: 1:51:22
2022-03-29 16:03:05,392:INFO: Train: [43][2593/2594]  Loss -0.3250 (-1.1321)  Time:  0.167 (0.012)  Data Time:  0.004 (0.005)
2022-03-29 16:03:05,393:INFO:   Eta: 1:49:07
2022-03-29 16:03:37,311:INFO: Train: [44][2593/2594]  Loss -0.3291 (-1.1980)  Time:  0.168 (0.012)  Data Time:  0.004 (0.005)
2022-03-29 16:03:37,313:INFO:   Eta: 1:49:32
2022-03-29 16:04:06,043:INFO: Train: [45][2593/2594]  Loss -0.3432 (-1.1679)  Time:  0.143 (0.011)  Data Time:  0.003 (0.004)
2022-03-29 16:04:06,044:INFO:   Eta: 1:38:06
2022-03-29 16:04:33,238:INFO: Train: [46][2593/2594]  Loss -0.2864 (-1.2006)  Time:  0.151 (0.010)  Data Time:  0.002 (0.004)
2022-03-29 16:04:33,239:INFO:   Eta: 1:32:24
2022-03-29 16:04:56,792:INFO: Train: [47][2593/2594]  Loss -0.3561 (-1.2291)  Time:  0.129 (0.009)  Data Time:  0.002 (0.002)
2022-03-29 16:04:56,793:INFO:   Eta: 1:19:38
2022-03-29 16:05:24,096:INFO: Train: [48][2593/2594]  Loss -0.3634 (-1.1872)  Time:  0.171 (0.011)  Data Time:  0.005 (0.003)
2022-03-29 16:05:24,097:INFO:   Eta: 1:31:52
2022-03-29 16:05:54,864:INFO: Train: [49][2593/2594]  Loss -0.3122 (-1.2855)  Time:  0.156 (0.012)  Data Time:  0.004 (0.004)
2022-03-29 16:05:54,934:INFO:   Eta: 1:42:59
2022-03-29 16:06:28,829:INFO: Train: [50][2593/2594]  Loss -0.3622 (-1.2338)  Time:  0.171 (0.013)  Data Time:  0.004 (0.005)
2022-03-29 16:06:28,830:INFO:   Eta: 1:49:38
2022-03-29 16:06:39,653:INFO: Test: [50]  ADE: 0.5931  FDE: 1.0172
2022-03-29 16:07:13,278:INFO: Train: [51][2593/2594]  Loss -0.3174 (-1.2312)  Time:  0.175 (0.013)  Data Time:  0.004 (0.005)
2022-03-29 16:07:13,280:INFO:   Eta: 1:51:27
2022-03-29 16:07:45,730:INFO: Train: [52][2593/2594]  Loss -0.2484 (-1.2376)  Time:  0.179 (0.013)  Data Time:  0.004 (0.005)
2022-03-29 16:07:45,731:INFO:   Eta: 1:47:02
2022-03-29 16:08:18,204:INFO: Train: [53][2593/2594]  Loss -0.2666 (-1.2517)  Time:  0.175 (0.013)  Data Time:  0.005 (0.005)
2022-03-29 16:08:18,205:INFO:   Eta: 1:46:34
2022-03-29 16:08:51,023:INFO: Train: [54][2593/2594]  Loss -0.3822 (-1.2133)  Time:  0.171 (0.013)  Data Time:  0.003 (0.005)
2022-03-29 16:08:51,024:INFO:   Eta: 1:47:09
2022-03-29 16:09:23,194:INFO: Train: [55][2593/2594]  Loss -0.3068 (-1.2863)  Time:  0.171 (0.012)  Data Time:  0.005 (0.005)
2022-03-29 16:09:23,195:INFO:   Eta: 1:44:30
2022-03-29 16:09:50,805:INFO: Train: [56][2593/2594]  Loss -0.3108 (-1.2514)  Time:  0.143 (0.011)  Data Time:  0.003 (0.003)
2022-03-29 16:09:50,806:INFO:   Eta: 1:29:13
2022-03-29 16:10:15,657:INFO: Train: [57][2593/2594]  Loss -0.4056 (-1.2519)  Time:  0.142 (0.010)  Data Time:  0.003 (0.003)
2022-03-29 16:10:15,658:INFO:   Eta: 1:19:53
2022-03-29 16:10:43,973:INFO: Train: [58][2593/2594]  Loss -0.3455 (-1.2349)  Time:  0.145 (0.011)  Data Time:  0.003 (0.004)
2022-03-29 16:10:43,974:INFO:   Eta: 1:30:33
2022-03-29 16:11:12,525:INFO: Train: [59][2593/2594]  Loss -0.3193 (-1.3539)  Time:  0.156 (0.011)  Data Time:  0.004 (0.004)
2022-03-29 16:11:12,525:INFO:   Eta: 1:30:50
2022-03-29 16:11:42,806:INFO: Train: [60][2593/2594]  Loss -0.3786 (-1.3360)  Time:  0.173 (0.012)  Data Time:  0.005 (0.004)
2022-03-29 16:11:42,807:INFO:   Eta: 1:35:50
2022-03-29 16:11:53,328:INFO: Test: [60]  ADE: 0.5676  FDE: 0.9747
2022-03-29 16:12:25,502:INFO: Train: [61][2593/2594]  Loss -0.3180 (-1.3050)  Time:  0.148 (0.012)  Data Time:  0.004 (0.005)
2022-03-29 16:12:25,688:INFO:   Eta: 1:41:18
2022-03-29 16:12:58,406:INFO: Train: [62][2593/2594]  Loss -0.3501 (-1.3138)  Time:  0.177 (0.012)  Data Time:  0.005 (0.004)
2022-03-29 16:12:58,407:INFO:   Eta: 1:36:03
2022-03-29 16:13:31,502:INFO: Train: [63][2593/2594]  Loss -0.3044 (-1.3195)  Time:  0.196 (0.013)  Data Time:  0.003 (0.005)
2022-03-29 16:13:31,504:INFO:   Eta: 1:43:05
2022-03-29 16:14:04,937:INFO: Train: [64][2593/2594]  Loss -0.4007 (-1.2211)  Time:  0.171 (0.013)  Data Time:  0.006 (0.005)
2022-03-29 16:14:04,938:INFO:   Eta: 1:43:35
2022-03-29 16:14:35,823:INFO: Train: [65][2593/2594]  Loss -0.2674 (-1.2315)  Time:  0.148 (0.012)  Data Time:  0.003 (0.004)
2022-03-29 16:14:35,823:INFO:   Eta: 1:35:11
2022-03-29 16:15:04,296:INFO: Train: [66][2593/2594]  Loss -0.3063 (-1.2263)  Time:  0.158 (0.011)  Data Time:  0.004 (0.004)
2022-03-29 16:15:04,298:INFO:   Eta: 1:27:16
2022-03-29 16:15:35,680:INFO: Train: [67][2593/2594]  Loss -0.2739 (-1.3923)  Time:  0.177 (0.012)  Data Time:  0.005 (0.004)
2022-03-29 16:15:35,682:INFO:   Eta: 1:35:40
2022-03-29 16:16:05,519:INFO: Train: [68][2593/2594]  Loss -0.3083 (-1.3950)  Time:  0.150 (0.011)  Data Time:  0.003 (0.004)
2022-03-29 16:16:05,520:INFO:   Eta: 1:30:25
2022-03-29 16:16:34,108:INFO: Train: [69][2593/2594]  Loss -0.3595 (-1.1751)  Time:  0.147 (0.011)  Data Time:  0.003 (0.004)
2022-03-29 16:16:34,108:INFO:   Eta: 1:26:11
2022-03-29 16:17:02,360:INFO: Train: [70][2593/2594]  Loss -0.3309 (-1.4284)  Time:  0.151 (0.011)  Data Time:  0.002 (0.004)
2022-03-29 16:17:02,362:INFO:   Eta: 1:24:42
2022-03-29 16:17:12,192:INFO: Test: [70]  ADE: 0.6292  FDE: 1.0465
2022-03-29 16:17:40,678:INFO: Train: [71][2593/2594]  Loss -0.2105 (-1.3222)  Time:  0.148 (0.011)  Data Time:  0.004 (0.004)
2022-03-29 16:17:40,679:INFO:   Eta: 1:24:56
2022-03-29 16:18:12,280:INFO: Train: [72][2593/2594]  Loss -0.3702 (-1.3985)  Time:  0.188 (0.012)  Data Time:  0.006 (0.004)
2022-03-29 16:18:12,281:INFO:   Eta: 1:33:42
2022-03-29 16:18:44,364:INFO: Train: [73][2593/2594]  Loss -0.3664 (-1.3839)  Time:  0.179 (0.012)  Data Time:  0.005 (0.005)
2022-03-29 16:18:44,364:INFO:   Eta: 1:34:36
2022-03-29 16:19:15,463:INFO: Train: [74][2593/2594]  Loss -0.3677 (-1.3010)  Time:  0.153 (0.012)  Data Time:  0.004 (0.004)
2022-03-29 16:19:15,464:INFO:   Eta: 1:31:10
2022-03-29 16:19:44,512:INFO: Train: [75][2593/2594]  Loss -0.2560 (-1.4039)  Time:  0.175 (0.011)  Data Time:  0.005 (0.004)
2022-03-29 16:19:44,512:INFO:   Eta: 1:24:40
2022-03-29 16:20:15,048:INFO: Train: [76][2593/2594]  Loss -0.3715 (-1.3797)  Time:  0.158 (0.012)  Data Time:  0.004 (0.004)
2022-03-29 16:20:15,048:INFO:   Eta: 1:28:28
2022-03-29 16:20:46,466:INFO: Train: [77][2593/2594]  Loss -0.3317 (-1.3809)  Time:  0.182 (0.012)  Data Time:  0.005 (0.004)
2022-03-29 16:20:46,467:INFO:   Eta: 1:30:31
2022-03-29 16:21:18,401:INFO: Train: [78][2593/2594]  Loss -0.4127 (-1.3342)  Time:  0.154 (0.012)  Data Time:  0.004 (0.005)
2022-03-29 16:21:18,402:INFO:   Eta: 1:31:30
2022-03-29 16:21:50,347:INFO: Train: [79][2593/2594]  Loss -0.3513 (-1.3943)  Time:  0.170 (0.012)  Data Time:  0.005 (0.005)
2022-03-29 16:21:50,350:INFO:   Eta: 1:30:59
2022-03-29 16:22:21,595:INFO: Train: [80][2593/2594]  Loss -0.3590 (-1.4361)  Time:  0.187 (0.012)  Data Time:  0.004 (0.004)
2022-03-29 16:22:21,596:INFO:   Eta: 1:28:28
2022-03-29 16:22:31,138:INFO: Test: [80]  ADE: 0.4803  FDE: 0.7992
2022-03-29 16:22:59,044:INFO: Train: [81][2593/2594]  Loss -0.4559 (-1.3103)  Time:  0.156 (0.011)  Data Time:  0.004 (0.004)
2022-03-29 16:22:59,045:INFO:   Eta: 1:18:33
2022-03-29 16:23:27,757:INFO: Train: [82][2593/2594]  Loss -0.4068 (-1.4682)  Time:  0.152 (0.011)  Data Time:  0.004 (0.004)
2022-03-29 16:23:27,758:INFO:   Eta: 1:20:20
2022-03-29 16:23:55,568:INFO: Train: [83][2593/2594]  Loss -0.3967 (-1.4767)  Time:  0.159 (0.011)  Data Time:  0.003 (0.003)
2022-03-29 16:23:55,569:INFO:   Eta: 1:17:21
2022-03-29 16:24:23,306:INFO: Train: [84][2593/2594]  Loss -0.3938 (-1.4449)  Time:  0.159 (0.011)  Data Time:  0.004 (0.003)
2022-03-29 16:24:23,307:INFO:   Eta: 1:16:42
2022-03-29 16:24:55,189:INFO: Train: [85][2593/2594]  Loss -0.3627 (-1.4444)  Time:  0.186 (0.012)  Data Time:  0.005 (0.005)
2022-03-29 16:24:55,190:INFO:   Eta: 1:27:38
2022-03-29 16:25:26,109:INFO: Train: [86][2593/2594]  Loss -0.3866 (-1.4355)  Time:  0.164 (0.012)  Data Time:  0.004 (0.004)
2022-03-29 16:25:26,111:INFO:   Eta: 1:24:28
2022-03-29 16:25:58,158:INFO: Train: [87][2593/2594]  Loss -0.4077 (-1.1987)  Time:  0.168 (0.012)  Data Time:  0.005 (0.004)
2022-03-29 16:25:58,159:INFO:   Eta: 1:26:59
2022-03-29 16:26:30,629:INFO: Train: [88][2593/2594]  Loss -0.3772 (-1.4531)  Time:  0.186 (0.013)  Data Time:  0.004 (0.005)
2022-03-29 16:26:30,631:INFO:   Eta: 1:27:36
2022-03-29 16:27:02,529:INFO: Train: [89][2593/2594]  Loss -0.3759 (-1.4957)  Time:  0.181 (0.012)  Data Time:  0.005 (0.005)
2022-03-29 16:27:02,531:INFO:   Eta: 1:25:33
2022-03-29 16:27:34,682:INFO: Train: [90][2593/2594]  Loss -0.4199 (-1.4738)  Time:  0.182 (0.012)  Data Time:  0.004 (0.005)
2022-03-29 16:27:34,683:INFO:   Eta: 1:25:41
2022-03-29 16:27:44,706:INFO: Test: [90]  ADE: 0.4458  FDE: 0.7036
2022-03-29 16:28:16,558:INFO: Train: [91][2593/2594]  Loss -0.4128 (-1.4671)  Time:  0.164 (0.012)  Data Time:  0.004 (0.005)
2022-03-29 16:28:16,559:INFO:   Eta: 1:24:22
2022-03-29 16:28:47,503:INFO: Train: [92][2593/2594]  Loss -0.4264 (-1.4906)  Time:  0.142 (0.012)  Data Time:  0.004 (0.004)
2022-03-29 16:28:47,504:INFO:   Eta: 1:21:27
2022-03-29 16:29:13,782:INFO: Train: [93][2593/2594]  Loss -0.3791 (-1.3203)  Time:  0.158 (0.010)  Data Time:  0.002 (0.003)
2022-03-29 16:29:13,784:INFO:   Eta: 1:08:43
2022-03-29 16:29:41,880:INFO: Train: [94][2593/2594]  Loss -0.3470 (-1.4519)  Time:  0.140 (0.011)  Data Time:  0.003 (0.003)
2022-03-29 16:29:41,881:INFO:   Eta: 1:13:00
2022-03-29 16:30:10,159:INFO: Train: [95][2593/2594]  Loss -0.3472 (-1.4182)  Time:  0.186 (0.011)  Data Time:  0.003 (0.004)
2022-03-29 16:30:10,160:INFO:   Eta: 1:13:00
2022-03-29 16:30:36,567:INFO: Train: [96][2593/2594]  Loss -0.3959 (-1.3459)  Time:  0.138 (0.010)  Data Time:  0.003 (0.003)
2022-03-29 16:30:36,568:INFO:   Eta: 1:07:44
2022-03-29 16:31:07,765:INFO: Train: [97][2593/2594]  Loss -0.2961 (-1.4748)  Time:  0.167 (0.012)  Data Time:  0.004 (0.004)
2022-03-29 16:31:07,766:INFO:   Eta: 1:19:31
2022-03-29 16:31:39,799:INFO: Train: [98][2593/2594]  Loss -0.4025 (-1.5074)  Time:  0.167 (0.012)  Data Time:  0.005 (0.005)
2022-03-29 16:31:39,800:INFO:   Eta: 1:21:07
2022-03-29 16:32:11,326:INFO: Train: [99][2593/2594]  Loss -0.4251 (-1.4936)  Time:  0.174 (0.012)  Data Time:  0.004 (0.005)
2022-03-29 16:32:11,328:INFO:   Eta: 1:19:17
2022-03-29 16:32:43,306:INFO: Train: [100][2593/2594]  Loss -0.4484 (-1.5521)  Time:  0.167 (0.012)  Data Time:  0.005 (0.005)
2022-03-29 16:32:43,307:INFO:   Eta: 1:19:54
2022-03-29 16:32:53,190:INFO: Test: [100]  ADE: 0.4537  FDE: 0.7587
2022-03-29 16:33:25,142:INFO: Train: [101][2593/2594]  Loss -0.3938 (-1.5272)  Time:  0.157 (0.012)  Data Time:  0.004 (0.005)
2022-03-29 16:33:25,143:INFO:   Eta: 1:19:17
2022-03-29 16:33:54,656:INFO: Train: [102][2593/2594]  Loss -0.4263 (-1.4994)  Time:  0.153 (0.011)  Data Time:  0.004 (0.004)
2022-03-29 16:33:54,658:INFO:   Eta: 1:12:46
2022-03-29 16:34:25,811:INFO: Train: [103][2593/2594]  Loss -0.3936 (-1.3321)  Time:  0.172 (0.012)  Data Time:  0.007 (0.004)
2022-03-29 16:34:25,812:INFO:   Eta: 1:16:17
2022-03-29 16:34:57,822:INFO: Train: [104][2593/2594]  Loss -0.3382 (-1.4280)  Time:  0.174 (0.012)  Data Time:  0.004 (0.005)
2022-03-29 16:34:57,823:INFO:   Eta: 1:17:51
2022-03-29 16:35:27,711:INFO: Train: [105][2593/2594]  Loss -0.4100 (-1.4341)  Time:  0.160 (0.012)  Data Time:  0.004 (0.004)
2022-03-29 16:35:27,712:INFO:   Eta: 1:12:11
2022-03-29 16:35:53,614:INFO: Train: [106][2593/2594]  Loss -0.4074 (-1.4457)  Time:  0.127 (0.010)  Data Time:  0.003 (0.003)
2022-03-29 16:35:53,650:INFO:   Eta: 1:02:07
2022-03-29 16:36:20,515:INFO: Train: [107][2593/2594]  Loss -0.4263 (-1.5474)  Time:  0.158 (0.010)  Data Time:  0.004 (0.003)
2022-03-29 16:36:20,516:INFO:   Eta: 1:02:18
2022-03-29 16:36:48,579:INFO: Train: [108][2593/2594]  Loss -0.4251 (-1.5110)  Time:  0.154 (0.011)  Data Time:  0.004 (0.004)
2022-03-29 16:36:48,580:INFO:   Eta: 1:06:22
2022-03-29 16:37:20,136:INFO: Train: [109][2593/2594]  Loss -0.3494 (-1.4807)  Time:  0.158 (0.012)  Data Time:  0.005 (0.004)
2022-03-29 16:37:20,137:INFO:   Eta: 1:14:07
2022-03-29 16:37:52,521:INFO: Train: [110][2593/2594]  Loss -0.4467 (-1.5170)  Time:  0.165 (0.012)  Data Time:  0.004 (0.005)
2022-03-29 16:37:52,522:INFO:   Eta: 1:15:31
2022-03-29 16:38:02,585:INFO: Test: [110]  ADE: 0.5002  FDE: 0.8666
2022-03-29 16:38:32,693:INFO: Train: [111][2593/2594]  Loss -0.4591 (-1.5285)  Time:  0.155 (0.012)  Data Time:  0.003 (0.004)
2022-03-29 16:38:32,694:INFO:   Eta: 1:09:43
2022-03-29 16:39:01,770:INFO: Train: [112][2593/2594]  Loss -0.4466 (-1.5354)  Time:  0.164 (0.011)  Data Time:  0.004 (0.004)
2022-03-29 16:39:01,770:INFO:   Eta: 1:06:50
2022-03-29 16:39:32,945:INFO: Train: [113][2593/2594]  Loss -0.3952 (-1.5325)  Time:  0.180 (0.012)  Data Time:  0.004 (0.005)
2022-03-29 16:39:32,947:INFO:   Eta: 1:11:09
2022-03-29 16:40:05,380:INFO: Train: [114][2593/2594]  Loss -0.4419 (-1.4963)  Time:  0.164 (0.012)  Data Time:  0.005 (0.005)
2022-03-29 16:40:05,381:INFO:   Eta: 1:13:28
2022-03-29 16:40:37,754:INFO: Train: [115][2593/2594]  Loss -0.3800 (-1.5344)  Time:  0.168 (0.012)  Data Time:  0.005 (0.004)
2022-03-29 16:40:37,755:INFO:   Eta: 1:12:48
2022-03-29 16:41:08,144:INFO: Train: [116][2593/2594]  Loss -0.4543 (-1.5912)  Time:  0.204 (0.012)  Data Time:  0.004 (0.004)
2022-03-29 16:41:08,146:INFO:   Eta: 1:07:50
2022-03-29 16:41:37,689:INFO: Train: [117][2593/2594]  Loss -0.4179 (-1.4581)  Time:  0.145 (0.011)  Data Time:  0.004 (0.004)
2022-03-29 16:41:37,691:INFO:   Eta: 1:05:27
2022-03-29 16:42:05,358:INFO: Train: [118][2593/2594]  Loss -0.4510 (-1.4852)  Time:  0.147 (0.011)  Data Time:  0.003 (0.003)
2022-03-29 16:42:05,360:INFO:   Eta: 1:00:50
2022-03-29 16:42:33,555:INFO: Train: [119][2593/2594]  Loss -0.3631 (-1.3503)  Time:  0.141 (0.011)  Data Time:  0.002 (0.004)
2022-03-29 16:42:33,556:INFO:   Eta: 1:01:31
2022-03-29 16:43:01,577:INFO: Train: [120][2593/2594]  Loss -0.3646 (-1.5360)  Time:  0.144 (0.011)  Data Time:  0.003 (0.004)
2022-03-29 16:43:01,578:INFO:   Eta: 1:00:41
2022-03-29 16:43:11,473:INFO: Test: [120]  ADE: 0.4864  FDE: 0.8174
2022-03-29 16:43:40,475:INFO: Train: [121][2593/2594]  Loss -0.3946 (-1.5637)  Time:  0.171 (0.011)  Data Time:  0.005 (0.004)
2022-03-29 16:43:40,475:INFO:   Eta: 1:02:19
2022-03-29 16:44:12,276:INFO: Train: [122][2593/2594]  Loss -0.3790 (-1.4000)  Time:  0.160 (0.012)  Data Time:  0.004 (0.005)
2022-03-29 16:44:12,277:INFO:   Eta: 1:07:48
2022-03-29 16:44:44,334:INFO: Train: [123][2593/2594]  Loss -0.4327 (-1.5220)  Time:  0.160 (0.012)  Data Time:  0.004 (0.005)
2022-03-29 16:44:44,334:INFO:   Eta: 1:07:49
2022-03-29 16:45:16,196:INFO: Train: [124][2593/2594]  Loss -0.4154 (-1.5977)  Time:  0.151 (0.012)  Data Time:  0.004 (0.005)
2022-03-29 16:45:16,197:INFO:   Eta: 1:06:53
2022-03-29 16:45:47,170:INFO: Train: [125][2593/2594]  Loss -0.4032 (-1.4844)  Time:  0.166 (0.012)  Data Time:  0.004 (0.004)
2022-03-29 16:45:47,172:INFO:   Eta: 1:04:29
2022-03-29 16:46:17,779:INFO: Train: [126][2593/2594]  Loss -0.4516 (-1.4692)  Time:  0.170 (0.012)  Data Time:  0.004 (0.004)
2022-03-29 16:46:17,780:INFO:   Eta: 1:03:13
2022-03-29 16:46:50,082:INFO: Train: [127][2593/2594]  Loss -0.4200 (-1.5888)  Time:  0.172 (0.012)  Data Time:  0.004 (0.005)
2022-03-29 16:46:50,083:INFO:   Eta: 1:06:11
2022-03-29 16:47:20,877:INFO: Train: [128][2593/2594]  Loss -0.4456 (-1.6176)  Time:  0.169 (0.012)  Data Time:  0.004 (0.004)
2022-03-29 16:47:20,879:INFO:   Eta: 1:02:35
2022-03-29 16:47:48,626:INFO: Train: [129][2593/2594]  Loss -0.3458 (-1.5847)  Time:  0.147 (0.011)  Data Time:  0.003 (0.004)
2022-03-29 16:47:48,627:INFO:   Eta: 0:55:55
2022-03-29 16:48:14,316:INFO: Train: [130][2593/2594]  Loss -0.4574 (-1.6070)  Time:  0.135 (0.010)  Data Time:  0.003 (0.003)
2022-03-29 16:48:14,318:INFO:   Eta: 0:51:21
2022-03-29 16:48:23,335:INFO: Test: [130]  ADE: 0.4473  FDE: 0.7368
2022-03-29 16:48:51,385:INFO: Train: [131][2593/2594]  Loss -0.4072 (-1.6130)  Time:  0.166 (0.011)  Data Time:  0.005 (0.004)
2022-03-29 16:48:51,387:INFO:   Eta: 0:55:36
2022-03-29 16:49:23,296:INFO: Train: [132][2593/2594]  Loss -0.4301 (-1.4133)  Time:  0.167 (0.012)  Data Time:  0.005 (0.005)
2022-03-29 16:49:23,297:INFO:   Eta: 1:02:43
2022-03-29 16:49:55,380:INFO: Train: [133][2593/2594]  Loss -0.4178 (-1.5920)  Time:  0.166 (0.012)  Data Time:  0.005 (0.005)
2022-03-29 16:49:55,381:INFO:   Eta: 1:02:32
2022-03-29 16:50:26,923:INFO: Train: [134][2593/2594]  Loss -0.3854 (-1.5881)  Time:  0.159 (0.012)  Data Time:  0.005 (0.005)
2022-03-29 16:50:26,925:INFO:   Eta: 1:00:57
2022-03-29 16:50:57,753:INFO: Train: [135][2593/2594]  Loss -0.4607 (-1.5014)  Time:  0.180 (0.012)  Data Time:  0.005 (0.004)
2022-03-29 16:50:57,754:INFO:   Eta: 0:59:03
2022-03-29 16:51:29,543:INFO: Train: [136][2593/2594]  Loss -0.4610 (-1.6261)  Time:  0.169 (0.012)  Data Time:  0.004 (0.005)
2022-03-29 16:51:29,556:INFO:   Eta: 1:00:22
2022-03-29 16:52:01,326:INFO: Train: [137][2593/2594]  Loss -0.3990 (-1.6174)  Time:  0.175 (0.012)  Data Time:  0.005 (0.005)
2022-03-29 16:52:01,327:INFO:   Eta: 0:59:43
2022-03-29 16:52:33,665:INFO: Train: [138][2593/2594]  Loss -0.4417 (-1.4508)  Time:  0.188 (0.012)  Data Time:  0.005 (0.005)
2022-03-29 16:52:33,666:INFO:   Eta: 1:00:20
2022-03-29 16:53:02,369:INFO: Train: [139][2593/2594]  Loss -0.3811 (-1.5877)  Time:  0.137 (0.011)  Data Time:  0.002 (0.004)
2022-03-29 16:53:02,371:INFO:   Eta: 0:52:59
2022-03-29 16:53:28,196:INFO: Train: [140][2593/2594]  Loss -0.4754 (-1.6328)  Time:  0.167 (0.010)  Data Time:  0.004 (0.003)
2022-03-29 16:53:28,196:INFO:   Eta: 0:47:19
2022-03-29 16:53:37,435:INFO: Test: [140]  ADE: 0.4546  FDE: 0.7754
2022-03-29 16:54:04,946:INFO: Train: [141][2593/2594]  Loss -0.4174 (-1.6461)  Time:  0.158 (0.011)  Data Time:  0.004 (0.004)
2022-03-29 16:54:04,946:INFO:   Eta: 0:49:57
2022-03-29 16:54:32,818:INFO: Train: [142][2593/2594]  Loss -0.4397 (-1.6116)  Time:  0.151 (0.011)  Data Time:  0.004 (0.004)
2022-03-29 16:54:32,819:INFO:   Eta: 0:50:08
2022-03-29 16:55:03,873:INFO: Train: [143][2593/2594]  Loss -0.4283 (-1.5705)  Time:  0.157 (0.012)  Data Time:  0.005 (0.004)
2022-03-29 16:55:03,876:INFO:   Eta: 0:55:20
2022-03-29 16:55:34,366:INFO: Train: [144][2593/2594]  Loss -0.4519 (-1.4356)  Time:  0.173 (0.012)  Data Time:  0.005 (0.004)
2022-03-29 16:55:34,367:INFO:   Eta: 0:53:49
2022-03-29 16:56:06,043:INFO: Train: [145][2593/2594]  Loss -0.3931 (-1.6329)  Time:  0.159 (0.012)  Data Time:  0.004 (0.005)
2022-03-29 16:56:06,043:INFO:   Eta: 0:55:24
2022-03-29 16:56:37,483:INFO: Train: [146][2593/2594]  Loss -0.4236 (-1.5841)  Time:  0.172 (0.012)  Data Time:  0.005 (0.005)
2022-03-29 16:56:37,484:INFO:   Eta: 0:54:28
2022-03-29 16:57:09,474:INFO: Train: [147][2593/2594]  Loss -0.3884 (-1.6422)  Time:  0.192 (0.012)  Data Time:  0.009 (0.005)
2022-03-29 16:57:09,475:INFO:   Eta: 0:54:53
2022-03-29 16:57:41,249:INFO: Train: [148][2593/2594]  Loss -0.4362 (-1.6580)  Time:  0.184 (0.012)  Data Time:  0.004 (0.004)
2022-03-29 16:57:41,250:INFO:   Eta: 0:53:59
2022-03-29 16:58:12,466:INFO: Train: [149][2593/2594]  Loss -0.4075 (-1.5298)  Time:  0.166 (0.012)  Data Time:  0.004 (0.004)
2022-03-29 16:58:12,467:INFO:   Eta: 0:52:31
2022-03-29 16:58:41,829:INFO: Train: [150][2593/2594]  Loss -0.5398 (-1.7303)  Time:  0.176 (0.011)  Data Time:  0.004 (0.004)
2022-03-29 16:58:41,830:INFO:   Eta: 0:48:54
2022-03-29 16:58:51,340:INFO: Test: [150]  ADE: 0.4327  FDE: 0.7389
2022-03-29 16:59:19,223:INFO: Train: [151][2593/2594]  Loss -0.4693 (-1.6778)  Time:  0.151 (0.011)  Data Time:  0.004 (0.004)
2022-03-29 16:59:19,224:INFO:   Eta: 0:45:57
2022-03-29 16:59:24,839:INFO: Valid: [151][620/621]  Loss -8.3149 (-4.9185)
2022-03-29 16:59:24,855:INFO: Checkpoint saved...
2022-03-29 16:59:52,540:INFO: Train: [152][2593/2594]  Loss -0.4670 (-1.3978)  Time:  0.148 (0.011)  Data Time:  0.004 (0.003)
2022-03-29 16:59:52,541:INFO:   Eta: 0:45:10
2022-03-29 16:59:58,176:INFO: Valid: [152][620/621]  Loss -7.9379 (-4.7233)
2022-03-29 17:00:26,937:INFO: Train: [153][2593/2594]  Loss -0.4616 (-1.7712)  Time:  0.164 (0.011)  Data Time:  0.004 (0.004)
2022-03-29 17:00:26,938:INFO:   Eta: 0:46:26
2022-03-29 17:00:32,684:INFO: Valid: [153][620/621]  Loss -8.6444 (-5.1170)
2022-03-29 17:00:32,693:INFO: Checkpoint saved...
2022-03-29 17:01:03,116:INFO: Train: [154][2593/2594]  Loss -0.4561 (-1.7426)  Time:  0.157 (0.012)  Data Time:  0.005 (0.004)
2022-03-29 17:01:03,118:INFO:   Eta: 0:48:38
2022-03-29 17:01:08,996:INFO: Valid: [154][620/621]  Loss -7.9814 (-4.7401)
2022-03-29 17:01:40,473:INFO: Train: [155][2593/2594]  Loss -0.4569 (-1.7467)  Time:  0.173 (0.012)  Data Time:  0.005 (0.005)
2022-03-29 17:01:40,474:INFO:   Eta: 0:49:47
2022-03-29 17:01:46,062:INFO: Valid: [155][620/621]  Loss -8.5106 (-5.0466)
2022-03-29 17:02:17,487:INFO: Train: [156][2593/2594]  Loss -0.4934 (-1.6808)  Time:  0.172 (0.012)  Data Time:  0.005 (0.005)
2022-03-29 17:02:17,488:INFO:   Eta: 0:49:11
2022-03-29 17:02:23,214:INFO: Valid: [156][620/621]  Loss -8.2634 (-4.9070)
2022-03-29 17:02:55,236:INFO: Train: [157][2593/2594]  Loss -0.4973 (-1.7658)  Time:  0.168 (0.012)  Data Time:  0.004 (0.005)
2022-03-29 17:02:55,239:INFO:   Eta: 0:49:35
2022-03-29 17:03:00,837:INFO: Valid: [157][620/621]  Loss -8.5448 (-5.0420)
2022-03-29 17:03:32,298:INFO: Train: [158][2593/2594]  Loss -0.4614 (-1.7979)  Time:  0.173 (0.012)  Data Time:  0.004 (0.004)
2022-03-29 17:03:32,299:INFO:   Eta: 0:48:11
2022-03-29 17:03:37,892:INFO: Valid: [158][620/621]  Loss -8.3519 (-4.9565)
2022-03-29 17:04:07,439:INFO: Train: [159][2593/2594]  Loss -0.4841 (-1.6456)  Time:  0.155 (0.011)  Data Time:  0.004 (0.004)
2022-03-29 17:04:07,440:INFO:   Eta: 0:44:46
2022-03-29 17:04:13,059:INFO: Valid: [159][620/621]  Loss -8.5462 (-5.0473)
2022-03-29 17:04:42,216:INFO: Train: [160][2593/2594]  Loss -0.4264 (-1.7568)  Time:  0.169 (0.011)  Data Time:  0.004 (0.004)
2022-03-29 17:04:42,217:INFO:   Eta: 0:43:41
2022-03-29 17:04:48,183:INFO: Valid: [160][620/621]  Loss -8.7277 (-5.1568)
2022-03-29 17:04:48,201:INFO: Checkpoint saved...
2022-03-29 17:04:57,881:INFO: Test: [160]  ADE: 0.4481  FDE: 0.7481
2022-03-29 17:05:25,941:INFO: Train: [161][2593/2594]  Loss -0.4973 (-1.7872)  Time:  0.148 (0.011)  Data Time:  0.003 (0.004)
2022-03-29 17:05:25,942:INFO:   Eta: 0:41:36
2022-03-29 17:05:31,334:INFO: Valid: [161][620/621]  Loss -8.5427 (-5.0571)
2022-03-29 17:05:59,283:INFO: Train: [162][2593/2594]  Loss -0.4709 (-1.7597)  Time:  0.154 (0.011)  Data Time:  0.004 (0.003)
2022-03-29 17:05:59,284:INFO:   Eta: 0:40:56
2022-03-29 17:06:04,577:INFO: Valid: [162][620/621]  Loss -7.6051 (-4.5309)
2022-03-29 17:06:34,855:INFO: Train: [163][2593/2594]  Loss -0.4681 (-1.7632)  Time:  0.160 (0.012)  Data Time:  0.004 (0.004)
2022-03-29 17:06:34,857:INFO:   Eta: 0:43:52
2022-03-29 17:06:40,365:INFO: Valid: [163][620/621]  Loss -8.5793 (-5.0788)
2022-03-29 17:07:10,907:INFO: Train: [164][2593/2594]  Loss -0.4693 (-1.7728)  Time:  0.165 (0.012)  Data Time:  0.004 (0.004)
2022-03-29 17:07:10,909:INFO:   Eta: 0:43:44
2022-03-29 17:07:16,571:INFO: Valid: [164][620/621]  Loss -8.0661 (-4.7939)
2022-03-29 17:07:48,891:INFO: Train: [165][2593/2594]  Loss -0.4677 (-1.8018)  Time:  0.215 (0.012)  Data Time:  0.005 (0.005)
2022-03-29 17:07:48,892:INFO:   Eta: 0:45:44
2022-03-29 17:07:54,558:INFO: Valid: [165][620/621]  Loss -8.3122 (-4.9325)
2022-03-29 17:08:26,494:INFO: Train: [166][2593/2594]  Loss -0.4938 (-1.7810)  Time:  0.166 (0.012)  Data Time:  0.004 (0.004)
2022-03-29 17:08:26,496:INFO:   Eta: 0:44:40
2022-03-29 17:08:32,140:INFO: Valid: [166][620/621]  Loss -8.3492 (-4.9616)
2022-03-29 17:09:03,805:INFO: Train: [167][2593/2594]  Loss -0.5442 (-1.7810)  Time:  0.160 (0.012)  Data Time:  0.003 (0.005)
2022-03-29 17:09:03,806:INFO:   Eta: 0:43:45
2022-03-29 17:09:09,442:INFO: Valid: [167][620/621]  Loss -7.3962 (-4.3942)
2022-03-29 17:09:38,520:INFO: Train: [168][2593/2594]  Loss -0.4711 (-1.7427)  Time:  0.161 (0.011)  Data Time:  0.004 (0.004)
2022-03-29 17:09:38,521:INFO:   Eta: 0:39:42
2022-03-29 17:09:43,900:INFO: Valid: [168][620/621]  Loss -8.5311 (-5.0293)
2022-03-29 17:10:14,917:INFO: Train: [169][2593/2594]  Loss -0.4128 (-1.7654)  Time:  0.201 (0.012)  Data Time:  0.004 (0.004)
2022-03-29 17:10:14,918:INFO:   Eta: 0:41:49
2022-03-29 17:10:20,639:INFO: Valid: [169][620/621]  Loss -8.1420 (-4.8558)
2022-03-29 17:10:48,333:INFO: Train: [170][2593/2594]  Loss -0.4369 (-1.7142)  Time:  0.138 (0.011)  Data Time:  0.003 (0.003)
2022-03-29 17:10:48,539:INFO:   Eta: 0:36:53
2022-03-29 17:10:53,916:INFO: Valid: [170][620/621]  Loss -8.5248 (-5.0552)
2022-03-29 17:11:03,651:INFO: Test: [170]  ADE: 0.4269  FDE: 0.6795
2022-03-29 17:11:32,145:INFO: Train: [171][2593/2594]  Loss -0.4781 (-1.6003)  Time:  0.156 (0.011)  Data Time:  0.004 (0.003)
2022-03-29 17:11:32,148:INFO:   Eta: 0:37:29
2022-03-29 17:11:37,718:INFO: Valid: [171][620/621]  Loss -8.7770 (-5.1823)
2022-03-29 17:11:37,750:INFO: Checkpoint saved...
2022-03-29 17:12:07,089:INFO: Train: [172][2593/2594]  Loss -0.4209 (-1.7627)  Time:  0.181 (0.011)  Data Time:  0.004 (0.004)
2022-03-29 17:12:07,091:INFO:   Eta: 0:38:05
2022-03-29 17:12:12,729:INFO: Valid: [172][620/621]  Loss -8.6498 (-5.1014)
2022-03-29 17:12:42,864:INFO: Train: [173][2593/2594]  Loss -0.4935 (-1.7978)  Time:  0.176 (0.012)  Data Time:  0.005 (0.004)
2022-03-29 17:12:42,865:INFO:   Eta: 0:38:38
2022-03-29 17:12:48,454:INFO: Valid: [173][620/621]  Loss -8.4641 (-4.9935)
2022-03-29 17:13:20,372:INFO: Train: [174][2593/2594]  Loss -0.4899 (-1.7438)  Time:  0.170 (0.012)  Data Time:  0.004 (0.005)
2022-03-29 17:13:20,397:INFO:   Eta: 0:40:18
2022-03-29 17:13:26,025:INFO: Valid: [174][620/621]  Loss -8.6488 (-5.1135)
2022-03-29 17:13:57,569:INFO: Train: [175][2593/2594]  Loss -0.4593 (-1.8143)  Time:  0.165 (0.012)  Data Time:  0.005 (0.004)
2022-03-29 17:13:57,570:INFO:   Eta: 0:39:22
2022-03-29 17:14:03,415:INFO: Valid: [175][620/621]  Loss -8.7043 (-5.1540)
2022-03-29 17:14:35,083:INFO: Train: [176][2593/2594]  Loss -0.4409 (-1.8256)  Time:  0.173 (0.012)  Data Time:  0.004 (0.004)
2022-03-29 17:14:35,084:INFO:   Eta: 0:39:01
2022-03-29 17:14:40,849:INFO: Valid: [176][620/621]  Loss -8.6946 (-5.1365)
2022-03-29 17:15:10,350:INFO: Train: [177][2593/2594]  Loss -0.4265 (-1.6562)  Time:  0.153 (0.011)  Data Time:  0.004 (0.004)
2022-03-29 17:15:10,351:INFO:   Eta: 0:35:51
2022-03-29 17:15:16,039:INFO: Valid: [177][620/621]  Loss -8.3927 (-4.9847)
2022-03-29 17:15:47,296:INFO: Train: [178][2593/2594]  Loss -0.4597 (-1.5953)  Time:  0.160 (0.012)  Data Time:  0.004 (0.004)
2022-03-29 17:15:47,297:INFO:   Eta: 0:37:28
2022-03-29 17:15:53,287:INFO: Valid: [178][620/621]  Loss -8.6322 (-5.1155)
2022-03-29 17:16:24,669:INFO: Train: [179][2593/2594]  Loss -0.5192 (-1.7796)  Time:  0.200 (0.012)  Data Time:  0.003 (0.004)
2022-03-29 17:16:24,669:INFO:   Eta: 0:37:05
2022-03-29 17:16:30,424:INFO: Valid: [179][620/621]  Loss -8.6583 (-5.1042)
2022-03-29 17:17:01,724:INFO: Train: [180][2593/2594]  Loss -0.4763 (-1.5640)  Time:  0.139 (0.012)  Data Time:  0.003 (0.004)
2022-03-29 17:17:01,725:INFO:   Eta: 0:36:28
2022-03-29 17:17:07,104:INFO: Valid: [180][620/621]  Loss -8.5747 (-5.0720)
2022-03-29 17:17:16,819:INFO: Test: [180]  ADE: 0.4536  FDE: 0.7480
2022-03-29 17:17:45,090:INFO: Train: [181][2593/2594]  Loss -0.4613 (-1.8095)  Time:  0.150 (0.011)  Data Time:  0.003 (0.004)
2022-03-29 17:17:45,091:INFO:   Eta: 0:32:29
2022-03-29 17:17:50,586:INFO: Valid: [181][620/621]  Loss -8.8105 (-5.2044)
2022-03-29 17:17:50,603:INFO: Checkpoint saved...
2022-03-29 17:18:17,439:INFO: Train: [182][2593/2594]  Loss -0.4943 (-1.6840)  Time:  0.135 (0.010)  Data Time:  0.003 (0.003)
2022-03-29 17:18:17,441:INFO:   Eta: 0:30:22
2022-03-29 17:18:23,027:INFO: Valid: [182][620/621]  Loss -8.6592 (-5.1271)
2022-03-29 17:18:52,187:INFO: Train: [183][2593/2594]  Loss -0.4765 (-1.8170)  Time:  0.163 (0.011)  Data Time:  0.003 (0.004)
2022-03-29 17:18:52,188:INFO:   Eta: 0:32:31
2022-03-29 17:18:58,178:INFO: Valid: [183][620/621]  Loss -8.5216 (-5.0132)
2022-03-29 17:19:29,647:INFO: Train: [184][2593/2594]  Loss -0.4893 (-1.8075)  Time:  0.174 (0.012)  Data Time:  0.005 (0.005)
2022-03-29 17:19:29,648:INFO:   Eta: 0:34:33
2022-03-29 17:19:35,455:INFO: Valid: [184][620/621]  Loss -8.7309 (-5.1445)
2022-03-29 17:20:07,006:INFO: Train: [185][2593/2594]  Loss -0.4343 (-1.7967)  Time:  0.142 (0.012)  Data Time:  0.004 (0.004)
2022-03-29 17:20:07,007:INFO:   Eta: 0:34:08
2022-03-29 17:20:12,907:INFO: Valid: [185][620/621]  Loss -8.5650 (-5.0763)
2022-03-29 17:20:42,672:INFO: Train: [186][2593/2594]  Loss -0.5404 (-1.7189)  Time:  0.159 (0.011)  Data Time:  0.003 (0.004)
2022-03-29 17:20:42,673:INFO:   Eta: 0:31:42
2022-03-29 17:20:48,330:INFO: Valid: [186][620/621]  Loss -8.3662 (-4.9782)
2022-03-29 17:21:20,097:INFO: Train: [187][2593/2594]  Loss -0.4899 (-1.8080)  Time:  0.161 (0.012)  Data Time:  0.004 (0.004)
2022-03-29 17:21:20,098:INFO:   Eta: 0:33:17
2022-03-29 17:21:26,009:INFO: Valid: [187][620/621]  Loss -8.5182 (-5.0575)
2022-03-29 17:21:57,752:INFO: Train: [188][2593/2594]  Loss -0.4790 (-1.8091)  Time:  0.160 (0.012)  Data Time:  0.005 (0.004)
2022-03-29 17:21:57,753:INFO:   Eta: 0:32:45
2022-03-29 17:22:03,552:INFO: Valid: [188][620/621]  Loss -8.6674 (-5.1183)
2022-03-29 17:22:35,318:INFO: Train: [189][2593/2594]  Loss -0.5015 (-1.8178)  Time:  0.157 (0.012)  Data Time:  0.004 (0.004)
2022-03-29 17:22:35,319:INFO:   Eta: 0:32:16
2022-03-29 17:22:40,971:INFO: Valid: [189][620/621]  Loss -8.4510 (-4.9859)
2022-03-29 17:23:12,660:INFO: Train: [190][2593/2594]  Loss -0.5151 (-1.8357)  Time:  0.165 (0.012)  Data Time:  0.004 (0.004)
2022-03-29 17:23:12,662:INFO:   Eta: 0:31:39
2022-03-29 17:23:18,422:INFO: Valid: [190][620/621]  Loss -8.4917 (-5.0330)
2022-03-29 17:23:28,525:INFO: Test: [190]  ADE: 0.4483  FDE: 0.7112
2022-03-29 17:23:56,765:INFO: Train: [191][2593/2594]  Loss -0.4765 (-1.7907)  Time:  0.144 (0.011)  Data Time:  0.003 (0.004)
2022-03-29 17:23:56,766:INFO:   Eta: 0:27:45
2022-03-29 17:24:02,429:INFO: Valid: [191][620/621]  Loss -8.5843 (-5.0358)
2022-03-29 17:24:29,769:INFO: Train: [192][2593/2594]  Loss -0.4941 (-1.7961)  Time:  0.141 (0.011)  Data Time:  0.003 (0.003)
2022-03-29 17:24:29,770:INFO:   Eta: 0:26:23
2022-03-29 17:24:35,104:INFO: Valid: [192][620/621]  Loss -8.6224 (-5.0888)
2022-03-29 17:25:03,102:INFO: Train: [193][2593/2594]  Loss -0.4697 (-1.7203)  Time:  0.146 (0.011)  Data Time:  0.004 (0.004)
2022-03-29 17:25:03,103:INFO:   Eta: 0:26:34
2022-03-29 17:25:08,484:INFO: Valid: [193][620/621]  Loss -8.2912 (-4.9260)
2022-03-29 17:25:38,776:INFO: Train: [194][2593/2594]  Loss -0.5251 (-1.7918)  Time:  0.175 (0.012)  Data Time:  0.005 (0.004)
2022-03-29 17:25:38,776:INFO:   Eta: 0:28:14
2022-03-29 17:25:44,439:INFO: Valid: [194][620/621]  Loss -8.5825 (-5.0850)
2022-03-29 17:26:12,921:INFO: Train: [195][2593/2594]  Loss -0.4656 (-1.8369)  Time:  0.197 (0.011)  Data Time:  0.003 (0.004)
2022-03-29 17:26:12,922:INFO:   Eta: 0:26:04
2022-03-29 17:26:18,623:INFO: Valid: [195][620/621]  Loss -7.8930 (-4.6980)
2022-03-29 17:26:50,781:INFO: Train: [196][2593/2594]  Loss -0.4260 (-1.7946)  Time:  0.187 (0.012)  Data Time:  0.004 (0.004)
2022-03-29 17:26:50,782:INFO:   Eta: 0:28:54
2022-03-29 17:26:56,729:INFO: Valid: [196][620/621]  Loss -8.2969 (-4.9358)
2022-03-29 17:27:28,321:INFO: Train: [197][2593/2594]  Loss -0.4861 (-1.8267)  Time:  0.176 (0.012)  Data Time:  0.005 (0.004)
2022-03-29 17:27:28,321:INFO:   Eta: 0:27:52
2022-03-29 17:27:33,998:INFO: Valid: [197][620/621]  Loss -8.6757 (-5.1254)
2022-03-29 17:28:05,228:INFO: Train: [198][2593/2594]  Loss -0.5065 (-1.7909)  Time:  0.175 (0.012)  Data Time:  0.005 (0.004)
2022-03-29 17:28:05,316:INFO:   Eta: 0:27:02
2022-03-29 17:28:10,887:INFO: Valid: [198][620/621]  Loss -8.1490 (-4.8486)
2022-03-29 17:28:42,167:INFO: Train: [199][2593/2594]  Loss -0.4802 (-1.7110)  Time:  0.185 (0.012)  Data Time:  0.005 (0.004)
2022-03-29 17:28:42,178:INFO:   Eta: 0:26:33
2022-03-29 17:28:48,158:INFO: Valid: [199][620/621]  Loss -8.7157 (-5.1440)
2022-03-29 17:29:19,368:INFO: Train: [200][2593/2594]  Loss -0.4514 (-1.7957)  Time:  0.149 (0.012)  Data Time:  0.004 (0.004)
2022-03-29 17:29:19,369:INFO:   Eta: 0:25:58
2022-03-29 17:29:25,187:INFO: Valid: [200][620/621]  Loss -7.9861 (-4.7565)
2022-03-29 17:29:35,109:INFO: Test: [200]  ADE: 0.4325  FDE: 0.6514
2022-03-29 17:30:05,518:INFO: Train: [201][2593/2594]  Loss -0.4730 (-1.4951)  Time:  0.169 (0.012)  Data Time:  0.004 (0.004)
2022-03-29 17:30:05,519:INFO:   Eta: 0:24:37
2022-03-29 17:30:11,299:INFO: Valid: [201][620/621]  Loss -8.6948 (-5.1527)
2022-03-29 17:30:39,970:INFO: Train: [202][2593/2594]  Loss -0.5096 (-1.7775)  Time:  0.158 (0.011)  Data Time:  0.003 (0.004)
2022-03-29 17:30:39,971:INFO:   Eta: 0:22:54
2022-03-29 17:30:45,122:INFO: Valid: [202][620/621]  Loss -8.0054 (-4.7662)
2022-03-29 17:31:13,058:INFO: Train: [203][2593/2594]  Loss -0.4343 (-1.8070)  Time:  0.147 (0.011)  Data Time:  0.004 (0.004)
2022-03-29 17:31:13,059:INFO:   Eta: 0:21:51
2022-03-29 17:31:18,767:INFO: Valid: [203][620/621]  Loss -8.1595 (-4.8366)
2022-03-29 17:31:44,303:INFO: Train: [204][2593/2594]  Loss -0.4448 (-1.8313)  Time:  0.156 (0.010)  Data Time:  0.003 (0.003)
2022-03-29 17:31:44,380:INFO:   Eta: 0:19:33
2022-03-29 17:31:49,805:INFO: Valid: [204][620/621]  Loss -7.9822 (-4.7479)
2022-03-29 17:32:20,510:INFO: Train: [205][2593/2594]  Loss -0.4479 (-1.8185)  Time:  0.173 (0.011)  Data Time:  0.004 (0.004)
2022-03-29 17:32:20,569:INFO:   Eta: 0:22:09
2022-03-29 17:32:26,588:INFO: Valid: [205][620/621]  Loss -8.7780 (-5.2041)
2022-03-29 17:32:58,503:INFO: Train: [206][2593/2594]  Loss -0.4693 (-1.8283)  Time:  0.164 (0.012)  Data Time:  0.003 (0.004)
2022-03-29 17:32:58,689:INFO:   Eta: 0:23:08
2022-03-29 17:33:04,724:INFO: Valid: [206][620/621]  Loss -8.6829 (-5.1455)
2022-03-29 17:33:36,538:INFO: Train: [207][2593/2594]  Loss -0.4351 (-1.8124)  Time:  0.169 (0.012)  Data Time:  0.005 (0.004)
2022-03-29 17:33:36,539:INFO:   Eta: 0:22:45
2022-03-29 17:33:43,777:INFO: Valid: [207][620/621]  Loss -8.4390 (-4.9906)
2022-03-29 17:34:15,982:INFO: Train: [208][2593/2594]  Loss -0.4846 (-1.5669)  Time:  0.204 (0.012)  Data Time:  0.005 (0.005)
2022-03-29 17:34:15,983:INFO:   Eta: 0:22:01
2022-03-29 17:34:21,904:INFO: Valid: [208][620/621]  Loss -8.6292 (-5.1195)
2022-03-29 17:34:54,042:INFO: Train: [209][2593/2594]  Loss -0.4733 (-1.8179)  Time:  0.193 (0.012)  Data Time:  0.004 (0.005)
2022-03-29 17:34:54,162:INFO:   Eta: 0:21:56
2022-03-29 17:35:02,948:INFO: Valid: [209][620/621]  Loss -8.4010 (-4.9799)
2022-03-29 17:35:36,286:INFO: Train: [210][2593/2594]  Loss -0.4024 (-1.8078)  Time:  0.199 (0.011)  Data Time:  0.005 (0.004)
2022-03-29 17:35:36,391:INFO:   Eta: 0:19:45
2022-03-29 17:35:42,018:INFO: Valid: [210][620/621]  Loss -8.2327 (-4.8415)
2022-03-29 17:35:52,973:INFO: Test: [210]  ADE: 0.4829  FDE: 0.8310
2022-03-29 17:36:24,597:INFO: Train: [211][2593/2594]  Loss -0.4976 (-1.6273)  Time:  0.145 (0.012)  Data Time:  0.003 (0.004)
2022-03-29 17:36:24,750:INFO:   Eta: 0:20:32
2022-03-29 17:36:30,741:INFO: Valid: [211][620/621]  Loss -8.5936 (-5.1007)
2022-03-29 17:37:02,606:INFO: Train: [212][2593/2594]  Loss -0.4147 (-1.8073)  Time:  0.162 (0.012)  Data Time:  0.004 (0.004)
2022-03-29 17:37:02,779:INFO:   Eta: 0:20:08
2022-03-29 17:37:08,908:INFO: Valid: [212][620/621]  Loss -8.1006 (-4.8196)
2022-03-29 17:37:38,092:INFO: Train: [213][2593/2594]  Loss -0.4587 (-1.8043)  Time:  0.125 (0.010)  Data Time:  0.002 (0.003)
2022-03-29 17:37:38,094:INFO:   Eta: 0:15:29
2022-03-29 17:37:43,903:INFO: Valid: [213][620/621]  Loss -8.0628 (-4.8125)
2022-03-29 17:38:13,416:INFO: Train: [214][2593/2594]  Loss -0.4483 (-1.8228)  Time:  0.143 (0.011)  Data Time:  0.004 (0.003)
2022-03-29 17:38:13,417:INFO:   Eta: 0:16:46
2022-03-29 17:38:18,731:INFO: Valid: [214][620/621]  Loss -8.3565 (-4.9563)
2022-03-29 17:38:46,526:INFO: Train: [215][2593/2594]  Loss -0.4738 (-1.8389)  Time:  0.151 (0.011)  Data Time:  0.003 (0.004)
2022-03-29 17:38:46,528:INFO:   Eta: 0:16:11
2022-03-29 17:38:52,099:INFO: Valid: [215][620/621]  Loss -8.4655 (-5.0418)
2022-03-29 17:39:24,184:INFO: Train: [216][2593/2594]  Loss -0.4683 (-1.8122)  Time:  0.156 (0.012)  Data Time:  0.004 (0.004)
2022-03-29 17:39:24,185:INFO:   Eta: 0:18:09
2022-03-29 17:39:29,906:INFO: Valid: [216][620/621]  Loss -8.5433 (-5.0670)
2022-03-29 17:40:01,866:INFO: Train: [217][2593/2594]  Loss -0.4876 (-1.8030)  Time:  0.163 (0.012)  Data Time:  0.005 (0.004)
2022-03-29 17:40:01,871:INFO:   Eta: 0:17:31
2022-03-29 17:40:07,705:INFO: Valid: [217][620/621]  Loss -8.4079 (-4.9906)
2022-03-29 17:40:39,386:INFO: Train: [218][2593/2594]  Loss -0.4601 (-1.8003)  Time:  0.161 (0.012)  Data Time:  0.004 (0.004)
2022-03-29 17:40:39,387:INFO:   Eta: 0:16:52
2022-03-29 17:40:45,252:INFO: Valid: [218][620/621]  Loss -8.6252 (-5.1058)
2022-03-29 17:41:15,500:INFO: Train: [219][2593/2594]  Loss -0.3171 (-1.8361)  Time:  0.175 (0.012)  Data Time:  0.004 (0.004)
2022-03-29 17:41:15,501:INFO:   Eta: 0:15:36
2022-03-29 17:41:21,030:INFO: Valid: [219][620/621]  Loss -8.5300 (-5.0576)
2022-03-29 17:41:52,823:INFO: Train: [220][2593/2594]  Loss -0.4786 (-1.7737)  Time:  0.178 (0.012)  Data Time:  0.003 (0.004)
2022-03-29 17:41:52,824:INFO:   Eta: 0:15:52
2022-03-29 17:41:58,633:INFO: Valid: [220][620/621]  Loss -8.4615 (-5.0350)
2022-03-29 17:42:08,981:INFO: Test: [220]  ADE: 0.4351  FDE: 0.6600
2022-03-29 17:42:40,564:INFO: Train: [221][2593/2594]  Loss -0.4617 (-1.8097)  Time:  0.160 (0.012)  Data Time:  0.004 (0.004)
2022-03-29 17:42:40,565:INFO:   Eta: 0:15:15
2022-03-29 17:42:46,258:INFO: Valid: [221][620/621]  Loss -8.5616 (-5.0558)
2022-03-29 17:43:15,512:INFO: Train: [222][2593/2594]  Loss -0.5252 (-1.8576)  Time:  0.174 (0.011)  Data Time:  0.004 (0.004)
2022-03-29 17:43:15,513:INFO:   Eta: 0:13:38
2022-03-29 17:43:21,069:INFO: Valid: [222][620/621]  Loss -8.5676 (-5.0827)
2022-03-29 17:43:51,608:INFO: Train: [223][2593/2594]  Loss -0.4642 (-1.7770)  Time:  0.184 (0.012)  Data Time:  0.003 (0.004)
2022-03-29 17:43:51,609:INFO:   Eta: 0:13:43
2022-03-29 17:43:57,349:INFO: Valid: [223][620/621]  Loss -8.3549 (-4.9701)
2022-03-29 17:44:26,792:INFO: Train: [224][2593/2594]  Loss -0.4976 (-1.8182)  Time:  0.139 (0.011)  Data Time:  0.003 (0.003)
2022-03-29 17:44:26,946:INFO:   Eta: 0:11:51
2022-03-29 17:44:32,566:INFO: Valid: [224][620/621]  Loss -8.5884 (-5.0692)
2022-03-29 17:45:02,460:INFO: Train: [225][2593/2594]  Loss -0.4722 (-1.7930)  Time:  0.144 (0.011)  Data Time:  0.004 (0.004)
2022-03-29 17:45:02,461:INFO:   Eta: 0:11:55
2022-03-29 17:45:08,427:INFO: Valid: [225][620/621]  Loss -8.5240 (-5.0514)
2022-03-29 17:45:39,500:INFO: Train: [226][2593/2594]  Loss -0.5302 (-1.7176)  Time:  0.195 (0.012)  Data Time:  0.005 (0.004)
2022-03-29 17:45:39,501:INFO:   Eta: 0:12:24
2022-03-29 17:45:46,353:INFO: Valid: [226][620/621]  Loss -8.1833 (-4.8609)
2022-03-29 17:46:18,420:INFO: Train: [227][2593/2594]  Loss -0.4550 (-1.7221)  Time:  0.168 (0.012)  Data Time:  0.005 (0.005)
2022-03-29 17:46:18,421:INFO:   Eta: 0:12:14
2022-03-29 17:46:23,997:INFO: Valid: [227][620/621]  Loss -8.1879 (-4.8779)
2022-03-29 17:46:54,529:INFO: Train: [228][2593/2594]  Loss -0.5023 (-1.7028)  Time:  0.157 (0.012)  Data Time:  0.003 (0.004)
2022-03-29 17:46:54,530:INFO:   Eta: 0:11:11
2022-03-29 17:47:00,155:INFO: Valid: [228][620/621]  Loss -8.2471 (-4.9044)
2022-03-29 17:47:32,306:INFO: Train: [229][2593/2594]  Loss -0.5102 (-1.8031)  Time:  0.180 (0.012)  Data Time:  0.005 (0.004)
2022-03-29 17:47:32,307:INFO:   Eta: 0:11:14
2022-03-29 17:47:37,757:INFO: Valid: [229][620/621]  Loss -8.4065 (-4.9755)
2022-03-29 17:48:05,828:INFO: Train: [230][2593/2594]  Loss -0.4505 (-1.6055)  Time:  0.178 (0.011)  Data Time:  0.003 (0.003)
2022-03-29 17:48:05,830:INFO:   Eta: 0:09:20
2022-03-29 17:48:12,059:INFO: Valid: [230][620/621]  Loss -8.6061 (-5.0885)
2022-03-29 17:48:21,582:INFO: Test: [230]  ADE: 0.4327  FDE: 0.7082
2022-03-29 17:48:49,113:INFO: Train: [231][2593/2594]  Loss -0.4237 (-1.8352)  Time:  0.158 (0.011)  Data Time:  0.003 (0.003)
2022-03-29 17:48:49,115:INFO:   Eta: 0:08:42
2022-03-29 17:48:54,603:INFO: Valid: [231][620/621]  Loss -7.9529 (-4.7276)
2022-03-29 17:49:21,916:INFO: Train: [232][2593/2594]  Loss -0.4274 (-1.6747)  Time:  0.150 (0.011)  Data Time:  0.003 (0.003)
2022-03-29 17:49:21,918:INFO:   Eta: 0:08:11
2022-03-29 17:49:27,565:INFO: Valid: [232][620/621]  Loss -8.6610 (-5.1406)
2022-03-29 17:49:54,907:INFO: Train: [233][2593/2594]  Loss -0.4694 (-1.8235)  Time:  0.150 (0.011)  Data Time:  0.004 (0.003)
2022-03-29 17:49:54,908:INFO:   Eta: 0:07:44
2022-03-29 17:50:00,405:INFO: Valid: [233][620/621]  Loss -8.3345 (-4.9396)
2022-03-29 17:50:25,366:INFO: Train: [234][2593/2594]  Loss -0.4729 (-1.8518)  Time:  0.118 (0.010)  Data Time:  0.002 (0.003)
2022-03-29 17:50:25,367:INFO:   Eta: 0:06:38
2022-03-29 17:50:30,566:INFO: Valid: [234][620/621]  Loss -8.2665 (-4.9097)
2022-03-29 17:50:54,502:INFO: Train: [235][2593/2594]  Loss -0.4557 (-1.8569)  Time:  0.175 (0.009)  Data Time:  0.003 (0.002)
2022-03-29 17:50:54,502:INFO:   Eta: 0:05:58
2022-03-29 17:51:00,034:INFO: Valid: [235][620/621]  Loss -8.3790 (-4.9627)
2022-03-29 17:51:23,741:INFO: Train: [236][2593/2594]  Loss -0.4913 (-1.8453)  Time:  0.183 (0.009)  Data Time:  0.001 (0.002)
2022-03-29 17:51:23,742:INFO:   Eta: 0:05:31
2022-03-29 17:51:29,072:INFO: Valid: [236][620/621]  Loss -8.4844 (-5.0340)
2022-03-29 17:51:49,885:INFO: Train: [237][2593/2594]  Loss -0.4900 (-1.7258)  Time:  0.146 (0.008)  Data Time:  0.003 (0.002)
2022-03-29 17:51:49,886:INFO:   Eta: 0:04:30
2022-03-29 17:51:55,333:INFO: Valid: [237][620/621]  Loss -8.4191 (-5.0028)
2022-03-29 17:52:18,176:INFO: Train: [238][2593/2594]  Loss -0.4436 (-1.8355)  Time:  0.132 (0.009)  Data Time:  0.003 (0.002)
2022-03-29 17:52:18,177:INFO:   Eta: 0:04:33
2022-03-29 17:52:23,999:INFO: Valid: [238][620/621]  Loss -8.4942 (-5.0448)
2022-03-29 17:52:47,357:INFO: Train: [239][2593/2594]  Loss -0.4230 (-1.7413)  Time:  0.161 (0.009)  Data Time:  0.002 (0.002)
2022-03-29 17:52:47,359:INFO:   Eta: 0:04:16
2022-03-29 17:52:52,909:INFO: Valid: [239][620/621]  Loss -8.5569 (-5.0660)
2022-03-29 17:53:15,819:INFO: Train: [240][2593/2594]  Loss -0.4745 (-1.7290)  Time:  0.124 (0.009)  Data Time:  0.003 (0.002)
2022-03-29 17:53:15,820:INFO:   Eta: 0:03:48
2022-03-29 17:53:21,288:INFO: Valid: [240][620/621]  Loss -8.4357 (-5.0044)
2022-03-29 17:53:30,667:INFO: Test: [240]  ADE: 0.4239  FDE: 0.6752
2022-03-29 17:53:53,544:INFO: Train: [241][2593/2594]  Loss -0.5378 (-1.8017)  Time:  0.143 (0.009)  Data Time:  0.002 (0.002)
2022-03-29 17:53:53,545:INFO:   Eta: 0:03:25
2022-03-29 17:53:59,065:INFO: Valid: [241][620/621]  Loss -8.3672 (-4.9681)
2022-03-29 17:54:22,283:INFO: Train: [242][2593/2594]  Loss -0.5216 (-1.6875)  Time:  0.124 (0.009)  Data Time:  0.003 (0.002)
2022-03-29 17:54:22,284:INFO:   Eta: 0:03:05
2022-03-29 17:54:27,651:INFO: Valid: [242][620/621]  Loss -8.6569 (-5.1308)
2022-03-29 17:54:50,693:INFO: Train: [243][2593/2594]  Loss -0.4949 (-1.8066)  Time:  0.127 (0.009)  Data Time:  0.002 (0.002)
2022-03-29 17:54:50,693:INFO:   Eta: 0:02:41
2022-03-29 17:54:55,964:INFO: Valid: [243][620/621]  Loss -8.3048 (-4.9380)
2022-03-29 17:55:18,995:INFO: Train: [244][2593/2594]  Loss -0.4346 (-1.8280)  Time:  0.144 (0.009)  Data Time:  0.001 (0.002)
2022-03-29 17:55:19,003:INFO:   Eta: 0:02:18
2022-03-29 17:55:24,428:INFO: Valid: [244][620/621]  Loss -8.2787 (-4.9075)
2022-03-29 17:55:46,226:INFO: Train: [245][2593/2594]  Loss -0.5013 (-1.7254)  Time:  0.123 (0.008)  Data Time:  0.002 (0.002)
2022-03-29 17:55:46,229:INFO:   Eta: 0:01:48
2022-03-29 17:55:51,629:INFO: Valid: [245][620/621]  Loss -8.3308 (-4.9358)
2022-03-29 17:56:12,061:INFO: Train: [246][2593/2594]  Loss -0.4800 (-1.8466)  Time:  0.114 (0.008)  Data Time:  0.001 (0.001)
2022-03-29 17:56:12,064:INFO:   Eta: 0:01:21
2022-03-29 17:56:17,386:INFO: Valid: [246][620/621]  Loss -8.3995 (-4.9814)
2022-03-29 17:56:37,853:INFO: Train: [247][2593/2594]  Loss -0.4924 (-1.7057)  Time:  0.116 (0.008)  Data Time:  0.000 (0.001)
2022-03-29 17:56:37,855:INFO:   Eta: 0:01:01
2022-03-29 17:56:43,121:INFO: Valid: [247][620/621]  Loss -8.3927 (-4.9818)
2022-03-29 17:57:03,603:INFO: Train: [248][2593/2594]  Loss -0.4764 (-1.8036)  Time:  0.113 (0.008)  Data Time:  0.001 (0.001)
2022-03-29 17:57:03,617:INFO:   Eta: 0:00:40
2022-03-29 17:57:09,172:INFO: Valid: [248][620/621]  Loss -8.4010 (-5.0028)
2022-03-29 17:57:31,396:INFO: Train: [249][2593/2594]  Loss -0.5315 (-1.8301)  Time:  0.134 (0.009)  Data Time:  0.003 (0.002)
2022-03-29 17:57:31,398:INFO:   Eta: 0:00:22
2022-03-29 17:57:37,014:INFO: Valid: [249][620/621]  Loss -7.4146 (-4.4381)
