2022-04-08 03:56:53,334:INFO: batch_size=128
2022-04-08 03:56:53,334:INFO: clip_grad=None
2022-04-08 03:56:53,334:INFO: dataset=hotel
2022-04-08 03:56:53,334:INFO: drop=0.5
2022-04-08 03:56:53,335:INFO: gpu_num=0
2022-04-08 03:56:53,335:INFO: input_size=2
2022-04-08 03:56:53,335:INFO: kernel_size=3
2022-04-08 03:56:53,335:INFO: lr=0.01
2022-04-08 03:56:53,335:INFO: lr_sh_rate=150
2022-04-08 03:56:53,335:INFO: model=social_stgcnn9
2022-04-08 03:56:53,335:INFO: n_stgcnn=1
2022-04-08 03:56:53,335:INFO: n_txpcnn=5
2022-04-08 03:56:53,335:INFO: num_epochs=250
2022-04-08 03:56:53,335:INFO: obs_seq_len=8
2022-04-08 03:56:53,335:INFO: output_size=5
2022-04-08 03:56:53,335:INFO: pred_seq_len=12
2022-04-08 03:56:53,335:INFO: seed=0
2022-04-08 03:56:53,335:INFO: tag=hotel
2022-04-08 03:56:53,335:INFO: use_lrschd=True
2022-04-08 03:56:53,335:INFO: ******************************
2022-04-08 03:56:53,335:INFO: Training initiating....
2022-04-08 03:56:53,335:INFO: Namespace(batch_size=128, clip_grad=None, dataset='hotel', drop=0.5, gpu_num='0', input_size=2, kernel_size=3, lr=0.01, lr_sh_rate=150, model='social_stgcnn9', n_stgcnn=1, n_txpcnn=5, num_epochs=250, obs_seq_len=8, output_size=5, pred_seq_len=12, seed=0, tag='hotel', use_lrschd=True)
2022-04-08 03:56:53,341:INFO: Initializing train dataset
2022-04-08 03:57:10,536:INFO: Initializing val dataset
2022-04-08 03:57:32,114:INFO: social_stgcnn9
2022-04-08 03:57:32,116:INFO: Data and model loaded
2022-04-08 03:57:32,116:INFO: Checkpoint dir: ./runs/Apr08_03-56-53_node07/hotel/checkpoint
2022-04-08 03:57:32,116:INFO: Training started ...
2022-04-08 03:58:13,504:INFO: Train: [0][2593/2594]  Loss 0.2281 (1.3747)  Time:  0.231 (0.016)  Data Time:  0.004 (0.004)
2022-04-08 03:58:13,507:INFO:   Eta: 2:52:22
2022-04-08 03:58:52,907:INFO: Train: [1][2593/2594]  Loss 0.1098 (0.6632)  Time:  0.233 (0.015)  Data Time:  0.005 (0.005)
2022-04-08 03:58:52,921:INFO:   Eta: 2:43:24
2022-04-08 03:59:33,202:INFO: Train: [2][2593/2594]  Loss 0.1528 (0.3345)  Time:  0.239 (0.016)  Data Time:  0.004 (0.004)
2022-04-08 03:59:33,203:INFO:   Eta: 2:46:14
2022-04-08 04:00:13,891:INFO: Train: [3][2593/2594]  Loss 0.0301 (0.2273)  Time:  0.240 (0.016)  Data Time:  0.004 (0.004)
2022-04-08 04:00:13,892:INFO:   Eta: 2:47:23
2022-04-08 04:00:53,857:INFO: Train: [4][2593/2594]  Loss -0.0460 (0.1211)  Time:  0.203 (0.015)  Data Time:  0.004 (0.004)
2022-04-08 04:00:53,858:INFO:   Eta: 2:43:45
2022-04-08 04:01:30,275:INFO: Train: [5][2593/2594]  Loss -0.0799 (0.0907)  Time:  0.197 (0.014)  Data Time:  0.002 (0.003)
2022-04-08 04:01:30,277:INFO:   Eta: 2:28:36
2022-04-08 04:02:04,636:INFO: Train: [6][2593/2594]  Loss -0.0991 (0.0306)  Time:  0.197 (0.013)  Data Time:  0.004 (0.003)
2022-04-08 04:02:04,638:INFO:   Eta: 2:19:37
2022-04-08 04:02:18,003:INFO: Test: [6]  ADE: 1.1403  FDE: 1.7001
2022-04-08 04:02:54,722:INFO: Train: [7][2593/2594]  Loss -0.1392 (-0.2320)  Time:  0.247 (0.014)  Data Time:  0.003 (0.004)
2022-04-08 04:02:54,723:INFO:   Eta: 2:28:34
2022-04-08 04:03:31,423:INFO: Train: [8][2593/2594]  Loss -0.1552 (-0.2932)  Time:  0.233 (0.014)  Data Time:  0.004 (0.004)
2022-04-08 04:03:31,424:INFO:   Eta: 2:27:55
2022-04-08 04:04:08,837:INFO: Train: [9][2593/2594]  Loss -0.0774 (-0.2924)  Time:  0.220 (0.014)  Data Time:  0.004 (0.004)
2022-04-08 04:04:08,838:INFO:   Eta: 2:30:10
2022-04-08 04:04:49,363:INFO: Train: [10][2593/2594]  Loss 0.0809 (-0.3583)  Time:  0.209 (0.016)  Data Time:  0.004 (0.004)
2022-04-08 04:04:49,364:INFO:   Eta: 2:42:00
2022-04-08 04:05:29,911:INFO: Train: [11][2593/2594]  Loss -0.1725 (-0.2616)  Time:  0.220 (0.016)  Data Time:  0.005 (0.004)
2022-04-08 04:05:29,912:INFO:   Eta: 2:41:24
2022-04-08 04:06:10,076:INFO: Train: [12][2593/2594]  Loss 0.0274 (-0.4398)  Time:  0.209 (0.015)  Data Time:  0.005 (0.004)
2022-04-08 04:06:10,080:INFO:   Eta: 2:39:12
2022-04-08 04:06:48,980:INFO: Train: [13][2593/2594]  Loss -0.1987 (-0.4278)  Time:  0.210 (0.015)  Data Time:  0.004 (0.004)
2022-04-08 04:06:48,983:INFO:   Eta: 2:33:31
2022-04-08 04:07:25,153:INFO: Train: [14][2593/2594]  Loss -0.0681 (-0.5810)  Time:  0.193 (0.014)  Data Time:  0.004 (0.003)
2022-04-08 04:07:25,154:INFO:   Eta: 2:22:09
2022-04-08 04:08:05,713:INFO: Train: [15][2593/2594]  Loss -0.1774 (-0.5768)  Time:  0.199 (0.016)  Data Time:  0.005 (0.004)
2022-04-08 04:08:05,715:INFO:   Eta: 2:38:45
2022-04-08 04:08:46,084:INFO: Train: [16][2593/2594]  Loss -0.1499 (-0.3904)  Time:  0.260 (0.016)  Data Time:  0.003 (0.004)
2022-04-08 04:08:46,086:INFO:   Eta: 2:37:20
2022-04-08 04:08:59,837:INFO: Test: [16]  ADE: 0.9091  FDE: 1.3529
2022-04-08 04:09:40,035:INFO: Train: [17][2593/2594]  Loss -0.1971 (-0.5979)  Time:  0.234 (0.015)  Data Time:  0.004 (0.004)
2022-04-08 04:09:40,036:INFO:   Eta: 2:36:00
2022-04-08 04:10:14,481:INFO: Train: [18][2593/2594]  Loss -0.0512 (-0.6463)  Time:  0.183 (0.013)  Data Time:  0.004 (0.004)
2022-04-08 04:10:14,483:INFO:   Eta: 2:13:06
2022-04-08 04:10:49,574:INFO: Train: [19][2593/2594]  Loss -0.2156 (-0.5448)  Time:  0.220 (0.014)  Data Time:  0.004 (0.004)
2022-04-08 04:10:49,576:INFO:   Eta: 2:15:00
2022-04-08 04:11:24,522:INFO: Train: [20][2593/2594]  Loss -0.0910 (-0.7306)  Time:  0.189 (0.013)  Data Time:  0.004 (0.003)
2022-04-08 04:11:24,524:INFO:   Eta: 2:13:53
2022-04-08 04:12:00,418:INFO: Train: [21][2593/2594]  Loss -0.1489 (-0.7029)  Time:  0.188 (0.014)  Data Time:  0.005 (0.004)
2022-04-08 04:12:00,420:INFO:   Eta: 2:16:53
2022-04-08 04:12:36,979:INFO: Train: [22][2593/2594]  Loss -0.2879 (-0.8734)  Time:  0.218 (0.014)  Data Time:  0.003 (0.004)
2022-04-08 04:12:36,980:INFO:   Eta: 2:18:49
2022-04-08 04:13:10,656:INFO: Train: [23][2593/2594]  Loss -0.1530 (-0.7581)  Time:  0.213 (0.013)  Data Time:  0.005 (0.003)
2022-04-08 04:13:10,657:INFO:   Eta: 2:07:18
2022-04-08 04:13:49,075:INFO: Train: [24][2593/2594]  Loss -0.2178 (-0.8134)  Time:  0.233 (0.015)  Data Time:  0.005 (0.005)
2022-04-08 04:13:49,077:INFO:   Eta: 2:24:37
2022-04-08 04:14:27,542:INFO: Train: [25][2593/2594]  Loss -0.1582 (-0.8608)  Time:  0.217 (0.015)  Data Time:  0.004 (0.004)
2022-04-08 04:14:27,543:INFO:   Eta: 2:24:09
2022-04-08 04:15:05,844:INFO: Train: [26][2593/2594]  Loss -0.2052 (-0.9003)  Time:  0.205 (0.015)  Data Time:  0.004 (0.004)
2022-04-08 04:15:05,845:INFO:   Eta: 2:22:54
2022-04-08 04:15:19,137:INFO: Test: [26]  ADE: 0.7859  FDE: 1.1585
2022-04-08 04:15:57,195:INFO: Train: [27][2593/2594]  Loss -0.2845 (-0.9071)  Time:  0.212 (0.015)  Data Time:  0.004 (0.004)
2022-04-08 04:15:57,197:INFO:   Eta: 2:21:21
2022-04-08 04:16:35,338:INFO: Train: [28][2593/2594]  Loss -0.1706 (-0.8591)  Time:  0.201 (0.015)  Data Time:  0.004 (0.004)
2022-04-08 04:16:35,339:INFO:   Eta: 2:21:02
2022-04-08 04:17:11,685:INFO: Train: [29][2593/2594]  Loss -0.1649 (-0.8963)  Time:  0.191 (0.014)  Data Time:  0.003 (0.004)
2022-04-08 04:17:11,686:INFO:   Eta: 2:13:47
2022-04-08 04:17:46,450:INFO: Train: [30][2593/2594]  Loss -0.2150 (-0.9720)  Time:  0.182 (0.013)  Data Time:  0.004 (0.004)
2022-04-08 04:17:46,452:INFO:   Eta: 2:07:23
2022-04-08 04:18:20,412:INFO: Train: [31][2593/2594]  Loss -0.1465 (-0.9401)  Time:  0.181 (0.013)  Data Time:  0.003 (0.003)
2022-04-08 04:18:20,413:INFO:   Eta: 2:03:52
2022-04-08 04:18:50,698:INFO: Train: [32][2593/2594]  Loss -0.2186 (-1.0079)  Time:  0.176 (0.012)  Data Time:  0.002 (0.002)
2022-04-08 04:18:50,699:INFO:   Eta: 1:49:57
2022-04-08 04:19:26,273:INFO: Train: [33][2593/2594]  Loss -0.2022 (-1.0048)  Time:  0.242 (0.014)  Data Time:  0.005 (0.004)
2022-04-08 04:19:26,275:INFO:   Eta: 2:08:34
2022-04-08 04:20:05,503:INFO: Train: [34][2593/2594]  Loss -0.2620 (-0.9519)  Time:  0.195 (0.015)  Data Time:  0.004 (0.004)
2022-04-08 04:20:05,591:INFO:   Eta: 2:21:08
2022-04-08 04:20:45,437:INFO: Train: [35][2593/2594]  Loss -0.2876 (-0.9654)  Time:  0.239 (0.015)  Data Time:  0.004 (0.004)
2022-04-08 04:20:45,442:INFO:   Eta: 2:20:39
2022-04-08 04:21:25,305:INFO: Train: [36][2593/2594]  Loss -0.2452 (-0.9468)  Time:  0.212 (0.015)  Data Time:  0.005 (0.004)
2022-04-08 04:21:25,307:INFO:   Eta: 2:22:04
2022-04-08 04:21:38,822:INFO: Test: [36]  ADE: 0.6367  FDE: 0.9677
2022-04-08 04:22:19,200:INFO: Train: [37][2593/2594]  Loss -0.3856 (-1.0600)  Time:  0.270 (0.016)  Data Time:  0.004 (0.004)
2022-04-08 04:22:19,201:INFO:   Eta: 2:23:13
2022-04-08 04:22:59,512:INFO: Train: [38][2593/2594]  Loss -0.1996 (-1.0854)  Time:  0.208 (0.016)  Data Time:  0.004 (0.005)
2022-04-08 04:22:59,513:INFO:   Eta: 2:22:20
2022-04-08 04:23:39,143:INFO: Train: [39][2593/2594]  Loss -0.2983 (-1.1000)  Time:  0.295 (0.015)  Data Time:  0.005 (0.005)
2022-04-08 04:23:39,145:INFO:   Eta: 2:19:16
2022-04-08 04:24:16,980:INFO: Train: [40][2593/2594]  Loss -0.2084 (-1.0797)  Time:  0.197 (0.015)  Data Time:  0.004 (0.004)
2022-04-08 04:24:16,982:INFO:   Eta: 2:12:20
2022-04-08 04:24:51,056:INFO: Train: [41][2593/2594]  Loss -0.2093 (-1.0539)  Time:  0.253 (0.013)  Data Time:  0.003 (0.003)
2022-04-08 04:24:51,058:INFO:   Eta: 1:58:35
2022-04-08 04:25:28,541:INFO: Train: [42][2593/2594]  Loss -0.3405 (-1.1201)  Time:  0.268 (0.014)  Data Time:  0.003 (0.004)
2022-04-08 04:25:28,542:INFO:   Eta: 2:09:51
2022-04-08 04:26:05,207:INFO: Train: [43][2593/2594]  Loss -0.3759 (-1.0852)  Time:  0.198 (0.014)  Data Time:  0.004 (0.004)
2022-04-08 04:26:05,208:INFO:   Eta: 2:06:24
2022-04-08 04:26:42,104:INFO: Train: [44][2593/2594]  Loss -0.1949 (-1.1133)  Time:  0.185 (0.014)  Data Time:  0.005 (0.004)
2022-04-08 04:26:42,106:INFO:   Eta: 2:06:35
2022-04-08 04:27:20,012:INFO: Train: [45][2593/2594]  Loss -0.1972 (-1.0659)  Time:  0.201 (0.015)  Data Time:  0.004 (0.004)
2022-04-08 04:27:20,013:INFO:   Eta: 2:09:25
2022-04-08 04:28:00,040:INFO: Train: [46][2593/2594]  Loss -0.3061 (-1.0526)  Time:  0.210 (0.015)  Data Time:  0.005 (0.004)
2022-04-08 04:28:00,042:INFO:   Eta: 2:16:00
2022-04-08 04:28:13,605:INFO: Test: [46]  ADE: 0.5666  FDE: 0.9004
2022-04-08 04:28:53,497:INFO: Train: [47][2593/2594]  Loss -0.2684 (-1.1982)  Time:  0.248 (0.015)  Data Time:  0.005 (0.004)
2022-04-08 04:28:53,498:INFO:   Eta: 2:14:52
2022-04-08 04:29:33,140:INFO: Train: [48][2593/2594]  Loss -0.2906 (-1.1627)  Time:  0.217 (0.015)  Data Time:  0.003 (0.004)
2022-04-08 04:29:33,149:INFO:   Eta: 2:13:22
2022-04-08 04:30:10,072:INFO: Train: [49][2593/2594]  Loss -0.3727 (-1.1934)  Time:  0.183 (0.014)  Data Time:  0.003 (0.003)
2022-04-08 04:30:10,073:INFO:   Eta: 2:03:30
2022-04-08 04:30:47,646:INFO: Train: [50][2593/2594]  Loss -0.3272 (-1.1863)  Time:  0.245 (0.014)  Data Time:  0.004 (0.004)
2022-04-08 04:30:47,647:INFO:   Eta: 2:05:09
2022-04-08 04:31:27,063:INFO: Train: [51][2593/2594]  Loss -0.3634 (-1.2205)  Time:  0.208 (0.015)  Data Time:  0.004 (0.005)
2022-04-08 04:31:27,064:INFO:   Eta: 2:10:39
2022-04-08 04:32:06,840:INFO: Train: [52][2593/2594]  Loss -0.2613 (-1.2202)  Time:  0.215 (0.015)  Data Time:  0.004 (0.004)
2022-04-08 04:32:06,886:INFO:   Eta: 2:11:10
2022-04-08 04:32:44,353:INFO: Train: [53][2593/2594]  Loss -0.2282 (-1.2520)  Time:  0.206 (0.014)  Data Time:  0.002 (0.004)
2022-04-08 04:32:44,354:INFO:   Eta: 2:02:25
2022-04-08 04:33:20,672:INFO: Train: [54][2593/2594]  Loss -0.3260 (-1.2289)  Time:  0.230 (0.014)  Data Time:  0.003 (0.004)
2022-04-08 04:33:20,673:INFO:   Eta: 1:58:33
2022-04-08 04:33:56,891:INFO: Train: [55][2593/2594]  Loss -0.3685 (-1.2077)  Time:  0.189 (0.014)  Data Time:  0.004 (0.004)
2022-04-08 04:33:56,894:INFO:   Eta: 1:57:38
2022-04-08 04:34:32,978:INFO: Train: [56][2593/2594]  Loss -0.3643 (-1.1767)  Time:  0.184 (0.014)  Data Time:  0.004 (0.003)
2022-04-08 04:34:32,979:INFO:   Eta: 1:56:34
2022-04-08 04:34:46,071:INFO: Test: [56]  ADE: 0.4891  FDE: 0.7633
2022-04-08 04:35:23,390:INFO: Train: [57][2593/2594]  Loss -0.2753 (-1.1657)  Time:  0.185 (0.014)  Data Time:  0.004 (0.004)
2022-04-08 04:35:23,391:INFO:   Eta: 1:59:58
2022-04-08 04:35:58,049:INFO: Train: [58][2593/2594]  Loss -0.3531 (-1.2612)  Time:  0.205 (0.013)  Data Time:  0.003 (0.003)
2022-04-08 04:35:58,050:INFO:   Eta: 1:50:49
2022-04-08 04:36:37,716:INFO: Train: [59][2593/2594]  Loss -0.4167 (-1.1712)  Time:  0.202 (0.015)  Data Time:  0.005 (0.004)
2022-04-08 04:36:37,717:INFO:   Eta: 2:06:11
2022-04-08 04:37:16,848:INFO: Train: [60][2593/2594]  Loss -0.2374 (-1.3167)  Time:  0.251 (0.015)  Data Time:  0.005 (0.004)
2022-04-08 04:37:16,849:INFO:   Eta: 2:03:50
2022-04-08 04:37:56,629:INFO: Train: [61][2593/2594]  Loss -0.3438 (-1.2686)  Time:  0.244 (0.015)  Data Time:  0.005 (0.004)
2022-04-08 04:37:56,631:INFO:   Eta: 2:05:14
2022-04-08 04:38:35,985:INFO: Train: [62][2593/2594]  Loss -0.2706 (-1.3084)  Time:  0.194 (0.015)  Data Time:  0.003 (0.004)
2022-04-08 04:38:35,986:INFO:   Eta: 2:03:14
2022-04-08 04:39:15,854:INFO: Train: [63][2593/2594]  Loss -0.3970 (-1.2925)  Time:  0.262 (0.015)  Data Time:  0.005 (0.004)
2022-04-08 04:39:15,856:INFO:   Eta: 2:04:10
2022-04-08 04:39:54,863:INFO: Train: [64][2593/2594]  Loss -0.3965 (-1.2084)  Time:  0.215 (0.015)  Data Time:  0.004 (0.004)
2022-04-08 04:39:54,901:INFO:   Eta: 2:00:50
2022-04-08 04:40:32,616:INFO: Train: [65][2593/2594]  Loss -0.4042 (-1.2969)  Time:  0.181 (0.014)  Data Time:  0.004 (0.004)
2022-04-08 04:40:32,617:INFO:   Eta: 1:55:37
2022-04-08 04:41:06,503:INFO: Train: [66][2593/2594]  Loss -0.3703 (-1.3299)  Time:  0.190 (0.013)  Data Time:  0.003 (0.003)
2022-04-08 04:41:06,505:INFO:   Eta: 1:43:51
2022-04-08 04:41:19,453:INFO: Test: [66]  ADE: 0.4550  FDE: 0.6741
2022-04-08 04:41:52,915:INFO: Train: [67][2593/2594]  Loss -0.3690 (-1.1617)  Time:  0.193 (0.013)  Data Time:  0.004 (0.002)
2022-04-08 04:41:52,916:INFO:   Eta: 1:39:28
2022-04-08 04:42:28,683:INFO: Train: [68][2593/2594]  Loss -0.3375 (-1.2666)  Time:  0.181 (0.014)  Data Time:  0.003 (0.004)
2022-04-08 04:42:28,685:INFO:   Eta: 1:48:25
2022-04-08 04:43:06,950:INFO: Train: [69][2593/2594]  Loss -0.3090 (-1.2154)  Time:  0.201 (0.015)  Data Time:  0.003 (0.004)
2022-04-08 04:43:06,951:INFO:   Eta: 1:55:21
2022-04-08 04:43:45,674:INFO: Train: [70][2593/2594]  Loss -0.3373 (-1.2851)  Time:  0.227 (0.015)  Data Time:  0.004 (0.005)
2022-04-08 04:43:45,678:INFO:   Eta: 1:56:06
2022-04-08 04:44:24,387:INFO: Train: [71][2593/2594]  Loss -0.3729 (-1.2961)  Time:  0.211 (0.015)  Data Time:  0.004 (0.004)
2022-04-08 04:44:24,389:INFO:   Eta: 1:55:24
2022-04-08 04:45:03,373:INFO: Train: [72][2593/2594]  Loss -0.2885 (-1.3164)  Time:  0.202 (0.015)  Data Time:  0.004 (0.004)
2022-04-08 04:45:03,375:INFO:   Eta: 1:55:34
2022-04-08 04:45:42,435:INFO: Train: [73][2593/2594]  Loss -0.3220 (-1.3208)  Time:  0.255 (0.015)  Data Time:  0.005 (0.004)
2022-04-08 04:45:42,437:INFO:   Eta: 1:55:08
2022-04-08 04:46:20,900:INFO: Train: [74][2593/2594]  Loss -0.2983 (-1.3172)  Time:  0.268 (0.015)  Data Time:  0.004 (0.004)
2022-04-08 04:46:20,901:INFO:   Eta: 1:52:44
2022-04-08 04:46:58,168:INFO: Train: [75][2593/2594]  Loss -0.3651 (-1.3618)  Time:  0.181 (0.014)  Data Time:  0.003 (0.004)
2022-04-08 04:46:58,168:INFO:   Eta: 1:48:37
2022-04-08 04:47:32,682:INFO: Train: [76][2593/2594]  Loss -0.4081 (-1.3095)  Time:  0.212 (0.013)  Data Time:  0.005 (0.003)
2022-04-08 04:47:32,683:INFO:   Eta: 1:40:01
2022-04-08 04:47:46,277:INFO: Test: [76]  ADE: 0.4623  FDE: 0.7143
2022-04-08 04:48:21,875:INFO: Train: [77][2593/2594]  Loss -0.4292 (-1.3276)  Time:  0.239 (0.014)  Data Time:  0.004 (0.004)
2022-04-08 04:48:21,876:INFO:   Eta: 1:42:33
2022-04-08 04:48:57,169:INFO: Train: [78][2593/2594]  Loss -0.3861 (-1.3714)  Time:  0.207 (0.014)  Data Time:  0.004 (0.003)
2022-04-08 04:48:57,171:INFO:   Eta: 1:41:06
2022-04-08 04:49:33,488:INFO: Train: [79][2593/2594]  Loss -0.3054 (-1.3731)  Time:  0.196 (0.014)  Data Time:  0.003 (0.003)
2022-04-08 04:49:33,489:INFO:   Eta: 1:43:26
2022-04-08 04:50:09,224:INFO: Train: [80][2593/2594]  Loss -0.3322 (-1.3906)  Time:  0.201 (0.014)  Data Time:  0.004 (0.004)
2022-04-08 04:50:09,225:INFO:   Eta: 1:41:11
2022-04-08 04:50:47,441:INFO: Train: [81][2593/2594]  Loss -0.2792 (-1.2306)  Time:  0.242 (0.015)  Data Time:  0.004 (0.004)
2022-04-08 04:50:47,441:INFO:   Eta: 1:47:35
2022-04-08 04:51:26,240:INFO: Train: [82][2593/2594]  Loss -0.3447 (-1.2592)  Time:  0.242 (0.015)  Data Time:  0.005 (0.005)
2022-04-08 04:51:26,242:INFO:   Eta: 1:48:34
2022-04-08 04:52:03,339:INFO: Train: [83][2593/2594]  Loss -0.3584 (-1.3053)  Time:  0.179 (0.014)  Data Time:  0.005 (0.004)
2022-04-08 04:52:03,851:INFO:   Eta: 1:43:11
2022-04-08 04:52:42,339:INFO: Train: [84][2593/2594]  Loss -0.3768 (-1.3396)  Time:  0.199 (0.014)  Data Time:  0.004 (0.004)
2022-04-08 04:52:42,341:INFO:   Eta: 1:38:03
2022-04-08 04:53:17,095:INFO: Train: [85][2593/2594]  Loss -0.3532 (-1.4249)  Time:  0.199 (0.013)  Data Time:  0.004 (0.003)
2022-04-08 04:53:17,096:INFO:   Eta: 1:35:30
2022-04-08 04:53:55,386:INFO: Train: [86][2593/2594]  Loss -0.3431 (-1.2454)  Time:  0.201 (0.015)  Data Time:  0.005 (0.004)
2022-04-08 04:53:55,387:INFO:   Eta: 1:44:35
2022-04-08 04:54:09,012:INFO: Test: [86]  ADE: 0.5820  FDE: 0.8717
2022-04-08 04:54:47,858:INFO: Train: [87][2593/2594]  Loss -0.4208 (-1.3236)  Time:  0.279 (0.015)  Data Time:  0.004 (0.004)
2022-04-08 04:54:47,860:INFO:   Eta: 1:45:28
2022-04-08 04:55:26,780:INFO: Train: [88][2593/2594]  Loss -0.2808 (-1.4475)  Time:  0.220 (0.015)  Data Time:  0.004 (0.004)
2022-04-08 04:55:26,781:INFO:   Eta: 1:45:00
2022-04-08 04:56:02,501:INFO: Train: [89][2593/2594]  Loss -0.3856 (-1.4550)  Time:  0.224 (0.014)  Data Time:  0.003 (0.004)
2022-04-08 04:56:02,503:INFO:   Eta: 1:35:47
2022-04-08 04:56:37,835:INFO: Train: [90][2593/2594]  Loss -0.3498 (-1.4907)  Time:  0.199 (0.014)  Data Time:  0.003 (0.003)
2022-04-08 04:56:37,836:INFO:   Eta: 1:34:09
2022-04-08 04:57:13,315:INFO: Train: [91][2593/2594]  Loss -0.4329 (-1.3840)  Time:  0.190 (0.014)  Data Time:  0.003 (0.004)
2022-04-08 04:57:13,316:INFO:   Eta: 1:33:57
2022-04-08 04:57:49,144:INFO: Train: [92][2593/2594]  Loss -0.4001 (-1.3041)  Time:  0.240 (0.014)  Data Time:  0.004 (0.004)
2022-04-08 04:57:49,145:INFO:   Eta: 1:34:17
2022-04-08 04:58:25,592:INFO: Train: [93][2593/2594]  Loss -0.2863 (-1.4385)  Time:  0.183 (0.014)  Data Time:  0.002 (0.004)
2022-04-08 04:58:25,593:INFO:   Eta: 1:35:18
2022-04-08 04:59:01,312:INFO: Train: [94][2593/2594]  Loss -0.3966 (-1.3845)  Time:  0.199 (0.014)  Data Time:  0.004 (0.003)
2022-04-08 04:59:01,313:INFO:   Eta: 1:32:48
2022-04-08 04:59:40,087:INFO: Train: [95][2593/2594]  Loss -0.3600 (-1.3525)  Time:  0.202 (0.015)  Data Time:  0.004 (0.004)
2022-04-08 04:59:40,089:INFO:   Eta: 1:40:06
2022-04-08 05:00:18,518:INFO: Train: [96][2593/2594]  Loss -0.3592 (-1.3609)  Time:  0.210 (0.015)  Data Time:  0.004 (0.004)
2022-04-08 05:00:18,520:INFO:   Eta: 1:38:34
2022-04-08 05:00:32,415:INFO: Test: [96]  ADE: 0.5226  FDE: 0.8744
2022-04-08 05:01:12,163:INFO: Train: [97][2593/2594]  Loss -0.3986 (-1.4087)  Time:  0.223 (0.015)  Data Time:  0.005 (0.004)
2022-04-08 05:01:12,165:INFO:   Eta: 1:41:17
2022-04-08 05:01:51,637:INFO: Train: [98][2593/2594]  Loss -0.3404 (-1.3272)  Time:  0.210 (0.015)  Data Time:  0.004 (0.004)
2022-04-08 05:01:51,638:INFO:   Eta: 1:39:56
2022-04-08 05:02:30,390:INFO: Train: [99][2593/2594]  Loss -0.2536 (-1.4354)  Time:  0.246 (0.015)  Data Time:  0.004 (0.005)
2022-04-08 05:02:30,392:INFO:   Eta: 1:37:27
2022-04-08 05:03:11,986:INFO: Train: [100][2593/2594]  Loss -0.3663 (-1.4422)  Time:  0.181 (0.016)  Data Time:  0.004 (0.004)
2022-04-08 05:03:11,987:INFO:   Eta: 1:43:54
2022-04-08 05:03:50,653:INFO: Train: [101][2593/2594]  Loss -0.4083 (-1.3504)  Time:  0.227 (0.015)  Data Time:  0.002 (0.003)
2022-04-08 05:03:50,655:INFO:   Eta: 1:35:57
2022-04-08 05:04:26,134:INFO: Train: [102][2593/2594]  Loss -0.3749 (-1.5097)  Time:  0.184 (0.014)  Data Time:  0.002 (0.002)
2022-04-08 05:04:26,136:INFO:   Eta: 1:27:26
2022-04-08 05:05:03,627:INFO: Train: [103][2593/2594]  Loss -0.3303 (-1.4737)  Time:  0.187 (0.014)  Data Time:  0.004 (0.003)
2022-04-08 05:05:03,628:INFO:   Eta: 1:31:47
2022-04-08 05:05:41,407:INFO: Train: [104][2593/2594]  Loss -0.3113 (-1.3231)  Time:  0.200 (0.015)  Data Time:  0.004 (0.004)
2022-04-08 05:05:41,408:INFO:   Eta: 1:31:52
2022-04-08 05:06:20,885:INFO: Train: [105][2593/2594]  Loss -0.3775 (-1.4285)  Time:  0.204 (0.015)  Data Time:  0.004 (0.004)
2022-04-08 05:06:20,888:INFO:   Eta: 1:35:20
2022-04-08 05:07:02,193:INFO: Train: [106][2593/2594]  Loss -0.3702 (-1.2826)  Time:  0.244 (0.016)  Data Time:  0.005 (0.004)
2022-04-08 05:07:02,194:INFO:   Eta: 1:39:02
2022-04-08 05:07:17,055:INFO: Test: [106]  ADE: 0.5702  FDE: 0.8506
2022-04-08 05:07:59,043:INFO: Train: [107][2593/2594]  Loss -0.3568 (-1.4322)  Time:  0.233 (0.016)  Data Time:  0.005 (0.005)
2022-04-08 05:07:59,045:INFO:   Eta: 1:40:00
2022-04-08 05:08:41,089:INFO: Train: [108][2593/2594]  Loss -0.3959 (-1.4728)  Time:  0.261 (0.016)  Data Time:  0.005 (0.005)
2022-04-08 05:08:41,091:INFO:   Eta: 1:39:26
2022-04-08 05:09:23,007:INFO: Train: [109][2593/2594]  Loss -0.3717 (-1.4225)  Time:  0.229 (0.016)  Data Time:  0.005 (0.004)
2022-04-08 05:09:23,009:INFO:   Eta: 1:38:26
2022-04-08 05:10:02,989:INFO: Train: [110][2593/2594]  Loss -0.3605 (-1.5353)  Time:  0.250 (0.015)  Data Time:  0.004 (0.004)
2022-04-08 05:10:02,991:INFO:   Eta: 1:33:13
2022-04-08 05:10:43,130:INFO: Train: [111][2593/2594]  Loss -0.4133 (-1.4314)  Time:  0.217 (0.015)  Data Time:  0.005 (0.004)
2022-04-08 05:10:43,131:INFO:   Eta: 1:32:55
2022-04-08 05:11:26,134:INFO: Train: [112][2593/2594]  Loss -0.3662 (-1.3090)  Time:  0.231 (0.017)  Data Time:  0.004 (0.004)
2022-04-08 05:11:26,135:INFO:   Eta: 1:38:50
2022-04-08 05:12:05,659:INFO: Train: [113][2593/2594]  Loss -0.3930 (-1.4221)  Time:  0.259 (0.015)  Data Time:  0.004 (0.004)
2022-04-08 05:12:05,660:INFO:   Eta: 1:30:10
2022-04-08 05:12:45,875:INFO: Train: [114][2593/2594]  Loss -0.4094 (-1.3563)  Time:  0.213 (0.015)  Data Time:  0.003 (0.004)
2022-04-08 05:12:45,876:INFO:   Eta: 1:31:05
2022-04-08 05:13:23,939:INFO: Train: [115][2593/2594]  Loss -0.3851 (-1.4407)  Time:  0.189 (0.015)  Data Time:  0.003 (0.004)
2022-04-08 05:13:23,941:INFO:   Eta: 1:25:35
2022-04-08 05:14:00,833:INFO: Train: [116][2593/2594]  Loss -0.4786 (-1.5081)  Time:  0.184 (0.014)  Data Time:  0.004 (0.003)
2022-04-08 05:14:00,836:INFO:   Eta: 1:22:20
2022-04-08 05:14:14,361:INFO: Test: [116]  ADE: 0.4725  FDE: 0.7667
2022-04-08 05:14:53,423:INFO: Train: [117][2593/2594]  Loss -0.3899 (-1.4921)  Time:  0.212 (0.015)  Data Time:  0.005 (0.004)
2022-04-08 05:14:53,424:INFO:   Eta: 1:26:32
2022-04-08 05:15:30,292:INFO: Train: [118][2593/2594]  Loss -0.4570 (-1.4767)  Time:  0.177 (0.014)  Data Time:  0.003 (0.004)
2022-04-08 05:15:30,295:INFO:   Eta: 1:21:03
2022-04-08 05:16:05,547:INFO: Train: [119][2593/2594]  Loss -0.4690 (-1.4239)  Time:  0.240 (0.014)  Data Time:  0.004 (0.003)
2022-04-08 05:16:05,548:INFO:   Eta: 1:16:55
2022-04-08 05:16:44,299:INFO: Train: [120][2593/2594]  Loss -0.4344 (-1.4536)  Time:  0.209 (0.015)  Data Time:  0.005 (0.004)
2022-04-08 05:16:44,302:INFO:   Eta: 1:23:54
2022-04-08 05:17:22,732:INFO: Train: [121][2593/2594]  Loss -0.3766 (-1.4955)  Time:  0.207 (0.015)  Data Time:  0.004 (0.004)
2022-04-08 05:17:22,733:INFO:   Eta: 1:22:34
2022-04-08 05:18:01,524:INFO: Train: [122][2593/2594]  Loss -0.3386 (-1.5194)  Time:  0.208 (0.015)  Data Time:  0.005 (0.004)
2022-04-08 05:18:01,526:INFO:   Eta: 1:22:42
2022-04-08 05:18:39,508:INFO: Train: [123][2593/2594]  Loss -0.3800 (-1.4631)  Time:  0.215 (0.015)  Data Time:  0.004 (0.004)
2022-04-08 05:18:39,509:INFO:   Eta: 1:20:20
2022-04-08 05:19:18,413:INFO: Train: [124][2593/2594]  Loss -0.4206 (-1.5515)  Time:  0.269 (0.015)  Data Time:  0.005 (0.004)
2022-04-08 05:19:18,416:INFO:   Eta: 1:21:39
2022-04-08 05:19:53,309:INFO: Train: [125][2593/2594]  Loss -0.4213 (-1.3747)  Time:  0.223 (0.013)  Data Time:  0.003 (0.004)
2022-04-08 05:19:53,310:INFO:   Eta: 1:12:38
2022-04-08 05:20:28,036:INFO: Train: [126][2593/2594]  Loss -0.3409 (-1.5430)  Time:  0.198 (0.013)  Data Time:  0.004 (0.004)
2022-04-08 05:20:28,037:INFO:   Eta: 1:11:43
2022-04-08 05:20:40,774:INFO: Test: [126]  ADE: 0.5076  FDE: 0.7808
2022-04-08 05:21:15,701:INFO: Train: [127][2593/2594]  Loss -0.4484 (-1.5020)  Time:  0.172 (0.013)  Data Time:  0.003 (0.003)
2022-04-08 05:21:15,702:INFO:   Eta: 1:11:33
2022-04-08 05:21:47,280:INFO: Train: [128][2593/2594]  Loss -0.4321 (-1.4215)  Time:  0.177 (0.012)  Data Time:  0.002 (0.002)
2022-04-08 05:21:47,282:INFO:   Eta: 1:04:09
2022-04-08 05:22:24,238:INFO: Train: [129][2593/2594]  Loss -0.3576 (-1.5167)  Time:  0.227 (0.014)  Data Time:  0.004 (0.004)
2022-04-08 05:22:24,240:INFO:   Eta: 1:14:28
2022-04-08 05:23:02,798:INFO: Train: [130][2593/2594]  Loss -0.3812 (-1.5504)  Time:  0.220 (0.015)  Data Time:  0.004 (0.004)
2022-04-08 05:23:02,800:INFO:   Eta: 1:17:04
2022-04-08 05:23:41,675:INFO: Train: [131][2593/2594]  Loss -0.4364 (-1.2693)  Time:  0.269 (0.015)  Data Time:  0.004 (0.004)
2022-04-08 05:23:41,767:INFO:   Eta: 1:17:03
2022-04-08 05:24:22,948:INFO: Train: [132][2593/2594]  Loss -0.3934 (-1.4901)  Time:  0.244 (0.016)  Data Time:  0.005 (0.004)
2022-04-08 05:24:23,029:INFO:   Eta: 1:19:18
2022-04-08 05:25:03,110:INFO: Train: [133][2593/2594]  Loss -0.3793 (-1.5155)  Time:  0.240 (0.015)  Data Time:  0.005 (0.004)
2022-04-08 05:25:03,112:INFO:   Eta: 1:16:49
2022-04-08 05:25:42,796:INFO: Train: [134][2593/2594]  Loss -0.4289 (-1.3461)  Time:  0.224 (0.015)  Data Time:  0.004 (0.004)
2022-04-08 05:25:42,798:INFO:   Eta: 1:16:40
2022-04-08 05:26:21,873:INFO: Train: [135][2593/2594]  Loss -0.3995 (-1.4020)  Time:  0.230 (0.015)  Data Time:  0.004 (0.004)
2022-04-08 05:26:21,875:INFO:   Eta: 1:14:50
2022-04-08 05:27:00,888:INFO: Train: [136][2593/2594]  Loss -0.3640 (-1.5267)  Time:  0.206 (0.015)  Data Time:  0.004 (0.004)
2022-04-08 05:27:00,890:INFO:   Eta: 1:14:04
2022-04-08 05:27:14,659:INFO: Test: [136]  ADE: 0.5018  FDE: 0.8193
2022-04-08 05:27:49,733:INFO: Train: [137][2593/2594]  Loss -0.4149 (-1.5396)  Time:  0.239 (0.014)  Data Time:  0.002 (0.003)
2022-04-08 05:27:49,733:INFO:   Eta: 1:06:00
2022-04-08 05:28:21,904:INFO: Train: [138][2593/2594]  Loss -0.4416 (-1.5403)  Time:  0.206 (0.012)  Data Time:  0.001 (0.002)
2022-04-08 05:28:21,905:INFO:   Eta: 1:00:00
2022-04-08 05:28:57,471:INFO: Train: [139][2593/2594]  Loss -0.4547 (-1.4335)  Time:  0.241 (0.014)  Data Time:  0.003 (0.003)
2022-04-08 05:28:57,474:INFO:   Eta: 1:05:45
2022-04-08 05:29:33,215:INFO: Train: [140][2593/2594]  Loss -0.3354 (-1.4951)  Time:  0.177 (0.014)  Data Time:  0.003 (0.003)
2022-04-08 05:29:33,217:INFO:   Eta: 1:05:28
2022-04-08 05:30:11,707:INFO: Train: [141][2593/2594]  Loss -0.4444 (-1.5036)  Time:  0.198 (0.015)  Data Time:  0.004 (0.004)
2022-04-08 05:30:11,709:INFO:   Eta: 1:09:52
2022-04-08 05:30:51,339:INFO: Train: [142][2593/2594]  Loss -0.3215 (-1.4988)  Time:  0.213 (0.015)  Data Time:  0.004 (0.004)
2022-04-08 05:30:51,340:INFO:   Eta: 1:11:17
2022-04-08 05:31:31,044:INFO: Train: [143][2593/2594]  Loss -0.4719 (-1.5424)  Time:  0.210 (0.015)  Data Time:  0.005 (0.004)
2022-04-08 05:31:31,046:INFO:   Eta: 1:10:45
2022-04-08 05:32:09,940:INFO: Train: [144][2593/2594]  Loss -0.4089 (-1.5985)  Time:  0.212 (0.015)  Data Time:  0.005 (0.004)
2022-04-08 05:32:09,941:INFO:   Eta: 1:08:40
2022-04-08 05:32:48,515:INFO: Train: [145][2593/2594]  Loss -0.4843 (-1.5812)  Time:  0.229 (0.015)  Data Time:  0.004 (0.004)
2022-04-08 05:32:48,517:INFO:   Eta: 1:07:27
2022-04-08 05:33:27,810:INFO: Train: [146][2593/2594]  Loss -0.4489 (-1.4420)  Time:  0.214 (0.015)  Data Time:  0.005 (0.004)
2022-04-08 05:33:27,813:INFO:   Eta: 1:08:03
2022-04-08 05:33:41,228:INFO: Test: [146]  ADE: 0.5154  FDE: 0.8936
2022-04-08 05:34:20,131:INFO: Train: [147][2593/2594]  Loss -0.4009 (-1.5133)  Time:  0.221 (0.015)  Data Time:  0.005 (0.004)
2022-04-08 05:34:20,224:INFO:   Eta: 1:06:44
2022-04-08 05:34:59,804:INFO: Train: [148][2593/2594]  Loss -0.4566 (-1.5574)  Time:  0.204 (0.015)  Data Time:  0.003 (0.004)
2022-04-08 05:34:59,806:INFO:   Eta: 1:05:50
2022-04-08 05:35:35,817:INFO: Train: [149][2593/2594]  Loss -0.3950 (-1.5800)  Time:  0.220 (0.014)  Data Time:  0.003 (0.003)
2022-04-08 05:35:35,817:INFO:   Eta: 1:00:34
2022-04-08 05:36:14,620:INFO: Train: [150][2593/2594]  Loss -0.4748 (-1.6965)  Time:  0.190 (0.015)  Data Time:  0.003 (0.003)
2022-04-08 05:36:14,623:INFO:   Eta: 1:04:37
2022-04-08 05:36:53,490:INFO: Train: [151][2593/2594]  Loss -0.3915 (-1.7315)  Time:  0.248 (0.015)  Data Time:  0.003 (0.003)
2022-04-08 05:36:53,492:INFO:   Eta: 1:04:04
2022-04-08 05:37:01,441:INFO: Valid: [151][620/621]  Loss -8.0917 (-4.7708)
2022-04-08 05:37:01,455:INFO: Checkpoint saved...
2022-04-08 05:37:40,656:INFO: Train: [152][2593/2594]  Loss -0.4303 (-1.6347)  Time:  0.263 (0.015)  Data Time:  0.004 (0.003)
2022-04-08 05:37:40,659:INFO:   Eta: 1:03:57
2022-04-08 05:37:48,289:INFO: Valid: [152][620/621]  Loss -8.1857 (-4.8187)
2022-04-08 05:37:48,303:INFO: Checkpoint saved...
2022-04-08 05:38:30,721:INFO: Train: [153][2593/2594]  Loss -0.5074 (-1.7057)  Time:  0.243 (0.016)  Data Time:  0.004 (0.004)
2022-04-08 05:38:30,723:INFO:   Eta: 1:08:30
2022-04-08 05:38:38,567:INFO: Valid: [153][620/621]  Loss -8.3227 (-4.9142)
2022-04-08 05:38:38,581:INFO: Checkpoint saved...
2022-04-08 05:39:19,836:INFO: Train: [154][2593/2594]  Loss -0.5372 (-1.6435)  Time:  0.294 (0.016)  Data Time:  0.005 (0.004)
2022-04-08 05:39:19,840:INFO:   Eta: 1:05:56
2022-04-08 05:39:27,737:INFO: Valid: [154][620/621]  Loss -8.3532 (-4.9321)
2022-04-08 05:39:27,752:INFO: Checkpoint saved...
2022-04-08 05:40:09,627:INFO: Train: [155][2593/2594]  Loss -0.4602 (-1.7413)  Time:  0.253 (0.016)  Data Time:  0.004 (0.004)
2022-04-08 05:40:09,631:INFO:   Eta: 1:06:12
2022-04-08 05:40:17,387:INFO: Valid: [155][620/621]  Loss -8.4652 (-4.9944)
2022-04-08 05:40:17,404:INFO: Checkpoint saved...
2022-04-08 05:40:59,618:INFO: Train: [156][2593/2594]  Loss -0.4309 (-1.7182)  Time:  0.254 (0.016)  Data Time:  0.005 (0.004)
2022-04-08 05:40:59,619:INFO:   Eta: 1:06:04
2022-04-08 05:41:07,486:INFO: Valid: [156][620/621]  Loss -8.7279 (-5.1292)
2022-04-08 05:41:07,498:INFO: Checkpoint saved...
2022-04-08 05:41:21,431:INFO: Test: [156]  ADE: 0.4777  FDE: 0.7967
2022-04-08 05:42:01,062:INFO: Train: [157][2593/2594]  Loss -0.4820 (-1.7351)  Time:  0.251 (0.015)  Data Time:  0.004 (0.004)
2022-04-08 05:42:01,065:INFO:   Eta: 1:01:23
2022-04-08 05:42:08,638:INFO: Valid: [157][620/621]  Loss -8.6894 (-5.1005)
2022-04-08 05:42:49,749:INFO: Train: [158][2593/2594]  Loss -0.4781 (-1.7234)  Time:  0.201 (0.016)  Data Time:  0.004 (0.004)
2022-04-08 05:42:49,750:INFO:   Eta: 1:02:56
2022-04-08 05:42:57,286:INFO: Valid: [158][620/621]  Loss -8.0008 (-4.7140)
2022-04-08 05:43:38,587:INFO: Train: [159][2593/2594]  Loss -0.4369 (-1.7213)  Time:  0.240 (0.016)  Data Time:  0.003 (0.004)
2022-04-08 05:43:38,588:INFO:   Eta: 1:02:34
2022-04-08 05:43:46,101:INFO: Valid: [159][620/621]  Loss -8.7071 (-5.1397)
2022-04-08 05:44:25,364:INFO: Train: [160][2593/2594]  Loss -0.4503 (-1.7189)  Time:  0.207 (0.015)  Data Time:  0.003 (0.003)
2022-04-08 05:44:25,366:INFO:   Eta: 0:58:49
2022-04-08 05:44:33,529:INFO: Valid: [160][620/621]  Loss -8.3139 (-4.9385)
2022-04-08 05:45:11,911:INFO: Train: [161][2593/2594]  Loss -0.5288 (-1.7559)  Time:  0.195 (0.015)  Data Time:  0.003 (0.003)
2022-04-08 05:45:11,913:INFO:   Eta: 0:56:52
2022-04-08 05:45:19,532:INFO: Valid: [161][620/621]  Loss -8.2690 (-4.8454)
2022-04-08 05:45:55,735:INFO: Train: [162][2593/2594]  Loss -0.4487 (-1.6422)  Time:  0.269 (0.014)  Data Time:  0.004 (0.003)
2022-04-08 05:45:55,737:INFO:   Eta: 0:53:02
2022-04-08 05:46:03,496:INFO: Valid: [162][620/621]  Loss -8.6374 (-5.0453)
2022-04-08 05:46:41,557:INFO: Train: [163][2593/2594]  Loss -0.4216 (-1.7270)  Time:  0.200 (0.015)  Data Time:  0.003 (0.004)
2022-04-08 05:46:41,559:INFO:   Eta: 0:55:07
2022-04-08 05:46:49,089:INFO: Valid: [163][620/621]  Loss -8.0229 (-4.7123)
2022-04-08 05:47:28,412:INFO: Train: [164][2593/2594]  Loss -0.4544 (-1.5250)  Time:  0.249 (0.015)  Data Time:  0.003 (0.004)
2022-04-08 05:47:28,413:INFO:   Eta: 0:56:17
2022-04-08 05:47:36,216:INFO: Valid: [164][620/621]  Loss -8.6048 (-5.0658)
2022-04-08 05:48:13,677:INFO: Train: [165][2593/2594]  Loss -0.4839 (-1.8260)  Time:  0.180 (0.014)  Data Time:  0.004 (0.004)
2022-04-08 05:48:13,678:INFO:   Eta: 0:53:00
2022-04-08 05:48:21,511:INFO: Valid: [165][620/621]  Loss -8.4624 (-4.9991)
2022-04-08 05:48:59,155:INFO: Train: [166][2593/2594]  Loss -0.4234 (-1.7052)  Time:  0.218 (0.014)  Data Time:  0.003 (0.004)
2022-04-08 05:48:59,157:INFO:   Eta: 0:52:38
2022-04-08 05:49:06,883:INFO: Valid: [166][620/621]  Loss -8.7678 (-5.1572)
2022-04-08 05:49:06,899:INFO: Checkpoint saved...
2022-04-08 05:49:20,256:INFO: Test: [166]  ADE: 0.4540  FDE: 0.7657
2022-04-08 05:49:59,326:INFO: Train: [167][2593/2594]  Loss -0.4569 (-1.7482)  Time:  0.189 (0.015)  Data Time:  0.004 (0.004)
2022-04-08 05:49:59,328:INFO:   Eta: 0:54:00
2022-04-08 05:50:06,941:INFO: Valid: [167][620/621]  Loss -8.1876 (-4.8219)
2022-04-08 05:50:45,933:INFO: Train: [168][2593/2594]  Loss -0.5138 (-1.7411)  Time:  0.192 (0.015)  Data Time:  0.004 (0.004)
2022-04-08 05:50:45,936:INFO:   Eta: 0:53:13
2022-04-08 05:50:53,473:INFO: Valid: [168][620/621]  Loss -8.6603 (-5.1130)
2022-04-08 05:51:32,497:INFO: Train: [169][2593/2594]  Loss -0.4857 (-1.7247)  Time:  0.220 (0.015)  Data Time:  0.002 (0.004)
2022-04-08 05:51:32,499:INFO:   Eta: 0:52:37
2022-04-08 05:51:40,033:INFO: Valid: [169][620/621]  Loss -8.0777 (-4.7600)
2022-04-08 05:52:16,263:INFO: Train: [170][2593/2594]  Loss -0.4750 (-1.7522)  Time:  0.195 (0.014)  Data Time:  0.003 (0.003)
2022-04-08 05:52:16,265:INFO:   Eta: 0:48:14
2022-04-08 05:52:23,719:INFO: Valid: [170][620/621]  Loss -8.7392 (-5.1457)
2022-04-08 05:52:59,963:INFO: Train: [171][2593/2594]  Loss -0.4658 (-1.7675)  Time:  0.184 (0.014)  Data Time:  0.003 (0.003)
2022-04-08 05:52:59,964:INFO:   Eta: 0:47:39
2022-04-08 05:53:07,431:INFO: Valid: [171][620/621]  Loss -7.9742 (-4.7108)
2022-04-08 05:53:43,091:INFO: Train: [172][2593/2594]  Loss -0.4093 (-1.5423)  Time:  0.227 (0.014)  Data Time:  0.004 (0.003)
2022-04-08 05:53:43,092:INFO:   Eta: 0:46:18
2022-04-08 05:53:50,538:INFO: Valid: [172][620/621]  Loss -8.8199 (-5.2021)
2022-04-08 05:53:50,550:INFO: Checkpoint saved...
2022-04-08 05:54:29,518:INFO: Train: [173][2593/2594]  Loss -0.4771 (-1.7515)  Time:  0.232 (0.015)  Data Time:  0.004 (0.004)
2022-04-08 05:54:29,521:INFO:   Eta: 0:49:56
2022-04-08 05:54:37,199:INFO: Valid: [173][620/621]  Loss -8.5485 (-5.0204)
2022-04-08 05:55:14,636:INFO: Train: [174][2593/2594]  Loss -0.4687 (-1.7524)  Time:  0.250 (0.014)  Data Time:  0.004 (0.004)
2022-04-08 05:55:14,639:INFO:   Eta: 0:47:21
2022-04-08 05:55:22,231:INFO: Valid: [174][620/621]  Loss -7.8759 (-4.6360)
2022-04-08 05:56:01,495:INFO: Train: [175][2593/2594]  Loss -0.5485 (-1.7222)  Time:  0.245 (0.015)  Data Time:  0.004 (0.004)
2022-04-08 05:56:01,587:INFO:   Eta: 0:49:01
2022-04-08 05:56:09,333:INFO: Valid: [175][620/621]  Loss -8.3645 (-4.9140)
2022-04-08 05:56:48,349:INFO: Train: [176][2593/2594]  Loss -0.4806 (-1.7325)  Time:  0.229 (0.015)  Data Time:  0.005 (0.004)
2022-04-08 05:56:48,350:INFO:   Eta: 0:48:03
2022-04-08 05:56:56,159:INFO: Valid: [176][620/621]  Loss -8.0585 (-4.7466)
2022-04-08 05:57:09,639:INFO: Test: [176]  ADE: 0.4365  FDE: 0.6260
2022-04-08 05:57:49,850:INFO: Train: [177][2593/2594]  Loss -0.5264 (-1.7521)  Time:  0.199 (0.015)  Data Time:  0.004 (0.004)
2022-04-08 05:57:49,851:INFO:   Eta: 0:48:53
2022-04-08 05:57:57,767:INFO: Valid: [177][620/621]  Loss -7.9737 (-4.7097)
2022-04-08 05:58:38,148:INFO: Train: [178][2593/2594]  Loss -0.4529 (-1.5995)  Time:  0.205 (0.016)  Data Time:  0.004 (0.004)
2022-04-08 05:58:38,150:INFO:   Eta: 0:48:23
2022-04-08 05:58:46,329:INFO: Valid: [178][620/621]  Loss -7.8931 (-4.6618)
2022-04-08 05:59:26,598:INFO: Train: [179][2593/2594]  Loss -0.4081 (-1.7670)  Time:  0.242 (0.016)  Data Time:  0.004 (0.004)
2022-04-08 05:59:26,599:INFO:   Eta: 0:47:35
2022-04-08 05:59:34,828:INFO: Valid: [179][620/621]  Loss -8.6582 (-5.1158)
2022-04-08 06:00:13,683:INFO: Train: [180][2593/2594]  Loss -0.4964 (-1.6425)  Time:  0.192 (0.015)  Data Time:  0.003 (0.004)
2022-04-08 06:00:13,685:INFO:   Eta: 0:45:17
2022-04-08 06:00:21,886:INFO: Valid: [180][620/621]  Loss -8.9019 (-5.2262)
2022-04-08 06:00:21,899:INFO: Checkpoint saved...
2022-04-08 06:00:58,618:INFO: Train: [181][2593/2594]  Loss -0.4803 (-1.6776)  Time:  0.248 (0.014)  Data Time:  0.004 (0.003)
2022-04-08 06:00:58,619:INFO:   Eta: 0:42:10
2022-04-08 06:01:06,527:INFO: Valid: [181][620/621]  Loss -8.8227 (-5.1990)
2022-04-08 06:01:41,671:INFO: Train: [182][2593/2594]  Loss -0.3734 (-1.7325)  Time:  0.184 (0.014)  Data Time:  0.003 (0.003)
2022-04-08 06:01:41,671:INFO:   Eta: 0:39:46
2022-04-08 06:01:49,325:INFO: Valid: [182][620/621]  Loss -8.7536 (-5.1513)
2022-04-08 06:02:23,129:INFO: Train: [183][2593/2594]  Loss -0.4156 (-1.6168)  Time:  0.235 (0.013)  Data Time:  0.004 (0.003)
2022-04-08 06:02:23,130:INFO:   Eta: 0:37:41
2022-04-08 06:02:30,668:INFO: Valid: [183][620/621]  Loss -8.6114 (-5.0972)
2022-04-08 06:03:09,560:INFO: Train: [184][2593/2594]  Loss -0.4486 (-1.7468)  Time:  0.184 (0.015)  Data Time:  0.003 (0.004)
2022-04-08 06:03:09,563:INFO:   Eta: 0:42:44
2022-04-08 06:03:17,384:INFO: Valid: [184][620/621]  Loss -8.5693 (-5.0649)
2022-04-08 06:03:57,328:INFO: Train: [185][2593/2594]  Loss -0.4414 (-1.6908)  Time:  0.205 (0.015)  Data Time:  0.004 (0.004)
2022-04-08 06:03:57,330:INFO:   Eta: 0:43:13
2022-04-08 06:04:04,856:INFO: Valid: [185][620/621]  Loss -7.6360 (-4.4912)
2022-04-08 06:04:45,303:INFO: Train: [186][2593/2594]  Loss -0.5118 (-1.7573)  Time:  0.256 (0.016)  Data Time:  0.004 (0.004)
2022-04-08 06:04:45,304:INFO:   Eta: 0:43:05
2022-04-08 06:04:53,074:INFO: Valid: [186][620/621]  Loss -8.1022 (-4.7551)
2022-04-08 06:05:07,130:INFO: Test: [186]  ADE: 0.4291  FDE: 0.5851
2022-04-08 06:05:47,010:INFO: Train: [187][2593/2594]  Loss -0.4954 (-1.7660)  Time:  0.285 (0.015)  Data Time:  0.003 (0.004)
2022-04-08 06:05:47,011:INFO:   Eta: 0:41:50
2022-04-08 06:05:55,092:INFO: Valid: [187][620/621]  Loss -8.2780 (-4.8662)
2022-04-08 06:06:36,171:INFO: Train: [188][2593/2594]  Loss -0.5026 (-1.5878)  Time:  0.197 (0.016)  Data Time:  0.005 (0.004)
2022-04-08 06:06:36,173:INFO:   Eta: 0:42:23
2022-04-08 06:06:43,366:INFO: Valid: [188][620/621]  Loss -8.7053 (-5.1331)
2022-04-08 06:07:25,458:INFO: Train: [189][2593/2594]  Loss -0.4736 (-1.7748)  Time:  0.284 (0.016)  Data Time:  0.004 (0.004)
2022-04-08 06:07:25,460:INFO:   Eta: 0:41:58
2022-04-08 06:07:33,770:INFO: Valid: [189][620/621]  Loss -8.7305 (-5.1332)
2022-04-08 06:08:14,977:INFO: Train: [190][2593/2594]  Loss -0.4033 (-1.5871)  Time:  0.236 (0.016)  Data Time:  0.005 (0.004)
2022-04-08 06:08:14,979:INFO:   Eta: 0:41:10
2022-04-08 06:08:23,122:INFO: Valid: [190][620/621]  Loss -8.5052 (-5.0148)
2022-04-08 06:09:01,832:INFO: Train: [191][2593/2594]  Loss -0.4015 (-1.7399)  Time:  0.248 (0.015)  Data Time:  0.003 (0.004)
2022-04-08 06:09:01,833:INFO:   Eta: 0:38:00
2022-04-08 06:09:09,831:INFO: Valid: [191][620/621]  Loss -7.9708 (-4.7157)
2022-04-08 06:09:48,021:INFO: Train: [192][2593/2594]  Loss -0.4840 (-1.7473)  Time:  0.300 (0.015)  Data Time:  0.004 (0.003)
2022-04-08 06:09:48,022:INFO:   Eta: 0:36:52
2022-04-08 06:09:55,753:INFO: Valid: [192][620/621]  Loss -8.5451 (-5.0436)
2022-04-08 06:10:31,953:INFO: Train: [193][2593/2594]  Loss -0.4825 (-1.7886)  Time:  0.246 (0.014)  Data Time:  0.003 (0.003)
2022-04-08 06:10:31,955:INFO:   Eta: 0:34:20
2022-04-08 06:10:39,350:INFO: Valid: [193][620/621]  Loss -8.4760 (-4.9803)
2022-04-08 06:11:16,475:INFO: Train: [194][2593/2594]  Loss -0.4286 (-1.7502)  Time:  0.195 (0.014)  Data Time:  0.004 (0.003)
2022-04-08 06:11:16,476:INFO:   Eta: 0:34:36
2022-04-08 06:11:24,105:INFO: Valid: [194][620/621]  Loss -8.7965 (-5.1946)
2022-04-08 06:12:02,781:INFO: Train: [195][2593/2594]  Loss -0.4670 (-1.7052)  Time:  0.217 (0.015)  Data Time:  0.005 (0.004)
2022-04-08 06:12:02,784:INFO:   Eta: 0:35:24
2022-04-08 06:12:10,623:INFO: Valid: [195][620/621]  Loss -8.7314 (-5.1517)
2022-04-08 06:12:51,576:INFO: Train: [196][2593/2594]  Loss -0.4386 (-1.7001)  Time:  0.222 (0.016)  Data Time:  0.005 (0.004)
2022-04-08 06:12:51,579:INFO:   Eta: 0:36:49
2022-04-08 06:12:59,114:INFO: Valid: [196][620/621]  Loss -8.7459 (-5.1455)
2022-04-08 06:13:13,376:INFO: Test: [196]  ADE: 0.4793  FDE: 0.7897
2022-04-08 06:13:53,674:INFO: Train: [197][2593/2594]  Loss -0.4414 (-1.7757)  Time:  0.205 (0.016)  Data Time:  0.005 (0.004)
2022-04-08 06:13:53,676:INFO:   Eta: 0:35:34
2022-04-08 06:14:01,427:INFO: Valid: [197][620/621]  Loss -8.3916 (-4.9698)
2022-04-08 06:14:42,370:INFO: Train: [198][2593/2594]  Loss -0.5153 (-1.7628)  Time:  0.213 (0.016)  Data Time:  0.004 (0.004)
2022-04-08 06:14:42,372:INFO:   Eta: 0:35:26
2022-04-08 06:14:49,849:INFO: Valid: [198][620/621]  Loss -8.3921 (-4.9489)
2022-04-08 06:15:28,986:INFO: Train: [199][2593/2594]  Loss -0.4071 (-1.7848)  Time:  0.203 (0.015)  Data Time:  0.003 (0.004)
2022-04-08 06:15:28,987:INFO:   Eta: 0:33:13
2022-04-08 06:15:36,528:INFO: Valid: [199][620/621]  Loss -8.4394 (-4.9246)
2022-04-08 06:16:17,325:INFO: Train: [200][2593/2594]  Loss -0.4576 (-1.7106)  Time:  0.199 (0.016)  Data Time:  0.004 (0.004)
2022-04-08 06:16:17,328:INFO:   Eta: 0:33:57
2022-04-08 06:16:25,088:INFO: Valid: [200][620/621]  Loss -8.7201 (-5.1490)
2022-04-08 06:17:03,462:INFO: Train: [201][2593/2594]  Loss -0.3910 (-1.6906)  Time:  0.238 (0.015)  Data Time:  0.003 (0.004)
2022-04-08 06:17:03,710:INFO:   Eta: 0:31:18
2022-04-08 06:17:12,450:INFO: Valid: [201][620/621]  Loss -8.4756 (-4.9973)
2022-04-08 06:17:52,314:INFO: Train: [202][2593/2594]  Loss -0.5273 (-1.7502)  Time:  0.236 (0.015)  Data Time:  0.004 (0.004)
2022-04-08 06:17:52,315:INFO:   Eta: 0:31:51
2022-04-08 06:17:59,898:INFO: Valid: [202][620/621]  Loss -7.8794 (-4.6441)
2022-04-08 06:18:36,754:INFO: Train: [203][2593/2594]  Loss -0.4610 (-1.7750)  Time:  0.201 (0.014)  Data Time:  0.004 (0.004)
2022-04-08 06:18:36,756:INFO:   Eta: 0:28:50
2022-04-08 06:18:44,420:INFO: Valid: [203][620/621]  Loss -8.6072 (-5.0684)
2022-04-08 06:19:18,868:INFO: Train: [204][2593/2594]  Loss -0.4715 (-1.6454)  Time:  0.203 (0.013)  Data Time:  0.003 (0.003)
2022-04-08 06:19:18,870:INFO:   Eta: 0:26:22
2022-04-08 06:19:26,295:INFO: Valid: [204][620/621]  Loss -7.6483 (-4.5150)
2022-04-08 06:20:01,191:INFO: Train: [205][2593/2594]  Loss -0.4375 (-1.7767)  Time:  0.187 (0.013)  Data Time:  0.004 (0.003)
2022-04-08 06:20:01,192:INFO:   Eta: 0:26:08
2022-04-08 06:20:08,738:INFO: Valid: [205][620/621]  Loss -8.8543 (-5.2320)
2022-04-08 06:20:44,029:INFO: Train: [206][2593/2594]  Loss -0.4850 (-1.5580)  Time:  0.190 (0.014)  Data Time:  0.003 (0.003)
2022-04-08 06:20:44,031:INFO:   Eta: 0:25:50
2022-04-08 06:20:51,598:INFO: Valid: [206][620/621]  Loss -8.4200 (-4.9812)
2022-04-08 06:21:04,864:INFO: Test: [206]  ADE: 0.4439  FDE: 0.6472
2022-04-08 06:21:43,099:INFO: Train: [207][2593/2594]  Loss -0.5104 (-1.8005)  Time:  0.224 (0.015)  Data Time:  0.003 (0.004)
2022-04-08 06:21:43,102:INFO:   Eta: 0:27:23
2022-04-08 06:21:50,747:INFO: Valid: [207][620/621]  Loss -8.4337 (-4.9669)
2022-04-08 06:22:26,375:INFO: Train: [208][2593/2594]  Loss -0.4651 (-1.7959)  Time:  0.222 (0.014)  Data Time:  0.004 (0.004)
2022-04-08 06:22:26,377:INFO:   Eta: 0:24:54
2022-04-08 06:22:34,290:INFO: Valid: [208][620/621]  Loss -8.7025 (-5.1238)
2022-04-08 06:23:12,630:INFO: Train: [209][2593/2594]  Loss -0.3372 (-1.7927)  Time:  0.202 (0.015)  Data Time:  0.004 (0.004)
2022-04-08 06:23:12,631:INFO:   Eta: 0:26:10
2022-04-08 06:23:20,276:INFO: Valid: [209][620/621]  Loss -8.8338 (-5.2011)
2022-04-08 06:23:58,052:INFO: Train: [210][2593/2594]  Loss -0.3547 (-1.7941)  Time:  0.192 (0.015)  Data Time:  0.004 (0.004)
2022-04-08 06:23:58,054:INFO:   Eta: 0:25:09
2022-04-08 06:24:05,657:INFO: Valid: [210][620/621]  Loss -8.5315 (-5.0194)
2022-04-08 06:24:43,649:INFO: Train: [211][2593/2594]  Loss -0.4809 (-1.7525)  Time:  0.202 (0.015)  Data Time:  0.003 (0.004)
2022-04-08 06:24:43,650:INFO:   Eta: 0:24:40
2022-04-08 06:24:51,174:INFO: Valid: [211][620/621]  Loss -8.6671 (-5.1076)
2022-04-08 06:25:29,559:INFO: Train: [212][2593/2594]  Loss -0.4612 (-1.7434)  Time:  0.216 (0.015)  Data Time:  0.004 (0.004)
2022-04-08 06:25:29,560:INFO:   Eta: 0:24:16
2022-04-08 06:25:37,160:INFO: Valid: [212][620/621]  Loss -8.3251 (-4.8968)
2022-04-08 06:26:15,718:INFO: Train: [213][2593/2594]  Loss -0.4217 (-1.7604)  Time:  0.232 (0.015)  Data Time:  0.004 (0.004)
2022-04-08 06:26:15,721:INFO:   Eta: 0:23:45
2022-04-08 06:26:23,492:INFO: Valid: [213][620/621]  Loss -8.7811 (-5.1840)
2022-04-08 06:27:01,847:INFO: Train: [214][2593/2594]  Loss -0.4945 (-1.7903)  Time:  0.172 (0.015)  Data Time:  0.004 (0.004)
2022-04-08 06:27:01,848:INFO:   Eta: 0:22:59
2022-04-08 06:27:09,273:INFO: Valid: [214][620/621]  Loss -8.5229 (-5.0250)
2022-04-08 06:27:45,504:INFO: Train: [215][2593/2594]  Loss -0.4619 (-1.8007)  Time:  0.247 (0.014)  Data Time:  0.003 (0.003)
2022-04-08 06:27:45,505:INFO:   Eta: 0:21:06
2022-04-08 06:27:53,059:INFO: Valid: [215][620/621]  Loss -8.4733 (-5.0177)
2022-04-08 06:28:29,672:INFO: Train: [216][2593/2594]  Loss -0.4575 (-1.7909)  Time:  0.182 (0.014)  Data Time:  0.003 (0.003)
2022-04-08 06:28:29,674:INFO:   Eta: 0:20:17
2022-04-08 06:28:37,370:INFO: Valid: [216][620/621]  Loss -7.9254 (-4.6890)
2022-04-08 06:28:50,501:INFO: Test: [216]  ADE: 0.4555  FDE: 0.5848
2022-04-08 06:29:25,054:INFO: Train: [217][2593/2594]  Loss -0.4601 (-1.6286)  Time:  0.211 (0.013)  Data Time:  0.003 (0.003)
2022-04-08 06:29:25,055:INFO:   Eta: 0:18:59
2022-04-08 06:29:32,607:INFO: Valid: [217][620/621]  Loss -8.4073 (-4.9453)
2022-04-08 06:30:11,873:INFO: Train: [218][2593/2594]  Loss -0.4295 (-1.7873)  Time:  0.205 (0.015)  Data Time:  0.004 (0.004)
2022-04-08 06:30:11,875:INFO:   Eta: 0:20:55
2022-04-08 06:30:19,410:INFO: Valid: [218][620/621]  Loss -8.7848 (-5.1725)
2022-04-08 06:30:57,499:INFO: Train: [219][2593/2594]  Loss -0.4874 (-1.7770)  Time:  0.235 (0.015)  Data Time:  0.003 (0.004)
2022-04-08 06:30:57,500:INFO:   Eta: 0:19:39
2022-04-08 06:31:05,080:INFO: Valid: [219][620/621]  Loss -8.1628 (-4.8001)
2022-04-08 06:31:40,207:INFO: Train: [220][2593/2594]  Loss -0.5025 (-1.7606)  Time:  0.196 (0.014)  Data Time:  0.002 (0.003)
2022-04-08 06:31:40,209:INFO:   Eta: 0:17:32
2022-04-08 06:31:48,027:INFO: Valid: [220][620/621]  Loss -8.8679 (-5.2203)
2022-04-08 06:32:22,940:INFO: Train: [221][2593/2594]  Loss -0.4335 (-1.8067)  Time:  0.232 (0.013)  Data Time:  0.003 (0.003)
2022-04-08 06:32:22,943:INFO:   Eta: 0:16:51
2022-04-08 06:32:30,796:INFO: Valid: [221][620/621]  Loss -8.5712 (-5.0678)
2022-04-08 06:33:05,241:INFO: Train: [222][2593/2594]  Loss -0.4933 (-1.8067)  Time:  0.203 (0.013)  Data Time:  0.002 (0.003)
2022-04-08 06:33:05,243:INFO:   Eta: 0:16:03
2022-04-08 06:33:13,093:INFO: Valid: [222][620/621]  Loss -8.4692 (-4.9982)
2022-04-08 06:33:44,882:INFO: Train: [223][2593/2594]  Loss -0.4481 (-1.8208)  Time:  0.190 (0.012)  Data Time:  0.002 (0.002)
2022-04-08 06:33:44,885:INFO:   Eta: 0:14:17
2022-04-08 06:33:52,557:INFO: Valid: [223][620/621]  Loss -8.3347 (-4.9130)
2022-04-08 06:34:24,099:INFO: Train: [224][2593/2594]  Loss -0.3659 (-1.8021)  Time:  0.213 (0.012)  Data Time:  0.002 (0.002)
2022-04-08 06:34:24,100:INFO:   Eta: 0:13:39
2022-04-08 06:34:31,817:INFO: Valid: [224][620/621]  Loss -8.7777 (-5.1811)
2022-04-08 06:35:03,893:INFO: Train: [225][2593/2594]  Loss -0.5013 (-1.7931)  Time:  0.195 (0.012)  Data Time:  0.002 (0.002)
2022-04-08 06:35:03,895:INFO:   Eta: 0:13:20
2022-04-08 06:35:11,422:INFO: Valid: [225][620/621]  Loss -7.9960 (-4.6917)
2022-04-08 06:35:41,114:INFO: Train: [226][2593/2594]  Loss -0.5068 (-1.7873)  Time:  0.172 (0.011)  Data Time:  0.002 (0.002)
2022-04-08 06:35:41,115:INFO:   Eta: 0:11:51
2022-04-08 06:35:48,491:INFO: Valid: [226][620/621]  Loss -8.7080 (-5.1156)
2022-04-08 06:36:01,074:INFO: Test: [226]  ADE: 0.4333  FDE: 0.7087
2022-04-08 06:36:30,432:INFO: Train: [227][2593/2594]  Loss -0.4694 (-1.8115)  Time:  0.174 (0.011)  Data Time:  0.002 (0.001)
2022-04-08 06:36:30,433:INFO:   Eta: 0:11:14
2022-04-08 06:36:37,921:INFO: Valid: [227][620/621]  Loss -8.3946 (-4.9492)
2022-04-08 06:37:07,131:INFO: Train: [228][2593/2594]  Loss -0.5280 (-1.7650)  Time:  0.172 (0.011)  Data Time:  0.002 (0.001)
2022-04-08 06:37:07,133:INFO:   Eta: 0:10:41
2022-04-08 06:37:18,509:INFO: Valid: [228][620/621]  Loss -8.8610 (-5.2328)
2022-04-08 06:37:47,613:INFO: Train: [229][2593/2594]  Loss -0.4759 (-1.7889)  Time:  0.180 (0.011)  Data Time:  0.003 (0.001)
2022-04-08 06:37:47,615:INFO:   Eta: 0:10:09
2022-04-08 06:37:55,272:INFO: Valid: [229][620/621]  Loss -7.5742 (-4.4591)
2022-04-08 06:38:26,085:INFO: Train: [230][2593/2594]  Loss -0.5008 (-1.7948)  Time:  0.158 (0.012)  Data Time:  0.003 (0.002)
2022-04-08 06:38:26,087:INFO:   Eta: 0:10:15
2022-04-08 06:38:33,404:INFO: Valid: [230][620/621]  Loss -8.7484 (-5.1689)
2022-04-08 06:39:03,834:INFO: Train: [231][2593/2594]  Loss -0.5168 (-1.8064)  Time:  0.168 (0.012)  Data Time:  0.003 (0.002)
2022-04-08 06:39:03,836:INFO:   Eta: 0:09:36
2022-04-08 06:39:11,489:INFO: Valid: [231][620/621]  Loss -8.7555 (-5.1572)
2022-04-08 06:39:42,496:INFO: Train: [232][2593/2594]  Loss -0.4787 (-1.8165)  Time:  0.185 (0.012)  Data Time:  0.001 (0.002)
2022-04-08 06:39:42,499:INFO:   Eta: 0:09:17
2022-04-08 06:39:50,605:INFO: Valid: [232][620/621]  Loss -8.1091 (-4.8025)
2022-04-08 06:40:20,784:INFO: Train: [233][2593/2594]  Loss -0.4416 (-1.6644)  Time:  0.195 (0.012)  Data Time:  0.001 (0.002)
2022-04-08 06:40:20,785:INFO:   Eta: 0:08:32
2022-04-08 06:40:28,616:INFO: Valid: [233][620/621]  Loss -8.9059 (-5.2483)
2022-04-08 06:40:28,631:INFO: Checkpoint saved...
2022-04-08 06:40:59,251:INFO: Train: [234][2593/2594]  Loss -0.5335 (-1.7591)  Time:  0.176 (0.012)  Data Time:  0.002 (0.002)
2022-04-08 06:40:59,252:INFO:   Eta: 0:08:09
2022-04-08 06:41:07,165:INFO: Valid: [234][620/621]  Loss -8.7782 (-5.1720)
2022-04-08 06:41:38,349:INFO: Train: [235][2593/2594]  Loss -0.4670 (-1.7844)  Time:  0.188 (0.012)  Data Time:  0.002 (0.002)
2022-04-08 06:41:38,351:INFO:   Eta: 0:07:47
2022-04-08 06:41:46,249:INFO: Valid: [235][620/621]  Loss -8.8413 (-5.2123)
2022-04-08 06:42:16,948:INFO: Train: [236][2593/2594]  Loss -0.5312 (-1.7454)  Time:  0.258 (0.012)  Data Time:  0.002 (0.002)
2022-04-08 06:42:16,950:INFO:   Eta: 0:07:09
2022-04-08 06:42:24,891:INFO: Valid: [236][620/621]  Loss -8.0748 (-4.7470)
2022-04-08 06:42:37,272:INFO: Test: [236]  ADE: 0.4160  FDE: 0.5763
2022-04-08 06:43:07,189:INFO: Train: [237][2593/2594]  Loss -0.4972 (-1.7674)  Time:  0.204 (0.012)  Data Time:  0.002 (0.002)
2022-04-08 06:43:07,192:INFO:   Eta: 0:06:28
2022-04-08 06:43:14,886:INFO: Valid: [237][620/621]  Loss -7.2950 (-4.2829)
2022-04-08 06:43:42,920:INFO: Train: [238][2593/2594]  Loss -0.4890 (-1.6849)  Time:  0.191 (0.011)  Data Time:  0.002 (0.001)
2022-04-08 06:43:42,922:INFO:   Eta: 0:05:35
2022-04-08 06:43:50,512:INFO: Valid: [238][620/621]  Loss -8.4824 (-5.0124)
2022-04-08 06:44:18,377:INFO: Train: [239][2593/2594]  Loss -0.3596 (-1.8100)  Time:  0.167 (0.011)  Data Time:  0.001 (0.001)
2022-04-08 06:44:18,379:INFO:   Eta: 0:05:06
2022-04-08 06:44:25,897:INFO: Valid: [239][620/621]  Loss -8.9762 (-5.2979)
2022-04-08 06:44:25,912:INFO: Checkpoint saved...
2022-04-08 06:44:53,508:INFO: Train: [240][2593/2594]  Loss -0.4865 (-1.7702)  Time:  0.171 (0.011)  Data Time:  0.001 (0.001)
2022-04-08 06:44:53,510:INFO:   Eta: 0:04:35
2022-04-08 06:45:01,116:INFO: Valid: [240][620/621]  Loss -8.7198 (-5.1445)
2022-04-08 06:45:30,271:INFO: Train: [241][2593/2594]  Loss -0.4712 (-1.8001)  Time:  0.171 (0.011)  Data Time:  0.002 (0.002)
2022-04-08 06:45:30,274:INFO:   Eta: 0:04:21
2022-04-08 06:45:37,972:INFO: Valid: [241][620/621]  Loss -8.6670 (-5.1010)
2022-04-08 06:46:08,721:INFO: Train: [242][2593/2594]  Loss -0.5088 (-1.8091)  Time:  0.182 (0.012)  Data Time:  0.003 (0.002)
2022-04-08 06:46:08,723:INFO:   Eta: 0:04:05
2022-04-08 06:46:16,633:INFO: Valid: [242][620/621]  Loss -8.3296 (-4.9031)
2022-04-08 06:46:47,374:INFO: Train: [243][2593/2594]  Loss -0.4475 (-1.8377)  Time:  0.202 (0.012)  Data Time:  0.001 (0.002)
2022-04-08 06:46:47,375:INFO:   Eta: 0:03:34
2022-04-08 06:46:55,102:INFO: Valid: [243][620/621]  Loss -8.0671 (-4.7765)
2022-04-08 06:47:26,060:INFO: Train: [244][2593/2594]  Loss -0.4820 (-1.8151)  Time:  0.221 (0.012)  Data Time:  0.002 (0.002)
2022-04-08 06:47:26,061:INFO:   Eta: 0:03:05
2022-04-08 06:47:33,784:INFO: Valid: [244][620/621]  Loss -7.9783 (-4.7282)
2022-04-08 06:48:04,559:INFO: Train: [245][2593/2594]  Loss -0.5188 (-1.6853)  Time:  0.177 (0.012)  Data Time:  0.002 (0.002)
2022-04-08 06:48:04,562:INFO:   Eta: 0:02:33
2022-04-08 06:48:12,448:INFO: Valid: [245][620/621]  Loss -8.7560 (-5.1684)
2022-04-08 06:48:42,540:INFO: Train: [246][2593/2594]  Loss -0.4078 (-1.7970)  Time:  0.158 (0.012)  Data Time:  0.002 (0.002)
2022-04-08 06:48:42,543:INFO:   Eta: 0:02:00
2022-04-08 06:48:50,319:INFO: Valid: [246][620/621]  Loss -8.6817 (-5.1251)
2022-04-08 06:49:03,028:INFO: Test: [246]  ADE: 0.4788  FDE: 0.8069
2022-04-08 06:49:29,138:INFO: Train: [247][2593/2594]  Loss -0.4557 (-1.6287)  Time:  0.141 (0.010)  Data Time:  0.000 (0.001)
2022-04-08 06:49:29,139:INFO:   Eta: 0:01:18
2022-04-08 06:49:36,317:INFO: Valid: [247][620/621]  Loss -8.8296 (-5.2213)
2022-04-08 06:50:02,475:INFO: Train: [248][2593/2594]  Loss -0.4156 (-1.7727)  Time:  0.153 (0.010)  Data Time:  0.002 (0.001)
2022-04-08 06:50:02,476:INFO:   Eta: 0:00:52
2022-04-08 06:50:09,554:INFO: Valid: [248][620/621]  Loss -8.3235 (-4.9171)
2022-04-08 06:50:34,333:INFO: Train: [249][2593/2594]  Loss -0.4495 (-1.7596)  Time:  0.148 (0.010)  Data Time:  0.000 (0.001)
2022-04-08 06:50:34,335:INFO:   Eta: 0:00:24
2022-04-08 06:50:41,193:INFO: Valid: [249][620/621]  Loss -8.7454 (-5.1509)
