2022-03-29 15:41:02,008:INFO: batch_size=128
2022-03-29 15:41:02,009:INFO: clip_grad=None
2022-03-29 15:41:02,009:INFO: dataset=hotel
2022-03-29 15:41:02,009:INFO: gpu_num=0
2022-03-29 15:41:02,009:INFO: input_size=2
2022-03-29 15:41:02,009:INFO: kernel_size=3
2022-03-29 15:41:02,009:INFO: lr=0.01
2022-03-29 15:41:02,009:INFO: lr_sh_rate=150
2022-03-29 15:41:02,009:INFO: n_stgcnn=1
2022-03-29 15:41:02,009:INFO: n_txpcnn=5
2022-03-29 15:41:02,010:INFO: num_epochs=250
2022-03-29 15:41:02,010:INFO: obs_seq_len=8
2022-03-29 15:41:02,010:INFO: output_size=5
2022-03-29 15:41:02,010:INFO: pred_seq_len=12
2022-03-29 15:41:02,010:INFO: seed=0
2022-03-29 15:41:02,010:INFO: tag=hotel
2022-03-29 15:41:02,010:INFO: use_lrschd=True
2022-03-29 15:41:02,010:INFO: ******************************
2022-03-29 15:41:02,010:INFO: Training initiating....
2022-03-29 15:41:02,010:INFO: Namespace(batch_size=128, clip_grad=None, dataset='hotel', gpu_num='0', input_size=2, kernel_size=3, lr=0.01, lr_sh_rate=150, n_stgcnn=1, n_txpcnn=5, num_epochs=250, obs_seq_len=8, output_size=5, pred_seq_len=12, seed=0, tag='hotel', use_lrschd=True)
2022-03-29 15:41:02,020:INFO: Initializing train dataset
2022-03-29 15:41:12,790:INFO: Initializing val dataset
2022-03-29 15:41:21,595:INFO: social_stgcnn3
2022-03-29 15:41:21,597:INFO: Data and model loaded
2022-03-29 15:41:21,597:INFO: Checkpoint dir: ../runs/Mar29_15-41-02_node09/hotel/checkpoint
2022-03-29 15:41:21,597:INFO: Training started ...
2022-03-29 15:41:51,502:INFO: Train: [0][2593/2594]  Loss 0.4512 (1.7624)  Time:  0.130 (0.012)  Data Time:  0.003 (0.004)
2022-03-29 15:41:51,503:INFO:   Eta: 2:04:33
2022-03-29 15:42:00,408:INFO: Test: [0]  ADE: 1.4146  FDE: 1.3178
2022-03-29 15:42:23,964:INFO: Train: [1][2593/2594]  Loss 0.4083 (1.6416)  Time:  0.154 (0.009)  Data Time:  0.004 (0.003)
2022-03-29 15:42:23,966:INFO:   Eta: 1:37:41
2022-03-29 15:42:51,504:INFO: Train: [2][2593/2594]  Loss 0.3652 (1.4720)  Time:  0.170 (0.011)  Data Time:  0.004 (0.004)
2022-03-29 15:42:51,504:INFO:   Eta: 1:53:45
2022-03-29 15:43:19,376:INFO: Train: [3][2593/2594]  Loss 0.3255 (1.3370)  Time:  0.153 (0.011)  Data Time:  0.004 (0.004)
2022-03-29 15:43:19,377:INFO:   Eta: 1:54:41
2022-03-29 15:43:49,941:INFO: Train: [4][2593/2594]  Loss 0.2690 (1.1244)  Time:  0.170 (0.012)  Data Time:  0.005 (0.004)
2022-03-29 15:43:49,942:INFO:   Eta: 2:05:15
2022-03-29 15:44:21,555:INFO: Train: [5][2593/2594]  Loss 0.2085 (0.8903)  Time:  0.169 (0.012)  Data Time:  0.003 (0.005)
2022-03-29 15:44:21,556:INFO:   Eta: 2:09:01
2022-03-29 15:44:52,866:INFO: Train: [6][2593/2594]  Loss 0.1480 (0.6748)  Time:  0.174 (0.012)  Data Time:  0.005 (0.005)
2022-03-29 15:44:52,869:INFO:   Eta: 2:07:15
2022-03-29 15:45:24,360:INFO: Train: [7][2593/2594]  Loss 0.0830 (0.4333)  Time:  0.177 (0.012)  Data Time:  0.005 (0.005)
2022-03-29 15:45:24,361:INFO:   Eta: 2:07:29
2022-03-29 15:45:56,474:INFO: Train: [8][2593/2594]  Loss -0.0005 (0.1756)  Time:  0.187 (0.012)  Data Time:  0.006 (0.005)
2022-03-29 15:45:56,476:INFO:   Eta: 2:09:27
2022-03-29 15:46:27,652:INFO: Train: [9][2593/2594]  Loss -0.0144 (0.0259)  Time:  0.166 (0.012)  Data Time:  0.004 (0.004)
2022-03-29 15:46:27,653:INFO:   Eta: 2:05:08
2022-03-29 15:46:55,009:INFO: Train: [10][2593/2594]  Loss -0.0558 (-0.0648)  Time:  0.192 (0.011)  Data Time:  0.004 (0.004)
2022-03-29 15:46:55,010:INFO:   Eta: 1:49:21
2022-03-29 15:47:04,659:INFO: Test: [10]  ADE: 1.1587  FDE: 1.7369
2022-03-29 15:47:35,109:INFO: Train: [11][2593/2594]  Loss -0.0927 (-0.1158)  Time:  0.144 (0.012)  Data Time:  0.003 (0.004)
2022-03-29 15:47:35,111:INFO:   Eta: 2:01:14
2022-03-29 15:48:02,774:INFO: Train: [12][2593/2594]  Loss -0.0269 (-0.1538)  Time:  0.150 (0.011)  Data Time:  0.004 (0.004)
2022-03-29 15:48:02,775:INFO:   Eta: 1:49:40
2022-03-29 15:48:30,428:INFO: Train: [13][2593/2594]  Loss -0.0886 (-0.1716)  Time:  0.149 (0.011)  Data Time:  0.003 (0.004)
2022-03-29 15:48:30,429:INFO:   Eta: 1:49:10
2022-03-29 15:48:58,406:INFO: Train: [14][2593/2594]  Loss -0.0071 (-0.1935)  Time:  0.155 (0.011)  Data Time:  0.004 (0.004)
2022-03-29 15:48:58,406:INFO:   Eta: 1:49:59
2022-03-29 15:49:28,802:INFO: Train: [15][2593/2594]  Loss -0.0515 (-0.2129)  Time:  0.173 (0.012)  Data Time:  0.005 (0.004)
2022-03-29 15:49:28,804:INFO:   Eta: 1:58:59
2022-03-29 15:49:59,758:INFO: Train: [16][2593/2594]  Loss -0.1006 (-0.2453)  Time:  0.168 (0.012)  Data Time:  0.004 (0.005)
2022-03-29 15:49:59,760:INFO:   Eta: 2:00:39
2022-03-29 15:50:31,205:INFO: Train: [17][2593/2594]  Loss -0.0651 (-0.2706)  Time:  0.181 (0.012)  Data Time:  0.005 (0.005)
2022-03-29 15:50:31,206:INFO:   Eta: 2:02:02
2022-03-29 15:51:01,485:INFO: Train: [18][2593/2594]  Loss -0.0545 (-0.2816)  Time:  0.181 (0.012)  Data Time:  0.005 (0.004)
2022-03-29 15:51:01,596:INFO:   Eta: 1:57:01
2022-03-29 15:51:30,876:INFO: Train: [19][2593/2594]  Loss -0.0651 (-0.2867)  Time:  0.138 (0.011)  Data Time:  0.003 (0.004)
2022-03-29 15:51:30,877:INFO:   Eta: 1:51:07
2022-03-29 15:51:59,179:INFO: Train: [20][2593/2594]  Loss -0.0488 (-0.2922)  Time:  0.194 (0.011)  Data Time:  0.005 (0.004)
2022-03-29 15:51:59,181:INFO:   Eta: 1:48:25
2022-03-29 15:52:09,541:INFO: Test: [20]  ADE: 1.1670  FDE: 1.8324
2022-03-29 15:52:40,694:INFO: Train: [21][2593/2594]  Loss -0.0821 (-0.3007)  Time:  0.167 (0.012)  Data Time:  0.005 (0.004)
2022-03-29 15:52:40,713:INFO:   Eta: 1:57:47
2022-03-29 15:53:12,248:INFO: Train: [22][2593/2594]  Loss -0.0804 (-0.3277)  Time:  0.190 (0.012)  Data Time:  0.005 (0.005)
2022-03-29 15:53:12,249:INFO:   Eta: 1:59:10
2022-03-29 15:53:40,429:INFO: Train: [23][2593/2594]  Loss -0.0838 (-0.3372)  Time:  0.148 (0.011)  Data Time:  0.004 (0.004)
2022-03-29 15:53:40,430:INFO:   Eta: 1:46:33
2022-03-29 15:54:07,762:INFO: Train: [24][2593/2594]  Loss -0.1244 (-0.3408)  Time:  0.145 (0.011)  Data Time:  0.003 (0.004)
2022-03-29 15:54:07,763:INFO:   Eta: 1:42:53
2022-03-29 15:54:35,940:INFO: Train: [25][2593/2594]  Loss -0.1186 (-0.3275)  Time:  0.173 (0.011)  Data Time:  0.004 (0.004)
2022-03-29 15:54:35,941:INFO:   Eta: 1:45:36
2022-03-29 15:55:05,960:INFO: Train: [26][2593/2594]  Loss -0.0921 (-0.3324)  Time:  0.160 (0.012)  Data Time:  0.004 (0.004)
2022-03-29 15:55:05,961:INFO:   Eta: 1:52:00
2022-03-29 15:55:37,710:INFO: Train: [27][2593/2594]  Loss -0.0809 (-0.3571)  Time:  0.166 (0.012)  Data Time:  0.005 (0.005)
2022-03-29 15:55:37,798:INFO:   Eta: 1:57:56
2022-03-29 15:56:09,071:INFO: Train: [28][2593/2594]  Loss -0.0951 (-0.3576)  Time:  0.140 (0.012)  Data Time:  0.004 (0.004)
2022-03-29 15:56:09,073:INFO:   Eta: 1:51:24
2022-03-29 15:56:35,777:INFO: Train: [29][2593/2594]  Loss -0.1113 (-0.3653)  Time:  0.167 (0.010)  Data Time:  0.005 (0.003)
2022-03-29 15:56:35,778:INFO:   Eta: 1:38:18
2022-03-29 15:57:06,668:INFO: Train: [30][2593/2594]  Loss -0.1165 (-0.3241)  Time:  0.171 (0.012)  Data Time:  0.005 (0.004)
2022-03-29 15:57:06,766:INFO:   Eta: 1:53:12
2022-03-29 15:57:17,010:INFO: Test: [30]  ADE: 1.1622  FDE: 1.8615
2022-03-29 15:57:47,715:INFO: Train: [31][2593/2594]  Loss -0.1386 (-0.3567)  Time:  0.162 (0.012)  Data Time:  0.004 (0.004)
2022-03-29 15:57:47,718:INFO:   Eta: 1:51:53
2022-03-29 15:58:20,024:INFO: Train: [32][2593/2594]  Loss -0.1294 (-0.3241)  Time:  0.208 (0.012)  Data Time:  0.005 (0.005)
2022-03-29 15:58:20,026:INFO:   Eta: 1:57:17
2022-03-29 15:58:52,963:INFO: Train: [33][2593/2594]  Loss -0.0959 (-0.3863)  Time:  0.160 (0.013)  Data Time:  0.004 (0.005)
2022-03-29 15:58:52,969:INFO:   Eta: 1:59:03
2022-03-29 15:59:22,887:INFO: Train: [34][2593/2594]  Loss -0.1199 (-0.3585)  Time:  0.150 (0.011)  Data Time:  0.004 (0.004)
2022-03-29 15:59:22,888:INFO:   Eta: 1:47:20
2022-03-29 15:59:50,895:INFO: Train: [35][2593/2594]  Loss -0.1108 (-0.3737)  Time:  0.143 (0.011)  Data Time:  0.004 (0.004)
2022-03-29 15:59:50,896:INFO:   Eta: 1:40:18
2022-03-29 16:00:18,862:INFO: Train: [36][2593/2594]  Loss -0.1492 (-0.3558)  Time:  0.156 (0.011)  Data Time:  0.004 (0.004)
2022-03-29 16:00:18,863:INFO:   Eta: 1:39:41
2022-03-29 16:00:46,940:INFO: Train: [37][2593/2594]  Loss -0.0384 (-0.3389)  Time:  0.153 (0.011)  Data Time:  0.004 (0.004)
2022-03-29 16:00:46,941:INFO:   Eta: 1:39:37
2022-03-29 16:01:14,310:INFO: Train: [38][2593/2594]  Loss -0.1133 (-0.3486)  Time:  0.138 (0.011)  Data Time:  0.003 (0.003)
2022-03-29 16:01:14,311:INFO:   Eta: 1:36:38
2022-03-29 16:01:44,560:INFO: Train: [39][2593/2594]  Loss -0.0578 (-0.3865)  Time:  0.209 (0.012)  Data Time:  0.005 (0.004)
2022-03-29 16:01:44,561:INFO:   Eta: 1:46:19
2022-03-29 16:02:15,737:INFO: Train: [40][2593/2594]  Loss -0.1093 (-0.3753)  Time:  0.177 (0.012)  Data Time:  0.004 (0.005)
2022-03-29 16:02:15,738:INFO:   Eta: 1:49:04
2022-03-29 16:02:25,877:INFO: Test: [40]  ADE: 1.1578  FDE: 1.8618
2022-03-29 16:02:57,342:INFO: Train: [41][2593/2594]  Loss -0.1206 (-0.4001)  Time:  0.159 (0.012)  Data Time:  0.005 (0.005)
2022-03-29 16:02:57,344:INFO:   Eta: 1:49:33
2022-03-29 16:03:28,685:INFO: Train: [42][2593/2594]  Loss -0.1321 (-0.3393)  Time:  0.163 (0.012)  Data Time:  0.005 (0.005)
2022-03-29 16:03:28,686:INFO:   Eta: 1:48:35
2022-03-29 16:04:00,304:INFO: Train: [43][2593/2594]  Loss -0.1114 (-0.3939)  Time:  0.180 (0.012)  Data Time:  0.004 (0.005)
2022-03-29 16:04:00,305:INFO:   Eta: 1:49:02
2022-03-29 16:04:31,404:INFO: Train: [44][2593/2594]  Loss -0.0615 (-0.3747)  Time:  0.178 (0.012)  Data Time:  0.005 (0.005)
2022-03-29 16:04:31,405:INFO:   Eta: 1:46:43
2022-03-29 16:05:01,754:INFO: Train: [45][2593/2594]  Loss -0.0832 (-0.3829)  Time:  0.194 (0.012)  Data Time:  0.003 (0.004)
2022-03-29 16:05:01,755:INFO:   Eta: 1:43:38
2022-03-29 16:05:29,576:INFO: Train: [46][2593/2594]  Loss -0.0857 (-0.3997)  Time:  0.158 (0.011)  Data Time:  0.004 (0.004)
2022-03-29 16:05:29,807:INFO:   Eta: 1:34:31
2022-03-29 16:05:55,201:INFO: Train: [47][2593/2594]  Loss -0.1127 (-0.4199)  Time:  0.116 (0.009)  Data Time:  0.002 (0.003)
2022-03-29 16:05:55,339:INFO:   Eta: 1:19:42
2022-03-29 16:06:23,782:INFO: Train: [48][2593/2594]  Loss -0.1245 (-0.3977)  Time:  0.155 (0.010)  Data Time:  0.003 (0.003)
2022-03-29 16:06:23,783:INFO:   Eta: 1:30:56
2022-03-29 16:06:56,447:INFO: Train: [49][2593/2594]  Loss -0.1259 (-0.3897)  Time:  0.176 (0.013)  Data Time:  0.005 (0.004)
2022-03-29 16:06:56,448:INFO:   Eta: 1:49:21
2022-03-29 16:07:28,645:INFO: Train: [50][2593/2594]  Loss -0.1223 (-0.4029)  Time:  0.161 (0.012)  Data Time:  0.005 (0.005)
2022-03-29 16:07:28,647:INFO:   Eta: 1:47:16
2022-03-29 16:07:39,097:INFO: Test: [50]  ADE: 1.1494  FDE: 1.8613
2022-03-29 16:08:11,616:INFO: Train: [51][2593/2594]  Loss -0.1046 (-0.4073)  Time:  0.162 (0.013)  Data Time:  0.004 (0.005)
2022-03-29 16:08:11,618:INFO:   Eta: 1:47:48
2022-03-29 16:08:43,380:INFO: Train: [52][2593/2594]  Loss -0.0168 (-0.3719)  Time:  0.160 (0.012)  Data Time:  0.004 (0.005)
2022-03-29 16:08:43,382:INFO:   Eta: 1:44:45
2022-03-29 16:09:15,153:INFO: Train: [53][2593/2594]  Loss -0.1043 (-0.3883)  Time:  0.173 (0.012)  Data Time:  0.004 (0.005)
2022-03-29 16:09:15,154:INFO:   Eta: 1:44:15
2022-03-29 16:09:46,821:INFO: Train: [54][2593/2594]  Loss -0.1075 (-0.3720)  Time:  0.167 (0.012)  Data Time:  0.005 (0.005)
2022-03-29 16:09:46,822:INFO:   Eta: 1:43:22
2022-03-29 16:10:18,437:INFO: Train: [55][2593/2594]  Loss -0.1314 (-0.3871)  Time:  0.186 (0.012)  Data Time:  0.005 (0.005)
2022-03-29 16:10:18,438:INFO:   Eta: 1:42:42
2022-03-29 16:10:49,217:INFO: Train: [56][2593/2594]  Loss -0.1401 (-0.4028)  Time:  0.166 (0.012)  Data Time:  0.004 (0.004)
2022-03-29 16:10:49,219:INFO:   Eta: 1:39:28
2022-03-29 16:11:13,109:INFO: Train: [57][2593/2594]  Loss -0.1546 (-0.4025)  Time:  0.135 (0.009)  Data Time:  0.002 (0.002)
2022-03-29 16:11:13,110:INFO:   Eta: 1:16:47
2022-03-29 16:11:40,785:INFO: Train: [58][2593/2594]  Loss -0.0798 (-0.4089)  Time:  0.147 (0.011)  Data Time:  0.003 (0.004)
2022-03-29 16:11:40,786:INFO:   Eta: 1:28:31
2022-03-29 16:12:09,366:INFO: Train: [59][2593/2594]  Loss -0.1180 (-0.4138)  Time:  0.152 (0.011)  Data Time:  0.004 (0.004)
2022-03-29 16:12:09,367:INFO:   Eta: 1:30:56
2022-03-29 16:12:37,585:INFO: Train: [60][2593/2594]  Loss -0.1013 (-0.4101)  Time:  0.191 (0.011)  Data Time:  0.005 (0.004)
2022-03-29 16:12:37,587:INFO:   Eta: 1:29:18
2022-03-29 16:12:47,794:INFO: Test: [60]  ADE: 1.1478  FDE: 1.8604
2022-03-29 16:13:20,764:INFO: Train: [61][2593/2594]  Loss -0.0600 (-0.3759)  Time:  0.175 (0.012)  Data Time:  0.004 (0.005)
2022-03-29 16:13:20,765:INFO:   Eta: 1:40:33
2022-03-29 16:13:53,717:INFO: Train: [62][2593/2594]  Loss -0.1504 (-0.3907)  Time:  0.174 (0.013)  Data Time:  0.004 (0.005)
2022-03-29 16:13:53,718:INFO:   Eta: 1:43:11
2022-03-29 16:14:25,804:INFO: Train: [63][2593/2594]  Loss -0.0895 (-0.3992)  Time:  0.190 (0.012)  Data Time:  0.005 (0.005)
2022-03-29 16:14:25,805:INFO:   Eta: 1:39:57
2022-03-29 16:14:57,597:INFO: Train: [64][2593/2594]  Loss -0.1588 (-0.3856)  Time:  0.175 (0.012)  Data Time:  0.005 (0.005)
2022-03-29 16:14:57,598:INFO:   Eta: 1:38:30
2022-03-29 16:15:29,134:INFO: Train: [65][2593/2594]  Loss -0.0447 (-0.3666)  Time:  0.193 (0.012)  Data Time:  0.004 (0.005)
2022-03-29 16:15:29,135:INFO:   Eta: 1:37:11
2022-03-29 16:15:58,126:INFO: Train: [66][2593/2594]  Loss -0.0872 (-0.3782)  Time:  0.139 (0.011)  Data Time:  0.003 (0.004)
2022-03-29 16:15:58,127:INFO:   Eta: 1:28:51
2022-03-29 16:16:25,931:INFO: Train: [67][2593/2594]  Loss -0.1082 (-0.4027)  Time:  0.167 (0.011)  Data Time:  0.004 (0.004)
2022-03-29 16:16:26,019:INFO:   Eta: 1:24:45
2022-03-29 16:16:56,413:INFO: Train: [68][2593/2594]  Loss -0.0530 (-0.3999)  Time:  0.158 (0.012)  Data Time:  0.004 (0.004)
2022-03-29 16:16:56,414:INFO:   Eta: 1:31:21
2022-03-29 16:17:24,353:INFO: Train: [69][2593/2594]  Loss -0.0969 (-0.3625)  Time:  0.146 (0.011)  Data Time:  0.005 (0.004)
2022-03-29 16:17:24,355:INFO:   Eta: 1:24:13
2022-03-29 16:17:51,889:INFO: Train: [70][2593/2594]  Loss -0.0967 (-0.4166)  Time:  0.148 (0.011)  Data Time:  0.004 (0.004)
2022-03-29 16:17:51,890:INFO:   Eta: 1:22:33
2022-03-29 16:18:01,382:INFO: Test: [70]  ADE: 1.1540  FDE: 1.8688
2022-03-29 16:18:30,768:INFO: Train: [71][2593/2594]  Loss -0.0630 (-0.3823)  Time:  0.163 (0.011)  Data Time:  0.004 (0.004)
2022-03-29 16:18:30,769:INFO:   Eta: 1:27:37
2022-03-29 16:19:02,231:INFO: Train: [72][2593/2594]  Loss -0.1204 (-0.4075)  Time:  0.189 (0.012)  Data Time:  0.005 (0.005)
2022-03-29 16:19:02,232:INFO:   Eta: 1:33:17
2022-03-29 16:19:33,886:INFO: Train: [73][2593/2594]  Loss -0.1359 (-0.4035)  Time:  0.175 (0.012)  Data Time:  0.004 (0.005)
2022-03-29 16:19:33,890:INFO:   Eta: 1:33:20
2022-03-29 16:20:05,453:INFO: Train: [74][2593/2594]  Loss -0.0733 (-0.3817)  Time:  0.173 (0.012)  Data Time:  0.004 (0.005)
2022-03-29 16:20:05,479:INFO:   Eta: 1:32:14
2022-03-29 16:20:36,779:INFO: Train: [75][2593/2594]  Loss -0.0602 (-0.4083)  Time:  0.168 (0.012)  Data Time:  0.004 (0.004)
2022-03-29 16:20:36,780:INFO:   Eta: 1:31:09
2022-03-29 16:21:06,524:INFO: Train: [76][2593/2594]  Loss -0.0952 (-0.3994)  Time:  0.166 (0.011)  Data Time:  0.004 (0.004)
2022-03-29 16:21:06,525:INFO:   Eta: 1:26:13
2022-03-29 16:21:33,895:INFO: Train: [77][2593/2594]  Loss -0.1522 (-0.3855)  Time:  0.165 (0.011)  Data Time:  0.004 (0.003)
2022-03-29 16:21:33,896:INFO:   Eta: 1:18:52
2022-03-29 16:22:05,777:INFO: Train: [78][2593/2594]  Loss -0.1483 (-0.3938)  Time:  0.159 (0.012)  Data Time:  0.004 (0.005)
2022-03-29 16:22:05,779:INFO:   Eta: 1:31:21
2022-03-29 16:22:36,993:INFO: Train: [79][2593/2594]  Loss -0.0412 (-0.4166)  Time:  0.146 (0.012)  Data Time:  0.004 (0.004)
2022-03-29 16:22:36,994:INFO:   Eta: 1:28:55
2022-03-29 16:23:04,884:INFO: Train: [80][2593/2594]  Loss -0.1361 (-0.4184)  Time:  0.145 (0.011)  Data Time:  0.004 (0.004)
2022-03-29 16:23:04,885:INFO:   Eta: 1:18:58
2022-03-29 16:23:14,632:INFO: Test: [80]  ADE: 1.1541  FDE: 1.8795
2022-03-29 16:23:42,730:INFO: Train: [81][2593/2594]  Loss -0.1488 (-0.3692)  Time:  0.151 (0.011)  Data Time:  0.003 (0.004)
2022-03-29 16:23:42,732:INFO:   Eta: 1:19:05
2022-03-29 16:24:11,113:INFO: Train: [82][2593/2594]  Loss -0.1295 (-0.4348)  Time:  0.169 (0.011)  Data Time:  0.004 (0.004)
2022-03-29 16:24:11,114:INFO:   Eta: 1:19:25
2022-03-29 16:24:42,756:INFO: Train: [83][2593/2594]  Loss -0.1073 (-0.4047)  Time:  0.164 (0.012)  Data Time:  0.005 (0.005)
2022-03-29 16:24:42,757:INFO:   Eta: 1:28:01
2022-03-29 16:25:14,164:INFO: Train: [84][2593/2594]  Loss -0.1294 (-0.4009)  Time:  0.182 (0.012)  Data Time:  0.004 (0.005)
2022-03-29 16:25:14,165:INFO:   Eta: 1:26:50
2022-03-29 16:25:46,165:INFO: Train: [85][2593/2594]  Loss -0.0896 (-0.4066)  Time:  0.167 (0.012)  Data Time:  0.005 (0.005)
2022-03-29 16:25:46,166:INFO:   Eta: 1:27:57
2022-03-29 16:26:16,358:INFO: Train: [86][2593/2594]  Loss -0.1027 (-0.3758)  Time:  0.152 (0.012)  Data Time:  0.003 (0.004)
2022-03-29 16:26:16,358:INFO:   Eta: 1:22:28
2022-03-29 16:26:43,901:INFO: Train: [87][2593/2594]  Loss -0.1663 (-0.3583)  Time:  0.167 (0.011)  Data Time:  0.005 (0.004)
2022-03-29 16:26:43,902:INFO:   Eta: 1:14:46
2022-03-29 16:27:15,207:INFO: Train: [88][2593/2594]  Loss -0.1434 (-0.4222)  Time:  0.186 (0.012)  Data Time:  0.005 (0.004)
2022-03-29 16:27:15,208:INFO:   Eta: 1:24:29
2022-03-29 16:27:46,607:INFO: Train: [89][2593/2594]  Loss -0.1264 (-0.4030)  Time:  0.167 (0.012)  Data Time:  0.004 (0.005)
2022-03-29 16:27:46,608:INFO:   Eta: 1:24:12
2022-03-29 16:28:18,290:INFO: Train: [90][2593/2594]  Loss -0.1236 (-0.4084)  Time:  0.172 (0.012)  Data Time:  0.005 (0.005)
2022-03-29 16:28:18,292:INFO:   Eta: 1:24:26
2022-03-29 16:28:27,913:INFO: Test: [90]  ADE: 1.1509  FDE: 1.8638
2022-03-29 16:28:56,423:INFO: Train: [91][2593/2594]  Loss -0.0901 (-0.4210)  Time:  0.156 (0.011)  Data Time:  0.005 (0.004)
2022-03-29 16:28:56,424:INFO:   Eta: 1:15:30
2022-03-29 16:29:24,853:INFO: Train: [92][2593/2594]  Loss -0.1332 (-0.3983)  Time:  0.145 (0.011)  Data Time:  0.003 (0.004)
2022-03-29 16:29:24,854:INFO:   Eta: 1:14:49
2022-03-29 16:29:52,995:INFO: Train: [93][2593/2594]  Loss -0.0956 (-0.3770)  Time:  0.144 (0.011)  Data Time:  0.002 (0.004)
2022-03-29 16:29:52,996:INFO:   Eta: 1:13:35
2022-03-29 16:30:23,795:INFO: Train: [94][2593/2594]  Loss -0.0116 (-0.4012)  Time:  0.162 (0.012)  Data Time:  0.004 (0.004)
2022-03-29 16:30:23,797:INFO:   Eta: 1:20:02
2022-03-29 16:30:55,287:INFO: Train: [95][2593/2594]  Loss -0.0505 (-0.3530)  Time:  0.158 (0.012)  Data Time:  0.005 (0.004)
2022-03-29 16:30:55,289:INFO:   Eta: 1:21:18
2022-03-29 16:31:24,639:INFO: Train: [96][2593/2594]  Loss -0.0781 (-0.3513)  Time:  0.149 (0.011)  Data Time:  0.003 (0.004)
2022-03-29 16:31:24,640:INFO:   Eta: 1:15:17
2022-03-29 16:31:51,811:INFO: Train: [97][2593/2594]  Loss -0.1221 (-0.3996)  Time:  0.167 (0.010)  Data Time:  0.005 (0.004)
2022-03-29 16:31:51,813:INFO:   Eta: 1:09:15
2022-03-29 16:32:23,238:INFO: Train: [98][2593/2594]  Loss -0.0913 (-0.3848)  Time:  0.162 (0.012)  Data Time:  0.005 (0.004)
2022-03-29 16:32:23,239:INFO:   Eta: 1:19:34
2022-03-29 16:32:54,497:INFO: Train: [99][2593/2594]  Loss -0.0967 (-0.4119)  Time:  0.168 (0.012)  Data Time:  0.004 (0.005)
2022-03-29 16:32:54,498:INFO:   Eta: 1:18:38
2022-03-29 16:33:25,842:INFO: Train: [100][2593/2594]  Loss -0.1114 (-0.4183)  Time:  0.178 (0.012)  Data Time:  0.004 (0.005)
2022-03-29 16:33:25,843:INFO:   Eta: 1:18:18
2022-03-29 16:33:36,302:INFO: Test: [100]  ADE: 1.1590  FDE: 1.8862
2022-03-29 16:34:08,152:INFO: Train: [101][2593/2594]  Loss -0.0874 (-0.4143)  Time:  0.177 (0.012)  Data Time:  0.004 (0.005)
2022-03-29 16:34:08,153:INFO:   Eta: 1:19:03
2022-03-29 16:34:36,454:INFO: Train: [102][2593/2594]  Loss -0.1553 (-0.4066)  Time:  0.158 (0.011)  Data Time:  0.004 (0.004)
2022-03-29 16:34:36,455:INFO:   Eta: 1:09:46
2022-03-29 16:35:04,494:INFO: Train: [103][2593/2594]  Loss -0.1380 (-0.3762)  Time:  0.163 (0.011)  Data Time:  0.003 (0.004)
2022-03-29 16:35:04,495:INFO:   Eta: 1:08:39
2022-03-29 16:35:32,318:INFO: Train: [104][2593/2594]  Loss -0.0602 (-0.3826)  Time:  0.158 (0.011)  Data Time:  0.003 (0.004)
2022-03-29 16:35:32,320:INFO:   Eta: 1:07:39
2022-03-29 16:36:01,416:INFO: Train: [105][2593/2594]  Loss -0.1132 (-0.3882)  Time:  0.139 (0.011)  Data Time:  0.003 (0.004)
2022-03-29 16:36:01,417:INFO:   Eta: 1:10:16
2022-03-29 16:36:31,468:INFO: Train: [106][2593/2594]  Loss -0.1051 (-0.3951)  Time:  0.145 (0.011)  Data Time:  0.004 (0.004)
2022-03-29 16:36:31,469:INFO:   Eta: 1:07:36
2022-03-29 16:37:00,315:INFO: Train: [107][2593/2594]  Loss -0.1423 (-0.4312)  Time:  0.165 (0.011)  Data Time:  0.004 (0.004)
2022-03-29 16:37:00,316:INFO:   Eta: 1:08:42
2022-03-29 16:37:32,445:INFO: Train: [108][2593/2594]  Loss -0.1264 (-0.4208)  Time:  0.165 (0.012)  Data Time:  0.005 (0.005)
2022-03-29 16:37:32,445:INFO:   Eta: 1:15:59
2022-03-29 16:38:04,086:INFO: Train: [109][2593/2594]  Loss -0.0533 (-0.3821)  Time:  0.168 (0.012)  Data Time:  0.006 (0.005)
2022-03-29 16:38:04,087:INFO:   Eta: 1:14:19
2022-03-29 16:38:36,142:INFO: Train: [110][2593/2594]  Loss -0.1094 (-0.4018)  Time:  0.171 (0.012)  Data Time:  0.005 (0.005)
2022-03-29 16:38:36,142:INFO:   Eta: 1:14:45
2022-03-29 16:38:46,836:INFO: Test: [110]  ADE: 1.1647  FDE: 1.8976
2022-03-29 16:39:19,253:INFO: Train: [111][2593/2594]  Loss -0.1679 (-0.4102)  Time:  0.167 (0.012)  Data Time:  0.005 (0.005)
2022-03-29 16:39:19,388:INFO:   Eta: 1:10:25
2022-03-29 16:39:52,616:INFO: Train: [112][2593/2594]  Loss -0.1387 (-0.4119)  Time:  0.175 (0.012)  Data Time:  0.004 (0.005)
2022-03-29 16:39:52,665:INFO:   Eta: 1:13:40
2022-03-29 16:40:22,952:INFO: Train: [113][2593/2594]  Loss -0.1359 (-0.4297)  Time:  0.158 (0.012)  Data Time:  0.004 (0.004)
2022-03-29 16:40:22,958:INFO:   Eta: 1:08:39
2022-03-29 16:40:51,064:INFO: Train: [114][2593/2594]  Loss -0.1074 (-0.3941)  Time:  0.165 (0.011)  Data Time:  0.003 (0.004)
2022-03-29 16:40:51,065:INFO:   Eta: 1:03:39
2022-03-29 16:41:17,213:INFO: Train: [115][2593/2594]  Loss -0.0881 (-0.4089)  Time:  0.138 (0.010)  Data Time:  0.002 (0.003)
2022-03-29 16:41:17,215:INFO:   Eta: 0:58:48
2022-03-29 16:41:42,176:INFO: Train: [116][2593/2594]  Loss -0.1181 (-0.3982)  Time:  0.178 (0.010)  Data Time:  0.003 (0.003)
2022-03-29 16:41:42,177:INFO:   Eta: 0:55:40
2022-03-29 16:42:12,699:INFO: Train: [117][2593/2594]  Loss -0.1053 (-0.3833)  Time:  0.164 (0.012)  Data Time:  0.004 (0.004)
2022-03-29 16:42:12,701:INFO:   Eta: 1:07:37
2022-03-29 16:42:44,228:INFO: Train: [118][2593/2594]  Loss -0.1374 (-0.3979)  Time:  0.163 (0.012)  Data Time:  0.004 (0.005)
2022-03-29 16:42:44,230:INFO:   Eta: 1:09:19
2022-03-29 16:43:16,333:INFO: Train: [119][2593/2594]  Loss -0.1216 (-0.3634)  Time:  0.150 (0.012)  Data Time:  0.004 (0.005)
2022-03-29 16:43:16,335:INFO:   Eta: 1:10:03
2022-03-29 16:43:47,978:INFO: Train: [120][2593/2594]  Loss -0.0979 (-0.4090)  Time:  0.170 (0.012)  Data Time:  0.004 (0.005)
2022-03-29 16:43:47,979:INFO:   Eta: 1:08:31
2022-03-29 16:43:58,199:INFO: Test: [120]  ADE: 1.1517  FDE: 1.8720
2022-03-29 16:44:29,910:INFO: Train: [121][2593/2594]  Loss -0.1219 (-0.4026)  Time:  0.179 (0.012)  Data Time:  0.004 (0.005)
2022-03-29 16:44:29,911:INFO:   Eta: 1:08:08
2022-03-29 16:45:01,428:INFO: Train: [122][2593/2594]  Loss -0.0983 (-0.3978)  Time:  0.156 (0.012)  Data Time:  0.005 (0.005)
2022-03-29 16:45:01,429:INFO:   Eta: 1:07:12
2022-03-29 16:45:33,036:INFO: Train: [123][2593/2594]  Loss -0.1177 (-0.4082)  Time:  0.156 (0.012)  Data Time:  0.004 (0.005)
2022-03-29 16:45:33,038:INFO:   Eta: 1:06:51
2022-03-29 16:46:03,492:INFO: Train: [124][2593/2594]  Loss -0.1434 (-0.4270)  Time:  0.127 (0.012)  Data Time:  0.003 (0.004)
2022-03-29 16:46:03,493:INFO:   Eta: 1:03:55
2022-03-29 16:46:28,358:INFO: Train: [125][2593/2594]  Loss -0.1433 (-0.3956)  Time:  0.135 (0.010)  Data Time:  0.003 (0.003)
2022-03-29 16:46:28,359:INFO:   Eta: 0:51:46
2022-03-29 16:46:53,077:INFO: Train: [126][2593/2594]  Loss -0.0943 (-0.3838)  Time:  0.131 (0.010)  Data Time:  0.003 (0.003)
2022-03-29 16:46:53,078:INFO:   Eta: 0:51:03
2022-03-29 16:47:20,719:INFO: Train: [127][2593/2594]  Loss -0.0924 (-0.4114)  Time:  0.154 (0.011)  Data Time:  0.004 (0.004)
2022-03-29 16:47:20,720:INFO:   Eta: 0:56:38
2022-03-29 16:47:49,763:INFO: Train: [128][2593/2594]  Loss -0.1018 (-0.4295)  Time:  0.154 (0.011)  Data Time:  0.005 (0.004)
2022-03-29 16:47:49,764:INFO:   Eta: 0:59:01
2022-03-29 16:48:21,805:INFO: Train: [129][2593/2594]  Loss -0.0647 (-0.4161)  Time:  0.166 (0.012)  Data Time:  0.004 (0.005)
2022-03-29 16:48:21,806:INFO:   Eta: 1:04:35
2022-03-29 16:48:53,261:INFO: Train: [130][2593/2594]  Loss -0.1436 (-0.4240)  Time:  0.161 (0.012)  Data Time:  0.004 (0.005)
2022-03-29 16:48:53,261:INFO:   Eta: 1:02:52
2022-03-29 16:49:03,290:INFO: Test: [130]  ADE: 1.1612  FDE: 1.8773
2022-03-29 16:49:34,997:INFO: Train: [131][2593/2594]  Loss -0.1330 (-0.4212)  Time:  0.176 (0.012)  Data Time:  0.005 (0.005)
2022-03-29 16:49:34,998:INFO:   Eta: 1:02:51
2022-03-29 16:50:06,106:INFO: Train: [132][2593/2594]  Loss -0.0835 (-0.3540)  Time:  0.153 (0.012)  Data Time:  0.003 (0.004)
2022-03-29 16:50:06,107:INFO:   Eta: 1:01:09
2022-03-29 16:50:38,030:INFO: Train: [133][2593/2594]  Loss -0.1022 (-0.4015)  Time:  0.183 (0.012)  Data Time:  0.005 (0.005)
2022-03-29 16:50:38,032:INFO:   Eta: 1:02:13
2022-03-29 16:51:06,890:INFO: Train: [134][2593/2594]  Loss -0.0913 (-0.4210)  Time:  0.143 (0.011)  Data Time:  0.003 (0.004)
2022-03-29 16:51:06,898:INFO:   Eta: 0:55:45
2022-03-29 16:51:36,252:INFO: Train: [135][2593/2594]  Loss -0.1351 (-0.4082)  Time:  0.142 (0.011)  Data Time:  0.004 (0.004)
2022-03-29 16:51:36,253:INFO:   Eta: 0:56:05
2022-03-29 16:52:04,786:INFO: Train: [136][2593/2594]  Loss -0.1365 (-0.4203)  Time:  0.170 (0.011)  Data Time:  0.004 (0.004)
2022-03-29 16:52:04,787:INFO:   Eta: 0:54:10
2022-03-29 16:52:32,465:INFO: Train: [137][2593/2594]  Loss -0.0878 (-0.4211)  Time:  0.174 (0.011)  Data Time:  0.003 (0.004)
2022-03-29 16:52:32,465:INFO:   Eta: 0:52:06
2022-03-29 16:53:00,057:INFO: Train: [138][2593/2594]  Loss -0.0934 (-0.3842)  Time:  0.144 (0.011)  Data Time:  0.004 (0.004)
2022-03-29 16:53:00,058:INFO:   Eta: 0:51:28
2022-03-29 16:53:28,271:INFO: Train: [139][2593/2594]  Loss -0.1020 (-0.4200)  Time:  0.182 (0.011)  Data Time:  0.004 (0.004)
2022-03-29 16:53:28,272:INFO:   Eta: 0:52:10
2022-03-29 16:53:59,261:INFO: Train: [140][2593/2594]  Loss -0.1230 (-0.4504)  Time:  0.148 (0.012)  Data Time:  0.003 (0.005)
2022-03-29 16:53:59,262:INFO:   Eta: 0:56:47
2022-03-29 16:54:09,226:INFO: Test: [140]  ADE: 1.1552  FDE: 1.8806
2022-03-29 16:54:40,768:INFO: Train: [141][2593/2594]  Loss -0.0750 (-0.4385)  Time:  0.160 (0.012)  Data Time:  0.005 (0.005)
2022-03-29 16:54:40,769:INFO:   Eta: 0:57:16
2022-03-29 16:55:12,008:INFO: Train: [142][2593/2594]  Loss -0.1116 (-0.4282)  Time:  0.175 (0.012)  Data Time:  0.003 (0.005)
2022-03-29 16:55:12,009:INFO:   Eta: 0:56:11
2022-03-29 16:55:41,557:INFO: Train: [143][2593/2594]  Loss -0.0811 (-0.4142)  Time:  0.151 (0.011)  Data Time:  0.004 (0.004)
2022-03-29 16:55:41,557:INFO:   Eta: 0:52:39
2022-03-29 16:56:10,850:INFO: Train: [144][2593/2594]  Loss -0.1412 (-0.3678)  Time:  0.160 (0.011)  Data Time:  0.005 (0.004)
2022-03-29 16:56:10,851:INFO:   Eta: 0:51:43
2022-03-29 16:56:41,145:INFO: Train: [145][2593/2594]  Loss -0.0891 (-0.4207)  Time:  0.191 (0.012)  Data Time:  0.005 (0.004)
2022-03-29 16:56:41,146:INFO:   Eta: 0:52:59
2022-03-29 16:57:11,879:INFO: Train: [146][2593/2594]  Loss -0.1048 (-0.4173)  Time:  0.165 (0.012)  Data Time:  0.004 (0.004)
2022-03-29 16:57:11,880:INFO:   Eta: 0:53:14
2022-03-29 16:57:42,220:INFO: Train: [147][2593/2594]  Loss -0.1584 (-0.4279)  Time:  0.142 (0.012)  Data Time:  0.003 (0.004)
2022-03-29 16:57:42,221:INFO:   Eta: 0:52:03
2022-03-29 16:58:09,580:INFO: Train: [148][2593/2594]  Loss -0.0773 (-0.4372)  Time:  0.151 (0.011)  Data Time:  0.004 (0.004)
2022-03-29 16:58:09,581:INFO:   Eta: 0:46:28
2022-03-29 16:58:36,981:INFO: Train: [149][2593/2594]  Loss -0.1095 (-0.3803)  Time:  0.150 (0.011)  Data Time:  0.003 (0.004)
2022-03-29 16:58:36,981:INFO:   Eta: 0:46:05
2022-03-29 16:59:04,956:INFO: Train: [150][2593/2594]  Loss -0.1392 (-0.4088)  Time:  0.138 (0.011)  Data Time:  0.003 (0.004)
2022-03-29 16:59:04,957:INFO:   Eta: 0:46:35
2022-03-29 16:59:14,967:INFO: Test: [150]  ADE: 1.1503  FDE: 1.8742
2022-03-29 16:59:45,837:INFO: Train: [151][2593/2594]  Loss -0.0886 (-0.4194)  Time:  0.153 (0.012)  Data Time:  0.004 (0.004)
2022-03-29 16:59:45,839:INFO:   Eta: 0:50:54
2022-03-29 16:59:51,494:INFO: Valid: [151][620/621]  Loss -2.3511 (-1.3383)
2022-03-29 16:59:51,509:INFO: Checkpoint saved...
2022-03-29 17:00:22,933:INFO: Train: [152][2593/2594]  Loss -0.1322 (-0.3411)  Time:  0.165 (0.012)  Data Time:  0.005 (0.004)
2022-03-29 17:00:22,935:INFO:   Eta: 0:51:17
2022-03-29 17:00:28,642:INFO: Valid: [152][620/621]  Loss -2.3315 (-1.3228)
2022-03-29 17:00:59,184:INFO: Train: [153][2593/2594]  Loss -0.1167 (-0.4234)  Time:  0.145 (0.012)  Data Time:  0.003 (0.004)
2022-03-29 17:00:59,185:INFO:   Eta: 0:49:19
2022-03-29 17:01:04,959:INFO: Valid: [153][620/621]  Loss -2.3255 (-1.3183)
2022-03-29 17:01:33,907:INFO: Train: [154][2593/2594]  Loss -0.1144 (-0.4172)  Time:  0.170 (0.011)  Data Time:  0.005 (0.004)
2022-03-29 17:01:33,908:INFO:   Eta: 0:46:15
2022-03-29 17:01:39,315:INFO: Valid: [154][620/621]  Loss -2.3291 (-1.3209)
2022-03-29 17:02:08,549:INFO: Train: [155][2593/2594]  Loss -0.0760 (-0.3942)  Time:  0.163 (0.011)  Data Time:  0.003 (0.004)
2022-03-29 17:02:08,550:INFO:   Eta: 0:46:14
2022-03-29 17:02:14,410:INFO: Valid: [155][620/621]  Loss -2.3270 (-1.3192)
2022-03-29 17:02:45,578:INFO: Train: [156][2593/2594]  Loss -0.1558 (-0.4121)  Time:  0.176 (0.012)  Data Time:  0.005 (0.004)
2022-03-29 17:02:45,579:INFO:   Eta: 0:48:46
2022-03-29 17:02:50,950:INFO: Valid: [156][620/621]  Loss -2.3324 (-1.3230)
2022-03-29 17:03:21,897:INFO: Train: [157][2593/2594]  Loss -0.0644 (-0.4146)  Time:  0.146 (0.012)  Data Time:  0.003 (0.004)
2022-03-29 17:03:21,899:INFO:   Eta: 0:47:54
2022-03-29 17:03:27,624:INFO: Valid: [157][620/621]  Loss -2.3423 (-1.3302)
2022-03-29 17:03:55,422:INFO: Train: [158][2593/2594]  Loss -0.1362 (-0.4483)  Time:  0.146 (0.011)  Data Time:  0.004 (0.003)
2022-03-29 17:03:55,424:INFO:   Eta: 0:42:34
2022-03-29 17:04:00,889:INFO: Valid: [158][620/621]  Loss -2.3675 (-1.3499)
2022-03-29 17:04:00,905:INFO: Checkpoint saved...
2022-03-29 17:04:28,927:INFO: Train: [159][2593/2594]  Loss -0.0985 (-0.3728)  Time:  0.144 (0.011)  Data Time:  0.004 (0.004)
2022-03-29 17:04:28,929:INFO:   Eta: 0:42:27
2022-03-29 17:04:34,494:INFO: Valid: [159][620/621]  Loss -2.3243 (-1.3167)
2022-03-29 17:05:03,492:INFO: Train: [160][2593/2594]  Loss -0.1242 (-0.4140)  Time:  0.170 (0.011)  Data Time:  0.005 (0.004)
2022-03-29 17:05:03,494:INFO:   Eta: 0:43:26
2022-03-29 17:05:08,861:INFO: Valid: [160][620/621]  Loss -2.3380 (-1.3267)
2022-03-29 17:05:19,016:INFO: Test: [160]  ADE: 1.1562  FDE: 1.8841
2022-03-29 17:05:50,426:INFO: Train: [161][2593/2594]  Loss -0.1310 (-0.4354)  Time:  0.179 (0.012)  Data Time:  0.005 (0.005)
2022-03-29 17:05:50,428:INFO:   Eta: 0:46:33
2022-03-29 17:05:56,039:INFO: Valid: [161][620/621]  Loss -2.3540 (-1.3387)
2022-03-29 17:06:26,196:INFO: Train: [162][2593/2594]  Loss -0.0953 (-0.3903)  Time:  0.143 (0.012)  Data Time:  0.004 (0.004)
2022-03-29 17:06:26,197:INFO:   Eta: 0:44:10
2022-03-29 17:06:31,652:INFO: Valid: [162][620/621]  Loss -2.3456 (-1.3322)
2022-03-29 17:07:00,096:INFO: Train: [163][2593/2594]  Loss -0.1132 (-0.4234)  Time:  0.162 (0.011)  Data Time:  0.004 (0.004)
2022-03-29 17:07:00,097:INFO:   Eta: 0:41:12
2022-03-29 17:07:05,488:INFO: Valid: [163][620/621]  Loss -2.3543 (-1.3389)
2022-03-29 17:07:36,185:INFO: Train: [164][2593/2594]  Loss -0.1064 (-0.4253)  Time:  0.156 (0.012)  Data Time:  0.005 (0.004)
2022-03-29 17:07:36,187:INFO:   Eta: 0:43:57
2022-03-29 17:07:41,471:INFO: Valid: [164][620/621]  Loss -2.3571 (-1.3405)
2022-03-29 17:08:11,508:INFO: Train: [165][2593/2594]  Loss -0.1223 (-0.4372)  Time:  0.204 (0.012)  Data Time:  0.004 (0.004)
2022-03-29 17:08:11,509:INFO:   Eta: 0:42:31
2022-03-29 17:08:16,982:INFO: Valid: [165][620/621]  Loss -2.3668 (-1.3482)
2022-03-29 17:08:48,359:INFO: Train: [166][2593/2594]  Loss -0.1238 (-0.4236)  Time:  0.162 (0.012)  Data Time:  0.004 (0.005)
2022-03-29 17:08:48,360:INFO:   Eta: 0:43:53
2022-03-29 17:08:53,907:INFO: Valid: [166][620/621]  Loss -2.3407 (-1.3280)
2022-03-29 17:09:22,389:INFO: Train: [167][2593/2594]  Loss -0.1534 (-0.4061)  Time:  0.148 (0.011)  Data Time:  0.003 (0.004)
2022-03-29 17:09:22,390:INFO:   Eta: 0:39:22
2022-03-29 17:09:27,695:INFO: Valid: [167][620/621]  Loss -2.3559 (-1.3398)
2022-03-29 17:09:54,763:INFO: Train: [168][2593/2594]  Loss -0.1230 (-0.4112)  Time:  0.188 (0.010)  Data Time:  0.004 (0.003)
2022-03-29 17:09:54,764:INFO:   Eta: 0:36:56
2022-03-29 17:10:00,105:INFO: Valid: [168][620/621]  Loss -2.3302 (-1.3204)
2022-03-29 17:10:28,101:INFO: Train: [169][2593/2594]  Loss -0.0854 (-0.4197)  Time:  0.160 (0.011)  Data Time:  0.003 (0.003)
2022-03-29 17:10:28,101:INFO:   Eta: 0:37:45
2022-03-29 17:10:33,420:INFO: Valid: [169][620/621]  Loss -2.3249 (-1.3167)
2022-03-29 17:11:03,747:INFO: Train: [170][2593/2594]  Loss -0.1186 (-0.3812)  Time:  0.171 (0.012)  Data Time:  0.005 (0.004)
2022-03-29 17:11:03,748:INFO:   Eta: 0:40:23
2022-03-29 17:11:09,255:INFO: Valid: [170][620/621]  Loss -2.3505 (-1.3357)
2022-03-29 17:11:19,809:INFO: Test: [170]  ADE: 1.1576  FDE: 1.8829
2022-03-29 17:11:51,140:INFO: Train: [171][2593/2594]  Loss -0.1011 (-0.3749)  Time:  0.149 (0.012)  Data Time:  0.003 (0.004)
2022-03-29 17:11:51,141:INFO:   Eta: 0:41:13
2022-03-29 17:11:56,532:INFO: Valid: [171][620/621]  Loss -2.3643 (-1.3460)
2022-03-29 17:12:25,233:INFO: Train: [172][2593/2594]  Loss -0.1033 (-0.4198)  Time:  0.145 (0.011)  Data Time:  0.004 (0.004)
2022-03-29 17:12:25,234:INFO:   Eta: 0:37:16
2022-03-29 17:12:30,709:INFO: Valid: [172][620/621]  Loss -2.3589 (-1.3419)
2022-03-29 17:13:01,917:INFO: Train: [173][2593/2594]  Loss -0.1576 (-0.4402)  Time:  0.160 (0.012)  Data Time:  0.004 (0.005)
2022-03-29 17:13:01,917:INFO:   Eta: 0:40:00
2022-03-29 17:13:07,507:INFO: Valid: [173][620/621]  Loss -2.3369 (-1.3253)
2022-03-29 17:13:37,397:INFO: Train: [174][2593/2594]  Loss -0.1169 (-0.4178)  Time:  0.165 (0.012)  Data Time:  0.004 (0.004)
2022-03-29 17:13:37,399:INFO:   Eta: 0:37:49
2022-03-29 17:13:43,209:INFO: Valid: [174][620/621]  Loss -2.3316 (-1.3215)
2022-03-29 17:14:14,396:INFO: Train: [175][2593/2594]  Loss -0.1236 (-0.4359)  Time:  0.178 (0.012)  Data Time:  0.006 (0.005)
2022-03-29 17:14:14,398:INFO:   Eta: 0:38:56
2022-03-29 17:14:19,866:INFO: Valid: [175][620/621]  Loss -2.3336 (-1.3231)
2022-03-29 17:14:51,162:INFO: Train: [176][2593/2594]  Loss -0.0618 (-0.4381)  Time:  0.165 (0.012)  Data Time:  0.004 (0.004)
2022-03-29 17:14:51,163:INFO:   Eta: 0:38:33
2022-03-29 17:14:56,764:INFO: Valid: [176][620/621]  Loss -2.3529 (-1.3374)
2022-03-29 17:15:28,150:INFO: Train: [177][2593/2594]  Loss -0.1203 (-0.3899)  Time:  0.173 (0.012)  Data Time:  0.005 (0.004)
2022-03-29 17:15:28,152:INFO:   Eta: 0:38:09
2022-03-29 17:15:33,774:INFO: Valid: [177][620/621]  Loss -2.3420 (-1.3287)
2022-03-29 17:16:01,875:INFO: Train: [178][2593/2594]  Loss -0.0830 (-0.3764)  Time:  0.137 (0.011)  Data Time:  0.003 (0.004)
2022-03-29 17:16:01,877:INFO:   Eta: 0:33:40
2022-03-29 17:16:06,993:INFO: Valid: [178][620/621]  Loss -2.3618 (-1.3438)
2022-03-29 17:16:34,506:INFO: Train: [179][2593/2594]  Loss -0.1314 (-0.4118)  Time:  0.149 (0.011)  Data Time:  0.003 (0.003)
2022-03-29 17:16:34,507:INFO:   Eta: 0:32:31
2022-03-29 17:16:39,877:INFO: Valid: [179][620/621]  Loss -2.3495 (-1.3343)
2022-03-29 17:17:07,893:INFO: Train: [180][2593/2594]  Loss -0.0763 (-0.3660)  Time:  0.139 (0.011)  Data Time:  0.003 (0.004)
2022-03-29 17:17:07,894:INFO:   Eta: 0:32:39
2022-03-29 17:17:13,181:INFO: Valid: [180][620/621]  Loss -2.3686 (-1.3494)
2022-03-29 17:17:13,194:INFO: Checkpoint saved...
2022-03-29 17:17:22,686:INFO: Test: [180]  ADE: 1.1539  FDE: 1.8735
2022-03-29 17:17:50,894:INFO: Train: [181][2593/2594]  Loss -0.1330 (-0.4521)  Time:  0.152 (0.011)  Data Time:  0.004 (0.004)
2022-03-29 17:17:50,894:INFO:   Eta: 0:32:25
2022-03-29 17:17:56,297:INFO: Valid: [181][620/621]  Loss -2.3600 (-1.3428)
2022-03-29 17:18:27,364:INFO: Train: [182][2593/2594]  Loss -0.0567 (-0.3906)  Time:  0.158 (0.012)  Data Time:  0.004 (0.004)
2022-03-29 17:18:27,366:INFO:   Eta: 0:35:10
2022-03-29 17:18:33,401:INFO: Valid: [182][620/621]  Loss -2.3274 (-1.3187)
2022-03-29 17:19:03,505:INFO: Train: [183][2593/2594]  Loss -0.1376 (-0.4294)  Time:  0.152 (0.012)  Data Time:  0.004 (0.004)
2022-03-29 17:19:03,506:INFO:   Eta: 0:33:21
2022-03-29 17:19:08,989:INFO: Valid: [183][620/621]  Loss -2.3303 (-1.3209)
2022-03-29 17:19:39,874:INFO: Train: [184][2593/2594]  Loss -0.0838 (-0.4148)  Time:  0.191 (0.012)  Data Time:  0.003 (0.004)
2022-03-29 17:19:39,875:INFO:   Eta: 0:33:56
2022-03-29 17:19:45,506:INFO: Valid: [184][620/621]  Loss -2.3366 (-1.3253)
2022-03-29 17:20:17,028:INFO: Train: [185][2593/2594]  Loss -0.1008 (-0.4080)  Time:  0.209 (0.012)  Data Time:  0.003 (0.004)
2022-03-29 17:20:17,029:INFO:   Eta: 0:34:06
2022-03-29 17:20:22,549:INFO: Valid: [185][620/621]  Loss -2.3556 (-1.3394)
2022-03-29 17:20:54,020:INFO: Train: [186][2593/2594]  Loss -0.1483 (-0.4071)  Time:  0.190 (0.012)  Data Time:  0.004 (0.004)
2022-03-29 17:20:54,023:INFO:   Eta: 0:33:32
2022-03-29 17:20:59,539:INFO: Valid: [186][620/621]  Loss -2.3664 (-1.3474)
2022-03-29 17:21:31,024:INFO: Train: [187][2593/2594]  Loss -0.1547 (-0.4327)  Time:  0.157 (0.012)  Data Time:  0.004 (0.004)
2022-03-29 17:21:31,026:INFO:   Eta: 0:33:02
2022-03-29 17:21:36,821:INFO: Valid: [187][620/621]  Loss -2.3574 (-1.3408)
2022-03-29 17:22:08,165:INFO: Train: [188][2593/2594]  Loss -0.1211 (-0.4224)  Time:  0.163 (0.012)  Data Time:  0.004 (0.004)
2022-03-29 17:22:08,166:INFO:   Eta: 0:32:21
2022-03-29 17:22:13,852:INFO: Valid: [188][620/621]  Loss -2.3634 (-1.3456)
2022-03-29 17:22:41,959:INFO: Train: [189][2593/2594]  Loss -0.1010 (-0.4491)  Time:  0.154 (0.011)  Data Time:  0.004 (0.004)
2022-03-29 17:22:41,960:INFO:   Eta: 0:28:32
2022-03-29 17:22:47,488:INFO: Valid: [189][620/621]  Loss -2.3196 (-1.3128)
2022-03-29 17:23:12,223:INFO: Train: [190][2593/2594]  Loss -0.1656 (-0.4424)  Time:  0.130 (0.010)  Data Time:  0.003 (0.003)
2022-03-29 17:23:12,225:INFO:   Eta: 0:24:42
2022-03-29 17:23:17,852:INFO: Valid: [190][620/621]  Loss -2.3102 (-1.3059)
2022-03-29 17:23:26,976:INFO: Test: [190]  ADE: 1.1595  FDE: 1.8896
2022-03-29 17:23:54,993:INFO: Train: [191][2593/2594]  Loss -0.1205 (-0.4212)  Time:  0.159 (0.011)  Data Time:  0.004 (0.003)
2022-03-29 17:23:54,994:INFO:   Eta: 0:27:32
2022-03-29 17:24:00,685:INFO: Valid: [191][620/621]  Loss -2.3489 (-1.3347)
2022-03-29 17:24:31,935:INFO: Train: [192][2593/2594]  Loss -0.1137 (-0.4089)  Time:  0.157 (0.012)  Data Time:  0.004 (0.004)
2022-03-29 17:24:31,936:INFO:   Eta: 0:30:11
2022-03-29 17:24:37,266:INFO: Valid: [192][620/621]  Loss -2.3383 (-1.3266)
2022-03-29 17:25:07,841:INFO: Train: [193][2593/2594]  Loss -0.1413 (-0.4036)  Time:  0.170 (0.012)  Data Time:  0.005 (0.004)
2022-03-29 17:25:07,843:INFO:   Eta: 0:29:01
2022-03-29 17:25:13,260:INFO: Valid: [193][620/621]  Loss -2.3323 (-1.3220)
2022-03-29 17:25:44,015:INFO: Train: [194][2593/2594]  Loss -0.1444 (-0.4103)  Time:  0.168 (0.012)  Data Time:  0.004 (0.004)
2022-03-29 17:25:44,016:INFO:   Eta: 0:28:40
2022-03-29 17:25:49,574:INFO: Valid: [194][620/621]  Loss -2.3422 (-1.3294)
2022-03-29 17:26:20,709:INFO: Train: [195][2593/2594]  Loss -0.1060 (-0.4321)  Time:  0.170 (0.012)  Data Time:  0.004 (0.004)
2022-03-29 17:26:20,710:INFO:   Eta: 0:28:31
2022-03-29 17:26:26,206:INFO: Valid: [195][620/621]  Loss -2.3208 (-1.3136)
2022-03-29 17:26:57,564:INFO: Train: [196][2593/2594]  Loss -0.0759 (-0.4222)  Time:  0.163 (0.012)  Data Time:  0.004 (0.004)
2022-03-29 17:26:57,566:INFO:   Eta: 0:28:10
2022-03-29 17:27:03,121:INFO: Valid: [196][620/621]  Loss -2.3281 (-1.3191)
2022-03-29 17:27:34,305:INFO: Train: [197][2593/2594]  Loss -0.0993 (-0.4368)  Time:  0.154 (0.012)  Data Time:  0.004 (0.004)
2022-03-29 17:27:34,306:INFO:   Eta: 0:27:31
2022-03-29 17:27:39,792:INFO: Valid: [197][620/621]  Loss -2.3224 (-1.3151)
2022-03-29 17:28:10,379:INFO: Train: [198][2593/2594]  Loss -0.1312 (-0.4295)  Time:  0.159 (0.012)  Data Time:  0.007 (0.004)
2022-03-29 17:28:10,381:INFO:   Eta: 0:26:28
2022-03-29 17:28:15,890:INFO: Valid: [198][620/621]  Loss -2.3462 (-1.3326)
2022-03-29 17:28:44,490:INFO: Train: [199][2593/2594]  Loss -0.0790 (-0.3976)  Time:  0.163 (0.011)  Data Time:  0.004 (0.004)
2022-03-29 17:28:44,497:INFO:   Eta: 0:24:16
2022-03-29 17:28:51,022:INFO: Valid: [199][620/621]  Loss -2.3349 (-1.3239)
2022-03-29 17:29:18,669:INFO: Train: [200][2593/2594]  Loss -0.0664 (-0.4302)  Time:  0.162 (0.010)  Data Time:  0.004 (0.003)
2022-03-29 17:29:18,849:INFO:   Eta: 0:21:45
2022-03-29 17:29:24,388:INFO: Valid: [200][620/621]  Loss -2.3616 (-1.3443)
2022-03-29 17:29:34,121:INFO: Test: [200]  ADE: 1.1568  FDE: 1.8806
2022-03-29 17:30:02,928:INFO: Train: [201][2593/2594]  Loss -0.0527 (-0.3439)  Time:  0.134 (0.011)  Data Time:  0.002 (0.004)
2022-03-29 17:30:02,930:INFO:   Eta: 0:22:30
2022-03-29 17:30:08,519:INFO: Valid: [201][620/621]  Loss -2.3200 (-1.3131)
2022-03-29 17:30:35,188:INFO: Train: [202][2593/2594]  Loss -0.1377 (-0.4028)  Time:  0.160 (0.010)  Data Time:  0.004 (0.003)
2022-03-29 17:30:35,189:INFO:   Eta: 0:21:18
2022-03-29 17:30:40,770:INFO: Valid: [202][620/621]  Loss -2.3511 (-1.3361)
2022-03-29 17:31:12,203:INFO: Train: [203][2593/2594]  Loss -0.1018 (-0.4223)  Time:  0.174 (0.012)  Data Time:  0.004 (0.004)
2022-03-29 17:31:12,205:INFO:   Eta: 0:24:35
2022-03-29 17:31:17,999:INFO: Valid: [203][620/621]  Loss -2.3506 (-1.3351)
2022-03-29 17:31:49,489:INFO: Train: [204][2593/2594]  Loss -0.1059 (-0.4241)  Time:  0.176 (0.012)  Data Time:  0.005 (0.005)
2022-03-29 17:31:49,622:INFO:   Eta: 0:24:07
2022-03-29 17:31:55,215:INFO: Valid: [204][620/621]  Loss -2.3439 (-1.3306)
2022-03-29 17:32:25,739:INFO: Train: [205][2593/2594]  Loss -0.0804 (-0.4204)  Time:  0.187 (0.012)  Data Time:  0.005 (0.004)
2022-03-29 17:32:25,739:INFO:   Eta: 0:22:52
2022-03-29 17:32:31,128:INFO: Valid: [205][620/621]  Loss -2.3535 (-1.3381)
2022-03-29 17:33:03,628:INFO: Train: [206][2593/2594]  Loss -0.1038 (-0.4052)  Time:  0.180 (0.012)  Data Time:  0.004 (0.004)
2022-03-29 17:33:03,629:INFO:   Eta: 0:23:29
2022-03-29 17:33:09,400:INFO: Valid: [206][620/621]  Loss -2.3423 (-1.3297)
2022-03-29 17:33:40,401:INFO: Train: [207][2593/2594]  Loss -0.0884 (-0.4338)  Time:  0.198 (0.012)  Data Time:  0.004 (0.004)
2022-03-29 17:33:41,101:INFO:   Eta: 0:22:11
2022-03-29 17:33:46,787:INFO: Valid: [207][620/621]  Loss -2.3544 (-1.3384)
2022-03-29 17:34:16,334:INFO: Train: [208][2593/2594]  Loss -0.1030 (-0.3825)  Time:  0.159 (0.011)  Data Time:  0.004 (0.004)
2022-03-29 17:34:16,335:INFO:   Eta: 0:20:38
2022-03-29 17:34:22,099:INFO: Valid: [208][620/621]  Loss -2.3248 (-1.3163)
2022-03-29 17:34:51,794:INFO: Train: [209][2593/2594]  Loss -0.0996 (-0.4091)  Time:  0.186 (0.011)  Data Time:  0.005 (0.004)
2022-03-29 17:34:51,840:INFO:   Eta: 0:20:15
2022-03-29 17:34:58,264:INFO: Valid: [209][620/621]  Loss -2.3466 (-1.3325)
2022-03-29 17:35:37,742:INFO: Train: [210][2593/2594]  Loss -0.0832 (-0.4177)  Time:  0.148 (0.012)  Data Time:  0.003 (0.004)
2022-03-29 17:35:37,824:INFO:   Eta: 0:20:43
2022-03-29 17:35:43,364:INFO: Valid: [210][620/621]  Loss -2.3460 (-1.3320)
2022-03-29 17:35:53,334:INFO: Test: [210]  ADE: 1.1586  FDE: 1.8816
2022-03-29 17:36:18,647:INFO: Train: [211][2593/2594]  Loss -0.1318 (-0.4014)  Time:  0.162 (0.010)  Data Time:  0.003 (0.003)
2022-03-29 17:36:18,676:INFO:   Eta: 0:16:26
2022-03-29 17:36:24,303:INFO: Valid: [211][620/621]  Loss -2.3559 (-1.3396)
2022-03-29 17:36:51,555:INFO: Train: [212][2593/2594]  Loss -0.1189 (-0.4159)  Time:  0.145 (0.010)  Data Time:  0.003 (0.003)
2022-03-29 17:36:51,899:INFO:   Eta: 0:16:50
2022-03-29 17:36:57,446:INFO: Valid: [212][620/621]  Loss -2.3618 (-1.3440)
2022-03-29 17:37:26,431:INFO: Train: [213][2593/2594]  Loss -0.1624 (-0.4139)  Time:  0.158 (0.011)  Data Time:  0.004 (0.004)
2022-03-29 17:37:26,614:INFO:   Eta: 0:17:25
2022-03-29 17:37:32,319:INFO: Valid: [213][620/621]  Loss -2.3495 (-1.3350)
2022-03-29 17:38:03,178:INFO: Train: [214][2593/2594]  Loss -0.0537 (-0.4384)  Time:  0.189 (0.012)  Data Time:  0.005 (0.004)
2022-03-29 17:38:03,180:INFO:   Eta: 0:18:22
2022-03-29 17:38:08,977:INFO: Valid: [214][620/621]  Loss -2.3332 (-1.3225)
2022-03-29 17:38:40,513:INFO: Train: [215][2593/2594]  Loss -0.1151 (-0.4254)  Time:  0.181 (0.012)  Data Time:  0.005 (0.004)
2022-03-29 17:38:40,514:INFO:   Eta: 0:18:22
2022-03-29 17:38:46,291:INFO: Valid: [215][620/621]  Loss -2.3635 (-1.3451)
2022-03-29 17:39:17,857:INFO: Train: [216][2593/2594]  Loss -0.0580 (-0.4400)  Time:  0.185 (0.012)  Data Time:  0.004 (0.005)
2022-03-29 17:39:17,866:INFO:   Eta: 0:17:52
2022-03-29 17:39:23,176:INFO: Valid: [216][620/621]  Loss -2.3332 (-1.3225)
2022-03-29 17:39:52,549:INFO: Train: [217][2593/2594]  Loss -0.0558 (-0.4348)  Time:  0.142 (0.011)  Data Time:  0.003 (0.004)
2022-03-29 17:39:52,550:INFO:   Eta: 0:16:08
2022-03-29 17:39:57,700:INFO: Valid: [217][620/621]  Loss -2.3540 (-1.3378)
2022-03-29 17:40:27,915:INFO: Train: [218][2593/2594]  Loss -0.1324 (-0.4086)  Time:  0.161 (0.012)  Data Time:  0.005 (0.004)
2022-03-29 17:40:27,916:INFO:   Eta: 0:16:04
2022-03-29 17:40:33,206:INFO: Valid: [218][620/621]  Loss -2.3175 (-1.3109)
2022-03-29 17:41:04,396:INFO: Train: [219][2593/2594]  Loss -0.0528 (-0.4262)  Time:  0.157 (0.012)  Data Time:  0.004 (0.004)
2022-03-29 17:41:04,397:INFO:   Eta: 0:16:06
2022-03-29 17:41:09,980:INFO: Valid: [219][620/621]  Loss -2.3442 (-1.3300)
2022-03-29 17:41:41,588:INFO: Train: [220][2593/2594]  Loss -0.1092 (-0.4000)  Time:  0.184 (0.012)  Data Time:  0.004 (0.004)
2022-03-29 17:41:41,589:INFO:   Eta: 0:15:47
2022-03-29 17:41:47,259:INFO: Valid: [220][620/621]  Loss -2.3629 (-1.3444)
2022-03-29 17:41:57,154:INFO: Test: [220]  ADE: 1.1599  FDE: 1.8769
2022-03-29 17:42:26,687:INFO: Train: [221][2593/2594]  Loss -0.0954 (-0.4254)  Time:  0.169 (0.011)  Data Time:  0.003 (0.004)
2022-03-29 17:42:26,688:INFO:   Eta: 0:14:15
2022-03-29 17:42:32,074:INFO: Valid: [221][620/621]  Loss -2.3284 (-1.3185)
2022-03-29 17:42:59,220:INFO: Train: [222][2593/2594]  Loss -0.1320 (-0.4197)  Time:  0.129 (0.010)  Data Time:  0.002 (0.003)
2022-03-29 17:42:59,221:INFO:   Eta: 0:12:39
2022-03-29 17:43:04,743:INFO: Valid: [222][620/621]  Loss -2.3659 (-1.3468)
2022-03-29 17:43:32,864:INFO: Train: [223][2593/2594]  Loss -0.0207 (-0.3988)  Time:  0.138 (0.011)  Data Time:  0.004 (0.004)
2022-03-29 17:43:32,864:INFO:   Eta: 0:12:37
2022-03-29 17:43:38,070:INFO: Valid: [223][620/621]  Loss -2.3564 (-1.3394)
2022-03-29 17:44:06,610:INFO: Train: [224][2593/2594]  Loss -0.1246 (-0.4248)  Time:  0.198 (0.011)  Data Time:  0.004 (0.004)
2022-03-29 17:44:06,613:INFO:   Eta: 0:12:21
2022-03-29 17:44:12,030:INFO: Valid: [224][620/621]  Loss -2.3591 (-1.3411)
2022-03-29 17:44:42,599:INFO: Train: [225][2593/2594]  Loss -0.0909 (-0.4211)  Time:  0.170 (0.012)  Data Time:  0.004 (0.004)
2022-03-29 17:44:42,600:INFO:   Eta: 0:12:43
2022-03-29 17:44:48,524:INFO: Valid: [225][620/621]  Loss -2.3518 (-1.3363)
2022-03-29 17:45:18,836:INFO: Train: [226][2593/2594]  Loss -0.1673 (-0.4165)  Time:  0.169 (0.012)  Data Time:  0.004 (0.004)
2022-03-29 17:45:18,838:INFO:   Eta: 0:12:06
2022-03-29 17:45:24,645:INFO: Valid: [226][620/621]  Loss -2.3417 (-1.3285)
2022-03-29 17:45:55,507:INFO: Train: [227][2593/2594]  Loss -0.0876 (-0.3974)  Time:  0.170 (0.012)  Data Time:  0.005 (0.004)
2022-03-29 17:45:55,509:INFO:   Eta: 0:11:49
2022-03-29 17:46:01,029:INFO: Valid: [227][620/621]  Loss -2.3559 (-1.3394)
2022-03-29 17:46:32,305:INFO: Train: [228][2593/2594]  Loss -0.0978 (-0.3964)  Time:  0.172 (0.012)  Data Time:  0.005 (0.005)
2022-03-29 17:46:32,306:INFO:   Eta: 0:11:27
2022-03-29 17:46:37,982:INFO: Valid: [228][620/621]  Loss -2.3410 (-1.3280)
2022-03-29 17:47:09,439:INFO: Train: [229][2593/2594]  Loss -0.1060 (-0.4197)  Time:  0.172 (0.012)  Data Time:  0.004 (0.004)
2022-03-29 17:47:09,440:INFO:   Eta: 0:10:59
2022-03-29 17:47:15,206:INFO: Valid: [229][620/621]  Loss -2.3573 (-1.3403)
2022-03-29 17:47:44,941:INFO: Train: [230][2593/2594]  Loss -0.1074 (-0.3625)  Time:  0.154 (0.011)  Data Time:  0.005 (0.004)
2022-03-29 17:47:44,984:INFO:   Eta: 0:09:54
2022-03-29 17:47:50,705:INFO: Valid: [230][620/621]  Loss -2.3531 (-1.3369)
2022-03-29 17:48:00,974:INFO: Test: [230]  ADE: 1.1529  FDE: 1.8798
2022-03-29 17:48:32,169:INFO: Train: [231][2593/2594]  Loss -0.0974 (-0.4221)  Time:  0.180 (0.012)  Data Time:  0.006 (0.004)
2022-03-29 17:48:32,169:INFO:   Eta: 0:09:52
2022-03-29 17:48:37,632:INFO: Valid: [231][620/621]  Loss -2.3537 (-1.3375)
2022-03-29 17:49:07,584:INFO: Train: [232][2593/2594]  Loss -0.0661 (-0.3770)  Time:  0.152 (0.012)  Data Time:  0.003 (0.004)
2022-03-29 17:49:07,586:INFO:   Eta: 0:08:58
2022-03-29 17:49:13,128:INFO: Valid: [232][620/621]  Loss -2.3548 (-1.3385)
2022-03-29 17:49:39,910:INFO: Train: [233][2593/2594]  Loss -0.1214 (-0.4252)  Time:  0.150 (0.010)  Data Time:  0.003 (0.003)
2022-03-29 17:49:39,911:INFO:   Eta: 0:07:34
2022-03-29 17:49:45,261:INFO: Valid: [233][620/621]  Loss -2.3659 (-1.3468)
2022-03-29 17:50:11,544:INFO: Train: [234][2593/2594]  Loss -0.0815 (-0.4182)  Time:  0.143 (0.010)  Data Time:  0.003 (0.003)
2022-03-29 17:50:11,545:INFO:   Eta: 0:07:00
2022-03-29 17:50:16,972:INFO: Valid: [234][620/621]  Loss -2.3525 (-1.3365)
2022-03-29 17:50:40,885:INFO: Train: [235][2593/2594]  Loss -0.1040 (-0.4597)  Time:  0.187 (0.009)  Data Time:  0.003 (0.002)
2022-03-29 17:50:40,886:INFO:   Eta: 0:05:58
2022-03-29 17:50:46,316:INFO: Valid: [235][620/621]  Loss -2.3333 (-1.3224)
2022-03-29 17:51:13,233:INFO: Train: [236][2593/2594]  Loss -0.1332 (-0.4420)  Time:  0.145 (0.010)  Data Time:  0.003 (0.003)
2022-03-29 17:51:13,235:INFO:   Eta: 0:06:16
2022-03-29 17:51:18,652:INFO: Valid: [236][620/621]  Loss -2.3411 (-1.3279)
2022-03-29 17:51:45,803:INFO: Train: [237][2593/2594]  Loss -0.1503 (-0.4007)  Time:  0.153 (0.010)  Data Time:  0.003 (0.003)
2022-03-29 17:51:45,804:INFO:   Eta: 0:05:52
2022-03-29 17:51:51,218:INFO: Valid: [237][620/621]  Loss -2.3651 (-1.3459)
2022-03-29 17:52:17,365:INFO: Train: [238][2593/2594]  Loss -0.0640 (-0.4344)  Time:  0.151 (0.010)  Data Time:  0.007 (0.003)
2022-03-29 17:52:17,367:INFO:   Eta: 0:05:13
2022-03-29 17:52:23,000:INFO: Valid: [238][620/621]  Loss -2.3415 (-1.3280)
2022-03-29 17:52:45,919:INFO: Train: [239][2593/2594]  Loss -0.0866 (-0.4166)  Time:  0.118 (0.009)  Data Time:  0.002 (0.002)
2022-03-29 17:52:45,921:INFO:   Eta: 0:04:11
2022-03-29 17:52:51,407:INFO: Valid: [239][620/621]  Loss -2.3719 (-1.3510)
2022-03-29 17:52:51,452:INFO: Checkpoint saved...
2022-03-29 17:53:14,469:INFO: Train: [240][2593/2594]  Loss -0.1344 (-0.3841)  Time:  0.136 (0.009)  Data Time:  0.002 (0.002)
2022-03-29 17:53:14,470:INFO:   Eta: 0:03:49
2022-03-29 17:53:19,888:INFO: Valid: [240][620/621]  Loss -2.3551 (-1.3385)
2022-03-29 17:53:29,187:INFO: Test: [240]  ADE: 1.1560  FDE: 1.8877
2022-03-29 17:53:52,127:INFO: Train: [241][2593/2594]  Loss -0.1469 (-0.4012)  Time:  0.133 (0.009)  Data Time:  0.002 (0.002)
2022-03-29 17:53:52,128:INFO:   Eta: 0:03:26
2022-03-29 17:53:57,442:INFO: Valid: [241][620/621]  Loss -2.3342 (-1.3231)
2022-03-29 17:54:20,362:INFO: Train: [242][2593/2594]  Loss -0.1410 (-0.3703)  Time:  0.124 (0.009)  Data Time:  0.002 (0.002)
2022-03-29 17:54:20,363:INFO:   Eta: 0:03:03
2022-03-29 17:54:25,571:INFO: Valid: [242][620/621]  Loss -2.3568 (-1.3400)
2022-03-29 17:54:48,097:INFO: Train: [243][2593/2594]  Loss -0.1159 (-0.4122)  Time:  0.128 (0.009)  Data Time:  0.001 (0.002)
2022-03-29 17:54:48,098:INFO:   Eta: 0:02:37
2022-03-29 17:54:53,449:INFO: Valid: [243][620/621]  Loss -2.3527 (-1.3368)
2022-03-29 17:55:14,810:INFO: Train: [244][2593/2594]  Loss -0.1180 (-0.4212)  Time:  0.125 (0.008)  Data Time:  0.001 (0.001)
2022-03-29 17:55:14,812:INFO:   Eta: 0:02:07
2022-03-29 17:55:19,919:INFO: Valid: [244][620/621]  Loss -2.3502 (-1.3348)
2022-03-29 17:55:40,516:INFO: Train: [245][2593/2594]  Loss -0.1068 (-0.3815)  Time:  0.117 (0.008)  Data Time:  0.000 (0.001)
2022-03-29 17:55:40,517:INFO:   Eta: 0:01:42
2022-03-29 17:55:45,653:INFO: Valid: [245][620/621]  Loss -2.3350 (-1.3235)
2022-03-29 17:56:05,478:INFO: Train: [246][2593/2594]  Loss -0.1106 (-0.4210)  Time:  0.109 (0.008)  Data Time:  0.001 (0.001)
2022-03-29 17:56:05,479:INFO:   Eta: 0:01:19
2022-03-29 17:56:10,861:INFO: Valid: [246][620/621]  Loss -2.3439 (-1.3304)
2022-03-29 17:56:32,118:INFO: Train: [247][2593/2594]  Loss -0.1221 (-0.4023)  Time:  0.155 (0.008)  Data Time:  0.002 (0.002)
2022-03-29 17:56:32,119:INFO:   Eta: 0:01:03
2022-03-29 17:56:37,650:INFO: Valid: [247][620/621]  Loss -2.3571 (-1.3399)
2022-03-29 17:57:00,751:INFO: Train: [248][2593/2594]  Loss -0.1265 (-0.4148)  Time:  0.122 (0.009)  Data Time:  0.002 (0.002)
2022-03-29 17:57:00,766:INFO:   Eta: 0:00:46
2022-03-29 17:57:06,445:INFO: Valid: [248][620/621]  Loss -2.3459 (-1.3316)
2022-03-29 17:57:28,851:INFO: Train: [249][2593/2594]  Loss -0.1556 (-0.4241)  Time:  0.122 (0.009)  Data Time:  0.003 (0.002)
2022-03-29 17:57:29,174:INFO:   Eta: 0:00:22
2022-03-29 17:57:34,461:INFO: Valid: [249][620/621]  Loss -2.3746 (-1.3533)
2022-03-29 17:57:34,512:INFO: Checkpoint saved...
