2022-04-11 05:56:27,569:INFO: batch_size=128
2022-04-11 05:56:27,569:INFO: clip_grad=None
2022-04-11 05:56:27,569:INFO: dataset=zara1
2022-04-11 05:56:27,569:INFO: drop=0.0
2022-04-11 05:56:27,569:INFO: gpu_num=0
2022-04-11 05:56:27,570:INFO: init=kmeans-train-32
2022-04-11 05:56:27,570:INFO: input_size=2
2022-04-11 05:56:27,570:INFO: kernel_size=3
2022-04-11 05:56:27,570:INFO: lr=0.01
2022-04-11 05:56:27,570:INFO: lr_sh_rate=150
2022-04-11 05:56:27,570:INFO: model=social_stgcnn10
2022-04-11 05:56:27,570:INFO: n_stgcnn=1
2022-04-11 05:56:27,570:INFO: n_txpcnn=5
2022-04-11 05:56:27,570:INFO: num_epochs=250
2022-04-11 05:56:27,570:INFO: obs_seq_len=8
2022-04-11 05:56:27,570:INFO: output_size=5
2022-04-11 05:56:27,570:INFO: pred_seq_len=12
2022-04-11 05:56:27,570:INFO: seed=0
2022-04-11 05:56:27,570:INFO: tag=zara1
2022-04-11 05:56:27,570:INFO: use_lrschd=True
2022-04-11 05:56:27,570:INFO: ******************************
2022-04-11 05:56:27,571:INFO: Training initiating....
2022-04-11 05:56:27,571:INFO: Namespace(batch_size=128, clip_grad=None, dataset='zara1', drop=0.0, gpu_num='0', init='kmeans-train-32', input_size=2, kernel_size=3, lr=0.01, lr_sh_rate=150, model='social_stgcnn10', n_stgcnn=1, n_txpcnn=5, num_epochs=250, obs_seq_len=8, output_size=5, pred_seq_len=12, seed=0, tag='zara1', use_lrschd=True)
2022-04-11 05:56:28,067:INFO: Initializing train dataset
2022-04-11 05:56:41,346:INFO: Initializing val dataset
2022-04-11 05:57:26,940:INFO: social_stgcnn10
2022-04-11 05:57:26,941:INFO: Data and model loaded
2022-04-11 05:57:26,941:INFO: Checkpoint dir: ./runs/Apr11_05-56-27_node09kmeans-train-32/zara1/checkpoint
2022-04-11 05:57:26,941:INFO: Training started ...
2022-04-11 05:57:56,927:INFO: Train: [0][2321/2322]  Loss 0.1351 (1.1945)  Time:  0.114 (0.013)  Data Time:  0.004 (0.004)
2022-04-11 05:57:56,927:INFO:   Eta: 2:04:54
2022-04-11 05:58:26,813:INFO: Train: [1][2321/2322]  Loss 0.0972 (0.6832)  Time:  0.097 (0.013)  Data Time:  0.005 (0.005)
2022-04-11 05:58:26,814:INFO:   Eta: 2:03:58
2022-04-11 05:58:56,248:INFO: Train: [2][2321/2322]  Loss 0.0924 (0.4149)  Time:  0.117 (0.013)  Data Time:  0.004 (0.004)
2022-04-11 05:58:56,249:INFO:   Eta: 2:01:36
2022-04-11 05:59:26,152:INFO: Train: [3][2321/2322]  Loss 0.0449 (0.2713)  Time:  0.101 (0.013)  Data Time:  0.005 (0.005)
2022-04-11 05:59:26,153:INFO:   Eta: 2:03:03
2022-04-11 05:59:55,283:INFO: Train: [4][2321/2322]  Loss 0.0015 (0.1244)  Time:  0.093 (0.013)  Data Time:  0.004 (0.005)
2022-04-11 05:59:55,284:INFO:   Eta: 1:59:22
2022-04-11 06:00:24,918:INFO: Train: [5][2321/2322]  Loss 0.0289 (0.1539)  Time:  0.101 (0.013)  Data Time:  0.005 (0.005)
2022-04-11 06:00:24,919:INFO:   Eta: 2:00:57
2022-04-11 06:00:50,853:INFO: Train: [6][2321/2322]  Loss -0.0426 (-0.1606)  Time:  0.115 (0.011)  Data Time:  0.002 (0.003)
2022-04-11 06:00:50,854:INFO:   Eta: 1:45:24
2022-04-11 06:01:10,325:INFO: Test: [6]  ADE: 0.6752  FDE: 0.8849
2022-04-11 06:01:36,538:INFO: Train: [7][2321/2322]  Loss -0.0008 (-0.0498)  Time:  0.093 (0.011)  Data Time:  0.004 (0.003)
2022-04-11 06:01:36,539:INFO:   Eta: 1:46:05
2022-04-11 06:02:03,627:INFO: Train: [8][2321/2322]  Loss -0.0235 (-0.1972)  Time:  0.084 (0.012)  Data Time:  0.003 (0.004)
2022-04-11 06:02:03,628:INFO:   Eta: 1:49:12
2022-04-11 06:02:32,299:INFO: Train: [9][2321/2322]  Loss -0.0543 (-0.1937)  Time:  0.108 (0.012)  Data Time:  0.005 (0.004)
2022-04-11 06:02:32,301:INFO:   Eta: 1:55:07
2022-04-11 06:03:02,388:INFO: Train: [10][2321/2322]  Loss 0.0519 (-0.2667)  Time:  0.118 (0.013)  Data Time:  0.004 (0.005)
2022-04-11 06:03:02,389:INFO:   Eta: 2:00:17
2022-04-11 06:03:32,117:INFO: Train: [11][2321/2322]  Loss -0.0597 (-0.2800)  Time:  0.118 (0.013)  Data Time:  0.004 (0.005)
2022-04-11 06:03:32,118:INFO:   Eta: 1:58:21
2022-04-11 06:04:02,129:INFO: Train: [12][2321/2322]  Loss -0.0399 (-0.4107)  Time:  0.111 (0.013)  Data Time:  0.004 (0.005)
2022-04-11 06:04:02,131:INFO:   Eta: 1:58:59
2022-04-11 06:04:32,226:INFO: Train: [13][2321/2322]  Loss -0.1062 (-0.3909)  Time:  0.093 (0.013)  Data Time:  0.005 (0.005)
2022-04-11 06:04:32,227:INFO:   Eta: 1:58:49
2022-04-11 06:05:02,019:INFO: Train: [14][2321/2322]  Loss -0.0383 (-0.4674)  Time:  0.104 (0.013)  Data Time:  0.005 (0.005)
2022-04-11 06:05:02,020:INFO:   Eta: 1:57:08
2022-04-11 06:05:31,646:INFO: Train: [15][2321/2322]  Loss -0.0638 (-0.5358)  Time:  0.099 (0.013)  Data Time:  0.004 (0.004)
2022-04-11 06:05:31,647:INFO:   Eta: 1:55:59
2022-04-11 06:05:59,785:INFO: Train: [16][2321/2322]  Loss -0.0263 (-0.4012)  Time:  0.100 (0.012)  Data Time:  0.004 (0.004)
2022-04-11 06:05:59,786:INFO:   Eta: 1:49:41
2022-04-11 06:06:20,263:INFO: Test: [16]  ADE: 0.7276  FDE: 0.8845
2022-04-11 06:06:48,114:INFO: Train: [17][2321/2322]  Loss -0.0795 (-0.4160)  Time:  0.091 (0.012)  Data Time:  0.004 (0.004)
2022-04-11 06:06:48,115:INFO:   Eta: 1:48:04
2022-04-11 06:07:14,868:INFO: Train: [18][2321/2322]  Loss -0.0955 (-0.5845)  Time:  0.106 (0.012)  Data Time:  0.003 (0.004)
2022-04-11 06:07:14,869:INFO:   Eta: 1:43:22
2022-04-11 06:07:41,105:INFO: Train: [19][2321/2322]  Loss -0.1074 (-0.5744)  Time:  0.090 (0.011)  Data Time:  0.004 (0.004)
2022-04-11 06:07:41,106:INFO:   Eta: 1:40:57
2022-04-11 06:08:07,411:INFO: Train: [20][2321/2322]  Loss -0.1017 (-0.6121)  Time:  0.107 (0.011)  Data Time:  0.003 (0.004)
2022-04-11 06:08:07,412:INFO:   Eta: 1:40:47
2022-04-11 06:08:36,216:INFO: Train: [21][2321/2322]  Loss -0.0979 (-0.6103)  Time:  0.099 (0.012)  Data Time:  0.005 (0.004)
2022-04-11 06:08:36,217:INFO:   Eta: 1:49:53
2022-04-11 06:09:05,944:INFO: Train: [22][2321/2322]  Loss -0.0786 (-0.6619)  Time:  0.106 (0.013)  Data Time:  0.006 (0.004)
2022-04-11 06:09:05,946:INFO:   Eta: 1:52:55
2022-04-11 06:09:35,423:INFO: Train: [23][2321/2322]  Loss -0.0427 (-0.6527)  Time:  0.094 (0.013)  Data Time:  0.005 (0.005)
2022-04-11 06:09:35,424:INFO:   Eta: 1:51:27
2022-04-11 06:10:05,209:INFO: Train: [24][2321/2322]  Loss -0.1033 (-0.7072)  Time:  0.104 (0.013)  Data Time:  0.005 (0.005)
2022-04-11 06:10:05,209:INFO:   Eta: 1:52:07
2022-04-11 06:10:35,664:INFO: Train: [25][2321/2322]  Loss -0.1119 (-0.5630)  Time:  0.116 (0.013)  Data Time:  0.004 (0.005)
2022-04-11 06:10:35,665:INFO:   Eta: 1:54:09
2022-04-11 06:11:04,008:INFO: Train: [26][2321/2322]  Loss -0.0855 (-0.7512)  Time:  0.084 (0.012)  Data Time:  0.004 (0.004)
2022-04-11 06:11:04,009:INFO:   Eta: 1:45:45
2022-04-11 06:11:24,574:INFO: Test: [26]  ADE: 0.5247  FDE: 0.6715
2022-04-11 06:11:54,445:INFO: Train: [27][2321/2322]  Loss -0.0536 (-0.8218)  Time:  0.091 (0.013)  Data Time:  0.003 (0.005)
2022-04-11 06:11:54,446:INFO:   Eta: 1:50:57
2022-04-11 06:12:23,847:INFO: Train: [28][2321/2322]  Loss -0.1077 (-0.7742)  Time:  0.102 (0.013)  Data Time:  0.004 (0.004)
2022-04-11 06:12:23,847:INFO:   Eta: 1:48:44
2022-04-11 06:12:52,096:INFO: Train: [29][2321/2322]  Loss -0.0651 (-0.8171)  Time:  0.093 (0.012)  Data Time:  0.004 (0.004)
2022-04-11 06:12:52,097:INFO:   Eta: 1:44:00
2022-04-11 06:13:19,309:INFO: Train: [30][2321/2322]  Loss -0.1457 (-0.8726)  Time:  0.089 (0.012)  Data Time:  0.004 (0.004)
2022-04-11 06:13:19,310:INFO:   Eta: 1:39:43
2022-04-11 06:13:46,184:INFO: Train: [31][2321/2322]  Loss -0.1515 (-0.8242)  Time:  0.083 (0.012)  Data Time:  0.004 (0.004)
2022-04-11 06:13:46,185:INFO:   Eta: 1:38:02
2022-04-11 06:14:12,632:INFO: Train: [32][2321/2322]  Loss -0.1466 (-0.8606)  Time:  0.112 (0.011)  Data Time:  0.004 (0.004)
2022-04-11 06:14:12,632:INFO:   Eta: 1:36:02
2022-04-11 06:14:42,197:INFO: Train: [33][2321/2322]  Loss -0.0973 (-0.8825)  Time:  0.100 (0.013)  Data Time:  0.005 (0.004)
2022-04-11 06:14:42,198:INFO:   Eta: 1:46:52
2022-04-11 06:15:12,328:INFO: Train: [34][2321/2322]  Loss -0.1096 (-0.8656)  Time:  0.107 (0.013)  Data Time:  0.006 (0.005)
2022-04-11 06:15:12,329:INFO:   Eta: 1:48:25
2022-04-11 06:15:42,281:INFO: Train: [35][2321/2322]  Loss -0.1394 (-0.9088)  Time:  0.118 (0.013)  Data Time:  0.004 (0.004)
2022-04-11 06:15:42,282:INFO:   Eta: 1:47:17
2022-04-11 06:16:10,281:INFO: Train: [36][2321/2322]  Loss -0.1211 (-0.9011)  Time:  0.082 (0.012)  Data Time:  0.004 (0.004)
2022-04-11 06:16:10,282:INFO:   Eta: 1:39:49
2022-04-11 06:16:31,305:INFO: Test: [36]  ADE: 0.4737  FDE: 0.6807
2022-04-11 06:17:01,126:INFO: Train: [37][2321/2322]  Loss -0.1104 (-0.9591)  Time:  0.090 (0.013)  Data Time:  0.004 (0.004)
2022-04-11 06:17:01,127:INFO:   Eta: 1:45:48
2022-04-11 06:17:30,199:INFO: Train: [38][2321/2322]  Loss -0.0521 (-0.9579)  Time:  0.113 (0.013)  Data Time:  0.005 (0.004)
2022-04-11 06:17:30,200:INFO:   Eta: 1:42:40
2022-04-11 06:17:59,553:INFO: Train: [39][2321/2322]  Loss -0.1732 (-0.9971)  Time:  0.097 (0.013)  Data Time:  0.005 (0.004)
2022-04-11 06:17:59,554:INFO:   Eta: 1:43:10
2022-04-11 06:18:29,370:INFO: Train: [40][2321/2322]  Loss -0.1172 (-0.9469)  Time:  0.118 (0.013)  Data Time:  0.005 (0.004)
2022-04-11 06:18:29,371:INFO:   Eta: 1:44:18
2022-04-11 06:18:57,692:INFO: Train: [41][2321/2322]  Loss -0.1673 (-0.9477)  Time:  0.098 (0.012)  Data Time:  0.004 (0.004)
2022-04-11 06:18:57,693:INFO:   Eta: 1:38:36
2022-04-11 06:19:24,320:INFO: Train: [42][2321/2322]  Loss -0.0686 (-0.9378)  Time:  0.088 (0.011)  Data Time:  0.004 (0.004)
2022-04-11 06:19:24,321:INFO:   Eta: 1:32:15
2022-04-11 06:19:50,683:INFO: Train: [43][2321/2322]  Loss -0.1081 (-0.8972)  Time:  0.090 (0.011)  Data Time:  0.005 (0.004)
2022-04-11 06:19:50,684:INFO:   Eta: 1:30:54
2022-04-11 06:20:17,906:INFO: Train: [44][2321/2322]  Loss -0.1746 (-1.0636)  Time:  0.097 (0.012)  Data Time:  0.005 (0.004)
2022-04-11 06:20:17,907:INFO:   Eta: 1:33:25
2022-04-11 06:20:45,975:INFO: Train: [45][2321/2322]  Loss -0.1785 (-1.0625)  Time:  0.093 (0.012)  Data Time:  0.004 (0.004)
2022-04-11 06:20:45,975:INFO:   Eta: 1:35:50
2022-04-11 06:21:13,734:INFO: Train: [46][2321/2322]  Loss -0.1188 (-0.9930)  Time:  0.115 (0.012)  Data Time:  0.005 (0.004)
2022-04-11 06:21:13,735:INFO:   Eta: 1:34:20
2022-04-11 06:21:34,388:INFO: Test: [46]  ADE: 0.4872  FDE: 0.6616
2022-04-11 06:22:04,070:INFO: Train: [47][2321/2322]  Loss -0.1388 (-0.9617)  Time:  0.104 (0.013)  Data Time:  0.005 (0.005)
2022-04-11 06:22:04,072:INFO:   Eta: 1:40:22
2022-04-11 06:22:33,533:INFO: Train: [48][2321/2322]  Loss -0.1441 (-0.8691)  Time:  0.114 (0.013)  Data Time:  0.003 (0.004)
2022-04-11 06:22:33,534:INFO:   Eta: 1:39:08
2022-04-11 06:23:03,490:INFO: Train: [49][2321/2322]  Loss -0.1858 (-1.0971)  Time:  0.104 (0.013)  Data Time:  0.005 (0.005)
2022-04-11 06:23:03,491:INFO:   Eta: 1:40:18
2022-04-11 06:23:33,382:INFO: Train: [50][2321/2322]  Loss -0.1264 (-1.0922)  Time:  0.096 (0.013)  Data Time:  0.004 (0.004)
2022-04-11 06:23:33,383:INFO:   Eta: 1:39:35
2022-04-11 06:24:03,043:INFO: Train: [51][2321/2322]  Loss -0.1268 (-1.0622)  Time:  0.102 (0.013)  Data Time:  0.004 (0.004)
2022-04-11 06:24:03,044:INFO:   Eta: 1:38:20
2022-04-11 06:24:33,403:INFO: Train: [52][2321/2322]  Loss -0.1524 (-0.9604)  Time:  0.098 (0.013)  Data Time:  0.003 (0.005)
2022-04-11 06:24:33,404:INFO:   Eta: 1:40:08
2022-04-11 06:25:00,987:INFO: Train: [53][2321/2322]  Loss -0.1672 (-1.1088)  Time:  0.094 (0.012)  Data Time:  0.004 (0.004)
2022-04-11 06:25:00,988:INFO:   Eta: 1:30:31
2022-04-11 06:25:27,511:INFO: Train: [54][2321/2322]  Loss -0.1378 (-1.1177)  Time:  0.083 (0.011)  Data Time:  0.003 (0.004)
2022-04-11 06:25:27,512:INFO:   Eta: 1:26:35
2022-04-11 06:25:52,646:INFO: Train: [55][2321/2322]  Loss -0.1774 (-0.9299)  Time:  0.090 (0.011)  Data Time:  0.003 (0.003)
2022-04-11 06:25:52,647:INFO:   Eta: 1:21:38
2022-04-11 06:26:18,033:INFO: Train: [56][2321/2322]  Loss -0.1159 (-1.1751)  Time:  0.094 (0.011)  Data Time:  0.004 (0.003)
2022-04-11 06:26:18,034:INFO:   Eta: 1:21:58
2022-04-11 06:26:38,953:INFO: Test: [56]  ADE: 0.5574  FDE: 0.9073
2022-04-11 06:27:08,527:INFO: Train: [57][2321/2322]  Loss -0.1706 (-0.9097)  Time:  0.096 (0.013)  Data Time:  0.005 (0.004)
2022-04-11 06:27:08,528:INFO:   Eta: 1:35:04
2022-04-11 06:27:38,308:INFO: Train: [58][2321/2322]  Loss -0.1764 (-0.9863)  Time:  0.098 (0.013)  Data Time:  0.004 (0.005)
2022-04-11 06:27:38,309:INFO:   Eta: 1:35:15
2022-04-11 06:28:07,901:INFO: Train: [59][2321/2322]  Loss -0.1674 (-1.0855)  Time:  0.101 (0.013)  Data Time:  0.005 (0.005)
2022-04-11 06:28:07,902:INFO:   Eta: 1:34:09
2022-04-11 06:28:37,149:INFO: Train: [60][2321/2322]  Loss -0.1709 (-1.1602)  Time:  0.108 (0.013)  Data Time:  0.005 (0.004)
2022-04-11 06:28:37,158:INFO:   Eta: 1:32:34
2022-04-11 06:29:07,237:INFO: Train: [61][2321/2322]  Loss -0.1297 (-1.1251)  Time:  0.096 (0.013)  Data Time:  0.005 (0.005)
2022-04-11 06:29:07,238:INFO:   Eta: 1:34:42
2022-04-11 06:29:36,811:INFO: Train: [62][2321/2322]  Loss -0.1855 (-1.2073)  Time:  0.117 (0.013)  Data Time:  0.004 (0.004)
2022-04-11 06:29:36,812:INFO:   Eta: 1:32:37
2022-04-11 06:30:07,177:INFO: Train: [63][2321/2322]  Loss -0.1650 (-1.0598)  Time:  0.101 (0.013)  Data Time:  0.004 (0.004)
2022-04-11 06:30:07,178:INFO:   Eta: 1:34:35
2022-04-11 06:30:37,040:INFO: Train: [64][2321/2322]  Loss -0.1688 (-1.1651)  Time:  0.108 (0.013)  Data Time:  0.005 (0.005)
2022-04-11 06:30:37,041:INFO:   Eta: 1:32:31
2022-04-11 06:31:03,731:INFO: Train: [65][2321/2322]  Loss -0.1515 (-1.1615)  Time:  0.094 (0.011)  Data Time:  0.003 (0.003)
2022-04-11 06:31:03,731:INFO:   Eta: 1:22:15
2022-04-11 06:31:29,737:INFO: Train: [66][2321/2322]  Loss -0.1793 (-1.0384)  Time:  0.112 (0.011)  Data Time:  0.005 (0.003)
2022-04-11 06:31:29,738:INFO:   Eta: 1:19:42
2022-04-11 06:31:49,537:INFO: Test: [66]  ADE: 0.5017  FDE: 0.8202
2022-04-11 06:32:17,073:INFO: Train: [67][2321/2322]  Loss -0.1705 (-1.1241)  Time:  0.084 (0.012)  Data Time:  0.003 (0.004)
2022-04-11 06:32:17,074:INFO:   Eta: 1:23:56
2022-04-11 06:32:45,358:INFO: Train: [68][2321/2322]  Loss -0.1507 (-1.1811)  Time:  0.103 (0.012)  Data Time:  0.005 (0.004)
2022-04-11 06:32:45,358:INFO:   Eta: 1:25:45
2022-04-11 06:33:14,783:INFO: Train: [69][2321/2322]  Loss -0.1740 (-1.1297)  Time:  0.122 (0.013)  Data Time:  0.005 (0.004)
2022-04-11 06:33:14,785:INFO:   Eta: 1:28:43
2022-04-11 06:33:44,774:INFO: Train: [70][2321/2322]  Loss -0.2225 (-1.3011)  Time:  0.103 (0.013)  Data Time:  0.004 (0.004)
2022-04-11 06:33:44,775:INFO:   Eta: 1:29:55
2022-04-11 06:34:14,824:INFO: Train: [71][2321/2322]  Loss -0.1741 (-1.2388)  Time:  0.099 (0.013)  Data Time:  0.004 (0.005)
2022-04-11 06:34:14,825:INFO:   Eta: 1:29:36
2022-04-11 06:34:44,915:INFO: Train: [72][2321/2322]  Loss -0.1852 (-1.1268)  Time:  0.116 (0.013)  Data Time:  0.005 (0.005)
2022-04-11 06:34:44,916:INFO:   Eta: 1:29:13
2022-04-11 06:35:14,846:INFO: Train: [73][2321/2322]  Loss -0.1290 (-1.1882)  Time:  0.097 (0.013)  Data Time:  0.004 (0.005)
2022-04-11 06:35:14,848:INFO:   Eta: 1:28:15
2022-04-11 06:35:44,530:INFO: Train: [74][2321/2322]  Loss -0.1976 (-1.2812)  Time:  0.109 (0.013)  Data Time:  0.004 (0.005)
2022-04-11 06:35:44,531:INFO:   Eta: 1:27:01
2022-04-11 06:36:12,480:INFO: Train: [75][2321/2322]  Loss -0.1864 (-1.1687)  Time:  0.095 (0.012)  Data Time:  0.004 (0.004)
2022-04-11 06:36:12,481:INFO:   Eta: 1:21:28
2022-04-11 06:36:41,777:INFO: Train: [76][2321/2322]  Loss -0.1764 (-1.2665)  Time:  0.114 (0.013)  Data Time:  0.004 (0.004)
2022-04-11 06:36:41,778:INFO:   Eta: 1:24:55
2022-04-11 06:37:02,358:INFO: Test: [76]  ADE: 0.3906  FDE: 0.5966
2022-04-11 06:37:29,132:INFO: Train: [77][2321/2322]  Loss -0.1557 (-1.3062)  Time:  0.107 (0.012)  Data Time:  0.005 (0.004)
2022-04-11 06:37:29,133:INFO:   Eta: 1:17:08
2022-04-11 06:37:55,469:INFO: Train: [78][2321/2322]  Loss -0.1488 (-1.1606)  Time:  0.086 (0.011)  Data Time:  0.004 (0.004)
2022-04-11 06:37:55,470:INFO:   Eta: 1:15:27
2022-04-11 06:38:22,404:INFO: Train: [79][2321/2322]  Loss -0.1759 (-1.1779)  Time:  0.090 (0.012)  Data Time:  0.004 (0.004)
2022-04-11 06:38:22,405:INFO:   Eta: 1:16:43
2022-04-11 06:38:49,465:INFO: Train: [80][2321/2322]  Loss -0.2027 (-1.1694)  Time:  0.102 (0.012)  Data Time:  0.005 (0.004)
2022-04-11 06:38:49,466:INFO:   Eta: 1:16:38
2022-04-11 06:39:19,367:INFO: Train: [81][2321/2322]  Loss -0.1466 (-1.0261)  Time:  0.094 (0.013)  Data Time:  0.004 (0.004)
2022-04-11 06:39:19,368:INFO:   Eta: 1:24:11
2022-04-11 06:39:49,259:INFO: Train: [82][2321/2322]  Loss -0.2302 (-1.2553)  Time:  0.095 (0.013)  Data Time:  0.004 (0.005)
2022-04-11 06:39:49,260:INFO:   Eta: 1:23:37
2022-04-11 06:40:19,436:INFO: Train: [83][2321/2322]  Loss -0.2065 (-1.1785)  Time:  0.099 (0.013)  Data Time:  0.004 (0.005)
2022-04-11 06:40:19,437:INFO:   Eta: 1:23:57
2022-04-11 06:40:48,467:INFO: Train: [84][2321/2322]  Loss -0.1674 (-1.2482)  Time:  0.110 (0.012)  Data Time:  0.004 (0.004)
2022-04-11 06:40:48,467:INFO:   Eta: 1:20:16
2022-04-11 06:41:16,419:INFO: Train: [85][2321/2322]  Loss -0.1577 (-1.1080)  Time:  0.102 (0.012)  Data Time:  0.005 (0.004)
2022-04-11 06:41:16,420:INFO:   Eta: 1:16:49
2022-04-11 06:41:46,511:INFO: Train: [86][2321/2322]  Loss -0.1561 (-1.3178)  Time:  0.098 (0.013)  Data Time:  0.005 (0.005)
2022-04-11 06:41:46,513:INFO:   Eta: 1:22:12
2022-04-11 06:42:07,394:INFO: Test: [86]  ADE: 0.4309  FDE: 0.6789
2022-04-11 06:42:36,968:INFO: Train: [87][2321/2322]  Loss -0.1972 (-1.2049)  Time:  0.101 (0.013)  Data Time:  0.006 (0.005)
2022-04-11 06:42:36,969:INFO:   Eta: 1:20:17
2022-04-11 06:43:06,022:INFO: Train: [88][2321/2322]  Loss -0.1740 (-1.3763)  Time:  0.092 (0.013)  Data Time:  0.004 (0.004)
2022-04-11 06:43:06,022:INFO:   Eta: 1:18:24
2022-04-11 06:43:32,932:INFO: Train: [89][2321/2322]  Loss -0.1862 (-1.3390)  Time:  0.099 (0.012)  Data Time:  0.004 (0.004)
2022-04-11 06:43:32,933:INFO:   Eta: 1:12:10
2022-04-11 06:43:58,399:INFO: Train: [90][2321/2322]  Loss -0.1654 (-1.3647)  Time:  0.086 (0.011)  Data Time:  0.003 (0.004)
2022-04-11 06:43:58,400:INFO:   Eta: 1:07:52
2022-04-11 06:44:24,785:INFO: Train: [91][2321/2322]  Loss -0.1570 (-1.3244)  Time:  0.085 (0.011)  Data Time:  0.003 (0.004)
2022-04-11 06:44:24,786:INFO:   Eta: 1:09:53
2022-04-11 06:44:52,768:INFO: Train: [92][2321/2322]  Loss -0.1824 (-1.3624)  Time:  0.103 (0.012)  Data Time:  0.006 (0.004)
2022-04-11 06:44:52,769:INFO:   Eta: 1:13:39
2022-04-11 06:45:22,748:INFO: Train: [93][2321/2322]  Loss -0.1924 (-1.3934)  Time:  0.117 (0.013)  Data Time:  0.004 (0.005)
2022-04-11 06:45:22,748:INFO:   Eta: 1:18:24
2022-04-11 06:45:51,326:INFO: Train: [94][2321/2322]  Loss -0.1736 (-1.2017)  Time:  0.095 (0.012)  Data Time:  0.004 (0.004)
2022-04-11 06:45:51,327:INFO:   Eta: 1:14:16
2022-04-11 06:46:19,589:INFO: Train: [95][2321/2322]  Loss -0.1872 (-1.3734)  Time:  0.102 (0.012)  Data Time:  0.004 (0.004)
2022-04-11 06:46:19,589:INFO:   Eta: 1:12:58
2022-04-11 06:46:49,879:INFO: Train: [96][2321/2322]  Loss -0.1737 (-1.2047)  Time:  0.096 (0.013)  Data Time:  0.004 (0.005)
2022-04-11 06:46:49,880:INFO:   Eta: 1:17:42
2022-04-11 06:47:10,759:INFO: Test: [96]  ADE: 0.3988  FDE: 0.6500
2022-04-11 06:47:40,854:INFO: Train: [97][2321/2322]  Loss -0.1698 (-1.2918)  Time:  0.112 (0.013)  Data Time:  0.004 (0.005)
2022-04-11 06:47:40,855:INFO:   Eta: 1:16:42
2022-04-11 06:48:10,831:INFO: Train: [98][2321/2322]  Loss -0.2113 (-1.3439)  Time:  0.095 (0.013)  Data Time:  0.005 (0.005)
2022-04-11 06:48:10,832:INFO:   Eta: 1:15:54
2022-04-11 06:48:40,654:INFO: Train: [99][2321/2322]  Loss -0.2164 (-1.3702)  Time:  0.115 (0.013)  Data Time:  0.005 (0.004)
2022-04-11 06:48:40,656:INFO:   Eta: 1:15:01
2022-04-11 06:49:10,220:INFO: Train: [100][2321/2322]  Loss -0.1636 (-1.4867)  Time:  0.089 (0.013)  Data Time:  0.004 (0.004)
2022-04-11 06:49:10,221:INFO:   Eta: 1:13:52
2022-04-11 06:49:35,821:INFO: Train: [101][2321/2322]  Loss -0.2217 (-1.4278)  Time:  0.096 (0.011)  Data Time:  0.004 (0.003)
2022-04-11 06:49:35,821:INFO:   Eta: 1:03:32
2022-04-11 06:50:02,782:INFO: Train: [102][2321/2322]  Loss -0.1808 (-1.3643)  Time:  0.084 (0.012)  Data Time:  0.003 (0.004)
2022-04-11 06:50:02,783:INFO:   Eta: 1:06:28
2022-04-11 06:50:29,849:INFO: Train: [103][2321/2322]  Loss -0.2065 (-1.3126)  Time:  0.086 (0.012)  Data Time:  0.003 (0.004)
2022-04-11 06:50:29,850:INFO:   Eta: 1:06:16
2022-04-11 06:50:55,880:INFO: Train: [104][2321/2322]  Loss -0.1190 (-1.4336)  Time:  0.086 (0.011)  Data Time:  0.004 (0.003)
2022-04-11 06:50:55,880:INFO:   Eta: 1:03:18
2022-04-11 06:51:24,520:INFO: Train: [105][2321/2322]  Loss -0.1869 (-1.3212)  Time:  0.099 (0.012)  Data Time:  0.005 (0.004)
2022-04-11 06:51:24,520:INFO:   Eta: 1:09:10
2022-04-11 06:51:54,504:INFO: Train: [106][2321/2322]  Loss -0.1492 (-1.3888)  Time:  0.104 (0.013)  Data Time:  0.006 (0.005)
2022-04-11 06:51:54,505:INFO:   Eta: 1:11:56
2022-04-11 06:52:15,127:INFO: Test: [106]  ADE: 0.4531  FDE: 0.6035
2022-04-11 06:52:45,251:INFO: Train: [107][2321/2322]  Loss -0.1902 (-1.4314)  Time:  0.096 (0.013)  Data Time:  0.004 (0.005)
2022-04-11 06:52:45,252:INFO:   Eta: 1:11:45
2022-04-11 06:53:15,389:INFO: Train: [108][2321/2322]  Loss -0.1946 (-1.4303)  Time:  0.100 (0.013)  Data Time:  0.004 (0.005)
2022-04-11 06:53:15,391:INFO:   Eta: 1:11:17
2022-04-11 06:53:45,924:INFO: Train: [109][2321/2322]  Loss -0.1854 (-1.4705)  Time:  0.117 (0.013)  Data Time:  0.004 (0.005)
2022-04-11 06:53:45,926:INFO:   Eta: 1:11:43
2022-04-11 06:54:16,359:INFO: Train: [110][2321/2322]  Loss -0.2126 (-1.4094)  Time:  0.102 (0.013)  Data Time:  0.005 (0.005)
2022-04-11 06:54:16,360:INFO:   Eta: 1:10:59
2022-04-11 06:54:46,560:INFO: Train: [111][2321/2322]  Loss -0.1992 (-1.3650)  Time:  0.119 (0.013)  Data Time:  0.004 (0.005)
2022-04-11 06:54:46,561:INFO:   Eta: 1:09:55
2022-04-11 06:55:15,650:INFO: Train: [112][2321/2322]  Loss -0.1679 (-1.4390)  Time:  0.099 (0.013)  Data Time:  0.004 (0.004)
2022-04-11 06:55:15,653:INFO:   Eta: 1:06:52
2022-04-11 06:55:41,763:INFO: Train: [113][2321/2322]  Loss -0.1673 (-1.2691)  Time:  0.084 (0.011)  Data Time:  0.003 (0.003)
2022-04-11 06:55:41,764:INFO:   Eta: 0:59:33
2022-04-11 06:56:06,238:INFO: Train: [114][2321/2322]  Loss -0.1950 (-1.2795)  Time:  0.083 (0.011)  Data Time:  0.003 (0.003)
2022-04-11 06:56:06,239:INFO:   Eta: 0:55:26
