2022-04-11 04:16:30,369:INFO: batch_size=128
2022-04-11 04:16:30,369:INFO: clip_grad=None
2022-04-11 04:16:30,369:INFO: dataset=zara2
2022-04-11 04:16:30,370:INFO: drop=0.0
2022-04-11 04:16:30,370:INFO: gpu_num=0
2022-04-11 04:16:30,370:INFO: init=kmeans-32
2022-04-11 04:16:30,370:INFO: input_size=2
2022-04-11 04:16:30,370:INFO: kernel_size=3
2022-04-11 04:16:30,370:INFO: lr=0.01
2022-04-11 04:16:30,370:INFO: lr_sh_rate=150
2022-04-11 04:16:30,370:INFO: model=social_stgcnn10
2022-04-11 04:16:30,370:INFO: n_stgcnn=1
2022-04-11 04:16:30,370:INFO: n_txpcnn=5
2022-04-11 04:16:30,370:INFO: num_epochs=250
2022-04-11 04:16:30,371:INFO: obs_seq_len=8
2022-04-11 04:16:30,371:INFO: output_size=5
2022-04-11 04:16:30,371:INFO: pred_seq_len=12
2022-04-11 04:16:30,371:INFO: seed=0
2022-04-11 04:16:30,371:INFO: tag=zara2
2022-04-11 04:16:30,371:INFO: use_lrschd=True
2022-04-11 04:16:30,371:INFO: ******************************
2022-04-11 04:16:30,371:INFO: Training initiating....
2022-04-11 04:16:30,371:INFO: Namespace(batch_size=128, clip_grad=None, dataset='zara2', drop=0.0, gpu_num='0', init='kmeans-32', input_size=2, kernel_size=3, lr=0.01, lr_sh_rate=150, model='social_stgcnn10', n_stgcnn=1, n_txpcnn=5, num_epochs=250, obs_seq_len=8, output_size=5, pred_seq_len=12, seed=0, tag='zara2', use_lrschd=True)
2022-04-11 04:16:30,376:INFO: Initializing train dataset
2022-04-11 04:16:40,601:INFO: Initializing val dataset
2022-04-11 04:17:03,236:INFO: social_stgcnn10
2022-04-11 04:17:03,236:INFO: Data and model loaded
2022-04-11 04:17:03,236:INFO: Checkpoint dir: ./runs/Apr11_04-16-30_node06/zara2/checkpoint
2022-04-11 04:17:03,236:INFO: Training started ...
2022-04-11 04:17:29,522:INFO: Train: [0][2111/2112]  Loss 0.5232 (1.5516)  Time:  0.332 (0.012)  Data Time:  0.005 (0.004)
2022-04-11 04:17:29,523:INFO:   Eta: 1:49:29
2022-04-11 04:17:56,297:INFO: Train: [1][2111/2112]  Loss 0.3000 (0.8288)  Time:  0.329 (0.013)  Data Time:  0.004 (0.004)
2022-04-11 04:17:56,299:INFO:   Eta: 1:51:01
2022-04-11 04:18:23,618:INFO: Train: [2][2111/2112]  Loss 0.1751 (0.5531)  Time:  0.364 (0.013)  Data Time:  0.005 (0.005)
2022-04-11 04:18:23,620:INFO:   Eta: 1:52:49
2022-04-11 04:18:50,699:INFO: Train: [3][2111/2112]  Loss 0.4299 (0.4460)  Time:  0.327 (0.013)  Data Time:  0.004 (0.005)
2022-04-11 04:18:50,701:INFO:   Eta: 1:51:23
2022-04-11 04:19:17,392:INFO: Train: [4][2111/2112]  Loss 0.0336 (0.2463)  Time:  0.343 (0.013)  Data Time:  0.004 (0.004)
2022-04-11 04:19:17,394:INFO:   Eta: 1:49:21
2022-04-11 04:19:43,606:INFO: Train: [5][2111/2112]  Loss 0.1160 (0.1375)  Time:  0.311 (0.012)  Data Time:  0.004 (0.005)
2022-04-11 04:19:43,676:INFO:   Eta: 1:46:57
2022-04-11 04:20:10,839:INFO: Train: [6][2111/2112]  Loss -0.0777 (0.0578)  Time:  0.297 (0.013)  Data Time:  0.003 (0.005)
2022-04-11 04:20:10,841:INFO:   Eta: 1:48:35
2022-04-11 04:20:44,309:INFO: Test: [6]  ADE: 0.6218  FDE: 0.7194
2022-04-11 04:21:07,279:INFO: Train: [7][2111/2112]  Loss -0.0396 (0.0311)  Time:  0.345 (0.011)  Data Time:  0.003 (0.004)
2022-04-11 04:21:07,280:INFO:   Eta: 1:32:57
2022-04-11 04:21:30,747:INFO: Train: [8][2111/2112]  Loss -0.0779 (-0.0993)  Time:  0.283 (0.011)  Data Time:  0.003 (0.004)
2022-04-11 04:21:30,749:INFO:   Eta: 1:34:35
2022-04-11 04:21:55,167:INFO: Train: [9][2111/2112]  Loss -0.0339 (-0.1589)  Time:  0.341 (0.012)  Data Time:  0.004 (0.004)
2022-04-11 04:21:55,168:INFO:   Eta: 1:38:01
2022-04-11 04:22:21,134:INFO: Train: [10][2111/2112]  Loss -0.1835 (-0.2201)  Time:  0.313 (0.012)  Data Time:  0.005 (0.005)
2022-04-11 04:22:21,135:INFO:   Eta: 1:43:47
2022-04-11 04:22:46,544:INFO: Train: [11][2111/2112]  Loss -0.1878 (-0.2401)  Time:  0.314 (0.012)  Data Time:  0.004 (0.005)
2022-04-11 04:22:46,545:INFO:   Eta: 1:41:08
2022-04-11 04:23:12,438:INFO: Train: [12][2111/2112]  Loss -0.2609 (-0.2813)  Time:  0.304 (0.012)  Data Time:  0.004 (0.005)
2022-04-11 04:23:12,440:INFO:   Eta: 1:42:39
2022-04-11 04:23:38,037:INFO: Train: [13][2111/2112]  Loss -0.2418 (-0.3322)  Time:  0.317 (0.012)  Data Time:  0.005 (0.004)
2022-04-11 04:23:38,038:INFO:   Eta: 1:41:02
2022-04-11 04:24:03,329:INFO: Train: [14][2111/2112]  Loss -0.2118 (-0.3777)  Time:  0.304 (0.012)  Data Time:  0.003 (0.005)
2022-04-11 04:24:03,407:INFO:   Eta: 1:39:24
2022-04-11 04:24:29,605:INFO: Train: [15][2111/2112]  Loss -0.2479 (-0.2839)  Time:  0.315 (0.012)  Data Time:  0.004 (0.004)
2022-04-11 04:24:29,606:INFO:   Eta: 1:40:23
2022-04-11 04:24:55,495:INFO: Train: [16][2111/2112]  Loss -0.3217 (-0.4365)  Time:  0.334 (0.012)  Data Time:  0.005 (0.005)
2022-04-11 04:24:55,496:INFO:   Eta: 1:40:54
2022-04-11 04:25:31,572:INFO: Test: [16]  ADE: 0.5230  FDE: 0.6074
2022-04-11 04:25:55,794:INFO: Train: [17][2111/2112]  Loss -0.2388 (-0.4581)  Time:  0.305 (0.011)  Data Time:  0.004 (0.004)
2022-04-11 04:25:55,796:INFO:   Eta: 1:34:00
2022-04-11 04:26:18,621:INFO: Train: [18][2111/2112]  Loss -0.2934 (-0.5492)  Time:  0.263 (0.011)  Data Time:  0.003 (0.004)
2022-04-11 04:26:18,622:INFO:   Eta: 1:28:11
2022-04-11 04:26:41,144:INFO: Train: [19][2111/2112]  Loss -0.3182 (-0.4556)  Time:  0.270 (0.011)  Data Time:  0.003 (0.004)
2022-04-11 04:26:41,145:INFO:   Eta: 1:26:39
2022-04-11 04:27:03,959:INFO: Train: [20][2111/2112]  Loss -0.3080 (-0.4931)  Time:  0.282 (0.011)  Data Time:  0.003 (0.004)
2022-04-11 04:27:03,960:INFO:   Eta: 1:27:24
2022-04-11 04:27:26,228:INFO: Train: [21][2111/2112]  Loss -0.3318 (-0.4629)  Time:  0.324 (0.011)  Data Time:  0.004 (0.004)
2022-04-11 04:27:26,299:INFO:   Eta: 1:24:55
2022-04-11 04:27:50,804:INFO: Train: [22][2111/2112]  Loss -0.4231 (-0.6000)  Time:  0.297 (0.011)  Data Time:  0.005 (0.004)
2022-04-11 04:27:50,804:INFO:   Eta: 1:30:57
2022-04-11 04:28:16,943:INFO: Train: [23][2111/2112]  Loss -0.3569 (-0.6358)  Time:  0.349 (0.012)  Data Time:  0.005 (0.005)
2022-04-11 04:28:16,944:INFO:   Eta: 1:38:49
2022-04-11 04:28:42,724:INFO: Train: [24][2111/2112]  Loss -0.3549 (-0.6119)  Time:  0.338 (0.012)  Data Time:  0.004 (0.004)
2022-04-11 04:28:42,725:INFO:   Eta: 1:37:02
2022-04-11 04:29:07,755:INFO: Train: [25][2111/2112]  Loss -0.4347 (-0.5518)  Time:  0.324 (0.012)  Data Time:  0.006 (0.005)
2022-04-11 04:29:07,756:INFO:   Eta: 1:33:48
2022-04-11 04:29:33,191:INFO: Train: [26][2111/2112]  Loss -0.3786 (-0.5491)  Time:  0.301 (0.012)  Data Time:  0.003 (0.004)
2022-04-11 04:29:33,192:INFO:   Eta: 1:34:54
2022-04-11 04:30:09,065:INFO: Test: [26]  ADE: 0.5785  FDE: 0.7109
2022-04-11 04:30:34,545:INFO: Train: [27][2111/2112]  Loss -0.3796 (-0.6919)  Time:  0.289 (0.012)  Data Time:  0.004 (0.004)
2022-04-11 04:30:34,546:INFO:   Eta: 1:34:38
2022-04-11 04:30:58,983:INFO: Train: [28][2111/2112]  Loss -0.2707 (-0.6948)  Time:  0.324 (0.012)  Data Time:  0.005 (0.004)
2022-04-11 04:30:59,042:INFO:   Eta: 1:30:21
2022-04-11 04:31:25,016:INFO: Train: [29][2111/2112]  Loss -0.2310 (-0.7264)  Time:  0.323 (0.012)  Data Time:  0.005 (0.004)
2022-04-11 04:31:25,017:INFO:   Eta: 1:33:34
2022-04-11 04:31:50,938:INFO: Train: [30][2111/2112]  Loss -0.4700 (-0.7536)  Time:  0.321 (0.012)  Data Time:  0.005 (0.005)
2022-04-11 04:31:50,940:INFO:   Eta: 1:34:58
2022-04-11 04:32:14,621:INFO: Train: [31][2111/2112]  Loss -0.4592 (-0.7141)  Time:  0.337 (0.011)  Data Time:  0.003 (0.004)
2022-04-11 04:32:14,622:INFO:   Eta: 1:26:22
2022-04-11 04:32:36,694:INFO: Train: [32][2111/2112]  Loss -0.4418 (-0.6201)  Time:  0.276 (0.010)  Data Time:  0.003 (0.003)
2022-04-11 04:32:36,696:INFO:   Eta: 1:20:08
2022-04-11 04:32:59,491:INFO: Train: [33][2111/2112]  Loss -0.3997 (-0.7871)  Time:  0.291 (0.011)  Data Time:  0.004 (0.004)
2022-04-11 04:32:59,492:INFO:   Eta: 1:22:23
2022-04-11 04:33:22,237:INFO: Train: [34][2111/2112]  Loss -0.3727 (-0.8162)  Time:  0.297 (0.011)  Data Time:  0.004 (0.004)
2022-04-11 04:33:22,237:INFO:   Eta: 1:21:49
2022-04-11 04:33:45,575:INFO: Train: [35][2111/2112]  Loss -0.3772 (-0.8109)  Time:  0.311 (0.011)  Data Time:  0.005 (0.004)
2022-04-11 04:33:45,576:INFO:   Eta: 1:23:34
2022-04-11 04:34:11,245:INFO: Train: [36][2111/2112]  Loss -0.5013 (-0.7903)  Time:  0.333 (0.012)  Data Time:  0.005 (0.005)
2022-04-11 04:34:11,246:INFO:   Eta: 1:31:30
2022-04-11 04:34:46,494:INFO: Test: [36]  ADE: 0.4680  FDE: 0.5843
2022-04-11 04:35:11,910:INFO: Train: [37][2111/2112]  Loss -0.2921 (-0.8509)  Time:  0.300 (0.012)  Data Time:  0.004 (0.004)
2022-04-11 04:35:11,910:INFO:   Eta: 1:30:08
2022-04-11 04:35:36,721:INFO: Train: [38][2111/2112]  Loss -0.4036 (-0.8815)  Time:  0.310 (0.012)  Data Time:  0.004 (0.004)
2022-04-11 04:35:36,723:INFO:   Eta: 1:27:36
2022-04-11 04:36:01,853:INFO: Train: [39][2111/2112]  Loss -0.4693 (-0.8411)  Time:  0.311 (0.012)  Data Time:  0.005 (0.004)
2022-04-11 04:36:01,854:INFO:   Eta: 1:28:18
2022-04-11 04:36:26,837:INFO: Train: [40][2111/2112]  Loss -0.5611 (-0.7235)  Time:  0.323 (0.012)  Data Time:  0.005 (0.004)
2022-04-11 04:36:26,837:INFO:   Eta: 1:27:23
2022-04-11 04:36:52,341:INFO: Train: [41][2111/2112]  Loss -0.4843 (-0.8469)  Time:  0.315 (0.012)  Data Time:  0.005 (0.005)
2022-04-11 04:36:52,342:INFO:   Eta: 1:28:47
2022-04-11 04:37:18,008:INFO: Train: [42][2111/2112]  Loss -0.5697 (-0.9188)  Time:  0.324 (0.012)  Data Time:  0.005 (0.004)
2022-04-11 04:37:18,009:INFO:   Eta: 1:28:55
2022-04-11 04:37:43,187:INFO: Train: [43][2111/2112]  Loss -0.5140 (-0.9093)  Time:  0.287 (0.012)  Data Time:  0.005 (0.005)
2022-04-11 04:37:43,187:INFO:   Eta: 1:26:49
2022-04-11 04:38:07,845:INFO: Train: [44][2111/2112]  Loss -0.3639 (-0.9394)  Time:  0.274 (0.012)  Data Time:  0.003 (0.004)
2022-04-11 04:38:07,845:INFO:   Eta: 1:24:36
2022-04-11 04:38:30,345:INFO: Train: [45][2111/2112]  Loss -0.5316 (-0.9046)  Time:  0.275 (0.011)  Data Time:  0.005 (0.004)
2022-04-11 04:38:30,346:INFO:   Eta: 1:16:49
2022-04-11 04:38:52,536:INFO: Train: [46][2111/2112]  Loss -0.5550 (-0.8616)  Time:  0.308 (0.010)  Data Time:  0.002 (0.004)
2022-04-11 04:38:52,537:INFO:   Eta: 1:15:23
2022-04-11 04:39:26,597:INFO: Test: [46]  ADE: 0.4182  FDE: 0.5670
2022-04-11 04:39:51,680:INFO: Train: [47][2111/2112]  Loss -0.5808 (-0.9739)  Time:  0.317 (0.012)  Data Time:  0.004 (0.004)
2022-04-11 04:39:51,681:INFO:   Eta: 1:24:47
2022-04-11 04:40:17,558:INFO: Train: [48][2111/2112]  Loss -0.5987 (-0.9778)  Time:  0.333 (0.012)  Data Time:  0.004 (0.005)
2022-04-11 04:40:17,559:INFO:   Eta: 1:27:04
2022-04-11 04:40:42,481:INFO: Train: [49][2111/2112]  Loss -0.4724 (-0.8658)  Time:  0.296 (0.012)  Data Time:  0.004 (0.004)
2022-04-11 04:40:42,482:INFO:   Eta: 1:23:26
2022-04-11 04:41:07,566:INFO: Train: [50][2111/2112]  Loss -0.4641 (-0.9739)  Time:  0.323 (0.012)  Data Time:  0.005 (0.004)
2022-04-11 04:41:07,567:INFO:   Eta: 1:23:34
2022-04-11 04:41:32,168:INFO: Train: [51][2111/2112]  Loss -0.5968 (-1.0173)  Time:  0.315 (0.012)  Data Time:  0.004 (0.004)
2022-04-11 04:41:32,169:INFO:   Eta: 1:21:33
2022-04-11 04:41:58,265:INFO: Train: [52][2111/2112]  Loss -0.6081 (-0.9875)  Time:  0.310 (0.012)  Data Time:  0.005 (0.005)
2022-04-11 04:41:58,266:INFO:   Eta: 1:26:03
2022-04-11 04:42:23,916:INFO: Train: [53][2111/2112]  Loss -0.4125 (-1.0431)  Time:  0.330 (0.012)  Data Time:  0.005 (0.005)
2022-04-11 04:42:23,917:INFO:   Eta: 1:24:10
2022-04-11 04:42:49,497:INFO: Train: [54][2111/2112]  Loss -0.6205 (-0.9132)  Time:  0.299 (0.012)  Data Time:  0.005 (0.005)
2022-04-11 04:42:49,754:INFO:   Eta: 1:23:30
2022-04-11 04:43:15,408:INFO: Train: [55][2111/2112]  Loss -0.5505 (-1.0600)  Time:  0.329 (0.012)  Data Time:  0.005 (0.005)
2022-04-11 04:43:15,409:INFO:   Eta: 1:23:15
2022-04-11 04:43:41,318:INFO: Train: [56][2111/2112]  Loss -0.5485 (-0.8873)  Time:  0.318 (0.012)  Data Time:  0.003 (0.005)
2022-04-11 04:43:41,318:INFO:   Eta: 1:23:43
2022-04-11 04:44:16,545:INFO: Test: [56]  ADE: 0.3904  FDE: 0.5423
2022-04-11 04:44:38,405:INFO: Train: [57][2111/2112]  Loss -0.5880 (-1.0245)  Time:  0.272 (0.010)  Data Time:  0.004 (0.004)
2022-04-11 04:44:38,406:INFO:   Eta: 1:10:15
2022-04-11 04:45:00,402:INFO: Train: [58][2111/2112]  Loss -0.5350 (-1.1177)  Time:  0.277 (0.010)  Data Time:  0.004 (0.004)
2022-04-11 04:45:00,403:INFO:   Eta: 1:10:20
2022-04-11 04:45:23,370:INFO: Train: [59][2111/2112]  Loss -0.4651 (-1.0778)  Time:  0.288 (0.011)  Data Time:  0.004 (0.004)
2022-04-11 04:45:23,371:INFO:   Eta: 1:13:03
2022-04-11 04:45:46,366:INFO: Train: [60][2111/2112]  Loss -0.6234 (-1.0877)  Time:  0.295 (0.011)  Data Time:  0.004 (0.004)
2022-04-11 04:45:46,366:INFO:   Eta: 1:12:46
2022-04-11 04:46:12,216:INFO: Train: [61][2111/2112]  Loss -0.5438 (-1.0906)  Time:  0.315 (0.012)  Data Time:  0.005 (0.005)
2022-04-11 04:46:12,218:INFO:   Eta: 1:21:22
2022-04-11 04:46:37,279:INFO: Train: [62][2111/2112]  Loss -0.4442 (-1.0641)  Time:  0.290 (0.012)  Data Time:  0.003 (0.004)
2022-04-11 04:46:37,280:INFO:   Eta: 1:18:28
2022-04-11 04:47:02,857:INFO: Train: [63][2111/2112]  Loss -0.5143 (-1.1458)  Time:  0.318 (0.012)  Data Time:  0.005 (0.005)
2022-04-11 04:47:02,858:INFO:   Eta: 1:19:39
2022-04-11 04:47:28,560:INFO: Train: [64][2111/2112]  Loss -0.3925 (-0.9926)  Time:  0.327 (0.012)  Data Time:  0.004 (0.005)
2022-04-11 04:47:28,561:INFO:   Eta: 1:19:37
2022-04-11 04:47:53,555:INFO: Train: [65][2111/2112]  Loss -0.5863 (-1.0481)  Time:  0.317 (0.012)  Data Time:  0.005 (0.005)
2022-04-11 04:47:53,555:INFO:   Eta: 1:17:01
2022-04-11 04:48:18,073:INFO: Train: [66][2111/2112]  Loss -0.6467 (-1.0563)  Time:  0.335 (0.012)  Data Time:  0.005 (0.004)
2022-04-11 04:48:18,073:INFO:   Eta: 1:15:09
2022-04-11 04:48:54,152:INFO: Test: [66]  ADE: 0.4109  FDE: 0.5958
2022-04-11 04:49:20,055:INFO: Train: [67][2111/2112]  Loss -0.6935 (-1.1304)  Time:  0.316 (0.012)  Data Time:  0.005 (0.005)
2022-04-11 04:49:20,056:INFO:   Eta: 1:18:56
2022-04-11 04:49:46,216:INFO: Train: [68][2111/2112]  Loss -0.6273 (-0.9747)  Time:  0.326 (0.012)  Data Time:  0.004 (0.005)
2022-04-11 04:49:46,218:INFO:   Eta: 1:19:18
2022-04-11 04:50:10,227:INFO: Train: [69][2111/2112]  Loss -0.5792 (-1.1681)  Time:  0.281 (0.011)  Data Time:  0.003 (0.004)
2022-04-11 04:50:10,228:INFO:   Eta: 1:12:21
2022-04-11 04:50:32,909:INFO: Train: [70][2111/2112]  Loss -0.7092 (-1.1916)  Time:  0.295 (0.011)  Data Time:  0.004 (0.004)
2022-04-11 04:50:32,910:INFO:   Eta: 1:07:59
2022-04-11 04:50:53,412:INFO: Train: [71][2111/2112]  Loss -0.4989 (-1.0688)  Time:  0.287 (0.010)  Data Time:  0.003 (0.003)
2022-04-11 04:50:53,413:INFO:   Eta: 1:01:07
2022-04-11 04:51:15,621:INFO: Train: [72][2111/2112]  Loss -0.6631 (-1.0327)  Time:  0.272 (0.011)  Data Time:  0.004 (0.004)
2022-04-11 04:51:15,622:INFO:   Eta: 1:05:49
2022-04-11 04:51:38,353:INFO: Train: [73][2111/2112]  Loss -0.6471 (-1.1431)  Time:  0.266 (0.011)  Data Time:  0.004 (0.004)
2022-04-11 04:51:38,421:INFO:   Eta: 1:07:01
2022-04-11 04:52:04,573:INFO: Train: [74][2111/2112]  Loss -0.4836 (-1.0558)  Time:  0.308 (0.012)  Data Time:  0.005 (0.005)
2022-04-11 04:52:04,574:INFO:   Eta: 1:15:07
2022-04-11 04:52:30,492:INFO: Train: [75][2111/2112]  Loss -0.6213 (-1.1780)  Time:  0.328 (0.012)  Data Time:  0.004 (0.005)
2022-04-11 04:52:30,493:INFO:   Eta: 1:15:32
2022-04-11 04:52:56,597:INFO: Train: [76][2111/2112]  Loss -0.7047 (-0.9955)  Time:  0.323 (0.012)  Data Time:  0.005 (0.005)
2022-04-11 04:52:56,598:INFO:   Eta: 1:15:39
2022-04-11 04:53:32,560:INFO: Test: [76]  ADE: 0.4151  FDE: 0.6147
2022-04-11 04:53:58,125:INFO: Train: [77][2111/2112]  Loss -0.6587 (-1.1401)  Time:  0.293 (0.012)  Data Time:  0.004 (0.004)
2022-04-11 04:53:58,126:INFO:   Eta: 1:13:39
2022-04-11 04:54:23,304:INFO: Train: [78][2111/2112]  Loss -0.6423 (-1.0911)  Time:  0.326 (0.012)  Data Time:  0.005 (0.005)
2022-04-11 04:54:23,305:INFO:   Eta: 1:12:08
2022-04-11 04:54:48,452:INFO: Train: [79][2111/2112]  Loss -0.6508 (-1.2230)  Time:  0.306 (0.012)  Data Time:  0.004 (0.004)
2022-04-11 04:54:48,452:INFO:   Eta: 1:11:37
2022-04-11 04:55:14,079:INFO: Train: [80][2111/2112]  Loss -0.6391 (-1.1379)  Time:  0.361 (0.012)  Data Time:  0.003 (0.005)
2022-04-11 04:55:14,080:INFO:   Eta: 1:12:33
2022-04-11 04:55:39,559:INFO: Train: [81][2111/2112]  Loss -0.4879 (-1.0012)  Time:  0.342 (0.012)  Data Time:  0.003 (0.004)
2022-04-11 04:55:39,560:INFO:   Eta: 1:11:43
2022-04-11 04:56:03,336:INFO: Train: [82][2111/2112]  Loss -0.6456 (-1.2009)  Time:  0.284 (0.011)  Data Time:  0.004 (0.004)
2022-04-11 04:56:03,337:INFO:   Eta: 1:06:31
2022-04-11 04:56:25,654:INFO: Train: [83][2111/2112]  Loss -0.5572 (-1.1573)  Time:  0.274 (0.011)  Data Time:  0.003 (0.004)
2022-04-11 04:56:25,655:INFO:   Eta: 1:02:03
2022-04-11 04:56:48,223:INFO: Train: [84][2111/2112]  Loss -0.6745 (-1.1868)  Time:  0.277 (0.011)  Data Time:  0.004 (0.004)
2022-04-11 04:56:48,224:INFO:   Eta: 1:02:23
2022-04-11 04:57:09,696:INFO: Train: [85][2111/2112]  Loss -0.5945 (-1.2216)  Time:  0.274 (0.010)  Data Time:  0.004 (0.003)
2022-04-11 04:57:09,697:INFO:   Eta: 0:59:00
2022-04-11 04:57:32,121:INFO: Train: [86][2111/2112]  Loss -0.6673 (-1.1644)  Time:  0.307 (0.011)  Data Time:  0.004 (0.004)
2022-04-11 04:57:32,122:INFO:   Eta: 1:01:14
2022-04-11 04:58:07,757:INFO: Test: [86]  ADE: 0.3816  FDE: 0.5707
2022-04-11 04:58:33,007:INFO: Train: [87][2111/2112]  Loss -0.6801 (-1.1333)  Time:  0.327 (0.012)  Data Time:  0.005 (0.005)
2022-04-11 04:58:33,008:INFO:   Eta: 1:08:33
2022-04-11 04:58:58,633:INFO: Train: [88][2111/2112]  Loss -0.4974 (-1.2838)  Time:  0.322 (0.012)  Data Time:  0.005 (0.004)
2022-04-11 04:58:58,634:INFO:   Eta: 1:09:08
2022-04-11 04:59:24,475:INFO: Train: [89][2111/2112]  Loss -0.6910 (-1.2516)  Time:  0.318 (0.012)  Data Time:  0.004 (0.004)
2022-04-11 04:59:24,476:INFO:   Eta: 1:09:17
2022-04-11 04:59:50,748:INFO: Train: [90][2111/2112]  Loss -0.6113 (-1.1969)  Time:  0.353 (0.012)  Data Time:  0.005 (0.005)
2022-04-11 04:59:50,748:INFO:   Eta: 1:10:01
2022-04-11 05:00:16,429:INFO: Train: [91][2111/2112]  Loss -0.6166 (-1.2272)  Time:  0.306 (0.012)  Data Time:  0.004 (0.005)
2022-04-11 05:00:16,430:INFO:   Eta: 1:08:00
2022-04-11 05:00:40,984:INFO: Train: [92][2111/2112]  Loss -0.5701 (-1.2296)  Time:  0.330 (0.012)  Data Time:  0.004 (0.004)
2022-04-11 05:00:40,986:INFO:   Eta: 1:04:37
2022-04-11 05:01:06,119:INFO: Train: [93][2111/2112]  Loss -0.6706 (-1.1693)  Time:  0.321 (0.012)  Data Time:  0.005 (0.004)
2022-04-11 05:01:06,119:INFO:   Eta: 1:05:43
2022-04-11 05:01:31,608:INFO: Train: [94][2111/2112]  Loss -0.6868 (-1.3133)  Time:  0.313 (0.012)  Data Time:  0.005 (0.005)
2022-04-11 05:01:31,609:INFO:   Eta: 1:06:13
2022-04-11 05:01:55,922:INFO: Train: [95][2111/2112]  Loss -0.6701 (-1.2411)  Time:  0.295 (0.012)  Data Time:  0.003 (0.004)
2022-04-11 05:01:55,971:INFO:   Eta: 1:02:46
2022-04-11 05:02:18,147:INFO: Train: [96][2111/2112]  Loss -0.6132 (-1.2725)  Time:  0.288 (0.010)  Data Time:  0.004 (0.003)
2022-04-11 05:02:18,148:INFO:   Eta: 0:55:40
2022-04-11 05:02:52,053:INFO: Test: [96]  ADE: 0.3869  FDE: 0.5635
2022-04-11 05:03:14,565:INFO: Train: [97][2111/2112]  Loss -0.6319 (-1.2890)  Time:  0.258 (0.011)  Data Time:  0.003 (0.003)
2022-04-11 05:03:14,565:INFO:   Eta: 0:57:20
2022-04-11 05:03:38,522:INFO: Train: [98][2111/2112]  Loss -0.6673 (-1.2749)  Time:  0.298 (0.011)  Data Time:  0.005 (0.004)
2022-04-11 05:03:38,583:INFO:   Eta: 1:00:39
2022-04-11 05:04:04,690:INFO: Train: [99][2111/2112]  Loss -0.5895 (-1.1059)  Time:  0.292 (0.012)  Data Time:  0.004 (0.005)
2022-04-11 05:04:04,691:INFO:   Eta: 1:04:17
2022-04-11 05:04:30,952:INFO: Train: [100][2111/2112]  Loss -0.4903 (-1.2422)  Time:  0.314 (0.012)  Data Time:  0.005 (0.005)
2022-04-11 05:04:30,953:INFO:   Eta: 1:05:36
2022-04-11 05:04:56,648:INFO: Train: [101][2111/2112]  Loss -0.6139 (-1.3651)  Time:  0.319 (0.012)  Data Time:  0.004 (0.004)
2022-04-11 05:04:56,649:INFO:   Eta: 1:03:46
2022-04-11 05:05:22,201:INFO: Train: [102][2111/2112]  Loss -0.6038 (-1.2623)  Time:  0.310 (0.012)  Data Time:  0.005 (0.005)
2022-04-11 05:05:22,547:INFO:   Eta: 1:02:59
2022-04-11 05:05:47,501:INFO: Train: [103][2111/2112]  Loss -0.7564 (-1.2516)  Time:  0.281 (0.012)  Data Time:  0.004 (0.004)
2022-04-11 05:05:47,503:INFO:   Eta: 0:59:47
2022-04-11 05:06:12,967:INFO: Train: [104][2111/2112]  Loss -0.6992 (-1.2466)  Time:  0.341 (0.012)  Data Time:  0.005 (0.005)
2022-04-11 05:06:12,969:INFO:   Eta: 1:01:54
2022-04-11 05:06:38,731:INFO: Train: [105][2111/2112]  Loss -0.6510 (-1.3206)  Time:  0.338 (0.012)  Data Time:  0.005 (0.005)
2022-04-11 05:06:38,732:INFO:   Eta: 1:02:13
2022-04-11 05:07:04,165:INFO: Train: [106][2111/2112]  Loss -0.7111 (-1.3223)  Time:  0.316 (0.012)  Data Time:  0.004 (0.004)
2022-04-11 05:07:04,166:INFO:   Eta: 1:01:00
2022-04-11 05:07:39,779:INFO: Test: [106]  ADE: 0.3537  FDE: 0.5315
2022-04-11 05:08:03,570:INFO: Train: [107][2111/2112]  Loss -0.7978 (-1.2788)  Time:  0.290 (0.011)  Data Time:  0.004 (0.004)
2022-04-11 05:08:03,572:INFO:   Eta: 0:56:39
2022-04-11 05:08:26,280:INFO: Train: [108][2111/2112]  Loss -0.7288 (-1.3098)  Time:  0.264 (0.011)  Data Time:  0.004 (0.004)
2022-04-11 05:08:26,281:INFO:   Eta: 0:53:42
2022-04-11 05:08:48,898:INFO: Train: [109][2111/2112]  Loss -0.5720 (-1.2310)  Time:  0.279 (0.011)  Data Time:  0.003 (0.004)
2022-04-11 05:08:48,959:INFO:   Eta: 0:53:06
2022-04-11 05:09:12,238:INFO: Train: [110][2111/2112]  Loss -0.6842 (-1.2889)  Time:  0.281 (0.011)  Data Time:  0.004 (0.004)
2022-04-11 05:09:12,239:INFO:   Eta: 0:52:49
2022-04-11 05:09:36,929:INFO: Train: [111][2111/2112]  Loss -0.6759 (-1.3462)  Time:  0.315 (0.012)  Data Time:  0.005 (0.004)
2022-04-11 05:09:36,930:INFO:   Eta: 0:57:09
2022-04-11 05:10:02,113:INFO: Train: [112][2111/2112]  Loss -0.5928 (-1.3576)  Time:  0.295 (0.012)  Data Time:  0.005 (0.004)
2022-04-11 05:10:02,114:INFO:   Eta: 0:57:52
2022-04-11 05:10:27,965:INFO: Train: [113][2111/2112]  Loss -0.5865 (-1.2916)  Time:  0.323 (0.012)  Data Time:  0.005 (0.005)
2022-04-11 05:10:27,966:INFO:   Eta: 0:58:59
2022-04-11 05:10:52,346:INFO: Train: [114][2111/2112]  Loss -0.6693 (-1.2960)  Time:  0.328 (0.012)  Data Time:  0.006 (0.004)
2022-04-11 05:10:52,347:INFO:   Eta: 0:55:13
2022-04-11 05:11:18,454:INFO: Train: [115][2111/2112]  Loss -0.5768 (-1.2059)  Time:  0.325 (0.012)  Data Time:  0.004 (0.005)
2022-04-11 05:11:18,455:INFO:   Eta: 0:58:41
2022-04-11 05:11:44,575:INFO: Train: [116][2111/2112]  Loss -0.6571 (-1.3240)  Time:  0.353 (0.012)  Data Time:  0.004 (0.005)
2022-04-11 05:11:44,576:INFO:   Eta: 0:58:18
2022-04-11 05:12:20,301:INFO: Test: [116]  ADE: 0.3366  FDE: 0.5150
2022-04-11 05:12:45,098:INFO: Train: [117][2111/2112]  Loss -0.6911 (-1.3121)  Time:  0.317 (0.012)  Data Time:  0.005 (0.005)
2022-04-11 05:12:45,099:INFO:   Eta: 0:54:55
2022-04-11 05:13:10,207:INFO: Train: [118][2111/2112]  Loss -0.5949 (-1.3406)  Time:  0.322 (0.012)  Data Time:  0.005 (0.004)
2022-04-11 05:13:10,209:INFO:   Eta: 0:55:12
2022-04-11 05:13:36,026:INFO: Train: [119][2111/2112]  Loss -0.6072 (-1.2760)  Time:  0.312 (0.012)  Data Time:  0.005 (0.004)
2022-04-11 05:13:36,026:INFO:   Eta: 0:56:20
2022-04-11 05:13:59,933:INFO: Train: [120][2111/2112]  Loss -0.6465 (-1.2535)  Time:  0.260 (0.011)  Data Time:  0.004 (0.004)
2022-04-11 05:13:59,934:INFO:   Eta: 0:51:45
2022-04-11 05:14:22,113:INFO: Train: [121][2111/2112]  Loss -0.5859 (-1.3454)  Time:  0.253 (0.010)  Data Time:  0.003 (0.003)
2022-04-11 05:14:22,114:INFO:   Eta: 0:47:39
2022-04-11 05:14:44,642:INFO: Train: [122][2111/2112]  Loss -0.5714 (-1.3312)  Time:  0.297 (0.011)  Data Time:  0.004 (0.004)
2022-04-11 05:14:44,644:INFO:   Eta: 0:48:01
2022-04-11 05:15:07,311:INFO: Train: [123][2111/2112]  Loss -0.6526 (-1.2242)  Time:  0.299 (0.011)  Data Time:  0.003 (0.004)
2022-04-11 05:15:07,311:INFO:   Eta: 0:47:56
2022-04-11 05:15:31,155:INFO: Train: [124][2111/2112]  Loss -0.7739 (-1.3951)  Time:  0.302 (0.011)  Data Time:  0.005 (0.004)
2022-04-11 05:15:31,156:INFO:   Eta: 0:50:02
2022-04-11 05:15:55,148:INFO: Train: [125][2111/2112]  Loss -0.6832 (-1.2683)  Time:  0.325 (0.011)  Data Time:  0.004 (0.004)
2022-04-11 05:15:55,149:INFO:   Eta: 0:49:57
2022-04-11 05:16:20,989:INFO: Train: [126][2111/2112]  Loss -0.7091 (-1.3900)  Time:  0.322 (0.012)  Data Time:  0.005 (0.005)
2022-04-11 05:16:20,990:INFO:   Eta: 0:53:22
2022-04-11 05:16:56,720:INFO: Test: [126]  ADE: 0.3362  FDE: 0.5105
2022-04-11 05:17:21,845:INFO: Train: [127][2111/2112]  Loss -0.7167 (-1.3444)  Time:  0.306 (0.012)  Data Time:  0.005 (0.005)
2022-04-11 05:17:21,846:INFO:   Eta: 0:51:27
2022-04-11 05:17:46,906:INFO: Train: [128][2111/2112]  Loss -0.6475 (-1.3198)  Time:  0.300 (0.012)  Data Time:  0.005 (0.004)
2022-04-11 05:17:46,907:INFO:   Eta: 0:50:55
2022-04-11 05:18:12,721:INFO: Train: [129][2111/2112]  Loss -0.6925 (-1.3016)  Time:  0.313 (0.012)  Data Time:  0.005 (0.005)
2022-04-11 05:18:12,722:INFO:   Eta: 0:52:01
2022-04-11 05:18:38,190:INFO: Train: [130][2111/2112]  Loss -0.7030 (-1.3523)  Time:  0.298 (0.012)  Data Time:  0.004 (0.005)
2022-04-11 05:18:38,191:INFO:   Eta: 0:50:54
2022-04-11 05:19:02,826:INFO: Train: [131][2111/2112]  Loss -0.8075 (-1.3563)  Time:  0.302 (0.012)  Data Time:  0.005 (0.005)
2022-04-11 05:19:02,885:INFO:   Eta: 0:48:50
2022-04-11 05:19:28,894:INFO: Train: [132][2111/2112]  Loss -0.7092 (-1.3634)  Time:  0.298 (0.012)  Data Time:  0.005 (0.005)
2022-04-11 05:19:28,895:INFO:   Eta: 0:50:05
2022-04-11 05:19:52,996:INFO: Train: [133][2111/2112]  Loss -0.7796 (-1.2511)  Time:  0.300 (0.011)  Data Time:  0.002 (0.004)
2022-04-11 05:19:52,998:INFO:   Eta: 0:46:57
2022-04-11 05:20:15,441:INFO: Train: [134][2111/2112]  Loss -0.5780 (-1.4668)  Time:  0.285 (0.011)  Data Time:  0.002 (0.004)
2022-04-11 05:20:15,442:INFO:   Eta: 0:43:21
2022-04-11 05:20:37,759:INFO: Train: [135][2111/2112]  Loss -0.6930 (-1.3703)  Time:  0.270 (0.011)  Data Time:  0.004 (0.004)
2022-04-11 05:20:37,760:INFO:   Eta: 0:42:44
2022-04-11 05:20:58,463:INFO: Train: [136][2111/2112]  Loss -0.5271 (-1.3471)  Time:  0.285 (0.010)  Data Time:  0.004 (0.003)
2022-04-11 05:20:58,463:INFO:   Eta: 0:39:17
2022-04-11 05:21:33,674:INFO: Test: [136]  ADE: 0.3740  FDE: 0.5005
2022-04-11 05:21:59,228:INFO: Train: [137][2111/2112]  Loss -0.6537 (-1.4113)  Time:  0.325 (0.012)  Data Time:  0.005 (0.005)
2022-04-11 05:21:59,229:INFO:   Eta: 0:48:05
2022-04-11 05:22:23,675:INFO: Train: [138][2111/2112]  Loss -0.6712 (-1.4043)  Time:  0.344 (0.012)  Data Time:  0.005 (0.005)
2022-04-11 05:22:23,740:INFO:   Eta: 0:45:36
2022-04-11 05:22:49,472:INFO: Train: [139][2111/2112]  Loss -0.7636 (-1.4088)  Time:  0.321 (0.012)  Data Time:  0.005 (0.004)
2022-04-11 05:22:49,473:INFO:   Eta: 0:46:40
2022-04-11 05:23:15,364:INFO: Train: [140][2111/2112]  Loss -0.5913 (-1.3926)  Time:  0.310 (0.012)  Data Time:  0.004 (0.005)
2022-04-11 05:23:15,365:INFO:   Eta: 0:47:26
2022-04-11 05:23:41,130:INFO: Train: [141][2111/2112]  Loss -0.7709 (-1.4381)  Time:  0.324 (0.012)  Data Time:  0.004 (0.005)
2022-04-11 05:23:41,131:INFO:   Eta: 0:46:46
2022-04-11 05:24:07,023:INFO: Train: [142][2111/2112]  Loss -0.5592 (-1.3356)  Time:  0.331 (0.012)  Data Time:  0.006 (0.005)
2022-04-11 05:24:07,023:INFO:   Eta: 0:46:34
2022-04-11 05:24:33,049:INFO: Train: [143][2111/2112]  Loss -0.7710 (-1.4558)  Time:  0.298 (0.012)  Data Time:  0.005 (0.005)
2022-04-11 05:24:33,051:INFO:   Eta: 0:46:23
2022-04-11 05:24:58,398:INFO: Train: [144][2111/2112]  Loss -0.6398 (-1.4578)  Time:  0.289 (0.012)  Data Time:  0.004 (0.005)
2022-04-11 05:24:58,399:INFO:   Eta: 0:44:44
2022-04-11 05:25:23,132:INFO: Train: [145][2111/2112]  Loss -0.6193 (-1.4988)  Time:  0.314 (0.012)  Data Time:  0.005 (0.004)
2022-04-11 05:25:23,132:INFO:   Eta: 0:43:15
2022-04-11 05:25:47,076:INFO: Train: [146][2111/2112]  Loss -0.6351 (-1.3317)  Time:  0.263 (0.011)  Data Time:  0.003 (0.004)
2022-04-11 05:25:47,077:INFO:   Eta: 0:41:28
2022-04-11 05:26:20,394:INFO: Test: [146]  ADE: 0.3508  FDE: 0.5187
2022-04-11 05:26:43,087:INFO: Train: [147][2111/2112]  Loss -0.6584 (-1.3384)  Time:  0.284 (0.011)  Data Time:  0.003 (0.004)
2022-04-11 05:26:43,088:INFO:   Eta: 0:38:55
2022-04-11 05:27:05,485:INFO: Train: [148][2111/2112]  Loss -0.7313 (-1.4008)  Time:  0.298 (0.011)  Data Time:  0.003 (0.004)
2022-04-11 05:27:05,486:INFO:   Eta: 0:38:03
2022-04-11 05:27:29,415:INFO: Train: [149][2111/2112]  Loss -0.7568 (-1.4171)  Time:  0.314 (0.011)  Data Time:  0.005 (0.004)
2022-04-11 05:27:29,416:INFO:   Eta: 0:40:15
2022-04-11 05:27:54,534:INFO: Train: [150][2111/2112]  Loss -0.6025 (-1.5671)  Time:  0.301 (0.012)  Data Time:  0.004 (0.004)
2022-04-11 05:27:54,535:INFO:   Eta: 0:41:50
2022-04-11 05:28:20,319:INFO: Train: [151][2111/2112]  Loss -0.7776 (-1.5587)  Time:  0.307 (0.012)  Data Time:  0.005 (0.005)
2022-04-11 05:28:20,320:INFO:   Eta: 0:42:31
2022-04-11 05:28:24,360:INFO: Valid: [151][500/501]  Loss -4.3159 (-2.7230)
2022-04-11 05:28:24,374:INFO: Checkpoint saved...
2022-04-11 05:28:50,024:INFO: Train: [152][2111/2112]  Loss -0.8136 (-1.5606)  Time:  0.288 (0.012)  Data Time:  0.004 (0.004)
2022-04-11 05:28:50,026:INFO:   Eta: 0:41:50
2022-04-11 05:28:54,059:INFO: Valid: [152][500/501]  Loss -5.7717 (-3.5466)
2022-04-11 05:28:54,068:INFO: Checkpoint saved...
2022-04-11 05:29:19,727:INFO: Train: [153][2111/2112]  Loss -0.6476 (-1.4714)  Time:  0.325 (0.012)  Data Time:  0.005 (0.005)
2022-04-11 05:29:19,794:INFO:   Eta: 0:41:26
2022-04-11 05:29:23,876:INFO: Valid: [153][500/501]  Loss -1.6853 (-1.2646)
2022-04-11 05:29:50,528:INFO: Train: [154][2111/2112]  Loss -0.8271 (-1.5765)  Time:  0.309 (0.012)  Data Time:  0.005 (0.005)
2022-04-11 05:29:50,529:INFO:   Eta: 0:41:39
2022-04-11 05:29:54,719:INFO: Valid: [154][500/501]  Loss -2.5555 (-1.5371)
2022-04-11 05:30:20,648:INFO: Train: [155][2111/2112]  Loss -0.8343 (-1.4287)  Time:  0.304 (0.012)  Data Time:  0.005 (0.005)
2022-04-11 05:30:20,649:INFO:   Eta: 0:41:00
2022-04-11 05:30:24,944:INFO: Valid: [155][500/501]  Loss -5.1708 (-3.1571)
2022-04-11 05:30:50,598:INFO: Train: [156][2111/2112]  Loss -0.7821 (-1.5684)  Time:  0.306 (0.012)  Data Time:  0.003 (0.004)
2022-04-11 05:30:50,599:INFO:   Eta: 0:40:08
2022-04-11 05:30:54,551:INFO: Valid: [156][500/501]  Loss -5.0522 (-3.0994)
2022-04-11 05:31:29,792:INFO: Test: [156]  ADE: 0.3297  FDE: 0.5328
2022-04-11 05:31:53,594:INFO: Train: [157][2111/2112]  Loss -0.8021 (-1.5237)  Time:  0.288 (0.011)  Data Time:  0.005 (0.004)
2022-04-11 05:31:53,595:INFO:   Eta: 0:36:51
2022-04-11 05:31:57,659:INFO: Valid: [157][500/501]  Loss -4.4057 (-2.7806)
2022-04-11 05:32:20,334:INFO: Train: [158][2111/2112]  Loss -0.7532 (-1.6013)  Time:  0.271 (0.011)  Data Time:  0.003 (0.004)
2022-04-11 05:32:20,335:INFO:   Eta: 0:34:43
2022-04-11 05:32:24,335:INFO: Valid: [158][500/501]  Loss -5.7781 (-3.5952)
2022-04-11 05:32:24,349:INFO: Checkpoint saved...
2022-04-11 05:32:46,308:INFO: Train: [159][2111/2112]  Loss -0.7501 (-1.5010)  Time:  0.251 (0.010)  Data Time:  0.003 (0.004)
2022-04-11 05:32:46,377:INFO:   Eta: 0:33:15
2022-04-11 05:32:50,489:INFO: Valid: [159][500/501]  Loss -2.8946 (-1.9383)
2022-04-11 05:33:13,778:INFO: Train: [160][2111/2112]  Loss -0.7799 (-1.5518)  Time:  0.316 (0.011)  Data Time:  0.004 (0.004)
2022-04-11 05:33:13,780:INFO:   Eta: 0:33:49
2022-04-11 05:33:17,835:INFO: Valid: [160][500/501]  Loss -4.3457 (-2.7358)
2022-04-11 05:33:43,301:INFO: Train: [161][2111/2112]  Loss -0.8819 (-1.3568)  Time:  0.306 (0.012)  Data Time:  0.004 (0.004)
2022-04-11 05:33:43,302:INFO:   Eta: 0:37:43
2022-04-11 05:33:47,544:INFO: Valid: [161][500/501]  Loss -2.8409 (-1.7939)
2022-04-11 05:34:12,962:INFO: Train: [162][2111/2112]  Loss -0.7674 (-1.5694)  Time:  0.298 (0.012)  Data Time:  0.004 (0.004)
2022-04-11 05:34:12,964:INFO:   Eta: 0:37:14
2022-04-11 05:34:17,258:INFO: Valid: [162][500/501]  Loss -0.1630 (-0.3696)
2022-04-11 05:34:42,287:INFO: Train: [163][2111/2112]  Loss -0.8250 (-1.4860)  Time:  0.313 (0.012)  Data Time:  0.005 (0.005)
2022-04-11 05:34:42,288:INFO:   Eta: 0:36:13
2022-04-11 05:34:46,313:INFO: Valid: [163][500/501]  Loss -2.8611 (-1.6842)
2022-04-11 05:35:11,927:INFO: Train: [164][2111/2112]  Loss -0.8331 (-1.5636)  Time:  0.288 (0.012)  Data Time:  0.004 (0.005)
2022-04-11 05:35:11,928:INFO:   Eta: 0:36:40
2022-04-11 05:35:16,271:INFO: Valid: [164][500/501]  Loss -4.8763 (-2.9760)
2022-04-11 05:35:42,102:INFO: Train: [165][2111/2112]  Loss -0.7161 (-1.5668)  Time:  0.311 (0.012)  Data Time:  0.004 (0.004)
2022-04-11 05:35:42,104:INFO:   Eta: 0:36:32
2022-04-11 05:35:46,375:INFO: Valid: [165][500/501]  Loss -5.0515 (-3.1436)
2022-04-11 05:36:11,853:INFO: Train: [166][2111/2112]  Loss -0.7676 (-1.4982)  Time:  0.314 (0.012)  Data Time:  0.005 (0.005)
2022-04-11 05:36:11,929:INFO:   Eta: 0:35:37
2022-04-11 05:36:15,899:INFO: Valid: [166][500/501]  Loss -4.3585 (-2.7451)
2022-04-11 05:36:50,358:INFO: Test: [166]  ADE: 0.3362  FDE: 0.5491
2022-04-11 05:37:15,809:INFO: Train: [167][2111/2112]  Loss -0.7394 (-1.4445)  Time:  0.302 (0.012)  Data Time:  0.004 (0.004)
2022-04-11 05:37:15,809:INFO:   Eta: 0:35:11
2022-04-11 05:37:20,072:INFO: Valid: [167][500/501]  Loss -4.4000 (-2.8028)
2022-04-11 05:37:43,997:INFO: Train: [168][2111/2112]  Loss -0.7933 (-1.5328)  Time:  0.268 (0.011)  Data Time:  0.003 (0.004)
2022-04-11 05:37:43,997:INFO:   Eta: 0:32:39
2022-04-11 05:37:47,769:INFO: Valid: [168][500/501]  Loss -4.8700 (-2.9798)
2022-04-11 05:38:10,139:INFO: Train: [169][2111/2112]  Loss -0.7894 (-1.5729)  Time:  0.293 (0.011)  Data Time:  0.003 (0.004)
2022-04-11 05:38:10,140:INFO:   Eta: 0:30:09
2022-04-11 05:38:14,127:INFO: Valid: [169][500/501]  Loss -4.6699 (-2.8573)
2022-04-11 05:38:36,068:INFO: Train: [170][2111/2112]  Loss -0.8198 (-1.4709)  Time:  0.263 (0.010)  Data Time:  0.004 (0.003)
2022-04-11 05:38:36,069:INFO:   Eta: 0:29:12
2022-04-11 05:38:40,363:INFO: Valid: [170][500/501]  Loss -3.9719 (-2.4768)
2022-04-11 05:39:03,176:INFO: Train: [171][2111/2112]  Loss -0.8012 (-1.5562)  Time:  0.291 (0.011)  Data Time:  0.003 (0.004)
2022-04-11 05:39:03,177:INFO:   Eta: 0:29:59
2022-04-11 05:39:07,085:INFO: Valid: [171][500/501]  Loss -1.5601 (-1.1199)
2022-04-11 05:39:30,864:INFO: Train: [172][2111/2112]  Loss -0.8437 (-1.5206)  Time:  0.318 (0.011)  Data Time:  0.004 (0.004)
2022-04-11 05:39:30,865:INFO:   Eta: 0:30:52
2022-04-11 05:39:34,927:INFO: Valid: [172][500/501]  Loss -2.5917 (-1.6492)
2022-04-11 05:40:00,115:INFO: Train: [173][2111/2112]  Loss -0.6892 (-1.4844)  Time:  0.322 (0.012)  Data Time:  0.005 (0.004)
2022-04-11 05:40:00,117:INFO:   Eta: 0:32:17
2022-04-11 05:40:04,439:INFO: Valid: [173][500/501]  Loss -5.4665 (-3.3628)
2022-04-11 05:40:29,832:INFO: Train: [174][2111/2112]  Loss -0.8091 (-1.5807)  Time:  0.331 (0.012)  Data Time:  0.005 (0.004)
2022-04-11 05:40:29,834:INFO:   Eta: 0:32:07
2022-04-11 05:40:34,086:INFO: Valid: [174][500/501]  Loss -3.7026 (-2.4065)
2022-04-11 05:40:59,129:INFO: Train: [175][2111/2112]  Loss -0.7636 (-1.5504)  Time:  0.312 (0.012)  Data Time:  0.005 (0.004)
2022-04-11 05:40:59,130:INFO:   Eta: 0:31:15
2022-04-11 05:41:03,149:INFO: Valid: [175][500/501]  Loss -5.7746 (-3.5403)
2022-04-11 05:41:28,252:INFO: Train: [176][2111/2112]  Loss -0.7578 (-1.6258)  Time:  0.298 (0.012)  Data Time:  0.005 (0.004)
2022-04-11 05:41:28,253:INFO:   Eta: 0:30:55
2022-04-11 05:41:32,475:INFO: Valid: [176][500/501]  Loss -4.8426 (-2.9218)
2022-04-11 05:42:07,090:INFO: Test: [176]  ADE: 0.3292  FDE: 0.5280
2022-04-11 05:42:30,928:INFO: Train: [177][2111/2112]  Loss -0.8234 (-1.5083)  Time:  0.304 (0.011)  Data Time:  0.004 (0.004)
2022-04-11 05:42:30,929:INFO:   Eta: 0:28:58
2022-04-11 05:42:35,233:INFO: Valid: [177][500/501]  Loss -4.7659 (-2.9187)
2022-04-11 05:43:00,517:INFO: Train: [178][2111/2112]  Loss -0.7461 (-1.5607)  Time:  0.306 (0.012)  Data Time:  0.004 (0.005)
2022-04-11 05:43:00,518:INFO:   Eta: 0:30:18
2022-04-11 05:43:04,584:INFO: Valid: [178][500/501]  Loss -4.7212 (-2.8384)
2022-04-11 05:43:30,594:INFO: Train: [179][2111/2112]  Loss -0.7962 (-1.5516)  Time:  0.314 (0.012)  Data Time:  0.004 (0.004)
2022-04-11 05:43:30,596:INFO:   Eta: 0:30:11
2022-04-11 05:43:34,720:INFO: Valid: [179][500/501]  Loss -5.1958 (-3.2604)
2022-04-11 05:43:56,822:INFO: Train: [180][2111/2112]  Loss -0.8080 (-1.6052)  Time:  0.281 (0.010)  Data Time:  0.005 (0.004)
2022-04-11 05:43:56,823:INFO:   Eta: 0:25:44
2022-04-11 05:44:00,720:INFO: Valid: [180][500/501]  Loss -5.3444 (-3.3016)
2022-04-11 05:44:21,967:INFO: Train: [181][2111/2112]  Loss -0.8262 (-1.5911)  Time:  0.277 (0.010)  Data Time:  0.004 (0.003)
2022-04-11 05:44:21,969:INFO:   Eta: 0:24:24
2022-04-11 05:44:26,019:INFO: Valid: [181][500/501]  Loss -5.5777 (-3.3772)
2022-04-11 05:44:48,582:INFO: Train: [182][2111/2112]  Loss -0.7397 (-1.5980)  Time:  0.287 (0.011)  Data Time:  0.003 (0.004)
2022-04-11 05:44:48,583:INFO:   Eta: 0:25:31
2022-04-11 05:44:52,463:INFO: Valid: [182][500/501]  Loss -2.4392 (-1.6023)
2022-04-11 05:45:16,000:INFO: Train: [183][2111/2112]  Loss -0.7155 (-1.5808)  Time:  0.312 (0.011)  Data Time:  0.005 (0.004)
2022-04-11 05:45:16,001:INFO:   Eta: 0:26:14
2022-04-11 05:45:20,296:INFO: Valid: [183][500/501]  Loss -5.3179 (-3.3377)
2022-04-11 05:45:45,934:INFO: Train: [184][2111/2112]  Loss -0.8866 (-1.4829)  Time:  0.307 (0.012)  Data Time:  0.005 (0.004)
2022-04-11 05:45:45,936:INFO:   Eta: 0:28:09
2022-04-11 05:45:50,141:INFO: Valid: [184][500/501]  Loss -0.0220 (-0.4335)
2022-04-11 05:46:15,267:INFO: Train: [185][2111/2112]  Loss -0.8943 (-1.5477)  Time:  0.305 (0.012)  Data Time:  0.005 (0.004)
2022-04-11 05:46:15,269:INFO:   Eta: 0:27:11
2022-04-11 05:46:19,364:INFO: Valid: [185][500/501]  Loss -3.3530 (-2.0696)
2022-04-11 05:46:44,881:INFO: Train: [186][2111/2112]  Loss -0.7575 (-1.6003)  Time:  0.291 (0.012)  Data Time:  0.003 (0.005)
2022-04-11 05:46:44,882:INFO:   Eta: 0:27:11
2022-04-11 05:46:49,088:INFO: Valid: [186][500/501]  Loss -5.0209 (-3.1228)
2022-04-11 05:47:24,627:INFO: Test: [186]  ADE: 0.3352  FDE: 0.5265
2022-04-11 05:47:50,758:INFO: Train: [187][2111/2112]  Loss -0.8524 (-1.5964)  Time:  0.336 (0.012)  Data Time:  0.005 (0.004)
2022-04-11 05:47:50,759:INFO:   Eta: 0:26:43
2022-04-11 05:47:54,882:INFO: Valid: [187][500/501]  Loss -3.5238 (-2.1661)
2022-04-11 05:48:19,332:INFO: Train: [188][2111/2112]  Loss -0.8422 (-1.5878)  Time:  0.315 (0.012)  Data Time:  0.005 (0.004)
2022-04-11 05:48:19,334:INFO:   Eta: 0:25:13
2022-04-11 05:48:23,520:INFO: Valid: [188][500/501]  Loss -4.5946 (-2.8719)
2022-04-11 05:48:48,804:INFO: Train: [189][2111/2112]  Loss -0.7726 (-1.5613)  Time:  0.308 (0.012)  Data Time:  0.005 (0.004)
2022-04-11 05:48:48,805:INFO:   Eta: 0:25:40
2022-04-11 05:48:53,116:INFO: Valid: [189][500/501]  Loss -4.7166 (-2.8417)
2022-04-11 05:49:18,780:INFO: Train: [190][2111/2112]  Loss -0.8938 (-1.5313)  Time:  0.281 (0.012)  Data Time:  0.004 (0.005)
2022-04-11 05:49:18,780:INFO:   Eta: 0:25:37
2022-04-11 05:49:22,901:INFO: Valid: [190][500/501]  Loss -5.3665 (-3.3041)
2022-04-11 05:49:48,063:INFO: Train: [191][2111/2112]  Loss -0.8100 (-1.5190)  Time:  0.310 (0.012)  Data Time:  0.004 (0.005)
2022-04-11 05:49:48,064:INFO:   Eta: 0:24:42
2022-04-11 05:49:52,028:INFO: Valid: [191][500/501]  Loss -3.7829 (-2.3474)
2022-04-11 05:50:14,215:INFO: Train: [192][2111/2112]  Loss -0.8679 (-1.5875)  Time:  0.292 (0.010)  Data Time:  0.004 (0.004)
2022-04-11 05:50:14,215:INFO:   Eta: 0:21:25
2022-04-11 05:50:18,051:INFO: Valid: [192][500/501]  Loss -3.9182 (-2.5147)
2022-04-11 05:50:38,719:INFO: Train: [193][2111/2112]  Loss -0.8002 (-1.5796)  Time:  0.296 (0.010)  Data Time:  0.004 (0.003)
2022-04-11 05:50:38,719:INFO:   Eta: 0:19:36
2022-04-11 05:50:42,695:INFO: Valid: [193][500/501]  Loss -4.3599 (-2.7504)
2022-04-11 05:51:04,983:INFO: Train: [194][2111/2112]  Loss -0.7949 (-1.6095)  Time:  0.271 (0.011)  Data Time:  0.003 (0.003)
2022-04-11 05:51:04,986:INFO:   Eta: 0:20:46
2022-04-11 05:51:09,028:INFO: Valid: [194][500/501]  Loss -3.5164 (-2.0224)
2022-04-11 05:51:32,463:INFO: Train: [195][2111/2112]  Loss -0.7551 (-1.5889)  Time:  0.309 (0.011)  Data Time:  0.005 (0.004)
2022-04-11 05:51:32,464:INFO:   Eta: 0:21:27
2022-04-11 05:51:36,536:INFO: Valid: [195][500/501]  Loss -4.9041 (-2.9952)
2022-04-11 05:52:01,753:INFO: Train: [196][2111/2112]  Loss -0.7232 (-1.5750)  Time:  0.306 (0.012)  Data Time:  0.005 (0.004)
2022-04-11 05:52:01,754:INFO:   Eta: 0:22:40
2022-04-11 05:52:06,021:INFO: Valid: [196][500/501]  Loss -4.9889 (-3.0490)
2022-04-11 05:52:42,282:INFO: Test: [196]  ADE: 0.3229  FDE: 0.5339
2022-04-11 05:53:07,335:INFO: Train: [197][2111/2112]  Loss -0.7366 (-1.5989)  Time:  0.319 (0.012)  Data Time:  0.004 (0.004)
2022-04-11 05:53:07,336:INFO:   Eta: 0:22:06
2022-04-11 05:53:11,485:INFO: Valid: [197][500/501]  Loss -1.8689 (-1.2602)
2022-04-11 05:53:35,740:INFO: Train: [198][2111/2112]  Loss -0.7100 (-1.6374)  Time:  0.300 (0.011)  Data Time:  0.004 (0.004)
2022-04-11 05:53:35,741:INFO:   Eta: 0:20:59
2022-04-11 05:53:39,890:INFO: Valid: [198][500/501]  Loss -4.2888 (-2.6256)
2022-04-11 05:54:04,102:INFO: Train: [199][2111/2112]  Loss -0.7770 (-1.4928)  Time:  0.328 (0.011)  Data Time:  0.005 (0.004)
2022-04-11 05:54:04,103:INFO:   Eta: 0:20:09
2022-04-11 05:54:08,413:INFO: Valid: [199][500/501]  Loss -5.5447 (-3.3696)
2022-04-11 05:54:33,823:INFO: Train: [200][2111/2112]  Loss -0.8615 (-1.5452)  Time:  0.301 (0.012)  Data Time:  0.004 (0.004)
2022-04-11 05:54:33,823:INFO:   Eta: 0:21:08
2022-04-11 05:54:38,147:INFO: Valid: [200][500/501]  Loss -5.2655 (-3.2671)
2022-04-11 05:55:03,719:INFO: Train: [201][2111/2112]  Loss -0.8357 (-1.5631)  Time:  0.303 (0.012)  Data Time:  0.005 (0.005)
2022-04-11 05:55:03,722:INFO:   Eta: 0:20:51
2022-04-11 05:55:07,984:INFO: Valid: [201][500/501]  Loss -4.6057 (-2.9325)
2022-04-11 05:55:33,385:INFO: Train: [202][2111/2112]  Loss -0.8419 (-1.5975)  Time:  0.309 (0.012)  Data Time:  0.004 (0.004)
2022-04-11 05:55:33,386:INFO:   Eta: 0:20:17
2022-04-11 05:55:37,703:INFO: Valid: [202][500/501]  Loss -2.6032 (-1.6164)
2022-04-11 05:56:03,190:INFO: Train: [203][2111/2112]  Loss -0.8704 (-1.5767)  Time:  0.319 (0.012)  Data Time:  0.005 (0.005)
2022-04-11 05:56:03,191:INFO:   Eta: 0:19:56
2022-04-11 05:56:07,449:INFO: Valid: [203][500/501]  Loss -5.6048 (-3.3851)
2022-04-11 05:56:32,105:INFO: Train: [204][2111/2112]  Loss -0.7614 (-1.6117)  Time:  0.271 (0.012)  Data Time:  0.004 (0.004)
2022-04-11 05:56:32,106:INFO:   Eta: 0:18:52
2022-04-11 05:56:35,900:INFO: Valid: [204][500/501]  Loss -5.5251 (-3.4135)
2022-04-11 05:56:57,317:INFO: Train: [205][2111/2112]  Loss -0.9215 (-1.6044)  Time:  0.277 (0.010)  Data Time:  0.005 (0.004)
2022-04-11 05:56:57,420:INFO:   Eta: 0:16:01
2022-04-11 05:57:01,295:INFO: Valid: [205][500/501]  Loss -5.1099 (-3.1126)
2022-04-11 05:57:24,143:INFO: Train: [206][2111/2112]  Loss -0.8903 (-1.6083)  Time:  0.258 (0.010)  Data Time:  0.004 (0.003)
2022-04-11 05:57:24,152:INFO:   Eta: 0:16:14
2022-04-11 05:57:28,118:INFO: Valid: [206][500/501]  Loss -4.6097 (-2.8081)
2022-04-11 05:58:03,194:INFO: Test: [206]  ADE: 0.3416  FDE: 0.5505
2022-04-11 05:58:28,592:INFO: Train: [207][2111/2112]  Loss -0.8546 (-1.5581)  Time:  0.338 (0.012)  Data Time:  0.004 (0.004)
2022-04-11 05:58:28,594:INFO:   Eta: 0:18:10
2022-04-11 05:58:32,824:INFO: Valid: [207][500/501]  Loss -4.5845 (-2.8394)
2022-04-11 05:58:58,086:INFO: Train: [208][2111/2112]  Loss -0.7363 (-1.6387)  Time:  0.313 (0.012)  Data Time:  0.004 (0.004)
2022-04-11 05:58:58,087:INFO:   Eta: 0:17:39
2022-04-11 05:59:02,361:INFO: Valid: [208][500/501]  Loss -5.5875 (-3.4039)
2022-04-11 05:59:27,599:INFO: Train: [209][2111/2112]  Loss -0.8139 (-1.5687)  Time:  0.308 (0.012)  Data Time:  0.004 (0.004)
2022-04-11 05:59:27,601:INFO:   Eta: 0:17:13
2022-04-11 05:59:31,692:INFO: Valid: [209][500/501]  Loss -5.1183 (-3.1465)
2022-04-11 05:59:56,235:INFO: Train: [210][2111/2112]  Loss -0.8027 (-1.5998)  Time:  0.307 (0.012)  Data Time:  0.005 (0.004)
2022-04-11 05:59:56,236:INFO:   Eta: 0:16:20
2022-04-11 06:00:00,289:INFO: Valid: [210][500/501]  Loss -5.5166 (-3.3723)
2022-04-11 06:00:25,021:INFO: Train: [211][2111/2112]  Loss -0.8457 (-1.4977)  Time:  0.315 (0.012)  Data Time:  0.006 (0.005)
2022-04-11 06:00:25,023:INFO:   Eta: 0:16:03
2022-04-11 06:00:29,035:INFO: Valid: [211][500/501]  Loss -4.7310 (-2.9243)
2022-04-11 06:00:54,913:INFO: Train: [212][2111/2112]  Loss -0.8492 (-1.6430)  Time:  0.349 (0.012)  Data Time:  0.004 (0.004)
2022-04-11 06:00:54,914:INFO:   Eta: 0:15:59
2022-04-11 06:00:59,245:INFO: Valid: [212][500/501]  Loss -4.1523 (-2.6742)
2022-04-11 06:01:24,185:INFO: Train: [213][2111/2112]  Loss -0.8438 (-1.5465)  Time:  0.321 (0.012)  Data Time:  0.005 (0.004)
2022-04-11 06:01:24,186:INFO:   Eta: 0:15:21
2022-04-11 06:01:28,422:INFO: Valid: [213][500/501]  Loss -3.5237 (-2.2890)
2022-04-11 06:01:53,767:INFO: Train: [214][2111/2112]  Loss -0.8633 (-1.5759)  Time:  0.302 (0.012)  Data Time:  0.004 (0.004)
2022-04-11 06:01:53,768:INFO:   Eta: 0:15:11
2022-04-11 06:01:57,979:INFO: Valid: [214][500/501]  Loss -5.4185 (-3.3012)
2022-04-11 06:02:23,024:INFO: Train: [215][2111/2112]  Loss -0.7948 (-1.5518)  Time:  0.306 (0.012)  Data Time:  0.004 (0.004)
2022-04-11 06:02:23,025:INFO:   Eta: 0:14:35
2022-04-11 06:02:27,227:INFO: Valid: [215][500/501]  Loss -5.1391 (-3.1863)
2022-04-11 06:02:52,571:INFO: Train: [216][2111/2112]  Loss -0.8605 (-1.6316)  Time:  0.352 (0.012)  Data Time:  0.005 (0.005)
2022-04-11 06:02:52,572:INFO:   Eta: 0:14:20
2022-04-11 06:02:56,720:INFO: Valid: [216][500/501]  Loss -5.5031 (-3.4336)
2022-04-11 06:03:31,328:INFO: Test: [216]  ADE: 0.3333  FDE: 0.5337
2022-04-11 06:03:53,027:INFO: Train: [217][2111/2112]  Loss -0.7678 (-1.5762)  Time:  0.269 (0.010)  Data Time:  0.004 (0.004)
2022-04-11 06:03:53,092:INFO:   Eta: 0:11:55
2022-04-11 06:03:56,895:INFO: Valid: [217][500/501]  Loss -4.9799 (-3.1130)
2022-04-11 06:04:20,156:INFO: Train: [218][2111/2112]  Loss -0.7820 (-1.5224)  Time:  0.288 (0.010)  Data Time:  0.004 (0.003)
2022-04-11 06:04:20,158:INFO:   Eta: 0:11:37
2022-04-11 06:04:24,220:INFO: Valid: [218][500/501]  Loss -4.0214 (-2.5795)
2022-04-11 06:04:46,573:INFO: Train: [219][2111/2112]  Loss -0.8167 (-1.5447)  Time:  0.257 (0.011)  Data Time:  0.004 (0.004)
2022-04-11 06:04:46,574:INFO:   Eta: 0:11:31
2022-04-11 06:04:50,821:INFO: Valid: [219][500/501]  Loss -5.1476 (-3.1839)
2022-04-11 06:05:15,759:INFO: Train: [220][2111/2112]  Loss -0.8174 (-1.6221)  Time:  0.288 (0.012)  Data Time:  0.004 (0.004)
2022-04-11 06:05:15,759:INFO:   Eta: 0:12:27
2022-04-11 06:05:19,790:INFO: Valid: [220][500/501]  Loss -2.9474 (-1.8837)
2022-04-11 06:05:44,771:INFO: Train: [221][2111/2112]  Loss -0.8891 (-1.5954)  Time:  0.323 (0.012)  Data Time:  0.005 (0.004)
2022-04-11 06:05:44,772:INFO:   Eta: 0:12:03
2022-04-11 06:05:49,023:INFO: Valid: [221][500/501]  Loss -2.2094 (-1.5782)
2022-04-11 06:06:14,669:INFO: Train: [222][2111/2112]  Loss -0.7528 (-1.6160)  Time:  0.327 (0.012)  Data Time:  0.005 (0.005)
2022-04-11 06:06:14,670:INFO:   Eta: 0:11:57
2022-04-11 06:06:18,763:INFO: Valid: [222][500/501]  Loss -5.3401 (-3.2937)
2022-04-11 06:06:44,115:INFO: Train: [223][2111/2112]  Loss -0.7665 (-1.5383)  Time:  0.320 (0.012)  Data Time:  0.005 (0.005)
2022-04-11 06:06:44,116:INFO:   Eta: 0:11:23
2022-04-11 06:06:48,304:INFO: Valid: [223][500/501]  Loss -5.1908 (-3.2392)
2022-04-11 06:07:13,407:INFO: Train: [224][2111/2112]  Loss -0.8440 (-1.5647)  Time:  0.309 (0.012)  Data Time:  0.004 (0.005)
2022-04-11 06:07:13,408:INFO:   Eta: 0:10:51
2022-04-11 06:07:17,533:INFO: Valid: [224][500/501]  Loss -4.6607 (-2.9013)
2022-04-11 06:07:42,134:INFO: Train: [225][2111/2112]  Loss -0.8528 (-1.6363)  Time:  0.315 (0.012)  Data Time:  0.004 (0.004)
2022-04-11 06:07:42,135:INFO:   Eta: 0:10:14
2022-04-11 06:07:46,336:INFO: Valid: [225][500/501]  Loss -3.6635 (-2.3698)
2022-04-11 06:08:12,188:INFO: Train: [226][2111/2112]  Loss -0.7177 (-1.5179)  Time:  0.311 (0.012)  Data Time:  0.004 (0.005)
2022-04-11 06:08:12,190:INFO:   Eta: 0:10:19
2022-04-11 06:08:16,241:INFO: Valid: [226][500/501]  Loss -5.2198 (-3.2537)
2022-04-11 06:08:51,390:INFO: Test: [226]  ADE: 0.3204  FDE: 0.5376
2022-04-11 06:09:17,151:INFO: Train: [227][2111/2112]  Loss -0.7919 (-1.5044)  Time:  0.328 (0.012)  Data Time:  0.004 (0.005)
2022-04-11 06:09:17,152:INFO:   Eta: 0:09:52
2022-04-11 06:09:21,187:INFO: Valid: [227][500/501]  Loss -4.6515 (-2.8198)
2022-04-11 06:09:46,551:INFO: Train: [228][2111/2112]  Loss -0.8721 (-1.5916)  Time:  0.370 (0.012)  Data Time:  0.004 (0.005)
2022-04-11 06:09:46,552:INFO:   Eta: 0:09:17
2022-04-11 06:09:50,800:INFO: Valid: [228][500/501]  Loss -3.7357 (-2.2339)
2022-04-11 06:10:13,430:INFO: Train: [229][2111/2112]  Loss -0.8612 (-1.6130)  Time:  0.278 (0.011)  Data Time:  0.003 (0.004)
2022-04-11 06:10:13,431:INFO:   Eta: 0:07:54
2022-04-11 06:10:17,403:INFO: Valid: [229][500/501]  Loss -3.2671 (-2.0971)
2022-04-11 06:10:39,313:INFO: Train: [230][2111/2112]  Loss -0.7629 (-1.6097)  Time:  0.272 (0.010)  Data Time:  0.004 (0.004)
2022-04-11 06:10:39,314:INFO:   Eta: 0:07:17
2022-04-11 06:10:43,137:INFO: Valid: [230][500/501]  Loss -3.9668 (-2.6363)
2022-04-11 06:11:04,831:INFO: Train: [231][2111/2112]  Loss -0.7786 (-1.5006)  Time:  0.270 (0.010)  Data Time:  0.003 (0.003)
2022-04-11 06:11:04,832:INFO:   Eta: 0:06:51
2022-04-11 06:11:08,787:INFO: Valid: [231][500/501]  Loss -4.4035 (-2.7417)
2022-04-11 06:11:31,739:INFO: Train: [232][2111/2112]  Loss -0.7827 (-1.4526)  Time:  0.339 (0.011)  Data Time:  0.005 (0.003)
2022-04-11 06:11:31,740:INFO:   Eta: 0:06:52
2022-04-11 06:11:35,869:INFO: Valid: [232][500/501]  Loss -5.0172 (-3.1145)
2022-04-11 06:12:01,169:INFO: Train: [233][2111/2112]  Loss -0.8155 (-1.5276)  Time:  0.323 (0.012)  Data Time:  0.004 (0.004)
2022-04-11 06:12:01,170:INFO:   Eta: 0:07:09
2022-04-11 06:12:05,527:INFO: Valid: [233][500/501]  Loss -2.4137 (-1.5746)
2022-04-11 06:12:30,418:INFO: Train: [234][2111/2112]  Loss -0.8153 (-1.6018)  Time:  0.296 (0.012)  Data Time:  0.004 (0.004)
2022-04-11 06:12:30,418:INFO:   Eta: 0:06:37
2022-04-11 06:12:34,606:INFO: Valid: [234][500/501]  Loss -4.6741 (-2.9423)
2022-04-11 06:13:00,066:INFO: Train: [235][2111/2112]  Loss -0.8514 (-1.6273)  Time:  0.313 (0.012)  Data Time:  0.004 (0.005)
2022-04-11 06:13:00,067:INFO:   Eta: 0:06:21
2022-04-11 06:13:04,243:INFO: Valid: [235][500/501]  Loss -3.8831 (-2.3527)
2022-04-11 06:13:29,959:INFO: Train: [236][2111/2112]  Loss -0.7433 (-1.5659)  Time:  0.286 (0.012)  Data Time:  0.003 (0.004)
2022-04-11 06:13:29,960:INFO:   Eta: 0:05:59
2022-04-11 06:13:34,145:INFO: Valid: [236][500/501]  Loss -4.6475 (-2.8382)
2022-04-11 06:14:09,789:INFO: Test: [236]  ADE: 0.3352  FDE: 0.5458
2022-04-11 06:14:34,301:INFO: Train: [237][2111/2112]  Loss -0.8521 (-1.5552)  Time:  0.312 (0.012)  Data Time:  0.004 (0.004)
2022-04-11 06:14:34,302:INFO:   Eta: 0:05:18
2022-04-11 06:14:38,630:INFO: Valid: [237][500/501]  Loss -2.7743 (-1.8522)
2022-04-11 06:15:04,155:INFO: Train: [238][2111/2112]  Loss -0.8339 (-1.5764)  Time:  0.293 (0.012)  Data Time:  0.005 (0.004)
2022-04-11 06:15:04,156:INFO:   Eta: 0:05:05
2022-04-11 06:15:08,458:INFO: Valid: [238][500/501]  Loss -4.8453 (-2.9654)
2022-04-11 06:15:33,767:INFO: Train: [239][2111/2112]  Loss -0.7341 (-1.6346)  Time:  0.315 (0.012)  Data Time:  0.005 (0.004)
2022-04-11 06:15:33,768:INFO:   Eta: 0:04:38
2022-04-11 06:15:37,793:INFO: Valid: [239][500/501]  Loss -5.2646 (-3.3044)
2022-04-11 06:16:03,026:INFO: Train: [240][2111/2112]  Loss -0.8160 (-1.6066)  Time:  0.283 (0.012)  Data Time:  0.003 (0.004)
2022-04-11 06:16:03,028:INFO:   Eta: 0:04:12
2022-04-11 06:16:07,285:INFO: Valid: [240][500/501]  Loss -4.8546 (-3.0149)
2022-04-11 06:16:32,732:INFO: Train: [241][2111/2112]  Loss -0.8792 (-1.5382)  Time:  0.300 (0.012)  Data Time:  0.004 (0.004)
2022-04-11 06:16:32,733:INFO:   Eta: 0:03:48
2022-04-11 06:16:36,691:INFO: Valid: [241][500/501]  Loss -5.4411 (-3.4310)
2022-04-11 06:16:58,358:INFO: Train: [242][2111/2112]  Loss -0.7603 (-1.6117)  Time:  0.264 (0.010)  Data Time:  0.003 (0.003)
2022-04-11 06:16:58,359:INFO:   Eta: 0:02:53
2022-04-11 06:17:02,461:INFO: Valid: [242][500/501]  Loss -5.7708 (-3.6056)
2022-04-11 06:17:24,399:INFO: Train: [243][2111/2112]  Loss -0.7016 (-1.6052)  Time:  0.269 (0.010)  Data Time:  0.003 (0.003)
2022-04-11 06:17:24,400:INFO:   Eta: 0:02:33
2022-04-11 06:17:28,232:INFO: Valid: [243][500/501]  Loss -5.1894 (-3.1186)
2022-04-11 06:17:50,308:INFO: Train: [244][2111/2112]  Loss -0.7955 (-1.6151)  Time:  0.276 (0.010)  Data Time:  0.004 (0.004)
2022-04-11 06:17:50,384:INFO:   Eta: 0:02:12
2022-04-11 06:17:54,330:INFO: Valid: [244][500/501]  Loss -5.4993 (-3.3759)
2022-04-11 06:18:18,551:INFO: Train: [245][2111/2112]  Loss -0.7433 (-1.5424)  Time:  0.326 (0.011)  Data Time:  0.005 (0.004)
2022-04-11 06:18:18,553:INFO:   Eta: 0:01:59
2022-04-11 06:18:22,817:INFO: Valid: [245][500/501]  Loss -4.3539 (-2.7336)
2022-04-11 06:18:48,321:INFO: Train: [246][2111/2112]  Loss -0.8646 (-1.6214)  Time:  0.299 (0.012)  Data Time:  0.005 (0.005)
2022-04-11 06:18:48,323:INFO:   Eta: 0:01:41
2022-04-11 06:18:52,498:INFO: Valid: [246][500/501]  Loss -4.1140 (-2.5741)
2022-04-11 06:19:28,768:INFO: Test: [246]  ADE: 0.3378  FDE: 0.5677
2022-04-11 06:19:54,098:INFO: Train: [247][2111/2112]  Loss -0.8604 (-1.5689)  Time:  0.309 (0.012)  Data Time:  0.004 (0.004)
2022-04-11 06:19:54,100:INFO:   Eta: 0:01:15
2022-04-11 06:19:58,366:INFO: Valid: [247][500/501]  Loss -5.4623 (-3.3211)
2022-04-11 06:20:23,051:INFO: Train: [248][2111/2112]  Loss -0.8270 (-1.6019)  Time:  0.319 (0.012)  Data Time:  0.005 (0.004)
2022-04-11 06:20:23,052:INFO:   Eta: 0:00:49
2022-04-11 06:20:27,453:INFO: Valid: [248][500/501]  Loss -4.9984 (-3.0673)
2022-04-11 06:20:52,997:INFO: Train: [249][2111/2112]  Loss -0.8438 (-1.6088)  Time:  0.314 (0.012)  Data Time:  0.004 (0.004)
2022-04-11 06:20:52,999:INFO:   Eta: 0:00:25
2022-04-11 06:20:57,087:INFO: Valid: [249][500/501]  Loss -3.9293 (-2.4643)
