2022-05-13 14:31:49,978:INFO: batch_size=128
2022-05-13 14:31:49,978:INFO: clip_grad=None
2022-05-13 14:31:49,978:INFO: dataset=zara1
2022-05-13 14:31:49,979:INFO: dict_kernel_size=3
2022-05-13 14:31:49,979:INFO: drop=0.0
2022-05-13 14:31:49,979:INFO: gpu_num=3
2022-05-13 14:31:49,979:INFO: ilr=0.008
2022-05-13 14:31:49,979:INFO: init=kmeans
2022-05-13 14:31:49,979:INFO: input_size=2
2022-05-13 14:31:49,979:INFO: kernel_size=3
2022-05-13 14:31:49,979:INFO: log_dir=./runs/9-0.8xlr
2022-05-13 14:31:49,979:INFO: lr=0.01
2022-05-13 14:31:49,979:INFO: lr_sh_rate=150
2022-05-13 14:31:49,979:INFO: model=social_stgcnn9
2022-05-13 14:31:49,979:INFO: n_stgcnn=1
2022-05-13 14:31:49,979:INFO: n_txpcnn=5
2022-05-13 14:31:49,979:INFO: name=9-0.8xlr
2022-05-13 14:31:49,979:INFO: num_epochs=250
2022-05-13 14:31:49,979:INFO: obs_seq_len=8
2022-05-13 14:31:49,979:INFO: output_size=5
2022-05-13 14:31:49,979:INFO: pred_seq_len=12
2022-05-13 14:31:49,979:INFO: seed=0
2022-05-13 14:31:49,980:INFO: tag=zara1
2022-05-13 14:31:49,980:INFO: use_lrschd=True
2022-05-13 14:31:49,980:INFO: ******************************
2022-05-13 14:31:49,980:INFO: Training initiating....
2022-05-13 14:31:49,980:INFO: Namespace(model='social_stgcnn9', name='9-0.8xlr', input_size=2, output_size=5, n_stgcnn=1, n_txpcnn=5, kernel_size=3, obs_seq_len=8, pred_seq_len=12, dataset='zara1', batch_size=128, num_epochs=250, clip_grad=None, lr=0.01, ilr=0.008, lr_sh_rate=150, use_lrschd=True, tag='zara1', log_dir='./runs/9-0.8xlr', seed=0, gpu_num='3', drop=0.0, init='kmeans', dict_kernel_size=3)
2022-05-13 14:31:50,120:INFO: Initializing train dataset
2022-05-13 14:32:09,881:INFO: Initializing val dataset
2022-05-13 14:32:17,792:INFO: social_stgcnn9
2022-05-13 14:32:17,793:INFO: 0.01
2022-05-13 14:32:17,793:INFO: 0.01
2022-05-13 14:32:17,793:INFO: 0.01
2022-05-13 14:32:17,793:INFO: 0.008
2022-05-13 14:32:17,793:INFO: Data and model loaded
2022-05-13 14:32:17,793:INFO: Checkpoint dir: ./runs/9-0.8xlr/zara1/checkpoint
2022-05-13 14:32:17,793:INFO: Training started ...
2022-05-13 14:33:36,891:INFO: Train: [0][2321/2322]  Loss 0.1205 (1.3610)  Time:  0.286 (0.034)  Data Time:  0.021 (0.014)
2022-05-13 14:33:36,892:INFO:   Eta: 5:29:29
2022-05-13 14:34:51,981:INFO: Train: [1][2321/2322]  Loss 0.0555 (0.6322)  Time:  0.236 (0.032)  Data Time:  0.002 (0.014)
2022-05-13 14:34:51,983:INFO:   Eta: 5:11:04
2022-05-13 14:36:07,998:INFO: Train: [2][2321/2322]  Loss 0.0071 (0.4380)  Time:  0.216 (0.033)  Data Time:  0.003 (0.015)
2022-05-13 14:36:07,999:INFO:   Eta: 5:13:47
2022-05-13 14:36:59,877:INFO: Train: [3][2321/2322]  Loss 0.0566 (0.3148)  Time:  0.066 (0.022)  Data Time:  0.000 (0.009)
2022-05-13 14:36:59,877:INFO:   Eta: 3:32:37
2022-05-13 14:37:16,390:INFO: Train: [4][2321/2322]  Loss 0.0238 (0.1517)  Time:  0.081 (0.007)  Data Time:  0.000 (0.000)
2022-05-13 14:37:16,391:INFO:   Eta: 1:06:50
2022-05-13 14:38:23,122:INFO: Train: [5][2321/2322]  Loss 0.0018 (0.1514)  Time:  0.263 (0.029)  Data Time:  0.022 (0.012)
2022-05-13 14:38:23,123:INFO:   Eta: 4:32:00
2022-05-13 14:39:39,392:INFO: Train: [6][2321/2322]  Loss -0.0288 (-0.0258)  Time:  0.259 (0.033)  Data Time:  0.000 (0.015)
2022-05-13 14:39:39,393:INFO:   Eta: 5:09:42
2022-05-13 14:40:55,606:INFO: Train: [7][2321/2322]  Loss -0.0531 (-0.1419)  Time:  0.257 (0.033)  Data Time:  0.001 (0.015)
2022-05-13 14:40:55,607:INFO:   Eta: 5:08:00
2022-05-13 14:42:07,752:INFO: Train: [8][2321/2322]  Loss -0.0331 (-0.1406)  Time:  0.268 (0.031)  Data Time:  0.023 (0.014)
2022-05-13 14:42:07,754:INFO:   Eta: 4:50:27
2022-05-13 14:43:24,667:INFO: Train: [9][2321/2322]  Loss -0.0773 (-0.1525)  Time:  0.258 (0.033)  Data Time:  0.022 (0.015)
2022-05-13 14:43:24,668:INFO:   Eta: 5:08:28
2022-05-13 14:44:37,395:INFO: Train: [10][2321/2322]  Loss -0.0753 (-0.1877)  Time:  0.255 (0.031)  Data Time:  0.012 (0.014)
2022-05-13 14:44:37,396:INFO:   Eta: 4:50:24
2022-05-13 14:45:48,342:INFO: Train: [11][2321/2322]  Loss -0.0270 (-0.2627)  Time:  0.235 (0.030)  Data Time:  0.001 (0.014)
2022-05-13 14:45:48,344:INFO:   Eta: 4:42:04
2022-05-13 14:47:04,766:INFO: Train: [12][2321/2322]  Loss -0.0507 (-0.4540)  Time:  0.266 (0.033)  Data Time:  0.016 (0.015)
2022-05-13 14:47:04,767:INFO:   Eta: 5:01:43
2022-05-13 14:48:15,730:INFO: Train: [13][2321/2322]  Loss -0.0830 (-0.4825)  Time:  0.249 (0.031)  Data Time:  0.023 (0.014)
2022-05-13 14:48:15,731:INFO:   Eta: 4:39:51
2022-05-13 14:49:28,153:INFO: Train: [14][2321/2322]  Loss -0.0548 (-0.3741)  Time:  0.283 (0.031)  Data Time:  0.022 (0.014)
2022-05-13 14:49:28,154:INFO:   Eta: 4:44:15
2022-05-13 14:50:43,138:INFO: Train: [15][2321/2322]  Loss -0.0913 (-0.4377)  Time:  0.267 (0.032)  Data Time:  0.019 (0.015)
2022-05-13 14:50:43,139:INFO:   Eta: 4:53:15
2022-05-13 14:51:22,516:INFO: Train: [16][2321/2322]  Loss -0.0302 (-0.5288)  Time:  0.065 (0.017)  Data Time:  0.000 (0.006)
2022-05-13 14:51:22,517:INFO:   Eta: 2:33:10
2022-05-13 14:51:51,182:INFO: Train: [17][2321/2322]  Loss -0.0983 (-0.5257)  Time:  0.178 (0.012)  Data Time:  0.019 (0.003)
2022-05-13 14:51:51,183:INFO:   Eta: 1:50:52
2022-05-13 14:53:05,125:INFO: Train: [18][2321/2322]  Loss -0.0768 (-0.5909)  Time:  0.277 (0.032)  Data Time:  0.021 (0.015)
2022-05-13 14:53:05,126:INFO:   Eta: 4:45:28
2022-05-13 14:54:16,439:INFO: Train: [19][2321/2322]  Loss -0.0045 (-0.6737)  Time:  0.234 (0.031)  Data Time:  0.002 (0.014)
2022-05-13 14:54:16,440:INFO:   Eta: 4:33:47
2022-05-13 14:55:29,027:INFO: Train: [20][2321/2322]  Loss -0.0841 (-0.6414)  Time:  0.281 (0.031)  Data Time:  0.021 (0.014)
2022-05-13 14:55:29,028:INFO:   Eta: 4:37:40
2022-05-13 14:56:40,848:INFO: Train: [21][2321/2322]  Loss -0.1114 (-0.6521)  Time:  0.271 (0.031)  Data Time:  0.021 (0.014)
2022-05-13 14:56:40,849:INFO:   Eta: 4:33:38
2022-05-13 14:57:54,657:INFO: Train: [22][2321/2322]  Loss -0.1339 (-0.6317)  Time:  0.255 (0.032)  Data Time:  0.001 (0.015)
2022-05-13 14:57:54,658:INFO:   Eta: 4:39:58
2022-05-13 14:59:07,508:INFO: Train: [23][2321/2322]  Loss -0.0684 (-0.7113)  Time:  0.255 (0.031)  Data Time:  0.001 (0.014)
2022-05-13 14:59:07,510:INFO:   Eta: 4:35:01
2022-05-13 15:00:18,783:INFO: Train: [24][2321/2322]  Loss -0.1025 (-0.8105)  Time:  0.265 (0.031)  Data Time:  0.001 (0.014)
2022-05-13 15:00:18,885:INFO:   Eta: 4:27:57
2022-05-13 15:01:29,359:INFO: Train: [25][2321/2322]  Loss -0.0645 (-0.7126)  Time:  0.210 (0.030)  Data Time:  0.022 (0.014)
2022-05-13 15:01:29,360:INFO:   Eta: 4:23:42
2022-05-13 15:02:40,970:INFO: Train: [26][2321/2322]  Loss -0.1513 (-0.7556)  Time:  0.182 (0.031)  Data Time:  0.022 (0.014)
2022-05-13 15:02:40,987:INFO:   Eta: 4:26:57
2022-05-13 15:03:53,008:INFO: Train: [27][2321/2322]  Loss -0.1345 (-0.7255)  Time:  0.277 (0.031)  Data Time:  0.018 (0.014)
2022-05-13 15:03:53,009:INFO:   Eta: 4:27:11
2022-05-13 15:05:10,134:INFO: Train: [28][2321/2322]  Loss -0.0877 (-0.7731)  Time:  0.206 (0.033)  Data Time:  0.004 (0.015)
2022-05-13 15:05:10,135:INFO:   Eta: 4:44:32
2022-05-13 15:05:42,438:INFO: Train: [29][2321/2322]  Loss -0.1382 (-0.8479)  Time:  0.071 (0.014)  Data Time:  0.000 (0.004)
2022-05-13 15:05:42,438:INFO:   Eta: 1:58:30
2022-05-13 15:06:10,227:INFO: Train: [30][2321/2322]  Loss -0.1329 (-0.8237)  Time:  0.266 (0.012)  Data Time:  0.001 (0.003)
2022-05-13 15:06:10,228:INFO:   Eta: 1:41:29
2022-05-13 15:07:26,166:INFO: Train: [31][2321/2322]  Loss -0.1063 (-0.7689)  Time:  0.288 (0.033)  Data Time:  0.022 (0.015)
2022-05-13 15:07:26,167:INFO:   Eta: 4:36:46
2022-05-13 15:08:41,258:INFO: Train: [32][2321/2322]  Loss -0.1472 (-0.9045)  Time:  0.264 (0.032)  Data Time:  0.022 (0.015)
2022-05-13 15:08:41,259:INFO:   Eta: 4:32:24
2022-05-13 15:09:55,944:INFO: Train: [33][2321/2322]  Loss -0.1381 (-0.8854)  Time:  0.224 (0.032)  Data Time:  0.001 (0.015)
2022-05-13 15:09:55,945:INFO:   Eta: 4:29:37
2022-05-13 15:11:11,199:INFO: Train: [34][2321/2322]  Loss -0.0879 (-0.9101)  Time:  0.277 (0.032)  Data Time:  0.022 (0.015)
2022-05-13 15:11:11,200:INFO:   Eta: 4:30:23
2022-05-13 15:12:27,115:INFO: Train: [35][2321/2322]  Loss -0.0273 (-0.8740)  Time:  0.263 (0.033)  Data Time:  0.003 (0.015)
2022-05-13 15:12:27,116:INFO:   Eta: 4:31:30
2022-05-13 15:13:42,597:INFO: Train: [36][2321/2322]  Loss -0.0888 (-0.9541)  Time:  0.287 (0.032)  Data Time:  0.022 (0.015)
2022-05-13 15:13:42,598:INFO:   Eta: 4:28:44
2022-05-13 15:14:56,890:INFO: Train: [37][2321/2322]  Loss -0.0985 (-0.8100)  Time:  0.279 (0.032)  Data Time:  0.021 (0.015)
2022-05-13 15:14:56,891:INFO:   Eta: 4:23:17
2022-05-13 15:16:11,610:INFO: Train: [38][2321/2322]  Loss -0.1083 (-0.8625)  Time:  0.270 (0.032)  Data Time:  0.022 (0.015)
2022-05-13 15:16:11,612:INFO:   Eta: 4:23:38
2022-05-13 15:17:26,243:INFO: Train: [39][2321/2322]  Loss -0.1620 (-0.8860)  Time:  0.234 (0.032)  Data Time:  0.022 (0.015)
2022-05-13 15:17:26,245:INFO:   Eta: 4:22:05
2022-05-13 15:18:38,472:INFO: Train: [40][2321/2322]  Loss -0.0873 (-0.8855)  Time:  0.262 (0.031)  Data Time:  0.022 (0.014)
2022-05-13 15:18:38,473:INFO:   Eta: 4:12:18
2022-05-13 15:19:47,848:INFO: Train: [41][2321/2322]  Loss -0.1774 (-0.8626)  Time:  0.067 (0.030)  Data Time:  0.000 (0.014)
2022-05-13 15:19:47,848:INFO:   Eta: 4:01:11
2022-05-13 15:20:04,389:INFO: Train: [42][2321/2322]  Loss -0.1027 (-1.0618)  Time:  0.068 (0.007)  Data Time:  0.000 (0.000)
2022-05-13 15:20:04,390:INFO:   Eta: 0:56:33
2022-05-13 15:21:03,815:INFO: Train: [43][2321/2322]  Loss -0.1765 (-0.9481)  Time:  0.285 (0.026)  Data Time:  0.000 (0.011)
2022-05-13 15:21:03,816:INFO:   Eta: 3:24:33
2022-05-13 15:22:19,261:INFO: Train: [44][2321/2322]  Loss -0.1576 (-1.0557)  Time:  0.264 (0.032)  Data Time:  0.022 (0.015)
2022-05-13 15:22:19,262:INFO:   Eta: 4:18:37
2022-05-13 15:23:37,314:INFO: Train: [45][2321/2322]  Loss -0.1355 (-1.0375)  Time:  0.216 (0.034)  Data Time:  0.001 (0.016)
2022-05-13 15:23:37,314:INFO:   Eta: 4:26:13
2022-05-13 15:24:50,550:INFO: Train: [46][2321/2322]  Loss -0.1051 (-1.0523)  Time:  0.267 (0.031)  Data Time:  0.015 (0.014)
2022-05-13 15:24:50,550:INFO:   Eta: 4:08:31
2022-05-13 15:26:02,721:INFO: Train: [47][2321/2322]  Loss -0.1635 (-1.0792)  Time:  0.242 (0.031)  Data Time:  0.003 (0.014)
2022-05-13 15:26:02,722:INFO:   Eta: 4:03:36
2022-05-13 15:27:15,358:INFO: Train: [48][2321/2322]  Loss -0.1483 (-1.0792)  Time:  0.236 (0.031)  Data Time:  0.001 (0.014)
2022-05-13 15:27:15,359:INFO:   Eta: 4:03:49
2022-05-13 15:28:27,656:INFO: Train: [49][2321/2322]  Loss -0.1911 (-1.0369)  Time:  0.273 (0.031)  Data Time:  0.022 (0.014)
2022-05-13 15:28:27,657:INFO:   Eta: 4:01:48
2022-05-13 15:29:40,401:INFO: Train: [50][2321/2322]  Loss -0.0864 (-0.9541)  Time:  0.270 (0.031)  Data Time:  0.022 (0.015)
2022-05-13 15:29:40,404:INFO:   Eta: 4:01:56
2022-05-13 15:30:54,083:INFO: Train: [51][2321/2322]  Loss -0.1729 (-1.0163)  Time:  0.261 (0.032)  Data Time:  0.022 (0.014)
2022-05-13 15:30:54,085:INFO:   Eta: 4:03:56
2022-05-13 15:32:07,600:INFO: Train: [52][2321/2322]  Loss -0.1564 (-1.0422)  Time:  0.263 (0.032)  Data Time:  0.022 (0.014)
2022-05-13 15:32:07,601:INFO:   Eta: 4:02:14
2022-05-13 15:33:20,870:INFO: Train: [53][2321/2322]  Loss -0.1713 (-1.1125)  Time:  0.232 (0.031)  Data Time:  0.000 (0.015)
2022-05-13 15:33:20,871:INFO:   Eta: 4:00:05
2022-05-13 15:34:08,470:INFO: Train: [54][2321/2322]  Loss -0.1336 (-1.1230)  Time:  0.078 (0.020)  Data Time:  0.000 (0.008)
2022-05-13 15:34:08,471:INFO:   Eta: 2:35:07
2022-05-13 15:34:29,283:INFO: Train: [55][2321/2322]  Loss -0.1851 (-0.9629)  Time:  0.273 (0.009)  Data Time:  0.022 (0.001)
2022-05-13 15:34:29,284:INFO:   Eta: 1:07:11
2022-05-13 15:35:43,337:INFO: Train: [56][2321/2322]  Loss -0.1454 (-1.0501)  Time:  0.280 (0.032)  Data Time:  0.021 (0.014)
2022-05-13 15:35:43,338:INFO:   Eta: 3:58:58
2022-05-13 15:36:55,021:INFO: Train: [57][2321/2322]  Loss -0.1640 (-1.1247)  Time:  0.245 (0.031)  Data Time:  0.002 (0.014)
2022-05-13 15:36:55,022:INFO:   Eta: 3:50:13
2022-05-13 15:38:08,270:INFO: Train: [58][2321/2322]  Loss -0.2002 (-1.1153)  Time:  0.177 (0.031)  Data Time:  0.013 (0.014)
2022-05-13 15:38:08,272:INFO:   Eta: 3:53:48
2022-05-13 15:39:23,225:INFO: Train: [59][2321/2322]  Loss -0.1618 (-1.1857)  Time:  0.278 (0.032)  Data Time:  0.021 (0.014)
2022-05-13 15:39:23,264:INFO:   Eta: 3:57:27
2022-05-13 15:40:36,327:INFO: Train: [60][2321/2322]  Loss -0.1686 (-1.1085)  Time:  0.275 (0.031)  Data Time:  0.022 (0.014)
2022-05-13 15:40:36,329:INFO:   Eta: 3:50:04
2022-05-13 15:41:50,867:INFO: Train: [61][2321/2322]  Loss -0.1370 (-1.1774)  Time:  0.121 (0.032)  Data Time:  0.000 (0.014)
2022-05-13 15:41:50,868:INFO:   Eta: 3:51:30
2022-05-13 15:43:08,807:INFO: Train: [62][2321/2322]  Loss -0.1056 (-1.2321)  Time:  0.276 (0.033)  Data Time:  0.020 (0.015)
2022-05-13 15:43:08,808:INFO:   Eta: 4:02:39
2022-05-13 15:44:25,205:INFO: Train: [63][2321/2322]  Loss -0.2102 (-1.0449)  Time:  0.267 (0.033)  Data Time:  0.002 (0.015)
2022-05-13 15:44:25,206:INFO:   Eta: 3:57:45
2022-05-13 15:45:38,616:INFO: Train: [64][2321/2322]  Loss -0.0899 (-1.1896)  Time:  0.153 (0.032)  Data Time:  0.002 (0.015)
2022-05-13 15:45:38,617:INFO:   Eta: 3:47:03
2022-05-13 15:46:55,649:INFO: Train: [65][2321/2322]  Loss -0.1637 (-1.1519)  Time:  0.258 (0.033)  Data Time:  0.003 (0.015)
2022-05-13 15:46:55,650:INFO:   Eta: 3:57:07
2022-05-13 15:48:10,575:INFO: Train: [66][2321/2322]  Loss -0.1755 (-1.2574)  Time:  0.260 (0.032)  Data Time:  0.014 (0.015)
2022-05-13 15:48:10,576:INFO:   Eta: 3:49:26
2022-05-13 15:48:35,898:INFO: Train: [67][2321/2322]  Loss -0.0623 (-1.2116)  Time:  0.070 (0.011)  Data Time:  0.000 (0.003)
2022-05-13 15:48:35,899:INFO:   Eta: 1:16:56
2022-05-13 15:49:12,729:INFO: Train: [68][2321/2322]  Loss -0.1443 (-1.1856)  Time:  0.286 (0.016)  Data Time:  0.021 (0.005)
2022-05-13 15:49:12,730:INFO:   Eta: 1:51:14
2022-05-13 15:50:28,925:INFO: Train: [69][2321/2322]  Loss -0.1532 (-1.2315)  Time:  0.289 (0.033)  Data Time:  0.021 (0.015)
2022-05-13 15:50:28,926:INFO:   Eta: 3:49:31
2022-05-13 15:51:43,151:INFO: Train: [70][2321/2322]  Loss -0.1551 (-1.2041)  Time:  0.128 (0.032)  Data Time:  0.000 (0.015)
2022-05-13 15:51:43,152:INFO:   Eta: 3:42:06
2022-05-13 15:52:53,841:INFO: Train: [71][2321/2322]  Loss -0.1304 (-1.1856)  Time:  0.253 (0.030)  Data Time:  0.000 (0.013)
2022-05-13 15:52:53,842:INFO:   Eta: 3:30:27
2022-05-13 15:54:08,151:INFO: Train: [72][2321/2322]  Loss -0.1635 (-1.2366)  Time:  0.242 (0.032)  Data Time:  0.001 (0.015)
2022-05-13 15:54:08,152:INFO:   Eta: 3:40:09
2022-05-13 15:55:24,704:INFO: Train: [73][2321/2322]  Loss -0.2214 (-1.1138)  Time:  0.254 (0.033)  Data Time:  0.000 (0.015)
2022-05-13 15:55:24,704:INFO:   Eta: 3:45:28
2022-05-13 15:56:39,873:INFO: Train: [74][2321/2322]  Loss -0.1085 (-1.1227)  Time:  0.256 (0.032)  Data Time:  0.021 (0.015)
2022-05-13 15:56:39,873:INFO:   Eta: 3:40:06
2022-05-13 15:57:55,014:INFO: Train: [75][2321/2322]  Loss -0.1539 (-1.2476)  Time:  0.174 (0.032)  Data Time:  0.000 (0.015)
2022-05-13 15:57:55,016:INFO:   Eta: 3:38:46
2022-05-13 15:59:09,890:INFO: Train: [76][2321/2322]  Loss -0.1531 (-1.3146)  Time:  0.280 (0.032)  Data Time:  0.022 (0.015)
2022-05-13 15:59:09,891:INFO:   Eta: 3:36:46
2022-05-13 16:00:26,193:INFO: Train: [77][2321/2322]  Loss -0.0860 (-1.0297)  Time:  0.292 (0.033)  Data Time:  0.014 (0.015)
2022-05-13 16:00:26,194:INFO:   Eta: 3:39:32
2022-05-13 16:01:42,485:INFO: Train: [78][2321/2322]  Loss -0.1634 (-1.2101)  Time:  0.277 (0.033)  Data Time:  0.000 (0.015)
2022-05-13 16:01:42,486:INFO:   Eta: 3:38:18
2022-05-13 16:02:43,890:INFO: Train: [79][2321/2322]  Loss -0.2050 (-1.1926)  Time:  0.081 (0.026)  Data Time:  0.000 (0.012)
2022-05-13 16:02:43,891:INFO:   Eta: 2:54:43
2022-05-13 16:03:00,072:INFO: Train: [80][2321/2322]  Loss -0.1386 (-1.3376)  Time:  0.074 (0.007)  Data Time:  0.000 (0.000)
2022-05-13 16:03:00,073:INFO:   Eta: 0:45:34
2022-05-13 16:03:57,129:INFO: Train: [81][2321/2322]  Loss -0.1648 (-1.3317)  Time:  0.259 (0.025)  Data Time:  0.002 (0.010)
2022-05-13 16:03:57,131:INFO:   Eta: 2:40:17
2022-05-13 16:05:13,477:INFO: Train: [82][2321/2322]  Loss -0.2320 (-1.2842)  Time:  0.285 (0.033)  Data Time:  0.021 (0.015)
2022-05-13 16:05:13,478:INFO:   Eta: 3:33:26
2022-05-13 16:06:30,071:INFO: Train: [83][2321/2322]  Loss -0.2092 (-1.2695)  Time:  0.171 (0.033)  Data Time:  0.020 (0.015)
2022-05-13 16:06:30,072:INFO:   Eta: 3:32:46
2022-05-13 16:07:45,369:INFO: Train: [84][2321/2322]  Loss -0.2197 (-1.2806)  Time:  0.278 (0.032)  Data Time:  0.023 (0.015)
2022-05-13 16:07:45,371:INFO:   Eta: 3:27:57
2022-05-13 16:09:01,182:INFO: Train: [85][2321/2322]  Loss -0.1733 (-1.1933)  Time:  0.265 (0.033)  Data Time:  0.021 (0.015)
2022-05-13 16:09:01,183:INFO:   Eta: 3:28:02
2022-05-13 16:10:14,893:INFO: Train: [86][2321/2322]  Loss -0.1649 (-1.2594)  Time:  0.260 (0.032)  Data Time:  0.022 (0.014)
2022-05-13 16:10:14,894:INFO:   Eta: 3:21:07
2022-05-13 16:11:28,590:INFO: Train: [87][2321/2322]  Loss -0.2061 (-1.3225)  Time:  0.282 (0.032)  Data Time:  0.013 (0.014)
2022-05-13 16:11:28,591:INFO:   Eta: 3:19:46
2022-05-13 16:12:43,003:INFO: Train: [88][2321/2322]  Loss -0.1853 (-1.2288)  Time:  0.263 (0.032)  Data Time:  0.001 (0.015)
2022-05-13 16:12:43,004:INFO:   Eta: 3:20:36
2022-05-13 16:13:58,377:INFO: Train: [89][2321/2322]  Loss -0.1595 (-1.2391)  Time:  0.261 (0.032)  Data Time:  0.012 (0.015)
2022-05-13 16:13:58,378:INFO:   Eta: 3:21:57
2022-05-13 16:15:12,194:INFO: Train: [90][2321/2322]  Loss -0.1973 (-1.2126)  Time:  0.278 (0.032)  Data Time:  0.022 (0.014)
2022-05-13 16:15:12,195:INFO:   Eta: 3:16:24
2022-05-13 16:16:26,897:INFO: Train: [91][2321/2322]  Loss -0.1566 (-1.3085)  Time:  0.231 (0.032)  Data Time:  0.022 (0.015)
2022-05-13 16:16:26,898:INFO:   Eta: 3:17:36
2022-05-13 16:17:05,877:INFO: Train: [92][2321/2322]  Loss -0.1875 (-1.3878)  Time:  0.073 (0.017)  Data Time:  0.000 (0.006)
2022-05-13 16:17:05,877:INFO:   Eta: 1:42:17
2022-05-13 16:17:31,381:INFO: Train: [93][2321/2322]  Loss -0.2278 (-1.3058)  Time:  0.277 (0.011)  Data Time:  0.012 (0.002)
2022-05-13 16:17:31,383:INFO:   Eta: 1:06:21
2022-05-13 16:18:44,951:INFO: Train: [94][2321/2322]  Loss -0.1729 (-1.3000)  Time:  0.278 (0.032)  Data Time:  0.021 (0.015)
2022-05-13 16:18:44,952:INFO:   Eta: 3:10:55
2022-05-13 16:19:57,615:INFO: Train: [95][2321/2322]  Loss -0.2416 (-1.3790)  Time:  0.274 (0.031)  Data Time:  0.014 (0.014)
2022-05-13 16:19:57,616:INFO:   Eta: 3:07:21
2022-05-13 16:21:09,781:INFO: Train: [96][2321/2322]  Loss -0.1886 (-1.3899)  Time:  0.257 (0.031)  Data Time:  0.001 (0.014)
2022-05-13 16:21:09,783:INFO:   Eta: 3:04:54
2022-05-13 16:22:24,883:INFO: Train: [97][2321/2322]  Loss -0.1872 (-1.4124)  Time:  0.290 (0.032)  Data Time:  0.022 (0.015)
2022-05-13 16:22:24,884:INFO:   Eta: 3:11:13
2022-05-13 16:23:37,858:INFO: Train: [98][2321/2322]  Loss -0.2409 (-1.2534)  Time:  0.232 (0.031)  Data Time:  0.021 (0.014)
2022-05-13 16:23:37,859:INFO:   Eta: 3:04:31
2022-05-13 16:24:50,029:INFO: Train: [99][2321/2322]  Loss -0.1592 (-1.3983)  Time:  0.278 (0.031)  Data Time:  0.021 (0.014)
2022-05-13 16:24:50,030:INFO:   Eta: 3:01:22
2022-05-13 16:26:02,133:INFO: Train: [100][2321/2322]  Loss -0.1883 (-1.3820)  Time:  0.270 (0.031)  Data Time:  0.019 (0.014)
2022-05-13 16:26:02,135:INFO:   Eta: 2:59:58
2022-05-13 16:27:15,844:INFO: Train: [101][2321/2322]  Loss -0.1930 (-1.2620)  Time:  0.258 (0.032)  Data Time:  0.006 (0.014)
2022-05-13 16:27:15,844:INFO:   Eta: 3:02:44
2022-05-13 16:28:28,630:INFO: Train: [102][2321/2322]  Loss -0.1952 (-1.4671)  Time:  0.214 (0.031)  Data Time:  0.000 (0.015)
2022-05-13 16:28:28,631:INFO:   Eta: 2:59:10
2022-05-13 16:29:40,859:INFO: Train: [103][2321/2322]  Loss -0.1771 (-1.4114)  Time:  0.234 (0.031)  Data Time:  0.001 (0.014)
2022-05-13 16:29:40,860:INFO:   Eta: 2:56:39
2022-05-13 16:30:53,060:INFO: Train: [104][2321/2322]  Loss -0.1663 (-1.2257)  Time:  0.227 (0.031)  Data Time:  0.023 (0.014)
2022-05-13 16:30:53,061:INFO:   Eta: 2:55:15
2022-05-13 16:31:24,012:INFO: Train: [105][2321/2322]  Loss -0.2366 (-1.3964)  Time:  0.071 (0.013)  Data Time:  0.000 (0.004)
2022-05-13 16:31:24,013:INFO:   Eta: 1:14:28
2022-05-13 16:32:02,482:INFO: Train: [106][2321/2322]  Loss -0.2134 (-1.2855)  Time:  0.285 (0.016)  Data Time:  0.022 (0.005)
2022-05-13 16:32:02,483:INFO:   Eta: 1:31:55
2022-05-13 16:33:18,404:INFO: Train: [107][2321/2322]  Loss -0.1657 (-1.2242)  Time:  0.244 (0.033)  Data Time:  0.001 (0.015)
2022-05-13 16:33:18,405:INFO:   Eta: 3:00:37
2022-05-13 16:34:30,686:INFO: Train: [108][2321/2322]  Loss -0.1818 (-1.3089)  Time:  0.274 (0.031)  Data Time:  0.023 (0.014)
2022-05-13 16:34:30,687:INFO:   Eta: 2:50:45
2022-05-13 16:35:41,494:INFO: Train: [109][2321/2322]  Loss -0.1381 (-1.2947)  Time:  0.281 (0.030)  Data Time:  0.021 (0.014)
2022-05-13 16:35:41,514:INFO:   Eta: 2:45:58
2022-05-13 16:36:54,497:INFO: Train: [110][2321/2322]  Loss -0.2056 (-1.3774)  Time:  0.278 (0.031)  Data Time:  0.018 (0.014)
2022-05-13 16:36:54,498:INFO:   Eta: 2:50:01
2022-05-13 16:38:05,213:INFO: Train: [111][2321/2322]  Loss -0.2336 (-1.4293)  Time:  0.240 (0.030)  Data Time:  0.000 (0.014)
2022-05-13 16:38:05,214:INFO:   Eta: 2:43:35
2022-05-13 16:39:17,250:INFO: Train: [112][2321/2322]  Loss -0.2020 (-1.4408)  Time:  0.267 (0.031)  Data Time:  0.002 (0.014)
2022-05-13 16:39:17,251:INFO:   Eta: 2:45:25
2022-05-13 16:40:27,738:INFO: Train: [113][2321/2322]  Loss -0.1894 (-1.3887)  Time:  0.203 (0.030)  Data Time:  0.000 (0.014)
2022-05-13 16:40:27,739:INFO:   Eta: 2:40:40
2022-05-13 16:41:41,000:INFO: Train: [114][2321/2322]  Loss -0.1592 (-1.4691)  Time:  0.235 (0.031)  Data Time:  0.001 (0.014)
2022-05-13 16:41:41,002:INFO:   Eta: 2:45:38
2022-05-13 16:42:52,539:INFO: Train: [115][2321/2322]  Loss -0.2167 (-1.3187)  Time:  0.289 (0.031)  Data Time:  0.021 (0.014)
2022-05-13 16:42:52,540:INFO:   Eta: 2:40:42
2022-05-13 16:44:05,468:INFO: Train: [116][2321/2322]  Loss -0.1425 (-1.3810)  Time:  0.284 (0.031)  Data Time:  0.023 (0.014)
2022-05-13 16:44:05,469:INFO:   Eta: 2:42:23
2022-05-13 16:45:19,127:INFO: Train: [117][2321/2322]  Loss -0.2133 (-1.4586)  Time:  0.280 (0.032)  Data Time:  0.023 (0.014)
2022-05-13 16:45:19,128:INFO:   Eta: 2:43:01
2022-05-13 16:45:39,962:INFO: Train: [118][2321/2322]  Loss -0.2010 (-1.4188)  Time:  0.073 (0.009)  Data Time:  0.000 (0.002)
2022-05-13 16:45:39,963:INFO:   Eta: 0:45:30
2022-05-13 16:46:13,036:INFO: Train: [119][2321/2322]  Loss -0.1073 (-1.4546)  Time:  0.073 (0.014)  Data Time:  0.000 (0.004)
2022-05-13 16:46:13,037:INFO:   Eta: 1:11:57
2022-05-13 16:46:36,865:INFO: Train: [120][2321/2322]  Loss -0.2263 (-1.3490)  Time:  0.214 (0.010)  Data Time:  0.001 (0.002)
2022-05-13 16:46:36,866:INFO:   Eta: 0:51:24
2022-05-13 16:47:48,746:INFO: Train: [121][2321/2322]  Loss -0.1842 (-1.4333)  Time:  0.234 (0.031)  Data Time:  0.021 (0.014)
2022-05-13 16:47:48,786:INFO:   Eta: 2:34:12
2022-05-13 16:49:03,457:INFO: Train: [122][2321/2322]  Loss -0.1977 (-1.3279)  Time:  0.281 (0.032)  Data Time:  0.022 (0.015)
2022-05-13 16:49:03,459:INFO:   Eta: 2:39:00
2022-05-13 16:50:15,109:INFO: Train: [123][2321/2322]  Loss -0.1776 (-1.2291)  Time:  0.201 (0.031)  Data Time:  0.002 (0.014)
2022-05-13 16:50:15,110:INFO:   Eta: 2:31:24
2022-05-13 16:51:26,879:INFO: Train: [124][2321/2322]  Loss -0.2338 (-1.3978)  Time:  0.258 (0.031)  Data Time:  0.021 (0.014)
2022-05-13 16:51:26,881:INFO:   Eta: 2:30:27
2022-05-13 16:52:40,494:INFO: Train: [125][2321/2322]  Loss -0.1762 (-1.4830)  Time:  0.260 (0.032)  Data Time:  0.022 (0.014)
2022-05-13 16:52:40,495:INFO:   Eta: 2:33:07
2022-05-13 16:53:50,367:INFO: Train: [126][2321/2322]  Loss -0.2059 (-1.3423)  Time:  0.123 (0.030)  Data Time:  0.001 (0.013)
2022-05-13 16:53:50,368:INFO:   Eta: 2:23:48
2022-05-13 16:55:02,414:INFO: Train: [127][2321/2322]  Loss -0.1967 (-1.3457)  Time:  0.248 (0.031)  Data Time:  0.021 (0.014)
2022-05-13 16:55:02,415:INFO:   Eta: 2:27:26
2022-05-13 16:56:16,476:INFO: Train: [128][2321/2322]  Loss -0.2058 (-1.4436)  Time:  0.286 (0.032)  Data Time:  0.016 (0.014)
2022-05-13 16:56:16,477:INFO:   Eta: 2:30:20
2022-05-13 16:57:28,740:INFO: Train: [129][2321/2322]  Loss -0.2066 (-1.3948)  Time:  0.266 (0.031)  Data Time:  0.002 (0.014)
2022-05-13 16:57:28,742:INFO:   Eta: 2:25:28
2022-05-13 16:58:42,672:INFO: Train: [130][2321/2322]  Loss -0.2345 (-1.4487)  Time:  0.241 (0.032)  Data Time:  0.022 (0.015)
2022-05-13 16:58:42,673:INFO:   Eta: 2:27:38
2022-05-13 16:59:56,287:INFO: Train: [131][2321/2322]  Loss -0.1594 (-1.5084)  Time:  0.236 (0.031)  Data Time:  0.013 (0.014)
2022-05-13 16:59:56,288:INFO:   Eta: 2:24:45
2022-05-13 17:00:29,481:INFO: Train: [132][2321/2322]  Loss -0.1146 (-1.4379)  Time:  0.068 (0.014)  Data Time:  0.000 (0.005)
2022-05-13 17:00:29,481:INFO:   Eta: 1:05:03
2022-05-13 17:00:46,164:INFO: Train: [133][2321/2322]  Loss -0.2111 (-1.4961)  Time:  0.078 (0.007)  Data Time:  0.000 (0.000)
2022-05-13 17:00:46,165:INFO:   Eta: 0:32:07
2022-05-13 17:01:50,260:INFO: Train: [134][2321/2322]  Loss -0.1890 (-1.4234)  Time:  0.214 (0.028)  Data Time:  0.003 (0.011)
2022-05-13 17:01:50,261:INFO:   Eta: 2:03:31
2022-05-13 17:03:03,857:INFO: Train: [135][2321/2322]  Loss -0.2564 (-1.5575)  Time:  0.269 (0.032)  Data Time:  0.021 (0.014)
2022-05-13 17:03:03,858:INFO:   Eta: 2:20:50
2022-05-13 17:04:15,315:INFO: Train: [136][2321/2322]  Loss -0.2671 (-1.5481)  Time:  0.214 (0.031)  Data Time:  0.001 (0.014)
2022-05-13 17:04:15,317:INFO:   Eta: 2:15:31
2022-05-13 17:05:30,434:INFO: Train: [137][2321/2322]  Loss -0.1478 (-1.4029)  Time:  0.284 (0.032)  Data Time:  0.021 (0.015)
2022-05-13 17:05:30,435:INFO:   Eta: 2:21:14
2022-05-13 17:06:44,099:INFO: Train: [138][2321/2322]  Loss -0.1843 (-1.4230)  Time:  0.263 (0.032)  Data Time:  0.015 (0.014)
2022-05-13 17:06:44,100:INFO:   Eta: 2:17:18
2022-05-13 17:07:57,940:INFO: Train: [139][2321/2322]  Loss -0.2324 (-1.4365)  Time:  0.275 (0.032)  Data Time:  0.008 (0.014)
2022-05-13 17:07:57,940:INFO:   Eta: 2:16:21
2022-05-13 17:09:10,213:INFO: Train: [140][2321/2322]  Loss -0.2675 (-1.3460)  Time:  0.244 (0.031)  Data Time:  0.022 (0.014)
2022-05-13 17:09:10,214:INFO:   Eta: 2:12:13
2022-05-13 17:10:24,028:INFO: Train: [141][2321/2322]  Loss -0.2307 (-1.5229)  Time:  0.142 (0.032)  Data Time:  0.001 (0.015)
2022-05-13 17:10:24,029:INFO:   Eta: 2:13:54
2022-05-13 17:11:36,233:INFO: Train: [142][2321/2322]  Loss -0.1928 (-1.5454)  Time:  0.249 (0.031)  Data Time:  0.021 (0.014)
2022-05-13 17:11:36,234:INFO:   Eta: 2:09:45
2022-05-13 17:12:50,527:INFO: Train: [143][2321/2322]  Loss -0.2156 (-1.3754)  Time:  0.253 (0.032)  Data Time:  0.022 (0.015)
2022-05-13 17:12:50,527:INFO:   Eta: 2:12:15
2022-05-13 17:14:05,823:INFO: Train: [144][2321/2322]  Loss -0.2189 (-1.4930)  Time:  0.248 (0.032)  Data Time:  0.022 (0.015)
2022-05-13 17:14:05,824:INFO:   Eta: 2:12:49
2022-05-13 17:14:47,596:INFO: Train: [145][2321/2322]  Loss -0.1998 (-1.4603)  Time:  0.062 (0.018)  Data Time:  0.000 (0.007)
2022-05-13 17:14:47,601:INFO:   Eta: 1:12:45
2022-05-13 17:15:04,015:INFO: Train: [146][2321/2322]  Loss -0.2270 (-1.4678)  Time:  0.067 (0.007)  Data Time:  0.000 (0.000)
2022-05-13 17:15:04,015:INFO:   Eta: 0:28:04
2022-05-13 17:16:00,456:INFO: Train: [147][2321/2322]  Loss -0.2558 (-1.5111)  Time:  0.273 (0.024)  Data Time:  0.022 (0.010)
2022-05-13 17:16:00,457:INFO:   Eta: 1:36:36
2022-05-13 17:17:11,688:INFO: Train: [148][2321/2322]  Loss -0.2363 (-1.5749)  Time:  0.250 (0.031)  Data Time:  0.002 (0.014)
2022-05-13 17:17:11,689:INFO:   Eta: 2:00:52
2022-05-13 17:18:22,893:INFO: Train: [149][2321/2322]  Loss -0.2290 (-1.5411)  Time:  0.260 (0.031)  Data Time:  0.018 (0.014)
2022-05-13 17:18:22,894:INFO:   Eta: 1:59:40
2022-05-13 17:19:33,883:INFO: Train: [150][2321/2322]  Loss -0.2438 (-1.6868)  Time:  0.266 (0.030)  Data Time:  0.017 (0.014)
2022-05-13 17:19:33,884:INFO:   Eta: 1:57:58
2022-05-13 17:20:47,462:INFO: Train: [151][2321/2322]  Loss -0.2632 (-1.6496)  Time:  0.271 (0.032)  Data Time:  0.022 (0.014)
2022-05-13 17:20:47,463:INFO:   Eta: 2:00:54
2022-05-13 17:21:00,124:INFO: Valid: [151][604/605]  Loss -7.1721 (-4.3455)
2022-05-13 17:21:00,387:INFO: Checkpoint saved...
2022-05-13 17:22:13,666:INFO: Train: [152][2321/2322]  Loss -0.2412 (-1.7212)  Time:  0.232 (0.031)  Data Time:  0.001 (0.014)
2022-05-13 17:22:13,667:INFO:   Eta: 1:59:12
2022-05-13 17:22:25,382:INFO: Valid: [152][604/605]  Loss -7.4424 (-4.5398)
2022-05-13 17:22:25,464:INFO: Checkpoint saved...
2022-05-13 17:23:37,272:INFO: Train: [153][2321/2322]  Loss -0.2463 (-1.6725)  Time:  0.182 (0.031)  Data Time:  0.000 (0.014)
2022-05-13 17:23:37,273:INFO:   Eta: 1:55:56
2022-05-13 17:23:49,051:INFO: Valid: [153][604/605]  Loss -7.1446 (-4.3525)
2022-05-13 17:25:00,364:INFO: Train: [154][2321/2322]  Loss -0.2137 (-1.6708)  Time:  0.248 (0.031)  Data Time:  0.001 (0.014)
2022-05-13 17:25:00,366:INFO:   Eta: 1:53:53
2022-05-13 17:25:11,959:INFO: Valid: [154][604/605]  Loss -8.0951 (-5.0113)
2022-05-13 17:25:12,143:INFO: Checkpoint saved...
2022-05-13 17:26:26,510:INFO: Train: [155][2321/2322]  Loss -0.2170 (-1.6830)  Time:  0.261 (0.032)  Data Time:  0.000 (0.015)
2022-05-13 17:26:26,511:INFO:   Eta: 1:57:33
2022-05-13 17:26:38,300:INFO: Valid: [155][604/605]  Loss -7.9733 (-4.8912)
2022-05-13 17:27:49,422:INFO: Train: [156][2321/2322]  Loss -0.2631 (-1.5485)  Time:  0.213 (0.031)  Data Time:  0.001 (0.014)
2022-05-13 17:27:49,423:INFO:   Eta: 1:51:13
2022-05-13 17:28:01,071:INFO: Valid: [156][604/605]  Loss -7.8368 (-4.7676)
2022-05-13 17:29:03,096:INFO: Train: [157][2321/2322]  Loss -0.2737 (-1.6405)  Time:  0.078 (0.027)  Data Time:  0.000 (0.012)
2022-05-13 17:29:03,109:INFO:   Eta: 1:35:50
2022-05-13 17:29:07,706:INFO: Valid: [157][604/605]  Loss -7.6276 (-4.6506)
2022-05-13 17:29:23,991:INFO: Train: [158][2321/2322]  Loss -0.2967 (-1.7416)  Time:  0.064 (0.007)  Data Time:  0.000 (0.000)
2022-05-13 17:29:23,992:INFO:   Eta: 0:24:44
2022-05-13 17:29:28,808:INFO: Valid: [158][604/605]  Loss -7.5263 (-4.5745)
2022-05-13 17:30:17,242:INFO: Train: [159][2321/2322]  Loss -0.2505 (-1.5191)  Time:  0.269 (0.021)  Data Time:  0.022 (0.008)
2022-05-13 17:30:17,244:INFO:   Eta: 1:13:12
2022-05-13 17:30:29,092:INFO: Valid: [159][604/605]  Loss -8.0356 (-4.8988)
2022-05-13 17:31:41,991:INFO: Train: [160][2321/2322]  Loss -0.2480 (-1.7087)  Time:  0.261 (0.031)  Data Time:  0.019 (0.014)
2022-05-13 17:31:41,992:INFO:   Eta: 1:49:06
2022-05-13 17:31:53,909:INFO: Valid: [160][604/605]  Loss -6.7593 (-4.0753)
2022-05-13 17:33:05,853:INFO: Train: [161][2321/2322]  Loss -0.2201 (-1.7241)  Time:  0.270 (0.031)  Data Time:  0.016 (0.014)
2022-05-13 17:33:05,854:INFO:   Eta: 1:46:28
2022-05-13 17:33:17,577:INFO: Valid: [161][604/605]  Loss -8.1711 (-5.0149)
2022-05-13 17:33:17,650:INFO: Checkpoint saved...
2022-05-13 17:34:29,525:INFO: Train: [162][2321/2322]  Loss -0.2406 (-1.5255)  Time:  0.279 (0.031)  Data Time:  0.018 (0.014)
2022-05-13 17:34:29,526:INFO:   Eta: 1:45:15
2022-05-13 17:34:41,293:INFO: Valid: [162][604/605]  Loss -8.1014 (-4.9438)
2022-05-13 17:35:54,346:INFO: Train: [163][2321/2322]  Loss -0.2343 (-1.6129)  Time:  0.280 (0.031)  Data Time:  0.023 (0.014)
2022-05-13 17:35:54,347:INFO:   Eta: 1:45:43
2022-05-13 17:36:06,293:INFO: Valid: [163][604/605]  Loss -7.8891 (-4.8468)
2022-05-13 17:37:16,233:INFO: Train: [164][2321/2322]  Loss -0.2116 (-1.7540)  Time:  0.263 (0.030)  Data Time:  0.022 (0.014)
2022-05-13 17:37:16,234:INFO:   Eta: 1:40:04
2022-05-13 17:37:28,037:INFO: Valid: [164][604/605]  Loss -7.2750 (-4.4268)
2022-05-13 17:38:38,806:INFO: Train: [165][2321/2322]  Loss -0.2352 (-1.6986)  Time:  0.260 (0.030)  Data Time:  0.013 (0.014)
2022-05-13 17:38:38,807:INFO:   Eta: 1:40:01
2022-05-13 17:38:50,578:INFO: Valid: [165][604/605]  Loss -8.1951 (-5.0516)
2022-05-13 17:38:50,652:INFO: Checkpoint saved...
2022-05-13 17:39:59,731:INFO: Train: [166][2321/2322]  Loss -0.2880 (-1.7244)  Time:  0.217 (0.030)  Data Time:  0.000 (0.013)
2022-05-13 17:39:59,732:INFO:   Eta: 1:36:34
2022-05-13 17:40:11,587:INFO: Valid: [166][604/605]  Loss -7.3379 (-4.4958)
2022-05-13 17:41:21,710:INFO: Train: [167][2321/2322]  Loss -0.2589 (-1.7478)  Time:  0.280 (0.030)  Data Time:  0.016 (0.013)
2022-05-13 17:41:21,711:INFO:   Eta: 1:36:48
2022-05-13 17:41:33,262:INFO: Valid: [167][604/605]  Loss -8.0874 (-4.9362)
2022-05-13 17:42:44,522:INFO: Train: [168][2321/2322]  Loss -0.2606 (-1.7054)  Time:  0.282 (0.031)  Data Time:  0.022 (0.014)
2022-05-13 17:42:44,523:INFO:   Eta: 1:37:11
2022-05-13 17:42:56,488:INFO: Valid: [168][604/605]  Loss -8.2248 (-5.0840)
2022-05-13 17:42:56,554:INFO: Checkpoint saved...
2022-05-13 17:43:37,929:INFO: Train: [169][2321/2322]  Loss -0.1943 (-1.7661)  Time:  0.075 (0.018)  Data Time:  0.000 (0.007)
2022-05-13 17:43:37,929:INFO:   Eta: 0:55:41
2022-05-13 17:43:42,580:INFO: Valid: [169][604/605]  Loss -7.6840 (-4.6903)
2022-05-13 17:43:59,017:INFO: Train: [170][2321/2322]  Loss -0.2275 (-1.7292)  Time:  0.081 (0.007)  Data Time:  0.000 (0.000)
2022-05-13 17:43:59,018:INFO:   Eta: 0:21:43
2022-05-13 17:44:04,664:INFO: Valid: [170][604/605]  Loss -7.7566 (-4.7614)
2022-05-13 17:45:14,481:INFO: Train: [171][2321/2322]  Loss -0.2325 (-1.5959)  Time:  0.258 (0.030)  Data Time:  0.021 (0.013)
2022-05-13 17:45:14,482:INFO:   Eta: 1:31:44
2022-05-13 17:45:26,065:INFO: Valid: [171][604/605]  Loss -7.7728 (-4.7133)
2022-05-13 17:46:37,519:INFO: Train: [172][2321/2322]  Loss -0.2299 (-1.7808)  Time:  0.242 (0.031)  Data Time:  0.001 (0.014)
2022-05-13 17:46:37,520:INFO:   Eta: 1:32:43
2022-05-13 17:46:49,033:INFO: Valid: [172][604/605]  Loss -8.0443 (-4.9566)
2022-05-13 17:48:00,432:INFO: Train: [173][2321/2322]  Loss -0.2537 (-1.7141)  Time:  0.263 (0.031)  Data Time:  0.001 (0.014)
2022-05-13 17:48:00,433:INFO:   Eta: 1:31:27
2022-05-13 17:48:12,300:INFO: Valid: [173][604/605]  Loss -8.0788 (-4.9292)
2022-05-13 17:49:24,405:INFO: Train: [174][2321/2322]  Loss -0.2607 (-1.7179)  Time:  0.263 (0.031)  Data Time:  0.009 (0.014)
2022-05-13 17:49:24,406:INFO:   Eta: 1:31:10
2022-05-13 17:49:37,110:INFO: Valid: [174][604/605]  Loss -7.8541 (-4.8292)
2022-05-13 17:50:49,820:INFO: Train: [175][2321/2322]  Loss -0.2340 (-1.7553)  Time:  0.240 (0.031)  Data Time:  0.001 (0.014)
2022-05-13 17:50:49,821:INFO:   Eta: 1:30:38
2022-05-13 17:51:01,775:INFO: Valid: [175][604/605]  Loss -7.7839 (-4.7735)
2022-05-13 17:52:12,898:INFO: Train: [176][2321/2322]  Loss -0.2747 (-1.5325)  Time:  0.245 (0.031)  Data Time:  0.022 (0.014)
2022-05-13 17:52:12,898:INFO:   Eta: 1:27:32
2022-05-13 17:52:25,335:INFO: Valid: [176][604/605]  Loss -8.2970 (-5.0882)
2022-05-13 17:52:25,440:INFO: Checkpoint saved...
2022-05-13 17:53:36,299:INFO: Train: [177][2321/2322]  Loss -0.2728 (-1.7115)  Time:  0.264 (0.030)  Data Time:  0.001 (0.014)
2022-05-13 17:53:36,300:INFO:   Eta: 1:26:03
2022-05-13 17:53:48,086:INFO: Valid: [177][604/605]  Loss -6.3839 (-3.8338)
2022-05-13 17:55:02,068:INFO: Train: [178][2321/2322]  Loss -0.2553 (-1.7544)  Time:  0.270 (0.032)  Data Time:  0.018 (0.015)
2022-05-13 17:55:02,069:INFO:   Eta: 1:28:35
2022-05-13 17:55:13,952:INFO: Valid: [178][604/605]  Loss -8.1022 (-5.0024)
2022-05-13 17:56:26,286:INFO: Train: [179][2321/2322]  Loss -0.2390 (-1.7351)  Time:  0.264 (0.031)  Data Time:  0.022 (0.014)
2022-05-13 17:56:26,287:INFO:   Eta: 1:25:23
2022-05-13 17:56:38,603:INFO: Valid: [179][604/605]  Loss -8.1269 (-4.9517)
2022-05-13 17:57:50,958:INFO: Train: [180][2321/2322]  Loss -0.2517 (-1.6702)  Time:  0.216 (0.031)  Data Time:  0.023 (0.014)
2022-05-13 17:57:50,959:INFO:   Eta: 1:24:14
2022-05-13 17:57:59,979:INFO: Valid: [180][604/605]  Loss -6.9394 (-4.1784)
2022-05-13 17:58:16,894:INFO: Train: [181][2321/2322]  Loss -0.2222 (-1.7450)  Time:  0.070 (0.007)  Data Time:  0.000 (0.000)
2022-05-13 17:58:16,895:INFO:   Eta: 0:19:09
2022-05-13 17:58:21,543:INFO: Valid: [181][604/605]  Loss -8.2573 (-5.0567)
2022-05-13 17:59:11,144:INFO: Train: [182][2321/2322]  Loss -0.2075 (-1.5959)  Time:  0.268 (0.021)  Data Time:  0.021 (0.008)
2022-05-13 17:59:11,145:INFO:   Eta: 0:56:03
2022-05-13 17:59:22,821:INFO: Valid: [182][604/605]  Loss -7.2932 (-4.4332)
2022-05-13 18:00:37,740:INFO: Train: [183][2321/2322]  Loss -0.1836 (-1.7799)  Time:  0.272 (0.032)  Data Time:  0.022 (0.015)
2022-05-13 18:00:37,741:INFO:   Eta: 1:23:04
2022-05-13 18:00:50,015:INFO: Valid: [183][604/605]  Loss -7.8947 (-4.8439)
2022-05-13 18:02:01,592:INFO: Train: [184][2321/2322]  Loss -0.2204 (-1.7296)  Time:  0.259 (0.031)  Data Time:  0.022 (0.014)
2022-05-13 18:02:01,593:INFO:   Eta: 1:18:33
2022-05-13 18:02:13,499:INFO: Valid: [184][604/605]  Loss -8.1770 (-5.0357)
2022-05-13 18:03:23,898:INFO: Train: [185][2321/2322]  Loss -0.2451 (-1.6618)  Time:  0.198 (0.030)  Data Time:  0.022 (0.013)
2022-05-13 18:03:23,900:INFO:   Eta: 1:16:05
2022-05-13 18:03:35,798:INFO: Valid: [185][604/605]  Loss -8.3103 (-5.0924)
2022-05-13 18:03:35,864:INFO: Checkpoint saved...
2022-05-13 18:04:47,972:INFO: Train: [186][2321/2322]  Loss -0.3050 (-1.7186)  Time:  0.264 (0.031)  Data Time:  0.023 (0.014)
2022-05-13 18:04:47,973:INFO:   Eta: 1:16:40
2022-05-13 18:05:00,080:INFO: Valid: [186][604/605]  Loss -7.0427 (-4.2949)
2022-05-13 18:06:13,955:INFO: Train: [187][2321/2322]  Loss -0.2160 (-1.5805)  Time:  0.236 (0.032)  Data Time:  0.000 (0.014)
2022-05-13 18:06:13,956:INFO:   Eta: 1:17:23
2022-05-13 18:06:25,880:INFO: Valid: [187][604/605]  Loss -8.0142 (-4.9177)
2022-05-13 18:07:39,718:INFO: Train: [188][2321/2322]  Loss -0.2967 (-1.7832)  Time:  0.275 (0.032)  Data Time:  0.001 (0.014)
2022-05-13 18:07:39,719:INFO:   Eta: 1:16:09
2022-05-13 18:07:51,770:INFO: Valid: [188][604/605]  Loss -7.8290 (-4.7964)
2022-05-13 18:09:04,285:INFO: Train: [189][2321/2322]  Loss -0.2258 (-1.5747)  Time:  0.254 (0.031)  Data Time:  0.023 (0.014)
2022-05-13 18:09:04,301:INFO:   Eta: 1:13:35
2022-05-13 18:09:16,486:INFO: Valid: [189][604/605]  Loss -8.0588 (-4.9470)
2022-05-13 18:10:27,817:INFO: Train: [190][2321/2322]  Loss -0.2225 (-1.7591)  Time:  0.284 (0.031)  Data Time:  0.022 (0.014)
2022-05-13 18:10:27,818:INFO:   Eta: 1:11:11
2022-05-13 18:10:40,219:INFO: Valid: [190][604/605]  Loss -7.5915 (-4.6174)
2022-05-13 18:11:55,510:INFO: Train: [191][2321/2322]  Loss -0.3128 (-1.7205)  Time:  0.222 (0.032)  Data Time:  0.021 (0.015)
2022-05-13 18:11:55,511:INFO:   Eta: 1:13:53
2022-05-13 18:12:07,442:INFO: Valid: [191][604/605]  Loss -7.9733 (-4.8634)
2022-05-13 18:12:35,659:INFO: Train: [192][2321/2322]  Loss -0.2998 (-1.7413)  Time:  0.075 (0.012)  Data Time:  0.000 (0.003)
2022-05-13 18:12:35,659:INFO:   Eta: 0:27:09
2022-05-13 18:12:40,009:INFO: Valid: [192][604/605]  Loss -7.9406 (-4.8653)
2022-05-13 18:12:57,181:INFO: Train: [193][2321/2322]  Loss -0.2004 (-1.6187)  Time:  0.066 (0.007)  Data Time:  0.000 (0.000)
2022-05-13 18:12:57,182:INFO:   Eta: 0:16:02
2022-05-13 18:13:06,126:INFO: Valid: [193][604/605]  Loss -7.1416 (-4.3128)
2022-05-13 18:14:19,378:INFO: Train: [194][2321/2322]  Loss -0.2612 (-1.7689)  Time:  0.267 (0.031)  Data Time:  0.022 (0.014)
2022-05-13 18:14:19,379:INFO:   Eta: 1:08:13
2022-05-13 18:14:31,759:INFO: Valid: [194][604/605]  Loss -8.1828 (-5.0080)
2022-05-13 18:15:42,886:INFO: Train: [195][2321/2322]  Loss -0.2392 (-1.7481)  Time:  0.207 (0.030)  Data Time:  0.010 (0.014)
2022-05-13 18:15:42,888:INFO:   Eta: 1:04:49
2022-05-13 18:15:54,640:INFO: Valid: [195][604/605]  Loss -8.2048 (-5.0270)
2022-05-13 18:17:05,921:INFO: Train: [196][2321/2322]  Loss -0.2360 (-1.7503)  Time:  0.233 (0.031)  Data Time:  0.001 (0.014)
2022-05-13 18:17:05,922:INFO:   Eta: 1:03:58
2022-05-13 18:17:17,681:INFO: Valid: [196][604/605]  Loss -8.1514 (-5.0279)
2022-05-13 18:18:30,769:INFO: Train: [197][2321/2322]  Loss -0.2368 (-1.7677)  Time:  0.292 (0.031)  Data Time:  0.023 (0.014)
2022-05-13 18:18:30,770:INFO:   Eta: 1:04:26
2022-05-13 18:18:42,606:INFO: Valid: [197][604/605]  Loss -7.8368 (-4.8487)
2022-05-13 18:19:54,989:INFO: Train: [198][2321/2322]  Loss -0.1941 (-1.5560)  Time:  0.238 (0.031)  Data Time:  0.000 (0.014)
2022-05-13 18:19:54,991:INFO:   Eta: 1:02:23
2022-05-13 18:20:06,772:INFO: Valid: [198][604/605]  Loss -6.6183 (-4.0489)
2022-05-13 18:21:17,622:INFO: Train: [199][2321/2322]  Loss -0.2603 (-1.5691)  Time:  0.277 (0.030)  Data Time:  0.001 (0.014)
2022-05-13 18:21:17,623:INFO:   Eta: 0:59:40
2022-05-13 18:21:29,822:INFO: Valid: [199][604/605]  Loss -7.5903 (-4.6225)
2022-05-13 18:22:39,922:INFO: Train: [200][2321/2322]  Loss -0.2662 (-1.5894)  Time:  0.246 (0.030)  Data Time:  0.001 (0.013)
2022-05-13 18:22:39,923:INFO:   Eta: 0:58:18
2022-05-13 18:22:51,821:INFO: Valid: [200][604/605]  Loss -7.4760 (-4.5423)
2022-05-13 18:24:03,458:INFO: Train: [201][2321/2322]  Loss -0.2497 (-1.5841)  Time:  0.289 (0.031)  Data Time:  0.019 (0.014)
2022-05-13 18:24:03,459:INFO:   Eta: 0:58:22
2022-05-13 18:24:15,147:INFO: Valid: [201][604/605]  Loss -7.8304 (-4.8561)
2022-05-13 18:25:28,622:INFO: Train: [202][2321/2322]  Loss -0.2478 (-1.7323)  Time:  0.295 (0.032)  Data Time:  0.022 (0.014)
2022-05-13 18:25:28,624:INFO:   Eta: 0:58:37
2022-05-13 18:25:40,728:INFO: Valid: [202][604/605]  Loss -8.0857 (-4.9348)
2022-05-13 18:26:51,617:INFO: Train: [203][2321/2322]  Loss -0.3007 (-1.7626)  Time:  0.162 (0.030)  Data Time:  0.000 (0.014)
2022-05-13 18:26:51,664:INFO:   Eta: 0:55:11
2022-05-13 18:26:56,545:INFO: Valid: [203][604/605]  Loss -8.0354 (-4.9022)
2022-05-13 18:27:13,416:INFO: Train: [204][2321/2322]  Loss -0.2707 (-1.7564)  Time:  0.069 (0.007)  Data Time:  0.000 (0.000)
2022-05-13 18:27:13,416:INFO:   Eta: 0:12:34
2022-05-13 18:27:18,263:INFO: Valid: [204][604/605]  Loss -7.8469 (-4.7586)
2022-05-13 18:28:17,338:INFO: Train: [205][2321/2322]  Loss -0.2200 (-1.7859)  Time:  0.269 (0.025)  Data Time:  0.023 (0.010)
2022-05-13 18:28:17,339:INFO:   Eta: 0:44:11
2022-05-13 18:28:28,704:INFO: Valid: [205][604/605]  Loss -8.1187 (-4.9807)
2022-05-13 18:29:38,930:INFO: Train: [206][2321/2322]  Loss -0.2422 (-1.7654)  Time:  0.241 (0.030)  Data Time:  0.000 (0.014)
2022-05-13 18:29:38,930:INFO:   Eta: 0:51:25
2022-05-13 18:29:50,571:INFO: Valid: [206][604/605]  Loss -8.3176 (-5.0821)
2022-05-13 18:29:50,636:INFO: Checkpoint saved...
2022-05-13 18:31:01,914:INFO: Train: [207][2321/2322]  Loss -0.2355 (-1.7590)  Time:  0.270 (0.031)  Data Time:  0.007 (0.014)
2022-05-13 18:31:01,915:INFO:   Eta: 0:51:00
2022-05-13 18:31:13,645:INFO: Valid: [207][604/605]  Loss -8.1033 (-4.9361)
2022-05-13 18:32:25,367:INFO: Train: [208][2321/2322]  Loss -0.2571 (-1.7803)  Time:  0.262 (0.031)  Data Time:  0.022 (0.014)
2022-05-13 18:32:25,368:INFO:   Eta: 0:50:04
2022-05-13 18:32:37,061:INFO: Valid: [208][604/605]  Loss -7.4419 (-4.5230)
2022-05-13 18:33:49,085:INFO: Train: [209][2321/2322]  Loss -0.2603 (-1.7264)  Time:  0.237 (0.031)  Data Time:  0.022 (0.014)
2022-05-13 18:33:49,110:INFO:   Eta: 0:49:06
2022-05-13 18:34:00,861:INFO: Valid: [209][604/605]  Loss -7.9882 (-4.8784)
2022-05-13 18:35:10,274:INFO: Train: [210][2321/2322]  Loss -0.2318 (-1.7550)  Time:  0.263 (0.030)  Data Time:  0.008 (0.013)
2022-05-13 18:35:10,275:INFO:   Eta: 0:46:11
2022-05-13 18:35:22,185:INFO: Valid: [210][604/605]  Loss -7.5621 (-4.6246)
2022-05-13 18:36:33,847:INFO: Train: [211][2321/2322]  Loss -0.2021 (-1.7062)  Time:  0.273 (0.031)  Data Time:  0.021 (0.014)
2022-05-13 18:36:33,848:INFO:   Eta: 0:46:29
2022-05-13 18:36:46,115:INFO: Valid: [211][604/605]  Loss -8.2235 (-5.0443)
2022-05-13 18:37:57,420:INFO: Train: [212][2321/2322]  Loss -0.2715 (-1.7509)  Time:  0.272 (0.031)  Data Time:  0.023 (0.014)
2022-05-13 18:37:57,421:INFO:   Eta: 0:44:58
2022-05-13 18:38:09,381:INFO: Valid: [212][604/605]  Loss -7.9194 (-4.7849)
2022-05-13 18:39:20,852:INFO: Train: [213][2321/2322]  Loss -0.1729 (-1.5939)  Time:  0.196 (0.031)  Data Time:  0.002 (0.014)
2022-05-13 18:39:20,853:INFO:   Eta: 0:43:53
2022-05-13 18:39:32,601:INFO: Valid: [213][604/605]  Loss -6.5656 (-3.9941)
2022-05-13 18:40:44,073:INFO: Train: [214][2321/2322]  Loss -0.3000 (-1.7592)  Time:  0.254 (0.031)  Data Time:  0.022 (0.014)
2022-05-13 18:40:44,074:INFO:   Eta: 0:42:43
2022-05-13 18:40:56,053:INFO: Valid: [214][604/605]  Loss -8.0881 (-4.9420)
2022-05-13 18:41:30,004:INFO: Train: [215][2321/2322]  Loss -0.2273 (-1.8123)  Time:  0.073 (0.015)  Data Time:  0.000 (0.005)
2022-05-13 18:41:30,009:INFO:   Eta: 0:19:43
2022-05-13 18:41:34,548:INFO: Valid: [215][604/605]  Loss -7.8495 (-4.8499)
2022-05-13 18:41:51,265:INFO: Train: [216][2321/2322]  Loss -0.2546 (-1.7791)  Time:  0.067 (0.007)  Data Time:  0.000 (0.000)
2022-05-13 18:41:51,265:INFO:   Eta: 0:09:21
2022-05-13 18:41:57,595:INFO: Valid: [216][604/605]  Loss -8.3037 (-5.1103)
2022-05-13 18:43:08,343:INFO: Train: [217][2321/2322]  Loss -0.2667 (-1.7569)  Time:  0.256 (0.030)  Data Time:  0.022 (0.014)
2022-05-13 18:43:08,344:INFO:   Eta: 0:38:47
2022-05-13 18:43:20,523:INFO: Valid: [217][604/605]  Loss -8.0008 (-4.9170)
2022-05-13 18:44:32,446:INFO: Train: [218][2321/2322]  Loss -0.2416 (-1.7815)  Time:  0.283 (0.031)  Data Time:  0.021 (0.014)
2022-05-13 18:44:32,447:INFO:   Eta: 0:38:15
2022-05-13 18:44:44,396:INFO: Valid: [218][604/605]  Loss -7.9438 (-4.8628)
2022-05-13 18:45:55,044:INFO: Train: [219][2321/2322]  Loss -0.2029 (-1.7487)  Time:  0.263 (0.030)  Data Time:  0.001 (0.014)
2022-05-13 18:45:55,045:INFO:   Eta: 0:36:25
2022-05-13 18:46:07,246:INFO: Valid: [219][604/605]  Loss -8.1320 (-4.9640)
2022-05-13 18:47:20,001:INFO: Train: [220][2321/2322]  Loss -0.2492 (-1.7814)  Time:  0.128 (0.031)  Data Time:  0.000 (0.014)
2022-05-13 18:47:20,001:INFO:   Eta: 0:36:17
2022-05-13 18:47:31,672:INFO: Valid: [220][604/605]  Loss -7.8961 (-4.8302)
2022-05-13 18:48:43,565:INFO: Train: [221][2321/2322]  Loss -0.2635 (-1.7740)  Time:  0.252 (0.031)  Data Time:  0.022 (0.014)
2022-05-13 18:48:43,567:INFO:   Eta: 0:34:40
2022-05-13 18:48:55,663:INFO: Valid: [221][604/605]  Loss -8.1520 (-4.9529)
2022-05-13 18:50:07,066:INFO: Train: [222][2321/2322]  Loss -0.2751 (-1.7475)  Time:  0.261 (0.031)  Data Time:  0.021 (0.014)
2022-05-13 18:50:07,067:INFO:   Eta: 0:33:14
2022-05-13 18:50:18,601:INFO: Valid: [222][604/605]  Loss -6.9725 (-4.2455)
2022-05-13 18:51:28,020:INFO: Train: [223][2321/2322]  Loss -0.3066 (-1.6624)  Time:  0.266 (0.030)  Data Time:  0.017 (0.013)
2022-05-13 18:51:28,020:INFO:   Eta: 0:31:09
2022-05-13 18:51:39,486:INFO: Valid: [223][604/605]  Loss -8.0405 (-4.8839)
2022-05-13 18:52:50,593:INFO: Train: [224][2321/2322]  Loss -0.2142 (-1.7787)  Time:  0.220 (0.030)  Data Time:  0.022 (0.014)
2022-05-13 18:52:50,594:INFO:   Eta: 0:30:32
2022-05-13 18:53:02,288:INFO: Valid: [224][604/605]  Loss -7.7276 (-4.7140)
2022-05-13 18:54:12,942:INFO: Train: [225][2321/2322]  Loss -0.2773 (-1.7868)  Time:  0.284 (0.030)  Data Time:  0.021 (0.014)
2022-05-13 18:54:12,942:INFO:   Eta: 0:29:22
2022-05-13 18:54:24,520:INFO: Valid: [225][604/605]  Loss -8.1302 (-4.9780)
2022-05-13 18:55:33,616:INFO: Train: [226][2321/2322]  Loss -0.2479 (-1.7625)  Time:  0.268 (0.030)  Data Time:  0.022 (0.013)
2022-05-13 18:55:33,617:INFO:   Eta: 0:27:34
2022-05-13 18:55:45,283:INFO: Valid: [226][604/605]  Loss -8.2242 (-5.0508)
2022-05-13 18:56:01,865:INFO: Train: [227][2321/2322]  Loss -0.2386 (-1.7652)  Time:  0.078 (0.007)  Data Time:  0.000 (0.000)
2022-05-13 18:56:01,902:INFO:   Eta: 0:06:11
2022-05-13 18:56:06,547:INFO: Valid: [227][604/605]  Loss -8.1422 (-5.0195)
2022-05-13 18:56:23,880:INFO: Train: [228][2321/2322]  Loss -0.2726 (-1.7874)  Time:  0.283 (0.007)  Data Time:  0.022 (0.000)
2022-05-13 18:56:23,881:INFO:   Eta: 0:06:18
2022-05-13 18:56:35,339:INFO: Valid: [228][604/605]  Loss -8.1404 (-4.9636)
2022-05-13 18:57:45,635:INFO: Train: [229][2321/2322]  Loss -0.2938 (-1.7701)  Time:  0.160 (0.030)  Data Time:  0.020 (0.014)
2022-05-13 18:57:45,636:INFO:   Eta: 0:24:27
2022-05-13 18:57:57,224:INFO: Valid: [229][604/605]  Loss -8.0673 (-4.9229)
2022-05-13 18:59:07,863:INFO: Train: [230][2321/2322]  Loss -0.2602 (-1.7695)  Time:  0.241 (0.030)  Data Time:  0.021 (0.014)
2022-05-13 18:59:07,865:INFO:   Eta: 0:23:29
2022-05-13 18:59:19,574:INFO: Valid: [230][604/605]  Loss -8.0079 (-4.9043)
2022-05-13 19:00:31,999:INFO: Train: [231][2321/2322]  Loss -0.2538 (-1.8050)  Time:  0.237 (0.031)  Data Time:  0.001 (0.014)
2022-05-13 19:00:32,000:INFO:   Eta: 0:22:53
2022-05-13 19:00:43,309:INFO: Valid: [231][604/605]  Loss -7.9233 (-4.8056)
2022-05-13 19:01:52,300:INFO: Train: [232][2321/2322]  Loss -0.2240 (-1.5143)  Time:  0.264 (0.030)  Data Time:  0.021 (0.013)
2022-05-13 19:01:52,301:INFO:   Eta: 0:20:38
2022-05-13 19:02:03,912:INFO: Valid: [232][604/605]  Loss -7.4526 (-4.5223)
2022-05-13 19:03:12,298:INFO: Train: [233][2321/2322]  Loss -0.2334 (-1.7657)  Time:  0.282 (0.029)  Data Time:  0.022 (0.013)
2022-05-13 19:03:12,299:INFO:   Eta: 0:19:20
2022-05-13 19:03:24,069:INFO: Valid: [233][604/605]  Loss -8.1738 (-5.0131)
2022-05-13 19:04:35,899:INFO: Train: [234][2321/2322]  Loss -0.2624 (-1.6711)  Time:  0.261 (0.031)  Data Time:  0.022 (0.014)
2022-05-13 19:04:35,900:INFO:   Eta: 0:19:06
2022-05-13 19:04:47,529:INFO: Valid: [234][604/605]  Loss -8.0889 (-4.9690)
2022-05-13 19:05:57,414:INFO: Train: [235][2321/2322]  Loss -0.2405 (-1.7719)  Time:  0.264 (0.030)  Data Time:  0.021 (0.014)
2022-05-13 19:05:57,415:INFO:   Eta: 0:17:25
2022-05-13 19:06:09,021:INFO: Valid: [235][604/605]  Loss -8.0234 (-4.9201)
2022-05-13 19:07:18,994:INFO: Train: [236][2321/2322]  Loss -0.1653 (-1.8019)  Time:  0.242 (0.030)  Data Time:  0.000 (0.014)
2022-05-13 19:07:18,996:INFO:   Eta: 0:16:17
2022-05-13 19:07:30,624:INFO: Valid: [236][604/605]  Loss -8.0243 (-4.9419)
2022-05-13 19:08:39,823:INFO: Train: [237][2321/2322]  Loss -0.2235 (-1.7582)  Time:  0.252 (0.030)  Data Time:  0.022 (0.013)
2022-05-13 19:08:39,824:INFO:   Eta: 0:14:57
2022-05-13 19:08:51,639:INFO: Valid: [237][604/605]  Loss -8.2462 (-5.0267)
2022-05-13 19:10:03,138:INFO: Train: [238][2321/2322]  Loss -0.2899 (-1.8218)  Time:  0.283 (0.031)  Data Time:  0.021 (0.014)
2022-05-13 19:10:03,139:INFO:   Eta: 0:14:16
2022-05-13 19:10:12,173:INFO: Valid: [238][604/605]  Loss -6.4570 (-3.9293)
2022-05-13 19:10:28,522:INFO: Train: [239][2321/2322]  Loss -0.2361 (-1.6405)  Time:  0.074 (0.007)  Data Time:  0.000 (0.000)
2022-05-13 19:10:28,523:INFO:   Eta: 0:02:55
2022-05-13 19:10:33,138:INFO: Valid: [239][604/605]  Loss -8.3319 (-5.1150)
2022-05-13 19:10:33,221:INFO: Checkpoint saved...
2022-05-13 19:11:02,965:INFO: Train: [240][2321/2322]  Loss -0.2155 (-1.6568)  Time:  0.073 (0.013)  Data Time:  0.000 (0.003)
2022-05-13 19:11:02,966:INFO:   Eta: 0:04:56
2022-05-13 19:11:07,744:INFO: Valid: [240][604/605]  Loss -8.3032 (-5.0777)
2022-05-13 19:11:37,508:INFO: Train: [241][2321/2322]  Loss -0.2369 (-1.7870)  Time:  0.272 (0.013)  Data Time:  0.001 (0.003)
2022-05-13 19:11:37,509:INFO:   Eta: 0:04:26
2022-05-13 19:11:49,751:INFO: Valid: [241][604/605]  Loss -7.8570 (-4.8243)
2022-05-13 19:13:03,230:INFO: Train: [242][2321/2322]  Loss -0.2227 (-1.7076)  Time:  0.273 (0.032)  Data Time:  0.023 (0.014)
2022-05-13 19:13:03,231:INFO:   Eta: 0:09:46
2022-05-13 19:13:15,552:INFO: Valid: [242][604/605]  Loss -8.3886 (-5.1594)
2022-05-13 19:13:15,644:INFO: Checkpoint saved...
2022-05-13 19:14:27,520:INFO: Train: [243][2321/2322]  Loss -0.2354 (-1.8023)  Time:  0.274 (0.031)  Data Time:  0.022 (0.014)
2022-05-13 19:14:27,522:INFO:   Eta: 0:08:22
2022-05-13 19:14:39,315:INFO: Valid: [243][604/605]  Loss -8.1352 (-4.9876)
2022-05-13 19:15:53,492:INFO: Train: [244][2321/2322]  Loss -0.2176 (-1.7421)  Time:  0.204 (0.032)  Data Time:  0.001 (0.015)
2022-05-13 19:15:53,493:INFO:   Eta: 0:07:24
2022-05-13 19:16:05,077:INFO: Valid: [244][604/605]  Loss -8.2404 (-5.0311)
2022-05-13 19:17:16,580:INFO: Train: [245][2321/2322]  Loss -0.2514 (-1.7829)  Time:  0.224 (0.031)  Data Time:  0.023 (0.014)
2022-05-13 19:17:16,581:INFO:   Eta: 0:05:56
2022-05-13 19:17:28,321:INFO: Valid: [245][604/605]  Loss -8.2110 (-4.9992)
2022-05-13 19:18:42,844:INFO: Train: [246][2321/2322]  Loss -0.1848 (-1.7594)  Time:  0.260 (0.032)  Data Time:  0.000 (0.015)
2022-05-13 19:18:42,845:INFO:   Eta: 0:04:57
2022-05-13 19:18:54,749:INFO: Valid: [246][604/605]  Loss -8.1154 (-4.9621)
2022-05-13 19:20:05,478:INFO: Train: [247][2321/2322]  Loss -0.1954 (-1.7349)  Time:  0.257 (0.030)  Data Time:  0.022 (0.014)
2022-05-13 19:20:05,479:INFO:   Eta: 0:03:31
2022-05-13 19:20:17,985:INFO: Valid: [247][604/605]  Loss -7.9804 (-4.8533)
2022-05-13 19:21:29,889:INFO: Train: [248][2321/2322]  Loss -0.2120 (-1.7761)  Time:  0.269 (0.031)  Data Time:  0.023 (0.014)
2022-05-13 19:21:29,890:INFO:   Eta: 0:02:23
2022-05-13 19:21:42,513:INFO: Valid: [248][604/605]  Loss -7.9350 (-4.8465)
2022-05-13 19:22:56,115:INFO: Train: [249][2321/2322]  Loss -0.1587 (-1.6576)  Time:  0.264 (0.032)  Data Time:  0.021 (0.015)
2022-05-13 19:22:56,116:INFO:   Eta: 0:01:13
2022-05-13 19:23:08,099:INFO: Valid: [249][604/605]  Loss -8.3588 (-5.1696)
2022-05-13 19:23:20,081:INFO: Test: [0]  ADE: 0.7313  FDE: 1.2974
2022-05-13 19:23:45,160:INFO: Test: [0]  ADE: 0.4319  FDE: 0.7277
2022-05-13 19:26:35,414:INFO: Test: [0]  ADE: 0.4640  FDE: 0.8408
2022-05-13 19:27:24,660:INFO: Test: [0]  ADE: 0.3707  FDE: 0.5740
2022-05-13 19:28:50,268:INFO: Test: [0]  ADE: 0.3272  FDE: 0.5137
2022-05-13 19:28:50,276:INFO: 9-0.8xlr 0.731/1.297 0.432/0.728 0.464/0.841 0.371/0.574 0.327/0.5140.465/0.791
2022-05-13 19:28:50,278:INFO: 9-0.8xlr 0.731  0.432  0.464  0.371  0.327 0.465
2022-05-13 19:28:50,278:INFO: 9-0.8xlr 1.297  0.728  0.841  0.574  0.514 0.791
