2022-05-13 14:30:03,137:INFO: batch_size=128
2022-05-13 14:30:03,137:INFO: clip_grad=None
2022-05-13 14:30:03,137:INFO: dataset=zara2
2022-05-13 14:30:03,137:INFO: dict_kernel_size=3
2022-05-13 14:30:03,137:INFO: drop=0.0
2022-05-13 14:30:03,138:INFO: gpu_num=0
2022-05-13 14:30:03,138:INFO: ilr=0.005
2022-05-13 14:30:03,138:INFO: init=kmeans
2022-05-13 14:30:03,138:INFO: input_size=2
2022-05-13 14:30:03,138:INFO: kernel_size=3
2022-05-13 14:30:03,138:INFO: log_dir=./runs/9-0.5xlr
2022-05-13 14:30:03,138:INFO: lr=0.01
2022-05-13 14:30:03,138:INFO: lr_sh_rate=150
2022-05-13 14:30:03,138:INFO: model=social_stgcnn9
2022-05-13 14:30:03,138:INFO: n_stgcnn=1
2022-05-13 14:30:03,138:INFO: n_txpcnn=5
2022-05-13 14:30:03,138:INFO: name=9-0.5xlr
2022-05-13 14:30:03,138:INFO: num_epochs=250
2022-05-13 14:30:03,138:INFO: obs_seq_len=8
2022-05-13 14:30:03,138:INFO: output_size=5
2022-05-13 14:30:03,138:INFO: pred_seq_len=12
2022-05-13 14:30:03,138:INFO: seed=0
2022-05-13 14:30:03,139:INFO: tag=zara2
2022-05-13 14:30:03,139:INFO: use_lrschd=True
2022-05-13 14:30:03,139:INFO: ******************************
2022-05-13 14:30:03,139:INFO: Training initiating....
2022-05-13 14:30:03,139:INFO: Namespace(model='social_stgcnn9', name='9-0.5xlr', input_size=2, output_size=5, n_stgcnn=1, n_txpcnn=5, kernel_size=3, obs_seq_len=8, pred_seq_len=12, dataset='zara2', batch_size=128, num_epochs=250, clip_grad=None, lr=0.01, ilr=0.005, lr_sh_rate=150, use_lrschd=True, tag='zara2', log_dir='./runs/9-0.5xlr', seed=0, gpu_num='0', drop=0.0, init='kmeans', dict_kernel_size=3)
2022-05-13 14:30:03,437:INFO: Initializing train dataset
2022-05-13 14:30:25,397:INFO: Initializing val dataset
2022-05-13 14:31:02,196:INFO: social_stgcnn9
2022-05-13 14:31:02,197:INFO: 0.01
2022-05-13 14:31:02,197:INFO: 0.01
2022-05-13 14:31:02,197:INFO: 0.01
2022-05-13 14:31:02,197:INFO: 0.005
2022-05-13 14:31:02,197:INFO: Data and model loaded
2022-05-13 14:31:02,197:INFO: Checkpoint dir: ./runs/9-0.5xlr/zara2/checkpoint
2022-05-13 14:31:02,197:INFO: Training started ...
2022-05-13 14:32:08,402:INFO: Train: [0][2111/2112]  Loss 0.5257 (1.4864)  Time:  0.748 (0.031)  Data Time:  0.000 (0.012)
2022-05-13 14:32:08,403:INFO:   Eta: 4:35:48
2022-05-13 14:33:13,485:INFO: Train: [1][2111/2112]  Loss 0.3220 (0.7614)  Time:  0.767 (0.031)  Data Time:  0.017 (0.013)
2022-05-13 14:33:13,486:INFO:   Eta: 4:29:32
2022-05-13 14:34:20,074:INFO: Train: [2][2111/2112]  Loss 0.2420 (0.5102)  Time:  0.762 (0.031)  Data Time:  0.022 (0.014)
2022-05-13 14:34:20,257:INFO:   Eta: 4:34:30
2022-05-13 14:35:20,367:INFO: Train: [3][2111/2112]  Loss 0.1553 (0.4080)  Time:  0.798 (0.028)  Data Time:  0.002 (0.012)
2022-05-13 14:35:20,370:INFO:   Eta: 4:06:52
2022-05-13 14:36:20,017:INFO: Train: [4][2111/2112]  Loss 0.2638 (0.2524)  Time:  0.781 (0.028)  Data Time:  0.022 (0.012)
2022-05-13 14:36:20,020:INFO:   Eta: 4:03:48
2022-05-13 14:36:59,932:INFO: Train: [5][2111/2112]  Loss 0.0288 (0.2138)  Time:  0.220 (0.019)  Data Time:  0.000 (0.007)
2022-05-13 14:36:59,933:INFO:   Eta: 2:42:20
2022-05-13 14:37:14,968:INFO: Train: [6][2111/2112]  Loss 0.0777 (0.1253)  Time:  0.237 (0.007)  Data Time:  0.000 (0.000)
2022-05-13 14:37:14,969:INFO:   Eta: 1:00:17
2022-05-13 14:38:06,027:INFO: Train: [7][2111/2112]  Loss -0.0325 (-0.1077)  Time:  0.943 (0.024)  Data Time:  0.022 (0.010)
2022-05-13 14:38:06,029:INFO:   Eta: 3:26:10
2022-05-13 14:39:12,632:INFO: Train: [8][2111/2112]  Loss -0.0487 (-0.0426)  Time:  0.895 (0.031)  Data Time:  0.005 (0.014)
2022-05-13 14:39:12,633:INFO:   Eta: 4:28:10
2022-05-13 14:40:15,585:INFO: Train: [9][2111/2112]  Loss 0.1263 (-0.2120)  Time:  0.981 (0.030)  Data Time:  0.016 (0.013)
2022-05-13 14:40:15,586:INFO:   Eta: 4:11:14
2022-05-13 14:41:22,092:INFO: Train: [10][2111/2112]  Loss 0.1006 (-0.1500)  Time:  0.866 (0.031)  Data Time:  0.023 (0.014)
2022-05-13 14:41:22,094:INFO:   Eta: 4:25:01
2022-05-13 14:42:27,079:INFO: Train: [11][2111/2112]  Loss -0.1444 (-0.2271)  Time:  0.852 (0.031)  Data Time:  0.016 (0.014)
2022-05-13 14:42:27,080:INFO:   Eta: 4:18:07
2022-05-13 14:43:30,913:INFO: Train: [12][2111/2112]  Loss -0.2379 (-0.2361)  Time:  0.837 (0.030)  Data Time:  0.022 (0.014)
2022-05-13 14:43:30,917:INFO:   Eta: 4:12:33
2022-05-13 14:44:35,400:INFO: Train: [13][2111/2112]  Loss 0.0529 (-0.3059)  Time:  0.843 (0.030)  Data Time:  0.022 (0.014)
2022-05-13 14:44:35,403:INFO:   Eta: 4:14:06
2022-05-13 14:45:41,517:INFO: Train: [14][2111/2112]  Loss -0.2643 (-0.2949)  Time:  0.841 (0.031)  Data Time:  0.003 (0.014)
2022-05-13 14:45:41,519:INFO:   Eta: 4:19:07
2022-05-13 14:46:49,018:INFO: Train: [15][2111/2112]  Loss -0.1521 (-0.4078)  Time:  0.915 (0.032)  Data Time:  0.000 (0.014)
2022-05-13 14:46:49,021:INFO:   Eta: 4:23:55
2022-05-13 14:47:55,537:INFO: Train: [16][2111/2112]  Loss -0.2863 (-0.4469)  Time:  0.761 (0.031)  Data Time:  0.009 (0.015)
2022-05-13 14:47:55,538:INFO:   Eta: 4:18:52
2022-05-13 14:49:05,774:INFO: Train: [17][2111/2112]  Loss -0.2880 (-0.5485)  Time:  0.911 (0.033)  Data Time:  0.000 (0.015)
2022-05-13 14:49:05,775:INFO:   Eta: 4:32:13
2022-05-13 14:50:13,354:INFO: Train: [18][2111/2112]  Loss -0.2782 (-0.4282)  Time:  0.919 (0.032)  Data Time:  0.014 (0.015)
2022-05-13 14:50:13,356:INFO:   Eta: 4:20:44
2022-05-13 14:51:14,284:INFO: Train: [19][2111/2112]  Loss -0.3748 (-0.3685)  Time:  0.218 (0.029)  Data Time:  0.000 (0.013)
2022-05-13 14:51:14,286:INFO:   Eta: 3:53:34
2022-05-13 14:51:28,940:INFO: Train: [20][2111/2112]  Loss -0.3538 (-0.5657)  Time:  0.234 (0.007)  Data Time:  0.000 (0.000)
2022-05-13 14:51:28,943:INFO:   Eta: 0:55:28
2022-05-13 14:52:11,270:INFO: Train: [21][2111/2112]  Loss -0.3593 (-0.5227)  Time:  0.846 (0.020)  Data Time:  0.010 (0.008)
2022-05-13 14:52:11,276:INFO:   Eta: 2:41:08
2022-05-13 14:53:15,447:INFO: Train: [22][2111/2112]  Loss -0.3389 (-0.6018)  Time:  0.795 (0.030)  Data Time:  0.003 (0.014)
2022-05-13 14:53:15,449:INFO:   Eta: 4:03:22
2022-05-13 14:54:20,808:INFO: Train: [23][2111/2112]  Loss -0.0371 (-0.6778)  Time:  0.892 (0.031)  Data Time:  0.023 (0.014)
2022-05-13 14:54:20,811:INFO:   Eta: 4:06:43
2022-05-13 14:55:25,174:INFO: Train: [24][2111/2112]  Loss -0.2570 (-0.5527)  Time:  0.765 (0.030)  Data Time:  0.002 (0.014)
2022-05-13 14:55:25,175:INFO:   Eta: 4:01:56
2022-05-13 14:56:30,506:INFO: Train: [25][2111/2112]  Loss -0.2832 (-0.5586)  Time:  0.905 (0.031)  Data Time:  0.022 (0.014)
2022-05-13 14:56:30,509:INFO:   Eta: 4:04:27
2022-05-13 14:57:34,843:INFO: Train: [26][2111/2112]  Loss -0.2685 (-0.6819)  Time:  0.817 (0.030)  Data Time:  0.022 (0.014)
2022-05-13 14:57:34,845:INFO:   Eta: 3:59:41
2022-05-13 14:58:40,479:INFO: Train: [27][2111/2112]  Loss -0.4877 (-0.7455)  Time:  0.817 (0.031)  Data Time:  0.022 (0.014)
2022-05-13 14:58:40,481:INFO:   Eta: 4:03:05
2022-05-13 14:59:45,011:INFO: Train: [28][2111/2112]  Loss -0.2127 (-0.7510)  Time:  0.713 (0.030)  Data Time:  0.000 (0.014)
2022-05-13 14:59:45,014:INFO:   Eta: 3:58:10
2022-05-13 15:00:46,870:INFO: Train: [29][2111/2112]  Loss -0.2727 (-0.6261)  Time:  0.805 (0.029)  Data Time:  0.023 (0.013)
2022-05-13 15:00:46,873:INFO:   Eta: 3:47:25
2022-05-13 15:01:51,366:INFO: Train: [30][2111/2112]  Loss -0.3685 (-0.7661)  Time:  0.899 (0.030)  Data Time:  0.023 (0.014)
2022-05-13 15:01:51,368:INFO:   Eta: 3:56:01
2022-05-13 15:02:54,105:INFO: Train: [31][2111/2112]  Loss -0.2737 (-0.7929)  Time:  0.811 (0.030)  Data Time:  0.023 (0.014)
2022-05-13 15:02:54,107:INFO:   Eta: 3:48:22
2022-05-13 15:03:59,755:INFO: Train: [32][2111/2112]  Loss -0.3743 (-0.7677)  Time:  0.805 (0.031)  Data Time:  0.021 (0.015)
2022-05-13 15:03:59,756:INFO:   Eta: 3:58:03
2022-05-13 15:05:04,941:INFO: Train: [33][2111/2112]  Loss -0.5262 (-0.8704)  Time:  0.886 (0.031)  Data Time:  0.023 (0.015)
2022-05-13 15:05:04,942:INFO:   Eta: 3:55:13
2022-05-13 15:05:39,245:INFO: Train: [34][2111/2112]  Loss -0.4666 (-0.6833)  Time:  0.222 (0.016)  Data Time:  0.000 (0.006)
2022-05-13 15:05:39,247:INFO:   Eta: 2:02:58
2022-05-13 15:05:53,704:INFO: Train: [35][2111/2112]  Loss -0.3312 (-0.7463)  Time:  0.248 (0.007)  Data Time:  0.000 (0.000)
2022-05-13 15:05:53,705:INFO:   Eta: 0:51:23
2022-05-13 15:06:53,823:INFO: Train: [36][2111/2112]  Loss -0.4788 (-0.7784)  Time:  0.888 (0.028)  Data Time:  0.001 (0.012)
2022-05-13 15:06:53,826:INFO:   Eta: 3:33:39
2022-05-13 15:07:55,541:INFO: Train: [37][2111/2112]  Loss -0.4147 (-0.9086)  Time:  0.807 (0.029)  Data Time:  0.022 (0.013)
2022-05-13 15:07:55,544:INFO:   Eta: 3:38:36
2022-05-13 15:08:56,485:INFO: Train: [38][2111/2112]  Loss -0.4737 (-0.9108)  Time:  0.732 (0.029)  Data Time:  0.022 (0.012)
2022-05-13 15:08:56,516:INFO:   Eta: 3:34:44
2022-05-13 15:10:00,394:INFO: Train: [39][2111/2112]  Loss -0.4772 (-0.8725)  Time:  0.888 (0.030)  Data Time:  0.022 (0.013)
2022-05-13 15:10:00,397:INFO:   Eta: 3:44:12
2022-05-13 15:11:01,230:INFO: Train: [40][2111/2112]  Loss -0.2919 (-0.8191)  Time:  0.879 (0.029)  Data Time:  0.007 (0.013)
2022-05-13 15:11:01,232:INFO:   Eta: 3:32:28
2022-05-13 15:12:02,860:INFO: Train: [41][2111/2112]  Loss -0.4761 (-0.8911)  Time:  0.921 (0.029)  Data Time:  0.001 (0.013)
2022-05-13 15:12:02,862:INFO:   Eta: 3:34:14
2022-05-13 15:13:06,001:INFO: Train: [42][2111/2112]  Loss -0.4884 (-0.8643)  Time:  0.839 (0.030)  Data Time:  0.001 (0.013)
2022-05-13 15:13:06,003:INFO:   Eta: 3:38:28
2022-05-13 15:14:09,743:INFO: Train: [43][2111/2112]  Loss -0.5028 (-0.9805)  Time:  0.917 (0.030)  Data Time:  0.013 (0.014)
2022-05-13 15:14:09,744:INFO:   Eta: 3:39:27
2022-05-13 15:15:14,852:INFO: Train: [44][2111/2112]  Loss -0.3968 (-0.8770)  Time:  0.911 (0.031)  Data Time:  0.011 (0.014)
2022-05-13 15:15:14,855:INFO:   Eta: 3:42:49
2022-05-13 15:16:19,379:INFO: Train: [45][2111/2112]  Loss -0.4996 (-0.8086)  Time:  0.893 (0.030)  Data Time:  0.002 (0.014)
2022-05-13 15:16:19,380:INFO:   Eta: 3:39:59
2022-05-13 15:17:23,941:INFO: Train: [46][2111/2112]  Loss -0.3949 (-0.7607)  Time:  0.834 (0.030)  Data Time:  0.001 (0.014)
2022-05-13 15:17:23,942:INFO:   Eta: 3:38:58
2022-05-13 15:18:32,454:INFO: Train: [47][2111/2112]  Loss -0.3788 (-0.9922)  Time:  0.927 (0.032)  Data Time:  0.018 (0.015)
2022-05-13 15:18:32,457:INFO:   Eta: 3:51:22
2022-05-13 15:19:37,825:INFO: Train: [48][2111/2112]  Loss -0.4216 (-1.0052)  Time:  0.875 (0.031)  Data Time:  0.013 (0.014)
2022-05-13 15:19:37,828:INFO:   Eta: 3:39:28
2022-05-13 15:19:58,996:INFO: Train: [49][2111/2112]  Loss -0.4540 (-0.9630)  Time:  0.242 (0.010)  Data Time:  0.000 (0.002)
2022-05-13 15:19:58,997:INFO:   Eta: 1:10:21
2022-05-13 15:20:27,554:INFO: Train: [50][2111/2112]  Loss -0.4950 (-0.9146)  Time:  0.812 (0.013)  Data Time:  0.022 (0.004)
2022-05-13 15:20:27,557:INFO:   Eta: 1:34:45
2022-05-13 15:21:30,563:INFO: Train: [51][2111/2112]  Loss -0.3061 (-1.0519)  Time:  0.877 (0.030)  Data Time:  0.001 (0.013)
2022-05-13 15:21:30,564:INFO:   Eta: 3:28:32
2022-05-13 15:22:36,202:INFO: Train: [52][2111/2112]  Loss -0.5537 (-0.9813)  Time:  0.907 (0.031)  Data Time:  0.001 (0.014)
2022-05-13 15:22:36,203:INFO:   Eta: 3:36:12
2022-05-13 15:23:39,865:INFO: Train: [53][2111/2112]  Loss -0.5752 (-1.0138)  Time:  0.778 (0.030)  Data Time:  0.013 (0.013)
2022-05-13 15:23:39,868:INFO:   Eta: 3:28:37
2022-05-13 15:24:42,617:INFO: Train: [54][2111/2112]  Loss -0.5115 (-0.9254)  Time:  0.906 (0.030)  Data Time:  0.001 (0.013)
2022-05-13 15:24:42,640:INFO:   Eta: 3:24:35
2022-05-13 15:25:47,311:INFO: Train: [55][2111/2112]  Loss -0.2784 (-1.0285)  Time:  0.856 (0.030)  Data Time:  0.022 (0.014)
2022-05-13 15:25:47,312:INFO:   Eta: 3:29:11
2022-05-13 15:26:50,129:INFO: Train: [56][2111/2112]  Loss -0.5278 (-0.9739)  Time:  0.775 (0.030)  Data Time:  0.023 (0.013)
2022-05-13 15:26:50,131:INFO:   Eta: 3:22:29
2022-05-13 15:27:53,175:INFO: Train: [57][2111/2112]  Loss -0.5397 (-1.0273)  Time:  0.770 (0.030)  Data Time:  0.020 (0.014)
2022-05-13 15:27:53,176:INFO:   Eta: 3:22:21
2022-05-13 15:28:54,017:INFO: Train: [58][2111/2112]  Loss -0.6194 (-1.0691)  Time:  0.784 (0.029)  Data Time:  0.000 (0.013)
2022-05-13 15:28:54,019:INFO:   Eta: 3:14:13
2022-05-13 15:29:56,016:INFO: Train: [59][2111/2112]  Loss -0.5100 (-0.9769)  Time:  0.799 (0.029)  Data Time:  0.002 (0.013)
2022-05-13 15:29:56,018:INFO:   Eta: 3:16:56
2022-05-13 15:30:56,872:INFO: Train: [60][2111/2112]  Loss -0.6545 (-1.0694)  Time:  0.830 (0.029)  Data Time:  0.021 (0.013)
2022-05-13 15:30:56,873:INFO:   Eta: 3:12:20
2022-05-13 15:32:02,569:INFO: Train: [61][2111/2112]  Loss -0.5024 (-1.0666)  Time:  0.880 (0.031)  Data Time:  0.001 (0.014)
2022-05-13 15:32:02,570:INFO:   Eta: 3:26:35
2022-05-13 15:33:09,731:INFO: Train: [62][2111/2112]  Loss -0.6309 (-0.9806)  Time:  0.844 (0.032)  Data Time:  0.020 (0.015)
2022-05-13 15:33:09,732:INFO:   Eta: 3:30:04
2022-05-13 15:34:03,810:INFO: Train: [63][2111/2112]  Loss -0.3948 (-1.0264)  Time:  0.222 (0.026)  Data Time:  0.000 (0.011)
2022-05-13 15:34:03,812:INFO:   Eta: 2:48:11
2022-05-13 15:34:18,062:INFO: Train: [64][2111/2112]  Loss -0.5822 (-1.0155)  Time:  0.224 (0.007)  Data Time:  0.000 (0.000)
2022-05-13 15:34:18,063:INFO:   Eta: 0:43:47
2022-05-13 15:35:01,560:INFO: Train: [65][2111/2112]  Loss -0.6373 (-1.0626)  Time:  0.802 (0.021)  Data Time:  0.022 (0.007)
2022-05-13 15:35:01,562:INFO:   Eta: 2:13:46
2022-05-13 15:36:01,535:INFO: Train: [66][2111/2112]  Loss -0.5352 (-1.1064)  Time:  0.838 (0.028)  Data Time:  0.020 (0.012)
2022-05-13 15:36:01,537:INFO:   Eta: 3:03:26
2022-05-13 15:37:02,066:INFO: Train: [67][2111/2112]  Loss -0.6394 (-1.1329)  Time:  0.828 (0.029)  Data Time:  0.016 (0.013)
2022-05-13 15:37:02,069:INFO:   Eta: 3:04:08
2022-05-13 15:38:03,073:INFO: Train: [68][2111/2112]  Loss -0.6100 (-1.1204)  Time:  0.713 (0.029)  Data Time:  0.001 (0.013)
2022-05-13 15:38:03,076:INFO:   Eta: 3:04:29
2022-05-13 15:39:02,579:INFO: Train: [69][2111/2112]  Loss -0.6495 (-1.0778)  Time:  0.868 (0.028)  Data Time:  0.000 (0.012)
2022-05-13 15:39:02,585:INFO:   Eta: 2:59:09
2022-05-13 15:40:04,110:INFO: Train: [70][2111/2112]  Loss -0.6133 (-1.1220)  Time:  0.705 (0.029)  Data Time:  0.022 (0.013)
2022-05-13 15:40:04,111:INFO:   Eta: 3:03:38
2022-05-13 15:41:05,777:INFO: Train: [71][2111/2112]  Loss -0.5716 (-1.1452)  Time:  0.737 (0.029)  Data Time:  0.022 (0.013)
2022-05-13 15:41:05,779:INFO:   Eta: 3:02:17
2022-05-13 15:42:06,710:INFO: Train: [72][2111/2112]  Loss -0.5896 (-1.1341)  Time:  0.846 (0.029)  Data Time:  0.023 (0.013)
2022-05-13 15:42:06,715:INFO:   Eta: 2:59:01
2022-05-13 15:43:08,347:INFO: Train: [73][2111/2112]  Loss -0.6280 (-1.0666)  Time:  0.801 (0.029)  Data Time:  0.001 (0.013)
2022-05-13 15:43:08,348:INFO:   Eta: 3:00:31
2022-05-13 15:44:10,232:INFO: Train: [74][2111/2112]  Loss -0.6844 (-1.1466)  Time:  0.724 (0.029)  Data Time:  0.002 (0.013)
2022-05-13 15:44:10,235:INFO:   Eta: 3:01:11
2022-05-13 15:45:12,352:INFO: Train: [75][2111/2112]  Loss -0.5525 (-1.2071)  Time:  0.886 (0.029)  Data Time:  0.022 (0.013)
2022-05-13 15:45:12,353:INFO:   Eta: 3:00:49
2022-05-13 15:46:18,516:INFO: Train: [76][2111/2112]  Loss -0.6527 (-1.0808)  Time:  0.858 (0.031)  Data Time:  0.022 (0.014)
2022-05-13 15:46:18,519:INFO:   Eta: 3:11:02
2022-05-13 15:47:20,715:INFO: Train: [77][2111/2112]  Loss -0.5817 (-1.1275)  Time:  0.820 (0.029)  Data Time:  0.015 (0.013)
2022-05-13 15:47:20,716:INFO:   Eta: 2:58:55
2022-05-13 15:48:23,154:INFO: Train: [78][2111/2112]  Loss -0.6224 (-1.1867)  Time:  0.268 (0.030)  Data Time:  0.000 (0.013)
2022-05-13 15:48:23,156:INFO:   Eta: 2:58:39
2022-05-13 15:48:37,404:INFO: Train: [79][2111/2112]  Loss -0.5422 (-1.1514)  Time:  0.244 (0.007)  Data Time:  0.000 (0.000)
2022-05-13 15:48:37,405:INFO:   Eta: 0:40:14
2022-05-13 15:49:08,348:INFO: Train: [80][2111/2112]  Loss -0.5836 (-1.1164)  Time:  0.927 (0.015)  Data Time:  0.022 (0.004)
2022-05-13 15:49:08,351:INFO:   Eta: 1:27:13
2022-05-13 15:50:12,456:INFO: Train: [81][2111/2112]  Loss -0.5906 (-1.2527)  Time:  0.773 (0.030)  Data Time:  0.006 (0.013)
2022-05-13 15:50:12,457:INFO:   Eta: 3:00:01
2022-05-13 15:51:15,667:INFO: Train: [82][2111/2112]  Loss -0.6628 (-1.1643)  Time:  0.915 (0.030)  Data Time:  0.023 (0.013)
2022-05-13 15:51:15,669:INFO:   Eta: 2:56:37
2022-05-13 15:52:21,195:INFO: Train: [83][2111/2112]  Loss -0.5470 (-1.0950)  Time:  0.869 (0.031)  Data Time:  0.022 (0.014)
2022-05-13 15:52:21,196:INFO:   Eta: 3:01:54
2022-05-13 15:53:23,996:INFO: Train: [84][2111/2112]  Loss -0.5707 (-1.1441)  Time:  0.849 (0.030)  Data Time:  0.010 (0.013)
2022-05-13 15:53:23,998:INFO:   Eta: 2:53:23
2022-05-13 15:54:25,553:INFO: Train: [85][2111/2112]  Loss -0.6177 (-1.2016)  Time:  0.800 (0.029)  Data Time:  0.021 (0.012)
2022-05-13 15:54:25,556:INFO:   Eta: 2:48:53
2022-05-13 15:55:26,418:INFO: Train: [86][2111/2112]  Loss -0.5293 (-1.1627)  Time:  0.742 (0.029)  Data Time:  0.001 (0.012)
2022-05-13 15:55:26,421:INFO:   Eta: 2:45:59
2022-05-13 15:56:27,997:INFO: Train: [87][2111/2112]  Loss -0.5928 (-1.1865)  Time:  0.891 (0.029)  Data Time:  0.001 (0.012)
2022-05-13 15:56:27,999:INFO:   Eta: 2:46:53
2022-05-13 15:57:28,312:INFO: Train: [88][2111/2112]  Loss -0.6171 (-1.0928)  Time:  0.763 (0.028)  Data Time:  0.003 (0.012)
2022-05-13 15:57:28,315:INFO:   Eta: 2:42:29
2022-05-13 15:58:29,965:INFO: Train: [89][2111/2112]  Loss -0.7182 (-1.2722)  Time:  0.675 (0.029)  Data Time:  0.001 (0.013)
2022-05-13 15:58:29,968:INFO:   Eta: 2:45:01
2022-05-13 15:59:33,055:INFO: Train: [90][2111/2112]  Loss -0.6499 (-1.2148)  Time:  0.870 (0.030)  Data Time:  0.022 (0.013)
2022-05-13 15:59:33,059:INFO:   Eta: 2:47:48
2022-05-13 16:00:36,451:INFO: Train: [91][2111/2112]  Loss -0.6764 (-1.2964)  Time:  0.871 (0.030)  Data Time:  0.022 (0.013)
2022-05-13 16:00:36,453:INFO:   Eta: 2:47:42
2022-05-13 16:01:38,949:INFO: Train: [92][2111/2112]  Loss -0.7502 (-1.2660)  Time:  0.775 (0.030)  Data Time:  0.019 (0.013)
2022-05-13 16:01:38,951:INFO:   Eta: 2:44:15
2022-05-13 16:02:39,941:INFO: Train: [93][2111/2112]  Loss -0.5595 (-1.2018)  Time:  0.360 (0.029)  Data Time:  0.001 (0.013)
2022-05-13 16:02:39,950:INFO:   Eta: 2:39:17
2022-05-13 16:02:54,356:INFO: Train: [94][2111/2112]  Loss -0.7004 (-1.2844)  Time:  0.234 (0.007)  Data Time:  0.000 (0.000)
2022-05-13 16:02:54,358:INFO:   Eta: 0:37:08
2022-05-13 16:03:26,997:INFO: Train: [95][2111/2112]  Loss -0.6452 (-1.1529)  Time:  0.895 (0.015)  Data Time:  0.008 (0.005)
2022-05-13 16:03:26,999:INFO:   Eta: 1:22:20
2022-05-13 16:04:30,584:INFO: Train: [96][2111/2112]  Loss -0.6802 (-1.1545)  Time:  0.833 (0.030)  Data Time:  0.022 (0.014)
2022-05-13 16:04:30,587:INFO:   Eta: 2:42:46
2022-05-13 16:05:34,792:INFO: Train: [97][2111/2112]  Loss -0.7150 (-1.2204)  Time:  0.893 (0.030)  Data Time:  0.021 (0.014)
2022-05-13 16:05:34,793:INFO:   Eta: 2:43:26
2022-05-13 16:06:37,175:INFO: Train: [98][2111/2112]  Loss -0.6799 (-1.1706)  Time:  0.914 (0.029)  Data Time:  0.023 (0.013)
2022-05-13 16:06:37,177:INFO:   Eta: 2:37:25
2022-05-13 16:07:40,269:INFO: Train: [99][2111/2112]  Loss -0.6074 (-1.1969)  Time:  0.835 (0.030)  Data Time:  0.023 (0.013)
2022-05-13 16:07:40,270:INFO:   Eta: 2:38:30
2022-05-13 16:08:44,419:INFO: Train: [100][2111/2112]  Loss -0.7036 (-1.2836)  Time:  0.800 (0.030)  Data Time:  0.001 (0.014)
2022-05-13 16:08:44,420:INFO:   Eta: 2:40:05
2022-05-13 16:09:47,729:INFO: Train: [101][2111/2112]  Loss -0.6521 (-1.3237)  Time:  0.938 (0.030)  Data Time:  0.023 (0.013)
2022-05-13 16:09:47,733:INFO:   Eta: 2:36:54
2022-05-13 16:10:49,364:INFO: Train: [102][2111/2112]  Loss -0.6478 (-1.1438)  Time:  0.817 (0.029)  Data Time:  0.003 (0.013)
2022-05-13 16:10:49,365:INFO:   Eta: 2:31:43
2022-05-13 16:11:51,209:INFO: Train: [103][2111/2112]  Loss -0.7318 (-1.3304)  Time:  0.668 (0.029)  Data Time:  0.017 (0.013)
2022-05-13 16:11:51,211:INFO:   Eta: 2:31:12
2022-05-13 16:12:51,993:INFO: Train: [104][2111/2112]  Loss -0.7098 (-1.3255)  Time:  0.896 (0.029)  Data Time:  0.001 (0.013)
2022-05-13 16:12:51,995:INFO:   Eta: 2:27:38
2022-05-13 16:13:53,134:INFO: Train: [105][2111/2112]  Loss -0.5604 (-1.3364)  Time:  0.889 (0.029)  Data Time:  0.021 (0.013)
2022-05-13 16:13:53,136:INFO:   Eta: 2:27:24
2022-05-13 16:14:57,434:INFO: Train: [106][2111/2112]  Loss -0.6791 (-1.2851)  Time:  0.870 (0.030)  Data Time:  0.001 (0.013)
2022-05-13 16:14:57,436:INFO:   Eta: 2:34:01
2022-05-13 16:15:59,868:INFO: Train: [107][2111/2112]  Loss -0.5869 (-1.3184)  Time:  0.793 (0.030)  Data Time:  0.007 (0.013)
2022-05-13 16:15:59,869:INFO:   Eta: 2:28:30
2022-05-13 16:16:57,894:INFO: Train: [108][2111/2112]  Loss -0.6039 (-1.2312)  Time:  0.220 (0.027)  Data Time:  0.000 (0.013)
2022-05-13 16:16:57,896:INFO:   Eta: 2:16:48
2022-05-13 16:17:12,495:INFO: Train: [109][2111/2112]  Loss -0.6349 (-1.3543)  Time:  0.237 (0.007)  Data Time:  0.000 (0.000)
2022-05-13 16:17:12,497:INFO:   Eta: 0:33:56
2022-05-13 16:17:50,923:INFO: Train: [110][2111/2112]  Loss -0.5655 (-1.2998)  Time:  0.845 (0.018)  Data Time:  0.020 (0.007)
2022-05-13 16:17:50,928:INFO:   Eta: 1:29:16
2022-05-13 16:18:52,286:INFO: Train: [111][2111/2112]  Loss -0.7085 (-1.2271)  Time:  0.815 (0.029)  Data Time:  0.002 (0.013)
2022-05-13 16:18:52,289:INFO:   Eta: 2:21:47
2022-05-13 16:19:56,078:INFO: Train: [112][2111/2112]  Loss -0.5605 (-1.4221)  Time:  0.882 (0.030)  Data Time:  0.022 (0.014)
2022-05-13 16:19:56,082:INFO:   Eta: 2:26:24
2022-05-13 16:20:58,661:INFO: Train: [113][2111/2112]  Loss -0.7950 (-1.3747)  Time:  0.731 (0.030)  Data Time:  0.023 (0.013)
2022-05-13 16:20:58,664:INFO:   Eta: 2:22:35
2022-05-13 16:22:00,830:INFO: Train: [114][2111/2112]  Loss -0.6842 (-1.3121)  Time:  0.840 (0.029)  Data Time:  0.022 (0.013)
2022-05-13 16:22:00,833:INFO:   Eta: 2:20:37
2022-05-13 16:23:05,841:INFO: Train: [115][2111/2112]  Loss -0.6334 (-1.3094)  Time:  0.903 (0.031)  Data Time:  0.000 (0.014)
2022-05-13 16:23:05,846:INFO:   Eta: 2:25:59
2022-05-13 16:24:09,327:INFO: Train: [116][2111/2112]  Loss -0.7826 (-1.2348)  Time:  0.829 (0.030)  Data Time:  0.000 (0.014)
2022-05-13 16:24:09,328:INFO:   Eta: 2:21:31
2022-05-13 16:25:12,454:INFO: Train: [117][2111/2112]  Loss -0.6747 (-1.2654)  Time:  0.829 (0.030)  Data Time:  0.000 (0.014)
2022-05-13 16:25:12,456:INFO:   Eta: 2:19:39
2022-05-13 16:26:14,811:INFO: Train: [118][2111/2112]  Loss -0.5850 (-1.2176)  Time:  0.732 (0.029)  Data Time:  0.001 (0.013)
2022-05-13 16:26:14,815:INFO:   Eta: 2:16:43
2022-05-13 16:27:17,518:INFO: Train: [119][2111/2112]  Loss -0.6347 (-1.3675)  Time:  0.869 (0.030)  Data Time:  0.022 (0.013)
2022-05-13 16:27:17,520:INFO:   Eta: 2:16:39
2022-05-13 16:28:19,223:INFO: Train: [120][2111/2112]  Loss -0.7009 (-1.3886)  Time:  0.639 (0.029)  Data Time:  0.001 (0.013)
2022-05-13 16:28:19,225:INFO:   Eta: 2:13:26
2022-05-13 16:29:19,940:INFO: Train: [121][2111/2112]  Loss -0.7371 (-1.3185)  Time:  0.844 (0.029)  Data Time:  0.022 (0.013)
2022-05-13 16:29:19,942:INFO:   Eta: 2:10:12
2022-05-13 16:30:20,967:INFO: Train: [122][2111/2112]  Loss -0.6025 (-1.3494)  Time:  0.783 (0.029)  Data Time:  0.005 (0.013)
2022-05-13 16:30:20,968:INFO:   Eta: 2:09:38
2022-05-13 16:31:14,221:INFO: Train: [123][2111/2112]  Loss -0.5166 (-1.3551)  Time:  0.244 (0.025)  Data Time:  0.000 (0.011)
2022-05-13 16:31:14,222:INFO:   Eta: 1:52:26
2022-05-13 16:31:29,002:INFO: Train: [124][2111/2112]  Loss -0.6822 (-1.3304)  Time:  0.246 (0.007)  Data Time:  0.000 (0.000)
2022-05-13 16:31:29,003:INFO:   Eta: 0:30:39
2022-05-13 16:32:17,755:INFO: Train: [125][2111/2112]  Loss -0.6425 (-1.4082)  Time:  0.849 (0.023)  Data Time:  0.000 (0.009)
2022-05-13 16:32:17,756:INFO:   Eta: 1:41:15
2022-05-13 16:33:20,553:INFO: Train: [126][2111/2112]  Loss -0.7019 (-1.2878)  Time:  0.807 (0.030)  Data Time:  0.022 (0.013)
2022-05-13 16:33:20,555:INFO:   Eta: 2:09:28
2022-05-13 16:34:23,058:INFO: Train: [127][2111/2112]  Loss -0.6429 (-1.3433)  Time:  0.866 (0.030)  Data Time:  0.014 (0.013)
2022-05-13 16:34:23,061:INFO:   Eta: 2:07:47
2022-05-13 16:35:27,897:INFO: Train: [128][2111/2112]  Loss -0.7201 (-1.3480)  Time:  0.912 (0.031)  Data Time:  0.016 (0.014)
2022-05-13 16:35:27,899:INFO:   Eta: 2:11:32
2022-05-13 16:36:31,090:INFO: Train: [129][2111/2112]  Loss -0.6999 (-1.3696)  Time:  0.928 (0.030)  Data Time:  0.016 (0.014)
2022-05-13 16:36:31,096:INFO:   Eta: 2:07:09
2022-05-13 16:37:34,683:INFO: Train: [130][2111/2112]  Loss -0.7909 (-1.3679)  Time:  0.811 (0.030)  Data Time:  0.021 (0.013)
2022-05-13 16:37:34,685:INFO:   Eta: 2:06:53
2022-05-13 16:38:36,646:INFO: Train: [131][2111/2112]  Loss -0.5994 (-1.2994)  Time:  0.825 (0.029)  Data Time:  0.021 (0.013)
2022-05-13 16:38:36,649:INFO:   Eta: 2:02:38
2022-05-13 16:39:40,390:INFO: Train: [132][2111/2112]  Loss -0.6807 (-1.3392)  Time:  0.814 (0.030)  Data Time:  0.021 (0.014)
2022-05-13 16:39:40,392:INFO:   Eta: 2:05:08
2022-05-13 16:40:42,787:INFO: Train: [133][2111/2112]  Loss -0.7488 (-1.4056)  Time:  0.843 (0.029)  Data Time:  0.002 (0.014)
2022-05-13 16:40:42,791:INFO:   Eta: 2:01:17
2022-05-13 16:41:45,384:INFO: Train: [134][2111/2112]  Loss -0.6291 (-1.3661)  Time:  0.866 (0.030)  Data Time:  0.022 (0.013)
2022-05-13 16:41:45,385:INFO:   Eta: 2:00:40
2022-05-13 16:42:48,632:INFO: Train: [135][2111/2112]  Loss -0.6595 (-1.3802)  Time:  0.830 (0.030)  Data Time:  0.010 (0.014)
2022-05-13 16:42:48,635:INFO:   Eta: 2:00:56
2022-05-13 16:43:50,722:INFO: Train: [136][2111/2112]  Loss -0.7045 (-1.4322)  Time:  0.824 (0.029)  Data Time:  0.022 (0.013)
2022-05-13 16:43:50,726:INFO:   Eta: 1:57:40
2022-05-13 16:44:54,667:INFO: Train: [137][2111/2112]  Loss -0.7012 (-1.3372)  Time:  0.873 (0.030)  Data Time:  0.021 (0.014)
2022-05-13 16:44:54,713:INFO:   Eta: 2:00:09
2022-05-13 16:45:32,647:INFO: Train: [138][2111/2112]  Loss -0.5973 (-1.2729)  Time:  0.267 (0.018)  Data Time:  0.000 (0.007)
2022-05-13 16:45:32,648:INFO:   Eta: 1:10:34
2022-05-13 16:45:54,910:INFO: Train: [139][2111/2112]  Loss -0.6814 (-1.3834)  Time:  0.370 (0.010)  Data Time:  0.001 (0.002)
2022-05-13 16:45:54,913:INFO:   Eta: 0:40:56
2022-05-13 16:46:17,929:INFO: Train: [140][2111/2112]  Loss -0.7302 (-1.2646)  Time:  0.230 (0.011)  Data Time:  0.000 (0.002)
2022-05-13 16:46:17,931:INFO:   Eta: 0:41:23
2022-05-13 16:46:50,954:INFO: Train: [141][2111/2112]  Loss -0.7295 (-1.2437)  Time:  0.741 (0.016)  Data Time:  0.002 (0.005)
2022-05-13 16:46:50,956:INFO:   Eta: 0:59:45
2022-05-13 16:47:51,579:INFO: Train: [142][2111/2112]  Loss -0.7765 (-1.2933)  Time:  0.938 (0.029)  Data Time:  0.006 (0.013)
2022-05-13 16:47:51,581:INFO:   Eta: 1:48:48
2022-05-13 16:48:57,463:INFO: Train: [143][2111/2112]  Loss -0.7663 (-1.3803)  Time:  0.926 (0.031)  Data Time:  0.021 (0.014)
2022-05-13 16:48:57,465:INFO:   Eta: 1:57:18
2022-05-13 16:50:01,763:INFO: Train: [144][2111/2112]  Loss -0.6304 (-1.3020)  Time:  0.734 (0.030)  Data Time:  0.004 (0.014)
2022-05-13 16:50:01,764:INFO:   Eta: 1:53:19
2022-05-13 16:51:06,159:INFO: Train: [145][2111/2112]  Loss -0.7040 (-1.3010)  Time:  0.915 (0.030)  Data Time:  0.001 (0.013)
2022-05-13 16:51:06,162:INFO:   Eta: 1:52:18
2022-05-13 16:52:11,503:INFO: Train: [146][2111/2112]  Loss -0.7506 (-1.4273)  Time:  0.885 (0.031)  Data Time:  0.023 (0.014)
2022-05-13 16:52:11,506:INFO:   Eta: 1:52:56
2022-05-13 16:53:13,533:INFO: Train: [147][2111/2112]  Loss -0.7110 (-1.3986)  Time:  0.683 (0.029)  Data Time:  0.010 (0.013)
2022-05-13 16:53:13,537:INFO:   Eta: 1:46:14
2022-05-13 16:54:17,399:INFO: Train: [148][2111/2112]  Loss -0.7596 (-1.3907)  Time:  0.912 (0.030)  Data Time:  0.016 (0.014)
2022-05-13 16:54:17,403:INFO:   Eta: 1:48:19
2022-05-13 16:55:23,772:INFO: Train: [149][2111/2112]  Loss -0.7725 (-1.3812)  Time:  0.749 (0.031)  Data Time:  0.022 (0.014)
2022-05-13 16:55:23,776:INFO:   Eta: 1:51:32
2022-05-13 16:56:27,341:INFO: Train: [150][2111/2112]  Loss -0.7277 (-1.4665)  Time:  0.890 (0.030)  Data Time:  0.022 (0.014)
2022-05-13 16:56:27,343:INFO:   Eta: 1:45:41
2022-05-13 16:57:30,678:INFO: Train: [151][2111/2112]  Loss -0.7847 (-1.5594)  Time:  0.760 (0.030)  Data Time:  0.021 (0.013)
2022-05-13 16:57:30,679:INFO:   Eta: 1:44:15
2022-05-13 16:57:40,718:INFO: Valid: [151][500/501]  Loss -5.1627 (-3.2017)
2022-05-13 16:57:40,811:INFO: Checkpoint saved...
2022-05-13 16:58:43,020:INFO: Train: [152][2111/2112]  Loss -0.8341 (-1.5452)  Time:  0.755 (0.029)  Data Time:  0.002 (0.013)
2022-05-13 16:58:43,023:INFO:   Eta: 1:41:26
2022-05-13 16:58:52,960:INFO: Valid: [152][500/501]  Loss -4.8108 (-2.9542)
2022-05-13 16:59:55,242:INFO: Train: [153][2111/2112]  Loss -0.8339 (-1.4852)  Time:  0.865 (0.029)  Data Time:  0.022 (0.013)
2022-05-13 16:59:55,243:INFO:   Eta: 1:40:29
2022-05-13 17:00:04,929:INFO: Valid: [153][500/501]  Loss -2.6406 (-1.5882)
2022-05-13 17:00:29,782:INFO: Train: [154][2111/2112]  Loss -0.7994 (-1.5707)  Time:  0.214 (0.012)  Data Time:  0.000 (0.003)
2022-05-13 17:00:29,784:INFO:   Eta: 0:39:33
2022-05-13 17:00:33,555:INFO: Valid: [154][500/501]  Loss -2.3216 (-1.5347)
2022-05-13 17:00:48,279:INFO: Train: [155][2111/2112]  Loss -0.8284 (-1.5462)  Time:  0.285 (0.007)  Data Time:  0.000 (0.000)
2022-05-13 17:00:48,281:INFO:   Eta: 0:23:07
2022-05-13 17:00:58,185:INFO: Valid: [155][500/501]  Loss -2.2628 (-1.5226)
2022-05-13 17:02:01,800:INFO: Train: [156][2111/2112]  Loss -0.7585 (-1.5755)  Time:  0.743 (0.030)  Data Time:  0.002 (0.014)
2022-05-13 17:02:01,804:INFO:   Eta: 1:39:17
2022-05-13 17:02:11,421:INFO: Valid: [156][500/501]  Loss -4.9702 (-2.9722)
2022-05-13 17:03:12,166:INFO: Train: [157][2111/2112]  Loss -0.8102 (-1.4395)  Time:  0.857 (0.029)  Data Time:  0.023 (0.013)
2022-05-13 17:03:12,167:INFO:   Eta: 1:33:56
2022-05-13 17:03:21,594:INFO: Valid: [157][500/501]  Loss -4.0021 (-2.3982)
2022-05-13 17:04:25,279:INFO: Train: [158][2111/2112]  Loss -0.8492 (-1.4769)  Time:  0.845 (0.030)  Data Time:  0.022 (0.014)
2022-05-13 17:04:25,282:INFO:   Eta: 1:37:23
2022-05-13 17:04:34,947:INFO: Valid: [158][500/501]  Loss -4.1771 (-2.5184)
2022-05-13 17:05:38,861:INFO: Train: [159][2111/2112]  Loss -0.7287 (-1.5538)  Time:  0.810 (0.030)  Data Time:  0.022 (0.014)
2022-05-13 17:05:38,864:INFO:   Eta: 1:36:44
2022-05-13 17:05:48,717:INFO: Valid: [159][500/501]  Loss -4.0010 (-2.4783)
2022-05-13 17:06:52,098:INFO: Train: [160][2111/2112]  Loss -0.8710 (-1.4885)  Time:  0.841 (0.030)  Data Time:  0.022 (0.014)
2022-05-13 17:06:52,099:INFO:   Eta: 1:34:49
2022-05-13 17:07:01,834:INFO: Valid: [160][500/501]  Loss -4.7408 (-2.8745)
2022-05-13 17:08:04,976:INFO: Train: [161][2111/2112]  Loss -0.8200 (-1.5502)  Time:  0.915 (0.030)  Data Time:  0.022 (0.013)
2022-05-13 17:08:04,978:INFO:   Eta: 1:33:27
2022-05-13 17:08:14,698:INFO: Valid: [161][500/501]  Loss -2.8912 (-1.8061)
2022-05-13 17:09:16,795:INFO: Train: [162][2111/2112]  Loss -0.8054 (-1.5358)  Time:  0.750 (0.029)  Data Time:  0.017 (0.013)
2022-05-13 17:09:16,797:INFO:   Eta: 1:30:53
2022-05-13 17:09:27,273:INFO: Valid: [162][500/501]  Loss -4.7166 (-2.9110)
2022-05-13 17:10:29,787:INFO: Train: [163][2111/2112]  Loss -0.7657 (-1.4312)  Time:  0.876 (0.030)  Data Time:  0.023 (0.013)
2022-05-13 17:10:29,789:INFO:   Eta: 1:30:24
2022-05-13 17:10:38,787:INFO: Valid: [163][500/501]  Loss -4.5515 (-2.7634)
2022-05-13 17:11:41,541:INFO: Train: [164][2111/2112]  Loss -0.7123 (-1.5873)  Time:  0.861 (0.030)  Data Time:  0.001 (0.013)
2022-05-13 17:11:41,543:INFO:   Eta: 1:29:43
2022-05-13 17:11:51,367:INFO: Valid: [164][500/501]  Loss -5.3749 (-3.3421)
2022-05-13 17:11:51,449:INFO: Checkpoint saved...
2022-05-13 17:12:54,700:INFO: Train: [165][2111/2112]  Loss -0.7744 (-1.4633)  Time:  0.781 (0.030)  Data Time:  0.002 (0.014)
2022-05-13 17:12:54,703:INFO:   Eta: 1:29:26
2022-05-13 17:13:04,400:INFO: Valid: [165][500/501]  Loss -4.6156 (-2.8135)
2022-05-13 17:14:06,439:INFO: Train: [166][2111/2112]  Loss -0.7628 (-1.5734)  Time:  0.877 (0.029)  Data Time:  0.021 (0.013)
2022-05-13 17:14:06,441:INFO:   Eta: 1:26:29
2022-05-13 17:14:16,399:INFO: Valid: [166][500/501]  Loss -4.8205 (-2.9152)
2022-05-13 17:14:47,638:INFO: Train: [167][2111/2112]  Loss -0.7628 (-1.5823)  Time:  0.212 (0.015)  Data Time:  0.000 (0.005)
2022-05-13 17:14:47,695:INFO:   Eta: 0:43:00
2022-05-13 17:14:51,357:INFO: Valid: [167][500/501]  Loss -5.1405 (-3.1690)
2022-05-13 17:15:06,014:INFO: Train: [168][2111/2112]  Loss -0.8654 (-1.5713)  Time:  0.248 (0.007)  Data Time:  0.000 (0.000)
2022-05-13 17:15:06,015:INFO:   Eta: 0:19:52
2022-05-13 17:15:12,279:INFO: Valid: [168][500/501]  Loss -4.5523 (-2.8335)
2022-05-13 17:16:15,098:INFO: Train: [169][2111/2112]  Loss -0.8293 (-1.5818)  Time:  0.701 (0.030)  Data Time:  0.023 (0.014)
2022-05-13 17:16:15,100:INFO:   Eta: 1:24:24
2022-05-13 17:16:25,074:INFO: Valid: [169][500/501]  Loss -5.5637 (-3.4528)
2022-05-13 17:16:25,165:INFO: Checkpoint saved...
2022-05-13 17:17:27,172:INFO: Train: [170][2111/2112]  Loss -0.7945 (-1.5579)  Time:  0.802 (0.029)  Data Time:  0.023 (0.013)
2022-05-13 17:17:27,174:INFO:   Eta: 1:22:30
2022-05-13 17:17:36,932:INFO: Valid: [170][500/501]  Loss 0.6304 (0.0497)
2022-05-13 17:18:38,656:INFO: Train: [171][2111/2112]  Loss -0.6607 (-1.5659)  Time:  0.773 (0.029)  Data Time:  0.009 (0.013)
2022-05-13 17:18:38,658:INFO:   Eta: 1:21:03
2022-05-13 17:18:49,169:INFO: Valid: [171][500/501]  Loss -4.1984 (-2.6556)
2022-05-13 17:19:53,163:INFO: Train: [172][2111/2112]  Loss -0.7577 (-1.5031)  Time:  0.728 (0.030)  Data Time:  0.021 (0.014)
2022-05-13 17:19:53,166:INFO:   Eta: 1:22:50
2022-05-13 17:20:03,076:INFO: Valid: [172][500/501]  Loss -3.0440 (-1.9796)
2022-05-13 17:21:05,910:INFO: Train: [173][2111/2112]  Loss -0.7263 (-1.5773)  Time:  0.790 (0.030)  Data Time:  0.022 (0.013)
2022-05-13 17:21:05,913:INFO:   Eta: 1:20:11
2022-05-13 17:21:16,084:INFO: Valid: [173][500/501]  Loss -4.5309 (-2.8010)
2022-05-13 17:22:17,972:INFO: Train: [174][2111/2112]  Loss -0.7804 (-1.6075)  Time:  0.900 (0.029)  Data Time:  0.022 (0.013)
2022-05-13 17:22:17,975:INFO:   Eta: 1:18:00
2022-05-13 17:22:27,574:INFO: Valid: [174][500/501]  Loss -3.7528 (-2.3880)
2022-05-13 17:23:29,132:INFO: Train: [175][2111/2112]  Loss -0.7784 (-1.6117)  Time:  0.859 (0.029)  Data Time:  0.023 (0.013)
2022-05-13 17:23:29,135:INFO:   Eta: 1:16:48
2022-05-13 17:23:38,407:INFO: Valid: [175][500/501]  Loss -3.0798 (-2.0330)
2022-05-13 17:24:42,095:INFO: Train: [176][2111/2112]  Loss -0.8250 (-1.4597)  Time:  0.898 (0.030)  Data Time:  0.023 (0.013)
2022-05-13 17:24:42,097:INFO:   Eta: 1:18:22
2022-05-13 17:24:51,615:INFO: Valid: [176][500/501]  Loss -4.6841 (-2.8643)
2022-05-13 17:25:55,239:INFO: Train: [177][2111/2112]  Loss -0.7805 (-1.6081)  Time:  0.692 (0.030)  Data Time:  0.001 (0.014)
2022-05-13 17:25:55,241:INFO:   Eta: 1:17:12
2022-05-13 17:26:04,892:INFO: Valid: [177][500/501]  Loss -3.8294 (-2.2434)
2022-05-13 17:27:09,082:INFO: Train: [178][2111/2112]  Loss -0.6876 (-1.4994)  Time:  0.874 (0.030)  Data Time:  0.023 (0.014)
2022-05-13 17:27:09,084:INFO:   Eta: 1:16:51
2022-05-13 17:27:17,900:INFO: Valid: [178][500/501]  Loss -5.5323 (-3.4507)
2022-05-13 17:28:20,363:INFO: Train: [179][2111/2112]  Loss -0.8266 (-1.5787)  Time:  0.821 (0.029)  Data Time:  0.023 (0.013)
2022-05-13 17:28:20,365:INFO:   Eta: 1:13:41
2022-05-13 17:28:30,033:INFO: Valid: [179][500/501]  Loss -5.2361 (-3.2441)
2022-05-13 17:29:07,948:INFO: Train: [180][2111/2112]  Loss -0.7674 (-1.5804)  Time:  0.237 (0.018)  Data Time:  0.000 (0.007)
2022-05-13 17:29:07,950:INFO:   Eta: 0:44:05
2022-05-13 17:29:11,782:INFO: Valid: [180][500/501]  Loss -4.9798 (-3.0069)
2022-05-13 17:29:26,287:INFO: Train: [181][2111/2112]  Loss -0.8196 (-1.5577)  Time:  0.285 (0.007)  Data Time:  0.000 (0.000)
2022-05-13 17:29:26,288:INFO:   Eta: 0:16:31
2022-05-13 17:29:30,284:INFO: Valid: [181][500/501]  Loss -4.7637 (-2.8975)
2022-05-13 17:30:17,755:INFO: Train: [182][2111/2112]  Loss -0.8108 (-1.5151)  Time:  0.850 (0.022)  Data Time:  0.003 (0.009)
2022-05-13 17:30:17,758:INFO:   Eta: 0:53:38
2022-05-13 17:30:27,116:INFO: Valid: [182][500/501]  Loss -4.6812 (-2.8250)
2022-05-13 17:31:29,111:INFO: Train: [183][2111/2112]  Loss -0.8566 (-1.5017)  Time:  0.901 (0.029)  Data Time:  0.022 (0.013)
2022-05-13 17:31:29,114:INFO:   Eta: 1:09:02
2022-05-13 17:31:38,799:INFO: Valid: [183][500/501]  Loss -4.3866 (-2.7580)
2022-05-13 17:32:41,755:INFO: Train: [184][2111/2112]  Loss -0.7959 (-1.5016)  Time:  0.788 (0.030)  Data Time:  0.000 (0.014)
2022-05-13 17:32:41,757:INFO:   Eta: 1:08:41
2022-05-13 17:32:51,743:INFO: Valid: [184][500/501]  Loss -2.7664 (-1.7848)
2022-05-13 17:33:53,671:INFO: Train: [185][2111/2112]  Loss -0.7658 (-1.4578)  Time:  0.698 (0.029)  Data Time:  0.002 (0.013)
2022-05-13 17:33:53,673:INFO:   Eta: 1:06:54
2022-05-13 17:34:03,376:INFO: Valid: [185][500/501]  Loss -5.2347 (-3.2260)
2022-05-13 17:35:06,293:INFO: Train: [186][2111/2112]  Loss -0.8658 (-1.5905)  Time:  0.804 (0.030)  Data Time:  0.000 (0.013)
2022-05-13 17:35:06,296:INFO:   Eta: 1:06:57
2022-05-13 17:35:15,777:INFO: Valid: [186][500/501]  Loss -3.5416 (-2.2288)
2022-05-13 17:36:17,190:INFO: Train: [187][2111/2112]  Loss -0.7866 (-1.5329)  Time:  0.954 (0.029)  Data Time:  0.023 (0.013)
2022-05-13 17:36:17,191:INFO:   Eta: 1:04:21
2022-05-13 17:36:26,836:INFO: Valid: [187][500/501]  Loss -2.8976 (-1.9101)
2022-05-13 17:37:31,832:INFO: Train: [188][2111/2112]  Loss -0.7629 (-1.6017)  Time:  0.882 (0.031)  Data Time:  0.019 (0.014)
2022-05-13 17:37:31,834:INFO:   Eta: 1:07:00
2022-05-13 17:37:41,261:INFO: Valid: [188][500/501]  Loss -1.9432 (-1.3637)
2022-05-13 17:38:43,806:INFO: Train: [189][2111/2112]  Loss -0.8239 (-1.5963)  Time:  0.753 (0.030)  Data Time:  0.002 (0.013)
2022-05-13 17:38:43,808:INFO:   Eta: 1:03:27
2022-05-13 17:38:53,294:INFO: Valid: [189][500/501]  Loss -4.5330 (-2.9098)
2022-05-13 17:39:53,833:INFO: Train: [190][2111/2112]  Loss -0.8298 (-1.5211)  Time:  0.832 (0.029)  Data Time:  0.022 (0.013)
2022-05-13 17:39:53,836:INFO:   Eta: 1:00:25
2022-05-13 17:40:03,344:INFO: Valid: [190][500/501]  Loss -2.0765 (-1.4433)
2022-05-13 17:41:08,345:INFO: Train: [191][2111/2112]  Loss -0.8327 (-1.5545)  Time:  0.830 (0.031)  Data Time:  0.023 (0.014)
2022-05-13 17:41:08,346:INFO:   Eta: 1:03:41
2022-05-13 17:41:18,338:INFO: Valid: [191][500/501]  Loss -4.5902 (-2.8487)
2022-05-13 17:42:22,265:INFO: Train: [192][2111/2112]  Loss -0.8704 (-1.5676)  Time:  0.776 (0.030)  Data Time:  0.001 (0.014)
2022-05-13 17:42:22,266:INFO:   Eta: 1:01:40
2022-05-13 17:42:32,010:INFO: Valid: [192][500/501]  Loss -5.1652 (-3.1199)
2022-05-13 17:43:29,382:INFO: Train: [193][2111/2112]  Loss -0.7568 (-1.5940)  Time:  0.334 (0.027)  Data Time:  0.000 (0.012)
2022-05-13 17:43:29,448:INFO:   Eta: 0:54:19
2022-05-13 17:43:33,213:INFO: Valid: [193][500/501]  Loss -4.7856 (-2.9977)
2022-05-13 17:43:48,192:INFO: Train: [194][2111/2112]  Loss -0.7668 (-1.5153)  Time:  0.217 (0.007)  Data Time:  0.000 (0.000)
2022-05-13 17:43:48,194:INFO:   Eta: 0:13:17
2022-05-13 17:43:51,930:INFO: Valid: [194][500/501]  Loss -3.4967 (-2.2263)
2022-05-13 17:44:16,707:INFO: Train: [195][2111/2112]  Loss -0.7845 (-1.6196)  Time:  0.773 (0.012)  Data Time:  0.005 (0.003)
2022-05-13 17:44:16,709:INFO:   Eta: 0:22:35
2022-05-13 17:44:26,131:INFO: Valid: [195][500/501]  Loss -4.8604 (-3.0145)
2022-05-13 17:45:29,323:INFO: Train: [196][2111/2112]  Loss -0.7813 (-1.6221)  Time:  0.875 (0.030)  Data Time:  0.017 (0.014)
2022-05-13 17:45:29,326:INFO:   Eta: 0:56:45
2022-05-13 17:45:38,805:INFO: Valid: [196][500/501]  Loss -5.1766 (-3.1984)
2022-05-13 17:46:40,771:INFO: Train: [197][2111/2112]  Loss -0.8153 (-1.5658)  Time:  0.651 (0.029)  Data Time:  0.021 (0.014)
2022-05-13 17:46:40,773:INFO:   Eta: 0:54:37
2022-05-13 17:46:50,658:INFO: Valid: [197][500/501]  Loss -5.4168 (-3.3674)
2022-05-13 17:47:51,951:INFO: Train: [198][2111/2112]  Loss -0.8204 (-1.5937)  Time:  0.833 (0.029)  Data Time:  0.002 (0.013)
2022-05-13 17:47:51,954:INFO:   Eta: 0:53:00
2022-05-13 17:48:01,651:INFO: Valid: [198][500/501]  Loss -4.5659 (-2.8829)
2022-05-13 17:49:03,858:INFO: Train: [199][2111/2112]  Loss -0.7754 (-1.4325)  Time:  0.792 (0.029)  Data Time:  0.017 (0.013)
2022-05-13 17:49:03,860:INFO:   Eta: 0:52:43
2022-05-13 17:49:13,700:INFO: Valid: [199][500/501]  Loss -4.6754 (-2.8485)
2022-05-13 17:50:17,191:INFO: Train: [200][2111/2112]  Loss -0.6630 (-1.5908)  Time:  0.887 (0.030)  Data Time:  0.023 (0.014)
2022-05-13 17:50:17,192:INFO:   Eta: 0:52:47
2022-05-13 17:50:26,603:INFO: Valid: [200][500/501]  Loss -4.8590 (-3.1015)
2022-05-13 17:51:28,804:INFO: Train: [201][2111/2112]  Loss -0.6993 (-1.6298)  Time:  0.730 (0.029)  Data Time:  0.001 (0.013)
2022-05-13 17:51:28,807:INFO:   Eta: 0:50:39
2022-05-13 17:51:38,415:INFO: Valid: [201][500/501]  Loss -5.1997 (-3.2058)
2022-05-13 17:52:40,707:INFO: Train: [202][2111/2112]  Loss -0.7506 (-1.5953)  Time:  0.835 (0.029)  Data Time:  0.022 (0.013)
2022-05-13 17:52:40,709:INFO:   Eta: 0:49:40
2022-05-13 17:52:50,252:INFO: Valid: [202][500/501]  Loss -5.7500 (-3.5538)
2022-05-13 17:52:50,333:INFO: Checkpoint saved...
2022-05-13 17:53:53,641:INFO: Train: [203][2111/2112]  Loss -0.7661 (-1.5521)  Time:  0.778 (0.030)  Data Time:  0.022 (0.014)
2022-05-13 17:53:53,643:INFO:   Eta: 0:49:30
2022-05-13 17:54:03,288:INFO: Valid: [203][500/501]  Loss -4.8409 (-2.9166)
2022-05-13 17:55:05,309:INFO: Train: [204][2111/2112]  Loss -0.8360 (-1.5966)  Time:  0.848 (0.029)  Data Time:  0.021 (0.013)
2022-05-13 17:55:05,311:INFO:   Eta: 0:47:25
2022-05-13 17:55:14,911:INFO: Valid: [204][500/501]  Loss -4.4105 (-2.7774)
2022-05-13 17:56:16,777:INFO: Train: [205][2111/2112]  Loss -0.7479 (-1.6066)  Time:  0.936 (0.029)  Data Time:  0.022 (0.013)
2022-05-13 17:56:16,781:INFO:   Eta: 0:46:13
2022-05-13 17:56:26,152:INFO: Valid: [205][500/501]  Loss -5.0191 (-3.1396)
2022-05-13 17:57:29,123:INFO: Train: [206][2111/2112]  Loss -0.7873 (-1.5283)  Time:  0.804 (0.030)  Data Time:  0.001 (0.013)
2022-05-13 17:57:29,125:INFO:   Eta: 0:46:03
2022-05-13 17:57:38,824:INFO: Valid: [206][500/501]  Loss -4.5257 (-2.8323)
2022-05-13 17:58:07,681:INFO: Train: [207][2111/2112]  Loss -0.7940 (-1.4751)  Time:  0.216 (0.014)  Data Time:  0.000 (0.004)
2022-05-13 17:58:07,732:INFO:   Eta: 0:20:33
2022-05-13 17:58:11,577:INFO: Valid: [207][500/501]  Loss -3.0442 (-1.9716)
2022-05-13 17:58:26,188:INFO: Train: [208][2111/2112]  Loss -0.8680 (-1.5209)  Time:  0.263 (0.007)  Data Time:  0.000 (0.000)
2022-05-13 17:58:26,190:INFO:   Eta: 0:10:08
2022-05-13 17:58:32,962:INFO: Valid: [208][500/501]  Loss -4.4566 (-2.7202)
2022-05-13 17:59:36,220:INFO: Train: [209][2111/2112]  Loss -0.8336 (-1.5994)  Time:  0.886 (0.030)  Data Time:  0.022 (0.013)
2022-05-13 17:59:36,297:INFO:   Eta: 0:43:03
2022-05-13 17:59:45,750:INFO: Valid: [209][500/501]  Loss -3.0468 (-2.0311)
2022-05-13 18:00:48,158:INFO: Train: [210][2111/2112]  Loss -0.8289 (-1.5570)  Time:  0.713 (0.029)  Data Time:  0.022 (0.013)
2022-05-13 18:00:48,159:INFO:   Eta: 0:41:22
2022-05-13 18:00:57,590:INFO: Valid: [210][500/501]  Loss 0.0295 (-0.3252)
2022-05-13 18:02:01,789:INFO: Train: [211][2111/2112]  Loss -0.8337 (-1.5885)  Time:  0.716 (0.030)  Data Time:  0.000 (0.014)
2022-05-13 18:02:01,791:INFO:   Eta: 0:41:37
2022-05-13 18:02:11,515:INFO: Valid: [211][500/501]  Loss -3.3337 (-2.1087)
2022-05-13 18:03:12,313:INFO: Train: [212][2111/2112]  Loss -0.7605 (-1.6008)  Time:  0.757 (0.029)  Data Time:  0.001 (0.013)
2022-05-13 18:03:12,316:INFO:   Eta: 0:38:22
2022-05-13 18:03:22,731:INFO: Valid: [212][500/501]  Loss -1.6997 (-1.0756)
2022-05-13 18:04:27,143:INFO: Train: [213][2111/2112]  Loss -0.8300 (-1.5417)  Time:  0.865 (0.030)  Data Time:  0.016 (0.014)
2022-05-13 18:04:27,145:INFO:   Eta: 0:39:36
2022-05-13 18:04:37,147:INFO: Valid: [213][500/501]  Loss -3.0745 (-2.0892)
2022-05-13 18:05:40,747:INFO: Train: [214][2111/2112]  Loss -0.7742 (-1.6294)  Time:  0.860 (0.030)  Data Time:  0.019 (0.014)
2022-05-13 18:05:40,749:INFO:   Eta: 0:38:03
2022-05-13 18:05:51,330:INFO: Valid: [214][500/501]  Loss -3.0212 (-1.8329)
2022-05-13 18:06:58,430:INFO: Train: [215][2111/2112]  Loss -0.8574 (-1.6043)  Time:  0.791 (0.032)  Data Time:  0.021 (0.014)
2022-05-13 18:06:58,433:INFO:   Eta: 0:39:03
2022-05-13 18:07:08,367:INFO: Valid: [215][500/501]  Loss -3.8070 (-2.3917)
2022-05-13 18:08:12,144:INFO: Train: [216][2111/2112]  Loss -0.9383 (-1.5616)  Time:  0.873 (0.030)  Data Time:  0.001 (0.013)
2022-05-13 18:08:12,149:INFO:   Eta: 0:36:01
2022-05-13 18:08:21,895:INFO: Valid: [216][500/501]  Loss -5.2608 (-3.1980)
2022-05-13 18:09:24,656:INFO: Train: [217][2111/2112]  Loss -0.7749 (-1.5182)  Time:  0.784 (0.030)  Data Time:  0.007 (0.013)
2022-05-13 18:09:24,657:INFO:   Eta: 0:34:26
2022-05-13 18:09:34,077:INFO: Valid: [217][500/501]  Loss -5.0103 (-3.1685)
2022-05-13 18:10:37,791:INFO: Train: [218][2111/2112]  Loss -0.8347 (-1.4986)  Time:  0.809 (0.030)  Data Time:  0.021 (0.014)
2022-05-13 18:10:37,794:INFO:   Eta: 0:33:54
2022-05-13 18:10:47,261:INFO: Valid: [218][500/501]  Loss -4.0098 (-2.4962)
2022-05-13 18:11:52,010:INFO: Train: [219][2111/2112]  Loss -0.8133 (-1.5676)  Time:  0.835 (0.030)  Data Time:  0.022 (0.014)
2022-05-13 18:11:52,012:INFO:   Eta: 0:33:08
2022-05-13 18:12:01,610:INFO: Valid: [219][500/501]  Loss -3.3302 (-2.0578)
2022-05-13 18:12:31,976:INFO: Train: [220][2111/2112]  Loss -0.7990 (-1.6021)  Time:  0.234 (0.014)  Data Time:  0.000 (0.005)
2022-05-13 18:12:31,977:INFO:   Eta: 0:15:04
2022-05-13 18:12:35,739:INFO: Valid: [220][500/501]  Loss -3.5374 (-2.1953)
2022-05-13 18:12:50,049:INFO: Train: [221][2111/2112]  Loss -0.8304 (-1.6329)  Time:  0.233 (0.007)  Data Time:  0.000 (0.000)
2022-05-13 18:12:50,051:INFO:   Eta: 0:06:48
2022-05-13 18:12:53,834:INFO: Valid: [221][500/501]  Loss -4.9095 (-3.1305)
2022-05-13 18:13:37,321:INFO: Train: [222][2111/2112]  Loss -0.8348 (-1.5748)  Time:  0.823 (0.021)  Data Time:  0.023 (0.008)
2022-05-13 18:13:37,324:INFO:   Eta: 0:20:13
2022-05-13 18:13:47,059:INFO: Valid: [222][500/501]  Loss -4.6188 (-2.8790)
2022-05-13 18:14:51,785:INFO: Train: [223][2111/2112]  Loss -0.7236 (-1.5848)  Time:  0.824 (0.030)  Data Time:  0.021 (0.014)
2022-05-13 18:14:51,787:INFO:   Eta: 0:28:53
2022-05-13 18:15:01,550:INFO: Valid: [223][500/501]  Loss -5.0333 (-3.1015)
2022-05-13 18:16:04,299:INFO: Train: [224][2111/2112]  Loss -0.8423 (-1.4716)  Time:  0.776 (0.030)  Data Time:  0.022 (0.014)
2022-05-13 18:16:04,301:INFO:   Eta: 0:27:04
2022-05-13 18:16:13,693:INFO: Valid: [224][500/501]  Loss -3.0123 (-2.0300)
2022-05-13 18:17:16,403:INFO: Train: [225][2111/2112]  Loss -0.8629 (-1.5298)  Time:  0.842 (0.029)  Data Time:  0.021 (0.013)
2022-05-13 18:17:16,407:INFO:   Eta: 0:25:57
2022-05-13 18:17:25,739:INFO: Valid: [225][500/501]  Loss -4.3640 (-2.8024)
2022-05-13 18:18:31,418:INFO: Train: [226][2111/2112]  Loss -0.8916 (-1.6007)  Time:  0.814 (0.031)  Data Time:  0.021 (0.014)
2022-05-13 18:18:31,420:INFO:   Eta: 0:26:12
2022-05-13 18:18:41,281:INFO: Valid: [226][500/501]  Loss -3.2620 (-2.0377)
2022-05-13 18:19:42,924:INFO: Train: [227][2111/2112]  Loss -0.8178 (-1.6217)  Time:  0.870 (0.029)  Data Time:  0.022 (0.013)
2022-05-13 18:19:42,926:INFO:   Eta: 0:23:34
2022-05-13 18:19:52,538:INFO: Valid: [227][500/501]  Loss -4.4274 (-2.8132)
2022-05-13 18:20:55,913:INFO: Train: [228][2111/2112]  Loss -0.7877 (-1.5836)  Time:  0.927 (0.030)  Data Time:  0.022 (0.013)
2022-05-13 18:20:56,014:INFO:   Eta: 0:23:07
2022-05-13 18:21:05,430:INFO: Valid: [228][500/501]  Loss -4.6377 (-2.8598)
2022-05-13 18:22:05,643:INFO: Train: [229][2111/2112]  Loss -0.8294 (-1.5792)  Time:  0.792 (0.028)  Data Time:  0.017 (0.013)
2022-05-13 18:22:05,645:INFO:   Eta: 0:21:01
2022-05-13 18:22:14,438:INFO: Valid: [229][500/501]  Loss -4.0135 (-2.6077)
2022-05-13 18:23:18,674:INFO: Train: [230][2111/2112]  Loss -0.8600 (-1.6317)  Time:  0.767 (0.030)  Data Time:  0.012 (0.014)
2022-05-13 18:23:18,677:INFO:   Eta: 0:21:22
2022-05-13 18:23:28,821:INFO: Valid: [230][500/501]  Loss -5.3787 (-3.3587)
2022-05-13 18:24:33,123:INFO: Train: [231][2111/2112]  Loss -0.8559 (-1.6198)  Time:  0.883 (0.030)  Data Time:  0.021 (0.013)
2022-05-13 18:24:33,125:INFO:   Eta: 0:20:18
2022-05-13 18:24:42,379:INFO: Valid: [231][500/501]  Loss -3.2393 (-2.1428)
2022-05-13 18:25:45,538:INFO: Train: [232][2111/2112]  Loss -0.7874 (-1.6286)  Time:  0.841 (0.030)  Data Time:  0.022 (0.013)
2022-05-13 18:25:45,540:INFO:   Eta: 0:18:53
2022-05-13 18:25:54,797:INFO: Valid: [232][500/501]  Loss -4.3229 (-2.5743)
2022-05-13 18:26:51,939:INFO: Train: [233][2111/2112]  Loss -0.7281 (-1.6255)  Time:  0.339 (0.027)  Data Time:  0.000 (0.012)
2022-05-13 18:26:51,946:INFO:   Eta: 0:16:08
2022-05-13 18:26:55,928:INFO: Valid: [233][500/501]  Loss -5.7367 (-3.5593)
2022-05-13 18:27:10,830:INFO: Train: [234][2111/2112]  Loss -0.8560 (-1.6244)  Time:  0.233 (0.007)  Data Time:  0.000 (0.000)
2022-05-13 18:27:10,832:INFO:   Eta: 0:03:55
2022-05-13 18:27:14,893:INFO: Valid: [234][500/501]  Loss -4.8544 (-3.0247)
2022-05-13 18:27:59,241:INFO: Train: [235][2111/2112]  Loss -0.7164 (-1.5751)  Time:  0.785 (0.021)  Data Time:  0.022 (0.008)
2022-05-13 18:27:59,243:INFO:   Eta: 0:10:52
2022-05-13 18:28:08,996:INFO: Valid: [235][500/501]  Loss -3.8204 (-2.4716)
2022-05-13 18:29:11,305:INFO: Train: [236][2111/2112]  Loss -0.8045 (-1.6169)  Time:  0.823 (0.029)  Data Time:  0.021 (0.014)
2022-05-13 18:29:11,306:INFO:   Eta: 0:14:29
2022-05-13 18:29:20,803:INFO: Valid: [236][500/501]  Loss -0.9464 (-0.9145)
2022-05-13 18:30:23,299:INFO: Train: [237][2111/2112]  Loss -0.7619 (-1.5768)  Time:  0.832 (0.030)  Data Time:  0.022 (0.014)
2022-05-13 18:30:23,300:INFO:   Eta: 0:13:30
2022-05-13 18:30:33,086:INFO: Valid: [237][500/501]  Loss -5.1397 (-3.1208)
2022-05-13 18:31:36,921:INFO: Train: [238][2111/2112]  Loss -0.7735 (-1.6360)  Time:  0.910 (0.030)  Data Time:  0.022 (0.014)
2022-05-13 18:31:36,922:INFO:   Eta: 0:12:44
2022-05-13 18:31:46,374:INFO: Valid: [238][500/501]  Loss -5.2430 (-3.2587)
2022-05-13 18:32:49,729:INFO: Train: [239][2111/2112]  Loss -0.8003 (-1.5997)  Time:  0.861 (0.030)  Data Time:  0.000 (0.014)
2022-05-13 18:32:49,731:INFO:   Eta: 0:11:34
2022-05-13 18:32:59,511:INFO: Valid: [239][500/501]  Loss -2.9989 (-1.9881)
2022-05-13 18:34:01,742:INFO: Train: [240][2111/2112]  Loss -0.8743 (-1.6127)  Time:  0.837 (0.029)  Data Time:  0.021 (0.013)
2022-05-13 18:34:01,743:INFO:   Eta: 0:10:20
2022-05-13 18:34:11,553:INFO: Valid: [240][500/501]  Loss -5.5671 (-3.4136)
2022-05-13 18:35:15,170:INFO: Train: [241][2111/2112]  Loss -0.7691 (-1.6090)  Time:  0.792 (0.030)  Data Time:  0.022 (0.014)
2022-05-13 18:35:15,171:INFO:   Eta: 0:09:30
2022-05-13 18:35:24,751:INFO: Valid: [241][500/501]  Loss -5.0506 (-3.1825)
2022-05-13 18:36:26,798:INFO: Train: [242][2111/2112]  Loss -0.8286 (-1.6415)  Time:  0.746 (0.029)  Data Time:  0.022 (0.013)
2022-05-13 18:36:26,800:INFO:   Eta: 0:08:15
2022-05-13 18:36:36,534:INFO: Valid: [242][500/501]  Loss -3.6335 (-2.4221)
2022-05-13 18:37:41,130:INFO: Train: [243][2111/2112]  Loss -0.7986 (-1.5928)  Time:  0.796 (0.030)  Data Time:  0.002 (0.014)
2022-05-13 18:37:41,131:INFO:   Eta: 0:07:29
2022-05-13 18:37:50,939:INFO: Valid: [243][500/501]  Loss -4.0543 (-2.7194)
2022-05-13 18:38:52,615:INFO: Train: [244][2111/2112]  Loss -0.8170 (-1.5725)  Time:  0.830 (0.029)  Data Time:  0.021 (0.013)
2022-05-13 18:38:52,617:INFO:   Eta: 0:06:05
2022-05-13 18:39:02,527:INFO: Valid: [244][500/501]  Loss -4.1311 (-2.6757)
2022-05-13 18:40:04,612:INFO: Train: [245][2111/2112]  Loss -0.7841 (-1.5629)  Time:  0.839 (0.029)  Data Time:  0.023 (0.013)
2022-05-13 18:40:04,615:INFO:   Eta: 0:05:08
2022-05-13 18:40:14,318:INFO: Valid: [245][500/501]  Loss -5.3015 (-3.3269)
2022-05-13 18:41:14,047:INFO: Train: [246][2111/2112]  Loss -0.7771 (-1.5590)  Time:  0.813 (0.028)  Data Time:  0.001 (0.013)
2022-05-13 18:41:14,048:INFO:   Eta: 0:03:58
2022-05-13 18:41:20,863:INFO: Valid: [246][500/501]  Loss -3.1907 (-2.1643)
2022-05-13 18:41:36,110:INFO: Train: [247][2111/2112]  Loss -0.7990 (-1.6211)  Time:  0.260 (0.007)  Data Time:  0.000 (0.000)
2022-05-13 18:41:36,112:INFO:   Eta: 0:00:42
2022-05-13 18:41:40,177:INFO: Valid: [247][500/501]  Loss -5.4986 (-3.3756)
2022-05-13 18:41:55,498:INFO: Train: [248][2111/2112]  Loss -0.7913 (-1.6436)  Time:  0.333 (0.007)  Data Time:  0.000 (0.000)
2022-05-13 18:41:55,501:INFO:   Eta: 0:00:30
2022-05-13 18:42:06,612:INFO: Valid: [248][500/501]  Loss -3.8859 (-2.4758)
2022-05-13 18:43:09,652:INFO: Train: [249][2111/2112]  Loss -0.8455 (-1.5935)  Time:  0.880 (0.030)  Data Time:  0.000 (0.014)
2022-05-13 18:43:09,653:INFO:   Eta: 0:01:02
2022-05-13 18:43:18,752:INFO: Valid: [249][500/501]  Loss -1.6425 (-1.2530)
2022-05-13 18:43:33,645:INFO: Test: [0]  ADE: 0.7287  FDE: 1.2862
2022-05-13 18:43:59,071:INFO: Test: [0]  ADE: 0.4296  FDE: 0.7257
2022-05-13 18:47:00,761:INFO: Test: [0]  ADE: 0.4712  FDE: 0.8585
2022-05-13 18:47:48,232:INFO: Test: [0]  ADE: 0.3727  FDE: 0.6089
2022-05-13 18:49:11,590:INFO: Test: [0]  ADE: 0.3170  FDE: 0.5181
2022-05-13 18:49:11,597:INFO: 9-0.5xlr 0.729/1.286 0.430/0.726 0.471/0.858 0.373/0.609 0.317/0.5180.464/0.799
2022-05-13 18:49:11,598:INFO: 9-0.5xlr 0.729  0.430  0.471  0.373  0.317 0.464
2022-05-13 18:49:11,598:INFO: 9-0.5xlr 1.286  0.726  0.858  0.609  0.518 0.799
