2022-03-30 15:49:14,883:INFO: batch_size=128
2022-03-30 15:49:14,883:INFO: clip_grad=None
2022-03-30 15:49:14,883:INFO: dataset=univ
2022-03-30 15:49:14,883:INFO: gpu_num=0
2022-03-30 15:49:14,883:INFO: input_size=2
2022-03-30 15:49:14,883:INFO: kernel_size=3
2022-03-30 15:49:14,883:INFO: lr=0.01
2022-03-30 15:49:14,883:INFO: lr_sh_rate=150
2022-03-30 15:49:14,883:INFO: model=social_stgcnn1
2022-03-30 15:49:14,883:INFO: n_stgcnn=1
2022-03-30 15:49:14,883:INFO: n_txpcnn=5
2022-03-30 15:49:14,884:INFO: num_epochs=250
2022-03-30 15:49:14,884:INFO: obs_seq_len=8
2022-03-30 15:49:14,884:INFO: output_size=5
2022-03-30 15:49:14,884:INFO: pred_seq_len=12
2022-03-30 15:49:14,884:INFO: seed=0
2022-03-30 15:49:14,884:INFO: tag=univ
2022-03-30 15:49:14,884:INFO: use_lrschd=True
2022-03-30 15:49:14,884:INFO: ******************************
2022-03-30 15:49:14,884:INFO: Training initiating....
2022-03-30 15:49:14,884:INFO: Namespace(batch_size=128, clip_grad=None, dataset='univ', gpu_num='0', input_size=2, kernel_size=3, lr=0.01, lr_sh_rate=150, model='social_stgcnn1', n_stgcnn=1, n_txpcnn=5, num_epochs=250, obs_seq_len=8, output_size=5, pred_seq_len=12, seed=0, tag='univ', use_lrschd=True)
2022-03-30 15:49:14,893:INFO: Initializing train dataset
2022-03-30 15:49:20,190:INFO: Initializing val dataset
2022-03-30 15:49:36,666:INFO: social_stgcnn1
2022-03-30 15:49:36,671:INFO: Data and model loaded
2022-03-30 15:49:36,671:INFO: Checkpoint dir: ./runs/Mar30_15-49-14_node09/univ/checkpoint
2022-03-30 15:49:36,671:INFO: Training started ...
2022-03-30 15:50:01,674:INFO: Train: [0][2075/2076]  Loss 0.2458 (1.5025)  Time:  0.150 (0.012)  Data Time:  0.003 (0.004)
2022-03-30 15:50:01,675:INFO:   Eta: 1:44:08
2022-03-30 15:50:28,486:INFO: Train: [1][2075/2076]  Loss 0.1778 (0.8424)  Time:  0.141 (0.013)  Data Time:  0.005 (0.005)
2022-03-30 15:50:28,488:INFO:   Eta: 1:51:12
2022-03-30 15:50:54,907:INFO: Train: [2][2075/2076]  Loss 0.1173 (0.5553)  Time:  0.140 (0.013)  Data Time:  0.004 (0.005)
2022-03-30 15:50:54,908:INFO:   Eta: 1:49:08
2022-03-30 15:51:21,627:INFO: Train: [3][2075/2076]  Loss 0.0206 (0.5260)  Time:  0.149 (0.013)  Data Time:  0.004 (0.005)
2022-03-30 15:51:21,629:INFO:   Eta: 1:49:56
2022-03-30 15:51:47,735:INFO: Train: [4][2075/2076]  Loss 0.0461 (0.3491)  Time:  0.151 (0.013)  Data Time:  0.005 (0.005)
2022-03-30 15:51:47,735:INFO:   Eta: 1:46:58
2022-03-30 15:52:14,101:INFO: Train: [5][2075/2076]  Loss 0.0073 (0.3420)  Time:  0.144 (0.013)  Data Time:  0.006 (0.005)
2022-03-30 15:52:14,102:INFO:   Eta: 1:47:36
2022-03-30 15:52:40,223:INFO: Train: [6][2075/2076]  Loss -0.0254 (0.0740)  Time:  0.138 (0.013)  Data Time:  0.005 (0.004)
2022-03-30 15:52:40,224:INFO:   Eta: 1:46:09
2022-03-30 15:54:19,026:INFO: Test: [6]  ADE: 0.6973  FDE: 0.8450
2022-03-30 15:54:45,636:INFO: Train: [7][2075/2076]  Loss -0.0387 (-0.0563)  Time:  0.153 (0.013)  Data Time:  0.005 (0.005)
2022-03-30 15:54:45,638:INFO:   Eta: 1:47:40
2022-03-30 15:55:12,209:INFO: Train: [8][2075/2076]  Loss 0.0019 (-0.0781)  Time:  0.130 (0.013)  Data Time:  0.004 (0.005)
2022-03-30 15:55:12,209:INFO:   Eta: 1:47:06
2022-03-30 15:55:39,024:INFO: Train: [9][2075/2076]  Loss -0.0783 (-0.1124)  Time:  0.154 (0.013)  Data Time:  0.005 (0.005)
2022-03-30 15:55:39,025:INFO:   Eta: 1:47:39
2022-03-30 15:56:05,403:INFO: Train: [10][2075/2076]  Loss -0.0024 (-0.1941)  Time:  0.139 (0.013)  Data Time:  0.003 (0.005)
2022-03-30 15:56:05,404:INFO:   Eta: 1:45:26
2022-03-30 15:56:32,066:INFO: Train: [11][2075/2076]  Loss -0.0012 (-0.2427)  Time:  0.156 (0.013)  Data Time:  0.004 (0.005)
2022-03-30 15:56:32,067:INFO:   Eta: 1:46:09
2022-03-30 15:56:57,726:INFO: Train: [12][2075/2076]  Loss -0.0270 (-0.2935)  Time:  0.134 (0.012)  Data Time:  0.005 (0.005)
2022-03-30 15:56:57,727:INFO:   Eta: 1:41:43
2022-03-30 15:57:25,189:INFO: Train: [13][2075/2076]  Loss -0.0994 (-0.3123)  Time:  0.135 (0.013)  Data Time:  0.004 (0.005)
2022-03-30 15:57:25,190:INFO:   Eta: 1:48:24
2022-03-30 15:57:51,203:INFO: Train: [14][2075/2076]  Loss -0.1506 (-0.4014)  Time:  0.142 (0.013)  Data Time:  0.005 (0.004)
2022-03-30 15:57:51,204:INFO:   Eta: 1:42:15
2022-03-30 15:58:15,522:INFO: Train: [15][2075/2076]  Loss -0.0438 (-0.4146)  Time:  0.127 (0.012)  Data Time:  0.005 (0.004)
2022-03-30 15:58:15,523:INFO:   Eta: 1:35:11
2022-03-30 15:58:36,696:INFO: Train: [16][2075/2076]  Loss -0.0297 (-0.4093)  Time:  0.132 (0.010)  Data Time:  0.003 (0.003)
2022-03-30 15:58:36,697:INFO:   Eta: 1:22:31
2022-03-30 16:00:14,188:INFO: Test: [16]  ADE: 0.6558  FDE: 0.8457
2022-03-30 16:00:40,288:INFO: Train: [17][2075/2076]  Loss 0.0245 (-0.4619)  Time:  0.146 (0.013)  Data Time:  0.006 (0.005)
2022-03-30 16:00:40,289:INFO:   Eta: 1:41:15
2022-03-30 16:01:06,101:INFO: Train: [18][2075/2076]  Loss -0.0981 (-0.5084)  Time:  0.133 (0.012)  Data Time:  0.004 (0.005)
2022-03-30 16:01:06,103:INFO:   Eta: 1:39:45
2022-03-30 16:01:31,722:INFO: Train: [19][2075/2076]  Loss -0.1679 (-0.5341)  Time:  0.131 (0.012)  Data Time:  0.004 (0.005)
2022-03-30 16:01:31,724:INFO:   Eta: 1:38:35
2022-03-30 16:01:57,476:INFO: Train: [20][2075/2076]  Loss -0.1515 (-0.4647)  Time:  0.137 (0.012)  Data Time:  0.005 (0.005)
2022-03-30 16:01:57,477:INFO:   Eta: 1:38:39
2022-03-30 16:02:23,326:INFO: Train: [21][2075/2076]  Loss -0.1575 (-0.5871)  Time:  0.146 (0.012)  Data Time:  0.005 (0.005)
2022-03-30 16:02:23,327:INFO:   Eta: 1:38:36
2022-03-30 16:02:49,208:INFO: Train: [22][2075/2076]  Loss -0.1630 (-0.6126)  Time:  0.134 (0.012)  Data Time:  0.004 (0.005)
2022-03-30 16:02:49,210:INFO:   Eta: 1:38:17
2022-03-30 16:03:14,912:INFO: Train: [23][2075/2076]  Loss -0.1113 (-0.5857)  Time:  0.120 (0.012)  Data Time:  0.004 (0.005)
2022-03-30 16:03:14,913:INFO:   Eta: 1:37:09
2022-03-30 16:03:38,279:INFO: Train: [24][2075/2076]  Loss -0.2027 (-0.6458)  Time:  0.110 (0.011)  Data Time:  0.002 (0.004)
2022-03-30 16:03:38,280:INFO:   Eta: 1:27:57
2022-03-30 16:03:59,973:INFO: Train: [25][2075/2076]  Loss -0.1828 (-0.6264)  Time:  0.145 (0.010)  Data Time:  0.004 (0.003)
2022-03-30 16:03:59,975:INFO:   Eta: 1:21:18
2022-03-30 16:04:25,412:INFO: Train: [26][2075/2076]  Loss -0.1909 (-0.6713)  Time:  0.131 (0.012)  Data Time:  0.004 (0.005)
2022-03-30 16:04:25,413:INFO:   Eta: 1:34:55
2022-03-30 16:06:07,998:INFO: Test: [26]  ADE: 0.5408  FDE: 0.7618
2022-03-30 16:06:33,354:INFO: Train: [27][2075/2076]  Loss -0.1532 (-0.7109)  Time:  0.134 (0.012)  Data Time:  0.005 (0.005)
2022-03-30 16:06:33,355:INFO:   Eta: 1:34:08
2022-03-30 16:06:58,630:INFO: Train: [28][2075/2076]  Loss -0.2288 (-0.7536)  Time:  0.144 (0.012)  Data Time:  0.005 (0.005)
2022-03-30 16:06:58,631:INFO:   Eta: 1:33:28
2022-03-30 16:07:24,096:INFO: Train: [29][2075/2076]  Loss -0.1919 (-0.7354)  Time:  0.138 (0.012)  Data Time:  0.004 (0.005)
2022-03-30 16:07:24,096:INFO:   Eta: 1:33:45
2022-03-30 16:07:49,909:INFO: Train: [30][2075/2076]  Loss -0.2609 (-0.6294)  Time:  0.143 (0.012)  Data Time:  0.004 (0.005)
2022-03-30 16:07:49,911:INFO:   Eta: 1:34:35
2022-03-30 16:08:15,492:INFO: Train: [31][2075/2076]  Loss -0.1937 (-0.7403)  Time:  0.132 (0.012)  Data Time:  0.004 (0.005)
2022-03-30 16:08:15,493:INFO:   Eta: 1:33:19
2022-03-30 16:08:39,693:INFO: Train: [32][2075/2076]  Loss -0.2291 (-0.8196)  Time:  0.122 (0.012)  Data Time:  0.003 (0.004)
2022-03-30 16:08:39,694:INFO:   Eta: 1:27:53
2022-03-30 16:09:01,420:INFO: Train: [33][2075/2076]  Loss -0.2229 (-0.8068)  Time:  0.115 (0.010)  Data Time:  0.003 (0.003)
2022-03-30 16:09:01,422:INFO:   Eta: 1:18:31
2022-03-30 16:09:25,962:INFO: Train: [34][2075/2076]  Loss -0.2341 (-0.7601)  Time:  0.136 (0.012)  Data Time:  0.004 (0.004)
2022-03-30 16:09:25,962:INFO:   Eta: 1:28:17
2022-03-30 16:09:51,976:INFO: Train: [35][2075/2076]  Loss -0.2649 (-0.8676)  Time:  0.148 (0.013)  Data Time:  0.005 (0.005)
2022-03-30 16:09:51,977:INFO:   Eta: 1:33:10
2022-03-30 16:10:17,711:INFO: Train: [36][2075/2076]  Loss -0.2298 (-0.8459)  Time:  0.138 (0.012)  Data Time:  0.004 (0.005)
2022-03-30 16:10:17,712:INFO:   Eta: 1:31:41
2022-03-30 16:11:57,019:INFO: Test: [36]  ADE: 0.5089  FDE: 0.7604
2022-03-30 16:12:22,359:INFO: Train: [37][2075/2076]  Loss -0.1844 (-0.8406)  Time:  0.136 (0.012)  Data Time:  0.005 (0.005)
2022-03-30 16:12:22,360:INFO:   Eta: 1:29:51
2022-03-30 16:12:47,838:INFO: Train: [38][2075/2076]  Loss -0.2018 (-0.8540)  Time:  0.197 (0.012)  Data Time:  0.004 (0.005)
2022-03-30 16:12:47,839:INFO:   Eta: 1:29:58
2022-03-30 16:13:15,378:INFO: Train: [39][2075/2076]  Loss -0.1564 (-0.9177)  Time:  0.144 (0.013)  Data Time:  0.004 (0.005)
2022-03-30 16:13:15,380:INFO:   Eta: 1:36:46
2022-03-30 16:13:41,619:INFO: Train: [40][2075/2076]  Loss -0.2620 (-0.9609)  Time:  0.129 (0.013)  Data Time:  0.003 (0.005)
2022-03-30 16:13:41,620:INFO:   Eta: 1:31:47
2022-03-30 16:14:05,671:INFO: Train: [41][2075/2076]  Loss -0.2433 (-0.8478)  Time:  0.150 (0.012)  Data Time:  0.004 (0.004)
2022-03-30 16:14:05,672:INFO:   Eta: 1:23:44
2022-03-30 16:14:28,423:INFO: Train: [42][2075/2076]  Loss -0.2662 (-0.8930)  Time:  0.135 (0.011)  Data Time:  0.004 (0.003)
2022-03-30 16:14:28,423:INFO:   Eta: 1:18:48
2022-03-30 16:14:54,699:INFO: Train: [43][2075/2076]  Loss -0.2121 (-0.9461)  Time:  0.134 (0.013)  Data Time:  0.005 (0.004)
2022-03-30 16:14:54,700:INFO:   Eta: 1:30:36
2022-03-30 16:15:21,080:INFO: Train: [44][2075/2076]  Loss -0.1701 (-0.9189)  Time:  0.132 (0.013)  Data Time:  0.005 (0.005)
2022-03-30 16:15:21,081:INFO:   Eta: 1:30:31
2022-03-30 16:15:47,328:INFO: Train: [45][2075/2076]  Loss -0.2153 (-0.9120)  Time:  0.142 (0.013)  Data Time:  0.005 (0.004)
2022-03-30 16:15:47,328:INFO:   Eta: 1:29:37
2022-03-30 16:16:12,840:INFO: Train: [46][2075/2076]  Loss -0.2018 (-0.9081)  Time:  0.159 (0.012)  Data Time:  0.005 (0.004)
2022-03-30 16:16:12,842:INFO:   Eta: 1:26:41
2022-03-30 16:17:52,338:INFO: Test: [46]  ADE: 0.5189  FDE: 0.7787
2022-03-30 16:18:18,502:INFO: Train: [47][2075/2076]  Loss -0.2355 (-0.9692)  Time:  0.155 (0.013)  Data Time:  0.005 (0.005)
2022-03-30 16:18:18,503:INFO:   Eta: 1:28:26
2022-03-30 16:18:44,811:INFO: Train: [48][2075/2076]  Loss -0.1995 (-0.9279)  Time:  0.126 (0.013)  Data Time:  0.004 (0.005)
2022-03-30 16:18:44,813:INFO:   Eta: 1:28:31
2022-03-30 16:19:08,820:INFO: Train: [49][2075/2076]  Loss -0.2073 (-1.0128)  Time:  0.130 (0.012)  Data Time:  0.003 (0.004)
2022-03-30 16:19:08,821:INFO:   Eta: 1:20:21
2022-03-30 16:19:31,606:INFO: Train: [50][2075/2076]  Loss -0.2445 (-1.0387)  Time:  0.158 (0.011)  Data Time:  0.004 (0.004)
2022-03-30 16:19:31,607:INFO:   Eta: 1:15:54
2022-03-30 16:19:57,768:INFO: Train: [51][2075/2076]  Loss -0.2978 (-0.9365)  Time:  0.145 (0.013)  Data Time:  0.005 (0.005)
2022-03-30 16:19:57,769:INFO:   Eta: 1:26:43
2022-03-30 16:20:23,509:INFO: Train: [52][2075/2076]  Loss -0.2583 (-1.0673)  Time:  0.157 (0.012)  Data Time:  0.004 (0.005)
2022-03-30 16:20:23,510:INFO:   Eta: 1:24:53
2022-03-30 16:20:50,799:INFO: Train: [53][2075/2076]  Loss -0.1839 (-1.0361)  Time:  0.146 (0.013)  Data Time:  0.005 (0.004)
2022-03-30 16:20:50,801:INFO:   Eta: 1:29:32
2022-03-30 16:21:17,113:INFO: Train: [54][2075/2076]  Loss -0.1131 (-1.0711)  Time:  0.134 (0.013)  Data Time:  0.004 (0.005)
2022-03-30 16:21:17,113:INFO:   Eta: 1:25:54
2022-03-30 16:21:42,562:INFO: Train: [55][2075/2076]  Loss -0.0639 (-1.0114)  Time:  0.149 (0.012)  Data Time:  0.004 (0.004)
2022-03-30 16:21:42,563:INFO:   Eta: 1:22:40
2022-03-30 16:22:08,348:INFO: Train: [56][2075/2076]  Loss -0.2773 (-1.0827)  Time:  0.152 (0.012)  Data Time:  0.005 (0.005)
2022-03-30 16:22:08,349:INFO:   Eta: 1:23:19
2022-03-30 16:23:48,008:INFO: Test: [56]  ADE: 0.4897  FDE: 0.7917
2022-03-30 16:24:11,639:INFO: Train: [57][2075/2076]  Loss -0.2531 (-1.0676)  Time:  0.123 (0.011)  Data Time:  0.004 (0.004)
2022-03-30 16:24:11,640:INFO:   Eta: 1:15:55
2022-03-30 16:24:35,165:INFO: Train: [58][2075/2076]  Loss -0.2860 (-1.0256)  Time:  0.130 (0.011)  Data Time:  0.004 (0.004)
2022-03-30 16:24:35,166:INFO:   Eta: 1:15:14
2022-03-30 16:25:00,652:INFO: Train: [59][2075/2076]  Loss -0.1957 (-1.0697)  Time:  0.138 (0.012)  Data Time:  0.005 (0.004)
2022-03-30 16:25:00,653:INFO:   Eta: 1:21:05
2022-03-30 16:25:26,596:INFO: Train: [60][2075/2076]  Loss -0.2367 (-1.0296)  Time:  0.159 (0.012)  Data Time:  0.005 (0.005)
2022-03-30 16:25:26,598:INFO:   Eta: 1:22:06
2022-03-30 16:25:52,815:INFO: Train: [61][2075/2076]  Loss -0.2866 (-1.1047)  Time:  0.136 (0.013)  Data Time:  0.005 (0.004)
2022-03-30 16:25:52,816:INFO:   Eta: 1:22:32
2022-03-30 16:26:18,873:INFO: Train: [62][2075/2076]  Loss -0.2666 (-1.1130)  Time:  0.144 (0.013)  Data Time:  0.004 (0.005)
2022-03-30 16:26:18,875:INFO:   Eta: 1:21:36
2022-03-30 16:26:45,193:INFO: Train: [63][2075/2076]  Loss -0.2654 (-1.0582)  Time:  0.152 (0.013)  Data Time:  0.005 (0.005)
2022-03-30 16:26:45,194:INFO:   Eta: 1:21:58
2022-03-30 16:27:11,022:INFO: Train: [64][2075/2076]  Loss -0.2119 (-1.2479)  Time:  0.139 (0.012)  Data Time:  0.005 (0.005)
2022-03-30 16:27:11,024:INFO:   Eta: 1:20:01
2022-03-30 16:27:36,372:INFO: Train: [65][2075/2076]  Loss -0.2862 (-1.1237)  Time:  0.132 (0.012)  Data Time:  0.004 (0.004)
2022-03-30 16:27:36,372:INFO:   Eta: 1:18:07
2022-03-30 16:28:02,696:INFO: Train: [66][2075/2076]  Loss -0.3231 (-1.1809)  Time:  0.129 (0.013)  Data Time:  0.005 (0.005)
2022-03-30 16:28:02,697:INFO:   Eta: 1:20:41
2022-03-30 16:29:44,865:INFO: Test: [66]  ADE: 0.4851  FDE: 0.7899
2022-03-30 16:30:10,023:INFO: Train: [67][2075/2076]  Loss -0.2085 (-1.1707)  Time:  0.148 (0.012)  Data Time:  0.005 (0.004)
2022-03-30 16:30:10,025:INFO:   Eta: 1:16:39
2022-03-30 16:30:35,842:INFO: Train: [68][2075/2076]  Loss -0.1865 (-1.1787)  Time:  0.133 (0.012)  Data Time:  0.004 (0.005)
2022-03-30 16:30:35,843:INFO:   Eta: 1:18:16
2022-03-30 16:31:01,786:INFO: Train: [69][2075/2076]  Loss -0.2939 (-1.1892)  Time:  0.140 (0.012)  Data Time:  0.004 (0.005)
2022-03-30 16:31:01,788:INFO:   Eta: 1:18:13
2022-03-30 16:31:27,641:INFO: Train: [70][2075/2076]  Loss -0.2529 (-1.0920)  Time:  0.149 (0.012)  Data Time:  0.005 (0.005)
2022-03-30 16:31:27,642:INFO:   Eta: 1:17:30
2022-03-30 16:31:53,809:INFO: Train: [71][2075/2076]  Loss -0.2869 (-1.2127)  Time:  0.146 (0.013)  Data Time:  0.004 (0.005)
2022-03-30 16:31:53,810:INFO:   Eta: 1:18:01
2022-03-30 16:32:19,898:INFO: Train: [72][2075/2076]  Loss -0.2640 (-1.2425)  Time:  0.136 (0.013)  Data Time:  0.005 (0.005)
2022-03-30 16:32:19,899:INFO:   Eta: 1:17:20
2022-03-30 16:32:45,745:INFO: Train: [73][2075/2076]  Loss -0.2173 (-1.2735)  Time:  0.144 (0.012)  Data Time:  0.004 (0.004)
2022-03-30 16:32:45,746:INFO:   Eta: 1:16:12
2022-03-30 16:33:10,890:INFO: Train: [74][2075/2076]  Loss -0.2436 (-1.2282)  Time:  0.156 (0.012)  Data Time:  0.004 (0.004)
2022-03-30 16:33:10,891:INFO:   Eta: 1:13:43
2022-03-30 16:33:36,818:INFO: Train: [75][2075/2076]  Loss -0.2281 (-1.1678)  Time:  0.140 (0.012)  Data Time:  0.005 (0.005)
2022-03-30 16:33:36,820:INFO:   Eta: 1:15:35
2022-03-30 16:34:02,478:INFO: Train: [76][2075/2076]  Loss -0.1806 (-1.2494)  Time:  0.147 (0.012)  Data Time:  0.005 (0.005)
2022-03-30 16:34:02,479:INFO:   Eta: 1:14:22
2022-03-30 16:35:42,044:INFO: Test: [76]  ADE: 0.4939  FDE: 0.8232
2022-03-30 16:36:08,758:INFO: Train: [77][2075/2076]  Loss -0.2912 (-0.9925)  Time:  0.141 (0.013)  Data Time:  0.005 (0.005)
2022-03-30 16:36:08,759:INFO:   Eta: 1:16:54
2022-03-30 16:36:34,642:INFO: Train: [78][2075/2076]  Loss -0.3246 (-1.2435)  Time:  0.143 (0.012)  Data Time:  0.005 (0.005)
2022-03-30 16:36:34,644:INFO:   Eta: 1:14:09
2022-03-30 16:37:00,764:INFO: Train: [79][2075/2076]  Loss -0.2868 (-1.2366)  Time:  0.140 (0.013)  Data Time:  0.003 (0.005)
2022-03-30 16:37:00,765:INFO:   Eta: 1:14:24
2022-03-30 16:37:26,602:INFO: Train: [80][2075/2076]  Loss -0.3410 (-1.2579)  Time:  0.145 (0.012)  Data Time:  0.003 (0.005)
2022-03-30 16:37:26,603:INFO:   Eta: 1:13:10
2022-03-30 16:37:52,751:INFO: Train: [81][2075/2076]  Loss -0.2275 (-1.2458)  Time:  0.136 (0.013)  Data Time:  0.004 (0.005)
2022-03-30 16:37:52,751:INFO:   Eta: 1:13:36
2022-03-30 16:38:18,558:INFO: Train: [82][2075/2076]  Loss -0.2406 (-1.3121)  Time:  0.137 (0.012)  Data Time:  0.005 (0.005)
2022-03-30 16:38:18,560:INFO:   Eta: 1:12:13
2022-03-30 16:38:43,609:INFO: Train: [83][2075/2076]  Loss -0.2802 (-1.2422)  Time:  0.145 (0.012)  Data Time:  0.005 (0.004)
2022-03-30 16:38:43,610:INFO:   Eta: 1:09:40
2022-03-30 16:39:09,905:INFO: Train: [84][2075/2076]  Loss -0.2308 (-1.3102)  Time:  0.132 (0.013)  Data Time:  0.004 (0.005)
2022-03-30 16:39:09,908:INFO:   Eta: 1:12:43
2022-03-30 16:39:34,863:INFO: Train: [85][2075/2076]  Loss -0.2170 (-1.3195)  Time:  0.124 (0.012)  Data Time:  0.003 (0.004)
2022-03-30 16:39:34,865:INFO:   Eta: 1:08:33
2022-03-30 16:39:58,128:INFO: Train: [86][2075/2076]  Loss -0.2991 (-1.2313)  Time:  0.124 (0.011)  Data Time:  0.003 (0.004)
2022-03-30 16:39:58,130:INFO:   Eta: 1:03:33
2022-03-30 16:41:37,145:INFO: Test: [86]  ADE: 0.4919  FDE: 0.8271
2022-03-30 16:42:03,335:INFO: Train: [87][2075/2076]  Loss -0.3288 (-1.2604)  Time:  0.150 (0.013)  Data Time:  0.004 (0.005)
2022-03-30 16:42:03,337:INFO:   Eta: 1:10:54
2022-03-30 16:42:29,330:INFO: Train: [88][2075/2076]  Loss -0.3035 (-1.3706)  Time:  0.146 (0.013)  Data Time:  0.005 (0.004)
2022-03-30 16:42:29,331:INFO:   Eta: 1:10:08
2022-03-30 16:42:54,300:INFO: Train: [89][2075/2076]  Loss -0.3480 (-1.2086)  Time:  0.136 (0.012)  Data Time:  0.008 (0.004)
2022-03-30 16:42:54,302:INFO:   Eta: 1:06:57
2022-03-30 16:43:21,778:INFO: Train: [90][2075/2076]  Loss -0.3219 (-1.2527)  Time:  0.136 (0.013)  Data Time:  0.003 (0.005)
2022-03-30 16:43:21,779:INFO:   Eta: 1:13:13
2022-03-30 16:43:47,920:INFO: Train: [91][2075/2076]  Loss -0.3543 (-1.2486)  Time:  0.144 (0.013)  Data Time:  0.005 (0.005)
2022-03-30 16:43:47,922:INFO:   Eta: 1:09:14
2022-03-30 16:44:13,384:INFO: Train: [92][2075/2076]  Loss -0.3225 (-1.2543)  Time:  0.147 (0.012)  Data Time:  0.004 (0.004)
2022-03-30 16:44:13,385:INFO:   Eta: 1:07:00
2022-03-30 16:44:38,805:INFO: Train: [93][2075/2076]  Loss -0.2853 (-1.3471)  Time:  0.132 (0.012)  Data Time:  0.005 (0.004)
2022-03-30 16:44:38,806:INFO:   Eta: 1:06:28
2022-03-30 16:45:02,531:INFO: Train: [94][2075/2076]  Loss -0.2358 (-1.4047)  Time:  0.138 (0.011)  Data Time:  0.005 (0.004)
2022-03-30 16:45:02,533:INFO:   Eta: 1:01:39
2022-03-30 16:45:26,986:INFO: Train: [95][2075/2076]  Loss -0.3473 (-1.2821)  Time:  0.144 (0.012)  Data Time:  0.004 (0.004)
2022-03-30 16:45:26,986:INFO:   Eta: 1:03:08
2022-03-30 16:45:51,603:INFO: Train: [96][2075/2076]  Loss -0.2231 (-1.2436)  Time:  0.140 (0.012)  Data Time:  0.004 (0.004)
2022-03-30 16:45:51,604:INFO:   Eta: 1:03:09
2022-03-30 16:47:29,882:INFO: Test: [96]  ADE: 0.4979  FDE: 0.8152
2022-03-30 16:47:55,724:INFO: Train: [97][2075/2076]  Loss -0.2901 (-1.3413)  Time:  0.149 (0.012)  Data Time:  0.004 (0.005)
2022-03-30 16:47:55,726:INFO:   Eta: 1:05:50
2022-03-30 16:48:22,021:INFO: Train: [98][2075/2076]  Loss -0.3351 (-1.2389)  Time:  0.158 (0.013)  Data Time:  0.004 (0.005)
2022-03-30 16:48:22,022:INFO:   Eta: 1:06:34
2022-03-30 16:48:48,135:INFO: Train: [99][2075/2076]  Loss -0.2661 (-1.4225)  Time:  0.146 (0.013)  Data Time:  0.005 (0.005)
2022-03-30 16:48:48,136:INFO:   Eta: 1:05:40
2022-03-30 16:49:14,310:INFO: Train: [100][2075/2076]  Loss -0.3476 (-1.3252)  Time:  0.130 (0.013)  Data Time:  0.004 (0.005)
2022-03-30 16:49:14,311:INFO:   Eta: 1:05:23
2022-03-30 16:49:39,019:INFO: Train: [101][2075/2076]  Loss -0.3048 (-1.3926)  Time:  0.133 (0.012)  Data Time:  0.004 (0.004)
2022-03-30 16:49:39,021:INFO:   Eta: 1:01:19
2022-03-30 16:50:02,816:INFO: Train: [102][2075/2076]  Loss -0.3208 (-1.2977)  Time:  0.161 (0.011)  Data Time:  0.005 (0.004)
2022-03-30 16:50:02,817:INFO:   Eta: 0:58:39
2022-03-30 16:50:27,299:INFO: Train: [103][2075/2076]  Loss -0.3231 (-1.3943)  Time:  0.173 (0.012)  Data Time:  0.005 (0.004)
2022-03-30 16:50:27,300:INFO:   Eta: 0:59:56
2022-03-30 16:50:53,901:INFO: Train: [104][2075/2076]  Loss -0.3848 (-1.4480)  Time:  0.167 (0.013)  Data Time:  0.003 (0.004)
2022-03-30 16:50:53,906:INFO:   Eta: 1:04:41
2022-03-30 16:51:20,217:INFO: Train: [105][2075/2076]  Loss -0.3318 (-1.3984)  Time:  0.137 (0.013)  Data Time:  0.004 (0.005)
2022-03-30 16:51:20,217:INFO:   Eta: 1:03:31
2022-03-30 16:51:46,501:INFO: Train: [106][2075/2076]  Loss -0.2412 (-1.3080)  Time:  0.150 (0.013)  Data Time:  0.004 (0.005)
2022-03-30 16:51:46,502:INFO:   Eta: 1:03:02
2022-03-30 16:53:25,982:INFO: Test: [106]  ADE: 0.4995  FDE: 0.8160
2022-03-30 16:53:52,405:INFO: Train: [107][2075/2076]  Loss -0.3635 (-1.3728)  Time:  0.150 (0.013)  Data Time:  0.005 (0.005)
2022-03-30 16:53:52,406:INFO:   Eta: 1:02:52
2022-03-30 16:54:18,719:INFO: Train: [108][2075/2076]  Loss -0.3608 (-1.4554)  Time:  0.129 (0.013)  Data Time:  0.004 (0.005)
2022-03-30 16:54:18,721:INFO:   Eta: 1:02:14
2022-03-30 16:54:44,473:INFO: Train: [109][2075/2076]  Loss -0.3081 (-1.4279)  Time:  0.131 (0.012)  Data Time:  0.006 (0.004)
2022-03-30 16:54:44,475:INFO:   Eta: 1:00:29
2022-03-30 16:55:07,190:INFO: Train: [110][2075/2076]  Loss -0.3294 (-1.4494)  Time:  0.124 (0.011)  Data Time:  0.004 (0.003)
2022-03-30 16:55:07,191:INFO:   Eta: 0:52:58
2022-03-30 16:55:32,699:INFO: Train: [111][2075/2076]  Loss -0.3173 (-1.3809)  Time:  0.129 (0.012)  Data Time:  0.003 (0.004)
2022-03-30 16:55:32,699:INFO:   Eta: 0:59:03
2022-03-30 16:55:57,803:INFO: Train: [112][2075/2076]  Loss -0.3928 (-1.4060)  Time:  0.133 (0.012)  Data Time:  0.004 (0.004)
2022-03-30 16:55:57,804:INFO:   Eta: 0:57:42
2022-03-30 16:56:24,044:INFO: Train: [113][2075/2076]  Loss -0.2922 (-1.3107)  Time:  0.149 (0.013)  Data Time:  0.005 (0.005)
2022-03-30 16:56:24,045:INFO:   Eta: 0:59:52
2022-03-30 16:56:50,401:INFO: Train: [114][2075/2076]  Loss -0.3542 (-1.4964)  Time:  0.140 (0.013)  Data Time:  0.005 (0.005)
2022-03-30 16:56:50,402:INFO:   Eta: 0:59:42
2022-03-30 16:57:16,685:INFO: Train: [115][2075/2076]  Loss -0.3805 (-1.3702)  Time:  0.150 (0.013)  Data Time:  0.005 (0.005)
2022-03-30 16:57:16,686:INFO:   Eta: 0:59:06
2022-03-30 16:57:42,397:INFO: Train: [116][2075/2076]  Loss -0.4239 (-1.4378)  Time:  0.144 (0.012)  Data Time:  0.005 (0.005)
2022-03-30 16:57:42,398:INFO:   Eta: 0:57:23
2022-03-30 16:59:26,923:INFO: Test: [116]  ADE: 0.5001  FDE: 0.8890
2022-03-30 16:59:51,531:INFO: Train: [117][2075/2076]  Loss -0.3647 (-1.4167)  Time:  0.132 (0.012)  Data Time:  0.004 (0.004)
2022-03-30 16:59:51,532:INFO:   Eta: 0:54:30
2022-03-30 17:00:14,360:INFO: Train: [118][2075/2076]  Loss -0.3698 (-1.4892)  Time:  0.125 (0.011)  Data Time:  0.004 (0.004)
2022-03-30 17:00:14,361:INFO:   Eta: 0:50:11
2022-03-30 17:00:37,294:INFO: Train: [119][2075/2076]  Loss -0.2976 (-1.4749)  Time:  0.150 (0.011)  Data Time:  0.004 (0.004)
2022-03-30 17:00:37,295:INFO:   Eta: 0:50:02
2022-03-30 17:01:02,001:INFO: Train: [120][2075/2076]  Loss -0.3436 (-1.4135)  Time:  0.142 (0.012)  Data Time:  0.004 (0.004)
2022-03-30 17:01:02,002:INFO:   Eta: 0:53:30
2022-03-30 17:01:26,240:INFO: Train: [121][2075/2076]  Loss -0.2601 (-1.4678)  Time:  0.137 (0.012)  Data Time:  0.005 (0.004)
2022-03-30 17:01:26,241:INFO:   Eta: 0:52:05
2022-03-30 17:01:52,072:INFO: Train: [122][2075/2076]  Loss -0.3542 (-1.4398)  Time:  0.134 (0.012)  Data Time:  0.005 (0.005)
2022-03-30 17:01:52,074:INFO:   Eta: 0:55:04
2022-03-30 17:02:17,673:INFO: Train: [123][2075/2076]  Loss -0.4174 (-1.3882)  Time:  0.139 (0.012)  Data Time:  0.004 (0.005)
2022-03-30 17:02:17,674:INFO:   Eta: 0:54:09
2022-03-30 17:02:43,028:INFO: Train: [124][2075/2076]  Loss -0.3260 (-1.4862)  Time:  0.142 (0.012)  Data Time:  0.005 (0.005)
2022-03-30 17:02:43,030:INFO:   Eta: 0:53:13
2022-03-30 17:03:08,622:INFO: Train: [125][2075/2076]  Loss -0.3435 (-1.3784)  Time:  0.125 (0.012)  Data Time:  0.004 (0.005)
2022-03-30 17:03:08,625:INFO:   Eta: 0:53:17
2022-03-30 17:03:34,091:INFO: Train: [126][2075/2076]  Loss -0.1361 (-1.4807)  Time:  0.136 (0.012)  Data Time:  0.005 (0.005)
2022-03-30 17:03:34,092:INFO:   Eta: 0:52:36
2022-03-30 17:05:11,183:INFO: Test: [126]  ADE: 0.6882  FDE: 1.1189
2022-03-30 17:05:34,976:INFO: Train: [127][2075/2076]  Loss -0.2859 (-1.5398)  Time:  0.135 (0.011)  Data Time:  0.004 (0.004)
2022-03-30 17:05:34,976:INFO:   Eta: 0:48:43
2022-03-30 17:06:01,405:INFO: Train: [128][2075/2076]  Loss -0.2910 (-1.4799)  Time:  0.131 (0.013)  Data Time:  0.005 (0.004)
2022-03-30 17:06:01,407:INFO:   Eta: 0:53:42
2022-03-30 17:06:25,768:INFO: Train: [129][2075/2076]  Loss -0.3707 (-1.4101)  Time:  0.140 (0.012)  Data Time:  0.004 (0.004)
2022-03-30 17:06:25,769:INFO:   Eta: 0:49:05
2022-03-30 17:06:50,600:INFO: Train: [130][2075/2076]  Loss -0.3321 (-1.4517)  Time:  0.131 (0.012)  Data Time:  0.005 (0.004)
2022-03-30 17:06:50,601:INFO:   Eta: 0:49:38
2022-03-30 17:07:16,762:INFO: Train: [131][2075/2076]  Loss -0.3507 (-1.5167)  Time:  0.143 (0.013)  Data Time:  0.005 (0.005)
2022-03-30 17:07:16,763:INFO:   Eta: 0:51:51
2022-03-30 17:07:42,668:INFO: Train: [132][2075/2076]  Loss -0.3825 (-1.3265)  Time:  0.130 (0.012)  Data Time:  0.005 (0.005)
2022-03-30 17:07:42,669:INFO:   Eta: 0:50:55
2022-03-30 17:08:08,384:INFO: Train: [133][2075/2076]  Loss -0.2791 (-1.4409)  Time:  0.134 (0.012)  Data Time:  0.005 (0.005)
2022-03-30 17:08:08,385:INFO:   Eta: 0:50:07
2022-03-30 17:08:34,377:INFO: Train: [134][2075/2076]  Loss -0.3828 (-1.4726)  Time:  0.138 (0.013)  Data Time:  0.005 (0.005)
2022-03-30 17:08:34,378:INFO:   Eta: 0:50:13
2022-03-30 17:09:00,252:INFO: Train: [135][2075/2076]  Loss -0.3438 (-1.4726)  Time:  0.150 (0.012)  Data Time:  0.005 (0.005)
2022-03-30 17:09:00,254:INFO:   Eta: 0:49:34
2022-03-30 17:09:25,959:INFO: Train: [136][2075/2076]  Loss -0.3862 (-1.5161)  Time:  0.132 (0.012)  Data Time:  0.004 (0.005)
2022-03-30 17:09:25,960:INFO:   Eta: 0:48:48
2022-03-30 17:11:05,352:INFO: Test: [136]  ADE: 0.4795  FDE: 0.8331
2022-03-30 17:11:28,843:INFO: Train: [137][2075/2076]  Loss -0.3400 (-1.4412)  Time:  0.133 (0.011)  Data Time:  0.004 (0.004)
2022-03-30 17:11:28,843:INFO:   Eta: 0:44:11
2022-03-30 17:11:54,451:INFO: Train: [138][2075/2076]  Loss -0.3650 (-1.4698)  Time:  0.134 (0.012)  Data Time:  0.004 (0.004)
2022-03-30 17:11:54,452:INFO:   Eta: 0:47:46
2022-03-30 17:12:18,559:INFO: Train: [139][2075/2076]  Loss -0.3536 (-1.4205)  Time:  0.135 (0.012)  Data Time:  0.004 (0.004)
2022-03-30 17:12:18,560:INFO:   Eta: 0:44:34
2022-03-30 17:12:43,211:INFO: Train: [140][2075/2076]  Loss -0.3020 (-1.5284)  Time:  0.138 (0.012)  Data Time:  0.005 (0.004)
2022-03-30 17:12:43,212:INFO:   Eta: 0:45:10
2022-03-30 17:13:09,230:INFO: Train: [141][2075/2076]  Loss -0.2412 (-1.4988)  Time:  0.140 (0.013)  Data Time:  0.005 (0.004)
2022-03-30 17:13:09,232:INFO:   Eta: 0:47:14
2022-03-30 17:13:36,673:INFO: Train: [142][2075/2076]  Loss -0.3622 (-1.4897)  Time:  0.129 (0.013)  Data Time:  0.004 (0.004)
2022-03-30 17:13:36,675:INFO:   Eta: 0:49:21
2022-03-30 17:14:02,676:INFO: Train: [143][2075/2076]  Loss -0.3722 (-1.4707)  Time:  0.162 (0.013)  Data Time:  0.005 (0.004)
2022-03-30 17:14:02,677:INFO:   Eta: 0:46:20
2022-03-30 17:14:28,241:INFO: Train: [144][2075/2076]  Loss -0.3780 (-1.5437)  Time:  0.157 (0.012)  Data Time:  0.006 (0.004)
2022-03-30 17:14:28,242:INFO:   Eta: 0:45:08
2022-03-30 17:14:54,346:INFO: Train: [145][2075/2076]  Loss -0.2902 (-1.4857)  Time:  0.136 (0.013)  Data Time:  0.004 (0.005)
2022-03-30 17:14:54,347:INFO:   Eta: 0:45:39
2022-03-30 17:15:20,148:INFO: Train: [146][2075/2076]  Loss -0.3948 (-1.5741)  Time:  0.154 (0.012)  Data Time:  0.004 (0.004)
2022-03-30 17:15:20,148:INFO:   Eta: 0:44:41
2022-03-30 17:17:01,245:INFO: Test: [146]  ADE: 0.4636  FDE: 0.8233
2022-03-30 17:17:24,385:INFO: Train: [147][2075/2076]  Loss -0.3773 (-1.3276)  Time:  0.143 (0.011)  Data Time:  0.004 (0.004)
2022-03-30 17:17:24,386:INFO:   Eta: 0:39:40
2022-03-30 17:17:48,564:INFO: Train: [148][2075/2076]  Loss -0.2944 (-1.3865)  Time:  0.131 (0.012)  Data Time:  0.004 (0.004)
2022-03-30 17:17:48,565:INFO:   Eta: 0:41:05
2022-03-30 17:18:13,418:INFO: Train: [149][2075/2076]  Loss -0.3866 (-1.5061)  Time:  0.156 (0.012)  Data Time:  0.004 (0.004)
2022-03-30 17:18:13,420:INFO:   Eta: 0:41:49
2022-03-30 17:18:38,463:INFO: Train: [150][2075/2076]  Loss -0.4209 (-1.7182)  Time:  0.140 (0.012)  Data Time:  0.004 (0.004)
2022-03-30 17:18:38,464:INFO:   Eta: 0:41:42
2022-03-30 17:19:02,974:INFO: Train: [151][2075/2076]  Loss -0.4096 (-1.6834)  Time:  0.196 (0.012)  Data Time:  0.005 (0.004)
2022-03-30 17:19:02,975:INFO:   Eta: 0:40:25
2022-03-30 17:19:08,024:INFO: Valid: [151][529/530]  Loss -6.1861 (-4.5184)
2022-03-30 17:19:08,034:INFO: Checkpoint saved...
2022-03-30 17:19:33,705:INFO: Train: [152][2075/2076]  Loss -0.3247 (-1.7034)  Time:  0.131 (0.012)  Data Time:  0.004 (0.005)
2022-03-30 17:19:33,706:INFO:   Eta: 0:41:54
2022-03-30 17:19:38,727:INFO: Valid: [152][529/530]  Loss -5.6733 (-4.2031)
2022-03-30 17:20:04,197:INFO: Train: [153][2075/2076]  Loss -0.4284 (-1.7374)  Time:  0.143 (0.012)  Data Time:  0.005 (0.004)
2022-03-30 17:20:04,198:INFO:   Eta: 0:41:09
2022-03-30 17:20:09,035:INFO: Valid: [153][529/530]  Loss -6.3789 (-4.6727)
2022-03-30 17:20:09,052:INFO: Checkpoint saved...
2022-03-30 17:20:35,052:INFO: Train: [154][2075/2076]  Loss -0.3510 (-1.7337)  Time:  0.146 (0.013)  Data Time:  0.005 (0.005)
2022-03-30 17:20:35,053:INFO:   Eta: 0:41:34
2022-03-30 17:20:40,001:INFO: Valid: [154][529/530]  Loss -6.4646 (-4.7176)
2022-03-30 17:20:40,018:INFO: Checkpoint saved...
2022-03-30 17:21:06,714:INFO: Train: [155][2075/2076]  Loss -0.4163 (-1.6550)  Time:  0.144 (0.013)  Data Time:  0.005 (0.004)
2022-03-30 17:21:06,716:INFO:   Eta: 0:42:14
2022-03-30 17:21:11,997:INFO: Valid: [155][529/530]  Loss -5.3918 (-4.0249)
2022-03-30 17:21:37,823:INFO: Train: [156][2075/2076]  Loss -0.3442 (-1.7506)  Time:  0.133 (0.012)  Data Time:  0.003 (0.004)
2022-03-30 17:21:37,845:INFO:   Eta: 0:40:26
2022-03-30 17:21:43,036:INFO: Valid: [156][529/530]  Loss -5.6916 (-4.2396)
2022-03-30 17:23:24,634:INFO: Test: [156]  ADE: 0.4789  FDE: 0.8401
2022-03-30 17:23:48,456:INFO: Train: [157][2075/2076]  Loss -0.4045 (-1.7528)  Time:  0.154 (0.011)  Data Time:  0.005 (0.004)
2022-03-30 17:23:48,458:INFO:   Eta: 0:36:53
2022-03-30 17:23:53,473:INFO: Valid: [157][529/530]  Loss -6.2815 (-4.5898)
2022-03-30 17:24:19,356:INFO: Train: [158][2075/2076]  Loss -0.4445 (-1.7420)  Time:  0.135 (0.012)  Data Time:  0.005 (0.004)
2022-03-30 17:24:19,357:INFO:   Eta: 0:39:39
2022-03-30 17:24:24,453:INFO: Valid: [158][529/530]  Loss -4.9767 (-3.8183)
2022-03-30 17:24:49,292:INFO: Train: [159][2075/2076]  Loss -0.3228 (-1.7699)  Time:  0.127 (0.012)  Data Time:  0.003 (0.004)
2022-03-30 17:24:49,293:INFO:   Eta: 0:37:39
2022-03-30 17:24:54,167:INFO: Valid: [159][529/530]  Loss -5.7916 (-4.2841)
2022-03-30 17:25:18,764:INFO: Train: [160][2075/2076]  Loss -0.3568 (-1.7309)  Time:  0.139 (0.012)  Data Time:  0.003 (0.004)
2022-03-30 17:25:18,765:INFO:   Eta: 0:36:52
2022-03-30 17:25:23,650:INFO: Valid: [160][529/530]  Loss -5.7601 (-4.2207)
2022-03-30 17:25:49,226:INFO: Train: [161][2075/2076]  Loss -0.3911 (-1.7828)  Time:  0.142 (0.012)  Data Time:  0.005 (0.004)
2022-03-30 17:25:49,228:INFO:   Eta: 0:37:55
2022-03-30 17:25:54,449:INFO: Valid: [161][529/530]  Loss -6.2401 (-4.5715)
2022-03-30 17:26:20,167:INFO: Train: [162][2075/2076]  Loss -0.3950 (-1.6696)  Time:  0.121 (0.012)  Data Time:  0.002 (0.004)
2022-03-30 17:26:20,168:INFO:   Eta: 0:37:41
2022-03-30 17:26:25,212:INFO: Valid: [162][529/530]  Loss -6.2997 (-4.5949)
2022-03-30 17:26:51,283:INFO: Train: [163][2075/2076]  Loss -0.3464 (-1.6661)  Time:  0.128 (0.013)  Data Time:  0.004 (0.005)
2022-03-30 17:26:51,284:INFO:   Eta: 0:37:46
2022-03-30 17:26:56,436:INFO: Valid: [163][529/530]  Loss -6.0546 (-4.4350)
2022-03-30 17:27:21,961:INFO: Train: [164][2075/2076]  Loss -0.4384 (-1.7841)  Time:  0.142 (0.012)  Data Time:  0.004 (0.005)
2022-03-30 17:27:21,962:INFO:   Eta: 0:36:33
2022-03-30 17:27:26,945:INFO: Valid: [164][529/530]  Loss -4.0838 (-3.1267)
2022-03-30 17:27:52,324:INFO: Train: [165][2075/2076]  Loss -0.4502 (-1.6844)  Time:  0.139 (0.012)  Data Time:  0.005 (0.005)
2022-03-30 17:27:52,325:INFO:   Eta: 0:35:55
2022-03-30 17:27:57,343:INFO: Valid: [165][529/530]  Loss -6.3500 (-4.6284)
2022-03-30 17:28:24,962:INFO: Train: [166][2075/2076]  Loss -0.2647 (-1.7195)  Time:  0.157 (0.013)  Data Time:  0.004 (0.004)
2022-03-30 17:28:24,964:INFO:   Eta: 0:38:37
2022-03-30 17:28:30,742:INFO: Valid: [166][529/530]  Loss -4.3916 (-3.4075)
2022-03-30 17:30:14,799:INFO: Test: [166]  ADE: 0.5686  FDE: 1.0438
2022-03-30 17:30:41,296:INFO: Train: [167][2075/2076]  Loss -0.3801 (-1.7952)  Time:  0.142 (0.013)  Data Time:  0.004 (0.005)
2022-03-30 17:30:41,300:INFO:   Eta: 0:36:35
2022-03-30 17:30:46,266:INFO: Valid: [167][529/530]  Loss -5.1749 (-3.9017)
2022-03-30 17:31:11,577:INFO: Train: [168][2075/2076]  Loss -0.3540 (-1.7798)  Time:  0.130 (0.012)  Data Time:  0.004 (0.004)
2022-03-30 17:31:11,579:INFO:   Eta: 0:34:34
2022-03-30 17:31:16,584:INFO: Valid: [168][529/530]  Loss -5.7997 (-4.3017)
2022-03-30 17:31:42,202:INFO: Train: [169][2075/2076]  Loss -0.3960 (-1.6330)  Time:  0.147 (0.012)  Data Time:  0.004 (0.004)
2022-03-30 17:31:42,203:INFO:   Eta: 0:34:33
2022-03-30 17:31:47,249:INFO: Valid: [169][529/530]  Loss -6.1654 (-4.4888)
2022-03-30 17:32:13,749:INFO: Train: [170][2075/2076]  Loss -0.3456 (-1.6926)  Time:  0.134 (0.013)  Data Time:  0.003 (0.005)
2022-03-30 17:32:13,751:INFO:   Eta: 0:35:18
2022-03-30 17:32:18,897:INFO: Valid: [170][529/530]  Loss -6.2411 (-4.5481)
2022-03-30 17:32:45,607:INFO: Train: [171][2075/2076]  Loss -0.3958 (-1.7872)  Time:  0.163 (0.013)  Data Time:  0.004 (0.005)
2022-03-30 17:32:45,608:INFO:   Eta: 0:35:08
2022-03-30 17:32:50,815:INFO: Valid: [171][529/530]  Loss -5.7114 (-4.1869)
2022-03-30 17:33:18,007:INFO: Train: [172][2075/2076]  Loss -0.4244 (-1.7805)  Time:  0.141 (0.013)  Data Time:  0.005 (0.005)
2022-03-30 17:33:18,008:INFO:   Eta: 0:35:19
2022-03-30 17:33:23,340:INFO: Valid: [172][529/530]  Loss -6.0769 (-4.4242)
2022-03-30 17:33:49,936:INFO: Train: [173][2075/2076]  Loss -0.3290 (-1.7114)  Time:  0.137 (0.013)  Data Time:  0.004 (0.004)
2022-03-30 17:33:49,937:INFO:   Eta: 0:34:06
2022-03-30 17:33:55,089:INFO: Valid: [173][529/530]  Loss -6.3133 (-4.5728)
2022-03-30 17:34:21,659:INFO: Train: [174][2075/2076]  Loss -0.4400 (-1.7741)  Time:  0.138 (0.013)  Data Time:  0.004 (0.004)
2022-03-30 17:34:21,660:INFO:   Eta: 0:33:38
2022-03-30 17:34:26,761:INFO: Valid: [174][529/530]  Loss -6.1904 (-4.4970)
2022-03-30 17:34:53,335:INFO: Train: [175][2075/2076]  Loss -0.3181 (-1.8126)  Time:  0.166 (0.013)  Data Time:  0.004 (0.005)
2022-03-30 17:34:53,336:INFO:   Eta: 0:33:11
2022-03-30 17:34:58,512:INFO: Valid: [175][529/530]  Loss -6.0982 (-4.4375)
2022-03-30 17:35:21,486:INFO: Train: [176][2075/2076]  Loss -0.3403 (-1.7877)  Time:  0.123 (0.011)  Data Time:  0.004 (0.004)
2022-03-30 17:35:21,487:INFO:   Eta: 0:28:18
2022-03-30 17:35:26,041:INFO: Valid: [176][529/530]  Loss -6.0441 (-4.4062)
2022-03-30 17:37:13,240:INFO: Test: [176]  ADE: 0.4938  FDE: 0.8795
2022-03-30 17:37:38,525:INFO: Train: [177][2075/2076]  Loss -0.3285 (-1.8148)  Time:  0.131 (0.012)  Data Time:  0.004 (0.004)
2022-03-30 17:37:38,526:INFO:   Eta: 0:30:43
2022-03-30 17:37:43,680:INFO: Valid: [177][529/530]  Loss -5.9443 (-4.3437)
2022-03-30 17:38:09,062:INFO: Train: [178][2075/2076]  Loss -0.3985 (-1.8133)  Time:  0.152 (0.012)  Data Time:  0.004 (0.004)
2022-03-30 17:38:09,063:INFO:   Eta: 0:30:26
2022-03-30 17:38:14,234:INFO: Valid: [178][529/530]  Loss -5.6254 (-4.1436)
2022-03-30 17:38:40,048:INFO: Train: [179][2075/2076]  Loss -0.3842 (-1.6794)  Time:  0.151 (0.012)  Data Time:  0.004 (0.004)
2022-03-30 17:38:40,050:INFO:   Eta: 0:30:31
2022-03-30 17:38:45,404:INFO: Valid: [179][529/530]  Loss -6.5328 (-4.7147)
2022-03-30 17:38:45,432:INFO: Checkpoint saved...
2022-03-30 17:39:11,540:INFO: Train: [180][2075/2076]  Loss -0.4025 (-1.6433)  Time:  0.146 (0.013)  Data Time:  0.005 (0.004)
2022-03-30 17:39:11,542:INFO:   Eta: 0:30:26
2022-03-30 17:39:16,759:INFO: Valid: [180][529/530]  Loss -6.2234 (-4.5254)
2022-03-30 17:39:42,725:INFO: Train: [181][2075/2076]  Loss -0.4169 (-1.7437)  Time:  0.147 (0.012)  Data Time:  0.004 (0.004)
2022-03-30 17:39:42,727:INFO:   Eta: 0:29:50
2022-03-30 17:39:47,900:INFO: Valid: [181][529/530]  Loss -6.0621 (-4.4269)
2022-03-30 17:40:14,427:INFO: Train: [182][2075/2076]  Loss -0.4231 (-1.6695)  Time:  0.141 (0.013)  Data Time:  0.004 (0.004)
2022-03-30 17:40:14,438:INFO:   Eta: 0:30:00
2022-03-30 17:40:19,583:INFO: Valid: [182][529/530]  Loss -5.7779 (-4.2380)
2022-03-30 17:40:45,403:INFO: Train: [183][2075/2076]  Loss -0.3658 (-1.7692)  Time:  0.164 (0.012)  Data Time:  0.004 (0.005)
2022-03-30 17:40:45,405:INFO:   Eta: 0:28:48
2022-03-30 17:40:50,499:INFO: Valid: [183][529/530]  Loss -5.6967 (-4.1798)
2022-03-30 17:41:13,800:INFO: Train: [184][2075/2076]  Loss -0.3328 (-1.7389)  Time:  0.126 (0.011)  Data Time:  0.003 (0.004)
2022-03-30 17:41:13,802:INFO:   Eta: 0:25:36
2022-03-30 17:41:18,917:INFO: Valid: [184][529/530]  Loss -5.9884 (-4.3849)
2022-03-30 17:41:43,538:INFO: Train: [185][2075/2076]  Loss -0.3912 (-1.7493)  Time:  0.160 (0.012)  Data Time:  0.005 (0.004)
2022-03-30 17:41:43,539:INFO:   Eta: 0:26:39
2022-03-30 17:41:48,756:INFO: Valid: [185][529/530]  Loss -5.4017 (-3.9481)
2022-03-30 17:42:14,975:INFO: Train: [186][2075/2076]  Loss -0.3300 (-1.7506)  Time:  0.139 (0.013)  Data Time:  0.004 (0.004)
2022-03-30 17:42:14,976:INFO:   Eta: 0:27:56
2022-03-30 17:42:20,099:INFO: Valid: [186][529/530]  Loss -5.8874 (-4.2975)
2022-03-30 17:44:05,635:INFO: Test: [186]  ADE: 0.4945  FDE: 0.8794
2022-03-30 17:44:30,378:INFO: Train: [187][2075/2076]  Loss -0.3824 (-1.7523)  Time:  0.131 (0.012)  Data Time:  0.004 (0.004)
2022-03-30 17:44:30,379:INFO:   Eta: 0:25:57
2022-03-30 17:44:35,465:INFO: Valid: [187][529/530]  Loss -6.2308 (-4.4876)
2022-03-30 17:45:01,497:INFO: Train: [188][2075/2076]  Loss -0.4200 (-1.7601)  Time:  0.153 (0.013)  Data Time:  0.005 (0.005)
2022-03-30 17:45:01,498:INFO:   Eta: 0:26:53
2022-03-30 17:45:06,560:INFO: Valid: [188][529/530]  Loss -5.7501 (-4.2207)
2022-03-30 17:45:32,003:INFO: Train: [189][2075/2076]  Loss -0.3745 (-1.7428)  Time:  0.138 (0.012)  Data Time:  0.005 (0.004)
2022-03-30 17:45:32,005:INFO:   Eta: 0:25:51
2022-03-30 17:45:37,290:INFO: Valid: [189][529/530]  Loss -4.5317 (-3.4542)
2022-03-30 17:46:02,745:INFO: Train: [190][2075/2076]  Loss -0.4400 (-1.8172)  Time:  0.142 (0.012)  Data Time:  0.005 (0.004)
2022-03-30 17:46:02,746:INFO:   Eta: 0:25:26
2022-03-30 17:46:07,855:INFO: Valid: [190][529/530]  Loss -5.7645 (-4.2145)
2022-03-30 17:46:33,360:INFO: Train: [191][2075/2076]  Loss -0.4188 (-1.7754)  Time:  0.124 (0.012)  Data Time:  0.002 (0.004)
2022-03-30 17:46:33,363:INFO:   Eta: 0:25:04
2022-03-30 17:46:38,326:INFO: Valid: [191][529/530]  Loss -6.2930 (-4.5748)
2022-03-30 17:47:03,080:INFO: Train: [192][2075/2076]  Loss -0.4397 (-1.8442)  Time:  0.127 (0.012)  Data Time:  0.003 (0.004)
2022-03-30 17:47:03,084:INFO:   Eta: 0:23:52
2022-03-30 17:47:08,180:INFO: Valid: [192][529/530]  Loss -6.3924 (-4.6305)
2022-03-30 17:47:31,198:INFO: Train: [193][2075/2076]  Loss -0.4043 (-1.7679)  Time:  0.128 (0.011)  Data Time:  0.005 (0.004)
2022-03-30 17:47:31,200:INFO:   Eta: 0:21:50
2022-03-30 17:47:35,971:INFO: Valid: [193][529/530]  Loss -5.7826 (-4.2079)
2022-03-30 17:48:01,693:INFO: Train: [194][2075/2076]  Loss -0.3685 (-1.7771)  Time:  0.118 (0.012)  Data Time:  0.004 (0.004)
2022-03-30 17:48:01,694:INFO:   Eta: 0:23:59
2022-03-30 17:48:06,425:INFO: Valid: [194][529/530]  Loss -4.7971 (-3.6580)
2022-03-30 17:48:32,531:INFO: Train: [195][2075/2076]  Loss -0.3358 (-1.7636)  Time:  0.159 (0.013)  Data Time:  0.005 (0.004)
2022-03-30 17:48:32,533:INFO:   Eta: 0:23:55
2022-03-30 17:48:37,523:INFO: Valid: [195][529/530]  Loss -4.0203 (-3.0853)
2022-03-30 17:49:03,305:INFO: Train: [196][2075/2076]  Loss -0.3357 (-1.8008)  Time:  0.141 (0.012)  Data Time:  0.004 (0.004)
2022-03-30 17:49:03,306:INFO:   Eta: 0:23:11
2022-03-30 17:49:08,405:INFO: Valid: [196][529/530]  Loss -5.2478 (-3.9083)
2022-03-30 17:50:54,195:INFO: Test: [196]  ADE: 0.5202  FDE: 0.9271
2022-03-30 17:51:19,496:INFO: Train: [197][2075/2076]  Loss -0.3618 (-1.7867)  Time:  0.130 (0.012)  Data Time:  0.004 (0.004)
2022-03-30 17:51:19,496:INFO:   Eta: 0:22:19
2022-03-30 17:51:24,628:INFO: Valid: [197][529/530]  Loss -5.5325 (-4.0600)
2022-03-30 17:51:50,485:INFO: Train: [198][2075/2076]  Loss -0.4013 (-1.7201)  Time:  0.156 (0.012)  Data Time:  0.004 (0.004)
2022-03-30 17:51:50,487:INFO:   Eta: 0:22:23
2022-03-30 17:51:55,531:INFO: Valid: [198][529/530]  Loss -6.1231 (-4.4723)
2022-03-30 17:52:21,197:INFO: Train: [199][2075/2076]  Loss -0.4283 (-1.8063)  Time:  0.149 (0.012)  Data Time:  0.005 (0.004)
2022-03-30 17:52:21,197:INFO:   Eta: 0:21:48
2022-03-30 17:52:26,159:INFO: Valid: [199][529/530]  Loss -5.4064 (-4.0136)
2022-03-30 17:52:51,579:INFO: Train: [200][2075/2076]  Loss -0.4150 (-1.8059)  Time:  0.136 (0.012)  Data Time:  0.004 (0.004)
2022-03-30 17:52:51,580:INFO:   Eta: 0:21:10
2022-03-30 17:52:56,390:INFO: Valid: [200][529/530]  Loss -6.1742 (-4.4875)
2022-03-30 17:53:20,051:INFO: Train: [201][2075/2076]  Loss -0.3338 (-1.8218)  Time:  0.124 (0.011)  Data Time:  0.003 (0.004)
2022-03-30 17:53:20,052:INFO:   Eta: 0:19:18
2022-03-30 17:53:24,997:INFO: Valid: [201][529/530]  Loss -5.8189 (-4.2717)
2022-03-30 17:53:49,795:INFO: Train: [202][2075/2076]  Loss -0.3496 (-1.8071)  Time:  0.134 (0.012)  Data Time:  0.004 (0.004)
2022-03-30 17:53:49,796:INFO:   Eta: 0:19:49
2022-03-30 17:53:54,954:INFO: Valid: [202][529/530]  Loss -5.9692 (-4.3749)
2022-03-30 17:54:20,865:INFO: Train: [203][2075/2076]  Loss -0.4064 (-1.7439)  Time:  0.139 (0.012)  Data Time:  0.005 (0.004)
2022-03-30 17:54:20,866:INFO:   Eta: 0:20:17
2022-03-30 17:54:25,816:INFO: Valid: [203][529/530]  Loss -6.1150 (-4.4550)
2022-03-30 17:54:51,846:INFO: Train: [204][2075/2076]  Loss -0.3085 (-1.8196)  Time:  0.139 (0.013)  Data Time:  0.005 (0.004)
2022-03-30 17:54:51,847:INFO:   Eta: 0:19:56
2022-03-30 17:54:56,768:INFO: Valid: [204][529/530]  Loss -5.2421 (-3.8830)
2022-03-30 17:55:22,483:INFO: Train: [205][2075/2076]  Loss -0.4085 (-1.7619)  Time:  0.154 (0.012)  Data Time:  0.005 (0.004)
2022-03-30 17:55:22,484:INFO:   Eta: 0:19:16
2022-03-30 17:55:27,779:INFO: Valid: [205][529/530]  Loss -6.2794 (-4.5496)
2022-03-30 17:55:52,664:INFO: Train: [206][2075/2076]  Loss -0.4052 (-1.7628)  Time:  0.143 (0.012)  Data Time:  0.003 (0.004)
2022-03-30 17:55:52,665:INFO:   Eta: 0:18:14
2022-03-30 17:55:57,523:INFO: Valid: [206][529/530]  Loss -5.9475 (-4.3228)
2022-03-30 17:57:40,330:INFO: Test: [206]  ADE: 0.4800  FDE: 0.8298
2022-03-30 17:58:05,046:INFO: Train: [207][2075/2076]  Loss -0.3457 (-1.8540)  Time:  0.151 (0.012)  Data Time:  0.005 (0.005)
2022-03-30 17:58:05,136:INFO:   Eta: 0:17:41
2022-03-30 17:58:10,417:INFO: Valid: [207][529/530]  Loss -5.5189 (-4.0721)
2022-03-30 17:58:37,267:INFO: Train: [208][2075/2076]  Loss -0.4320 (-1.8284)  Time:  0.168 (0.013)  Data Time:  0.004 (0.004)
2022-03-30 17:58:37,267:INFO:   Eta: 0:18:47
2022-03-30 17:58:42,697:INFO: Valid: [208][529/530]  Loss -4.9996 (-3.7398)
2022-03-30 17:59:06,916:INFO: Train: [209][2075/2076]  Loss -0.3914 (-1.6985)  Time:  0.155 (0.012)  Data Time:  0.004 (0.004)
2022-03-30 17:59:06,918:INFO:   Eta: 0:16:32
2022-03-30 17:59:12,070:INFO: Valid: [209][529/530]  Loss -6.0395 (-4.4064)
2022-03-30 17:59:36,593:INFO: Train: [210][2075/2076]  Loss -0.4037 (-1.7671)  Time:  0.170 (0.012)  Data Time:  0.005 (0.004)
2022-03-30 17:59:36,594:INFO:   Eta: 0:16:20
2022-03-30 17:59:41,530:INFO: Valid: [210][529/530]  Loss -5.0909 (-3.7468)
2022-03-30 18:00:07,591:INFO: Train: [211][2075/2076]  Loss -0.4421 (-1.7621)  Time:  0.146 (0.013)  Data Time:  0.005 (0.004)
2022-03-30 18:00:07,592:INFO:   Eta: 0:16:55
2022-03-30 18:00:12,316:INFO: Valid: [211][529/530]  Loss -6.4560 (-4.6683)
2022-03-30 18:00:38,241:INFO: Train: [212][2075/2076]  Loss -0.4063 (-1.7693)  Time:  0.152 (0.012)  Data Time:  0.005 (0.004)
2022-03-30 18:00:38,242:INFO:   Eta: 0:16:24
2022-03-30 18:00:43,197:INFO: Valid: [212][529/530]  Loss -6.4784 (-4.6970)
2022-03-30 18:01:08,938:INFO: Train: [213][2075/2076]  Loss -0.4311 (-1.6660)  Time:  0.162 (0.012)  Data Time:  0.006 (0.004)
2022-03-30 18:01:08,939:INFO:   Eta: 0:15:51
2022-03-30 18:01:14,194:INFO: Valid: [213][529/530]  Loss -6.1068 (-4.4554)
2022-03-30 18:01:40,319:INFO: Train: [214][2075/2076]  Loss -0.3684 (-1.8375)  Time:  0.153 (0.013)  Data Time:  0.005 (0.004)
2022-03-30 18:01:40,321:INFO:   Eta: 0:15:38
2022-03-30 18:01:45,684:INFO: Valid: [214][529/530]  Loss -5.9399 (-4.3532)
2022-03-30 18:02:10,623:INFO: Train: [215][2075/2076]  Loss -0.4536 (-1.7608)  Time:  0.118 (0.012)  Data Time:  0.004 (0.004)
2022-03-30 18:02:10,624:INFO:   Eta: 0:14:32
2022-03-30 18:02:15,761:INFO: Valid: [215][529/530]  Loss -6.2266 (-4.5243)
2022-03-30 18:02:41,540:INFO: Train: [216][2075/2076]  Loss -0.3756 (-1.8558)  Time:  0.145 (0.012)  Data Time:  0.005 (0.004)
2022-03-30 18:02:41,542:INFO:   Eta: 0:14:35
2022-03-30 18:02:46,480:INFO: Valid: [216][529/530]  Loss -6.0447 (-4.4175)
2022-03-30 18:04:28,670:INFO: Test: [216]  ADE: 0.4812  FDE: 0.8704
2022-03-30 18:04:53,275:INFO: Train: [217][2075/2076]  Loss -0.4111 (-1.7879)  Time:  0.121 (0.012)  Data Time:  0.004 (0.004)
2022-03-30 18:04:53,276:INFO:   Eta: 0:13:31
2022-03-30 18:04:58,311:INFO: Valid: [217][529/530]  Loss -6.1774 (-4.4225)
2022-03-30 18:05:21,660:INFO: Train: [218][2075/2076]  Loss -0.4095 (-1.6618)  Time:  0.115 (0.011)  Data Time:  0.004 (0.004)
2022-03-30 18:05:21,661:INFO:   Eta: 0:12:26
2022-03-30 18:05:26,416:INFO: Valid: [218][529/530]  Loss -5.4403 (-4.0130)
2022-03-30 18:05:52,369:INFO: Train: [219][2075/2076]  Loss -0.3115 (-1.8449)  Time:  0.142 (0.012)  Data Time:  0.005 (0.005)
2022-03-30 18:05:52,370:INFO:   Eta: 0:13:24
2022-03-30 18:05:57,569:INFO: Valid: [219][529/530]  Loss -5.4980 (-4.0113)
2022-03-30 18:06:24,502:INFO: Train: [220][2075/2076]  Loss -0.2737 (-1.8156)  Time:  0.130 (0.013)  Data Time:  0.005 (0.004)
2022-03-30 18:06:24,503:INFO:   Eta: 0:13:27
2022-03-30 18:06:29,536:INFO: Valid: [220][529/530]  Loss -5.9968 (-4.3874)
2022-03-30 18:06:55,387:INFO: Train: [221][2075/2076]  Loss -0.4382 (-1.8181)  Time:  0.131 (0.012)  Data Time:  0.003 (0.005)
2022-03-30 18:06:55,389:INFO:   Eta: 0:12:29
2022-03-30 18:07:00,393:INFO: Valid: [221][529/530]  Loss -5.4527 (-3.9794)
2022-03-30 18:07:23,181:INFO: Train: [222][2075/2076]  Loss -0.3845 (-1.7926)  Time:  0.118 (0.011)  Data Time:  0.004 (0.004)
2022-03-30 18:07:23,182:INFO:   Eta: 0:10:37
2022-03-30 18:07:28,182:INFO: Valid: [222][529/530]  Loss -5.7449 (-4.2111)
2022-03-30 18:07:50,667:INFO: Train: [223][2075/2076]  Loss -0.4456 (-1.8141)  Time:  0.119 (0.011)  Data Time:  0.003 (0.003)
2022-03-30 18:07:50,668:INFO:   Eta: 0:10:06
2022-03-30 18:07:55,629:INFO: Valid: [223][529/530]  Loss -5.9887 (-4.3611)
2022-03-30 18:08:15,801:INFO: Train: [224][2075/2076]  Loss -0.4528 (-1.8609)  Time:  0.131 (0.010)  Data Time:  0.003 (0.003)
2022-03-30 18:08:15,855:INFO:   Eta: 0:08:44
2022-03-30 18:08:20,616:INFO: Valid: [224][529/530]  Loss -5.6203 (-4.1007)
2022-03-30 18:08:43,215:INFO: Train: [225][2075/2076]  Loss -0.3684 (-1.8169)  Time:  0.131 (0.011)  Data Time:  0.003 (0.003)
2022-03-30 18:08:43,216:INFO:   Eta: 0:09:24
2022-03-30 18:08:48,093:INFO: Valid: [225][529/530]  Loss -5.5106 (-4.1086)
2022-03-30 18:09:10,742:INFO: Train: [226][2075/2076]  Loss -0.4170 (-1.7777)  Time:  0.122 (0.011)  Data Time:  0.003 (0.003)
2022-03-30 18:09:10,743:INFO:   Eta: 0:09:03
2022-03-30 18:09:16,044:INFO: Valid: [226][529/530]  Loss -6.2223 (-4.5141)
2022-03-30 18:10:56,025:INFO: Test: [226]  ADE: 0.4741  FDE: 0.8306
2022-03-30 18:11:15,675:INFO: Train: [227][2075/2076]  Loss -0.4836 (-1.7009)  Time:  0.123 (0.009)  Data Time:  0.002 (0.002)
2022-03-30 18:11:15,676:INFO:   Eta: 0:07:31
2022-03-30 18:11:20,511:INFO: Valid: [227][529/530]  Loss -5.6096 (-4.1460)
2022-03-30 18:11:39,703:INFO: Train: [228][2075/2076]  Loss -0.3654 (-1.8027)  Time:  0.099 (0.009)  Data Time:  0.002 (0.002)
2022-03-30 18:11:39,704:INFO:   Eta: 0:07:01
2022-03-30 18:11:44,345:INFO: Valid: [228][529/530]  Loss -5.7576 (-4.2409)
2022-03-30 18:12:03,312:INFO: Train: [229][2075/2076]  Loss -0.3917 (-1.8361)  Time:  0.096 (0.009)  Data Time:  0.002 (0.002)
2022-03-30 18:12:03,314:INFO:   Eta: 0:06:38
2022-03-30 18:12:07,871:INFO: Valid: [229][529/530]  Loss -5.6720 (-4.1871)
2022-03-30 18:12:26,385:INFO: Train: [230][2075/2076]  Loss -0.3079 (-1.7984)  Time:  0.103 (0.009)  Data Time:  0.001 (0.002)
2022-03-30 18:12:26,386:INFO:   Eta: 0:06:10
2022-03-30 18:12:31,188:INFO: Valid: [230][529/530]  Loss -5.8554 (-4.2709)
2022-03-30 18:12:49,920:INFO: Train: [231][2075/2076]  Loss -0.4071 (-1.7761)  Time:  0.095 (0.009)  Data Time:  0.000 (0.002)
2022-03-30 18:12:49,921:INFO:   Eta: 0:05:55
2022-03-30 18:12:54,522:INFO: Valid: [231][529/530]  Loss -6.2165 (-4.5513)
2022-03-30 18:13:13,558:INFO: Train: [232][2075/2076]  Loss -0.3389 (-1.7225)  Time:  0.117 (0.009)  Data Time:  0.003 (0.003)
2022-03-30 18:13:13,559:INFO:   Eta: 0:05:42
2022-03-30 18:13:18,739:INFO: Valid: [232][529/530]  Loss -6.1619 (-4.4835)
2022-03-30 18:13:38,151:INFO: Train: [233][2075/2076]  Loss -0.4871 (-1.7849)  Time:  0.146 (0.009)  Data Time:  0.002 (0.002)
2022-03-30 18:13:38,152:INFO:   Eta: 0:05:29
2022-03-30 18:13:43,100:INFO: Valid: [233][529/530]  Loss -5.5158 (-4.0662)
2022-03-30 18:14:00,983:INFO: Train: [234][2075/2076]  Loss -0.3845 (-1.7654)  Time:  0.104 (0.009)  Data Time:  0.002 (0.002)
2022-03-30 18:14:00,984:INFO:   Eta: 0:04:45
2022-03-30 18:14:05,919:INFO: Valid: [234][529/530]  Loss -4.7781 (-3.5792)
2022-03-30 18:14:25,195:INFO: Train: [235][2075/2076]  Loss -0.3450 (-1.8157)  Time:  0.130 (0.009)  Data Time:  0.003 (0.002)
2022-03-30 18:14:25,196:INFO:   Eta: 0:04:48
2022-03-30 18:14:30,080:INFO: Valid: [235][529/530]  Loss -5.5920 (-4.0685)
2022-03-30 18:14:48,953:INFO: Train: [236][2075/2076]  Loss -0.4225 (-1.8400)  Time:  0.107 (0.009)  Data Time:  0.002 (0.002)
2022-03-30 18:14:48,954:INFO:   Eta: 0:04:24
2022-03-30 18:14:53,654:INFO: Valid: [236][529/530]  Loss -5.9610 (-4.3656)
2022-03-30 18:16:32,758:INFO: Test: [236]  ADE: 0.4960  FDE: 0.8801
2022-03-30 18:16:51,071:INFO: Train: [237][2075/2076]  Loss -0.3629 (-1.7436)  Time:  0.111 (0.009)  Data Time:  0.003 (0.002)
2022-03-30 18:16:51,072:INFO:   Eta: 0:03:57
2022-03-30 18:16:55,584:INFO: Valid: [237][529/530]  Loss -5.0803 (-3.7800)
2022-03-30 18:17:12,765:INFO: Train: [238][2075/2076]  Loss -0.2907 (-1.8594)  Time:  0.112 (0.008)  Data Time:  0.000 (0.002)
2022-03-30 18:17:12,766:INFO:   Eta: 0:03:25
2022-03-30 18:17:17,132:INFO: Valid: [238][529/530]  Loss -6.0023 (-4.3929)
2022-03-30 18:17:33,190:INFO: Train: [239][2075/2076]  Loss -0.4009 (-1.8575)  Time:  0.087 (0.008)  Data Time:  0.002 (0.001)
2022-03-30 18:17:33,191:INFO:   Eta: 0:02:56
2022-03-30 18:17:37,800:INFO: Valid: [239][529/530]  Loss -6.2226 (-4.4998)
2022-03-30 18:17:53,390:INFO: Train: [240][2075/2076]  Loss -0.4392 (-1.7563)  Time:  0.097 (0.008)  Data Time:  0.002 (0.001)
2022-03-30 18:17:53,391:INFO:   Eta: 0:02:35
2022-03-30 18:17:58,119:INFO: Valid: [240][529/530]  Loss -4.3459 (-3.3363)
2022-03-30 18:18:14,034:INFO: Train: [241][2075/2076]  Loss -0.3687 (-1.8202)  Time:  0.086 (0.008)  Data Time:  0.001 (0.001)
2022-03-30 18:18:14,035:INFO:   Eta: 0:02:23
2022-03-30 18:18:18,943:INFO: Valid: [241][529/530]  Loss -5.9414 (-4.3266)
2022-03-30 18:18:35,193:INFO: Train: [242][2075/2076]  Loss -0.4329 (-1.8181)  Time:  0.091 (0.008)  Data Time:  0.002 (0.001)
2022-03-30 18:18:35,193:INFO:   Eta: 0:02:09
2022-03-30 18:18:39,859:INFO: Valid: [242][529/530]  Loss -5.6817 (-4.1939)
2022-03-30 18:18:55,696:INFO: Train: [243][2075/2076]  Loss -0.4156 (-1.8244)  Time:  0.117 (0.008)  Data Time:  0.002 (0.001)
2022-03-30 18:18:55,698:INFO:   Eta: 0:01:50
2022-03-30 18:19:00,131:INFO: Valid: [243][529/530]  Loss -5.2399 (-3.9002)
2022-03-30 18:19:15,991:INFO: Train: [244][2075/2076]  Loss -0.3979 (-1.7992)  Time:  0.099 (0.008)  Data Time:  0.001 (0.001)
2022-03-30 18:19:15,992:INFO:   Eta: 0:01:35
2022-03-30 18:19:20,850:INFO: Valid: [244][529/530]  Loss -5.9170 (-4.3146)
2022-03-30 18:19:41,723:INFO: Train: [245][2075/2076]  Loss -0.4628 (-1.8179)  Time:  0.119 (0.010)  Data Time:  0.002 (0.001)
2022-03-30 18:19:41,729:INFO:   Eta: 0:01:44
2022-03-30 18:19:46,248:INFO: Valid: [245][529/530]  Loss -3.9804 (-3.0092)
2022-03-30 18:20:01,644:INFO: Train: [246][2075/2076]  Loss -0.2931 (-1.8165)  Time:  0.104 (0.007)  Data Time:  0.002 (0.001)
2022-03-30 18:20:01,645:INFO:   Eta: 0:01:01
2022-03-30 18:20:05,865:INFO: Valid: [246][529/530]  Loss -5.9363 (-4.3734)
2022-03-30 18:21:45,626:INFO: Test: [246]  ADE: 0.5012  FDE: 0.9029
2022-03-30 18:22:01,890:INFO: Train: [247][2075/2076]  Loss -0.3887 (-1.8147)  Time:  0.090 (0.008)  Data Time:  0.001 (0.001)
2022-03-30 18:22:01,892:INFO:   Eta: 0:00:48
2022-03-30 18:22:06,296:INFO: Valid: [247][529/530]  Loss -4.7177 (-3.5379)
2022-03-30 18:22:20,027:INFO: Train: [248][2075/2076]  Loss -0.3727 (-1.8652)  Time:  0.079 (0.007)  Data Time:  0.000 (0.001)
2022-03-30 18:22:20,029:INFO:   Eta: 0:00:27
2022-03-30 18:22:24,342:INFO: Valid: [248][529/530]  Loss -6.1563 (-4.4720)
2022-03-30 18:22:37,629:INFO: Train: [249][2075/2076]  Loss -0.3994 (-1.7264)  Time:  0.088 (0.006)  Data Time:  0.000 (0.000)
2022-03-30 18:22:37,630:INFO:   Eta: 0:00:13
2022-03-30 18:22:41,983:INFO: Valid: [249][529/530]  Loss -5.8717 (-4.3178)
