2022-04-11 05:56:27,555:INFO: batch_size=128
2022-04-11 05:56:27,555:INFO: clip_grad=None
2022-04-11 05:56:27,556:INFO: dataset=zara2
2022-04-11 05:56:27,556:INFO: drop=0.0
2022-04-11 05:56:27,556:INFO: gpu_num=0
2022-04-11 05:56:27,556:INFO: init=kmeans-train-32
2022-04-11 05:56:27,556:INFO: input_size=2
2022-04-11 05:56:27,556:INFO: kernel_size=3
2022-04-11 05:56:27,556:INFO: lr=0.01
2022-04-11 05:56:27,556:INFO: lr_sh_rate=150
2022-04-11 05:56:27,556:INFO: model=social_stgcnn10
2022-04-11 05:56:27,556:INFO: n_stgcnn=1
2022-04-11 05:56:27,556:INFO: n_txpcnn=5
2022-04-11 05:56:27,556:INFO: num_epochs=250
2022-04-11 05:56:27,556:INFO: obs_seq_len=8
2022-04-11 05:56:27,556:INFO: output_size=5
2022-04-11 05:56:27,556:INFO: pred_seq_len=12
2022-04-11 05:56:27,556:INFO: seed=0
2022-04-11 05:56:27,556:INFO: tag=zara2
2022-04-11 05:56:27,556:INFO: use_lrschd=True
2022-04-11 05:56:27,556:INFO: ******************************
2022-04-11 05:56:27,556:INFO: Training initiating....
2022-04-11 05:56:27,557:INFO: Namespace(batch_size=128, clip_grad=None, dataset='zara2', drop=0.0, gpu_num='0', init='kmeans-train-32', input_size=2, kernel_size=3, lr=0.01, lr_sh_rate=150, model='social_stgcnn10', n_stgcnn=1, n_txpcnn=5, num_epochs=250, obs_seq_len=8, output_size=5, pred_seq_len=12, seed=0, tag='zara2', use_lrschd=True)
2022-04-11 05:56:27,566:INFO: Initializing train dataset
2022-04-11 05:56:40,412:INFO: Initializing val dataset
2022-04-11 05:57:25,727:INFO: social_stgcnn10
2022-04-11 05:57:25,728:INFO: Data and model loaded
2022-04-11 05:57:25,728:INFO: Checkpoint dir: ./runs/Apr11_05-56-27_node09kmeans-train-32/zara2/checkpoint
2022-04-11 05:57:25,728:INFO: Training started ...
2022-04-11 05:57:52,875:INFO: Train: [0][2111/2112]  Loss 0.5232 (1.5516)  Time:  0.351 (0.013)  Data Time:  0.005 (0.005)
2022-04-11 05:57:52,877:INFO:   Eta: 1:53:04
2022-04-11 05:58:19,908:INFO: Train: [1][2111/2112]  Loss 0.3026 (0.8286)  Time:  0.324 (0.013)  Data Time:  0.005 (0.005)
2022-04-11 05:58:19,910:INFO:   Eta: 1:52:06
2022-04-11 05:58:46,995:INFO: Train: [2][2111/2112]  Loss 0.2656 (0.5486)  Time:  0.371 (0.013)  Data Time:  0.004 (0.005)
2022-04-11 05:58:46,996:INFO:   Eta: 1:51:53
2022-04-11 05:59:14,006:INFO: Train: [3][2111/2112]  Loss 0.0929 (0.3611)  Time:  0.328 (0.013)  Data Time:  0.004 (0.005)
2022-04-11 05:59:14,007:INFO:   Eta: 1:51:07
2022-04-11 05:59:40,234:INFO: Train: [4][2111/2112]  Loss 0.0664 (0.3037)  Time:  0.331 (0.012)  Data Time:  0.004 (0.005)
2022-04-11 05:59:40,235:INFO:   Eta: 1:47:27
2022-04-11 06:00:06,881:INFO: Train: [5][2111/2112]  Loss 0.1468 (0.1752)  Time:  0.324 (0.013)  Data Time:  0.005 (0.005)
2022-04-11 06:00:06,882:INFO:   Eta: 1:48:44
2022-04-11 06:00:33,256:INFO: Train: [6][2111/2112]  Loss -0.0176 (0.0409)  Time:  0.296 (0.012)  Data Time:  0.003 (0.005)
2022-04-11 06:00:33,257:INFO:   Eta: 1:47:11
2022-04-11 06:01:14,927:INFO: Test: [6]  ADE: 0.6185  FDE: 0.6850
2022-04-11 06:01:38,976:INFO: Train: [7][2111/2112]  Loss -0.0294 (-0.0644)  Time:  0.321 (0.011)  Data Time:  0.004 (0.004)
2022-04-11 06:01:38,977:INFO:   Eta: 1:37:18
2022-04-11 06:02:02,830:INFO: Train: [8][2111/2112]  Loss -0.1451 (-0.0664)  Time:  0.271 (0.011)  Data Time:  0.004 (0.004)
2022-04-11 06:02:02,831:INFO:   Eta: 1:36:09
2022-04-11 06:02:28,583:INFO: Train: [9][2111/2112]  Loss 0.1424 (-0.0527)  Time:  0.320 (0.012)  Data Time:  0.005 (0.004)
2022-04-11 06:02:28,584:INFO:   Eta: 1:43:22
2022-04-11 06:02:55,628:INFO: Train: [10][2111/2112]  Loss -0.1154 (-0.1385)  Time:  0.367 (0.013)  Data Time:  0.005 (0.005)
2022-04-11 06:02:55,629:INFO:   Eta: 1:48:06
2022-04-11 06:03:22,348:INFO: Train: [11][2111/2112]  Loss -0.0508 (-0.1764)  Time:  0.323 (0.013)  Data Time:  0.005 (0.005)
2022-04-11 06:03:22,350:INFO:   Eta: 1:46:22
2022-04-11 06:03:49,548:INFO: Train: [12][2111/2112]  Loss -0.2621 (-0.2377)  Time:  0.328 (0.013)  Data Time:  0.005 (0.005)
2022-04-11 06:03:49,548:INFO:   Eta: 1:46:58
2022-04-11 06:04:16,658:INFO: Train: [13][2111/2112]  Loss -0.2679 (-0.3291)  Time:  0.315 (0.013)  Data Time:  0.005 (0.005)
2022-04-11 06:04:16,659:INFO:   Eta: 1:47:01
2022-04-11 06:04:43,752:INFO: Train: [14][2111/2112]  Loss -0.2172 (-0.3537)  Time:  0.326 (0.013)  Data Time:  0.005 (0.005)
2022-04-11 06:04:43,753:INFO:   Eta: 1:46:30
2022-04-11 06:05:10,723:INFO: Train: [15][2111/2112]  Loss -0.2483 (-0.3330)  Time:  0.357 (0.013)  Data Time:  0.004 (0.004)
2022-04-11 06:05:10,724:INFO:   Eta: 1:45:30
2022-04-11 06:05:38,320:INFO: Train: [16][2111/2112]  Loss -0.3110 (-0.4473)  Time:  0.314 (0.013)  Data Time:  0.004 (0.005)
2022-04-11 06:05:38,321:INFO:   Eta: 1:47:33
2022-04-11 06:06:19,831:INFO: Test: [16]  ADE: 0.5241  FDE: 0.6065
2022-04-11 06:06:45,295:INFO: Train: [17][2111/2112]  Loss -0.2466 (-0.4645)  Time:  0.404 (0.012)  Data Time:  0.004 (0.004)
2022-04-11 06:06:45,296:INFO:   Eta: 1:38:48
2022-04-11 06:07:09,207:INFO: Train: [18][2111/2112]  Loss -0.3088 (-0.5492)  Time:  0.281 (0.011)  Data Time:  0.003 (0.004)
2022-04-11 06:07:09,208:INFO:   Eta: 1:32:24
2022-04-11 06:07:32,722:INFO: Train: [19][2111/2112]  Loss -0.3173 (-0.4163)  Time:  0.313 (0.011)  Data Time:  0.003 (0.004)
2022-04-11 06:07:32,723:INFO:   Eta: 1:30:28
2022-04-11 06:07:56,603:INFO: Train: [20][2111/2112]  Loss -0.3062 (-0.5019)  Time:  0.289 (0.011)  Data Time:  0.003 (0.004)
2022-04-11 06:07:56,604:INFO:   Eta: 1:31:28
2022-04-11 06:08:21,460:INFO: Train: [21][2111/2112]  Loss -0.3372 (-0.4835)  Time:  0.320 (0.012)  Data Time:  0.005 (0.004)
2022-04-11 06:08:21,461:INFO:   Eta: 1:34:48
2022-04-11 06:08:48,427:INFO: Train: [22][2111/2112]  Loss -0.4164 (-0.5983)  Time:  0.317 (0.013)  Data Time:  0.005 (0.005)
2022-04-11 06:08:48,428:INFO:   Eta: 1:42:24
2022-04-11 06:09:15,598:INFO: Train: [23][2111/2112]  Loss -0.0998 (-0.5720)  Time:  0.331 (0.013)  Data Time:  0.005 (0.005)
2022-04-11 06:09:15,599:INFO:   Eta: 1:42:43
2022-04-11 06:09:42,600:INFO: Train: [24][2111/2112]  Loss -0.3828 (-0.5241)  Time:  0.318 (0.013)  Data Time:  0.004 (0.004)
2022-04-11 06:09:42,601:INFO:   Eta: 1:41:38
2022-04-11 06:10:09,379:INFO: Train: [25][2111/2112]  Loss -0.4377 (-0.6180)  Time:  0.324 (0.013)  Data Time:  0.005 (0.005)
2022-04-11 06:10:09,380:INFO:   Eta: 1:40:21
2022-04-11 06:10:36,162:INFO: Train: [26][2111/2112]  Loss -0.3726 (-0.5615)  Time:  0.325 (0.013)  Data Time:  0.005 (0.005)
2022-04-11 06:10:36,163:INFO:   Eta: 1:39:55
2022-04-11 06:11:18,944:INFO: Test: [26]  ADE: 0.5693  FDE: 0.6918
2022-04-11 06:11:45,086:INFO: Train: [27][2111/2112]  Loss -0.3909 (-0.6990)  Time:  0.349 (0.012)  Data Time:  0.004 (0.004)
2022-04-11 06:11:45,087:INFO:   Eta: 1:37:05
2022-04-11 06:12:11,496:INFO: Train: [28][2111/2112]  Loss -0.2482 (-0.7056)  Time:  0.305 (0.012)  Data Time:  0.006 (0.004)
2022-04-11 06:12:11,497:INFO:   Eta: 1:37:39
2022-04-11 06:12:38,266:INFO: Train: [29][2111/2112]  Loss -0.2729 (-0.6593)  Time:  0.329 (0.013)  Data Time:  0.004 (0.005)
2022-04-11 06:12:38,267:INFO:   Eta: 1:38:32
2022-04-11 06:13:02,104:INFO: Train: [30][2111/2112]  Loss -0.4116 (-0.6780)  Time:  0.292 (0.011)  Data Time:  0.004 (0.004)
2022-04-11 06:13:02,104:INFO:   Eta: 1:27:20
2022-04-11 06:13:26,262:INFO: Train: [31][2111/2112]  Loss -0.2905 (-0.7974)  Time:  0.286 (0.011)  Data Time:  0.004 (0.004)
2022-04-11 06:13:26,263:INFO:   Eta: 1:28:06
2022-04-11 06:13:50,441:INFO: Train: [32][2111/2112]  Loss -0.4508 (-0.7654)  Time:  0.301 (0.011)  Data Time:  0.004 (0.004)
2022-04-11 06:13:50,442:INFO:   Eta: 1:27:47
2022-04-11 06:14:14,444:INFO: Train: [33][2111/2112]  Loss -0.4170 (-0.7541)  Time:  0.311 (0.011)  Data Time:  0.004 (0.004)
2022-04-11 06:14:14,445:INFO:   Eta: 1:26:45
2022-04-11 06:14:40,594:INFO: Train: [34][2111/2112]  Loss -0.4220 (-0.7416)  Time:  0.327 (0.012)  Data Time:  0.005 (0.004)
2022-04-11 06:14:40,596:INFO:   Eta: 1:34:02
2022-04-11 06:15:07,590:INFO: Train: [35][2111/2112]  Loss -0.4046 (-0.8350)  Time:  0.385 (0.013)  Data Time:  0.004 (0.005)
2022-04-11 06:15:07,591:INFO:   Eta: 1:36:40
2022-04-11 06:15:34,065:INFO: Train: [36][2111/2112]  Loss -0.5065 (-0.8197)  Time:  0.323 (0.013)  Data Time:  0.005 (0.005)
2022-04-11 06:15:34,066:INFO:   Eta: 1:34:21
2022-04-11 06:16:15,092:INFO: Test: [36]  ADE: 0.4666  FDE: 0.5846
2022-04-11 06:16:41,002:INFO: Train: [37][2111/2112]  Loss -0.3495 (-0.8545)  Time:  0.354 (0.012)  Data Time:  0.005 (0.004)
2022-04-11 06:16:41,003:INFO:   Eta: 1:31:55
2022-04-11 06:17:07,634:INFO: Train: [38][2111/2112]  Loss -0.5260 (-0.7919)  Time:  0.354 (0.013)  Data Time:  0.005 (0.004)
2022-04-11 06:17:07,634:INFO:   Eta: 1:34:02
2022-04-11 06:17:34,326:INFO: Train: [39][2111/2112]  Loss -0.3158 (-0.8841)  Time:  0.384 (0.013)  Data Time:  0.004 (0.004)
2022-04-11 06:17:34,327:INFO:   Eta: 1:33:49
2022-04-11 06:18:01,337:INFO: Train: [40][2111/2112]  Loss -0.5094 (-0.6810)  Time:  0.329 (0.013)  Data Time:  0.005 (0.005)
2022-04-11 06:18:01,338:INFO:   Eta: 1:34:28
2022-04-11 06:18:28,109:INFO: Train: [41][2111/2112]  Loss -0.5379 (-0.7991)  Time:  0.306 (0.013)  Data Time:  0.004 (0.004)
2022-04-11 06:18:28,110:INFO:   Eta: 1:33:11
2022-04-11 06:18:53,378:INFO: Train: [42][2111/2112]  Loss -0.5868 (-0.9630)  Time:  0.288 (0.012)  Data Time:  0.003 (0.004)
2022-04-11 06:18:53,379:INFO:   Eta: 1:27:32
2022-04-11 06:19:17,042:INFO: Train: [43][2111/2112]  Loss -0.5107 (-0.9593)  Time:  0.292 (0.011)  Data Time:  0.005 (0.004)
2022-04-11 06:19:17,043:INFO:   Eta: 1:21:35
2022-04-11 06:19:40,726:INFO: Train: [44][2111/2112]  Loss -0.2652 (-0.9392)  Time:  0.284 (0.011)  Data Time:  0.004 (0.004)
2022-04-11 06:19:40,727:INFO:   Eta: 1:21:13
2022-04-11 06:20:04,651:INFO: Train: [45][2111/2112]  Loss -0.5196 (-0.8783)  Time:  0.277 (0.011)  Data Time:  0.003 (0.004)
2022-04-11 06:20:04,652:INFO:   Eta: 1:21:40
2022-04-11 06:20:29,164:INFO: Train: [46][2111/2112]  Loss -0.5557 (-0.8568)  Time:  0.349 (0.012)  Data Time:  0.005 (0.004)
2022-04-11 06:20:29,165:INFO:   Eta: 1:23:17
2022-04-11 06:21:10,967:INFO: Test: [46]  ADE: 0.4177  FDE: 0.5672
2022-04-11 06:21:36,233:INFO: Train: [47][2111/2112]  Loss -0.5876 (-0.9775)  Time:  0.319 (0.012)  Data Time:  0.005 (0.004)
2022-04-11 06:21:36,234:INFO:   Eta: 1:25:25
2022-04-11 06:22:03,210:INFO: Train: [48][2111/2112]  Loss -0.5147 (-0.9754)  Time:  0.317 (0.013)  Data Time:  0.005 (0.005)
2022-04-11 06:22:03,210:INFO:   Eta: 1:30:45
2022-04-11 06:22:30,235:INFO: Train: [49][2111/2112]  Loss -0.4686 (-0.8690)  Time:  0.297 (0.013)  Data Time:  0.004 (0.005)
2022-04-11 06:22:30,236:INFO:   Eta: 1:30:29
2022-04-11 06:22:56,388:INFO: Train: [50][2111/2112]  Loss -0.4821 (-0.9780)  Time:  0.332 (0.012)  Data Time:  0.005 (0.004)
2022-04-11 06:22:56,388:INFO:   Eta: 1:27:06
2022-04-11 06:23:23,654:INFO: Train: [51][2111/2112]  Loss -0.5926 (-1.0181)  Time:  0.332 (0.013)  Data Time:  0.005 (0.005)
2022-04-11 06:23:23,655:INFO:   Eta: 1:30:22
2022-04-11 06:23:50,242:INFO: Train: [52][2111/2112]  Loss -0.6093 (-0.9832)  Time:  0.309 (0.013)  Data Time:  0.004 (0.004)
2022-04-11 06:23:50,243:INFO:   Eta: 1:27:41
2022-04-11 06:24:17,193:INFO: Train: [53][2111/2112]  Loss -0.3545 (-1.0379)  Time:  0.344 (0.013)  Data Time:  0.005 (0.005)
2022-04-11 06:24:17,194:INFO:   Eta: 1:28:25
2022-04-11 06:24:44,212:INFO: Train: [54][2111/2112]  Loss -0.5337 (-1.0497)  Time:  0.392 (0.013)  Data Time:  0.005 (0.005)
2022-04-11 06:24:44,213:INFO:   Eta: 1:28:12
2022-04-11 06:25:08,090:INFO: Train: [55][2111/2112]  Loss -0.5443 (-1.0200)  Time:  0.295 (0.011)  Data Time:  0.003 (0.004)
2022-04-11 06:25:08,090:INFO:   Eta: 1:17:32
2022-04-11 06:25:31,831:INFO: Train: [56][2111/2112]  Loss -0.5431 (-0.9722)  Time:  0.325 (0.011)  Data Time:  0.003 (0.004)
2022-04-11 06:25:31,831:INFO:   Eta: 1:16:42
2022-04-11 06:26:13,449:INFO: Test: [56]  ADE: 0.3884  FDE: 0.5406
2022-04-11 06:26:36,896:INFO: Train: [57][2111/2112]  Loss -0.5919 (-1.0190)  Time:  0.350 (0.011)  Data Time:  0.003 (0.003)
2022-04-11 06:26:36,898:INFO:   Eta: 1:15:20
2022-04-11 06:27:03,956:INFO: Train: [58][2111/2112]  Loss -0.5926 (-1.0306)  Time:  0.315 (0.013)  Data Time:  0.005 (0.005)
2022-04-11 06:27:03,956:INFO:   Eta: 1:26:32
2022-04-11 06:27:31,473:INFO: Train: [59][2111/2112]  Loss -0.5952 (-1.0396)  Time:  0.409 (0.013)  Data Time:  0.005 (0.005)
2022-04-11 06:27:31,475:INFO:   Eta: 1:27:32
2022-04-11 06:27:57,710:INFO: Train: [60][2111/2112]  Loss -0.6310 (-1.0547)  Time:  0.326 (0.012)  Data Time:  0.005 (0.004)
2022-04-11 06:27:57,711:INFO:   Eta: 1:23:01
2022-04-11 06:28:24,586:INFO: Train: [61][2111/2112]  Loss -0.5917 (-1.0051)  Time:  0.310 (0.013)  Data Time:  0.004 (0.005)
2022-04-11 06:28:24,587:INFO:   Eta: 1:24:36
2022-04-11 06:28:51,073:INFO: Train: [62][2111/2112]  Loss -0.4574 (-1.0591)  Time:  0.323 (0.013)  Data Time:  0.005 (0.005)
2022-04-11 06:28:51,074:INFO:   Eta: 1:22:56
2022-04-11 06:29:17,707:INFO: Train: [63][2111/2112]  Loss -0.4142 (-1.1146)  Time:  0.314 (0.013)  Data Time:  0.004 (0.004)
2022-04-11 06:29:17,708:INFO:   Eta: 1:22:57
2022-04-11 06:29:44,223:INFO: Train: [64][2111/2112]  Loss -0.5019 (-1.0971)  Time:  0.403 (0.013)  Data Time:  0.004 (0.005)
2022-04-11 06:29:44,224:INFO:   Eta: 1:22:08
2022-04-11 06:30:11,032:INFO: Train: [65][2111/2112]  Loss -0.5629 (-1.0417)  Time:  0.310 (0.013)  Data Time:  0.004 (0.004)
2022-04-11 06:30:11,033:INFO:   Eta: 1:22:36
2022-04-11 06:30:38,067:INFO: Train: [66][2111/2112]  Loss -0.5915 (-1.0701)  Time:  0.402 (0.013)  Data Time:  0.005 (0.005)
2022-04-11 06:30:38,068:INFO:   Eta: 1:22:51
2022-04-11 06:31:19,343:INFO: Test: [66]  ADE: 0.4041  FDE: 0.5589
2022-04-11 06:31:42,164:INFO: Train: [67][2111/2112]  Loss -0.5934 (-0.9980)  Time:  0.269 (0.011)  Data Time:  0.003 (0.003)
2022-04-11 06:31:42,165:INFO:   Eta: 1:09:32
2022-04-11 06:32:05,026:INFO: Train: [68][2111/2112]  Loss -0.6235 (-1.0418)  Time:  0.293 (0.011)  Data Time:  0.002 (0.003)
2022-04-11 06:32:05,027:INFO:   Eta: 1:09:16
2022-04-11 06:32:29,817:INFO: Train: [69][2111/2112]  Loss -0.6446 (-1.1418)  Time:  0.294 (0.012)  Data Time:  0.004 (0.004)
2022-04-11 06:32:29,818:INFO:   Eta: 1:14:44
2022-04-11 06:32:56,066:INFO: Train: [70][2111/2112]  Loss -0.7169 (-1.1416)  Time:  0.317 (0.012)  Data Time:  0.005 (0.004)
2022-04-11 06:32:56,067:INFO:   Eta: 1:18:42
2022-04-11 06:33:22,120:INFO: Train: [71][2111/2112]  Loss -0.5085 (-1.0803)  Time:  0.392 (0.012)  Data Time:  0.004 (0.004)
2022-04-11 06:33:22,121:INFO:   Eta: 1:17:40
2022-04-11 06:33:49,313:INFO: Train: [72][2111/2112]  Loss -0.6569 (-1.0538)  Time:  0.336 (0.013)  Data Time:  0.004 (0.005)
2022-04-11 06:33:49,314:INFO:   Eta: 1:20:37
2022-04-11 06:34:16,570:INFO: Train: [73][2111/2112]  Loss -0.6548 (-1.1516)  Time:  0.320 (0.013)  Data Time:  0.005 (0.005)
2022-04-11 06:34:16,570:INFO:   Eta: 1:20:21
2022-04-11 06:34:44,199:INFO: Train: [74][2111/2112]  Loss -0.4791 (-1.0465)  Time:  0.369 (0.013)  Data Time:  0.004 (0.005)
2022-04-11 06:34:44,199:INFO:   Eta: 1:20:59
2022-04-11 06:35:10,570:INFO: Train: [75][2111/2112]  Loss -0.6198 (-1.1037)  Time:  0.314 (0.012)  Data Time:  0.005 (0.004)
2022-04-11 06:35:10,572:INFO:   Eta: 1:16:52
2022-04-11 06:35:37,882:INFO: Train: [76][2111/2112]  Loss -0.6840 (-1.0214)  Time:  0.350 (0.013)  Data Time:  0.005 (0.005)
2022-04-11 06:35:37,883:INFO:   Eta: 1:18:32
2022-04-11 06:36:19,320:INFO: Test: [76]  ADE: 0.4154  FDE: 0.6105
2022-04-11 06:36:46,380:INFO: Train: [77][2111/2112]  Loss -0.6532 (-1.1313)  Time:  0.298 (0.013)  Data Time:  0.004 (0.005)
2022-04-11 06:36:46,381:INFO:   Eta: 1:17:58
2022-04-11 06:37:10,659:INFO: Train: [78][2111/2112]  Loss -0.6413 (-1.0885)  Time:  0.318 (0.011)  Data Time:  0.004 (0.004)
2022-04-11 06:37:10,660:INFO:   Eta: 1:09:32
2022-04-11 06:37:34,228:INFO: Train: [79][2111/2112]  Loss -0.6441 (-1.2240)  Time:  0.326 (0.011)  Data Time:  0.003 (0.004)
2022-04-11 06:37:34,229:INFO:   Eta: 1:07:07
2022-04-11 06:37:58,267:INFO: Train: [80][2111/2112]  Loss -0.6444 (-1.1542)  Time:  0.320 (0.011)  Data Time:  0.004 (0.004)
2022-04-11 06:37:58,269:INFO:   Eta: 1:08:03
2022-04-11 06:38:22,105:INFO: Train: [81][2111/2112]  Loss -0.5202 (-1.0253)  Time:  0.314 (0.011)  Data Time:  0.004 (0.004)
2022-04-11 06:38:22,106:INFO:   Eta: 1:07:04
2022-04-11 06:38:46,053:INFO: Train: [82][2111/2112]  Loss -0.6501 (-1.2255)  Time:  0.318 (0.011)  Data Time:  0.004 (0.004)
2022-04-11 06:38:46,054:INFO:   Eta: 1:07:00
2022-04-11 06:39:13,117:INFO: Train: [83][2111/2112]  Loss -0.5773 (-1.1942)  Time:  0.328 (0.013)  Data Time:  0.004 (0.005)
2022-04-11 06:39:13,118:INFO:   Eta: 1:15:16
2022-04-11 06:39:40,132:INFO: Train: [84][2111/2112]  Loss -0.6480 (-1.1857)  Time:  0.313 (0.013)  Data Time:  0.004 (0.005)
2022-04-11 06:39:40,133:INFO:   Eta: 1:14:42
2022-04-11 06:40:07,380:INFO: Train: [85][2111/2112]  Loss -0.6415 (-1.2006)  Time:  0.321 (0.013)  Data Time:  0.004 (0.005)
2022-04-11 06:40:07,381:INFO:   Eta: 1:14:53
2022-04-11 06:40:34,115:INFO: Train: [86][2111/2112]  Loss -0.6716 (-1.1381)  Time:  0.302 (0.013)  Data Time:  0.004 (0.005)
2022-04-11 06:40:34,116:INFO:   Eta: 1:13:01
2022-04-11 06:41:15,210:INFO: Test: [86]  ADE: 0.3813  FDE: 0.5636
2022-04-11 06:41:41,986:INFO: Train: [87][2111/2112]  Loss -0.5562 (-1.2139)  Time:  0.313 (0.013)  Data Time:  0.004 (0.004)
2022-04-11 06:41:41,988:INFO:   Eta: 1:12:41
2022-04-11 06:42:07,007:INFO: Train: [88][2111/2112]  Loss -0.5034 (-1.2284)  Time:  0.289 (0.012)  Data Time:  0.004 (0.004)
2022-04-11 06:42:07,009:INFO:   Eta: 1:07:30
2022-04-11 06:42:33,925:INFO: Train: [89][2111/2112]  Loss -0.6686 (-1.2417)  Time:  0.311 (0.013)  Data Time:  0.005 (0.005)
2022-04-11 06:42:33,926:INFO:   Eta: 1:12:10
2022-04-11 06:43:00,679:INFO: Train: [90][2111/2112]  Loss -0.5769 (-1.2094)  Time:  0.313 (0.013)  Data Time:  0.005 (0.005)
2022-04-11 06:43:00,680:INFO:   Eta: 1:11:17
2022-04-11 06:43:24,858:INFO: Train: [91][2111/2112]  Loss -0.6200 (-1.1854)  Time:  0.288 (0.011)  Data Time:  0.004 (0.004)
2022-04-11 06:43:24,860:INFO:   Eta: 1:04:02
2022-04-11 06:43:48,713:INFO: Train: [92][2111/2112]  Loss -0.5917 (-1.2376)  Time:  0.298 (0.011)  Data Time:  0.003 (0.004)
2022-04-11 06:43:48,714:INFO:   Eta: 1:02:46
2022-04-11 06:44:11,304:INFO: Train: [93][2111/2112]  Loss -0.6898 (-1.1503)  Time:  0.294 (0.011)  Data Time:  0.003 (0.003)
2022-04-11 06:44:11,305:INFO:   Eta: 0:59:04
2022-04-11 06:44:34,956:INFO: Train: [94][2111/2112]  Loss -0.7034 (-1.3381)  Time:  0.290 (0.011)  Data Time:  0.003 (0.004)
2022-04-11 06:44:34,957:INFO:   Eta: 1:01:26
2022-04-11 06:45:01,202:INFO: Train: [95][2111/2112]  Loss -0.6557 (-1.2593)  Time:  0.316 (0.012)  Data Time:  0.004 (0.004)
2022-04-11 06:45:01,203:INFO:   Eta: 1:07:45
2022-04-11 06:45:28,410:INFO: Train: [96][2111/2112]  Loss -0.6543 (-1.2572)  Time:  0.378 (0.013)  Data Time:  0.005 (0.005)
2022-04-11 06:45:28,411:INFO:   Eta: 1:09:47
2022-04-11 06:46:10,348:INFO: Test: [96]  ADE: 0.3842  FDE: 0.5630
2022-04-11 06:46:37,425:INFO: Train: [97][2111/2112]  Loss -0.6423 (-1.2853)  Time:  0.345 (0.013)  Data Time:  0.005 (0.005)
2022-04-11 06:46:37,426:INFO:   Eta: 1:08:59
2022-04-11 06:47:03,481:INFO: Train: [98][2111/2112]  Loss -0.6934 (-1.2804)  Time:  0.377 (0.012)  Data Time:  0.004 (0.004)
2022-04-11 06:47:03,482:INFO:   Eta: 1:05:58
2022-04-11 06:47:30,123:INFO: Train: [99][2111/2112]  Loss -0.6475 (-1.1158)  Time:  0.391 (0.013)  Data Time:  0.005 (0.005)
2022-04-11 06:47:30,124:INFO:   Eta: 1:07:00
2022-04-11 06:47:56,918:INFO: Train: [100][2111/2112]  Loss -0.6718 (-1.2800)  Time:  0.309 (0.013)  Data Time:  0.004 (0.005)
2022-04-11 06:47:56,920:INFO:   Eta: 1:06:57
2022-04-11 06:48:24,222:INFO: Train: [101][2111/2112]  Loss -0.6141 (-1.3761)  Time:  0.312 (0.013)  Data Time:  0.005 (0.005)
2022-04-11 06:48:24,223:INFO:   Eta: 1:07:45
2022-04-11 06:48:50,939:INFO: Train: [102][2111/2112]  Loss -0.6259 (-1.2579)  Time:  0.313 (0.013)  Data Time:  0.005 (0.005)
2022-04-11 06:48:50,940:INFO:   Eta: 1:05:51
2022-04-11 06:49:16,309:INFO: Train: [103][2111/2112]  Loss -0.7773 (-1.2652)  Time:  0.279 (0.012)  Data Time:  0.004 (0.004)
2022-04-11 06:49:16,310:INFO:   Eta: 1:02:06
2022-04-11 06:49:39,628:INFO: Train: [104][2111/2112]  Loss -0.6549 (-1.2594)  Time:  0.352 (0.011)  Data Time:  0.004 (0.003)
2022-04-11 06:49:39,629:INFO:   Eta: 0:56:42
2022-04-11 06:50:03,812:INFO: Train: [105][2111/2112]  Loss -0.6229 (-1.2797)  Time:  0.286 (0.011)  Data Time:  0.003 (0.004)
2022-04-11 06:50:03,813:INFO:   Eta: 0:58:24
2022-04-11 06:50:27,904:INFO: Train: [106][2111/2112]  Loss -0.7092 (-1.3207)  Time:  0.298 (0.011)  Data Time:  0.003 (0.004)
2022-04-11 06:50:27,905:INFO:   Eta: 0:57:47
2022-04-11 06:51:09,613:INFO: Test: [106]  ADE: 0.3558  FDE: 0.5361
2022-04-11 06:51:36,314:INFO: Train: [107][2111/2112]  Loss -0.7952 (-1.2794)  Time:  0.335 (0.013)  Data Time:  0.005 (0.005)
2022-04-11 06:51:36,315:INFO:   Eta: 1:03:35
2022-04-11 06:52:02,677:INFO: Train: [108][2111/2112]  Loss -0.7362 (-1.3127)  Time:  0.293 (0.012)  Data Time:  0.004 (0.004)
2022-04-11 06:52:02,679:INFO:   Eta: 1:02:21
2022-04-11 06:52:28,413:INFO: Train: [109][2111/2112]  Loss -0.5602 (-1.2366)  Time:  0.315 (0.012)  Data Time:  0.005 (0.004)
2022-04-11 06:52:28,414:INFO:   Eta: 1:00:25
2022-04-11 06:52:54,941:INFO: Train: [110][2111/2112]  Loss -0.6980 (-1.2863)  Time:  0.342 (0.013)  Data Time:  0.005 (0.004)
2022-04-11 06:52:54,941:INFO:   Eta: 1:01:51
2022-04-11 06:53:21,492:INFO: Train: [111][2111/2112]  Loss -0.6852 (-1.3450)  Time:  0.307 (0.013)  Data Time:  0.005 (0.004)
2022-04-11 06:53:21,493:INFO:   Eta: 1:01:28
2022-04-11 06:53:48,164:INFO: Train: [112][2111/2112]  Loss -0.5946 (-1.3555)  Time:  0.343 (0.013)  Data Time:  0.005 (0.005)
2022-04-11 06:53:48,165:INFO:   Eta: 1:01:18
2022-04-11 06:54:15,034:INFO: Train: [113][2111/2112]  Loss -0.5955 (-1.2909)  Time:  0.345 (0.013)  Data Time:  0.005 (0.005)
2022-04-11 06:54:15,035:INFO:   Eta: 1:01:19
2022-04-11 06:54:42,262:INFO: Train: [114][2111/2112]  Loss -0.6379 (-1.3043)  Time:  0.277 (0.013)  Data Time:  0.004 (0.005)
2022-04-11 06:54:42,266:INFO:   Eta: 1:01:41
2022-04-11 06:55:08,786:INFO: Train: [115][2111/2112]  Loss -0.5830 (-1.2454)  Time:  0.405 (0.013)  Data Time:  0.005 (0.004)
2022-04-11 06:55:08,787:INFO:   Eta: 0:59:38
2022-04-11 06:55:32,629:INFO: Train: [116][2111/2112]  Loss -0.6869 (-1.3485)  Time:  0.278 (0.011)  Data Time:  0.004 (0.004)
2022-04-11 06:55:32,630:INFO:   Eta: 0:53:12
2022-04-11 06:56:12,731:INFO: Test: [116]  ADE: 0.3364  FDE: 0.5271
2022-04-11 06:56:36,995:INFO: Train: [117][2111/2112]  Loss -0.6904 (-1.2814)  Time:  0.361 (0.011)  Data Time:  0.003 (0.004)
2022-04-11 06:56:36,996:INFO:   Eta: 0:53:44
