2022-04-11 05:56:27,559:INFO: batch_size=128
2022-04-11 05:56:27,559:INFO: clip_grad=None
2022-04-11 05:56:27,560:INFO: dataset=univ
2022-04-11 05:56:27,560:INFO: drop=0.0
2022-04-11 05:56:27,560:INFO: gpu_num=0
2022-04-11 05:56:27,560:INFO: init=kmeans-train-100
2022-04-11 05:56:27,560:INFO: input_size=2
2022-04-11 05:56:27,560:INFO: kernel_size=3
2022-04-11 05:56:27,560:INFO: lr=0.01
2022-04-11 05:56:27,560:INFO: lr_sh_rate=150
2022-04-11 05:56:27,560:INFO: model=social_stgcnn10
2022-04-11 05:56:27,560:INFO: n_stgcnn=1
2022-04-11 05:56:27,560:INFO: n_txpcnn=5
2022-04-11 05:56:27,560:INFO: num_epochs=250
2022-04-11 05:56:27,560:INFO: obs_seq_len=8
2022-04-11 05:56:27,561:INFO: output_size=5
2022-04-11 05:56:27,561:INFO: pred_seq_len=12
2022-04-11 05:56:27,561:INFO: seed=0
2022-04-11 05:56:27,561:INFO: tag=univ
2022-04-11 05:56:27,561:INFO: use_lrschd=True
2022-04-11 05:56:27,561:INFO: ******************************
2022-04-11 05:56:27,561:INFO: Training initiating....
2022-04-11 05:56:27,561:INFO: Namespace(batch_size=128, clip_grad=None, dataset='univ', drop=0.0, gpu_num='0', init='kmeans-train-100', input_size=2, kernel_size=3, lr=0.01, lr_sh_rate=150, model='social_stgcnn10', n_stgcnn=1, n_txpcnn=5, num_epochs=250, obs_seq_len=8, output_size=5, pred_seq_len=12, seed=0, tag='univ', use_lrschd=True)
2022-04-11 05:56:27,643:INFO: Initializing train dataset
2022-04-11 05:56:34,358:INFO: Initializing val dataset
2022-04-11 05:57:27,223:INFO: social_stgcnn10
2022-04-11 05:57:27,224:INFO: Data and model loaded
2022-04-11 05:57:27,224:INFO: Checkpoint dir: ./runs/Apr11_05-56-27_node09kmeans-train-100/univ/checkpoint
2022-04-11 05:57:27,224:INFO: Training started ...
2022-04-11 05:57:54,481:INFO: Train: [0][2075/2076]  Loss 0.2528 (1.5095)  Time:  0.171 (0.013)  Data Time:  0.005 (0.005)
2022-04-11 05:57:54,481:INFO:   Eta: 1:53:32
2022-04-11 05:58:21,156:INFO: Train: [1][2075/2076]  Loss 0.1568 (0.8212)  Time:  0.142 (0.013)  Data Time:  0.003 (0.004)
2022-04-11 05:58:21,156:INFO:   Eta: 1:50:39
2022-04-11 05:58:48,147:INFO: Train: [2][2075/2076]  Loss 0.1849 (0.5475)  Time:  0.144 (0.013)  Data Time:  0.004 (0.005)
2022-04-11 05:58:48,148:INFO:   Eta: 1:51:30
2022-04-11 05:59:15,420:INFO: Train: [3][2075/2076]  Loss 0.2136 (0.4033)  Time:  0.146 (0.013)  Data Time:  0.005 (0.005)
2022-04-11 05:59:15,420:INFO:   Eta: 1:52:12
2022-04-11 05:59:42,506:INFO: Train: [4][2075/2076]  Loss 0.0180 (0.3185)  Time:  0.138 (0.013)  Data Time:  0.004 (0.005)
2022-04-11 05:59:42,507:INFO:   Eta: 1:50:59
2022-04-11 06:00:09,506:INFO: Train: [5][2075/2076]  Loss -0.0328 (0.2650)  Time:  0.147 (0.013)  Data Time:  0.005 (0.005)
2022-04-11 06:00:09,507:INFO:   Eta: 1:50:11
2022-04-11 06:00:36,205:INFO: Train: [6][2075/2076]  Loss -0.0092 (0.1112)  Time:  0.176 (0.013)  Data Time:  0.004 (0.005)
2022-04-11 06:00:36,206:INFO:   Eta: 1:48:29
2022-04-11 06:02:22,356:INFO: Test: [6]  ADE: 0.7237  FDE: 0.8984
2022-04-11 06:02:49,160:INFO: Train: [7][2075/2076]  Loss 0.1338 (-0.0484)  Time:  0.177 (0.013)  Data Time:  0.004 (0.004)
2022-04-11 06:02:49,161:INFO:   Eta: 1:48:28
2022-04-11 06:03:16,784:INFO: Train: [8][2075/2076]  Loss -0.0336 (-0.0075)  Time:  0.197 (0.013)  Data Time:  0.006 (0.005)
2022-04-11 06:03:16,785:INFO:   Eta: 1:51:21
2022-04-11 06:03:43,902:INFO: Train: [9][2075/2076]  Loss -0.0524 (-0.1839)  Time:  0.145 (0.013)  Data Time:  0.004 (0.005)
2022-04-11 06:03:43,903:INFO:   Eta: 1:48:52
2022-04-11 06:04:10,945:INFO: Train: [10][2075/2076]  Loss -0.0247 (-0.2114)  Time:  0.146 (0.013)  Data Time:  0.005 (0.005)
2022-04-11 06:04:10,946:INFO:   Eta: 1:48:07
2022-04-11 06:04:37,991:INFO: Train: [11][2075/2076]  Loss -0.0314 (-0.2104)  Time:  0.142 (0.013)  Data Time:  0.005 (0.005)
2022-04-11 06:04:37,991:INFO:   Eta: 1:47:41
2022-04-11 06:05:05,073:INFO: Train: [12][2075/2076]  Loss -0.0903 (-0.2525)  Time:  0.145 (0.013)  Data Time:  0.005 (0.005)
2022-04-11 06:05:05,073:INFO:   Eta: 1:47:22
2022-04-11 06:05:32,021:INFO: Train: [13][2075/2076]  Loss -0.0844 (-0.3581)  Time:  0.136 (0.013)  Data Time:  0.004 (0.004)
2022-04-11 06:05:32,022:INFO:   Eta: 1:46:23
2022-04-11 06:05:56,420:INFO: Train: [14][2075/2076]  Loss -0.1439 (-0.3173)  Time:  0.136 (0.012)  Data Time:  0.004 (0.004)
2022-04-11 06:05:56,422:INFO:   Eta: 1:35:55
2022-04-11 06:06:22,931:INFO: Train: [15][2075/2076]  Loss -0.1032 (-0.3857)  Time:  0.143 (0.013)  Data Time:  0.004 (0.004)
2022-04-11 06:06:22,932:INFO:   Eta: 1:43:46
2022-04-11 06:06:49,683:INFO: Train: [16][2075/2076]  Loss -0.0917 (-0.4671)  Time:  0.140 (0.013)  Data Time:  0.004 (0.004)
2022-04-11 06:06:49,684:INFO:   Eta: 1:44:16
2022-04-11 06:08:32,425:INFO: Test: [16]  ADE: 0.6311  FDE: 0.8632
2022-04-11 06:09:00,074:INFO: Train: [17][2075/2076]  Loss -0.1093 (-0.3996)  Time:  0.177 (0.013)  Data Time:  0.005 (0.005)
2022-04-11 06:09:00,075:INFO:   Eta: 1:47:17
2022-04-11 06:09:27,053:INFO: Train: [18][2075/2076]  Loss -0.1979 (-0.5251)  Time:  0.168 (0.013)  Data Time:  0.006 (0.005)
2022-04-11 06:09:27,054:INFO:   Eta: 1:44:15
2022-04-11 06:09:54,405:INFO: Train: [19][2075/2076]  Loss -0.1193 (-0.4423)  Time:  0.139 (0.013)  Data Time:  0.004 (0.005)
2022-04-11 06:09:54,405:INFO:   Eta: 1:45:11
2022-04-11 06:10:20,919:INFO: Train: [20][2075/2076]  Loss -0.1434 (-0.5630)  Time:  0.129 (0.013)  Data Time:  0.004 (0.005)
2022-04-11 06:10:20,921:INFO:   Eta: 1:41:35
2022-04-11 06:10:45,504:INFO: Train: [21][2075/2076]  Loss -0.1328 (-0.5263)  Time:  0.161 (0.012)  Data Time:  0.003 (0.004)
2022-04-11 06:10:45,506:INFO:   Eta: 1:33:46
2022-04-11 06:11:10,227:INFO: Train: [22][2075/2076]  Loss -0.1806 (-0.5851)  Time:  0.160 (0.012)  Data Time:  0.004 (0.004)
2022-04-11 06:11:10,229:INFO:   Eta: 1:33:53
2022-04-11 06:11:37,862:INFO: Train: [23][2075/2076]  Loss -0.2026 (-0.5525)  Time:  0.174 (0.013)  Data Time:  0.004 (0.005)
2022-04-11 06:11:37,863:INFO:   Eta: 1:44:29
2022-04-11 06:12:05,097:INFO: Train: [24][2075/2076]  Loss -0.1715 (-0.5302)  Time:  0.130 (0.013)  Data Time:  0.004 (0.004)
2022-04-11 06:12:05,098:INFO:   Eta: 1:42:31
2022-04-11 06:12:31,871:INFO: Train: [25][2075/2076]  Loss -0.1728 (-0.6195)  Time:  0.141 (0.013)  Data Time:  0.004 (0.004)
2022-04-11 06:12:31,873:INFO:   Eta: 1:40:20
2022-04-11 06:12:59,166:INFO: Train: [26][2075/2076]  Loss -0.1907 (-0.5904)  Time:  0.146 (0.013)  Data Time:  0.005 (0.005)
2022-04-11 06:12:59,168:INFO:   Eta: 1:41:50
2022-04-11 06:14:42,021:INFO: Test: [26]  ADE: 0.5835  FDE: 0.7930
2022-04-11 06:15:09,194:INFO: Train: [27][2075/2076]  Loss -0.2381 (-0.7036)  Time:  0.162 (0.013)  Data Time:  0.004 (0.005)
2022-04-11 06:15:09,195:INFO:   Eta: 1:40:53
2022-04-11 06:15:34,235:INFO: Train: [28][2075/2076]  Loss -0.1649 (-0.6792)  Time:  0.132 (0.012)  Data Time:  0.004 (0.004)
2022-04-11 06:15:34,237:INFO:   Eta: 1:32:36
2022-04-11 06:15:58,861:INFO: Train: [29][2075/2076]  Loss -0.2011 (-0.7418)  Time:  0.149 (0.012)  Data Time:  0.004 (0.004)
2022-04-11 06:15:58,861:INFO:   Eta: 1:30:39
2022-04-11 06:16:26,410:INFO: Train: [30][2075/2076]  Loss -0.1308 (-0.6158)  Time:  0.186 (0.013)  Data Time:  0.005 (0.005)
2022-04-11 06:16:26,411:INFO:   Eta: 1:40:58
2022-04-11 06:16:53,565:INFO: Train: [31][2075/2076]  Loss -0.2152 (-0.7560)  Time:  0.144 (0.013)  Data Time:  0.004 (0.005)
2022-04-11 06:16:53,567:INFO:   Eta: 1:39:03
2022-04-11 06:17:21,164:INFO: Train: [32][2075/2076]  Loss -0.2035 (-0.7380)  Time:  0.146 (0.013)  Data Time:  0.004 (0.005)
2022-04-11 06:17:21,166:INFO:   Eta: 1:40:13
2022-04-11 06:17:47,502:INFO: Train: [33][2075/2076]  Loss -0.1378 (-0.7343)  Time:  0.169 (0.013)  Data Time:  0.004 (0.004)
2022-04-11 06:17:47,502:INFO:   Eta: 1:35:11
2022-04-11 06:18:14,668:INFO: Train: [34][2075/2076]  Loss -0.2221 (-0.7090)  Time:  0.173 (0.013)  Data Time:  0.005 (0.005)
2022-04-11 06:18:14,670:INFO:   Eta: 1:37:45
2022-04-11 06:18:41,729:INFO: Train: [35][2075/2076]  Loss -0.1934 (-0.7940)  Time:  0.147 (0.013)  Data Time:  0.005 (0.005)
2022-04-11 06:18:41,731:INFO:   Eta: 1:36:54
2022-04-11 06:19:08,966:INFO: Train: [36][2075/2076]  Loss -0.2394 (-0.8294)  Time:  0.147 (0.013)  Data Time:  0.005 (0.005)
2022-04-11 06:19:08,968:INFO:   Eta: 1:37:05
2022-04-11 06:20:53,290:INFO: Test: [36]  ADE: 0.5516  FDE: 0.7840
2022-04-11 06:21:20,816:INFO: Train: [37][2075/2076]  Loss -0.0598 (-0.8555)  Time:  0.148 (0.013)  Data Time:  0.005 (0.005)
2022-04-11 06:21:20,818:INFO:   Eta: 1:37:38
2022-04-11 06:21:47,986:INFO: Train: [38][2075/2076]  Loss -0.1728 (-0.8711)  Time:  0.150 (0.013)  Data Time:  0.005 (0.005)
2022-04-11 06:21:47,987:INFO:   Eta: 1:35:56
2022-04-11 06:22:14,916:INFO: Train: [39][2075/2076]  Loss -0.1058 (-0.8439)  Time:  0.171 (0.013)  Data Time:  0.004 (0.005)
2022-04-11 06:22:14,918:INFO:   Eta: 1:34:39
2022-04-11 06:22:42,255:INFO: Train: [40][2075/2076]  Loss -0.1295 (-0.8731)  Time:  0.163 (0.013)  Data Time:  0.005 (0.005)
2022-04-11 06:22:42,256:INFO:   Eta: 1:35:36
2022-04-11 06:23:09,013:INFO: Train: [41][2075/2076]  Loss -0.2291 (-0.8749)  Time:  0.144 (0.013)  Data Time:  0.004 (0.004)
2022-04-11 06:23:09,014:INFO:   Eta: 1:33:09
2022-04-11 06:23:35,574:INFO: Train: [42][2075/2076]  Loss -0.1920 (-0.9536)  Time:  0.143 (0.013)  Data Time:  0.004 (0.004)
2022-04-11 06:23:35,574:INFO:   Eta: 1:32:01
2022-04-11 06:24:02,766:INFO: Train: [43][2075/2076]  Loss -0.0884 (-0.9713)  Time:  0.142 (0.013)  Data Time:  0.005 (0.005)
2022-04-11 06:24:02,768:INFO:   Eta: 1:33:45
2022-04-11 06:24:30,190:INFO: Train: [44][2075/2076]  Loss -0.1985 (-0.9614)  Time:  0.161 (0.013)  Data Time:  0.004 (0.005)
2022-04-11 06:24:30,190:INFO:   Eta: 1:34:05
2022-04-11 06:24:57,341:INFO: Train: [45][2075/2076]  Loss -0.1366 (-0.8576)  Time:  0.184 (0.013)  Data Time:  0.005 (0.005)
2022-04-11 06:24:57,342:INFO:   Eta: 1:32:43
2022-04-11 06:25:23,493:INFO: Train: [46][2075/2076]  Loss -0.2069 (-0.9893)  Time:  0.122 (0.013)  Data Time:  0.003 (0.004)
2022-04-11 06:25:23,495:INFO:   Eta: 1:28:52
2022-04-11 06:27:10,167:INFO: Test: [46]  ADE: 0.5911  FDE: 0.8579
2022-04-11 06:27:37,165:INFO: Train: [47][2075/2076]  Loss -0.1036 (-0.9470)  Time:  0.157 (0.013)  Data Time:  0.006 (0.005)
2022-04-11 06:27:37,167:INFO:   Eta: 1:31:16
2022-04-11 06:28:04,665:INFO: Train: [48][2075/2076]  Loss -0.2255 (-0.8972)  Time:  0.177 (0.013)  Data Time:  0.005 (0.005)
2022-04-11 06:28:04,667:INFO:   Eta: 1:32:31
2022-04-11 06:28:30,620:INFO: Train: [49][2075/2076]  Loss -0.2591 (-0.9975)  Time:  0.144 (0.012)  Data Time:  0.004 (0.004)
2022-04-11 06:28:30,621:INFO:   Eta: 1:26:53
2022-04-11 06:28:57,753:INFO: Train: [50][2075/2076]  Loss -0.2033 (-1.0013)  Time:  0.146 (0.013)  Data Time:  0.005 (0.005)
2022-04-11 06:28:57,754:INFO:   Eta: 1:30:19
2022-04-11 06:29:24,883:INFO: Train: [51][2075/2076]  Loss -0.1331 (-1.0435)  Time:  0.152 (0.013)  Data Time:  0.005 (0.005)
2022-04-11 06:29:24,883:INFO:   Eta: 1:29:56
2022-04-11 06:29:51,774:INFO: Train: [52][2075/2076]  Loss -0.2510 (-1.0089)  Time:  0.148 (0.013)  Data Time:  0.005 (0.005)
2022-04-11 06:29:51,776:INFO:   Eta: 1:28:41
2022-04-11 06:30:17,267:INFO: Train: [53][2075/2076]  Loss -0.2162 (-1.0122)  Time:  0.166 (0.012)  Data Time:  0.004 (0.004)
2022-04-11 06:30:17,268:INFO:   Eta: 1:23:39
2022-04-11 06:30:42,593:INFO: Train: [54][2075/2076]  Loss -0.0952 (-0.9439)  Time:  0.139 (0.012)  Data Time:  0.004 (0.004)
2022-04-11 06:30:42,594:INFO:   Eta: 1:22:41
2022-04-11 06:31:08,664:INFO: Train: [55][2075/2076]  Loss -0.2522 (-1.0292)  Time:  0.155 (0.013)  Data Time:  0.004 (0.004)
2022-04-11 06:31:08,665:INFO:   Eta: 1:24:40
2022-04-11 06:31:36,523:INFO: Train: [56][2075/2076]  Loss -0.2813 (-0.9127)  Time:  0.148 (0.013)  Data Time:  0.005 (0.005)
2022-04-11 06:31:36,524:INFO:   Eta: 1:30:01
2022-04-11 06:33:19,459:INFO: Test: [56]  ADE: 0.4891  FDE: 0.7176
2022-04-11 06:33:46,171:INFO: Train: [57][2075/2076]  Loss -0.2707 (-1.0645)  Time:  0.143 (0.013)  Data Time:  0.004 (0.004)
2022-04-11 06:33:46,172:INFO:   Eta: 1:25:51
2022-04-11 06:34:13,556:INFO: Train: [58][2075/2076]  Loss -0.2752 (-1.0007)  Time:  0.159 (0.013)  Data Time:  0.004 (0.005)
2022-04-11 06:34:13,557:INFO:   Eta: 1:27:35
2022-04-11 06:34:40,767:INFO: Train: [59][2075/2076]  Loss -0.2397 (-0.9825)  Time:  0.141 (0.013)  Data Time:  0.004 (0.005)
2022-04-11 06:34:40,768:INFO:   Eta: 1:26:35
2022-04-11 06:35:06,723:INFO: Train: [60][2075/2076]  Loss -0.2343 (-1.1197)  Time:  0.142 (0.012)  Data Time:  0.004 (0.004)
2022-04-11 06:35:06,724:INFO:   Eta: 1:22:09
2022-04-11 06:35:32,068:INFO: Train: [61][2075/2076]  Loss -0.1836 (-1.0842)  Time:  0.157 (0.012)  Data Time:  0.004 (0.004)
2022-04-11 06:35:32,070:INFO:   Eta: 1:19:47
2022-04-11 06:35:57,801:INFO: Train: [62][2075/2076]  Loss -0.2885 (-1.1379)  Time:  0.177 (0.012)  Data Time:  0.005 (0.004)
2022-04-11 06:35:57,802:INFO:   Eta: 1:20:35
2022-04-11 06:36:25,589:INFO: Train: [63][2075/2076]  Loss -0.3007 (-1.1320)  Time:  0.184 (0.013)  Data Time:  0.005 (0.005)
2022-04-11 06:36:25,590:INFO:   Eta: 1:26:33
2022-04-11 06:36:52,772:INFO: Train: [64][2075/2076]  Loss -0.2378 (-1.1718)  Time:  0.145 (0.013)  Data Time:  0.005 (0.005)
2022-04-11 06:36:52,773:INFO:   Eta: 1:24:13
2022-04-11 06:37:20,149:INFO: Train: [65][2075/2076]  Loss -0.2832 (-1.0289)  Time:  0.168 (0.013)  Data Time:  0.004 (0.005)
2022-04-11 06:37:20,149:INFO:   Eta: 1:24:21
2022-04-11 06:37:47,999:INFO: Train: [66][2075/2076]  Loss -0.2118 (-1.1896)  Time:  0.137 (0.013)  Data Time:  0.003 (0.005)
2022-04-11 06:37:48,000:INFO:   Eta: 1:25:21
2022-04-11 06:39:31,769:INFO: Test: [66]  ADE: 0.4820  FDE: 0.6920
2022-04-11 06:39:57,280:INFO: Train: [67][2075/2076]  Loss -0.2285 (-1.0613)  Time:  0.135 (0.012)  Data Time:  0.005 (0.004)
2022-04-11 06:39:57,281:INFO:   Eta: 1:17:44
2022-04-11 06:40:22,640:INFO: Train: [68][2075/2076]  Loss -0.2962 (-1.1138)  Time:  0.150 (0.012)  Data Time:  0.004 (0.004)
2022-04-11 06:40:22,641:INFO:   Eta: 1:16:52
2022-04-11 06:40:48,609:INFO: Train: [69][2075/2076]  Loss -0.2995 (-1.1297)  Time:  0.136 (0.013)  Data Time:  0.004 (0.004)
2022-04-11 06:40:48,610:INFO:   Eta: 1:18:18
2022-04-11 06:41:15,767:INFO: Train: [70][2075/2076]  Loss -0.1761 (-1.1080)  Time:  0.152 (0.013)  Data Time:  0.006 (0.005)
2022-04-11 06:41:15,768:INFO:   Eta: 1:21:25
2022-04-11 06:41:43,222:INFO: Train: [71][2075/2076]  Loss -0.2392 (-1.0885)  Time:  0.144 (0.013)  Data Time:  0.004 (0.005)
2022-04-11 06:41:43,224:INFO:   Eta: 1:21:52
2022-04-11 06:42:10,435:INFO: Train: [72][2075/2076]  Loss -0.1887 (-1.1238)  Time:  0.183 (0.013)  Data Time:  0.005 (0.005)
2022-04-11 06:42:10,436:INFO:   Eta: 1:20:41
2022-04-11 06:42:37,874:INFO: Train: [73][2075/2076]  Loss -0.2503 (-1.2279)  Time:  0.155 (0.013)  Data Time:  0.006 (0.005)
2022-04-11 06:42:37,875:INFO:   Eta: 1:20:54
2022-04-11 06:43:05,181:INFO: Train: [74][2075/2076]  Loss -0.2417 (-1.1340)  Time:  0.148 (0.013)  Data Time:  0.005 (0.005)
2022-04-11 06:43:05,182:INFO:   Eta: 1:20:03
2022-04-11 06:43:32,759:INFO: Train: [75][2075/2076]  Loss -0.2523 (-1.0959)  Time:  0.161 (0.013)  Data Time:  0.005 (0.005)
2022-04-11 06:43:32,759:INFO:   Eta: 1:20:22
2022-04-11 06:43:59,621:INFO: Train: [76][2075/2076]  Loss -0.2377 (-1.1164)  Time:  0.146 (0.013)  Data Time:  0.005 (0.004)
2022-04-11 06:43:59,623:INFO:   Eta: 1:17:51
2022-04-11 06:45:44,675:INFO: Test: [76]  ADE: 0.5021  FDE: 0.7994
2022-04-11 06:46:11,816:INFO: Train: [77][2075/2076]  Loss -0.2889 (-1.2355)  Time:  0.153 (0.013)  Data Time:  0.003 (0.004)
2022-04-11 06:46:11,817:INFO:   Eta: 1:18:11
2022-04-11 06:46:38,894:INFO: Train: [78][2075/2076]  Loss -0.2400 (-1.1440)  Time:  0.143 (0.013)  Data Time:  0.004 (0.004)
2022-04-11 06:46:38,895:INFO:   Eta: 1:17:34
2022-04-11 06:47:05,965:INFO: Train: [79][2075/2076]  Loss -0.2454 (-1.2053)  Time:  0.175 (0.013)  Data Time:  0.004 (0.005)
2022-04-11 06:47:05,966:INFO:   Eta: 1:17:06
2022-04-11 06:47:33,589:INFO: Train: [80][2075/2076]  Loss -0.3066 (-1.1949)  Time:  0.140 (0.013)  Data Time:  0.004 (0.005)
2022-04-11 06:47:33,590:INFO:   Eta: 1:18:13
2022-04-11 06:48:00,658:INFO: Train: [81][2075/2076]  Loss -0.3307 (-1.1439)  Time:  0.147 (0.013)  Data Time:  0.004 (0.005)
2022-04-11 06:48:00,660:INFO:   Eta: 1:16:12
2022-04-11 06:48:28,194:INFO: Train: [82][2075/2076]  Loss -0.2203 (-1.1314)  Time:  0.199 (0.013)  Data Time:  0.004 (0.005)
2022-04-11 06:48:28,195:INFO:   Eta: 1:17:03
2022-04-11 06:48:55,062:INFO: Train: [83][2075/2076]  Loss -0.2810 (-1.1908)  Time:  0.147 (0.013)  Data Time:  0.005 (0.005)
2022-04-11 06:48:55,063:INFO:   Eta: 1:14:44
2022-04-11 06:49:22,724:INFO: Train: [84][2075/2076]  Loss -0.2393 (-1.2233)  Time:  0.174 (0.013)  Data Time:  0.004 (0.005)
2022-04-11 06:49:22,725:INFO:   Eta: 1:16:29
2022-04-11 06:49:48,994:INFO: Train: [85][2075/2076]  Loss -0.3234 (-1.2483)  Time:  0.161 (0.013)  Data Time:  0.004 (0.004)
2022-04-11 06:49:48,995:INFO:   Eta: 1:12:11
2022-04-11 06:50:13,281:INFO: Train: [86][2075/2076]  Loss -0.1535 (-1.2661)  Time:  0.187 (0.012)  Data Time:  0.005 (0.004)
2022-04-11 06:50:13,282:INFO:   Eta: 1:06:20
2022-04-11 06:51:55,434:INFO: Test: [86]  ADE: 0.5378  FDE: 0.8311
2022-04-11 06:52:22,213:INFO: Train: [87][2075/2076]  Loss -0.3310 (-1.2931)  Time:  0.172 (0.013)  Data Time:  0.005 (0.004)
2022-04-11 06:52:22,214:INFO:   Eta: 1:12:41
2022-04-11 06:52:49,261:INFO: Train: [88][2075/2076]  Loss -0.2336 (-1.2697)  Time:  0.148 (0.013)  Data Time:  0.005 (0.005)
2022-04-11 06:52:49,262:INFO:   Eta: 1:12:59
2022-04-11 06:53:16,124:INFO: Train: [89][2075/2076]  Loss -0.2880 (-1.1941)  Time:  0.148 (0.013)  Data Time:  0.005 (0.005)
2022-04-11 06:53:16,125:INFO:   Eta: 1:12:02
2022-04-11 06:53:43,262:INFO: Train: [90][2075/2076]  Loss -0.3160 (-1.0462)  Time:  0.142 (0.013)  Data Time:  0.005 (0.005)
2022-04-11 06:53:43,263:INFO:   Eta: 1:12:20
2022-04-11 06:54:10,183:INFO: Train: [91][2075/2076]  Loss -0.3692 (-1.3431)  Time:  0.146 (0.013)  Data Time:  0.004 (0.005)
2022-04-11 06:54:10,185:INFO:   Eta: 1:11:18
2022-04-11 06:54:36,120:INFO: Train: [92][2075/2076]  Loss -0.2709 (-1.2954)  Time:  0.138 (0.012)  Data Time:  0.004 (0.004)
2022-04-11 06:54:36,121:INFO:   Eta: 1:08:15
2022-04-11 06:55:00,552:INFO: Train: [93][2075/2076]  Loss -0.2595 (-1.2736)  Time:  0.136 (0.012)  Data Time:  0.004 (0.004)
2022-04-11 06:55:00,554:INFO:   Eta: 1:03:53
2022-04-11 06:55:27,311:INFO: Train: [94][2075/2076]  Loss -0.2467 (-1.2386)  Time:  0.148 (0.013)  Data Time:  0.004 (0.004)
2022-04-11 06:55:27,312:INFO:   Eta: 1:09:25
2022-04-11 06:55:52,978:INFO: Train: [95][2075/2076]  Loss -0.3134 (-1.3141)  Time:  0.136 (0.012)  Data Time:  0.004 (0.004)
2022-04-11 06:55:52,980:INFO:   Eta: 1:06:16
2022-04-11 06:56:20,466:INFO: Train: [96][2075/2076]  Loss -0.2750 (-1.2565)  Time:  0.181 (0.013)  Data Time:  0.005 (0.005)
2022-04-11 06:56:20,467:INFO:   Eta: 1:10:30
