2022-03-31 08:33:23,919:INFO: batch_size=128
2022-03-31 08:33:23,919:INFO: clip_grad=None
2022-03-31 08:33:23,919:INFO: dataset=zara1
2022-03-31 08:33:23,919:INFO: gpu_num=0
2022-03-31 08:33:23,919:INFO: input_size=2
2022-03-31 08:33:23,919:INFO: kernel_size=3
2022-03-31 08:33:23,919:INFO: lr=0.01
2022-03-31 08:33:23,919:INFO: lr_sh_rate=150
2022-03-31 08:33:23,920:INFO: model=social_stgcnn9
2022-03-31 08:33:23,920:INFO: n_stgcnn=1
2022-03-31 08:33:23,920:INFO: n_txpcnn=5
2022-03-31 08:33:23,920:INFO: num_epochs=250
2022-03-31 08:33:23,920:INFO: obs_seq_len=8
2022-03-31 08:33:23,920:INFO: output_size=5
2022-03-31 08:33:23,920:INFO: pred_seq_len=12
2022-03-31 08:33:23,920:INFO: seed=0
2022-03-31 08:33:23,920:INFO: tag=zara1
2022-03-31 08:33:23,920:INFO: use_lrschd=True
2022-03-31 08:33:23,920:INFO: ******************************
2022-03-31 08:33:23,921:INFO: Training initiating....
2022-03-31 08:33:23,921:INFO: Namespace(batch_size=128, clip_grad=None, dataset='zara1', gpu_num='0', input_size=2, kernel_size=3, lr=0.01, lr_sh_rate=150, model='social_stgcnn9', n_stgcnn=1, n_txpcnn=5, num_epochs=250, obs_seq_len=8, output_size=5, pred_seq_len=12, seed=0, tag='zara1', use_lrschd=True)
2022-03-31 08:33:23,948:INFO: Initializing train dataset
2022-03-31 08:33:37,866:INFO: Initializing val dataset
2022-03-31 08:33:49,739:INFO: social_stgcnn9
2022-03-31 08:33:49,740:INFO: Data and model loaded
2022-03-31 08:33:49,740:INFO: Checkpoint dir: ./runs/Mar31_08-33-23_node09/zara1/checkpoint
2022-03-31 08:33:49,740:INFO: Training started ...
2022-03-31 08:34:18,446:INFO: Train: [0][2321/2322]  Loss 0.0908 (1.1869)  Time:  0.089 (0.012)  Data Time:  0.003 (0.004)
2022-03-31 08:34:18,447:INFO:   Eta: 1:59:34
2022-03-31 08:34:49,690:INFO: Train: [1][2321/2322]  Loss 0.0425 (0.5025)  Time:  0.088 (0.013)  Data Time:  0.004 (0.005)
2022-03-31 08:34:49,691:INFO:   Eta: 2:09:35
2022-03-31 08:35:19,120:INFO: Train: [2][2321/2322]  Loss 0.0368 (0.4060)  Time:  0.092 (0.013)  Data Time:  0.004 (0.005)
2022-03-31 08:35:19,121:INFO:   Eta: 2:01:34
2022-03-31 08:35:48,517:INFO: Train: [3][2321/2322]  Loss 0.0253 (0.2294)  Time:  0.104 (0.013)  Data Time:  0.005 (0.005)
2022-03-31 08:35:48,518:INFO:   Eta: 2:00:57
2022-03-31 08:36:17,974:INFO: Train: [4][2321/2322]  Loss 0.0811 (0.1197)  Time:  0.098 (0.013)  Data Time:  0.005 (0.005)
2022-03-31 08:36:18,004:INFO:   Eta: 2:00:42
2022-03-31 08:36:47,708:INFO: Train: [5][2321/2322]  Loss 0.0025 (0.0453)  Time:  0.092 (0.013)  Data Time:  0.005 (0.005)
2022-03-31 08:36:47,711:INFO:   Eta: 2:00:32
2022-03-31 08:37:13,457:INFO: Train: [6][2321/2322]  Loss -0.0244 (-0.0014)  Time:  0.078 (0.011)  Data Time:  0.003 (0.003)
2022-03-31 08:37:13,617:INFO:   Eta: 1:44:35
2022-03-31 08:37:32,950:INFO: Test: [6]  ADE: 0.6844  FDE: 0.8657
2022-03-31 08:37:56,972:INFO: Train: [7][2321/2322]  Loss -0.0393 (-0.1572)  Time:  0.084 (0.010)  Data Time:  0.004 (0.003)
2022-03-31 08:37:57,005:INFO:   Eta: 1:37:12
2022-03-31 08:38:23,659:INFO: Train: [8][2321/2322]  Loss -0.0670 (-0.2594)  Time:  0.083 (0.011)  Data Time:  0.004 (0.004)
2022-03-31 08:38:23,659:INFO:   Eta: 1:44:35
2022-03-31 08:38:51,176:INFO: Train: [9][2321/2322]  Loss -0.0399 (-0.2361)  Time:  0.088 (0.012)  Data Time:  0.004 (0.004)
2022-03-31 08:38:51,177:INFO:   Eta: 1:50:28
2022-03-31 08:39:21,257:INFO: Train: [10][2321/2322]  Loss -0.0543 (-0.3208)  Time:  0.094 (0.013)  Data Time:  0.004 (0.005)
2022-03-31 08:39:21,258:INFO:   Eta: 2:00:14
2022-03-31 08:39:50,718:INFO: Train: [11][2321/2322]  Loss -0.0773 (-0.3767)  Time:  0.096 (0.013)  Data Time:  0.004 (0.005)
2022-03-31 08:39:50,719:INFO:   Eta: 1:57:17
2022-03-31 08:40:20,096:INFO: Train: [12][2321/2322]  Loss 0.0204 (-0.3663)  Time:  0.101 (0.013)  Data Time:  0.005 (0.005)
2022-03-31 08:40:20,097:INFO:   Eta: 1:56:28
2022-03-31 08:40:49,623:INFO: Train: [13][2321/2322]  Loss -0.0649 (-0.4006)  Time:  0.103 (0.013)  Data Time:  0.004 (0.005)
2022-03-31 08:40:49,624:INFO:   Eta: 1:56:34
2022-03-31 08:41:19,334:INFO: Train: [14][2321/2322]  Loss -0.0761 (-0.3612)  Time:  0.120 (0.013)  Data Time:  0.004 (0.005)
2022-03-31 08:41:19,334:INFO:   Eta: 1:56:47
2022-03-31 08:41:48,742:INFO: Train: [15][2321/2322]  Loss -0.0630 (-0.3222)  Time:  0.100 (0.013)  Data Time:  0.005 (0.005)
2022-03-31 08:41:48,743:INFO:   Eta: 1:55:07
2022-03-31 08:42:17,035:INFO: Train: [16][2321/2322]  Loss -0.0848 (-0.4444)  Time:  0.090 (0.012)  Data Time:  0.004 (0.004)
2022-03-31 08:42:17,036:INFO:   Eta: 1:50:17
2022-03-31 08:42:37,507:INFO: Test: [16]  ADE: 0.6079  FDE: 0.7643
2022-03-31 08:43:06,087:INFO: Train: [17][2321/2322]  Loss -0.1125 (-0.4013)  Time:  0.084 (0.012)  Data Time:  0.003 (0.004)
2022-03-31 08:43:06,088:INFO:   Eta: 1:50:54
2022-03-31 08:43:31,870:INFO: Train: [18][2321/2322]  Loss -0.0926 (-0.5137)  Time:  0.083 (0.011)  Data Time:  0.004 (0.004)
2022-03-31 08:43:31,873:INFO:   Eta: 1:39:36
2022-03-31 08:43:57,966:INFO: Train: [19][2321/2322]  Loss -0.0940 (-0.6123)  Time:  0.103 (0.011)  Data Time:  0.003 (0.004)
2022-03-31 08:43:57,968:INFO:   Eta: 1:40:20
2022-03-31 08:44:24,303:INFO: Train: [20][2321/2322]  Loss -0.0919 (-0.5723)  Time:  0.106 (0.011)  Data Time:  0.003 (0.004)
2022-03-31 08:44:24,304:INFO:   Eta: 1:40:48
2022-03-31 08:44:50,859:INFO: Train: [21][2321/2322]  Loss -0.0754 (-0.6562)  Time:  0.110 (0.011)  Data Time:  0.005 (0.004)
2022-03-31 08:44:50,860:INFO:   Eta: 1:41:17
2022-03-31 08:45:22,296:INFO: Train: [22][2321/2322]  Loss -0.1484 (-0.6840)  Time:  0.111 (0.014)  Data Time:  0.004 (0.005)
2022-03-31 08:45:22,297:INFO:   Eta: 1:59:23
2022-03-31 08:45:52,266:INFO: Train: [23][2321/2322]  Loss -0.1326 (-0.6084)  Time:  0.091 (0.013)  Data Time:  0.004 (0.005)
2022-03-31 08:45:52,267:INFO:   Eta: 1:53:19
2022-03-31 08:46:21,859:INFO: Train: [24][2321/2322]  Loss -0.1258 (-0.6086)  Time:  0.095 (0.013)  Data Time:  0.005 (0.005)
2022-03-31 08:46:21,860:INFO:   Eta: 1:51:24
2022-03-31 08:46:51,824:INFO: Train: [25][2321/2322]  Loss -0.0612 (-0.6831)  Time:  0.097 (0.013)  Data Time:  0.005 (0.005)
2022-03-31 08:46:51,825:INFO:   Eta: 1:52:18
2022-03-31 08:47:18,839:INFO: Train: [26][2321/2322]  Loss -0.1317 (-0.6687)  Time:  0.086 (0.012)  Data Time:  0.004 (0.004)
2022-03-31 08:47:18,840:INFO:   Eta: 1:40:47
2022-03-31 08:47:39,985:INFO: Test: [26]  ADE: 0.5508  FDE: 0.6616
2022-03-31 08:48:09,765:INFO: Train: [27][2321/2322]  Loss -0.0999 (-0.6892)  Time:  0.095 (0.013)  Data Time:  0.004 (0.005)
2022-03-31 08:48:09,766:INFO:   Eta: 1:50:36
2022-03-31 08:48:38,992:INFO: Train: [28][2321/2322]  Loss -0.0982 (-0.6864)  Time:  0.099 (0.013)  Data Time:  0.005 (0.005)
2022-03-31 08:48:38,998:INFO:   Eta: 1:48:04
2022-03-31 08:49:08,397:INFO: Train: [29][2321/2322]  Loss -0.1141 (-0.8227)  Time:  0.095 (0.013)  Data Time:  0.005 (0.004)
2022-03-31 08:49:08,397:INFO:   Eta: 1:48:13
2022-03-31 08:49:34,825:INFO: Train: [30][2321/2322]  Loss -0.1204 (-0.8992)  Time:  0.087 (0.011)  Data Time:  0.003 (0.004)
2022-03-31 08:49:34,826:INFO:   Eta: 1:36:50
2022-03-31 08:50:01,136:INFO: Train: [31][2321/2322]  Loss -0.1470 (-0.8073)  Time:  0.082 (0.011)  Data Time:  0.003 (0.004)
2022-03-31 08:50:01,137:INFO:   Eta: 1:35:58
2022-03-31 08:50:27,103:INFO: Train: [32][2321/2322]  Loss -0.1263 (-0.7847)  Time:  0.084 (0.011)  Data Time:  0.003 (0.004)
2022-03-31 08:50:27,104:INFO:   Eta: 1:34:17
2022-03-31 08:50:53,530:INFO: Train: [33][2321/2322]  Loss -0.0916 (-0.7393)  Time:  0.089 (0.011)  Data Time:  0.003 (0.004)
2022-03-31 08:50:53,531:INFO:   Eta: 1:35:31
2022-03-31 08:51:23,296:INFO: Train: [34][2321/2322]  Loss -0.1439 (-0.7627)  Time:  0.101 (0.013)  Data Time:  0.004 (0.005)
2022-03-31 08:51:23,298:INFO:   Eta: 1:47:06
2022-03-31 08:51:52,789:INFO: Train: [35][2321/2322]  Loss -0.0611 (-0.8140)  Time:  0.092 (0.013)  Data Time:  0.004 (0.005)
2022-03-31 08:51:52,790:INFO:   Eta: 1:45:37
2022-03-31 08:52:19,619:INFO: Train: [36][2321/2322]  Loss -0.0735 (-0.9345)  Time:  0.097 (0.012)  Data Time:  0.004 (0.004)
2022-03-31 08:52:19,620:INFO:   Eta: 1:35:37
2022-03-31 08:52:40,590:INFO: Test: [36]  ADE: 0.5090  FDE: 0.6807
2022-03-31 08:53:10,318:INFO: Train: [37][2321/2322]  Loss -0.0980 (-0.9306)  Time:  0.097 (0.013)  Data Time:  0.005 (0.005)
2022-03-31 08:53:10,318:INFO:   Eta: 1:45:28
2022-03-31 08:53:39,049:INFO: Train: [38][2321/2322]  Loss -0.0960 (-0.8397)  Time:  0.100 (0.012)  Data Time:  0.004 (0.004)
2022-03-31 08:53:39,050:INFO:   Eta: 1:41:28
2022-03-31 08:54:08,453:INFO: Train: [39][2321/2322]  Loss -0.1075 (-0.9736)  Time:  0.091 (0.013)  Data Time:  0.005 (0.005)
2022-03-31 08:54:08,454:INFO:   Eta: 1:43:20
2022-03-31 08:54:38,554:INFO: Train: [40][2321/2322]  Loss -0.0800 (-0.9792)  Time:  0.099 (0.013)  Data Time:  0.005 (0.005)
2022-03-31 08:54:38,555:INFO:   Eta: 1:45:17
2022-03-31 08:55:07,701:INFO: Train: [41][2321/2322]  Loss -0.0535 (-0.9740)  Time:  0.100 (0.013)  Data Time:  0.005 (0.004)
2022-03-31 08:55:07,702:INFO:   Eta: 1:41:28
2022-03-31 08:55:34,684:INFO: Train: [42][2321/2322]  Loss -0.1332 (-0.9806)  Time:  0.089 (0.012)  Data Time:  0.003 (0.004)
2022-03-31 08:55:34,685:INFO:   Eta: 1:33:29
2022-03-31 08:56:03,286:INFO: Train: [43][2321/2322]  Loss -0.0828 (-0.9470)  Time:  0.086 (0.012)  Data Time:  0.003 (0.004)
2022-03-31 08:56:03,288:INFO:   Eta: 1:38:36
2022-03-31 08:56:29,742:INFO: Train: [44][2321/2322]  Loss -0.1718 (-0.9839)  Time:  0.085 (0.011)  Data Time:  0.004 (0.004)
2022-03-31 08:56:29,743:INFO:   Eta: 1:30:46
2022-03-31 08:56:54,974:INFO: Train: [45][2321/2322]  Loss -0.1355 (-1.0020)  Time:  0.075 (0.011)  Data Time:  0.003 (0.003)
2022-03-31 08:56:54,974:INFO:   Eta: 1:26:08
2022-03-31 08:57:20,999:INFO: Train: [46][2321/2322]  Loss -0.1186 (-0.8557)  Time:  0.092 (0.011)  Data Time:  0.005 (0.004)
2022-03-31 08:57:21,006:INFO:   Eta: 1:28:25
2022-03-31 08:57:42,186:INFO: Test: [46]  ADE: 0.5187  FDE: 0.6371
2022-03-31 08:58:11,774:INFO: Train: [47][2321/2322]  Loss -0.1319 (-0.9800)  Time:  0.088 (0.013)  Data Time:  0.004 (0.005)
2022-03-31 08:58:11,775:INFO:   Eta: 1:39:59
2022-03-31 08:58:41,451:INFO: Train: [48][2321/2322]  Loss -0.1299 (-0.9240)  Time:  0.109 (0.013)  Data Time:  0.006 (0.005)
2022-03-31 08:58:41,452:INFO:   Eta: 1:39:51
2022-03-31 08:59:10,129:INFO: Train: [49][2321/2322]  Loss -0.1420 (-0.9773)  Time:  0.112 (0.012)  Data Time:  0.004 (0.004)
2022-03-31 08:59:10,130:INFO:   Eta: 1:36:01
2022-03-31 08:59:39,458:INFO: Train: [50][2321/2322]  Loss -0.1680 (-1.0762)  Time:  0.101 (0.013)  Data Time:  0.005 (0.004)
2022-03-31 08:59:39,458:INFO:   Eta: 1:37:42
2022-03-31 09:00:09,003:INFO: Train: [51][2321/2322]  Loss -0.1246 (-1.0911)  Time:  0.095 (0.013)  Data Time:  0.005 (0.005)
2022-03-31 09:00:09,004:INFO:   Eta: 1:37:56
2022-03-31 09:00:38,679:INFO: Train: [52][2321/2322]  Loss -0.0856 (-1.1182)  Time:  0.104 (0.013)  Data Time:  0.005 (0.005)
2022-03-31 09:00:38,680:INFO:   Eta: 1:37:52
2022-03-31 09:01:08,134:INFO: Train: [53][2321/2322]  Loss -0.1138 (-1.0318)  Time:  0.094 (0.013)  Data Time:  0.005 (0.005)
2022-03-31 09:01:08,135:INFO:   Eta: 1:36:39
2022-03-31 09:01:36,386:INFO: Train: [54][2321/2322]  Loss -0.1079 (-1.0543)  Time:  0.079 (0.012)  Data Time:  0.004 (0.004)
2022-03-31 09:01:36,387:INFO:   Eta: 1:32:14
2022-03-31 09:02:00,606:INFO: Train: [55][2321/2322]  Loss -0.1175 (-1.1260)  Time:  0.092 (0.010)  Data Time:  0.003 (0.003)
2022-03-31 09:02:00,607:INFO:   Eta: 1:18:40
2022-03-31 09:02:24,733:INFO: Train: [56][2321/2322]  Loss -0.1959 (-1.0874)  Time:  0.087 (0.010)  Data Time:  0.002 (0.003)
2022-03-31 09:02:24,734:INFO:   Eta: 1:17:57
2022-03-31 09:02:44,902:INFO: Test: [56]  ADE: 0.4194  FDE: 0.6221
2022-03-31 09:03:11,541:INFO: Train: [57][2321/2322]  Loss -0.1451 (-1.0797)  Time:  0.110 (0.011)  Data Time:  0.005 (0.004)
2022-03-31 09:03:11,542:INFO:   Eta: 1:25:36
2022-03-31 09:03:40,945:INFO: Train: [58][2321/2322]  Loss -0.1663 (-1.1158)  Time:  0.098 (0.013)  Data Time:  0.005 (0.004)
2022-03-31 09:03:40,946:INFO:   Eta: 1:34:02
2022-03-31 09:04:09,930:INFO: Train: [59][2321/2322]  Loss -0.1164 (-1.0353)  Time:  0.095 (0.012)  Data Time:  0.004 (0.004)
2022-03-31 09:04:09,931:INFO:   Eta: 1:32:12
2022-03-31 09:04:38,989:INFO: Train: [60][2321/2322]  Loss -0.1519 (-1.0835)  Time:  0.093 (0.013)  Data Time:  0.005 (0.004)
2022-03-31 09:04:38,990:INFO:   Eta: 1:31:57
2022-03-31 09:05:08,816:INFO: Train: [61][2321/2322]  Loss -0.1415 (-1.1339)  Time:  0.096 (0.013)  Data Time:  0.005 (0.005)
2022-03-31 09:05:08,817:INFO:   Eta: 1:33:53
2022-03-31 09:05:38,407:INFO: Train: [62][2321/2322]  Loss -0.1530 (-1.1472)  Time:  0.102 (0.013)  Data Time:  0.005 (0.005)
2022-03-31 09:05:38,408:INFO:   Eta: 1:32:40
2022-03-31 09:06:07,194:INFO: Train: [63][2321/2322]  Loss -0.1528 (-1.0872)  Time:  0.117 (0.012)  Data Time:  0.004 (0.005)
2022-03-31 09:06:07,195:INFO:   Eta: 1:29:40
2022-03-31 09:06:39,659:INFO: Train: [64][2321/2322]  Loss -0.1360 (-1.1346)  Time:  0.099 (0.014)  Data Time:  0.005 (0.005)
2022-03-31 09:06:39,660:INFO:   Eta: 1:40:34
2022-03-31 09:07:07,352:INFO: Train: [65][2321/2322]  Loss -0.1323 (-1.1782)  Time:  0.091 (0.012)  Data Time:  0.004 (0.004)
2022-03-31 09:07:07,353:INFO:   Eta: 1:25:20
2022-03-31 09:07:35,860:INFO: Train: [66][2321/2322]  Loss -0.1521 (-1.1386)  Time:  0.106 (0.012)  Data Time:  0.004 (0.004)
2022-03-31 09:07:35,861:INFO:   Eta: 1:27:22
2022-03-31 09:07:56,157:INFO: Test: [66]  ADE: 0.4220  FDE: 0.6185
2022-03-31 09:08:22,217:INFO: Train: [67][2321/2322]  Loss -0.1452 (-1.1687)  Time:  0.083 (0.011)  Data Time:  0.004 (0.004)
2022-03-31 09:08:22,218:INFO:   Eta: 1:19:24
2022-03-31 09:08:48,897:INFO: Train: [68][2321/2322]  Loss -0.1261 (-1.1697)  Time:  0.097 (0.011)  Data Time:  0.003 (0.004)
2022-03-31 09:08:48,898:INFO:   Eta: 1:20:52
2022-03-31 09:09:15,480:INFO: Train: [69][2321/2322]  Loss -0.1595 (-1.0837)  Time:  0.085 (0.011)  Data Time:  0.005 (0.004)
2022-03-31 09:09:15,482:INFO:   Eta: 1:20:08
2022-03-31 09:09:43,678:INFO: Train: [70][2321/2322]  Loss -0.2096 (-1.1882)  Time:  0.098 (0.012)  Data Time:  0.004 (0.004)
2022-03-31 09:09:43,679:INFO:   Eta: 1:24:32
2022-03-31 09:10:14,012:INFO: Train: [71][2321/2322]  Loss -0.1974 (-1.2309)  Time:  0.097 (0.013)  Data Time:  0.004 (0.005)
2022-03-31 09:10:14,014:INFO:   Eta: 1:30:27
2022-03-31 09:10:44,110:INFO: Train: [72][2321/2322]  Loss -0.1936 (-1.1704)  Time:  0.106 (0.013)  Data Time:  0.005 (0.005)
2022-03-31 09:10:44,112:INFO:   Eta: 1:29:14
2022-03-31 09:11:13,894:INFO: Train: [73][2321/2322]  Loss -0.1384 (-1.2032)  Time:  0.097 (0.013)  Data Time:  0.005 (0.004)
2022-03-31 09:11:13,895:INFO:   Eta: 1:27:48
2022-03-31 09:11:43,426:INFO: Train: [74][2321/2322]  Loss -0.1758 (-1.2175)  Time:  0.080 (0.013)  Data Time:  0.002 (0.004)
2022-03-31 09:11:43,427:INFO:   Eta: 1:26:35
2022-03-31 09:12:10,744:INFO: Train: [75][2321/2322]  Loss -0.2082 (-1.2778)  Time:  0.100 (0.012)  Data Time:  0.004 (0.004)
2022-03-31 09:12:10,745:INFO:   Eta: 1:19:37
2022-03-31 09:12:40,209:INFO: Train: [76][2321/2322]  Loss -0.1121 (-1.2199)  Time:  0.095 (0.013)  Data Time:  0.004 (0.005)
2022-03-31 09:12:40,212:INFO:   Eta: 1:25:23
2022-03-31 09:13:01,924:INFO: Test: [76]  ADE: 0.4356  FDE: 0.5948
2022-03-31 09:13:31,548:INFO: Train: [77][2321/2322]  Loss -0.2022 (-1.1365)  Time:  0.100 (0.013)  Data Time:  0.005 (0.004)
2022-03-31 09:13:31,550:INFO:   Eta: 1:25:21
2022-03-31 09:13:59,662:INFO: Train: [78][2321/2322]  Loss -0.1253 (-1.0954)  Time:  0.088 (0.012)  Data Time:  0.003 (0.004)
2022-03-31 09:13:59,663:INFO:   Eta: 1:20:32
2022-03-31 09:14:26,028:INFO: Train: [79][2321/2322]  Loss -0.1682 (-1.1534)  Time:  0.088 (0.011)  Data Time:  0.004 (0.004)
2022-03-31 09:14:26,029:INFO:   Eta: 1:15:05
2022-03-31 09:14:52,282:INFO: Train: [80][2321/2322]  Loss -0.2006 (-1.2558)  Time:  0.090 (0.011)  Data Time:  0.002 (0.004)
2022-03-31 09:14:52,284:INFO:   Eta: 1:14:19
2022-03-31 09:15:18,512:INFO: Train: [81][2321/2322]  Loss -0.1461 (-1.3315)  Time:  0.095 (0.011)  Data Time:  0.004 (0.004)
2022-03-31 09:15:18,513:INFO:   Eta: 1:13:49
2022-03-31 09:15:46,709:INFO: Train: [82][2321/2322]  Loss -0.1959 (-1.1971)  Time:  0.101 (0.012)  Data Time:  0.004 (0.004)
2022-03-31 09:15:46,711:INFO:   Eta: 1:18:54
2022-03-31 09:16:16,774:INFO: Train: [83][2321/2322]  Loss -0.1518 (-1.2315)  Time:  0.097 (0.013)  Data Time:  0.005 (0.005)
2022-03-31 09:16:16,775:INFO:   Eta: 1:23:37
2022-03-31 09:16:44,627:INFO: Train: [84][2321/2322]  Loss -0.1860 (-1.2154)  Time:  0.109 (0.012)  Data Time:  0.003 (0.004)
2022-03-31 09:16:44,628:INFO:   Eta: 1:17:00
2022-03-31 09:17:13,574:INFO: Train: [85][2321/2322]  Loss -0.2045 (-1.2991)  Time:  0.087 (0.012)  Data Time:  0.003 (0.004)
2022-03-31 09:17:13,575:INFO:   Eta: 1:19:32
2022-03-31 09:17:42,767:INFO: Train: [86][2321/2322]  Loss -0.1797 (-1.3120)  Time:  0.100 (0.013)  Data Time:  0.005 (0.004)
2022-03-31 09:17:42,768:INFO:   Eta: 1:19:45
2022-03-31 09:18:03,874:INFO: Test: [86]  ADE: 0.3898  FDE: 0.5218
2022-03-31 09:18:33,177:INFO: Train: [87][2321/2322]  Loss -0.1799 (-1.2422)  Time:  0.097 (0.013)  Data Time:  0.005 (0.004)
2022-03-31 09:18:33,177:INFO:   Eta: 1:19:33
2022-03-31 09:19:02,798:INFO: Train: [88][2321/2322]  Loss -0.1996 (-1.2876)  Time:  0.099 (0.013)  Data Time:  0.005 (0.005)
2022-03-31 09:19:02,799:INFO:   Eta: 1:19:56
2022-03-31 09:19:32,613:INFO: Train: [89][2321/2322]  Loss -0.1546 (-1.2031)  Time:  0.094 (0.013)  Data Time:  0.004 (0.005)
2022-03-31 09:19:32,613:INFO:   Eta: 1:19:57
2022-03-31 09:20:01,460:INFO: Train: [90][2321/2322]  Loss -0.1789 (-1.2648)  Time:  0.083 (0.012)  Data Time:  0.003 (0.004)
2022-03-31 09:20:01,461:INFO:   Eta: 1:16:53
2022-03-31 09:20:26,952:INFO: Train: [91][2321/2322]  Loss -0.1474 (-1.2644)  Time:  0.088 (0.011)  Data Time:  0.004 (0.003)
2022-03-31 09:20:26,953:INFO:   Eta: 1:07:30
2022-03-31 09:20:53,204:INFO: Train: [92][2321/2322]  Loss -0.2078 (-1.2591)  Time:  0.098 (0.011)  Data Time:  0.004 (0.004)
2022-03-31 09:20:53,205:INFO:   Eta: 1:09:04
2022-03-31 09:21:19,611:INFO: Train: [93][2321/2322]  Loss -0.1438 (-1.1522)  Time:  0.097 (0.011)  Data Time:  0.003 (0.004)
2022-03-31 09:21:19,611:INFO:   Eta: 1:09:02
2022-03-31 09:21:45,747:INFO: Train: [94][2321/2322]  Loss -0.1801 (-1.3783)  Time:  0.104 (0.011)  Data Time:  0.003 (0.003)
2022-03-31 09:21:45,749:INFO:   Eta: 1:07:54
2022-03-31 09:22:12,981:INFO: Train: [95][2321/2322]  Loss -0.1975 (-1.2671)  Time:  0.090 (0.012)  Data Time:  0.004 (0.004)
2022-03-31 09:22:12,982:INFO:   Eta: 1:10:18
2022-03-31 09:22:42,627:INFO: Train: [96][2321/2322]  Loss -0.1830 (-1.3830)  Time:  0.103 (0.013)  Data Time:  0.004 (0.005)
2022-03-31 09:22:42,628:INFO:   Eta: 1:16:03
2022-03-31 09:23:03,940:INFO: Test: [96]  ADE: 0.3819  FDE: 0.5565
2022-03-31 09:23:33,767:INFO: Train: [97][2321/2322]  Loss -0.1795 (-1.2839)  Time:  0.089 (0.013)  Data Time:  0.005 (0.005)
2022-03-31 09:23:33,768:INFO:   Eta: 1:16:00
2022-03-31 09:24:03,421:INFO: Train: [98][2321/2322]  Loss -0.1969 (-1.3699)  Time:  0.093 (0.013)  Data Time:  0.004 (0.005)
2022-03-31 09:24:03,422:INFO:   Eta: 1:15:05
2022-03-31 09:24:32,904:INFO: Train: [99][2321/2322]  Loss -0.2067 (-1.2756)  Time:  0.100 (0.013)  Data Time:  0.005 (0.005)
2022-03-31 09:24:32,906:INFO:   Eta: 1:14:09
2022-03-31 09:25:02,428:INFO: Train: [100][2321/2322]  Loss -0.2144 (-1.4147)  Time:  0.097 (0.013)  Data Time:  0.005 (0.005)
2022-03-31 09:25:02,429:INFO:   Eta: 1:13:46
2022-03-31 09:25:31,981:INFO: Train: [101][2321/2322]  Loss -0.1888 (-1.1998)  Time:  0.096 (0.013)  Data Time:  0.004 (0.005)
2022-03-31 09:25:31,981:INFO:   Eta: 1:13:21
2022-03-31 09:26:01,224:INFO: Train: [102][2321/2322]  Loss -0.1625 (-1.4761)  Time:  0.103 (0.013)  Data Time:  0.004 (0.005)
2022-03-31 09:26:01,225:INFO:   Eta: 1:12:06
2022-03-31 09:26:27,975:INFO: Train: [103][2321/2322]  Loss -0.1815 (-1.3720)  Time:  0.085 (0.012)  Data Time:  0.004 (0.004)
2022-03-31 09:26:27,975:INFO:   Eta: 1:05:29
2022-03-31 09:26:51,860:INFO: Train: [104][2321/2322]  Loss -0.1926 (-1.2865)  Time:  0.089 (0.010)  Data Time:  0.003 (0.003)
2022-03-31 09:26:51,861:INFO:   Eta: 0:58:05
2022-03-31 09:27:15,669:INFO: Train: [105][2321/2322]  Loss -0.1520 (-1.3788)  Time:  0.085 (0.010)  Data Time:  0.004 (0.003)
2022-03-31 09:27:15,815:INFO:   Eta: 0:57:30
2022-03-31 09:27:46,958:INFO: Train: [106][2321/2322]  Loss -0.1917 (-1.3815)  Time:  0.111 (0.013)  Data Time:  0.004 (0.004)
2022-03-31 09:27:46,959:INFO:   Eta: 1:11:56
2022-03-31 09:28:07,957:INFO: Test: [106]  ADE: 0.3894  FDE: 0.5709
2022-03-31 09:28:37,560:INFO: Train: [107][2321/2322]  Loss -0.1817 (-1.3630)  Time:  0.091 (0.013)  Data Time:  0.004 (0.005)
2022-03-31 09:28:37,561:INFO:   Eta: 1:10:30
2022-03-31 09:29:07,505:INFO: Train: [108][2321/2322]  Loss -0.2273 (-1.3058)  Time:  0.097 (0.013)  Data Time:  0.005 (0.005)
2022-03-31 09:29:07,506:INFO:   Eta: 1:10:49
2022-03-31 09:29:37,423:INFO: Train: [109][2321/2322]  Loss -0.2056 (-1.3461)  Time:  0.095 (0.013)  Data Time:  0.004 (0.005)
2022-03-31 09:29:37,424:INFO:   Eta: 1:10:15
2022-03-31 09:30:07,084:INFO: Train: [110][2321/2322]  Loss -0.2046 (-1.3589)  Time:  0.096 (0.013)  Data Time:  0.005 (0.005)
2022-03-31 09:30:07,085:INFO:   Eta: 1:09:10
2022-03-31 09:30:36,978:INFO: Train: [111][2321/2322]  Loss -0.2200 (-1.4002)  Time:  0.099 (0.013)  Data Time:  0.004 (0.005)
2022-03-31 09:30:36,981:INFO:   Eta: 1:09:12
2022-03-31 09:31:04,982:INFO: Train: [112][2321/2322]  Loss -0.1746 (-1.2742)  Time:  0.096 (0.012)  Data Time:  0.004 (0.005)
2022-03-31 09:31:04,983:INFO:   Eta: 1:04:20
2022-03-31 09:31:34,278:INFO: Train: [113][2321/2322]  Loss -0.1714 (-1.2660)  Time:  0.088 (0.013)  Data Time:  0.004 (0.004)
2022-03-31 09:31:34,281:INFO:   Eta: 1:06:51
2022-03-31 09:32:01,776:INFO: Train: [114][2321/2322]  Loss -0.1675 (-1.4145)  Time:  0.096 (0.012)  Data Time:  0.004 (0.004)
2022-03-31 09:32:01,779:INFO:   Eta: 1:02:15
2022-03-31 09:32:29,211:INFO: Train: [115][2321/2322]  Loss -0.1978 (-1.3961)  Time:  0.088 (0.012)  Data Time:  0.004 (0.004)
2022-03-31 09:32:33,862:INFO:   Eta: 1:01:39
2022-03-31 09:33:00,097:INFO: Train: [116][2321/2322]  Loss -0.1961 (-1.1898)  Time:  0.089 (0.011)  Data Time:  0.003 (0.004)
2022-03-31 09:33:00,098:INFO:   Eta: 0:58:32
2022-03-31 09:33:20,550:INFO: Test: [116]  ADE: 0.3620  FDE: 0.5608
2022-03-31 09:33:47,421:INFO: Train: [117][2321/2322]  Loss -0.0854 (-1.4156)  Time:  0.096 (0.012)  Data Time:  0.004 (0.004)
2022-03-31 09:33:47,424:INFO:   Eta: 0:59:31
2022-03-31 09:34:15,318:INFO: Train: [118][2321/2322]  Loss -0.2380 (-1.4460)  Time:  0.095 (0.012)  Data Time:  0.005 (0.004)
2022-03-31 09:34:15,328:INFO:   Eta: 1:01:18
2022-03-31 09:34:45,203:INFO: Train: [119][2321/2322]  Loss -0.1766 (-1.2271)  Time:  0.098 (0.013)  Data Time:  0.005 (0.004)
2022-03-31 09:34:45,207:INFO:   Eta: 1:05:07
2022-03-31 09:35:14,888:INFO: Train: [120][2321/2322]  Loss -0.1687 (-1.4742)  Time:  0.104 (0.013)  Data Time:  0.005 (0.004)
2022-03-31 09:35:14,893:INFO:   Eta: 1:04:14
2022-03-31 09:35:44,844:INFO: Train: [121][2321/2322]  Loss -0.2112 (-1.2039)  Time:  0.088 (0.013)  Data Time:  0.004 (0.005)
2022-03-31 09:35:44,847:INFO:   Eta: 1:04:17
2022-03-31 09:36:15,163:INFO: Train: [122][2321/2322]  Loss -0.2227 (-1.3838)  Time:  0.097 (0.013)  Data Time:  0.005 (0.005)
2022-03-31 09:36:15,165:INFO:   Eta: 1:04:37
2022-03-31 09:36:42,991:INFO: Train: [123][2321/2322]  Loss -0.1737 (-1.3272)  Time:  0.095 (0.012)  Data Time:  0.004 (0.004)
2022-03-31 09:36:42,994:INFO:   Eta: 0:58:50
2022-03-31 09:37:10,815:INFO: Train: [124][2321/2322]  Loss -0.1722 (-1.3346)  Time:  0.102 (0.012)  Data Time:  0.005 (0.004)
2022-03-31 09:37:10,819:INFO:   Eta: 0:58:21
2022-03-31 09:37:40,589:INFO: Train: [125][2321/2322]  Loss -0.2174 (-1.4524)  Time:  0.098 (0.013)  Data Time:  0.004 (0.005)
2022-03-31 09:37:40,591:INFO:   Eta: 1:01:57
2022-03-31 09:38:08,808:INFO: Train: [126][2321/2322]  Loss -0.1913 (-1.4339)  Time:  0.084 (0.012)  Data Time:  0.004 (0.005)
2022-03-31 09:38:08,900:INFO:   Eta: 0:58:16
2022-03-31 09:38:33,683:INFO: Test: [126]  ADE: 0.5029  FDE: 0.7825
2022-03-31 09:39:00,670:INFO: Train: [127][2321/2322]  Loss -0.2069 (-1.3900)  Time:  0.083 (0.012)  Data Time:  0.004 (0.004)
2022-03-31 09:39:00,671:INFO:   Eta: 0:55:16
2022-03-31 09:39:26,625:INFO: Train: [128][2321/2322]  Loss -0.1738 (-1.4382)  Time:  0.091 (0.011)  Data Time:  0.004 (0.004)
2022-03-31 09:39:26,626:INFO:   Eta: 0:52:44
2022-03-31 09:39:53,006:INFO: Train: [129][2321/2322]  Loss -0.1800 (-1.3839)  Time:  0.087 (0.011)  Data Time:  0.003 (0.004)
2022-03-31 09:39:53,008:INFO:   Eta: 0:53:10
2022-03-31 09:40:20,042:INFO: Train: [130][2321/2322]  Loss -0.2265 (-1.3431)  Time:  0.106 (0.012)  Data Time:  0.005 (0.004)
2022-03-31 09:40:20,043:INFO:   Eta: 0:54:02
2022-03-31 09:40:50,032:INFO: Train: [131][2321/2322]  Loss -0.1773 (-1.4435)  Time:  0.103 (0.013)  Data Time:  0.004 (0.005)
2022-03-31 09:40:50,033:INFO:   Eta: 0:59:26
2022-03-31 09:41:19,950:INFO: Train: [132][2321/2322]  Loss -0.2154 (-1.3823)  Time:  0.096 (0.013)  Data Time:  0.004 (0.004)
2022-03-31 09:41:19,951:INFO:   Eta: 0:58:47
2022-03-31 09:41:47,202:INFO: Train: [133][2321/2322]  Loss -0.1985 (-1.4700)  Time:  0.105 (0.012)  Data Time:  0.003 (0.004)
2022-03-31 09:41:47,255:INFO:   Eta: 0:53:06
2022-03-31 09:42:15,413:INFO: Train: [134][2321/2322]  Loss -0.1616 (-1.4504)  Time:  0.102 (0.012)  Data Time:  0.004 (0.004)
2022-03-31 09:42:15,494:INFO:   Eta: 0:54:24
2022-03-31 09:42:45,157:INFO: Train: [135][2321/2322]  Loss -0.1530 (-1.4786)  Time:  0.092 (0.013)  Data Time:  0.004 (0.005)
2022-03-31 09:42:45,159:INFO:   Eta: 0:56:49
2022-03-31 09:43:15,093:INFO: Train: [136][2321/2322]  Loss -0.1972 (-1.4012)  Time:  0.117 (0.013)  Data Time:  0.004 (0.005)
2022-03-31 09:43:15,093:INFO:   Eta: 0:56:50
2022-03-31 09:43:36,215:INFO: Test: [136]  ADE: 0.3783  FDE: 0.5961
2022-03-31 09:44:05,851:INFO: Train: [137][2321/2322]  Loss -0.2012 (-1.4673)  Time:  0.112 (0.013)  Data Time:  0.005 (0.005)
2022-03-31 09:44:05,853:INFO:   Eta: 0:55:46
2022-03-31 09:44:35,464:INFO: Train: [138][2321/2322]  Loss -0.2113 (-1.3099)  Time:  0.101 (0.013)  Data Time:  0.006 (0.005)
2022-03-31 09:44:35,479:INFO:   Eta: 0:55:14
2022-03-31 09:45:02,336:INFO: Train: [139][2321/2322]  Loss -0.2441 (-1.4158)  Time:  0.080 (0.012)  Data Time:  0.003 (0.004)
2022-03-31 09:45:02,419:INFO:   Eta: 0:49:29
2022-03-31 09:45:28,829:INFO: Train: [140][2321/2322]  Loss -0.2239 (-1.4857)  Time:  0.083 (0.011)  Data Time:  0.004 (0.004)
2022-03-31 09:45:28,830:INFO:   Eta: 0:48:18
2022-03-31 09:45:54,931:INFO: Train: [141][2321/2322]  Loss -0.1818 (-1.4028)  Time:  0.092 (0.011)  Data Time:  0.003 (0.003)
2022-03-31 09:45:54,932:INFO:   Eta: 0:47:16
2022-03-31 09:46:21,731:INFO: Train: [142][2321/2322]  Loss -0.1923 (-1.3474)  Time:  0.077 (0.012)  Data Time:  0.003 (0.004)
2022-03-31 09:46:21,732:INFO:   Eta: 0:48:12
2022-03-31 09:46:48,764:INFO: Train: [143][2321/2322]  Loss -0.2016 (-1.3721)  Time:  0.108 (0.012)  Data Time:  0.004 (0.004)
2022-03-31 09:46:48,765:INFO:   Eta: 0:48:10
2022-03-31 09:47:16,775:INFO: Train: [144][2321/2322]  Loss -0.2343 (-1.4460)  Time:  0.102 (0.012)  Data Time:  0.005 (0.004)
2022-03-31 09:47:16,776:INFO:   Eta: 0:49:27
2022-03-31 09:47:46,805:INFO: Train: [145][2321/2322]  Loss -0.1861 (-1.3685)  Time:  0.100 (0.013)  Data Time:  0.004 (0.005)
2022-03-31 09:47:46,806:INFO:   Eta: 0:52:31
2022-03-31 09:48:16,574:INFO: Train: [146][2321/2322]  Loss -0.2064 (-1.4992)  Time:  0.096 (0.013)  Data Time:  0.004 (0.004)
2022-03-31 09:48:16,575:INFO:   Eta: 0:51:34
2022-03-31 09:48:37,442:INFO: Test: [146]  ADE: 0.3847  FDE: 0.5824
2022-03-31 09:49:09,592:INFO: Train: [147][2321/2322]  Loss -0.2023 (-1.4349)  Time:  0.098 (0.014)  Data Time:  0.006 (0.005)
2022-03-31 09:49:09,594:INFO:   Eta: 0:55:09
2022-03-31 09:49:39,389:INFO: Train: [148][2321/2322]  Loss -0.2415 (-1.3904)  Time:  0.107 (0.013)  Data Time:  0.005 (0.005)
2022-03-31 09:49:39,389:INFO:   Eta: 0:50:37
2022-03-31 09:50:08,913:INFO: Train: [149][2321/2322]  Loss -0.2292 (-1.4049)  Time:  0.099 (0.013)  Data Time:  0.004 (0.005)
2022-03-31 09:50:08,914:INFO:   Eta: 0:49:40
2022-03-31 09:50:38,265:INFO: Train: [150][2321/2322]  Loss -0.2409 (-1.6435)  Time:  0.097 (0.013)  Data Time:  0.005 (0.005)
2022-03-31 09:50:38,266:INFO:   Eta: 0:48:53
2022-03-31 09:51:05,680:INFO: Train: [151][2321/2322]  Loss -0.2208 (-1.6096)  Time:  0.078 (0.012)  Data Time:  0.004 (0.004)
2022-03-31 09:51:05,681:INFO:   Eta: 0:45:12
2022-03-31 09:51:11,627:INFO: Valid: [151][604/605]  Loss -7.5939 (-4.6330)
2022-03-31 09:51:11,641:INFO: Checkpoint saved...
2022-03-31 09:51:37,870:INFO: Train: [152][2321/2322]  Loss -0.2682 (-1.3124)  Time:  0.081 (0.011)  Data Time:  0.003 (0.004)
2022-03-31 09:51:37,871:INFO:   Eta: 0:42:47
2022-03-31 09:51:43,555:INFO: Valid: [152][604/605]  Loss -7.7164 (-4.6990)
2022-03-31 09:51:43,569:INFO: Checkpoint saved...
2022-03-31 09:52:08,094:INFO: Train: [153][2321/2322]  Loss -0.2606 (-1.6270)  Time:  0.072 (0.011)  Data Time:  0.003 (0.003)
2022-03-31 09:52:08,095:INFO:   Eta: 0:39:36
2022-03-31 09:52:13,684:INFO: Valid: [153][604/605]  Loss -8.0613 (-4.9339)
2022-03-31 09:52:13,698:INFO: Checkpoint saved...
2022-03-31 09:52:37,941:INFO: Train: [154][2321/2322]  Loss -0.2239 (-1.6861)  Time:  0.096 (0.010)  Data Time:  0.003 (0.003)
2022-03-31 09:52:37,943:INFO:   Eta: 0:38:44
2022-03-31 09:52:43,857:INFO: Valid: [154][604/605]  Loss -8.1965 (-5.0309)
2022-03-31 09:52:43,869:INFO: Checkpoint saved...
2022-03-31 09:53:13,761:INFO: Train: [155][2321/2322]  Loss -0.2541 (-1.6293)  Time:  0.089 (0.013)  Data Time:  0.004 (0.005)
2022-03-31 09:53:13,762:INFO:   Eta: 0:47:17
2022-03-31 09:53:19,449:INFO: Valid: [155][604/605]  Loss -7.9428 (-4.8495)
2022-03-31 09:53:48,863:INFO: Train: [156][2321/2322]  Loss -0.2139 (-1.6700)  Time:  0.099 (0.013)  Data Time:  0.005 (0.005)
2022-03-31 09:53:48,864:INFO:   Eta: 0:46:02
2022-03-31 09:53:54,652:INFO: Valid: [156][604/605]  Loss -8.1439 (-4.9839)
2022-03-31 09:54:16,364:INFO: Test: [156]  ADE: 0.3573  FDE: 0.5470
2022-03-31 09:54:45,787:INFO: Train: [157][2321/2322]  Loss -0.2020 (-1.6901)  Time:  0.102 (0.013)  Data Time:  0.005 (0.004)
2022-03-31 09:54:45,788:INFO:   Eta: 0:45:34
2022-03-31 09:54:51,661:INFO: Valid: [157][604/605]  Loss -7.9806 (-4.9273)
2022-03-31 09:55:20,627:INFO: Train: [158][2321/2322]  Loss -0.2791 (-1.6717)  Time:  0.099 (0.012)  Data Time:  0.005 (0.004)
2022-03-31 09:55:20,628:INFO:   Eta: 0:44:22
2022-03-31 09:55:26,523:INFO: Valid: [158][604/605]  Loss -8.2753 (-5.0717)
2022-03-31 09:55:26,538:INFO: Checkpoint saved...
2022-03-31 09:55:55,562:INFO: Train: [159][2321/2322]  Loss -0.2365 (-1.4232)  Time:  0.088 (0.012)  Data Time:  0.004 (0.004)
2022-03-31 09:55:55,563:INFO:   Eta: 0:43:58
2022-03-31 09:56:01,410:INFO: Valid: [159][604/605]  Loss -8.3503 (-5.1221)
2022-03-31 09:56:01,419:INFO: Checkpoint saved...
2022-03-31 09:56:31,032:INFO: Train: [160][2321/2322]  Loss -0.2349 (-1.6562)  Time:  0.100 (0.013)  Data Time:  0.004 (0.004)
2022-03-31 09:56:31,046:INFO:   Eta: 0:44:22
2022-03-31 09:56:36,756:INFO: Valid: [160][604/605]  Loss -8.2373 (-5.0392)
2022-03-31 09:57:06,051:INFO: Train: [161][2321/2322]  Loss -0.2239 (-1.6619)  Time:  0.080 (0.013)  Data Time:  0.004 (0.004)
2022-03-31 09:57:06,052:INFO:   Eta: 0:43:24
2022-03-31 09:57:11,852:INFO: Valid: [161][604/605]  Loss -7.4607 (-4.4715)
2022-03-31 09:57:38,263:INFO: Train: [162][2321/2322]  Loss -0.2607 (-1.5175)  Time:  0.091 (0.011)  Data Time:  0.002 (0.004)
2022-03-31 09:57:38,264:INFO:   Eta: 0:38:41
2022-03-31 09:57:43,928:INFO: Valid: [162][604/605]  Loss -7.4130 (-4.4966)
2022-03-31 09:58:07,836:INFO: Train: [163][2321/2322]  Loss -0.2216 (-1.6492)  Time:  0.090 (0.010)  Data Time:  0.003 (0.003)
2022-03-31 09:58:07,837:INFO:   Eta: 0:34:37
2022-03-31 09:58:13,298:INFO: Valid: [163][604/605]  Loss -8.0966 (-4.9551)
2022-03-31 09:58:38,118:INFO: Train: [164][2321/2322]  Loss -0.2398 (-1.6538)  Time:  0.089 (0.011)  Data Time:  0.003 (0.003)
2022-03-31 09:58:38,120:INFO:   Eta: 0:35:31
2022-03-31 09:58:43,895:INFO: Valid: [164][604/605]  Loss -8.1623 (-4.9590)
2022-03-31 09:59:12,576:INFO: Train: [165][2321/2322]  Loss -0.2345 (-1.6130)  Time:  0.095 (0.012)  Data Time:  0.005 (0.004)
2022-03-31 09:59:12,577:INFO:   Eta: 0:40:35
2022-03-31 09:59:18,093:INFO: Valid: [165][604/605]  Loss -8.2052 (-5.0241)
2022-03-31 09:59:50,290:INFO: Train: [166][2321/2322]  Loss -0.2244 (-1.5739)  Time:  0.096 (0.014)  Data Time:  0.004 (0.004)
2022-03-31 09:59:50,291:INFO:   Eta: 0:45:01
2022-03-31 09:59:56,107:INFO: Valid: [166][604/605]  Loss -8.2330 (-5.0289)
2022-03-31 10:00:17,616:INFO: Test: [166]  ADE: 0.3566  FDE: 0.5461
2022-03-31 10:00:47,267:INFO: Train: [167][2321/2322]  Loss -0.2757 (-1.5191)  Time:  0.091 (0.013)  Data Time:  0.005 (0.004)
2022-03-31 10:00:47,268:INFO:   Eta: 0:40:59
2022-03-31 10:00:52,941:INFO: Valid: [167][604/605]  Loss -7.4334 (-4.4958)
2022-03-31 10:01:22,514:INFO: Train: [168][2321/2322]  Loss -0.1807 (-1.3050)  Time:  0.090 (0.013)  Data Time:  0.004 (0.004)
2022-03-31 10:01:22,516:INFO:   Eta: 0:40:23
2022-03-31 10:01:28,412:INFO: Valid: [168][604/605]  Loss -8.0906 (-4.9394)
2022-03-31 10:01:58,265:INFO: Train: [169][2321/2322]  Loss -0.2536 (-1.6811)  Time:  0.093 (0.013)  Data Time:  0.004 (0.005)
2022-03-31 10:01:58,266:INFO:   Eta: 0:40:15
2022-03-31 10:02:04,054:INFO: Valid: [169][604/605]  Loss -8.2882 (-5.0671)
2022-03-31 10:02:33,811:INFO: Train: [170][2321/2322]  Loss -0.2403 (-1.6581)  Time:  0.099 (0.013)  Data Time:  0.005 (0.005)
2022-03-31 10:02:33,813:INFO:   Eta: 0:39:38
2022-03-31 10:02:39,784:INFO: Valid: [170][604/605]  Loss -7.8860 (-4.7838)
2022-03-31 10:03:09,487:INFO: Train: [171][2321/2322]  Loss -0.2380 (-1.5839)  Time:  0.099 (0.013)  Data Time:  0.004 (0.004)
2022-03-31 10:03:09,488:INFO:   Eta: 0:39:03
2022-03-31 10:03:15,327:INFO: Valid: [171][604/605]  Loss -8.2425 (-5.0492)
2022-03-31 10:03:40,833:INFO: Train: [172][2321/2322]  Loss -0.1940 (-1.7066)  Time:  0.095 (0.011)  Data Time:  0.003 (0.003)
2022-03-31 10:03:40,833:INFO:   Eta: 0:33:06
2022-03-31 10:03:46,535:INFO: Valid: [172][604/605]  Loss -8.4155 (-5.1677)
2022-03-31 10:03:46,549:INFO: Checkpoint saved...
2022-03-31 10:04:10,594:INFO: Train: [173][2321/2322]  Loss -0.2085 (-1.6664)  Time:  0.094 (0.010)  Data Time:  0.007 (0.003)
2022-03-31 10:04:10,596:INFO:   Eta: 0:30:49
2022-03-31 10:04:16,451:INFO: Valid: [173][604/605]  Loss -8.1485 (-4.9538)
2022-03-31 10:04:42,604:INFO: Train: [174][2321/2322]  Loss -0.2518 (-1.6215)  Time:  0.093 (0.011)  Data Time:  0.003 (0.003)
2022-03-31 10:04:42,605:INFO:   Eta: 0:33:05
2022-03-31 10:04:48,621:INFO: Valid: [174][604/605]  Loss -8.3331 (-5.1054)
2022-03-31 10:05:17,112:INFO: Train: [175][2321/2322]  Loss -0.2612 (-1.6586)  Time:  0.103 (0.012)  Data Time:  0.005 (0.004)
2022-03-31 10:05:17,114:INFO:   Eta: 0:35:34
2022-03-31 10:05:23,405:INFO: Valid: [175][604/605]  Loss -8.3408 (-5.0898)
2022-03-31 10:05:53,541:INFO: Train: [176][2321/2322]  Loss -0.2563 (-1.6791)  Time:  0.100 (0.013)  Data Time:  0.004 (0.005)
2022-03-31 10:05:53,542:INFO:   Eta: 0:37:07
2022-03-31 10:05:59,384:INFO: Valid: [176][604/605]  Loss -8.2002 (-5.0025)
2022-03-31 10:06:21,022:INFO: Test: [176]  ADE: 0.3478  FDE: 0.5278
2022-03-31 10:06:50,620:INFO: Train: [177][2321/2322]  Loss -0.2672 (-1.6705)  Time:  0.097 (0.013)  Data Time:  0.004 (0.004)
2022-03-31 10:06:50,622:INFO:   Eta: 0:35:59
2022-03-31 10:06:56,262:INFO: Valid: [177][604/605]  Loss -8.1086 (-4.9370)
2022-03-31 10:07:25,664:INFO: Train: [178][2321/2322]  Loss -0.2967 (-1.6407)  Time:  0.091 (0.013)  Data Time:  0.004 (0.004)
2022-03-31 10:07:25,665:INFO:   Eta: 0:35:14
2022-03-31 10:07:31,621:INFO: Valid: [178][604/605]  Loss -7.6394 (-4.6116)
2022-03-31 10:08:01,200:INFO: Train: [179][2321/2322]  Loss -0.2873 (-1.5469)  Time:  0.096 (0.013)  Data Time:  0.004 (0.004)
2022-03-31 10:08:01,201:INFO:   Eta: 0:34:57
2022-03-31 10:08:06,898:INFO: Valid: [179][604/605]  Loss -7.9737 (-4.8518)
2022-03-31 10:08:36,847:INFO: Train: [180][2321/2322]  Loss -0.2591 (-1.6769)  Time:  0.105 (0.013)  Data Time:  0.004 (0.004)
2022-03-31 10:08:36,847:INFO:   Eta: 0:34:54
2022-03-31 10:08:42,940:INFO: Valid: [180][604/605]  Loss -8.0730 (-4.9147)
2022-03-31 10:09:13,072:INFO: Train: [181][2321/2322]  Loss -0.2151 (-1.7181)  Time:  0.099 (0.013)  Data Time:  0.005 (0.004)
2022-03-31 10:09:13,073:INFO:   Eta: 0:34:36
2022-03-31 10:09:19,181:INFO: Valid: [181][604/605]  Loss -8.1338 (-4.9716)
2022-03-31 10:09:45,968:INFO: Train: [182][2321/2322]  Loss -0.2480 (-1.7143)  Time:  0.095 (0.012)  Data Time:  0.004 (0.004)
2022-03-31 10:09:45,969:INFO:   Eta: 0:30:19
2022-03-31 10:09:52,005:INFO: Valid: [182][604/605]  Loss -7.9362 (-4.8077)
2022-03-31 10:10:22,569:INFO: Train: [183][2321/2322]  Loss -0.2576 (-1.6629)  Time:  0.090 (0.013)  Data Time:  0.003 (0.003)
2022-03-31 10:10:22,570:INFO:   Eta: 0:32:35
2022-03-31 10:10:28,882:INFO: Valid: [183][604/605]  Loss -7.6477 (-4.6129)
2022-03-31 10:10:55,421:INFO: Train: [184][2321/2322]  Loss -0.2007 (-1.4463)  Time:  0.106 (0.011)  Data Time:  0.003 (0.003)
2022-03-31 10:10:55,423:INFO:   Eta: 0:29:09
2022-03-31 10:11:01,260:INFO: Valid: [184][604/605]  Loss -7.7696 (-4.7004)
2022-03-31 10:11:26,858:INFO: Train: [185][2321/2322]  Loss -0.2303 (-1.5967)  Time:  0.071 (0.011)  Data Time:  0.003 (0.003)
2022-03-31 10:11:26,859:INFO:   Eta: 0:27:42
2022-03-31 10:11:32,639:INFO: Valid: [185][604/605]  Loss -7.8660 (-4.7785)
2022-03-31 10:12:00,469:INFO: Train: [186][2321/2322]  Loss -0.2238 (-1.6358)  Time:  0.102 (0.012)  Data Time:  0.005 (0.004)
2022-03-31 10:12:00,470:INFO:   Eta: 0:29:39
2022-03-31 10:12:06,265:INFO: Valid: [186][604/605]  Loss -8.4667 (-5.1867)
2022-03-31 10:12:06,276:INFO: Checkpoint saved...
2022-03-31 10:12:27,825:INFO: Test: [186]  ADE: 0.3635  FDE: 0.6185
2022-03-31 10:12:57,458:INFO: Train: [187][2321/2322]  Loss -0.2645 (-1.4987)  Time:  0.093 (0.013)  Data Time:  0.004 (0.004)
2022-03-31 10:12:57,459:INFO:   Eta: 0:31:05
2022-03-31 10:13:03,319:INFO: Valid: [187][604/605]  Loss -8.1543 (-4.9674)
2022-03-31 10:13:32,941:INFO: Train: [188][2321/2322]  Loss -0.2505 (-1.7165)  Time:  0.092 (0.013)  Data Time:  0.004 (0.005)
2022-03-31 10:13:32,942:INFO:   Eta: 0:30:34
2022-03-31 10:13:38,737:INFO: Valid: [188][604/605]  Loss -7.8382 (-4.7203)
2022-03-31 10:14:08,522:INFO: Train: [189][2321/2322]  Loss -0.2136 (-1.6838)  Time:  0.100 (0.013)  Data Time:  0.005 (0.004)
2022-03-31 10:14:08,523:INFO:   Eta: 0:30:15
2022-03-31 10:14:14,381:INFO: Valid: [189][604/605]  Loss -8.4717 (-5.1953)
2022-03-31 10:14:14,393:INFO: Checkpoint saved...
2022-03-31 10:14:44,635:INFO: Train: [190][2321/2322]  Loss -0.1833 (-1.7073)  Time:  0.108 (0.013)  Data Time:  0.005 (0.005)
2022-03-31 10:14:44,636:INFO:   Eta: 0:30:12
2022-03-31 10:14:50,596:INFO: Valid: [190][604/605]  Loss -7.8806 (-4.7953)
2022-03-31 10:15:19,210:INFO: Train: [191][2321/2322]  Loss -0.2232 (-1.4852)  Time:  0.084 (0.012)  Data Time:  0.004 (0.004)
2022-03-31 10:15:19,211:INFO:   Eta: 0:28:06
2022-03-31 10:15:24,848:INFO: Valid: [191][604/605]  Loss -8.3635 (-5.1537)
2022-03-31 10:15:52,829:INFO: Train: [192][2321/2322]  Loss -0.2177 (-1.6726)  Time:  0.093 (0.012)  Data Time:  0.004 (0.004)
2022-03-31 10:15:52,830:INFO:   Eta: 0:27:01
2022-03-31 10:15:58,514:INFO: Valid: [192][604/605]  Loss -8.3653 (-5.1099)
2022-03-31 10:16:27,945:INFO: Train: [193][2321/2322]  Loss -0.2273 (-1.5142)  Time:  0.095 (0.013)  Data Time:  0.005 (0.005)
2022-03-31 10:16:27,946:INFO:   Eta: 0:27:56
2022-03-31 10:16:33,724:INFO: Valid: [193][604/605]  Loss -7.8039 (-4.7333)
2022-03-31 10:17:03,247:INFO: Train: [194][2321/2322]  Loss -0.1966 (-1.7339)  Time:  0.092 (0.013)  Data Time:  0.005 (0.004)
2022-03-31 10:17:03,248:INFO:   Eta: 0:27:31
2022-03-31 10:17:09,185:INFO: Valid: [194][604/605]  Loss -8.2485 (-5.0301)
2022-03-31 10:17:34,727:INFO: Train: [195][2321/2322]  Loss -0.2309 (-1.4315)  Time:  0.082 (0.011)  Data Time:  0.003 (0.003)
2022-03-31 10:17:34,729:INFO:   Eta: 0:23:23
2022-03-31 10:17:40,234:INFO: Valid: [195][604/605]  Loss -8.3258 (-5.1136)
2022-03-31 10:18:06,052:INFO: Train: [196][2321/2322]  Loss -0.2430 (-1.6397)  Time:  0.091 (0.011)  Data Time:  0.003 (0.004)
2022-03-31 10:18:06,053:INFO:   Eta: 0:23:12
2022-03-31 10:18:11,801:INFO: Valid: [196][604/605]  Loss -8.2794 (-5.0453)
2022-03-31 10:18:31,588:INFO: Test: [196]  ADE: 0.3464  FDE: 0.5381
2022-03-31 10:18:58,758:INFO: Train: [197][2321/2322]  Loss -0.2038 (-1.6986)  Time:  0.092 (0.012)  Data Time:  0.005 (0.004)
2022-03-31 10:18:58,759:INFO:   Eta: 0:23:58
2022-03-31 10:19:04,624:INFO: Valid: [197][604/605]  Loss -8.2937 (-5.0659)
2022-03-31 10:19:34,307:INFO: Train: [198][2321/2322]  Loss -0.2071 (-1.5648)  Time:  0.113 (0.013)  Data Time:  0.005 (0.004)
2022-03-31 10:19:34,308:INFO:   Eta: 0:25:41
2022-03-31 10:19:40,005:INFO: Valid: [198][604/605]  Loss -8.3253 (-5.1589)
2022-03-31 10:20:09,549:INFO: Train: [199][2321/2322]  Loss -0.2442 (-1.6813)  Time:  0.097 (0.013)  Data Time:  0.005 (0.004)
2022-03-31 10:20:09,550:INFO:   Eta: 0:25:05
2022-03-31 10:20:14,993:INFO: Valid: [199][604/605]  Loss -7.2716 (-4.3952)
2022-03-31 10:20:45,107:INFO: Train: [200][2321/2322]  Loss -0.2703 (-1.7232)  Time:  0.096 (0.013)  Data Time:  0.003 (0.005)
2022-03-31 10:20:45,108:INFO:   Eta: 0:25:03
2022-03-31 10:20:51,945:INFO: Valid: [200][604/605]  Loss -7.8873 (-4.7809)
2022-03-31 10:21:19,597:INFO: Train: [201][2321/2322]  Loss -0.2285 (-1.6357)  Time:  0.106 (0.012)  Data Time:  0.004 (0.004)
2022-03-31 10:21:19,598:INFO:   Eta: 0:22:32
2022-03-31 10:21:25,455:INFO: Valid: [201][604/605]  Loss -8.1650 (-4.9606)
2022-03-31 10:21:54,473:INFO: Train: [202][2321/2322]  Loss -0.2245 (-1.5424)  Time:  0.092 (0.012)  Data Time:  0.004 (0.004)
2022-03-31 10:21:54,474:INFO:   Eta: 0:23:11
2022-03-31 10:22:00,359:INFO: Valid: [202][604/605]  Loss -8.0223 (-4.8798)
2022-03-31 10:22:30,088:INFO: Train: [203][2321/2322]  Loss -0.2541 (-1.6259)  Time:  0.115 (0.013)  Data Time:  0.004 (0.005)
2022-03-31 10:22:30,089:INFO:   Eta: 0:23:16
2022-03-31 10:22:36,129:INFO: Valid: [203][604/605]  Loss -8.0312 (-4.8763)
2022-03-31 10:23:05,384:INFO: Train: [204][2321/2322]  Loss -0.2805 (-1.6865)  Time:  0.091 (0.013)  Data Time:  0.004 (0.004)
2022-03-31 10:23:05,385:INFO:   Eta: 0:22:24
2022-03-31 10:23:11,448:INFO: Valid: [204][604/605]  Loss -8.1529 (-4.9710)
2022-03-31 10:23:40,837:INFO: Train: [205][2321/2322]  Loss -0.2257 (-1.7041)  Time:  0.087 (0.013)  Data Time:  0.004 (0.004)
2022-03-31 10:23:40,838:INFO:   Eta: 0:22:00
2022-03-31 10:23:46,670:INFO: Valid: [205][604/605]  Loss -8.2145 (-5.0187)
2022-03-31 10:24:14,704:INFO: Train: [206][2321/2322]  Loss -0.2428 (-1.7352)  Time:  0.107 (0.012)  Data Time:  0.003 (0.004)
2022-03-31 10:24:14,705:INFO:   Eta: 0:20:32
2022-03-31 10:24:20,381:INFO: Valid: [206][604/605]  Loss -8.3162 (-5.0635)
2022-03-31 10:24:40,973:INFO: Test: [206]  ADE: 0.3546  FDE: 0.5611
2022-03-31 10:25:07,242:INFO: Train: [207][2321/2322]  Loss -0.2035 (-1.6592)  Time:  0.081 (0.011)  Data Time:  0.003 (0.003)
2022-03-31 10:25:07,243:INFO:   Eta: 0:18:48
2022-03-31 10:25:13,093:INFO: Valid: [207][604/605]  Loss -7.7028 (-4.7015)
2022-03-31 10:25:39,283:INFO: Train: [208][2321/2322]  Loss -0.2031 (-1.6593)  Time:  0.082 (0.011)  Data Time:  0.003 (0.004)
2022-03-31 10:25:39,284:INFO:   Eta: 0:18:18
2022-03-31 10:25:45,102:INFO: Valid: [208][604/605]  Loss -8.2704 (-5.0591)
2022-03-31 10:26:14,062:INFO: Train: [209][2321/2322]  Loss -0.2163 (-1.7512)  Time:  0.096 (0.012)  Data Time:  0.003 (0.004)
2022-03-31 10:26:14,063:INFO:   Eta: 0:19:40
2022-03-31 10:26:19,881:INFO: Valid: [209][604/605]  Loss -8.4222 (-5.1405)
2022-03-31 10:26:48,021:INFO: Train: [210][2321/2322]  Loss -0.1714 (-1.7428)  Time:  0.100 (0.012)  Data Time:  0.003 (0.004)
2022-03-31 10:26:48,022:INFO:   Eta: 0:18:44
2022-03-31 10:26:53,887:INFO: Valid: [210][604/605]  Loss -8.2898 (-5.0785)
2022-03-31 10:27:22,108:INFO: Train: [211][2321/2322]  Loss -0.2116 (-1.7401)  Time:  0.092 (0.012)  Data Time:  0.004 (0.004)
2022-03-31 10:27:22,109:INFO:   Eta: 0:18:18
2022-03-31 10:27:28,007:INFO: Valid: [211][604/605]  Loss -7.3728 (-4.4445)
2022-03-31 10:27:57,763:INFO: Train: [212][2321/2322]  Loss -0.2517 (-1.7641)  Time:  0.104 (0.013)  Data Time:  0.005 (0.005)
2022-03-31 10:27:57,764:INFO:   Eta: 0:18:49
2022-03-31 10:28:03,748:INFO: Valid: [212][604/605]  Loss -8.4958 (-5.2071)
2022-03-31 10:28:03,761:INFO: Checkpoint saved...
2022-03-31 10:28:33,032:INFO: Train: [213][2321/2322]  Loss -0.2058 (-1.6937)  Time:  0.103 (0.013)  Data Time:  0.004 (0.004)
2022-03-31 10:28:33,033:INFO:   Eta: 0:18:01
2022-03-31 10:28:38,985:INFO: Valid: [213][604/605]  Loss -8.4018 (-5.1468)
2022-03-31 10:29:08,531:INFO: Train: [214][2321/2322]  Loss -0.2633 (-1.7218)  Time:  0.107 (0.013)  Data Time:  0.004 (0.005)
2022-03-31 10:29:08,532:INFO:   Eta: 0:17:42
2022-03-31 10:29:14,374:INFO: Valid: [214][604/605]  Loss -7.7024 (-4.6672)
2022-03-31 10:29:43,707:INFO: Train: [215][2321/2322]  Loss -0.1807 (-1.7289)  Time:  0.111 (0.013)  Data Time:  0.004 (0.004)
2022-03-31 10:29:43,709:INFO:   Eta: 0:17:05
2022-03-31 10:29:49,560:INFO: Valid: [215][604/605]  Loss -8.3905 (-5.1376)
2022-03-31 10:30:18,077:INFO: Train: [216][2321/2322]  Loss -0.2305 (-1.7072)  Time:  0.099 (0.012)  Data Time:  0.004 (0.004)
2022-03-31 10:30:18,080:INFO:   Eta: 0:16:08
2022-03-31 10:30:23,783:INFO: Valid: [216][604/605]  Loss -7.5492 (-4.5778)
2022-03-31 10:30:45,042:INFO: Test: [216]  ADE: 0.4010  FDE: 0.5902
2022-03-31 10:31:14,057:INFO: Train: [217][2321/2322]  Loss -0.1789 (-1.7586)  Time:  0.130 (0.012)  Data Time:  0.003 (0.004)
2022-03-31 10:31:14,058:INFO:   Eta: 0:15:56
2022-03-31 10:31:19,722:INFO: Valid: [217][604/605]  Loss -8.2897 (-5.1061)
2022-03-31 10:31:46,742:INFO: Train: [218][2321/2322]  Loss -0.2491 (-1.5860)  Time:  0.085 (0.012)  Data Time:  0.003 (0.003)
2022-03-31 10:31:46,743:INFO:   Eta: 0:14:23
2022-03-31 10:31:52,416:INFO: Valid: [218][604/605]  Loss -8.2886 (-5.0665)
2022-03-31 10:32:18,578:INFO: Train: [219][2321/2322]  Loss -0.2338 (-1.7292)  Time:  0.110 (0.011)  Data Time:  0.003 (0.004)
2022-03-31 10:32:18,580:INFO:   Eta: 0:13:30
2022-03-31 10:32:24,400:INFO: Valid: [219][604/605]  Loss -8.4667 (-5.1872)
2022-03-31 10:32:47,694:INFO: Train: [220][2321/2322]  Loss -0.2710 (-1.7478)  Time:  0.108 (0.010)  Data Time:  0.002 (0.003)
2022-03-31 10:32:47,695:INFO:   Eta: 0:11:37
2022-03-31 10:32:53,430:INFO: Valid: [220][604/605]  Loss -7.9148 (-4.8197)
2022-03-31 10:33:22,260:INFO: Train: [221][2321/2322]  Loss -0.1848 (-1.6517)  Time:  0.141 (0.012)  Data Time:  0.004 (0.004)
2022-03-31 10:33:22,261:INFO:   Eta: 0:13:55
2022-03-31 10:33:28,237:INFO: Valid: [221][604/605]  Loss -8.3079 (-5.0870)
2022-03-31 10:33:57,997:INFO: Train: [222][2321/2322]  Loss -0.2057 (-1.7466)  Time:  0.093 (0.013)  Data Time:  0.004 (0.005)
2022-03-31 10:33:57,997:INFO:   Eta: 0:13:52
2022-03-31 10:34:03,789:INFO: Valid: [222][604/605]  Loss -8.2947 (-5.1001)
2022-03-31 10:34:33,082:INFO: Train: [223][2321/2322]  Loss -0.2577 (-1.5704)  Time:  0.097 (0.013)  Data Time:  0.005 (0.004)
2022-03-31 10:34:33,083:INFO:   Eta: 0:13:10
2022-03-31 10:34:38,789:INFO: Valid: [223][604/605]  Loss -8.4278 (-5.1425)
2022-03-31 10:35:07,985:INFO: Train: [224][2321/2322]  Loss -0.1721 (-1.7047)  Time:  0.099 (0.013)  Data Time:  0.005 (0.004)
2022-03-31 10:35:07,986:INFO:   Eta: 0:12:38
2022-03-31 10:35:13,606:INFO: Valid: [224][604/605]  Loss -8.2636 (-5.0905)
2022-03-31 10:35:42,891:INFO: Train: [225][2321/2322]  Loss -0.2394 (-1.7349)  Time:  0.100 (0.013)  Data Time:  0.004 (0.004)
2022-03-31 10:35:42,892:INFO:   Eta: 0:12:11
2022-03-31 10:35:48,830:INFO: Valid: [225][604/605]  Loss -8.1788 (-5.0271)
2022-03-31 10:36:18,095:INFO: Train: [226][2321/2322]  Loss -0.2396 (-1.7139)  Time:  0.089 (0.013)  Data Time:  0.005 (0.004)
2022-03-31 10:36:18,096:INFO:   Eta: 0:11:41
2022-03-31 10:36:24,035:INFO: Valid: [226][604/605]  Loss -8.4014 (-5.1355)
2022-03-31 10:36:45,223:INFO: Test: [226]  ADE: 0.3698  FDE: 0.6278
2022-03-31 10:37:14,506:INFO: Train: [227][2321/2322]  Loss -0.3213 (-1.7160)  Time:  0.090 (0.013)  Data Time:  0.004 (0.004)
2022-03-31 10:37:14,507:INFO:   Eta: 0:11:13
2022-03-31 10:37:20,386:INFO: Valid: [227][604/605]  Loss -7.4420 (-4.4863)
2022-03-31 10:37:49,837:INFO: Train: [228][2321/2322]  Loss -0.2189 (-1.7312)  Time:  0.102 (0.013)  Data Time:  0.004 (0.004)
2022-03-31 10:37:49,838:INFO:   Eta: 0:10:47
2022-03-31 10:37:55,576:INFO: Valid: [228][604/605]  Loss -8.4689 (-5.2268)
2022-03-31 10:38:22,087:INFO: Train: [229][2321/2322]  Loss -0.2052 (-1.6530)  Time:  0.088 (0.011)  Data Time:  0.000 (0.004)
2022-03-31 10:38:22,088:INFO:   Eta: 0:09:16
2022-03-31 10:38:27,835:INFO: Valid: [229][604/605]  Loss -8.1431 (-4.9646)
2022-03-31 10:38:51,809:INFO: Train: [230][2321/2322]  Loss -0.2222 (-1.7686)  Time:  0.084 (0.010)  Data Time:  0.003 (0.003)
2022-03-31 10:38:51,810:INFO:   Eta: 0:07:58
2022-03-31 10:38:57,287:INFO: Valid: [230][604/605]  Loss -8.4582 (-5.1802)
2022-03-31 10:39:23,383:INFO: Train: [231][2321/2322]  Loss -0.2578 (-1.7461)  Time:  0.086 (0.011)  Data Time:  0.003 (0.004)
2022-03-31 10:39:23,384:INFO:   Eta: 0:08:15
2022-03-31 10:39:29,261:INFO: Valid: [231][604/605]  Loss -8.1208 (-4.9540)
2022-03-31 10:39:55,358:INFO: Train: [232][2321/2322]  Loss -0.2090 (-1.6822)  Time:  0.104 (0.011)  Data Time:  0.004 (0.004)
2022-03-31 10:39:55,359:INFO:   Eta: 0:07:49
2022-03-31 10:40:01,188:INFO: Valid: [232][604/605]  Loss -8.3487 (-5.0922)
2022-03-31 10:40:30,239:INFO: Train: [233][2321/2322]  Loss -0.2049 (-1.7070)  Time:  0.094 (0.013)  Data Time:  0.005 (0.004)
2022-03-31 10:40:30,240:INFO:   Eta: 0:08:13
2022-03-31 10:40:36,143:INFO: Valid: [233][604/605]  Loss -8.3381 (-5.0902)
2022-03-31 10:41:05,110:INFO: Train: [234][2321/2322]  Loss -0.2686 (-1.7248)  Time:  0.095 (0.012)  Data Time:  0.005 (0.004)
2022-03-31 10:41:05,111:INFO:   Eta: 0:07:43
2022-03-31 10:41:11,038:INFO: Valid: [234][604/605]  Loss -8.4086 (-5.1507)
2022-03-31 10:41:39,305:INFO: Train: [235][2321/2322]  Loss -0.2107 (-1.5729)  Time:  0.103 (0.012)  Data Time:  0.004 (0.004)
2022-03-31 10:41:39,307:INFO:   Eta: 0:07:03
2022-03-31 10:41:45,724:INFO: Valid: [235][604/605]  Loss -7.6038 (-4.5831)
2022-03-31 10:42:15,851:INFO: Train: [236][2321/2322]  Loss -0.2420 (-1.7534)  Time:  0.096 (0.013)  Data Time:  0.004 (0.004)
2022-03-31 10:42:15,852:INFO:   Eta: 0:07:01
2022-03-31 10:42:21,652:INFO: Valid: [236][604/605]  Loss -7.3155 (-4.3905)
2022-03-31 10:42:42,545:INFO: Test: [236]  ADE: 0.3913  FDE: 0.5942
2022-03-31 10:43:11,577:INFO: Train: [237][2321/2322]  Loss -0.2596 (-1.7237)  Time:  0.102 (0.012)  Data Time:  0.005 (0.004)
2022-03-31 10:43:11,578:INFO:   Eta: 0:06:17
2022-03-31 10:43:17,516:INFO: Valid: [237][604/605]  Loss -7.5297 (-4.5177)
2022-03-31 10:43:46,953:INFO: Train: [238][2321/2322]  Loss -0.2330 (-1.6794)  Time:  0.107 (0.013)  Data Time:  0.004 (0.005)
2022-03-31 10:43:46,954:INFO:   Eta: 0:05:52
2022-03-31 10:43:52,804:INFO: Valid: [238][604/605]  Loss -8.2406 (-5.0781)
2022-03-31 10:44:19,753:INFO: Train: [239][2321/2322]  Loss -0.2196 (-1.6481)  Time:  0.087 (0.012)  Data Time:  0.003 (0.004)
2022-03-31 10:44:19,755:INFO:   Eta: 0:04:56
2022-03-31 10:44:25,240:INFO: Valid: [239][604/605]  Loss -8.1984 (-4.9821)
2022-03-31 10:44:58,168:INFO: Train: [240][2321/2322]  Loss -0.2171 (-1.7630)  Time:  0.116 (0.014)  Data Time:  0.004 (0.005)
2022-03-31 10:44:58,175:INFO:   Eta: 0:05:28
2022-03-31 10:45:03,990:INFO: Valid: [240][604/605]  Loss -8.4346 (-5.1711)
2022-03-31 10:45:30,358:INFO: Train: [241][2321/2322]  Loss -0.2631 (-1.7443)  Time:  0.093 (0.011)  Data Time:  0.003 (0.004)
2022-03-31 10:45:30,359:INFO:   Eta: 0:03:57
2022-03-31 10:45:36,196:INFO: Valid: [241][604/605]  Loss -7.3283 (-4.4045)
2022-03-31 10:46:01,824:INFO: Train: [242][2321/2322]  Loss -0.2379 (-1.5706)  Time:  0.074 (0.011)  Data Time:  0.002 (0.004)
2022-03-31 10:46:01,868:INFO:   Eta: 0:03:24
2022-03-31 10:46:07,551:INFO: Valid: [242][604/605]  Loss -8.1846 (-5.0075)
2022-03-31 10:46:29,773:INFO: Train: [243][2321/2322]  Loss -0.2096 (-1.7196)  Time:  0.078 (0.010)  Data Time:  0.002 (0.003)
2022-03-31 10:46:29,774:INFO:   Eta: 0:02:35
2022-03-31 10:46:35,546:INFO: Valid: [243][604/605]  Loss -8.3714 (-5.1015)
2022-03-31 10:46:58,765:INFO: Train: [244][2321/2322]  Loss -0.2378 (-1.7934)  Time:  0.088 (0.010)  Data Time:  0.004 (0.003)
2022-03-31 10:46:58,862:INFO:   Eta: 0:02:19
2022-03-31 10:47:04,648:INFO: Valid: [244][604/605]  Loss -7.7067 (-4.6608)
2022-03-31 10:47:29,639:INFO: Train: [245][2321/2322]  Loss -0.2032 (-1.7409)  Time:  0.080 (0.011)  Data Time:  0.004 (0.003)
2022-03-31 10:47:29,640:INFO:   Eta: 0:02:04
2022-03-31 10:47:35,046:INFO: Valid: [245][604/605]  Loss -7.9517 (-4.8927)
2022-03-31 10:48:00,109:INFO: Train: [246][2321/2322]  Loss -0.2552 (-1.7285)  Time:  0.083 (0.011)  Data Time:  0.004 (0.003)
2022-03-31 10:48:00,110:INFO:   Eta: 0:01:40
2022-03-31 10:48:05,629:INFO: Valid: [246][604/605]  Loss -8.1715 (-5.0352)
2022-03-31 10:48:25,137:INFO: Test: [246]  ADE: 0.4206  FDE: 0.7494
2022-03-31 10:48:49,194:INFO: Train: [247][2321/2322]  Loss -0.2359 (-1.6695)  Time:  0.083 (0.010)  Data Time:  0.003 (0.003)
2022-03-31 10:48:49,195:INFO:   Eta: 0:01:12
2022-03-31 10:48:54,736:INFO: Valid: [247][604/605]  Loss -8.3045 (-5.1259)
2022-03-31 10:49:19,700:INFO: Train: [248][2321/2322]  Loss -0.2097 (-1.7493)  Time:  0.095 (0.011)  Data Time:  0.003 (0.003)
2022-03-31 10:49:19,701:INFO:   Eta: 0:00:49
2022-03-31 10:49:25,191:INFO: Valid: [248][604/605]  Loss -7.8033 (-4.7634)
2022-03-31 10:49:49,967:INFO: Train: [249][2321/2322]  Loss -0.2735 (-1.7547)  Time:  0.091 (0.011)  Data Time:  0.003 (0.003)
2022-03-31 10:49:49,969:INFO:   Eta: 0:00:24
2022-03-31 10:49:55,620:INFO: Valid: [249][604/605]  Loss -7.7923 (-4.6813)
