2022-05-13 14:32:51,179:INFO: batch_size=128
2022-05-13 14:32:51,180:INFO: clip_grad=None
2022-05-13 14:32:51,180:INFO: dataset=hotel
2022-05-13 14:32:51,180:INFO: dict_kernel_size=3
2022-05-13 14:32:51,180:INFO: drop=0.0
2022-05-13 14:32:51,180:INFO: gpu_num=1
2022-05-13 14:32:51,180:INFO: ilr=0.025
2022-05-13 14:32:51,180:INFO: init=kmeans
2022-05-13 14:32:51,180:INFO: input_size=2
2022-05-13 14:32:51,180:INFO: kernel_size=3
2022-05-13 14:32:51,180:INFO: log_dir=./runs/9-2.5xlr
2022-05-13 14:32:51,180:INFO: lr=0.01
2022-05-13 14:32:51,180:INFO: lr_sh_rate=150
2022-05-13 14:32:51,180:INFO: model=social_stgcnn9
2022-05-13 14:32:51,180:INFO: n_stgcnn=1
2022-05-13 14:32:51,180:INFO: n_txpcnn=5
2022-05-13 14:32:51,180:INFO: name=9-2.5xlr
2022-05-13 14:32:51,180:INFO: num_epochs=250
2022-05-13 14:32:51,180:INFO: obs_seq_len=8
2022-05-13 14:32:51,180:INFO: output_size=5
2022-05-13 14:32:51,180:INFO: pred_seq_len=12
2022-05-13 14:32:51,181:INFO: seed=0
2022-05-13 14:32:51,181:INFO: tag=hotel
2022-05-13 14:32:51,181:INFO: use_lrschd=True
2022-05-13 14:32:51,181:INFO: ******************************
2022-05-13 14:32:51,181:INFO: Training initiating....
2022-05-13 14:32:51,181:INFO: Namespace(model='social_stgcnn9', name='9-2.5xlr', input_size=2, output_size=5, n_stgcnn=1, n_txpcnn=5, kernel_size=3, obs_seq_len=8, pred_seq_len=12, dataset='hotel', batch_size=128, num_epochs=250, clip_grad=None, lr=0.01, ilr=0.025, lr_sh_rate=150, use_lrschd=True, tag='hotel', log_dir='./runs/9-2.5xlr', seed=0, gpu_num='1', drop=0.0, init='kmeans', dict_kernel_size=3)
2022-05-13 14:32:51,364:INFO: Initializing train dataset
2022-05-13 14:33:13,923:INFO: Initializing val dataset
2022-05-13 14:33:31,676:INFO: social_stgcnn9
2022-05-13 14:33:31,677:INFO: 0.01
2022-05-13 14:33:31,677:INFO: 0.01
2022-05-13 14:33:31,677:INFO: 0.01
2022-05-13 14:33:31,677:INFO: 0.025
2022-05-13 14:33:31,677:INFO: Data and model loaded
2022-05-13 14:33:31,677:INFO: Checkpoint dir: ./runs/9-2.5xlr/hotel/checkpoint
2022-05-13 14:33:31,677:INFO: Training started ...
2022-05-13 14:34:28,241:INFO: Train: [0][2593/2594]  Loss 0.2283 (1.3304)  Time:  0.579 (0.022)  Data Time:  0.019 (0.006)
2022-05-13 14:34:28,242:INFO:   Eta: 3:55:36
2022-05-13 14:35:59,740:INFO: Train: [1][2593/2594]  Loss 0.1653 (0.6433)  Time:  0.212 (0.035)  Data Time:  0.000 (0.014)
2022-05-13 14:35:59,741:INFO:   Eta: 6:19:13
2022-05-13 14:37:06,650:INFO: Train: [2][2593/2594]  Loss 0.0116 (0.4162)  Time:  0.302 (0.026)  Data Time:  0.000 (0.008)
2022-05-13 14:37:06,651:INFO:   Eta: 4:35:34
2022-05-13 14:38:13,355:INFO: Train: [3][2593/2594]  Loss 0.0020 (0.4326)  Time:  0.510 (0.026)  Data Time:  0.022 (0.008)
2022-05-13 14:38:13,357:INFO:   Eta: 4:34:01
2022-05-13 14:39:40,307:INFO: Train: [4][2593/2594]  Loss -0.0253 (0.1398)  Time:  0.576 (0.033)  Data Time:  0.021 (0.013)
2022-05-13 14:39:40,308:INFO:   Eta: 5:55:58
2022-05-13 14:41:24,937:INFO: Train: [5][2593/2594]  Loss 0.1323 (0.0947)  Time:  0.578 (0.040)  Data Time:  0.020 (0.018)
2022-05-13 14:41:24,938:INFO:   Eta: 7:06:46
2022-05-13 14:43:10,968:INFO: Train: [6][2593/2594]  Loss -0.0491 (-0.1221)  Time:  0.621 (0.041)  Data Time:  0.016 (0.018)
2022-05-13 14:43:10,969:INFO:   Eta: 7:10:38
2022-05-13 14:44:53,107:INFO: Train: [7][2593/2594]  Loss 0.1811 (-0.2803)  Time:  0.531 (0.039)  Data Time:  0.017 (0.017)
2022-05-13 14:44:53,108:INFO:   Eta: 6:53:09
2022-05-13 14:46:23,637:INFO: Train: [8][2593/2594]  Loss -0.0682 (-0.0926)  Time:  0.575 (0.035)  Data Time:  0.022 (0.014)
2022-05-13 14:46:23,638:INFO:   Eta: 6:04:44
2022-05-13 14:47:12,963:INFO: Train: [9][2593/2594]  Loss -0.1433 (-0.2669)  Time:  0.147 (0.019)  Data Time:  0.000 (0.006)
2022-05-13 14:47:12,963:INFO:   Eta: 3:17:41
2022-05-13 14:48:42,538:INFO: Train: [10][2593/2594]  Loss -0.0536 (-0.4995)  Time:  0.535 (0.034)  Data Time:  0.020 (0.015)
2022-05-13 14:48:42,539:INFO:   Eta: 5:57:51
2022-05-13 14:50:20,560:INFO: Train: [11][2593/2594]  Loss -0.1916 (-0.4753)  Time:  0.558 (0.038)  Data Time:  0.021 (0.017)
2022-05-13 14:50:20,561:INFO:   Eta: 6:29:59
2022-05-13 14:51:58,683:INFO: Train: [12][2593/2594]  Loss -0.1738 (-0.5572)  Time:  0.572 (0.038)  Data Time:  0.001 (0.017)
2022-05-13 14:51:58,684:INFO:   Eta: 6:28:43
2022-05-13 14:53:38,541:INFO: Train: [13][2593/2594]  Loss -0.1801 (-0.4166)  Time:  0.560 (0.038)  Data Time:  0.021 (0.017)
2022-05-13 14:53:38,543:INFO:   Eta: 6:33:58
2022-05-13 14:55:17,193:INFO: Train: [14][2593/2594]  Loss -0.1974 (-0.5782)  Time:  0.561 (0.038)  Data Time:  0.021 (0.017)
2022-05-13 14:55:17,195:INFO:   Eta: 6:27:34
2022-05-13 14:56:51,418:INFO: Train: [15][2593/2594]  Loss -0.2439 (-0.5650)  Time:  0.384 (0.036)  Data Time:  0.000 (0.016)
2022-05-13 14:56:51,419:INFO:   Eta: 6:08:35
2022-05-13 14:58:09,645:INFO: Train: [16][2593/2594]  Loss -0.0444 (-0.6404)  Time:  0.561 (0.030)  Data Time:  0.018 (0.012)
2022-05-13 14:58:09,686:INFO:   Eta: 5:03:10
2022-05-13 14:59:33,788:INFO: Train: [17][2593/2594]  Loss -0.1856 (-0.6019)  Time:  0.214 (0.032)  Data Time:  0.000 (0.013)
2022-05-13 14:59:33,789:INFO:   Eta: 5:26:05
2022-05-13 15:00:29,572:INFO: Train: [18][2593/2594]  Loss -0.2222 (-0.7258)  Time:  0.169 (0.021)  Data Time:  0.000 (0.005)
2022-05-13 15:00:29,573:INFO:   Eta: 3:35:14
2022-05-13 15:01:25,357:INFO: Train: [19][2593/2594]  Loss -0.1545 (-0.7231)  Time:  0.155 (0.021)  Data Time:  0.000 (0.007)
2022-05-13 15:01:25,358:INFO:   Eta: 3:34:17
2022-05-13 15:02:41,949:INFO: Train: [20][2593/2594]  Loss -0.1364 (-0.7171)  Time:  0.537 (0.029)  Data Time:  0.006 (0.011)
2022-05-13 15:02:41,950:INFO:   Eta: 4:53:06
2022-05-13 15:04:17,572:INFO: Train: [21][2593/2594]  Loss -0.2339 (-0.8125)  Time:  0.510 (0.037)  Data Time:  0.022 (0.016)
2022-05-13 15:04:17,573:INFO:   Eta: 6:04:31
2022-05-13 15:05:52,416:INFO: Train: [22][2593/2594]  Loss -0.2347 (-0.7999)  Time:  0.480 (0.037)  Data Time:  0.020 (0.016)
2022-05-13 15:05:52,416:INFO:   Eta: 5:59:58
2022-05-13 15:07:30,257:INFO: Train: [23][2593/2594]  Loss -0.2787 (-0.8283)  Time:  0.591 (0.038)  Data Time:  0.022 (0.017)
2022-05-13 15:07:30,259:INFO:   Eta: 6:09:33
2022-05-13 15:09:04,867:INFO: Train: [24][2593/2594]  Loss -0.2858 (-0.8481)  Time:  0.554 (0.036)  Data Time:  0.021 (0.016)
2022-05-13 15:09:04,868:INFO:   Eta: 5:55:47
2022-05-13 15:10:42,931:INFO: Train: [25][2593/2594]  Loss -0.2621 (-0.8574)  Time:  0.513 (0.038)  Data Time:  0.022 (0.016)
2022-05-13 15:10:42,933:INFO:   Eta: 6:06:44
2022-05-13 15:12:18,841:INFO: Train: [26][2593/2594]  Loss -0.2043 (-0.8657)  Time:  0.586 (0.037)  Data Time:  0.023 (0.016)
2022-05-13 15:12:18,842:INFO:   Eta: 5:57:39
2022-05-13 15:13:54,526:INFO: Train: [27][2593/2594]  Loss -0.2918 (-0.8824)  Time:  0.569 (0.037)  Data Time:  0.021 (0.016)
2022-05-13 15:13:54,526:INFO:   Eta: 5:55:12
2022-05-13 15:15:30,973:INFO: Train: [28][2593/2594]  Loss -0.2671 (-0.9690)  Time:  0.580 (0.037)  Data Time:  0.020 (0.016)
2022-05-13 15:15:30,974:INFO:   Eta: 5:56:25
2022-05-13 15:16:37,153:INFO: Train: [29][2593/2594]  Loss -0.2106 (-0.9500)  Time:  0.213 (0.025)  Data Time:  0.000 (0.010)
2022-05-13 15:16:37,154:INFO:   Eta: 4:03:17
2022-05-13 15:17:37,573:INFO: Train: [30][2593/2594]  Loss -0.3042 (-0.8272)  Time:  0.564 (0.023)  Data Time:  0.000 (0.008)
2022-05-13 15:17:37,575:INFO:   Eta: 3:41:02
2022-05-13 15:18:41,818:INFO: Train: [31][2593/2594]  Loss -0.2565 (-0.9584)  Time:  0.405 (0.025)  Data Time:  0.000 (0.008)
2022-05-13 15:18:41,819:INFO:   Eta: 3:53:57
2022-05-13 15:20:09,327:INFO: Train: [32][2593/2594]  Loss -0.2823 (-0.9161)  Time:  0.633 (0.034)  Data Time:  0.021 (0.013)
2022-05-13 15:20:09,328:INFO:   Eta: 5:17:17
2022-05-13 15:21:53,050:INFO: Train: [33][2593/2594]  Loss -0.2727 (-0.9881)  Time:  0.589 (0.040)  Data Time:  0.021 (0.018)
2022-05-13 15:21:53,051:INFO:   Eta: 6:14:37
2022-05-13 15:23:35,576:INFO: Train: [34][2593/2594]  Loss -0.3169 (-0.9918)  Time:  0.529 (0.039)  Data Time:  0.011 (0.017)
2022-05-13 15:23:35,578:INFO:   Eta: 6:08:39
2022-05-13 15:25:17,605:INFO: Train: [35][2593/2594]  Loss -0.2669 (-0.8852)  Time:  0.543 (0.039)  Data Time:  0.021 (0.017)
2022-05-13 15:25:17,606:INFO:   Eta: 6:05:08
2022-05-13 15:27:01,908:INFO: Train: [36][2593/2594]  Loss -0.3511 (-1.0463)  Time:  0.512 (0.040)  Data Time:  0.001 (0.018)
2022-05-13 15:27:01,909:INFO:   Eta: 6:11:29
2022-05-13 15:28:45,599:INFO: Train: [37][2593/2594]  Loss -0.3189 (-1.1176)  Time:  0.500 (0.040)  Data Time:  0.014 (0.018)
2022-05-13 15:28:45,600:INFO:   Eta: 6:07:24
2022-05-13 15:30:06,019:INFO: Train: [38][2593/2594]  Loss -0.3600 (-0.9590)  Time:  0.157 (0.031)  Data Time:  0.000 (0.013)
2022-05-13 15:30:06,019:INFO:   Eta: 4:43:40
2022-05-13 15:31:10,482:INFO: Train: [39][2593/2594]  Loss -0.2857 (-1.1014)  Time:  0.554 (0.025)  Data Time:  0.022 (0.009)
2022-05-13 15:31:10,483:INFO:   Eta: 3:46:15
2022-05-13 15:32:45,827:INFO: Train: [40][2593/2594]  Loss -0.3502 (-1.0213)  Time:  0.566 (0.037)  Data Time:  0.020 (0.016)
2022-05-13 15:32:45,828:INFO:   Eta: 5:33:17
2022-05-13 15:34:11,871:INFO: Train: [41][2593/2594]  Loss -0.2961 (-1.0170)  Time:  0.259 (0.033)  Data Time:  0.022 (0.014)
2022-05-13 15:34:11,872:INFO:   Eta: 4:59:19
2022-05-13 15:35:02,871:INFO: Train: [42][2593/2594]  Loss -0.3347 (-1.0192)  Time:  0.521 (0.020)  Data Time:  0.001 (0.004)
2022-05-13 15:35:02,872:INFO:   Eta: 2:56:24
2022-05-13 15:35:54,193:INFO: Train: [43][2593/2594]  Loss -0.2495 (-1.0156)  Time:  0.258 (0.020)  Data Time:  0.022 (0.005)
2022-05-13 15:35:54,194:INFO:   Eta: 2:56:41
2022-05-13 15:37:26,447:INFO: Train: [44][2593/2594]  Loss -0.3034 (-0.9932)  Time:  0.486 (0.036)  Data Time:  0.002 (0.015)
2022-05-13 15:37:26,449:INFO:   Eta: 5:16:16
2022-05-13 15:39:01,917:INFO: Train: [45][2593/2594]  Loss -0.3263 (-1.1118)  Time:  0.412 (0.037)  Data Time:  0.000 (0.016)
2022-05-13 15:39:01,918:INFO:   Eta: 5:25:43
2022-05-13 15:40:40,736:INFO: Train: [46][2593/2594]  Loss -0.3839 (-1.0977)  Time:  0.600 (0.038)  Data Time:  0.021 (0.017)
2022-05-13 15:40:40,736:INFO:   Eta: 5:35:07
2022-05-13 15:42:16,377:INFO: Train: [47][2593/2594]  Loss -0.3435 (-1.1467)  Time:  0.546 (0.037)  Data Time:  0.021 (0.016)
2022-05-13 15:42:16,378:INFO:   Eta: 5:21:32
2022-05-13 15:43:51,120:INFO: Train: [48][2593/2594]  Loss -0.3084 (-1.1342)  Time:  0.613 (0.036)  Data Time:  0.021 (0.016)
2022-05-13 15:43:51,121:INFO:   Eta: 5:17:45
2022-05-13 15:44:59,808:INFO: Train: [49][2593/2594]  Loss -0.3057 (-1.1686)  Time:  0.179 (0.026)  Data Time:  0.000 (0.010)
2022-05-13 15:44:59,809:INFO:   Eta: 3:49:41
2022-05-13 15:46:09,481:INFO: Train: [50][2593/2594]  Loss -0.3539 (-1.2146)  Time:  0.549 (0.027)  Data Time:  0.009 (0.010)
2022-05-13 15:46:09,483:INFO:   Eta: 3:51:54
2022-05-13 15:47:52,040:INFO: Train: [51][2593/2594]  Loss -0.2659 (-1.2017)  Time:  0.517 (0.039)  Data Time:  0.021 (0.017)
2022-05-13 15:47:52,041:INFO:   Eta: 5:39:44
2022-05-13 15:49:23,640:INFO: Train: [52][2593/2594]  Loss -0.3472 (-1.1538)  Time:  0.628 (0.035)  Data Time:  0.001 (0.015)
2022-05-13 15:49:23,642:INFO:   Eta: 5:01:51
2022-05-13 15:51:03,067:INFO: Train: [53][2593/2594]  Loss -0.3327 (-1.1797)  Time:  0.535 (0.038)  Data Time:  0.001 (0.017)
2022-05-13 15:51:03,069:INFO:   Eta: 5:26:03
2022-05-13 15:52:46,500:INFO: Train: [54][2593/2594]  Loss -0.2895 (-1.2111)  Time:  0.479 (0.040)  Data Time:  0.001 (0.018)
2022-05-13 15:52:46,501:INFO:   Eta: 5:37:26
2022-05-13 15:54:29,163:INFO: Train: [55][2593/2594]  Loss -0.3540 (-1.2214)  Time:  0.538 (0.040)  Data Time:  0.023 (0.017)
2022-05-13 15:54:29,165:INFO:   Eta: 5:33:03
2022-05-13 15:56:12,647:INFO: Train: [56][2593/2594]  Loss -0.2572 (-1.1416)  Time:  0.603 (0.040)  Data Time:  0.001 (0.018)
2022-05-13 15:56:12,649:INFO:   Eta: 5:34:12
2022-05-13 15:57:56,197:INFO: Train: [57][2593/2594]  Loss -0.3063 (-1.2684)  Time:  0.667 (0.040)  Data Time:  0.001 (0.018)
2022-05-13 15:57:56,198:INFO:   Eta: 5:32:41
2022-05-13 15:58:44,484:INFO: Train: [58][2593/2594]  Loss -0.3049 (-1.2134)  Time:  0.515 (0.019)  Data Time:  0.000 (0.005)
2022-05-13 15:58:44,495:INFO:   Eta: 2:34:11
2022-05-13 16:00:22,495:INFO: Train: [59][2593/2594]  Loss -0.3189 (-1.2367)  Time:  0.479 (0.038)  Data Time:  0.022 (0.017)
2022-05-13 16:00:22,496:INFO:   Eta: 5:11:36
2022-05-13 16:01:52,095:INFO: Train: [60][2593/2594]  Loss -0.2773 (-1.2057)  Time:  0.603 (0.034)  Data Time:  0.021 (0.015)
2022-05-13 16:01:52,096:INFO:   Eta: 4:43:19
2022-05-13 16:03:31,105:INFO: Train: [61][2593/2594]  Loss -0.3787 (-1.2558)  Time:  0.588 (0.038)  Data Time:  0.000 (0.017)
2022-05-13 16:03:31,106:INFO:   Eta: 5:11:27
2022-05-13 16:05:09,821:INFO: Train: [62][2593/2594]  Loss -0.2743 (-1.3615)  Time:  0.575 (0.038)  Data Time:  0.020 (0.017)
2022-05-13 16:05:09,822:INFO:   Eta: 5:08:50
2022-05-13 16:06:48,916:INFO: Train: [63][2593/2594]  Loss -0.3732 (-1.3323)  Time:  0.533 (0.038)  Data Time:  0.002 (0.017)
2022-05-13 16:06:48,917:INFO:   Eta: 5:08:26
2022-05-13 16:08:17,824:INFO: Train: [64][2593/2594]  Loss -0.3074 (-1.2966)  Time:  0.514 (0.034)  Data Time:  0.001 (0.015)
2022-05-13 16:08:17,825:INFO:   Eta: 4:35:15
2022-05-13 16:09:22,726:INFO: Train: [65][2593/2594]  Loss -0.2854 (-1.3012)  Time:  0.573 (0.025)  Data Time:  0.023 (0.009)
2022-05-13 16:09:22,727:INFO:   Eta: 3:19:44
2022-05-13 16:10:54,092:INFO: Train: [66][2593/2594]  Loss -0.3749 (-1.2489)  Time:  0.554 (0.035)  Data Time:  0.021 (0.015)
2022-05-13 16:10:54,093:INFO:   Eta: 4:39:52
2022-05-13 16:11:48,318:INFO: Train: [67][2593/2594]  Loss -0.3370 (-1.3199)  Time:  0.174 (0.021)  Data Time:  0.000 (0.006)
2022-05-13 16:11:48,320:INFO:   Eta: 2:45:02
2022-05-13 16:12:54,366:INFO: Train: [68][2593/2594]  Loss -0.3287 (-1.3100)  Time:  0.148 (0.025)  Data Time:  0.000 (0.010)
2022-05-13 16:12:54,368:INFO:   Eta: 3:19:52
2022-05-13 16:13:43,823:INFO: Train: [69][2593/2594]  Loss -0.3659 (-1.1320)  Time:  0.168 (0.019)  Data Time:  0.000 (0.005)
2022-05-13 16:13:43,825:INFO:   Eta: 2:28:49
2022-05-13 16:14:48,658:INFO: Train: [70][2593/2594]  Loss -0.3458 (-1.2628)  Time:  0.226 (0.025)  Data Time:  0.000 (0.008)
2022-05-13 16:14:48,659:INFO:   Eta: 3:14:08
2022-05-13 16:15:58,958:INFO: Train: [71][2593/2594]  Loss -0.3106 (-1.3500)  Time:  0.477 (0.027)  Data Time:  0.007 (0.009)
2022-05-13 16:15:58,960:INFO:   Eta: 3:29:21
2022-05-13 16:17:37,113:INFO: Train: [72][2593/2594]  Loss -0.3614 (-1.3060)  Time:  0.624 (0.038)  Data Time:  0.021 (0.016)
2022-05-13 16:17:37,113:INFO:   Eta: 4:50:46
2022-05-13 16:19:20,568:INFO: Train: [73][2593/2594]  Loss -0.3685 (-1.3401)  Time:  0.520 (0.040)  Data Time:  0.021 (0.018)
2022-05-13 16:19:20,570:INFO:   Eta: 5:04:50
2022-05-13 16:21:03,287:INFO: Train: [74][2593/2594]  Loss -0.2779 (-1.2991)  Time:  0.516 (0.040)  Data Time:  0.021 (0.017)
2022-05-13 16:21:03,288:INFO:   Eta: 5:00:56
2022-05-13 16:22:44,039:INFO: Train: [75][2593/2594]  Loss -0.3695 (-1.4215)  Time:  0.607 (0.039)  Data Time:  0.018 (0.017)
2022-05-13 16:22:44,041:INFO:   Eta: 4:53:29
2022-05-13 16:24:26,888:INFO: Train: [76][2593/2594]  Loss -0.4424 (-1.3222)  Time:  0.542 (0.040)  Data Time:  0.015 (0.018)
2022-05-13 16:24:26,889:INFO:   Eta: 4:57:52
2022-05-13 16:26:10,017:INFO: Train: [77][2593/2594]  Loss -0.2852 (-1.3251)  Time:  0.577 (0.040)  Data Time:  0.020 (0.018)
2022-05-13 16:26:10,018:INFO:   Eta: 4:57:02
2022-05-13 16:26:47,486:INFO: Train: [78][2593/2594]  Loss -0.3978 (-1.3508)  Time:  0.166 (0.014)  Data Time:  0.000 (0.003)
2022-05-13 16:26:47,487:INFO:   Eta: 1:47:01
2022-05-13 16:27:55,708:INFO: Train: [79][2593/2594]  Loss -0.3567 (-1.3255)  Time:  0.442 (0.026)  Data Time:  0.002 (0.009)
2022-05-13 16:27:55,710:INFO:   Eta: 3:14:04
2022-05-13 16:29:21,468:INFO: Train: [80][2593/2594]  Loss -0.3731 (-1.2778)  Time:  0.220 (0.033)  Data Time:  0.000 (0.013)
2022-05-13 16:29:21,469:INFO:   Eta: 4:02:37
2022-05-13 16:30:33,806:INFO: Train: [81][2593/2594]  Loss -0.3396 (-1.3362)  Time:  0.563 (0.028)  Data Time:  0.021 (0.010)
2022-05-13 16:30:33,807:INFO:   Eta: 3:23:25
2022-05-13 16:31:34,969:INFO: Train: [82][2593/2594]  Loss -0.3537 (-1.3969)  Time:  0.413 (0.024)  Data Time:  0.001 (0.009)
2022-05-13 16:31:34,970:INFO:   Eta: 2:50:55
2022-05-13 16:32:35,508:INFO: Train: [83][2593/2594]  Loss -0.3520 (-1.4141)  Time:  0.549 (0.023)  Data Time:  0.021 (0.006)
2022-05-13 16:32:35,509:INFO:   Eta: 2:48:09
2022-05-13 16:33:38,555:INFO: Train: [84][2593/2594]  Loss -0.3525 (-1.4213)  Time:  0.574 (0.024)  Data Time:  0.018 (0.009)
2022-05-13 16:33:38,556:INFO:   Eta: 2:54:03
2022-05-13 16:34:38,840:INFO: Train: [85][2593/2594]  Loss -0.3668 (-1.4304)  Time:  0.524 (0.023)  Data Time:  0.022 (0.007)
2022-05-13 16:34:38,841:INFO:   Eta: 2:45:17
2022-05-13 16:36:04,607:INFO: Train: [86][2593/2594]  Loss -0.3679 (-1.3910)  Time:  0.583 (0.033)  Data Time:  0.022 (0.014)
2022-05-13 16:36:04,608:INFO:   Eta: 3:52:27
2022-05-13 16:37:42,430:INFO: Train: [87][2593/2594]  Loss -0.3710 (-1.4116)  Time:  0.495 (0.038)  Data Time:  0.016 (0.017)
2022-05-13 16:37:42,431:INFO:   Eta: 4:25:24
2022-05-13 16:39:20,883:INFO: Train: [88][2593/2594]  Loss -0.3630 (-1.3882)  Time:  0.578 (0.038)  Data Time:  0.011 (0.017)
2022-05-13 16:39:20,885:INFO:   Eta: 4:25:26
2022-05-13 16:40:40,353:INFO: Train: [89][2593/2594]  Loss -0.3320 (-1.3959)  Time:  0.159 (0.031)  Data Time:  0.000 (0.013)
2022-05-13 16:40:40,355:INFO:   Eta: 3:32:56
2022-05-13 16:41:22,537:INFO: Train: [90][2593/2594]  Loss -0.3534 (-1.4303)  Time:  0.163 (0.016)  Data Time:  0.000 (0.003)
2022-05-13 16:41:22,538:INFO:   Eta: 1:51:54
2022-05-13 16:42:41,406:INFO: Train: [91][2593/2594]  Loss -0.3809 (-1.4226)  Time:  0.518 (0.030)  Data Time:  0.021 (0.011)
2022-05-13 16:42:41,407:INFO:   Eta: 3:28:40
2022-05-13 16:44:32,758:INFO: Train: [92][2593/2594]  Loss -0.3943 (-1.4266)  Time:  0.547 (0.043)  Data Time:  0.022 (0.018)
2022-05-13 16:44:32,760:INFO:   Eta: 4:52:37
2022-05-13 16:45:56,886:INFO: Train: [93][2593/2594]  Loss -0.4384 (-1.4038)  Time:  0.546 (0.032)  Data Time:  0.001 (0.012)
2022-05-13 16:45:56,887:INFO:   Eta: 3:39:44
2022-05-13 16:47:46,553:INFO: Train: [94][2593/2594]  Loss -0.3505 (-1.4529)  Time:  0.608 (0.042)  Data Time:  0.005 (0.018)
2022-05-13 16:47:46,554:INFO:   Eta: 4:44:43
2022-05-13 16:49:36,671:INFO: Train: [95][2593/2594]  Loss -0.2853 (-1.4316)  Time:  0.590 (0.042)  Data Time:  0.018 (0.018)
2022-05-13 16:49:36,673:INFO:   Eta: 4:44:06
2022-05-13 16:51:27,552:INFO: Train: [96][2593/2594]  Loss -0.3965 (-1.4399)  Time:  0.599 (0.043)  Data Time:  0.021 (0.019)
2022-05-13 16:51:27,553:INFO:   Eta: 4:44:11
2022-05-13 16:53:17,414:INFO: Train: [97][2593/2594]  Loss -0.4217 (-1.4314)  Time:  0.639 (0.042)  Data Time:  0.023 (0.018)
2022-05-13 16:53:17,416:INFO:   Eta: 4:39:52
2022-05-13 16:54:43,287:INFO: Train: [98][2593/2594]  Loss -0.4422 (-1.4120)  Time:  0.173 (0.033)  Data Time:  0.000 (0.013)
2022-05-13 16:54:43,288:INFO:   Eta: 3:37:12
2022-05-13 16:55:42,897:INFO: Train: [99][2593/2594]  Loss -0.3511 (-1.4035)  Time:  0.384 (0.023)  Data Time:  0.021 (0.008)
2022-05-13 16:55:42,899:INFO:   Eta: 2:29:39
2022-05-13 16:57:00,032:INFO: Train: [100][2593/2594]  Loss -0.3396 (-1.4981)  Time:  0.461 (0.030)  Data Time:  0.022 (0.013)
2022-05-13 16:57:00,033:INFO:   Eta: 3:12:30
2022-05-13 16:57:57,347:INFO: Train: [101][2593/2594]  Loss -0.3549 (-1.4741)  Time:  0.416 (0.022)  Data Time:  0.002 (0.005)
2022-05-13 16:57:57,348:INFO:   Eta: 2:22:04
2022-05-13 16:59:01,384:INFO: Train: [102][2593/2594]  Loss -0.3738 (-1.4443)  Time:  0.570 (0.025)  Data Time:  0.013 (0.007)
2022-05-13 16:59:01,386:INFO:   Eta: 2:37:34
2022-05-13 17:00:29,516:INFO: Train: [103][2593/2594]  Loss -0.4320 (-1.3447)  Time:  0.536 (0.034)  Data Time:  0.021 (0.015)
2022-05-13 17:00:29,518:INFO:   Eta: 3:35:37
2022-05-13 17:01:38,256:INFO: Train: [104][2593/2594]  Loss -0.3891 (-1.4565)  Time:  0.155 (0.026)  Data Time:  0.000 (0.009)
2022-05-13 17:01:38,257:INFO:   Eta: 2:46:42
2022-05-13 17:02:34,907:INFO: Train: [105][2593/2594]  Loss -0.4862 (-1.4565)  Time:  0.477 (0.022)  Data Time:  0.022 (0.006)
2022-05-13 17:02:34,909:INFO:   Eta: 2:16:38
2022-05-13 17:03:36,293:INFO: Train: [106][2593/2594]  Loss -0.3873 (-1.4808)  Time:  0.579 (0.024)  Data Time:  0.021 (0.008)
2022-05-13 17:03:36,294:INFO:   Eta: 2:27:02
2022-05-13 17:05:16,826:INFO: Train: [107][2593/2594]  Loss -0.4023 (-1.5035)  Time:  0.565 (0.039)  Data Time:  0.023 (0.017)
2022-05-13 17:05:16,829:INFO:   Eta: 3:59:15
2022-05-13 17:06:50,837:INFO: Train: [108][2593/2594]  Loss -0.3427 (-1.4864)  Time:  0.546 (0.036)  Data Time:  0.018 (0.016)
2022-05-13 17:06:50,838:INFO:   Eta: 3:42:11
2022-05-13 17:08:00,027:INFO: Train: [109][2593/2594]  Loss -0.4092 (-1.3809)  Time:  0.185 (0.027)  Data Time:  0.000 (0.009)
2022-05-13 17:08:00,028:INFO:   Eta: 2:42:16
2022-05-13 17:08:45,187:INFO: Train: [110][2593/2594]  Loss -0.3932 (-1.4853)  Time:  0.185 (0.017)  Data Time:  0.000 (0.005)
2022-05-13 17:08:45,189:INFO:   Eta: 1:45:06
2022-05-13 17:09:57,102:INFO: Train: [111][2593/2594]  Loss -0.4718 (-1.5076)  Time:  0.530 (0.028)  Data Time:  0.008 (0.010)
2022-05-13 17:09:57,104:INFO:   Eta: 2:46:20
2022-05-13 17:11:38,191:INFO: Train: [112][2593/2594]  Loss -0.3078 (-1.5196)  Time:  0.546 (0.039)  Data Time:  0.000 (0.018)
2022-05-13 17:11:38,192:INFO:   Eta: 3:52:12
2022-05-13 17:13:16,886:INFO: Train: [113][2593/2594]  Loss -0.4534 (-1.3699)  Time:  0.517 (0.038)  Data Time:  0.021 (0.017)
2022-05-13 17:13:16,888:INFO:   Eta: 3:45:05
2022-05-13 17:14:57,560:INFO: Train: [114][2593/2594]  Loss -0.4379 (-1.5014)  Time:  0.525 (0.039)  Data Time:  0.021 (0.018)
2022-05-13 17:14:57,562:INFO:   Eta: 3:47:53
2022-05-13 17:16:36,484:INFO: Train: [115][2593/2594]  Loss -0.3584 (-1.5165)  Time:  0.561 (0.038)  Data Time:  0.017 (0.017)
2022-05-13 17:16:36,485:INFO:   Eta: 3:42:18
2022-05-13 17:17:59,117:INFO: Train: [116][2593/2594]  Loss -0.3777 (-1.3969)  Time:  0.395 (0.032)  Data Time:  0.021 (0.013)
2022-05-13 17:17:59,118:INFO:   Eta: 3:04:15
2022-05-13 17:18:54,521:INFO: Train: [117][2593/2594]  Loss -0.4647 (-1.4064)  Time:  0.155 (0.021)  Data Time:  0.000 (0.005)
2022-05-13 17:18:54,909:INFO:   Eta: 2:01:53
2022-05-13 17:20:09,868:INFO: Train: [118][2593/2594]  Loss -0.3201 (-1.3832)  Time:  0.569 (0.028)  Data Time:  0.021 (0.010)
2022-05-13 17:20:09,869:INFO:   Eta: 2:41:04
2022-05-13 17:21:08,173:INFO: Train: [119][2593/2594]  Loss -0.3535 (-1.4978)  Time:  0.199 (0.022)  Data Time:  0.000 (0.006)
2022-05-13 17:21:08,174:INFO:   Eta: 2:06:12
2022-05-13 17:22:05,742:INFO: Train: [120][2593/2594]  Loss -0.4121 (-1.4542)  Time:  0.173 (0.022)  Data Time:  0.000 (0.006)
2022-05-13 17:22:05,742:INFO:   Eta: 2:03:57
2022-05-13 17:22:54,343:INFO: Train: [121][2593/2594]  Loss -0.3913 (-1.5101)  Time:  0.159 (0.019)  Data Time:  0.000 (0.006)
2022-05-13 17:22:54,389:INFO:   Eta: 1:44:11
2022-05-13 17:24:05,853:INFO: Train: [122][2593/2594]  Loss -0.4226 (-1.5315)  Time:  0.576 (0.027)  Data Time:  0.011 (0.010)
2022-05-13 17:24:05,853:INFO:   Eta: 2:32:10
2022-05-13 17:25:48,072:INFO: Train: [123][2593/2594]  Loss -0.3912 (-1.5119)  Time:  0.558 (0.039)  Data Time:  0.022 (0.017)
2022-05-13 17:25:48,074:INFO:   Eta: 3:35:40
2022-05-13 17:27:25,239:INFO: Train: [124][2593/2594]  Loss -0.4402 (-1.4737)  Time:  0.544 (0.037)  Data Time:  0.021 (0.016)
2022-05-13 17:27:25,239:INFO:   Eta: 3:23:44
2022-05-13 17:28:39,814:INFO: Train: [125][2593/2594]  Loss -0.3917 (-1.4970)  Time:  0.574 (0.029)  Data Time:  0.022 (0.010)
2022-05-13 17:28:39,815:INFO:   Eta: 2:35:08
2022-05-13 17:30:15,498:INFO: Train: [126][2593/2594]  Loss -0.3911 (-1.5953)  Time:  0.587 (0.037)  Data Time:  0.020 (0.016)
2022-05-13 17:30:15,499:INFO:   Eta: 3:17:30
2022-05-13 17:31:55,411:INFO: Train: [127][2593/2594]  Loss -0.4172 (-1.5339)  Time:  0.518 (0.038)  Data Time:  0.021 (0.017)
2022-05-13 17:31:55,412:INFO:   Eta: 3:24:34
2022-05-13 17:33:34,703:INFO: Train: [128][2593/2594]  Loss -0.4692 (-1.4903)  Time:  0.559 (0.038)  Data Time:  0.023 (0.017)
2022-05-13 17:33:34,705:INFO:   Eta: 3:21:37
2022-05-13 17:35:14,587:INFO: Train: [129][2593/2594]  Loss -0.4787 (-1.5886)  Time:  0.613 (0.038)  Data Time:  0.001 (0.017)
2022-05-13 17:35:14,588:INFO:   Eta: 3:21:11
2022-05-13 17:36:52,107:INFO: Train: [130][2593/2594]  Loss -0.4316 (-1.5167)  Time:  0.578 (0.038)  Data Time:  0.022 (0.017)
2022-05-13 17:36:52,108:INFO:   Eta: 3:14:46
2022-05-13 17:37:37,483:INFO: Train: [131][2593/2594]  Loss -0.4167 (-1.5324)  Time:  0.618 (0.017)  Data Time:  0.020 (0.004)
2022-05-13 17:37:37,484:INFO:   Eta: 1:29:45
2022-05-13 17:39:13,494:INFO: Train: [132][2593/2594]  Loss -0.4744 (-1.6264)  Time:  0.542 (0.037)  Data Time:  0.019 (0.016)
2022-05-13 17:39:13,495:INFO:   Eta: 3:07:48
2022-05-13 17:40:50,482:INFO: Train: [133][2593/2594]  Loss -0.4489 (-1.4063)  Time:  0.526 (0.037)  Data Time:  0.001 (0.016)
2022-05-13 17:40:50,484:INFO:   Eta: 3:08:52
2022-05-13 17:42:29,101:INFO: Train: [134][2593/2594]  Loss -0.4642 (-1.4579)  Time:  0.481 (0.038)  Data Time:  0.023 (0.017)
2022-05-13 17:42:29,104:INFO:   Eta: 3:10:20
2022-05-13 17:43:58,226:INFO: Train: [135][2593/2594]  Loss -0.4363 (-1.5221)  Time:  0.532 (0.034)  Data Time:  0.021 (0.015)
2022-05-13 17:43:58,227:INFO:   Eta: 2:50:35
2022-05-13 17:44:55,674:INFO: Train: [136][2593/2594]  Loss -0.3703 (-1.5295)  Time:  0.446 (0.022)  Data Time:  0.000 (0.006)
2022-05-13 17:44:55,675:INFO:   Eta: 1:48:03
2022-05-13 17:45:48,325:INFO: Train: [137][2593/2594]  Loss -0.4131 (-1.5403)  Time:  0.349 (0.020)  Data Time:  0.000 (0.004)
2022-05-13 17:45:48,328:INFO:   Eta: 1:38:56
2022-05-13 17:46:45,378:INFO: Train: [138][2593/2594]  Loss -0.4757 (-1.4662)  Time:  0.425 (0.022)  Data Time:  0.020 (0.008)
2022-05-13 17:46:45,379:INFO:   Eta: 1:46:14
2022-05-13 17:47:41,812:INFO: Train: [139][2593/2594]  Loss -0.3717 (-1.5878)  Time:  0.206 (0.022)  Data Time:  0.000 (0.007)
2022-05-13 17:47:41,812:INFO:   Eta: 1:44:09
2022-05-13 17:48:37,062:INFO: Train: [140][2593/2594]  Loss -0.3976 (-1.5505)  Time:  0.255 (0.021)  Data Time:  0.001 (0.006)
2022-05-13 17:48:37,063:INFO:   Eta: 1:41:04
2022-05-13 17:49:32,149:INFO: Train: [141][2593/2594]  Loss -0.3958 (-1.5907)  Time:  0.174 (0.021)  Data Time:  0.000 (0.005)
2022-05-13 17:49:32,149:INFO:   Eta: 1:39:13
2022-05-13 17:50:27,253:INFO: Train: [142][2593/2594]  Loss -0.4545 (-1.4757)  Time:  0.374 (0.021)  Data Time:  0.021 (0.005)
2022-05-13 17:50:27,254:INFO:   Eta: 1:38:53
2022-05-13 17:51:20,260:INFO: Train: [143][2593/2594]  Loss -0.2808 (-1.3886)  Time:  0.511 (0.020)  Data Time:  0.021 (0.006)
2022-05-13 17:51:20,260:INFO:   Eta: 1:34:18
2022-05-13 17:52:01,916:INFO: Train: [144][2593/2594]  Loss -0.4242 (-1.5233)  Time:  0.182 (0.016)  Data Time:  0.001 (0.005)
2022-05-13 17:52:01,917:INFO:   Eta: 1:13:23
2022-05-13 17:53:02,940:INFO: Train: [145][2593/2594]  Loss -0.3638 (-1.6009)  Time:  0.199 (0.023)  Data Time:  0.000 (0.007)
2022-05-13 17:53:02,941:INFO:   Eta: 1:46:33
2022-05-13 17:54:12,688:INFO: Train: [146][2593/2594]  Loss -0.4185 (-1.4621)  Time:  0.589 (0.027)  Data Time:  0.020 (0.009)
2022-05-13 17:54:12,689:INFO:   Eta: 2:00:40
2022-05-13 17:55:51,706:INFO: Train: [147][2593/2594]  Loss -0.3688 (-1.4584)  Time:  0.496 (0.038)  Data Time:  0.021 (0.017)
2022-05-13 17:55:51,707:INFO:   Eta: 2:49:46
2022-05-13 17:57:27,147:INFO: Train: [148][2593/2594]  Loss -0.4735 (-1.5888)  Time:  0.581 (0.037)  Data Time:  0.021 (0.016)
2022-05-13 17:57:27,148:INFO:   Eta: 2:42:03
2022-05-13 17:59:02,850:INFO: Train: [149][2593/2594]  Loss -0.3528 (-1.6024)  Time:  0.560 (0.037)  Data Time:  0.020 (0.016)
2022-05-13 17:59:02,852:INFO:   Eta: 2:40:50
2022-05-13 18:00:39,525:INFO: Train: [150][2593/2594]  Loss -0.4438 (-1.7281)  Time:  0.477 (0.037)  Data Time:  0.008 (0.016)
2022-05-13 18:00:39,526:INFO:   Eta: 2:40:46
2022-05-13 18:02:18,897:INFO: Train: [151][2593/2594]  Loss -0.4704 (-1.7362)  Time:  0.513 (0.038)  Data Time:  0.020 (0.017)
2022-05-13 18:02:18,899:INFO:   Eta: 2:43:44
2022-05-13 18:02:33,860:INFO: Valid: [151][620/621]  Loss -8.2009 (-4.8607)
2022-05-13 18:02:33,934:INFO: Checkpoint saved...
2022-05-13 18:04:11,256:INFO: Train: [152][2593/2594]  Loss -0.4919 (-1.6818)  Time:  0.563 (0.037)  Data Time:  0.001 (0.017)
2022-05-13 18:04:11,257:INFO:   Eta: 2:38:47
2022-05-13 18:04:25,533:INFO: Valid: [152][620/621]  Loss -7.9285 (-4.7353)
2022-05-13 18:06:03,229:INFO: Train: [153][2593/2594]  Loss -0.4355 (-1.7764)  Time:  0.524 (0.038)  Data Time:  0.023 (0.016)
2022-05-13 18:06:03,230:INFO:   Eta: 2:37:44
2022-05-13 18:06:17,874:INFO: Valid: [153][620/621]  Loss -6.2007 (-3.7105)
2022-05-13 18:06:59,551:INFO: Train: [154][2593/2594]  Loss -0.4267 (-1.7743)  Time:  0.497 (0.016)  Data Time:  0.001 (0.004)
2022-05-13 18:06:59,552:INFO:   Eta: 1:06:27
2022-05-13 18:07:14,258:INFO: Valid: [154][620/621]  Loss -8.3939 (-4.9833)
2022-05-13 18:07:14,324:INFO: Checkpoint saved...
2022-05-13 18:08:53,009:INFO: Train: [155][2593/2594]  Loss -0.4645 (-1.8005)  Time:  0.616 (0.038)  Data Time:  0.022 (0.016)
2022-05-13 18:08:53,010:INFO:   Eta: 2:36:00
2022-05-13 18:09:07,340:INFO: Valid: [155][620/621]  Loss -8.0347 (-4.7684)
2022-05-13 18:10:46,831:INFO: Train: [156][2593/2594]  Loss -0.4423 (-1.7262)  Time:  0.561 (0.038)  Data Time:  0.021 (0.017)
2022-05-13 18:10:46,833:INFO:   Eta: 2:35:38
2022-05-13 18:11:01,798:INFO: Valid: [156][620/621]  Loss -7.9964 (-4.7619)
2022-05-13 18:12:14,015:INFO: Train: [157][2593/2594]  Loss -0.4573 (-1.7451)  Time:  0.404 (0.028)  Data Time:  0.000 (0.011)
2022-05-13 18:12:14,016:INFO:   Eta: 1:51:44
2022-05-13 18:12:28,256:INFO: Valid: [157][620/621]  Loss -8.0217 (-4.7748)
2022-05-13 18:14:05,519:INFO: Train: [158][2593/2594]  Loss -0.5198 (-1.7629)  Time:  0.549 (0.037)  Data Time:  0.022 (0.016)
2022-05-13 18:14:05,520:INFO:   Eta: 2:28:55
2022-05-13 18:14:20,130:INFO: Valid: [158][620/621]  Loss -7.7803 (-4.6415)
2022-05-13 18:16:00,300:INFO: Train: [159][2593/2594]  Loss -0.4796 (-1.7411)  Time:  0.517 (0.039)  Data Time:  0.019 (0.017)
2022-05-13 18:16:00,301:INFO:   Eta: 2:31:40
2022-05-13 18:16:15,253:INFO: Valid: [159][620/621]  Loss -8.2516 (-4.8940)
2022-05-13 18:17:55,433:INFO: Train: [160][2593/2594]  Loss -0.4378 (-1.7640)  Time:  0.613 (0.039)  Data Time:  0.022 (0.017)
2022-05-13 18:17:55,434:INFO:   Eta: 2:30:04
2022-05-13 18:18:09,461:INFO: Valid: [160][620/621]  Loss -8.2214 (-4.8632)
2022-05-13 18:19:38,121:INFO: Train: [161][2593/2594]  Loss -0.4645 (-1.6421)  Time:  0.532 (0.034)  Data Time:  0.021 (0.014)
2022-05-13 18:19:38,122:INFO:   Eta: 2:11:17
2022-05-13 18:19:52,608:INFO: Valid: [161][620/621]  Loss -8.1956 (-4.8655)
2022-05-13 18:21:07,449:INFO: Train: [162][2593/2594]  Loss -0.5190 (-1.7796)  Time:  0.519 (0.029)  Data Time:  0.021 (0.011)
2022-05-13 18:21:07,451:INFO:   Eta: 1:49:25
2022-05-13 18:21:15,234:INFO: Valid: [162][620/621]  Loss -8.0820 (-4.8038)
2022-05-13 18:21:57,529:INFO: Train: [163][2593/2594]  Loss -0.4492 (-1.7474)  Time:  0.228 (0.016)  Data Time:  0.000 (0.002)
2022-05-13 18:21:57,530:INFO:   Eta: 1:01:08
2022-05-13 18:22:08,868:INFO: Valid: [163][620/621]  Loss -7.8968 (-4.6885)
2022-05-13 18:23:36,575:INFO: Train: [164][2593/2594]  Loss -0.4635 (-1.7257)  Time:  0.602 (0.034)  Data Time:  0.023 (0.014)
2022-05-13 18:23:36,576:INFO:   Eta: 2:05:30
2022-05-13 18:23:51,240:INFO: Valid: [164][620/621]  Loss -8.1060 (-4.8101)
2022-05-13 18:25:32,639:INFO: Train: [165][2593/2594]  Loss -0.4643 (-1.7633)  Time:  0.592 (0.039)  Data Time:  0.022 (0.018)
2022-05-13 18:25:32,640:INFO:   Eta: 2:23:27
2022-05-13 18:25:47,332:INFO: Valid: [165][620/621]  Loss -8.4682 (-5.0177)
2022-05-13 18:25:47,407:INFO: Checkpoint saved...
2022-05-13 18:27:28,836:INFO: Train: [166][2593/2594]  Loss -0.4114 (-1.7389)  Time:  0.557 (0.039)  Data Time:  0.020 (0.018)
2022-05-13 18:27:28,837:INFO:   Eta: 2:21:49
2022-05-13 18:27:44,008:INFO: Valid: [166][620/621]  Loss -8.3512 (-4.9649)
2022-05-13 18:29:25,961:INFO: Train: [167][2593/2594]  Loss -0.4917 (-1.6607)  Time:  0.555 (0.039)  Data Time:  0.001 (0.018)
2022-05-13 18:29:25,963:INFO:   Eta: 2:20:50
2022-05-13 18:29:41,233:INFO: Valid: [167][620/621]  Loss -7.1451 (-4.2427)
2022-05-13 18:31:25,253:INFO: Train: [168][2593/2594]  Loss -0.4905 (-1.6334)  Time:  0.574 (0.040)  Data Time:  0.022 (0.018)
2022-05-13 18:31:25,254:INFO:   Eta: 2:21:58
2022-05-13 18:31:40,624:INFO: Valid: [168][620/621]  Loss -7.8510 (-4.6938)
2022-05-13 18:33:24,340:INFO: Train: [169][2593/2594]  Loss -0.4227 (-1.6622)  Time:  0.540 (0.040)  Data Time:  0.022 (0.018)
2022-05-13 18:33:24,340:INFO:   Eta: 2:19:50
2022-05-13 18:33:39,340:INFO: Valid: [169][620/621]  Loss -8.3397 (-4.9264)
2022-05-13 18:35:23,087:INFO: Train: [170][2593/2594]  Loss -0.4633 (-1.6789)  Time:  0.591 (0.040)  Data Time:  0.021 (0.018)
2022-05-13 18:35:23,089:INFO:   Eta: 2:18:08
2022-05-13 18:35:34,322:INFO: Valid: [170][620/621]  Loss -7.9796 (-4.7329)
2022-05-13 18:36:11,091:INFO: Train: [171][2593/2594]  Loss -0.4723 (-1.7663)  Time:  0.390 (0.014)  Data Time:  0.000 (0.003)
2022-05-13 18:36:11,092:INFO:   Eta: 0:48:13
2022-05-13 18:36:21,946:INFO: Valid: [171][620/621]  Loss -8.3407 (-4.9506)
2022-05-13 18:37:56,604:INFO: Train: [172][2593/2594]  Loss -0.4374 (-1.7747)  Time:  0.571 (0.036)  Data Time:  0.021 (0.016)
2022-05-13 18:37:56,605:INFO:   Eta: 2:02:50
2022-05-13 18:38:11,240:INFO: Valid: [172][620/621]  Loss -8.3754 (-4.9519)
2022-05-13 18:39:55,830:INFO: Train: [173][2593/2594]  Loss -0.4689 (-1.6831)  Time:  0.547 (0.040)  Data Time:  0.013 (0.018)
2022-05-13 18:39:55,832:INFO:   Eta: 2:13:49
2022-05-13 18:40:11,148:INFO: Valid: [173][620/621]  Loss -7.9626 (-4.7345)
2022-05-13 18:41:53,832:INFO: Train: [174][2593/2594]  Loss -0.4746 (-1.7569)  Time:  0.564 (0.040)  Data Time:  0.020 (0.018)
2022-05-13 18:41:53,834:INFO:   Eta: 2:09:53
2022-05-13 18:42:09,224:INFO: Valid: [174][620/621]  Loss -8.3162 (-4.9508)
2022-05-13 18:43:46,541:INFO: Train: [175][2593/2594]  Loss -0.5007 (-1.7685)  Time:  0.611 (0.037)  Data Time:  0.022 (0.017)
2022-05-13 18:43:46,542:INFO:   Eta: 2:01:28
2022-05-13 18:43:58,142:INFO: Valid: [175][620/621]  Loss -8.4237 (-5.0005)
2022-05-13 18:44:57,997:INFO: Train: [176][2593/2594]  Loss -0.5375 (-1.6641)  Time:  0.184 (0.023)  Data Time:  0.000 (0.007)
2022-05-13 18:44:57,999:INFO:   Eta: 1:13:39
2022-05-13 18:45:08,668:INFO: Valid: [176][620/621]  Loss -7.7137 (-4.6215)
2022-05-13 18:46:06,877:INFO: Train: [177][2593/2594]  Loss -0.4943 (-1.7765)  Time:  0.173 (0.022)  Data Time:  0.001 (0.009)
2022-05-13 18:46:06,879:INFO:   Eta: 1:10:35
2022-05-13 18:46:17,935:INFO: Valid: [177][620/621]  Loss -8.5957 (-5.0756)
2022-05-13 18:46:18,017:INFO: Checkpoint saved...
2022-05-13 18:47:16,340:INFO: Train: [178][2593/2594]  Loss -0.4751 (-1.7885)  Time:  0.411 (0.022)  Data Time:  0.008 (0.006)
2022-05-13 18:47:16,341:INFO:   Eta: 1:09:51
2022-05-13 18:47:29,935:INFO: Valid: [178][620/621]  Loss -8.4438 (-5.0177)
2022-05-13 18:48:28,449:INFO: Train: [179][2593/2594]  Loss -0.4941 (-1.7815)  Time:  0.224 (0.023)  Data Time:  0.001 (0.008)
2022-05-13 18:48:28,450:INFO:   Eta: 1:09:04
2022-05-13 18:48:39,285:INFO: Valid: [179][620/621]  Loss -7.8181 (-4.6715)
2022-05-13 18:49:37,572:INFO: Train: [180][2593/2594]  Loss -0.4459 (-1.5984)  Time:  0.606 (0.022)  Data Time:  0.022 (0.009)
2022-05-13 18:49:37,573:INFO:   Eta: 1:07:51
2022-05-13 18:49:48,417:INFO: Valid: [180][620/621]  Loss -8.2525 (-4.9087)
2022-05-13 18:50:32,754:INFO: Train: [181][2593/2594]  Loss -0.4634 (-1.7871)  Time:  0.538 (0.017)  Data Time:  0.022 (0.004)
2022-05-13 18:50:32,755:INFO:   Eta: 0:50:49
2022-05-13 18:50:47,404:INFO: Valid: [181][620/621]  Loss -7.6024 (-4.5504)
2022-05-13 18:52:03,569:INFO: Train: [182][2593/2594]  Loss -0.4439 (-1.7470)  Time:  0.554 (0.029)  Data Time:  0.023 (0.011)
2022-05-13 18:52:03,571:INFO:   Eta: 1:26:08
2022-05-13 18:52:19,012:INFO: Valid: [182][620/621]  Loss -7.6212 (-4.5493)
2022-05-13 18:54:03,437:INFO: Train: [183][2593/2594]  Loss -0.4616 (-1.7793)  Time:  0.631 (0.040)  Data Time:  0.022 (0.018)
2022-05-13 18:54:03,439:INFO:   Eta: 1:56:25
2022-05-13 18:54:18,404:INFO: Valid: [183][620/621]  Loss -8.3909 (-4.9652)
2022-05-13 18:55:52,524:INFO: Train: [184][2593/2594]  Loss -0.4232 (-1.7915)  Time:  0.570 (0.036)  Data Time:  0.021 (0.015)
2022-05-13 18:55:52,526:INFO:   Eta: 1:43:21
2022-05-13 18:56:07,804:INFO: Valid: [184][620/621]  Loss -7.8392 (-4.6625)
2022-05-13 18:57:52,354:INFO: Train: [185][2593/2594]  Loss -0.4823 (-1.7255)  Time:  0.511 (0.040)  Data Time:  0.021 (0.018)
2022-05-13 18:57:52,355:INFO:   Eta: 1:53:05
2022-05-13 18:58:07,672:INFO: Valid: [185][620/621]  Loss -7.7619 (-4.6217)
2022-05-13 18:59:49,393:INFO: Train: [186][2593/2594]  Loss -0.4957 (-1.7653)  Time:  0.443 (0.039)  Data Time:  0.001 (0.018)
2022-05-13 18:59:49,394:INFO:   Eta: 1:48:21
2022-05-13 19:00:03,913:INFO: Valid: [186][620/621]  Loss -8.5185 (-5.0636)
2022-05-13 19:01:33,349:INFO: Train: [187][2593/2594]  Loss -0.4346 (-1.8076)  Time:  0.281 (0.034)  Data Time:  0.000 (0.015)
2022-05-13 19:01:33,351:INFO:   Eta: 1:33:45
2022-05-13 19:01:44,413:INFO: Valid: [187][620/621]  Loss -8.4479 (-5.0231)
2022-05-13 19:02:36,608:INFO: Train: [188][2593/2594]  Loss -0.4462 (-1.8047)  Time:  0.554 (0.020)  Data Time:  0.023 (0.005)
2022-05-13 19:02:36,609:INFO:   Eta: 0:53:41
2022-05-13 19:02:47,538:INFO: Valid: [188][620/621]  Loss -7.5028 (-4.4843)
2022-05-13 19:03:44,249:INFO: Train: [189][2593/2594]  Loss -0.5118 (-1.6075)  Time:  0.587 (0.022)  Data Time:  0.020 (0.007)
2022-05-13 19:03:44,251:INFO:   Eta: 0:57:31
2022-05-13 19:03:55,022:INFO: Valid: [189][620/621]  Loss -8.5020 (-5.0423)
2022-05-13 19:04:35,625:INFO: Train: [190][2593/2594]  Loss -0.4747 (-1.7677)  Time:  0.224 (0.016)  Data Time:  0.000 (0.003)
2022-05-13 19:04:35,625:INFO:   Eta: 0:40:28
2022-05-13 19:04:46,207:INFO: Valid: [190][620/621]  Loss -8.4733 (-5.0424)
2022-05-13 19:05:31,487:INFO: Train: [191][2593/2594]  Loss -0.5053 (-1.7489)  Time:  0.505 (0.017)  Data Time:  0.003 (0.004)
2022-05-13 19:05:31,489:INFO:   Eta: 0:44:23
2022-05-13 19:05:44,240:INFO: Valid: [191][620/621]  Loss -7.6087 (-4.5453)
2022-05-13 19:07:28,981:INFO: Train: [192][2593/2594]  Loss -0.4819 (-1.7641)  Time:  0.599 (0.040)  Data Time:  0.023 (0.018)
2022-05-13 19:07:28,982:INFO:   Eta: 1:41:06
2022-05-13 19:07:44,457:INFO: Valid: [192][620/621]  Loss -7.8657 (-4.7029)
2022-05-13 19:09:29,906:INFO: Train: [193][2593/2594]  Loss -0.5915 (-1.7056)  Time:  0.568 (0.041)  Data Time:  0.020 (0.018)
2022-05-13 19:09:29,907:INFO:   Eta: 1:39:54
2022-05-13 19:09:45,083:INFO: Valid: [193][620/621]  Loss -8.3403 (-4.9715)
2022-05-13 19:11:28,607:INFO: Train: [194][2593/2594]  Loss -0.4674 (-1.7829)  Time:  0.587 (0.040)  Data Time:  0.020 (0.018)
2022-05-13 19:11:28,608:INFO:   Eta: 1:36:29
2022-05-13 19:11:43,702:INFO: Valid: [194][620/621]  Loss -8.3085 (-4.9630)
2022-05-13 19:13:27,215:INFO: Train: [195][2593/2594]  Loss -0.4679 (-1.7503)  Time:  0.559 (0.040)  Data Time:  0.021 (0.018)
2022-05-13 19:13:27,215:INFO:   Eta: 1:34:46
2022-05-13 19:13:42,620:INFO: Valid: [195][620/621]  Loss -8.1282 (-4.8401)
2022-05-13 19:15:24,947:INFO: Train: [196][2593/2594]  Loss -0.4471 (-1.7938)  Time:  0.601 (0.039)  Data Time:  0.021 (0.018)
2022-05-13 19:15:24,948:INFO:   Eta: 1:31:56
2022-05-13 19:15:38,863:INFO: Valid: [196][620/621]  Loss -8.4607 (-5.0339)
2022-05-13 19:16:38,566:INFO: Train: [197][2593/2594]  Loss -0.3820 (-1.7831)  Time:  0.614 (0.023)  Data Time:  0.021 (0.006)
2022-05-13 19:16:38,569:INFO:   Eta: 0:52:36
2022-05-13 19:16:54,133:INFO: Valid: [197][620/621]  Loss -8.6148 (-5.1055)
2022-05-13 19:16:54,248:INFO: Checkpoint saved...
2022-05-13 19:18:39,049:INFO: Train: [198][2593/2594]  Loss -0.5204 (-1.7457)  Time:  0.548 (0.040)  Data Time:  0.021 (0.018)
2022-05-13 19:18:39,051:INFO:   Eta: 1:30:43
2022-05-13 19:18:50,267:INFO: Valid: [198][620/621]  Loss -8.3672 (-4.9644)
2022-05-13 19:19:27,433:INFO: Train: [199][2593/2594]  Loss -0.4540 (-1.7543)  Time:  0.552 (0.014)  Data Time:  0.021 (0.004)
2022-05-13 19:19:27,435:INFO:   Eta: 0:31:28
2022-05-13 19:19:37,415:INFO: Valid: [199][620/621]  Loss -7.5671 (-4.5342)
2022-05-13 19:21:06,807:INFO: Train: [200][2593/2594]  Loss -0.4965 (-1.6480)  Time:  0.497 (0.034)  Data Time:  0.017 (0.014)
2022-05-13 19:21:06,808:INFO:   Eta: 1:14:22
2022-05-13 19:21:21,172:INFO: Valid: [200][620/621]  Loss -7.8958 (-4.7059)
2022-05-13 19:22:51,463:INFO: Train: [201][2593/2594]  Loss -0.5266 (-1.8019)  Time:  0.629 (0.035)  Data Time:  0.021 (0.015)
2022-05-13 19:22:51,465:INFO:   Eta: 1:13:36
2022-05-13 19:23:06,883:INFO: Valid: [201][620/621]  Loss -8.3769 (-4.9825)
2022-05-13 19:24:51,340:INFO: Train: [202][2593/2594]  Loss -0.5012 (-1.8239)  Time:  0.623 (0.040)  Data Time:  0.022 (0.018)
2022-05-13 19:24:51,342:INFO:   Eta: 1:23:25
2022-05-13 19:25:06,743:INFO: Valid: [202][620/621]  Loss -7.8342 (-4.6364)
2022-05-13 19:26:50,339:INFO: Train: [203][2593/2594]  Loss -0.4918 (-1.5966)  Time:  0.535 (0.040)  Data Time:  0.005 (0.018)
2022-05-13 19:26:50,341:INFO:   Eta: 1:21:02
2022-05-13 19:27:05,351:INFO: Valid: [203][620/621]  Loss -8.1117 (-4.8278)
2022-05-13 19:28:50,003:INFO: Train: [204][2593/2594]  Loss -0.4442 (-1.7389)  Time:  0.532 (0.040)  Data Time:  0.003 (0.018)
2022-05-13 19:28:50,004:INFO:   Eta: 1:20:08
2022-05-13 19:29:05,626:INFO: Valid: [204][620/621]  Loss -8.4362 (-5.0317)
2022-05-13 19:30:49,391:INFO: Train: [205][2593/2594]  Loss -0.5011 (-1.8004)  Time:  0.570 (0.040)  Data Time:  0.021 (0.018)
2022-05-13 19:30:49,391:INFO:   Eta: 1:17:43
2022-05-13 19:31:04,110:INFO: Valid: [205][620/621]  Loss -8.1051 (-4.8441)
2022-05-13 19:32:46,253:INFO: Train: [206][2593/2594]  Loss -0.4837 (-1.8286)  Time:  0.523 (0.039)  Data Time:  0.001 (0.018)
2022-05-13 19:32:46,255:INFO:   Eta: 1:14:47
2022-05-13 19:33:01,409:INFO: Valid: [206][620/621]  Loss -8.3753 (-4.9897)
2022-05-13 19:33:56,591:INFO: Train: [207][2593/2594]  Loss -0.4548 (-1.8113)  Time:  0.156 (0.021)  Data Time:  0.000 (0.006)
2022-05-13 19:33:56,592:INFO:   Eta: 0:39:27
2022-05-13 19:34:03,365:INFO: Valid: [207][620/621]  Loss -7.9200 (-4.7439)
2022-05-13 19:34:57,205:INFO: Train: [208][2593/2594]  Loss -0.4654 (-1.8431)  Time:  0.189 (0.021)  Data Time:  0.000 (0.006)
2022-05-13 19:34:57,206:INFO:   Eta: 0:37:35
2022-05-13 19:35:08,468:INFO: Valid: [208][620/621]  Loss -8.2733 (-4.9183)
2022-05-13 19:36:36,459:INFO: Train: [209][2593/2594]  Loss -0.4903 (-1.7751)  Time:  0.541 (0.034)  Data Time:  0.020 (0.013)
2022-05-13 19:36:36,460:INFO:   Eta: 1:00:01
2022-05-13 19:36:51,619:INFO: Valid: [209][620/621]  Loss -8.1852 (-4.8782)
2022-05-13 19:38:36,983:INFO: Train: [210][2593/2594]  Loss -0.4768 (-1.6498)  Time:  0.579 (0.041)  Data Time:  0.012 (0.018)
2022-05-13 19:38:36,984:INFO:   Eta: 1:10:07
2022-05-13 19:38:52,286:INFO: Valid: [210][620/621]  Loss -7.1985 (-4.3193)
2022-05-13 19:40:27,376:INFO: Train: [211][2593/2594]  Loss -0.4585 (-1.8077)  Time:  0.431 (0.037)  Data Time:  0.022 (0.016)
2022-05-13 19:40:27,378:INFO:   Eta: 1:01:40
2022-05-13 19:40:40,654:INFO: Valid: [211][620/621]  Loss -8.3151 (-4.9345)
2022-05-13 19:41:59,933:INFO: Train: [212][2593/2594]  Loss -0.4011 (-1.8145)  Time:  0.347 (0.031)  Data Time:  0.001 (0.012)
2022-05-13 19:41:59,934:INFO:   Eta: 0:50:07
2022-05-13 19:42:12,672:INFO: Valid: [212][620/621]  Loss -8.4042 (-5.0001)
2022-05-13 19:43:35,721:INFO: Train: [213][2593/2594]  Loss -0.4192 (-1.6721)  Time:  0.212 (0.032)  Data Time:  0.000 (0.013)
2022-05-13 19:43:35,721:INFO:   Eta: 0:51:07
2022-05-13 19:43:48,849:INFO: Valid: [213][620/621]  Loss -7.9434 (-4.7658)
2022-05-13 19:45:33,660:INFO: Train: [214][2593/2594]  Loss -0.4430 (-1.8051)  Time:  0.580 (0.040)  Data Time:  0.021 (0.019)
2022-05-13 19:45:33,661:INFO:   Eta: 1:02:48
2022-05-13 19:45:48,949:INFO: Valid: [214][620/621]  Loss -8.0422 (-4.8169)
2022-05-13 19:47:33,123:INFO: Train: [215][2593/2594]  Loss -0.4906 (-1.8012)  Time:  0.587 (0.040)  Data Time:  0.018 (0.018)
2022-05-13 19:47:33,123:INFO:   Eta: 1:00:41
2022-05-13 19:47:46,373:INFO: Valid: [215][620/621]  Loss -8.4765 (-5.0430)
2022-05-13 19:48:26,826:INFO: Train: [216][2593/2594]  Loss -0.5123 (-1.8061)  Time:  0.351 (0.016)  Data Time:  0.000 (0.003)
2022-05-13 19:48:26,827:INFO:   Eta: 0:22:51
2022-05-13 19:48:41,538:INFO: Valid: [216][620/621]  Loss -8.0587 (-4.8390)
2022-05-13 19:49:27,723:INFO: Train: [217][2593/2594]  Loss -0.4751 (-1.6834)  Time:  0.459 (0.018)  Data Time:  0.000 (0.005)
2022-05-13 19:49:27,724:INFO:   Eta: 0:25:19
2022-05-13 19:49:42,766:INFO: Valid: [217][620/621]  Loss -7.8280 (-4.6834)
2022-05-13 19:51:22,716:INFO: Train: [218][2593/2594]  Loss -0.5056 (-1.8036)  Time:  0.524 (0.038)  Data Time:  0.000 (0.017)
2022-05-13 19:51:22,718:INFO:   Eta: 0:53:13
2022-05-13 19:51:36,216:INFO: Valid: [218][620/621]  Loss -8.3360 (-4.9703)
2022-05-13 19:52:47,079:INFO: Train: [219][2593/2594]  Loss -0.5037 (-1.7872)  Time:  0.622 (0.027)  Data Time:  0.021 (0.011)
2022-05-13 19:52:47,081:INFO:   Eta: 0:36:32
2022-05-13 19:52:57,836:INFO: Valid: [219][620/621]  Loss -7.6790 (-4.5652)
2022-05-13 19:54:06,081:INFO: Train: [220][2593/2594]  Loss -0.4888 (-1.8056)  Time:  0.607 (0.026)  Data Time:  0.002 (0.009)
2022-05-13 19:54:06,083:INFO:   Eta: 0:34:02
2022-05-13 19:54:16,955:INFO: Valid: [220][620/621]  Loss -8.3828 (-4.9694)
2022-05-13 19:55:09,615:INFO: Train: [221][2593/2594]  Loss -0.4520 (-1.8015)  Time:  0.153 (0.020)  Data Time:  0.000 (0.006)
2022-05-13 19:55:09,617:INFO:   Eta: 0:25:23
2022-05-13 19:55:20,100:INFO: Valid: [221][620/621]  Loss -8.4183 (-5.0041)
2022-05-13 19:56:13,875:INFO: Train: [222][2593/2594]  Loss -0.4501 (-1.7603)  Time:  0.161 (0.021)  Data Time:  0.001 (0.004)
2022-05-13 19:56:13,875:INFO:   Eta: 0:25:01
2022-05-13 19:56:24,346:INFO: Valid: [222][620/621]  Loss -7.0016 (-4.1783)
2022-05-13 19:57:38,733:INFO: Train: [223][2593/2594]  Loss -0.4666 (-1.7863)  Time:  0.585 (0.029)  Data Time:  0.020 (0.011)
2022-05-13 19:57:38,734:INFO:   Eta: 0:33:24
2022-05-13 19:57:53,256:INFO: Valid: [223][620/621]  Loss -7.6817 (-4.5706)
2022-05-13 19:58:47,617:INFO: Train: [224][2593/2594]  Loss -0.5271 (-1.8056)  Time:  0.564 (0.021)  Data Time:  0.000 (0.004)
2022-05-13 19:58:47,618:INFO:   Eta: 0:23:29
2022-05-13 19:59:00,800:INFO: Valid: [224][620/621]  Loss -8.4285 (-5.0204)
2022-05-13 20:00:32,163:INFO: Train: [225][2593/2594]  Loss -0.4346 (-1.6316)  Time:  0.568 (0.035)  Data Time:  0.021 (0.015)
2022-05-13 20:00:32,164:INFO:   Eta: 0:38:00
2022-05-13 20:00:47,059:INFO: Valid: [225][620/621]  Loss -8.0477 (-4.7765)
2022-05-13 20:02:29,699:INFO: Train: [226][2593/2594]  Loss -0.5244 (-1.7940)  Time:  0.558 (0.040)  Data Time:  0.021 (0.018)
2022-05-13 20:02:29,699:INFO:   Eta: 0:40:59
2022-05-13 20:02:45,083:INFO: Valid: [226][620/621]  Loss -8.3054 (-4.9480)
2022-05-13 20:03:31,505:INFO: Train: [227][2593/2594]  Loss -0.4484 (-1.8320)  Time:  0.194 (0.018)  Data Time:  0.000 (0.005)
2022-05-13 20:03:31,505:INFO:   Eta: 0:17:44
2022-05-13 20:03:43,437:INFO: Valid: [227][620/621]  Loss -8.0454 (-4.8367)
2022-05-13 20:04:22,291:INFO: Train: [228][2593/2594]  Loss -0.5100 (-1.8212)  Time:  0.172 (0.015)  Data Time:  0.000 (0.002)
2022-05-13 20:04:22,293:INFO:   Eta: 0:14:12
2022-05-13 20:04:33,681:INFO: Valid: [228][620/621]  Loss -8.1205 (-4.8468)
2022-05-13 20:05:57,266:INFO: Train: [229][2593/2594]  Loss -0.4590 (-1.6787)  Time:  0.582 (0.032)  Data Time:  0.020 (0.013)
2022-05-13 20:05:57,266:INFO:   Eta: 0:29:12
2022-05-13 20:06:11,902:INFO: Valid: [229][620/621]  Loss -7.9696 (-4.7632)
2022-05-13 20:07:53,947:INFO: Train: [230][2593/2594]  Loss -0.4163 (-1.7909)  Time:  0.619 (0.039)  Data Time:  0.022 (0.018)
2022-05-13 20:07:53,948:INFO:   Eta: 0:33:58
2022-05-13 20:08:08,758:INFO: Valid: [230][620/621]  Loss -8.1948 (-4.8838)
2022-05-13 20:09:51,466:INFO: Train: [231][2593/2594]  Loss -0.4624 (-1.8150)  Time:  0.546 (0.040)  Data Time:  0.001 (0.018)
2022-05-13 20:09:51,467:INFO:   Eta: 0:32:28
2022-05-13 20:10:06,041:INFO: Valid: [231][620/621]  Loss -8.5207 (-5.0663)
2022-05-13 20:11:48,892:INFO: Train: [232][2593/2594]  Loss -0.4359 (-1.8351)  Time:  0.536 (0.040)  Data Time:  0.001 (0.018)
2022-05-13 20:11:48,894:INFO:   Eta: 0:30:48
2022-05-13 20:12:04,016:INFO: Valid: [232][620/621]  Loss -8.5582 (-5.0962)
2022-05-13 20:13:47,651:INFO: Train: [233][2593/2594]  Loss -0.4872 (-1.7882)  Time:  0.603 (0.040)  Data Time:  0.023 (0.018)
2022-05-13 20:13:47,652:INFO:   Eta: 0:29:19
2022-05-13 20:14:02,156:INFO: Valid: [233][620/621]  Loss -7.5228 (-4.5180)
2022-05-13 20:15:45,077:INFO: Train: [234][2593/2594]  Loss -0.4401 (-1.6122)  Time:  0.563 (0.040)  Data Time:  0.020 (0.018)
2022-05-13 20:15:45,079:INFO:   Eta: 0:27:24
2022-05-13 20:16:00,496:INFO: Valid: [234][620/621]  Loss -7.5524 (-4.5248)
2022-05-13 20:17:42,644:INFO: Train: [235][2593/2594]  Loss -0.5271 (-1.8102)  Time:  0.387 (0.039)  Data Time:  0.000 (0.018)
2022-05-13 20:17:42,645:INFO:   Eta: 0:25:30
2022-05-13 20:17:57,138:INFO: Valid: [235][620/621]  Loss -8.4092 (-5.0270)
2022-05-13 20:18:48,034:INFO: Train: [236][2593/2594]  Loss -0.4530 (-1.6888)  Time:  0.597 (0.020)  Data Time:  0.021 (0.006)
2022-05-13 20:18:48,035:INFO:   Eta: 0:11:50
2022-05-13 20:18:57,525:INFO: Valid: [236][620/621]  Loss -8.3063 (-4.9502)
2022-05-13 20:19:42,475:INFO: Train: [237][2593/2594]  Loss -0.4325 (-1.7660)  Time:  0.569 (0.017)  Data Time:  0.022 (0.004)
2022-05-13 20:19:42,477:INFO:   Eta: 0:09:42
2022-05-13 20:19:57,362:INFO: Valid: [237][620/621]  Loss -8.1108 (-4.8375)
2022-05-13 20:21:40,695:INFO: Train: [238][2593/2594]  Loss -0.4560 (-1.8345)  Time:  0.588 (0.040)  Data Time:  0.022 (0.019)
2022-05-13 20:21:40,696:INFO:   Eta: 0:20:37
2022-05-13 20:21:55,521:INFO: Valid: [238][620/621]  Loss -8.3347 (-4.9631)
2022-05-13 20:23:28,778:INFO: Train: [239][2593/2594]  Loss -0.4236 (-1.6288)  Time:  0.581 (0.036)  Data Time:  0.021 (0.015)
2022-05-13 20:23:28,779:INFO:   Eta: 0:17:04
2022-05-13 20:23:43,895:INFO: Valid: [239][620/621]  Loss -8.3887 (-5.0113)
2022-05-13 20:25:19,652:INFO: Train: [240][2593/2594]  Loss -0.4951 (-1.8330)  Time:  0.532 (0.037)  Data Time:  0.001 (0.016)
2022-05-13 20:25:19,653:INFO:   Eta: 0:15:55
2022-05-13 20:25:33,078:INFO: Valid: [240][620/621]  Loss -7.8168 (-4.7085)
2022-05-13 20:26:35,985:INFO: Train: [241][2593/2594]  Loss -0.5182 (-1.6458)  Time:  0.581 (0.024)  Data Time:  0.021 (0.007)
2022-05-13 20:26:35,986:INFO:   Eta: 0:09:23
2022-05-13 20:26:51,056:INFO: Valid: [241][620/621]  Loss -8.1724 (-4.8407)
2022-05-13 20:28:26,903:INFO: Train: [242][2593/2594]  Loss -0.5295 (-1.8284)  Time:  0.555 (0.037)  Data Time:  0.021 (0.017)
2022-05-13 20:28:26,904:INFO:   Eta: 0:12:44
2022-05-13 20:28:38,822:INFO: Valid: [242][620/621]  Loss -7.4026 (-4.4342)
2022-05-13 20:30:08,742:INFO: Train: [243][2593/2594]  Loss -0.4500 (-1.6520)  Time:  0.606 (0.035)  Data Time:  0.001 (0.015)
2022-05-13 20:30:08,742:INFO:   Eta: 0:10:28
2022-05-13 20:30:23,272:INFO: Valid: [243][620/621]  Loss -7.7662 (-4.6517)
2022-05-13 20:32:05,901:INFO: Train: [244][2593/2594]  Loss -0.4761 (-1.8550)  Time:  0.538 (0.040)  Data Time:  0.023 (0.018)
2022-05-13 20:32:05,902:INFO:   Eta: 0:10:14
2022-05-13 20:32:20,821:INFO: Valid: [244][620/621]  Loss -8.3666 (-5.0033)
2022-05-13 20:33:27,885:INFO: Train: [245][2593/2594]  Loss -0.5107 (-1.8128)  Time:  0.212 (0.026)  Data Time:  0.000 (0.010)
2022-05-13 20:33:27,887:INFO:   Eta: 0:05:34
2022-05-13 20:33:37,549:INFO: Valid: [245][620/621]  Loss -7.1164 (-4.2568)
2022-05-13 20:34:19,057:INFO: Train: [246][2593/2594]  Loss -0.4667 (-1.8256)  Time:  0.586 (0.016)  Data Time:  0.013 (0.003)
2022-05-13 20:34:19,059:INFO:   Eta: 0:02:45
2022-05-13 20:34:30,378:INFO: Valid: [246][620/621]  Loss -8.0622 (-4.8281)
2022-05-13 20:35:44,123:INFO: Train: [247][2593/2594]  Loss -0.4173 (-1.7486)  Time:  0.361 (0.028)  Data Time:  0.015 (0.010)
2022-05-13 20:35:44,125:INFO:   Eta: 0:03:40
2022-05-13 20:35:56,904:INFO: Valid: [247][620/621]  Loss -8.1682 (-4.8980)
2022-05-13 20:37:09,658:INFO: Train: [248][2593/2594]  Loss -0.4837 (-1.7358)  Time:  0.609 (0.028)  Data Time:  0.000 (0.009)
2022-05-13 20:37:09,658:INFO:   Eta: 0:02:25
2022-05-13 20:37:24,655:INFO: Valid: [248][620/621]  Loss -8.2348 (-4.9392)
2022-05-13 20:39:07,526:INFO: Train: [249][2593/2594]  Loss -0.4618 (-1.8280)  Time:  0.635 (0.040)  Data Time:  0.020 (0.019)
2022-05-13 20:39:07,527:INFO:   Eta: 0:01:42
2022-05-13 20:39:22,461:INFO: Valid: [249][620/621]  Loss -7.6641 (-4.5947)
2022-05-13 20:39:31,078:INFO: Test: [0]  ADE: 0.7407  FDE: 1.3449
2022-05-13 20:39:59,675:INFO: Test: [0]  ADE: 0.4415  FDE: 0.7539
2022-05-13 20:43:17,734:INFO: Test: [0]  ADE: 0.4722  FDE: 0.8629
2022-05-13 20:44:12,962:INFO: Test: [0]  ADE: 0.3674  FDE: 0.5693
2022-05-13 20:45:42,463:INFO: Test: [0]  ADE: 0.3205  FDE: 0.5174
2022-05-13 20:45:42,475:INFO: 9-2.5xlr 0.741/1.345 0.442/0.754 0.472/0.863 0.367/0.569 0.321/0.5170.468/0.810
2022-05-13 20:45:42,476:INFO: 9-2.5xlr 0.741  0.442  0.472  0.367  0.321 0.468
2022-05-13 20:45:42,476:INFO: 9-2.5xlr 1.345  0.754  0.863  0.569  0.517 0.810
