2022-03-29 15:38:38,756:INFO: batch_size=128
2022-03-29 15:38:38,756:INFO: clip_grad=None
2022-03-29 15:38:38,756:INFO: dataset=univ
2022-03-29 15:38:38,756:INFO: gpu_num=0
2022-03-29 15:38:38,756:INFO: input_size=2
2022-03-29 15:38:38,756:INFO: kernel_size=3
2022-03-29 15:38:38,756:INFO: lr=0.01
2022-03-29 15:38:38,757:INFO: lr_sh_rate=150
2022-03-29 15:38:38,757:INFO: n_stgcnn=1
2022-03-29 15:38:38,757:INFO: n_txpcnn=5
2022-03-29 15:38:38,757:INFO: num_epochs=250
2022-03-29 15:38:38,757:INFO: obs_seq_len=8
2022-03-29 15:38:38,757:INFO: output_size=5
2022-03-29 15:38:38,757:INFO: pred_seq_len=12
2022-03-29 15:38:38,757:INFO: seed=0
2022-03-29 15:38:38,757:INFO: tag=univ
2022-03-29 15:38:38,757:INFO: use_lrschd=True
2022-03-29 15:38:38,757:INFO: ******************************
2022-03-29 15:38:38,758:INFO: Training initiating....
2022-03-29 15:38:38,758:INFO: Namespace(batch_size=128, clip_grad=None, dataset='univ', gpu_num='0', input_size=2, kernel_size=3, lr=0.01, lr_sh_rate=150, n_stgcnn=1, n_txpcnn=5, num_epochs=250, obs_seq_len=8, output_size=5, pred_seq_len=12, seed=0, tag='univ', use_lrschd=True)
2022-03-29 15:38:38,837:INFO: Initializing train dataset
2022-03-29 15:38:44,516:INFO: Initializing val dataset
2022-03-29 15:39:22,528:INFO: social_stgcnn0
2022-03-29 15:39:22,626:INFO: Data and model loaded
2022-03-29 15:39:22,627:INFO: Checkpoint dir: ../runs/Mar29_15-38-38_node06/univ/checkpoint
2022-03-29 15:39:22,627:INFO: Training started ...
2022-03-29 15:39:49,037:INFO: Train: [0][2075/2076]  Loss 0.3804 (1.7517)  Time:  0.125 (0.013)  Data Time:  0.004 (0.004)
2022-03-29 15:39:49,129:INFO:   Eta: 1:50:01
2022-03-29 15:41:17,962:INFO: Test: [0]  ADE: 1.3744  FDE: 1.1416
2022-03-29 15:41:42,550:INFO: Train: [1][2075/2076]  Loss 0.3546 (1.6228)  Time:  0.142 (0.012)  Data Time:  0.005 (0.005)
2022-03-29 15:41:42,552:INFO:   Eta: 1:41:55
2022-03-29 15:42:07,205:INFO: Train: [2][2075/2076]  Loss 0.3259 (1.5064)  Time:  0.137 (0.012)  Data Time:  0.005 (0.005)
2022-03-29 15:42:07,205:INFO:   Eta: 1:41:50
2022-03-29 15:42:31,522:INFO: Train: [3][2075/2076]  Loss 0.3061 (1.4424)  Time:  0.145 (0.012)  Data Time:  0.005 (0.005)
2022-03-29 15:42:31,522:INFO:   Eta: 1:40:03
2022-03-29 15:42:55,732:INFO: Train: [4][2075/2076]  Loss 0.2725 (1.2892)  Time:  0.145 (0.012)  Data Time:  0.004 (0.004)
2022-03-29 15:42:55,733:INFO:   Eta: 1:39:12
2022-03-29 15:43:20,574:INFO: Train: [5][2075/2076]  Loss 0.2369 (1.1000)  Time:  0.135 (0.012)  Data Time:  0.005 (0.005)
2022-03-29 15:43:20,575:INFO:   Eta: 1:41:22
2022-03-29 15:43:44,988:INFO: Train: [6][2075/2076]  Loss 0.2189 (1.0273)  Time:  0.154 (0.012)  Data Time:  0.006 (0.005)
2022-03-29 15:43:44,989:INFO:   Eta: 1:39:13
2022-03-29 15:44:09,505:INFO: Train: [7][2075/2076]  Loss 0.1770 (0.8638)  Time:  0.136 (0.012)  Data Time:  0.006 (0.005)
2022-03-29 15:44:09,507:INFO:   Eta: 1:39:14
2022-03-29 15:44:32,669:INFO: Train: [8][2075/2076]  Loss 0.1474 (0.7380)  Time:  0.117 (0.011)  Data Time:  0.003 (0.004)
2022-03-29 15:44:32,670:INFO:   Eta: 1:33:21
2022-03-29 15:44:53,343:INFO: Train: [9][2075/2076]  Loss 0.1094 (0.5488)  Time:  0.113 (0.010)  Data Time:  0.004 (0.004)
2022-03-29 15:44:53,343:INFO:   Eta: 1:22:59
2022-03-29 15:45:17,426:INFO: Train: [10][2075/2076]  Loss 0.0607 (0.4245)  Time:  0.135 (0.012)  Data Time:  0.005 (0.005)
2022-03-29 15:45:17,428:INFO:   Eta: 1:36:17
2022-03-29 15:46:45,805:INFO: Test: [10]  ADE: 0.8474  FDE: 1.0912
2022-03-29 15:47:10,161:INFO: Train: [11][2075/2076]  Loss 0.0368 (0.3034)  Time:  0.136 (0.012)  Data Time:  0.003 (0.005)
2022-03-29 15:47:10,162:INFO:   Eta: 1:36:56
2022-03-29 15:47:34,547:INFO: Train: [12][2075/2076]  Loss 0.0378 (0.1864)  Time:  0.133 (0.012)  Data Time:  0.006 (0.005)
2022-03-29 15:47:34,548:INFO:   Eta: 1:36:39
2022-03-29 15:47:58,345:INFO: Train: [13][2075/2076]  Loss 0.0248 (0.1294)  Time:  0.133 (0.011)  Data Time:  0.004 (0.005)
2022-03-29 15:47:58,346:INFO:   Eta: 1:33:57
2022-03-29 15:48:23,285:INFO: Train: [14][2075/2076]  Loss 0.0132 (0.0905)  Time:  0.146 (0.012)  Data Time:  0.007 (0.005)
2022-03-29 15:48:23,286:INFO:   Eta: 1:38:01
2022-03-29 15:48:47,183:INFO: Train: [15][2075/2076]  Loss 0.0163 (0.0552)  Time:  0.128 (0.012)  Data Time:  0.004 (0.005)
2022-03-29 15:48:47,183:INFO:   Eta: 1:33:33
2022-03-29 15:49:08,722:INFO: Train: [16][2075/2076]  Loss 0.0668 (0.0395)  Time:  0.107 (0.010)  Data Time:  0.003 (0.004)
2022-03-29 15:49:08,724:INFO:   Eta: 1:23:57
2022-03-29 15:49:30,967:INFO: Train: [17][2075/2076]  Loss 0.1667 (0.0269)  Time:  0.135 (0.011)  Data Time:  0.005 (0.004)
2022-03-29 15:49:30,968:INFO:   Eta: 1:26:20
2022-03-29 15:49:54,944:INFO: Train: [18][2075/2076]  Loss 0.0776 (0.0131)  Time:  0.137 (0.012)  Data Time:  0.004 (0.004)
2022-03-29 15:49:54,958:INFO:   Eta: 1:32:39
2022-03-29 15:50:19,894:INFO: Train: [19][2075/2076]  Loss -0.0160 (-0.0099)  Time:  0.138 (0.012)  Data Time:  0.006 (0.005)
2022-03-29 15:50:19,895:INFO:   Eta: 1:35:48
2022-03-29 15:50:44,066:INFO: Train: [20][2075/2076]  Loss -0.0104 (-0.0213)  Time:  0.145 (0.012)  Data Time:  0.004 (0.005)
2022-03-29 15:50:44,068:INFO:   Eta: 1:32:36
2022-03-29 15:52:13,176:INFO: Test: [20]  ADE: 0.8338  FDE: 1.2494
2022-03-29 15:52:39,384:INFO: Train: [21][2075/2076]  Loss 0.1040 (-0.0202)  Time:  0.146 (0.012)  Data Time:  0.004 (0.005)
2022-03-29 15:52:39,387:INFO:   Eta: 1:34:46
2022-03-29 15:53:03,863:INFO: Train: [22][2075/2076]  Loss 0.0234 (-0.0488)  Time:  0.135 (0.012)  Data Time:  0.004 (0.005)
2022-03-29 15:53:03,865:INFO:   Eta: 1:32:55
2022-03-29 15:53:27,746:INFO: Train: [23][2075/2076]  Loss -0.0353 (-0.0344)  Time:  0.123 (0.011)  Data Time:  0.003 (0.005)
2022-03-29 15:53:27,746:INFO:   Eta: 1:30:18
2022-03-29 15:53:48,095:INFO: Train: [24][2075/2076]  Loss -0.0104 (-0.0873)  Time:  0.121 (0.010)  Data Time:  0.003 (0.004)
2022-03-29 15:53:48,096:INFO:   Eta: 1:16:36
2022-03-29 15:54:11,952:INFO: Train: [25][2075/2076]  Loss 0.0184 (-0.0468)  Time:  0.151 (0.011)  Data Time:  0.006 (0.005)
2022-03-29 15:54:11,954:INFO:   Eta: 1:29:25
2022-03-29 15:54:36,328:INFO: Train: [26][2075/2076]  Loss -0.0886 (-0.0752)  Time:  0.122 (0.012)  Data Time:  0.002 (0.005)
2022-03-29 15:54:36,329:INFO:   Eta: 1:30:56
2022-03-29 15:55:00,302:INFO: Train: [27][2075/2076]  Loss -0.0057 (-0.0866)  Time:  0.129 (0.012)  Data Time:  0.004 (0.005)
2022-03-29 15:55:00,304:INFO:   Eta: 1:29:03
2022-03-29 15:55:25,013:INFO: Train: [28][2075/2076]  Loss -0.0209 (-0.1175)  Time:  0.130 (0.012)  Data Time:  0.006 (0.005)
2022-03-29 15:55:25,016:INFO:   Eta: 1:31:22
2022-03-29 15:55:49,129:INFO: Train: [29][2075/2076]  Loss -0.0207 (-0.0860)  Time:  0.141 (0.012)  Data Time:  0.005 (0.005)
2022-03-29 15:55:49,129:INFO:   Eta: 1:28:38
2022-03-29 15:56:13,907:INFO: Train: [30][2075/2076]  Loss -0.0824 (-0.1029)  Time:  0.156 (0.012)  Data Time:  0.005 (0.005)
2022-03-29 15:56:13,909:INFO:   Eta: 1:30:41
2022-03-29 15:57:43,610:INFO: Test: [30]  ADE: 0.8421  FDE: 1.3083
2022-03-29 15:58:06,056:INFO: Train: [31][2075/2076]  Loss -0.0494 (-0.1043)  Time:  0.120 (0.011)  Data Time:  0.004 (0.004)
2022-03-29 15:58:06,131:INFO:   Eta: 1:21:50
2022-03-29 15:58:28,426:INFO: Train: [32][2075/2076]  Loss 0.0256 (-0.0774)  Time:  0.134 (0.010)  Data Time:  0.004 (0.004)
2022-03-29 15:58:28,426:INFO:   Eta: 1:18:03
2022-03-29 15:58:53,224:INFO: Train: [33][2075/2076]  Loss -0.0109 (-0.1143)  Time:  0.136 (0.012)  Data Time:  0.005 (0.005)
2022-03-29 15:58:53,232:INFO:   Eta: 1:29:38
2022-03-29 15:59:17,905:INFO: Train: [34][2075/2076]  Loss -0.0374 (-0.1546)  Time:  0.139 (0.012)  Data Time:  0.004 (0.005)
2022-03-29 15:59:17,906:INFO:   Eta: 1:28:37
2022-03-29 15:59:42,011:INFO: Train: [35][2075/2076]  Loss -0.0515 (-0.1167)  Time:  0.132 (0.012)  Data Time:  0.004 (0.005)
2022-03-29 15:59:42,012:INFO:   Eta: 1:26:20
2022-03-29 16:00:06,822:INFO: Train: [36][2075/2076]  Loss -0.0253 (-0.1371)  Time:  0.138 (0.012)  Data Time:  0.005 (0.005)
2022-03-29 16:00:06,823:INFO:   Eta: 1:28:26
2022-03-29 16:00:31,144:INFO: Train: [37][2075/2076]  Loss -0.0746 (-0.1488)  Time:  0.120 (0.012)  Data Time:  0.004 (0.005)
2022-03-29 16:00:31,144:INFO:   Eta: 1:26:18
2022-03-29 16:00:55,841:INFO: Train: [38][2075/2076]  Loss -0.0567 (-0.1133)  Time:  0.145 (0.012)  Data Time:  0.005 (0.005)
2022-03-29 16:00:55,842:INFO:   Eta: 1:27:13
2022-03-29 16:01:20,574:INFO: Train: [39][2075/2076]  Loss 0.1528 (-0.1499)  Time:  0.143 (0.012)  Data Time:  0.005 (0.005)
2022-03-29 16:01:20,574:INFO:   Eta: 1:26:56
2022-03-29 16:01:44,854:INFO: Train: [40][2075/2076]  Loss -0.0574 (-0.1368)  Time:  0.134 (0.012)  Data Time:  0.004 (0.005)
2022-03-29 16:01:44,855:INFO:   Eta: 1:24:56
2022-03-29 16:03:14,116:INFO: Test: [40]  ADE: 0.8399  FDE: 1.3467
2022-03-29 16:03:38,686:INFO: Train: [41][2075/2076]  Loss 0.0595 (-0.1423)  Time:  0.138 (0.012)  Data Time:  0.005 (0.005)
2022-03-29 16:03:38,687:INFO:   Eta: 1:25:30
2022-03-29 16:04:03,147:INFO: Train: [42][2075/2076]  Loss 0.0232 (-0.1261)  Time:  0.120 (0.012)  Data Time:  0.004 (0.005)
2022-03-29 16:04:03,148:INFO:   Eta: 1:24:45
2022-03-29 16:04:27,556:INFO: Train: [43][2075/2076]  Loss -0.0227 (-0.1642)  Time:  0.120 (0.012)  Data Time:  0.004 (0.005)
2022-03-29 16:04:27,556:INFO:   Eta: 1:24:10
2022-03-29 16:04:51,115:INFO: Train: [44][2075/2076]  Loss 0.0477 (-0.1569)  Time:  0.142 (0.011)  Data Time:  0.005 (0.004)
2022-03-29 16:04:51,117:INFO:   Eta: 1:20:50
2022-03-29 16:05:15,494:INFO: Train: [45][2075/2076]  Loss -0.0417 (-0.1387)  Time:  0.129 (0.012)  Data Time:  0.004 (0.005)
2022-03-29 16:05:15,496:INFO:   Eta: 1:22:59
2022-03-29 16:05:39,586:INFO: Train: [46][2075/2076]  Loss 0.0111 (-0.1420)  Time:  0.130 (0.012)  Data Time:  0.004 (0.005)
2022-03-29 16:05:39,586:INFO:   Eta: 1:21:52
2022-03-29 16:06:03,881:INFO: Train: [47][2075/2076]  Loss -0.0308 (-0.1566)  Time:  0.133 (0.012)  Data Time:  0.004 (0.005)
2022-03-29 16:06:03,882:INFO:   Eta: 1:22:06
2022-03-29 16:06:28,426:INFO: Train: [48][2075/2076]  Loss 0.0392 (-0.1498)  Time:  0.138 (0.012)  Data Time:  0.005 (0.005)
2022-03-29 16:06:28,426:INFO:   Eta: 1:22:35
2022-03-29 16:06:53,108:INFO: Train: [49][2075/2076]  Loss 0.0354 (-0.1222)  Time:  0.149 (0.012)  Data Time:  0.005 (0.005)
2022-03-29 16:06:53,109:INFO:   Eta: 1:22:39
2022-03-29 16:07:16,096:INFO: Train: [50][2075/2076]  Loss 0.0186 (-0.1419)  Time:  0.119 (0.011)  Data Time:  0.005 (0.004)
2022-03-29 16:07:16,098:INFO:   Eta: 1:16:34
2022-03-29 16:08:46,533:INFO: Test: [50]  ADE: 0.8538  FDE: 1.3935
2022-03-29 16:09:11,332:INFO: Train: [51][2075/2076]  Loss 0.0640 (-0.1677)  Time:  0.149 (0.012)  Data Time:  0.005 (0.005)
2022-03-29 16:09:11,334:INFO:   Eta: 1:22:09
2022-03-29 16:09:35,641:INFO: Train: [52][2075/2076]  Loss -0.0760 (-0.1665)  Time:  0.152 (0.012)  Data Time:  0.005 (0.005)
2022-03-29 16:09:35,704:INFO:   Eta: 1:20:09
2022-03-29 16:10:00,385:INFO: Train: [53][2075/2076]  Loss -0.0398 (-0.1713)  Time:  0.133 (0.012)  Data Time:  0.004 (0.005)
2022-03-29 16:10:00,386:INFO:   Eta: 1:18:42
2022-03-29 16:10:25,742:INFO: Train: [54][2075/2076]  Loss 0.0289 (-0.1399)  Time:  0.145 (0.012)  Data Time:  0.004 (0.005)
2022-03-29 16:10:25,744:INFO:   Eta: 1:22:47
2022-03-29 16:10:50,680:INFO: Train: [55][2075/2076]  Loss 0.0055 (-0.1449)  Time:  0.147 (0.012)  Data Time:  0.005 (0.005)
2022-03-29 16:10:50,680:INFO:   Eta: 1:20:59
2022-03-29 16:11:15,132:INFO: Train: [56][2075/2076]  Loss 0.0280 (-0.1647)  Time:  0.135 (0.012)  Data Time:  0.005 (0.005)
2022-03-29 16:11:15,133:INFO:   Eta: 1:19:01
2022-03-29 16:11:38,915:INFO: Train: [57][2075/2076]  Loss -0.0291 (-0.1464)  Time:  0.126 (0.011)  Data Time:  0.005 (0.005)
2022-03-29 16:11:38,916:INFO:   Eta: 1:16:27
2022-03-29 16:12:00,670:INFO: Train: [58][2075/2076]  Loss -0.0359 (-0.1373)  Time:  0.114 (0.010)  Data Time:  0.003 (0.004)
2022-03-29 16:12:00,671:INFO:   Eta: 1:09:35
2022-03-29 16:12:23,700:INFO: Train: [59][2075/2076]  Loss -0.0152 (-0.1424)  Time:  0.139 (0.011)  Data Time:  0.005 (0.004)
2022-03-29 16:12:23,701:INFO:   Eta: 1:13:16
2022-03-29 16:12:48,192:INFO: Train: [60][2075/2076]  Loss 0.0107 (-0.1447)  Time:  0.128 (0.012)  Data Time:  0.005 (0.005)
2022-03-29 16:12:48,205:INFO:   Eta: 1:17:25
2022-03-29 16:14:19,958:INFO: Test: [60]  ADE: 0.8525  FDE: 1.3968
2022-03-29 16:14:44,555:INFO: Train: [61][2075/2076]  Loss -0.0245 (-0.1703)  Time:  0.141 (0.012)  Data Time:  0.005 (0.005)
2022-03-29 16:14:44,556:INFO:   Eta: 1:17:25
2022-03-29 16:15:08,912:INFO: Train: [62][2075/2076]  Loss -0.0281 (-0.1306)  Time:  0.148 (0.012)  Data Time:  0.005 (0.005)
2022-03-29 16:15:08,913:INFO:   Eta: 1:16:16
2022-03-29 16:15:33,579:INFO: Train: [63][2075/2076]  Loss -0.0226 (-0.1845)  Time:  0.156 (0.012)  Data Time:  0.004 (0.005)
2022-03-29 16:15:33,580:INFO:   Eta: 1:16:50
2022-03-29 16:15:56,920:INFO: Train: [64][2075/2076]  Loss -0.0451 (-0.1850)  Time:  0.128 (0.011)  Data Time:  0.004 (0.004)
2022-03-29 16:15:56,921:INFO:   Eta: 1:12:19
2022-03-29 16:16:19,347:INFO: Train: [65][2075/2076]  Loss -0.0751 (-0.1891)  Time:  0.118 (0.011)  Data Time:  0.003 (0.004)
2022-03-29 16:16:19,348:INFO:   Eta: 1:09:07
2022-03-29 16:16:41,407:INFO: Train: [66][2075/2076]  Loss -0.0672 (-0.1529)  Time:  0.126 (0.011)  Data Time:  0.004 (0.004)
2022-03-29 16:16:41,407:INFO:   Eta: 1:07:36
2022-03-29 16:17:04,927:INFO: Train: [67][2075/2076]  Loss -0.0641 (-0.1472)  Time:  0.130 (0.011)  Data Time:  0.004 (0.004)
2022-03-29 16:17:04,928:INFO:   Eta: 1:11:42
2022-03-29 16:17:29,794:INFO: Train: [68][2075/2076]  Loss 0.0289 (-0.1680)  Time:  0.144 (0.012)  Data Time:  0.005 (0.005)
2022-03-29 16:17:29,795:INFO:   Eta: 1:15:23
2022-03-29 16:17:53,774:INFO: Train: [69][2075/2076]  Loss -0.0297 (-0.1389)  Time:  0.137 (0.012)  Data Time:  0.005 (0.005)
2022-03-29 16:17:53,775:INFO:   Eta: 1:12:18
2022-03-29 16:18:18,490:INFO: Train: [70][2075/2076]  Loss 0.0166 (-0.1470)  Time:  0.158 (0.012)  Data Time:  0.006 (0.005)
2022-03-29 16:18:18,490:INFO:   Eta: 1:14:06
2022-03-29 16:19:46,920:INFO: Test: [70]  ADE: 0.8596  FDE: 1.4091
2022-03-29 16:20:11,765:INFO: Train: [71][2075/2076]  Loss 0.0365 (-0.1720)  Time:  0.141 (0.012)  Data Time:  0.006 (0.005)
2022-03-29 16:20:11,771:INFO:   Eta: 1:13:56
2022-03-29 16:20:35,135:INFO: Train: [72][2075/2076]  Loss -0.0526 (-0.1624)  Time:  0.133 (0.011)  Data Time:  0.003 (0.004)
2022-03-29 16:20:35,136:INFO:   Eta: 1:09:05
2022-03-29 16:20:57,261:INFO: Train: [73][2075/2076]  Loss -0.0676 (-0.1534)  Time:  0.152 (0.011)  Data Time:  0.004 (0.004)
2022-03-29 16:20:57,262:INFO:   Eta: 1:05:14
2022-03-29 16:21:20,635:INFO: Train: [74][2075/2076]  Loss -0.1079 (-0.1681)  Time:  0.141 (0.011)  Data Time:  0.005 (0.004)
2022-03-29 16:21:20,635:INFO:   Eta: 1:08:31
2022-03-29 16:21:44,859:INFO: Train: [75][2075/2076]  Loss -0.0668 (-0.1668)  Time:  0.133 (0.012)  Data Time:  0.005 (0.004)
2022-03-29 16:21:44,861:INFO:   Eta: 1:10:37
2022-03-29 16:22:09,679:INFO: Train: [76][2075/2076]  Loss -0.0284 (-0.1782)  Time:  0.131 (0.012)  Data Time:  0.005 (0.005)
2022-03-29 16:22:09,680:INFO:   Eta: 1:11:56
2022-03-29 16:22:34,642:INFO: Train: [77][2075/2076]  Loss 0.0530 (-0.1163)  Time:  0.168 (0.012)  Data Time:  0.005 (0.005)
2022-03-29 16:22:34,643:INFO:   Eta: 1:11:56
2022-03-29 16:22:59,062:INFO: Train: [78][2075/2076]  Loss -0.0217 (-0.1645)  Time:  0.131 (0.012)  Data Time:  0.005 (0.005)
2022-03-29 16:22:59,062:INFO:   Eta: 1:09:58
2022-03-29 16:23:23,544:INFO: Train: [79][2075/2076]  Loss -0.0232 (-0.1644)  Time:  0.126 (0.012)  Data Time:  0.004 (0.005)
2022-03-29 16:23:23,544:INFO:   Eta: 1:09:44
2022-03-29 16:23:48,631:INFO: Train: [80][2075/2076]  Loss -0.0985 (-0.1740)  Time:  0.134 (0.012)  Data Time:  0.005 (0.005)
2022-03-29 16:23:48,633:INFO:   Eta: 1:11:03
2022-03-29 16:25:19,712:INFO: Test: [80]  ADE: 0.8538  FDE: 1.3962
2022-03-29 16:25:42,626:INFO: Train: [81][2075/2076]  Loss -0.0111 (-0.1679)  Time:  0.133 (0.011)  Data Time:  0.005 (0.004)
2022-03-29 16:25:42,627:INFO:   Eta: 1:04:27
2022-03-29 16:26:06,261:INFO: Train: [82][2075/2076]  Loss 0.0180 (-0.1798)  Time:  0.132 (0.011)  Data Time:  0.005 (0.004)
2022-03-29 16:26:06,262:INFO:   Eta: 1:06:08
2022-03-29 16:26:30,758:INFO: Train: [83][2075/2076]  Loss 0.0034 (-0.1628)  Time:  0.132 (0.012)  Data Time:  0.004 (0.005)
2022-03-29 16:26:30,759:INFO:   Eta: 1:08:09
2022-03-29 16:26:55,550:INFO: Train: [84][2075/2076]  Loss -0.0083 (-0.1788)  Time:  0.143 (0.012)  Data Time:  0.004 (0.005)
2022-03-29 16:26:55,552:INFO:   Eta: 1:08:33
2022-03-29 16:27:19,761:INFO: Train: [85][2075/2076]  Loss -0.0469 (-0.1764)  Time:  0.128 (0.012)  Data Time:  0.004 (0.005)
2022-03-29 16:27:19,761:INFO:   Eta: 1:06:32
2022-03-29 16:27:44,385:INFO: Train: [86][2075/2076]  Loss -0.0373 (-0.1620)  Time:  0.131 (0.012)  Data Time:  0.005 (0.005)
2022-03-29 16:27:44,386:INFO:   Eta: 1:07:16
2022-03-29 16:28:08,794:INFO: Train: [87][2075/2076]  Loss 0.0117 (-0.1443)  Time:  0.132 (0.012)  Data Time:  0.004 (0.005)
2022-03-29 16:28:08,796:INFO:   Eta: 1:06:16
2022-03-29 16:28:33,208:INFO: Train: [88][2075/2076]  Loss 0.0178 (-0.1757)  Time:  0.138 (0.012)  Data Time:  0.004 (0.005)
2022-03-29 16:28:33,209:INFO:   Eta: 1:05:52
2022-03-29 16:28:57,553:INFO: Train: [89][2075/2076]  Loss -0.0697 (-0.1611)  Time:  0.135 (0.012)  Data Time:  0.003 (0.005)
2022-03-29 16:28:57,555:INFO:   Eta: 1:05:17
2022-03-29 16:29:21,669:INFO: Train: [90][2075/2076]  Loss 0.0405 (-0.1710)  Time:  0.140 (0.012)  Data Time:  0.005 (0.005)
2022-03-29 16:29:21,670:INFO:   Eta: 1:04:16
2022-03-29 16:30:50,013:INFO: Test: [90]  ADE: 0.8595  FDE: 1.4036
2022-03-29 16:31:14,605:INFO: Train: [91][2075/2076]  Loss 0.0115 (-0.1841)  Time:  0.145 (0.012)  Data Time:  0.005 (0.005)
2022-03-29 16:31:14,606:INFO:   Eta: 1:05:07
2022-03-29 16:31:39,093:INFO: Train: [92][2075/2076]  Loss -0.0734 (-0.1719)  Time:  0.140 (0.012)  Data Time:  0.004 (0.004)
2022-03-29 16:31:39,095:INFO:   Eta: 1:04:26
2022-03-29 16:32:03,637:INFO: Train: [93][2075/2076]  Loss -0.1252 (-0.1471)  Time:  0.141 (0.012)  Data Time:  0.005 (0.005)
2022-03-29 16:32:03,638:INFO:   Eta: 1:04:10
2022-03-29 16:32:27,937:INFO: Train: [94][2075/2076]  Loss -0.0507 (-0.1782)  Time:  0.139 (0.012)  Data Time:  0.005 (0.005)
2022-03-29 16:32:27,938:INFO:   Eta: 1:03:08
2022-03-29 16:32:52,386:INFO: Train: [95][2075/2076]  Loss -0.0068 (-0.1532)  Time:  0.116 (0.012)  Data Time:  0.003 (0.004)
2022-03-29 16:32:52,472:INFO:   Eta: 1:03:07
2022-03-29 16:33:17,001:INFO: Train: [96][2075/2076]  Loss 0.0091 (-0.1591)  Time:  0.141 (0.011)  Data Time:  0.005 (0.005)
2022-03-29 16:33:17,003:INFO:   Eta: 1:01:10
2022-03-29 16:33:41,542:INFO: Train: [97][2075/2076]  Loss -0.0403 (-0.1713)  Time:  0.132 (0.012)  Data Time:  0.005 (0.005)
2022-03-29 16:33:41,543:INFO:   Eta: 1:02:32
2022-03-29 16:34:06,047:INFO: Train: [98][2075/2076]  Loss -0.0569 (-0.1551)  Time:  0.109 (0.012)  Data Time:  0.003 (0.005)
2022-03-29 16:34:06,048:INFO:   Eta: 1:02:03
2022-03-29 16:34:27,735:INFO: Train: [99][2075/2076]  Loss -0.0293 (-0.1757)  Time:  0.122 (0.010)  Data Time:  0.004 (0.004)
2022-03-29 16:34:27,736:INFO:   Eta: 0:54:33
2022-03-29 16:34:51,430:INFO: Train: [100][2075/2076]  Loss -0.0907 (-0.1614)  Time:  0.141 (0.011)  Data Time:  0.004 (0.004)
2022-03-29 16:34:51,431:INFO:   Eta: 0:59:12
2022-03-29 16:36:19,781:INFO: Test: [100]  ADE: 0.8527  FDE: 1.3900
2022-03-29 16:36:44,530:INFO: Train: [101][2075/2076]  Loss -0.1043 (-0.1574)  Time:  0.140 (0.012)  Data Time:  0.005 (0.005)
2022-03-29 16:36:44,531:INFO:   Eta: 1:01:25
2022-03-29 16:37:08,591:INFO: Train: [102][2075/2076]  Loss -0.0035 (-0.1741)  Time:  0.130 (0.012)  Data Time:  0.005 (0.005)
2022-03-29 16:37:08,690:INFO:   Eta: 0:59:19
2022-03-29 16:37:33,711:INFO: Train: [103][2075/2076]  Loss -0.0482 (-0.1712)  Time:  0.146 (0.012)  Data Time:  0.005 (0.004)
2022-03-29 16:37:33,712:INFO:   Eta: 0:59:40
2022-03-29 16:37:58,209:INFO: Train: [104][2075/2076]  Loss -0.0593 (-0.1398)  Time:  0.130 (0.012)  Data Time:  0.005 (0.005)
2022-03-29 16:37:58,210:INFO:   Eta: 0:59:34
2022-03-29 16:38:22,720:INFO: Train: [105][2075/2076]  Loss -0.0632 (-0.1821)  Time:  0.139 (0.012)  Data Time:  0.005 (0.005)
2022-03-29 16:38:22,721:INFO:   Eta: 0:59:12
2022-03-29 16:38:45,758:INFO: Train: [106][2075/2076]  Loss -0.0619 (-0.1827)  Time:  0.113 (0.011)  Data Time:  0.004 (0.004)
2022-03-29 16:38:45,760:INFO:   Eta: 0:55:15
2022-03-29 16:39:07,367:INFO: Train: [107][2075/2076]  Loss -0.0570 (-0.1642)  Time:  0.162 (0.010)  Data Time:  0.005 (0.004)
2022-03-29 16:39:07,381:INFO:   Eta: 0:51:26
2022-03-29 16:39:31,210:INFO: Train: [108][2075/2076]  Loss -0.0576 (-0.1861)  Time:  0.097 (0.011)  Data Time:  0.003 (0.005)
2022-03-29 16:39:31,303:INFO:   Eta: 0:56:12
2022-03-29 16:39:55,321:INFO: Train: [109][2075/2076]  Loss -0.0139 (-0.1871)  Time:  0.140 (0.011)  Data Time:  0.005 (0.004)
2022-03-29 16:39:55,322:INFO:   Eta: 0:54:51
2022-03-29 16:40:19,310:INFO: Train: [110][2075/2076]  Loss -0.1293 (-0.1709)  Time:  0.131 (0.012)  Data Time:  0.004 (0.005)
2022-03-29 16:40:19,311:INFO:   Eta: 0:55:56
2022-03-29 16:41:45,535:INFO: Test: [110]  ADE: 0.8543  FDE: 1.3940
2022-03-29 16:42:09,851:INFO: Train: [111][2075/2076]  Loss -0.1140 (-0.1570)  Time:  0.128 (0.012)  Data Time:  0.004 (0.005)
2022-03-29 16:42:09,851:INFO:   Eta: 0:56:16
2022-03-29 16:42:34,810:INFO: Train: [112][2075/2076]  Loss 0.0272 (-0.1403)  Time:  0.150 (0.012)  Data Time:  0.006 (0.005)
2022-03-29 16:42:34,811:INFO:   Eta: 0:57:22
2022-03-29 16:42:58,833:INFO: Train: [113][2075/2076]  Loss 0.1012 (-0.1674)  Time:  0.128 (0.012)  Data Time:  0.004 (0.004)
2022-03-29 16:42:58,834:INFO:   Eta: 0:54:49
2022-03-29 16:43:21,431:INFO: Train: [114][2075/2076]  Loss -0.0305 (-0.2056)  Time:  0.126 (0.011)  Data Time:  0.003 (0.004)
2022-03-29 16:43:21,432:INFO:   Eta: 0:51:11
2022-03-29 16:43:44,838:INFO: Train: [115][2075/2076]  Loss -0.0024 (-0.1687)  Time:  0.139 (0.011)  Data Time:  0.006 (0.005)
2022-03-29 16:43:44,838:INFO:   Eta: 0:52:38
2022-03-29 16:44:07,640:INFO: Train: [116][2075/2076]  Loss 0.0033 (-0.1922)  Time:  0.139 (0.011)  Data Time:  0.004 (0.004)
2022-03-29 16:44:07,641:INFO:   Eta: 0:50:54
2022-03-29 16:44:31,064:INFO: Train: [117][2075/2076]  Loss -0.0863 (-0.1426)  Time:  0.139 (0.011)  Data Time:  0.004 (0.005)
2022-03-29 16:44:31,065:INFO:   Eta: 0:51:53
2022-03-29 16:44:55,624:INFO: Train: [118][2075/2076]  Loss -0.0694 (-0.1780)  Time:  0.132 (0.012)  Data Time:  0.004 (0.005)
2022-03-29 16:44:55,625:INFO:   Eta: 0:54:00
2022-03-29 16:45:20,255:INFO: Train: [119][2075/2076]  Loss -0.0273 (-0.1735)  Time:  0.157 (0.012)  Data Time:  0.005 (0.005)
2022-03-29 16:45:20,255:INFO:   Eta: 0:53:19
2022-03-29 16:45:44,292:INFO: Train: [120][2075/2076]  Loss -0.0278 (-0.1795)  Time:  0.128 (0.012)  Data Time:  0.005 (0.005)
2022-03-29 16:45:44,391:INFO:   Eta: 0:52:03
2022-03-29 16:47:13,024:INFO: Test: [120]  ADE: 0.8498  FDE: 1.3802
2022-03-29 16:47:36,190:INFO: Train: [121][2075/2076]  Loss -0.0652 (-0.1786)  Time:  0.115 (0.011)  Data Time:  0.003 (0.004)
2022-03-29 16:47:36,191:INFO:   Eta: 0:49:46
2022-03-29 16:47:58,417:INFO: Train: [122][2075/2076]  Loss -0.0174 (-0.1759)  Time:  0.146 (0.011)  Data Time:  0.005 (0.004)
2022-03-29 16:47:58,418:INFO:   Eta: 0:47:23
2022-03-29 16:48:22,661:INFO: Train: [123][2075/2076]  Loss -0.0222 (-0.1677)  Time:  0.152 (0.012)  Data Time:  0.005 (0.005)
2022-03-29 16:48:22,662:INFO:   Eta: 0:51:17
2022-03-29 16:48:45,540:INFO: Train: [124][2075/2076]  Loss 0.0419 (-0.1711)  Time:  0.111 (0.011)  Data Time:  0.003 (0.004)
2022-03-29 16:48:45,541:INFO:   Eta: 0:48:01
2022-03-29 16:49:08,999:INFO: Train: [125][2075/2076]  Loss 0.0446 (-0.1630)  Time:  0.132 (0.011)  Data Time:  0.004 (0.004)
2022-03-29 16:49:09,000:INFO:   Eta: 0:48:51
2022-03-29 16:49:33,036:INFO: Train: [126][2075/2076]  Loss -0.0960 (-0.1687)  Time:  0.152 (0.012)  Data Time:  0.005 (0.005)
2022-03-29 16:49:33,037:INFO:   Eta: 0:49:39
2022-03-29 16:49:57,452:INFO: Train: [127][2075/2076]  Loss -0.0123 (-0.1688)  Time:  0.128 (0.012)  Data Time:  0.005 (0.005)
2022-03-29 16:49:57,454:INFO:   Eta: 0:50:01
2022-03-29 16:50:21,429:INFO: Train: [128][2075/2076]  Loss -0.0841 (-0.1844)  Time:  0.135 (0.012)  Data Time:  0.005 (0.004)
2022-03-29 16:50:21,429:INFO:   Eta: 0:48:43
2022-03-29 16:50:46,017:INFO: Train: [129][2075/2076]  Loss -0.0677 (-0.1543)  Time:  0.143 (0.012)  Data Time:  0.005 (0.005)
2022-03-29 16:50:46,018:INFO:   Eta: 0:49:34
2022-03-29 16:51:10,513:INFO: Train: [130][2075/2076]  Loss -0.0255 (-0.1795)  Time:  0.149 (0.012)  Data Time:  0.005 (0.005)
2022-03-29 16:51:10,514:INFO:   Eta: 0:48:58
2022-03-29 16:52:39,965:INFO: Test: [130]  ADE: 0.8604  FDE: 1.3992
2022-03-29 16:53:02,419:INFO: Train: [131][2075/2076]  Loss -0.0579 (-0.1888)  Time:  0.123 (0.011)  Data Time:  0.004 (0.004)
2022-03-29 16:53:02,421:INFO:   Eta: 0:44:29
2022-03-29 16:53:26,463:INFO: Train: [132][2075/2076]  Loss 0.0209 (-0.1901)  Time:  0.131 (0.012)  Data Time:  0.006 (0.005)
2022-03-29 16:53:26,464:INFO:   Eta: 0:47:15
2022-03-29 16:53:50,303:INFO: Train: [133][2075/2076]  Loss -0.0499 (-0.1591)  Time:  0.132 (0.011)  Data Time:  0.005 (0.004)
2022-03-29 16:53:50,303:INFO:   Eta: 0:46:27
2022-03-29 16:54:13,016:INFO: Train: [134][2075/2076]  Loss -0.0075 (-0.1643)  Time:  0.132 (0.011)  Data Time:  0.004 (0.004)
2022-03-29 16:54:13,017:INFO:   Eta: 0:43:53
2022-03-29 16:54:37,752:INFO: Train: [135][2075/2076]  Loss -0.0037 (-0.1405)  Time:  0.132 (0.012)  Data Time:  0.004 (0.005)
2022-03-29 16:54:37,753:INFO:   Eta: 0:47:23
2022-03-29 16:55:01,992:INFO: Train: [136][2075/2076]  Loss -0.0623 (-0.1690)  Time:  0.130 (0.012)  Data Time:  0.003 (0.005)
2022-03-29 16:55:01,994:INFO:   Eta: 0:46:01
2022-03-29 16:55:25,909:INFO: Train: [137][2075/2076]  Loss -0.0182 (-0.1990)  Time:  0.142 (0.012)  Data Time:  0.004 (0.005)
2022-03-29 16:55:25,910:INFO:   Eta: 0:45:00
2022-03-29 16:55:49,991:INFO: Train: [138][2075/2076]  Loss 0.0049 (-0.1640)  Time:  0.130 (0.012)  Data Time:  0.003 (0.005)
2022-03-29 16:55:49,992:INFO:   Eta: 0:44:55
2022-03-29 16:56:14,351:INFO: Train: [139][2075/2076]  Loss -0.0821 (-0.1706)  Time:  0.127 (0.012)  Data Time:  0.005 (0.005)
2022-03-29 16:56:14,353:INFO:   Eta: 0:45:02
2022-03-29 16:56:37,705:INFO: Train: [140][2075/2076]  Loss -0.0296 (-0.1622)  Time:  0.123 (0.011)  Data Time:  0.004 (0.004)
2022-03-29 16:56:37,706:INFO:   Eta: 0:42:47
2022-03-29 16:58:08,897:INFO: Test: [140]  ADE: 0.8514  FDE: 1.3843
2022-03-29 16:58:32,758:INFO: Train: [141][2075/2076]  Loss -0.1049 (-0.1727)  Time:  0.135 (0.011)  Data Time:  0.005 (0.004)
2022-03-29 16:58:32,759:INFO:   Eta: 0:43:18
2022-03-29 16:58:56,653:INFO: Train: [142][2075/2076]  Loss -0.0991 (-0.1667)  Time:  0.127 (0.012)  Data Time:  0.004 (0.004)
2022-03-29 16:58:56,654:INFO:   Eta: 0:42:59
2022-03-29 16:59:18,803:INFO: Train: [143][2075/2076]  Loss -0.0749 (-0.1839)  Time:  0.132 (0.011)  Data Time:  0.005 (0.004)
2022-03-29 16:59:18,804:INFO:   Eta: 0:39:28
2022-03-29 16:59:42,231:INFO: Train: [144][2075/2076]  Loss -0.1050 (-0.1730)  Time:  0.134 (0.011)  Data Time:  0.004 (0.004)
2022-03-29 16:59:42,232:INFO:   Eta: 0:41:22
2022-03-29 17:00:06,262:INFO: Train: [145][2075/2076]  Loss -0.0812 (-0.1692)  Time:  0.134 (0.012)  Data Time:  0.004 (0.005)
2022-03-29 17:00:06,263:INFO:   Eta: 0:42:02
2022-03-29 17:00:30,482:INFO: Train: [146][2075/2076]  Loss -0.0831 (-0.1637)  Time:  0.130 (0.012)  Data Time:  0.005 (0.005)
2022-03-29 17:00:30,484:INFO:   Eta: 0:41:57
2022-03-29 17:00:54,646:INFO: Train: [147][2075/2076]  Loss -0.1082 (-0.1566)  Time:  0.132 (0.012)  Data Time:  0.004 (0.004)
2022-03-29 17:00:54,647:INFO:   Eta: 0:41:27
2022-03-29 17:01:18,516:INFO: Train: [148][2075/2076]  Loss 0.0236 (-0.1533)  Time:  0.136 (0.011)  Data Time:  0.004 (0.004)
2022-03-29 17:01:18,517:INFO:   Eta: 0:40:33
2022-03-29 17:01:42,658:INFO: Train: [149][2075/2076]  Loss -0.0676 (-0.1847)  Time:  0.130 (0.012)  Data Time:  0.004 (0.004)
2022-03-29 17:01:42,659:INFO:   Eta: 0:40:37
2022-03-29 17:02:06,708:INFO: Train: [150][2075/2076]  Loss -0.0699 (-0.1806)  Time:  0.125 (0.012)  Data Time:  0.005 (0.005)
2022-03-29 17:02:06,709:INFO:   Eta: 0:40:03
2022-03-29 17:03:36,194:INFO: Test: [150]  ADE: 0.8523  FDE: 1.3893
2022-03-29 17:04:00,578:INFO: Train: [151][2075/2076]  Loss 0.0537 (-0.1849)  Time:  0.126 (0.012)  Data Time:  0.004 (0.005)
2022-03-29 17:04:00,580:INFO:   Eta: 0:40:12
2022-03-29 17:04:04,978:INFO: Valid: [151][529/530]  Loss -1.4296 (-0.9351)
2022-03-29 17:04:04,998:INFO: Checkpoint saved...
2022-03-29 17:04:28,540:INFO: Train: [152][2075/2076]  Loss -0.0616 (-0.1646)  Time:  0.135 (0.011)  Data Time:  0.005 (0.005)
2022-03-29 17:04:28,628:INFO:   Eta: 0:38:26
2022-03-29 17:04:33,077:INFO: Valid: [152][529/530]  Loss -1.4414 (-0.9431)
2022-03-29 17:04:33,094:INFO: Checkpoint saved...
2022-03-29 17:04:55,963:INFO: Train: [153][2075/2076]  Loss -0.0336 (-0.1699)  Time:  0.139 (0.011)  Data Time:  0.004 (0.004)
2022-03-29 17:04:55,964:INFO:   Eta: 0:36:57
2022-03-29 17:05:00,180:INFO: Valid: [153][529/530]  Loss -1.4388 (-0.9415)
2022-03-29 17:05:23,918:INFO: Train: [154][2075/2076]  Loss 0.0939 (-0.1671)  Time:  0.141 (0.011)  Data Time:  0.005 (0.005)
2022-03-29 17:05:23,918:INFO:   Eta: 0:37:57
2022-03-29 17:05:28,055:INFO: Valid: [154][529/530]  Loss -1.4363 (-0.9394)
2022-03-29 17:05:52,803:INFO: Train: [155][2075/2076]  Loss -0.0661 (-0.1728)  Time:  0.145 (0.012)  Data Time:  0.005 (0.005)
2022-03-29 17:05:52,804:INFO:   Eta: 0:39:10
2022-03-29 17:05:57,109:INFO: Valid: [155][529/530]  Loss -1.4371 (-0.9397)
2022-03-29 17:06:21,274:INFO: Train: [156][2075/2076]  Loss 0.0340 (-0.1624)  Time:  0.144 (0.012)  Data Time:  0.005 (0.004)
2022-03-29 17:06:21,275:INFO:   Eta: 0:37:50
2022-03-29 17:06:25,460:INFO: Valid: [156][529/530]  Loss -1.4359 (-0.9388)
2022-03-29 17:06:49,301:INFO: Train: [157][2075/2076]  Loss -0.0028 (-0.1871)  Time:  0.135 (0.011)  Data Time:  0.004 (0.004)
2022-03-29 17:06:49,302:INFO:   Eta: 0:36:55
2022-03-29 17:06:53,500:INFO: Valid: [157][529/530]  Loss -1.4395 (-0.9415)
2022-03-29 17:07:18,123:INFO: Train: [158][2075/2076]  Loss -0.1069 (-0.1965)  Time:  0.147 (0.012)  Data Time:  0.003 (0.005)
2022-03-29 17:07:18,124:INFO:   Eta: 0:37:44
2022-03-29 17:07:22,262:INFO: Valid: [158][529/530]  Loss -1.4396 (-0.9418)
2022-03-29 17:07:47,029:INFO: Train: [159][2075/2076]  Loss -0.0738 (-0.1867)  Time:  0.130 (0.012)  Data Time:  0.005 (0.005)
2022-03-29 17:07:47,030:INFO:   Eta: 0:37:32
2022-03-29 17:07:51,120:INFO: Valid: [159][529/530]  Loss -1.4386 (-0.9414)
2022-03-29 17:08:14,231:INFO: Train: [160][2075/2076]  Loss -0.0274 (-0.1818)  Time:  0.124 (0.011)  Data Time:  0.004 (0.004)
2022-03-29 17:08:14,231:INFO:   Eta: 0:34:38
2022-03-29 17:08:18,155:INFO: Valid: [160][529/530]  Loss -1.4368 (-0.9405)
2022-03-29 17:09:48,726:INFO: Test: [160]  ADE: 0.8553  FDE: 1.3859
2022-03-29 17:10:11,962:INFO: Train: [161][2075/2076]  Loss -0.1205 (-0.1976)  Time:  0.116 (0.011)  Data Time:  0.004 (0.004)
2022-03-29 17:10:12,056:INFO:   Eta: 0:34:25
2022-03-29 17:10:16,109:INFO: Valid: [161][529/530]  Loss -1.4333 (-0.9385)
2022-03-29 17:10:38,782:INFO: Train: [162][2075/2076]  Loss -0.0328 (-0.1732)  Time:  0.103 (0.010)  Data Time:  0.004 (0.004)
2022-03-29 17:10:38,988:INFO:   Eta: 0:31:53
2022-03-29 17:10:43,523:INFO: Valid: [162][529/530]  Loss -1.4344 (-0.9389)
2022-03-29 17:11:09,827:INFO: Train: [163][2075/2076]  Loss -0.0107 (-0.1846)  Time:  0.138 (0.012)  Data Time:  0.005 (0.004)
2022-03-29 17:11:09,841:INFO:   Eta: 0:35:43
2022-03-29 17:11:14,087:INFO: Valid: [163][529/530]  Loss -1.4378 (-0.9415)
2022-03-29 17:11:38,453:INFO: Train: [164][2075/2076]  Loss -0.0704 (-0.2012)  Time:  0.150 (0.012)  Data Time:  0.004 (0.005)
2022-03-29 17:11:38,460:INFO:   Eta: 0:34:53
2022-03-29 17:11:42,719:INFO: Valid: [164][529/530]  Loss -1.4373 (-0.9408)
2022-03-29 17:12:07,167:INFO: Train: [165][2075/2076]  Loss -0.0716 (-0.1816)  Time:  0.136 (0.012)  Data Time:  0.004 (0.005)
2022-03-29 17:12:07,168:INFO:   Eta: 0:34:35
2022-03-29 17:12:11,406:INFO: Valid: [165][529/530]  Loss -1.4363 (-0.9403)
2022-03-29 17:12:36,124:INFO: Train: [166][2075/2076]  Loss -0.0368 (-0.1725)  Time:  0.146 (0.012)  Data Time:  0.006 (0.005)
2022-03-29 17:12:36,124:INFO:   Eta: 0:34:35
2022-03-29 17:12:40,226:INFO: Valid: [166][529/530]  Loss -1.4405 (-0.9430)
2022-03-29 17:13:04,748:INFO: Train: [167][2075/2076]  Loss -0.1025 (-0.1868)  Time:  0.150 (0.012)  Data Time:  0.006 (0.005)
2022-03-29 17:13:04,749:INFO:   Eta: 0:33:54
2022-03-29 17:13:08,919:INFO: Valid: [167][529/530]  Loss -1.4374 (-0.9409)
2022-03-29 17:13:31,095:INFO: Train: [168][2075/2076]  Loss -0.0333 (-0.1791)  Time:  0.119 (0.011)  Data Time:  0.004 (0.004)
2022-03-29 17:13:31,097:INFO:   Eta: 0:30:17
2022-03-29 17:13:35,052:INFO: Valid: [168][529/530]  Loss -1.4384 (-0.9417)
2022-03-29 17:13:58,511:INFO: Train: [169][2075/2076]  Loss -0.0509 (-0.1632)  Time:  0.142 (0.011)  Data Time:  0.005 (0.004)
2022-03-29 17:13:58,511:INFO:   Eta: 0:31:39
2022-03-29 17:14:02,738:INFO: Valid: [169][529/530]  Loss -1.4372 (-0.9406)
2022-03-29 17:14:27,082:INFO: Train: [170][2075/2076]  Loss -0.0494 (-0.1446)  Time:  0.135 (0.012)  Data Time:  0.004 (0.004)
2022-03-29 17:14:27,084:INFO:   Eta: 0:32:26
2022-03-29 17:14:31,311:INFO: Valid: [170][529/530]  Loss -1.4342 (-0.9386)
2022-03-29 17:16:03,049:INFO: Test: [170]  ADE: 0.8535  FDE: 1.3903
2022-03-29 17:16:25,962:INFO: Train: [171][2075/2076]  Loss -0.0611 (-0.1775)  Time:  0.123 (0.011)  Data Time:  0.004 (0.004)
2022-03-29 17:16:25,964:INFO:   Eta: 0:30:08
2022-03-29 17:16:30,183:INFO: Valid: [171][529/530]  Loss -1.4352 (-0.9397)
2022-03-29 17:16:53,645:INFO: Train: [172][2075/2076]  Loss -0.0577 (-0.1888)  Time:  0.134 (0.011)  Data Time:  0.004 (0.004)
2022-03-29 17:16:54,074:INFO:   Eta: 0:30:28
2022-03-29 17:16:59,370:INFO: Valid: [172][529/530]  Loss -1.4335 (-0.9387)
2022-03-29 17:17:23,716:INFO: Train: [173][2075/2076]  Loss -0.0611 (-0.1831)  Time:  0.150 (0.012)  Data Time:  0.003 (0.004)
2022-03-29 17:17:23,718:INFO:   Eta: 0:31:13
2022-03-29 17:17:27,980:INFO: Valid: [173][529/530]  Loss -1.4385 (-0.9420)
2022-03-29 17:17:52,082:INFO: Train: [174][2075/2076]  Loss -0.0243 (-0.1594)  Time:  0.125 (0.012)  Data Time:  0.003 (0.004)
2022-03-29 17:17:52,083:INFO:   Eta: 0:30:30
2022-03-29 17:17:56,442:INFO: Valid: [174][529/530]  Loss -1.4286 (-0.9355)
2022-03-29 17:18:19,951:INFO: Train: [175][2075/2076]  Loss 0.0199 (-0.1700)  Time:  0.123 (0.011)  Data Time:  0.006 (0.004)
2022-03-29 17:18:19,952:INFO:   Eta: 0:29:22
2022-03-29 17:18:23,923:INFO: Valid: [175][529/530]  Loss -1.4370 (-0.9409)
2022-03-29 17:18:45,754:INFO: Train: [176][2075/2076]  Loss -0.0299 (-0.1576)  Time:  0.114 (0.011)  Data Time:  0.004 (0.004)
2022-03-29 17:18:45,755:INFO:   Eta: 0:26:54
2022-03-29 17:18:49,687:INFO: Valid: [176][529/530]  Loss -1.4355 (-0.9400)
2022-03-29 17:19:13,862:INFO: Train: [177][2075/2076]  Loss 0.0754 (-0.1901)  Time:  0.151 (0.012)  Data Time:  0.006 (0.005)
2022-03-29 17:19:13,863:INFO:   Eta: 0:29:23
2022-03-29 17:19:18,017:INFO: Valid: [177][529/530]  Loss -1.4371 (-0.9407)
2022-03-29 17:19:42,675:INFO: Train: [178][2075/2076]  Loss -0.0039 (-0.1597)  Time:  0.134 (0.012)  Data Time:  0.004 (0.005)
2022-03-29 17:19:42,675:INFO:   Eta: 0:29:34
2022-03-29 17:19:46,861:INFO: Valid: [178][529/530]  Loss -1.4344 (-0.9390)
2022-03-29 17:20:11,745:INFO: Train: [179][2075/2076]  Loss -0.0489 (-0.1586)  Time:  0.153 (0.012)  Data Time:  0.006 (0.005)
2022-03-29 17:20:11,746:INFO:   Eta: 0:29:25
2022-03-29 17:20:16,027:INFO: Valid: [179][529/530]  Loss -1.4345 (-0.9392)
2022-03-29 17:20:40,388:INFO: Train: [180][2075/2076]  Loss -0.0326 (-0.1711)  Time:  0.152 (0.012)  Data Time:  0.005 (0.005)
2022-03-29 17:20:40,389:INFO:   Eta: 0:28:24
2022-03-29 17:20:44,527:INFO: Valid: [180][529/530]  Loss -1.4347 (-0.9393)
2022-03-29 17:22:16,254:INFO: Test: [180]  ADE: 0.8540  FDE: 1.3886
2022-03-29 17:22:41,080:INFO: Train: [181][2075/2076]  Loss 0.0368 (-0.1851)  Time:  0.129 (0.012)  Data Time:  0.003 (0.004)
2022-03-29 17:22:41,081:INFO:   Eta: 0:28:31
2022-03-29 17:22:45,401:INFO: Valid: [181][529/530]  Loss -1.4280 (-0.9347)
2022-03-29 17:23:09,107:INFO: Train: [182][2075/2076]  Loss -0.0607 (-0.1634)  Time:  0.121 (0.011)  Data Time:  0.004 (0.004)
2022-03-29 17:23:09,108:INFO:   Eta: 0:26:49
2022-03-29 17:23:13,619:INFO: Valid: [182][529/530]  Loss -1.4349 (-0.9394)
2022-03-29 17:23:37,055:INFO: Train: [183][2075/2076]  Loss 0.0200 (-0.1767)  Time:  0.131 (0.011)  Data Time:  0.005 (0.004)
2022-03-29 17:23:37,056:INFO:   Eta: 0:26:09
2022-03-29 17:23:41,122:INFO: Valid: [183][529/530]  Loss -1.4330 (-0.9380)
2022-03-29 17:24:03,927:INFO: Train: [184][2075/2076]  Loss -0.0531 (-0.1684)  Time:  0.144 (0.011)  Data Time:  0.004 (0.004)
2022-03-29 17:24:03,930:INFO:   Eta: 0:25:04
2022-03-29 17:24:08,168:INFO: Valid: [184][529/530]  Loss -1.4251 (-0.9328)
2022-03-29 17:24:33,600:INFO: Train: [185][2075/2076]  Loss -0.0576 (-0.1409)  Time:  0.150 (0.012)  Data Time:  0.005 (0.005)
2022-03-29 17:24:33,602:INFO:   Eta: 0:27:32
2022-03-29 17:24:37,715:INFO: Valid: [185][529/530]  Loss -1.4329 (-0.9378)
2022-03-29 17:25:03,243:INFO: Train: [186][2075/2076]  Loss 0.0561 (-0.1609)  Time:  0.147 (0.012)  Data Time:  0.004 (0.005)
2022-03-29 17:25:03,244:INFO:   Eta: 0:27:12
2022-03-29 17:25:07,577:INFO: Valid: [186][529/530]  Loss -1.4268 (-0.9339)
2022-03-29 17:25:32,730:INFO: Train: [187][2075/2076]  Loss -0.0546 (-0.1734)  Time:  0.140 (0.012)  Data Time:  0.005 (0.004)
2022-03-29 17:25:32,731:INFO:   Eta: 0:26:23
2022-03-29 17:25:36,942:INFO: Valid: [187][529/530]  Loss -1.4363 (-0.9404)
2022-03-29 17:26:01,670:INFO: Train: [188][2075/2076]  Loss -0.0885 (-0.1723)  Time:  0.116 (0.012)  Data Time:  0.004 (0.005)
2022-03-29 17:26:01,684:INFO:   Eta: 0:25:32
2022-03-29 17:26:05,681:INFO: Valid: [188][529/530]  Loss -1.4361 (-0.9402)
2022-03-29 17:26:30,428:INFO: Train: [189][2075/2076]  Loss 0.0446 (-0.1735)  Time:  0.150 (0.012)  Data Time:  0.005 (0.004)
2022-03-29 17:26:30,430:INFO:   Eta: 0:25:07
2022-03-29 17:26:34,586:INFO: Valid: [189][529/530]  Loss -1.4364 (-0.9408)
2022-03-29 17:27:00,099:INFO: Train: [190][2075/2076]  Loss -0.0887 (-0.1840)  Time:  0.169 (0.012)  Data Time:  0.006 (0.005)
2022-03-29 17:27:00,101:INFO:   Eta: 0:25:29
2022-03-29 17:27:04,282:INFO: Valid: [190][529/530]  Loss -1.4299 (-0.9366)
2022-03-29 17:28:36,406:INFO: Test: [190]  ADE: 0.8554  FDE: 1.3915
2022-03-29 17:28:59,856:INFO: Train: [191][2075/2076]  Loss -0.0387 (-0.1799)  Time:  0.120 (0.011)  Data Time:  0.003 (0.004)
2022-03-29 17:28:59,857:INFO:   Eta: 0:23:02
2022-03-29 17:29:03,952:INFO: Valid: [191][529/530]  Loss -1.4320 (-0.9380)
2022-03-29 17:29:27,710:INFO: Train: [192][2075/2076]  Loss -0.0624 (-0.1511)  Time:  0.126 (0.011)  Data Time:  0.003 (0.004)
2022-03-29 17:29:28,292:INFO:   Eta: 0:22:52
2022-03-29 17:29:33,753:INFO: Valid: [192][529/530]  Loss -1.4340 (-0.9394)
2022-03-29 17:29:56,100:INFO: Train: [193][2075/2076]  Loss 0.0654 (-0.1865)  Time:  0.108 (0.008)  Data Time:  0.001 (0.002)
2022-03-29 17:29:58,220:INFO:   Eta: 0:15:18
2022-03-29 17:30:02,905:INFO: Valid: [193][529/530]  Loss -1.4371 (-0.9416)
2022-03-29 17:30:26,838:INFO: Train: [194][2075/2076]  Loss 0.0493 (-0.1563)  Time:  0.112 (0.011)  Data Time:  0.003 (0.004)
2022-03-29 17:30:27,429:INFO:   Eta: 0:21:11
2022-03-29 17:30:31,963:INFO: Valid: [194][529/530]  Loss -1.4399 (-0.9434)
2022-03-29 17:30:58,313:INFO: Train: [195][2075/2076]  Loss 0.0111 (-0.1986)  Time:  0.146 (0.012)  Data Time:  0.003 (0.005)
2022-03-29 17:30:58,315:INFO:   Eta: 0:23:22
2022-03-29 17:31:02,326:INFO: Valid: [195][529/530]  Loss -1.4342 (-0.9399)
2022-03-29 17:31:27,728:INFO: Train: [196][2075/2076]  Loss -0.0615 (-0.1628)  Time:  0.148 (0.012)  Data Time:  0.005 (0.005)
2022-03-29 17:31:27,729:INFO:   Eta: 0:22:50
2022-03-29 17:31:31,767:INFO: Valid: [196][529/530]  Loss -1.4296 (-0.9368)
2022-03-29 17:31:55,087:INFO: Train: [197][2075/2076]  Loss -0.0639 (-0.1726)  Time:  0.134 (0.011)  Data Time:  0.004 (0.004)
2022-03-29 17:31:55,088:INFO:   Eta: 0:20:35
2022-03-29 17:31:59,220:INFO: Valid: [197][529/530]  Loss -1.4290 (-0.9363)
2022-03-29 17:32:24,429:INFO: Train: [198][2075/2076]  Loss -0.0454 (-0.1791)  Time:  0.134 (0.012)  Data Time:  0.005 (0.005)
2022-03-29 17:32:24,430:INFO:   Eta: 0:21:50
2022-03-29 17:32:28,713:INFO: Valid: [198][529/530]  Loss -1.4293 (-0.9364)
2022-03-29 17:32:54,536:INFO: Train: [199][2075/2076]  Loss -0.0393 (-0.1792)  Time:  0.110 (0.012)  Data Time:  0.003 (0.004)
2022-03-29 17:32:54,668:INFO:   Eta: 0:21:10
2022-03-29 17:32:58,952:INFO: Valid: [199][529/530]  Loss -1.4321 (-0.9383)
2022-03-29 17:33:24,550:INFO: Train: [200][2075/2076]  Loss -0.0134 (-0.1976)  Time:  0.130 (0.012)  Data Time:  0.003 (0.004)
2022-03-29 17:33:24,652:INFO:   Eta: 0:21:10
2022-03-29 17:33:29,024:INFO: Valid: [200][529/530]  Loss -1.4393 (-0.9425)
2022-03-29 17:35:03,432:INFO: Test: [200]  ADE: 0.8521  FDE: 1.3859
2022-03-29 17:35:29,169:INFO: Train: [201][2075/2076]  Loss -0.0993 (-0.1770)  Time:  0.132 (0.012)  Data Time:  0.004 (0.005)
2022-03-29 17:35:29,245:INFO:   Eta: 0:20:22
2022-03-29 17:35:33,499:INFO: Valid: [201][529/530]  Loss -1.4377 (-0.9414)
2022-03-29 17:35:58,401:INFO: Train: [202][2075/2076]  Loss -0.0492 (-0.1993)  Time:  0.135 (0.012)  Data Time:  0.004 (0.004)
2022-03-29 17:35:58,402:INFO:   Eta: 0:19:54
2022-03-29 17:36:02,628:INFO: Valid: [202][529/530]  Loss -1.4313 (-0.9373)
2022-03-29 17:36:28,354:INFO: Train: [203][2075/2076]  Loss 0.0931 (-0.1644)  Time:  0.138 (0.012)  Data Time:  0.003 (0.004)
2022-03-29 17:36:28,446:INFO:   Eta: 0:20:02
2022-03-29 17:36:32,669:INFO: Valid: [203][529/530]  Loss -1.4300 (-0.9368)
2022-03-29 17:36:55,250:INFO: Train: [204][2075/2076]  Loss -0.0752 (-0.1707)  Time:  0.137 (0.010)  Data Time:  0.005 (0.004)
2022-03-29 17:36:58,163:INFO:   Eta: 0:16:24
2022-03-29 17:37:03,037:INFO: Valid: [204][529/530]  Loss -1.4391 (-0.9426)
2022-03-29 17:37:27,273:INFO: Train: [205][2075/2076]  Loss -0.0477 (-0.1608)  Time:  0.147 (0.011)  Data Time:  0.005 (0.004)
2022-03-29 17:37:27,399:INFO:   Eta: 0:17:37
2022-03-29 17:37:31,706:INFO: Valid: [205][529/530]  Loss -1.4349 (-0.9399)
2022-03-29 17:37:57,301:INFO: Train: [206][2075/2076]  Loss -0.0854 (-0.1571)  Time:  0.128 (0.012)  Data Time:  0.004 (0.005)
2022-03-29 17:37:57,302:INFO:   Eta: 0:18:22
2022-03-29 17:38:01,468:INFO: Valid: [206][529/530]  Loss -1.4276 (-0.9350)
2022-03-29 17:38:26,929:INFO: Train: [207][2075/2076]  Loss -0.0250 (-0.1838)  Time:  0.131 (0.012)  Data Time:  0.005 (0.005)
2022-03-29 17:38:26,930:INFO:   Eta: 0:18:14
2022-03-29 17:38:30,956:INFO: Valid: [207][529/530]  Loss -1.4357 (-0.9401)
2022-03-29 17:38:56,431:INFO: Train: [208][2075/2076]  Loss -0.0409 (-0.1821)  Time:  0.147 (0.012)  Data Time:  0.005 (0.005)
2022-03-29 17:38:56,432:INFO:   Eta: 0:17:49
2022-03-29 17:39:00,697:INFO: Valid: [208][529/530]  Loss -1.4356 (-0.9400)
2022-03-29 17:39:24,665:INFO: Train: [209][2075/2076]  Loss -0.0322 (-0.1772)  Time:  0.125 (0.012)  Data Time:  0.004 (0.004)
2022-03-29 17:39:24,666:INFO:   Eta: 0:16:22
2022-03-29 17:39:28,638:INFO: Valid: [209][529/530]  Loss -1.4338 (-0.9387)
2022-03-29 17:39:49,482:INFO: Train: [210][2075/2076]  Loss 0.0001 (-0.1554)  Time:  0.119 (0.010)  Data Time:  0.003 (0.003)
2022-03-29 17:39:49,484:INFO:   Eta: 0:13:52
2022-03-29 17:39:53,503:INFO: Valid: [210][529/530]  Loss -1.4373 (-0.9411)
2022-03-29 17:41:25,522:INFO: Test: [210]  ADE: 0.8538  FDE: 1.3907
2022-03-29 17:41:46,222:INFO: Train: [211][2075/2076]  Loss -0.1182 (-0.1936)  Time:  0.119 (0.010)  Data Time:  0.003 (0.003)
2022-03-29 17:41:46,222:INFO:   Eta: 0:13:25
2022-03-29 17:41:50,192:INFO: Valid: [211][529/530]  Loss -1.4391 (-0.9423)
2022-03-29 17:42:08,220:INFO: Train: [212][2075/2076]  Loss 0.0469 (-0.1975)  Time:  0.104 (0.009)  Data Time:  0.002 (0.002)
2022-03-29 17:42:08,221:INFO:   Eta: 0:11:24
2022-03-29 17:42:11,916:INFO: Valid: [212][529/530]  Loss -1.4382 (-0.9420)
2022-03-29 17:42:30,159:INFO: Train: [213][2075/2076]  Loss -0.0127 (-0.1487)  Time:  0.113 (0.009)  Data Time:  0.002 (0.002)
2022-03-29 17:42:30,159:INFO:   Eta: 0:11:14
2022-03-29 17:42:33,860:INFO: Valid: [213][529/530]  Loss -1.4370 (-0.9409)
2022-03-29 17:42:51,965:INFO: Train: [214][2075/2076]  Loss 0.0031 (-0.1706)  Time:  0.117 (0.009)  Data Time:  0.002 (0.002)
2022-03-29 17:42:51,966:INFO:   Eta: 0:10:51
2022-03-29 17:42:55,833:INFO: Valid: [214][529/530]  Loss -1.4338 (-0.9386)
2022-03-29 17:43:12,950:INFO: Train: [215][2075/2076]  Loss -0.0754 (-0.1969)  Time:  0.153 (0.008)  Data Time:  0.002 (0.002)
2022-03-29 17:43:12,951:INFO:   Eta: 0:09:58
2022-03-29 17:43:17,048:INFO: Valid: [215][529/530]  Loss -1.4375 (-0.9411)
2022-03-29 17:43:34,627:INFO: Train: [216][2075/2076]  Loss -0.0316 (-0.1800)  Time:  0.099 (0.008)  Data Time:  0.002 (0.003)
2022-03-29 17:43:34,628:INFO:   Eta: 0:09:57
2022-03-29 17:43:38,224:INFO: Valid: [216][529/530]  Loss -1.4400 (-0.9428)
2022-03-29 17:43:54,927:INFO: Train: [217][2075/2076]  Loss -0.0406 (-0.1359)  Time:  0.107 (0.008)  Data Time:  0.003 (0.002)
2022-03-29 17:43:55,391:INFO:   Eta: 0:09:10
2022-03-29 17:44:00,498:INFO: Valid: [217][529/530]  Loss -1.4341 (-0.9387)
2022-03-29 17:44:20,020:INFO: Train: [218][2075/2076]  Loss -0.0282 (-0.1637)  Time:  0.101 (0.009)  Data Time:  0.003 (0.002)
2022-03-29 17:44:20,022:INFO:   Eta: 0:09:34
2022-03-29 17:44:23,710:INFO: Valid: [218][529/530]  Loss -1.4312 (-0.9372)
2022-03-29 17:44:38,843:INFO: Train: [219][2075/2076]  Loss 0.0487 (-0.1790)  Time:  0.093 (0.007)  Data Time:  0.003 (0.002)
2022-03-29 17:44:38,844:INFO:   Eta: 0:07:47
2022-03-29 17:44:42,536:INFO: Valid: [219][529/530]  Loss -1.4374 (-0.9415)
2022-03-29 17:45:00,080:INFO: Train: [220][2075/2076]  Loss 0.0039 (-0.1886)  Time:  0.104 (0.008)  Data Time:  0.002 (0.002)
2022-03-29 17:45:00,082:INFO:   Eta: 0:08:46
2022-03-29 17:45:03,776:INFO: Valid: [220][529/530]  Loss -1.4408 (-0.9438)
2022-03-29 17:46:29,122:INFO: Test: [220]  ADE: 0.8522  FDE: 1.3845
2022-03-29 17:46:46,227:INFO: Train: [221][2075/2076]  Loss -0.0461 (-0.1725)  Time:  0.084 (0.008)  Data Time:  0.002 (0.003)
2022-03-29 17:46:46,228:INFO:   Eta: 0:08:15
2022-03-29 17:46:49,922:INFO: Valid: [221][529/530]  Loss -1.4344 (-0.9392)
2022-03-29 17:47:06,673:INFO: Train: [222][2075/2076]  Loss -0.0710 (-0.1783)  Time:  0.094 (0.008)  Data Time:  0.003 (0.002)
2022-03-29 17:47:06,674:INFO:   Eta: 0:07:48
2022-03-29 17:47:10,576:INFO: Valid: [222][529/530]  Loss -1.4373 (-0.9410)
2022-03-29 17:47:27,152:INFO: Train: [223][2075/2076]  Loss 0.0118 (-0.1804)  Time:  0.092 (0.008)  Data Time:  0.002 (0.002)
2022-03-29 17:47:27,153:INFO:   Eta: 0:07:27
2022-03-29 17:47:30,844:INFO: Valid: [223][529/530]  Loss -1.4379 (-0.9418)
2022-03-29 17:47:48,016:INFO: Train: [224][2075/2076]  Loss -0.0807 (-0.1744)  Time:  0.100 (0.008)  Data Time:  0.002 (0.002)
2022-03-29 17:47:48,016:INFO:   Eta: 0:07:26
2022-03-29 17:47:51,899:INFO: Valid: [224][529/530]  Loss -1.4412 (-0.9435)
2022-03-29 17:48:09,458:INFO: Train: [225][2075/2076]  Loss -0.0287 (-0.1731)  Time:  0.096 (0.008)  Data Time:  0.002 (0.003)
2022-03-29 17:48:09,459:INFO:   Eta: 0:07:18
2022-03-29 17:48:13,235:INFO: Valid: [225][529/530]  Loss -1.4352 (-0.9397)
2022-03-29 17:48:27,968:INFO: Train: [226][2075/2076]  Loss 0.0002 (-0.1853)  Time:  0.081 (0.007)  Data Time:  0.002 (0.002)
2022-03-29 17:48:27,969:INFO:   Eta: 0:05:53
2022-03-29 17:48:31,240:INFO: Valid: [226][529/530]  Loss -1.4391 (-0.9422)
2022-03-29 17:48:44,920:INFO: Train: [227][2075/2076]  Loss 0.0034 (-0.1607)  Time:  0.123 (0.007)  Data Time:  0.001 (0.001)
2022-03-29 17:48:44,921:INFO:   Eta: 0:05:14
2022-03-29 17:48:48,850:INFO: Valid: [227][529/530]  Loss -1.4317 (-0.9375)
2022-03-29 17:49:03,127:INFO: Train: [228][2075/2076]  Loss 0.0908 (-0.2017)  Time:  0.082 (0.007)  Data Time:  0.000 (0.001)
2022-03-29 17:49:03,127:INFO:   Eta: 0:05:13
2022-03-29 17:49:07,187:INFO: Valid: [228][529/530]  Loss -1.4310 (-0.9371)
2022-03-29 17:49:23,103:INFO: Train: [229][2075/2076]  Loss -0.0099 (-0.1993)  Time:  0.090 (0.007)  Data Time:  0.001 (0.002)
2022-03-29 17:49:23,103:INFO:   Eta: 0:05:23
2022-03-29 17:49:29,101:INFO: Valid: [229][529/530]  Loss -1.4299 (-0.9360)
2022-03-29 17:49:44,174:INFO: Train: [230][2075/2076]  Loss 0.0393 (-0.1753)  Time:  0.101 (0.007)  Data Time:  0.001 (0.001)
2022-03-29 17:49:44,174:INFO:   Eta: 0:05:01
2022-03-29 17:49:47,767:INFO: Valid: [230][529/530]  Loss -1.4368 (-0.9406)
2022-03-29 17:51:10,658:INFO: Test: [230]  ADE: 0.8538  FDE: 1.3916
2022-03-29 17:51:24,099:INFO: Train: [231][2075/2076]  Loss -0.0469 (-0.1811)  Time:  0.095 (0.006)  Data Time:  0.002 (0.001)
2022-03-29 17:51:24,100:INFO:   Eta: 0:04:15
2022-03-29 17:51:27,597:INFO: Valid: [231][529/530]  Loss -1.4321 (-0.9374)
2022-03-29 17:51:41,688:INFO: Train: [232][2075/2076]  Loss 0.0195 (-0.1951)  Time:  0.075 (0.007)  Data Time:  0.001 (0.001)
2022-03-29 17:51:41,688:INFO:   Eta: 0:04:13
2022-03-29 17:51:45,043:INFO: Valid: [232][529/530]  Loss -1.4385 (-0.9419)
2022-03-29 17:51:59,298:INFO: Train: [233][2075/2076]  Loss -0.0344 (-0.1811)  Time:  0.096 (0.007)  Data Time:  0.002 (0.001)
2022-03-29 17:51:59,299:INFO:   Eta: 0:04:02
2022-03-29 17:52:03,043:INFO: Valid: [233][529/530]  Loss -1.4263 (-0.9340)
2022-03-29 17:52:17,155:INFO: Train: [234][2075/2076]  Loss -0.0549 (-0.1919)  Time:  0.087 (0.007)  Data Time:  0.002 (0.001)
2022-03-29 17:52:17,156:INFO:   Eta: 0:03:45
2022-03-29 17:52:20,623:INFO: Valid: [234][529/530]  Loss -1.4266 (-0.9341)
2022-03-29 17:52:33,586:INFO: Train: [235][2075/2076]  Loss -0.0803 (-0.1699)  Time:  0.085 (0.006)  Data Time:  0.000 (0.001)
2022-03-29 17:52:33,587:INFO:   Eta: 0:03:14
2022-03-29 17:52:36,760:INFO: Valid: [235][529/530]  Loss -1.4328 (-0.9381)
2022-03-29 17:52:48,056:INFO: Train: [236][2075/2076]  Loss 0.0206 (-0.1849)  Time:  0.074 (0.005)  Data Time:  0.000 (0.000)
2022-03-29 17:52:48,057:INFO:   Eta: 0:02:37
2022-03-29 17:52:51,551:INFO: Valid: [236][529/530]  Loss -1.4324 (-0.9379)
2022-03-29 17:53:02,941:INFO: Train: [237][2075/2076]  Loss 0.0213 (-0.1618)  Time:  0.088 (0.005)  Data Time:  0.000 (0.000)
2022-03-29 17:53:02,942:INFO:   Eta: 0:02:27
2022-03-29 17:53:06,401:INFO: Valid: [237][529/530]  Loss -1.4348 (-0.9397)
2022-03-29 17:53:17,693:INFO: Train: [238][2075/2076]  Loss 0.0316 (-0.1859)  Time:  0.080 (0.005)  Data Time:  0.000 (0.000)
2022-03-29 17:53:17,694:INFO:   Eta: 0:02:15
2022-03-29 17:53:21,308:INFO: Valid: [238][529/530]  Loss -1.4398 (-0.9432)
2022-03-29 17:53:32,325:INFO: Train: [239][2075/2076]  Loss -0.0443 (-0.1856)  Time:  0.082 (0.005)  Data Time:  0.000 (0.000)
2022-03-29 17:53:32,326:INFO:   Eta: 0:02:01
2022-03-29 17:53:35,893:INFO: Valid: [239][529/530]  Loss -1.4349 (-0.9401)
2022-03-29 17:53:47,076:INFO: Train: [240][2075/2076]  Loss -0.0849 (-0.1845)  Time:  0.079 (0.005)  Data Time:  0.000 (0.000)
2022-03-29 17:53:47,077:INFO:   Eta: 0:01:51
2022-03-29 17:53:50,508:INFO: Valid: [240][529/530]  Loss -1.4380 (-0.9418)
2022-03-29 17:55:14,253:INFO: Test: [240]  ADE: 0.8568  FDE: 1.3924
2022-03-29 17:55:27,324:INFO: Train: [241][2075/2076]  Loss -0.0793 (-0.1678)  Time:  0.085 (0.006)  Data Time:  0.000 (0.000)
2022-03-29 17:55:27,327:INFO:   Eta: 0:01:51
2022-03-29 17:55:30,833:INFO: Valid: [241][529/530]  Loss -1.4412 (-0.9436)
2022-03-29 17:55:42,329:INFO: Train: [242][2075/2076]  Loss -0.0130 (-0.1751)  Time:  0.065 (0.006)  Data Time:  0.000 (0.000)
2022-03-29 17:55:42,337:INFO:   Eta: 0:01:31
2022-03-29 17:55:45,795:INFO: Valid: [242][529/530]  Loss -1.4385 (-0.9414)
2022-03-29 17:55:56,878:INFO: Train: [243][2075/2076]  Loss -0.0222 (-0.1771)  Time:  0.085 (0.005)  Data Time:  0.000 (0.000)
2022-03-29 17:55:56,881:INFO:   Eta: 0:01:17
2022-03-29 17:55:59,957:INFO: Valid: [243][529/530]  Loss -1.4370 (-0.9407)
2022-03-29 17:56:11,289:INFO: Train: [244][2075/2076]  Loss -0.0594 (-0.1851)  Time:  0.074 (0.005)  Data Time:  0.000 (0.000)
2022-03-29 17:56:11,290:INFO:   Eta: 0:01:07
2022-03-29 17:56:14,846:INFO: Valid: [244][529/530]  Loss -1.4383 (-0.9415)
2022-03-29 17:56:25,984:INFO: Train: [245][2075/2076]  Loss -0.0624 (-0.1795)  Time:  0.080 (0.005)  Data Time:  0.000 (0.000)
2022-03-29 17:56:25,986:INFO:   Eta: 0:00:55
2022-03-29 17:56:29,480:INFO: Valid: [245][529/530]  Loss -1.4369 (-0.9404)
2022-03-29 17:56:41,521:INFO: Train: [246][2075/2076]  Loss -0.0209 (-0.1706)  Time:  0.068 (0.006)  Data Time:  0.000 (0.000)
2022-03-29 17:56:41,522:INFO:   Eta: 0:00:48
2022-03-29 17:56:45,213:INFO: Valid: [246][529/530]  Loss -1.4400 (-0.9423)
2022-03-29 17:56:56,533:INFO: Train: [247][2075/2076]  Loss -0.0775 (-0.1653)  Time:  0.086 (0.005)  Data Time:  0.000 (0.000)
2022-03-29 17:56:56,554:INFO:   Eta: 0:00:33
2022-03-29 17:57:00,083:INFO: Valid: [247][529/530]  Loss -1.4404 (-0.9428)
2022-03-29 17:57:11,802:INFO: Train: [248][2075/2076]  Loss -0.0209 (-0.1825)  Time:  0.076 (0.006)  Data Time:  0.000 (0.000)
2022-03-29 17:57:11,803:INFO:   Eta: 0:00:23
2022-03-29 17:57:15,439:INFO: Valid: [248][529/530]  Loss -1.4383 (-0.9414)
2022-03-29 17:57:26,789:INFO: Train: [249][2075/2076]  Loss -0.0662 (-0.1722)  Time:  0.081 (0.005)  Data Time:  0.000 (0.000)
2022-03-29 17:57:26,811:INFO:   Eta: 0:00:11
2022-03-29 17:57:30,440:INFO: Valid: [249][529/530]  Loss -1.4334 (-0.9384)
