2022-04-11 05:56:27,566:INFO: batch_size=128
2022-04-11 05:56:27,567:INFO: clip_grad=None
2022-04-11 05:56:27,567:INFO: dataset=eth
2022-04-11 05:56:27,567:INFO: drop=0.0
2022-04-11 05:56:27,567:INFO: gpu_num=0
2022-04-11 05:56:27,567:INFO: init=kmeans-train-64
2022-04-11 05:56:27,567:INFO: input_size=2
2022-04-11 05:56:27,567:INFO: kernel_size=3
2022-04-11 05:56:27,567:INFO: lr=0.01
2022-04-11 05:56:27,567:INFO: lr_sh_rate=150
2022-04-11 05:56:27,567:INFO: model=social_stgcnn10
2022-04-11 05:56:27,567:INFO: n_stgcnn=1
2022-04-11 05:56:27,567:INFO: n_txpcnn=5
2022-04-11 05:56:27,567:INFO: num_epochs=250
2022-04-11 05:56:27,567:INFO: obs_seq_len=8
2022-04-11 05:56:27,568:INFO: output_size=5
2022-04-11 05:56:27,568:INFO: pred_seq_len=12
2022-04-11 05:56:27,568:INFO: seed=0
2022-04-11 05:56:27,568:INFO: tag=eth
2022-04-11 05:56:27,568:INFO: use_lrschd=True
2022-04-11 05:56:27,568:INFO: ******************************
2022-04-11 05:56:27,568:INFO: Training initiating....
2022-04-11 05:56:27,568:INFO: Namespace(batch_size=128, clip_grad=None, dataset='eth', drop=0.0, gpu_num='0', init='kmeans-train-64', input_size=2, kernel_size=3, lr=0.01, lr_sh_rate=150, model='social_stgcnn10', n_stgcnn=1, n_txpcnn=5, num_epochs=250, obs_seq_len=8, output_size=5, pred_seq_len=12, seed=0, tag='eth', use_lrschd=True)
2022-04-11 05:56:28,018:INFO: Initializing train dataset
2022-04-11 05:56:43,489:INFO: Initializing val dataset
2022-04-11 05:57:25,397:INFO: social_stgcnn10
2022-04-11 05:57:25,399:INFO: Data and model loaded
2022-04-11 05:57:25,399:INFO: Checkpoint dir: ./runs/Apr11_05-56-27_node09kmeans-train-64/eth/checkpoint
2022-04-11 05:57:25,399:INFO: Training started ...
2022-04-11 05:58:01,432:INFO: Train: [0][2784/2785]  Loss 0.6481 (1.2258)  Time:  0.484 (0.013)  Data Time:  0.005 (0.005)
2022-04-11 05:58:01,433:INFO:   Eta: 2:30:05
2022-04-11 05:58:36,525:INFO: Train: [1][2784/2785]  Loss 0.6310 (0.6290)  Time:  0.522 (0.013)  Data Time:  0.005 (0.005)
2022-04-11 05:58:36,526:INFO:   Eta: 2:25:32
2022-04-11 05:59:12,291:INFO: Train: [2][2784/2785]  Loss 0.3477 (0.3888)  Time:  0.477 (0.013)  Data Time:  0.005 (0.004)
2022-04-11 05:59:12,292:INFO:   Eta: 2:27:44
2022-04-11 05:59:47,967:INFO: Train: [3][2784/2785]  Loss 0.0275 (0.2159)  Time:  0.482 (0.013)  Data Time:  0.004 (0.005)
2022-04-11 05:59:47,968:INFO:   Eta: 2:26:46
2022-04-11 06:00:23,302:INFO: Train: [4][2784/2785]  Loss 0.4115 (0.1863)  Time:  0.472 (0.013)  Data Time:  0.004 (0.005)
2022-04-11 06:00:23,303:INFO:   Eta: 2:24:47
2022-04-11 06:00:53,546:INFO: Train: [5][2784/2785]  Loss 0.1786 (-0.0044)  Time:  0.457 (0.011)  Data Time:  0.002 (0.003)
2022-04-11 06:00:53,547:INFO:   Eta: 2:03:24
2022-04-11 06:01:21,849:INFO: Train: [6][2784/2785]  Loss -0.1784 (-0.1752)  Time:  0.539 (0.010)  Data Time:  0.004 (0.002)
2022-04-11 06:01:21,850:INFO:   Eta: 1:55:01
2022-04-11 06:01:24,028:INFO: Test: [6]  ADE: 0.9711  FDE: 1.3797
2022-04-11 06:01:55,678:INFO: Train: [7][2784/2785]  Loss 0.0611 (-0.2113)  Time:  0.441 (0.011)  Data Time:  0.003 (0.004)
2022-04-11 06:01:55,679:INFO:   Eta: 2:08:07
2022-04-11 06:02:29,021:INFO: Train: [8][2784/2785]  Loss -0.3012 (-0.2822)  Time:  0.476 (0.012)  Data Time:  0.004 (0.004)
2022-04-11 06:02:29,022:INFO:   Eta: 2:14:24
2022-04-11 06:03:04,340:INFO: Train: [9][2784/2785]  Loss -0.0950 (-0.2792)  Time:  0.487 (0.013)  Data Time:  0.005 (0.005)
2022-04-11 06:03:04,341:INFO:   Eta: 2:21:46
2022-04-11 06:03:40,420:INFO: Train: [10][2784/2785]  Loss -0.2852 (-0.4311)  Time:  0.485 (0.013)  Data Time:  0.004 (0.005)
2022-04-11 06:03:40,421:INFO:   Eta: 2:24:14
2022-04-11 06:04:15,893:INFO: Train: [11][2784/2785]  Loss -0.2164 (-0.4242)  Time:  0.471 (0.013)  Data Time:  0.004 (0.005)
2022-04-11 06:04:15,894:INFO:   Eta: 2:21:12
2022-04-11 06:04:51,630:INFO: Train: [12][2784/2785]  Loss -0.1540 (-0.4762)  Time:  0.478 (0.013)  Data Time:  0.005 (0.005)
2022-04-11 06:04:51,631:INFO:   Eta: 2:21:40
2022-04-11 06:05:27,529:INFO: Train: [13][2784/2785]  Loss -0.0606 (-0.5435)  Time:  0.598 (0.013)  Data Time:  0.005 (0.005)
2022-04-11 06:05:27,531:INFO:   Eta: 2:21:43
2022-04-11 06:05:59,944:INFO: Train: [14][2784/2785]  Loss 0.0512 (-0.4439)  Time:  0.725 (0.012)  Data Time:  0.002 (0.004)
2022-04-11 06:05:59,945:INFO:   Eta: 2:07:24
2022-04-11 06:06:34,443:INFO: Train: [15][2784/2785]  Loss -0.1579 (-0.6365)  Time:  0.468 (0.012)  Data Time:  0.004 (0.004)
2022-04-11 06:06:34,445:INFO:   Eta: 2:15:02
2022-04-11 06:07:06,691:INFO: Train: [16][2784/2785]  Loss -0.3602 (-0.6448)  Time:  0.430 (0.012)  Data Time:  0.003 (0.004)
2022-04-11 06:07:06,692:INFO:   Eta: 2:05:40
2022-04-11 06:07:08,950:INFO: Test: [16]  ADE: 0.8751  FDE: 1.3315
2022-04-11 06:07:39,990:INFO: Train: [17][2784/2785]  Loss -0.5002 (-0.7044)  Time:  0.454 (0.011)  Data Time:  0.004 (0.003)
2022-04-11 06:07:39,991:INFO:   Eta: 2:00:28
2022-04-11 06:08:12,286:INFO: Train: [18][2784/2785]  Loss -0.6217 (-0.6699)  Time:  0.427 (0.012)  Data Time:  0.003 (0.004)
2022-04-11 06:08:12,287:INFO:   Eta: 2:04:47
2022-04-11 06:08:47,022:INFO: Train: [19][2784/2785]  Loss -0.5861 (-0.5287)  Time:  0.462 (0.012)  Data Time:  0.004 (0.004)
2022-04-11 06:08:47,023:INFO:   Eta: 2:13:39
2022-04-11 06:09:23,130:INFO: Train: [20][2784/2785]  Loss -0.2236 (-0.7649)  Time:  0.583 (0.013)  Data Time:  0.005 (0.005)
2022-04-11 06:09:23,131:INFO:   Eta: 2:18:20
2022-04-11 06:09:58,320:INFO: Train: [21][2784/2785]  Loss -0.4338 (-0.7260)  Time:  0.486 (0.013)  Data Time:  0.005 (0.005)
2022-04-11 06:09:58,322:INFO:   Eta: 2:14:14
2022-04-11 06:10:33,899:INFO: Train: [22][2784/2785]  Loss -0.7738 (-0.8187)  Time:  0.462 (0.013)  Data Time:  0.004 (0.004)
2022-04-11 06:10:33,900:INFO:   Eta: 2:15:06
2022-04-11 06:11:05,557:INFO: Train: [23][2784/2785]  Loss -0.7763 (-0.8310)  Time:  0.530 (0.011)  Data Time:  0.003 (0.003)
2022-04-11 06:11:05,558:INFO:   Eta: 1:59:41
2022-04-11 06:11:41,164:INFO: Train: [24][2784/2785]  Loss -0.5165 (-0.7707)  Time:  0.514 (0.013)  Data Time:  0.005 (0.004)
2022-04-11 06:11:41,165:INFO:   Eta: 2:14:02
2022-04-11 06:12:16,853:INFO: Train: [25][2784/2785]  Loss -0.6366 (-0.8734)  Time:  0.466 (0.013)  Data Time:  0.003 (0.005)
2022-04-11 06:12:16,854:INFO:   Eta: 2:13:44
2022-04-11 06:12:51,793:INFO: Train: [26][2784/2785]  Loss -0.4879 (-0.8273)  Time:  0.456 (0.013)  Data Time:  0.003 (0.005)
2022-04-11 06:12:51,794:INFO:   Eta: 2:10:21
2022-04-11 06:12:54,061:INFO: Test: [26]  ADE: 0.7460  FDE: 1.1305
2022-04-11 06:13:25,652:INFO: Train: [27][2784/2785]  Loss -0.6195 (-0.8635)  Time:  0.430 (0.011)  Data Time:  0.005 (0.004)
2022-04-11 06:13:25,654:INFO:   Eta: 1:57:22
2022-04-11 06:13:57,564:INFO: Train: [28][2784/2785]  Loss -0.3545 (-0.9760)  Time:  0.423 (0.011)  Data Time:  0.004 (0.004)
2022-04-11 06:13:57,565:INFO:   Eta: 1:57:58
2022-04-11 06:14:29,612:INFO: Train: [29][2784/2785]  Loss -0.8799 (-1.0301)  Time:  0.513 (0.011)  Data Time:  0.004 (0.004)
2022-04-11 06:14:29,613:INFO:   Eta: 1:57:56
2022-04-11 06:15:06,050:INFO: Train: [30][2784/2785]  Loss -0.6955 (-0.9711)  Time:  0.523 (0.013)  Data Time:  0.003 (0.005)
2022-04-11 06:15:06,051:INFO:   Eta: 2:13:32
2022-04-11 06:15:40,573:INFO: Train: [31][2784/2785]  Loss -0.7075 (-0.9776)  Time:  0.414 (0.012)  Data Time:  0.003 (0.004)
2022-04-11 06:15:40,574:INFO:   Eta: 2:05:55
2022-04-11 06:16:12,687:INFO: Train: [32][2784/2785]  Loss -0.8303 (-0.9956)  Time:  0.482 (0.012)  Data Time:  0.004 (0.004)
2022-04-11 06:16:12,688:INFO:   Eta: 1:56:36
2022-04-11 06:16:48,400:INFO: Train: [33][2784/2785]  Loss -0.8916 (-0.9660)  Time:  0.469 (0.013)  Data Time:  0.003 (0.005)
2022-04-11 06:16:48,401:INFO:   Eta: 2:09:03
2022-04-11 06:17:22,911:INFO: Train: [34][2784/2785]  Loss -0.8424 (-0.9890)  Time:  0.586 (0.012)  Data Time:  0.005 (0.004)
2022-04-11 06:17:22,912:INFO:   Eta: 2:04:09
2022-04-11 06:17:58,274:INFO: Train: [35][2784/2785]  Loss -0.3948 (-0.9760)  Time:  0.490 (0.013)  Data Time:  0.004 (0.005)
2022-04-11 06:17:58,275:INFO:   Eta: 2:06:38
2022-04-11 06:18:34,068:INFO: Train: [36][2784/2785]  Loss -0.6576 (-0.9858)  Time:  0.490 (0.013)  Data Time:  0.005 (0.005)
2022-04-11 06:18:34,069:INFO:   Eta: 2:07:36
2022-04-11 06:18:36,530:INFO: Test: [36]  ADE: 0.7554  FDE: 1.2387
2022-04-11 06:19:09,539:INFO: Train: [37][2784/2785]  Loss -0.6986 (-1.0564)  Time:  0.430 (0.012)  Data Time:  0.001 (0.004)
2022-04-11 06:19:09,539:INFO:   Eta: 1:57:07
2022-04-11 06:19:40,972:INFO: Train: [38][2784/2785]  Loss -0.8238 (-1.0454)  Time:  0.438 (0.011)  Data Time:  0.003 (0.004)
2022-04-11 06:19:40,973:INFO:   Eta: 1:51:00
2022-04-11 06:20:12,474:INFO: Train: [39][2784/2785]  Loss -0.8010 (-1.0678)  Time:  0.442 (0.011)  Data Time:  0.003 (0.004)
2022-04-11 06:20:12,475:INFO:   Eta: 1:50:42
2022-04-11 06:20:43,324:INFO: Train: [40][2784/2785]  Loss -0.8158 (-1.0855)  Time:  0.422 (0.011)  Data Time:  0.004 (0.003)
2022-04-11 06:20:43,326:INFO:   Eta: 1:47:53
2022-04-11 06:21:17,260:INFO: Train: [41][2784/2785]  Loss -1.0144 (-1.0766)  Time:  0.537 (0.012)  Data Time:  0.004 (0.004)
2022-04-11 06:21:17,261:INFO:   Eta: 1:58:07
2022-04-11 06:21:53,248:INFO: Train: [42][2784/2785]  Loss -0.9885 (-1.0299)  Time:  0.447 (0.013)  Data Time:  0.004 (0.005)
2022-04-11 06:21:53,250:INFO:   Eta: 2:04:40
2022-04-11 06:22:28,199:INFO: Train: [43][2784/2785]  Loss -0.9001 (-1.1919)  Time:  0.450 (0.013)  Data Time:  0.005 (0.004)
2022-04-11 06:22:28,201:INFO:   Eta: 2:00:29
2022-04-11 06:23:03,884:INFO: Train: [44][2784/2785]  Loss -0.9652 (-1.1410)  Time:  0.476 (0.013)  Data Time:  0.004 (0.005)
2022-04-11 06:23:03,885:INFO:   Eta: 2:02:26
2022-04-11 06:23:39,396:INFO: Train: [45][2784/2785]  Loss -0.8047 (-1.1764)  Time:  0.491 (0.013)  Data Time:  0.005 (0.005)
2022-04-11 06:23:39,397:INFO:   Eta: 2:01:15
2022-04-11 06:24:15,098:INFO: Train: [46][2784/2785]  Loss -0.9778 (-1.1343)  Time:  0.515 (0.013)  Data Time:  0.004 (0.005)
2022-04-11 06:24:15,099:INFO:   Eta: 2:01:19
2022-04-11 06:24:17,454:INFO: Test: [46]  ADE: 0.6767  FDE: 1.0669
2022-04-11 06:24:53,420:INFO: Train: [47][2784/2785]  Loss -0.9165 (-1.2608)  Time:  0.473 (0.013)  Data Time:  0.004 (0.005)
2022-04-11 06:24:53,421:INFO:   Eta: 2:01:38
2022-04-11 06:25:25,658:INFO: Train: [48][2784/2785]  Loss -0.9540 (-1.2329)  Time:  0.423 (0.012)  Data Time:  0.003 (0.004)
2022-04-11 06:25:25,659:INFO:   Eta: 1:48:28
2022-04-11 06:25:53,480:INFO: Train: [49][2784/2785]  Loss -0.5114 (-1.1284)  Time:  0.380 (0.010)  Data Time:  0.002 (0.003)
2022-04-11 06:25:53,481:INFO:   Eta: 1:33:06
2022-04-11 06:26:24,010:INFO: Train: [50][2784/2785]  Loss -1.0097 (-1.1356)  Time:  0.486 (0.011)  Data Time:  0.003 (0.003)
2022-04-11 06:26:24,011:INFO:   Eta: 1:41:42
2022-04-11 06:26:57,959:INFO: Train: [51][2784/2785]  Loss -0.7899 (-1.1112)  Time:  0.473 (0.012)  Data Time:  0.004 (0.004)
2022-04-11 06:26:57,960:INFO:   Eta: 1:52:31
2022-04-11 06:27:33,541:INFO: Train: [52][2784/2785]  Loss -1.0446 (-1.2566)  Time:  0.483 (0.013)  Data Time:  0.004 (0.005)
2022-04-11 06:27:33,542:INFO:   Eta: 1:57:20
2022-04-11 06:28:08,852:INFO: Train: [53][2784/2785]  Loss -0.9164 (-1.1636)  Time:  0.487 (0.013)  Data Time:  0.005 (0.004)
2022-04-11 06:28:08,853:INFO:   Eta: 1:55:52
2022-04-11 06:28:44,613:INFO: Train: [54][2784/2785]  Loss -0.9100 (-1.2077)  Time:  0.523 (0.013)  Data Time:  0.004 (0.004)
2022-04-11 06:28:44,614:INFO:   Eta: 1:56:42
2022-04-11 06:29:20,140:INFO: Train: [55][2784/2785]  Loss -1.1359 (-1.2129)  Time:  0.537 (0.013)  Data Time:  0.004 (0.005)
2022-04-11 06:29:20,141:INFO:   Eta: 1:55:23
2022-04-11 06:29:55,564:INFO: Train: [56][2784/2785]  Loss -1.1332 (-1.2843)  Time:  0.471 (0.013)  Data Time:  0.004 (0.005)
2022-04-11 06:29:55,565:INFO:   Eta: 1:54:27
2022-04-11 06:29:57,951:INFO: Test: [56]  ADE: 0.6996  FDE: 1.1679
2022-04-11 06:30:33,239:INFO: Train: [57][2784/2785]  Loss -1.2482 (-1.2734)  Time:  0.539 (0.013)  Data Time:  0.005 (0.005)
2022-04-11 06:30:33,241:INFO:   Eta: 1:53:28
2022-04-11 06:31:03,866:INFO: Train: [58][2784/2785]  Loss -0.9755 (-1.2604)  Time:  0.381 (0.011)  Data Time:  0.002 (0.003)
2022-04-11 06:31:03,869:INFO:   Eta: 1:37:55
2022-04-11 06:31:35,342:INFO: Train: [59][2784/2785]  Loss -1.0960 (-1.2354)  Time:  0.441 (0.011)  Data Time:  0.004 (0.003)
2022-04-11 06:31:35,344:INFO:   Eta: 1:40:07
2022-04-11 06:32:06,757:INFO: Train: [60][2784/2785]  Loss -0.9646 (-1.2000)  Time:  0.448 (0.011)  Data Time:  0.003 (0.004)
2022-04-11 06:32:06,758:INFO:   Eta: 1:39:24
2022-04-11 06:32:37,980:INFO: Train: [61][2784/2785]  Loss -0.6725 (-1.3101)  Time:  0.448 (0.011)  Data Time:  0.003 (0.004)
2022-04-11 06:32:37,981:INFO:   Eta: 1:38:17
2022-04-11 06:33:11,692:INFO: Train: [62][2784/2785]  Loss -0.9734 (-1.3290)  Time:  0.499 (0.012)  Data Time:  0.005 (0.004)
2022-04-11 06:33:11,694:INFO:   Eta: 1:45:33
2022-04-11 06:33:47,621:INFO: Train: [63][2784/2785]  Loss -1.0460 (-1.2404)  Time:  0.492 (0.013)  Data Time:  0.004 (0.005)
2022-04-11 06:33:47,622:INFO:   Eta: 1:51:54
2022-04-11 06:34:23,403:INFO: Train: [64][2784/2785]  Loss -1.0116 (-1.2491)  Time:  0.555 (0.013)  Data Time:  0.003 (0.005)
2022-04-11 06:34:23,405:INFO:   Eta: 1:50:51
2022-04-11 06:34:59,113:INFO: Train: [65][2784/2785]  Loss -1.0853 (-1.2773)  Time:  0.499 (0.013)  Data Time:  0.005 (0.005)
2022-04-11 06:34:59,114:INFO:   Eta: 1:50:02
2022-04-11 06:35:34,058:INFO: Train: [66][2784/2785]  Loss -0.9878 (-1.3263)  Time:  0.459 (0.013)  Data Time:  0.003 (0.005)
2022-04-11 06:35:34,060:INFO:   Eta: 1:47:06
2022-04-11 06:35:36,308:INFO: Test: [66]  ADE: 0.7082  FDE: 1.2021
2022-04-11 06:36:07,343:INFO: Train: [67][2784/2785]  Loss -1.0726 (-1.3309)  Time:  0.506 (0.011)  Data Time:  0.004 (0.003)
2022-04-11 06:36:07,344:INFO:   Eta: 1:34:36
2022-04-11 06:36:43,390:INFO: Train: [68][2784/2785]  Loss -1.0000 (-1.3281)  Time:  0.512 (0.013)  Data Time:  0.004 (0.004)
2022-04-11 06:36:43,391:INFO:   Eta: 1:49:17
2022-04-11 06:37:18,227:INFO: Train: [69][2784/2785]  Loss -0.8935 (-1.3485)  Time:  0.429 (0.013)  Data Time:  0.004 (0.004)
2022-04-11 06:37:18,228:INFO:   Eta: 1:45:01
2022-04-11 06:37:50,238:INFO: Train: [70][2784/2785]  Loss -0.8706 (-1.3644)  Time:  0.447 (0.011)  Data Time:  0.003 (0.004)
2022-04-11 06:37:50,239:INFO:   Eta: 1:35:58
2022-04-11 06:38:21,616:INFO: Train: [71][2784/2785]  Loss -0.9022 (-1.3936)  Time:  0.402 (0.011)  Data Time:  0.003 (0.004)
2022-04-11 06:38:21,620:INFO:   Eta: 1:33:32
2022-04-11 06:38:52,266:INFO: Train: [72][2784/2785]  Loss -1.1391 (-1.4007)  Time:  0.444 (0.011)  Data Time:  0.003 (0.003)
2022-04-11 06:38:52,267:INFO:   Eta: 1:30:51
2022-04-11 06:39:28,135:INFO: Train: [73][2784/2785]  Loss -0.8681 (-1.3714)  Time:  0.506 (0.013)  Data Time:  0.006 (0.004)
2022-04-11 06:39:28,136:INFO:   Eta: 1:45:45
2022-04-11 06:40:03,332:INFO: Train: [74][2784/2785]  Loss -1.2284 (-1.3888)  Time:  0.464 (0.013)  Data Time:  0.003 (0.004)
2022-04-11 06:40:03,333:INFO:   Eta: 1:43:10
2022-04-11 06:40:38,107:INFO: Train: [75][2784/2785]  Loss -0.8693 (-1.3356)  Time:  0.541 (0.012)  Data Time:  0.005 (0.004)
2022-04-11 06:40:38,108:INFO:   Eta: 1:41:21
2022-04-11 06:41:10,084:INFO: Train: [76][2784/2785]  Loss -1.0520 (-1.3471)  Time:  0.506 (0.011)  Data Time:  0.005 (0.004)
2022-04-11 06:41:10,085:INFO:   Eta: 1:32:39
2022-04-11 06:41:12,452:INFO: Test: [76]  ADE: 0.7803  FDE: 1.4432
2022-04-11 06:41:48,120:INFO: Train: [77][2784/2785]  Loss -1.0942 (-1.4304)  Time:  0.473 (0.013)  Data Time:  0.004 (0.005)
2022-04-11 06:41:48,121:INFO:   Eta: 1:42:48
2022-04-11 06:42:23,653:INFO: Train: [78][2784/2785]  Loss -1.0641 (-1.3840)  Time:  0.488 (0.013)  Data Time:  0.004 (0.005)
2022-04-11 06:42:23,654:INFO:   Eta: 1:41:47
2022-04-11 06:42:59,721:INFO: Train: [79][2784/2785]  Loss -1.0652 (-1.4105)  Time:  0.492 (0.013)  Data Time:  0.005 (0.005)
2022-04-11 06:42:59,722:INFO:   Eta: 1:42:43
2022-04-11 06:43:33,366:INFO: Train: [80][2784/2785]  Loss -1.2192 (-1.4043)  Time:  0.434 (0.012)  Data Time:  0.004 (0.004)
2022-04-11 06:43:33,367:INFO:   Eta: 1:35:15
2022-04-11 06:44:04,131:INFO: Train: [81][2784/2785]  Loss -0.9844 (-1.4995)  Time:  0.420 (0.011)  Data Time:  0.003 (0.003)
2022-04-11 06:44:04,132:INFO:   Eta: 1:26:34
2022-04-11 06:44:36,140:INFO: Train: [82][2784/2785]  Loss -1.2591 (-1.4418)  Time:  0.439 (0.011)  Data Time:  0.003 (0.004)
2022-04-11 06:44:36,141:INFO:   Eta: 1:29:33
2022-04-11 06:45:09,442:INFO: Train: [83][2784/2785]  Loss -1.0223 (-1.4269)  Time:  0.493 (0.012)  Data Time:  0.003 (0.004)
2022-04-11 06:45:09,443:INFO:   Eta: 1:32:37
2022-04-11 06:45:42,361:INFO: Train: [84][2784/2785]  Loss -0.9742 (-1.4207)  Time:  0.414 (0.012)  Data Time:  0.004 (0.004)
2022-04-11 06:45:42,362:INFO:   Eta: 1:31:01
2022-04-11 06:46:15,759:INFO: Train: [85][2784/2785]  Loss -1.1001 (-1.4346)  Time:  0.570 (0.012)  Data Time:  0.004 (0.004)
2022-04-11 06:46:15,760:INFO:   Eta: 1:31:47
2022-04-11 06:46:51,970:INFO: Train: [86][2784/2785]  Loss -1.1749 (-1.4041)  Time:  0.554 (0.013)  Data Time:  0.004 (0.005)
2022-04-11 06:46:51,972:INFO:   Eta: 1:38:54
2022-04-11 06:46:54,442:INFO: Test: [86]  ADE: 0.7528  FDE: 1.2165
2022-04-11 06:47:30,323:INFO: Train: [87][2784/2785]  Loss -1.1097 (-1.5026)  Time:  0.520 (0.013)  Data Time:  0.005 (0.005)
2022-04-11 06:47:30,324:INFO:   Eta: 1:37:26
2022-04-11 06:48:05,553:INFO: Train: [88][2784/2785]  Loss -0.7969 (-1.3793)  Time:  0.486 (0.013)  Data Time:  0.004 (0.005)
2022-04-11 06:48:05,554:INFO:   Eta: 1:35:04
2022-04-11 06:48:41,377:INFO: Train: [89][2784/2785]  Loss -1.0291 (-1.4328)  Time:  0.490 (0.013)  Data Time:  0.005 (0.005)
2022-04-11 06:48:41,380:INFO:   Eta: 1:36:03
2022-04-11 06:49:16,820:INFO: Train: [90][2784/2785]  Loss -1.0437 (-1.4823)  Time:  0.433 (0.013)  Data Time:  0.004 (0.005)
2022-04-11 06:49:16,821:INFO:   Eta: 1:34:26
2022-04-11 06:49:49,931:INFO: Train: [91][2784/2785]  Loss -1.0295 (-1.4630)  Time:  0.434 (0.012)  Data Time:  0.004 (0.004)
2022-04-11 06:49:49,932:INFO:   Eta: 1:27:41
2022-04-11 06:50:22,291:INFO: Train: [92][2784/2785]  Loss -1.1269 (-1.4825)  Time:  0.419 (0.012)  Data Time:  0.003 (0.004)
2022-04-11 06:50:22,293:INFO:   Eta: 1:25:09
2022-04-11 06:50:50,337:INFO: Train: [93][2784/2785]  Loss -1.1805 (-1.4885)  Time:  0.380 (0.010)  Data Time:  0.003 (0.003)
2022-04-11 06:50:50,338:INFO:   Eta: 1:13:19
2022-04-11 06:51:23,150:INFO: Train: [94][2784/2785]  Loss -1.2280 (-1.4067)  Time:  0.609 (0.012)  Data Time:  0.004 (0.004)
2022-04-11 06:51:23,151:INFO:   Eta: 1:25:15
2022-04-11 06:51:58,562:INFO: Train: [95][2784/2785]  Loss -1.1524 (-1.3685)  Time:  0.489 (0.013)  Data Time:  0.005 (0.004)
2022-04-11 06:51:58,563:INFO:   Eta: 1:31:25
2022-04-11 06:52:33,999:INFO: Train: [96][2784/2785]  Loss -1.2789 (-1.4816)  Time:  0.511 (0.013)  Data Time:  0.003 (0.005)
2022-04-11 06:52:34,000:INFO:   Eta: 1:30:54
2022-04-11 06:52:36,328:INFO: Test: [96]  ADE: 0.8564  FDE: 1.5643
2022-04-11 06:53:12,649:INFO: Train: [97][2784/2785]  Loss -1.0885 (-1.4692)  Time:  0.479 (0.013)  Data Time:  0.003 (0.005)
2022-04-11 06:53:12,650:INFO:   Eta: 1:32:34
2022-04-11 06:53:48,146:INFO: Train: [98][2784/2785]  Loss -1.1457 (-1.4679)  Time:  0.505 (0.013)  Data Time:  0.005 (0.005)
2022-04-11 06:53:48,148:INFO:   Eta: 1:29:52
2022-04-11 06:54:23,907:INFO: Train: [99][2784/2785]  Loss -1.1414 (-1.5097)  Time:  0.456 (0.013)  Data Time:  0.003 (0.005)
2022-04-11 06:54:23,908:INFO:   Eta: 1:29:56
2022-04-11 06:54:59,215:INFO: Train: [100][2784/2785]  Loss -1.2754 (-1.5008)  Time:  0.522 (0.013)  Data Time:  0.003 (0.004)
2022-04-11 06:54:59,216:INFO:   Eta: 1:28:12
2022-04-11 06:55:33,969:INFO: Train: [101][2784/2785]  Loss -1.1575 (-1.4779)  Time:  0.572 (0.012)  Data Time:  0.004 (0.004)
2022-04-11 06:55:33,970:INFO:   Eta: 1:26:15
2022-04-11 06:56:01,270:INFO: Train: [102][2784/2785]  Loss -1.0222 (-1.5132)  Time:  0.451 (0.010)  Data Time:  0.001 (0.002)
2022-04-11 06:56:01,272:INFO:   Eta: 1:07:17
2022-04-11 06:56:33,811:INFO: Train: [103][2784/2785]  Loss -1.2817 (-1.5460)  Time:  0.449 (0.012)  Data Time:  0.004 (0.004)
2022-04-11 06:56:33,813:INFO:   Eta: 1:19:40
