2022-04-08 05:34:11,546:INFO: batch_size=128
2022-04-08 05:34:11,546:INFO: clip_grad=None
2022-04-08 05:34:11,546:INFO: dataset=zara2
2022-04-08 05:34:11,546:INFO: drop=0.1
2022-04-08 05:34:11,546:INFO: gpu_num=0
2022-04-08 05:34:11,546:INFO: input_size=2
2022-04-08 05:34:11,546:INFO: kernel_size=3
2022-04-08 05:34:11,547:INFO: lr=0.01
2022-04-08 05:34:11,547:INFO: lr_sh_rate=150
2022-04-08 05:34:11,547:INFO: model=social_stgcnn9
2022-04-08 05:34:11,547:INFO: n_stgcnn=1
2022-04-08 05:34:11,547:INFO: n_txpcnn=5
2022-04-08 05:34:11,547:INFO: num_epochs=250
2022-04-08 05:34:11,547:INFO: obs_seq_len=8
2022-04-08 05:34:11,547:INFO: output_size=5
2022-04-08 05:34:11,547:INFO: pred_seq_len=12
2022-04-08 05:34:11,547:INFO: seed=0
2022-04-08 05:34:11,547:INFO: tag=zara2
2022-04-08 05:34:11,547:INFO: use_lrschd=True
2022-04-08 05:34:11,547:INFO: ******************************
2022-04-08 05:34:11,547:INFO: Training initiating....
2022-04-08 05:34:11,547:INFO: Namespace(batch_size=128, clip_grad=None, dataset='zara2', drop=0.1, gpu_num='0', input_size=2, kernel_size=3, lr=0.01, lr_sh_rate=150, model='social_stgcnn9', n_stgcnn=1, n_txpcnn=5, num_epochs=250, obs_seq_len=8, output_size=5, pred_seq_len=12, seed=0, tag='zara2', use_lrschd=True)
2022-04-08 05:34:11,554:INFO: Initializing train dataset
2022-04-08 05:34:23,438:INFO: Initializing val dataset
2022-04-08 05:34:45,404:INFO: social_stgcnn9
2022-04-08 05:34:45,405:INFO: Data and model loaded
2022-04-08 05:34:45,405:INFO: Checkpoint dir: ./runs/Apr08_05-34-11_node09/zara2/checkpoint
2022-04-08 05:34:45,405:INFO: Training started ...
2022-04-08 05:35:05,552:INFO: Train: [0][2111/2112]  Loss 0.5217 (1.6034)  Time:  0.230 (0.010)  Data Time:  0.003 (0.002)
2022-04-08 05:35:05,554:INFO:   Eta: 1:23:55
2022-04-08 05:35:23,828:INFO: Train: [1][2111/2112]  Loss 0.2524 (0.8667)  Time:  0.222 (0.009)  Data Time:  0.002 (0.002)
2022-04-08 05:35:23,828:INFO:   Eta: 1:15:46
2022-04-08 05:35:42,340:INFO: Train: [2][2111/2112]  Loss 0.1656 (0.4446)  Time:  0.237 (0.009)  Data Time:  0.002 (0.002)
2022-04-08 05:35:42,341:INFO:   Eta: 1:16:28
2022-04-08 05:36:00,980:INFO: Train: [3][2111/2112]  Loss 0.1378 (0.2950)  Time:  0.234 (0.009)  Data Time:  0.002 (0.002)
2022-04-08 05:36:00,981:INFO:   Eta: 1:16:40
2022-04-08 05:36:19,757:INFO: Train: [4][2111/2112]  Loss 0.1165 (0.1977)  Time:  0.230 (0.009)  Data Time:  0.003 (0.003)
2022-04-08 05:36:19,758:INFO:   Eta: 1:16:55
2022-04-08 05:36:38,329:INFO: Train: [5][2111/2112]  Loss 0.1851 (0.0236)  Time:  0.240 (0.009)  Data Time:  0.003 (0.003)
2022-04-08 05:36:38,329:INFO:   Eta: 1:15:46
2022-04-08 05:36:57,293:INFO: Train: [6][2111/2112]  Loss -0.0668 (0.0618)  Time:  0.231 (0.009)  Data Time:  0.003 (0.003)
2022-04-08 05:36:57,294:INFO:   Eta: 1:17:04
2022-04-08 05:37:34,356:INFO: Test: [6]  ADE: 0.5822  FDE: 0.6779
2022-04-08 05:37:50,985:INFO: Train: [7][2111/2112]  Loss -0.1159 (-0.1178)  Time:  0.213 (0.008)  Data Time:  0.002 (0.002)
2022-04-08 05:37:50,986:INFO:   Eta: 1:07:15
2022-04-08 05:38:07,499:INFO: Train: [8][2111/2112]  Loss -0.2306 (-0.0537)  Time:  0.212 (0.008)  Data Time:  0.002 (0.002)
2022-04-08 05:38:07,500:INFO:   Eta: 1:06:32
2022-04-08 05:38:23,741:INFO: Train: [9][2111/2112]  Loss -0.1601 (-0.2349)  Time:  0.212 (0.008)  Data Time:  0.002 (0.002)
2022-04-08 05:38:23,742:INFO:   Eta: 1:05:10
2022-04-08 05:38:40,365:INFO: Train: [10][2111/2112]  Loss -0.1507 (-0.2456)  Time:  0.234 (0.008)  Data Time:  0.003 (0.002)
2022-04-08 05:38:40,366:INFO:   Eta: 1:06:26
2022-04-08 05:38:59,074:INFO: Train: [11][2111/2112]  Loss -0.1446 (-0.1620)  Time:  0.232 (0.009)  Data Time:  0.002 (0.002)
2022-04-08 05:38:59,075:INFO:   Eta: 1:14:26
2022-04-08 05:39:17,480:INFO: Train: [12][2111/2112]  Loss -0.0260 (-0.3328)  Time:  0.237 (0.009)  Data Time:  0.003 (0.002)
2022-04-08 05:39:17,481:INFO:   Eta: 1:12:57
2022-04-08 05:39:35,772:INFO: Train: [13][2111/2112]  Loss -0.2708 (-0.3755)  Time:  0.227 (0.009)  Data Time:  0.002 (0.002)
2022-04-08 05:39:35,773:INFO:   Eta: 1:12:11
2022-04-08 05:39:54,360:INFO: Train: [14][2111/2112]  Loss -0.2561 (-0.3264)  Time:  0.219 (0.009)  Data Time:  0.002 (0.002)
2022-04-08 05:39:54,361:INFO:   Eta: 1:13:02
2022-04-08 05:40:13,024:INFO: Train: [15][2111/2112]  Loss -0.2255 (-0.3360)  Time:  0.232 (0.009)  Data Time:  0.002 (0.003)
2022-04-08 05:40:13,025:INFO:   Eta: 1:13:01
2022-04-08 05:40:31,731:INFO: Train: [16][2111/2112]  Loss -0.2641 (-0.3169)  Time:  0.230 (0.009)  Data Time:  0.002 (0.002)
2022-04-08 05:40:31,732:INFO:   Eta: 1:12:54
2022-04-08 05:41:08,704:INFO: Test: [16]  ADE: 0.5306  FDE: 0.5941
2022-04-08 05:41:27,935:INFO: Train: [17][2111/2112]  Loss -0.2636 (-0.3695)  Time:  0.219 (0.009)  Data Time:  0.002 (0.002)
2022-04-08 05:41:27,935:INFO:   Eta: 1:14:36
2022-04-08 05:41:44,983:INFO: Train: [18][2111/2112]  Loss 0.0558 (-0.4023)  Time:  0.201 (0.008)  Data Time:  0.001 (0.002)
2022-04-08 05:41:44,983:INFO:   Eta: 1:05:51
2022-04-08 05:42:01,169:INFO: Train: [19][2111/2112]  Loss 0.0176 (-0.5323)  Time:  0.209 (0.008)  Data Time:  0.001 (0.002)
2022-04-08 05:42:01,171:INFO:   Eta: 1:02:15
2022-04-08 05:42:17,354:INFO: Train: [20][2111/2112]  Loss -0.3345 (-0.4820)  Time:  0.257 (0.008)  Data Time:  0.002 (0.002)
2022-04-08 05:42:17,355:INFO:   Eta: 1:01:59
2022-04-08 05:42:33,449:INFO: Train: [21][2111/2112]  Loss 0.0268 (-0.4916)  Time:  0.216 (0.008)  Data Time:  0.002 (0.002)
2022-04-08 05:42:33,450:INFO:   Eta: 1:01:20
2022-04-08 05:42:49,692:INFO: Train: [22][2111/2112]  Loss -0.1909 (-0.5369)  Time:  0.212 (0.008)  Data Time:  0.001 (0.002)
2022-04-08 05:42:49,693:INFO:   Eta: 1:01:39
2022-04-08 05:43:05,918:INFO: Train: [23][2111/2112]  Loss -0.1715 (-0.6103)  Time:  0.218 (0.008)  Data Time:  0.001 (0.002)
2022-04-08 05:43:05,919:INFO:   Eta: 1:01:20
2022-04-08 05:43:23,413:INFO: Train: [24][2111/2112]  Loss -0.0392 (-0.5860)  Time:  0.271 (0.008)  Data Time:  0.003 (0.002)
2022-04-08 05:43:23,414:INFO:   Eta: 1:05:50
2022-04-08 05:43:41,922:INFO: Train: [25][2111/2112]  Loss -0.4297 (-0.6832)  Time:  0.229 (0.009)  Data Time:  0.002 (0.002)
2022-04-08 05:43:41,923:INFO:   Eta: 1:09:21
2022-04-08 05:44:00,602:INFO: Train: [26][2111/2112]  Loss -0.3989 (-0.6021)  Time:  0.234 (0.009)  Data Time:  0.003 (0.003)
2022-04-08 05:44:00,603:INFO:   Eta: 1:09:41
2022-04-08 05:44:37,179:INFO: Test: [26]  ADE: 0.5075  FDE: 0.6206
2022-04-08 05:44:55,847:INFO: Train: [27][2111/2112]  Loss -0.4110 (-0.6743)  Time:  0.226 (0.009)  Data Time:  0.002 (0.003)
2022-04-08 05:44:55,847:INFO:   Eta: 1:09:18
2022-04-08 05:45:14,490:INFO: Train: [28][2111/2112]  Loss -0.4234 (-0.5980)  Time:  0.228 (0.009)  Data Time:  0.002 (0.003)
2022-04-08 05:45:14,491:INFO:   Eta: 1:08:55
2022-04-08 05:45:32,695:INFO: Train: [29][2111/2112]  Loss -0.3731 (-0.7047)  Time:  0.225 (0.009)  Data Time:  0.003 (0.002)
2022-04-08 05:45:32,696:INFO:   Eta: 1:06:59
2022-04-08 05:45:51,415:INFO: Train: [30][2111/2112]  Loss -0.4278 (-0.6898)  Time:  0.229 (0.009)  Data Time:  0.003 (0.002)
2022-04-08 05:45:51,416:INFO:   Eta: 1:08:35
2022-04-08 05:46:10,104:INFO: Train: [31][2111/2112]  Loss -0.4227 (-0.6812)  Time:  0.226 (0.009)  Data Time:  0.002 (0.003)
2022-04-08 05:46:10,105:INFO:   Eta: 1:08:09
2022-04-08 05:46:27,359:INFO: Train: [32][2111/2112]  Loss -0.4353 (-0.7112)  Time:  0.217 (0.008)  Data Time:  0.002 (0.002)
2022-04-08 05:46:27,360:INFO:   Eta: 1:02:37
2022-04-08 05:46:43,792:INFO: Train: [33][2111/2112]  Loss -0.4534 (-0.7310)  Time:  0.213 (0.008)  Data Time:  0.002 (0.002)
2022-04-08 05:46:43,793:INFO:   Eta: 0:59:22
2022-04-08 05:47:00,075:INFO: Train: [34][2111/2112]  Loss -0.4533 (-0.7572)  Time:  0.217 (0.008)  Data Time:  0.001 (0.002)
2022-04-08 05:47:00,076:INFO:   Eta: 0:58:33
2022-04-08 05:47:16,920:INFO: Train: [35][2111/2112]  Loss -0.4702 (-0.8394)  Time:  0.208 (0.008)  Data Time:  0.001 (0.002)
2022-04-08 05:47:16,921:INFO:   Eta: 1:00:18
2022-04-08 05:47:33,191:INFO: Train: [36][2111/2112]  Loss -0.4731 (-0.7566)  Time:  0.272 (0.008)  Data Time:  0.002 (0.001)
2022-04-08 05:47:33,191:INFO:   Eta: 0:57:59
2022-04-08 05:48:10,832:INFO: Test: [36]  ADE: 0.4413  FDE: 0.5584
2022-04-08 05:48:29,332:INFO: Train: [37][2111/2112]  Loss -0.3364 (-0.8853)  Time:  0.233 (0.009)  Data Time:  0.002 (0.002)
2022-04-08 05:48:29,333:INFO:   Eta: 1:05:36
2022-04-08 05:48:47,671:INFO: Train: [38][2111/2112]  Loss -0.4340 (-0.8177)  Time:  0.234 (0.009)  Data Time:  0.003 (0.002)
2022-04-08 05:48:47,672:INFO:   Eta: 1:04:44
2022-04-08 05:49:06,212:INFO: Train: [39][2111/2112]  Loss -0.4446 (-0.8296)  Time:  0.232 (0.009)  Data Time:  0.003 (0.002)
2022-04-08 05:49:06,213:INFO:   Eta: 1:05:08
2022-04-08 05:49:24,732:INFO: Train: [40][2111/2112]  Loss -0.5240 (-0.8379)  Time:  0.234 (0.009)  Data Time:  0.003 (0.002)
2022-04-08 05:49:24,733:INFO:   Eta: 1:04:45
2022-04-08 05:49:43,422:INFO: Train: [41][2111/2112]  Loss -0.3086 (-0.8617)  Time:  0.227 (0.009)  Data Time:  0.003 (0.002)
2022-04-08 05:49:43,423:INFO:   Eta: 1:05:02
2022-04-08 05:50:01,976:INFO: Train: [42][2111/2112]  Loss -0.4021 (-0.8988)  Time:  0.227 (0.009)  Data Time:  0.002 (0.002)
2022-04-08 05:50:01,977:INFO:   Eta: 1:04:15
2022-04-08 05:50:20,694:INFO: Train: [43][2111/2112]  Loss -0.4001 (-0.9479)  Time:  0.238 (0.009)  Data Time:  0.002 (0.003)
2022-04-08 05:50:20,695:INFO:   Eta: 1:04:31
2022-04-08 05:50:39,344:INFO: Train: [44][2111/2112]  Loss -0.4442 (-0.8518)  Time:  0.224 (0.009)  Data Time:  0.002 (0.002)
2022-04-08 05:50:39,345:INFO:   Eta: 1:03:58
2022-04-08 05:50:58,044:INFO: Train: [45][2111/2112]  Loss -0.4856 (-0.9211)  Time:  0.219 (0.009)  Data Time:  0.002 (0.002)
2022-04-08 05:50:58,045:INFO:   Eta: 1:03:49
2022-04-08 05:51:14,352:INFO: Train: [46][2111/2112]  Loss -0.5451 (-0.8389)  Time:  0.212 (0.008)  Data Time:  0.002 (0.002)
2022-04-08 05:51:14,354:INFO:   Eta: 0:55:23
2022-04-08 05:51:51,419:INFO: Test: [46]  ADE: 0.4680  FDE: 0.6302
2022-04-08 05:52:07,727:INFO: Train: [47][2111/2112]  Loss -0.4285 (-0.9621)  Time:  0.206 (0.008)  Data Time:  0.001 (0.002)
2022-04-08 05:52:07,727:INFO:   Eta: 0:55:07
2022-04-08 05:52:23,986:INFO: Train: [48][2111/2112]  Loss -0.5698 (-0.9405)  Time:  0.213 (0.008)  Data Time:  0.001 (0.001)
2022-04-08 05:52:23,987:INFO:   Eta: 0:54:41
2022-04-08 05:52:40,870:INFO: Train: [49][2111/2112]  Loss -0.5804 (-0.9589)  Time:  0.236 (0.008)  Data Time:  0.003 (0.002)
2022-04-08 05:52:40,871:INFO:   Eta: 0:56:30
2022-04-08 05:52:59,529:INFO: Train: [50][2111/2112]  Loss -0.4721 (-0.8527)  Time:  0.240 (0.009)  Data Time:  0.003 (0.002)
2022-04-08 05:52:59,530:INFO:   Eta: 1:02:08
2022-04-08 05:53:17,817:INFO: Train: [51][2111/2112]  Loss -0.4110 (-0.9632)  Time:  0.240 (0.009)  Data Time:  0.003 (0.002)
2022-04-08 05:53:17,817:INFO:   Eta: 1:00:35
2022-04-08 05:53:37,853:INFO: Train: [52][2111/2112]  Loss -0.6046 (-0.9463)  Time:  0.288 (0.009)  Data Time:  0.003 (0.002)
2022-04-08 05:53:37,854:INFO:   Eta: 1:06:03
2022-04-08 05:53:57,216:INFO: Train: [53][2111/2112]  Loss -0.4703 (-0.9549)  Time:  0.229 (0.009)  Data Time:  0.002 (0.003)
2022-04-08 05:53:57,217:INFO:   Eta: 1:03:30
2022-04-08 05:54:15,961:INFO: Train: [54][2111/2112]  Loss -0.4589 (-1.0504)  Time:  0.229 (0.009)  Data Time:  0.002 (0.002)
2022-04-08 05:54:15,963:INFO:   Eta: 1:01:09
2022-04-08 05:54:34,967:INFO: Train: [55][2111/2112]  Loss -0.5495 (-1.0559)  Time:  0.233 (0.009)  Data Time:  0.003 (0.003)
2022-04-08 05:54:34,967:INFO:   Eta: 1:01:42
2022-04-08 05:54:53,866:INFO: Train: [56][2111/2112]  Loss -0.5698 (-1.0295)  Time:  0.232 (0.009)  Data Time:  0.003 (0.002)
2022-04-08 05:54:53,867:INFO:   Eta: 1:01:03
2022-04-08 05:55:31,259:INFO: Test: [56]  ADE: 0.3866  FDE: 0.5144
2022-04-08 05:55:48,122:INFO: Train: [57][2111/2112]  Loss -0.5691 (-1.0481)  Time:  0.213 (0.008)  Data Time:  0.002 (0.002)
2022-04-08 05:55:48,123:INFO:   Eta: 0:54:10
2022-04-08 05:56:04,308:INFO: Train: [58][2111/2112]  Loss -0.4528 (-0.9833)  Time:  0.206 (0.008)  Data Time:  0.002 (0.002)
2022-04-08 05:56:04,309:INFO:   Eta: 0:51:44
2022-04-08 05:56:20,634:INFO: Train: [59][2111/2112]  Loss -0.4426 (-1.0748)  Time:  0.252 (0.008)  Data Time:  0.002 (0.002)
2022-04-08 05:56:20,634:INFO:   Eta: 0:51:54
2022-04-08 05:56:37,211:INFO: Train: [60][2111/2112]  Loss -0.5203 (-0.9912)  Time:  0.220 (0.008)  Data Time:  0.002 (0.001)
2022-04-08 05:56:37,212:INFO:   Eta: 0:52:27
2022-04-08 05:56:53,240:INFO: Train: [61][2111/2112]  Loss -0.5141 (-1.1425)  Time:  0.193 (0.008)  Data Time:  0.001 (0.001)
2022-04-08 05:56:53,241:INFO:   Eta: 0:50:26
2022-04-08 05:57:09,687:INFO: Train: [62][2111/2112]  Loss -0.4922 (-1.0172)  Time:  0.216 (0.008)  Data Time:  0.002 (0.002)
2022-04-08 05:57:09,688:INFO:   Eta: 0:51:29
2022-04-08 05:57:28,290:INFO: Train: [63][2111/2112]  Loss -0.5076 (-1.0856)  Time:  0.232 (0.009)  Data Time:  0.003 (0.002)
2022-04-08 05:57:28,290:INFO:   Eta: 0:57:55
2022-04-08 05:57:47,202:INFO: Train: [64][2111/2112]  Loss -0.5802 (-1.0384)  Time:  0.234 (0.009)  Data Time:  0.002 (0.002)
2022-04-08 05:57:47,203:INFO:   Eta: 0:58:35
2022-04-08 05:58:07,004:INFO: Train: [65][2111/2112]  Loss -0.4472 (-0.9887)  Time:  0.299 (0.009)  Data Time:  0.002 (0.003)
2022-04-08 05:58:07,005:INFO:   Eta: 1:01:00
2022-04-08 05:58:26,618:INFO: Train: [66][2111/2112]  Loss -0.3554 (-1.1594)  Time:  0.229 (0.009)  Data Time:  0.002 (0.002)
2022-04-08 05:58:26,619:INFO:   Eta: 1:00:06
2022-04-08 05:59:03,414:INFO: Test: [66]  ADE: 0.4314  FDE: 0.5424
2022-04-08 05:59:22,820:INFO: Train: [67][2111/2112]  Loss -0.3592 (-1.1602)  Time:  0.283 (0.009)  Data Time:  0.002 (0.003)
2022-04-08 05:59:22,821:INFO:   Eta: 0:59:07
2022-04-08 05:59:43,162:INFO: Train: [68][2111/2112]  Loss -0.4669 (-1.0436)  Time:  0.272 (0.010)  Data Time:  0.002 (0.003)
2022-04-08 05:59:43,163:INFO:   Eta: 1:01:39
2022-04-08 06:00:03,326:INFO: Train: [69][2111/2112]  Loss -0.5390 (-1.1505)  Time:  0.282 (0.010)  Data Time:  0.003 (0.002)
2022-04-08 06:00:03,327:INFO:   Eta: 1:00:47
2022-04-08 06:00:21,255:INFO: Train: [70][2111/2112]  Loss -0.6113 (-1.1341)  Time:  0.208 (0.008)  Data Time:  0.002 (0.002)
2022-04-08 06:00:21,255:INFO:   Eta: 0:53:43
2022-04-08 06:00:37,879:INFO: Train: [71][2111/2112]  Loss -0.4637 (-1.0795)  Time:  0.227 (0.008)  Data Time:  0.001 (0.002)
2022-04-08 06:00:37,879:INFO:   Eta: 0:49:33
2022-04-08 06:00:54,093:INFO: Train: [72][2111/2112]  Loss -0.6013 (-1.1384)  Time:  0.212 (0.008)  Data Time:  0.002 (0.001)
2022-04-08 06:00:54,095:INFO:   Eta: 0:48:03
2022-04-08 06:01:10,297:INFO: Train: [73][2111/2112]  Loss -0.5093 (-1.0893)  Time:  0.219 (0.008)  Data Time:  0.002 (0.002)
2022-04-08 06:01:10,298:INFO:   Eta: 0:47:44
2022-04-08 06:01:26,640:INFO: Train: [74][2111/2112]  Loss -0.6477 (-1.1446)  Time:  0.217 (0.008)  Data Time:  0.002 (0.001)
2022-04-08 06:01:26,641:INFO:   Eta: 0:47:52
2022-04-08 06:01:42,942:INFO: Train: [75][2111/2112]  Loss -0.5880 (-1.0884)  Time:  0.219 (0.008)  Data Time:  0.001 (0.002)
2022-04-08 06:01:42,943:INFO:   Eta: 0:47:30
2022-04-08 06:02:01,310:INFO: Train: [76][2111/2112]  Loss -0.6356 (-1.1349)  Time:  0.231 (0.009)  Data Time:  0.003 (0.002)
2022-04-08 06:02:01,311:INFO:   Eta: 0:53:12
2022-04-08 06:02:37,965:INFO: Test: [76]  ADE: 0.4322  FDE: 0.6222
2022-04-08 06:02:56,611:INFO: Train: [77][2111/2112]  Loss -0.5801 (-1.1301)  Time:  0.231 (0.009)  Data Time:  0.003 (0.002)
2022-04-08 06:02:56,611:INFO:   Eta: 0:53:42
2022-04-08 06:03:15,536:INFO: Train: [78][2111/2112]  Loss -0.5113 (-1.1871)  Time:  0.218 (0.009)  Data Time:  0.003 (0.002)
2022-04-08 06:03:15,537:INFO:   Eta: 0:54:12
2022-04-08 06:03:34,220:INFO: Train: [79][2111/2112]  Loss -0.6389 (-1.2373)  Time:  0.235 (0.009)  Data Time:  0.003 (0.003)
2022-04-08 06:03:34,221:INFO:   Eta: 0:53:11
2022-04-08 06:03:52,970:INFO: Train: [80][2111/2112]  Loss -0.5649 (-1.2368)  Time:  0.258 (0.009)  Data Time:  0.003 (0.003)
2022-04-08 06:03:52,972:INFO:   Eta: 0:53:04
2022-04-08 06:04:11,543:INFO: Train: [81][2111/2112]  Loss -0.6149 (-1.1821)  Time:  0.229 (0.009)  Data Time:  0.003 (0.002)
2022-04-08 06:04:11,544:INFO:   Eta: 0:52:15
2022-04-08 06:04:30,124:INFO: Train: [82][2111/2112]  Loss -0.5451 (-1.1145)  Time:  0.225 (0.009)  Data Time:  0.002 (0.002)
2022-04-08 06:04:30,125:INFO:   Eta: 0:51:59
2022-04-08 06:04:48,664:INFO: Train: [83][2111/2112]  Loss -0.6356 (-1.1971)  Time:  0.234 (0.009)  Data Time:  0.003 (0.002)
2022-04-08 06:04:48,665:INFO:   Eta: 0:51:34
2022-04-08 06:05:04,657:INFO: Train: [84][2111/2112]  Loss -0.6284 (-1.1393)  Time:  0.210 (0.008)  Data Time:  0.002 (0.001)
2022-04-08 06:05:04,658:INFO:   Eta: 0:44:12
2022-04-08 06:05:20,709:INFO: Train: [85][2111/2112]  Loss -0.5935 (-1.2055)  Time:  0.217 (0.008)  Data Time:  0.001 (0.002)
2022-04-08 06:05:20,710:INFO:   Eta: 0:44:05
2022-04-08 06:05:37,451:INFO: Train: [86][2111/2112]  Loss -0.7447 (-1.1468)  Time:  0.207 (0.008)  Data Time:  0.002 (0.002)
2022-04-08 06:05:37,452:INFO:   Eta: 0:45:42
2022-04-08 06:06:14,381:INFO: Test: [86]  ADE: 0.3614  FDE: 0.5441
2022-04-08 06:06:31,047:INFO: Train: [87][2111/2112]  Loss -0.5448 (-1.1307)  Time:  0.227 (0.008)  Data Time:  0.003 (0.002)
2022-04-08 06:06:31,048:INFO:   Eta: 0:45:13
2022-04-08 06:06:49,463:INFO: Train: [88][2111/2112]  Loss -0.5986 (-1.2974)  Time:  0.218 (0.009)  Data Time:  0.003 (0.002)
2022-04-08 06:06:49,464:INFO:   Eta: 0:49:40
2022-04-08 06:07:08,477:INFO: Train: [89][2111/2112]  Loss -0.5562 (-1.2564)  Time:  0.228 (0.009)  Data Time:  0.003 (0.003)
2022-04-08 06:07:08,477:INFO:   Eta: 0:50:59
2022-04-08 06:07:27,419:INFO: Train: [90][2111/2112]  Loss -0.6430 (-1.2205)  Time:  0.235 (0.009)  Data Time:  0.003 (0.003)
2022-04-08 06:07:27,420:INFO:   Eta: 0:50:28
2022-04-08 06:07:45,842:INFO: Train: [91][2111/2112]  Loss -0.7508 (-1.2385)  Time:  0.275 (0.009)  Data Time:  0.002 (0.002)
2022-04-08 06:07:45,843:INFO:   Eta: 0:48:46
2022-04-08 06:08:04,361:INFO: Train: [92][2111/2112]  Loss -0.7063 (-1.1757)  Time:  0.221 (0.009)  Data Time:  0.002 (0.002)
2022-04-08 06:08:04,362:INFO:   Eta: 0:48:44
2022-04-08 06:08:23,067:INFO: Train: [93][2111/2112]  Loss -0.5610 (-1.2354)  Time:  0.245 (0.009)  Data Time:  0.003 (0.003)
2022-04-08 06:08:23,069:INFO:   Eta: 0:48:54
2022-04-08 06:08:41,634:INFO: Train: [94][2111/2112]  Loss -0.5629 (-1.2797)  Time:  0.238 (0.009)  Data Time:  0.003 (0.002)
2022-04-08 06:08:41,635:INFO:   Eta: 0:48:13
2022-04-08 06:09:00,377:INFO: Train: [95][2111/2112]  Loss -0.6212 (-1.2318)  Time:  0.261 (0.009)  Data Time:  0.003 (0.002)
2022-04-08 06:09:00,378:INFO:   Eta: 0:48:22
2022-04-08 06:09:18,861:INFO: Train: [96][2111/2112]  Loss -0.6649 (-1.2461)  Time:  0.242 (0.009)  Data Time:  0.003 (0.002)
2022-04-08 06:09:18,861:INFO:   Eta: 0:47:23
2022-04-08 06:09:55,252:INFO: Test: [96]  ADE: 0.3893  FDE: 0.5671
2022-04-08 06:10:11,215:INFO: Train: [97][2111/2112]  Loss -0.6228 (-1.2612)  Time:  0.217 (0.008)  Data Time:  0.001 (0.001)
2022-04-08 06:10:11,215:INFO:   Eta: 0:40:39
2022-04-08 06:10:27,878:INFO: Train: [98][2111/2112]  Loss -0.6709 (-1.2159)  Time:  0.214 (0.008)  Data Time:  0.001 (0.002)
2022-04-08 06:10:27,879:INFO:   Eta: 0:42:11
2022-04-08 06:10:44,512:INFO: Train: [99][2111/2112]  Loss -0.5929 (-1.3486)  Time:  0.208 (0.008)  Data Time:  0.002 (0.002)
2022-04-08 06:10:44,513:INFO:   Eta: 0:41:49
2022-04-08 06:11:00,709:INFO: Train: [100][2111/2112]  Loss -0.6259 (-1.2741)  Time:  0.220 (0.008)  Data Time:  0.001 (0.001)
2022-04-08 06:11:00,710:INFO:   Eta: 0:40:27
2022-04-08 06:11:18,680:INFO: Train: [101][2111/2112]  Loss -0.5781 (-1.2558)  Time:  0.225 (0.009)  Data Time:  0.003 (0.002)
2022-04-08 06:11:18,681:INFO:   Eta: 0:44:35
2022-04-08 06:11:37,633:INFO: Train: [102][2111/2112]  Loss -0.5815 (-1.3431)  Time:  0.216 (0.009)  Data Time:  0.002 (0.002)
2022-04-08 06:11:37,634:INFO:   Eta: 0:46:42
2022-04-08 06:11:56,443:INFO: Train: [103][2111/2112]  Loss -0.5447 (-1.1965)  Time:  0.226 (0.009)  Data Time:  0.002 (0.003)
2022-04-08 06:11:56,443:INFO:   Eta: 0:46:03
2022-04-08 06:12:15,414:INFO: Train: [104][2111/2112]  Loss -0.6257 (-1.1899)  Time:  0.255 (0.009)  Data Time:  0.003 (0.002)
2022-04-08 06:12:15,415:INFO:   Eta: 0:46:08
2022-04-08 06:12:34,086:INFO: Train: [105][2111/2112]  Loss -0.6295 (-1.2713)  Time:  0.239 (0.009)  Data Time:  0.003 (0.002)
2022-04-08 06:12:34,087:INFO:   Eta: 0:45:05
2022-04-08 06:12:52,884:INFO: Train: [106][2111/2112]  Loss -0.7453 (-1.1921)  Time:  0.230 (0.009)  Data Time:  0.002 (0.002)
2022-04-08 06:12:52,885:INFO:   Eta: 0:45:04
2022-04-08 06:13:29,832:INFO: Test: [106]  ADE: 0.3507  FDE: 0.5213
2022-04-08 06:13:48,709:INFO: Train: [107][2111/2112]  Loss -0.6718 (-1.2716)  Time:  0.234 (0.009)  Data Time:  0.003 (0.003)
2022-04-08 06:13:48,710:INFO:   Eta: 0:44:53
2022-04-08 06:14:07,465:INFO: Train: [108][2111/2112]  Loss -0.6561 (-1.2725)  Time:  0.247 (0.009)  Data Time:  0.003 (0.003)
2022-04-08 06:14:07,466:INFO:   Eta: 0:44:20
2022-04-08 06:14:23,982:INFO: Train: [109][2111/2112]  Loss -0.6638 (-1.1994)  Time:  0.288 (0.008)  Data Time:  0.001 (0.002)
2022-04-08 06:14:23,983:INFO:   Eta: 0:38:47
2022-04-08 06:14:40,298:INFO: Train: [110][2111/2112]  Loss -0.7054 (-1.3037)  Time:  0.219 (0.008)  Data Time:  0.002 (0.001)
2022-04-08 06:14:40,299:INFO:   Eta: 0:38:02
2022-04-08 06:14:56,670:INFO: Train: [111][2111/2112]  Loss -0.7372 (-1.2334)  Time:  0.210 (0.008)  Data Time:  0.002 (0.001)
2022-04-08 06:14:56,671:INFO:   Eta: 0:37:53
2022-04-08 06:15:13,134:INFO: Train: [112][2111/2112]  Loss -0.6066 (-1.2556)  Time:  0.292 (0.008)  Data Time:  0.002 (0.002)
2022-04-08 06:15:13,135:INFO:   Eta: 0:37:50
2022-04-08 06:15:29,784:INFO: Train: [113][2111/2112]  Loss -0.7597 (-1.3180)  Time:  0.217 (0.008)  Data Time:  0.001 (0.001)
2022-04-08 06:15:29,784:INFO:   Eta: 0:37:58
2022-04-08 06:15:46,856:INFO: Train: [114][2111/2112]  Loss -0.6835 (-1.3672)  Time:  0.230 (0.008)  Data Time:  0.002 (0.002)
2022-04-08 06:15:46,857:INFO:   Eta: 0:38:40
2022-04-08 06:16:05,145:INFO: Train: [115][2111/2112]  Loss -0.7144 (-1.2348)  Time:  0.227 (0.009)  Data Time:  0.001 (0.002)
2022-04-08 06:16:05,146:INFO:   Eta: 0:41:06
2022-04-08 06:16:23,658:INFO: Train: [116][2111/2112]  Loss -0.7120 (-1.2934)  Time:  0.232 (0.009)  Data Time:  0.002 (0.002)
2022-04-08 06:16:23,659:INFO:   Eta: 0:41:18
2022-04-08 06:17:00,889:INFO: Test: [116]  ADE: 0.3522  FDE: 0.5141
2022-04-08 06:17:19,601:INFO: Train: [117][2111/2112]  Loss -0.7118 (-1.2487)  Time:  0.236 (0.009)  Data Time:  0.002 (0.002)
2022-04-08 06:17:19,602:INFO:   Eta: 0:41:25
2022-04-08 06:17:37,952:INFO: Train: [118][2111/2112]  Loss -0.7418 (-1.2290)  Time:  0.246 (0.009)  Data Time:  0.003 (0.002)
2022-04-08 06:17:37,952:INFO:   Eta: 0:40:20
2022-04-08 06:17:56,515:INFO: Train: [119][2111/2112]  Loss -0.4895 (-1.3232)  Time:  0.234 (0.009)  Data Time:  0.002 (0.002)
2022-04-08 06:17:56,516:INFO:   Eta: 0:40:29
2022-04-08 06:18:14,863:INFO: Train: [120][2111/2112]  Loss -0.6567 (-1.1845)  Time:  0.232 (0.009)  Data Time:  0.002 (0.003)
2022-04-08 06:18:14,864:INFO:   Eta: 0:39:43
2022-04-08 06:18:33,534:INFO: Train: [121][2111/2112]  Loss -0.7579 (-1.3569)  Time:  0.231 (0.009)  Data Time:  0.002 (0.002)
2022-04-08 06:18:33,535:INFO:   Eta: 0:40:06
2022-04-08 06:18:51,754:INFO: Train: [122][2111/2112]  Loss -0.6355 (-1.2734)  Time:  0.219 (0.009)  Data Time:  0.001 (0.002)
2022-04-08 06:18:51,755:INFO:   Eta: 0:38:50
2022-04-08 06:19:08,188:INFO: Train: [123][2111/2112]  Loss -0.6393 (-1.4652)  Time:  0.220 (0.008)  Data Time:  0.002 (0.002)
2022-04-08 06:19:08,189:INFO:   Eta: 0:34:44
2022-04-08 06:19:24,273:INFO: Train: [124][2111/2112]  Loss -0.6677 (-1.4449)  Time:  0.206 (0.008)  Data Time:  0.001 (0.001)
2022-04-08 06:19:24,274:INFO:   Eta: 0:33:44
2022-04-08 06:19:40,410:INFO: Train: [125][2111/2112]  Loss -0.7568 (-1.3719)  Time:  0.226 (0.008)  Data Time:  0.001 (0.002)
2022-04-08 06:19:40,411:INFO:   Eta: 0:33:35
2022-04-08 06:19:56,797:INFO: Train: [126][2111/2112]  Loss -0.5882 (-1.3010)  Time:  0.214 (0.008)  Data Time:  0.002 (0.002)
2022-04-08 06:19:56,798:INFO:   Eta: 0:33:49
2022-04-08 06:20:33,908:INFO: Test: [126]  ADE: 0.3382  FDE: 0.4829
2022-04-08 06:20:52,513:INFO: Train: [127][2111/2112]  Loss -0.5913 (-1.2808)  Time:  0.230 (0.009)  Data Time:  0.003 (0.002)
2022-04-08 06:20:52,514:INFO:   Eta: 0:38:06
2022-04-08 06:21:11,130:INFO: Train: [128][2111/2112]  Loss -0.7542 (-1.3187)  Time:  0.221 (0.009)  Data Time:  0.003 (0.002)
2022-04-08 06:21:11,130:INFO:   Eta: 0:37:49
2022-04-08 06:21:29,612:INFO: Train: [129][2111/2112]  Loss -0.6737 (-1.3318)  Time:  0.226 (0.009)  Data Time:  0.002 (0.003)
2022-04-08 06:21:29,613:INFO:   Eta: 0:37:14
2022-04-08 06:21:48,406:INFO: Train: [130][2111/2112]  Loss -0.6385 (-1.3931)  Time:  0.229 (0.009)  Data Time:  0.003 (0.002)
2022-04-08 06:21:48,408:INFO:   Eta: 0:37:33
2022-04-08 06:22:07,034:INFO: Train: [131][2111/2112]  Loss -0.6777 (-1.2994)  Time:  0.236 (0.009)  Data Time:  0.003 (0.003)
2022-04-08 06:22:07,035:INFO:   Eta: 0:36:54
2022-04-08 06:22:26,121:INFO: Train: [132][2111/2112]  Loss -0.6656 (-1.2614)  Time:  0.230 (0.009)  Data Time:  0.002 (0.002)
2022-04-08 06:22:26,122:INFO:   Eta: 0:37:30
2022-04-08 06:22:45,370:INFO: Train: [133][2111/2112]  Loss -0.7311 (-1.3928)  Time:  0.243 (0.009)  Data Time:  0.003 (0.003)
2022-04-08 06:22:45,371:INFO:   Eta: 0:37:29
2022-04-08 06:23:03,988:INFO: Train: [134][2111/2112]  Loss -0.6097 (-1.3926)  Time:  0.229 (0.009)  Data Time:  0.002 (0.002)
2022-04-08 06:23:03,989:INFO:   Eta: 0:35:58
2022-04-08 06:23:22,775:INFO: Train: [135][2111/2112]  Loss -0.7377 (-1.4080)  Time:  0.227 (0.009)  Data Time:  0.002 (0.002)
2022-04-08 06:23:22,775:INFO:   Eta: 0:35:58
2022-04-08 06:23:39,802:INFO: Train: [136][2111/2112]  Loss -0.6557 (-1.3602)  Time:  0.215 (0.008)  Data Time:  0.002 (0.002)
2022-04-08 06:23:39,803:INFO:   Eta: 0:32:19
2022-04-08 06:24:16,652:INFO: Test: [136]  ADE: 0.3280  FDE: 0.4791
2022-04-08 06:24:33,150:INFO: Train: [137][2111/2112]  Loss -0.6431 (-1.2405)  Time:  0.211 (0.008)  Data Time:  0.000 (0.002)
2022-04-08 06:24:33,150:INFO:   Eta: 0:31:02
2022-04-08 06:24:49,532:INFO: Train: [138][2111/2112]  Loss -0.7500 (-1.3390)  Time:  0.210 (0.008)  Data Time:  0.002 (0.002)
2022-04-08 06:24:49,533:INFO:   Eta: 0:30:32
2022-04-08 06:25:05,783:INFO: Train: [139][2111/2112]  Loss -0.4999 (-1.4143)  Time:  0.220 (0.008)  Data Time:  0.002 (0.001)
2022-04-08 06:25:05,783:INFO:   Eta: 0:30:02
2022-04-08 06:25:24,726:INFO: Train: [140][2111/2112]  Loss -0.5706 (-1.3984)  Time:  0.241 (0.009)  Data Time:  0.002 (0.003)
2022-04-08 06:25:24,727:INFO:   Eta: 0:34:42
2022-04-08 06:25:43,501:INFO: Train: [141][2111/2112]  Loss -0.7059 (-1.2497)  Time:  0.227 (0.009)  Data Time:  0.003 (0.003)
2022-04-08 06:25:43,502:INFO:   Eta: 0:34:04
2022-04-08 06:26:01,955:INFO: Train: [142][2111/2112]  Loss -0.7180 (-1.3897)  Time:  0.219 (0.009)  Data Time:  0.002 (0.002)
2022-04-08 06:26:01,956:INFO:   Eta: 0:33:11
2022-04-08 06:26:20,669:INFO: Train: [143][2111/2112]  Loss -0.6102 (-1.3298)  Time:  0.235 (0.009)  Data Time:  0.002 (0.003)
2022-04-08 06:26:20,670:INFO:   Eta: 0:33:20
2022-04-08 06:26:39,328:INFO: Train: [144][2111/2112]  Loss -0.5700 (-1.2393)  Time:  0.240 (0.009)  Data Time:  0.003 (0.003)
2022-04-08 06:26:39,329:INFO:   Eta: 0:32:56
2022-04-08 06:26:58,580:INFO: Train: [145][2111/2112]  Loss -0.6515 (-1.2672)  Time:  0.245 (0.009)  Data Time:  0.002 (0.002)
2022-04-08 06:26:58,581:INFO:   Eta: 0:33:40
2022-04-08 06:27:17,539:INFO: Train: [146][2111/2112]  Loss -0.6431 (-1.3380)  Time:  0.228 (0.009)  Data Time:  0.002 (0.003)
2022-04-08 06:27:17,540:INFO:   Eta: 0:32:50
2022-04-08 06:27:53,476:INFO: Test: [146]  ADE: 0.3526  FDE: 0.5184
2022-04-08 06:28:11,526:INFO: Train: [147][2111/2112]  Loss -0.7473 (-1.4473)  Time:  0.211 (0.009)  Data Time:  0.001 (0.002)
2022-04-08 06:28:11,526:INFO:   Eta: 0:30:56
2022-04-08 06:28:28,006:INFO: Train: [148][2111/2112]  Loss -0.6175 (-1.3813)  Time:  0.261 (0.008)  Data Time:  0.002 (0.002)
2022-04-08 06:28:28,007:INFO:   Eta: 0:27:59
2022-04-08 06:28:44,327:INFO: Train: [149][2111/2112]  Loss -0.7361 (-1.3276)  Time:  0.218 (0.008)  Data Time:  0.001 (0.001)
2022-04-08 06:28:44,328:INFO:   Eta: 0:27:26
2022-04-08 06:29:00,585:INFO: Train: [150][2111/2112]  Loss -0.8633 (-1.5247)  Time:  0.215 (0.008)  Data Time:  0.002 (0.002)
2022-04-08 06:29:00,586:INFO:   Eta: 0:27:04
2022-04-08 06:29:16,624:INFO: Train: [151][2111/2112]  Loss -0.7771 (-1.5165)  Time:  0.220 (0.008)  Data Time:  0.002 (0.001)
2022-04-08 06:29:16,625:INFO:   Eta: 0:26:26
2022-04-08 06:29:21,245:INFO: Valid: [151][500/501]  Loss -3.6527 (-2.2429)
2022-04-08 06:29:21,260:INFO: Checkpoint saved...
2022-04-08 06:29:37,769:INFO: Train: [152][2111/2112]  Loss -0.7929 (-1.5280)  Time:  0.205 (0.008)  Data Time:  0.002 (0.002)
2022-04-08 06:29:37,770:INFO:   Eta: 0:26:55
2022-04-08 06:29:42,524:INFO: Valid: [152][500/501]  Loss -5.7717 (-3.5413)
2022-04-08 06:29:42,538:INFO: Checkpoint saved...
2022-04-08 06:30:01,358:INFO: Train: [153][2111/2112]  Loss -0.7892 (-1.5093)  Time:  0.224 (0.009)  Data Time:  0.003 (0.002)
2022-04-08 06:30:01,359:INFO:   Eta: 0:30:22
2022-04-08 06:30:05,916:INFO: Valid: [153][500/501]  Loss -6.0028 (-3.7106)
2022-04-08 06:30:05,932:INFO: Checkpoint saved...
2022-04-08 06:30:24,903:INFO: Train: [154][2111/2112]  Loss -0.6869 (-1.5554)  Time:  0.239 (0.009)  Data Time:  0.003 (0.002)
2022-04-08 06:30:24,905:INFO:   Eta: 0:30:18
2022-04-08 06:30:29,729:INFO: Valid: [154][500/501]  Loss -4.2076 (-2.5774)
2022-04-08 06:30:48,620:INFO: Train: [155][2111/2112]  Loss -0.8029 (-1.5156)  Time:  0.239 (0.009)  Data Time:  0.002 (0.003)
2022-04-08 06:30:48,621:INFO:   Eta: 0:29:51
2022-04-08 06:30:53,543:INFO: Valid: [155][500/501]  Loss -5.3531 (-3.2532)
2022-04-08 06:31:13,083:INFO: Train: [156][2111/2112]  Loss -0.8035 (-1.5184)  Time:  0.235 (0.009)  Data Time:  0.003 (0.003)
2022-04-08 06:31:13,085:INFO:   Eta: 0:30:33
2022-04-08 06:31:18,037:INFO: Valid: [156][500/501]  Loss -5.7991 (-3.5616)
2022-04-08 06:31:54,459:INFO: Test: [156]  ADE: 0.3309  FDE: 0.5252
2022-04-08 06:32:13,718:INFO: Train: [157][2111/2112]  Loss -0.6995 (-1.4166)  Time:  0.278 (0.009)  Data Time:  0.002 (0.003)
2022-04-08 06:32:13,718:INFO:   Eta: 0:29:49
2022-04-08 06:32:18,208:INFO: Valid: [157][500/501]  Loss -4.4141 (-2.7414)
2022-04-08 06:32:37,609:INFO: Train: [158][2111/2112]  Loss -0.8130 (-1.5519)  Time:  0.236 (0.009)  Data Time:  0.002 (0.002)
2022-04-08 06:32:37,611:INFO:   Eta: 0:29:42
2022-04-08 06:32:42,077:INFO: Valid: [158][500/501]  Loss -6.0279 (-3.6866)
2022-04-08 06:32:42,094:INFO: Checkpoint saved...
2022-04-08 06:32:59,067:INFO: Train: [159][2111/2112]  Loss -0.7844 (-1.5548)  Time:  0.207 (0.008)  Data Time:  0.002 (0.002)
2022-04-08 06:32:59,068:INFO:   Eta: 0:25:42
2022-04-08 06:33:03,832:INFO: Valid: [159][500/501]  Loss -5.1469 (-3.1681)
2022-04-08 06:33:20,380:INFO: Train: [160][2111/2112]  Loss -0.7115 (-1.5475)  Time:  0.216 (0.008)  Data Time:  0.002 (0.002)
2022-04-08 06:33:20,381:INFO:   Eta: 0:24:46
2022-04-08 06:33:24,838:INFO: Valid: [160][500/501]  Loss -4.6323 (-2.7687)
2022-04-08 06:33:41,762:INFO: Train: [161][2111/2112]  Loss -0.8151 (-1.3777)  Time:  0.212 (0.008)  Data Time:  0.001 (0.002)
2022-04-08 06:33:41,762:INFO:   Eta: 0:25:03
2022-04-08 06:33:46,283:INFO: Valid: [161][500/501]  Loss -3.2482 (-2.0111)
2022-04-08 06:34:02,583:INFO: Train: [162][2111/2112]  Loss -0.7562 (-1.5225)  Time:  0.252 (0.008)  Data Time:  0.001 (0.001)
2022-04-08 06:34:02,584:INFO:   Eta: 0:23:51
2022-04-08 06:34:07,296:INFO: Valid: [162][500/501]  Loss -5.3282 (-3.2701)
2022-04-08 06:34:24,007:INFO: Train: [163][2111/2112]  Loss -0.6472 (-1.5497)  Time:  0.229 (0.008)  Data Time:  0.003 (0.001)
2022-04-08 06:34:24,009:INFO:   Eta: 0:24:11
2022-04-08 06:34:28,645:INFO: Valid: [163][500/501]  Loss -4.9278 (-3.0249)
2022-04-08 06:34:47,529:INFO: Train: [164][2111/2112]  Loss -0.7353 (-1.4425)  Time:  0.231 (0.009)  Data Time:  0.002 (0.002)
2022-04-08 06:34:47,531:INFO:   Eta: 0:27:01
2022-04-08 06:34:52,495:INFO: Valid: [164][500/501]  Loss -5.6100 (-3.4018)
2022-04-08 06:35:11,511:INFO: Train: [165][2111/2112]  Loss -0.7315 (-1.4465)  Time:  0.234 (0.009)  Data Time:  0.003 (0.002)
2022-04-08 06:35:11,512:INFO:   Eta: 0:26:53
2022-04-08 06:35:16,319:INFO: Valid: [165][500/501]  Loss -4.1080 (-2.5192)
2022-04-08 06:35:34,906:INFO: Train: [166][2111/2112]  Loss -0.7681 (-1.5346)  Time:  0.225 (0.009)  Data Time:  0.001 (0.002)
2022-04-08 06:35:34,907:INFO:   Eta: 0:25:58
2022-04-08 06:35:39,507:INFO: Valid: [166][500/501]  Loss -5.0567 (-3.1261)
2022-04-08 06:36:17,129:INFO: Test: [166]  ADE: 0.3342  FDE: 0.5059
2022-04-08 06:36:36,579:INFO: Train: [167][2111/2112]  Loss -0.7426 (-1.4255)  Time:  0.286 (0.009)  Data Time:  0.002 (0.003)
2022-04-08 06:36:36,580:INFO:   Eta: 0:26:53
2022-04-08 06:36:41,429:INFO: Valid: [167][500/501]  Loss -5.8131 (-3.5426)
2022-04-08 06:36:59,863:INFO: Train: [168][2111/2112]  Loss -0.7790 (-1.5379)  Time:  0.227 (0.009)  Data Time:  0.002 (0.002)
2022-04-08 06:36:59,863:INFO:   Eta: 0:25:09
2022-04-08 06:37:04,423:INFO: Valid: [168][500/501]  Loss -5.7100 (-3.4870)
2022-04-08 06:37:22,792:INFO: Train: [169][2111/2112]  Loss -0.6369 (-1.5580)  Time:  0.212 (0.009)  Data Time:  0.001 (0.002)
2022-04-08 06:37:22,793:INFO:   Eta: 0:24:43
2022-04-08 06:37:27,327:INFO: Valid: [169][500/501]  Loss -5.3667 (-3.3217)
2022-04-08 06:37:43,554:INFO: Train: [170][2111/2112]  Loss -0.8126 (-1.4659)  Time:  0.309 (0.008)  Data Time:  0.001 (0.001)
2022-04-08 06:37:43,555:INFO:   Eta: 0:21:35
2022-04-08 06:37:48,358:INFO: Valid: [170][500/501]  Loss -5.8261 (-3.5583)
2022-04-08 06:38:04,611:INFO: Train: [171][2111/2112]  Loss -0.8041 (-1.4077)  Time:  0.207 (0.008)  Data Time:  0.001 (0.002)
2022-04-08 06:38:04,612:INFO:   Eta: 0:21:21
2022-04-08 06:38:09,153:INFO: Valid: [171][500/501]  Loss -5.5737 (-3.3817)
2022-04-08 06:38:25,099:INFO: Train: [172][2111/2112]  Loss -0.7619 (-1.4593)  Time:  0.219 (0.008)  Data Time:  0.001 (0.001)
2022-04-08 06:38:25,100:INFO:   Eta: 0:20:41
2022-04-08 06:38:29,679:INFO: Valid: [172][500/501]  Loss -4.0092 (-2.4672)
2022-04-08 06:38:45,696:INFO: Train: [173][2111/2112]  Loss -0.7827 (-1.5802)  Time:  0.223 (0.008)  Data Time:  0.001 (0.001)
2022-04-08 06:38:45,697:INFO:   Eta: 0:20:30
2022-04-08 06:38:50,477:INFO: Valid: [173][500/501]  Loss -5.0250 (-3.0644)
2022-04-08 06:39:08,082:INFO: Train: [174][2111/2112]  Loss -0.8129 (-1.5351)  Time:  0.266 (0.008)  Data Time:  0.002 (0.002)
2022-04-08 06:39:08,083:INFO:   Eta: 0:22:15
2022-04-08 06:39:12,742:INFO: Valid: [174][500/501]  Loss -4.9522 (-3.0177)
2022-04-08 06:39:31,768:INFO: Train: [175][2111/2112]  Loss -0.8039 (-1.5756)  Time:  0.242 (0.009)  Data Time:  0.002 (0.002)
2022-04-08 06:39:31,771:INFO:   Eta: 0:23:44
2022-04-08 06:39:36,656:INFO: Valid: [175][500/501]  Loss -5.7698 (-3.4902)
2022-04-08 06:39:55,962:INFO: Train: [176][2111/2112]  Loss -0.7619 (-1.5488)  Time:  0.226 (0.009)  Data Time:  0.002 (0.002)
2022-04-08 06:39:55,962:INFO:   Eta: 0:23:42
2022-04-08 06:40:00,447:INFO: Valid: [176][500/501]  Loss -5.1209 (-3.0892)
2022-04-08 06:40:37,270:INFO: Test: [176]  ADE: 0.3496  FDE: 0.5526
2022-04-08 06:40:56,419:INFO: Train: [177][2111/2112]  Loss -0.6716 (-1.5775)  Time:  0.239 (0.009)  Data Time:  0.003 (0.003)
2022-04-08 06:40:56,420:INFO:   Eta: 0:23:15
2022-04-08 06:41:00,936:INFO: Valid: [177][500/501]  Loss -5.5053 (-3.3272)
2022-04-08 06:41:19,457:INFO: Train: [178][2111/2112]  Loss -0.7025 (-1.5349)  Time:  0.233 (0.009)  Data Time:  0.002 (0.002)
2022-04-08 06:41:19,458:INFO:   Eta: 0:22:11
2022-04-08 06:41:24,035:INFO: Valid: [178][500/501]  Loss -5.6487 (-3.4088)
2022-04-08 06:41:42,586:INFO: Train: [179][2111/2112]  Loss -0.7960 (-1.5609)  Time:  0.239 (0.009)  Data Time:  0.003 (0.002)
2022-04-08 06:41:42,586:INFO:   Eta: 0:21:54
2022-04-08 06:41:47,259:INFO: Valid: [179][500/501]  Loss -5.0484 (-3.0574)
2022-04-08 06:42:04,659:INFO: Train: [180][2111/2112]  Loss -0.7287 (-1.4323)  Time:  0.217 (0.008)  Data Time:  0.001 (0.002)
2022-04-08 06:42:04,660:INFO:   Eta: 0:20:15
2022-04-08 06:42:09,140:INFO: Valid: [180][500/501]  Loss -5.5760 (-3.3860)
2022-04-08 06:42:25,520:INFO: Train: [181][2111/2112]  Loss -0.7328 (-1.4441)  Time:  0.211 (0.008)  Data Time:  0.001 (0.002)
2022-04-08 06:42:25,521:INFO:   Eta: 0:18:47
2022-04-08 06:42:30,263:INFO: Valid: [181][500/501]  Loss -5.2703 (-3.2242)
2022-04-08 06:42:45,912:INFO: Train: [182][2111/2112]  Loss -0.8250 (-1.5694)  Time:  0.209 (0.007)  Data Time:  0.002 (0.001)
2022-04-08 06:42:45,913:INFO:   Eta: 0:17:41
2022-04-08 06:42:50,551:INFO: Valid: [182][500/501]  Loss -5.3842 (-3.2534)
2022-04-08 06:43:07,273:INFO: Train: [183][2111/2112]  Loss -0.7995 (-1.4862)  Time:  0.214 (0.008)  Data Time:  0.000 (0.001)
2022-04-08 06:43:07,275:INFO:   Eta: 0:18:38
2022-04-08 06:43:11,925:INFO: Valid: [183][500/501]  Loss -4.8583 (-3.0125)
2022-04-08 06:43:28,680:INFO: Train: [184][2111/2112]  Loss -0.8238 (-1.5639)  Time:  0.214 (0.008)  Data Time:  0.001 (0.001)
2022-04-08 06:43:28,681:INFO:   Eta: 0:18:23
2022-04-08 06:43:33,213:INFO: Valid: [184][500/501]  Loss -5.4948 (-3.3503)
2022-04-08 06:43:52,095:INFO: Train: [185][2111/2112]  Loss -0.8799 (-1.5637)  Time:  0.238 (0.009)  Data Time:  0.003 (0.003)
2022-04-08 06:43:52,095:INFO:   Eta: 0:20:25
2022-04-08 06:43:56,808:INFO: Valid: [185][500/501]  Loss -5.8090 (-3.5170)
2022-04-08 06:44:16,052:INFO: Train: [186][2111/2112]  Loss -0.7152 (-1.5085)  Time:  0.282 (0.009)  Data Time:  0.003 (0.002)
2022-04-08 06:44:16,053:INFO:   Eta: 0:20:29
2022-04-08 06:44:20,578:INFO: Valid: [186][500/501]  Loss -5.5293 (-3.4225)
2022-04-08 06:44:58,974:INFO: Test: [186]  ADE: 0.3347  FDE: 0.5110
2022-04-08 06:45:17,732:INFO: Train: [187][2111/2112]  Loss -0.8477 (-1.5212)  Time:  0.229 (0.009)  Data Time:  0.003 (0.002)
2022-04-08 06:45:17,733:INFO:   Eta: 0:19:40
2022-04-08 06:45:22,579:INFO: Valid: [187][500/501]  Loss -5.5869 (-3.4163)
2022-04-08 06:45:40,826:INFO: Train: [188][2111/2112]  Loss -0.8024 (-1.4809)  Time:  0.238 (0.009)  Data Time:  0.002 (0.002)
2022-04-08 06:45:40,827:INFO:   Eta: 0:18:49
2022-04-08 06:45:45,381:INFO: Valid: [188][500/501]  Loss -5.0434 (-3.0755)
2022-04-08 06:46:04,086:INFO: Train: [189][2111/2112]  Loss -0.7369 (-1.5518)  Time:  0.235 (0.009)  Data Time:  0.002 (0.002)
2022-04-08 06:46:04,088:INFO:   Eta: 0:18:58
2022-04-08 06:46:08,907:INFO: Valid: [189][500/501]  Loss -5.5864 (-3.4283)
2022-04-08 06:46:27,422:INFO: Train: [190][2111/2112]  Loss -0.7866 (-1.5501)  Time:  0.222 (0.009)  Data Time:  0.003 (0.002)
2022-04-08 06:46:27,423:INFO:   Eta: 0:18:28
2022-04-08 06:46:32,180:INFO: Valid: [190][500/501]  Loss -5.3674 (-3.3409)
2022-04-08 06:46:50,991:INFO: Train: [191][2111/2112]  Loss -0.8552 (-1.5721)  Time:  0.238 (0.009)  Data Time:  0.003 (0.002)
2022-04-08 06:46:50,992:INFO:   Eta: 0:18:27
2022-04-08 06:46:55,793:INFO: Valid: [191][500/501]  Loss -5.4166 (-3.2410)
2022-04-08 06:47:12,815:INFO: Train: [192][2111/2112]  Loss -0.7121 (-1.5065)  Time:  0.220 (0.008)  Data Time:  0.001 (0.001)
2022-04-08 06:47:12,816:INFO:   Eta: 0:16:25
2022-04-08 06:47:17,554:INFO: Valid: [192][500/501]  Loss -5.9189 (-3.6531)
2022-04-08 06:47:33,677:INFO: Train: [193][2111/2112]  Loss -0.7835 (-1.5463)  Time:  0.250 (0.008)  Data Time:  0.002 (0.001)
2022-04-08 06:47:33,677:INFO:   Eta: 0:15:17
2022-04-08 06:47:38,319:INFO: Valid: [193][500/501]  Loss -6.0489 (-3.6958)
2022-04-08 06:47:38,346:INFO: Checkpoint saved...
2022-04-08 06:47:54,507:INFO: Train: [194][2111/2112]  Loss -0.7349 (-1.5899)  Time:  0.212 (0.008)  Data Time:  0.002 (0.002)
2022-04-08 06:47:54,510:INFO:   Eta: 0:15:02
2022-04-08 06:47:59,142:INFO: Valid: [194][500/501]  Loss -5.7108 (-3.5222)
2022-04-08 06:48:15,417:INFO: Train: [195][2111/2112]  Loss -0.7753 (-1.5285)  Time:  0.219 (0.008)  Data Time:  0.002 (0.001)
2022-04-08 06:48:15,418:INFO:   Eta: 0:14:53
2022-04-08 06:48:20,075:INFO: Valid: [195][500/501]  Loss -5.0533 (-3.1196)
2022-04-08 06:48:36,056:INFO: Train: [196][2111/2112]  Loss -0.7658 (-1.4287)  Time:  0.217 (0.008)  Data Time:  0.001 (0.001)
2022-04-08 06:48:36,056:INFO:   Eta: 0:14:21
2022-04-08 06:48:40,727:INFO: Valid: [196][500/501]  Loss -5.5662 (-3.3969)
2022-04-08 06:49:18,474:INFO: Test: [196]  ADE: 0.3368  FDE: 0.5282
2022-04-08 06:49:36,613:INFO: Train: [197][2111/2112]  Loss -0.7958 (-1.5295)  Time:  0.224 (0.009)  Data Time:  0.002 (0.002)
2022-04-08 06:49:36,614:INFO:   Eta: 0:16:00
2022-04-08 06:49:41,293:INFO: Valid: [197][500/501]  Loss -5.2962 (-3.2218)
2022-04-08 06:49:59,638:INFO: Train: [198][2111/2112]  Loss -0.7729 (-1.5671)  Time:  0.228 (0.009)  Data Time:  0.003 (0.002)
2022-04-08 06:49:59,639:INFO:   Eta: 0:15:50
2022-04-08 06:50:04,378:INFO: Valid: [198][500/501]  Loss -3.6731 (-2.2304)
2022-04-08 06:50:23,335:INFO: Train: [199][2111/2112]  Loss -0.6869 (-1.5938)  Time:  0.227 (0.009)  Data Time:  0.002 (0.002)
2022-04-08 06:50:23,336:INFO:   Eta: 0:16:04
2022-04-08 06:50:27,887:INFO: Valid: [199][500/501]  Loss -5.5363 (-3.3852)
2022-04-08 06:50:46,844:INFO: Train: [200][2111/2112]  Loss -0.8003 (-1.5730)  Time:  0.234 (0.009)  Data Time:  0.003 (0.002)
2022-04-08 06:50:46,845:INFO:   Eta: 0:15:46
2022-04-08 06:50:51,490:INFO: Valid: [200][500/501]  Loss -4.2533 (-2.5893)
2022-04-08 06:51:09,485:INFO: Train: [201][2111/2112]  Loss -0.7096 (-1.5050)  Time:  0.219 (0.009)  Data Time:  0.003 (0.002)
2022-04-08 06:51:09,486:INFO:   Eta: 0:14:40
2022-04-08 06:51:14,041:INFO: Valid: [201][500/501]  Loss -5.9263 (-3.6043)
2022-04-08 06:51:32,388:INFO: Train: [202][2111/2112]  Loss -0.8172 (-1.5969)  Time:  0.234 (0.009)  Data Time:  0.003 (0.002)
2022-04-08 06:51:32,388:INFO:   Eta: 0:14:39
2022-04-08 06:51:36,986:INFO: Valid: [202][500/501]  Loss -6.0959 (-3.7240)
2022-04-08 06:51:37,001:INFO: Checkpoint saved...
2022-04-08 06:51:55,799:INFO: Train: [203][2111/2112]  Loss -0.8623 (-1.5281)  Time:  0.226 (0.009)  Data Time:  0.002 (0.002)
2022-04-08 06:51:55,800:INFO:   Eta: 0:14:42
2022-04-08 06:52:00,621:INFO: Valid: [203][500/501]  Loss -5.1955 (-3.1642)
2022-04-08 06:52:19,148:INFO: Train: [204][2111/2112]  Loss -0.8049 (-1.5897)  Time:  0.232 (0.009)  Data Time:  0.003 (0.002)
2022-04-08 06:52:19,149:INFO:   Eta: 0:14:11
2022-04-08 06:52:23,945:INFO: Valid: [204][500/501]  Loss -4.5762 (-2.8075)
2022-04-08 06:52:40,899:INFO: Train: [205][2111/2112]  Loss -0.8162 (-1.5547)  Time:  0.221 (0.008)  Data Time:  0.002 (0.001)
2022-04-08 06:52:40,900:INFO:   Eta: 0:12:41
2022-04-08 06:52:45,402:INFO: Valid: [205][500/501]  Loss -5.3384 (-3.2074)
2022-04-08 06:53:01,317:INFO: Train: [206][2111/2112]  Loss -0.7579 (-1.6001)  Time:  0.239 (0.008)  Data Time:  0.002 (0.001)
2022-04-08 06:53:01,318:INFO:   Eta: 0:11:38
2022-04-08 06:53:05,803:INFO: Valid: [206][500/501]  Loss -4.8375 (-2.9146)
2022-04-08 06:53:42,955:INFO: Test: [206]  ADE: 0.3537  FDE: 0.5250
2022-04-08 06:53:59,120:INFO: Train: [207][2111/2112]  Loss -0.7570 (-1.4622)  Time:  0.216 (0.008)  Data Time:  0.001 (0.001)
2022-04-08 06:53:59,121:INFO:   Eta: 0:11:34
2022-04-08 06:54:03,924:INFO: Valid: [207][500/501]  Loss -5.1867 (-3.2034)
2022-04-08 06:54:22,038:INFO: Train: [208][2111/2112]  Loss -0.8343 (-1.5362)  Time:  0.228 (0.009)  Data Time:  0.003 (0.002)
2022-04-08 06:54:22,038:INFO:   Eta: 0:12:39
2022-04-08 06:54:26,983:INFO: Valid: [208][500/501]  Loss -5.3072 (-3.2214)
2022-04-08 06:54:45,642:INFO: Train: [209][2111/2112]  Loss -0.6867 (-1.6109)  Time:  0.267 (0.009)  Data Time:  0.002 (0.002)
2022-04-08 06:54:45,642:INFO:   Eta: 0:12:43
2022-04-08 06:54:50,568:INFO: Valid: [209][500/501]  Loss -5.7975 (-3.5136)
2022-04-08 06:55:10,236:INFO: Train: [210][2111/2112]  Loss -0.7177 (-1.5969)  Time:  0.284 (0.009)  Data Time:  0.003 (0.002)
2022-04-08 06:55:10,237:INFO:   Eta: 0:13:05
2022-04-08 06:55:15,083:INFO: Valid: [210][500/501]  Loss -5.7212 (-3.5055)
2022-04-08 06:55:35,288:INFO: Train: [211][2111/2112]  Loss -0.7979 (-1.5874)  Time:  0.284 (0.010)  Data Time:  0.002 (0.002)
2022-04-08 06:55:35,289:INFO:   Eta: 0:13:06
2022-04-08 06:55:39,855:INFO: Valid: [211][500/501]  Loss -5.7532 (-3.5461)
2022-04-08 06:55:58,688:INFO: Train: [212][2111/2112]  Loss -0.8462 (-1.5828)  Time:  0.233 (0.009)  Data Time:  0.003 (0.002)
2022-04-08 06:55:58,689:INFO:   Eta: 0:11:54
2022-04-08 06:56:03,221:INFO: Valid: [212][500/501]  Loss -4.2974 (-2.6292)
2022-04-08 06:56:21,925:INFO: Train: [213][2111/2112]  Loss -0.7023 (-1.6253)  Time:  0.232 (0.009)  Data Time:  0.002 (0.002)
2022-04-08 06:56:21,926:INFO:   Eta: 0:11:31
2022-04-08 06:56:26,541:INFO: Valid: [213][500/501]  Loss -5.8724 (-3.5828)
2022-04-08 06:56:45,382:INFO: Train: [214][2111/2112]  Loss -0.8003 (-1.5073)  Time:  0.252 (0.009)  Data Time:  0.002 (0.002)
2022-04-08 06:56:45,383:INFO:   Eta: 0:11:17
2022-04-08 06:56:50,159:INFO: Valid: [214][500/501]  Loss -5.4859 (-3.3506)
2022-04-08 06:57:08,732:INFO: Train: [215][2111/2112]  Loss -0.8397 (-1.4872)  Time:  0.227 (0.009)  Data Time:  0.002 (0.002)
2022-04-08 06:57:08,733:INFO:   Eta: 0:10:48
2022-04-08 06:57:13,476:INFO: Valid: [215][500/501]  Loss -5.1691 (-3.0989)
2022-04-08 06:57:31,646:INFO: Train: [216][2111/2112]  Loss -0.8219 (-1.5923)  Time:  0.237 (0.009)  Data Time:  0.002 (0.002)
2022-04-08 06:57:31,647:INFO:   Eta: 0:10:16
2022-04-08 06:57:36,559:INFO: Valid: [216][500/501]  Loss -4.7927 (-2.9345)
2022-04-08 06:58:14,177:INFO: Test: [216]  ADE: 0.3507  FDE: 0.5494
2022-04-08 06:58:30,231:INFO: Train: [217][2111/2112]  Loss -0.7958 (-1.5660)  Time:  0.218 (0.008)  Data Time:  0.002 (0.001)
2022-04-08 06:58:30,232:INFO:   Eta: 0:08:48
2022-04-08 06:58:35,003:INFO: Valid: [217][500/501]  Loss -4.7962 (-2.9103)
2022-04-08 06:58:51,400:INFO: Train: [218][2111/2112]  Loss -0.7594 (-1.5761)  Time:  0.216 (0.008)  Data Time:  0.001 (0.001)
2022-04-08 06:58:51,401:INFO:   Eta: 0:08:43
2022-04-08 06:58:56,059:INFO: Valid: [218][500/501]  Loss -5.4681 (-3.3404)
2022-04-08 06:59:12,596:INFO: Train: [219][2111/2112]  Loss -0.7265 (-1.5971)  Time:  0.212 (0.008)  Data Time:  0.001 (0.001)
2022-04-08 06:59:12,597:INFO:   Eta: 0:08:31
2022-04-08 06:59:17,204:INFO: Valid: [219][500/501]  Loss -5.3146 (-3.2591)
2022-04-08 06:59:35,070:INFO: Train: [220][2111/2112]  Loss -0.7751 (-1.5896)  Time:  0.259 (0.008)  Data Time:  0.002 (0.002)
2022-04-08 06:59:35,071:INFO:   Eta: 0:08:54
2022-04-08 06:59:39,796:INFO: Valid: [220][500/501]  Loss -6.0265 (-3.6937)
2022-04-08 06:59:59,949:INFO: Train: [221][2111/2112]  Loss -0.7553 (-1.6029)  Time:  0.273 (0.010)  Data Time:  0.002 (0.002)
2022-04-08 06:59:59,950:INFO:   Eta: 0:09:43
2022-04-08 07:00:04,756:INFO: Valid: [221][500/501]  Loss -5.2915 (-3.2488)
2022-04-08 07:00:25,259:INFO: Train: [222][2111/2112]  Loss -0.8318 (-1.5858)  Time:  0.281 (0.010)  Data Time:  0.002 (0.002)
2022-04-08 07:00:25,260:INFO:   Eta: 0:09:33
2022-04-08 07:00:29,979:INFO: Valid: [222][500/501]  Loss -6.1185 (-3.7334)
2022-04-08 07:00:29,993:INFO: Checkpoint saved...
2022-04-08 07:00:48,570:INFO: Train: [223][2111/2112]  Loss -0.8533 (-1.4713)  Time:  0.287 (0.009)  Data Time:  0.002 (0.002)
2022-04-08 07:00:48,571:INFO:   Eta: 0:08:20
2022-04-08 07:00:53,250:INFO: Valid: [223][500/501]  Loss -5.1898 (-3.1259)
2022-04-08 07:01:11,769:INFO: Train: [224][2111/2112]  Loss -0.8038 (-1.5855)  Time:  0.214 (0.009)  Data Time:  0.001 (0.002)
2022-04-08 07:01:11,770:INFO:   Eta: 0:08:00
2022-04-08 07:01:16,575:INFO: Valid: [224][500/501]  Loss -4.9454 (-3.0006)
2022-04-08 07:01:35,696:INFO: Train: [225][2111/2112]  Loss -0.8270 (-1.6139)  Time:  0.230 (0.009)  Data Time:  0.002 (0.002)
2022-04-08 07:01:35,697:INFO:   Eta: 0:07:57
2022-04-08 07:01:40,476:INFO: Valid: [225][500/501]  Loss -5.5950 (-3.3999)
2022-04-08 07:01:58,998:INFO: Train: [226][2111/2112]  Loss -0.8125 (-1.5837)  Time:  0.231 (0.009)  Data Time:  0.003 (0.002)
2022-04-08 07:01:58,999:INFO:   Eta: 0:07:23
2022-04-08 07:02:03,686:INFO: Valid: [226][500/501]  Loss -5.2577 (-3.2157)
2022-04-08 07:02:41,547:INFO: Test: [226]  ADE: 0.3301  FDE: 0.5095
2022-04-08 07:02:59,999:INFO: Train: [227][2111/2112]  Loss -0.6792 (-1.6117)  Time:  0.262 (0.009)  Data Time:  0.002 (0.002)
2022-04-08 07:03:00,000:INFO:   Eta: 0:07:03
2022-04-08 07:03:04,631:INFO: Valid: [227][500/501]  Loss -5.9555 (-3.6705)
2022-04-08 07:03:23,566:INFO: Train: [228][2111/2112]  Loss -0.7008 (-1.4806)  Time:  0.234 (0.009)  Data Time:  0.003 (0.002)
2022-04-08 07:03:23,567:INFO:   Eta: 0:06:55
2022-04-08 07:03:28,294:INFO: Valid: [228][500/501]  Loss -5.6691 (-3.4511)
2022-04-08 07:03:44,987:INFO: Train: [229][2111/2112]  Loss -0.8568 (-1.5851)  Time:  0.329 (0.008)  Data Time:  0.001 (0.001)
2022-04-08 07:03:44,988:INFO:   Eta: 0:05:49
2022-04-08 07:03:49,642:INFO: Valid: [229][500/501]  Loss -4.8391 (-2.9028)
2022-04-08 07:04:06,553:INFO: Train: [230][2111/2112]  Loss -0.7737 (-1.6073)  Time:  0.213 (0.008)  Data Time:  0.001 (0.001)
2022-04-08 07:04:06,554:INFO:   Eta: 0:05:37
2022-04-08 07:04:11,323:INFO: Valid: [230][500/501]  Loss -6.0174 (-3.6797)
2022-04-08 07:04:28,230:INFO: Train: [231][2111/2112]  Loss -0.7976 (-1.6013)  Time:  0.218 (0.008)  Data Time:  0.001 (0.002)
2022-04-08 07:04:28,231:INFO:   Eta: 0:05:20
2022-04-08 07:04:32,815:INFO: Valid: [231][500/501]  Loss -5.2236 (-3.1766)
2022-04-08 07:04:48,919:INFO: Train: [232][2111/2112]  Loss -0.8792 (-1.6021)  Time:  0.214 (0.008)  Data Time:  0.001 (0.001)
2022-04-08 07:04:48,921:INFO:   Eta: 0:04:49
2022-04-08 07:04:53,378:INFO: Valid: [232][500/501]  Loss -4.4456 (-2.6815)
2022-04-08 07:05:09,526:INFO: Train: [233][2111/2112]  Loss -0.8133 (-1.5936)  Time:  0.223 (0.008)  Data Time:  0.002 (0.001)
2022-04-08 07:05:09,526:INFO:   Eta: 0:04:33
2022-04-08 07:05:14,226:INFO: Valid: [233][500/501]  Loss -5.0140 (-3.0131)
2022-04-08 07:05:33,266:INFO: Train: [234][2111/2112]  Loss -0.7975 (-1.6130)  Time:  0.269 (0.009)  Data Time:  0.002 (0.002)
2022-04-08 07:05:33,267:INFO:   Eta: 0:05:04
2022-04-08 07:05:37,986:INFO: Valid: [234][500/501]  Loss -5.2535 (-3.2062)
2022-04-08 07:05:58,314:INFO: Train: [235][2111/2112]  Loss -0.8558 (-1.5869)  Time:  0.283 (0.010)  Data Time:  0.002 (0.002)
2022-04-08 07:05:58,314:INFO:   Eta: 0:05:04
2022-04-08 07:06:02,989:INFO: Valid: [235][500/501]  Loss -5.6631 (-3.4727)
2022-04-08 07:06:23,135:INFO: Train: [236][2111/2112]  Loss -0.9005 (-1.6071)  Time:  0.286 (0.010)  Data Time:  0.003 (0.002)
2022-04-08 07:06:23,136:INFO:   Eta: 0:04:41
2022-04-08 07:06:27,615:INFO: Valid: [236][500/501]  Loss -4.5504 (-2.6776)
2022-04-08 07:07:05,716:INFO: Test: [236]  ADE: 0.3913  FDE: 0.6083
2022-04-08 07:07:24,523:INFO: Train: [237][2111/2112]  Loss -0.7086 (-1.6000)  Time:  0.224 (0.009)  Data Time:  0.002 (0.002)
2022-04-08 07:07:24,523:INFO:   Eta: 0:04:04
2022-04-08 07:07:29,185:INFO: Valid: [237][500/501]  Loss -5.8773 (-3.6083)
2022-04-08 07:07:47,449:INFO: Train: [238][2111/2112]  Loss -0.7767 (-1.6086)  Time:  0.227 (0.009)  Data Time:  0.002 (0.002)
2022-04-08 07:07:47,450:INFO:   Eta: 0:03:38
2022-04-08 07:07:51,884:INFO: Valid: [238][500/501]  Loss -5.6014 (-3.4238)
2022-04-08 07:08:10,443:INFO: Train: [239][2111/2112]  Loss -0.7933 (-1.5747)  Time:  0.219 (0.009)  Data Time:  0.002 (0.002)
2022-04-08 07:08:10,444:INFO:   Eta: 0:03:23
2022-04-08 07:08:15,259:INFO: Valid: [239][500/501]  Loss -5.9855 (-3.7034)
2022-04-08 07:08:33,908:INFO: Train: [240][2111/2112]  Loss -0.7745 (-1.6138)  Time:  0.266 (0.009)  Data Time:  0.002 (0.002)
2022-04-08 07:08:33,909:INFO:   Eta: 0:03:06
2022-04-08 07:08:38,601:INFO: Valid: [240][500/501]  Loss -5.3711 (-3.2751)
2022-04-08 07:08:57,015:INFO: Train: [241][2111/2112]  Loss -0.8415 (-1.4942)  Time:  0.228 (0.009)  Data Time:  0.002 (0.002)
2022-04-08 07:08:57,016:INFO:   Eta: 0:02:45
2022-04-08 07:09:01,891:INFO: Valid: [241][500/501]  Loss -6.0533 (-3.7125)
2022-04-08 07:09:17,517:INFO: Train: [242][2111/2112]  Loss -0.7688 (-1.4697)  Time:  0.207 (0.007)  Data Time:  0.000 (0.001)
2022-04-08 07:09:17,517:INFO:   Eta: 0:02:04
2022-04-08 07:09:22,091:INFO: Valid: [242][500/501]  Loss -5.3802 (-3.3098)
2022-04-08 07:09:37,932:INFO: Train: [243][2111/2112]  Loss -0.7570 (-1.5857)  Time:  0.216 (0.007)  Data Time:  0.000 (0.001)
2022-04-08 07:09:37,933:INFO:   Eta: 0:01:50
2022-04-08 07:09:42,576:INFO: Valid: [243][500/501]  Loss -5.3839 (-3.3097)
2022-04-08 07:09:59,573:INFO: Train: [244][2111/2112]  Loss -0.7792 (-1.5651)  Time:  0.217 (0.008)  Data Time:  0.000 (0.002)
2022-04-08 07:09:59,574:INFO:   Eta: 0:01:41
2022-04-08 07:10:04,197:INFO: Valid: [244][500/501]  Loss -4.8149 (-2.8854)
2022-04-08 07:10:20,664:INFO: Train: [245][2111/2112]  Loss -0.7029 (-1.5753)  Time:  0.218 (0.008)  Data Time:  0.001 (0.001)
2022-04-08 07:10:20,665:INFO:   Eta: 0:01:22
2022-04-08 07:10:25,295:INFO: Valid: [245][500/501]  Loss -5.7879 (-3.5910)
2022-04-08 07:10:41,970:INFO: Train: [246][2111/2112]  Loss -0.7640 (-1.5827)  Time:  0.239 (0.008)  Data Time:  0.003 (0.001)
2022-04-08 07:10:41,971:INFO:   Eta: 0:01:06
2022-04-08 07:10:46,643:INFO: Valid: [246][500/501]  Loss -6.0019 (-3.6834)
2022-04-08 07:11:23,826:INFO: Test: [246]  ADE: 0.3261  FDE: 0.5215
2022-04-08 07:11:42,541:INFO: Train: [247][2111/2112]  Loss -0.8629 (-1.5548)  Time:  0.227 (0.009)  Data Time:  0.002 (0.002)
2022-04-08 07:11:42,542:INFO:   Eta: 0:00:56
2022-04-08 07:11:47,314:INFO: Valid: [247][500/501]  Loss -5.7375 (-3.4829)
2022-04-08 07:12:05,891:INFO: Train: [248][2111/2112]  Loss -0.7798 (-1.6133)  Time:  0.227 (0.009)  Data Time:  0.002 (0.002)
2022-04-08 07:12:05,892:INFO:   Eta: 0:00:37
2022-04-08 07:12:10,409:INFO: Valid: [248][500/501]  Loss -5.6150 (-3.4733)
2022-04-08 07:12:28,901:INFO: Train: [249][2111/2112]  Loss -0.7662 (-1.5975)  Time:  0.219 (0.009)  Data Time:  0.002 (0.002)
2022-04-08 07:12:28,902:INFO:   Eta: 0:00:18
2022-04-08 07:12:33,307:INFO: Valid: [249][500/501]  Loss -6.1536 (-3.7960)
2022-04-08 07:12:33,322:INFO: Checkpoint saved...
