2022-04-08 05:34:11,542:INFO: batch_size=128
2022-04-08 05:34:11,543:INFO: clip_grad=None
2022-04-08 05:34:11,543:INFO: dataset=eth
2022-04-08 05:34:11,543:INFO: drop=0.1
2022-04-08 05:34:11,543:INFO: gpu_num=0
2022-04-08 05:34:11,543:INFO: input_size=2
2022-04-08 05:34:11,543:INFO: kernel_size=3
2022-04-08 05:34:11,543:INFO: lr=0.01
2022-04-08 05:34:11,543:INFO: lr_sh_rate=150
2022-04-08 05:34:11,543:INFO: model=social_stgcnn9
2022-04-08 05:34:11,543:INFO: n_stgcnn=1
2022-04-08 05:34:11,543:INFO: n_txpcnn=5
2022-04-08 05:34:11,544:INFO: num_epochs=250
2022-04-08 05:34:11,544:INFO: obs_seq_len=8
2022-04-08 05:34:11,544:INFO: output_size=5
2022-04-08 05:34:11,544:INFO: pred_seq_len=12
2022-04-08 05:34:11,544:INFO: seed=0
2022-04-08 05:34:11,544:INFO: tag=eth
2022-04-08 05:34:11,544:INFO: use_lrschd=True
2022-04-08 05:34:11,544:INFO: ******************************
2022-04-08 05:34:11,544:INFO: Training initiating....
2022-04-08 05:34:11,544:INFO: Namespace(batch_size=128, clip_grad=None, dataset='eth', drop=0.1, gpu_num='0', input_size=2, kernel_size=3, lr=0.01, lr_sh_rate=150, model='social_stgcnn9', n_stgcnn=1, n_txpcnn=5, num_epochs=250, obs_seq_len=8, output_size=5, pred_seq_len=12, seed=0, tag='eth', use_lrschd=True)
2022-04-08 05:34:11,550:INFO: Initializing train dataset
2022-04-08 05:34:24,191:INFO: Initializing val dataset
2022-04-08 05:34:46,179:INFO: social_stgcnn9
2022-04-08 05:34:46,218:INFO: Data and model loaded
2022-04-08 05:34:46,218:INFO: Checkpoint dir: ./runs/Apr08_05-34-11_node09/eth/checkpoint
2022-04-08 05:34:46,218:INFO: Training started ...
2022-04-08 05:35:10,906:INFO: Train: [0][2784/2785]  Loss 0.5948 (1.2720)  Time:  0.365 (0.009)  Data Time:  0.002 (0.002)
2022-04-08 05:35:10,907:INFO:   Eta: 1:42:50
2022-04-08 05:35:35,748:INFO: Train: [1][2784/2785]  Loss 0.2845 (0.5315)  Time:  0.350 (0.009)  Data Time:  0.002 (0.002)
2022-04-08 05:35:35,749:INFO:   Eta: 1:42:59
2022-04-08 05:36:00,325:INFO: Train: [2][2784/2785]  Loss 0.4167 (0.3342)  Time:  0.348 (0.009)  Data Time:  0.003 (0.002)
2022-04-08 05:36:00,326:INFO:   Eta: 1:41:30
2022-04-08 05:36:24,720:INFO: Train: [3][2784/2785]  Loss 0.1177 (0.1614)  Time:  0.340 (0.009)  Data Time:  0.002 (0.002)
2022-04-08 05:36:24,722:INFO:   Eta: 1:40:20
2022-04-08 05:36:50,281:INFO: Train: [4][2784/2785]  Loss -0.1141 (0.0360)  Time:  0.344 (0.009)  Data Time:  0.002 (0.003)
2022-04-08 05:36:50,283:INFO:   Eta: 1:44:42
2022-04-08 05:37:11,276:INFO: Train: [5][2784/2785]  Loss 0.1004 (-0.1167)  Time:  0.297 (0.008)  Data Time:  0.000 (0.001)
2022-04-08 05:37:11,277:INFO:   Eta: 1:25:38
2022-04-08 05:37:30,507:INFO: Train: [6][2784/2785]  Loss -0.1983 (-0.1124)  Time:  0.296 (0.007)  Data Time:  0.000 (0.001)
2022-04-08 05:37:30,508:INFO:   Eta: 1:18:05
2022-04-08 05:37:32,507:INFO: Test: [6]  ADE: 1.1746  FDE: 1.8721
2022-04-08 05:37:53,710:INFO: Train: [7][2784/2785]  Loss -0.2969 (-0.2739)  Time:  0.321 (0.008)  Data Time:  0.001 (0.001)
2022-04-08 05:37:53,712:INFO:   Eta: 1:25:48
2022-04-08 05:38:15,767:INFO: Train: [8][2784/2785]  Loss -0.0948 (-0.3453)  Time:  0.323 (0.008)  Data Time:  0.001 (0.002)
2022-04-08 05:38:15,768:INFO:   Eta: 1:28:52
2022-04-08 05:38:37,679:INFO: Train: [9][2784/2785]  Loss -0.0315 (-0.3869)  Time:  0.362 (0.008)  Data Time:  0.002 (0.002)
2022-04-08 05:38:37,680:INFO:   Eta: 1:27:56
2022-04-08 05:39:02,480:INFO: Train: [10][2784/2785]  Loss -0.3124 (-0.3909)  Time:  0.356 (0.009)  Data Time:  0.003 (0.003)
2022-04-08 05:39:02,482:INFO:   Eta: 1:39:07
2022-04-08 05:39:28,072:INFO: Train: [11][2784/2785]  Loss -0.1553 (-0.4205)  Time:  0.429 (0.009)  Data Time:  0.003 (0.002)
2022-04-08 05:39:28,073:INFO:   Eta: 1:41:51
2022-04-08 05:39:54,727:INFO: Train: [12][2784/2785]  Loss -0.4873 (-0.4498)  Time:  0.412 (0.010)  Data Time:  0.003 (0.002)
2022-04-08 05:39:54,729:INFO:   Eta: 1:45:39
2022-04-08 05:40:19,848:INFO: Train: [13][2784/2785]  Loss 0.0502 (-0.5571)  Time:  0.347 (0.009)  Data Time:  0.002 (0.002)
2022-04-08 05:40:19,849:INFO:   Eta: 1:39:08
2022-04-08 05:40:43,059:INFO: Train: [14][2784/2785]  Loss -0.4147 (-0.4594)  Time:  0.321 (0.008)  Data Time:  0.001 (0.002)
2022-04-08 05:40:43,060:INFO:   Eta: 1:31:12
2022-04-08 05:41:05,242:INFO: Train: [15][2784/2785]  Loss -0.5490 (-0.4489)  Time:  0.322 (0.008)  Data Time:  0.001 (0.002)
2022-04-08 05:41:05,243:INFO:   Eta: 1:26:48
2022-04-08 05:41:29,388:INFO: Train: [16][2784/2785]  Loss -0.3694 (-0.6615)  Time:  0.344 (0.009)  Data Time:  0.003 (0.002)
2022-04-08 05:41:29,389:INFO:   Eta: 1:34:05
2022-04-08 05:41:31,460:INFO: Test: [16]  ADE: 0.8940  FDE: 1.2632
2022-04-08 05:41:53,828:INFO: Train: [17][2784/2785]  Loss -0.0583 (-0.6879)  Time:  0.315 (0.008)  Data Time:  0.002 (0.002)
2022-04-08 05:41:53,829:INFO:   Eta: 1:26:48
2022-04-08 05:42:15,052:INFO: Train: [18][2784/2785]  Loss -0.3673 (-0.6368)  Time:  0.318 (0.008)  Data Time:  0.002 (0.002)
2022-04-08 05:42:15,053:INFO:   Eta: 1:21:58
2022-04-08 05:42:37,693:INFO: Train: [19][2784/2785]  Loss -0.1993 (-0.6902)  Time:  0.427 (0.008)  Data Time:  0.002 (0.001)
2022-04-08 05:42:37,695:INFO:   Eta: 1:27:04
2022-04-08 05:43:00,608:INFO: Train: [20][2784/2785]  Loss -0.3491 (-0.7157)  Time:  0.323 (0.008)  Data Time:  0.002 (0.002)
2022-04-08 05:43:00,609:INFO:   Eta: 1:27:43
2022-04-08 05:43:23,381:INFO: Train: [21][2784/2785]  Loss -0.6049 (-0.7784)  Time:  0.345 (0.008)  Data Time:  0.002 (0.002)
2022-04-08 05:43:23,382:INFO:   Eta: 1:26:51
2022-04-08 05:43:48,013:INFO: Train: [22][2784/2785]  Loss -0.4590 (-0.7489)  Time:  0.343 (0.009)  Data Time:  0.002 (0.002)
2022-04-08 05:43:48,014:INFO:   Eta: 1:33:30
2022-04-08 05:44:11,638:INFO: Train: [23][2784/2785]  Loss -0.4689 (-0.8129)  Time:  0.319 (0.008)  Data Time:  0.002 (0.002)
2022-04-08 05:44:11,640:INFO:   Eta: 1:29:18
2022-04-08 05:44:33,419:INFO: Train: [24][2784/2785]  Loss -0.6507 (-0.8681)  Time:  0.331 (0.008)  Data Time:  0.001 (0.002)
2022-04-08 05:44:33,421:INFO:   Eta: 1:21:58
2022-04-08 05:44:57,376:INFO: Train: [25][2784/2785]  Loss -0.6085 (-0.8011)  Time:  0.330 (0.009)  Data Time:  0.002 (0.002)
2022-04-08 05:44:57,377:INFO:   Eta: 1:29:45
2022-04-08 05:45:21,737:INFO: Train: [26][2784/2785]  Loss -0.5435 (-0.8560)  Time:  0.333 (0.009)  Data Time:  0.002 (0.003)
2022-04-08 05:45:21,739:INFO:   Eta: 1:30:52
2022-04-08 05:45:23,784:INFO: Test: [26]  ADE: 0.8493  FDE: 1.3567
2022-04-08 05:45:48,792:INFO: Train: [27][2784/2785]  Loss -0.4897 (-0.9522)  Time:  0.425 (0.009)  Data Time:  0.003 (0.003)
2022-04-08 05:45:48,793:INFO:   Eta: 1:32:53
2022-04-08 05:46:13,380:INFO: Train: [28][2784/2785]  Loss -0.4823 (-0.9207)  Time:  0.384 (0.009)  Data Time:  0.003 (0.002)
2022-04-08 05:46:13,380:INFO:   Eta: 1:30:53
2022-04-08 05:46:34,807:INFO: Train: [29][2784/2785]  Loss -0.6135 (-0.9525)  Time:  0.326 (0.008)  Data Time:  0.001 (0.002)
2022-04-08 05:46:34,809:INFO:   Eta: 1:18:52
2022-04-08 05:46:55,938:INFO: Train: [30][2784/2785]  Loss -0.7589 (-0.9784)  Time:  0.356 (0.008)  Data Time:  0.002 (0.001)
2022-04-08 05:46:55,939:INFO:   Eta: 1:17:23
2022-04-08 05:47:17,112:INFO: Train: [31][2784/2785]  Loss -0.7695 (-1.0298)  Time:  0.322 (0.008)  Data Time:  0.002 (0.002)
2022-04-08 05:47:17,113:INFO:   Eta: 1:17:12
2022-04-08 05:47:37,788:INFO: Train: [32][2784/2785]  Loss -0.7308 (-0.7622)  Time:  0.304 (0.007)  Data Time:  0.001 (0.001)
2022-04-08 05:47:37,789:INFO:   Eta: 1:15:03
2022-04-08 05:47:57,707:INFO: Train: [33][2784/2785]  Loss -0.7935 (-1.0148)  Time:  0.365 (0.007)  Data Time:  0.002 (0.001)
2022-04-08 05:47:57,708:INFO:   Eta: 1:11:58
2022-04-08 05:48:20,675:INFO: Train: [34][2784/2785]  Loss -0.9274 (-1.0250)  Time:  0.391 (0.008)  Data Time:  0.002 (0.002)
2022-04-08 05:48:20,676:INFO:   Eta: 1:22:36
2022-04-08 05:48:45,457:INFO: Train: [35][2784/2785]  Loss -0.7554 (-1.0141)  Time:  0.338 (0.009)  Data Time:  0.002 (0.003)
2022-04-08 05:48:45,458:INFO:   Eta: 1:28:43
2022-04-08 05:49:10,185:INFO: Train: [36][2784/2785]  Loss -0.9210 (-1.0252)  Time:  0.342 (0.009)  Data Time:  0.002 (0.002)
2022-04-08 05:49:10,186:INFO:   Eta: 1:28:07
2022-04-08 05:49:12,236:INFO: Test: [36]  ADE: 0.8868  FDE: 1.6365
2022-04-08 05:49:36,898:INFO: Train: [37][2784/2785]  Loss -0.8475 (-1.0670)  Time:  0.343 (0.009)  Data Time:  0.002 (0.002)
2022-04-08 05:49:36,899:INFO:   Eta: 1:27:30
2022-04-08 05:50:01,360:INFO: Train: [38][2784/2785]  Loss -0.7574 (-1.0266)  Time:  0.360 (0.009)  Data Time:  0.003 (0.002)
2022-04-08 05:50:01,361:INFO:   Eta: 1:26:22
2022-04-08 05:50:26,261:INFO: Train: [39][2784/2785]  Loss -0.6799 (-0.9465)  Time:  0.364 (0.009)  Data Time:  0.003 (0.003)
2022-04-08 05:50:26,262:INFO:   Eta: 1:27:28
2022-04-08 05:50:50,533:INFO: Train: [40][2784/2785]  Loss -0.6617 (-1.1007)  Time:  0.357 (0.009)  Data Time:  0.001 (0.002)
2022-04-08 05:50:50,534:INFO:   Eta: 1:24:52
2022-04-08 05:51:13,335:INFO: Train: [41][2784/2785]  Loss -0.7191 (-1.1419)  Time:  0.329 (0.008)  Data Time:  0.002 (0.002)
2022-04-08 05:51:13,336:INFO:   Eta: 1:19:19
2022-04-08 05:51:32,506:INFO: Train: [42][2784/2785]  Loss -0.9708 (-1.0993)  Time:  0.296 (0.007)  Data Time:  0.000 (0.001)
2022-04-08 05:51:32,507:INFO:   Eta: 1:06:24
2022-04-08 05:51:51,664:INFO: Train: [43][2784/2785]  Loss -1.0193 (-1.1737)  Time:  0.314 (0.007)  Data Time:  0.001 (0.001)
2022-04-08 05:51:51,665:INFO:   Eta: 1:06:00
2022-04-08 05:52:14,340:INFO: Train: [44][2784/2785]  Loss -0.7561 (-1.1382)  Time:  0.315 (0.008)  Data Time:  0.001 (0.001)
2022-04-08 05:52:14,341:INFO:   Eta: 1:17:47
2022-04-08 05:52:35,976:INFO: Train: [45][2784/2785]  Loss -0.9305 (-1.1779)  Time:  0.328 (0.008)  Data Time:  0.002 (0.002)
2022-04-08 05:52:35,978:INFO:   Eta: 1:13:51
2022-04-08 05:53:00,564:INFO: Train: [46][2784/2785]  Loss -0.7740 (-1.1793)  Time:  0.397 (0.009)  Data Time:  0.002 (0.002)
2022-04-08 05:53:00,565:INFO:   Eta: 1:23:30
2022-04-08 05:53:02,485:INFO: Test: [46]  ADE: 0.7188  FDE: 1.1870
2022-04-08 05:53:26,694:INFO: Train: [47][2784/2785]  Loss -0.8334 (-1.2130)  Time:  0.345 (0.009)  Data Time:  0.002 (0.002)
2022-04-08 05:53:26,696:INFO:   Eta: 1:21:52
2022-04-08 05:53:50,670:INFO: Train: [48][2784/2785]  Loss -0.9343 (-1.0567)  Time:  0.343 (0.009)  Data Time:  0.002 (0.002)
2022-04-08 05:53:50,671:INFO:   Eta: 1:20:38
2022-04-08 05:54:15,414:INFO: Train: [49][2784/2785]  Loss -0.7905 (-1.2127)  Time:  0.358 (0.009)  Data Time:  0.003 (0.003)
2022-04-08 05:54:15,416:INFO:   Eta: 1:22:49
2022-04-08 05:54:40,103:INFO: Train: [50][2784/2785]  Loss -0.7684 (-1.1960)  Time:  0.331 (0.009)  Data Time:  0.002 (0.002)
2022-04-08 05:54:40,104:INFO:   Eta: 1:22:12
2022-04-08 05:55:03,529:INFO: Train: [51][2784/2785]  Loss -0.9540 (-1.2256)  Time:  0.377 (0.008)  Data Time:  0.002 (0.002)
2022-04-08 05:55:03,530:INFO:   Eta: 1:17:37
2022-04-08 05:55:25,137:INFO: Train: [52][2784/2785]  Loss -0.9590 (-1.1941)  Time:  0.325 (0.008)  Data Time:  0.002 (0.002)
2022-04-08 05:55:25,138:INFO:   Eta: 1:11:14
2022-04-08 05:55:47,496:INFO: Train: [53][2784/2785]  Loss -0.9435 (-1.1895)  Time:  0.394 (0.008)  Data Time:  0.002 (0.002)
2022-04-08 05:55:47,498:INFO:   Eta: 1:13:20
2022-04-08 05:56:08,866:INFO: Train: [54][2784/2785]  Loss -0.8523 (-1.1676)  Time:  0.326 (0.008)  Data Time:  0.002 (0.002)
2022-04-08 05:56:08,867:INFO:   Eta: 1:09:44
2022-04-08 05:56:30,338:INFO: Train: [55][2784/2785]  Loss -0.7200 (-1.2346)  Time:  0.324 (0.008)  Data Time:  0.002 (0.001)
2022-04-08 05:56:30,339:INFO:   Eta: 1:09:43
2022-04-08 05:56:51,817:INFO: Train: [56][2784/2785]  Loss -0.8174 (-1.2195)  Time:  0.328 (0.008)  Data Time:  0.002 (0.001)
2022-04-08 05:56:51,818:INFO:   Eta: 1:09:22
2022-04-08 05:56:53,740:INFO: Test: [56]  ADE: 0.7149  FDE: 1.2407
2022-04-08 05:57:15,581:INFO: Train: [57][2784/2785]  Loss -0.9409 (-1.2012)  Time:  0.352 (0.008)  Data Time:  0.002 (0.002)
2022-04-08 05:57:15,583:INFO:   Eta: 1:10:12
2022-04-08 05:57:40,397:INFO: Train: [58][2784/2785]  Loss -1.0969 (-1.3016)  Time:  0.415 (0.009)  Data Time:  0.003 (0.002)
2022-04-08 05:57:40,399:INFO:   Eta: 1:19:20
2022-04-08 05:58:05,657:INFO: Train: [59][2784/2785]  Loss -0.8112 (-1.2609)  Time:  0.339 (0.009)  Data Time:  0.002 (0.002)
2022-04-08 05:58:05,659:INFO:   Eta: 1:20:20
2022-04-08 05:58:30,093:INFO: Train: [60][2784/2785]  Loss -0.9683 (-1.2995)  Time:  0.325 (0.009)  Data Time:  0.002 (0.002)
2022-04-08 05:58:30,094:INFO:   Eta: 1:17:18
2022-04-08 05:58:52,580:INFO: Train: [61][2784/2785]  Loss -0.8872 (-1.2460)  Time:  0.328 (0.008)  Data Time:  0.001 (0.002)
2022-04-08 05:58:52,581:INFO:   Eta: 1:10:46
2022-04-08 05:59:15,709:INFO: Train: [62][2784/2785]  Loss -0.9057 (-1.3137)  Time:  0.427 (0.008)  Data Time:  0.003 (0.002)
2022-04-08 05:59:15,710:INFO:   Eta: 1:12:23
2022-04-08 05:59:40,057:INFO: Train: [63][2784/2785]  Loss -0.8941 (-1.3321)  Time:  0.344 (0.009)  Data Time:  0.003 (0.002)
2022-04-08 05:59:40,058:INFO:   Eta: 1:15:49
2022-04-08 06:00:04,697:INFO: Train: [64][2784/2785]  Loss -0.7227 (-1.2557)  Time:  0.352 (0.009)  Data Time:  0.003 (0.002)
2022-04-08 06:00:04,698:INFO:   Eta: 1:16:19
2022-04-08 06:00:27,747:INFO: Train: [65][2784/2785]  Loss -0.9840 (-1.2706)  Time:  0.381 (0.008)  Data Time:  0.001 (0.002)
2022-04-08 06:00:27,748:INFO:   Eta: 1:11:01
2022-04-08 06:00:48,956:INFO: Train: [66][2784/2785]  Loss -1.1349 (-1.2856)  Time:  0.322 (0.008)  Data Time:  0.002 (0.002)
2022-04-08 06:00:48,957:INFO:   Eta: 1:04:58
2022-04-08 06:00:50,924:INFO: Test: [66]  ADE: 0.6869  FDE: 1.1993
2022-04-08 06:01:12,229:INFO: Train: [67][2784/2785]  Loss -1.0903 (-1.3166)  Time:  0.315 (0.008)  Data Time:  0.001 (0.002)
2022-04-08 06:01:12,231:INFO:   Eta: 1:04:56
2022-04-08 06:01:33,581:INFO: Train: [68][2784/2785]  Loss -1.0579 (-1.3414)  Time:  0.318 (0.008)  Data Time:  0.002 (0.001)
2022-04-08 06:01:33,582:INFO:   Eta: 1:04:42
2022-04-08 06:01:56,434:INFO: Train: [69][2784/2785]  Loss -1.1531 (-1.3133)  Time:  0.345 (0.008)  Data Time:  0.002 (0.002)
2022-04-08 06:01:56,435:INFO:   Eta: 1:08:51
2022-04-08 06:02:18,939:INFO: Train: [70][2784/2785]  Loss -1.0389 (-1.2838)  Time:  0.318 (0.008)  Data Time:  0.001 (0.002)
2022-04-08 06:02:18,940:INFO:   Eta: 1:07:27
2022-04-08 06:02:41,233:INFO: Train: [71][2784/2785]  Loss -1.1517 (-1.3179)  Time:  0.348 (0.008)  Data Time:  0.002 (0.002)
2022-04-08 06:02:41,234:INFO:   Eta: 1:06:27
2022-04-08 06:03:06,026:INFO: Train: [72][2784/2785]  Loss -1.0751 (-1.3474)  Time:  0.357 (0.009)  Data Time:  0.004 (0.003)
2022-04-08 06:03:06,027:INFO:   Eta: 1:13:28
2022-04-08 06:03:30,518:INFO: Train: [73][2784/2785]  Loss -0.8409 (-1.3813)  Time:  0.342 (0.009)  Data Time:  0.003 (0.002)
2022-04-08 06:03:30,519:INFO:   Eta: 1:12:12
2022-04-08 06:03:55,106:INFO: Train: [74][2784/2785]  Loss -1.0122 (-1.3265)  Time:  0.385 (0.009)  Data Time:  0.003 (0.003)
2022-04-08 06:03:55,107:INFO:   Eta: 1:12:03
2022-04-08 06:04:20,868:INFO: Train: [75][2784/2785]  Loss -1.0668 (-1.4318)  Time:  0.349 (0.009)  Data Time:  0.002 (0.003)
2022-04-08 06:04:20,869:INFO:   Eta: 1:15:04
2022-04-08 06:04:45,380:INFO: Train: [76][2784/2785]  Loss -1.1199 (-1.3542)  Time:  0.346 (0.009)  Data Time:  0.002 (0.002)
2022-04-08 06:04:45,381:INFO:   Eta: 1:11:02
2022-04-08 06:04:47,427:INFO: Test: [76]  ADE: 0.7047  FDE: 1.2447
2022-04-08 06:05:08,680:INFO: Train: [77][2784/2785]  Loss -1.1836 (-1.3939)  Time:  0.309 (0.008)  Data Time:  0.000 (0.002)
2022-04-08 06:05:08,681:INFO:   Eta: 1:01:14
2022-04-08 06:05:30,442:INFO: Train: [78][2784/2785]  Loss -1.0345 (-1.3558)  Time:  0.428 (0.008)  Data Time:  0.001 (0.001)
2022-04-08 06:05:30,443:INFO:   Eta: 1:02:20
2022-04-08 06:05:50,646:INFO: Train: [79][2784/2785]  Loss -1.0269 (-1.3238)  Time:  0.389 (0.007)  Data Time:  0.000 (0.001)
2022-04-08 06:05:50,648:INFO:   Eta: 0:57:31
2022-04-08 06:06:09,781:INFO: Train: [80][2784/2785]  Loss -1.1729 (-1.4221)  Time:  0.301 (0.007)  Data Time:  0.000 (0.001)
2022-04-08 06:06:09,782:INFO:   Eta: 0:54:08
2022-04-08 06:06:30,969:INFO: Train: [81][2784/2785]  Loss -1.0452 (-1.4158)  Time:  0.347 (0.008)  Data Time:  0.003 (0.001)
2022-04-08 06:06:30,970:INFO:   Eta: 0:59:37
2022-04-08 06:06:55,605:INFO: Train: [82][2784/2785]  Loss -1.1559 (-1.3819)  Time:  0.328 (0.009)  Data Time:  0.001 (0.002)
2022-04-08 06:06:55,606:INFO:   Eta: 1:08:55
2022-04-08 06:07:20,636:INFO: Train: [83][2784/2785]  Loss -1.0951 (-1.3739)  Time:  0.345 (0.009)  Data Time:  0.002 (0.003)
2022-04-08 06:07:20,638:INFO:   Eta: 1:09:37
2022-04-08 06:07:44,916:INFO: Train: [84][2784/2785]  Loss -1.1579 (-1.3770)  Time:  0.348 (0.009)  Data Time:  0.003 (0.002)
2022-04-08 06:07:44,917:INFO:   Eta: 1:07:06
2022-04-08 06:08:09,424:INFO: Train: [85][2784/2785]  Loss -1.1090 (-1.3636)  Time:  0.402 (0.009)  Data Time:  0.003 (0.002)
2022-04-08 06:08:09,424:INFO:   Eta: 1:07:20
2022-04-08 06:08:33,821:INFO: Train: [86][2784/2785]  Loss -1.1599 (-1.4396)  Time:  0.337 (0.009)  Data Time:  0.003 (0.002)
2022-04-08 06:08:33,823:INFO:   Eta: 1:06:38
2022-04-08 06:08:35,850:INFO: Test: [86]  ADE: 0.7770  FDE: 1.4214
2022-04-08 06:09:00,285:INFO: Train: [87][2784/2785]  Loss -0.9371 (-1.4561)  Time:  0.343 (0.009)  Data Time:  0.002 (0.002)
2022-04-08 06:09:00,287:INFO:   Eta: 1:06:20
2022-04-08 06:09:23,993:INFO: Train: [88][2784/2785]  Loss -1.0883 (-1.2957)  Time:  0.380 (0.009)  Data Time:  0.002 (0.002)
2022-04-08 06:09:23,994:INFO:   Eta: 1:03:57
2022-04-08 06:09:43,899:INFO: Train: [89][2784/2785]  Loss -1.1868 (-1.4586)  Time:  0.292 (0.007)  Data Time:  0.000 (0.001)
2022-04-08 06:09:43,901:INFO:   Eta: 0:53:22
2022-04-08 06:10:03,935:INFO: Train: [90][2784/2785]  Loss -1.0673 (-1.4775)  Time:  0.319 (0.007)  Data Time:  0.002 (0.001)
2022-04-08 06:10:03,936:INFO:   Eta: 0:53:21
2022-04-08 06:10:25,222:INFO: Train: [91][2784/2785]  Loss -1.1646 (-1.4177)  Time:  0.317 (0.008)  Data Time:  0.002 (0.001)
2022-04-08 06:10:25,223:INFO:   Eta: 0:56:22
2022-04-08 06:10:48,454:INFO: Train: [92][2784/2785]  Loss -0.8687 (-1.5046)  Time:  0.315 (0.008)  Data Time:  0.002 (0.002)
2022-04-08 06:10:48,456:INFO:   Eta: 1:01:07
2022-04-08 06:11:10,126:INFO: Train: [93][2784/2785]  Loss -1.2262 (-1.5154)  Time:  0.348 (0.008)  Data Time:  0.003 (0.002)
2022-04-08 06:11:10,127:INFO:   Eta: 0:56:38
2022-04-08 06:11:34,860:INFO: Train: [94][2784/2785]  Loss -1.1478 (-1.4503)  Time:  0.363 (0.009)  Data Time:  0.003 (0.002)
2022-04-08 06:11:34,861:INFO:   Eta: 1:04:16
2022-04-08 06:11:59,059:INFO: Train: [95][2784/2785]  Loss -1.1918 (-1.4491)  Time:  0.347 (0.009)  Data Time:  0.003 (0.003)
2022-04-08 06:11:59,060:INFO:   Eta: 1:02:27
2022-04-08 06:12:23,440:INFO: Train: [96][2784/2785]  Loss -1.0608 (-1.4672)  Time:  0.342 (0.009)  Data Time:  0.002 (0.002)
2022-04-08 06:12:23,441:INFO:   Eta: 1:02:31
2022-04-08 06:12:25,498:INFO: Test: [96]  ADE: 0.7856  FDE: 1.3702
2022-04-08 06:12:50,242:INFO: Train: [97][2784/2785]  Loss -1.1792 (-1.4085)  Time:  0.362 (0.009)  Data Time:  0.003 (0.003)
2022-04-08 06:12:50,243:INFO:   Eta: 1:03:04
2022-04-08 06:13:12,473:INFO: Train: [98][2784/2785]  Loss -1.0463 (-1.4984)  Time:  0.330 (0.008)  Data Time:  0.002 (0.002)
2022-04-08 06:13:12,474:INFO:   Eta: 0:56:15
2022-04-08 06:13:34,711:INFO: Train: [99][2784/2785]  Loss -1.1215 (-1.4876)  Time:  0.337 (0.008)  Data Time:  0.002 (0.002)
2022-04-08 06:13:34,717:INFO:   Eta: 0:55:54
2022-04-08 06:13:59,552:INFO: Train: [100][2784/2785]  Loss -1.1773 (-1.4717)  Time:  0.344 (0.009)  Data Time:  0.003 (0.003)
2022-04-08 06:13:59,553:INFO:   Eta: 1:01:42
2022-04-08 06:14:22,353:INFO: Train: [101][2784/2785]  Loss -0.9926 (-1.4027)  Time:  0.324 (0.008)  Data Time:  0.002 (0.002)
2022-04-08 06:14:22,355:INFO:   Eta: 0:56:34
2022-04-08 06:14:43,763:INFO: Train: [102][2784/2785]  Loss -0.9282 (-1.4886)  Time:  0.361 (0.008)  Data Time:  0.002 (0.001)
2022-04-08 06:14:43,764:INFO:   Eta: 0:52:45
2022-04-08 06:15:04,601:INFO: Train: [103][2784/2785]  Loss -1.1021 (-1.5570)  Time:  0.307 (0.007)  Data Time:  0.002 (0.001)
2022-04-08 06:15:04,602:INFO:   Eta: 0:51:00
2022-04-08 06:15:26,044:INFO: Train: [104][2784/2785]  Loss -1.2025 (-1.5268)  Time:  0.326 (0.008)  Data Time:  0.002 (0.001)
2022-04-08 06:15:26,046:INFO:   Eta: 0:52:08
2022-04-08 06:15:49,130:INFO: Train: [105][2784/2785]  Loss -1.2928 (-1.4436)  Time:  0.342 (0.008)  Data Time:  0.002 (0.002)
2022-04-08 06:15:49,131:INFO:   Eta: 0:55:44
2022-04-08 06:16:13,711:INFO: Train: [106][2784/2785]  Loss -1.0678 (-1.4803)  Time:  0.331 (0.009)  Data Time:  0.003 (0.002)
2022-04-08 06:16:13,712:INFO:   Eta: 0:58:57
2022-04-08 06:16:15,683:INFO: Test: [106]  ADE: 0.7348  FDE: 1.2220
2022-04-08 06:16:38,754:INFO: Train: [107][2784/2785]  Loss -1.2326 (-1.4626)  Time:  0.314 (0.008)  Data Time:  0.001 (0.002)
2022-04-08 06:16:38,755:INFO:   Eta: 0:54:57
2022-04-08 06:17:00,794:INFO: Train: [108][2784/2785]  Loss -1.1240 (-1.5152)  Time:  0.338 (0.008)  Data Time:  0.001 (0.002)
2022-04-08 06:17:00,796:INFO:   Eta: 0:52:06
2022-04-08 06:17:25,335:INFO: Train: [109][2784/2785]  Loss -1.2479 (-1.5058)  Time:  0.345 (0.009)  Data Time:  0.003 (0.002)
2022-04-08 06:17:25,336:INFO:   Eta: 0:57:36
2022-04-08 06:17:49,843:INFO: Train: [110][2784/2785]  Loss -0.9491 (-1.5524)  Time:  0.344 (0.009)  Data Time:  0.002 (0.002)
2022-04-08 06:17:49,844:INFO:   Eta: 0:57:08
2022-04-08 06:18:15,072:INFO: Train: [111][2784/2785]  Loss -1.2529 (-1.4989)  Time:  0.424 (0.009)  Data Time:  0.002 (0.003)
2022-04-08 06:18:15,073:INFO:   Eta: 0:58:23
2022-04-08 06:18:39,785:INFO: Train: [112][2784/2785]  Loss -1.1801 (-1.4721)  Time:  0.342 (0.009)  Data Time:  0.002 (0.002)
2022-04-08 06:18:39,786:INFO:   Eta: 0:56:48
2022-04-08 06:19:01,758:INFO: Train: [113][2784/2785]  Loss -1.0813 (-1.4897)  Time:  0.322 (0.008)  Data Time:  0.002 (0.002)
2022-04-08 06:19:01,759:INFO:   Eta: 0:50:08
2022-04-08 06:19:22,659:INFO: Train: [114][2784/2785]  Loss -1.2193 (-1.5044)  Time:  0.318 (0.007)  Data Time:  0.002 (0.001)
2022-04-08 06:19:22,660:INFO:   Eta: 0:47:19
2022-04-08 06:19:43,870:INFO: Train: [115][2784/2785]  Loss -1.0133 (-1.5529)  Time:  0.317 (0.008)  Data Time:  0.000 (0.002)
2022-04-08 06:19:43,872:INFO:   Eta: 0:47:40
2022-04-08 06:20:04,685:INFO: Train: [116][2784/2785]  Loss -1.1735 (-1.5515)  Time:  0.301 (0.007)  Data Time:  0.002 (0.001)
2022-04-08 06:20:04,686:INFO:   Eta: 0:46:26
2022-04-08 06:20:06,627:INFO: Test: [116]  ADE: 0.8087  FDE: 1.4891
2022-04-08 06:20:27,461:INFO: Train: [117][2784/2785]  Loss -1.2425 (-1.4811)  Time:  0.428 (0.007)  Data Time:  0.002 (0.001)
2022-04-08 06:20:27,462:INFO:   Eta: 0:46:09
2022-04-08 06:20:52,559:INFO: Train: [118][2784/2785]  Loss -1.1831 (-1.5899)  Time:  0.340 (0.009)  Data Time:  0.002 (0.002)
2022-04-08 06:20:52,560:INFO:   Eta: 0:55:10
2022-04-08 06:21:17,207:INFO: Train: [119][2784/2785]  Loss -1.1491 (-1.5545)  Time:  0.352 (0.009)  Data Time:  0.002 (0.002)
2022-04-08 06:21:17,208:INFO:   Eta: 0:53:46
2022-04-08 06:21:42,004:INFO: Train: [120][2784/2785]  Loss -1.1049 (-1.5250)  Time:  0.360 (0.009)  Data Time:  0.002 (0.002)
2022-04-08 06:21:42,005:INFO:   Eta: 0:53:40
2022-04-08 06:22:06,886:INFO: Train: [121][2784/2785]  Loss -1.2493 (-1.5534)  Time:  0.345 (0.009)  Data Time:  0.002 (0.003)
2022-04-08 06:22:06,887:INFO:   Eta: 0:53:27
2022-04-08 06:22:31,067:INFO: Train: [122][2784/2785]  Loss -1.2480 (-1.5553)  Time:  0.381 (0.009)  Data Time:  0.002 (0.002)
2022-04-08 06:22:31,068:INFO:   Eta: 0:51:32
2022-04-08 06:22:55,478:INFO: Train: [123][2784/2785]  Loss -1.2350 (-1.5226)  Time:  0.348 (0.009)  Data Time:  0.003 (0.003)
2022-04-08 06:22:55,480:INFO:   Eta: 0:51:37
2022-04-08 06:23:20,108:INFO: Train: [124][2784/2785]  Loss -1.0554 (-1.5291)  Time:  0.361 (0.009)  Data Time:  0.003 (0.003)
2022-04-08 06:23:20,109:INFO:   Eta: 0:51:40
2022-04-08 06:23:42,296:INFO: Train: [125][2784/2785]  Loss -1.1254 (-1.5270)  Time:  0.337 (0.008)  Data Time:  0.000 (0.002)
2022-04-08 06:23:42,297:INFO:   Eta: 0:46:11
2022-04-08 06:24:01,140:INFO: Train: [126][2784/2785]  Loss -1.1973 (-1.4182)  Time:  0.287 (0.007)  Data Time:  0.000 (0.001)
2022-04-08 06:24:01,141:INFO:   Eta: 0:38:53
2022-04-08 06:24:02,977:INFO: Test: [126]  ADE: 0.7654  FDE: 1.3237
2022-04-08 06:24:22,563:INFO: Train: [127][2784/2785]  Loss -1.1837 (-1.5889)  Time:  0.371 (0.007)  Data Time:  0.001 (0.001)
2022-04-08 06:24:22,563:INFO:   Eta: 0:40:07
2022-04-08 06:24:44,321:INFO: Train: [128][2784/2785]  Loss -1.2299 (-1.5128)  Time:  0.328 (0.008)  Data Time:  0.002 (0.002)
2022-04-08 06:24:44,323:INFO:   Eta: 0:44:12
2022-04-08 06:25:06,407:INFO: Train: [129][2784/2785]  Loss -1.2954 (-1.5708)  Time:  0.349 (0.008)  Data Time:  0.002 (0.002)
2022-04-08 06:25:06,408:INFO:   Eta: 0:44:29
2022-04-08 06:25:31,076:INFO: Train: [130][2784/2785]  Loss -0.9386 (-1.5357)  Time:  0.341 (0.009)  Data Time:  0.002 (0.002)
2022-04-08 06:25:31,077:INFO:   Eta: 0:49:17
2022-04-08 06:25:55,702:INFO: Train: [131][2784/2785]  Loss -1.2046 (-1.5545)  Time:  0.393 (0.009)  Data Time:  0.003 (0.002)
2022-04-08 06:25:55,703:INFO:   Eta: 0:48:47
2022-04-08 06:26:20,406:INFO: Train: [132][2784/2785]  Loss -1.0839 (-1.5602)  Time:  0.337 (0.009)  Data Time:  0.002 (0.002)
2022-04-08 06:26:20,407:INFO:   Eta: 0:48:33
2022-04-08 06:26:44,612:INFO: Train: [133][2784/2785]  Loss -1.2362 (-1.5916)  Time:  0.340 (0.009)  Data Time:  0.002 (0.002)
2022-04-08 06:26:44,613:INFO:   Eta: 0:47:09
2022-04-08 06:27:09,111:INFO: Train: [134][2784/2785]  Loss -1.1790 (-1.5126)  Time:  0.347 (0.009)  Data Time:  0.003 (0.002)
2022-04-08 06:27:09,112:INFO:   Eta: 0:47:19
2022-04-08 06:27:32,190:INFO: Train: [135][2784/2785]  Loss -1.1474 (-1.5666)  Time:  0.346 (0.008)  Data Time:  0.002 (0.002)
2022-04-08 06:27:32,192:INFO:   Eta: 0:44:12
2022-04-08 06:27:54,156:INFO: Train: [136][2784/2785]  Loss -1.2089 (-1.5707)  Time:  0.339 (0.008)  Data Time:  0.002 (0.002)
2022-04-08 06:27:54,157:INFO:   Eta: 0:41:40
2022-04-08 06:27:56,393:INFO: Test: [136]  ADE: 0.7205  FDE: 1.2478
2022-04-08 06:28:20,035:INFO: Train: [137][2784/2785]  Loss -1.1725 (-1.5576)  Time:  0.414 (0.008)  Data Time:  0.001 (0.002)
2022-04-08 06:28:20,036:INFO:   Eta: 0:44:29
2022-04-08 06:28:44,023:INFO: Train: [138][2784/2785]  Loss -1.2142 (-1.5595)  Time:  0.394 (0.009)  Data Time:  0.002 (0.002)
2022-04-08 06:28:44,024:INFO:   Eta: 0:44:44
2022-04-08 06:29:05,564:INFO: Train: [139][2784/2785]  Loss -1.0984 (-1.6311)  Time:  0.375 (0.008)  Data Time:  0.002 (0.002)
2022-04-08 06:29:05,565:INFO:   Eta: 0:39:48
2022-04-08 06:29:26,561:INFO: Train: [140][2784/2785]  Loss -1.2660 (-1.5979)  Time:  0.317 (0.008)  Data Time:  0.002 (0.001)
2022-04-08 06:29:26,562:INFO:   Eta: 0:38:27
2022-04-08 06:29:48,637:INFO: Train: [141][2784/2785]  Loss -1.1974 (-1.6532)  Time:  0.346 (0.008)  Data Time:  0.002 (0.002)
2022-04-08 06:29:48,638:INFO:   Eta: 0:40:03
2022-04-08 06:30:13,034:INFO: Train: [142][2784/2785]  Loss -1.2753 (-1.6324)  Time:  0.360 (0.009)  Data Time:  0.003 (0.002)
2022-04-08 06:30:13,035:INFO:   Eta: 0:43:53
2022-04-08 06:30:37,492:INFO: Train: [143][2784/2785]  Loss -1.1590 (-1.6191)  Time:  0.346 (0.009)  Data Time:  0.003 (0.002)
2022-04-08 06:30:37,493:INFO:   Eta: 0:43:34
2022-04-08 06:31:01,888:INFO: Train: [144][2784/2785]  Loss -1.2541 (-1.5212)  Time:  0.344 (0.009)  Data Time:  0.003 (0.002)
2022-04-08 06:31:01,888:INFO:   Eta: 0:43:03
2022-04-08 06:31:25,281:INFO: Train: [145][2784/2785]  Loss -1.1879 (-1.5626)  Time:  0.325 (0.008)  Data Time:  0.002 (0.002)
2022-04-08 06:31:25,282:INFO:   Eta: 0:40:54
2022-04-08 06:31:47,407:INFO: Train: [146][2784/2785]  Loss -1.2225 (-1.5081)  Time:  0.327 (0.008)  Data Time:  0.001 (0.002)
2022-04-08 06:31:47,409:INFO:   Eta: 0:38:19
2022-04-08 06:31:49,336:INFO: Test: [146]  ADE: 0.8362  FDE: 1.5512
2022-04-08 06:32:13,150:INFO: Train: [147][2784/2785]  Loss -1.1382 (-1.6281)  Time:  0.356 (0.009)  Data Time:  0.003 (0.002)
2022-04-08 06:32:13,152:INFO:   Eta: 0:40:51
2022-04-08 06:32:37,626:INFO: Train: [148][2784/2785]  Loss -1.1937 (-1.6035)  Time:  0.350 (0.009)  Data Time:  0.002 (0.002)
2022-04-08 06:32:37,628:INFO:   Eta: 0:41:34
2022-04-08 06:32:59,684:INFO: Train: [149][2784/2785]  Loss -1.1587 (-1.5632)  Time:  0.318 (0.008)  Data Time:  0.001 (0.002)
2022-04-08 06:32:59,685:INFO:   Eta: 0:37:05
2022-04-08 06:33:20,868:INFO: Train: [150][2784/2785]  Loss -1.3373 (-1.7616)  Time:  0.314 (0.008)  Data Time:  0.004 (0.001)
2022-04-08 06:33:20,870:INFO:   Eta: 0:35:16
2022-04-08 06:33:42,321:INFO: Train: [151][2784/2785]  Loss -1.3975 (-1.6964)  Time:  0.313 (0.008)  Data Time:  0.002 (0.001)
2022-04-08 06:33:42,322:INFO:   Eta: 0:35:21
2022-04-08 06:33:48,326:INFO: Valid: [151][659/660]  Loss -9.0048 (-5.7529)
2022-04-08 06:33:48,341:INFO: Checkpoint saved...
2022-04-08 06:34:09,438:INFO: Train: [152][2784/2785]  Loss -1.4019 (-1.7594)  Time:  0.311 (0.008)  Data Time:  0.002 (0.001)
2022-04-08 06:34:09,439:INFO:   Eta: 0:34:26
2022-04-08 06:34:15,541:INFO: Valid: [152][659/660]  Loss -8.2758 (-5.3191)
2022-04-08 06:34:39,555:INFO: Train: [153][2784/2785]  Loss -1.3299 (-1.7918)  Time:  0.345 (0.009)  Data Time:  0.002 (0.002)
2022-04-08 06:34:39,557:INFO:   Eta: 0:38:47
2022-04-08 06:34:45,655:INFO: Valid: [153][659/660]  Loss -9.5350 (-6.0791)
2022-04-08 06:34:45,664:INFO: Checkpoint saved...
2022-04-08 06:35:10,239:INFO: Train: [154][2784/2785]  Loss -1.3631 (-1.7834)  Time:  0.344 (0.009)  Data Time:  0.002 (0.002)
2022-04-08 06:35:10,240:INFO:   Eta: 0:39:18
2022-04-08 06:35:16,308:INFO: Valid: [154][659/660]  Loss -9.0490 (-5.7659)
2022-04-08 06:35:40,895:INFO: Train: [155][2784/2785]  Loss -1.2814 (-1.7839)  Time:  0.333 (0.009)  Data Time:  0.001 (0.002)
2022-04-08 06:35:40,896:INFO:   Eta: 0:38:54
2022-04-08 06:35:46,960:INFO: Valid: [155][659/660]  Loss -9.2056 (-5.8823)
2022-04-08 06:36:08,695:INFO: Train: [156][2784/2785]  Loss -1.4164 (-1.7513)  Time:  0.313 (0.008)  Data Time:  0.002 (0.002)
2022-04-08 06:36:08,696:INFO:   Eta: 0:34:01
2022-04-08 06:36:14,558:INFO: Valid: [156][659/660]  Loss -9.7003 (-6.1848)
2022-04-08 06:36:14,575:INFO: Checkpoint saved...
2022-04-08 06:36:16,569:INFO: Test: [156]  ADE: 0.7895  FDE: 1.4315
2022-04-08 06:36:41,257:INFO: Train: [157][2784/2785]  Loss -1.2926 (-1.8081)  Time:  0.335 (0.009)  Data Time:  0.002 (0.002)
2022-04-08 06:36:41,258:INFO:   Eta: 0:38:14
2022-04-08 06:36:47,173:INFO: Valid: [157][659/660]  Loss -8.8375 (-5.5947)
2022-04-08 06:37:11,497:INFO: Train: [158][2784/2785]  Loss -1.3990 (-1.7728)  Time:  0.364 (0.009)  Data Time:  0.002 (0.002)
2022-04-08 06:37:11,498:INFO:   Eta: 0:37:16
2022-04-08 06:37:17,672:INFO: Valid: [158][659/660]  Loss -8.7627 (-5.5890)
2022-04-08 06:37:39,474:INFO: Train: [159][2784/2785]  Loss -1.4915 (-1.7633)  Time:  0.415 (0.008)  Data Time:  0.002 (0.001)
2022-04-08 06:37:39,476:INFO:   Eta: 0:33:02
2022-04-08 06:37:45,132:INFO: Valid: [159][659/660]  Loss -9.4116 (-6.0048)
2022-04-08 06:38:06,569:INFO: Train: [160][2784/2785]  Loss -1.3758 (-1.7755)  Time:  0.340 (0.008)  Data Time:  0.001 (0.001)
2022-04-08 06:38:06,570:INFO:   Eta: 0:32:07
2022-04-08 06:38:12,958:INFO: Valid: [160][659/660]  Loss -9.5127 (-6.0547)
2022-04-08 06:38:34,108:INFO: Train: [161][2784/2785]  Loss -1.4115 (-1.7564)  Time:  0.311 (0.008)  Data Time:  0.002 (0.001)
2022-04-08 06:38:34,109:INFO:   Eta: 0:31:20
2022-04-08 06:38:40,192:INFO: Valid: [161][659/660]  Loss -8.8943 (-5.6600)
2022-04-08 06:39:02,240:INFO: Train: [162][2784/2785]  Loss -1.3489 (-1.7332)  Time:  0.343 (0.008)  Data Time:  0.002 (0.002)
2022-04-08 06:39:02,241:INFO:   Eta: 0:32:18
2022-04-08 06:39:08,481:INFO: Valid: [162][659/660]  Loss -9.1474 (-5.8493)
2022-04-08 06:39:32,881:INFO: Train: [163][2784/2785]  Loss -1.4234 (-1.7875)  Time:  0.333 (0.009)  Data Time:  0.002 (0.002)
2022-04-08 06:39:32,884:INFO:   Eta: 0:35:20
2022-04-08 06:39:38,764:INFO: Valid: [163][659/660]  Loss -8.8963 (-5.6814)
2022-04-08 06:40:03,521:INFO: Train: [164][2784/2785]  Loss -1.2767 (-1.7783)  Time:  0.333 (0.009)  Data Time:  0.001 (0.002)
2022-04-08 06:40:03,522:INFO:   Eta: 0:35:23
2022-04-08 06:40:09,722:INFO: Valid: [164][659/660]  Loss -9.4163 (-5.9806)
2022-04-08 06:40:31,877:INFO: Train: [165][2784/2785]  Loss -1.3516 (-1.8296)  Time:  0.326 (0.008)  Data Time:  0.002 (0.002)
2022-04-08 06:40:31,878:INFO:   Eta: 0:31:21
2022-04-08 06:40:37,783:INFO: Valid: [165][659/660]  Loss -9.0068 (-5.7207)
2022-04-08 06:41:02,371:INFO: Train: [166][2784/2785]  Loss -1.3579 (-1.7639)  Time:  0.340 (0.009)  Data Time:  0.003 (0.002)
2022-04-08 06:41:02,371:INFO:   Eta: 0:34:23
2022-04-08 06:41:08,306:INFO: Valid: [166][659/660]  Loss -8.9352 (-5.7004)
2022-04-08 06:41:10,326:INFO: Test: [166]  ADE: 0.7901  FDE: 1.4237
2022-04-08 06:41:34,740:INFO: Train: [167][2784/2785]  Loss -1.4210 (-1.8077)  Time:  0.350 (0.009)  Data Time:  0.003 (0.002)
2022-04-08 06:41:34,741:INFO:   Eta: 0:33:45
2022-04-08 06:41:40,575:INFO: Valid: [167][659/660]  Loss -8.4783 (-5.3506)
2022-04-08 06:42:03,906:INFO: Train: [168][2784/2785]  Loss -1.3910 (-1.8269)  Time:  0.334 (0.008)  Data Time:  0.001 (0.002)
2022-04-08 06:42:03,908:INFO:   Eta: 0:31:51
2022-04-08 06:42:09,660:INFO: Valid: [168][659/660]  Loss -8.9036 (-5.6306)
2022-04-08 06:42:31,264:INFO: Train: [169][2784/2785]  Loss -1.3345 (-1.8331)  Time:  0.364 (0.008)  Data Time:  0.001 (0.001)
2022-04-08 06:42:31,265:INFO:   Eta: 0:29:08
2022-04-08 06:42:37,126:INFO: Valid: [169][659/660]  Loss -9.2525 (-5.8841)
2022-04-08 06:43:00,258:INFO: Train: [170][2784/2785]  Loss -1.3163 (-1.8071)  Time:  0.319 (0.008)  Data Time:  0.002 (0.001)
2022-04-08 06:43:00,259:INFO:   Eta: 0:30:49
2022-04-08 06:43:06,446:INFO: Valid: [170][659/660]  Loss -9.4511 (-6.0156)
2022-04-08 06:43:27,721:INFO: Train: [171][2784/2785]  Loss -1.4074 (-1.7936)  Time:  0.308 (0.008)  Data Time:  0.002 (0.001)
2022-04-08 06:43:27,722:INFO:   Eta: 0:27:59
2022-04-08 06:43:33,629:INFO: Valid: [171][659/660]  Loss -9.0259 (-5.7403)
2022-04-08 06:43:58,529:INFO: Train: [172][2784/2785]  Loss -1.3602 (-1.8027)  Time:  0.339 (0.009)  Data Time:  0.002 (0.002)
2022-04-08 06:43:58,530:INFO:   Eta: 0:32:20
2022-04-08 06:44:04,507:INFO: Valid: [172][659/660]  Loss -9.2170 (-5.8625)
2022-04-08 06:44:27,945:INFO: Train: [173][2784/2785]  Loss -1.3729 (-1.7607)  Time:  0.333 (0.008)  Data Time:  0.001 (0.002)
2022-04-08 06:44:27,945:INFO:   Eta: 0:30:03
2022-04-08 06:44:33,954:INFO: Valid: [173][659/660]  Loss -8.6039 (-5.4738)
2022-04-08 06:44:55,605:INFO: Train: [174][2784/2785]  Loss -1.4631 (-1.7582)  Time:  0.317 (0.008)  Data Time:  0.002 (0.002)
2022-04-08 06:44:55,607:INFO:   Eta: 0:27:24
2022-04-08 06:45:01,524:INFO: Valid: [174][659/660]  Loss -8.7271 (-5.5256)
2022-04-08 06:45:26,110:INFO: Train: [175][2784/2785]  Loss -1.3109 (-1.8156)  Time:  0.333 (0.009)  Data Time:  0.002 (0.002)
2022-04-08 06:45:26,111:INFO:   Eta: 0:30:42
2022-04-08 06:45:31,759:INFO: Valid: [175][659/660]  Loss -9.1175 (-5.8212)
2022-04-08 06:45:55,886:INFO: Train: [176][2784/2785]  Loss -1.3035 (-1.8168)  Time:  0.358 (0.009)  Data Time:  0.003 (0.002)
2022-04-08 06:45:55,887:INFO:   Eta: 0:29:44
2022-04-08 06:46:01,656:INFO: Valid: [176][659/660]  Loss -8.6392 (-5.4829)
2022-04-08 06:46:03,780:INFO: Test: [176]  ADE: 1.0692  FDE: 1.7587
2022-04-08 06:46:28,166:INFO: Train: [177][2784/2785]  Loss -1.3033 (-1.8198)  Time:  0.389 (0.009)  Data Time:  0.002 (0.002)
2022-04-08 06:46:28,168:INFO:   Eta: 0:29:39
2022-04-08 06:46:34,170:INFO: Valid: [177][659/660]  Loss -8.5972 (-5.5059)
2022-04-08 06:46:58,340:INFO: Train: [178][2784/2785]  Loss -1.2796 (-1.8085)  Time:  0.338 (0.009)  Data Time:  0.002 (0.002)
2022-04-08 06:46:58,341:INFO:   Eta: 0:28:58
2022-04-08 06:47:04,277:INFO: Valid: [178][659/660]  Loss -9.5272 (-6.0799)
2022-04-08 06:47:25,174:INFO: Train: [179][2784/2785]  Loss -1.4350 (-1.8168)  Time:  0.323 (0.007)  Data Time:  0.000 (0.001)
2022-04-08 06:47:25,175:INFO:   Eta: 0:24:42
2022-04-08 06:47:30,967:INFO: Valid: [179][659/660]  Loss -9.3888 (-5.9487)
2022-04-08 06:47:54,484:INFO: Train: [180][2784/2785]  Loss -1.3773 (-1.7886)  Time:  0.426 (0.008)  Data Time:  0.000 (0.001)
2022-04-08 06:47:54,487:INFO:   Eta: 0:27:25
2022-04-08 06:48:00,248:INFO: Valid: [180][659/660]  Loss -9.6197 (-6.1438)
2022-04-08 06:48:24,395:INFO: Train: [181][2784/2785]  Loss -1.3347 (-1.7944)  Time:  0.322 (0.009)  Data Time:  0.002 (0.001)
2022-04-08 06:48:24,396:INFO:   Eta: 0:27:45
2022-04-08 06:48:30,400:INFO: Valid: [181][659/660]  Loss -8.7013 (-5.5578)
2022-04-08 06:48:52,471:INFO: Train: [182][2784/2785]  Loss -1.2652 (-1.8047)  Time:  0.328 (0.008)  Data Time:  0.001 (0.002)
2022-04-08 06:48:52,472:INFO:   Eta: 0:24:59
2022-04-08 06:48:58,723:INFO: Valid: [182][659/660]  Loss -9.5484 (-6.0829)
2022-04-08 06:49:21,006:INFO: Train: [183][2784/2785]  Loss -1.3527 (-1.8085)  Time:  0.340 (0.008)  Data Time:  0.002 (0.002)
2022-04-08 06:49:21,007:INFO:   Eta: 0:24:51
2022-04-08 06:49:27,097:INFO: Valid: [183][659/660]  Loss -9.1350 (-5.7852)
2022-04-08 06:49:51,304:INFO: Train: [184][2784/2785]  Loss -1.4028 (-1.8101)  Time:  0.350 (0.009)  Data Time:  0.003 (0.002)
2022-04-08 06:49:51,304:INFO:   Eta: 0:26:35
2022-04-08 06:49:57,302:INFO: Valid: [184][659/660]  Loss -9.4169 (-6.0000)
2022-04-08 06:50:21,568:INFO: Train: [185][2784/2785]  Loss -1.4118 (-1.7993)  Time:  0.353 (0.009)  Data Time:  0.003 (0.002)
2022-04-08 06:50:21,569:INFO:   Eta: 0:26:15
2022-04-08 06:50:27,626:INFO: Valid: [185][659/660]  Loss -9.0795 (-5.7428)
2022-04-08 06:50:51,838:INFO: Train: [186][2784/2785]  Loss -1.3855 (-1.8266)  Time:  0.327 (0.009)  Data Time:  0.001 (0.002)
2022-04-08 06:50:51,838:INFO:   Eta: 0:25:48
2022-04-08 06:50:57,997:INFO: Valid: [186][659/660]  Loss -9.1136 (-5.8406)
2022-04-08 06:51:00,110:INFO: Test: [186]  ADE: 0.8327  FDE: 1.3979
2022-04-08 06:51:24,259:INFO: Train: [187][2784/2785]  Loss -1.3615 (-1.8274)  Time:  0.348 (0.009)  Data Time:  0.003 (0.002)
2022-04-08 06:51:24,261:INFO:   Eta: 0:25:20
2022-04-08 06:51:30,115:INFO: Valid: [187][659/660]  Loss -9.5108 (-6.0735)
2022-04-08 06:51:54,494:INFO: Train: [188][2784/2785]  Loss -1.3510 (-1.8062)  Time:  0.334 (0.009)  Data Time:  0.002 (0.002)
2022-04-08 06:51:54,495:INFO:   Eta: 0:25:10
2022-04-08 06:52:00,469:INFO: Valid: [188][659/660]  Loss -9.5591 (-6.0874)
2022-04-08 06:52:24,896:INFO: Train: [189][2784/2785]  Loss -1.2700 (-1.7974)  Time:  0.345 (0.009)  Data Time:  0.001 (0.002)
2022-04-08 06:52:24,897:INFO:   Eta: 0:24:48
2022-04-08 06:52:31,098:INFO: Valid: [189][659/660]  Loss -9.6204 (-6.1485)
2022-04-08 06:52:52,653:INFO: Train: [190][2784/2785]  Loss -1.3451 (-1.8425)  Time:  0.321 (0.008)  Data Time:  0.002 (0.001)
2022-04-08 06:52:52,655:INFO:   Eta: 0:21:32
2022-04-08 06:52:58,492:INFO: Valid: [190][659/660]  Loss -8.2511 (-5.2835)
2022-04-08 06:53:18,506:INFO: Train: [191][2784/2785]  Loss -1.4083 (-1.8027)  Time:  0.290 (0.007)  Data Time:  0.001 (0.001)
2022-04-08 06:53:18,508:INFO:   Eta: 0:19:39
2022-04-08 06:53:24,783:INFO: Valid: [191][659/660]  Loss -9.6367 (-6.1440)
2022-04-08 06:53:43,729:INFO: Train: [192][2784/2785]  Loss -1.4122 (-1.8376)  Time:  0.308 (0.007)  Data Time:  0.002 (0.001)
2022-04-08 06:53:43,730:INFO:   Eta: 0:18:17
2022-04-08 06:53:49,742:INFO: Valid: [192][659/660]  Loss -9.2255 (-5.8856)
2022-04-08 06:54:11,245:INFO: Train: [193][2784/2785]  Loss -1.3802 (-1.7673)  Time:  0.345 (0.008)  Data Time:  0.003 (0.001)
2022-04-08 06:54:11,246:INFO:   Eta: 0:20:24
2022-04-08 06:54:16,981:INFO: Valid: [193][659/660]  Loss -9.1987 (-5.8833)
2022-04-08 06:54:41,044:INFO: Train: [194][2784/2785]  Loss -1.4966 (-1.8027)  Time:  0.351 (0.009)  Data Time:  0.002 (0.002)
2022-04-08 06:54:41,044:INFO:   Eta: 0:22:26
2022-04-08 06:54:47,021:INFO: Valid: [194][659/660]  Loss -9.4053 (-5.9715)
2022-04-08 06:55:11,217:INFO: Train: [195][2784/2785]  Loss -1.3912 (-1.8378)  Time:  0.336 (0.009)  Data Time:  0.002 (0.002)
2022-04-08 06:55:11,218:INFO:   Eta: 0:22:09
2022-04-08 06:55:17,336:INFO: Valid: [195][659/660]  Loss -9.2472 (-5.9002)
2022-04-08 06:55:41,564:INFO: Train: [196][2784/2785]  Loss -1.4228 (-1.8063)  Time:  0.335 (0.009)  Data Time:  0.002 (0.002)
2022-04-08 06:55:41,564:INFO:   Eta: 0:21:47
2022-04-08 06:55:47,170:INFO: Valid: [196][659/660]  Loss -9.2221 (-5.8488)
2022-04-08 06:55:49,314:INFO: Test: [196]  ADE: 0.8676  FDE: 1.3702
2022-04-08 06:56:14,052:INFO: Train: [197][2784/2785]  Loss -1.4431 (-1.8266)  Time:  0.341 (0.009)  Data Time:  0.002 (0.002)
2022-04-08 06:56:14,053:INFO:   Eta: 0:21:50
2022-04-08 06:56:20,071:INFO: Valid: [197][659/660]  Loss -9.3960 (-5.9757)
2022-04-08 06:56:44,311:INFO: Train: [198][2784/2785]  Loss -1.4933 (-1.8123)  Time:  0.345 (0.009)  Data Time:  0.003 (0.002)
2022-04-08 06:56:44,312:INFO:   Eta: 0:20:59
2022-04-08 06:56:50,167:INFO: Valid: [198][659/660]  Loss -9.2527 (-5.9142)
2022-04-08 06:57:14,719:INFO: Train: [199][2784/2785]  Loss -1.3054 (-1.8342)  Time:  0.334 (0.009)  Data Time:  0.003 (0.002)
2022-04-08 06:57:14,720:INFO:   Eta: 0:20:51
2022-04-08 06:57:20,942:INFO: Valid: [199][659/660]  Loss -9.1920 (-5.8872)
2022-04-08 06:57:44,097:INFO: Train: [200][2784/2785]  Loss -1.3694 (-1.7787)  Time:  0.334 (0.008)  Data Time:  0.002 (0.002)
2022-04-08 06:57:44,098:INFO:   Eta: 0:19:16
2022-04-08 06:57:50,392:INFO: Valid: [200][659/660]  Loss -9.4070 (-5.9988)
2022-04-08 06:58:10,636:INFO: Train: [201][2784/2785]  Loss -1.3558 (-1.8181)  Time:  0.434 (0.007)  Data Time:  0.000 (0.001)
2022-04-08 06:58:10,637:INFO:   Eta: 0:16:31
2022-04-08 06:58:16,968:INFO: Valid: [201][659/660]  Loss -8.4629 (-5.3709)
2022-04-08 06:58:41,136:INFO: Train: [202][2784/2785]  Loss -1.3708 (-1.7455)  Time:  0.361 (0.009)  Data Time:  0.002 (0.001)
2022-04-08 06:58:41,137:INFO:   Eta: 0:19:19
2022-04-08 06:58:47,051:INFO: Valid: [202][659/660]  Loss -9.6379 (-6.1607)
2022-04-08 06:59:08,072:INFO: Train: [203][2784/2785]  Loss -1.5012 (-1.8203)  Time:  0.319 (0.008)  Data Time:  0.001 (0.001)
2022-04-08 06:59:08,073:INFO:   Eta: 0:16:27
2022-04-08 06:59:14,319:INFO: Valid: [203][659/660]  Loss -8.8582 (-5.5975)
2022-04-08 06:59:35,884:INFO: Train: [204][2784/2785]  Loss -1.3810 (-1.8395)  Time:  0.324 (0.008)  Data Time:  0.000 (0.001)
2022-04-08 06:59:35,885:INFO:   Eta: 0:16:31
2022-04-08 06:59:42,237:INFO: Valid: [204][659/660]  Loss -9.4243 (-5.9881)
2022-04-08 07:00:06,186:INFO: Train: [205][2784/2785]  Loss -1.3632 (-1.7630)  Time:  0.340 (0.009)  Data Time:  0.002 (0.002)
2022-04-08 07:00:06,187:INFO:   Eta: 0:17:56
2022-04-08 07:00:12,089:INFO: Valid: [205][659/660]  Loss -9.1960 (-5.8565)
2022-04-08 07:00:36,347:INFO: Train: [206][2784/2785]  Loss -1.4770 (-1.8015)  Time:  0.385 (0.009)  Data Time:  0.002 (0.002)
2022-04-08 07:00:36,348:INFO:   Eta: 0:17:46
2022-04-08 07:00:42,372:INFO: Valid: [206][659/660]  Loss -9.4283 (-6.0252)
2022-04-08 07:00:44,426:INFO: Test: [206]  ADE: 0.8287  FDE: 1.3672
2022-04-08 07:01:08,603:INFO: Train: [207][2784/2785]  Loss -1.3192 (-1.8486)  Time:  0.342 (0.009)  Data Time:  0.002 (0.002)
2022-04-08 07:01:08,603:INFO:   Eta: 0:17:19
2022-04-08 07:01:14,621:INFO: Valid: [207][659/660]  Loss -8.9941 (-5.7116)
2022-04-08 07:01:38,799:INFO: Train: [208][2784/2785]  Loss -1.3410 (-1.8581)  Time:  0.333 (0.009)  Data Time:  0.002 (0.002)
2022-04-08 07:01:38,800:INFO:   Eta: 0:16:54
2022-04-08 07:01:44,949:INFO: Valid: [208][659/660]  Loss -9.5566 (-6.1012)
2022-04-08 07:02:08,802:INFO: Train: [209][2784/2785]  Loss -1.4108 (-1.8409)  Time:  0.322 (0.009)  Data Time:  0.002 (0.002)
2022-04-08 07:02:08,803:INFO:   Eta: 0:16:17
2022-04-08 07:02:14,960:INFO: Valid: [209][659/660]  Loss -9.6130 (-6.1347)
2022-04-08 07:02:36,570:INFO: Train: [210][2784/2785]  Loss -1.4099 (-1.8401)  Time:  0.324 (0.008)  Data Time:  0.002 (0.001)
2022-04-08 07:02:36,571:INFO:   Eta: 0:14:23
2022-04-08 07:02:42,516:INFO: Valid: [210][659/660]  Loss -9.6953 (-6.1773)
2022-04-08 07:03:07,582:INFO: Train: [211][2784/2785]  Loss -1.3144 (-1.7445)  Time:  0.416 (0.009)  Data Time:  0.002 (0.002)
2022-04-08 07:03:07,583:INFO:   Eta: 0:16:16
2022-04-08 07:03:13,478:INFO: Valid: [211][659/660]  Loss -9.7092 (-6.1704)
2022-04-08 07:03:13,495:INFO: Checkpoint saved...
2022-04-08 07:03:38,029:INFO: Train: [212][2784/2785]  Loss -1.2589 (-1.8461)  Time:  0.310 (0.009)  Data Time:  0.001 (0.002)
2022-04-08 07:03:38,030:INFO:   Eta: 0:15:31
2022-04-08 07:03:44,123:INFO: Valid: [212][659/660]  Loss -8.8837 (-5.6866)
2022-04-08 07:04:04,995:INFO: Train: [213][2784/2785]  Loss -1.2818 (-1.8151)  Time:  0.313 (0.007)  Data Time:  0.001 (0.001)
2022-04-08 07:04:04,996:INFO:   Eta: 0:12:51
2022-04-08 07:04:10,964:INFO: Valid: [213][659/660]  Loss -9.2028 (-5.8837)
2022-04-08 07:04:32,271:INFO: Train: [214][2784/2785]  Loss -1.3168 (-1.8589)  Time:  0.371 (0.008)  Data Time:  0.000 (0.001)
2022-04-08 07:04:32,273:INFO:   Eta: 0:12:46
2022-04-08 07:04:38,377:INFO: Valid: [214][659/660]  Loss -9.5889 (-6.1169)
2022-04-08 07:05:00,104:INFO: Train: [215][2784/2785]  Loss -1.4421 (-1.8619)  Time:  0.385 (0.008)  Data Time:  0.001 (0.001)
2022-04-08 07:05:00,104:INFO:   Eta: 0:12:39
2022-04-08 07:05:06,158:INFO: Valid: [215][659/660]  Loss -9.5831 (-6.0904)
2022-04-08 07:05:30,426:INFO: Train: [216][2784/2785]  Loss -1.3582 (-1.8311)  Time:  0.344 (0.009)  Data Time:  0.003 (0.002)
2022-04-08 07:05:30,427:INFO:   Eta: 0:13:44
2022-04-08 07:05:36,518:INFO: Valid: [216][659/660]  Loss -9.1547 (-5.8494)
2022-04-08 07:05:38,514:INFO: Test: [216]  ADE: 0.8602  FDE: 1.4816
2022-04-08 07:06:02,635:INFO: Train: [217][2784/2785]  Loss -1.5044 (-1.7822)  Time:  0.333 (0.009)  Data Time:  0.002 (0.002)
2022-04-08 07:06:02,636:INFO:   Eta: 0:13:15
2022-04-08 07:06:08,896:INFO: Valid: [217][659/660]  Loss -9.0521 (-5.7267)
2022-04-08 07:06:32,552:INFO: Train: [218][2784/2785]  Loss -1.4394 (-1.8178)  Time:  0.326 (0.008)  Data Time:  0.002 (0.002)
2022-04-08 07:06:32,554:INFO:   Eta: 0:12:36
2022-04-08 07:06:38,586:INFO: Valid: [218][659/660]  Loss -8.9630 (-5.6898)
2022-04-08 07:06:59,976:INFO: Train: [219][2784/2785]  Loss -1.4161 (-1.8227)  Time:  0.373 (0.008)  Data Time:  0.001 (0.001)
2022-04-08 07:06:59,977:INFO:   Eta: 0:11:02
2022-04-08 07:07:05,804:INFO: Valid: [219][659/660]  Loss -9.7170 (-6.2172)
2022-04-08 07:07:05,820:INFO: Checkpoint saved...
2022-04-08 07:07:32,201:INFO: Train: [220][2784/2785]  Loss -1.2347 (-1.8407)  Time:  0.427 (0.009)  Data Time:  0.002 (0.002)
2022-04-08 07:07:32,202:INFO:   Eta: 0:13:10
2022-04-08 07:07:38,118:INFO: Valid: [220][659/660]  Loss -8.9855 (-5.7676)
2022-04-08 07:08:04,217:INFO: Train: [221][2784/2785]  Loss -1.3396 (-1.7869)  Time:  0.420 (0.009)  Data Time:  0.002 (0.002)
2022-04-08 07:08:04,218:INFO:   Eta: 0:12:36
2022-04-08 07:08:10,352:INFO: Valid: [221][659/660]  Loss -9.4154 (-6.0008)
2022-04-08 07:08:36,417:INFO: Train: [222][2784/2785]  Loss -1.3468 (-1.8426)  Time:  0.422 (0.009)  Data Time:  0.001 (0.002)
2022-04-08 07:08:36,418:INFO:   Eta: 0:12:09
2022-04-08 07:08:42,399:INFO: Valid: [222][659/660]  Loss -9.5021 (-6.0698)
2022-04-08 07:09:05,727:INFO: Train: [223][2784/2785]  Loss -1.4397 (-1.7746)  Time:  0.311 (0.008)  Data Time:  0.001 (0.002)
2022-04-08 07:09:05,729:INFO:   Eta: 0:10:29
2022-04-08 07:09:11,630:INFO: Valid: [223][659/660]  Loss -9.6014 (-6.1057)
2022-04-08 07:09:32,699:INFO: Train: [224][2784/2785]  Loss -1.4413 (-1.7950)  Time:  0.355 (0.008)  Data Time:  0.001 (0.001)
2022-04-08 07:09:32,699:INFO:   Eta: 0:09:07
2022-04-08 07:09:38,765:INFO: Valid: [224][659/660]  Loss -9.0778 (-5.7511)
2022-04-08 07:10:00,079:INFO: Train: [225][2784/2785]  Loss -1.3994 (-1.8270)  Time:  0.312 (0.008)  Data Time:  0.001 (0.001)
2022-04-08 07:10:00,081:INFO:   Eta: 0:08:52
2022-04-08 07:10:06,133:INFO: Valid: [225][659/660]  Loss -8.6407 (-5.5168)
2022-04-08 07:10:27,657:INFO: Train: [226][2784/2785]  Loss -1.4655 (-1.8465)  Time:  0.320 (0.008)  Data Time:  0.003 (0.001)
2022-04-08 07:10:27,657:INFO:   Eta: 0:08:36
2022-04-08 07:10:33,499:INFO: Valid: [226][659/660]  Loss -8.4033 (-5.3610)
2022-04-08 07:10:35,454:INFO: Test: [226]  ADE: 0.8521  FDE: 1.5080
2022-04-08 07:10:58,451:INFO: Train: [227][2784/2785]  Loss -1.3354 (-1.8548)  Time:  0.375 (0.008)  Data Time:  0.001 (0.002)
2022-04-08 07:10:58,452:INFO:   Eta: 0:08:48
2022-04-08 07:11:04,537:INFO: Valid: [227][659/660]  Loss -9.5587 (-6.0698)
2022-04-08 07:11:27,181:INFO: Train: [228][2784/2785]  Loss -1.4086 (-1.8392)  Time:  0.350 (0.008)  Data Time:  0.003 (0.002)
2022-04-08 07:11:27,182:INFO:   Eta: 0:08:17
2022-04-08 07:11:33,154:INFO: Valid: [228][659/660]  Loss -9.3374 (-5.9074)
2022-04-08 07:11:57,535:INFO: Train: [229][2784/2785]  Loss -1.4302 (-1.8509)  Time:  0.353 (0.009)  Data Time:  0.003 (0.002)
2022-04-08 07:11:57,536:INFO:   Eta: 0:08:31
2022-04-08 07:12:03,544:INFO: Valid: [229][659/660]  Loss -9.5092 (-6.0886)
2022-04-08 07:12:28,258:INFO: Train: [230][2784/2785]  Loss -1.4107 (-1.8341)  Time:  0.341 (0.009)  Data Time:  0.001 (0.002)
2022-04-08 07:12:28,259:INFO:   Eta: 0:08:13
2022-04-08 07:12:34,360:INFO: Valid: [230][659/660]  Loss -9.5319 (-6.0504)
2022-04-08 07:12:55,400:INFO: Train: [231][2784/2785]  Loss -1.3973 (-1.8759)  Time:  0.322 (0.008)  Data Time:  0.001 (0.001)
2022-04-08 07:12:55,401:INFO:   Eta: 0:06:39
2022-04-08 07:13:01,619:INFO: Valid: [231][659/660]  Loss -9.3669 (-5.9537)
2022-04-08 07:13:22,361:INFO: Train: [232][2784/2785]  Loss -1.5242 (-1.8491)  Time:  0.306 (0.007)  Data Time:  0.002 (0.001)
2022-04-08 07:13:22,362:INFO:   Eta: 0:06:13
2022-04-08 07:13:28,556:INFO: Valid: [232][659/660]  Loss -8.9775 (-5.6900)
2022-04-08 07:13:49,955:INFO: Train: [233][2784/2785]  Loss -1.5079 (-1.8334)  Time:  0.326 (0.008)  Data Time:  0.002 (0.001)
2022-04-08 07:13:49,956:INFO:   Eta: 0:06:03
2022-04-08 07:13:56,119:INFO: Valid: [233][659/660]  Loss -9.4285 (-5.9949)
2022-04-08 07:14:16,842:INFO: Train: [234][2784/2785]  Loss -1.4045 (-1.8336)  Time:  0.267 (0.007)  Data Time:  0.000 (0.001)
2022-04-08 07:14:16,843:INFO:   Eta: 0:05:31
2022-04-08 07:14:22,786:INFO: Valid: [234][659/660]  Loss -9.5128 (-6.0573)
2022-04-08 07:14:41,138:INFO: Train: [235][2784/2785]  Loss -1.4504 (-1.8584)  Time:  0.275 (0.007)  Data Time:  0.000 (0.000)
2022-04-08 07:14:41,139:INFO:   Eta: 0:04:35
2022-04-08 07:14:47,267:INFO: Valid: [235][659/660]  Loss -8.5233 (-5.4153)
2022-04-08 07:15:05,184:INFO: Train: [236][2784/2785]  Loss -1.3839 (-1.8605)  Time:  0.279 (0.006)  Data Time:  0.000 (0.000)
2022-04-08 07:15:05,185:INFO:   Eta: 0:04:10
2022-04-08 07:15:11,111:INFO: Valid: [236][659/660]  Loss -9.4420 (-6.0286)
2022-04-08 07:15:13,090:INFO: Test: [236]  ADE: 0.8015  FDE: 1.3855
2022-04-08 07:15:31,060:INFO: Train: [237][2784/2785]  Loss -1.4115 (-1.8152)  Time:  0.293 (0.006)  Data Time:  0.000 (0.000)
2022-04-08 07:15:31,061:INFO:   Eta: 0:03:53
2022-04-08 07:15:36,737:INFO: Valid: [237][659/660]  Loss -8.9454 (-5.7051)
2022-04-08 07:15:55,209:INFO: Train: [238][2784/2785]  Loss -1.4667 (-1.8627)  Time:  0.289 (0.007)  Data Time:  0.000 (0.000)
2022-04-08 07:15:55,210:INFO:   Eta: 0:03:41
2022-04-08 07:16:01,044:INFO: Valid: [238][659/660]  Loss -9.4685 (-6.0175)
2022-04-08 07:16:22,172:INFO: Train: [239][2784/2785]  Loss -1.5629 (-1.8541)  Time:  0.312 (0.008)  Data Time:  0.002 (0.001)
2022-04-08 07:16:22,173:INFO:   Eta: 0:03:52
2022-04-08 07:16:28,218:INFO: Valid: [239][659/660]  Loss -9.2821 (-5.8930)
2022-04-08 07:16:48,961:INFO: Train: [240][2784/2785]  Loss -1.3570 (-1.8223)  Time:  0.315 (0.007)  Data Time:  0.001 (0.001)
2022-04-08 07:16:48,962:INFO:   Eta: 0:03:27
2022-04-08 07:16:54,917:INFO: Valid: [240][659/660]  Loss -8.1342 (-5.1661)
2022-04-08 07:17:15,617:INFO: Train: [241][2784/2785]  Loss -1.4152 (-1.8516)  Time:  0.310 (0.007)  Data Time:  0.002 (0.001)
2022-04-08 07:17:15,619:INFO:   Eta: 0:03:06
2022-04-08 07:17:21,593:INFO: Valid: [241][659/660]  Loss -9.7072 (-6.1987)
2022-04-08 07:17:45,085:INFO: Train: [242][2784/2785]  Loss -1.3651 (-1.8512)  Time:  0.416 (0.008)  Data Time:  0.002 (0.001)
2022-04-08 07:17:45,087:INFO:   Eta: 0:03:07
2022-04-08 07:17:51,235:INFO: Valid: [242][659/660]  Loss -9.5253 (-6.0436)
2022-04-08 07:18:13,577:INFO: Train: [243][2784/2785]  Loss -1.4044 (-1.8921)  Time:  0.309 (0.008)  Data Time:  0.002 (0.001)
2022-04-08 07:18:13,578:INFO:   Eta: 0:02:36
2022-04-08 07:18:19,760:INFO: Valid: [243][659/660]  Loss -8.9572 (-5.7322)
2022-04-08 07:18:40,385:INFO: Train: [244][2784/2785]  Loss -1.4246 (-1.8802)  Time:  0.316 (0.007)  Data Time:  0.001 (0.001)
2022-04-08 07:18:40,386:INFO:   Eta: 0:02:03
2022-04-08 07:18:46,364:INFO: Valid: [244][659/660]  Loss -9.7317 (-6.1922)
2022-04-08 07:18:46,376:INFO: Checkpoint saved...
2022-04-08 07:19:06,842:INFO: Train: [245][2784/2785]  Loss -1.5289 (-1.8759)  Time:  0.401 (0.007)  Data Time:  0.000 (0.001)
2022-04-08 07:19:06,844:INFO:   Eta: 0:01:42
2022-04-08 07:19:13,148:INFO: Valid: [245][659/660]  Loss -9.3277 (-5.9631)
