2022-03-29 15:38:38,755:INFO: batch_size=128
2022-03-29 15:38:38,755:INFO: clip_grad=None
2022-03-29 15:38:38,755:INFO: dataset=eth
2022-03-29 15:38:38,755:INFO: gpu_num=0
2022-03-29 15:38:38,755:INFO: input_size=2
2022-03-29 15:38:38,755:INFO: kernel_size=3
2022-03-29 15:38:38,755:INFO: lr=0.01
2022-03-29 15:38:38,755:INFO: lr_sh_rate=150
2022-03-29 15:38:38,755:INFO: n_stgcnn=1
2022-03-29 15:38:38,755:INFO: n_txpcnn=5
2022-03-29 15:38:38,755:INFO: num_epochs=250
2022-03-29 15:38:38,755:INFO: obs_seq_len=8
2022-03-29 15:38:38,755:INFO: output_size=5
2022-03-29 15:38:38,755:INFO: pred_seq_len=12
2022-03-29 15:38:38,755:INFO: seed=0
2022-03-29 15:38:38,755:INFO: tag=eth
2022-03-29 15:38:38,755:INFO: use_lrschd=True
2022-03-29 15:38:38,755:INFO: ******************************
2022-03-29 15:38:38,755:INFO: Training initiating....
2022-03-29 15:38:38,755:INFO: Namespace(batch_size=128, clip_grad=None, dataset='eth', gpu_num='0', input_size=2, kernel_size=3, lr=0.01, lr_sh_rate=150, n_stgcnn=1, n_txpcnn=5, num_epochs=250, obs_seq_len=8, output_size=5, pred_seq_len=12, seed=0, tag='eth', use_lrschd=True)
2022-03-29 15:38:38,759:INFO: Initializing train dataset
2022-03-29 15:38:50,820:INFO: Initializing val dataset
2022-03-29 15:39:22,495:INFO: social_stgcnn0
2022-03-29 15:39:22,626:INFO: Data and model loaded
2022-03-29 15:39:22,626:INFO: Checkpoint dir: ../runs/Mar29_15-38-38_node06/eth/checkpoint
2022-03-29 15:39:22,626:INFO: Training started ...
2022-03-29 15:39:54,504:INFO: Train: [0][2784/2785]  Loss 1.2966 (1.7535)  Time:  0.283 (0.011)  Data Time:  0.002 (0.004)
2022-03-29 15:39:54,610:INFO:   Eta: 2:12:47
2022-03-29 15:39:56,229:INFO: Test: [0]  ADE: 1.9566  FDE: 2.3805
2022-03-29 15:40:19,461:INFO: Train: [1][2784/2785]  Loss 1.1732 (1.5413)  Time:  0.382 (0.008)  Data Time:  0.003 (0.002)
2022-03-29 15:40:19,462:INFO:   Eta: 1:32:37
2022-03-29 15:40:47,306:INFO: Train: [2][2784/2785]  Loss 1.0405 (1.3935)  Time:  0.429 (0.010)  Data Time:  0.003 (0.004)
2022-03-29 15:40:47,308:INFO:   Eta: 1:55:01
2022-03-29 15:41:16,204:INFO: Train: [3][2784/2785]  Loss 0.8927 (1.2677)  Time:  0.398 (0.010)  Data Time:  0.004 (0.004)
2022-03-29 15:41:16,206:INFO:   Eta: 1:58:51
2022-03-29 15:41:48,218:INFO: Train: [4][2784/2785]  Loss 0.7299 (1.0519)  Time:  0.450 (0.011)  Data Time:  0.005 (0.005)
2022-03-29 15:41:48,219:INFO:   Eta: 2:11:09
2022-03-29 15:42:21,064:INFO: Train: [5][2784/2785]  Loss 0.5246 (0.8394)  Time:  0.475 (0.012)  Data Time:  0.004 (0.005)
2022-03-29 15:42:21,065:INFO:   Eta: 2:14:00
2022-03-29 15:42:53,236:INFO: Train: [6][2784/2785]  Loss 0.3473 (0.5449)  Time:  0.459 (0.012)  Data Time:  0.004 (0.004)
2022-03-29 15:42:53,238:INFO:   Eta: 2:10:46
2022-03-29 15:43:26,063:INFO: Train: [7][2784/2785]  Loss 0.1759 (0.3209)  Time:  0.509 (0.012)  Data Time:  0.004 (0.005)
2022-03-29 15:43:26,065:INFO:   Eta: 2:12:52
2022-03-29 15:43:59,216:INFO: Train: [8][2784/2785]  Loss 0.0120 (0.1502)  Time:  0.460 (0.012)  Data Time:  0.005 (0.005)
2022-03-29 15:43:59,217:INFO:   Eta: 2:13:37
2022-03-29 15:44:31,019:INFO: Train: [9][2784/2785]  Loss 0.0128 (0.0371)  Time:  0.412 (0.011)  Data Time:  0.004 (0.004)
2022-03-29 15:44:31,021:INFO:   Eta: 2:07:39
2022-03-29 15:44:58,251:INFO: Train: [10][2784/2785]  Loss -0.0372 (-0.0202)  Time:  0.426 (0.010)  Data Time:  0.004 (0.003)
2022-03-29 15:44:58,252:INFO:   Eta: 1:48:51
2022-03-29 15:45:00,259:INFO: Test: [10]  ADE: 1.8060  FDE: 3.0218
2022-03-29 15:45:30,682:INFO: Train: [11][2784/2785]  Loss -0.0361 (-0.0703)  Time:  0.440 (0.011)  Data Time:  0.004 (0.004)
2022-03-29 15:45:30,683:INFO:   Eta: 2:01:08
2022-03-29 15:45:58,448:INFO: Train: [12][2784/2785]  Loss -0.0860 (-0.0720)  Time:  0.393 (0.010)  Data Time:  0.004 (0.004)
2022-03-29 15:45:58,529:INFO:   Eta: 1:50:04
2022-03-29 15:46:27,238:INFO: Train: [13][2784/2785]  Loss -0.1364 (-0.0712)  Time:  0.375 (0.010)  Data Time:  0.004 (0.004)
2022-03-29 15:46:27,239:INFO:   Eta: 1:50:41
2022-03-29 15:46:57,589:INFO: Train: [14][2784/2785]  Loss -0.1392 (-0.1036)  Time:  0.474 (0.011)  Data Time:  0.005 (0.004)
2022-03-29 15:46:57,590:INFO:   Eta: 1:59:18
2022-03-29 15:47:29,587:INFO: Train: [15][2784/2785]  Loss -0.0961 (-0.1021)  Time:  0.466 (0.011)  Data Time:  0.005 (0.005)
2022-03-29 15:47:29,588:INFO:   Eta: 2:05:14
2022-03-29 15:48:02,138:INFO: Train: [16][2784/2785]  Loss -0.1382 (-0.1632)  Time:  0.454 (0.012)  Data Time:  0.005 (0.005)
2022-03-29 15:48:02,139:INFO:   Eta: 2:06:52
2022-03-29 15:48:34,656:INFO: Train: [17][2784/2785]  Loss -0.1691 (-0.1553)  Time:  0.454 (0.012)  Data Time:  0.005 (0.005)
2022-03-29 15:48:34,657:INFO:   Eta: 2:06:12
2022-03-29 15:49:04,544:INFO: Train: [18][2784/2785]  Loss -0.2013 (-0.1609)  Time:  0.380 (0.011)  Data Time:  0.003 (0.004)
2022-03-29 15:49:04,545:INFO:   Eta: 1:55:29
2022-03-29 15:49:34,036:INFO: Train: [19][2784/2785]  Loss -0.2004 (-0.1644)  Time:  0.471 (0.011)  Data Time:  0.004 (0.004)
2022-03-29 15:49:34,037:INFO:   Eta: 1:53:28
2022-03-29 15:50:05,959:INFO: Train: [20][2784/2785]  Loss -0.0546 (-0.1893)  Time:  0.459 (0.011)  Data Time:  0.004 (0.005)
2022-03-29 15:50:05,960:INFO:   Eta: 2:02:17
2022-03-29 15:50:08,031:INFO: Test: [20]  ADE: 1.8370  FDE: 3.1999
2022-03-29 15:50:41,053:INFO: Train: [21][2784/2785]  Loss -0.2432 (-0.2067)  Time:  0.501 (0.012)  Data Time:  0.005 (0.005)
2022-03-29 15:50:41,059:INFO:   Eta: 2:05:59
2022-03-29 15:51:10,448:INFO: Train: [22][2784/2785]  Loss -0.1985 (-0.2386)  Time:  0.395 (0.011)  Data Time:  0.003 (0.004)
2022-03-29 15:51:10,451:INFO:   Eta: 1:51:23
2022-03-29 15:51:39,148:INFO: Train: [23][2784/2785]  Loss -0.1789 (-0.1818)  Time:  0.399 (0.010)  Data Time:  0.004 (0.004)
2022-03-29 15:51:39,149:INFO:   Eta: 1:48:26
2022-03-29 15:52:06,818:INFO: Train: [24][2784/2785]  Loss -0.1668 (-0.1904)  Time:  0.246 (0.010)  Data Time:  0.002 (0.004)
2022-03-29 15:52:07,013:INFO:   Eta: 1:44:09
2022-03-29 15:52:41,051:INFO: Train: [25][2784/2785]  Loss -0.2396 (-0.2285)  Time:  0.474 (0.012)  Data Time:  0.004 (0.005)
2022-03-29 15:52:41,054:INFO:   Eta: 2:01:31
2022-03-29 15:53:13,777:INFO: Train: [26][2784/2785]  Loss -0.2130 (-0.2221)  Time:  0.507 (0.012)  Data Time:  0.004 (0.005)
2022-03-29 15:53:13,778:INFO:   Eta: 2:02:04
2022-03-29 15:53:43,034:INFO: Train: [27][2784/2785]  Loss -0.1824 (-0.2370)  Time:  0.408 (0.010)  Data Time:  0.004 (0.004)
2022-03-29 15:53:43,035:INFO:   Eta: 1:48:40
2022-03-29 15:54:13,349:INFO: Train: [28][2784/2785]  Loss 0.0151 (-0.2071)  Time:  0.464 (0.011)  Data Time:  0.005 (0.004)
2022-03-29 15:54:13,350:INFO:   Eta: 1:52:05
2022-03-29 15:54:45,347:INFO: Train: [29][2784/2785]  Loss -0.1145 (-0.2625)  Time:  0.452 (0.011)  Data Time:  0.004 (0.004)
2022-03-29 15:54:45,348:INFO:   Eta: 1:57:47
2022-03-29 15:55:18,318:INFO: Train: [30][2784/2785]  Loss -0.2781 (-0.2098)  Time:  0.479 (0.012)  Data Time:  0.004 (0.005)
2022-03-29 15:55:18,331:INFO:   Eta: 2:00:49
2022-03-29 15:55:20,451:INFO: Test: [30]  ADE: 1.9674  FDE: 3.3429
2022-03-29 15:55:52,836:INFO: Train: [31][2784/2785]  Loss -0.2502 (-0.2469)  Time:  0.473 (0.012)  Data Time:  0.005 (0.005)
2022-03-29 15:55:52,839:INFO:   Eta: 1:58:07
2022-03-29 15:56:23,931:INFO: Train: [32][2784/2785]  Loss -0.1359 (-0.2745)  Time:  0.388 (0.011)  Data Time:  0.005 (0.004)
2022-03-29 15:56:23,932:INFO:   Eta: 1:52:54
2022-03-29 15:56:52,770:INFO: Train: [33][2784/2785]  Loss -0.2394 (-0.2502)  Time:  0.402 (0.010)  Data Time:  0.004 (0.004)
2022-03-29 15:56:52,773:INFO:   Eta: 1:44:12
2022-03-29 15:57:21,555:INFO: Train: [34][2784/2785]  Loss -0.2722 (-0.2469)  Time:  0.394 (0.010)  Data Time:  0.004 (0.004)
2022-03-29 15:57:21,568:INFO:   Eta: 1:43:29
2022-03-29 15:57:51,821:INFO: Train: [35][2784/2785]  Loss -0.1661 (-0.2661)  Time:  0.399 (0.011)  Data Time:  0.004 (0.004)
2022-03-29 15:57:51,826:INFO:   Eta: 1:48:07
2022-03-29 15:58:19,265:INFO: Train: [36][2784/2785]  Loss -0.0974 (-0.2741)  Time:  0.380 (0.010)  Data Time:  0.003 (0.004)
2022-03-29 15:58:19,266:INFO:   Eta: 1:37:34
2022-03-29 15:58:52,075:INFO: Train: [37][2784/2785]  Loss -0.2808 (-0.2662)  Time:  0.501 (0.012)  Data Time:  0.005 (0.005)
2022-03-29 15:58:52,088:INFO:   Eta: 1:56:24
2022-03-29 15:59:24,672:INFO: Train: [38][2784/2785]  Loss -0.1882 (-0.2738)  Time:  0.457 (0.012)  Data Time:  0.004 (0.005)
2022-03-29 15:59:24,673:INFO:   Eta: 1:54:47
2022-03-29 15:59:56,718:INFO: Train: [39][2784/2785]  Loss -0.2297 (-0.2653)  Time:  0.454 (0.011)  Data Time:  0.005 (0.005)
2022-03-29 15:59:56,718:INFO:   Eta: 1:52:37
2022-03-29 16:00:29,406:INFO: Train: [40][2784/2785]  Loss -0.2585 (-0.2432)  Time:  0.463 (0.012)  Data Time:  0.005 (0.005)
2022-03-29 16:00:29,407:INFO:   Eta: 1:54:20
2022-03-29 16:00:31,571:INFO: Test: [40]  ADE: 2.0280  FDE: 3.3921
2022-03-29 16:01:04,509:INFO: Train: [41][2784/2785]  Loss -0.2384 (-0.2567)  Time:  0.438 (0.012)  Data Time:  0.004 (0.005)
2022-03-29 16:01:04,510:INFO:   Eta: 1:54:41
2022-03-29 16:01:37,759:INFO: Train: [42][2784/2785]  Loss -0.1435 (-0.2791)  Time:  0.445 (0.012)  Data Time:  0.005 (0.005)
2022-03-29 16:01:37,760:INFO:   Eta: 1:55:12
2022-03-29 16:02:07,708:INFO: Train: [43][2784/2785]  Loss -0.1778 (-0.2780)  Time:  0.411 (0.011)  Data Time:  0.003 (0.004)
2022-03-29 16:02:07,709:INFO:   Eta: 1:43:14
2022-03-29 16:02:34,717:INFO: Train: [44][2784/2785]  Loss -0.1760 (-0.2878)  Time:  0.394 (0.010)  Data Time:  0.003 (0.003)
2022-03-29 16:02:34,719:INFO:   Eta: 1:32:40
2022-03-29 16:02:57,779:INFO: Train: [45][2784/2785]  Loss -0.1685 (-0.2688)  Time:  0.372 (0.008)  Data Time:  0.004 (0.002)
2022-03-29 16:02:57,780:INFO:   Eta: 1:18:43
2022-03-29 16:03:28,381:INFO: Train: [46][2784/2785]  Loss -0.2810 (-0.2752)  Time:  0.461 (0.011)  Data Time:  0.005 (0.004)
2022-03-29 16:03:28,383:INFO:   Eta: 1:43:58
2022-03-29 16:04:00,802:INFO: Train: [47][2784/2785]  Loss -0.1786 (-0.2443)  Time:  0.462 (0.012)  Data Time:  0.004 (0.005)
2022-03-29 16:04:00,894:INFO:   Eta: 1:49:36
2022-03-29 16:04:33,485:INFO: Train: [48][2784/2785]  Loss -0.0271 (-0.2908)  Time:  0.450 (0.012)  Data Time:  0.006 (0.005)
2022-03-29 16:04:33,486:INFO:   Eta: 1:48:17
2022-03-29 16:05:06,119:INFO: Train: [49][2784/2785]  Loss -0.2624 (-0.2701)  Time:  0.497 (0.012)  Data Time:  0.005 (0.005)
2022-03-29 16:05:06,121:INFO:   Eta: 1:49:16
2022-03-29 16:05:38,593:INFO: Train: [50][2784/2785]  Loss -0.1988 (-0.2767)  Time:  0.437 (0.012)  Data Time:  0.005 (0.005)
2022-03-29 16:05:38,594:INFO:   Eta: 1:48:11
2022-03-29 16:05:40,696:INFO: Test: [50]  ADE: 2.0629  FDE: 3.3955
2022-03-29 16:06:13,541:INFO: Train: [51][2784/2785]  Loss -0.1208 (-0.2766)  Time:  0.437 (0.012)  Data Time:  0.004 (0.005)
2022-03-29 16:06:13,542:INFO:   Eta: 1:48:52
2022-03-29 16:06:46,173:INFO: Train: [52][2784/2785]  Loss -0.0979 (-0.2773)  Time:  0.474 (0.012)  Data Time:  0.005 (0.005)
2022-03-29 16:06:46,175:INFO:   Eta: 1:47:37
2022-03-29 16:07:16,625:INFO: Train: [53][2784/2785]  Loss -0.2208 (-0.2712)  Time:  0.336 (0.011)  Data Time:  0.002 (0.004)
2022-03-29 16:07:16,626:INFO:   Eta: 1:39:55
2022-03-29 16:07:40,336:INFO: Train: [54][2784/2785]  Loss -0.1857 (-0.2678)  Time:  0.387 (0.009)  Data Time:  0.004 (0.003)
2022-03-29 16:07:40,336:INFO:   Eta: 1:17:22
2022-03-29 16:08:08,968:INFO: Train: [55][2784/2785]  Loss -0.2461 (-0.2992)  Time:  0.393 (0.010)  Data Time:  0.003 (0.004)
2022-03-29 16:08:08,969:INFO:   Eta: 1:33:00
2022-03-29 16:08:37,214:INFO: Train: [56][2784/2785]  Loss -0.1647 (-0.2472)  Time:  0.428 (0.010)  Data Time:  0.004 (0.004)
2022-03-29 16:08:37,215:INFO:   Eta: 1:31:16
2022-03-29 16:09:08,507:INFO: Train: [57][2784/2785]  Loss -0.1364 (-0.2656)  Time:  0.456 (0.011)  Data Time:  0.004 (0.004)
2022-03-29 16:09:08,509:INFO:   Eta: 1:40:35
2022-03-29 16:09:39,782:INFO: Train: [58][2784/2785]  Loss -0.1316 (-0.2760)  Time:  0.439 (0.011)  Data Time:  0.005 (0.005)
2022-03-29 16:09:39,880:INFO:   Eta: 1:39:59
2022-03-29 16:10:13,469:INFO: Train: [59][2784/2785]  Loss -0.2305 (-0.2741)  Time:  0.464 (0.012)  Data Time:  0.004 (0.005)
2022-03-29 16:10:13,470:INFO:   Eta: 1:43:59
2022-03-29 16:10:46,157:INFO: Train: [60][2784/2785]  Loss -0.2930 (-0.2566)  Time:  0.451 (0.012)  Data Time:  0.006 (0.005)
2022-03-29 16:10:46,158:INFO:   Eta: 1:43:27
2022-03-29 16:10:48,151:INFO: Test: [60]  ADE: 2.0436  FDE: 3.3917
2022-03-29 16:11:20,084:INFO: Train: [61][2784/2785]  Loss -0.2939 (-0.2790)  Time:  0.454 (0.011)  Data Time:  0.005 (0.005)
2022-03-29 16:11:20,085:INFO:   Eta: 1:40:33
2022-03-29 16:11:50,633:INFO: Train: [62][2784/2785]  Loss -0.1544 (-0.2785)  Time:  0.419 (0.011)  Data Time:  0.004 (0.004)
2022-03-29 16:11:50,634:INFO:   Eta: 1:35:40
2022-03-29 16:12:20,339:INFO: Train: [63][2784/2785]  Loss -0.0914 (-0.2557)  Time:  0.490 (0.011)  Data Time:  0.004 (0.004)
2022-03-29 16:12:20,341:INFO:   Eta: 1:32:31
2022-03-29 16:12:52,504:INFO: Train: [64][2784/2785]  Loss -0.2564 (-0.2322)  Time:  0.393 (0.012)  Data Time:  0.005 (0.005)
2022-03-29 16:12:52,507:INFO:   Eta: 1:39:34
2022-03-29 16:13:20,842:INFO: Train: [65][2784/2785]  Loss -0.2020 (-0.2885)  Time:  0.424 (0.010)  Data Time:  0.004 (0.004)
2022-03-29 16:13:20,843:INFO:   Eta: 1:27:15
2022-03-29 16:13:49,098:INFO: Train: [66][2784/2785]  Loss -0.2641 (-0.2698)  Time:  0.386 (0.010)  Data Time:  0.004 (0.004)
2022-03-29 16:13:49,099:INFO:   Eta: 1:26:35
2022-03-29 16:14:17,295:INFO: Train: [67][2784/2785]  Loss -0.2453 (-0.2729)  Time:  0.385 (0.010)  Data Time:  0.004 (0.004)
2022-03-29 16:14:17,295:INFO:   Eta: 1:25:57
2022-03-29 16:14:49,479:INFO: Train: [68][2784/2785]  Loss -0.1162 (-0.2728)  Time:  0.453 (0.012)  Data Time:  0.005 (0.005)
2022-03-29 16:14:49,480:INFO:   Eta: 1:37:34
2022-03-29 16:15:22,013:INFO: Train: [69][2784/2785]  Loss -0.2044 (-0.2661)  Time:  0.458 (0.012)  Data Time:  0.004 (0.005)
2022-03-29 16:15:22,015:INFO:   Eta: 1:38:05
2022-03-29 16:15:54,448:INFO: Train: [70][2784/2785]  Loss -0.2784 (-0.2626)  Time:  0.441 (0.012)  Data Time:  0.005 (0.005)
2022-03-29 16:15:54,449:INFO:   Eta: 1:37:14
2022-03-29 16:15:56,563:INFO: Test: [70]  ADE: 2.0261  FDE: 3.3705
2022-03-29 16:16:26,292:INFO: Train: [71][2784/2785]  Loss -0.3373 (-0.2716)  Time:  0.423 (0.011)  Data Time:  0.004 (0.004)
2022-03-29 16:16:26,294:INFO:   Eta: 1:28:39
2022-03-29 16:16:57,100:INFO: Train: [72][2784/2785]  Loss -0.2274 (-0.2548)  Time:  0.469 (0.011)  Data Time:  0.004 (0.004)
2022-03-29 16:16:57,101:INFO:   Eta: 1:31:20
2022-03-29 16:17:29,414:INFO: Train: [73][2784/2785]  Loss -0.1703 (-0.2592)  Time:  0.460 (0.012)  Data Time:  0.004 (0.005)
2022-03-29 16:17:29,415:INFO:   Eta: 1:35:16
2022-03-29 16:18:02,009:INFO: Train: [74][2784/2785]  Loss -0.2392 (-0.2843)  Time:  0.471 (0.012)  Data Time:  0.004 (0.005)
2022-03-29 16:18:02,011:INFO:   Eta: 1:35:33
2022-03-29 16:18:33,055:INFO: Train: [75][2784/2785]  Loss -0.3262 (-0.2574)  Time:  0.414 (0.011)  Data Time:  0.004 (0.004)
2022-03-29 16:18:33,056:INFO:   Eta: 1:30:28
2022-03-29 16:19:02,013:INFO: Train: [76][2784/2785]  Loss -0.2737 (-0.2981)  Time:  0.425 (0.010)  Data Time:  0.003 (0.004)
2022-03-29 16:19:02,014:INFO:   Eta: 1:23:54
2022-03-29 16:19:30,045:INFO: Train: [77][2784/2785]  Loss -0.2172 (-0.2463)  Time:  0.429 (0.010)  Data Time:  0.005 (0.004)
2022-03-29 16:19:30,047:INFO:   Eta: 1:20:45
2022-03-29 16:20:00,401:INFO: Train: [78][2784/2785]  Loss -0.2586 (-0.2758)  Time:  0.417 (0.011)  Data Time:  0.004 (0.004)
2022-03-29 16:20:00,404:INFO:   Eta: 1:26:52
2022-03-29 16:20:32,772:INFO: Train: [79][2784/2785]  Loss -0.2030 (-0.2613)  Time:  0.426 (0.012)  Data Time:  0.004 (0.005)
2022-03-29 16:20:32,773:INFO:   Eta: 1:32:02
2022-03-29 16:21:03,124:INFO: Train: [80][2784/2785]  Loss -0.2461 (-0.3147)  Time:  0.407 (0.011)  Data Time:  0.004 (0.004)
2022-03-29 16:21:03,125:INFO:   Eta: 1:25:57
2022-03-29 16:21:05,136:INFO: Test: [80]  ADE: 2.0201  FDE: 3.4121
2022-03-29 16:21:37,242:INFO: Train: [81][2784/2785]  Loss -0.1930 (-0.2884)  Time:  0.474 (0.012)  Data Time:  0.005 (0.005)
2022-03-29 16:21:37,243:INFO:   Eta: 1:30:23
2022-03-29 16:22:11,188:INFO: Train: [82][2784/2785]  Loss -0.2240 (-0.2674)  Time:  0.460 (0.012)  Data Time:  0.004 (0.005)
2022-03-29 16:22:11,190:INFO:   Eta: 1:34:59
2022-03-29 16:22:44,060:INFO: Train: [83][2784/2785]  Loss -0.1970 (-0.2748)  Time:  0.460 (0.012)  Data Time:  0.008 (0.005)
2022-03-29 16:22:44,062:INFO:   Eta: 1:31:26
2022-03-29 16:23:16,876:INFO: Train: [84][2784/2785]  Loss -0.2121 (-0.2721)  Time:  0.483 (0.012)  Data Time:  0.005 (0.005)
2022-03-29 16:23:16,877:INFO:   Eta: 1:30:44
2022-03-29 16:23:49,516:INFO: Train: [85][2784/2785]  Loss -0.1249 (-0.2626)  Time:  0.405 (0.012)  Data Time:  0.004 (0.005)
2022-03-29 16:23:49,517:INFO:   Eta: 1:29:41
2022-03-29 16:24:17,615:INFO: Train: [86][2784/2785]  Loss -0.0837 (-0.2623)  Time:  0.384 (0.010)  Data Time:  0.003 (0.004)
2022-03-29 16:24:17,616:INFO:   Eta: 1:16:45
2022-03-29 16:24:45,720:INFO: Train: [87][2784/2785]  Loss -0.1918 (-0.2865)  Time:  0.431 (0.010)  Data Time:  0.004 (0.004)
2022-03-29 16:24:45,722:INFO:   Eta: 1:16:18
2022-03-29 16:25:12,077:INFO: Train: [88][2784/2785]  Loss -0.0674 (-0.3003)  Time:  0.384 (0.009)  Data Time:  0.003 (0.003)
2022-03-29 16:25:12,078:INFO:   Eta: 1:11:05
2022-03-29 16:25:41,020:INFO: Train: [89][2784/2785]  Loss -0.1340 (-0.2790)  Time:  0.419 (0.010)  Data Time:  0.004 (0.004)
2022-03-29 16:25:41,022:INFO:   Eta: 1:17:34
2022-03-29 16:26:12,859:INFO: Train: [90][2784/2785]  Loss -0.2013 (-0.2772)  Time:  0.464 (0.011)  Data Time:  0.005 (0.005)
2022-03-29 16:26:12,860:INFO:   Eta: 1:24:51
2022-03-29 16:26:15,008:INFO: Test: [90]  ADE: 2.0780  FDE: 3.4864
2022-03-29 16:26:47,751:INFO: Train: [91][2784/2785]  Loss -0.2895 (-0.2683)  Time:  0.421 (0.012)  Data Time:  0.005 (0.005)
2022-03-29 16:26:47,752:INFO:   Eta: 1:26:44
2022-03-29 16:27:20,306:INFO: Train: [92][2784/2785]  Loss -0.0750 (-0.2196)  Time:  0.457 (0.012)  Data Time:  0.004 (0.005)
2022-03-29 16:27:20,307:INFO:   Eta: 1:25:40
2022-03-29 16:27:53,447:INFO: Train: [93][2784/2785]  Loss -0.3253 (-0.2541)  Time:  0.489 (0.012)  Data Time:  0.005 (0.005)
2022-03-29 16:27:53,448:INFO:   Eta: 1:26:40
2022-03-29 16:28:26,313:INFO: Train: [94][2784/2785]  Loss -0.2177 (-0.2419)  Time:  0.498 (0.012)  Data Time:  0.004 (0.005)
2022-03-29 16:28:26,314:INFO:   Eta: 1:25:24
2022-03-29 16:28:58,644:INFO: Train: [95][2784/2785]  Loss -0.2483 (-0.2513)  Time:  0.473 (0.012)  Data Time:  0.005 (0.005)
2022-03-29 16:28:58,645:INFO:   Eta: 1:23:28
2022-03-29 16:29:29,440:INFO: Train: [96][2784/2785]  Loss -0.2111 (-0.2834)  Time:  0.406 (0.011)  Data Time:  0.004 (0.004)
2022-03-29 16:29:29,441:INFO:   Eta: 1:18:59
2022-03-29 16:29:55,017:INFO: Train: [97][2784/2785]  Loss -0.2734 (-0.2573)  Time:  0.362 (0.009)  Data Time:  0.003 (0.003)
2022-03-29 16:29:55,018:INFO:   Eta: 1:05:10
2022-03-29 16:30:21,190:INFO: Train: [98][2784/2785]  Loss -0.0881 (-0.2921)  Time:  0.365 (0.009)  Data Time:  0.003 (0.003)
2022-03-29 16:30:21,191:INFO:   Eta: 1:06:15
2022-03-29 16:30:49,873:INFO: Train: [99][2784/2785]  Loss -0.2150 (-0.2727)  Time:  0.446 (0.010)  Data Time:  0.003 (0.004)
2022-03-29 16:30:49,874:INFO:   Eta: 1:12:07
2022-03-29 16:31:22,889:INFO: Train: [100][2784/2785]  Loss -0.1277 (-0.2625)  Time:  0.446 (0.012)  Data Time:  0.004 (0.005)
2022-03-29 16:31:22,891:INFO:   Eta: 1:22:29
2022-03-29 16:31:25,060:INFO: Test: [100]  ADE: 2.0521  FDE: 3.3974
2022-03-29 16:31:56,948:INFO: Train: [101][2784/2785]  Loss -0.3003 (-0.2807)  Time:  0.473 (0.011)  Data Time:  0.004 (0.004)
2022-03-29 16:31:56,949:INFO:   Eta: 1:19:09
2022-03-29 16:32:30,028:INFO: Train: [102][2784/2785]  Loss -0.1992 (-0.3123)  Time:  0.506 (0.012)  Data Time:  0.005 (0.005)
2022-03-29 16:32:30,029:INFO:   Eta: 1:21:33
2022-03-29 16:33:01,699:INFO: Train: [103][2784/2785]  Loss -0.2458 (-0.2629)  Time:  0.470 (0.011)  Data Time:  0.005 (0.004)
2022-03-29 16:33:01,700:INFO:   Eta: 1:17:33
2022-03-29 16:33:34,422:INFO: Train: [104][2784/2785]  Loss -0.2307 (-0.2542)  Time:  0.435 (0.012)  Data Time:  0.004 (0.005)
2022-03-29 16:33:34,423:INFO:   Eta: 1:19:34
2022-03-29 16:34:07,101:INFO: Train: [105][2784/2785]  Loss -0.1478 (-0.2771)  Time:  0.390 (0.012)  Data Time:  0.003 (0.005)
2022-03-29 16:34:07,103:INFO:   Eta: 1:18:55
2022-03-29 16:34:35,811:INFO: Train: [106][2784/2785]  Loss -0.1831 (-0.2869)  Time:  0.401 (0.010)  Data Time:  0.003 (0.004)
2022-03-29 16:34:35,812:INFO:   Eta: 1:08:51
2022-03-29 16:35:04,798:INFO: Train: [107][2784/2785]  Loss -0.1119 (-0.2839)  Time:  0.347 (0.010)  Data Time:  0.004 (0.004)
2022-03-29 16:35:04,799:INFO:   Eta: 1:09:02
2022-03-29 16:35:32,522:INFO: Train: [108][2784/2785]  Loss -0.3251 (-0.2893)  Time:  0.378 (0.010)  Data Time:  0.003 (0.004)
2022-03-29 16:35:32,523:INFO:   Eta: 1:05:34
2022-03-29 16:36:00,837:INFO: Train: [109][2784/2785]  Loss -0.3730 (-0.2569)  Time:  0.417 (0.010)  Data Time:  0.004 (0.004)
2022-03-29 16:36:00,839:INFO:   Eta: 1:06:29
2022-03-29 16:36:30,676:INFO: Train: [110][2784/2785]  Loss -0.2417 (-0.2751)  Time:  0.458 (0.011)  Data Time:  0.004 (0.004)
2022-03-29 16:36:30,678:INFO:   Eta: 1:09:32
2022-03-29 16:36:32,648:INFO: Test: [110]  ADE: 2.0580  FDE: 3.4599
2022-03-29 16:37:05,205:INFO: Train: [111][2784/2785]  Loss -0.2727 (-0.2914)  Time:  0.466 (0.012)  Data Time:  0.004 (0.005)
2022-03-29 16:37:05,205:INFO:   Eta: 1:15:23
2022-03-29 16:37:37,824:INFO: Train: [112][2784/2785]  Loss -0.2642 (-0.2704)  Time:  0.471 (0.012)  Data Time:  0.005 (0.005)
2022-03-29 16:37:37,826:INFO:   Eta: 1:14:58
2022-03-29 16:38:10,874:INFO: Train: [113][2784/2785]  Loss -0.2271 (-0.2674)  Time:  0.423 (0.012)  Data Time:  0.005 (0.005)
2022-03-29 16:38:10,875:INFO:   Eta: 1:15:24
2022-03-29 16:38:42,491:INFO: Train: [114][2784/2785]  Loss -0.2724 (-0.2709)  Time:  0.456 (0.011)  Data Time:  0.004 (0.004)
2022-03-29 16:38:42,494:INFO:   Eta: 1:11:37
2022-03-29 16:39:12,015:INFO: Train: [115][2784/2785]  Loss -0.1514 (-0.2597)  Time:  0.460 (0.011)  Data Time:  0.005 (0.004)
2022-03-29 16:39:12,018:INFO:   Eta: 1:06:20
2022-03-29 16:39:42,385:INFO: Train: [116][2784/2785]  Loss -0.1857 (-0.2805)  Time:  0.435 (0.011)  Data Time:  0.004 (0.004)
2022-03-29 16:39:42,386:INFO:   Eta: 1:07:39
2022-03-29 16:40:14,995:INFO: Train: [117][2784/2785]  Loss -0.2107 (-0.2546)  Time:  0.446 (0.012)  Data Time:  0.005 (0.005)
2022-03-29 16:40:14,996:INFO:   Eta: 1:12:14
2022-03-29 16:40:43,690:INFO: Train: [118][2784/2785]  Loss -0.0570 (-0.2362)  Time:  0.396 (0.010)  Data Time:  0.004 (0.004)
2022-03-29 16:40:43,691:INFO:   Eta: 1:03:04
2022-03-29 16:41:12,328:INFO: Train: [119][2784/2785]  Loss -0.1784 (-0.3050)  Time:  0.403 (0.010)  Data Time:  0.004 (0.004)
2022-03-29 16:41:12,329:INFO:   Eta: 1:02:28
2022-03-29 16:41:40,919:INFO: Train: [120][2784/2785]  Loss -0.2797 (-0.2699)  Time:  0.421 (0.010)  Data Time:  0.003 (0.004)
2022-03-29 16:41:40,920:INFO:   Eta: 1:01:54
2022-03-29 16:41:42,927:INFO: Test: [120]  ADE: 2.0171  FDE: 3.3614
2022-03-29 16:42:15,416:INFO: Train: [121][2784/2785]  Loss -0.1567 (-0.2505)  Time:  0.427 (0.012)  Data Time:  0.005 (0.005)
2022-03-29 16:42:15,418:INFO:   Eta: 1:09:49
2022-03-29 16:42:47,940:INFO: Train: [122][2784/2785]  Loss -0.3310 (-0.2997)  Time:  0.505 (0.012)  Data Time:  0.004 (0.005)
2022-03-29 16:42:47,941:INFO:   Eta: 1:09:20
2022-03-29 16:43:18,683:INFO: Train: [123][2784/2785]  Loss -0.1191 (-0.2730)  Time:  0.406 (0.011)  Data Time:  0.004 (0.004)
2022-03-29 16:43:18,684:INFO:   Eta: 1:05:02
2022-03-29 16:43:49,412:INFO: Train: [124][2784/2785]  Loss -0.2043 (-0.2802)  Time:  0.504 (0.011)  Data Time:  0.005 (0.004)
2022-03-29 16:43:49,413:INFO:   Eta: 1:04:29
2022-03-29 16:44:19,666:INFO: Train: [125][2784/2785]  Loss -0.2368 (-0.2638)  Time:  0.498 (0.011)  Data Time:  0.005 (0.004)
2022-03-29 16:44:19,667:INFO:   Eta: 1:02:59
2022-03-29 16:44:51,996:INFO: Train: [126][2784/2785]  Loss -0.2537 (-0.2727)  Time:  0.456 (0.012)  Data Time:  0.005 (0.005)
2022-03-29 16:44:51,997:INFO:   Eta: 1:06:46
2022-03-29 16:45:24,258:INFO: Train: [127][2784/2785]  Loss -0.0627 (-0.2607)  Time:  0.458 (0.012)  Data Time:  0.004 (0.005)
2022-03-29 16:45:24,261:INFO:   Eta: 1:06:06
2022-03-29 16:45:55,110:INFO: Train: [128][2784/2785]  Loss -0.2346 (-0.2988)  Time:  0.406 (0.011)  Data Time:  0.004 (0.004)
2022-03-29 16:45:55,111:INFO:   Eta: 1:02:41
2022-03-29 16:46:23,505:INFO: Train: [129][2784/2785]  Loss -0.2196 (-0.2491)  Time:  0.403 (0.010)  Data Time:  0.004 (0.004)
2022-03-29 16:46:23,507:INFO:   Eta: 0:57:13
2022-03-29 16:46:52,050:INFO: Train: [130][2784/2785]  Loss -0.1673 (-0.2807)  Time:  0.424 (0.010)  Data Time:  0.005 (0.004)
2022-03-29 16:46:52,050:INFO:   Eta: 0:57:02
2022-03-29 16:46:53,899:INFO: Test: [130]  ADE: 1.9607  FDE: 3.2522
2022-03-29 16:47:23,766:INFO: Train: [131][2784/2785]  Loss -0.2573 (-0.2809)  Time:  0.452 (0.011)  Data Time:  0.005 (0.004)
2022-03-29 16:47:23,767:INFO:   Eta: 0:59:12
2022-03-29 16:47:53,158:INFO: Train: [132][2784/2785]  Loss -0.2221 (-0.2872)  Time:  0.426 (0.011)  Data Time:  0.003 (0.004)
2022-03-29 16:47:53,160:INFO:   Eta: 0:57:46
2022-03-29 16:48:24,808:INFO: Train: [133][2784/2785]  Loss -0.1897 (-0.2792)  Time:  0.459 (0.011)  Data Time:  0.005 (0.004)
2022-03-29 16:48:24,810:INFO:   Eta: 1:01:40
2022-03-29 16:48:54,901:INFO: Train: [134][2784/2785]  Loss -0.2011 (-0.2588)  Time:  0.506 (0.011)  Data Time:  0.007 (0.004)
2022-03-29 16:48:54,902:INFO:   Eta: 0:58:08
2022-03-29 16:49:26,807:INFO: Train: [135][2784/2785]  Loss -0.2012 (-0.2900)  Time:  0.449 (0.011)  Data Time:  0.005 (0.004)
2022-03-29 16:49:26,808:INFO:   Eta: 1:01:06
2022-03-29 16:49:59,055:INFO: Train: [136][2784/2785]  Loss -0.2384 (-0.2630)  Time:  0.458 (0.012)  Data Time:  0.005 (0.005)
2022-03-29 16:49:59,057:INFO:   Eta: 1:01:14
2022-03-29 16:50:31,074:INFO: Train: [137][2784/2785]  Loss -0.1901 (-0.2897)  Time:  0.463 (0.011)  Data Time:  0.004 (0.004)
2022-03-29 16:50:31,075:INFO:   Eta: 1:00:15
2022-03-29 16:51:03,587:INFO: Train: [138][2784/2785]  Loss -0.1485 (-0.2747)  Time:  0.445 (0.012)  Data Time:  0.004 (0.005)
2022-03-29 16:51:03,590:INFO:   Eta: 1:00:39
2022-03-29 16:51:32,678:INFO: Train: [139][2784/2785]  Loss -0.2130 (-0.3016)  Time:  0.384 (0.010)  Data Time:  0.004 (0.004)
2022-03-29 16:51:32,680:INFO:   Eta: 0:53:46
2022-03-29 16:52:00,378:INFO: Train: [140][2784/2785]  Loss -0.2036 (-0.2821)  Time:  0.424 (0.010)  Data Time:  0.004 (0.004)
2022-03-29 16:52:00,379:INFO:   Eta: 0:50:43
2022-03-29 16:52:02,472:INFO: Test: [140]  ADE: 2.0483  FDE: 3.4498
2022-03-29 16:52:30,585:INFO: Train: [141][2784/2785]  Loss -0.2149 (-0.2547)  Time:  0.382 (0.010)  Data Time:  0.003 (0.004)
2022-03-29 16:52:30,586:INFO:   Eta: 0:51:03
2022-03-29 16:52:58,845:INFO: Train: [142][2784/2785]  Loss -0.1780 (-0.2588)  Time:  0.415 (0.010)  Data Time:  0.004 (0.004)
2022-03-29 16:52:58,847:INFO:   Eta: 0:50:45
2022-03-29 16:53:30,461:INFO: Train: [143][2784/2785]  Loss -0.1383 (-0.2599)  Time:  0.445 (0.011)  Data Time:  0.003 (0.004)
2022-03-29 16:53:30,462:INFO:   Eta: 0:56:20
2022-03-29 16:54:01,247:INFO: Train: [144][2784/2785]  Loss -0.2490 (-0.2787)  Time:  0.404 (0.011)  Data Time:  0.004 (0.004)
2022-03-29 16:54:01,249:INFO:   Eta: 0:54:21
2022-03-29 16:54:32,644:INFO: Train: [145][2784/2785]  Loss -0.2858 (-0.2762)  Time:  0.500 (0.011)  Data Time:  0.004 (0.004)
2022-03-29 16:54:32,646:INFO:   Eta: 0:54:54
2022-03-29 16:55:05,158:INFO: Train: [146][2784/2785]  Loss -0.2206 (-0.2864)  Time:  0.444 (0.012)  Data Time:  0.004 (0.005)
2022-03-29 16:55:05,160:INFO:   Eta: 0:56:19
2022-03-29 16:55:37,623:INFO: Train: [147][2784/2785]  Loss -0.0493 (-0.2934)  Time:  0.463 (0.012)  Data Time:  0.005 (0.005)
2022-03-29 16:55:37,624:INFO:   Eta: 0:55:41
2022-03-29 16:56:09,701:INFO: Train: [148][2784/2785]  Loss -0.1945 (-0.2784)  Time:  0.458 (0.012)  Data Time:  0.005 (0.005)
2022-03-29 16:56:09,702:INFO:   Eta: 0:54:30
2022-03-29 16:56:41,016:INFO: Train: [149][2784/2785]  Loss -0.1920 (-0.2709)  Time:  0.433 (0.011)  Data Time:  0.004 (0.004)
2022-03-29 16:56:41,017:INFO:   Eta: 0:52:40
2022-03-29 16:57:08,768:INFO: Train: [150][2784/2785]  Loss -0.1786 (-0.2482)  Time:  0.390 (0.010)  Data Time:  0.004 (0.004)
2022-03-29 16:57:08,770:INFO:   Eta: 0:46:12
2022-03-29 16:57:10,788:INFO: Test: [150]  ADE: 2.0515  FDE: 3.3635
2022-03-29 16:57:38,973:INFO: Train: [151][2784/2785]  Loss -0.2819 (-0.2755)  Time:  0.371 (0.010)  Data Time:  0.003 (0.004)
2022-03-29 16:57:38,974:INFO:   Eta: 0:46:29
2022-03-29 16:57:43,673:INFO: Valid: [151][659/660]  Loss -2.0710 (-1.1214)
2022-03-29 16:57:43,681:INFO: Checkpoint saved...
2022-03-29 16:58:08,733:INFO: Train: [152][2784/2785]  Loss -0.3263 (-0.2581)  Time:  0.395 (0.009)  Data Time:  0.003 (0.003)
2022-03-29 16:58:08,734:INFO:   Eta: 0:40:53
2022-03-29 16:58:14,143:INFO: Valid: [152][659/660]  Loss -2.0689 (-1.1206)
2022-03-29 16:58:46,813:INFO: Train: [153][2784/2785]  Loss -0.2318 (-0.2847)  Time:  0.456 (0.012)  Data Time:  0.004 (0.005)
2022-03-29 16:58:46,814:INFO:   Eta: 0:52:47
2022-03-29 16:58:51,954:INFO: Valid: [153][659/660]  Loss -2.0574 (-1.1121)
2022-03-29 16:59:22,335:INFO: Train: [154][2784/2785]  Loss -0.2549 (-0.3024)  Time:  0.403 (0.011)  Data Time:  0.003 (0.004)
2022-03-29 16:59:22,336:INFO:   Eta: 0:48:35
2022-03-29 16:59:27,347:INFO: Valid: [154][659/660]  Loss -2.0689 (-1.1209)
2022-03-29 16:59:59,163:INFO: Train: [155][2784/2785]  Loss -0.2068 (-0.2896)  Time:  0.457 (0.011)  Data Time:  0.006 (0.004)
2022-03-29 16:59:59,163:INFO:   Eta: 0:50:21
2022-03-29 17:00:04,239:INFO: Valid: [155][659/660]  Loss -2.0679 (-1.1204)
2022-03-29 17:00:36,574:INFO: Train: [156][2784/2785]  Loss -0.2970 (-0.2707)  Time:  0.464 (0.012)  Data Time:  0.006 (0.005)
2022-03-29 17:00:36,576:INFO:   Eta: 0:50:37
2022-03-29 17:00:41,808:INFO: Valid: [156][659/660]  Loss -2.0672 (-1.1195)
2022-03-29 17:01:14,549:INFO: Train: [157][2784/2785]  Loss -0.1762 (-0.2706)  Time:  0.462 (0.012)  Data Time:  0.004 (0.005)
2022-03-29 17:01:14,551:INFO:   Eta: 0:50:43
2022-03-29 17:01:19,896:INFO: Valid: [157][659/660]  Loss -2.0727 (-1.1236)
2022-03-29 17:01:19,934:INFO: Checkpoint saved...
2022-03-29 17:01:52,223:INFO: Train: [158][2784/2785]  Loss -0.2418 (-0.3024)  Time:  0.476 (0.012)  Data Time:  0.005 (0.005)
2022-03-29 17:01:52,225:INFO:   Eta: 0:49:29
2022-03-29 17:01:57,402:INFO: Valid: [158][659/660]  Loss -2.0581 (-1.1135)
2022-03-29 17:02:26,464:INFO: Train: [159][2784/2785]  Loss -0.2487 (-0.2880)  Time:  0.417 (0.010)  Data Time:  0.003 (0.004)
2022-03-29 17:02:26,464:INFO:   Eta: 0:44:03
2022-03-29 17:02:31,453:INFO: Valid: [159][659/660]  Loss -2.0645 (-1.1176)
2022-03-29 17:02:58,633:INFO: Train: [160][2784/2785]  Loss -0.1625 (-0.2657)  Time:  0.337 (0.010)  Data Time:  0.003 (0.004)
2022-03-29 17:02:58,634:INFO:   Eta: 0:40:45
2022-03-29 17:03:03,338:INFO: Valid: [160][659/660]  Loss -2.0617 (-1.1155)
2022-03-29 17:03:05,097:INFO: Test: [160]  ADE: 2.0553  FDE: 3.4421
2022-03-29 17:03:31,460:INFO: Train: [161][2784/2785]  Loss -0.2475 (-0.2719)  Time:  0.395 (0.009)  Data Time:  0.005 (0.003)
2022-03-29 17:03:31,461:INFO:   Eta: 0:39:05
2022-03-29 17:03:36,590:INFO: Valid: [161][659/660]  Loss -2.0606 (-1.1149)
2022-03-29 17:04:08,847:INFO: Train: [162][2784/2785]  Loss -0.1635 (-0.2725)  Time:  0.444 (0.012)  Data Time:  0.005 (0.005)
2022-03-29 17:04:08,848:INFO:   Eta: 0:47:17
2022-03-29 17:04:14,146:INFO: Valid: [162][659/660]  Loss -2.0726 (-1.1231)
2022-03-29 17:04:45,071:INFO: Train: [163][2784/2785]  Loss -0.2556 (-0.2493)  Time:  0.410 (0.011)  Data Time:  0.004 (0.004)
2022-03-29 17:04:45,071:INFO:   Eta: 0:43:49
2022-03-29 17:04:50,152:INFO: Valid: [163][659/660]  Loss -2.0657 (-1.1179)
2022-03-29 17:05:22,377:INFO: Train: [164][2784/2785]  Loss -0.2180 (-0.2648)  Time:  0.446 (0.012)  Data Time:  0.006 (0.005)
2022-03-29 17:05:22,378:INFO:   Eta: 0:46:10
2022-03-29 17:05:27,690:INFO: Valid: [164][659/660]  Loss -2.0506 (-1.1074)
2022-03-29 17:05:59,333:INFO: Train: [165][2784/2785]  Loss -0.2968 (-0.2947)  Time:  0.452 (0.011)  Data Time:  0.004 (0.004)
2022-03-29 17:05:59,334:INFO:   Eta: 0:44:48
2022-03-29 17:06:04,513:INFO: Valid: [165][659/660]  Loss -2.0678 (-1.1203)
2022-03-29 17:06:36,618:INFO: Train: [166][2784/2785]  Loss -0.1200 (-0.2532)  Time:  0.429 (0.012)  Data Time:  0.005 (0.005)
2022-03-29 17:06:36,620:INFO:   Eta: 0:44:55
2022-03-29 17:06:41,683:INFO: Valid: [166][659/660]  Loss -2.0730 (-1.1243)
2022-03-29 17:06:41,694:INFO: Checkpoint saved...
2022-03-29 17:07:13,786:INFO: Train: [167][2784/2785]  Loss -0.2561 (-0.2588)  Time:  0.429 (0.012)  Data Time:  0.005 (0.005)
2022-03-29 17:07:13,787:INFO:   Eta: 0:44:22
2022-03-29 17:07:18,827:INFO: Valid: [167][659/660]  Loss -2.0726 (-1.1245)
2022-03-29 17:07:51,085:INFO: Train: [168][2784/2785]  Loss -0.3232 (-0.2722)  Time:  0.428 (0.012)  Data Time:  0.003 (0.005)
2022-03-29 17:07:51,087:INFO:   Eta: 0:44:03
2022-03-29 17:07:56,277:INFO: Valid: [168][659/660]  Loss -2.0666 (-1.1203)
2022-03-29 17:08:24,580:INFO: Train: [169][2784/2785]  Loss -0.1890 (-0.2778)  Time:  0.382 (0.010)  Data Time:  0.002 (0.004)
2022-03-29 17:08:24,581:INFO:   Eta: 0:38:11
2022-03-29 17:08:30,025:INFO: Valid: [169][659/660]  Loss -2.0625 (-1.1165)
2022-03-29 17:08:57,727:INFO: Train: [170][2784/2785]  Loss -0.1583 (-0.2707)  Time:  0.402 (0.010)  Data Time:  0.004 (0.004)
2022-03-29 17:08:57,728:INFO:   Eta: 0:36:54
2022-03-29 17:09:02,726:INFO: Valid: [170][659/660]  Loss -2.0694 (-1.1213)
2022-03-29 17:09:04,745:INFO: Test: [170]  ADE: 2.0181  FDE: 3.3587
2022-03-29 17:09:32,653:INFO: Train: [171][2784/2785]  Loss -0.1958 (-0.3066)  Time:  0.416 (0.010)  Data Time:  0.004 (0.004)
2022-03-29 17:09:32,656:INFO:   Eta: 0:36:43
2022-03-29 17:09:37,546:INFO: Valid: [171][659/660]  Loss -2.0671 (-1.1196)
2022-03-29 17:10:06,290:INFO: Train: [172][2784/2785]  Loss -0.1694 (-0.2788)  Time:  0.468 (0.010)  Data Time:  0.004 (0.004)
2022-03-29 17:10:06,292:INFO:   Eta: 0:37:21
2022-03-29 17:10:11,514:INFO: Valid: [172][659/660]  Loss -2.0635 (-1.1166)
2022-03-29 17:10:41,676:INFO: Train: [173][2784/2785]  Loss -0.1819 (-0.2379)  Time:  0.441 (0.011)  Data Time:  0.005 (0.004)
2022-03-29 17:10:41,813:INFO:   Eta: 0:37:44
2022-03-29 17:10:47,740:INFO: Valid: [173][659/660]  Loss -2.0664 (-1.1194)
2022-03-29 17:11:22,297:INFO: Train: [174][2784/2785]  Loss -0.2990 (-0.2681)  Time:  0.470 (0.012)  Data Time:  0.004 (0.004)
2022-03-29 17:11:22,298:INFO:   Eta: 0:41:59
2022-03-29 17:11:27,520:INFO: Valid: [174][659/660]  Loss -2.0714 (-1.1231)
2022-03-29 17:11:59,812:INFO: Train: [175][2784/2785]  Loss -0.0678 (-0.3005)  Time:  0.462 (0.012)  Data Time:  0.005 (0.005)
2022-03-29 17:11:59,813:INFO:   Eta: 0:40:19
2022-03-29 17:12:05,035:INFO: Valid: [175][659/660]  Loss -2.0687 (-1.1208)
2022-03-29 17:12:37,259:INFO: Train: [176][2784/2785]  Loss -0.2251 (-0.2700)  Time:  0.435 (0.012)  Data Time:  0.004 (0.005)
2022-03-29 17:12:37,261:INFO:   Eta: 0:39:43
2022-03-29 17:12:42,438:INFO: Valid: [176][659/660]  Loss -2.0724 (-1.1235)
2022-03-29 17:13:14,117:INFO: Train: [177][2784/2785]  Loss -0.2502 (-0.2701)  Time:  0.430 (0.011)  Data Time:  0.004 (0.004)
2022-03-29 17:13:14,118:INFO:   Eta: 0:38:31
2022-03-29 17:13:19,098:INFO: Valid: [177][659/660]  Loss -2.0644 (-1.1180)
2022-03-29 17:13:48,852:INFO: Train: [178][2784/2785]  Loss -0.2506 (-0.2654)  Time:  0.465 (0.011)  Data Time:  0.003 (0.004)
2022-03-29 17:13:48,854:INFO:   Eta: 0:35:39
2022-03-29 17:13:54,043:INFO: Valid: [178][659/660]  Loss -2.0522 (-1.1096)
2022-03-29 17:14:26,015:INFO: Train: [179][2784/2785]  Loss -0.2039 (-0.2647)  Time:  0.432 (0.011)  Data Time:  0.005 (0.004)
2022-03-29 17:14:26,015:INFO:   Eta: 0:37:48
2022-03-29 17:14:31,242:INFO: Valid: [179][659/660]  Loss -2.0717 (-1.1243)
2022-03-29 17:14:59,414:INFO: Train: [180][2784/2785]  Loss -0.3386 (-0.3097)  Time:  0.397 (0.010)  Data Time:  0.004 (0.004)
2022-03-29 17:14:59,415:INFO:   Eta: 0:32:51
2022-03-29 17:15:04,320:INFO: Valid: [180][659/660]  Loss -2.0659 (-1.1204)
2022-03-29 17:15:06,210:INFO: Test: [180]  ADE: 2.0112  FDE: 3.3705
2022-03-29 17:15:32,868:INFO: Train: [181][2784/2785]  Loss -0.1842 (-0.2917)  Time:  0.406 (0.010)  Data Time:  0.004 (0.003)
2022-03-29 17:15:32,869:INFO:   Eta: 0:30:38
2022-03-29 17:15:37,648:INFO: Valid: [181][659/660]  Loss -2.0419 (-1.1028)
2022-03-29 17:16:06,782:INFO: Train: [182][2784/2785]  Loss -0.1716 (-0.3021)  Time:  0.470 (0.010)  Data Time:  0.005 (0.004)
2022-03-29 17:16:06,783:INFO:   Eta: 0:33:00
2022-03-29 17:16:11,915:INFO: Valid: [182][659/660]  Loss -2.0667 (-1.1203)
2022-03-29 17:16:43,454:INFO: Train: [183][2784/2785]  Loss -0.3396 (-0.2851)  Time:  0.445 (0.011)  Data Time:  0.005 (0.004)
2022-03-29 17:16:43,589:INFO:   Eta: 0:35:12
2022-03-29 17:16:48,608:INFO: Valid: [183][659/660]  Loss -2.0639 (-1.1180)
2022-03-29 17:17:21,446:INFO: Train: [184][2784/2785]  Loss -0.2964 (-0.2960)  Time:  0.458 (0.011)  Data Time:  0.004 (0.004)
2022-03-29 17:17:21,448:INFO:   Eta: 0:34:47
2022-03-29 17:17:26,600:INFO: Valid: [184][659/660]  Loss -2.0666 (-1.1196)
2022-03-29 17:17:58,401:INFO: Train: [185][2784/2785]  Loss -0.2547 (-0.2703)  Time:  0.441 (0.011)  Data Time:  0.005 (0.004)
2022-03-29 17:17:58,401:INFO:   Eta: 0:34:26
2022-03-29 17:18:03,422:INFO: Valid: [185][659/660]  Loss -2.0662 (-1.1193)
2022-03-29 17:18:34,035:INFO: Train: [186][2784/2785]  Loss -0.2970 (-0.2944)  Time:  0.489 (0.011)  Data Time:  0.004 (0.004)
2022-03-29 17:18:34,037:INFO:   Eta: 0:32:38
2022-03-29 17:18:38,945:INFO: Valid: [186][659/660]  Loss -2.0672 (-1.1204)
2022-03-29 17:19:10,048:INFO: Train: [187][2784/2785]  Loss -0.2339 (-0.2469)  Time:  0.458 (0.011)  Data Time:  0.004 (0.004)
2022-03-29 17:19:10,050:INFO:   Eta: 0:32:38
2022-03-29 17:19:15,155:INFO: Valid: [187][659/660]  Loss -2.0634 (-1.1167)
2022-03-29 17:19:47,363:INFO: Train: [188][2784/2785]  Loss -0.3153 (-0.2634)  Time:  0.477 (0.012)  Data Time:  0.005 (0.004)
2022-03-29 17:19:47,365:INFO:   Eta: 0:33:16
2022-03-29 17:19:52,702:INFO: Valid: [188][659/660]  Loss -2.0672 (-1.1193)
2022-03-29 17:20:25,253:INFO: Train: [189][2784/2785]  Loss -0.2216 (-0.3111)  Time:  0.464 (0.012)  Data Time:  0.005 (0.004)
2022-03-29 17:20:25,254:INFO:   Eta: 0:33:04
2022-03-29 17:20:30,620:INFO: Valid: [189][659/660]  Loss -2.0670 (-1.1196)
2022-03-29 17:20:59,265:INFO: Train: [190][2784/2785]  Loss -0.2788 (-0.2719)  Time:  0.439 (0.010)  Data Time:  0.004 (0.004)
2022-03-29 17:20:59,269:INFO:   Eta: 0:28:37
2022-03-29 17:21:04,296:INFO: Valid: [190][659/660]  Loss -2.0686 (-1.1208)
2022-03-29 17:21:06,263:INFO: Test: [190]  ADE: 1.9978  FDE: 3.3646
2022-03-29 17:21:35,625:INFO: Train: [191][2784/2785]  Loss -0.2274 (-0.2860)  Time:  0.432 (0.011)  Data Time:  0.004 (0.004)
2022-03-29 17:21:35,626:INFO:   Eta: 0:28:51
2022-03-29 17:21:40,602:INFO: Valid: [191][659/660]  Loss -2.0529 (-1.1091)
2022-03-29 17:22:09,423:INFO: Train: [192][2784/2785]  Loss -0.1858 (-0.2565)  Time:  0.460 (0.010)  Data Time:  0.004 (0.003)
2022-03-29 17:22:09,425:INFO:   Eta: 0:27:50
2022-03-29 17:22:14,487:INFO: Valid: [192][659/660]  Loss -2.0732 (-1.1230)
2022-03-29 17:22:14,497:INFO: Checkpoint saved...
2022-03-29 17:22:48,078:INFO: Train: [193][2784/2785]  Loss -0.2385 (-0.2657)  Time:  0.500 (0.012)  Data Time:  0.004 (0.004)
2022-03-29 17:22:48,080:INFO:   Eta: 0:31:53
2022-03-29 17:22:53,326:INFO: Valid: [193][659/660]  Loss -2.0674 (-1.1193)
2022-03-29 17:23:26,356:INFO: Train: [194][2784/2785]  Loss -0.0914 (-0.2590)  Time:  0.416 (0.012)  Data Time:  0.004 (0.004)
2022-03-29 17:23:26,358:INFO:   Eta: 0:29:56
2022-03-29 17:23:31,620:INFO: Valid: [194][659/660]  Loss -2.0595 (-1.1143)
2022-03-29 17:24:01,786:INFO: Train: [195][2784/2785]  Loss -0.0815 (-0.2754)  Time:  0.444 (0.011)  Data Time:  0.004 (0.004)
2022-03-29 17:24:01,788:INFO:   Eta: 0:27:38
2022-03-29 17:24:06,929:INFO: Valid: [195][659/660]  Loss -2.0654 (-1.1186)
2022-03-29 17:24:39,951:INFO: Train: [196][2784/2785]  Loss -0.2618 (-0.2533)  Time:  0.462 (0.012)  Data Time:  0.005 (0.005)
2022-03-29 17:24:39,953:INFO:   Eta: 0:29:42
2022-03-29 17:24:45,167:INFO: Valid: [196][659/660]  Loss -2.0713 (-1.1228)
2022-03-29 17:25:18,459:INFO: Train: [197][2784/2785]  Loss -0.2291 (-0.3052)  Time:  0.509 (0.012)  Data Time:  0.006 (0.005)
2022-03-29 17:25:18,460:INFO:   Eta: 0:29:23
2022-03-29 17:25:23,709:INFO: Valid: [197][659/660]  Loss -2.0789 (-1.1284)
2022-03-29 17:25:23,724:INFO: Checkpoint saved...
2022-03-29 17:25:57,533:INFO: Train: [198][2784/2785]  Loss -0.1969 (-0.2942)  Time:  0.458 (0.012)  Data Time:  0.005 (0.005)
2022-03-29 17:25:57,534:INFO:   Eta: 0:29:17
2022-03-29 17:26:02,267:INFO: Valid: [198][659/660]  Loss -2.0525 (-1.1100)
2022-03-29 17:26:34,966:INFO: Train: [199][2784/2785]  Loss -0.2738 (-0.2580)  Time:  0.458 (0.012)  Data Time:  0.003 (0.004)
2022-03-29 17:26:34,970:INFO:   Eta: 0:27:44
2022-03-29 17:26:40,102:INFO: Valid: [199][659/660]  Loss -2.0629 (-1.1179)
2022-03-29 17:27:12,726:INFO: Train: [200][2784/2785]  Loss -0.2820 (-0.2766)  Time:  0.449 (0.012)  Data Time:  0.004 (0.004)
2022-03-29 17:27:12,728:INFO:   Eta: 0:27:10
2022-03-29 17:27:17,442:INFO: Valid: [200][659/660]  Loss -2.0722 (-1.1242)
2022-03-29 17:27:19,316:INFO: Test: [200]  ADE: 2.0265  FDE: 3.4074
2022-03-29 17:27:48,188:INFO: Train: [201][2784/2785]  Loss -0.1493 (-0.2848)  Time:  0.368 (0.010)  Data Time:  0.002 (0.003)
2022-03-29 17:27:48,190:INFO:   Eta: 0:23:34
2022-03-29 17:27:52,631:INFO: Valid: [201][659/660]  Loss -2.0543 (-1.1110)
2022-03-29 17:28:22,003:INFO: Train: [202][2784/2785]  Loss -0.2097 (-0.2708)  Time:  0.421 (0.010)  Data Time:  0.005 (0.003)
2022-03-29 17:28:22,004:INFO:   Eta: 0:22:51
2022-03-29 17:28:27,009:INFO: Valid: [202][659/660]  Loss -2.0537 (-1.1105)
2022-03-29 17:28:57,567:INFO: Train: [203][2784/2785]  Loss -0.1433 (-0.2449)  Time:  0.448 (0.011)  Data Time:  0.004 (0.004)
2022-03-29 17:28:57,610:INFO:   Eta: 0:23:55
2022-03-29 17:29:02,426:INFO: Valid: [203][659/660]  Loss -2.0630 (-1.1172)
2022-03-29 17:29:33,773:INFO: Train: [204][2784/2785]  Loss -0.2492 (-0.2964)  Time:  0.360 (0.011)  Data Time:  0.003 (0.004)
2022-03-29 17:29:35,101:INFO:   Eta: 0:24:01
2022-03-29 17:29:39,701:INFO: Valid: [204][659/660]  Loss -2.0680 (-1.1209)
2022-03-29 17:30:13,970:INFO: Train: [205][2784/2785]  Loss -0.2076 (-0.2677)  Time:  0.488 (0.010)  Data Time:  0.003 (0.003)
2022-03-29 17:30:14,080:INFO:   Eta: 0:20:28
2022-03-29 17:30:21,518:INFO: Valid: [205][659/660]  Loss -2.0777 (-1.1280)
2022-03-29 17:30:55,184:INFO: Train: [206][2784/2785]  Loss -0.3011 (-0.2606)  Time:  0.485 (0.011)  Data Time:  0.004 (0.004)
2022-03-29 17:30:55,185:INFO:   Eta: 0:23:20
2022-03-29 17:31:00,312:INFO: Valid: [206][659/660]  Loss -2.0774 (-1.1274)
2022-03-29 17:31:33,683:INFO: Train: [207][2784/2785]  Loss -0.2580 (-0.2942)  Time:  0.471 (0.012)  Data Time:  0.005 (0.004)
2022-03-29 17:31:33,685:INFO:   Eta: 0:23:54
2022-03-29 17:31:38,535:INFO: Valid: [207][659/660]  Loss -2.0783 (-1.1278)
2022-03-29 17:32:10,686:INFO: Train: [208][2784/2785]  Loss -0.2535 (-0.2869)  Time:  0.504 (0.012)  Data Time:  0.004 (0.004)
2022-03-29 17:32:10,687:INFO:   Eta: 0:22:29
2022-03-29 17:32:15,928:INFO: Valid: [208][659/660]  Loss -2.0677 (-1.1197)
2022-03-29 17:32:49,298:INFO: Train: [209][2784/2785]  Loss -0.2346 (-0.2623)  Time:  0.464 (0.012)  Data Time:  0.004 (0.004)
2022-03-29 17:32:49,325:INFO:   Eta: 0:22:39
2022-03-29 17:32:54,581:INFO: Valid: [209][659/660]  Loss -2.0712 (-1.1226)
2022-03-29 17:33:28,081:INFO: Train: [210][2784/2785]  Loss -0.2997 (-0.2635)  Time:  0.484 (0.012)  Data Time:  0.004 (0.004)
2022-03-29 17:33:28,132:INFO:   Eta: 0:22:01
2022-03-29 17:33:33,127:INFO: Valid: [210][659/660]  Loss -2.0698 (-1.1215)
2022-03-29 17:33:35,125:INFO: Test: [210]  ADE: 2.0298  FDE: 3.4067
2022-03-29 17:34:03,724:INFO: Train: [211][2784/2785]  Loss -0.2132 (-0.2472)  Time:  0.428 (0.010)  Data Time:  0.003 (0.003)
2022-03-29 17:34:03,725:INFO:   Eta: 0:18:34
2022-03-29 17:34:08,402:INFO: Valid: [211][659/660]  Loss -2.0633 (-1.1167)
2022-03-29 17:34:35,860:INFO: Train: [212][2784/2785]  Loss -0.3176 (-0.2825)  Time:  0.388 (0.010)  Data Time:  0.003 (0.003)
2022-03-29 17:34:35,983:INFO:   Eta: 0:17:22
2022-03-29 17:34:41,072:INFO: Valid: [212][659/660]  Loss -2.0714 (-1.1224)
2022-03-29 17:35:10,520:INFO: Train: [213][2784/2785]  Loss -0.0915 (-0.2726)  Time:  0.471 (0.011)  Data Time:  0.004 (0.004)
2022-03-29 17:35:10,654:INFO:   Eta: 0:18:08
2022-03-29 17:35:15,904:INFO: Valid: [213][659/660]  Loss -2.0695 (-1.1207)
2022-03-29 17:35:49,691:INFO: Train: [214][2784/2785]  Loss -0.1409 (-0.2759)  Time:  0.454 (0.012)  Data Time:  0.004 (0.004)
2022-03-29 17:35:49,790:INFO:   Eta: 0:20:00
2022-03-29 17:35:54,972:INFO: Valid: [214][659/660]  Loss -2.0774 (-1.1269)
2022-03-29 17:36:28,664:INFO: Train: [215][2784/2785]  Loss -0.1954 (-0.2675)  Time:  0.399 (0.012)  Data Time:  0.003 (0.004)
2022-03-29 17:36:28,778:INFO:   Eta: 0:19:34
2022-03-29 17:36:33,993:INFO: Valid: [215][659/660]  Loss -2.0635 (-1.1164)
2022-03-29 17:37:06,193:INFO: Train: [216][2784/2785]  Loss -0.1387 (-0.3012)  Time:  0.410 (0.010)  Data Time:  0.003 (0.004)
2022-03-29 17:37:07,037:INFO:   Eta: 0:16:28
2022-03-29 17:37:12,671:INFO: Valid: [216][659/660]  Loss -2.0722 (-1.1227)
2022-03-29 17:37:45,317:INFO: Train: [217][2784/2785]  Loss -0.2928 (-0.2729)  Time:  0.483 (0.012)  Data Time:  0.005 (0.004)
2022-03-29 17:37:45,319:INFO:   Eta: 0:17:49
2022-03-29 17:37:50,327:INFO: Valid: [217][659/660]  Loss -2.0715 (-1.1227)
2022-03-29 17:38:23,237:INFO: Train: [218][2784/2785]  Loss -0.1895 (-0.2985)  Time:  0.489 (0.012)  Data Time:  0.004 (0.004)
2022-03-29 17:38:23,240:INFO:   Eta: 0:17:32
2022-03-29 17:38:28,374:INFO: Valid: [218][659/660]  Loss -2.0698 (-1.1215)
2022-03-29 17:39:01,765:INFO: Train: [219][2784/2785]  Loss -0.2756 (-0.2622)  Time:  0.466 (0.012)  Data Time:  0.004 (0.005)
2022-03-29 17:39:01,766:INFO:   Eta: 0:17:14
2022-03-29 17:39:06,956:INFO: Valid: [219][659/660]  Loss -2.0764 (-1.1259)
2022-03-29 17:39:37,511:INFO: Train: [220][2784/2785]  Loss -0.2887 (-0.2591)  Time:  0.411 (0.011)  Data Time:  0.004 (0.004)
2022-03-29 17:39:37,513:INFO:   Eta: 0:15:16
2022-03-29 17:39:42,338:INFO: Valid: [220][659/660]  Loss -2.0715 (-1.1229)
2022-03-29 17:39:44,172:INFO: Test: [220]  ADE: 2.0374  FDE: 3.4164
2022-03-29 17:40:09,733:INFO: Train: [221][2784/2785]  Loss -0.1416 (-0.2786)  Time:  0.358 (0.009)  Data Time:  0.003 (0.003)
2022-03-29 17:40:09,737:INFO:   Eta: 0:12:20
2022-03-29 17:40:14,836:INFO: Valid: [221][659/660]  Loss -2.0810 (-1.1294)
2022-03-29 17:40:14,878:INFO: Checkpoint saved...
2022-03-29 17:40:39,786:INFO: Train: [222][2784/2785]  Loss -0.2018 (-0.2739)  Time:  0.356 (0.009)  Data Time:  0.003 (0.003)
2022-03-29 17:40:39,787:INFO:   Eta: 0:11:36
2022-03-29 17:40:44,216:INFO: Valid: [222][659/660]  Loss -2.0832 (-1.1304)
2022-03-29 17:40:44,234:INFO: Checkpoint saved...
2022-03-29 17:41:08,962:INFO: Train: [223][2784/2785]  Loss -0.2387 (-0.2852)  Time:  0.406 (0.009)  Data Time:  0.002 (0.003)
2022-03-29 17:41:08,963:INFO:   Eta: 0:11:07
2022-03-29 17:41:13,824:INFO: Valid: [223][659/660]  Loss -2.0674 (-1.1190)
2022-03-29 17:41:41,147:INFO: Train: [224][2784/2785]  Loss -0.0633 (-0.2805)  Time:  0.383 (0.010)  Data Time:  0.002 (0.003)
2022-03-29 17:41:41,148:INFO:   Eta: 0:11:50
2022-03-29 17:41:45,946:INFO: Valid: [224][659/660]  Loss -2.0678 (-1.1197)
2022-03-29 17:42:10,561:INFO: Train: [225][2784/2785]  Loss -0.1489 (-0.2895)  Time:  0.425 (0.009)  Data Time:  0.001 (0.002)
2022-03-29 17:42:10,562:INFO:   Eta: 0:10:14
2022-03-29 17:42:15,360:INFO: Valid: [225][659/660]  Loss -2.0728 (-1.1238)
2022-03-29 17:42:39,795:INFO: Train: [226][2784/2785]  Loss -0.2911 (-0.2610)  Time:  0.364 (0.009)  Data Time:  0.002 (0.002)
2022-03-29 17:42:39,796:INFO:   Eta: 0:09:46
2022-03-29 17:42:44,644:INFO: Valid: [226][659/660]  Loss -2.0703 (-1.1218)
2022-03-29 17:43:08,332:INFO: Train: [227][2784/2785]  Loss -0.2144 (-0.2836)  Time:  0.360 (0.009)  Data Time:  0.003 (0.002)
2022-03-29 17:43:08,334:INFO:   Eta: 0:09:04
2022-03-29 17:43:13,269:INFO: Valid: [227][659/660]  Loss -2.0765 (-1.1260)
2022-03-29 17:43:37,019:INFO: Train: [228][2784/2785]  Loss -0.1779 (-0.2511)  Time:  0.342 (0.009)  Data Time:  0.002 (0.002)
2022-03-29 17:43:37,035:INFO:   Eta: 0:08:42
2022-03-29 17:43:41,051:INFO: Valid: [228][659/660]  Loss -2.0757 (-1.1249)
2022-03-29 17:44:01,979:INFO: Train: [229][2784/2785]  Loss -0.2386 (-0.2791)  Time:  0.300 (0.007)  Data Time:  0.001 (0.002)
2022-03-29 17:44:02,207:INFO:   Eta: 0:07:05
2022-03-29 17:44:07,078:INFO: Valid: [229][659/660]  Loss -2.0728 (-1.1231)
2022-03-29 17:44:32,404:INFO: Train: [230][2784/2785]  Loss -0.2029 (-0.2863)  Time:  0.393 (0.009)  Data Time:  0.002 (0.002)
2022-03-29 17:44:32,411:INFO:   Eta: 0:08:03
2022-03-29 17:44:37,317:INFO: Valid: [230][659/660]  Loss -2.0729 (-1.1232)
2022-03-29 17:44:39,123:INFO: Test: [230]  ADE: 2.0233  FDE: 3.4302
2022-03-29 17:45:03,097:INFO: Train: [231][2784/2785]  Loss -0.2785 (-0.2509)  Time:  0.364 (0.009)  Data Time:  0.002 (0.002)
2022-03-29 17:45:03,099:INFO:   Eta: 0:07:35
2022-03-29 17:45:07,059:INFO: Valid: [231][659/660]  Loss -2.0757 (-1.1243)
2022-03-29 17:45:28,254:INFO: Train: [232][2784/2785]  Loss -0.1825 (-0.2774)  Time:  0.377 (0.008)  Data Time:  0.002 (0.001)
2022-03-29 17:45:28,256:INFO:   Eta: 0:06:21
2022-03-29 17:45:33,138:INFO: Valid: [232][659/660]  Loss -2.0593 (-1.1132)
2022-03-29 17:45:53,587:INFO: Train: [233][2784/2785]  Loss -0.3971 (-0.2891)  Time:  0.338 (0.007)  Data Time:  0.000 (0.001)
2022-03-29 17:45:53,588:INFO:   Eta: 0:05:47
2022-03-29 17:45:57,247:INFO: Valid: [233][659/660]  Loss -2.0759 (-1.1248)
2022-03-29 17:46:17,935:INFO: Train: [234][2784/2785]  Loss -0.2576 (-0.2941)  Time:  0.312 (0.007)  Data Time:  0.002 (0.001)
2022-03-29 17:46:17,936:INFO:   Eta: 0:05:30
2022-03-29 17:46:22,478:INFO: Valid: [234][659/660]  Loss -2.0706 (-1.1209)
2022-03-29 17:46:46,120:INFO: Train: [235][2784/2785]  Loss -0.1229 (-0.2528)  Time:  0.374 (0.008)  Data Time:  0.003 (0.002)
2022-03-29 17:46:46,121:INFO:   Eta: 0:05:54
2022-03-29 17:46:49,990:INFO: Valid: [235][659/660]  Loss -2.0705 (-1.1212)
2022-03-29 17:47:14,523:INFO: Train: [236][2784/2785]  Loss -0.2963 (-0.2658)  Time:  0.374 (0.009)  Data Time:  0.003 (0.002)
2022-03-29 17:47:14,524:INFO:   Eta: 0:05:43
2022-03-29 17:47:18,868:INFO: Valid: [236][659/660]  Loss -2.0655 (-1.1172)
2022-03-29 17:47:42,961:INFO: Train: [237][2784/2785]  Loss -0.0810 (-0.2618)  Time:  0.369 (0.009)  Data Time:  0.003 (0.002)
2022-03-29 17:47:42,962:INFO:   Eta: 0:05:13
2022-03-29 17:47:46,818:INFO: Valid: [237][659/660]  Loss -2.0761 (-1.1254)
2022-03-29 17:48:11,134:INFO: Train: [238][2784/2785]  Loss -0.2654 (-0.2973)  Time:  0.375 (0.009)  Data Time:  0.002 (0.002)
2022-03-29 17:48:11,135:INFO:   Eta: 0:04:51
2022-03-29 17:48:14,990:INFO: Valid: [238][659/660]  Loss -2.0726 (-1.1228)
2022-03-29 17:48:35,931:INFO: Train: [239][2784/2785]  Loss -0.0199 (-0.2581)  Time:  0.365 (0.008)  Data Time:  0.002 (0.001)
2022-03-29 17:48:35,932:INFO:   Eta: 0:03:50
2022-03-29 17:48:39,767:INFO: Valid: [239][659/660]  Loss -2.0508 (-1.1076)
2022-03-29 17:49:00,479:INFO: Train: [240][2784/2785]  Loss -0.2224 (-0.2701)  Time:  0.304 (0.007)  Data Time:  0.001 (0.001)
2022-03-29 17:49:00,577:INFO:   Eta: 0:03:26
2022-03-29 17:49:05,681:INFO: Valid: [240][659/660]  Loss -2.0574 (-1.1120)
2022-03-29 17:49:07,509:INFO: Test: [240]  ADE: 2.0289  FDE: 3.3891
2022-03-29 17:49:26,911:INFO: Train: [241][2784/2785]  Loss -0.3185 (-0.2934)  Time:  0.376 (0.007)  Data Time:  0.001 (0.001)
2022-03-29 17:49:26,912:INFO:   Eta: 0:02:52
2022-03-29 17:49:32,408:INFO: Valid: [241][659/660]  Loss -2.0800 (-1.1283)
2022-03-29 17:49:51,618:INFO: Train: [242][2784/2785]  Loss -0.3389 (-0.2777)  Time:  0.305 (0.007)  Data Time:  0.000 (0.001)
2022-03-29 17:49:51,620:INFO:   Eta: 0:02:33
2022-03-29 17:49:55,467:INFO: Valid: [242][659/660]  Loss -2.0638 (-1.1169)
2022-03-29 17:50:11,931:INFO: Train: [243][2784/2785]  Loss -0.0854 (-0.2570)  Time:  0.294 (0.006)  Data Time:  0.000 (0.000)
2022-03-29 17:50:11,933:INFO:   Eta: 0:01:55
2022-03-29 17:50:15,905:INFO: Valid: [243][659/660]  Loss -2.0606 (-1.1153)
2022-03-29 17:50:31,751:INFO: Train: [244][2784/2785]  Loss -0.2657 (-0.2684)  Time:  0.290 (0.006)  Data Time:  0.000 (0.000)
2022-03-29 17:50:31,753:INFO:   Eta: 0:01:34
2022-03-29 17:50:36,184:INFO: Valid: [244][659/660]  Loss -2.0764 (-1.1258)
2022-03-29 17:50:52,763:INFO: Train: [245][2784/2785]  Loss -0.2067 (-0.2810)  Time:  0.283 (0.006)  Data Time:  0.000 (0.000)
2022-03-29 17:50:52,764:INFO:   Eta: 0:01:22
2022-03-29 17:50:56,990:INFO: Valid: [245][659/660]  Loss -2.0746 (-1.1250)
2022-03-29 17:51:13,747:INFO: Train: [246][2784/2785]  Loss -0.1924 (-0.2358)  Time:  0.305 (0.006)  Data Time:  0.001 (0.001)
2022-03-29 17:51:13,749:INFO:   Eta: 0:01:06
2022-03-29 17:51:18,270:INFO: Valid: [246][659/660]  Loss -2.0756 (-1.1254)
2022-03-29 17:51:37,864:INFO: Train: [247][2784/2785]  Loss -0.2568 (-0.2901)  Time:  0.305 (0.007)  Data Time:  0.001 (0.001)
2022-03-29 17:51:37,864:INFO:   Eta: 0:00:58
2022-03-29 17:51:42,008:INFO: Valid: [247][659/660]  Loss -2.0533 (-1.1088)
2022-03-29 17:52:01,770:INFO: Train: [248][2784/2785]  Loss -0.2501 (-0.2752)  Time:  0.366 (0.007)  Data Time:  0.001 (0.001)
2022-03-29 17:52:01,773:INFO:   Eta: 0:00:39
2022-03-29 17:52:06,290:INFO: Valid: [248][659/660]  Loss -2.0809 (-1.1289)
2022-03-29 17:52:25,559:INFO: Train: [249][2784/2785]  Loss -0.2546 (-0.2621)  Time:  0.314 (0.007)  Data Time:  0.001 (0.001)
2022-03-29 17:52:25,560:INFO:   Eta: 0:00:19
2022-03-29 17:52:30,135:INFO: Valid: [249][659/660]  Loss -2.0667 (-1.1184)
