2022-05-13 14:30:03,143:INFO: batch_size=128
2022-05-13 14:30:03,143:INFO: clip_grad=None
2022-05-13 14:30:03,143:INFO: dataset=hotel
2022-05-13 14:30:03,143:INFO: dict_kernel_size=3
2022-05-13 14:30:03,143:INFO: drop=0.0
2022-05-13 14:30:03,143:INFO: gpu_num=1
2022-05-13 14:30:03,144:INFO: ilr=0.005
2022-05-13 14:30:03,144:INFO: init=kmeans
2022-05-13 14:30:03,144:INFO: input_size=2
2022-05-13 14:30:03,144:INFO: kernel_size=3
2022-05-13 14:30:03,144:INFO: log_dir=./runs/9-0.5xlr
2022-05-13 14:30:03,144:INFO: lr=0.01
2022-05-13 14:30:03,144:INFO: lr_sh_rate=150
2022-05-13 14:30:03,144:INFO: model=social_stgcnn9
2022-05-13 14:30:03,144:INFO: n_stgcnn=1
2022-05-13 14:30:03,144:INFO: n_txpcnn=5
2022-05-13 14:30:03,144:INFO: name=9-0.5xlr
2022-05-13 14:30:03,144:INFO: num_epochs=250
2022-05-13 14:30:03,144:INFO: obs_seq_len=8
2022-05-13 14:30:03,145:INFO: output_size=5
2022-05-13 14:30:03,145:INFO: pred_seq_len=12
2022-05-13 14:30:03,145:INFO: seed=0
2022-05-13 14:30:03,145:INFO: tag=hotel
2022-05-13 14:30:03,145:INFO: use_lrschd=True
2022-05-13 14:30:03,145:INFO: ******************************
2022-05-13 14:30:03,145:INFO: Training initiating....
2022-05-13 14:30:03,145:INFO: Namespace(model='social_stgcnn9', name='9-0.5xlr', input_size=2, output_size=5, n_stgcnn=1, n_txpcnn=5, kernel_size=3, obs_seq_len=8, pred_seq_len=12, dataset='hotel', batch_size=128, num_epochs=250, clip_grad=None, lr=0.01, ilr=0.005, lr_sh_rate=150, use_lrschd=True, tag='hotel', log_dir='./runs/9-0.5xlr', seed=0, gpu_num='1', drop=0.0, init='kmeans', dict_kernel_size=3)
2022-05-13 14:30:03,439:INFO: Initializing train dataset
2022-05-13 14:30:25,190:INFO: Initializing val dataset
2022-05-13 14:30:58,081:INFO: social_stgcnn9
2022-05-13 14:30:58,169:INFO: 0.01
2022-05-13 14:30:58,169:INFO: 0.01
2022-05-13 14:30:58,170:INFO: 0.01
2022-05-13 14:30:58,170:INFO: 0.005
2022-05-13 14:30:58,170:INFO: Data and model loaded
2022-05-13 14:30:58,170:INFO: Checkpoint dir: ./runs/9-0.5xlr/hotel/checkpoint
2022-05-13 14:30:58,170:INFO: Training started ...
2022-05-13 14:32:25,638:INFO: Train: [0][2593/2594]  Loss 0.2285 (1.3310)  Time:  0.420 (0.034)  Data Time:  0.021 (0.012)
2022-05-13 14:32:25,639:INFO:   Eta: 6:04:23
2022-05-13 14:33:40,216:INFO: Train: [1][2593/2594]  Loss 0.1631 (0.6439)  Time:  0.446 (0.029)  Data Time:  0.022 (0.011)
2022-05-13 14:33:40,217:INFO:   Eta: 5:09:00
2022-05-13 14:34:54,092:INFO: Train: [2][2593/2594]  Loss 0.0459 (0.4175)  Time:  0.464 (0.028)  Data Time:  0.002 (0.011)
2022-05-13 14:34:54,093:INFO:   Eta: 5:04:55
2022-05-13 14:36:08,046:INFO: Train: [3][2593/2594]  Loss 0.1529 (0.3100)  Time:  0.405 (0.028)  Data Time:  0.021 (0.011)
2022-05-13 14:36:08,047:INFO:   Eta: 5:03:44
2022-05-13 14:37:14,064:INFO: Train: [4][2593/2594]  Loss -0.0072 (0.1381)  Time:  0.210 (0.025)  Data Time:  0.000 (0.010)
2022-05-13 14:37:14,065:INFO:   Eta: 4:29:44
2022-05-13 14:37:39,139:INFO: Train: [5][2593/2594]  Loss 0.1208 (0.0889)  Time:  0.162 (0.010)  Data Time:  0.000 (0.000)
2022-05-13 14:37:39,140:INFO:   Eta: 1:41:53
2022-05-13 14:38:42,161:INFO: Train: [6][2593/2594]  Loss -0.0823 (-0.0257)  Time:  0.438 (0.024)  Data Time:  0.002 (0.009)
2022-05-13 14:38:42,162:INFO:   Eta: 4:15:49
2022-05-13 14:39:58,701:INFO: Train: [7][2593/2594]  Loss -0.1099 (-0.2066)  Time:  0.517 (0.029)  Data Time:  0.023 (0.012)
2022-05-13 14:39:58,701:INFO:   Eta: 5:09:29
2022-05-13 14:41:17,244:INFO: Train: [8][2593/2594]  Loss -0.0426 (-0.2893)  Time:  0.448 (0.030)  Data Time:  0.021 (0.012)
2022-05-13 14:41:17,245:INFO:   Eta: 5:15:59
2022-05-13 14:42:35,114:INFO: Train: [9][2593/2594]  Loss -0.1441 (-0.2381)  Time:  0.450 (0.030)  Data Time:  0.023 (0.012)
2022-05-13 14:42:35,115:INFO:   Eta: 5:12:21
2022-05-13 14:43:53,442:INFO: Train: [10][2593/2594]  Loss -0.1538 (-0.4619)  Time:  0.431 (0.030)  Data Time:  0.002 (0.012)
2022-05-13 14:43:53,443:INFO:   Eta: 5:12:52
2022-05-13 14:45:11,595:INFO: Train: [11][2593/2594]  Loss -0.1752 (-0.5100)  Time:  0.403 (0.030)  Data Time:  0.016 (0.012)
2022-05-13 14:45:11,596:INFO:   Eta: 5:10:48
2022-05-13 14:46:29,515:INFO: Train: [12][2593/2594]  Loss -0.1590 (-0.5597)  Time:  0.379 (0.030)  Data Time:  0.002 (0.012)
2022-05-13 14:46:29,517:INFO:   Eta: 5:08:38
2022-05-13 14:47:44,897:INFO: Train: [13][2593/2594]  Loss -0.1809 (-0.4338)  Time:  0.536 (0.029)  Data Time:  0.015 (0.012)
2022-05-13 14:47:45,234:INFO:   Eta: 4:57:19
2022-05-13 14:49:04,613:INFO: Train: [14][2593/2594]  Loss -0.2271 (-0.5048)  Time:  0.551 (0.031)  Data Time:  0.023 (0.012)
2022-05-13 14:49:04,614:INFO:   Eta: 5:11:13
2022-05-13 14:50:21,420:INFO: Train: [15][2593/2594]  Loss -0.2485 (-0.6314)  Time:  0.460 (0.030)  Data Time:  0.002 (0.012)
2022-05-13 14:50:21,421:INFO:   Eta: 5:00:15
2022-05-13 14:51:37,377:INFO: Train: [16][2593/2594]  Loss 0.0023 (-0.6063)  Time:  0.515 (0.029)  Data Time:  0.013 (0.012)
2022-05-13 14:51:37,378:INFO:   Eta: 4:55:49
2022-05-13 14:52:49,713:INFO: Train: [17][2593/2594]  Loss -0.2004 (-0.6446)  Time:  0.177 (0.028)  Data Time:  0.000 (0.011)
2022-05-13 14:52:49,722:INFO:   Eta: 4:40:20
2022-05-13 14:53:13,703:INFO: Train: [18][2593/2594]  Loss -0.2118 (-0.6944)  Time:  0.195 (0.009)  Data Time:  0.000 (0.000)
2022-05-13 14:53:13,704:INFO:   Eta: 1:31:21
2022-05-13 14:53:58,300:INFO: Train: [19][2593/2594]  Loss -0.1424 (-0.7071)  Time:  0.400 (0.017)  Data Time:  0.021 (0.005)
2022-05-13 14:53:58,300:INFO:   Eta: 2:51:12
2022-05-13 14:55:12,076:INFO: Train: [20][2593/2594]  Loss -0.2030 (-0.7777)  Time:  0.506 (0.028)  Data Time:  0.002 (0.011)
2022-05-13 14:55:12,077:INFO:   Eta: 4:42:24
2022-05-13 14:56:23,473:INFO: Train: [21][2593/2594]  Loss -0.2305 (-0.8119)  Time:  0.515 (0.027)  Data Time:  0.023 (0.011)
2022-05-13 14:56:23,474:INFO:   Eta: 4:32:02
2022-05-13 14:57:33,428:INFO: Train: [22][2593/2594]  Loss -0.2337 (-0.6798)  Time:  0.396 (0.027)  Data Time:  0.001 (0.010)
2022-05-13 14:57:33,428:INFO:   Eta: 4:25:23
2022-05-13 14:58:45,922:INFO: Train: [23][2593/2594]  Loss -0.2777 (-0.8683)  Time:  0.494 (0.028)  Data Time:  0.016 (0.011)
2022-05-13 14:58:45,923:INFO:   Eta: 4:33:48
2022-05-13 14:59:55,175:INFO: Train: [24][2593/2594]  Loss -0.2913 (-0.7898)  Time:  0.437 (0.027)  Data Time:  0.006 (0.010)
2022-05-13 14:59:55,177:INFO:   Eta: 4:20:21
2022-05-13 15:01:05,539:INFO: Train: [25][2593/2594]  Loss -0.2752 (-0.8258)  Time:  0.413 (0.027)  Data Time:  0.022 (0.010)
2022-05-13 15:01:05,540:INFO:   Eta: 4:23:30
2022-05-13 15:02:16,450:INFO: Train: [26][2593/2594]  Loss -0.1995 (-0.8651)  Time:  0.400 (0.027)  Data Time:  0.000 (0.010)
2022-05-13 15:02:16,452:INFO:   Eta: 4:24:19
2022-05-13 15:03:27,584:INFO: Train: [27][2593/2594]  Loss -0.2563 (-0.9632)  Time:  0.376 (0.027)  Data Time:  0.001 (0.011)
2022-05-13 15:03:27,586:INFO:   Eta: 4:22:56
2022-05-13 15:04:38,382:INFO: Train: [28][2593/2594]  Loss -0.2745 (-0.8589)  Time:  0.505 (0.027)  Data Time:  0.021 (0.011)
2022-05-13 15:04:38,383:INFO:   Eta: 4:21:33
2022-05-13 15:05:50,141:INFO: Train: [29][2593/2594]  Loss -0.2289 (-1.0093)  Time:  0.429 (0.028)  Data Time:  0.001 (0.011)
2022-05-13 15:05:50,142:INFO:   Eta: 4:23:57
2022-05-13 15:06:59,835:INFO: Train: [30][2593/2594]  Loss -0.3072 (-0.8363)  Time:  0.460 (0.027)  Data Time:  0.001 (0.010)
2022-05-13 15:06:59,836:INFO:   Eta: 4:15:09
2022-05-13 15:08:10,256:INFO: Train: [31][2593/2594]  Loss -0.2844 (-0.9519)  Time:  0.456 (0.027)  Data Time:  0.013 (0.010)
2022-05-13 15:08:10,257:INFO:   Eta: 4:16:40
2022-05-13 15:09:03,899:INFO: Train: [32][2593/2594]  Loss -0.2799 (-0.9132)  Time:  0.166 (0.021)  Data Time:  0.000 (0.007)
2022-05-13 15:09:03,901:INFO:   Eta: 3:14:01
2022-05-13 15:09:33,030:INFO: Train: [33][2593/2594]  Loss -0.2813 (-0.9965)  Time:  0.557 (0.011)  Data Time:  0.001 (0.001)
2022-05-13 15:09:33,032:INFO:   Eta: 1:44:48
2022-05-13 15:10:11,418:INFO: Train: [34][2593/2594]  Loss -0.3069 (-1.0068)  Time:  0.186 (0.015)  Data Time:  0.000 (0.003)
2022-05-13 15:10:11,419:INFO:   Eta: 2:17:47
2022-05-13 15:11:00,886:INFO: Train: [35][2593/2594]  Loss -0.2743 (-0.8946)  Time:  0.438 (0.019)  Data Time:  0.023 (0.006)
2022-05-13 15:11:00,887:INFO:   Eta: 2:56:25
2022-05-13 15:12:10,035:INFO: Train: [36][2593/2594]  Loss -0.3525 (-1.0440)  Time:  0.418 (0.027)  Data Time:  0.020 (0.010)
2022-05-13 15:12:10,037:INFO:   Eta: 4:06:16
2022-05-13 15:13:19,023:INFO: Train: [37][2593/2594]  Loss -0.3178 (-1.1035)  Time:  0.451 (0.027)  Data Time:  0.023 (0.010)
2022-05-13 15:13:19,024:INFO:   Eta: 4:04:29
2022-05-13 15:14:29,852:INFO: Train: [38][2593/2594]  Loss -0.3580 (-0.9695)  Time:  0.471 (0.027)  Data Time:  0.001 (0.011)
2022-05-13 15:14:29,853:INFO:   Eta: 4:09:51
2022-05-13 15:15:40,554:INFO: Train: [39][2593/2594]  Loss -0.2985 (-1.1085)  Time:  0.424 (0.027)  Data Time:  0.022 (0.010)
2022-05-13 15:15:40,556:INFO:   Eta: 4:08:17
2022-05-13 15:16:51,949:INFO: Train: [40][2593/2594]  Loss -0.3495 (-1.0411)  Time:  0.454 (0.027)  Data Time:  0.016 (0.011)
2022-05-13 15:16:51,950:INFO:   Eta: 4:09:31
2022-05-13 15:18:02,852:INFO: Train: [41][2593/2594]  Loss -0.2964 (-1.0223)  Time:  0.460 (0.027)  Data Time:  0.004 (0.011)
2022-05-13 15:18:02,854:INFO:   Eta: 4:06:35
2022-05-13 15:19:13,515:INFO: Train: [42][2593/2594]  Loss -0.3329 (-1.0183)  Time:  0.465 (0.027)  Data Time:  0.002 (0.010)
2022-05-13 15:19:13,516:INFO:   Eta: 4:04:36
2022-05-13 15:20:23,968:INFO: Train: [43][2593/2594]  Loss -0.2493 (-1.0184)  Time:  0.456 (0.027)  Data Time:  0.021 (0.010)
2022-05-13 15:20:23,969:INFO:   Eta: 4:02:40
2022-05-13 15:21:35,759:INFO: Train: [44][2593/2594]  Loss -0.3046 (-0.9854)  Time:  0.391 (0.028)  Data Time:  0.021 (0.011)
2022-05-13 15:21:35,761:INFO:   Eta: 4:06:08
2022-05-13 15:22:46,718:INFO: Train: [45][2593/2594]  Loss -0.3192 (-1.1138)  Time:  0.376 (0.027)  Data Time:  0.002 (0.011)
2022-05-13 15:22:46,719:INFO:   Eta: 4:02:04
2022-05-13 15:23:57,955:INFO: Train: [46][2593/2594]  Loss -0.3829 (-1.0954)  Time:  0.368 (0.027)  Data Time:  0.018 (0.011)
2022-05-13 15:23:57,956:INFO:   Eta: 4:01:50
2022-05-13 15:25:08,016:INFO: Train: [47][2593/2594]  Loss -0.3757 (-1.1756)  Time:  0.449 (0.027)  Data Time:  0.002 (0.010)
2022-05-13 15:25:08,017:INFO:   Eta: 3:56:40
2022-05-13 15:26:07,899:INFO: Train: [48][2593/2594]  Loss -0.3362 (-1.0940)  Time:  0.160 (0.023)  Data Time:  0.000 (0.008)
2022-05-13 15:26:07,931:INFO:   Eta: 3:21:06
2022-05-13 15:26:32,418:INFO: Train: [49][2593/2594]  Loss -0.3354 (-1.1796)  Time:  0.165 (0.009)  Data Time:  0.000 (0.000)
2022-05-13 15:26:32,419:INFO:   Eta: 1:21:41
2022-05-13 15:27:35,608:INFO: Train: [50][2593/2594]  Loss -0.2910 (-1.1405)  Time:  0.454 (0.024)  Data Time:  0.001 (0.009)
2022-05-13 15:27:35,609:INFO:   Eta: 3:30:12
2022-05-13 15:28:48,512:INFO: Train: [51][2593/2594]  Loss -0.3146 (-1.2177)  Time:  0.431 (0.028)  Data Time:  0.001 (0.011)
2022-05-13 15:28:48,513:INFO:   Eta: 4:01:25
2022-05-13 15:30:01,742:INFO: Train: [52][2593/2594]  Loss -0.3786 (-1.1561)  Time:  0.402 (0.028)  Data Time:  0.001 (0.011)
2022-05-13 15:30:01,743:INFO:   Eta: 4:01:15
2022-05-13 15:31:16,169:INFO: Train: [53][2593/2594]  Loss -0.3274 (-1.2066)  Time:  0.363 (0.029)  Data Time:  0.014 (0.011)
2022-05-13 15:31:16,170:INFO:   Eta: 4:03:54
2022-05-13 15:32:28,993:INFO: Train: [54][2593/2594]  Loss -0.2959 (-1.2117)  Time:  0.465 (0.028)  Data Time:  0.021 (0.011)
2022-05-13 15:32:28,994:INFO:   Eta: 3:57:31
2022-05-13 15:33:41,939:INFO: Train: [55][2593/2594]  Loss -0.3877 (-1.2408)  Time:  0.427 (0.028)  Data Time:  0.022 (0.011)
2022-05-13 15:33:41,940:INFO:   Eta: 3:56:44
2022-05-13 15:34:54,711:INFO: Train: [56][2593/2594]  Loss -0.2678 (-1.0759)  Time:  0.500 (0.028)  Data Time:  0.021 (0.011)
2022-05-13 15:34:54,713:INFO:   Eta: 3:54:57
2022-05-13 15:36:07,355:INFO: Train: [57][2593/2594]  Loss -0.3573 (-1.2648)  Time:  0.434 (0.028)  Data Time:  0.002 (0.011)
2022-05-13 15:36:07,357:INFO:   Eta: 3:53:20
2022-05-13 15:37:20,539:INFO: Train: [58][2593/2594]  Loss -0.3149 (-1.2186)  Time:  0.435 (0.028)  Data Time:  0.017 (0.011)
2022-05-13 15:37:20,540:INFO:   Eta: 3:53:50
2022-05-13 15:38:34,575:INFO: Train: [59][2593/2594]  Loss -0.3311 (-1.1991)  Time:  0.476 (0.029)  Data Time:  0.021 (0.011)
2022-05-13 15:38:34,577:INFO:   Eta: 3:55:20
2022-05-13 15:39:47,321:INFO: Train: [60][2593/2594]  Loss -0.3405 (-1.1878)  Time:  0.415 (0.028)  Data Time:  0.022 (0.011)
2022-05-13 15:39:47,322:INFO:   Eta: 3:49:16
2022-05-13 15:41:00,252:INFO: Train: [61][2593/2594]  Loss -0.3574 (-1.2689)  Time:  0.400 (0.028)  Data Time:  0.022 (0.011)
2022-05-13 15:41:00,253:INFO:   Eta: 3:48:02
2022-05-13 15:42:02,230:INFO: Train: [62][2593/2594]  Loss -0.2859 (-1.3355)  Time:  0.161 (0.024)  Data Time:  0.000 (0.009)
2022-05-13 15:42:02,231:INFO:   Eta: 3:12:23
2022-05-13 15:42:26,487:INFO: Train: [63][2593/2594]  Loss -0.3642 (-1.3144)  Time:  0.210 (0.009)  Data Time:  0.000 (0.000)
2022-05-13 15:42:26,488:INFO:   Eta: 1:14:47
2022-05-13 15:42:54,117:INFO: Train: [64][2593/2594]  Loss -0.3448 (-1.2953)  Time:  0.210 (0.010)  Data Time:  0.000 (0.000)
2022-05-13 15:42:54,118:INFO:   Eta: 1:17:43
2022-05-13 15:43:57,007:INFO: Train: [65][2593/2594]  Loss -0.3210 (-1.3241)  Time:  0.460 (0.024)  Data Time:  0.021 (0.009)
2022-05-13 15:43:57,008:INFO:   Eta: 3:13:03
2022-05-13 15:45:07,255:INFO: Train: [66][2593/2594]  Loss -0.3424 (-1.2083)  Time:  0.401 (0.027)  Data Time:  0.001 (0.010)
2022-05-13 15:45:07,257:INFO:   Eta: 3:35:04
2022-05-13 15:46:20,178:INFO: Train: [67][2593/2594]  Loss -0.3997 (-1.3362)  Time:  0.464 (0.028)  Data Time:  0.021 (0.011)
2022-05-13 15:46:20,179:INFO:   Eta: 3:41:43
2022-05-13 15:47:32,814:INFO: Train: [68][2593/2594]  Loss -0.3243 (-1.3024)  Time:  0.381 (0.028)  Data Time:  0.021 (0.011)
2022-05-13 15:47:32,815:INFO:   Eta: 3:39:55
2022-05-13 15:48:44,889:INFO: Train: [69][2593/2594]  Loss -0.3603 (-1.1772)  Time:  0.391 (0.028)  Data Time:  0.002 (0.011)
2022-05-13 15:48:44,889:INFO:   Eta: 3:36:25
2022-05-13 15:49:56,717:INFO: Train: [70][2593/2594]  Loss -0.3143 (-1.2558)  Time:  0.472 (0.028)  Data Time:  0.000 (0.011)
2022-05-13 15:49:56,719:INFO:   Eta: 3:35:10
2022-05-13 15:51:07,259:INFO: Train: [71][2593/2594]  Loss -0.3500 (-1.2849)  Time:  0.355 (0.027)  Data Time:  0.019 (0.010)
2022-05-13 15:51:07,260:INFO:   Eta: 3:30:06
2022-05-13 15:52:19,667:INFO: Train: [72][2593/2594]  Loss -0.3572 (-1.3164)  Time:  0.448 (0.028)  Data Time:  0.000 (0.011)
2022-05-13 15:52:19,668:INFO:   Eta: 3:34:24
2022-05-13 15:53:30,859:INFO: Train: [73][2593/2594]  Loss -0.2812 (-1.3236)  Time:  0.404 (0.027)  Data Time:  0.000 (0.010)
2022-05-13 15:53:30,860:INFO:   Eta: 3:29:39
2022-05-13 15:54:43,093:INFO: Train: [74][2593/2594]  Loss -0.2723 (-1.2806)  Time:  0.513 (0.028)  Data Time:  0.001 (0.011)
2022-05-13 15:54:43,094:INFO:   Eta: 3:31:35
2022-05-13 15:55:56,045:INFO: Train: [75][2593/2594]  Loss -0.3901 (-1.3528)  Time:  0.454 (0.028)  Data Time:  0.008 (0.011)
2022-05-13 15:55:56,046:INFO:   Eta: 3:32:28
2022-05-13 15:57:08,345:INFO: Train: [76][2593/2594]  Loss -0.4389 (-1.3323)  Time:  0.427 (0.028)  Data Time:  0.000 (0.011)
2022-05-13 15:57:08,346:INFO:   Eta: 3:29:18
2022-05-13 15:58:21,361:INFO: Train: [77][2593/2594]  Loss -0.3029 (-1.3397)  Time:  0.422 (0.028)  Data Time:  0.001 (0.011)
2022-05-13 15:58:21,362:INFO:   Eta: 3:30:13
2022-05-13 15:58:58,742:INFO: Train: [78][2593/2594]  Loss -0.3984 (-1.3875)  Time:  0.171 (0.014)  Data Time:  0.000 (0.003)
2022-05-13 15:58:58,742:INFO:   Eta: 1:46:50
2022-05-13 15:59:30,216:INFO: Train: [79][2593/2594]  Loss -0.3743 (-1.3300)  Time:  0.397 (0.012)  Data Time:  0.001 (0.002)
2022-05-13 15:59:30,217:INFO:   Eta: 1:29:21
2022-05-13 16:00:40,700:INFO: Train: [80][2593/2594]  Loss -0.3969 (-1.2895)  Time:  0.391 (0.027)  Data Time:  0.000 (0.010)
2022-05-13 16:00:40,701:INFO:   Eta: 3:19:25
2022-05-13 16:01:51,027:INFO: Train: [81][2593/2594]  Loss -0.3485 (-1.3380)  Time:  0.478 (0.027)  Data Time:  0.005 (0.011)
2022-05-13 16:01:51,029:INFO:   Eta: 3:17:43
2022-05-13 16:03:04,391:INFO: Train: [82][2593/2594]  Loss -0.4025 (-1.3718)  Time:  0.482 (0.028)  Data Time:  0.001 (0.011)
2022-05-13 16:03:04,392:INFO:   Eta: 3:25:05
2022-05-13 16:04:15,085:INFO: Train: [83][2593/2594]  Loss -0.3857 (-1.3869)  Time:  0.363 (0.027)  Data Time:  0.001 (0.011)
2022-05-13 16:04:15,086:INFO:   Eta: 3:16:23
2022-05-13 16:05:25,765:INFO: Train: [84][2593/2594]  Loss -0.3949 (-1.4107)  Time:  0.451 (0.027)  Data Time:  0.002 (0.011)
2022-05-13 16:05:25,766:INFO:   Eta: 3:15:15
2022-05-13 16:06:37,941:INFO: Train: [85][2593/2594]  Loss -0.3619 (-1.4315)  Time:  0.367 (0.028)  Data Time:  0.001 (0.011)
2022-05-13 16:06:37,942:INFO:   Eta: 3:18:08
2022-05-13 16:07:48,164:INFO: Train: [86][2593/2594]  Loss -0.3178 (-1.4128)  Time:  0.418 (0.027)  Data Time:  0.022 (0.010)
2022-05-13 16:07:48,167:INFO:   Eta: 3:11:36
2022-05-13 16:08:59,912:INFO: Train: [87][2593/2594]  Loss -0.3363 (-1.3903)  Time:  0.460 (0.028)  Data Time:  0.021 (0.011)
2022-05-13 16:08:59,913:INFO:   Eta: 3:14:36
2022-05-13 16:10:10,780:INFO: Train: [88][2593/2594]  Loss -0.3592 (-1.3610)  Time:  0.473 (0.027)  Data Time:  0.019 (0.011)
2022-05-13 16:10:10,781:INFO:   Eta: 3:11:03
2022-05-13 16:11:23,081:INFO: Train: [89][2593/2594]  Loss -0.3432 (-1.4182)  Time:  0.405 (0.028)  Data Time:  0.001 (0.011)
2022-05-13 16:11:23,082:INFO:   Eta: 3:13:40
2022-05-13 16:12:35,240:INFO: Train: [90][2593/2594]  Loss -0.3897 (-1.4026)  Time:  0.389 (0.028)  Data Time:  0.015 (0.011)
2022-05-13 16:12:35,241:INFO:   Eta: 3:12:06
2022-05-13 16:13:47,252:INFO: Train: [91][2593/2594]  Loss -0.3568 (-1.4367)  Time:  0.497 (0.028)  Data Time:  0.022 (0.011)
2022-05-13 16:13:47,253:INFO:   Eta: 3:10:31
2022-05-13 16:14:51,443:INFO: Train: [92][2593/2594]  Loss -0.3915 (-1.4240)  Time:  0.220 (0.025)  Data Time:  0.000 (0.009)
2022-05-13 16:14:51,445:INFO:   Eta: 2:48:44
2022-05-13 16:15:15,884:INFO: Train: [93][2593/2594]  Loss -0.4576 (-1.3907)  Time:  0.204 (0.009)  Data Time:  0.000 (0.000)
2022-05-13 16:15:15,886:INFO:   Eta: 1:03:36
2022-05-13 16:16:05,537:INFO: Train: [94][2593/2594]  Loss -0.3409 (-1.4497)  Time:  0.462 (0.019)  Data Time:  0.021 (0.006)
2022-05-13 16:16:05,538:INFO:   Eta: 2:08:50
2022-05-13 16:17:16,516:INFO: Train: [95][2593/2594]  Loss -0.2532 (-1.4137)  Time:  0.427 (0.027)  Data Time:  0.022 (0.010)
2022-05-13 16:17:16,517:INFO:   Eta: 3:03:00
2022-05-13 16:18:28,703:INFO: Train: [96][2593/2594]  Loss -0.3952 (-1.4396)  Time:  0.399 (0.028)  Data Time:  0.001 (0.011)
2022-05-13 16:18:28,705:INFO:   Eta: 3:05:00
2022-05-13 16:19:40,333:INFO: Train: [97][2593/2594]  Loss -0.4090 (-1.4072)  Time:  0.539 (0.028)  Data Time:  0.001 (0.011)
2022-05-13 16:19:40,334:INFO:   Eta: 3:02:22
2022-05-13 16:20:50,936:INFO: Train: [98][2593/2594]  Loss -0.4351 (-1.4372)  Time:  0.439 (0.027)  Data Time:  0.021 (0.010)
2022-05-13 16:20:50,937:INFO:   Eta: 2:58:33
2022-05-13 16:22:01,541:INFO: Train: [99][2593/2594]  Loss -0.3602 (-1.4429)  Time:  0.418 (0.027)  Data Time:  0.001 (0.011)
2022-05-13 16:22:01,543:INFO:   Eta: 2:57:25
2022-05-13 16:23:12,452:INFO: Train: [100][2593/2594]  Loss -0.3568 (-1.5204)  Time:  0.535 (0.027)  Data Time:  0.019 (0.011)
2022-05-13 16:23:12,453:INFO:   Eta: 2:57:01
2022-05-13 16:24:25,088:INFO: Train: [101][2593/2594]  Loss -0.3821 (-1.5000)  Time:  0.366 (0.028)  Data Time:  0.001 (0.011)
2022-05-13 16:24:25,089:INFO:   Eta: 3:00:05
2022-05-13 16:25:37,506:INFO: Train: [102][2593/2594]  Loss -0.3975 (-1.4540)  Time:  0.464 (0.028)  Data Time:  0.002 (0.011)
2022-05-13 16:25:37,507:INFO:   Eta: 2:58:16
2022-05-13 16:26:46,988:INFO: Train: [103][2593/2594]  Loss -0.4372 (-1.3367)  Time:  0.377 (0.027)  Data Time:  0.003 (0.010)
2022-05-13 16:26:46,989:INFO:   Eta: 2:49:58
2022-05-13 16:27:59,494:INFO: Train: [104][2593/2594]  Loss -0.3896 (-1.4605)  Time:  0.418 (0.028)  Data Time:  0.021 (0.011)
2022-05-13 16:27:59,495:INFO:   Eta: 2:56:06
2022-05-13 16:29:13,110:INFO: Train: [105][2593/2594]  Loss -0.4909 (-1.4722)  Time:  0.443 (0.028)  Data Time:  0.001 (0.011)
2022-05-13 16:29:13,111:INFO:   Eta: 2:56:41
2022-05-13 16:30:23,292:INFO: Train: [106][2593/2594]  Loss -0.3683 (-1.4947)  Time:  0.460 (0.027)  Data Time:  0.021 (0.010)
2022-05-13 16:30:23,293:INFO:   Eta: 2:48:11
2022-05-13 16:31:12,389:INFO: Train: [107][2593/2594]  Loss -0.4187 (-1.5164)  Time:  0.169 (0.019)  Data Time:  0.000 (0.006)
2022-05-13 16:31:12,434:INFO:   Eta: 1:56:44
2022-05-13 16:31:37,453:INFO: Train: [108][2593/2594]  Loss -0.3901 (-1.5083)  Time:  0.158 (0.010)  Data Time:  0.000 (0.000)
2022-05-13 16:31:37,454:INFO:   Eta: 0:58:26
2022-05-13 16:32:37,443:INFO: Train: [109][2593/2594]  Loss -0.4084 (-1.4409)  Time:  0.451 (0.023)  Data Time:  0.001 (0.008)
2022-05-13 16:32:37,444:INFO:   Eta: 2:20:41
2022-05-13 16:33:48,851:INFO: Train: [110][2593/2594]  Loss -0.3835 (-1.4959)  Time:  0.391 (0.027)  Data Time:  0.021 (0.011)
2022-05-13 16:33:48,852:INFO:   Eta: 2:46:22
2022-05-13 16:35:01,432:INFO: Train: [111][2593/2594]  Loss -0.4843 (-1.5095)  Time:  0.443 (0.028)  Data Time:  0.001 (0.011)
2022-05-13 16:35:01,433:INFO:   Eta: 2:47:47
2022-05-13 16:36:12,122:INFO: Train: [112][2593/2594]  Loss -0.3308 (-1.4961)  Time:  0.416 (0.027)  Data Time:  0.010 (0.011)
2022-05-13 16:36:12,127:INFO:   Eta: 2:42:20
2022-05-13 16:37:24,754:INFO: Train: [113][2593/2594]  Loss -0.4451 (-1.3868)  Time:  0.551 (0.028)  Data Time:  0.023 (0.011)
2022-05-13 16:37:24,756:INFO:   Eta: 2:45:36
2022-05-13 16:38:35,730:INFO: Train: [114][2593/2594]  Loss -0.4672 (-1.5010)  Time:  0.529 (0.027)  Data Time:  0.021 (0.011)
2022-05-13 16:38:35,731:INFO:   Eta: 2:40:36
2022-05-13 16:39:47,800:INFO: Train: [115][2593/2594]  Loss -0.3639 (-1.4972)  Time:  0.476 (0.028)  Data Time:  0.002 (0.011)
2022-05-13 16:39:47,801:INFO:   Eta: 2:41:52
2022-05-13 16:40:59,866:INFO: Train: [116][2593/2594]  Loss -0.4017 (-1.4158)  Time:  0.408 (0.028)  Data Time:  0.022 (0.011)
2022-05-13 16:40:59,868:INFO:   Eta: 2:40:39
2022-05-13 16:42:10,626:INFO: Train: [117][2593/2594]  Loss -0.4161 (-1.4086)  Time:  0.422 (0.027)  Data Time:  0.016 (0.011)
2022-05-13 16:42:10,627:INFO:   Eta: 2:36:33
2022-05-13 16:43:20,662:INFO: Train: [118][2593/2594]  Loss -0.3200 (-1.4526)  Time:  0.417 (0.027)  Data Time:  0.021 (0.010)
2022-05-13 16:43:20,663:INFO:   Eta: 2:33:49
2022-05-13 16:44:30,061:INFO: Train: [119][2593/2594]  Loss -0.3826 (-1.4821)  Time:  0.443 (0.027)  Data Time:  0.022 (0.010)
2022-05-13 16:44:30,062:INFO:   Eta: 2:31:15
2022-05-13 16:45:40,718:INFO: Train: [120][2593/2594]  Loss -0.4157 (-1.4727)  Time:  0.407 (0.027)  Data Time:  0.022 (0.011)
2022-05-13 16:45:40,755:INFO:   Eta: 2:32:46
2022-05-13 16:46:49,926:INFO: Train: [121][2593/2594]  Loss -0.4006 (-1.5217)  Time:  0.387 (0.027)  Data Time:  0.001 (0.010)
2022-05-13 16:46:49,928:INFO:   Eta: 2:28:22
2022-05-13 16:47:35,863:INFO: Train: [122][2593/2594]  Loss -0.4624 (-1.5449)  Time:  0.172 (0.018)  Data Time:  0.000 (0.005)
2022-05-13 16:47:35,864:INFO:   Eta: 1:37:44
2022-05-13 16:48:00,350:INFO: Train: [123][2593/2594]  Loss -0.4046 (-1.5278)  Time:  0.171 (0.009)  Data Time:  0.000 (0.000)
2022-05-13 16:48:00,351:INFO:   Eta: 0:51:31
2022-05-13 16:49:05,362:INFO: Train: [124][2593/2594]  Loss -0.4380 (-1.5056)  Time:  0.470 (0.025)  Data Time:  0.002 (0.009)
2022-05-13 16:49:05,362:INFO:   Eta: 2:16:18
2022-05-13 16:50:15,279:INFO: Train: [125][2593/2594]  Loss -0.3546 (-1.5114)  Time:  0.496 (0.027)  Data Time:  0.021 (0.010)
2022-05-13 16:50:15,280:INFO:   Eta: 2:25:26
2022-05-13 16:51:26,119:INFO: Train: [126][2593/2594]  Loss -0.3890 (-1.5893)  Time:  0.355 (0.027)  Data Time:  0.000 (0.010)
2022-05-13 16:51:26,120:INFO:   Eta: 2:26:11
2022-05-13 16:52:37,360:INFO: Train: [127][2593/2594]  Loss -0.4130 (-1.5760)  Time:  0.490 (0.027)  Data Time:  0.022 (0.011)
2022-05-13 16:52:37,361:INFO:   Eta: 2:25:48
2022-05-13 16:53:49,391:INFO: Train: [128][2593/2594]  Loss -0.3802 (-1.4921)  Time:  0.387 (0.028)  Data Time:  0.001 (0.011)
2022-05-13 16:53:49,392:INFO:   Eta: 2:26:15
2022-05-13 16:55:00,063:INFO: Train: [129][2593/2594]  Loss -0.4757 (-1.5644)  Time:  0.458 (0.027)  Data Time:  0.022 (0.011)
2022-05-13 16:55:00,064:INFO:   Eta: 2:22:18
2022-05-13 16:56:09,928:INFO: Train: [130][2593/2594]  Loss -0.4518 (-1.5424)  Time:  0.465 (0.027)  Data Time:  0.023 (0.010)
2022-05-13 16:56:09,930:INFO:   Eta: 2:19:29
2022-05-13 16:57:20,794:INFO: Train: [131][2593/2594]  Loss -0.4202 (-1.5563)  Time:  0.476 (0.027)  Data Time:  0.001 (0.010)
2022-05-13 16:57:20,794:INFO:   Eta: 2:20:19
2022-05-13 16:58:31,391:INFO: Train: [132][2593/2594]  Loss -0.4395 (-1.5721)  Time:  0.394 (0.027)  Data Time:  0.000 (0.011)
2022-05-13 16:58:31,392:INFO:   Eta: 2:18:37
2022-05-13 16:59:42,343:INFO: Train: [133][2593/2594]  Loss -0.4532 (-1.4177)  Time:  0.495 (0.027)  Data Time:  0.023 (0.011)
2022-05-13 16:59:42,345:INFO:   Eta: 2:18:08
2022-05-13 17:00:53,942:INFO: Train: [134][2593/2594]  Loss -0.4397 (-1.4741)  Time:  0.455 (0.028)  Data Time:  0.021 (0.011)
2022-05-13 17:00:53,943:INFO:   Eta: 2:18:10
2022-05-13 17:02:03,960:INFO: Train: [135][2593/2594]  Loss -0.4416 (-1.5067)  Time:  0.407 (0.027)  Data Time:  0.002 (0.010)
2022-05-13 17:02:04,063:INFO:   Eta: 2:14:00
2022-05-13 17:03:12,283:INFO: Train: [136][2593/2594]  Loss -0.3782 (-1.5344)  Time:  0.421 (0.026)  Data Time:  0.000 (0.010)
2022-05-13 17:03:12,284:INFO:   Eta: 2:09:21
2022-05-13 17:03:54,281:INFO: Train: [137][2593/2594]  Loss -0.4165 (-1.5436)  Time:  0.179 (0.016)  Data Time:  0.000 (0.004)
2022-05-13 17:03:54,282:INFO:   Eta: 1:18:53
2022-05-13 17:04:25,784:INFO: Train: [138][2593/2594]  Loss -0.4771 (-1.4711)  Time:  0.385 (0.012)  Data Time:  0.014 (0.002)
2022-05-13 17:04:25,786:INFO:   Eta: 0:58:29
2022-05-13 17:05:37,153:INFO: Train: [139][2593/2594]  Loss -0.3879 (-1.5977)  Time:  0.391 (0.027)  Data Time:  0.000 (0.011)
2022-05-13 17:05:37,154:INFO:   Eta: 2:11:51
2022-05-13 17:06:51,044:INFO: Train: [140][2593/2594]  Loss -0.4084 (-1.5652)  Time:  0.493 (0.028)  Data Time:  0.021 (0.011)
2022-05-13 17:06:51,046:INFO:   Eta: 2:15:15
2022-05-13 17:08:04,107:INFO: Train: [141][2593/2594]  Loss -0.4270 (-1.5835)  Time:  0.402 (0.028)  Data Time:  0.003 (0.011)
2022-05-13 17:08:04,108:INFO:   Eta: 2:12:31
2022-05-13 17:09:16,760:INFO: Train: [142][2593/2594]  Loss -0.4365 (-1.5204)  Time:  0.383 (0.028)  Data Time:  0.006 (0.011)
2022-05-13 17:09:16,760:INFO:   Eta: 2:10:35
2022-05-13 17:10:30,166:INFO: Train: [143][2593/2594]  Loss -0.2856 (-1.3919)  Time:  0.544 (0.028)  Data Time:  0.018 (0.011)
2022-05-13 17:10:30,167:INFO:   Eta: 2:10:42
2022-05-13 17:11:44,059:INFO: Train: [144][2593/2594]  Loss -0.4280 (-1.5231)  Time:  0.391 (0.028)  Data Time:  0.001 (0.011)
2022-05-13 17:11:44,061:INFO:   Eta: 2:10:21
2022-05-13 17:12:56,639:INFO: Train: [145][2593/2594]  Loss -0.3687 (-1.5981)  Time:  0.434 (0.028)  Data Time:  0.002 (0.011)
2022-05-13 17:12:56,640:INFO:   Eta: 2:06:42
2022-05-13 17:14:09,509:INFO: Train: [146][2593/2594]  Loss -0.4364 (-1.4603)  Time:  0.368 (0.028)  Data Time:  0.000 (0.011)
2022-05-13 17:14:09,510:INFO:   Eta: 2:06:07
2022-05-13 17:15:23,293:INFO: Train: [147][2593/2594]  Loss -0.3680 (-1.4672)  Time:  0.526 (0.028)  Data Time:  0.021 (0.011)
2022-05-13 17:15:23,294:INFO:   Eta: 2:06:28
2022-05-13 17:16:35,414:INFO: Train: [148][2593/2594]  Loss -0.4723 (-1.5923)  Time:  0.494 (0.028)  Data Time:  0.002 (0.011)
2022-05-13 17:16:35,415:INFO:   Eta: 2:02:26
2022-05-13 17:17:49,655:INFO: Train: [149][2593/2594]  Loss -0.3463 (-1.6085)  Time:  0.511 (0.029)  Data Time:  0.002 (0.011)
2022-05-13 17:17:49,657:INFO:   Eta: 2:04:39
2022-05-13 17:19:03,331:INFO: Train: [150][2593/2594]  Loss -0.4438 (-1.7351)  Time:  0.441 (0.028)  Data Time:  0.001 (0.011)
2022-05-13 17:19:03,332:INFO:   Eta: 2:02:34
2022-05-13 17:19:46,781:INFO: Train: [151][2593/2594]  Loss -0.4734 (-1.7432)  Time:  0.166 (0.017)  Data Time:  0.000 (0.005)
2022-05-13 17:19:46,782:INFO:   Eta: 1:11:07
2022-05-13 17:19:52,815:INFO: Valid: [151][620/621]  Loss -8.2971 (-4.9170)
2022-05-13 17:19:53,048:INFO: Checkpoint saved...
2022-05-13 17:20:16,813:INFO: Train: [152][2593/2594]  Loss -0.4986 (-1.6896)  Time:  0.195 (0.009)  Data Time:  0.000 (0.000)
2022-05-13 17:20:16,813:INFO:   Eta: 0:38:30
2022-05-13 17:20:23,219:INFO: Valid: [152][620/621]  Loss -8.0398 (-4.8010)
2022-05-13 17:20:49,433:INFO: Train: [153][2593/2594]  Loss -0.4375 (-1.7852)  Time:  0.499 (0.010)  Data Time:  0.021 (0.001)
2022-05-13 17:20:49,435:INFO:   Eta: 0:42:01
2022-05-13 17:21:00,189:INFO: Valid: [153][620/621]  Loss -6.4483 (-3.8595)
2022-05-13 17:22:11,790:INFO: Train: [154][2593/2594]  Loss -0.4264 (-1.7830)  Time:  0.406 (0.027)  Data Time:  0.013 (0.011)
2022-05-13 17:22:11,791:INFO:   Eta: 1:54:06
2022-05-13 17:22:22,812:INFO: Valid: [154][620/621]  Loss -8.5084 (-5.0574)
2022-05-13 17:22:22,903:INFO: Checkpoint saved...
2022-05-13 17:23:32,889:INFO: Train: [155][2593/2594]  Loss -0.4662 (-1.8086)  Time:  0.500 (0.027)  Data Time:  0.022 (0.010)
2022-05-13 17:23:32,890:INFO:   Eta: 1:50:39
2022-05-13 17:23:43,679:INFO: Valid: [155][620/621]  Loss -8.1552 (-4.8449)
2022-05-13 17:24:54,695:INFO: Train: [156][2593/2594]  Loss -0.4418 (-1.7340)  Time:  0.387 (0.027)  Data Time:  0.022 (0.011)
2022-05-13 17:24:54,696:INFO:   Eta: 1:51:04
2022-05-13 17:25:05,489:INFO: Valid: [156][620/621]  Loss -8.1135 (-4.8336)
2022-05-13 17:26:17,293:INFO: Train: [157][2593/2594]  Loss -0.4612 (-1.7544)  Time:  0.413 (0.028)  Data Time:  0.021 (0.010)
2022-05-13 17:26:17,293:INFO:   Eta: 1:51:06
2022-05-13 17:26:28,180:INFO: Valid: [157][620/621]  Loss -8.1277 (-4.8406)
2022-05-13 17:27:40,784:INFO: Train: [158][2593/2594]  Loss -0.5211 (-1.7713)  Time:  0.534 (0.028)  Data Time:  0.021 (0.011)
2022-05-13 17:27:40,785:INFO:   Eta: 1:51:08
2022-05-13 17:27:51,431:INFO: Valid: [158][620/621]  Loss -7.9293 (-4.7317)
2022-05-13 17:29:01,425:INFO: Train: [159][2593/2594]  Loss -0.4823 (-1.7482)  Time:  0.538 (0.027)  Data Time:  0.021 (0.010)
2022-05-13 17:29:01,426:INFO:   Eta: 1:45:57
2022-05-13 17:29:12,447:INFO: Valid: [159][620/621]  Loss -8.3571 (-4.9561)
2022-05-13 17:30:23,165:INFO: Train: [160][2593/2594]  Loss -0.4420 (-1.7725)  Time:  0.444 (0.027)  Data Time:  0.021 (0.011)
2022-05-13 17:30:23,166:INFO:   Eta: 1:45:47
2022-05-13 17:30:33,956:INFO: Valid: [160][620/621]  Loss -8.3232 (-4.9346)
2022-05-13 17:31:45,461:INFO: Train: [161][2593/2594]  Loss -0.4661 (-1.6502)  Time:  0.427 (0.028)  Data Time:  0.021 (0.011)
2022-05-13 17:31:45,462:INFO:   Eta: 1:45:53
2022-05-13 17:31:56,207:INFO: Valid: [161][620/621]  Loss -8.2993 (-4.9304)
2022-05-13 17:33:05,931:INFO: Train: [162][2593/2594]  Loss -0.5223 (-1.7878)  Time:  0.391 (0.027)  Data Time:  0.021 (0.010)
2022-05-13 17:33:05,932:INFO:   Eta: 1:42:00
2022-05-13 17:33:16,973:INFO: Valid: [162][620/621]  Loss -8.2019 (-4.8749)
2022-05-13 17:34:28,788:INFO: Train: [163][2593/2594]  Loss -0.4515 (-1.7562)  Time:  0.529 (0.028)  Data Time:  0.021 (0.011)
2022-05-13 17:34:28,788:INFO:   Eta: 1:43:58
2022-05-13 17:34:39,383:INFO: Valid: [163][620/621]  Loss -8.0564 (-4.7864)
2022-05-13 17:35:49,940:INFO: Train: [164][2593/2594]  Loss -0.4672 (-1.7345)  Time:  0.394 (0.027)  Data Time:  0.001 (0.011)
2022-05-13 17:35:49,942:INFO:   Eta: 1:40:57
2022-05-13 17:36:00,625:INFO: Valid: [164][620/621]  Loss -8.1766 (-4.8531)
2022-05-13 17:36:40,324:INFO: Train: [165][2593/2594]  Loss -0.4672 (-1.7713)  Time:  0.169 (0.015)  Data Time:  0.000 (0.004)
2022-05-13 17:36:40,325:INFO:   Eta: 0:56:05
2022-05-13 17:36:46,575:INFO: Valid: [165][620/621]  Loss -8.5852 (-5.0921)
2022-05-13 17:36:46,699:INFO: Checkpoint saved...
2022-05-13 17:37:16,259:INFO: Train: [166][2593/2594]  Loss -0.4100 (-1.7483)  Time:  0.432 (0.011)  Data Time:  0.001 (0.001)
2022-05-13 17:37:16,260:INFO:   Eta: 0:41:12
2022-05-13 17:37:26,609:INFO: Valid: [166][620/621]  Loss -8.4984 (-5.0580)
2022-05-13 17:38:37,250:INFO: Train: [167][2593/2594]  Loss -0.4963 (-1.6692)  Time:  0.398 (0.027)  Data Time:  0.002 (0.011)
2022-05-13 17:38:37,251:INFO:   Eta: 1:37:33
2022-05-13 17:38:47,984:INFO: Valid: [167][620/621]  Loss -7.2295 (-4.2890)
2022-05-13 17:39:58,524:INFO: Train: [168][2593/2594]  Loss -0.4918 (-1.6411)  Time:  0.510 (0.027)  Data Time:  0.000 (0.011)
2022-05-13 17:39:58,525:INFO:   Eta: 1:36:14
2022-05-13 17:40:09,160:INFO: Valid: [168][620/621]  Loss -7.9479 (-4.7483)
2022-05-13 17:41:19,646:INFO: Train: [169][2593/2594]  Loss -0.4246 (-1.6716)  Time:  0.395 (0.027)  Data Time:  0.002 (0.011)
2022-05-13 17:41:19,647:INFO:   Eta: 1:34:57
2022-05-13 17:41:30,027:INFO: Valid: [169][620/621]  Loss -8.4584 (-4.9981)
2022-05-13 17:42:40,263:INFO: Train: [170][2593/2594]  Loss -0.4673 (-1.6873)  Time:  0.370 (0.027)  Data Time:  0.001 (0.010)
2022-05-13 17:42:40,265:INFO:   Eta: 1:33:29
2022-05-13 17:42:51,099:INFO: Valid: [170][620/621]  Loss -8.0955 (-4.7980)
2022-05-13 17:44:01,515:INFO: Train: [171][2593/2594]  Loss -0.4746 (-1.7763)  Time:  0.424 (0.027)  Data Time:  0.023 (0.010)
2022-05-13 17:44:01,517:INFO:   Eta: 1:32:33
2022-05-13 17:44:12,544:INFO: Valid: [171][620/621]  Loss -8.4556 (-5.0319)
2022-05-13 17:45:21,852:INFO: Train: [172][2593/2594]  Loss -0.4430 (-1.7835)  Time:  0.409 (0.027)  Data Time:  0.001 (0.010)
2022-05-13 17:45:21,853:INFO:   Eta: 1:29:56
2022-05-13 17:45:32,362:INFO: Valid: [172][620/621]  Loss -8.4527 (-4.9954)
2022-05-13 17:46:43,773:INFO: Train: [173][2593/2594]  Loss -0.4719 (-1.6919)  Time:  0.470 (0.027)  Data Time:  0.002 (0.011)
2022-05-13 17:46:43,774:INFO:   Eta: 1:31:26
2022-05-13 17:46:54,405:INFO: Valid: [173][620/621]  Loss -8.0890 (-4.8100)
2022-05-13 17:48:05,505:INFO: Train: [174][2593/2594]  Loss -0.4762 (-1.7657)  Time:  0.399 (0.027)  Data Time:  0.001 (0.011)
2022-05-13 17:48:05,506:INFO:   Eta: 1:29:54
2022-05-13 17:48:16,222:INFO: Valid: [174][620/621]  Loss -8.4547 (-5.0385)
2022-05-13 17:49:26,440:INFO: Train: [175][2593/2594]  Loss -0.5010 (-1.7776)  Time:  0.420 (0.027)  Data Time:  0.001 (0.011)
2022-05-13 17:49:26,442:INFO:   Eta: 1:27:37
2022-05-13 17:49:37,096:INFO: Valid: [175][620/621]  Loss -8.5399 (-5.0741)
2022-05-13 17:50:47,632:INFO: Train: [176][2593/2594]  Loss -0.5389 (-1.6726)  Time:  0.404 (0.027)  Data Time:  0.021 (0.011)
2022-05-13 17:50:47,633:INFO:   Eta: 1:26:45
2022-05-13 17:50:58,480:INFO: Valid: [176][620/621]  Loss -7.9126 (-4.7467)
2022-05-13 17:52:09,515:INFO: Train: [177][2593/2594]  Loss -0.4979 (-1.7873)  Time:  0.467 (0.027)  Data Time:  0.022 (0.011)
2022-05-13 17:52:09,517:INFO:   Eta: 1:26:17
2022-05-13 17:52:20,488:INFO: Valid: [177][620/621]  Loss -8.7184 (-5.1616)
2022-05-13 17:52:20,562:INFO: Checkpoint saved...
2022-05-13 17:53:06,204:INFO: Train: [178][2593/2594]  Loss -0.4751 (-1.7979)  Time:  0.172 (0.018)  Data Time:  0.000 (0.005)
2022-05-13 17:53:06,205:INFO:   Eta: 0:54:39
2022-05-13 17:53:12,698:INFO: Valid: [178][620/621]  Loss -8.5533 (-5.0912)
2022-05-13 17:53:50,695:INFO: Train: [179][2593/2594]  Loss -0.4952 (-1.7924)  Time:  0.170 (0.015)  Data Time:  0.000 (0.003)
2022-05-13 17:53:50,696:INFO:   Eta: 0:44:48
2022-05-13 17:53:57,523:INFO: Valid: [179][620/621]  Loss -7.9345 (-4.7419)
2022-05-13 17:54:32,085:INFO: Train: [180][2593/2594]  Loss -0.4460 (-1.6071)  Time:  0.378 (0.013)  Data Time:  0.001 (0.002)
2022-05-13 17:54:32,086:INFO:   Eta: 0:40:06
2022-05-13 17:54:42,990:INFO: Valid: [180][620/621]  Loss -8.4163 (-5.0117)
2022-05-13 17:55:56,205:INFO: Train: [181][2593/2594]  Loss -0.4677 (-1.7947)  Time:  0.520 (0.028)  Data Time:  0.021 (0.011)
2022-05-13 17:55:56,206:INFO:   Eta: 1:24:03
2022-05-13 17:56:07,708:INFO: Valid: [181][620/621]  Loss -7.8033 (-4.6659)
2022-05-13 17:57:20,624:INFO: Train: [182][2593/2594]  Loss -0.4453 (-1.7566)  Time:  0.419 (0.028)  Data Time:  0.001 (0.011)
2022-05-13 17:57:20,626:INFO:   Eta: 1:22:28
2022-05-13 17:57:31,832:INFO: Valid: [182][620/621]  Loss -7.7404 (-4.6209)
2022-05-13 17:58:44,851:INFO: Train: [183][2593/2594]  Loss -0.4646 (-1.7901)  Time:  0.428 (0.028)  Data Time:  0.004 (0.011)
2022-05-13 17:58:44,852:INFO:   Eta: 1:21:24
2022-05-13 17:58:55,781:INFO: Valid: [183][620/621]  Loss -8.4972 (-5.0370)
2022-05-13 18:00:08,401:INFO: Train: [184][2593/2594]  Loss -0.4261 (-1.8011)  Time:  0.424 (0.028)  Data Time:  0.023 (0.011)
2022-05-13 18:00:08,401:INFO:   Eta: 1:19:39
2022-05-13 18:00:19,546:INFO: Valid: [184][620/621]  Loss -7.9711 (-4.7402)
2022-05-13 18:01:31,915:INFO: Train: [185][2593/2594]  Loss -0.4830 (-1.7350)  Time:  0.420 (0.028)  Data Time:  0.001 (0.011)
2022-05-13 18:01:31,916:INFO:   Eta: 1:18:10
2022-05-13 18:01:42,669:INFO: Valid: [185][620/621]  Loss -7.8533 (-4.6715)
2022-05-13 18:02:55,214:INFO: Train: [186][2593/2594]  Loss -0.5007 (-1.7745)  Time:  0.371 (0.028)  Data Time:  0.001 (0.011)
2022-05-13 18:02:55,215:INFO:   Eta: 1:17:15
2022-05-13 18:03:06,829:INFO: Valid: [186][620/621]  Loss -8.6514 (-5.1523)
2022-05-13 18:04:19,634:INFO: Train: [187][2593/2594]  Loss -0.4388 (-1.8190)  Time:  0.459 (0.028)  Data Time:  0.002 (0.011)
2022-05-13 18:04:19,636:INFO:   Eta: 1:16:14
2022-05-13 18:04:30,272:INFO: Valid: [187][620/621]  Loss -8.5611 (-5.0930)
2022-05-13 18:05:42,676:INFO: Train: [188][2593/2594]  Loss -0.4469 (-1.8155)  Time:  0.487 (0.028)  Data Time:  0.003 (0.011)
2022-05-13 18:05:42,678:INFO:   Eta: 1:14:42
2022-05-13 18:05:53,779:INFO: Valid: [188][620/621]  Loss -7.6627 (-4.5756)
2022-05-13 18:07:06,436:INFO: Train: [189][2593/2594]  Loss -0.5155 (-1.6175)  Time:  0.413 (0.028)  Data Time:  0.000 (0.011)
2022-05-13 18:07:06,438:INFO:   Eta: 1:13:43
2022-05-13 18:07:17,506:INFO: Valid: [189][620/621]  Loss -8.6452 (-5.1399)
2022-05-13 18:08:29,679:INFO: Train: [190][2593/2594]  Loss -0.4767 (-1.7786)  Time:  0.397 (0.028)  Data Time:  0.002 (0.011)
2022-05-13 18:08:29,680:INFO:   Eta: 1:12:02
2022-05-13 18:08:40,772:INFO: Valid: [190][620/621]  Loss -8.5915 (-5.1212)
2022-05-13 18:09:41,601:INFO: Train: [191][2593/2594]  Loss -0.5081 (-1.7585)  Time:  0.168 (0.023)  Data Time:  0.000 (0.008)
2022-05-13 18:09:41,603:INFO:   Eta: 0:59:39
2022-05-13 18:09:47,689:INFO: Valid: [191][620/621]  Loss -7.7844 (-4.6488)
2022-05-13 18:10:12,455:INFO: Train: [192][2593/2594]  Loss -0.4813 (-1.7724)  Time:  0.166 (0.009)  Data Time:  0.000 (0.000)
2022-05-13 18:10:12,456:INFO:   Eta: 0:23:45
2022-05-13 18:10:19,471:INFO: Valid: [192][620/621]  Loss -8.0606 (-4.8201)
2022-05-13 18:11:29,362:INFO: Train: [193][2593/2594]  Loss -0.5947 (-1.7138)  Time:  0.488 (0.027)  Data Time:  0.022 (0.010)
2022-05-13 18:11:29,363:INFO:   Eta: 1:06:17
2022-05-13 18:11:40,247:INFO: Valid: [193][620/621]  Loss -8.4997 (-5.0731)
2022-05-13 18:12:52,609:INFO: Train: [194][2593/2594]  Loss -0.4706 (-1.7927)  Time:  0.474 (0.028)  Data Time:  0.016 (0.011)
2022-05-13 18:12:52,611:INFO:   Eta: 1:07:25
2022-05-13 18:13:03,396:INFO: Valid: [194][620/621]  Loss -8.4642 (-5.0602)
2022-05-13 18:14:12,684:INFO: Train: [195][2593/2594]  Loss -0.4692 (-1.7605)  Time:  0.395 (0.027)  Data Time:  0.001 (0.010)
2022-05-13 18:14:12,688:INFO:   Eta: 1:03:20
2022-05-13 18:14:23,338:INFO: Valid: [195][620/621]  Loss -8.2276 (-4.9000)
2022-05-13 18:15:34,778:INFO: Train: [196][2593/2594]  Loss -0.4495 (-1.8044)  Time:  0.365 (0.027)  Data Time:  0.002 (0.011)
2022-05-13 18:15:34,779:INFO:   Eta: 1:04:10
2022-05-13 18:15:45,467:INFO: Valid: [196][620/621]  Loss -8.6059 (-5.1248)
2022-05-13 18:16:57,455:INFO: Train: [197][2593/2594]  Loss -0.3840 (-1.7933)  Time:  0.400 (0.028)  Data Time:  0.002 (0.011)
2022-05-13 18:16:57,456:INFO:   Eta: 1:03:28
2022-05-13 18:17:08,211:INFO: Valid: [197][620/621]  Loss -8.7327 (-5.1866)
2022-05-13 18:17:08,293:INFO: Checkpoint saved...
2022-05-13 18:18:20,119:INFO: Train: [198][2593/2594]  Loss -0.5237 (-1.7548)  Time:  0.463 (0.028)  Data Time:  0.021 (0.011)
2022-05-13 18:18:20,120:INFO:   Eta: 1:02:09
2022-05-13 18:18:31,071:INFO: Valid: [198][620/621]  Loss -8.4990 (-5.0478)
2022-05-13 18:19:41,802:INFO: Train: [199][2593/2594]  Loss -0.4548 (-1.7633)  Time:  0.460 (0.027)  Data Time:  0.021 (0.010)
2022-05-13 18:19:41,803:INFO:   Eta: 1:00:01
2022-05-13 18:19:52,548:INFO: Valid: [199][620/621]  Loss -7.7685 (-4.6463)
2022-05-13 18:21:03,234:INFO: Train: [200][2593/2594]  Loss -0.4990 (-1.6569)  Time:  0.455 (0.027)  Data Time:  0.021 (0.011)
2022-05-13 18:21:03,234:INFO:   Eta: 0:58:42
2022-05-13 18:21:14,004:INFO: Valid: [200][620/621]  Loss -8.0908 (-4.8221)
2022-05-13 18:22:24,443:INFO: Train: [201][2593/2594]  Loss -0.5314 (-1.8112)  Time:  0.461 (0.027)  Data Time:  0.020 (0.010)
2022-05-13 18:22:24,444:INFO:   Eta: 0:57:21
2022-05-13 18:22:35,053:INFO: Valid: [201][620/621]  Loss -8.5308 (-5.0724)
2022-05-13 18:23:46,203:INFO: Train: [202][2593/2594]  Loss -0.5061 (-1.8326)  Time:  0.428 (0.027)  Data Time:  0.001 (0.011)
2022-05-13 18:23:46,204:INFO:   Eta: 0:56:49
2022-05-13 18:23:57,153:INFO: Valid: [202][620/621]  Loss -7.8960 (-4.6727)
2022-05-13 18:25:06,951:INFO: Train: [203][2593/2594]  Loss -0.4941 (-1.6034)  Time:  0.436 (0.027)  Data Time:  0.022 (0.011)
2022-05-13 18:25:06,952:INFO:   Eta: 0:54:33
2022-05-13 18:25:17,452:INFO: Valid: [203][620/621]  Loss -8.2445 (-4.9057)
2022-05-13 18:26:10,479:INFO: Train: [204][2593/2594]  Loss -0.4514 (-1.7474)  Time:  0.165 (0.020)  Data Time:  0.000 (0.006)
2022-05-13 18:26:10,481:INFO:   Eta: 0:40:33
2022-05-13 18:26:16,487:INFO: Valid: [204][620/621]  Loss -8.5395 (-5.0921)
2022-05-13 18:26:42,708:INFO: Train: [205][2593/2594]  Loss -0.5034 (-1.8097)  Time:  0.185 (0.010)  Data Time:  0.000 (0.000)
2022-05-13 18:26:42,709:INFO:   Eta: 0:19:32
2022-05-13 18:26:52,387:INFO: Valid: [205][620/621]  Loss -8.2577 (-4.9347)
2022-05-13 18:28:03,299:INFO: Train: [206][2593/2594]  Loss -0.4854 (-1.8386)  Time:  0.422 (0.027)  Data Time:  0.013 (0.010)
2022-05-13 18:28:03,300:INFO:   Eta: 0:51:55
2022-05-13 18:28:14,217:INFO: Valid: [206][620/621]  Loss -8.5253 (-5.0844)
2022-05-13 18:29:25,750:INFO: Train: [207][2593/2594]  Loss -0.4621 (-1.8202)  Time:  0.507 (0.028)  Data Time:  0.022 (0.010)
2022-05-13 18:29:25,752:INFO:   Eta: 0:51:08
2022-05-13 18:29:36,979:INFO: Valid: [207][620/621]  Loss -8.1088 (-4.8502)
2022-05-13 18:30:48,013:INFO: Train: [208][2593/2594]  Loss -0.4692 (-1.8508)  Time:  0.401 (0.027)  Data Time:  0.021 (0.011)
2022-05-13 18:30:48,014:INFO:   Eta: 0:49:37
2022-05-13 18:30:58,329:INFO: Valid: [208][620/621]  Loss -8.3724 (-4.9805)
2022-05-13 18:32:11,300:INFO: Train: [209][2593/2594]  Loss -0.4933 (-1.7846)  Time:  0.437 (0.028)  Data Time:  0.001 (0.011)
2022-05-13 18:32:11,300:INFO:   Eta: 0:49:47
2022-05-13 18:32:22,141:INFO: Valid: [209][620/621]  Loss -8.3087 (-4.9557)
2022-05-13 18:33:33,968:INFO: Train: [210][2593/2594]  Loss -0.4799 (-1.6570)  Time:  0.490 (0.028)  Data Time:  0.021 (0.011)
2022-05-13 18:33:33,970:INFO:   Eta: 0:47:46
2022-05-13 18:33:44,555:INFO: Valid: [210][620/621]  Loss -7.5664 (-4.5381)
2022-05-13 18:34:56,539:INFO: Train: [211][2593/2594]  Loss -0.4592 (-1.8184)  Time:  0.587 (0.028)  Data Time:  0.021 (0.011)
2022-05-13 18:34:56,541:INFO:   Eta: 0:46:43
2022-05-13 18:35:07,429:INFO: Valid: [211][620/621]  Loss -8.3741 (-4.9706)
2022-05-13 18:36:18,595:INFO: Train: [212][2593/2594]  Loss -0.4051 (-1.8250)  Time:  0.375 (0.027)  Data Time:  0.000 (0.010)
2022-05-13 18:36:18,596:INFO:   Eta: 0:44:51
2022-05-13 18:36:29,440:INFO: Valid: [212][620/621]  Loss -8.5584 (-5.0940)
2022-05-13 18:37:41,350:INFO: Train: [213][2593/2594]  Loss -0.4242 (-1.6798)  Time:  0.415 (0.028)  Data Time:  0.000 (0.010)
2022-05-13 18:37:41,352:INFO:   Eta: 0:44:08
2022-05-13 18:37:52,245:INFO: Valid: [213][620/621]  Loss -8.1518 (-4.8886)
2022-05-13 18:39:03,173:INFO: Train: [214][2593/2594]  Loss -0.4432 (-1.8135)  Time:  0.422 (0.027)  Data Time:  0.002 (0.011)
2022-05-13 18:39:03,175:INFO:   Eta: 0:42:23
2022-05-13 18:39:14,143:INFO: Valid: [214][620/621]  Loss -8.2914 (-4.9690)
2022-05-13 18:40:27,536:INFO: Train: [215][2593/2594]  Loss -0.4942 (-1.8107)  Time:  0.547 (0.028)  Data Time:  0.023 (0.011)
2022-05-13 18:40:27,537:INFO:   Eta: 0:42:39
2022-05-13 18:40:38,308:INFO: Valid: [215][620/621]  Loss -8.6213 (-5.1294)
2022-05-13 18:41:49,844:INFO: Train: [216][2593/2594]  Loss -0.5125 (-1.8152)  Time:  0.401 (0.028)  Data Time:  0.003 (0.010)
2022-05-13 18:41:49,845:INFO:   Eta: 0:40:25
2022-05-13 18:42:00,849:INFO: Valid: [216][620/621]  Loss -8.2397 (-4.9406)
2022-05-13 18:42:31,059:INFO: Train: [217][2593/2594]  Loss -0.4785 (-1.6921)  Time:  0.170 (0.012)  Data Time:  0.000 (0.002)
2022-05-13 18:42:31,060:INFO:   Eta: 0:16:32
2022-05-13 18:42:37,535:INFO: Valid: [217][620/621]  Loss -8.0695 (-4.8255)
2022-05-13 18:43:30,008:INFO: Train: [218][2593/2594]  Loss -0.5068 (-1.8122)  Time:  0.379 (0.020)  Data Time:  0.001 (0.006)
2022-05-13 18:43:30,032:INFO:   Eta: 0:27:53
2022-05-13 18:43:41,031:INFO: Valid: [218][620/621]  Loss -8.4868 (-5.0626)
2022-05-13 18:44:53,777:INFO: Train: [219][2593/2594]  Loss -0.5076 (-1.7922)  Time:  0.497 (0.028)  Data Time:  0.022 (0.011)
2022-05-13 18:44:53,778:INFO:   Eta: 0:37:28
2022-05-13 18:45:04,649:INFO: Valid: [219][620/621]  Loss -7.9104 (-4.7019)
2022-05-13 18:46:16,031:INFO: Train: [220][2593/2594]  Loss -0.4906 (-1.8142)  Time:  0.513 (0.027)  Data Time:  0.021 (0.011)
2022-05-13 18:46:16,033:INFO:   Eta: 0:35:38
2022-05-13 18:46:26,931:INFO: Valid: [220][620/621]  Loss -8.4694 (-5.0191)
2022-05-13 18:47:36,734:INFO: Train: [221][2593/2594]  Loss -0.4537 (-1.8102)  Time:  0.409 (0.027)  Data Time:  0.022 (0.010)
2022-05-13 18:47:36,735:INFO:   Eta: 0:33:40
2022-05-13 18:47:47,355:INFO: Valid: [221][620/621]  Loss -8.5516 (-5.0870)
2022-05-13 18:48:59,206:INFO: Train: [222][2593/2594]  Loss -0.4514 (-1.7700)  Time:  0.405 (0.027)  Data Time:  0.001 (0.011)
2022-05-13 18:48:59,208:INFO:   Eta: 0:33:14
2022-05-13 18:49:10,330:INFO: Valid: [222][620/621]  Loss -7.0104 (-4.1764)
2022-05-13 18:50:19,917:INFO: Train: [223][2593/2594]  Loss -0.4683 (-1.7951)  Time:  0.396 (0.027)  Data Time:  0.002 (0.010)
2022-05-13 18:50:19,919:INFO:   Eta: 0:31:15
2022-05-13 18:50:30,616:INFO: Valid: [223][620/621]  Loss -7.7083 (-4.5798)
2022-05-13 18:51:39,478:INFO: Train: [224][2593/2594]  Loss -0.5330 (-1.8132)  Time:  0.389 (0.026)  Data Time:  0.000 (0.010)
2022-05-13 18:51:39,479:INFO:   Eta: 0:29:47
2022-05-13 18:51:50,042:INFO: Valid: [224][620/621]  Loss -8.5419 (-5.0861)
2022-05-13 18:53:01,104:INFO: Train: [225][2593/2594]  Loss -0.4359 (-1.6384)  Time:  0.436 (0.027)  Data Time:  0.015 (0.011)
2022-05-13 18:53:01,105:INFO:   Eta: 0:29:30
2022-05-13 18:53:11,807:INFO: Valid: [225][620/621]  Loss -8.1474 (-4.8312)
2022-05-13 18:54:24,365:INFO: Train: [226][2593/2594]  Loss -0.5263 (-1.8030)  Time:  0.402 (0.028)  Data Time:  0.001 (0.011)
2022-05-13 18:54:24,367:INFO:   Eta: 0:28:58
2022-05-13 18:54:35,416:INFO: Valid: [226][620/621]  Loss -8.4557 (-5.0343)
2022-05-13 18:55:48,831:INFO: Train: [227][2593/2594]  Loss -0.4482 (-1.8413)  Time:  0.405 (0.028)  Data Time:  0.001 (0.011)
2022-05-13 18:55:48,833:INFO:   Eta: 0:28:05
2022-05-13 18:55:59,508:INFO: Valid: [227][620/621]  Loss -8.2482 (-4.9492)
2022-05-13 18:57:13,189:INFO: Train: [228][2593/2594]  Loss -0.5120 (-1.8286)  Time:  0.385 (0.028)  Data Time:  0.001 (0.011)
2022-05-13 18:57:13,190:INFO:   Eta: 0:26:56
2022-05-13 18:57:23,959:INFO: Valid: [228][620/621]  Loss -8.2072 (-4.8977)
2022-05-13 18:58:32,265:INFO: Train: [229][2593/2594]  Loss -0.4639 (-1.6861)  Time:  0.217 (0.026)  Data Time:  0.000 (0.010)
2022-05-13 18:58:32,266:INFO:   Eta: 0:23:51
2022-05-13 18:58:38,267:INFO: Valid: [229][620/621]  Loss -8.1159 (-4.8425)
2022-05-13 18:59:02,654:INFO: Train: [230][2593/2594]  Loss -0.4166 (-1.7978)  Time:  0.181 (0.009)  Data Time:  0.000 (0.000)
2022-05-13 18:59:02,655:INFO:   Eta: 0:08:05
2022-05-13 18:59:09,250:INFO: Valid: [230][620/621]  Loss -8.3110 (-4.9526)
2022-05-13 19:00:10,822:INFO: Train: [231][2593/2594]  Loss -0.4673 (-1.8240)  Time:  0.446 (0.024)  Data Time:  0.021 (0.008)
2022-05-13 19:00:10,823:INFO:   Eta: 0:19:27
2022-05-13 19:00:21,708:INFO: Valid: [231][620/621]  Loss -8.6619 (-5.1520)
2022-05-13 19:01:33,183:INFO: Train: [232][2593/2594]  Loss -0.4383 (-1.8446)  Time:  0.355 (0.028)  Data Time:  0.000 (0.010)
2022-05-13 19:01:33,185:INFO:   Eta: 0:21:24
2022-05-13 19:01:44,112:INFO: Valid: [232][620/621]  Loss -8.6995 (-5.1823)
2022-05-13 19:02:57,713:INFO: Train: [233][2593/2594]  Loss -0.4885 (-1.7959)  Time:  0.490 (0.028)  Data Time:  0.000 (0.011)
2022-05-13 19:02:57,715:INFO:   Eta: 0:20:46
2022-05-13 19:03:08,600:INFO: Valid: [233][620/621]  Loss -7.8182 (-4.6810)
2022-05-13 19:04:23,292:INFO: Train: [234][2593/2594]  Loss -0.4423 (-1.6194)  Time:  0.391 (0.029)  Data Time:  0.021 (0.012)
2022-05-13 19:04:23,293:INFO:   Eta: 0:19:53
2022-05-13 19:04:34,109:INFO: Valid: [234][620/621]  Loss -7.7020 (-4.6076)
2022-05-13 19:05:45,472:INFO: Train: [235][2593/2594]  Loss -0.5277 (-1.8172)  Time:  0.482 (0.027)  Data Time:  0.021 (0.011)
2022-05-13 19:05:45,473:INFO:   Eta: 0:17:48
2022-05-13 19:05:56,219:INFO: Valid: [235][620/621]  Loss -8.5778 (-5.1253)
2022-05-13 19:07:07,504:INFO: Train: [236][2593/2594]  Loss -0.4551 (-1.6965)  Time:  0.451 (0.027)  Data Time:  0.022 (0.011)
2022-05-13 19:07:07,505:INFO:   Eta: 0:16:36
2022-05-13 19:07:17,918:INFO: Valid: [236][620/621]  Loss -8.4686 (-5.0431)
2022-05-13 19:08:29,355:INFO: Train: [237][2593/2594]  Loss -0.4393 (-1.7754)  Time:  0.513 (0.027)  Data Time:  0.021 (0.011)
2022-05-13 19:08:29,356:INFO:   Eta: 0:15:27
2022-05-13 19:08:39,961:INFO: Valid: [237][620/621]  Loss -8.2525 (-4.9230)
2022-05-13 19:09:52,401:INFO: Train: [238][2593/2594]  Loss -0.4600 (-1.8440)  Time:  0.448 (0.028)  Data Time:  0.000 (0.011)
2022-05-13 19:09:52,402:INFO:   Eta: 0:14:27
2022-05-13 19:10:03,228:INFO: Valid: [238][620/621]  Loss -8.4610 (-5.0310)
2022-05-13 19:11:13,910:INFO: Train: [239][2593/2594]  Loss -0.4243 (-1.6360)  Time:  0.521 (0.027)  Data Time:  0.020 (0.010)
2022-05-13 19:11:13,911:INFO:   Eta: 0:12:55
2022-05-13 19:11:24,556:INFO: Valid: [239][620/621]  Loss -8.5229 (-5.0825)
2022-05-13 19:12:35,903:INFO: Train: [240][2593/2594]  Loss -0.4964 (-1.8398)  Time:  0.462 (0.027)  Data Time:  0.021 (0.011)
2022-05-13 19:12:35,963:INFO:   Eta: 0:11:52
2022-05-13 19:12:46,843:INFO: Valid: [240][620/621]  Loss -8.1240 (-4.8822)
2022-05-13 19:13:58,761:INFO: Train: [241][2593/2594]  Loss -0.5241 (-1.6560)  Time:  0.522 (0.028)  Data Time:  0.016 (0.011)
2022-05-13 19:13:58,762:INFO:   Eta: 0:10:45
2022-05-13 19:14:09,938:INFO: Valid: [241][620/621]  Loss -8.2216 (-4.8726)
2022-05-13 19:14:54,470:INFO: Train: [242][2593/2594]  Loss -0.5329 (-1.8383)  Time:  0.194 (0.017)  Data Time:  0.000 (0.005)
2022-05-13 19:14:54,472:INFO:   Eta: 0:05:55
2022-05-13 19:15:00,759:INFO: Valid: [242][620/621]  Loss -7.6306 (-4.5577)
2022-05-13 19:15:37,745:INFO: Train: [243][2593/2594]  Loss -0.4505 (-1.6589)  Time:  0.408 (0.014)  Data Time:  0.021 (0.003)
2022-05-13 19:15:37,746:INFO:   Eta: 0:04:17
2022-05-13 19:15:48,316:INFO: Valid: [243][620/621]  Loss -7.9942 (-4.7804)
2022-05-13 19:17:00,378:INFO: Train: [244][2593/2594]  Loss -0.4781 (-1.8628)  Time:  0.418 (0.028)  Data Time:  0.022 (0.011)
2022-05-13 19:17:00,379:INFO:   Eta: 0:07:11
2022-05-13 19:17:11,277:INFO: Valid: [244][620/621]  Loss -8.5610 (-5.1155)
2022-05-13 19:18:23,369:INFO: Train: [245][2593/2594]  Loss -0.5149 (-1.8198)  Time:  0.378 (0.028)  Data Time:  0.000 (0.011)
2022-05-13 19:18:23,370:INFO:   Eta: 0:05:59
2022-05-13 19:18:34,113:INFO: Valid: [245][620/621]  Loss -7.5330 (-4.4897)
2022-05-13 19:19:48,119:INFO: Train: [246][2593/2594]  Loss -0.4649 (-1.8352)  Time:  0.422 (0.028)  Data Time:  0.000 (0.011)
2022-05-13 19:19:48,121:INFO:   Eta: 0:04:55
2022-05-13 19:19:59,232:INFO: Valid: [246][620/621]  Loss -8.2910 (-4.9585)
2022-05-13 19:21:12,766:INFO: Train: [247][2593/2594]  Loss -0.4191 (-1.7552)  Time:  0.491 (0.028)  Data Time:  0.021 (0.011)
2022-05-13 19:21:12,767:INFO:   Eta: 0:03:40
2022-05-13 19:21:23,759:INFO: Valid: [247][620/621]  Loss -8.3866 (-5.0221)
2022-05-13 19:22:37,382:INFO: Train: [248][2593/2594]  Loss -0.4824 (-1.7435)  Time:  0.419 (0.028)  Data Time:  0.001 (0.011)
2022-05-13 19:22:37,383:INFO:   Eta: 0:02:26
2022-05-13 19:22:48,121:INFO: Valid: [248][620/621]  Loss -8.4959 (-5.0910)
2022-05-13 19:24:00,045:INFO: Train: [249][2593/2594]  Loss -0.4578 (-1.8352)  Time:  0.407 (0.028)  Data Time:  0.001 (0.011)
2022-05-13 19:24:00,047:INFO:   Eta: 0:01:11
2022-05-13 19:24:11,024:INFO: Valid: [249][620/621]  Loss -7.7876 (-4.6603)
2022-05-13 19:24:22,343:INFO: Test: [0]  ADE: 0.7364  FDE: 1.2994
2022-05-13 19:24:45,306:INFO: Test: [0]  ADE: 0.4296  FDE: 0.7257
2022-05-13 19:27:44,958:INFO: Test: [0]  ADE: 0.4712  FDE: 0.8585
2022-05-13 19:28:29,142:INFO: Test: [0]  ADE: 0.3709  FDE: 0.5711
2022-05-13 19:29:48,648:INFO: Test: [0]  ADE: 0.3170  FDE: 0.5181
2022-05-13 19:29:48,656:INFO: 9-0.5xlr 0.736/1.299 0.430/0.726 0.471/0.858 0.371/0.571 0.317/0.5180.465/0.795
2022-05-13 19:29:48,657:INFO: 9-0.5xlr 0.736  0.430  0.471  0.371  0.317 0.465
2022-05-13 19:29:48,657:INFO: 9-0.5xlr 1.299  0.726  0.858  0.571  0.518 0.795
