2022-03-31 08:54:31,495:INFO: batch_size=128
2022-03-31 08:54:31,495:INFO: clip_grad=None
2022-03-31 08:54:31,495:INFO: dataset=eth
2022-03-31 08:54:31,495:INFO: gpu_num=0
2022-03-31 08:54:31,495:INFO: input_size=2
2022-03-31 08:54:31,495:INFO: kernel_size=3
2022-03-31 08:54:31,495:INFO: lr=0.01
2022-03-31 08:54:31,496:INFO: lr_sh_rate=150
2022-03-31 08:54:31,496:INFO: model=social_stgcnn1
2022-03-31 08:54:31,496:INFO: n_stgcnn=1
2022-03-31 08:54:31,496:INFO: n_txpcnn=5
2022-03-31 08:54:31,496:INFO: num_epochs=250
2022-03-31 08:54:31,496:INFO: obs_seq_len=8
2022-03-31 08:54:31,496:INFO: output_size=5
2022-03-31 08:54:31,496:INFO: pred_seq_len=12
2022-03-31 08:54:31,496:INFO: seed=0
2022-03-31 08:54:31,497:INFO: tag=eth
2022-03-31 08:54:31,497:INFO: use_lrschd=True
2022-03-31 08:54:31,497:INFO: ******************************
2022-03-31 08:54:31,497:INFO: Training initiating....
2022-03-31 08:54:31,497:INFO: Namespace(batch_size=128, clip_grad=None, dataset='eth', gpu_num='0', input_size=2, kernel_size=3, lr=0.01, lr_sh_rate=150, model='social_stgcnn1', n_stgcnn=1, n_txpcnn=5, num_epochs=250, obs_seq_len=8, output_size=5, pred_seq_len=12, seed=0, tag='eth', use_lrschd=True)
2022-03-31 08:54:31,502:INFO: Initializing train dataset
2022-03-31 08:54:40,222:INFO: Initializing val dataset
2022-03-31 08:54:48,072:INFO: social_stgcnn1
2022-03-31 08:54:48,073:INFO: Data and model loaded
2022-03-31 08:54:48,073:INFO: Checkpoint dir: ./runs/Mar31_08-54-31_node06/eth/checkpoint
2022-03-31 08:54:48,073:INFO: Training started ...
2022-03-31 08:55:19,904:INFO: Train: [0][2784/2785]  Loss 0.6038 (1.2959)  Time:  0.432 (0.011)  Data Time:  0.005 (0.005)
2022-03-31 08:55:19,905:INFO:   Eta: 2:12:35
2022-03-31 08:55:51,704:INFO: Train: [1][2784/2785]  Loss 0.4183 (0.5999)  Time:  0.505 (0.011)  Data Time:  0.005 (0.005)
2022-03-31 08:55:51,705:INFO:   Eta: 2:11:54
2022-03-31 08:56:23,336:INFO: Train: [2][2784/2785]  Loss 0.2290 (0.3680)  Time:  0.443 (0.011)  Data Time:  0.004 (0.005)
2022-03-31 08:56:23,337:INFO:   Eta: 2:10:39
2022-03-31 08:56:55,333:INFO: Train: [3][2784/2785]  Loss 0.3248 (0.2979)  Time:  0.446 (0.011)  Data Time:  0.004 (0.005)
2022-03-31 08:56:55,334:INFO:   Eta: 2:11:39
2022-03-31 08:57:25,965:INFO: Train: [4][2784/2785]  Loss 0.1791 (0.1143)  Time:  0.376 (0.011)  Data Time:  0.003 (0.004)
2022-03-31 08:57:26,144:INFO:   Eta: 2:05:32
2022-03-31 08:57:55,186:INFO: Train: [5][2784/2785]  Loss -0.1496 (-0.0947)  Time:  0.336 (0.010)  Data Time:  0.002 (0.003)
2022-03-31 08:57:55,231:INFO:   Eta: 1:50:05
2022-03-31 08:58:18,764:INFO: Train: [6][2784/2785]  Loss -0.0310 (-0.0279)  Time:  0.392 (0.008)  Data Time:  0.004 (0.002)
2022-03-31 08:58:18,765:INFO:   Eta: 1:34:55
2022-03-31 08:58:20,638:INFO: Test: [6]  ADE: 1.0351  FDE: 1.5132
2022-03-31 08:58:49,491:INFO: Train: [7][2784/2785]  Loss -0.2132 (-0.2284)  Time:  0.423 (0.010)  Data Time:  0.004 (0.004)
2022-03-31 08:58:49,494:INFO:   Eta: 1:56:48
2022-03-31 08:59:20,357:INFO: Train: [8][2784/2785]  Loss -0.2604 (-0.2827)  Time:  0.504 (0.011)  Data Time:  0.004 (0.004)
2022-03-31 08:59:20,357:INFO:   Eta: 2:04:19
2022-03-31 08:59:52,944:INFO: Train: [9][2784/2785]  Loss -0.3567 (-0.2319)  Time:  0.433 (0.012)  Data Time:  0.004 (0.005)
2022-03-31 08:59:52,945:INFO:   Eta: 2:10:49
2022-03-31 09:00:25,707:INFO: Train: [10][2784/2785]  Loss -0.2920 (-0.4184)  Time:  0.460 (0.012)  Data Time:  0.005 (0.005)
2022-03-31 09:00:25,709:INFO:   Eta: 2:10:56
2022-03-31 09:00:58,567:INFO: Train: [11][2784/2785]  Loss -0.0475 (-0.4713)  Time:  0.474 (0.012)  Data Time:  0.005 (0.005)
2022-03-31 09:00:58,569:INFO:   Eta: 2:10:48
2022-03-31 09:01:31,226:INFO: Train: [12][2784/2785]  Loss -0.5323 (-0.5518)  Time:  0.444 (0.012)  Data Time:  0.005 (0.005)
2022-03-31 09:01:31,228:INFO:   Eta: 2:09:16
2022-03-31 09:02:04,310:INFO: Train: [13][2784/2785]  Loss -0.5652 (-0.5605)  Time:  0.484 (0.012)  Data Time:  0.004 (0.005)
2022-03-31 09:02:04,312:INFO:   Eta: 2:10:35
2022-03-31 09:02:34,915:INFO: Train: [14][2784/2785]  Loss -0.5760 (-0.5799)  Time:  0.417 (0.011)  Data Time:  0.003 (0.004)
2022-03-31 09:02:34,915:INFO:   Eta: 2:00:17
2022-03-31 09:03:06,062:INFO: Train: [15][2784/2785]  Loss -0.5712 (-0.6136)  Time:  0.466 (0.011)  Data Time:  0.004 (0.004)
2022-03-31 09:03:06,064:INFO:   Eta: 2:01:55
2022-03-31 09:03:35,090:INFO: Train: [16][2784/2785]  Loss -0.4286 (-0.7442)  Time:  0.423 (0.010)  Data Time:  0.003 (0.004)
2022-03-31 09:03:35,091:INFO:   Eta: 1:53:07
2022-03-31 09:03:37,047:INFO: Test: [16]  ADE: 1.0731  FDE: 1.7764
2022-03-31 09:04:06,141:INFO: Train: [17][2784/2785]  Loss -0.6836 (-0.6734)  Time:  0.433 (0.010)  Data Time:  0.004 (0.004)
2022-03-31 09:04:06,142:INFO:   Eta: 1:52:54
2022-03-31 09:04:35,485:INFO: Train: [18][2784/2785]  Loss -0.6092 (-0.7194)  Time:  0.423 (0.011)  Data Time:  0.004 (0.004)
2022-03-31 09:04:35,486:INFO:   Eta: 1:53:21
2022-03-31 09:05:08,242:INFO: Train: [19][2784/2785]  Loss -0.7449 (-0.8213)  Time:  0.462 (0.012)  Data Time:  0.005 (0.005)
2022-03-31 09:05:08,245:INFO:   Eta: 2:06:03
2022-03-31 09:05:41,611:INFO: Train: [20][2784/2785]  Loss -0.5865 (-0.6937)  Time:  0.469 (0.012)  Data Time:  0.005 (0.005)
2022-03-31 09:05:41,612:INFO:   Eta: 2:07:48
2022-03-31 09:06:14,488:INFO: Train: [21][2784/2785]  Loss -0.7440 (-0.8551)  Time:  0.460 (0.012)  Data Time:  0.004 (0.005)
2022-03-31 09:06:14,489:INFO:   Eta: 2:05:24
2022-03-31 09:06:47,629:INFO: Train: [22][2784/2785]  Loss -0.7000 (-0.7888)  Time:  0.468 (0.012)  Data Time:  0.005 (0.005)
2022-03-31 09:06:47,630:INFO:   Eta: 2:05:52
2022-03-31 09:07:17,118:INFO: Train: [23][2784/2785]  Loss -0.7697 (-0.8956)  Time:  0.419 (0.011)  Data Time:  0.003 (0.004)
2022-03-31 09:07:17,120:INFO:   Eta: 1:51:30
2022-03-31 09:07:49,165:INFO: Train: [24][2784/2785]  Loss -0.5733 (-0.8868)  Time:  0.471 (0.011)  Data Time:  0.005 (0.004)
2022-03-31 09:07:49,166:INFO:   Eta: 2:00:37
2022-03-31 09:08:22,063:INFO: Train: [25][2784/2785]  Loss -0.6316 (-0.8950)  Time:  0.461 (0.012)  Data Time:  0.005 (0.005)
2022-03-31 09:08:22,063:INFO:   Eta: 2:03:17
2022-03-31 09:08:55,071:INFO: Train: [26][2784/2785]  Loss -0.6970 (-0.9487)  Time:  0.438 (0.012)  Data Time:  0.004 (0.005)
2022-03-31 09:08:55,073:INFO:   Eta: 2:03:10
2022-03-31 09:08:57,076:INFO: Test: [26]  ADE: 0.7701  FDE: 1.2581
2022-03-31 09:09:26,313:INFO: Train: [27][2784/2785]  Loss -0.5633 (-0.8455)  Time:  0.399 (0.010)  Data Time:  0.002 (0.004)
2022-03-31 09:09:26,314:INFO:   Eta: 1:48:36
2022-03-31 09:09:55,201:INFO: Train: [28][2784/2785]  Loss -0.5797 (-0.9038)  Time:  0.414 (0.010)  Data Time:  0.004 (0.004)
2022-03-31 09:09:55,202:INFO:   Eta: 1:46:47
2022-03-31 09:10:25,155:INFO: Train: [29][2784/2785]  Loss -0.6904 (-0.9918)  Time:  0.458 (0.011)  Data Time:  0.004 (0.004)
2022-03-31 09:10:25,157:INFO:   Eta: 1:50:16
2022-03-31 09:10:58,531:INFO: Train: [30][2784/2785]  Loss -0.8859 (-1.0005)  Time:  0.469 (0.012)  Data Time:  0.006 (0.005)
2022-03-31 09:10:58,533:INFO:   Eta: 2:02:17
2022-03-31 09:11:30,990:INFO: Train: [31][2784/2785]  Loss -0.8451 (-0.9989)  Time:  0.421 (0.012)  Data Time:  0.004 (0.004)
2022-03-31 09:11:30,992:INFO:   Eta: 1:58:23
2022-03-31 09:12:00,186:INFO: Train: [32][2784/2785]  Loss -0.8761 (-1.0175)  Time:  0.411 (0.010)  Data Time:  0.004 (0.004)
2022-03-31 09:12:00,187:INFO:   Eta: 1:45:59
2022-03-31 09:12:32,543:INFO: Train: [33][2784/2785]  Loss -0.6560 (-1.0760)  Time:  0.478 (0.012)  Data Time:  0.004 (0.004)
2022-03-31 09:12:32,556:INFO:   Eta: 1:56:57
2022-03-31 09:13:05,743:INFO: Train: [34][2784/2785]  Loss -0.9619 (-1.0355)  Time:  0.463 (0.012)  Data Time:  0.004 (0.005)
2022-03-31 09:13:05,743:INFO:   Eta: 1:59:22
2022-03-31 09:13:38,421:INFO: Train: [35][2784/2785]  Loss -0.8220 (-1.0618)  Time:  0.447 (0.012)  Data Time:  0.003 (0.004)
2022-03-31 09:13:38,422:INFO:   Eta: 1:57:02
2022-03-31 09:14:12,200:INFO: Train: [36][2784/2785]  Loss -0.8479 (-1.1414)  Time:  0.454 (0.012)  Data Time:  0.005 (0.005)
2022-03-31 09:14:12,201:INFO:   Eta: 2:00:23
2022-03-31 09:14:14,375:INFO: Test: [36]  ADE: 0.7927  FDE: 1.3686
2022-03-31 09:14:44,550:INFO: Train: [37][2784/2785]  Loss -0.9832 (-1.0570)  Time:  0.409 (0.011)  Data Time:  0.004 (0.004)
2022-03-31 09:14:44,551:INFO:   Eta: 1:47:04
2022-03-31 09:15:13,237:INFO: Train: [38][2784/2785]  Loss -0.7539 (-1.1428)  Time:  0.422 (0.010)  Data Time:  0.003 (0.004)
2022-03-31 09:15:13,238:INFO:   Eta: 1:41:17
2022-03-31 09:15:42,364:INFO: Train: [39][2784/2785]  Loss -0.7465 (-1.1295)  Time:  0.413 (0.010)  Data Time:  0.004 (0.004)
2022-03-31 09:15:42,365:INFO:   Eta: 1:42:22
2022-03-31 09:16:12,465:INFO: Train: [40][2784/2785]  Loss -0.8943 (-1.1693)  Time:  0.437 (0.011)  Data Time:  0.004 (0.004)
2022-03-31 09:16:12,466:INFO:   Eta: 1:45:16
2022-03-31 09:16:42,641:INFO: Train: [41][2784/2785]  Loss -0.8151 (-1.1952)  Time:  0.474 (0.011)  Data Time:  0.004 (0.004)
2022-03-31 09:16:42,643:INFO:   Eta: 1:45:00
2022-03-31 09:17:15,837:INFO: Train: [42][2784/2785]  Loss -1.0003 (-1.2235)  Time:  0.485 (0.012)  Data Time:  0.004 (0.005)
2022-03-31 09:17:15,838:INFO:   Eta: 1:54:59
2022-03-31 09:17:48,572:INFO: Train: [43][2784/2785]  Loss -0.6628 (-1.1817)  Time:  0.461 (0.012)  Data Time:  0.005 (0.004)
2022-03-31 09:17:48,573:INFO:   Eta: 1:52:49
2022-03-31 09:18:21,715:INFO: Train: [44][2784/2785]  Loss -0.8347 (-1.1800)  Time:  0.450 (0.012)  Data Time:  0.003 (0.005)
2022-03-31 09:18:21,717:INFO:   Eta: 1:53:42
2022-03-31 09:18:55,840:INFO: Train: [45][2784/2785]  Loss -0.9359 (-1.2520)  Time:  0.452 (0.012)  Data Time:  0.003 (0.005)
2022-03-31 09:18:55,842:INFO:   Eta: 1:56:31
2022-03-31 09:19:29,019:INFO: Train: [46][2784/2785]  Loss -0.9328 (-1.1782)  Time:  0.486 (0.012)  Data Time:  0.005 (0.005)
2022-03-31 09:19:29,020:INFO:   Eta: 1:52:43
2022-03-31 09:19:31,152:INFO: Test: [46]  ADE: 0.7169  FDE: 1.2684
2022-03-31 09:20:04,336:INFO: Train: [47][2784/2785]  Loss -0.8265 (-1.1706)  Time:  0.404 (0.012)  Data Time:  0.003 (0.005)
2022-03-31 09:20:04,339:INFO:   Eta: 1:52:13
2022-03-31 09:20:33,329:INFO: Train: [48][2784/2785]  Loss -0.7825 (-1.2260)  Time:  0.432 (0.010)  Data Time:  0.004 (0.004)
2022-03-31 09:20:33,330:INFO:   Eta: 1:37:30
2022-03-31 09:21:00,710:INFO: Train: [49][2784/2785]  Loss -0.7075 (-1.2571)  Time:  0.390 (0.010)  Data Time:  0.004 (0.003)
2022-03-31 09:21:00,711:INFO:   Eta: 1:31:39
2022-03-31 09:21:27,376:INFO: Train: [50][2784/2785]  Loss -1.0333 (-1.2557)  Time:  0.385 (0.010)  Data Time:  0.003 (0.003)
2022-03-31 09:21:27,377:INFO:   Eta: 1:28:49
2022-03-31 09:21:59,836:INFO: Train: [51][2784/2785]  Loss -1.0975 (-1.1676)  Time:  0.465 (0.012)  Data Time:  0.004 (0.004)
2022-03-31 09:21:59,838:INFO:   Eta: 1:47:35
2022-03-31 09:22:33,179:INFO: Train: [52][2784/2785]  Loss -0.8751 (-1.2311)  Time:  0.448 (0.012)  Data Time:  0.005 (0.005)
2022-03-31 09:22:33,180:INFO:   Eta: 1:49:56
2022-03-31 09:23:06,295:INFO: Train: [53][2784/2785]  Loss -1.0321 (-1.2237)  Time:  0.444 (0.012)  Data Time:  0.004 (0.005)
2022-03-31 09:23:06,296:INFO:   Eta: 1:48:39
2022-03-31 09:23:39,095:INFO: Train: [54][2784/2785]  Loss -0.9366 (-1.3913)  Time:  0.479 (0.012)  Data Time:  0.005 (0.005)
2022-03-31 09:23:39,097:INFO:   Eta: 1:47:05
2022-03-31 09:24:12,539:INFO: Train: [55][2784/2785]  Loss -1.1207 (-1.3467)  Time:  0.464 (0.012)  Data Time:  0.004 (0.005)
2022-03-31 09:24:12,541:INFO:   Eta: 1:48:36
2022-03-31 09:24:46,328:INFO: Train: [56][2784/2785]  Loss -0.7222 (-1.2685)  Time:  0.508 (0.012)  Data Time:  0.005 (0.005)
2022-03-31 09:24:46,330:INFO:   Eta: 1:49:10
2022-03-31 09:24:48,420:INFO: Test: [56]  ADE: 0.6892  FDE: 1.0751
2022-03-31 09:25:21,798:INFO: Train: [57][2784/2785]  Loss -1.0047 (-1.3432)  Time:  0.451 (0.012)  Data Time:  0.005 (0.005)
2022-03-31 09:25:21,799:INFO:   Eta: 1:47:19
2022-03-31 09:25:51,366:INFO: Train: [58][2784/2785]  Loss -0.9984 (-1.3162)  Time:  0.366 (0.011)  Data Time:  0.002 (0.004)
2022-03-31 09:25:51,368:INFO:   Eta: 1:34:33
2022-03-31 09:26:17,990:INFO: Train: [59][2784/2785]  Loss -1.1121 (-1.3020)  Time:  0.403 (0.010)  Data Time:  0.003 (0.003)
2022-03-31 09:26:17,992:INFO:   Eta: 1:24:39
2022-03-31 09:26:47,264:INFO: Train: [60][2784/2785]  Loss -1.1021 (-1.3684)  Time:  0.416 (0.011)  Data Time:  0.004 (0.004)
2022-03-31 09:26:47,266:INFO:   Eta: 1:32:38
2022-03-31 09:27:17,279:INFO: Train: [61][2784/2785]  Loss -1.0591 (-1.3270)  Time:  0.412 (0.011)  Data Time:  0.004 (0.004)
2022-03-31 09:27:17,282:INFO:   Eta: 1:34:28
2022-03-31 09:27:50,565:INFO: Train: [62][2784/2785]  Loss -1.0734 (-1.3280)  Time:  0.495 (0.012)  Data Time:  0.005 (0.005)
2022-03-31 09:27:50,566:INFO:   Eta: 1:44:12
2022-03-31 09:28:23,248:INFO: Train: [63][2784/2785]  Loss -1.2529 (-1.3494)  Time:  0.438 (0.012)  Data Time:  0.004 (0.005)
2022-03-31 09:28:23,249:INFO:   Eta: 1:41:48
2022-03-31 09:28:55,843:INFO: Train: [64][2784/2785]  Loss -1.2012 (-1.3830)  Time:  0.489 (0.012)  Data Time:  0.004 (0.005)
2022-03-31 09:28:55,845:INFO:   Eta: 1:40:58
2022-03-31 09:29:28,811:INFO: Train: [65][2784/2785]  Loss -1.2060 (-1.3625)  Time:  0.496 (0.012)  Data Time:  0.005 (0.005)
2022-03-31 09:29:28,812:INFO:   Eta: 1:41:34
2022-03-31 09:30:01,303:INFO: Train: [66][2784/2785]  Loss -1.1676 (-1.4041)  Time:  0.426 (0.012)  Data Time:  0.004 (0.005)
2022-03-31 09:30:01,304:INFO:   Eta: 1:39:34
2022-03-31 09:30:03,371:INFO: Test: [66]  ADE: 0.7340  FDE: 1.3594
2022-03-31 09:30:32,697:INFO: Train: [67][2784/2785]  Loss -1.1541 (-1.3917)  Time:  0.397 (0.011)  Data Time:  0.003 (0.004)
2022-03-31 09:30:32,786:INFO:   Eta: 1:29:24
2022-03-31 09:31:05,303:INFO: Train: [68][2784/2785]  Loss -1.1604 (-1.3629)  Time:  0.465 (0.011)  Data Time:  0.004 (0.004)
2022-03-31 09:31:05,304:INFO:   Eta: 1:35:57
2022-03-31 09:31:36,499:INFO: Train: [69][2784/2785]  Loss -1.1634 (-1.3815)  Time:  0.389 (0.011)  Data Time:  0.003 (0.004)
2022-03-31 09:31:36,500:INFO:   Eta: 1:34:01
2022-03-31 09:32:05,162:INFO: Train: [70][2784/2785]  Loss -1.2044 (-1.4512)  Time:  0.418 (0.010)  Data Time:  0.004 (0.004)
2022-03-31 09:32:05,164:INFO:   Eta: 1:25:55
2022-03-31 09:32:33,380:INFO: Train: [71][2784/2785]  Loss -1.1017 (-1.4220)  Time:  0.362 (0.010)  Data Time:  0.002 (0.003)
2022-03-31 09:32:33,845:INFO:   Eta: 1:24:06
2022-03-31 09:33:03,955:INFO: Train: [72][2784/2785]  Loss -1.1397 (-1.3842)  Time:  0.471 (0.011)  Data Time:  0.005 (0.004)
2022-03-31 09:33:03,957:INFO:   Eta: 1:29:14
2022-03-31 09:33:36,687:INFO: Train: [73][2784/2785]  Loss -1.0870 (-1.4275)  Time:  0.480 (0.012)  Data Time:  0.005 (0.005)
2022-03-31 09:33:36,757:INFO:   Eta: 1:36:29
2022-03-31 09:34:09,845:INFO: Train: [74][2784/2785]  Loss -1.0006 (-1.4947)  Time:  0.474 (0.012)  Data Time:  0.005 (0.005)
2022-03-31 09:34:09,904:INFO:   Eta: 1:36:39
2022-03-31 09:34:41,876:INFO: Train: [75][2784/2785]  Loss -1.0838 (-1.4236)  Time:  0.413 (0.011)  Data Time:  0.005 (0.004)
2022-03-31 09:34:41,877:INFO:   Eta: 1:33:10
2022-03-31 09:35:11,894:INFO: Train: [76][2784/2785]  Loss -1.1308 (-1.4577)  Time:  0.473 (0.011)  Data Time:  0.004 (0.004)
2022-03-31 09:35:11,894:INFO:   Eta: 1:26:43
2022-03-31 09:35:13,940:INFO: Test: [76]  ADE: 0.7136  FDE: 1.1931
2022-03-31 09:35:45,933:INFO: Train: [77][2784/2785]  Loss -1.1677 (-1.4419)  Time:  0.468 (0.011)  Data Time:  0.004 (0.004)
2022-03-31 09:35:45,939:INFO:   Eta: 1:32:12
2022-03-31 09:36:18,913:INFO: Train: [78][2784/2785]  Loss -1.1778 (-1.4795)  Time:  0.440 (0.012)  Data Time:  0.005 (0.005)
2022-03-31 09:36:18,972:INFO:   Eta: 1:34:23
2022-03-31 09:36:52,203:INFO: Train: [79][2784/2785]  Loss -1.1408 (-1.4970)  Time:  0.466 (0.012)  Data Time:  0.005 (0.005)
2022-03-31 09:36:52,255:INFO:   Eta: 1:34:26
2022-03-31 09:37:23,056:INFO: Train: [80][2784/2785]  Loss -1.1711 (-1.4619)  Time:  0.401 (0.011)  Data Time:  0.004 (0.004)
2022-03-31 09:37:23,057:INFO:   Eta: 1:27:13
2022-03-31 09:37:52,039:INFO: Train: [81][2784/2785]  Loss -1.2055 (-1.5270)  Time:  0.428 (0.010)  Data Time:  0.004 (0.004)
2022-03-31 09:37:52,041:INFO:   Eta: 1:21:35
2022-03-31 09:38:21,165:INFO: Train: [82][2784/2785]  Loss -1.0704 (-1.4661)  Time:  0.415 (0.010)  Data Time:  0.004 (0.004)
2022-03-31 09:38:21,166:INFO:   Eta: 1:21:29
2022-03-31 09:38:52,462:INFO: Train: [83][2784/2785]  Loss -1.0577 (-1.4335)  Time:  0.464 (0.011)  Data Time:  0.005 (0.004)
2022-03-31 09:38:52,463:INFO:   Eta: 1:27:03
2022-03-31 09:39:24,514:INFO: Train: [84][2784/2785]  Loss -1.0307 (-1.4119)  Time:  0.451 (0.012)  Data Time:  0.004 (0.004)
2022-03-31 09:39:24,514:INFO:   Eta: 1:28:36
2022-03-31 09:39:56,058:INFO: Train: [85][2784/2785]  Loss -1.0399 (-1.4772)  Time:  0.489 (0.011)  Data Time:  0.004 (0.004)
2022-03-31 09:39:56,060:INFO:   Eta: 1:26:42
2022-03-31 09:40:28,242:INFO: Train: [86][2784/2785]  Loss -1.1090 (-1.4730)  Time:  0.469 (0.012)  Data Time:  0.005 (0.004)
2022-03-31 09:40:28,244:INFO:   Eta: 1:27:53
2022-03-31 09:40:30,551:INFO: Test: [86]  ADE: 0.9161  FDE: 1.6955
2022-03-31 09:41:03,149:INFO: Train: [87][2784/2785]  Loss -1.1144 (-1.4904)  Time:  0.462 (0.012)  Data Time:  0.005 (0.004)
2022-03-31 09:41:03,261:INFO:   Eta: 1:28:28
2022-03-31 09:41:36,648:INFO: Train: [88][2784/2785]  Loss -1.1459 (-1.5374)  Time:  0.456 (0.012)  Data Time:  0.004 (0.005)
2022-03-31 09:41:36,653:INFO:   Eta: 1:29:44
2022-03-31 09:42:10,250:INFO: Train: [89][2784/2785]  Loss -1.1798 (-1.4789)  Time:  0.467 (0.012)  Data Time:  0.006 (0.005)
2022-03-31 09:42:10,313:INFO:   Eta: 1:30:06
2022-03-31 09:42:43,659:INFO: Train: [90][2784/2785]  Loss -1.0813 (-1.5246)  Time:  0.455 (0.012)  Data Time:  0.004 (0.005)
2022-03-31 09:42:43,720:INFO:   Eta: 1:28:42
2022-03-31 09:43:12,878:INFO: Train: [91][2784/2785]  Loss -1.2184 (-1.4951)  Time:  0.419 (0.010)  Data Time:  0.002 (0.004)
2022-03-31 09:43:12,924:INFO:   Eta: 1:16:45
2022-03-31 09:43:41,635:INFO: Train: [92][2784/2785]  Loss -1.0512 (-1.4919)  Time:  0.387 (0.010)  Data Time:  0.003 (0.004)
2022-03-31 09:43:41,637:INFO:   Eta: 1:15:30
2022-03-31 09:44:08,924:INFO: Train: [93][2784/2785]  Loss -1.2247 (-1.4981)  Time:  0.418 (0.010)  Data Time:  0.003 (0.003)
2022-03-31 09:44:09,042:INFO:   Eta: 1:11:20
2022-03-31 09:44:40,316:INFO: Train: [94][2784/2785]  Loss -1.0996 (-1.5382)  Time:  0.450 (0.011)  Data Time:  0.004 (0.004)
2022-03-31 09:44:40,318:INFO:   Eta: 1:21:15
2022-03-31 09:45:12,926:INFO: Train: [95][2784/2785]  Loss -0.9901 (-1.5103)  Time:  0.462 (0.012)  Data Time:  0.005 (0.004)
2022-03-31 09:45:12,940:INFO:   Eta: 1:24:10
2022-03-31 09:45:46,300:INFO: Train: [96][2784/2785]  Loss -1.2341 (-1.5757)  Time:  0.485 (0.012)  Data Time:  0.005 (0.005)
2022-03-31 09:45:46,393:INFO:   Eta: 1:25:27
2022-03-31 09:45:48,674:INFO: Test: [96]  ADE: 0.7786  FDE: 1.4687
2022-03-31 09:46:22,046:INFO: Train: [97][2784/2785]  Loss -1.2740 (-1.5381)  Time:  0.521 (0.012)  Data Time:  0.005 (0.005)
2022-03-31 09:46:22,047:INFO:   Eta: 1:24:46
2022-03-31 09:46:55,314:INFO: Train: [98][2784/2785]  Loss -1.1281 (-1.6096)  Time:  0.460 (0.012)  Data Time:  0.005 (0.005)
2022-03-31 09:46:55,316:INFO:   Eta: 1:24:13
2022-03-31 09:47:28,387:INFO: Train: [99][2784/2785]  Loss -1.2541 (-1.4391)  Time:  0.483 (0.012)  Data Time:  0.004 (0.005)
2022-03-31 09:47:28,388:INFO:   Eta: 1:23:10
2022-03-31 09:48:02,247:INFO: Train: [100][2784/2785]  Loss -1.1407 (-1.5790)  Time:  0.455 (0.012)  Data Time:  0.005 (0.005)
2022-03-31 09:48:02,249:INFO:   Eta: 1:24:36
2022-03-31 09:48:35,151:INFO: Train: [101][2784/2785]  Loss -1.1506 (-1.5508)  Time:  0.383 (0.012)  Data Time:  0.003 (0.005)
2022-03-31 09:48:35,153:INFO:   Eta: 1:21:39
2022-03-31 09:49:00,565:INFO: Train: [102][2784/2785]  Loss -1.1603 (-1.4656)  Time:  0.372 (0.009)  Data Time:  0.003 (0.003)
2022-03-31 09:49:00,567:INFO:   Eta: 1:02:37
2022-03-31 09:49:28,597:INFO: Train: [103][2784/2785]  Loss -1.1600 (-1.5628)  Time:  0.381 (0.010)  Data Time:  0.003 (0.003)
2022-03-31 09:49:28,598:INFO:   Eta: 1:08:37
2022-03-31 09:49:57,536:INFO: Train: [104][2784/2785]  Loss -1.3138 (-1.5210)  Time:  0.394 (0.010)  Data Time:  0.004 (0.004)
2022-03-31 09:49:57,537:INFO:   Eta: 1:10:21
2022-03-31 09:50:31,343:INFO: Train: [105][2784/2785]  Loss -1.2890 (-1.4995)  Time:  0.488 (0.012)  Data Time:  0.005 (0.005)
2022-03-31 09:50:31,345:INFO:   Eta: 1:21:38
2022-03-31 09:51:04,170:INFO: Train: [106][2784/2785]  Loss -1.0956 (-1.4881)  Time:  0.443 (0.012)  Data Time:  0.005 (0.004)
2022-03-31 09:51:04,171:INFO:   Eta: 1:18:43
2022-03-31 09:51:06,317:INFO: Test: [106]  ADE: 0.7306  FDE: 1.2864
2022-03-31 09:51:39,646:INFO: Train: [107][2784/2785]  Loss -1.2031 (-1.5432)  Time:  0.479 (0.012)  Data Time:  0.005 (0.004)
2022-03-31 09:51:39,647:INFO:   Eta: 1:19:23
2022-03-31 09:52:12,912:INFO: Train: [108][2784/2785]  Loss -1.0970 (-1.5598)  Time:  0.475 (0.012)  Data Time:  0.005 (0.005)
2022-03-31 09:52:12,913:INFO:   Eta: 1:18:41
2022-03-31 09:52:46,108:INFO: Train: [109][2784/2785]  Loss -1.1628 (-1.5687)  Time:  0.480 (0.012)  Data Time:  0.006 (0.005)
2022-03-31 09:52:46,110:INFO:   Eta: 1:17:58
2022-03-31 09:53:18,775:INFO: Train: [110][2784/2785]  Loss -1.1822 (-1.5601)  Time:  0.438 (0.012)  Data Time:  0.005 (0.005)
2022-03-31 09:53:18,777:INFO:   Eta: 1:16:09
2022-03-31 09:53:48,299:INFO: Train: [111][2784/2785]  Loss -1.2284 (-1.6016)  Time:  0.417 (0.011)  Data Time:  0.003 (0.004)
2022-03-31 09:53:48,300:INFO:   Eta: 1:08:20
2022-03-31 09:54:18,963:INFO: Train: [112][2784/2785]  Loss -1.3093 (-1.5395)  Time:  0.375 (0.011)  Data Time:  0.004 (0.004)
2022-03-31 09:54:18,964:INFO:   Eta: 1:10:28
2022-03-31 09:54:47,813:INFO: Train: [113][2784/2785]  Loss -1.0680 (-1.5938)  Time:  0.412 (0.010)  Data Time:  0.004 (0.004)
2022-03-31 09:54:47,814:INFO:   Eta: 1:05:49
2022-03-31 09:55:16,634:INFO: Train: [114][2784/2785]  Loss -1.2544 (-1.5946)  Time:  0.424 (0.010)  Data Time:  0.004 (0.004)
2022-03-31 09:55:16,635:INFO:   Eta: 1:05:17
2022-03-31 09:55:47,003:INFO: Train: [115][2784/2785]  Loss -1.0149 (-1.5254)  Time:  0.468 (0.011)  Data Time:  0.004 (0.004)
2022-03-31 09:55:47,003:INFO:   Eta: 1:08:16
2022-03-31 09:56:20,284:INFO: Train: [116][2784/2785]  Loss -1.2149 (-1.5743)  Time:  0.453 (0.012)  Data Time:  0.004 (0.005)
2022-03-31 09:56:20,286:INFO:   Eta: 1:14:17
2022-03-31 09:56:22,238:INFO: Test: [116]  ADE: 0.7918  FDE: 1.4542
2022-03-31 09:56:55,246:INFO: Train: [117][2784/2785]  Loss -1.1929 (-1.5979)  Time:  0.462 (0.012)  Data Time:  0.005 (0.005)
2022-03-31 09:56:55,255:INFO:   Eta: 1:13:04
2022-03-31 09:57:28,580:INFO: Train: [118][2784/2785]  Loss -1.0654 (-1.5070)  Time:  0.456 (0.012)  Data Time:  0.003 (0.005)
2022-03-31 09:57:28,581:INFO:   Eta: 1:13:07
2022-03-31 09:58:00,682:INFO: Train: [119][2784/2785]  Loss -1.2127 (-1.5979)  Time:  0.450 (0.012)  Data Time:  0.004 (0.005)
2022-03-31 09:58:00,683:INFO:   Eta: 1:10:02
2022-03-31 09:58:31,931:INFO: Train: [120][2784/2785]  Loss -1.1592 (-1.5212)  Time:  0.480 (0.011)  Data Time:  0.005 (0.004)
2022-03-31 09:58:31,933:INFO:   Eta: 1:07:40
2022-03-31 09:59:04,590:INFO: Train: [121][2784/2785]  Loss -1.1914 (-1.6131)  Time:  0.446 (0.012)  Data Time:  0.004 (0.004)
2022-03-31 09:59:04,592:INFO:   Eta: 1:10:10
2022-03-31 09:59:37,406:INFO: Train: [122][2784/2785]  Loss -1.2815 (-1.5886)  Time:  0.464 (0.012)  Data Time:  0.005 (0.005)
2022-03-31 09:59:37,407:INFO:   Eta: 1:09:57
2022-03-31 10:00:08,118:INFO: Train: [123][2784/2785]  Loss -1.2503 (-1.6205)  Time:  0.419 (0.011)  Data Time:  0.004 (0.004)
2022-03-31 10:00:08,119:INFO:   Eta: 1:04:58
2022-03-31 10:00:37,279:INFO: Train: [124][2784/2785]  Loss -1.2202 (-1.5812)  Time:  0.436 (0.010)  Data Time:  0.004 (0.004)
2022-03-31 10:00:37,280:INFO:   Eta: 1:01:12
2022-03-31 10:01:06,798:INFO: Train: [125][2784/2785]  Loss -1.2427 (-1.5598)  Time:  0.391 (0.011)  Data Time:  0.003 (0.004)
2022-03-31 10:01:06,801:INFO:   Eta: 1:01:27
2022-03-31 10:01:38,882:INFO: Train: [126][2784/2785]  Loss -1.1472 (-1.5954)  Time:  0.483 (0.012)  Data Time:  0.005 (0.004)
2022-03-31 10:01:38,883:INFO:   Eta: 1:06:15
2022-03-31 10:01:40,919:INFO: Test: [126]  ADE: 0.7214  FDE: 1.1764
2022-03-31 10:02:14,439:INFO: Train: [127][2784/2785]  Loss -1.0076 (-1.5782)  Time:  0.460 (0.012)  Data Time:  0.006 (0.005)
2022-03-31 10:02:14,440:INFO:   Eta: 1:08:41
2022-03-31 10:02:44,634:INFO: Train: [128][2784/2785]  Loss -1.1454 (-1.6245)  Time:  0.417 (0.011)  Data Time:  0.003 (0.004)
2022-03-31 10:02:44,636:INFO:   Eta: 1:01:21
2022-03-31 10:03:16,883:INFO: Train: [129][2784/2785]  Loss -1.1851 (-1.6297)  Time:  0.461 (0.012)  Data Time:  0.006 (0.005)
2022-03-31 10:03:16,883:INFO:   Eta: 1:04:59
2022-03-31 10:03:47,995:INFO: Train: [130][2784/2785]  Loss -1.0978 (-1.5987)  Time:  0.387 (0.011)  Data Time:  0.004 (0.004)
2022-03-31 10:03:47,997:INFO:   Eta: 1:02:11
2022-03-31 10:04:20,827:INFO: Train: [131][2784/2785]  Loss -1.0998 (-1.5692)  Time:  0.480 (0.012)  Data Time:  0.004 (0.005)
2022-03-31 10:04:20,828:INFO:   Eta: 1:05:03
2022-03-31 10:04:54,215:INFO: Train: [132][2784/2785]  Loss -1.1570 (-1.6376)  Time:  0.465 (0.012)  Data Time:  0.004 (0.005)
2022-03-31 10:04:54,216:INFO:   Eta: 1:05:37
2022-03-31 10:05:27,104:INFO: Train: [133][2784/2785]  Loss -1.2166 (-1.5940)  Time:  0.434 (0.012)  Data Time:  0.004 (0.005)
2022-03-31 10:05:27,106:INFO:   Eta: 1:04:06
2022-03-31 10:05:55,825:INFO: Train: [134][2784/2785]  Loss -1.1998 (-1.6284)  Time:  0.389 (0.010)  Data Time:  0.004 (0.004)
2022-03-31 10:05:55,827:INFO:   Eta: 0:55:28
2022-03-31 10:06:23,719:INFO: Train: [135][2784/2785]  Loss -1.3208 (-1.6396)  Time:  0.392 (0.010)  Data Time:  0.003 (0.004)
2022-03-31 10:06:23,720:INFO:   Eta: 0:53:25
2022-03-31 10:06:51,706:INFO: Train: [136][2784/2785]  Loss -1.3049 (-1.6279)  Time:  0.377 (0.010)  Data Time:  0.003 (0.004)
2022-03-31 10:06:51,708:INFO:   Eta: 0:53:08
2022-03-31 10:06:53,819:INFO: Test: [136]  ADE: 0.7184  FDE: 1.2173
2022-03-31 10:07:25,244:INFO: Train: [137][2784/2785]  Loss -1.0954 (-1.5887)  Time:  0.452 (0.011)  Data Time:  0.004 (0.004)
2022-03-31 10:07:25,245:INFO:   Eta: 0:59:09
2022-03-31 10:07:55,228:INFO: Train: [138][2784/2785]  Loss -1.2113 (-1.5693)  Time:  0.438 (0.011)  Data Time:  0.004 (0.004)
2022-03-31 10:07:55,230:INFO:   Eta: 0:55:55
2022-03-31 10:08:27,216:INFO: Train: [139][2784/2785]  Loss -1.1749 (-1.6193)  Time:  0.440 (0.011)  Data Time:  0.004 (0.004)
2022-03-31 10:08:27,218:INFO:   Eta: 0:59:08
2022-03-31 10:08:58,049:INFO: Train: [140][2784/2785]  Loss -1.1601 (-1.7083)  Time:  0.438 (0.011)  Data Time:  0.004 (0.004)
2022-03-31 10:08:58,050:INFO:   Eta: 0:56:28
2022-03-31 10:09:30,563:INFO: Train: [141][2784/2785]  Loss -1.2666 (-1.6546)  Time:  0.443 (0.012)  Data Time:  0.005 (0.005)
2022-03-31 10:09:30,564:INFO:   Eta: 0:59:02
2022-03-31 10:10:02,840:INFO: Train: [142][2784/2785]  Loss -1.3195 (-1.6314)  Time:  0.473 (0.012)  Data Time:  0.005 (0.005)
2022-03-31 10:10:02,842:INFO:   Eta: 0:58:03
2022-03-31 10:10:35,347:INFO: Train: [143][2784/2785]  Loss -1.3282 (-1.6030)  Time:  0.428 (0.012)  Data Time:  0.004 (0.004)
2022-03-31 10:10:35,348:INFO:   Eta: 0:57:55
2022-03-31 10:11:07,289:INFO: Train: [144][2784/2785]  Loss -1.1339 (-1.6226)  Time:  0.419 (0.011)  Data Time:  0.003 (0.004)
2022-03-31 10:11:07,290:INFO:   Eta: 0:56:23
2022-03-31 10:11:35,620:INFO: Train: [145][2784/2785]  Loss -1.3048 (-1.6563)  Time:  0.401 (0.010)  Data Time:  0.003 (0.003)
2022-03-31 10:11:35,622:INFO:   Eta: 0:49:33
2022-03-31 10:12:04,305:INFO: Train: [146][2784/2785]  Loss -1.2439 (-1.6604)  Time:  0.411 (0.010)  Data Time:  0.004 (0.004)
2022-03-31 10:12:04,306:INFO:   Eta: 0:49:40
2022-03-31 10:12:06,276:INFO: Test: [146]  ADE: 0.7407  FDE: 1.3077
2022-03-31 10:12:39,059:INFO: Train: [147][2784/2785]  Loss -1.0774 (-1.6695)  Time:  0.462 (0.012)  Data Time:  0.003 (0.004)
2022-03-31 10:12:39,067:INFO:   Eta: 0:56:15
2022-03-31 10:13:08,969:INFO: Train: [148][2784/2785]  Loss -1.2045 (-1.6717)  Time:  0.437 (0.011)  Data Time:  0.003 (0.004)
2022-03-31 10:13:08,971:INFO:   Eta: 0:50:45
2022-03-31 10:13:40,722:INFO: Train: [149][2784/2785]  Loss -1.2586 (-1.6479)  Time:  0.429 (0.011)  Data Time:  0.004 (0.004)
2022-03-31 10:13:40,723:INFO:   Eta: 0:53:24
2022-03-31 10:14:13,346:INFO: Train: [150][2784/2785]  Loss -1.3037 (-1.7836)  Time:  0.496 (0.012)  Data Time:  0.004 (0.005)
2022-03-31 10:14:13,347:INFO:   Eta: 0:54:20
2022-03-31 10:14:43,857:INFO: Train: [151][2784/2785]  Loss -1.3495 (-1.8193)  Time:  0.467 (0.011)  Data Time:  0.005 (0.004)
2022-03-31 10:14:43,857:INFO:   Eta: 0:50:18
2022-03-31 10:14:49,140:INFO: Valid: [151][659/660]  Loss -9.7120 (-6.1905)
2022-03-31 10:14:49,154:INFO: Checkpoint saved...
2022-03-31 10:15:22,076:INFO: Train: [152][2784/2785]  Loss -1.3954 (-1.7572)  Time:  0.446 (0.012)  Data Time:  0.005 (0.005)
2022-03-31 10:15:22,078:INFO:   Eta: 0:53:45
2022-03-31 10:15:27,731:INFO: Valid: [152][659/660]  Loss -9.6417 (-6.1419)
2022-03-31 10:16:00,531:INFO: Train: [153][2784/2785]  Loss -1.2652 (-1.8209)  Time:  0.457 (0.012)  Data Time:  0.004 (0.004)
2022-03-31 10:16:00,532:INFO:   Eta: 0:53:00
2022-03-31 10:16:05,714:INFO: Valid: [153][659/660]  Loss -9.2774 (-5.9570)
2022-03-31 10:16:37,885:INFO: Train: [154][2784/2785]  Loss -1.3522 (-1.7717)  Time:  0.446 (0.012)  Data Time:  0.005 (0.004)
2022-03-31 10:16:37,886:INFO:   Eta: 0:51:26
2022-03-31 10:16:43,778:INFO: Valid: [154][659/660]  Loss -8.8187 (-5.6029)
2022-03-31 10:17:12,634:INFO: Train: [155][2784/2785]  Loss -1.3631 (-1.7290)  Time:  0.412 (0.010)  Data Time:  0.004 (0.004)
2022-03-31 10:17:12,636:INFO:   Eta: 0:45:39
2022-03-31 10:17:17,962:INFO: Valid: [155][659/660]  Loss -9.7088 (-6.1878)
2022-03-31 10:17:46,571:INFO: Train: [156][2784/2785]  Loss -1.4076 (-1.8391)  Time:  0.396 (0.010)  Data Time:  0.003 (0.003)
2022-03-31 10:17:46,572:INFO:   Eta: 0:44:47
2022-03-31 10:17:52,120:INFO: Valid: [156][659/660]  Loss -9.6723 (-6.1595)
2022-03-31 10:17:54,100:INFO: Test: [156]  ADE: 0.7686  FDE: 1.3556
2022-03-31 10:18:21,566:INFO: Train: [157][2784/2785]  Loss -1.4285 (-1.8177)  Time:  0.393 (0.010)  Data Time:  0.004 (0.003)
2022-03-31 10:18:21,568:INFO:   Eta: 0:42:33
2022-03-31 10:18:27,028:INFO: Valid: [157][659/660]  Loss -9.6805 (-6.1567)
2022-03-31 10:18:59,658:INFO: Train: [158][2784/2785]  Loss -1.3914 (-1.8377)  Time:  0.430 (0.012)  Data Time:  0.005 (0.005)
2022-03-31 10:18:59,660:INFO:   Eta: 0:50:00
2022-03-31 10:19:05,185:INFO: Valid: [158][659/660]  Loss -9.2520 (-5.8909)
2022-03-31 10:19:37,585:INFO: Train: [159][2784/2785]  Loss -1.3938 (-1.8298)  Time:  0.490 (0.012)  Data Time:  0.005 (0.005)
2022-03-31 10:19:37,586:INFO:   Eta: 0:49:06
2022-03-31 10:19:42,690:INFO: Valid: [159][659/660]  Loss -9.6592 (-6.1485)
2022-03-31 10:20:14,182:INFO: Train: [160][2784/2785]  Loss -1.4199 (-1.8002)  Time:  0.440 (0.011)  Data Time:  0.004 (0.004)
2022-03-31 10:20:14,185:INFO:   Eta: 0:47:12
2022-03-31 10:20:20,610:INFO: Valid: [160][659/660]  Loss -9.6806 (-6.1673)
2022-03-31 10:20:53,514:INFO: Train: [161][2784/2785]  Loss -1.4161 (-1.8150)  Time:  0.489 (0.012)  Data Time:  0.004 (0.005)
2022-03-31 10:20:53,515:INFO:   Eta: 0:48:46
2022-03-31 10:20:58,975:INFO: Valid: [161][659/660]  Loss -9.1494 (-5.8672)
2022-03-31 10:21:31,885:INFO: Train: [162][2784/2785]  Loss -1.4768 (-1.8137)  Time:  0.438 (0.012)  Data Time:  0.003 (0.005)
2022-03-31 10:21:31,886:INFO:   Eta: 0:48:14
2022-03-31 10:21:37,139:INFO: Valid: [162][659/660]  Loss -9.5897 (-6.1014)
2022-03-31 10:22:10,017:INFO: Train: [163][2784/2785]  Loss -1.3994 (-1.8213)  Time:  0.432 (0.012)  Data Time:  0.004 (0.005)
2022-03-31 10:22:10,019:INFO:   Eta: 0:47:38
2022-03-31 10:22:15,371:INFO: Valid: [163][659/660]  Loss -8.7781 (-5.5762)
2022-03-31 10:22:47,320:INFO: Train: [164][2784/2785]  Loss -1.3131 (-1.7579)  Time:  0.394 (0.011)  Data Time:  0.003 (0.005)
2022-03-31 10:22:47,321:INFO:   Eta: 0:45:46
2022-03-31 10:22:52,292:INFO: Valid: [164][659/660]  Loss -9.5667 (-6.1073)
2022-03-31 10:23:19,582:INFO: Train: [165][2784/2785]  Loss -1.3849 (-1.8255)  Time:  0.379 (0.010)  Data Time:  0.003 (0.003)
2022-03-31 10:23:19,583:INFO:   Eta: 0:38:37
2022-03-31 10:23:24,733:INFO: Valid: [165][659/660]  Loss -9.6076 (-6.1179)
2022-03-31 10:23:51,157:INFO: Train: [166][2784/2785]  Loss -1.3727 (-1.8368)  Time:  0.429 (0.009)  Data Time:  0.003 (0.003)
2022-03-31 10:23:51,158:INFO:   Eta: 0:36:57
2022-03-31 10:23:56,258:INFO: Valid: [166][659/660]  Loss -9.6977 (-6.2089)
2022-03-31 10:23:58,235:INFO: Test: [166]  ADE: 0.7630  FDE: 1.3598
2022-03-31 10:24:28,851:INFO: Train: [167][2784/2785]  Loss -1.3656 (-1.8189)  Time:  0.443 (0.011)  Data Time:  0.005 (0.004)
2022-03-31 10:24:28,852:INFO:   Eta: 0:42:19
2022-03-31 10:24:34,320:INFO: Valid: [167][659/660]  Loss -9.3024 (-5.9222)
2022-03-31 10:25:06,269:INFO: Train: [168][2784/2785]  Loss -1.4953 (-1.8290)  Time:  0.408 (0.011)  Data Time:  0.003 (0.004)
2022-03-31 10:25:06,271:INFO:   Eta: 0:43:38
2022-03-31 10:25:11,674:INFO: Valid: [168][659/660]  Loss -9.2420 (-5.8850)
2022-03-31 10:25:43,946:INFO: Train: [169][2784/2785]  Loss -1.3917 (-1.8438)  Time:  0.450 (0.012)  Data Time:  0.005 (0.004)
2022-03-31 10:25:43,948:INFO:   Eta: 0:43:32
2022-03-31 10:25:49,574:INFO: Valid: [169][659/660]  Loss -9.8252 (-6.2783)
2022-03-31 10:25:49,590:INFO: Checkpoint saved...
2022-03-31 10:26:21,673:INFO: Train: [170][2784/2785]  Loss -1.3902 (-1.8167)  Time:  0.454 (0.012)  Data Time:  0.004 (0.004)
2022-03-31 10:26:21,675:INFO:   Eta: 0:42:45
2022-03-31 10:26:26,882:INFO: Valid: [170][659/660]  Loss -9.6744 (-6.1771)
2022-03-31 10:26:59,336:INFO: Train: [171][2784/2785]  Loss -1.4530 (-1.8639)  Time:  0.493 (0.012)  Data Time:  0.005 (0.004)
2022-03-31 10:26:59,336:INFO:   Eta: 0:42:42
2022-03-31 10:27:04,587:INFO: Valid: [171][659/660]  Loss -9.4717 (-6.0449)
2022-03-31 10:27:37,161:INFO: Train: [172][2784/2785]  Loss -1.3823 (-1.8538)  Time:  0.426 (0.012)  Data Time:  0.004 (0.004)
2022-03-31 10:27:37,162:INFO:   Eta: 0:42:19
2022-03-31 10:27:42,317:INFO: Valid: [172][659/660]  Loss -9.5178 (-6.0660)
2022-03-31 10:28:14,460:INFO: Train: [173][2784/2785]  Loss -1.3757 (-1.8477)  Time:  0.467 (0.012)  Data Time:  0.005 (0.004)
2022-03-31 10:28:14,461:INFO:   Eta: 0:41:13
2022-03-31 10:28:19,857:INFO: Valid: [173][659/660]  Loss -8.8670 (-5.6893)
2022-03-31 10:28:49,793:INFO: Train: [174][2784/2785]  Loss -1.3390 (-1.8190)  Time:  0.419 (0.011)  Data Time:  0.004 (0.004)
2022-03-31 10:28:49,794:INFO:   Eta: 0:37:53
2022-03-31 10:28:54,829:INFO: Valid: [174][659/660]  Loss -9.2978 (-5.9370)
2022-03-31 10:29:23,848:INFO: Train: [175][2784/2785]  Loss -1.4693 (-1.8136)  Time:  0.414 (0.010)  Data Time:  0.005 (0.004)
2022-03-31 10:29:23,849:INFO:   Eta: 0:36:15
2022-03-31 10:29:29,190:INFO: Valid: [175][659/660]  Loss -9.6795 (-6.1891)
2022-03-31 10:29:57,301:INFO: Train: [176][2784/2785]  Loss -1.3265 (-1.8503)  Time:  0.384 (0.010)  Data Time:  0.003 (0.004)
2022-03-31 10:29:57,304:INFO:   Eta: 0:34:38
2022-03-31 10:30:02,248:INFO: Valid: [176][659/660]  Loss -9.2777 (-5.9159)
2022-03-31 10:30:04,221:INFO: Test: [176]  ADE: 0.7757  FDE: 1.3763
2022-03-31 10:30:32,754:INFO: Train: [177][2784/2785]  Loss -1.5092 (-1.8497)  Time:  0.385 (0.010)  Data Time:  0.003 (0.004)
2022-03-31 10:30:32,755:INFO:   Eta: 0:34:42
2022-03-31 10:30:38,725:INFO: Valid: [177][659/660]  Loss -9.7581 (-6.2638)
2022-03-31 10:31:10,599:INFO: Train: [178][2784/2785]  Loss -1.4257 (-1.8407)  Time:  0.472 (0.011)  Data Time:  0.005 (0.004)
2022-03-31 10:31:10,602:INFO:   Eta: 0:38:13
2022-03-31 10:31:16,042:INFO: Valid: [178][659/660]  Loss -9.4259 (-6.0052)
2022-03-31 10:31:48,128:INFO: Train: [179][2784/2785]  Loss -1.3206 (-1.8286)  Time:  0.484 (0.012)  Data Time:  0.004 (0.004)
2022-03-31 10:31:48,130:INFO:   Eta: 0:37:56
2022-03-31 10:31:53,407:INFO: Valid: [179][659/660]  Loss -9.3566 (-5.9585)
2022-03-31 10:32:26,335:INFO: Train: [180][2784/2785]  Loss -1.4542 (-1.8650)  Time:  0.462 (0.012)  Data Time:  0.004 (0.005)
2022-03-31 10:32:26,336:INFO:   Eta: 0:38:23
2022-03-31 10:32:31,520:INFO: Valid: [180][659/660]  Loss -9.3406 (-5.9711)
2022-03-31 10:33:04,001:INFO: Train: [181][2784/2785]  Loss -1.3237 (-1.8243)  Time:  0.461 (0.012)  Data Time:  0.004 (0.004)
2022-03-31 10:33:04,002:INFO:   Eta: 0:37:19
2022-03-31 10:33:09,339:INFO: Valid: [181][659/660]  Loss -9.0233 (-5.8189)
2022-03-31 10:33:40,943:INFO: Train: [182][2784/2785]  Loss -1.4467 (-1.8630)  Time:  0.400 (0.011)  Data Time:  0.004 (0.004)
2022-03-31 10:33:40,945:INFO:   Eta: 0:35:47
2022-03-31 10:33:46,326:INFO: Valid: [182][659/660]  Loss -9.6209 (-6.1713)
2022-03-31 10:34:15,034:INFO: Train: [183][2784/2785]  Loss -1.3305 (-1.9111)  Time:  0.441 (0.010)  Data Time:  0.004 (0.004)
2022-03-31 10:34:15,121:INFO:   Eta: 0:32:02
2022-03-31 10:34:20,209:INFO: Valid: [183][659/660]  Loss -8.6378 (-5.5346)
2022-03-31 10:34:53,310:INFO: Train: [184][2784/2785]  Loss -1.3092 (-1.8538)  Time:  0.464 (0.012)  Data Time:  0.005 (0.005)
2022-03-31 10:34:53,311:INFO:   Eta: 0:35:38
2022-03-31 10:34:58,557:INFO: Valid: [184][659/660]  Loss -9.7254 (-6.1988)
2022-03-31 10:35:30,004:INFO: Train: [185][2784/2785]  Loss -1.4598 (-1.8357)  Time:  0.374 (0.011)  Data Time:  0.004 (0.004)
2022-03-31 10:35:30,006:INFO:   Eta: 0:34:03
2022-03-31 10:35:35,741:INFO: Valid: [185][659/660]  Loss -9.5202 (-6.0643)
2022-03-31 10:36:03,386:INFO: Train: [186][2784/2785]  Loss -1.4036 (-1.8253)  Time:  0.378 (0.010)  Data Time:  0.003 (0.004)
2022-03-31 10:36:03,387:INFO:   Eta: 0:29:28
2022-03-31 10:36:08,608:INFO: Valid: [186][659/660]  Loss -9.7557 (-6.2171)
2022-03-31 10:36:10,557:INFO: Test: [186]  ADE: 0.7647  FDE: 1.2899
2022-03-31 10:36:38,983:INFO: Train: [187][2784/2785]  Loss -1.3992 (-1.8100)  Time:  0.393 (0.010)  Data Time:  0.004 (0.004)
2022-03-31 10:36:38,985:INFO:   Eta: 0:29:49
2022-03-31 10:36:44,239:INFO: Valid: [187][659/660]  Loss -9.4288 (-5.9988)
2022-03-31 10:37:14,868:INFO: Train: [188][2784/2785]  Loss -1.4949 (-1.8368)  Time:  0.459 (0.011)  Data Time:  0.004 (0.004)
2022-03-31 10:37:14,869:INFO:   Eta: 0:31:38
2022-03-31 10:37:20,026:INFO: Valid: [188][659/660]  Loss -9.3548 (-5.9536)
2022-03-31 10:37:51,428:INFO: Train: [189][2784/2785]  Loss -1.4347 (-1.8138)  Time:  0.457 (0.011)  Data Time:  0.005 (0.004)
2022-03-31 10:37:51,430:INFO:   Eta: 0:31:54
2022-03-31 10:37:56,801:INFO: Valid: [189][659/660]  Loss -9.5235 (-6.0924)
2022-03-31 10:38:29,166:INFO: Train: [190][2784/2785]  Loss -1.4316 (-1.8456)  Time:  0.464 (0.012)  Data Time:  0.004 (0.005)
2022-03-31 10:38:29,167:INFO:   Eta: 0:32:20
2022-03-31 10:38:34,491:INFO: Valid: [190][659/660]  Loss -8.8469 (-5.5941)
2022-03-31 10:39:05,309:INFO: Train: [191][2784/2785]  Loss -1.4273 (-1.8704)  Time:  0.449 (0.011)  Data Time:  0.004 (0.004)
2022-03-31 10:39:05,311:INFO:   Eta: 0:30:17
2022-03-31 10:39:10,290:INFO: Valid: [191][659/660]  Loss -9.0831 (-5.7642)
2022-03-31 10:39:41,211:INFO: Train: [192][2784/2785]  Loss -1.2528 (-1.7719)  Time:  0.449 (0.011)  Data Time:  0.004 (0.004)
2022-03-31 10:39:41,213:INFO:   Eta: 0:29:52
2022-03-31 10:39:46,453:INFO: Valid: [192][659/660]  Loss -9.6280 (-6.1198)
2022-03-31 10:40:18,762:INFO: Train: [193][2784/2785]  Loss -1.3582 (-1.8590)  Time:  0.464 (0.012)  Data Time:  0.004 (0.004)
2022-03-31 10:40:18,763:INFO:   Eta: 0:30:40
2022-03-31 10:40:24,151:INFO: Valid: [193][659/660]  Loss -9.6639 (-6.1917)
2022-03-31 10:40:56,394:INFO: Train: [194][2784/2785]  Loss -1.5923 (-1.8538)  Time:  0.455 (0.012)  Data Time:  0.004 (0.004)
2022-03-31 10:40:56,395:INFO:   Eta: 0:30:04
2022-03-31 10:41:01,710:INFO: Valid: [194][659/660]  Loss -9.4281 (-5.9960)
2022-03-31 10:41:33,969:INFO: Train: [195][2784/2785]  Loss -1.3986 (-1.8448)  Time:  0.452 (0.012)  Data Time:  0.004 (0.004)
2022-03-31 10:41:33,971:INFO:   Eta: 0:29:33
2022-03-31 10:41:39,192:INFO: Valid: [195][659/660]  Loss -9.8058 (-6.2596)
2022-03-31 10:42:08,055:INFO: Train: [196][2784/2785]  Loss -1.4134 (-1.7957)  Time:  0.401 (0.010)  Data Time:  0.004 (0.004)
2022-03-31 10:42:08,056:INFO:   Eta: 0:25:57
2022-03-31 10:42:13,048:INFO: Valid: [196][659/660]  Loss -9.7030 (-6.2185)
2022-03-31 10:42:15,127:INFO: Test: [196]  ADE: 0.7566  FDE: 1.2548
2022-03-31 10:42:43,979:INFO: Train: [197][2784/2785]  Loss -1.4307 (-1.8593)  Time:  0.392 (0.010)  Data Time:  0.002 (0.004)
2022-03-31 10:42:43,979:INFO:   Eta: 0:25:28
2022-03-31 10:42:48,980:INFO: Valid: [197][659/660]  Loss -9.7481 (-6.2048)
2022-03-31 10:43:18,280:INFO: Train: [198][2784/2785]  Loss -1.4938 (-1.8588)  Time:  0.444 (0.011)  Data Time:  0.005 (0.004)
2022-03-31 10:43:18,281:INFO:   Eta: 0:25:22
2022-03-31 10:43:25,096:INFO: Valid: [198][659/660]  Loss -9.5416 (-6.1002)
2022-03-31 10:43:57,176:INFO: Train: [199][2784/2785]  Loss -1.5251 (-1.8291)  Time:  0.452 (0.012)  Data Time:  0.006 (0.004)
2022-03-31 10:43:57,177:INFO:   Eta: 0:27:15
2022-03-31 10:44:02,337:INFO: Valid: [199][659/660]  Loss -9.6334 (-6.1293)
2022-03-31 10:44:31,972:INFO: Train: [200][2784/2785]  Loss -1.5208 (-1.7951)  Time:  0.408 (0.011)  Data Time:  0.004 (0.004)
2022-03-31 10:44:31,973:INFO:   Eta: 0:24:40
2022-03-31 10:44:37,097:INFO: Valid: [200][659/660]  Loss -9.5017 (-6.0507)
2022-03-31 10:45:08,942:INFO: Train: [201][2784/2785]  Loss -1.3570 (-1.8595)  Time:  0.469 (0.011)  Data Time:  0.005 (0.004)
2022-03-31 10:45:08,943:INFO:   Eta: 0:25:59
2022-03-31 10:45:14,333:INFO: Valid: [201][659/660]  Loss -9.4767 (-6.0213)
2022-03-31 10:45:46,940:INFO: Train: [202][2784/2785]  Loss -1.4668 (-1.8667)  Time:  0.428 (0.012)  Data Time:  0.005 (0.005)
2022-03-31 10:45:46,942:INFO:   Eta: 0:26:04
2022-03-31 10:45:52,094:INFO: Valid: [202][659/660]  Loss -9.3585 (-5.9896)
2022-03-31 10:46:23,909:INFO: Train: [203][2784/2785]  Loss -1.5192 (-1.8453)  Time:  0.432 (0.011)  Data Time:  0.004 (0.004)
2022-03-31 10:46:23,910:INFO:   Eta: 0:24:54
2022-03-31 10:46:31,465:INFO: Valid: [203][659/660]  Loss -9.0375 (-5.7713)
2022-03-31 10:47:03,534:INFO: Train: [204][2784/2785]  Loss -1.3296 (-1.8904)  Time:  0.407 (0.012)  Data Time:  0.004 (0.004)
2022-03-31 10:47:03,535:INFO:   Eta: 0:24:34
2022-03-31 10:47:09,968:INFO: Valid: [204][659/660]  Loss -8.8086 (-5.6379)
2022-03-31 10:47:42,312:INFO: Train: [205][2784/2785]  Loss -1.4557 (-1.8523)  Time:  0.478 (0.012)  Data Time:  0.005 (0.004)
2022-03-31 10:47:42,313:INFO:   Eta: 0:24:14
2022-03-31 10:47:47,625:INFO: Valid: [205][659/660]  Loss -9.8325 (-6.2790)
2022-03-31 10:47:47,641:INFO: Checkpoint saved...
2022-03-31 10:48:18,390:INFO: Train: [206][2784/2785]  Loss -1.4988 (-1.8529)  Time:  0.381 (0.011)  Data Time:  0.003 (0.004)
2022-03-31 10:48:18,392:INFO:   Eta: 0:22:32
2022-03-31 10:48:23,699:INFO: Valid: [206][659/660]  Loss -9.3770 (-5.9616)
2022-03-31 10:48:25,795:INFO: Test: [206]  ADE: 0.7874  FDE: 1.3616
2022-03-31 10:48:53,941:INFO: Train: [207][2784/2785]  Loss -1.4840 (-1.8881)  Time:  0.402 (0.010)  Data Time:  0.004 (0.004)
2022-03-31 10:48:53,942:INFO:   Eta: 0:20:09
2022-03-31 10:48:58,978:INFO: Valid: [207][659/660]  Loss -9.7115 (-6.1884)
2022-03-31 10:49:25,165:INFO: Train: [208][2784/2785]  Loss -1.4644 (-1.8243)  Time:  0.395 (0.009)  Data Time:  0.003 (0.003)
2022-03-31 10:49:25,166:INFO:   Eta: 0:18:18
2022-03-31 10:49:30,455:INFO: Valid: [208][659/660]  Loss -9.5393 (-6.0955)
2022-03-31 10:49:59,889:INFO: Train: [209][2784/2785]  Loss -1.3232 (-1.8738)  Time:  0.461 (0.011)  Data Time:  0.004 (0.004)
2022-03-31 10:49:59,893:INFO:   Eta: 0:20:06
2022-03-31 10:50:05,449:INFO: Valid: [209][659/660]  Loss -9.1194 (-5.8047)
2022-03-31 10:50:37,645:INFO: Train: [210][2784/2785]  Loss -1.4585 (-1.8414)  Time:  0.509 (0.012)  Data Time:  0.003 (0.004)
2022-03-31 10:50:37,646:INFO:   Eta: 0:21:27
2022-03-31 10:50:42,999:INFO: Valid: [210][659/660]  Loss -9.4827 (-6.0564)
2022-03-31 10:51:15,561:INFO: Train: [211][2784/2785]  Loss -1.3527 (-1.9008)  Time:  0.458 (0.012)  Data Time:  0.004 (0.005)
2022-03-31 10:51:15,564:INFO:   Eta: 0:21:09
2022-03-31 10:51:20,850:INFO: Valid: [211][659/660]  Loss -9.2095 (-5.8297)
2022-03-31 10:51:53,483:INFO: Train: [212][2784/2785]  Loss -1.3924 (-1.8866)  Time:  0.422 (0.012)  Data Time:  0.004 (0.004)
2022-03-31 10:51:53,484:INFO:   Eta: 0:20:39
2022-03-31 10:51:59,068:INFO: Valid: [212][659/660]  Loss -8.5203 (-5.4594)
2022-03-31 10:52:30,896:INFO: Train: [213][2784/2785]  Loss -1.3777 (-1.8198)  Time:  0.419 (0.011)  Data Time:  0.004 (0.004)
2022-03-31 10:52:30,896:INFO:   Eta: 0:19:36
2022-03-31 10:52:35,933:INFO: Valid: [213][659/660]  Loss -9.0499 (-5.7440)
2022-03-31 10:53:07,846:INFO: Train: [214][2784/2785]  Loss -1.4085 (-1.8196)  Time:  0.436 (0.011)  Data Time:  0.003 (0.004)
2022-03-31 10:53:07,847:INFO:   Eta: 0:19:08
2022-03-31 10:53:13,120:INFO: Valid: [214][659/660]  Loss -9.7133 (-6.2064)
2022-03-31 10:53:46,085:INFO: Train: [215][2784/2785]  Loss -1.4479 (-1.8890)  Time:  0.456 (0.012)  Data Time:  0.004 (0.005)
2022-03-31 10:53:46,086:INFO:   Eta: 0:19:13
2022-03-31 10:53:51,424:INFO: Valid: [215][659/660]  Loss -9.4762 (-6.0375)
2022-03-31 10:54:23,962:INFO: Train: [216][2784/2785]  Loss -1.4154 (-1.9084)  Time:  0.449 (0.012)  Data Time:  0.005 (0.005)
2022-03-31 10:54:23,963:INFO:   Eta: 0:18:25
2022-03-31 10:54:29,236:INFO: Valid: [216][659/660]  Loss -9.2174 (-5.9014)
2022-03-31 10:54:31,348:INFO: Test: [216]  ADE: 0.8072  FDE: 1.3766
2022-03-31 10:54:58,577:INFO: Train: [217][2784/2785]  Loss -1.4669 (-1.8539)  Time:  0.362 (0.010)  Data Time:  0.003 (0.003)
2022-03-31 10:54:58,579:INFO:   Eta: 0:14:58
2022-03-31 10:55:05,315:INFO: Valid: [217][659/660]  Loss -9.0773 (-5.7745)
2022-03-31 10:55:31,343:INFO: Train: [218][2784/2785]  Loss -1.4894 (-1.8909)  Time:  0.393 (0.009)  Data Time:  0.003 (0.003)
2022-03-31 10:55:31,344:INFO:   Eta: 0:13:52
2022-03-31 10:55:36,525:INFO: Valid: [218][659/660]  Loss -9.4613 (-6.0516)
2022-03-31 10:56:04,697:INFO: Train: [219][2784/2785]  Loss -1.4483 (-1.8413)  Time:  0.406 (0.010)  Data Time:  0.004 (0.004)
2022-03-31 10:56:04,698:INFO:   Eta: 0:14:32
2022-03-31 10:56:10,141:INFO: Valid: [219][659/660]  Loss -9.2252 (-5.8956)
2022-03-31 10:56:41,607:INFO: Train: [220][2784/2785]  Loss -1.3712 (-1.8636)  Time:  0.383 (0.011)  Data Time:  0.004 (0.004)
2022-03-31 10:56:41,609:INFO:   Eta: 0:15:43
2022-03-31 10:56:46,494:INFO: Valid: [220][659/660]  Loss -9.6435 (-6.1503)
2022-03-31 10:57:14,313:INFO: Train: [221][2784/2785]  Loss -1.4697 (-1.8746)  Time:  0.370 (0.010)  Data Time:  0.004 (0.004)
2022-03-31 10:57:14,314:INFO:   Eta: 0:13:26
2022-03-31 10:57:19,503:INFO: Valid: [221][659/660]  Loss -8.7595 (-5.5394)
2022-03-31 10:57:47,047:INFO: Train: [222][2784/2785]  Loss -1.4348 (-1.8631)  Time:  0.394 (0.010)  Data Time:  0.003 (0.003)
2022-03-31 10:57:47,048:INFO:   Eta: 0:12:50
2022-03-31 10:57:52,200:INFO: Valid: [222][659/660]  Loss -9.7132 (-6.2233)
2022-03-31 10:58:19,451:INFO: Train: [223][2784/2785]  Loss -1.3282 (-1.8747)  Time:  0.372 (0.010)  Data Time:  0.004 (0.003)
2022-03-31 10:58:19,453:INFO:   Eta: 0:12:15
2022-03-31 10:58:25,056:INFO: Valid: [223][659/660]  Loss -8.8092 (-5.6794)
2022-03-31 10:58:53,154:INFO: Train: [224][2784/2785]  Loss -1.3421 (-1.9244)  Time:  0.399 (0.010)  Data Time:  0.004 (0.004)
2022-03-31 10:58:53,159:INFO:   Eta: 0:12:09
2022-03-31 10:58:58,364:INFO: Valid: [224][659/660]  Loss -9.2944 (-5.9292)
2022-03-31 10:59:25,505:INFO: Train: [225][2784/2785]  Loss -1.3972 (-1.8487)  Time:  0.304 (0.010)  Data Time:  0.002 (0.003)
2022-03-31 10:59:25,507:INFO:   Eta: 0:11:18
2022-03-31 10:59:30,690:INFO: Valid: [225][659/660]  Loss -9.5690 (-6.0877)
2022-03-31 10:59:53,978:INFO: Train: [226][2784/2785]  Loss -1.4050 (-1.9118)  Time:  0.314 (0.008)  Data Time:  0.001 (0.002)
2022-03-31 10:59:53,980:INFO:   Eta: 0:09:18
2022-03-31 10:59:59,568:INFO: Valid: [226][659/660]  Loss -8.9410 (-5.7382)
2022-03-31 11:00:01,463:INFO: Test: [226]  ADE: 0.7994  FDE: 1.3667
2022-03-31 11:00:24,447:INFO: Train: [227][2784/2785]  Loss -1.4375 (-1.8762)  Time:  0.329 (0.008)  Data Time:  0.001 (0.002)
2022-03-31 11:00:24,450:INFO:   Eta: 0:08:48
2022-03-31 11:00:32,684:INFO: Valid: [227][659/660]  Loss -9.2745 (-5.9384)
2022-03-31 11:00:52,247:INFO: Train: [228][2784/2785]  Loss -1.3575 (-1.8598)  Time:  0.272 (0.007)  Data Time:  0.002 (0.002)
2022-03-31 11:00:52,248:INFO:   Eta: 0:07:10
2022-03-31 11:00:58,010:INFO: Valid: [228][659/660]  Loss -9.5480 (-6.1107)
2022-03-31 11:01:18,102:INFO: Train: [229][2784/2785]  Loss -1.4084 (-1.8723)  Time:  0.341 (0.007)  Data Time:  0.000 (0.002)
2022-03-31 11:01:18,104:INFO:   Eta: 0:07:01
2022-03-31 11:01:23,348:INFO: Valid: [229][659/660]  Loss -8.7798 (-5.5682)
2022-03-31 11:01:43,963:INFO: Train: [230][2784/2785]  Loss -1.3708 (-1.8521)  Time:  0.328 (0.007)  Data Time:  0.001 (0.002)
2022-03-31 11:01:43,965:INFO:   Eta: 0:06:51
2022-03-31 11:01:49,060:INFO: Valid: [230][659/660]  Loss -9.6361 (-6.1805)
2022-03-31 11:02:11,818:INFO: Train: [231][2784/2785]  Loss -1.4672 (-1.8503)  Time:  0.331 (0.008)  Data Time:  0.002 (0.002)
2022-03-31 11:02:11,820:INFO:   Eta: 0:07:12
2022-03-31 11:02:17,303:INFO: Valid: [231][659/660]  Loss -9.6642 (-6.1264)
2022-03-31 11:02:40,628:INFO: Train: [232][2784/2785]  Loss -1.5084 (-1.8612)  Time:  0.348 (0.008)  Data Time:  0.003 (0.002)
2022-03-31 11:02:40,629:INFO:   Eta: 0:06:59
2022-03-31 11:02:46,379:INFO: Valid: [232][659/660]  Loss -7.7435 (-4.8876)
2022-03-31 11:03:09,957:INFO: Train: [233][2784/2785]  Loss -1.3782 (-1.8849)  Time:  0.338 (0.008)  Data Time:  0.003 (0.002)
2022-03-31 11:03:09,958:INFO:   Eta: 0:06:40
2022-03-31 11:03:14,934:INFO: Valid: [233][659/660]  Loss -9.7101 (-6.1949)
2022-03-31 11:03:38,600:INFO: Train: [234][2784/2785]  Loss -1.5541 (-1.8917)  Time:  0.357 (0.008)  Data Time:  0.002 (0.002)
2022-03-31 11:03:38,601:INFO:   Eta: 0:06:18
2022-03-31 11:03:44,010:INFO: Valid: [234][659/660]  Loss -9.3902 (-5.9807)
2022-03-31 11:04:07,293:INFO: Train: [235][2784/2785]  Loss -1.3784 (-1.8367)  Time:  0.311 (0.008)  Data Time:  0.001 (0.002)
2022-03-31 11:04:07,294:INFO:   Eta: 0:05:48
2022-03-31 11:04:12,462:INFO: Valid: [235][659/660]  Loss -9.5270 (-6.0852)
2022-03-31 11:04:36,091:INFO: Train: [236][2784/2785]  Loss -1.3609 (-1.8879)  Time:  0.329 (0.008)  Data Time:  0.003 (0.002)
2022-03-31 11:04:36,094:INFO:   Eta: 0:05:30
2022-03-31 11:04:41,317:INFO: Valid: [236][659/660]  Loss -9.7364 (-6.2034)
2022-03-31 11:04:43,262:INFO: Test: [236]  ADE: 0.7666  FDE: 1.2868
2022-03-31 11:05:05,057:INFO: Train: [237][2784/2785]  Loss -1.2632 (-1.8423)  Time:  0.336 (0.008)  Data Time:  0.002 (0.002)
2022-03-31 11:05:05,059:INFO:   Eta: 0:04:42
2022-03-31 11:05:10,087:INFO: Valid: [237][659/660]  Loss -9.0439 (-5.8179)
2022-03-31 11:05:33,678:INFO: Train: [238][2784/2785]  Loss -1.4485 (-1.8655)  Time:  0.341 (0.008)  Data Time:  0.003 (0.002)
2022-03-31 11:05:33,679:INFO:   Eta: 0:04:42
2022-03-31 11:05:39,413:INFO: Valid: [238][659/660]  Loss -9.6277 (-6.1390)
2022-03-31 11:05:59,049:INFO: Train: [239][2784/2785]  Loss -1.3133 (-1.8807)  Time:  0.302 (0.007)  Data Time:  0.002 (0.001)
2022-03-31 11:05:59,157:INFO:   Eta: 0:03:35
2022-03-31 11:06:03,990:INFO: Valid: [239][659/660]  Loss -9.1784 (-5.9094)
2022-03-31 11:06:21,240:INFO: Train: [240][2784/2785]  Loss -1.3971 (-1.8900)  Time:  0.291 (0.006)  Data Time:  0.000 (0.001)
2022-03-31 11:06:21,242:INFO:   Eta: 0:02:39
2022-03-31 11:06:26,630:INFO: Valid: [240][659/660]  Loss -8.8494 (-5.6184)
2022-03-31 11:06:42,694:INFO: Train: [241][2784/2785]  Loss -1.4793 (-1.8601)  Time:  0.286 (0.006)  Data Time:  0.000 (0.000)
2022-03-31 11:06:42,695:INFO:   Eta: 0:02:24
2022-03-31 11:06:49,785:INFO: Valid: [241][659/660]  Loss -9.3436 (-5.9340)
2022-03-31 11:07:06,210:INFO: Train: [242][2784/2785]  Loss -1.4505 (-1.8842)  Time:  0.265 (0.006)  Data Time:  0.000 (0.000)
2022-03-31 11:07:06,212:INFO:   Eta: 0:02:11
2022-03-31 11:07:11,184:INFO: Valid: [242][659/660]  Loss -9.3609 (-5.9388)
2022-03-31 11:07:29,461:INFO: Train: [243][2784/2785]  Loss -1.2269 (-1.8999)  Time:  0.316 (0.007)  Data Time:  0.000 (0.001)
2022-03-31 11:07:29,463:INFO:   Eta: 0:02:07
2022-03-31 11:07:35,234:INFO: Valid: [243][659/660]  Loss -9.2258 (-5.8843)
2022-03-31 11:07:54,838:INFO: Train: [244][2784/2785]  Loss -1.4745 (-1.8885)  Time:  0.316 (0.007)  Data Time:  0.002 (0.001)
2022-03-31 11:07:54,839:INFO:   Eta: 0:01:57
2022-03-31 11:07:59,861:INFO: Valid: [244][659/660]  Loss -9.0991 (-5.8152)
2022-03-31 11:08:18,537:INFO: Train: [245][2784/2785]  Loss -1.3777 (-1.8369)  Time:  0.278 (0.007)  Data Time:  0.001 (0.001)
2022-03-31 11:08:18,538:INFO:   Eta: 0:01:33
2022-03-31 11:08:24,043:INFO: Valid: [245][659/660]  Loss -9.3778 (-5.9999)
2022-03-31 11:08:42,950:INFO: Train: [246][2784/2785]  Loss -1.3918 (-1.8367)  Time:  0.258 (0.007)  Data Time:  0.001 (0.001)
2022-03-31 11:08:42,951:INFO:   Eta: 0:01:15
2022-03-31 11:08:47,872:INFO: Valid: [246][659/660]  Loss -9.0669 (-5.8054)
2022-03-31 11:08:49,705:INFO: Test: [246]  ADE: 0.7751  FDE: 1.3554
2022-03-31 11:09:08,517:INFO: Train: [247][2784/2785]  Loss -1.6164 (-1.9067)  Time:  0.302 (0.007)  Data Time:  0.002 (0.001)
2022-03-31 11:09:08,518:INFO:   Eta: 0:00:56
2022-03-31 11:09:13,618:INFO: Valid: [247][659/660]  Loss -9.3917 (-5.9868)
2022-03-31 11:09:32,306:INFO: Train: [248][2784/2785]  Loss -1.4294 (-1.8559)  Time:  0.263 (0.007)  Data Time:  0.001 (0.001)
2022-03-31 11:09:32,308:INFO:   Eta: 0:00:37
2022-03-31 11:09:37,654:INFO: Valid: [248][659/660]  Loss -9.2352 (-5.8829)
2022-03-31 11:09:56,610:INFO: Train: [249][2784/2785]  Loss -1.4567 (-1.8810)  Time:  0.310 (0.007)  Data Time:  0.002 (0.001)
2022-03-31 11:09:56,861:INFO:   Eta: 0:00:18
2022-03-31 11:10:03,412:INFO: Valid: [249][659/660]  Loss -9.3798 (-5.9528)
