2022-03-30 15:46:25,378:INFO: batch_size=128
2022-03-30 15:46:25,378:INFO: clip_grad=None
2022-03-30 15:46:25,378:INFO: dataset=univ
2022-03-30 15:46:25,378:INFO: gpu_num=0
2022-03-30 15:46:25,378:INFO: input_size=2
2022-03-30 15:46:25,378:INFO: kernel_size=3
2022-03-30 15:46:25,378:INFO: lr=0.01
2022-03-30 15:46:25,378:INFO: lr_sh_rate=150
2022-03-30 15:46:25,379:INFO: model=social_stgcnn0
2022-03-30 15:46:25,379:INFO: n_stgcnn=1
2022-03-30 15:46:25,379:INFO: n_txpcnn=5
2022-03-30 15:46:25,379:INFO: num_epochs=250
2022-03-30 15:46:25,379:INFO: obs_seq_len=8
2022-03-30 15:46:25,379:INFO: output_size=5
2022-03-30 15:46:25,379:INFO: pred_seq_len=12
2022-03-30 15:46:25,379:INFO: seed=0
2022-03-30 15:46:25,379:INFO: tag=univ
2022-03-30 15:46:25,379:INFO: use_lrschd=True
2022-03-30 15:46:25,379:INFO: ******************************
2022-03-30 15:46:25,379:INFO: Training initiating....
2022-03-30 15:46:25,380:INFO: Namespace(batch_size=128, clip_grad=None, dataset='univ', gpu_num='0', input_size=2, kernel_size=3, lr=0.01, lr_sh_rate=150, model='social_stgcnn0', n_stgcnn=1, n_txpcnn=5, num_epochs=250, obs_seq_len=8, output_size=5, pred_seq_len=12, seed=0, tag='univ', use_lrschd=True)
2022-03-30 15:46:25,384:INFO: Initializing train dataset
2022-03-30 15:46:31,696:INFO: Initializing val dataset
2022-03-30 15:46:59,624:INFO: social_stgcnn0
2022-03-30 15:46:59,626:INFO: Data and model loaded
2022-03-30 15:46:59,626:INFO: Checkpoint dir: ./runs/Mar30_15-46-25_node09/univ/checkpoint
2022-03-30 15:46:59,626:INFO: Training started ...
2022-03-30 15:47:25,817:INFO: Train: [0][2075/2076]  Loss 0.3804 (1.7517)  Time:  0.154 (0.013)  Data Time:  0.005 (0.004)
2022-03-30 15:47:25,818:INFO:   Eta: 1:49:06
2022-03-30 15:47:51,591:INFO: Train: [1][2075/2076]  Loss 0.3549 (1.6701)  Time:  0.135 (0.012)  Data Time:  0.004 (0.005)
2022-03-30 15:47:51,593:INFO:   Eta: 1:46:54
2022-03-30 15:48:17,021:INFO: Train: [2][2075/2076]  Loss 0.3307 (1.5620)  Time:  0.135 (0.012)  Data Time:  0.005 (0.005)
2022-03-30 15:48:17,022:INFO:   Eta: 1:45:01
2022-03-30 15:48:42,367:INFO: Train: [3][2075/2076]  Loss 0.2958 (1.4080)  Time:  0.129 (0.012)  Data Time:  0.005 (0.004)
2022-03-30 15:48:42,368:INFO:   Eta: 1:44:16
2022-03-30 15:49:08,039:INFO: Train: [4][2075/2076]  Loss 0.2668 (1.2169)  Time:  0.138 (0.012)  Data Time:  0.004 (0.005)
2022-03-30 15:49:08,039:INFO:   Eta: 1:45:11
2022-03-30 15:49:33,421:INFO: Train: [5][2075/2076]  Loss 0.2375 (1.1898)  Time:  0.150 (0.012)  Data Time:  0.005 (0.004)
2022-03-30 15:49:33,423:INFO:   Eta: 1:43:36
2022-03-30 15:50:01,043:INFO: Train: [6][2075/2076]  Loss 0.2148 (1.0412)  Time:  0.139 (0.013)  Data Time:  0.004 (0.004)
2022-03-30 15:50:01,045:INFO:   Eta: 1:52:13
2022-03-30 15:51:44,120:INFO: Test: [6]  ADE: 0.9935  FDE: 1.0106
2022-03-30 15:52:10,095:INFO: Train: [7][2075/2076]  Loss 0.1771 (0.8639)  Time:  0.136 (0.012)  Data Time:  0.004 (0.005)
2022-03-30 15:52:10,096:INFO:   Eta: 1:45:05
2022-03-30 15:52:36,204:INFO: Train: [8][2075/2076]  Loss 0.1474 (0.7380)  Time:  0.160 (0.013)  Data Time:  0.004 (0.004)
2022-03-30 15:52:36,204:INFO:   Eta: 1:45:14
2022-03-30 15:53:02,720:INFO: Train: [9][2075/2076]  Loss 0.1094 (0.5488)  Time:  0.141 (0.013)  Data Time:  0.004 (0.005)
2022-03-30 15:53:02,722:INFO:   Eta: 1:46:27
2022-03-30 15:53:28,969:INFO: Train: [10][2075/2076]  Loss 0.0607 (0.4245)  Time:  0.147 (0.013)  Data Time:  0.004 (0.004)
2022-03-30 15:53:28,970:INFO:   Eta: 1:44:55
2022-03-30 15:53:55,482:INFO: Train: [11][2075/2076]  Loss 0.0938 (0.2946)  Time:  0.154 (0.013)  Data Time:  0.004 (0.005)
2022-03-30 15:53:55,484:INFO:   Eta: 1:45:32
2022-03-30 15:54:21,897:INFO: Train: [12][2075/2076]  Loss 0.0654 (0.1932)  Time:  0.142 (0.013)  Data Time:  0.006 (0.005)
2022-03-30 15:54:21,898:INFO:   Eta: 1:44:37
2022-03-30 15:54:48,043:INFO: Train: [13][2075/2076]  Loss 0.0062 (0.1051)  Time:  0.152 (0.013)  Data Time:  0.005 (0.004)
2022-03-30 15:54:48,044:INFO:   Eta: 1:43:13
2022-03-30 15:55:14,232:INFO: Train: [14][2075/2076]  Loss -0.0281 (0.0934)  Time:  0.148 (0.013)  Data Time:  0.005 (0.005)
2022-03-30 15:55:14,232:INFO:   Eta: 1:42:57
2022-03-30 15:55:36,824:INFO: Train: [15][2075/2076]  Loss 0.1074 (0.0633)  Time:  0.125 (0.011)  Data Time:  0.003 (0.003)
2022-03-30 15:55:36,825:INFO:   Eta: 1:28:26
2022-03-30 15:56:01,040:INFO: Train: [16][2075/2076]  Loss 0.0619 (0.0338)  Time:  0.154 (0.012)  Data Time:  0.005 (0.004)
2022-03-30 15:56:01,041:INFO:   Eta: 1:34:23
2022-03-30 15:57:46,545:INFO: Test: [16]  ADE: 0.8331  FDE: 1.2186
2022-03-30 15:58:12,334:INFO: Train: [17][2075/2076]  Loss 0.1671 (0.0269)  Time:  0.150 (0.012)  Data Time:  0.006 (0.005)
2022-03-30 15:58:12,336:INFO:   Eta: 1:40:03
2022-03-30 15:58:37,936:INFO: Train: [18][2075/2076]  Loss 0.0776 (0.0130)  Time:  0.145 (0.012)  Data Time:  0.004 (0.005)
2022-03-30 15:58:37,937:INFO:   Eta: 1:38:56
2022-03-30 15:59:03,790:INFO: Train: [19][2075/2076]  Loss -0.0160 (-0.0099)  Time:  0.139 (0.012)  Data Time:  0.003 (0.005)
2022-03-30 15:59:03,791:INFO:   Eta: 1:39:28
2022-03-30 15:59:29,479:INFO: Train: [20][2075/2076]  Loss -0.0104 (-0.0213)  Time:  0.144 (0.012)  Data Time:  0.005 (0.005)
2022-03-30 15:59:29,481:INFO:   Eta: 1:38:25
2022-03-30 15:59:55,074:INFO: Train: [21][2075/2076]  Loss -0.0472 (-0.0378)  Time:  0.134 (0.012)  Data Time:  0.005 (0.004)
2022-03-30 15:59:55,075:INFO:   Eta: 1:37:38
2022-03-30 16:00:20,079:INFO: Train: [22][2075/2076]  Loss 0.0054 (-0.0401)  Time:  0.139 (0.012)  Data Time:  0.005 (0.004)
2022-03-30 16:00:20,080:INFO:   Eta: 1:34:57
2022-03-30 16:00:43,136:INFO: Train: [23][2075/2076]  Loss -0.0105 (-0.0351)  Time:  0.142 (0.011)  Data Time:  0.022 (0.004)
2022-03-30 16:00:43,137:INFO:   Eta: 1:27:09
2022-03-30 16:01:06,224:INFO: Train: [24][2075/2076]  Loss -0.0468 (-0.0617)  Time:  0.130 (0.011)  Data Time:  0.005 (0.004)
2022-03-30 16:01:06,225:INFO:   Eta: 1:26:54
2022-03-30 16:01:31,493:INFO: Train: [25][2075/2076]  Loss -0.0211 (-0.0594)  Time:  0.130 (0.012)  Data Time:  0.004 (0.004)
2022-03-30 16:01:31,493:INFO:   Eta: 1:34:42
2022-03-30 16:01:57,453:INFO: Train: [26][2075/2076]  Loss -0.0185 (-0.0707)  Time:  0.141 (0.012)  Data Time:  0.005 (0.005)
2022-03-30 16:01:57,454:INFO:   Eta: 1:36:52
2022-03-30 16:03:38,693:INFO: Test: [26]  ADE: 0.8404  FDE: 1.2938
2022-03-30 16:04:04,144:INFO: Train: [27][2075/2076]  Loss -0.0057 (-0.0866)  Time:  0.138 (0.012)  Data Time:  0.004 (0.005)
2022-03-30 16:04:04,145:INFO:   Eta: 1:34:30
2022-03-30 16:04:29,192:INFO: Train: [28][2075/2076]  Loss -0.0209 (-0.1175)  Time:  0.129 (0.012)  Data Time:  0.005 (0.004)
2022-03-30 16:04:29,192:INFO:   Eta: 1:32:37
2022-03-30 16:04:55,571:INFO: Train: [29][2075/2076]  Loss -0.0207 (-0.0860)  Time:  0.135 (0.013)  Data Time:  0.004 (0.005)
2022-03-30 16:04:55,806:INFO:   Eta: 1:37:05
2022-03-30 16:05:21,863:INFO: Train: [30][2075/2076]  Loss -0.0824 (-0.1029)  Time:  0.141 (0.012)  Data Time:  0.005 (0.004)
2022-03-30 16:05:21,864:INFO:   Eta: 1:30:45
2022-03-30 16:05:47,444:INFO: Train: [31][2075/2076]  Loss -0.0509 (-0.1010)  Time:  0.135 (0.012)  Data Time:  0.005 (0.004)
2022-03-30 16:05:47,445:INFO:   Eta: 1:33:18
2022-03-30 16:06:10,283:INFO: Train: [32][2075/2076]  Loss -0.0421 (-0.1069)  Time:  0.126 (0.011)  Data Time:  0.003 (0.004)
2022-03-30 16:06:10,283:INFO:   Eta: 1:22:56
2022-03-30 16:06:35,319:INFO: Train: [33][2075/2076]  Loss 0.0055 (-0.1321)  Time:  0.148 (0.012)  Data Time:  0.005 (0.005)
2022-03-30 16:06:35,320:INFO:   Eta: 1:30:30
2022-03-30 16:07:00,648:INFO: Train: [34][2075/2076]  Loss -0.0559 (-0.1125)  Time:  0.148 (0.012)  Data Time:  0.004 (0.004)
2022-03-30 16:07:00,649:INFO:   Eta: 1:31:08
2022-03-30 16:07:26,443:INFO: Train: [35][2075/2076]  Loss -0.0548 (-0.1209)  Time:  0.135 (0.012)  Data Time:  0.005 (0.005)
2022-03-30 16:07:26,444:INFO:   Eta: 1:32:22
2022-03-30 16:07:52,057:INFO: Train: [36][2075/2076]  Loss -0.0403 (-0.1414)  Time:  0.140 (0.012)  Data Time:  0.004 (0.005)
2022-03-30 16:07:52,058:INFO:   Eta: 1:31:18
2022-03-30 16:09:34,055:INFO: Test: [36]  ADE: 0.8422  FDE: 1.3349
2022-03-30 16:09:58,204:INFO: Train: [37][2075/2076]  Loss -0.0749 (-0.1489)  Time:  0.147 (0.012)  Data Time:  0.005 (0.004)
2022-03-30 16:09:58,204:INFO:   Eta: 1:25:39
2022-03-30 16:10:23,692:INFO: Train: [38][2075/2076]  Loss -0.0568 (-0.1133)  Time:  0.147 (0.012)  Data Time:  0.005 (0.004)
2022-03-30 16:10:23,694:INFO:   Eta: 1:30:01
2022-03-30 16:10:49,658:INFO: Train: [39][2075/2076]  Loss 0.1530 (-0.1499)  Time:  0.140 (0.013)  Data Time:  0.005 (0.005)
2022-03-30 16:10:49,659:INFO:   Eta: 1:31:15
2022-03-30 16:11:13,154:INFO: Train: [40][2075/2076]  Loss -0.0573 (-0.1368)  Time:  0.133 (0.011)  Data Time:  0.004 (0.004)
2022-03-30 16:11:13,155:INFO:   Eta: 1:22:11
2022-03-30 16:11:36,626:INFO: Train: [41][2075/2076]  Loss -0.0490 (-0.1231)  Time:  0.127 (0.011)  Data Time:  0.004 (0.004)
2022-03-30 16:11:36,627:INFO:   Eta: 1:21:42
2022-03-30 16:12:02,210:INFO: Train: [42][2075/2076]  Loss -0.0591 (-0.1698)  Time:  0.126 (0.012)  Data Time:  0.004 (0.005)
2022-03-30 16:12:02,212:INFO:   Eta: 1:28:38
2022-03-30 16:12:27,724:INFO: Train: [43][2075/2076]  Loss -0.0023 (-0.1303)  Time:  0.138 (0.012)  Data Time:  0.005 (0.005)
2022-03-30 16:12:27,725:INFO:   Eta: 1:27:58
2022-03-30 16:12:52,651:INFO: Train: [44][2075/2076]  Loss -0.0347 (-0.1477)  Time:  0.149 (0.012)  Data Time:  0.004 (0.004)
2022-03-30 16:12:52,651:INFO:   Eta: 1:25:32
2022-03-30 16:13:20,010:INFO: Train: [45][2075/2076]  Loss 0.0390 (-0.1225)  Time:  0.174 (0.013)  Data Time:  0.005 (0.005)
2022-03-30 16:13:20,011:INFO:   Eta: 1:33:25
2022-03-30 16:13:46,044:INFO: Train: [46][2075/2076]  Loss -0.0383 (-0.1524)  Time:  0.145 (0.013)  Data Time:  0.005 (0.005)
2022-03-30 16:13:46,045:INFO:   Eta: 1:28:27
2022-03-30 16:15:28,341:INFO: Test: [46]  ADE: 0.8415  FDE: 1.3615
2022-03-30 16:15:54,499:INFO: Train: [47][2075/2076]  Loss -0.0309 (-0.1545)  Time:  0.150 (0.013)  Data Time:  0.003 (0.005)
2022-03-30 16:15:54,501:INFO:   Eta: 1:28:24
2022-03-30 16:16:18,573:INFO: Train: [48][2075/2076]  Loss 0.0390 (-0.1498)  Time:  0.136 (0.012)  Data Time:  0.003 (0.004)
2022-03-30 16:16:18,574:INFO:   Eta: 1:20:59
2022-03-30 16:16:42,843:INFO: Train: [49][2075/2076]  Loss 0.0353 (-0.1222)  Time:  0.156 (0.012)  Data Time:  0.005 (0.004)
2022-03-30 16:16:42,845:INFO:   Eta: 1:21:15
2022-03-30 16:17:08,706:INFO: Train: [50][2075/2076]  Loss 0.0185 (-0.1419)  Time:  0.132 (0.012)  Data Time:  0.004 (0.004)
2022-03-30 16:17:08,707:INFO:   Eta: 1:26:09
2022-03-30 16:17:34,899:INFO: Train: [51][2075/2076]  Loss -0.0985 (-0.1536)  Time:  0.133 (0.013)  Data Time:  0.004 (0.005)
2022-03-30 16:17:34,900:INFO:   Eta: 1:26:49
2022-03-30 16:18:01,096:INFO: Train: [52][2075/2076]  Loss -0.0299 (-0.1463)  Time:  0.141 (0.013)  Data Time:  0.005 (0.005)
2022-03-30 16:18:01,098:INFO:   Eta: 1:26:24
2022-03-30 16:18:26,854:INFO: Train: [53][2075/2076]  Loss -0.0401 (-0.1706)  Time:  0.125 (0.012)  Data Time:  0.003 (0.005)
2022-03-30 16:18:26,855:INFO:   Eta: 1:24:31
2022-03-30 16:18:52,650:INFO: Train: [54][2075/2076]  Loss -0.0204 (-0.1580)  Time:  0.139 (0.012)  Data Time:  0.005 (0.004)
2022-03-30 16:18:52,651:INFO:   Eta: 1:24:13
2022-03-30 16:19:18,392:INFO: Train: [55][2075/2076]  Loss 0.0397 (-0.1361)  Time:  0.133 (0.012)  Data Time:  0.004 (0.005)
2022-03-30 16:19:18,394:INFO:   Eta: 1:23:37
2022-03-30 16:19:43,151:INFO: Train: [56][2075/2076]  Loss 0.0422 (-0.1586)  Time:  0.150 (0.012)  Data Time:  0.004 (0.004)
2022-03-30 16:19:43,154:INFO:   Eta: 1:20:00
2022-03-30 16:21:26,669:INFO: Test: [56]  ADE: 0.8488  FDE: 1.3866
2022-03-30 16:21:50,347:INFO: Train: [57][2075/2076]  Loss -0.0292 (-0.1466)  Time:  0.142 (0.011)  Data Time:  0.005 (0.004)
2022-03-30 16:21:50,348:INFO:   Eta: 1:16:03
2022-03-30 16:22:16,477:INFO: Train: [58][2075/2076]  Loss -0.0359 (-0.1373)  Time:  0.142 (0.013)  Data Time:  0.004 (0.005)
2022-03-30 16:22:16,478:INFO:   Eta: 1:23:33
2022-03-30 16:22:42,189:INFO: Train: [59][2075/2076]  Loss -0.0153 (-0.1424)  Time:  0.145 (0.012)  Data Time:  0.005 (0.005)
2022-03-30 16:22:42,190:INFO:   Eta: 1:21:48
2022-03-30 16:23:08,454:INFO: Train: [60][2075/2076]  Loss 0.0107 (-0.1447)  Time:  0.146 (0.013)  Data Time:  0.004 (0.005)
2022-03-30 16:23:08,455:INFO:   Eta: 1:23:07
2022-03-30 16:23:34,551:INFO: Train: [61][2075/2076]  Loss -0.0468 (-0.1648)  Time:  0.147 (0.013)  Data Time:  0.005 (0.005)
2022-03-30 16:23:34,552:INFO:   Eta: 1:22:09
2022-03-30 16:24:00,829:INFO: Train: [62][2075/2076]  Loss 0.0195 (-0.1743)  Time:  0.125 (0.013)  Data Time:  0.003 (0.004)
2022-03-30 16:24:00,831:INFO:   Eta: 1:22:17
2022-03-30 16:24:27,079:INFO: Train: [63][2075/2076]  Loss -0.0173 (-0.1513)  Time:  0.147 (0.013)  Data Time:  0.004 (0.005)
2022-03-30 16:24:27,080:INFO:   Eta: 1:21:45
2022-03-30 16:24:51,097:INFO: Train: [64][2075/2076]  Loss -0.0584 (-0.1595)  Time:  0.129 (0.012)  Data Time:  0.005 (0.004)
2022-03-30 16:24:51,098:INFO:   Eta: 1:14:24
2022-03-30 16:25:16,346:INFO: Train: [65][2075/2076]  Loss 0.0368 (-0.1786)  Time:  0.144 (0.012)  Data Time:  0.005 (0.004)
2022-03-30 16:25:16,348:INFO:   Eta: 1:17:48
2022-03-30 16:25:42,127:INFO: Train: [66][2075/2076]  Loss -0.0877 (-0.1837)  Time:  0.139 (0.012)  Data Time:  0.004 (0.005)
2022-03-30 16:25:42,128:INFO:   Eta: 1:19:01
2022-03-30 16:27:22,592:INFO: Test: [66]  ADE: 0.8576  FDE: 1.4093
2022-03-30 16:27:48,226:INFO: Train: [67][2075/2076]  Loss -0.0642 (-0.1472)  Time:  0.143 (0.012)  Data Time:  0.005 (0.005)
2022-03-30 16:27:48,227:INFO:   Eta: 1:18:05
2022-03-30 16:28:14,710:INFO: Train: [68][2075/2076]  Loss 0.0290 (-0.1680)  Time:  0.162 (0.013)  Data Time:  0.004 (0.004)
2022-03-30 16:28:14,711:INFO:   Eta: 1:20:17
2022-03-30 16:28:41,452:INFO: Train: [69][2075/2076]  Loss -0.0297 (-0.1389)  Time:  0.135 (0.013)  Data Time:  0.004 (0.005)
2022-03-30 16:28:41,453:INFO:   Eta: 1:20:37
2022-03-30 16:29:07,486:INFO: Train: [70][2075/2076]  Loss 0.0165 (-0.1470)  Time:  0.140 (0.013)  Data Time:  0.004 (0.005)
2022-03-30 16:29:07,487:INFO:   Eta: 1:18:02
2022-03-30 16:29:31,548:INFO: Train: [71][2075/2076]  Loss -0.0725 (-0.1667)  Time:  0.123 (0.012)  Data Time:  0.004 (0.004)
2022-03-30 16:29:31,549:INFO:   Eta: 1:11:44
2022-03-30 16:29:57,635:INFO: Train: [72][2075/2076]  Loss -0.0585 (-0.1998)  Time:  0.151 (0.013)  Data Time:  0.005 (0.005)
2022-03-30 16:29:57,636:INFO:   Eta: 1:17:20
2022-03-30 16:30:23,533:INFO: Train: [73][2075/2076]  Loss 0.0429 (-0.1527)  Time:  0.155 (0.012)  Data Time:  0.005 (0.005)
2022-03-30 16:30:23,533:INFO:   Eta: 1:16:21
2022-03-30 16:30:48,341:INFO: Train: [74][2075/2076]  Loss -0.0397 (-0.1495)  Time:  0.144 (0.012)  Data Time:  0.005 (0.004)
2022-03-30 16:30:48,342:INFO:   Eta: 1:12:43
2022-03-30 16:31:14,040:INFO: Train: [75][2075/2076]  Loss -0.0276 (-0.1496)  Time:  0.141 (0.012)  Data Time:  0.005 (0.005)
2022-03-30 16:31:14,041:INFO:   Eta: 1:14:54
2022-03-30 16:31:39,505:INFO: Train: [76][2075/2076]  Loss -0.0164 (-0.1579)  Time:  0.128 (0.012)  Data Time:  0.004 (0.004)
2022-03-30 16:31:39,506:INFO:   Eta: 1:13:48
2022-03-30 16:33:21,529:INFO: Test: [76]  ADE: 0.8539  FDE: 1.3954
2022-03-30 16:33:47,531:INFO: Train: [77][2075/2076]  Loss 0.0527 (-0.1165)  Time:  0.143 (0.013)  Data Time:  0.005 (0.005)
2022-03-30 16:33:47,533:INFO:   Eta: 1:14:54
2022-03-30 16:34:12,221:INFO: Train: [78][2075/2076]  Loss -0.0217 (-0.1645)  Time:  0.130 (0.012)  Data Time:  0.004 (0.004)
2022-03-30 16:34:12,222:INFO:   Eta: 1:10:44
2022-03-30 16:34:37,510:INFO: Train: [79][2075/2076]  Loss -0.0232 (-0.1644)  Time:  0.142 (0.012)  Data Time:  0.004 (0.005)
2022-03-30 16:34:37,511:INFO:   Eta: 1:12:02
2022-03-30 16:35:03,276:INFO: Train: [80][2075/2076]  Loss -0.0985 (-0.1740)  Time:  0.132 (0.012)  Data Time:  0.004 (0.005)
2022-03-30 16:35:03,277:INFO:   Eta: 1:12:57
2022-03-30 16:35:29,283:INFO: Train: [81][2075/2076]  Loss -0.0642 (-0.1838)  Time:  0.159 (0.013)  Data Time:  0.004 (0.005)
2022-03-30 16:35:29,284:INFO:   Eta: 1:13:12
2022-03-30 16:35:56,656:INFO: Train: [82][2075/2076]  Loss 0.0189 (-0.1718)  Time:  0.140 (0.013)  Data Time:  0.004 (0.005)
2022-03-30 16:35:56,657:INFO:   Eta: 1:16:36
2022-03-30 16:36:21,774:INFO: Train: [83][2075/2076]  Loss -0.0368 (-0.1619)  Time:  0.144 (0.012)  Data Time:  0.006 (0.004)
2022-03-30 16:36:21,775:INFO:   Eta: 1:09:52
2022-03-30 16:36:47,710:INFO: Train: [84][2075/2076]  Loss -0.0760 (-0.1456)  Time:  0.128 (0.012)  Data Time:  0.004 (0.005)
2022-03-30 16:36:47,712:INFO:   Eta: 1:11:42
2022-03-30 16:37:11,601:INFO: Train: [85][2075/2076]  Loss 0.0223 (-0.1732)  Time:  0.121 (0.011)  Data Time:  0.004 (0.004)
2022-03-30 16:37:11,602:INFO:   Eta: 1:05:38
2022-03-30 16:37:35,428:INFO: Train: [86][2075/2076]  Loss -0.0729 (-0.1606)  Time:  0.130 (0.011)  Data Time:  0.004 (0.004)
2022-03-30 16:37:35,430:INFO:   Eta: 1:05:05
2022-03-30 16:39:15,764:INFO: Test: [86]  ADE: 0.8565  FDE: 1.3994
2022-03-30 16:39:41,991:INFO: Train: [87][2075/2076]  Loss 0.0120 (-0.1444)  Time:  0.139 (0.013)  Data Time:  0.005 (0.005)
2022-03-30 16:39:41,992:INFO:   Eta: 1:10:59
2022-03-30 16:40:07,980:INFO: Train: [88][2075/2076]  Loss 0.0178 (-0.1758)  Time:  0.134 (0.013)  Data Time:  0.004 (0.005)
2022-03-30 16:40:07,982:INFO:   Eta: 1:10:07
2022-03-30 16:40:33,786:INFO: Train: [89][2075/2076]  Loss -0.0697 (-0.1611)  Time:  0.145 (0.012)  Data Time:  0.004 (0.004)
2022-03-30 16:40:33,787:INFO:   Eta: 1:09:09
2022-03-30 16:40:59,728:INFO: Train: [90][2075/2076]  Loss 0.0406 (-0.1710)  Time:  0.140 (0.012)  Data Time:  0.003 (0.005)
2022-03-30 16:40:59,729:INFO:   Eta: 1:09:08
2022-03-30 16:41:25,989:INFO: Train: [91][2075/2076]  Loss -0.0705 (-0.1591)  Time:  0.133 (0.013)  Data Time:  0.004 (0.005)
2022-03-30 16:41:25,991:INFO:   Eta: 1:09:33
2022-03-30 16:41:51,593:INFO: Train: [92][2075/2076]  Loss -0.0141 (-0.1560)  Time:  0.134 (0.012)  Data Time:  0.005 (0.005)
2022-03-30 16:41:51,595:INFO:   Eta: 1:07:22
2022-03-30 16:42:15,385:INFO: Train: [93][2075/2076]  Loss -0.0404 (-0.1659)  Time:  0.133 (0.011)  Data Time:  0.004 (0.004)
2022-03-30 16:42:15,386:INFO:   Eta: 1:02:12
2022-03-30 16:42:38,673:INFO: Train: [94][2075/2076]  Loss -0.0008 (-0.1484)  Time:  0.118 (0.011)  Data Time:  0.004 (0.004)
2022-03-30 16:42:38,674:INFO:   Eta: 1:00:30
2022-03-30 16:43:04,605:INFO: Train: [95][2075/2076]  Loss -0.0485 (-0.1523)  Time:  0.144 (0.012)  Data Time:  0.005 (0.005)
2022-03-30 16:43:04,606:INFO:   Eta: 1:06:57
2022-03-30 16:43:31,377:INFO: Train: [96][2075/2076]  Loss 0.0619 (-0.1890)  Time:  0.133 (0.013)  Data Time:  0.004 (0.004)
2022-03-30 16:43:31,377:INFO:   Eta: 1:08:40
2022-03-30 16:45:13,539:INFO: Test: [96]  ADE: 0.8539  FDE: 1.3911
2022-03-30 16:45:39,479:INFO: Train: [97][2075/2076]  Loss -0.0403 (-0.1713)  Time:  0.137 (0.012)  Data Time:  0.005 (0.005)
2022-03-30 16:45:39,480:INFO:   Eta: 1:06:02
2022-03-30 16:46:05,162:INFO: Train: [98][2075/2076]  Loss -0.0569 (-0.1550)  Time:  0.140 (0.012)  Data Time:  0.005 (0.005)
2022-03-30 16:46:05,163:INFO:   Eta: 1:05:01
2022-03-30 16:46:31,223:INFO: Train: [99][2075/2076]  Loss -0.0293 (-0.1757)  Time:  0.143 (0.013)  Data Time:  0.004 (0.005)
2022-03-30 16:46:31,224:INFO:   Eta: 1:05:33
2022-03-30 16:46:57,322:INFO: Train: [100][2075/2076]  Loss -0.0907 (-0.1614)  Time:  0.163 (0.013)  Data Time:  0.005 (0.005)
2022-03-30 16:46:57,323:INFO:   Eta: 1:05:12
2022-03-30 16:47:21,296:INFO: Train: [101][2075/2076]  Loss -0.0533 (-0.1684)  Time:  0.112 (0.012)  Data Time:  0.003 (0.004)
2022-03-30 16:47:21,296:INFO:   Eta: 0:59:29
2022-03-30 16:47:43,757:INFO: Train: [102][2075/2076]  Loss 0.0054 (-0.1684)  Time:  0.123 (0.011)  Data Time:  0.003 (0.004)
2022-03-30 16:47:43,758:INFO:   Eta: 0:55:22
2022-03-30 16:48:09,842:INFO: Train: [103][2075/2076]  Loss -0.0501 (-0.1691)  Time:  0.147 (0.013)  Data Time:  0.004 (0.005)
2022-03-30 16:48:09,843:INFO:   Eta: 1:03:52
2022-03-30 16:48:35,751:INFO: Train: [104][2075/2076]  Loss -0.1088 (-0.1734)  Time:  0.150 (0.012)  Data Time:  0.005 (0.005)
2022-03-30 16:48:35,752:INFO:   Eta: 1:03:00
2022-03-30 16:49:00,750:INFO: Train: [105][2075/2076]  Loss -0.0815 (-0.1689)  Time:  0.146 (0.012)  Data Time:  0.004 (0.004)
2022-03-30 16:49:00,751:INFO:   Eta: 1:00:22
2022-03-30 16:49:26,464:INFO: Train: [106][2075/2076]  Loss 0.0495 (-0.1680)  Time:  0.148 (0.012)  Data Time:  0.004 (0.004)
2022-03-30 16:49:26,465:INFO:   Eta: 1:01:40
2022-03-30 16:51:11,711:INFO: Test: [106]  ADE: 0.8551  FDE: 1.3938
2022-03-30 16:51:37,992:INFO: Train: [107][2075/2076]  Loss -0.0565 (-0.1643)  Time:  0.151 (0.013)  Data Time:  0.004 (0.005)
2022-03-30 16:51:37,993:INFO:   Eta: 1:02:34
2022-03-30 16:52:04,179:INFO: Train: [108][2075/2076]  Loss -0.0575 (-0.1861)  Time:  0.134 (0.013)  Data Time:  0.004 (0.005)
2022-03-30 16:52:04,180:INFO:   Eta: 1:01:56
2022-03-30 16:52:28,334:INFO: Train: [109][2075/2076]  Loss -0.0139 (-0.1871)  Time:  0.165 (0.012)  Data Time:  0.004 (0.004)
2022-03-30 16:52:28,336:INFO:   Eta: 0:56:44
2022-03-30 16:52:52,630:INFO: Train: [110][2075/2076]  Loss -0.1293 (-0.1709)  Time:  0.148 (0.012)  Data Time:  0.004 (0.004)
2022-03-30 16:52:52,631:INFO:   Eta: 0:56:39
2022-03-30 16:53:18,031:INFO: Train: [111][2075/2076]  Loss -0.0209 (-0.1560)  Time:  0.146 (0.012)  Data Time:  0.005 (0.004)
2022-03-30 16:53:18,033:INFO:   Eta: 0:58:48
2022-03-30 16:53:43,652:INFO: Train: [112][2075/2076]  Loss -0.1000 (-0.1492)  Time:  0.129 (0.012)  Data Time:  0.004 (0.005)
2022-03-30 16:53:43,653:INFO:   Eta: 0:58:53
2022-03-30 16:54:08,639:INFO: Train: [113][2075/2076]  Loss 0.0060 (-0.1569)  Time:  0.145 (0.012)  Data Time:  0.005 (0.004)
2022-03-30 16:54:08,640:INFO:   Eta: 0:57:01
2022-03-30 16:54:34,851:INFO: Train: [114][2075/2076]  Loss -0.0137 (-0.1818)  Time:  0.131 (0.013)  Data Time:  0.004 (0.005)
2022-03-30 16:54:34,852:INFO:   Eta: 0:59:22
2022-03-30 16:55:00,971:INFO: Train: [115][2075/2076]  Loss -0.0406 (-0.1912)  Time:  0.142 (0.013)  Data Time:  0.005 (0.005)
2022-03-30 16:55:00,972:INFO:   Eta: 0:58:44
2022-03-30 16:55:27,255:INFO: Train: [116][2075/2076]  Loss -0.1232 (-0.1683)  Time:  0.157 (0.013)  Data Time:  0.004 (0.005)
2022-03-30 16:55:27,256:INFO:   Eta: 0:58:40
2022-03-30 16:57:09,878:INFO: Test: [116]  ADE: 0.8529  FDE: 1.3889
2022-03-30 16:57:33,621:INFO: Train: [117][2075/2076]  Loss -0.0862 (-0.1427)  Time:  0.146 (0.011)  Data Time:  0.003 (0.004)
2022-03-30 16:57:33,622:INFO:   Eta: 0:52:33
2022-03-30 16:57:58,031:INFO: Train: [118][2075/2076]  Loss -0.0693 (-0.1779)  Time:  0.141 (0.012)  Data Time:  0.003 (0.004)
2022-03-30 16:57:58,040:INFO:   Eta: 0:53:40
2022-03-30 16:58:25,235:INFO: Train: [119][2075/2076]  Loss -0.0273 (-0.1735)  Time:  0.138 (0.013)  Data Time:  0.005 (0.004)
2022-03-30 16:58:25,236:INFO:   Eta: 0:59:20
2022-03-30 16:58:48,559:INFO: Train: [120][2075/2076]  Loss -0.0278 (-0.1796)  Time:  0.137 (0.011)  Data Time:  0.004 (0.004)
2022-03-30 16:58:48,561:INFO:   Eta: 0:50:30
2022-03-30 16:59:13,799:INFO: Train: [121][2075/2076]  Loss -0.0588 (-0.1886)  Time:  0.138 (0.012)  Data Time:  0.004 (0.005)
2022-03-30 16:59:13,801:INFO:   Eta: 0:54:14
2022-03-30 16:59:39,421:INFO: Train: [122][2075/2076]  Loss -0.0602 (-0.1655)  Time:  0.141 (0.012)  Data Time:  0.005 (0.005)
2022-03-30 16:59:39,423:INFO:   Eta: 0:54:35
2022-03-30 17:00:04,984:INFO: Train: [123][2075/2076]  Loss -0.0818 (-0.1525)  Time:  0.133 (0.012)  Data Time:  0.004 (0.005)
2022-03-30 17:00:04,985:INFO:   Eta: 0:54:04
2022-03-30 17:00:30,443:INFO: Train: [124][2075/2076]  Loss -0.0742 (-0.1799)  Time:  0.143 (0.012)  Data Time:  0.005 (0.005)
2022-03-30 17:00:30,445:INFO:   Eta: 0:53:26
2022-03-30 17:00:56,090:INFO: Train: [125][2075/2076]  Loss -0.0102 (-0.1633)  Time:  0.133 (0.012)  Data Time:  0.004 (0.004)
2022-03-30 17:00:56,091:INFO:   Eta: 0:53:23
2022-03-30 17:01:21,724:INFO: Train: [126][2075/2076]  Loss -0.0177 (-0.1792)  Time:  0.135 (0.012)  Data Time:  0.004 (0.005)
2022-03-30 17:01:21,725:INFO:   Eta: 0:52:56
2022-03-30 17:03:01,983:INFO: Test: [126]  ADE: 0.8532  FDE: 1.3894
2022-03-30 17:03:26,565:INFO: Train: [127][2075/2076]  Loss -0.0123 (-0.1688)  Time:  0.149 (0.012)  Data Time:  0.005 (0.004)
2022-03-30 17:03:26,567:INFO:   Eta: 0:50:20
2022-03-30 17:03:51,523:INFO: Train: [128][2075/2076]  Loss -0.0842 (-0.1845)  Time:  0.124 (0.012)  Data Time:  0.003 (0.005)
2022-03-30 17:03:51,524:INFO:   Eta: 0:50:43
2022-03-30 17:04:15,953:INFO: Train: [129][2075/2076]  Loss -0.0677 (-0.1543)  Time:  0.125 (0.012)  Data Time:  0.003 (0.004)
2022-03-30 17:04:15,954:INFO:   Eta: 0:49:14
2022-03-30 17:04:40,337:INFO: Train: [130][2075/2076]  Loss -0.0256 (-0.1795)  Time:  0.131 (0.012)  Data Time:  0.005 (0.004)
2022-03-30 17:04:40,340:INFO:   Eta: 0:48:44
2022-03-30 17:05:06,081:INFO: Train: [131][2075/2076]  Loss -0.0901 (-0.1670)  Time:  0.141 (0.012)  Data Time:  0.004 (0.005)
2022-03-30 17:05:06,082:INFO:   Eta: 0:51:00
2022-03-30 17:05:31,981:INFO: Train: [132][2075/2076]  Loss -0.1086 (-0.1423)  Time:  0.158 (0.012)  Data Time:  0.005 (0.005)
2022-03-30 17:05:31,985:INFO:   Eta: 0:50:54
2022-03-30 17:05:58,887:INFO: Train: [133][2075/2076]  Loss 0.0267 (-0.1494)  Time:  0.139 (0.013)  Data Time:  0.004 (0.004)
2022-03-30 17:05:58,887:INFO:   Eta: 0:52:23
2022-03-30 17:06:24,477:INFO: Train: [134][2075/2076]  Loss -0.0147 (-0.1607)  Time:  0.147 (0.012)  Data Time:  0.004 (0.005)
2022-03-30 17:06:24,478:INFO:   Eta: 0:49:27
2022-03-30 17:06:50,231:INFO: Train: [135][2075/2076]  Loss 0.0008 (-0.1739)  Time:  0.147 (0.012)  Data Time:  0.005 (0.005)
2022-03-30 17:06:50,231:INFO:   Eta: 0:49:19
2022-03-30 17:07:15,923:INFO: Train: [136][2075/2076]  Loss -0.0467 (-0.1642)  Time:  0.151 (0.012)  Data Time:  0.005 (0.005)
2022-03-30 17:07:15,925:INFO:   Eta: 0:48:47
2022-03-30 17:08:58,112:INFO: Test: [136]  ADE: 0.8558  FDE: 1.3914
2022-03-30 17:09:23,697:INFO: Train: [137][2075/2076]  Loss -0.0180 (-0.1992)  Time:  0.116 (0.012)  Data Time:  0.003 (0.005)
2022-03-30 17:09:23,698:INFO:   Eta: 0:48:08
2022-03-30 17:09:48,302:INFO: Train: [138][2075/2076]  Loss 0.0050 (-0.1640)  Time:  0.130 (0.012)  Data Time:  0.004 (0.004)
2022-03-30 17:09:48,303:INFO:   Eta: 0:45:54
2022-03-30 17:10:13,073:INFO: Train: [139][2075/2076]  Loss -0.0821 (-0.1706)  Time:  0.142 (0.012)  Data Time:  0.005 (0.004)
2022-03-30 17:10:13,074:INFO:   Eta: 0:45:47
2022-03-30 17:10:38,708:INFO: Train: [140][2075/2076]  Loss -0.0296 (-0.1622)  Time:  0.145 (0.012)  Data Time:  0.005 (0.004)
2022-03-30 17:10:38,709:INFO:   Eta: 0:46:58
2022-03-30 17:11:04,202:INFO: Train: [141][2075/2076]  Loss -0.0391 (-0.1815)  Time:  0.132 (0.012)  Data Time:  0.005 (0.005)
2022-03-30 17:11:04,203:INFO:   Eta: 0:46:17
2022-03-30 17:11:29,740:INFO: Train: [142][2075/2076]  Loss 0.0468 (-0.1793)  Time:  0.140 (0.012)  Data Time:  0.005 (0.004)
2022-03-30 17:11:29,741:INFO:   Eta: 0:45:56
2022-03-30 17:11:55,287:INFO: Train: [143][2075/2076]  Loss -0.0367 (-0.1707)  Time:  0.157 (0.012)  Data Time:  0.004 (0.005)
2022-03-30 17:11:55,288:INFO:   Eta: 0:45:32
2022-03-30 17:12:20,688:INFO: Train: [144][2075/2076]  Loss -0.0026 (-0.1806)  Time:  0.172 (0.012)  Data Time:  0.005 (0.004)
2022-03-30 17:12:20,690:INFO:   Eta: 0:44:51
2022-03-30 17:12:45,979:INFO: Train: [145][2075/2076]  Loss -0.0579 (-0.1820)  Time:  0.141 (0.012)  Data Time:  0.005 (0.005)
2022-03-30 17:12:45,979:INFO:   Eta: 0:44:13
2022-03-30 17:13:11,919:INFO: Train: [146][2075/2076]  Loss -0.0572 (-0.1731)  Time:  0.143 (0.012)  Data Time:  0.005 (0.004)
2022-03-30 17:13:11,920:INFO:   Eta: 0:44:56
2022-03-30 17:14:57,518:INFO: Test: [146]  ADE: 0.8520  FDE: 1.3850
2022-03-30 17:15:22,207:INFO: Train: [147][2075/2076]  Loss -0.1082 (-0.1567)  Time:  0.132 (0.012)  Data Time:  0.004 (0.004)
2022-03-30 17:15:22,208:INFO:   Eta: 0:42:19
2022-03-30 17:15:46,216:INFO: Train: [148][2075/2076]  Loss 0.0236 (-0.1533)  Time:  0.131 (0.012)  Data Time:  0.004 (0.004)
2022-03-30 17:15:46,218:INFO:   Eta: 0:40:47
2022-03-30 17:16:12,025:INFO: Train: [149][2075/2076]  Loss -0.0676 (-0.1848)  Time:  0.131 (0.012)  Data Time:  0.004 (0.004)
2022-03-30 17:16:12,026:INFO:   Eta: 0:43:24
2022-03-30 17:16:36,556:INFO: Train: [150][2075/2076]  Loss -0.0699 (-0.1806)  Time:  0.134 (0.012)  Data Time:  0.005 (0.004)
2022-03-30 17:16:36,557:INFO:   Eta: 0:40:51
2022-03-30 17:17:02,092:INFO: Train: [151][2075/2076]  Loss -0.0501 (-0.1622)  Time:  0.146 (0.012)  Data Time:  0.004 (0.005)
2022-03-30 17:17:02,092:INFO:   Eta: 0:42:06
2022-03-30 17:17:06,943:INFO: Valid: [151][529/530]  Loss -1.4371 (-0.9399)
2022-03-30 17:17:06,955:INFO: Checkpoint saved...
2022-03-30 17:17:32,020:INFO: Train: [152][2075/2076]  Loss -0.0538 (-0.1727)  Time:  0.139 (0.012)  Data Time:  0.005 (0.004)
2022-03-30 17:17:32,020:INFO:   Eta: 0:40:55
2022-03-30 17:17:37,006:INFO: Valid: [152][529/530]  Loss -1.4410 (-0.9426)
2022-03-30 17:17:37,023:INFO: Checkpoint saved...
2022-03-30 17:18:02,188:INFO: Train: [153][2075/2076]  Loss -0.0970 (-0.1990)  Time:  0.137 (0.012)  Data Time:  0.004 (0.004)
2022-03-30 17:18:02,189:INFO:   Eta: 0:40:39
2022-03-30 17:18:07,224:INFO: Valid: [153][529/530]  Loss -1.4410 (-0.9426)
2022-03-30 17:18:32,402:INFO: Train: [154][2075/2076]  Loss -0.0446 (-0.1630)  Time:  0.127 (0.012)  Data Time:  0.005 (0.004)
2022-03-30 17:18:32,403:INFO:   Eta: 0:40:15
2022-03-30 17:18:37,331:INFO: Valid: [154][529/530]  Loss -1.4424 (-0.9434)
2022-03-30 17:18:37,350:INFO: Checkpoint saved...
2022-03-30 17:19:02,756:INFO: Train: [155][2075/2076]  Loss -0.0552 (-0.1699)  Time:  0.149 (0.012)  Data Time:  0.004 (0.004)
2022-03-30 17:19:02,757:INFO:   Eta: 0:40:12
2022-03-30 17:19:08,022:INFO: Valid: [155][529/530]  Loss -1.4303 (-0.9354)
2022-03-30 17:19:33,029:INFO: Train: [156][2075/2076]  Loss 0.0272 (-0.1767)  Time:  0.140 (0.012)  Data Time:  0.004 (0.004)
2022-03-30 17:19:33,030:INFO:   Eta: 0:39:09
2022-03-30 17:19:38,211:INFO: Valid: [156][529/530]  Loss -1.4388 (-0.9409)
2022-03-30 17:21:25,411:INFO: Test: [156]  ADE: 0.8527  FDE: 1.3893
2022-03-30 17:21:50,959:INFO: Train: [157][2075/2076]  Loss -0.0029 (-0.1870)  Time:  0.138 (0.012)  Data Time:  0.004 (0.004)
2022-03-30 17:21:50,975:INFO:   Eta: 0:39:33
2022-03-30 17:21:55,956:INFO: Valid: [157][529/530]  Loss -1.4401 (-0.9418)
2022-03-30 17:22:21,745:INFO: Train: [158][2075/2076]  Loss -0.1070 (-0.1965)  Time:  0.139 (0.012)  Data Time:  0.004 (0.004)
2022-03-30 17:22:21,746:INFO:   Eta: 0:39:31
2022-03-30 17:22:26,768:INFO: Valid: [158][529/530]  Loss -1.4400 (-0.9420)
2022-03-30 17:22:52,294:INFO: Train: [159][2075/2076]  Loss -0.0738 (-0.1867)  Time:  0.131 (0.012)  Data Time:  0.004 (0.004)
2022-03-30 17:22:52,295:INFO:   Eta: 0:38:41
2022-03-30 17:22:57,257:INFO: Valid: [159][529/530]  Loss -1.4388 (-0.9415)
2022-03-30 17:23:21,953:INFO: Train: [160][2075/2076]  Loss -0.0274 (-0.1818)  Time:  0.135 (0.012)  Data Time:  0.004 (0.004)
2022-03-30 17:23:21,953:INFO:   Eta: 0:37:01
2022-03-30 17:23:26,840:INFO: Valid: [160][529/530]  Loss -1.4372 (-0.9406)
2022-03-30 17:23:52,785:INFO: Train: [161][2075/2076]  Loss -0.0022 (-0.1900)  Time:  0.136 (0.012)  Data Time:  0.005 (0.004)
2022-03-30 17:23:52,786:INFO:   Eta: 0:38:28
2022-03-30 17:23:57,602:INFO: Valid: [161][529/530]  Loss -1.4347 (-0.9389)
2022-03-30 17:24:23,471:INFO: Train: [162][2075/2076]  Loss -0.0729 (-0.1741)  Time:  0.143 (0.012)  Data Time:  0.004 (0.004)
2022-03-30 17:24:23,473:INFO:   Eta: 0:37:54
2022-03-30 17:24:28,578:INFO: Valid: [162][529/530]  Loss -1.4332 (-0.9380)
2022-03-30 17:24:54,231:INFO: Train: [163][2075/2076]  Loss -0.0395 (-0.1409)  Time:  0.154 (0.012)  Data Time:  0.005 (0.004)
2022-03-30 17:24:54,233:INFO:   Eta: 0:37:10
2022-03-30 17:24:59,070:INFO: Valid: [163][529/530]  Loss -1.4282 (-0.9348)
2022-03-30 17:25:24,813:INFO: Train: [164][2075/2076]  Loss 0.0078 (-0.1724)  Time:  0.145 (0.012)  Data Time:  0.004 (0.004)
2022-03-30 17:25:24,814:INFO:   Eta: 0:36:52
2022-03-30 17:25:29,965:INFO: Valid: [164][529/530]  Loss -1.4291 (-0.9357)
2022-03-30 17:25:55,341:INFO: Train: [165][2075/2076]  Loss -0.0931 (-0.1588)  Time:  0.130 (0.012)  Data Time:  0.004 (0.004)
2022-03-30 17:25:55,342:INFO:   Eta: 0:35:55
2022-03-30 17:26:00,273:INFO: Valid: [165][529/530]  Loss -1.4292 (-0.9356)
2022-03-30 17:26:25,639:INFO: Train: [166][2075/2076]  Loss 0.0028 (-0.1701)  Time:  0.134 (0.012)  Data Time:  0.004 (0.004)
2022-03-30 17:26:25,640:INFO:   Eta: 0:35:29
2022-03-30 17:26:30,439:INFO: Valid: [166][529/530]  Loss -1.4355 (-0.9401)
2022-03-30 17:28:14,607:INFO: Test: [166]  ADE: 0.8552  FDE: 1.3856
2022-03-30 17:28:42,142:INFO: Train: [167][2075/2076]  Loss -0.1024 (-0.1869)  Time:  0.153 (0.013)  Data Time:  0.004 (0.004)
2022-03-30 17:28:42,143:INFO:   Eta: 0:38:02
2022-03-30 17:28:47,237:INFO: Valid: [167][529/530]  Loss -1.4359 (-0.9401)
2022-03-30 17:29:13,266:INFO: Train: [168][2075/2076]  Loss -0.0333 (-0.1791)  Time:  0.141 (0.013)  Data Time:  0.004 (0.005)
2022-03-30 17:29:13,267:INFO:   Eta: 0:35:32
2022-03-30 17:29:18,344:INFO: Valid: [168][529/530]  Loss -1.4374 (-0.9413)
2022-03-30 17:29:44,490:INFO: Train: [169][2075/2076]  Loss -0.0509 (-0.1632)  Time:  0.169 (0.013)  Data Time:  0.005 (0.004)
2022-03-30 17:29:44,493:INFO:   Eta: 0:35:16
2022-03-30 17:29:49,573:INFO: Valid: [169][529/530]  Loss -1.4364 (-0.9402)
2022-03-30 17:30:15,260:INFO: Train: [170][2075/2076]  Loss -0.0493 (-0.1447)  Time:  0.145 (0.012)  Data Time:  0.005 (0.004)
2022-03-30 17:30:15,264:INFO:   Eta: 0:34:13
2022-03-30 17:30:20,540:INFO: Valid: [170][529/530]  Loss -1.4336 (-0.9384)
2022-03-30 17:30:46,657:INFO: Train: [171][2075/2076]  Loss -0.0479 (-0.1927)  Time:  0.148 (0.013)  Data Time:  0.003 (0.004)
2022-03-30 17:30:46,658:INFO:   Eta: 0:34:21
2022-03-30 17:30:51,759:INFO: Valid: [171][529/530]  Loss -1.4343 (-0.9388)
2022-03-30 17:31:18,050:INFO: Train: [172][2075/2076]  Loss -0.1051 (-0.1869)  Time:  0.142 (0.013)  Data Time:  0.005 (0.004)
2022-03-30 17:31:18,051:INFO:   Eta: 0:34:09
2022-03-30 17:31:23,204:INFO: Valid: [172][529/530]  Loss -1.4349 (-0.9392)
2022-03-30 17:31:49,598:INFO: Train: [173][2075/2076]  Loss -0.0457 (-0.1665)  Time:  0.146 (0.013)  Data Time:  0.004 (0.004)
2022-03-30 17:31:49,601:INFO:   Eta: 0:33:51
2022-03-30 17:31:55,037:INFO: Valid: [173][529/530]  Loss -1.4372 (-0.9406)
2022-03-30 17:32:21,423:INFO: Train: [174][2075/2076]  Loss -0.0614 (-0.1836)  Time:  0.160 (0.013)  Data Time:  0.005 (0.004)
2022-03-30 17:32:21,424:INFO:   Eta: 0:33:24
2022-03-30 17:32:26,837:INFO: Valid: [174][529/530]  Loss -1.4349 (-0.9394)
2022-03-30 17:32:52,445:INFO: Train: [175][2075/2076]  Loss 0.0098 (-0.1965)  Time:  0.130 (0.012)  Data Time:  0.003 (0.004)
2022-03-30 17:32:52,447:INFO:   Eta: 0:31:59
2022-03-30 17:32:57,626:INFO: Valid: [175][529/530]  Loss -1.4370 (-0.9407)
2022-03-30 17:33:19,616:INFO: Train: [176][2075/2076]  Loss -0.0199 (-0.1902)  Time:  0.133 (0.011)  Data Time:  0.004 (0.003)
2022-03-30 17:33:19,617:INFO:   Eta: 0:27:05
2022-03-30 17:33:24,666:INFO: Valid: [176][529/530]  Loss -1.4347 (-0.9393)
2022-03-30 17:35:09,392:INFO: Test: [176]  ADE: 0.8526  FDE: 1.3883
2022-03-30 17:35:35,064:INFO: Train: [177][2075/2076]  Loss 0.0753 (-0.1901)  Time:  0.149 (0.012)  Data Time:  0.005 (0.004)
2022-03-30 17:35:35,065:INFO:   Eta: 0:31:11
2022-03-30 17:35:40,298:INFO: Valid: [177][529/530]  Loss -1.4366 (-0.9402)
2022-03-30 17:36:07,766:INFO: Train: [178][2075/2076]  Loss -0.0039 (-0.1597)  Time:  0.153 (0.013)  Data Time:  0.005 (0.004)
2022-03-30 17:36:07,768:INFO:   Eta: 0:32:56
2022-03-30 17:36:12,817:INFO: Valid: [178][529/530]  Loss -1.4341 (-0.9387)
2022-03-30 17:36:38,169:INFO: Train: [179][2075/2076]  Loss -0.0489 (-0.1586)  Time:  0.143 (0.012)  Data Time:  0.005 (0.004)
2022-03-30 17:36:38,170:INFO:   Eta: 0:29:58
2022-03-30 17:36:43,268:INFO: Valid: [179][529/530]  Loss -1.4343 (-0.9390)
2022-03-30 17:37:09,159:INFO: Train: [180][2075/2076]  Loss -0.0326 (-0.1711)  Time:  0.125 (0.012)  Data Time:  0.004 (0.004)
2022-03-30 17:37:09,160:INFO:   Eta: 0:30:11
2022-03-30 17:37:14,226:INFO: Valid: [180][529/530]  Loss -1.4344 (-0.9391)
2022-03-30 17:37:40,144:INFO: Train: [181][2075/2076]  Loss -0.0385 (-0.1734)  Time:  0.152 (0.012)  Data Time:  0.005 (0.004)
2022-03-30 17:37:40,146:INFO:   Eta: 0:29:47
2022-03-30 17:37:45,383:INFO: Valid: [181][529/530]  Loss -1.4343 (-0.9393)
2022-03-30 17:38:11,652:INFO: Train: [182][2075/2076]  Loss -0.0734 (-0.1649)  Time:  0.148 (0.013)  Data Time:  0.005 (0.004)
2022-03-30 17:38:11,654:INFO:   Eta: 0:29:45
2022-03-30 17:38:16,889:INFO: Valid: [182][529/530]  Loss -1.4355 (-0.9402)
2022-03-30 17:38:42,833:INFO: Train: [183][2075/2076]  Loss 0.0280 (-0.1719)  Time:  0.128 (0.012)  Data Time:  0.004 (0.004)
2022-03-30 17:38:42,834:INFO:   Eta: 0:28:57
2022-03-30 17:38:47,799:INFO: Valid: [183][529/530]  Loss -1.4330 (-0.9385)
2022-03-30 17:39:09,515:INFO: Train: [184][2075/2076]  Loss 0.0569 (-0.1602)  Time:  0.126 (0.010)  Data Time:  0.004 (0.003)
2022-03-30 17:39:09,516:INFO:   Eta: 0:23:52
2022-03-30 17:39:14,816:INFO: Valid: [184][529/530]  Loss -1.4349 (-0.9396)
2022-03-30 17:39:40,264:INFO: Train: [185][2075/2076]  Loss -0.0439 (-0.1778)  Time:  0.136 (0.012)  Data Time:  0.004 (0.004)
2022-03-30 17:39:40,274:INFO:   Eta: 0:27:32
2022-03-30 17:39:45,550:INFO: Valid: [185][529/530]  Loss -1.4378 (-0.9414)
2022-03-30 17:40:11,488:INFO: Train: [186][2075/2076]  Loss -0.0613 (-0.1845)  Time:  0.133 (0.012)  Data Time:  0.004 (0.004)
2022-03-30 17:40:11,489:INFO:   Eta: 0:27:39
2022-03-30 17:40:16,731:INFO: Valid: [186][529/530]  Loss -1.4368 (-0.9409)
2022-03-30 17:42:02,681:INFO: Test: [186]  ADE: 0.8538  FDE: 1.3877
2022-03-30 17:42:28,699:INFO: Train: [187][2075/2076]  Loss -0.0546 (-0.1734)  Time:  0.168 (0.013)  Data Time:  0.005 (0.005)
2022-03-30 17:42:28,700:INFO:   Eta: 0:27:17
2022-03-30 17:42:33,723:INFO: Valid: [187][529/530]  Loss -1.4363 (-0.9407)
2022-03-30 17:42:57,746:INFO: Train: [188][2075/2076]  Loss -0.0885 (-0.1723)  Time:  0.146 (0.012)  Data Time:  0.004 (0.004)
2022-03-30 17:42:57,747:INFO:   Eta: 0:24:48
2022-03-30 17:43:02,733:INFO: Valid: [188][529/530]  Loss -1.4360 (-0.9404)
2022-03-30 17:43:29,960:INFO: Train: [189][2075/2076]  Loss 0.0445 (-0.1735)  Time:  0.149 (0.013)  Data Time:  0.004 (0.004)
2022-03-30 17:43:29,961:INFO:   Eta: 0:27:39
2022-03-30 17:43:35,379:INFO: Valid: [189][529/530]  Loss -1.4363 (-0.9409)
2022-03-30 17:44:01,283:INFO: Train: [190][2075/2076]  Loss -0.0887 (-0.1840)  Time:  0.146 (0.012)  Data Time:  0.005 (0.004)
2022-03-30 17:44:01,284:INFO:   Eta: 0:25:53
2022-03-30 17:44:06,211:INFO: Valid: [190][529/530]  Loss -1.4298 (-0.9367)
2022-03-30 17:44:32,224:INFO: Train: [191][2075/2076]  Loss -0.0367 (-0.1640)  Time:  0.136 (0.013)  Data Time:  0.004 (0.004)
2022-03-30 17:44:32,225:INFO:   Eta: 0:25:34
2022-03-30 17:44:37,308:INFO: Valid: [191][529/530]  Loss -1.4292 (-0.9357)
2022-03-30 17:44:59,453:INFO: Train: [192][2075/2076]  Loss -0.0789 (-0.1992)  Time:  0.152 (0.011)  Data Time:  0.003 (0.003)
2022-03-30 17:44:59,455:INFO:   Eta: 0:21:23
2022-03-30 17:45:04,283:INFO: Valid: [192][529/530]  Loss -1.4382 (-0.9416)
2022-03-30 17:45:29,415:INFO: Train: [193][2075/2076]  Loss -0.1028 (-0.1694)  Time:  0.131 (0.012)  Data Time:  0.003 (0.004)
2022-03-30 17:45:29,417:INFO:   Eta: 0:23:51
2022-03-30 17:45:34,483:INFO: Valid: [193][529/530]  Loss -1.4353 (-0.9397)
2022-03-30 17:46:00,546:INFO: Train: [194][2075/2076]  Loss 0.0175 (-0.1734)  Time:  0.137 (0.013)  Data Time:  0.004 (0.004)
2022-03-30 17:46:00,550:INFO:   Eta: 0:24:18
2022-03-30 17:46:05,633:INFO: Valid: [194][529/530]  Loss -1.4363 (-0.9403)
2022-03-30 17:46:31,390:INFO: Train: [195][2075/2076]  Loss -0.0189 (-0.1714)  Time:  0.137 (0.012)  Data Time:  0.004 (0.004)
2022-03-30 17:46:31,392:INFO:   Eta: 0:23:35
2022-03-30 17:46:36,455:INFO: Valid: [195][529/530]  Loss -1.4368 (-0.9408)
2022-03-30 17:47:02,209:INFO: Train: [196][2075/2076]  Loss 0.0250 (-0.1696)  Time:  0.136 (0.012)  Data Time:  0.005 (0.004)
2022-03-30 17:47:02,211:INFO:   Eta: 0:23:08
2022-03-30 17:47:07,456:INFO: Valid: [196][529/530]  Loss -1.4380 (-0.9416)
2022-03-30 17:48:51,582:INFO: Test: [196]  ADE: 0.8537  FDE: 1.3883
2022-03-30 17:49:17,649:INFO: Train: [197][2075/2076]  Loss -0.0640 (-0.1727)  Time:  0.138 (0.013)  Data Time:  0.004 (0.005)
2022-03-30 17:49:17,650:INFO:   Eta: 0:23:00
2022-03-30 17:49:22,565:INFO: Valid: [197][529/530]  Loss -1.4305 (-0.9367)
2022-03-30 17:49:47,536:INFO: Train: [198][2075/2076]  Loss -0.0454 (-0.1791)  Time:  0.139 (0.012)  Data Time:  0.005 (0.004)
2022-03-30 17:49:47,537:INFO:   Eta: 0:21:37
2022-03-30 17:49:52,530:INFO: Valid: [198][529/530]  Loss -1.4303 (-0.9365)
2022-03-30 17:50:17,978:INFO: Train: [199][2075/2076]  Loss -0.0394 (-0.1792)  Time:  0.124 (0.012)  Data Time:  0.004 (0.004)
2022-03-30 17:50:17,979:INFO:   Eta: 0:21:37
2022-03-30 17:50:22,615:INFO: Valid: [199][529/530]  Loss -1.4330 (-0.9385)
2022-03-30 17:50:45,551:INFO: Train: [200][2075/2076]  Loss -0.0133 (-0.1976)  Time:  0.128 (0.011)  Data Time:  0.004 (0.003)
2022-03-30 17:50:45,552:INFO:   Eta: 0:19:06
2022-03-30 17:50:50,171:INFO: Valid: [200][529/530]  Loss -1.4401 (-0.9426)
2022-03-30 17:51:16,403:INFO: Train: [201][2075/2076]  Loss 0.0053 (-0.1875)  Time:  0.136 (0.013)  Data Time:  0.004 (0.004)
2022-03-30 17:51:16,405:INFO:   Eta: 0:21:24
2022-03-30 17:51:21,278:INFO: Valid: [201][529/530]  Loss -1.4399 (-0.9429)
2022-03-30 17:51:46,999:INFO: Train: [202][2075/2076]  Loss -0.0219 (-0.1832)  Time:  0.134 (0.012)  Data Time:  0.005 (0.004)
2022-03-30 17:51:47,002:INFO:   Eta: 0:20:33
2022-03-30 17:51:52,066:INFO: Valid: [202][529/530]  Loss -1.4370 (-0.9413)
2022-03-30 17:52:17,980:INFO: Train: [203][2075/2076]  Loss 0.0259 (-0.1800)  Time:  0.132 (0.012)  Data Time:  0.005 (0.004)
2022-03-30 17:52:17,982:INFO:   Eta: 0:20:07
2022-03-30 17:52:23,008:INFO: Valid: [203][529/530]  Loss -1.4318 (-0.9376)
2022-03-30 17:52:48,491:INFO: Train: [204][2075/2076]  Loss 0.0117 (-0.2138)  Time:  0.159 (0.012)  Data Time:  0.004 (0.004)
2022-03-30 17:52:48,491:INFO:   Eta: 0:19:31
2022-03-30 17:52:53,540:INFO: Valid: [204][529/530]  Loss -1.4357 (-0.9405)
2022-03-30 17:53:18,983:INFO: Train: [205][2075/2076]  Loss -0.0346 (-0.1626)  Time:  0.140 (0.012)  Data Time:  0.004 (0.004)
2022-03-30 17:53:18,984:INFO:   Eta: 0:19:04
2022-03-30 17:53:24,054:INFO: Valid: [205][529/530]  Loss -1.4356 (-0.9406)
2022-03-30 17:53:49,638:INFO: Train: [206][2075/2076]  Loss -0.0358 (-0.1828)  Time:  0.141 (0.012)  Data Time:  0.004 (0.004)
2022-03-30 17:53:49,639:INFO:   Eta: 0:18:45
2022-03-30 17:53:54,597:INFO: Valid: [206][529/530]  Loss -1.4363 (-0.9405)
2022-03-30 17:55:39,336:INFO: Test: [206]  ADE: 0.8527  FDE: 1.3874
2022-03-30 17:56:04,130:INFO: Train: [207][2075/2076]  Loss -0.0250 (-0.1838)  Time:  0.119 (0.012)  Data Time:  0.004 (0.004)
2022-03-30 17:56:04,131:INFO:   Eta: 0:17:44
2022-03-30 17:56:08,918:INFO: Valid: [207][529/530]  Loss -1.4361 (-0.9402)
2022-03-30 17:56:29,838:INFO: Train: [208][2075/2076]  Loss -0.0409 (-0.1821)  Time:  0.125 (0.010)  Data Time:  0.004 (0.003)
2022-03-30 17:56:29,840:INFO:   Eta: 0:14:38
2022-03-30 17:56:34,866:INFO: Valid: [208][529/530]  Loss -1.4357 (-0.9399)
2022-03-30 17:57:00,526:INFO: Train: [209][2075/2076]  Loss -0.0322 (-0.1772)  Time:  0.139 (0.012)  Data Time:  0.004 (0.004)
2022-03-30 17:57:00,528:INFO:   Eta: 0:17:31
2022-03-30 17:57:05,429:INFO: Valid: [209][529/530]  Loss -1.4338 (-0.9385)
2022-03-30 17:57:31,033:INFO: Train: [210][2075/2076]  Loss 0.0001 (-0.1554)  Time:  0.130 (0.012)  Data Time:  0.004 (0.004)
2022-03-30 17:57:31,034:INFO:   Eta: 0:17:03
2022-03-30 17:57:36,097:INFO: Valid: [210][529/530]  Loss -1.4374 (-0.9410)
2022-03-30 17:58:01,188:INFO: Train: [211][2075/2076]  Loss -0.0580 (-0.1577)  Time:  0.137 (0.012)  Data Time:  0.005 (0.004)
2022-03-30 17:58:01,189:INFO:   Eta: 0:16:18
2022-03-30 17:58:06,435:INFO: Valid: [211][529/530]  Loss -1.4323 (-0.9375)
2022-03-30 17:58:31,731:INFO: Train: [212][2075/2076]  Loss -0.0811 (-0.1701)  Time:  0.139 (0.012)  Data Time:  0.003 (0.004)
2022-03-30 17:58:31,732:INFO:   Eta: 0:16:00
2022-03-30 17:58:36,997:INFO: Valid: [212][529/530]  Loss -1.4328 (-0.9379)
2022-03-30 17:58:59,579:INFO: Train: [213][2075/2076]  Loss -0.0625 (-0.1559)  Time:  0.135 (0.011)  Data Time:  0.001 (0.003)
2022-03-30 17:58:59,580:INFO:   Eta: 0:13:54
2022-03-30 17:59:04,439:INFO: Valid: [213][529/530]  Loss -1.4308 (-0.9367)
2022-03-30 17:59:27,019:INFO: Train: [214][2075/2076]  Loss -0.0230 (-0.1920)  Time:  0.127 (0.011)  Data Time:  0.003 (0.003)
2022-03-30 17:59:27,019:INFO:   Eta: 0:13:32
2022-03-30 17:59:32,136:INFO: Valid: [214][529/530]  Loss -1.4352 (-0.9396)
2022-03-30 17:59:54,423:INFO: Train: [215][2075/2076]  Loss -0.0481 (-0.1804)  Time:  0.113 (0.011)  Data Time:  0.002 (0.003)
2022-03-30 17:59:54,424:INFO:   Eta: 0:12:59
2022-03-30 17:59:59,345:INFO: Valid: [215][529/530]  Loss -1.4370 (-0.9405)
2022-03-30 18:00:21,702:INFO: Train: [216][2075/2076]  Loss -0.0537 (-0.1799)  Time:  0.119 (0.011)  Data Time:  0.004 (0.003)
2022-03-30 18:00:21,702:INFO:   Eta: 0:12:39
2022-03-30 18:00:26,691:INFO: Valid: [216][529/530]  Loss -1.4376 (-0.9408)
2022-03-30 18:02:11,246:INFO: Test: [216]  ADE: 0.8540  FDE: 1.3914
2022-03-30 18:02:32,272:INFO: Train: [217][2075/2076]  Loss -0.0406 (-0.1358)  Time:  0.109 (0.010)  Data Time:  0.003 (0.003)
2022-03-30 18:02:32,274:INFO:   Eta: 0:11:33
2022-03-30 18:02:37,149:INFO: Valid: [217][529/530]  Loss -1.4355 (-0.9392)
2022-03-30 18:02:59,771:INFO: Train: [218][2075/2076]  Loss -0.0282 (-0.1637)  Time:  0.131 (0.011)  Data Time:  0.004 (0.003)
2022-03-30 18:02:59,772:INFO:   Eta: 0:12:03
2022-03-30 18:03:04,587:INFO: Valid: [218][529/530]  Loss -1.4323 (-0.9375)
2022-03-30 18:03:25,051:INFO: Train: [219][2075/2076]  Loss 0.0489 (-0.1790)  Time:  0.107 (0.010)  Data Time:  0.002 (0.003)
2022-03-30 18:03:25,052:INFO:   Eta: 0:10:33
2022-03-30 18:03:29,712:INFO: Valid: [219][529/530]  Loss -1.4384 (-0.9418)
2022-03-30 18:03:48,454:INFO: Train: [220][2075/2076]  Loss 0.0040 (-0.1886)  Time:  0.113 (0.009)  Data Time:  0.002 (0.002)
2022-03-30 18:03:48,456:INFO:   Eta: 0:09:21
2022-03-30 18:03:53,533:INFO: Valid: [220][529/530]  Loss -1.4416 (-0.9440)
2022-03-30 18:04:12,157:INFO: Train: [221][2075/2076]  Loss -0.0861 (-0.1673)  Time:  0.131 (0.009)  Data Time:  0.002 (0.002)
2022-03-30 18:04:12,160:INFO:   Eta: 0:08:59
2022-03-30 18:04:17,349:INFO: Valid: [221][529/530]  Loss -1.4407 (-0.9433)
2022-03-30 18:04:36,526:INFO: Train: [222][2075/2076]  Loss 0.0277 (-0.1612)  Time:  0.107 (0.009)  Data Time:  0.002 (0.002)
2022-03-30 18:04:36,528:INFO:   Eta: 0:08:56
2022-03-30 18:04:41,344:INFO: Valid: [222][529/530]  Loss -1.4380 (-0.9418)
2022-03-30 18:05:00,955:INFO: Train: [223][2075/2076]  Loss -0.0510 (-0.1633)  Time:  0.105 (0.009)  Data Time:  0.006 (0.003)
2022-03-30 18:05:00,956:INFO:   Eta: 0:08:49
2022-03-30 18:05:05,517:INFO: Valid: [223][529/530]  Loss -1.4348 (-0.9398)
2022-03-30 18:05:23,682:INFO: Train: [224][2075/2076]  Loss -0.0925 (-0.1936)  Time:  0.102 (0.009)  Data Time:  0.002 (0.002)
2022-03-30 18:05:23,683:INFO:   Eta: 0:07:51
2022-03-30 18:05:28,291:INFO: Valid: [224][529/530]  Loss -1.4311 (-0.9372)
2022-03-30 18:05:48,646:INFO: Train: [225][2075/2076]  Loss 0.0205 (-0.1792)  Time:  0.105 (0.010)  Data Time:  0.003 (0.002)
2022-03-30 18:05:48,647:INFO:   Eta: 0:08:28
2022-03-30 18:05:53,175:INFO: Valid: [225][529/530]  Loss -1.4366 (-0.9412)
2022-03-30 18:06:13,983:INFO: Train: [226][2075/2076]  Loss 0.0181 (-0.1661)  Time:  0.108 (0.010)  Data Time:  0.001 (0.002)
2022-03-30 18:06:13,983:INFO:   Eta: 0:08:19
2022-03-30 18:06:18,828:INFO: Valid: [226][529/530]  Loss -1.4355 (-0.9405)
2022-03-30 18:08:01,560:INFO: Test: [226]  ADE: 0.8538  FDE: 1.3878
2022-03-30 18:08:20,736:INFO: Train: [227][2075/2076]  Loss 0.0033 (-0.1607)  Time:  0.113 (0.009)  Data Time:  0.003 (0.002)
2022-03-30 18:08:20,754:INFO:   Eta: 0:07:19
2022-03-30 18:08:25,444:INFO: Valid: [227][529/530]  Loss -1.4310 (-0.9376)
2022-03-30 18:08:44,765:INFO: Train: [228][2075/2076]  Loss 0.0904 (-0.2016)  Time:  0.105 (0.009)  Data Time:  0.003 (0.002)
2022-03-30 18:08:44,770:INFO:   Eta: 0:07:04
2022-03-30 18:08:49,673:INFO: Valid: [228][529/530]  Loss -1.4306 (-0.9373)
2022-03-30 18:09:08,492:INFO: Train: [229][2075/2076]  Loss -0.0099 (-0.1993)  Time:  0.106 (0.009)  Data Time:  0.002 (0.002)
2022-03-30 18:09:08,493:INFO:   Eta: 0:06:34
2022-03-30 18:09:13,688:INFO: Valid: [229][529/530]  Loss -1.4295 (-0.9361)
2022-03-30 18:09:32,541:INFO: Train: [230][2075/2076]  Loss 0.0392 (-0.1753)  Time:  0.120 (0.009)  Data Time:  0.002 (0.002)
2022-03-30 18:09:32,542:INFO:   Eta: 0:06:16
2022-03-30 18:09:37,514:INFO: Valid: [230][529/530]  Loss -1.4366 (-0.9408)
2022-03-30 18:09:56,815:INFO: Train: [231][2075/2076]  Loss -0.0441 (-0.1600)  Time:  0.124 (0.009)  Data Time:  0.002 (0.002)
2022-03-30 18:09:56,816:INFO:   Eta: 0:06:06
2022-03-30 18:10:01,651:INFO: Valid: [231][529/530]  Loss -1.4339 (-0.9393)
2022-03-30 18:10:21,612:INFO: Train: [232][2075/2076]  Loss -0.0440 (-0.1781)  Time:  0.105 (0.010)  Data Time:  0.003 (0.002)
2022-03-30 18:10:21,613:INFO:   Eta: 0:05:58
2022-03-30 18:10:26,305:INFO: Valid: [232][529/530]  Loss -1.4356 (-0.9404)
2022-03-30 18:10:44,916:INFO: Train: [233][2075/2076]  Loss -0.1115 (-0.1799)  Time:  0.099 (0.009)  Data Time:  0.002 (0.002)
2022-03-30 18:10:44,918:INFO:   Eta: 0:05:16
2022-03-30 18:10:49,863:INFO: Valid: [233][529/530]  Loss -1.4372 (-0.9416)
2022-03-30 18:11:08,668:INFO: Train: [234][2075/2076]  Loss -0.0595 (-0.1666)  Time:  0.095 (0.009)  Data Time:  0.002 (0.002)
2022-03-30 18:11:08,669:INFO:   Eta: 0:05:00
2022-03-30 18:11:13,466:INFO: Valid: [234][529/530]  Loss -1.4365 (-0.9407)
2022-03-30 18:11:32,105:INFO: Train: [235][2075/2076]  Loss -0.0811 (-0.1906)  Time:  0.176 (0.009)  Data Time:  0.002 (0.002)
2022-03-30 18:11:32,107:INFO:   Eta: 0:04:39
2022-03-30 18:11:36,754:INFO: Valid: [235][529/530]  Loss -1.4361 (-0.9404)
2022-03-30 18:11:55,676:INFO: Train: [236][2075/2076]  Loss -0.0289 (-0.1612)  Time:  0.100 (0.009)  Data Time:  0.001 (0.002)
2022-03-30 18:11:55,677:INFO:   Eta: 0:04:24
2022-03-30 18:12:00,312:INFO: Valid: [236][529/530]  Loss -1.4372 (-0.9415)
2022-03-30 18:13:41,281:INFO: Test: [236]  ADE: 0.8533  FDE: 1.3905
2022-03-30 18:13:57,133:INFO: Train: [237][2075/2076]  Loss 0.0212 (-0.1619)  Time:  0.097 (0.008)  Data Time:  0.000 (0.001)
2022-03-30 18:13:57,134:INFO:   Eta: 0:03:25
2022-03-30 18:14:01,709:INFO: Valid: [237][529/530]  Loss -1.4341 (-0.9396)
2022-03-30 18:14:17,947:INFO: Train: [238][2075/2076]  Loss 0.0315 (-0.1859)  Time:  0.107 (0.008)  Data Time:  0.001 (0.001)
2022-03-30 18:14:17,948:INFO:   Eta: 0:03:14
2022-03-30 18:14:22,466:INFO: Valid: [238][529/530]  Loss -1.4392 (-0.9431)
2022-03-30 18:14:37,182:INFO: Train: [239][2075/2076]  Loss -0.0443 (-0.1856)  Time:  0.099 (0.007)  Data Time:  0.000 (0.001)
2022-03-30 18:14:37,183:INFO:   Eta: 0:02:41
2022-03-30 18:14:41,836:INFO: Valid: [239][529/530]  Loss -1.4345 (-0.9401)
2022-03-30 18:14:55,361:INFO: Train: [240][2075/2076]  Loss -0.0848 (-0.1845)  Time:  0.088 (0.007)  Data Time:  0.000 (0.000)
2022-03-30 18:14:55,362:INFO:   Eta: 0:02:15
2022-03-30 18:14:59,985:INFO: Valid: [240][529/530]  Loss -1.4375 (-0.9417)
2022-03-30 18:15:13,445:INFO: Train: [241][2075/2076]  Loss 0.0338 (-0.1663)  Time:  0.105 (0.006)  Data Time:  0.000 (0.000)
2022-03-30 18:15:13,446:INFO:   Eta: 0:02:01
2022-03-30 18:15:18,099:INFO: Valid: [241][529/530]  Loss -1.4390 (-0.9428)
2022-03-30 18:15:31,434:INFO: Train: [242][2075/2076]  Loss -0.0846 (-0.1752)  Time:  0.079 (0.006)  Data Time:  0.000 (0.000)
2022-03-30 18:15:31,435:INFO:   Eta: 0:01:46
2022-03-30 18:15:35,534:INFO: Valid: [242][529/530]  Loss -1.4319 (-0.9383)
2022-03-30 18:15:49,422:INFO: Train: [243][2075/2076]  Loss 0.0356 (-0.2005)  Time:  0.093 (0.007)  Data Time:  0.000 (0.000)
2022-03-30 18:15:49,423:INFO:   Eta: 0:01:37
2022-03-30 18:15:53,985:INFO: Valid: [243][529/530]  Loss -1.4367 (-0.9415)
2022-03-30 18:16:07,921:INFO: Train: [244][2075/2076]  Loss -0.0602 (-0.1743)  Time:  0.094 (0.007)  Data Time:  0.001 (0.000)
2022-03-30 18:16:07,923:INFO:   Eta: 0:01:23
2022-03-30 18:16:12,513:INFO: Valid: [244][529/530]  Loss -1.4358 (-0.9406)
2022-03-30 18:16:26,577:INFO: Train: [245][2075/2076]  Loss -0.0504 (-0.1785)  Time:  0.078 (0.007)  Data Time:  0.000 (0.000)
2022-03-30 18:16:26,578:INFO:   Eta: 0:01:10
2022-03-30 18:16:30,901:INFO: Valid: [245][529/530]  Loss -1.4361 (-0.9405)
2022-03-30 18:16:44,736:INFO: Train: [246][2075/2076]  Loss 0.0256 (-0.1759)  Time:  0.081 (0.007)  Data Time:  0.000 (0.000)
2022-03-30 18:16:44,737:INFO:   Eta: 0:00:55
2022-03-30 18:16:49,091:INFO: Valid: [246][529/530]  Loss -1.4366 (-0.9408)
2022-03-30 18:18:32,927:INFO: Test: [246]  ADE: 0.8574  FDE: 1.3934
2022-03-30 18:18:46,843:INFO: Train: [247][2075/2076]  Loss -0.0774 (-0.1654)  Time:  0.082 (0.007)  Data Time:  0.000 (0.000)
2022-03-30 18:18:46,844:INFO:   Eta: 0:00:41
2022-03-30 18:18:51,142:INFO: Valid: [247][529/530]  Loss -1.4395 (-0.9428)
2022-03-30 18:19:05,315:INFO: Train: [248][2075/2076]  Loss -0.0210 (-0.1825)  Time:  0.086 (0.007)  Data Time:  0.000 (0.000)
2022-03-30 18:19:05,316:INFO:   Eta: 0:00:28
2022-03-30 18:19:09,927:INFO: Valid: [248][529/530]  Loss -1.4375 (-0.9414)
2022-03-30 18:19:23,258:INFO: Train: [249][2075/2076]  Loss -0.0661 (-0.1722)  Time:  0.126 (0.006)  Data Time:  0.000 (0.000)
2022-03-30 18:19:23,259:INFO:   Eta: 0:00:13
2022-03-30 18:19:27,503:INFO: Valid: [249][529/530]  Loss -1.4327 (-0.9385)
