2022-03-30 07:30:13,707:INFO: batch_size=128
2022-03-30 07:30:13,707:INFO: clip_grad=None
2022-03-30 07:30:13,707:INFO: dataset=univ
2022-03-30 07:30:13,707:INFO: gpu_num=0
2022-03-30 07:30:13,707:INFO: input_size=2
2022-03-30 07:30:13,707:INFO: kernel_size=3
2022-03-30 07:30:13,707:INFO: lr=0.01
2022-03-30 07:30:13,707:INFO: lr_sh_rate=150
2022-03-30 07:30:13,707:INFO: n_stgcnn=1
2022-03-30 07:30:13,707:INFO: n_txpcnn=5
2022-03-30 07:30:13,707:INFO: num_epochs=250
2022-03-30 07:30:13,707:INFO: obs_seq_len=8
2022-03-30 07:30:13,707:INFO: output_size=5
2022-03-30 07:30:13,707:INFO: pred_seq_len=12
2022-03-30 07:30:13,707:INFO: seed=0
2022-03-30 07:30:13,707:INFO: tag=univ
2022-03-30 07:30:13,708:INFO: use_lrschd=True
2022-03-30 07:30:13,708:INFO: ******************************
2022-03-30 07:30:13,708:INFO: Training initiating....
2022-03-30 07:30:13,708:INFO: Namespace(batch_size=128, clip_grad=None, dataset='univ', gpu_num='0', input_size=2, kernel_size=3, lr=0.01, lr_sh_rate=150, n_stgcnn=1, n_txpcnn=5, num_epochs=250, obs_seq_len=8, output_size=5, pred_seq_len=12, seed=0, tag='univ', use_lrschd=True)
2022-03-30 07:30:13,711:INFO: Initializing train dataset
2022-03-30 07:30:22,542:INFO: Initializing val dataset
2022-03-30 07:31:11,843:INFO: social_stgcnn5
2022-03-30 07:31:11,845:INFO: Data and model loaded
2022-03-30 07:31:11,845:INFO: Checkpoint dir: ../runs/Mar30_07-30-13_node07/univ/checkpoint
2022-03-30 07:31:11,845:INFO: Training started ...
2022-03-30 07:31:41,826:INFO: Train: [0][2075/2076]  Loss 0.2625 (1.5390)  Time:  0.143 (0.014)  Data Time:  0.004 (0.005)
2022-03-30 07:31:41,827:INFO:   Eta: 2:04:52
2022-03-30 07:33:57,645:INFO: Test: [0]  ADE: 1.1323  FDE: 1.1511
2022-03-30 07:34:27,295:INFO: Train: [1][2075/2076]  Loss 0.1558 (0.8830)  Time:  0.158 (0.014)  Data Time:  0.004 (0.005)
2022-03-30 07:34:27,296:INFO:   Eta: 2:02:55
2022-03-30 07:34:56,697:INFO: Train: [2][2075/2076]  Loss 0.1153 (0.5343)  Time:  0.172 (0.014)  Data Time:  0.005 (0.005)
2022-03-30 07:34:56,698:INFO:   Eta: 2:01:27
2022-03-30 07:35:26,081:INFO: Train: [3][2075/2076]  Loss 0.0927 (0.4582)  Time:  0.187 (0.014)  Data Time:  0.004 (0.005)
2022-03-30 07:35:26,081:INFO:   Eta: 2:00:53
2022-03-30 07:35:55,237:INFO: Train: [4][2075/2076]  Loss 0.0173 (0.2903)  Time:  0.171 (0.014)  Data Time:  0.005 (0.005)
2022-03-30 07:35:55,239:INFO:   Eta: 1:59:27
2022-03-30 07:36:24,760:INFO: Train: [5][2075/2076]  Loss 0.0914 (0.1258)  Time:  0.152 (0.014)  Data Time:  0.004 (0.005)
2022-03-30 07:36:24,762:INFO:   Eta: 2:00:28
2022-03-30 07:36:54,245:INFO: Train: [6][2075/2076]  Loss 0.0409 (0.1647)  Time:  0.148 (0.014)  Data Time:  0.005 (0.005)
2022-03-30 07:36:54,248:INFO:   Eta: 1:59:49
2022-03-30 07:37:22,174:INFO: Train: [7][2075/2076]  Loss -0.0701 (-0.0278)  Time:  0.208 (0.013)  Data Time:  0.002 (0.004)
2022-03-30 07:37:22,176:INFO:   Eta: 1:53:01
2022-03-30 07:37:47,178:INFO: Train: [8][2075/2076]  Loss -0.0214 (-0.0340)  Time:  0.216 (0.012)  Data Time:  0.004 (0.003)
2022-03-30 07:37:47,179:INFO:   Eta: 1:40:45
2022-03-30 07:38:15,333:INFO: Train: [9][2075/2076]  Loss -0.0396 (-0.2312)  Time:  0.152 (0.014)  Data Time:  0.005 (0.004)
2022-03-30 07:38:15,334:INFO:   Eta: 1:53:00
2022-03-30 07:38:44,769:INFO: Train: [10][2075/2076]  Loss -0.0891 (-0.1429)  Time:  0.167 (0.014)  Data Time:  0.005 (0.005)
2022-03-30 07:38:44,771:INFO:   Eta: 1:57:39
2022-03-30 07:41:00,336:INFO: Test: [10]  ADE: 0.6895  FDE: 0.9582
2022-03-30 07:41:29,397:INFO: Train: [11][2075/2076]  Loss -0.0888 (-0.2733)  Time:  0.158 (0.014)  Data Time:  0.005 (0.005)
2022-03-30 07:41:29,398:INFO:   Eta: 1:55:39
2022-03-30 07:41:58,714:INFO: Train: [12][2075/2076]  Loss -0.1039 (-0.3515)  Time:  0.191 (0.014)  Data Time:  0.004 (0.005)
2022-03-30 07:41:58,715:INFO:   Eta: 1:56:11
2022-03-30 07:42:28,292:INFO: Train: [13][2075/2076]  Loss -0.0615 (-0.4292)  Time:  0.155 (0.014)  Data Time:  0.004 (0.005)
2022-03-30 07:42:28,293:INFO:   Eta: 1:56:45
2022-03-30 07:42:55,211:INFO: Train: [14][2075/2076]  Loss -0.1343 (-0.3434)  Time:  0.133 (0.013)  Data Time:  0.004 (0.004)
2022-03-30 07:42:55,212:INFO:   Eta: 1:45:49
2022-03-30 07:43:20,576:INFO: Train: [15][2075/2076]  Loss -0.0808 (-0.3611)  Time:  0.150 (0.012)  Data Time:  0.003 (0.003)
2022-03-30 07:43:20,599:INFO:   Eta: 1:39:16
2022-03-30 07:43:48,199:INFO: Train: [16][2075/2076]  Loss -0.1538 (-0.4166)  Time:  0.147 (0.013)  Data Time:  0.004 (0.004)
2022-03-30 07:43:48,202:INFO:   Eta: 1:47:28
2022-03-30 07:44:16,923:INFO: Train: [17][2075/2076]  Loss 0.0045 (-0.5532)  Time:  0.160 (0.014)  Data Time:  0.004 (0.005)
2022-03-30 07:44:16,926:INFO:   Eta: 1:51:20
2022-03-30 07:44:45,851:INFO: Train: [18][2075/2076]  Loss -0.0479 (-0.5956)  Time:  0.175 (0.014)  Data Time:  0.003 (0.005)
2022-03-30 07:44:45,854:INFO:   Eta: 1:51:43
2022-03-30 07:45:14,987:INFO: Train: [19][2075/2076]  Loss -0.1769 (-0.5599)  Time:  0.150 (0.014)  Data Time:  0.005 (0.005)
2022-03-30 07:45:14,988:INFO:   Eta: 1:52:02
2022-03-30 07:45:44,347:INFO: Train: [20][2075/2076]  Loss -0.1595 (-0.5015)  Time:  0.171 (0.014)  Data Time:  0.005 (0.005)
2022-03-30 07:45:44,348:INFO:   Eta: 1:52:29
2022-03-30 07:47:59,360:INFO: Test: [20]  ADE: 0.5664  FDE: 0.8771
2022-03-30 07:48:25,968:INFO: Train: [21][2075/2076]  Loss 0.0168 (-0.6413)  Time:  0.131 (0.013)  Data Time:  0.003 (0.003)
2022-03-30 07:48:25,969:INFO:   Eta: 1:41:22
2022-03-30 07:48:52,251:INFO: Train: [22][2075/2076]  Loss -0.1622 (-0.6220)  Time:  0.158 (0.013)  Data Time:  0.005 (0.003)
2022-03-30 07:48:52,252:INFO:   Eta: 1:39:48
2022-03-30 07:49:20,799:INFO: Train: [23][2075/2076]  Loss -0.1968 (-0.7176)  Time:  0.144 (0.014)  Data Time:  0.004 (0.004)
2022-03-30 07:49:20,800:INFO:   Eta: 1:47:56
2022-03-30 07:49:49,234:INFO: Train: [24][2075/2076]  Loss -0.0688 (-0.6324)  Time:  0.174 (0.014)  Data Time:  0.006 (0.004)
2022-03-30 07:49:49,237:INFO:   Eta: 1:47:02
2022-03-30 07:50:18,032:INFO: Train: [25][2075/2076]  Loss -0.1515 (-0.6759)  Time:  0.174 (0.014)  Data Time:  0.005 (0.004)
2022-03-30 07:50:18,033:INFO:   Eta: 1:47:44
2022-03-30 07:50:47,275:INFO: Train: [26][2075/2076]  Loss -0.2407 (-0.7773)  Time:  0.155 (0.014)  Data Time:  0.004 (0.005)
2022-03-30 07:50:47,276:INFO:   Eta: 1:49:06
2022-03-30 07:51:16,300:INFO: Train: [27][2075/2076]  Loss -0.1332 (-0.7968)  Time:  0.179 (0.014)  Data Time:  0.005 (0.005)
2022-03-30 07:51:16,301:INFO:   Eta: 1:47:48
2022-03-30 07:51:45,552:INFO: Train: [28][2075/2076]  Loss -0.2423 (-0.7456)  Time:  0.184 (0.014)  Data Time:  0.005 (0.005)
2022-03-30 07:51:45,553:INFO:   Eta: 1:48:10
2022-03-30 07:52:14,218:INFO: Train: [29][2075/2076]  Loss -0.1123 (-0.7497)  Time:  0.153 (0.014)  Data Time:  0.005 (0.004)
2022-03-30 07:52:14,220:INFO:   Eta: 1:45:31
2022-03-30 07:52:43,415:INFO: Train: [30][2075/2076]  Loss -0.2821 (-0.6987)  Time:  0.158 (0.014)  Data Time:  0.005 (0.005)
2022-03-30 07:52:43,417:INFO:   Eta: 1:46:57
2022-03-30 07:54:59,498:INFO: Test: [30]  ADE: 0.5137  FDE: 0.8397
2022-03-30 07:55:26,749:INFO: Train: [31][2075/2076]  Loss -0.2290 (-0.8007)  Time:  0.152 (0.013)  Data Time:  0.005 (0.004)
2022-03-30 07:55:26,751:INFO:   Eta: 1:39:22
2022-03-30 07:55:54,694:INFO: Train: [32][2075/2076]  Loss -0.1592 (-0.7392)  Time:  0.176 (0.013)  Data Time:  0.005 (0.005)
2022-03-30 07:55:54,695:INFO:   Eta: 1:41:28
2022-03-30 07:56:22,187:INFO: Train: [33][2075/2076]  Loss -0.1430 (-0.8705)  Time:  0.147 (0.013)  Data Time:  0.005 (0.004)
2022-03-30 07:56:22,188:INFO:   Eta: 1:39:22
2022-03-30 07:56:49,852:INFO: Train: [34][2075/2076]  Loss -0.2441 (-0.8537)  Time:  0.163 (0.013)  Data Time:  0.006 (0.005)
2022-03-30 07:56:49,853:INFO:   Eta: 1:39:32
2022-03-30 07:57:17,275:INFO: Train: [35][2075/2076]  Loss -0.1777 (-0.9088)  Time:  0.134 (0.013)  Data Time:  0.004 (0.005)
2022-03-30 07:57:17,288:INFO:   Eta: 1:38:12
2022-03-30 07:57:44,083:INFO: Train: [36][2075/2076]  Loss -0.2752 (-0.8707)  Time:  0.133 (0.013)  Data Time:  0.004 (0.005)
2022-03-30 07:57:44,097:INFO:   Eta: 1:35:21
2022-03-30 07:58:11,189:INFO: Train: [37][2075/2076]  Loss -0.1908 (-0.9656)  Time:  0.148 (0.013)  Data Time:  0.004 (0.005)
2022-03-30 07:58:11,191:INFO:   Eta: 1:36:03
2022-03-30 07:58:37,995:INFO: Train: [38][2075/2076]  Loss -0.2589 (-0.8573)  Time:  0.144 (0.013)  Data Time:  0.005 (0.005)
2022-03-30 07:58:37,995:INFO:   Eta: 1:34:35
2022-03-30 07:59:04,457:INFO: Train: [39][2075/2076]  Loss -0.1721 (-0.9568)  Time:  0.122 (0.013)  Data Time:  0.003 (0.005)
2022-03-30 07:59:04,458:INFO:   Eta: 1:33:01
2022-03-30 07:59:28,533:INFO: Train: [40][2075/2076]  Loss -0.1703 (-1.0120)  Time:  0.160 (0.012)  Data Time:  0.003 (0.004)
2022-03-30 07:59:28,534:INFO:   Eta: 1:24:12
2022-03-30 08:01:23,070:INFO: Test: [40]  ADE: 0.6463  FDE: 1.0731
2022-03-30 08:01:49,789:INFO: Train: [41][2075/2076]  Loss -0.1696 (-0.9777)  Time:  0.150 (0.013)  Data Time:  0.005 (0.004)
2022-03-30 08:01:49,790:INFO:   Eta: 1:32:59
2022-03-30 08:02:16,649:INFO: Train: [42][2075/2076]  Loss -0.1651 (-0.8956)  Time:  0.151 (0.013)  Data Time:  0.006 (0.005)
2022-03-30 08:02:16,649:INFO:   Eta: 1:33:04
2022-03-30 08:02:43,518:INFO: Train: [43][2075/2076]  Loss -0.2117 (-0.9724)  Time:  0.150 (0.013)  Data Time:  0.004 (0.005)
2022-03-30 08:02:43,520:INFO:   Eta: 1:32:39
2022-03-30 08:03:11,178:INFO: Train: [44][2075/2076]  Loss -0.1491 (-1.0195)  Time:  0.137 (0.013)  Data Time:  0.004 (0.005)
2022-03-30 08:03:11,351:INFO:   Eta: 1:34:53
2022-03-30 08:03:40,886:INFO: Train: [45][2075/2076]  Loss -0.1223 (-0.9148)  Time:  0.141 (0.013)  Data Time:  0.004 (0.005)
2022-03-30 08:03:40,888:INFO:   Eta: 1:32:29
2022-03-30 08:04:08,479:INFO: Train: [46][2075/2076]  Loss -0.1595 (-0.9982)  Time:  0.153 (0.013)  Data Time:  0.005 (0.005)
2022-03-30 08:04:08,481:INFO:   Eta: 1:33:45
2022-03-30 08:04:35,302:INFO: Train: [47][2075/2076]  Loss -0.2088 (-1.0878)  Time:  0.141 (0.013)  Data Time:  0.004 (0.004)
2022-03-30 08:04:35,304:INFO:   Eta: 1:30:40
2022-03-30 08:04:59,282:INFO: Train: [48][2075/2076]  Loss -0.1603 (-1.0423)  Time:  0.120 (0.012)  Data Time:  0.003 (0.003)
2022-03-30 08:04:59,283:INFO:   Eta: 1:20:40
2022-03-30 08:05:24,514:INFO: Train: [49][2075/2076]  Loss -0.2689 (-1.0272)  Time:  0.162 (0.012)  Data Time:  0.006 (0.004)
2022-03-30 08:05:24,515:INFO:   Eta: 1:24:29
2022-03-30 08:05:52,119:INFO: Train: [50][2075/2076]  Loss -0.2509 (-0.9990)  Time:  0.158 (0.013)  Data Time:  0.005 (0.005)
2022-03-30 08:05:52,121:INFO:   Eta: 1:31:58
2022-03-30 08:07:50,968:INFO: Test: [50]  ADE: 0.5336  FDE: 0.9187
2022-03-30 08:08:18,062:INFO: Train: [51][2075/2076]  Loss -0.2133 (-1.1708)  Time:  0.194 (0.013)  Data Time:  0.005 (0.005)
2022-03-30 08:08:18,063:INFO:   Eta: 1:29:47
2022-03-30 08:08:45,571:INFO: Train: [52][2075/2076]  Loss -0.2295 (-1.0768)  Time:  0.142 (0.013)  Data Time:  0.005 (0.005)
2022-03-30 08:08:45,572:INFO:   Eta: 1:30:44
2022-03-30 08:09:13,121:INFO: Train: [53][2075/2076]  Loss -0.0648 (-1.1221)  Time:  0.146 (0.013)  Data Time:  0.005 (0.005)
2022-03-30 08:09:13,122:INFO:   Eta: 1:30:24
2022-03-30 08:09:40,349:INFO: Train: [54][2075/2076]  Loss -0.1828 (-0.9925)  Time:  0.128 (0.013)  Data Time:  0.003 (0.005)
2022-03-30 08:09:40,351:INFO:   Eta: 1:28:53
2022-03-30 08:10:05,224:INFO: Train: [55][2075/2076]  Loss -0.2395 (-1.1167)  Time:  0.125 (0.012)  Data Time:  0.003 (0.004)
2022-03-30 08:10:05,225:INFO:   Eta: 1:20:47
2022-03-30 08:10:29,269:INFO: Train: [56][2075/2076]  Loss -0.2472 (-1.1214)  Time:  0.132 (0.012)  Data Time:  0.003 (0.003)
2022-03-30 08:10:29,270:INFO:   Eta: 1:17:41
2022-03-30 08:10:56,777:INFO: Train: [57][2075/2076]  Loss -0.3411 (-1.1050)  Time:  0.141 (0.013)  Data Time:  0.005 (0.004)
2022-03-30 08:10:56,777:INFO:   Eta: 1:28:26
2022-03-30 08:11:23,716:INFO: Train: [58][2075/2076]  Loss -0.1858 (-1.0704)  Time:  0.154 (0.013)  Data Time:  0.005 (0.005)
2022-03-30 08:11:23,717:INFO:   Eta: 1:26:10
2022-03-30 08:11:50,696:INFO: Train: [59][2075/2076]  Loss -0.3202 (-1.0896)  Time:  0.152 (0.013)  Data Time:  0.005 (0.005)
2022-03-30 08:11:50,698:INFO:   Eta: 1:25:50
2022-03-30 08:12:17,833:INFO: Train: [60][2075/2076]  Loss -0.2695 (-1.0961)  Time:  0.146 (0.013)  Data Time:  0.004 (0.005)
2022-03-30 08:12:17,833:INFO:   Eta: 1:25:52
2022-03-30 08:14:12,221:INFO: Test: [60]  ADE: 0.4613  FDE: 0.7800
2022-03-30 08:14:39,347:INFO: Train: [61][2075/2076]  Loss -0.2115 (-1.2264)  Time:  0.170 (0.013)  Data Time:  0.005 (0.005)
2022-03-30 08:14:39,349:INFO:   Eta: 1:25:21
2022-03-30 08:15:05,586:INFO: Train: [62][2075/2076]  Loss -0.2772 (-1.1561)  Time:  0.136 (0.013)  Data Time:  0.004 (0.004)
2022-03-30 08:15:05,587:INFO:   Eta: 1:22:09
2022-03-30 08:15:29,206:INFO: Train: [63][2075/2076]  Loss -0.2367 (-1.1462)  Time:  0.121 (0.011)  Data Time:  0.003 (0.004)
2022-03-30 08:15:29,233:INFO:   Eta: 1:13:33
2022-03-30 08:15:52,789:INFO: Train: [64][2075/2076]  Loss -0.3041 (-1.2185)  Time:  0.144 (0.011)  Data Time:  0.005 (0.003)
2022-03-30 08:15:52,791:INFO:   Eta: 1:12:32
2022-03-30 08:16:19,997:INFO: Train: [65][2075/2076]  Loss -0.3709 (-1.2576)  Time:  0.134 (0.013)  Data Time:  0.004 (0.005)
2022-03-30 08:16:19,998:INFO:   Eta: 1:23:11
2022-03-30 08:16:47,368:INFO: Train: [66][2075/2076]  Loss -0.2116 (-1.2269)  Time:  0.141 (0.013)  Data Time:  0.005 (0.005)
2022-03-30 08:16:47,369:INFO:   Eta: 1:23:53
2022-03-30 08:17:14,240:INFO: Train: [67][2075/2076]  Loss -0.1970 (-1.1688)  Time:  0.147 (0.013)  Data Time:  0.005 (0.005)
2022-03-30 08:17:14,241:INFO:   Eta: 1:21:55
2022-03-30 08:17:40,984:INFO: Train: [68][2075/2076]  Loss -0.2071 (-1.1768)  Time:  0.144 (0.013)  Data Time:  0.005 (0.004)
2022-03-30 08:17:40,985:INFO:   Eta: 1:21:05
2022-03-30 08:18:08,447:INFO: Train: [69][2075/2076]  Loss -0.1891 (-1.2533)  Time:  0.139 (0.013)  Data Time:  0.004 (0.005)
2022-03-30 08:18:08,449:INFO:   Eta: 1:22:48
2022-03-30 08:18:34,758:INFO: Train: [70][2075/2076]  Loss -0.2769 (-1.1449)  Time:  0.135 (0.013)  Data Time:  0.004 (0.004)
2022-03-30 08:18:34,760:INFO:   Eta: 1:18:52
2022-03-30 08:20:29,432:INFO: Test: [70]  ADE: 0.4722  FDE: 0.8282
2022-03-30 08:20:53,079:INFO: Train: [71][2075/2076]  Loss -0.2212 (-1.1863)  Time:  0.115 (0.011)  Data Time:  0.002 (0.003)
2022-03-30 08:20:53,080:INFO:   Eta: 1:10:25
2022-03-30 08:21:18,942:INFO: Train: [72][2075/2076]  Loss -0.1675 (-1.1350)  Time:  0.147 (0.012)  Data Time:  0.005 (0.004)
2022-03-30 08:21:18,943:INFO:   Eta: 1:16:40
2022-03-30 08:21:46,436:INFO: Train: [73][2075/2076]  Loss -0.3398 (-1.2420)  Time:  0.176 (0.013)  Data Time:  0.004 (0.005)
2022-03-30 08:21:46,437:INFO:   Eta: 1:21:04
2022-03-30 08:22:13,733:INFO: Train: [74][2075/2076]  Loss -0.3201 (-1.2488)  Time:  0.143 (0.013)  Data Time:  0.006 (0.005)
2022-03-30 08:22:13,734:INFO:   Eta: 1:20:01
2022-03-30 08:22:40,944:INFO: Train: [75][2075/2076]  Loss -0.2966 (-1.1898)  Time:  0.140 (0.013)  Data Time:  0.005 (0.005)
2022-03-30 08:22:40,956:INFO:   Eta: 1:19:19
2022-03-30 08:23:08,374:INFO: Train: [76][2075/2076]  Loss -0.2756 (-1.3340)  Time:  0.135 (0.013)  Data Time:  0.004 (0.005)
2022-03-30 08:23:08,376:INFO:   Eta: 1:19:18
2022-03-30 08:23:35,204:INFO: Train: [77][2075/2076]  Loss -0.1272 (-1.1046)  Time:  0.135 (0.013)  Data Time:  0.004 (0.005)
2022-03-30 08:23:35,205:INFO:   Eta: 1:17:18
2022-03-30 08:24:01,651:INFO: Train: [78][2075/2076]  Loss -0.3242 (-1.1554)  Time:  0.132 (0.013)  Data Time:  0.004 (0.004)
2022-03-30 08:24:01,652:INFO:   Eta: 1:15:46
2022-03-30 08:24:28,206:INFO: Train: [79][2075/2076]  Loss -0.2702 (-1.2907)  Time:  0.139 (0.013)  Data Time:  0.004 (0.004)
2022-03-30 08:24:28,207:INFO:   Eta: 1:15:38
2022-03-30 08:24:55,476:INFO: Train: [80][2075/2076]  Loss -0.3041 (-1.1922)  Time:  0.147 (0.013)  Data Time:  0.005 (0.004)
2022-03-30 08:24:55,478:INFO:   Eta: 1:17:13
2022-03-30 08:26:53,607:INFO: Test: [80]  ADE: 0.4650  FDE: 0.7743
2022-03-30 08:27:20,590:INFO: Train: [81][2075/2076]  Loss -0.3099 (-1.2886)  Time:  0.153 (0.013)  Data Time:  0.005 (0.005)
2022-03-30 08:27:20,591:INFO:   Eta: 1:15:56
2022-03-30 08:27:47,832:INFO: Train: [82][2075/2076]  Loss -0.2869 (-1.2896)  Time:  0.158 (0.013)  Data Time:  0.005 (0.005)
2022-03-30 08:27:47,833:INFO:   Eta: 1:16:14
2022-03-30 08:28:14,903:INFO: Train: [83][2075/2076]  Loss -0.2923 (-1.2727)  Time:  0.157 (0.013)  Data Time:  0.005 (0.005)
2022-03-30 08:28:14,905:INFO:   Eta: 1:15:18
2022-03-30 08:28:42,085:INFO: Train: [84][2075/2076]  Loss -0.2518 (-1.3443)  Time:  0.138 (0.013)  Data Time:  0.004 (0.005)
2022-03-30 08:28:42,086:INFO:   Eta: 1:15:09
2022-03-30 08:29:10,051:INFO: Train: [85][2075/2076]  Loss -0.2783 (-1.1724)  Time:  0.138 (0.013)  Data Time:  0.004 (0.005)
2022-03-30 08:29:10,052:INFO:   Eta: 1:16:52
2022-03-30 08:29:36,735:INFO: Train: [86][2075/2076]  Loss -0.2984 (-1.2795)  Time:  0.126 (0.013)  Data Time:  0.004 (0.004)
2022-03-30 08:29:36,736:INFO:   Eta: 1:12:53
2022-03-30 08:30:03,273:INFO: Train: [87][2075/2076]  Loss -0.1649 (-1.2443)  Time:  0.144 (0.013)  Data Time:  0.004 (0.004)
2022-03-30 08:30:03,274:INFO:   Eta: 1:12:03
2022-03-30 08:30:30,119:INFO: Train: [88][2075/2076]  Loss -0.2431 (-1.2856)  Time:  0.138 (0.013)  Data Time:  0.005 (0.005)
2022-03-30 08:30:30,119:INFO:   Eta: 1:12:27
2022-03-30 08:30:56,799:INFO: Train: [89][2075/2076]  Loss -0.3359 (-1.3219)  Time:  0.139 (0.013)  Data Time:  0.004 (0.005)
2022-03-30 08:30:56,800:INFO:   Eta: 1:11:33
2022-03-30 08:31:22,703:INFO: Train: [90][2075/2076]  Loss -0.2893 (-1.2610)  Time:  0.122 (0.012)  Data Time:  0.003 (0.004)
2022-03-30 08:31:22,703:INFO:   Eta: 1:09:02
2022-03-30 08:33:18,866:INFO: Test: [90]  ADE: 0.4609  FDE: 0.7994
2022-03-30 08:33:45,880:INFO: Train: [91][2075/2076]  Loss -0.3110 (-1.3152)  Time:  0.144 (0.013)  Data Time:  0.004 (0.005)
2022-03-30 08:33:45,882:INFO:   Eta: 1:11:31
2022-03-30 08:34:12,775:INFO: Train: [92][2075/2076]  Loss -0.3176 (-1.2077)  Time:  0.147 (0.013)  Data Time:  0.006 (0.005)
2022-03-30 08:34:12,776:INFO:   Eta: 1:10:46
2022-03-30 08:34:39,905:INFO: Train: [93][2075/2076]  Loss -0.2210 (-1.3746)  Time:  0.135 (0.013)  Data Time:  0.005 (0.004)
2022-03-30 08:34:39,905:INFO:   Eta: 1:10:57
2022-03-30 08:35:06,396:INFO: Train: [94][2075/2076]  Loss -0.3346 (-1.3749)  Time:  0.142 (0.013)  Data Time:  0.005 (0.005)
2022-03-30 08:35:06,396:INFO:   Eta: 1:08:50
2022-03-30 08:35:32,801:INFO: Train: [95][2075/2076]  Loss -0.2943 (-1.3561)  Time:  0.151 (0.013)  Data Time:  0.005 (0.004)
2022-03-30 08:35:32,802:INFO:   Eta: 1:08:11
2022-03-30 08:35:59,588:INFO: Train: [96][2075/2076]  Loss -0.2846 (-1.3941)  Time:  0.146 (0.013)  Data Time:  0.004 (0.005)
2022-03-30 08:35:59,588:INFO:   Eta: 1:08:42
2022-03-30 08:36:26,664:INFO: Train: [97][2075/2076]  Loss -0.3282 (-1.3008)  Time:  0.147 (0.013)  Data Time:  0.005 (0.004)
2022-03-30 08:36:26,666:INFO:   Eta: 1:09:00
2022-03-30 08:36:51,597:INFO: Train: [98][2075/2076]  Loss -0.3135 (-1.2957)  Time:  0.137 (0.012)  Data Time:  0.005 (0.004)
2022-03-30 08:36:51,598:INFO:   Eta: 1:03:07
2022-03-30 08:37:14,822:INFO: Train: [99][2075/2076]  Loss -0.2837 (-1.4732)  Time:  0.119 (0.011)  Data Time:  0.003 (0.003)
2022-03-30 08:37:14,823:INFO:   Eta: 0:58:25
2022-03-30 08:37:41,408:INFO: Train: [100][2075/2076]  Loss -0.3308 (-1.2858)  Time:  0.145 (0.013)  Data Time:  0.005 (0.004)
2022-03-30 08:37:41,408:INFO:   Eta: 1:06:25
2022-03-30 08:39:37,013:INFO: Test: [100]  ADE: 0.4457  FDE: 0.7659
2022-03-30 08:40:04,012:INFO: Train: [101][2075/2076]  Loss -0.3291 (-1.3886)  Time:  0.139 (0.013)  Data Time:  0.004 (0.004)
2022-03-30 08:40:04,013:INFO:   Eta: 1:06:58
2022-03-30 08:40:31,110:INFO: Train: [102][2075/2076]  Loss -0.1164 (-1.2608)  Time:  0.133 (0.013)  Data Time:  0.004 (0.005)
2022-03-30 08:40:31,111:INFO:   Eta: 1:06:48
2022-03-30 08:40:56,606:INFO: Train: [103][2075/2076]  Loss -0.3369 (-1.3446)  Time:  0.167 (0.012)  Data Time:  0.005 (0.004)
2022-03-30 08:40:56,702:INFO:   Eta: 1:02:25
2022-03-30 08:41:24,706:INFO: Train: [104][2075/2076]  Loss -0.3117 (-1.2325)  Time:  0.147 (0.013)  Data Time:  0.005 (0.005)
2022-03-30 08:41:24,707:INFO:   Eta: 1:05:22
2022-03-30 08:41:51,288:INFO: Train: [105][2075/2076]  Loss -0.3386 (-1.3347)  Time:  0.166 (0.013)  Data Time:  0.004 (0.004)
2022-03-30 08:41:51,289:INFO:   Eta: 1:04:12
2022-03-30 08:42:15,254:INFO: Train: [106][2075/2076]  Loss -0.3224 (-1.3994)  Time:  0.120 (0.012)  Data Time:  0.004 (0.004)
2022-03-30 08:42:15,255:INFO:   Eta: 0:57:29
2022-03-30 08:42:39,758:INFO: Train: [107][2075/2076]  Loss -0.3263 (-1.3602)  Time:  0.141 (0.012)  Data Time:  0.004 (0.003)
2022-03-30 08:42:39,759:INFO:   Eta: 0:58:22
2022-03-30 08:43:06,535:INFO: Train: [108][2075/2076]  Loss -0.3561 (-1.4313)  Time:  0.151 (0.013)  Data Time:  0.004 (0.005)
2022-03-30 08:43:06,536:INFO:   Eta: 1:03:20
2022-03-30 08:43:34,072:INFO: Train: [109][2075/2076]  Loss -0.2709 (-1.4135)  Time:  0.142 (0.013)  Data Time:  0.005 (0.005)
2022-03-30 08:43:34,073:INFO:   Eta: 1:04:40
2022-03-30 08:44:01,217:INFO: Train: [110][2075/2076]  Loss -0.3497 (-1.4461)  Time:  0.139 (0.013)  Data Time:  0.005 (0.005)
2022-03-30 08:44:01,218:INFO:   Eta: 1:03:18
2022-03-30 08:45:57,018:INFO: Test: [110]  ADE: 0.4970  FDE: 0.8652
2022-03-30 08:46:23,944:INFO: Train: [111][2075/2076]  Loss -0.3783 (-1.3834)  Time:  0.136 (0.013)  Data Time:  0.005 (0.004)
2022-03-30 08:46:23,945:INFO:   Eta: 1:02:13
2022-03-30 08:46:50,289:INFO: Train: [112][2075/2076]  Loss -0.3027 (-1.1654)  Time:  0.153 (0.013)  Data Time:  0.004 (0.004)
2022-03-30 08:46:50,292:INFO:   Eta: 1:00:33
2022-03-30 08:47:15,415:INFO: Train: [113][2075/2076]  Loss -0.3085 (-1.4544)  Time:  0.166 (0.012)  Data Time:  0.003 (0.004)
2022-03-30 08:47:15,416:INFO:   Eta: 0:57:15
2022-03-30 08:47:38,898:INFO: Train: [114][2075/2076]  Loss -0.3486 (-1.4838)  Time:  0.123 (0.011)  Data Time:  0.004 (0.003)
2022-03-30 08:47:38,899:INFO:   Eta: 0:53:11
2022-03-30 08:48:04,906:INFO: Train: [115][2075/2076]  Loss -0.3449 (-1.4615)  Time:  0.146 (0.013)  Data Time:  0.004 (0.004)
2022-03-30 08:48:04,912:INFO:   Eta: 0:58:28
2022-03-30 08:48:31,850:INFO: Train: [116][2075/2076]  Loss -0.2566 (-1.4799)  Time:  0.141 (0.013)  Data Time:  0.005 (0.005)
2022-03-30 08:48:31,850:INFO:   Eta: 1:00:04
2022-03-30 08:48:58,730:INFO: Train: [117][2075/2076]  Loss -0.4081 (-1.3500)  Time:  0.144 (0.013)  Data Time:  0.004 (0.005)
2022-03-30 08:48:58,731:INFO:   Eta: 0:59:33
2022-03-30 08:49:25,539:INFO: Train: [118][2075/2076]  Loss -0.3478 (-1.4786)  Time:  0.142 (0.013)  Data Time:  0.004 (0.005)
2022-03-30 08:49:25,540:INFO:   Eta: 0:58:56
2022-03-30 08:49:52,559:INFO: Train: [119][2075/2076]  Loss -0.3039 (-1.4542)  Time:  0.142 (0.013)  Data Time:  0.005 (0.005)
2022-03-30 08:49:52,561:INFO:   Eta: 0:58:57
2022-03-30 08:50:19,216:INFO: Train: [120][2075/2076]  Loss -0.3484 (-1.3895)  Time:  0.136 (0.013)  Data Time:  0.004 (0.005)
2022-03-30 08:50:19,220:INFO:   Eta: 0:57:41
2022-03-30 08:52:16,215:INFO: Test: [120]  ADE: 0.4704  FDE: 0.8242
2022-03-30 08:52:40,700:INFO: Train: [121][2075/2076]  Loss -0.3848 (-1.5008)  Time:  0.127 (0.012)  Data Time:  0.002 (0.004)
2022-03-30 08:52:40,701:INFO:   Eta: 0:52:35
2022-03-30 08:53:05,210:INFO: Train: [122][2075/2076]  Loss -0.2884 (-1.4798)  Time:  0.127 (0.012)  Data Time:  0.004 (0.003)
2022-03-30 08:53:05,211:INFO:   Eta: 0:52:15
2022-03-30 08:53:32,404:INFO: Train: [123][2075/2076]  Loss -0.1437 (-1.4300)  Time:  0.152 (0.013)  Data Time:  0.005 (0.005)
2022-03-30 08:53:32,417:INFO:   Eta: 0:57:31
2022-03-30 08:53:59,570:INFO: Train: [124][2075/2076]  Loss -0.2132 (-1.4474)  Time:  0.137 (0.013)  Data Time:  0.004 (0.005)
2022-03-30 08:53:59,571:INFO:   Eta: 0:56:57
2022-03-30 08:54:27,005:INFO: Train: [125][2075/2076]  Loss -0.3163 (-1.4372)  Time:  0.139 (0.013)  Data Time:  0.004 (0.005)
2022-03-30 08:54:27,005:INFO:   Eta: 0:57:07
2022-03-30 08:54:54,507:INFO: Train: [126][2075/2076]  Loss -0.4047 (-1.3776)  Time:  0.152 (0.013)  Data Time:  0.004 (0.005)
2022-03-30 08:54:54,510:INFO:   Eta: 0:56:48
2022-03-30 08:55:21,280:INFO: Train: [127][2075/2076]  Loss -0.2947 (-1.3751)  Time:  0.140 (0.013)  Data Time:  0.004 (0.005)
2022-03-30 08:55:21,281:INFO:   Eta: 0:54:48
2022-03-30 08:55:48,007:INFO: Train: [128][2075/2076]  Loss -0.3461 (-1.4993)  Time:  0.144 (0.013)  Data Time:  0.004 (0.004)
2022-03-30 08:55:48,008:INFO:   Eta: 0:54:18
2022-03-30 08:56:15,557:INFO: Train: [129][2075/2076]  Loss -0.3997 (-1.4925)  Time:  0.148 (0.013)  Data Time:  0.004 (0.005)
2022-03-30 08:56:15,558:INFO:   Eta: 0:55:31
2022-03-30 08:56:43,013:INFO: Train: [130][2075/2076]  Loss -0.2699 (-1.4570)  Time:  0.144 (0.013)  Data Time:  0.005 (0.005)
2022-03-30 08:56:43,014:INFO:   Eta: 0:54:53
2022-03-30 08:58:42,858:INFO: Test: [130]  ADE: 0.4858  FDE: 0.8620
2022-03-30 08:59:08,331:INFO: Train: [131][2075/2076]  Loss -0.3324 (-1.4890)  Time:  0.123 (0.012)  Data Time:  0.003 (0.004)
2022-03-30 08:59:08,331:INFO:   Eta: 0:49:39
2022-03-30 08:59:33,409:INFO: Train: [132][2075/2076]  Loss -0.2720 (-1.5177)  Time:  0.149 (0.012)  Data Time:  0.005 (0.004)
2022-03-30 08:59:33,411:INFO:   Eta: 0:49:17
2022-03-30 09:00:00,160:INFO: Train: [133][2075/2076]  Loss -0.3954 (-1.4314)  Time:  0.141 (0.013)  Data Time:  0.005 (0.004)
2022-03-30 09:00:00,161:INFO:   Eta: 0:52:08
2022-03-30 09:00:27,294:INFO: Train: [134][2075/2076]  Loss -0.1740 (-1.4751)  Time:  0.143 (0.013)  Data Time:  0.005 (0.005)
2022-03-30 09:00:27,295:INFO:   Eta: 0:52:25
2022-03-30 09:00:54,481:INFO: Train: [135][2075/2076]  Loss -0.2957 (-1.3782)  Time:  0.150 (0.013)  Data Time:  0.005 (0.004)
2022-03-30 09:00:54,482:INFO:   Eta: 0:52:04
2022-03-30 09:01:21,254:INFO: Train: [136][2075/2076]  Loss -0.3177 (-1.5305)  Time:  0.176 (0.013)  Data Time:  0.003 (0.004)
2022-03-30 09:01:21,255:INFO:   Eta: 0:50:50
2022-03-30 09:01:47,750:INFO: Train: [137][2075/2076]  Loss -0.2442 (-1.4764)  Time:  0.128 (0.013)  Data Time:  0.004 (0.004)
2022-03-30 09:01:47,826:INFO:   Eta: 0:49:52
2022-03-30 09:02:14,833:INFO: Train: [138][2075/2076]  Loss -0.3775 (-1.4982)  Time:  0.142 (0.013)  Data Time:  0.005 (0.004)
2022-03-30 09:02:14,901:INFO:   Eta: 0:48:40
2022-03-30 09:02:42,000:INFO: Train: [139][2075/2076]  Loss -0.3339 (-1.4693)  Time:  0.140 (0.013)  Data Time:  0.003 (0.004)
2022-03-30 09:02:42,001:INFO:   Eta: 0:49:22
2022-03-30 09:03:09,315:INFO: Train: [140][2075/2076]  Loss -0.3713 (-1.5554)  Time:  0.143 (0.013)  Data Time:  0.004 (0.005)
2022-03-30 09:03:09,315:INFO:   Eta: 0:50:02
2022-03-30 09:05:09,927:INFO: Test: [140]  ADE: 0.4869  FDE: 0.8830
2022-03-30 09:05:35,382:INFO: Train: [141][2075/2076]  Loss -0.2572 (-1.5754)  Time:  0.138 (0.012)  Data Time:  0.005 (0.004)
2022-03-30 09:05:35,383:INFO:   Eta: 0:46:12
2022-03-30 09:06:00,753:INFO: Train: [142][2075/2076]  Loss -0.4020 (-1.3788)  Time:  0.124 (0.012)  Data Time:  0.004 (0.004)
2022-03-30 09:06:00,754:INFO:   Eta: 0:45:38
2022-03-30 09:06:27,571:INFO: Train: [143][2075/2076]  Loss -0.2917 (-1.4986)  Time:  0.142 (0.013)  Data Time:  0.004 (0.004)
2022-03-30 09:06:27,683:INFO:   Eta: 0:47:47
2022-03-30 09:06:54,998:INFO: Train: [144][2075/2076]  Loss -0.4110 (-1.4253)  Time:  0.178 (0.013)  Data Time:  0.004 (0.004)
2022-03-30 09:06:55,304:INFO:   Eta: 0:48:10
2022-03-30 09:07:22,942:INFO: Train: [145][2075/2076]  Loss -0.3743 (-1.4783)  Time:  0.171 (0.013)  Data Time:  0.004 (0.004)
2022-03-30 09:07:23,020:INFO:   Eta: 0:48:20
2022-03-30 09:07:50,636:INFO: Train: [146][2075/2076]  Loss -0.4311 (-1.3854)  Time:  0.141 (0.013)  Data Time:  0.005 (0.004)
2022-03-30 09:07:50,700:INFO:   Eta: 0:46:50
2022-03-30 09:08:17,574:INFO: Train: [147][2075/2076]  Loss -0.3978 (-1.3909)  Time:  0.128 (0.013)  Data Time:  0.003 (0.004)
2022-03-30 09:08:17,574:INFO:   Eta: 0:46:06
2022-03-30 09:08:44,180:INFO: Train: [148][2075/2076]  Loss -0.3299 (-1.4439)  Time:  0.176 (0.013)  Data Time:  0.005 (0.004)
2022-03-30 09:08:44,187:INFO:   Eta: 0:45:07
2022-03-30 09:09:11,683:INFO: Train: [149][2075/2076]  Loss -0.2967 (-1.5456)  Time:  0.151 (0.013)  Data Time:  0.005 (0.004)
2022-03-30 09:09:11,684:INFO:   Eta: 0:45:49
2022-03-30 09:09:38,731:INFO: Train: [150][2075/2076]  Loss -0.4307 (-1.7092)  Time:  0.143 (0.013)  Data Time:  0.005 (0.004)
2022-03-30 09:09:38,732:INFO:   Eta: 0:45:03
2022-03-30 09:11:39,551:INFO: Test: [150]  ADE: 0.4854  FDE: 0.8969
2022-03-30 09:12:06,088:INFO: Train: [151][2075/2076]  Loss -0.2501 (-1.7650)  Time:  0.140 (0.013)  Data Time:  0.004 (0.004)
2022-03-30 09:12:06,089:INFO:   Eta: 0:43:44
2022-03-30 09:12:12,174:INFO: Valid: [151][529/530]  Loss -4.6849 (-3.9464)
2022-03-30 09:12:12,278:INFO: Checkpoint saved...
2022-03-30 09:12:38,237:INFO: Train: [152][2075/2076]  Loss -0.4495 (-1.5797)  Time:  0.152 (0.012)  Data Time:  0.005 (0.004)
2022-03-30 09:12:38,240:INFO:   Eta: 0:42:21
2022-03-30 09:12:44,156:INFO: Valid: [152][529/530]  Loss -5.5457 (-4.3994)
2022-03-30 09:12:44,213:INFO: Checkpoint saved...
2022-03-30 09:13:11,689:INFO: Train: [153][2075/2076]  Loss -0.3508 (-1.7870)  Time:  0.135 (0.013)  Data Time:  0.005 (0.005)
2022-03-30 09:13:11,690:INFO:   Eta: 0:44:23
2022-03-30 09:13:17,777:INFO: Valid: [153][529/530]  Loss -5.3535 (-4.3636)
2022-03-30 09:13:44,304:INFO: Train: [154][2075/2076]  Loss -0.3584 (-1.7504)  Time:  0.146 (0.013)  Data Time:  0.005 (0.004)
2022-03-30 09:13:44,305:INFO:   Eta: 0:42:25
2022-03-30 09:13:50,548:INFO: Valid: [154][529/530]  Loss -4.8713 (-4.0710)
2022-03-30 09:14:17,765:INFO: Train: [155][2075/2076]  Loss -0.3544 (-1.7763)  Time:  0.128 (0.013)  Data Time:  0.004 (0.004)
2022-03-30 09:14:17,835:INFO:   Eta: 0:41:38
2022-03-30 09:14:23,839:INFO: Valid: [155][529/530]  Loss -3.6567 (-3.3520)
2022-03-30 09:14:50,971:INFO: Train: [156][2075/2076]  Loss -0.3900 (-1.7489)  Time:  0.135 (0.013)  Data Time:  0.005 (0.004)
2022-03-30 09:14:51,060:INFO:   Eta: 0:42:28
2022-03-30 09:14:57,276:INFO: Valid: [156][529/530]  Loss -4.7532 (-4.0185)
2022-03-30 09:15:24,919:INFO: Train: [157][2075/2076]  Loss -0.4184 (-1.8101)  Time:  0.147 (0.013)  Data Time:  0.004 (0.005)
2022-03-30 09:15:24,976:INFO:   Eta: 0:42:48
2022-03-30 09:15:31,108:INFO: Valid: [157][529/530]  Loss -5.2508 (-4.2626)
2022-03-30 09:15:57,877:INFO: Train: [158][2075/2076]  Loss -0.4662 (-1.8025)  Time:  0.141 (0.013)  Data Time:  0.005 (0.004)
2022-03-30 09:15:57,880:INFO:   Eta: 0:40:53
2022-03-30 09:16:03,724:INFO: Valid: [158][529/530]  Loss -3.5906 (-3.2644)
2022-03-30 09:16:30,600:INFO: Train: [159][2075/2076]  Loss -0.3287 (-1.8224)  Time:  0.146 (0.013)  Data Time:  0.004 (0.004)
2022-03-30 09:16:30,602:INFO:   Eta: 0:40:31
2022-03-30 09:16:36,536:INFO: Valid: [159][529/530]  Loss -4.5543 (-3.8576)
2022-03-30 09:17:02,954:INFO: Train: [160][2075/2076]  Loss -0.3561 (-1.7864)  Time:  0.159 (0.013)  Data Time:  0.004 (0.004)
2022-03-30 09:17:02,955:INFO:   Eta: 0:39:36
2022-03-30 09:17:08,966:INFO: Valid: [160][529/530]  Loss -4.6276 (-3.8814)
2022-03-30 09:19:08,850:INFO: Test: [160]  ADE: 0.4861  FDE: 0.8801
2022-03-30 09:19:37,227:INFO: Train: [161][2075/2076]  Loss -0.4267 (-1.7917)  Time:  0.105 (0.012)  Data Time:  0.000 (0.004)
2022-03-30 09:19:37,478:INFO:   Eta: 0:38:13
2022-03-30 09:19:43,758:INFO: Valid: [161][529/530]  Loss -4.6522 (-3.9108)
2022-03-30 09:20:11,497:INFO: Train: [162][2075/2076]  Loss -0.4698 (-1.8329)  Time:  0.118 (0.013)  Data Time:  0.003 (0.005)
2022-03-30 09:20:11,523:INFO:   Eta: 0:40:39
2022-03-30 09:20:17,619:INFO: Valid: [162][529/530]  Loss -3.2302 (-3.1912)
2022-03-30 09:20:45,728:INFO: Train: [163][2075/2076]  Loss -0.3080 (-1.8429)  Time:  0.119 (0.013)  Data Time:  0.003 (0.004)
2022-03-30 09:20:45,728:INFO:   Eta: 0:39:59
2022-03-30 09:20:51,729:INFO: Valid: [163][529/530]  Loss -3.2623 (-3.1879)
2022-03-30 09:21:19,266:INFO: Train: [164][2075/2076]  Loss -0.4146 (-1.8499)  Time:  0.154 (0.013)  Data Time:  0.006 (0.004)
2022-03-30 09:21:19,267:INFO:   Eta: 0:39:26
2022-03-30 09:21:25,490:INFO: Valid: [164][529/530]  Loss -5.3624 (-4.3047)
2022-03-30 09:21:53,355:INFO: Train: [165][2075/2076]  Loss -0.3486 (-1.8210)  Time:  0.146 (0.013)  Data Time:  0.005 (0.004)
2022-03-30 09:21:53,358:INFO:   Eta: 0:38:21
2022-03-30 09:21:59,378:INFO: Valid: [165][529/530]  Loss -4.7578 (-3.9970)
2022-03-30 09:22:26,335:INFO: Train: [166][2075/2076]  Loss -0.3881 (-1.8296)  Time:  0.152 (0.013)  Data Time:  0.006 (0.004)
2022-03-30 09:22:26,336:INFO:   Eta: 0:37:36
2022-03-30 09:22:32,306:INFO: Valid: [166][529/530]  Loss -4.6700 (-3.9627)
2022-03-30 09:22:59,482:INFO: Train: [167][2075/2076]  Loss -0.3855 (-1.8522)  Time:  0.177 (0.013)  Data Time:  0.005 (0.004)
2022-03-30 09:23:00,329:INFO:   Eta: 0:37:34
2022-03-30 09:23:06,209:INFO: Valid: [167][529/530]  Loss -3.1473 (-3.0439)
2022-03-30 09:23:33,391:INFO: Train: [168][2075/2076]  Loss -0.3768 (-1.8424)  Time:  0.138 (0.013)  Data Time:  0.004 (0.004)
2022-03-30 09:23:33,393:INFO:   Eta: 0:37:07
2022-03-30 09:23:39,245:INFO: Valid: [168][529/530]  Loss -3.7411 (-3.4106)
2022-03-30 09:24:03,859:INFO: Train: [169][2075/2076]  Loss -0.4066 (-1.6875)  Time:  0.129 (0.012)  Data Time:  0.004 (0.003)
2022-03-30 09:24:03,860:INFO:   Eta: 0:33:11
2022-03-30 09:24:09,670:INFO: Valid: [169][529/530]  Loss -4.8359 (-4.0177)
2022-03-30 09:24:35,769:INFO: Train: [170][2075/2076]  Loss -0.3421 (-1.7488)  Time:  0.144 (0.013)  Data Time:  0.004 (0.004)
2022-03-30 09:24:35,770:INFO:   Eta: 0:34:46
2022-03-30 09:24:41,564:INFO: Valid: [170][529/530]  Loss -4.7897 (-4.0155)
2022-03-30 09:26:43,160:INFO: Test: [170]  ADE: 0.4942  FDE: 0.9151
2022-03-30 09:27:10,163:INFO: Train: [171][2075/2076]  Loss -0.4653 (-1.7851)  Time:  0.162 (0.013)  Data Time:  0.004 (0.004)
2022-03-30 09:27:10,163:INFO:   Eta: 0:35:31
2022-03-30 09:27:16,110:INFO: Valid: [171][529/530]  Loss -1.7619 (-2.2835)
2022-03-30 09:27:43,398:INFO: Train: [172][2075/2076]  Loss -0.4592 (-1.7484)  Time:  0.147 (0.013)  Data Time:  0.004 (0.004)
2022-03-30 09:27:43,399:INFO:   Eta: 0:35:27
2022-03-30 09:27:49,332:INFO: Valid: [172][529/530]  Loss -4.6031 (-3.8016)
2022-03-30 09:28:16,264:INFO: Train: [173][2075/2076]  Loss -0.4418 (-1.8057)  Time:  0.152 (0.013)  Data Time:  0.004 (0.004)
2022-03-30 09:28:16,265:INFO:   Eta: 0:34:32
2022-03-30 09:28:22,233:INFO: Valid: [173][529/530]  Loss -4.8876 (-3.9934)
2022-03-30 09:28:49,220:INFO: Train: [174][2075/2076]  Loss -0.4061 (-1.8342)  Time:  0.145 (0.013)  Data Time:  0.005 (0.004)
2022-03-30 09:28:49,223:INFO:   Eta: 0:34:09
2022-03-30 09:28:55,168:INFO: Valid: [174][529/530]  Loss -3.6638 (-3.2921)
2022-03-30 09:29:22,308:INFO: Train: [175][2075/2076]  Loss -0.3639 (-1.7798)  Time:  0.152 (0.013)  Data Time:  0.005 (0.004)
2022-03-30 09:29:22,309:INFO:   Eta: 0:33:54
2022-03-30 09:29:28,194:INFO: Valid: [175][529/530]  Loss -3.7571 (-3.4297)
2022-03-30 09:29:53,861:INFO: Train: [176][2075/2076]  Loss -0.4160 (-1.8378)  Time:  0.130 (0.012)  Data Time:  0.004 (0.004)
2022-03-30 09:29:53,862:INFO:   Eta: 0:31:38
2022-03-30 09:29:59,990:INFO: Valid: [176][529/530]  Loss -4.8705 (-4.0640)
2022-03-30 09:30:24,443:INFO: Train: [177][2075/2076]  Loss -0.3425 (-1.8768)  Time:  0.123 (0.012)  Data Time:  0.004 (0.003)
2022-03-30 09:30:24,444:INFO:   Eta: 0:29:43
2022-03-30 09:30:30,556:INFO: Valid: [177][529/530]  Loss -4.3682 (-3.7430)
2022-03-30 09:30:57,179:INFO: Train: [178][2075/2076]  Loss -0.4097 (-1.8762)  Time:  0.136 (0.013)  Data Time:  0.004 (0.004)
2022-03-30 09:30:57,180:INFO:   Eta: 0:31:55
2022-03-30 09:31:03,388:INFO: Valid: [178][529/530]  Loss -3.7878 (-3.4321)
2022-03-30 09:31:30,435:INFO: Train: [179][2075/2076]  Loss -0.4041 (-1.7404)  Time:  0.147 (0.013)  Data Time:  0.004 (0.004)
2022-03-30 09:31:30,437:INFO:   Eta: 0:31:59
2022-03-30 09:31:36,703:INFO: Valid: [179][529/530]  Loss -5.0305 (-4.1108)
2022-03-30 09:32:01,863:INFO: Train: [180][2075/2076]  Loss -0.4228 (-1.7025)  Time:  0.120 (0.012)  Data Time:  0.003 (0.004)
2022-03-30 09:32:01,864:INFO:   Eta: 0:29:20
2022-03-30 09:32:07,785:INFO: Valid: [180][529/530]  Loss -4.7585 (-3.9728)
2022-03-30 09:34:06,870:INFO: Test: [180]  ADE: 0.4894  FDE: 0.9031
2022-03-30 09:34:34,391:INFO: Train: [181][2075/2076]  Loss -0.3180 (-1.8737)  Time:  0.146 (0.013)  Data Time:  0.005 (0.005)
2022-03-30 09:34:34,392:INFO:   Eta: 0:31:37
2022-03-30 09:34:40,246:INFO: Valid: [181][529/530]  Loss -3.5478 (-3.3860)
2022-03-30 09:35:07,339:INFO: Train: [182][2075/2076]  Loss -0.3804 (-1.7582)  Time:  0.140 (0.013)  Data Time:  0.005 (0.004)
2022-03-30 09:35:07,364:INFO:   Eta: 0:30:41
2022-03-30 09:35:13,276:INFO: Valid: [182][529/530]  Loss -4.2825 (-3.7036)
2022-03-30 09:35:39,614:INFO: Train: [183][2075/2076]  Loss -0.4126 (-1.8630)  Time:  0.149 (0.013)  Data Time:  0.005 (0.004)
2022-03-30 09:35:39,615:INFO:   Eta: 0:29:23
2022-03-30 09:35:45,818:INFO: Valid: [183][529/530]  Loss -4.5811 (-3.8625)
2022-03-30 09:36:10,848:INFO: Train: [184][2075/2076]  Loss -0.3908 (-1.8085)  Time:  0.105 (0.012)  Data Time:  0.002 (0.004)
2022-03-30 09:36:10,850:INFO:   Eta: 0:27:29
2022-03-30 09:36:16,626:INFO: Valid: [184][529/530]  Loss -4.3699 (-3.7493)
2022-03-30 09:36:41,370:INFO: Train: [185][2075/2076]  Loss -0.3677 (-1.8529)  Time:  0.127 (0.012)  Data Time:  0.003 (0.004)
2022-03-30 09:36:41,375:INFO:   Eta: 0:26:46
2022-03-30 09:36:47,354:INFO: Valid: [185][529/530]  Loss -4.5143 (-3.7594)
2022-03-30 09:37:14,201:INFO: Train: [186][2075/2076]  Loss -0.3521 (-1.7656)  Time:  0.139 (0.013)  Data Time:  0.004 (0.005)
2022-03-30 09:37:14,203:INFO:   Eta: 0:28:37
2022-03-30 09:37:20,005:INFO: Valid: [186][529/530]  Loss -3.9147 (-3.5306)
2022-03-30 09:37:47,022:INFO: Train: [187][2075/2076]  Loss -0.4024 (-1.8161)  Time:  0.144 (0.013)  Data Time:  0.004 (0.005)
2022-03-30 09:37:47,023:INFO:   Eta: 0:28:21
2022-03-30 09:37:52,929:INFO: Valid: [187][529/530]  Loss -4.5147 (-3.7750)
2022-03-30 09:38:18,547:INFO: Train: [188][2075/2076]  Loss -0.4378 (-1.8299)  Time:  0.131 (0.012)  Data Time:  0.004 (0.004)
2022-03-30 09:38:18,565:INFO:   Eta: 0:26:27
2022-03-30 09:38:24,374:INFO: Valid: [188][529/530]  Loss -3.7445 (-3.4049)
2022-03-30 09:38:51,488:INFO: Train: [189][2075/2076]  Loss -0.3921 (-1.8109)  Time:  0.143 (0.013)  Data Time:  0.004 (0.005)
2022-03-30 09:38:51,490:INFO:   Eta: 0:27:32
2022-03-30 09:38:57,520:INFO: Valid: [189][529/530]  Loss -1.6030 (-2.1695)
2022-03-30 09:39:24,330:INFO: Train: [190][2075/2076]  Loss -0.4443 (-1.8886)  Time:  0.156 (0.013)  Data Time:  0.005 (0.004)
2022-03-30 09:39:24,332:INFO:   Eta: 0:26:47
2022-03-30 09:39:30,249:INFO: Valid: [190][529/530]  Loss -3.8393 (-3.4439)
2022-03-30 09:41:30,883:INFO: Test: [190]  ADE: 0.5044  FDE: 0.9158
2022-03-30 09:41:58,227:INFO: Train: [191][2075/2076]  Loss -0.4088 (-1.7473)  Time:  0.170 (0.013)  Data Time:  0.004 (0.005)
2022-03-30 09:41:58,230:INFO:   Eta: 0:26:51
2022-03-30 09:42:04,215:INFO: Valid: [191][529/530]  Loss -4.3168 (-3.7361)
2022-03-30 09:42:28,876:INFO: Train: [192][2075/2076]  Loss -0.4704 (-1.7847)  Time:  0.122 (0.012)  Data Time:  0.003 (0.004)
2022-03-30 09:42:28,877:INFO:   Eta: 0:23:49
2022-03-30 09:42:35,002:INFO: Valid: [192][529/530]  Loss -3.7626 (-3.3611)
2022-03-30 09:43:00,474:INFO: Train: [193][2075/2076]  Loss -0.3294 (-1.8945)  Time:  0.140 (0.012)  Data Time:  0.004 (0.004)
2022-03-30 09:43:00,475:INFO:   Eta: 0:24:11
2022-03-30 09:43:06,429:INFO: Valid: [193][529/530]  Loss -4.6139 (-3.8388)
2022-03-30 09:43:33,124:INFO: Train: [194][2075/2076]  Loss -0.3749 (-1.7945)  Time:  0.132 (0.013)  Data Time:  0.004 (0.005)
2022-03-30 09:43:33,125:INFO:   Eta: 0:24:54
2022-03-30 09:43:39,075:INFO: Valid: [194][529/530]  Loss -3.5254 (-3.2511)
2022-03-30 09:44:06,026:INFO: Train: [195][2075/2076]  Loss -0.3392 (-1.9144)  Time:  0.149 (0.013)  Data Time:  0.004 (0.004)
2022-03-30 09:44:06,027:INFO:   Eta: 0:24:41
2022-03-30 09:44:11,992:INFO: Valid: [195][529/530]  Loss -2.9288 (-3.0177)
2022-03-30 09:44:38,471:INFO: Train: [196][2075/2076]  Loss -0.4306 (-1.8539)  Time:  0.128 (0.013)  Data Time:  0.004 (0.004)
2022-03-30 09:44:38,472:INFO:   Eta: 0:23:48
2022-03-30 09:44:44,456:INFO: Valid: [196][529/530]  Loss -3.6445 (-3.3465)
2022-03-30 09:45:11,493:INFO: Train: [197][2075/2076]  Loss -0.3844 (-1.8561)  Time:  0.137 (0.013)  Data Time:  0.005 (0.004)
2022-03-30 09:45:11,494:INFO:   Eta: 0:23:52
2022-03-30 09:45:17,301:INFO: Valid: [197][529/530]  Loss -3.5615 (-3.2638)
2022-03-30 09:45:43,771:INFO: Train: [198][2075/2076]  Loss -0.4304 (-1.7883)  Time:  0.134 (0.013)  Data Time:  0.004 (0.004)
2022-03-30 09:45:43,778:INFO:   Eta: 0:22:55
2022-03-30 09:45:49,634:INFO: Valid: [198][529/530]  Loss -4.1928 (-3.6950)
2022-03-30 09:46:17,190:INFO: Train: [199][2075/2076]  Loss -0.4359 (-1.8722)  Time:  0.143 (0.013)  Data Time:  0.004 (0.004)
2022-03-30 09:46:17,191:INFO:   Eta: 0:23:23
2022-03-30 09:46:23,531:INFO: Valid: [199][529/530]  Loss -3.7737 (-3.4145)
2022-03-30 09:46:50,786:INFO: Train: [200][2075/2076]  Loss -0.4227 (-1.8877)  Time:  0.139 (0.013)  Data Time:  0.004 (0.004)
2022-03-30 09:46:50,788:INFO:   Eta: 0:22:41
2022-03-30 09:46:56,855:INFO: Valid: [200][529/530]  Loss -4.4366 (-3.8031)
2022-03-30 09:48:55,045:INFO: Test: [200]  ADE: 0.4928  FDE: 0.9062
2022-03-30 09:49:21,531:INFO: Train: [201][2075/2076]  Loss -0.4900 (-1.8495)  Time:  0.150 (0.013)  Data Time:  0.005 (0.004)
2022-03-30 09:49:21,532:INFO:   Eta: 0:21:36
2022-03-30 09:49:27,493:INFO: Valid: [201][529/530]  Loss -4.2549 (-3.6867)
2022-03-30 09:49:54,397:INFO: Train: [202][2075/2076]  Loss -0.4820 (-1.8915)  Time:  0.150 (0.013)  Data Time:  0.005 (0.004)
2022-03-30 09:49:54,398:INFO:   Eta: 0:21:30
2022-03-30 09:50:00,304:INFO: Valid: [202][529/530]  Loss -4.1243 (-3.6059)
2022-03-30 09:50:27,931:INFO: Train: [203][2075/2076]  Loss -0.3326 (-1.8716)  Time:  0.178 (0.013)  Data Time:  0.004 (0.004)
2022-03-30 09:50:27,933:INFO:   Eta: 0:21:37
2022-03-30 09:50:33,731:INFO: Valid: [203][529/530]  Loss -4.2405 (-3.6952)
2022-03-30 09:50:59,719:INFO: Train: [204][2075/2076]  Loss -0.3664 (-1.8467)  Time:  0.139 (0.013)  Data Time:  0.004 (0.004)
2022-03-30 09:50:59,720:INFO:   Eta: 0:19:54
2022-03-30 09:51:05,687:INFO: Valid: [204][529/530]  Loss -4.7373 (-3.9249)
2022-03-30 09:51:32,451:INFO: Train: [205][2075/2076]  Loss -0.3667 (-1.7510)  Time:  0.146 (0.013)  Data Time:  0.005 (0.004)
2022-03-30 09:51:32,454:INFO:   Eta: 0:20:03
2022-03-30 09:51:38,356:INFO: Valid: [205][529/530]  Loss -4.4646 (-3.7498)
2022-03-30 09:52:04,967:INFO: Train: [206][2075/2076]  Loss -0.4773 (-1.7822)  Time:  0.133 (0.013)  Data Time:  0.004 (0.004)
2022-03-30 09:52:04,969:INFO:   Eta: 0:19:30
2022-03-30 09:52:10,740:INFO: Valid: [206][529/530]  Loss -3.5028 (-3.2524)
2022-03-30 09:52:37,576:INFO: Train: [207][2075/2076]  Loss -0.3737 (-1.9071)  Time:  0.154 (0.013)  Data Time:  0.005 (0.004)
2022-03-30 09:52:37,577:INFO:   Eta: 0:19:13
2022-03-30 09:52:43,446:INFO: Valid: [207][529/530]  Loss -3.1989 (-3.1487)
2022-03-30 09:53:10,271:INFO: Train: [208][2075/2076]  Loss -0.4365 (-1.8976)  Time:  0.138 (0.013)  Data Time:  0.004 (0.005)
2022-03-30 09:53:10,271:INFO:   Eta: 0:18:46
2022-03-30 09:53:16,357:INFO: Valid: [208][529/530]  Loss -2.7750 (-2.8176)
2022-03-30 09:53:43,539:INFO: Train: [209][2075/2076]  Loss -0.4150 (-1.7615)  Time:  0.145 (0.013)  Data Time:  0.004 (0.005)
2022-03-30 09:53:43,540:INFO:   Eta: 0:18:33
2022-03-30 09:53:49,421:INFO: Valid: [209][529/530]  Loss -4.2062 (-3.6313)
2022-03-30 09:54:14,613:INFO: Train: [210][2075/2076]  Loss -0.4324 (-1.8345)  Time:  0.128 (0.012)  Data Time:  0.004 (0.004)
2022-03-30 09:54:14,614:INFO:   Eta: 0:16:46
2022-03-30 09:54:20,945:INFO: Valid: [210][529/530]  Loss -3.1484 (-3.0257)
2022-03-30 09:56:19,690:INFO: Test: [210]  ADE: 0.5322  FDE: 0.9642
2022-03-30 09:56:40,167:INFO: Train: [211][2075/2076]  Loss -0.5266 (-1.8953)  Time:  0.117 (0.010)  Data Time:  0.003 (0.002)
2022-03-30 09:56:40,168:INFO:   Eta: 0:13:17
2022-03-30 09:56:46,065:INFO: Valid: [211][529/530]  Loss -3.4686 (-3.2393)
2022-03-30 09:57:06,626:INFO: Train: [212][2075/2076]  Loss -0.3931 (-1.8303)  Time:  0.102 (0.010)  Data Time:  0.002 (0.002)
2022-03-30 09:57:06,627:INFO:   Eta: 0:13:00
2022-03-30 09:57:12,427:INFO: Valid: [212][529/530]  Loss -3.7161 (-3.3295)
2022-03-30 09:57:33,368:INFO: Train: [213][2075/2076]  Loss -0.3878 (-1.7979)  Time:  0.110 (0.010)  Data Time:  0.002 (0.002)
2022-03-30 09:57:33,449:INFO:   Eta: 0:12:54
2022-03-30 09:57:39,376:INFO: Valid: [213][529/530]  Loss -4.6781 (-3.9266)
2022-03-30 09:58:01,739:INFO: Train: [214][2075/2076]  Loss -0.3338 (-1.8211)  Time:  0.111 (0.010)  Data Time:  0.003 (0.002)
2022-03-30 09:58:01,740:INFO:   Eta: 0:12:34
2022-03-30 09:58:07,573:INFO: Valid: [214][529/530]  Loss -4.1200 (-3.4915)
2022-03-30 09:58:27,564:INFO: Train: [215][2075/2076]  Loss -0.4069 (-1.8780)  Time:  0.104 (0.010)  Data Time:  0.002 (0.002)
2022-03-30 09:58:27,565:INFO:   Eta: 0:11:39
2022-03-30 09:58:33,287:INFO: Valid: [215][529/530]  Loss -4.0553 (-3.5687)
2022-03-30 09:58:54,233:INFO: Train: [216][2075/2076]  Loss -0.4073 (-1.7991)  Time:  0.103 (0.010)  Data Time:  0.002 (0.002)
2022-03-30 09:58:54,234:INFO:   Eta: 0:11:51
2022-03-30 09:59:00,052:INFO: Valid: [216][529/530]  Loss -4.3092 (-3.6956)
2022-03-30 09:59:20,619:INFO: Train: [217][2075/2076]  Loss -0.4249 (-1.8579)  Time:  0.121 (0.010)  Data Time:  0.002 (0.002)
2022-03-30 09:59:20,620:INFO:   Eta: 0:11:18
2022-03-30 09:59:26,581:INFO: Valid: [217][529/530]  Loss -4.2868 (-3.5713)
2022-03-30 09:59:47,128:INFO: Train: [218][2075/2076]  Loss -0.4190 (-1.7347)  Time:  0.106 (0.010)  Data Time:  0.002 (0.002)
2022-03-30 09:59:47,129:INFO:   Eta: 0:10:57
2022-03-30 09:59:53,253:INFO: Valid: [218][529/530]  Loss -3.4258 (-3.1536)
2022-03-30 10:00:13,649:INFO: Train: [219][2075/2076]  Loss -0.3377 (-1.8842)  Time:  0.170 (0.010)  Data Time:  0.003 (0.002)
2022-03-30 10:00:13,650:INFO:   Eta: 0:10:31
2022-03-30 10:00:19,644:INFO: Valid: [219][529/530]  Loss -3.9715 (-3.4989)
2022-03-30 10:00:39,795:INFO: Train: [220][2075/2076]  Loss -0.2504 (-1.9065)  Time:  0.119 (0.010)  Data Time:  0.002 (0.002)
2022-03-30 10:00:39,797:INFO:   Eta: 0:10:04
2022-03-30 10:00:45,828:INFO: Valid: [220][529/530]  Loss -4.1262 (-3.5747)
2022-03-30 10:02:44,179:INFO: Test: [220]  ADE: 0.5161  FDE: 0.9426
2022-03-30 10:03:04,801:INFO: Train: [221][2075/2076]  Loss -0.3930 (-1.8922)  Time:  0.101 (0.010)  Data Time:  0.003 (0.002)
2022-03-30 10:03:04,802:INFO:   Eta: 0:09:57
2022-03-30 10:03:10,686:INFO: Valid: [221][529/530]  Loss -4.2793 (-3.6990)
2022-03-30 10:03:29,258:INFO: Train: [222][2075/2076]  Loss -0.4726 (-1.8416)  Time:  0.109 (0.009)  Data Time:  0.001 (0.001)
2022-03-30 10:03:29,259:INFO:   Eta: 0:08:39
2022-03-30 10:03:34,905:INFO: Valid: [222][529/530]  Loss -3.1229 (-2.9644)
2022-03-30 10:03:53,126:INFO: Train: [223][2075/2076]  Loss -0.4051 (-1.8918)  Time:  0.114 (0.009)  Data Time:  0.000 (0.001)
2022-03-30 10:03:53,126:INFO:   Eta: 0:08:11
2022-03-30 10:03:58,956:INFO: Valid: [223][529/530]  Loss -2.5898 (-2.6630)
2022-03-30 10:04:16,830:INFO: Train: [224][2075/2076]  Loss -0.4366 (-1.9071)  Time:  0.112 (0.009)  Data Time:  0.002 (0.001)
2022-03-30 10:04:16,831:INFO:   Eta: 0:07:44
2022-03-30 10:04:22,619:INFO: Valid: [224][529/530]  Loss -3.6676 (-3.3038)
2022-03-30 10:04:40,881:INFO: Train: [225][2075/2076]  Loss -0.3927 (-1.8742)  Time:  0.117 (0.009)  Data Time:  0.002 (0.001)
2022-03-30 10:04:40,881:INFO:   Eta: 0:07:36
2022-03-30 10:04:46,642:INFO: Valid: [225][529/530]  Loss -4.0734 (-3.6156)
2022-03-30 10:05:04,515:INFO: Train: [226][2075/2076]  Loss -0.3773 (-1.9068)  Time:  0.115 (0.009)  Data Time:  0.002 (0.001)
2022-03-30 10:05:04,516:INFO:   Eta: 0:07:08
2022-03-30 10:05:10,567:INFO: Valid: [226][529/530]  Loss -4.2777 (-3.6810)
2022-03-30 10:05:28,906:INFO: Train: [227][2075/2076]  Loss -0.4776 (-1.7590)  Time:  0.121 (0.009)  Data Time:  0.002 (0.001)
2022-03-30 10:05:28,908:INFO:   Eta: 0:07:01
2022-03-30 10:05:34,910:INFO: Valid: [227][529/530]  Loss -3.9441 (-3.5540)
2022-03-30 10:05:53,412:INFO: Train: [228][2075/2076]  Loss -0.3741 (-1.8776)  Time:  0.107 (0.009)  Data Time:  0.001 (0.001)
2022-03-30 10:05:53,412:INFO:   Eta: 0:06:46
2022-03-30 10:05:59,369:INFO: Valid: [228][529/530]  Loss -3.5517 (-3.3258)
2022-03-30 10:06:17,722:INFO: Train: [229][2075/2076]  Loss -0.4085 (-1.8886)  Time:  0.109 (0.009)  Data Time:  0.001 (0.001)
2022-03-30 10:06:17,724:INFO:   Eta: 0:06:25
2022-03-30 10:06:23,515:INFO: Valid: [229][529/530]  Loss -3.4225 (-3.1747)
2022-03-30 10:06:40,987:INFO: Train: [230][2075/2076]  Loss -0.3382 (-1.8706)  Time:  0.105 (0.008)  Data Time:  0.001 (0.001)
2022-03-30 10:06:40,988:INFO:   Eta: 0:05:49
2022-03-30 10:06:46,799:INFO: Valid: [230][529/530]  Loss -4.2765 (-3.6440)
2022-03-30 10:08:50,638:INFO: Test: [230]  ADE: 0.5082  FDE: 0.9516
2022-03-30 10:09:06,155:INFO: Train: [231][2075/2076]  Loss -0.4186 (-1.7490)  Time:  0.098 (0.007)  Data Time:  0.000 (0.000)
2022-03-30 10:09:06,155:INFO:   Eta: 0:04:54
2022-03-30 10:09:11,880:INFO: Valid: [231][529/530]  Loss -3.2660 (-3.0535)
2022-03-30 10:09:28,097:INFO: Train: [232][2075/2076]  Loss -0.4008 (-1.8784)  Time:  0.090 (0.008)  Data Time:  0.000 (0.000)
2022-03-30 10:09:28,097:INFO:   Eta: 0:04:51
2022-03-30 10:09:33,715:INFO: Valid: [232][529/530]  Loss -4.3361 (-3.6801)
2022-03-30 10:09:49,827:INFO: Train: [233][2075/2076]  Loss -0.4020 (-1.8440)  Time:  0.099 (0.008)  Data Time:  0.000 (0.000)
2022-03-30 10:09:49,828:INFO:   Eta: 0:04:33
2022-03-30 10:09:55,560:INFO: Valid: [233][529/530]  Loss -4.1217 (-3.5524)
2022-03-30 10:10:11,583:INFO: Train: [234][2075/2076]  Loss -0.3982 (-1.9385)  Time:  0.094 (0.008)  Data Time:  0.000 (0.000)
2022-03-30 10:10:11,585:INFO:   Eta: 0:04:16
2022-03-30 10:10:17,209:INFO: Valid: [234][529/530]  Loss -4.2740 (-3.6522)
2022-03-30 10:10:33,360:INFO: Train: [235][2075/2076]  Loss -0.3815 (-1.7918)  Time:  0.088 (0.008)  Data Time:  0.000 (0.000)
2022-03-30 10:10:33,361:INFO:   Eta: 0:04:02
2022-03-30 10:10:39,073:INFO: Valid: [235][529/530]  Loss -4.4212 (-3.7763)
2022-03-30 10:10:56,561:INFO: Train: [236][2075/2076]  Loss -0.3847 (-1.8732)  Time:  0.094 (0.008)  Data Time:  0.000 (0.001)
2022-03-30 10:10:56,563:INFO:   Eta: 0:04:04
2022-03-30 10:11:02,341:INFO: Valid: [236][529/530]  Loss -2.0088 (-2.2998)
2022-03-30 10:11:19,579:INFO: Train: [237][2075/2076]  Loss -0.3663 (-1.7959)  Time:  0.110 (0.008)  Data Time:  0.000 (0.001)
2022-03-30 10:11:19,580:INFO:   Eta: 0:03:43
2022-03-30 10:11:25,454:INFO: Valid: [237][529/530]  Loss -2.8072 (-2.8655)
2022-03-30 10:11:41,757:INFO: Train: [238][2075/2076]  Loss -0.3132 (-1.9353)  Time:  0.091 (0.008)  Data Time:  0.000 (0.000)
2022-03-30 10:11:41,758:INFO:   Eta: 0:03:15
2022-03-30 10:11:47,572:INFO: Valid: [238][529/530]  Loss -4.3431 (-3.7155)
2022-03-30 10:12:03,892:INFO: Train: [239][2075/2076]  Loss -0.4252 (-1.9327)  Time:  0.097 (0.008)  Data Time:  0.000 (0.000)
2022-03-30 10:12:03,894:INFO:   Eta: 0:02:59
2022-03-30 10:12:09,710:INFO: Valid: [239][529/530]  Loss -4.6211 (-3.8506)
2022-03-30 10:12:25,946:INFO: Train: [240][2075/2076]  Loss -0.4457 (-1.8463)  Time:  0.094 (0.008)  Data Time:  0.000 (0.000)
2022-03-30 10:12:25,947:INFO:   Eta: 0:02:42
2022-03-30 10:12:31,912:INFO: Valid: [240][529/530]  Loss -2.2708 (-2.4754)
