2022-03-30 07:30:07,568:INFO: batch_size=128
2022-03-30 07:30:07,568:INFO: clip_grad=None
2022-03-30 07:30:07,568:INFO: dataset=zara1
2022-03-30 07:30:07,568:INFO: gpu_num=0
2022-03-30 07:30:07,568:INFO: input_size=2
2022-03-30 07:30:07,568:INFO: kernel_size=3
2022-03-30 07:30:07,568:INFO: lr=0.01
2022-03-30 07:30:07,568:INFO: lr_sh_rate=150
2022-03-30 07:30:07,568:INFO: n_stgcnn=1
2022-03-30 07:30:07,568:INFO: n_txpcnn=5
2022-03-30 07:30:07,568:INFO: num_epochs=250
2022-03-30 07:30:07,568:INFO: obs_seq_len=8
2022-03-30 07:30:07,568:INFO: output_size=5
2022-03-30 07:30:07,568:INFO: pred_seq_len=12
2022-03-30 07:30:07,568:INFO: seed=0
2022-03-30 07:30:07,568:INFO: tag=zara1
2022-03-30 07:30:07,569:INFO: use_lrschd=True
2022-03-30 07:30:07,569:INFO: ******************************
2022-03-30 07:30:07,569:INFO: Training initiating....
2022-03-30 07:30:07,569:INFO: Namespace(batch_size=128, clip_grad=None, dataset='zara1', gpu_num='0', input_size=2, kernel_size=3, lr=0.01, lr_sh_rate=150, n_stgcnn=1, n_txpcnn=5, num_epochs=250, obs_seq_len=8, output_size=5, pred_seq_len=12, seed=0, tag='zara1', use_lrschd=True)
2022-03-30 07:30:07,575:INFO: Initializing train dataset
2022-03-30 07:30:22,423:INFO: Initializing val dataset
2022-03-30 07:30:56,482:INFO: social_stgcnn4
2022-03-30 07:30:56,634:INFO: Data and model loaded
2022-03-30 07:30:56,635:INFO: Checkpoint dir: ../runs/Mar30_07-30-07_node09/zara1/checkpoint
2022-03-30 07:30:56,635:INFO: Training started ...
2022-03-30 07:31:28,067:INFO: Train: [0][2321/2322]  Loss 0.2266 (1.7786)  Time:  0.101 (0.014)  Data Time:  0.001 (0.004)
2022-03-30 07:31:28,074:INFO:   Eta: 2:10:55
2022-03-30 07:31:47,700:INFO: Test: [0]  ADE: 1.5454  FDE: 1.6069
2022-03-30 07:32:12,983:INFO: Train: [1][2321/2322]  Loss 0.2069 (1.6134)  Time:  0.090 (0.011)  Data Time:  0.004 (0.003)
2022-03-30 07:32:12,984:INFO:   Eta: 1:44:50
2022-03-30 07:32:38,803:INFO: Train: [2][2321/2322]  Loss 0.1904 (1.4658)  Time:  0.100 (0.011)  Data Time:  0.004 (0.004)
2022-03-30 07:32:38,804:INFO:   Eta: 1:46:40
2022-03-30 07:33:04,900:INFO: Train: [3][2321/2322]  Loss 0.1677 (1.3064)  Time:  0.081 (0.011)  Data Time:  0.003 (0.004)
2022-03-30 07:33:04,901:INFO:   Eta: 1:47:22
2022-03-30 07:33:33,698:INFO: Train: [4][2321/2322]  Loss 0.1502 (1.1489)  Time:  0.091 (0.012)  Data Time:  0.004 (0.005)
2022-03-30 07:33:33,699:INFO:   Eta: 1:58:01
2022-03-30 07:34:02,749:INFO: Train: [5][2321/2322]  Loss 0.1231 (0.9858)  Time:  0.097 (0.013)  Data Time:  0.005 (0.005)
2022-03-30 07:34:02,751:INFO:   Eta: 1:58:34
2022-03-30 07:34:31,437:INFO: Train: [6][2321/2322]  Loss 0.1028 (0.8072)  Time:  0.096 (0.012)  Data Time:  0.005 (0.005)
2022-03-30 07:34:31,438:INFO:   Eta: 1:56:36
2022-03-30 07:34:59,744:INFO: Train: [7][2321/2322]  Loss 0.0851 (0.6217)  Time:  0.096 (0.012)  Data Time:  0.005 (0.005)
2022-03-30 07:34:59,744:INFO:   Eta: 1:54:35
2022-03-30 07:35:27,681:INFO: Train: [8][2321/2322]  Loss 0.0430 (0.4065)  Time:  0.099 (0.012)  Data Time:  0.004 (0.005)
2022-03-30 07:35:27,682:INFO:   Eta: 1:52:37
2022-03-30 07:35:57,865:INFO: Train: [9][2321/2322]  Loss 0.0090 (0.2348)  Time:  0.109 (0.013)  Data Time:  0.006 (0.005)
2022-03-30 07:35:57,866:INFO:   Eta: 2:01:01
2022-03-30 07:36:26,775:INFO: Train: [10][2321/2322]  Loss 0.0070 (0.0963)  Time:  0.096 (0.012)  Data Time:  0.004 (0.004)
2022-03-30 07:36:26,776:INFO:   Eta: 1:55:35
2022-03-30 07:36:47,046:INFO: Test: [10]  ADE: 1.3143  FDE: 2.3730
2022-03-30 07:37:14,243:INFO: Train: [11][2321/2322]  Loss -0.0142 (0.0233)  Time:  0.108 (0.012)  Data Time:  0.005 (0.004)
2022-03-30 07:37:14,244:INFO:   Eta: 1:48:11
2022-03-30 07:37:41,147:INFO: Train: [12][2321/2322]  Loss -0.0070 (-0.0479)  Time:  0.089 (0.012)  Data Time:  0.003 (0.004)
2022-03-30 07:37:41,148:INFO:   Eta: 1:46:38
2022-03-30 07:38:06,481:INFO: Train: [13][2321/2322]  Loss 0.0015 (-0.0611)  Time:  0.084 (0.011)  Data Time:  0.003 (0.004)
2022-03-30 07:38:06,482:INFO:   Eta: 1:40:00
2022-03-30 07:38:32,590:INFO: Train: [14][2321/2322]  Loss -0.0241 (-0.0911)  Time:  0.081 (0.011)  Data Time:  0.003 (0.004)
2022-03-30 07:38:32,591:INFO:   Eta: 1:42:38
2022-03-30 07:38:58,761:INFO: Train: [15][2321/2322]  Loss -0.0125 (-0.1109)  Time:  0.096 (0.011)  Data Time:  0.004 (0.004)
2022-03-30 07:38:58,762:INFO:   Eta: 1:42:26
2022-03-30 07:39:27,955:INFO: Train: [16][2321/2322]  Loss -0.0197 (-0.1336)  Time:  0.091 (0.013)  Data Time:  0.005 (0.005)
2022-03-30 07:39:27,957:INFO:   Eta: 1:53:47
2022-03-30 07:39:57,424:INFO: Train: [17][2321/2322]  Loss -0.0455 (-0.1312)  Time:  0.094 (0.013)  Data Time:  0.005 (0.005)
2022-03-30 07:39:57,425:INFO:   Eta: 1:54:22
2022-03-30 07:40:26,886:INFO: Train: [18][2321/2322]  Loss -0.0147 (-0.1450)  Time:  0.095 (0.013)  Data Time:  0.004 (0.005)
2022-03-30 07:40:26,886:INFO:   Eta: 1:53:51
2022-03-30 07:40:56,030:INFO: Train: [19][2321/2322]  Loss -0.0177 (-0.1689)  Time:  0.096 (0.013)  Data Time:  0.005 (0.005)
2022-03-30 07:40:56,031:INFO:   Eta: 1:52:09
2022-03-30 07:41:24,741:INFO: Train: [20][2321/2322]  Loss -0.0129 (-0.1955)  Time:  0.090 (0.012)  Data Time:  0.004 (0.004)
2022-03-30 07:41:24,742:INFO:   Eta: 1:49:59
2022-03-30 07:41:45,139:INFO: Test: [20]  ADE: 1.3392  FDE: 2.5612
2022-03-30 07:42:13,356:INFO: Train: [21][2321/2322]  Loss -0.0389 (-0.2217)  Time:  0.090 (0.012)  Data Time:  0.004 (0.004)
2022-03-30 07:42:13,357:INFO:   Eta: 1:47:37
2022-03-30 07:42:41,701:INFO: Train: [22][2321/2322]  Loss -0.0002 (-0.2005)  Time:  0.090 (0.012)  Data Time:  0.005 (0.004)
2022-03-30 07:42:41,702:INFO:   Eta: 1:47:39
2022-03-30 07:43:11,102:INFO: Train: [23][2321/2322]  Loss 0.0027 (-0.2355)  Time:  0.103 (0.013)  Data Time:  0.005 (0.005)
2022-03-30 07:43:11,105:INFO:   Eta: 1:51:10
2022-03-30 07:43:38,209:INFO: Train: [24][2321/2322]  Loss -0.0533 (-0.2098)  Time:  0.099 (0.012)  Data Time:  0.004 (0.004)
2022-03-30 07:43:38,211:INFO:   Eta: 1:41:17
2022-03-30 07:44:04,006:INFO: Train: [25][2321/2322]  Loss -0.0479 (-0.2114)  Time:  0.088 (0.011)  Data Time:  0.004 (0.004)
2022-03-30 07:44:04,020:INFO:   Eta: 1:36:36
2022-03-30 07:44:29,727:INFO: Train: [26][2321/2322]  Loss 0.0208 (-0.2087)  Time:  0.089 (0.011)  Data Time:  0.004 (0.004)
2022-03-30 07:44:29,730:INFO:   Eta: 1:35:51
2022-03-30 07:44:55,903:INFO: Train: [27][2321/2322]  Loss -0.0093 (-0.2387)  Time:  0.100 (0.011)  Data Time:  0.004 (0.004)
2022-03-30 07:44:55,904:INFO:   Eta: 1:37:09
2022-03-30 07:45:25,417:INFO: Train: [28][2321/2322]  Loss -0.0345 (-0.2530)  Time:  0.108 (0.013)  Data Time:  0.005 (0.004)
2022-03-30 07:45:25,418:INFO:   Eta: 1:49:08
2022-03-30 07:45:54,969:INFO: Train: [29][2321/2322]  Loss -0.0504 (-0.2430)  Time:  0.102 (0.013)  Data Time:  0.005 (0.005)
2022-03-30 07:45:54,970:INFO:   Eta: 1:48:47
2022-03-30 07:46:22,958:INFO: Train: [30][2321/2322]  Loss -0.0495 (-0.2580)  Time:  0.088 (0.012)  Data Time:  0.004 (0.005)
2022-03-30 07:46:22,958:INFO:   Eta: 1:42:34
2022-03-30 07:46:43,449:INFO: Test: [30]  ADE: 1.4246  FDE: 2.7523
2022-03-30 07:47:12,416:INFO: Train: [31][2321/2322]  Loss -0.0439 (-0.2407)  Time:  0.102 (0.012)  Data Time:  0.005 (0.005)
2022-03-30 07:47:12,417:INFO:   Eta: 1:45:40
2022-03-30 07:47:41,548:INFO: Train: [32][2321/2322]  Loss 0.0333 (-0.2974)  Time:  0.101 (0.013)  Data Time:  0.005 (0.004)
2022-03-30 07:47:41,555:INFO:   Eta: 1:45:47
2022-03-30 07:48:10,617:INFO: Train: [33][2321/2322]  Loss -0.0205 (-0.2729)  Time:  0.093 (0.013)  Data Time:  0.004 (0.005)
2022-03-30 07:48:10,618:INFO:   Eta: 1:45:00
2022-03-30 07:48:39,234:INFO: Train: [34][2321/2322]  Loss -0.0753 (-0.2465)  Time:  0.089 (0.012)  Data Time:  0.004 (0.005)
2022-03-30 07:48:39,234:INFO:   Eta: 1:42:58
2022-03-30 07:49:08,196:INFO: Train: [35][2321/2322]  Loss -0.0234 (-0.2916)  Time:  0.096 (0.012)  Data Time:  0.004 (0.005)
2022-03-30 07:49:08,196:INFO:   Eta: 1:43:44
2022-03-30 07:49:34,398:INFO: Train: [36][2321/2322]  Loss -0.0382 (-0.2353)  Time:  0.100 (0.011)  Data Time:  0.005 (0.004)
2022-03-30 07:49:34,399:INFO:   Eta: 1:33:24
2022-03-30 07:49:58,656:INFO: Train: [37][2321/2322]  Loss -0.0406 (-0.2596)  Time:  0.083 (0.010)  Data Time:  0.003 (0.004)
2022-03-30 07:49:58,657:INFO:   Eta: 1:26:03
2022-03-30 07:50:23,627:INFO: Train: [38][2321/2322]  Loss -0.0348 (-0.2651)  Time:  0.093 (0.011)  Data Time:  0.004 (0.003)
2022-03-30 07:50:23,628:INFO:   Eta: 1:28:11
2022-03-30 07:50:49,679:INFO: Train: [39][2321/2322]  Loss -0.0464 (-0.2622)  Time:  0.089 (0.011)  Data Time:  0.004 (0.004)
2022-03-30 07:50:49,680:INFO:   Eta: 1:31:33
2022-03-30 07:51:17,494:INFO: Train: [40][2321/2322]  Loss -0.0363 (-0.2489)  Time:  0.079 (0.012)  Data Time:  0.004 (0.004)
2022-03-30 07:51:17,495:INFO:   Eta: 1:37:18
2022-03-30 07:51:37,473:INFO: Test: [40]  ADE: 1.4670  FDE: 2.7954
2022-03-30 07:52:06,634:INFO: Train: [41][2321/2322]  Loss -0.0356 (-0.2546)  Time:  0.106 (0.013)  Data Time:  0.005 (0.005)
2022-03-30 07:52:06,636:INFO:   Eta: 1:41:31
2022-03-30 07:52:36,039:INFO: Train: [42][2321/2322]  Loss -0.0336 (-0.2503)  Time:  0.093 (0.013)  Data Time:  0.004 (0.005)
2022-03-30 07:52:36,040:INFO:   Eta: 1:41:52
2022-03-30 07:53:04,438:INFO: Train: [43][2321/2322]  Loss 0.0131 (-0.2820)  Time:  0.096 (0.012)  Data Time:  0.005 (0.005)
2022-03-30 07:53:04,439:INFO:   Eta: 1:37:55
2022-03-30 07:53:34,166:INFO: Train: [44][2321/2322]  Loss -0.0781 (-0.2751)  Time:  0.098 (0.013)  Data Time:  0.003 (0.005)
2022-03-30 07:53:34,167:INFO:   Eta: 1:42:00
2022-03-30 07:54:02,978:INFO: Train: [45][2321/2322]  Loss -0.0500 (-0.2965)  Time:  0.097 (0.012)  Data Time:  0.004 (0.005)
2022-03-30 07:54:02,979:INFO:   Eta: 1:38:23
2022-03-30 07:54:32,241:INFO: Train: [46][2321/2322]  Loss -0.0651 (-0.2922)  Time:  0.100 (0.013)  Data Time:  0.005 (0.005)
2022-03-30 07:54:32,242:INFO:   Eta: 1:39:26
2022-03-30 07:55:01,663:INFO: Train: [47][2321/2322]  Loss -0.0096 (-0.2814)  Time:  0.099 (0.013)  Data Time:  0.004 (0.005)
2022-03-30 07:55:01,664:INFO:   Eta: 1:39:29
2022-03-30 07:55:29,182:INFO: Train: [48][2321/2322]  Loss -0.0718 (-0.2416)  Time:  0.089 (0.012)  Data Time:  0.004 (0.004)
2022-03-30 07:55:29,183:INFO:   Eta: 1:32:35
2022-03-30 07:55:55,393:INFO: Train: [49][2321/2322]  Loss -0.0529 (-0.2705)  Time:  0.093 (0.011)  Data Time:  0.004 (0.004)
2022-03-30 07:55:55,555:INFO:   Eta: 1:27:45
2022-03-30 07:56:20,244:INFO: Train: [50][2321/2322]  Loss -0.0706 (-0.2811)  Time:  0.084 (0.010)  Data Time:  0.003 (0.003)
2022-03-30 07:56:20,245:INFO:   Eta: 1:20:52
2022-03-30 07:56:39,179:INFO: Test: [50]  ADE: 1.4888  FDE: 2.8369
2022-03-30 07:57:06,759:INFO: Train: [51][2321/2322]  Loss -0.0375 (-0.3174)  Time:  0.093 (0.012)  Data Time:  0.005 (0.004)
2022-03-30 07:57:06,760:INFO:   Eta: 1:31:24
2022-03-30 07:57:36,023:INFO: Train: [52][2321/2322]  Loss -0.0504 (-0.2671)  Time:  0.107 (0.013)  Data Time:  0.006 (0.005)
2022-03-30 07:57:36,032:INFO:   Eta: 1:36:31
2022-03-30 07:58:06,066:INFO: Train: [53][2321/2322]  Loss 0.0386 (-0.2817)  Time:  0.104 (0.013)  Data Time:  0.006 (0.005)
2022-03-30 07:58:06,080:INFO:   Eta: 1:38:30
2022-03-30 07:58:34,698:INFO: Train: [54][2321/2322]  Loss -0.0352 (-0.2628)  Time:  0.092 (0.012)  Data Time:  0.003 (0.004)
2022-03-30 07:58:34,699:INFO:   Eta: 1:33:20
2022-03-30 07:59:04,460:INFO: Train: [55][2321/2322]  Loss -0.0543 (-0.2555)  Time:  0.092 (0.013)  Data Time:  0.005 (0.005)
2022-03-30 07:59:04,460:INFO:   Eta: 1:36:41
2022-03-30 07:59:34,176:INFO: Train: [56][2321/2322]  Loss -0.0354 (-0.2643)  Time:  0.092 (0.013)  Data Time:  0.004 (0.005)
2022-03-30 07:59:34,176:INFO:   Eta: 1:36:02
2022-03-30 08:00:03,529:INFO: Train: [57][2321/2322]  Loss -0.0332 (-0.2585)  Time:  0.091 (0.013)  Data Time:  0.004 (0.005)
2022-03-30 08:00:03,530:INFO:   Eta: 1:34:22
2022-03-30 08:00:32,656:INFO: Train: [58][2321/2322]  Loss -0.0571 (-0.2873)  Time:  0.100 (0.013)  Data Time:  0.004 (0.005)
2022-03-30 08:00:32,657:INFO:   Eta: 1:33:09
2022-03-30 08:01:02,249:INFO: Train: [59][2321/2322]  Loss -0.0879 (-0.2822)  Time:  0.093 (0.013)  Data Time:  0.006 (0.005)
2022-03-30 08:01:02,250:INFO:   Eta: 1:34:09
2022-03-30 08:01:28,105:INFO: Train: [60][2321/2322]  Loss -0.0061 (-0.2431)  Time:  0.093 (0.011)  Data Time:  0.003 (0.004)
2022-03-30 08:01:28,106:INFO:   Eta: 1:21:50
2022-03-30 08:01:47,209:INFO: Test: [60]  ADE: 1.4893  FDE: 2.8310
2022-03-30 08:02:13,085:INFO: Train: [61][2321/2322]  Loss -0.0802 (-0.2424)  Time:  0.087 (0.011)  Data Time:  0.004 (0.004)
2022-03-30 08:02:13,086:INFO:   Eta: 1:21:27
2022-03-30 08:02:38,649:INFO: Train: [62][2321/2322]  Loss -0.0620 (-0.2585)  Time:  0.081 (0.011)  Data Time:  0.003 (0.004)
2022-03-30 08:02:38,650:INFO:   Eta: 1:20:03
2022-03-30 08:03:06,241:INFO: Train: [63][2321/2322]  Loss -0.0530 (-0.3055)  Time:  0.107 (0.012)  Data Time:  0.005 (0.004)
2022-03-30 08:03:06,243:INFO:   Eta: 1:25:57
2022-03-30 08:03:35,085:INFO: Train: [64][2321/2322]  Loss -0.0351 (-0.2574)  Time:  0.088 (0.012)  Data Time:  0.004 (0.005)
2022-03-30 08:03:35,086:INFO:   Eta: 1:29:20
2022-03-30 08:04:04,415:INFO: Train: [65][2321/2322]  Loss -0.0086 (-0.2165)  Time:  0.100 (0.013)  Data Time:  0.005 (0.005)
2022-03-30 08:04:04,416:INFO:   Eta: 1:30:22
2022-03-30 08:04:33,587:INFO: Train: [66][2321/2322]  Loss -0.0620 (-0.3267)  Time:  0.099 (0.013)  Data Time:  0.004 (0.005)
2022-03-30 08:04:33,588:INFO:   Eta: 1:29:24
2022-03-30 08:05:02,446:INFO: Train: [67][2321/2322]  Loss -0.0124 (-0.2683)  Time:  0.109 (0.012)  Data Time:  0.004 (0.005)
2022-03-30 08:05:02,447:INFO:   Eta: 1:27:58
2022-03-30 08:05:32,337:INFO: Train: [68][2321/2322]  Loss -0.0002 (-0.2777)  Time:  0.113 (0.013)  Data Time:  0.005 (0.005)
2022-03-30 08:05:32,343:INFO:   Eta: 1:30:36
2022-03-30 08:06:02,089:INFO: Train: [69][2321/2322]  Loss -0.0631 (-0.2619)  Time:  0.093 (0.013)  Data Time:  0.005 (0.005)
2022-03-30 08:06:02,090:INFO:   Eta: 1:29:41
2022-03-30 08:06:29,287:INFO: Train: [70][2321/2322]  Loss -0.0333 (-0.2891)  Time:  0.086 (0.012)  Data Time:  0.004 (0.004)
2022-03-30 08:06:29,288:INFO:   Eta: 1:21:33
2022-03-30 08:06:49,334:INFO: Test: [70]  ADE: 1.4990  FDE: 2.8372
2022-03-30 08:07:17,847:INFO: Train: [71][2321/2322]  Loss -0.0333 (-0.2118)  Time:  0.082 (0.012)  Data Time:  0.004 (0.004)
2022-03-30 08:07:17,847:INFO:   Eta: 1:25:00
2022-03-30 08:07:43,956:INFO: Train: [72][2321/2322]  Loss 0.0014 (-0.2367)  Time:  0.090 (0.011)  Data Time:  0.003 (0.004)
2022-03-30 08:07:43,957:INFO:   Eta: 1:17:25
2022-03-30 08:08:09,581:INFO: Train: [73][2321/2322]  Loss 0.0182 (-0.2794)  Time:  0.079 (0.011)  Data Time:  0.003 (0.004)
2022-03-30 08:08:09,592:INFO:   Eta: 1:15:33
2022-03-30 08:08:35,216:INFO: Train: [74][2321/2322]  Loss -0.0316 (-0.2625)  Time:  0.089 (0.011)  Data Time:  0.004 (0.004)
2022-03-30 08:08:35,221:INFO:   Eta: 1:15:00
2022-03-30 08:09:01,984:INFO: Train: [75][2321/2322]  Loss -0.0521 (-0.2807)  Time:  0.092 (0.012)  Data Time:  0.004 (0.004)
2022-03-30 08:09:01,985:INFO:   Eta: 1:18:00
2022-03-30 08:09:31,362:INFO: Train: [76][2321/2322]  Loss -0.0624 (-0.2516)  Time:  0.105 (0.013)  Data Time:  0.004 (0.005)
2022-03-30 08:09:31,363:INFO:   Eta: 1:25:09
2022-03-30 08:10:00,335:INFO: Train: [77][2321/2322]  Loss -0.0340 (-0.2706)  Time:  0.092 (0.012)  Data Time:  0.005 (0.005)
2022-03-30 08:10:00,336:INFO:   Eta: 1:23:30
2022-03-30 08:10:29,200:INFO: Train: [78][2321/2322]  Loss -0.0195 (-0.2536)  Time:  0.086 (0.012)  Data Time:  0.004 (0.004)
2022-03-30 08:10:29,201:INFO:   Eta: 1:22:42
2022-03-30 08:10:57,675:INFO: Train: [79][2321/2322]  Loss -0.0234 (-0.2583)  Time:  0.093 (0.012)  Data Time:  0.004 (0.005)
2022-03-30 08:10:57,676:INFO:   Eta: 1:21:06
2022-03-30 08:11:24,515:INFO: Train: [80][2321/2322]  Loss 0.0142 (-0.2440)  Time:  0.095 (0.012)  Data Time:  0.004 (0.004)
2022-03-30 08:11:24,516:INFO:   Eta: 1:16:00
2022-03-30 08:11:44,682:INFO: Test: [80]  ADE: 1.4936  FDE: 2.8467
2022-03-30 08:12:13,866:INFO: Train: [81][2321/2322]  Loss -0.0187 (-0.3107)  Time:  0.096 (0.013)  Data Time:  0.004 (0.005)
2022-03-30 08:12:13,867:INFO:   Eta: 1:22:09
2022-03-30 08:12:44,176:INFO: Train: [82][2321/2322]  Loss -0.0427 (-0.3216)  Time:  0.103 (0.013)  Data Time:  0.005 (0.005)
2022-03-30 08:12:44,177:INFO:   Eta: 1:24:49
2022-03-30 08:13:13,341:INFO: Train: [83][2321/2322]  Loss -0.0783 (-0.2947)  Time:  0.096 (0.013)  Data Time:  0.005 (0.005)
2022-03-30 08:13:13,342:INFO:   Eta: 1:21:08
2022-03-30 08:13:39,627:INFO: Train: [84][2321/2322]  Loss -0.0554 (-0.2523)  Time:  0.100 (0.011)  Data Time:  0.003 (0.004)
2022-03-30 08:13:39,628:INFO:   Eta: 1:12:40
2022-03-30 08:14:06,128:INFO: Train: [85][2321/2322]  Loss -0.0394 (-0.2810)  Time:  0.086 (0.011)  Data Time:  0.003 (0.004)
2022-03-30 08:14:06,128:INFO:   Eta: 1:12:48
2022-03-30 08:14:31,124:INFO: Train: [86][2321/2322]  Loss -0.0643 (-0.2462)  Time:  0.095 (0.011)  Data Time:  0.003 (0.004)
2022-03-30 08:14:31,126:INFO:   Eta: 1:08:17
2022-03-30 08:14:58,434:INFO: Train: [87][2321/2322]  Loss -0.0543 (-0.2837)  Time:  0.093 (0.012)  Data Time:  0.004 (0.004)
2022-03-30 08:14:58,435:INFO:   Eta: 1:14:08
2022-03-30 08:15:27,879:INFO: Train: [88][2321/2322]  Loss -0.0433 (-0.2931)  Time:  0.095 (0.013)  Data Time:  0.005 (0.004)
2022-03-30 08:15:27,891:INFO:   Eta: 1:19:27
2022-03-30 08:15:56,380:INFO: Train: [89][2321/2322]  Loss -0.0683 (-0.2748)  Time:  0.086 (0.012)  Data Time:  0.004 (0.005)
2022-03-30 08:15:56,380:INFO:   Eta: 1:16:10
2022-03-30 08:16:22,920:INFO: Train: [90][2321/2322]  Loss -0.0668 (-0.2425)  Time:  0.080 (0.011)  Data Time:  0.003 (0.004)
2022-03-30 08:16:22,921:INFO:   Eta: 1:10:44
2022-03-30 08:16:43,400:INFO: Test: [90]  ADE: 1.5100  FDE: 2.8344
2022-03-30 08:17:12,711:INFO: Train: [91][2321/2322]  Loss -0.0405 (-0.3046)  Time:  0.109 (0.013)  Data Time:  0.004 (0.005)
2022-03-30 08:17:12,712:INFO:   Eta: 1:17:38
2022-03-30 08:17:42,307:INFO: Train: [92][2321/2322]  Loss -0.0163 (-0.2926)  Time:  0.105 (0.013)  Data Time:  0.005 (0.005)
2022-03-30 08:17:42,308:INFO:   Eta: 1:17:54
2022-03-30 08:18:11,408:INFO: Train: [93][2321/2322]  Loss -0.0597 (-0.2873)  Time:  0.095 (0.013)  Data Time:  0.005 (0.005)
2022-03-30 08:18:11,408:INFO:   Eta: 1:16:06
2022-03-30 08:18:40,531:INFO: Train: [94][2321/2322]  Loss -0.0718 (-0.2805)  Time:  0.088 (0.013)  Data Time:  0.004 (0.004)
2022-03-30 08:18:40,532:INFO:   Eta: 1:15:41
2022-03-30 08:19:09,695:INFO: Train: [95][2321/2322]  Loss -0.0411 (-0.2570)  Time:  0.097 (0.013)  Data Time:  0.004 (0.005)
2022-03-30 08:19:09,696:INFO:   Eta: 1:15:18
2022-03-30 08:19:36,116:INFO: Train: [96][2321/2322]  Loss -0.0556 (-0.2677)  Time:  0.087 (0.011)  Data Time:  0.003 (0.004)
2022-03-30 08:19:36,117:INFO:   Eta: 1:07:46
2022-03-30 08:20:01,927:INFO: Train: [97][2321/2322]  Loss -0.0050 (-0.2759)  Time:  0.096 (0.011)  Data Time:  0.004 (0.004)
2022-03-30 08:20:01,928:INFO:   Eta: 1:05:46
2022-03-30 08:20:28,124:INFO: Train: [98][2321/2322]  Loss -0.0477 (-0.2763)  Time:  0.090 (0.011)  Data Time:  0.004 (0.004)
2022-03-30 08:20:28,125:INFO:   Eta: 1:06:19
2022-03-30 08:20:53,511:INFO: Train: [99][2321/2322]  Loss -0.0774 (-0.2664)  Time:  0.080 (0.011)  Data Time:  0.003 (0.003)
2022-03-30 08:20:53,512:INFO:   Eta: 1:03:51
2022-03-30 08:21:20,369:INFO: Train: [100][2321/2322]  Loss 0.0190 (-0.2700)  Time:  0.096 (0.012)  Data Time:  0.004 (0.004)
2022-03-30 08:21:20,370:INFO:   Eta: 1:07:06
2022-03-30 08:21:41,143:INFO: Test: [100]  ADE: 1.4910  FDE: 2.8246
2022-03-30 08:22:10,523:INFO: Train: [101][2321/2322]  Loss -0.0318 (-0.3067)  Time:  0.100 (0.013)  Data Time:  0.006 (0.005)
2022-03-30 08:22:10,524:INFO:   Eta: 1:12:55
2022-03-30 08:22:39,440:INFO: Train: [102][2321/2322]  Loss -0.0240 (-0.2730)  Time:  0.090 (0.012)  Data Time:  0.005 (0.004)
2022-03-30 08:22:39,455:INFO:   Eta: 1:11:17
2022-03-30 08:23:09,213:INFO: Train: [103][2321/2322]  Loss -0.0595 (-0.2791)  Time:  0.097 (0.013)  Data Time:  0.004 (0.005)
2022-03-30 08:23:09,238:INFO:   Eta: 1:12:38
2022-03-30 08:23:38,758:INFO: Train: [104][2321/2322]  Loss -0.0376 (-0.3192)  Time:  0.093 (0.013)  Data Time:  0.004 (0.005)
2022-03-30 08:23:38,760:INFO:   Eta: 1:11:44
2022-03-30 08:24:08,357:INFO: Train: [105][2321/2322]  Loss -0.0430 (-0.2617)  Time:  0.089 (0.013)  Data Time:  0.005 (0.005)
2022-03-30 08:24:08,358:INFO:   Eta: 1:11:29
2022-03-30 08:24:37,705:INFO: Train: [106][2321/2322]  Loss -0.0737 (-0.2554)  Time:  0.098 (0.013)  Data Time:  0.004 (0.005)
2022-03-30 08:24:37,706:INFO:   Eta: 1:10:23
2022-03-30 08:25:07,139:INFO: Train: [107][2321/2322]  Loss -0.0413 (-0.3143)  Time:  0.094 (0.013)  Data Time:  0.005 (0.005)
2022-03-30 08:25:07,140:INFO:   Eta: 1:10:06
2022-03-30 08:25:33,482:INFO: Train: [108][2321/2322]  Loss -0.0196 (-0.2721)  Time:  0.086 (0.011)  Data Time:  0.005 (0.004)
2022-03-30 08:25:33,483:INFO:   Eta: 1:02:18
2022-03-30 08:25:57,388:INFO: Train: [109][2321/2322]  Loss -0.0261 (-0.2521)  Time:  0.074 (0.010)  Data Time:  0.003 (0.003)
2022-03-30 08:25:57,389:INFO:   Eta: 0:56:08
2022-03-30 08:26:20,780:INFO: Train: [110][2321/2322]  Loss -0.0070 (-0.2764)  Time:  0.076 (0.010)  Data Time:  0.003 (0.003)
2022-03-30 08:26:20,781:INFO:   Eta: 0:54:32
2022-03-30 08:26:39,737:INFO: Test: [110]  ADE: 1.4972  FDE: 2.8449
2022-03-30 08:27:08,189:INFO: Train: [111][2321/2322]  Loss -0.0589 (-0.3040)  Time:  0.108 (0.012)  Data Time:  0.003 (0.004)
2022-03-30 08:27:08,190:INFO:   Eta: 1:05:52
2022-03-30 08:27:37,818:INFO: Train: [112][2321/2322]  Loss -0.0188 (-0.2910)  Time:  0.104 (0.013)  Data Time:  0.005 (0.005)
2022-03-30 08:27:37,818:INFO:   Eta: 1:08:06
2022-03-30 08:28:07,702:INFO: Train: [113][2321/2322]  Loss -0.0714 (-0.2729)  Time:  0.105 (0.013)  Data Time:  0.005 (0.005)
2022-03-30 08:28:07,703:INFO:   Eta: 1:08:12
2022-03-30 08:28:36,931:INFO: Train: [114][2321/2322]  Loss -0.0697 (-0.2888)  Time:  0.082 (0.013)  Data Time:  0.005 (0.005)
2022-03-30 08:28:36,932:INFO:   Eta: 1:06:13
2022-03-30 08:29:06,298:INFO: Train: [115][2321/2322]  Loss -0.1064 (-0.2601)  Time:  0.099 (0.013)  Data Time:  0.005 (0.005)
2022-03-30 08:29:06,299:INFO:   Eta: 1:06:02
2022-03-30 08:29:35,467:INFO: Train: [116][2321/2322]  Loss -0.0017 (-0.3238)  Time:  0.091 (0.013)  Data Time:  0.004 (0.005)
2022-03-30 08:29:35,468:INFO:   Eta: 1:05:07
2022-03-30 08:30:04,920:INFO: Train: [117][2321/2322]  Loss -0.0909 (-0.3035)  Time:  0.095 (0.013)  Data Time:  0.004 (0.005)
2022-03-30 08:30:05,259:INFO:   Eta: 1:05:15
2022-03-30 08:30:35,281:INFO: Train: [118][2321/2322]  Loss -0.0336 (-0.2967)  Time:  0.096 (0.013)  Data Time:  0.005 (0.005)
2022-03-30 08:30:35,284:INFO:   Eta: 1:04:13
2022-03-30 08:31:01,779:INFO: Train: [119][2321/2322]  Loss -0.0241 (-0.2932)  Time:  0.086 (0.011)  Data Time:  0.004 (0.004)
2022-03-30 08:31:01,780:INFO:   Eta: 0:57:47
2022-03-30 08:31:28,023:INFO: Train: [120][2321/2322]  Loss -0.0422 (-0.2762)  Time:  0.085 (0.011)  Data Time:  0.004 (0.004)
2022-03-30 08:31:28,024:INFO:   Eta: 0:56:49
2022-03-30 08:31:47,462:INFO: Test: [120]  ADE: 1.5097  FDE: 2.8541
2022-03-30 08:32:13,263:INFO: Train: [121][2321/2322]  Loss 0.0060 (-0.2510)  Time:  0.091 (0.011)  Data Time:  0.004 (0.004)
2022-03-30 08:32:13,264:INFO:   Eta: 0:55:25
2022-03-30 08:32:39,137:INFO: Train: [122][2321/2322]  Loss 0.0168 (-0.2642)  Time:  0.084 (0.011)  Data Time:  0.004 (0.004)
2022-03-30 08:32:39,139:INFO:   Eta: 0:55:09
2022-03-30 08:33:05,997:INFO: Train: [123][2321/2322]  Loss -0.0276 (-0.2090)  Time:  0.098 (0.012)  Data Time:  0.006 (0.004)
2022-03-30 08:33:06,000:INFO:   Eta: 0:56:49
2022-03-30 08:33:35,052:INFO: Train: [124][2321/2322]  Loss -0.0630 (-0.2908)  Time:  0.088 (0.013)  Data Time:  0.005 (0.005)
2022-03-30 08:33:35,053:INFO:   Eta: 1:00:58
2022-03-30 08:34:04,064:INFO: Train: [125][2321/2322]  Loss -0.0806 (-0.3080)  Time:  0.108 (0.012)  Data Time:  0.005 (0.005)
2022-03-30 08:34:04,065:INFO:   Eta: 1:00:24
2022-03-30 08:34:33,865:INFO: Train: [126][2321/2322]  Loss -0.0427 (-0.2446)  Time:  0.095 (0.013)  Data Time:  0.003 (0.005)
2022-03-30 08:34:33,869:INFO:   Eta: 1:01:33
2022-03-30 08:35:03,162:INFO: Train: [127][2321/2322]  Loss 0.0277 (-0.3007)  Time:  0.099 (0.013)  Data Time:  0.003 (0.005)
2022-03-30 08:35:03,162:INFO:   Eta: 1:00:00
2022-03-30 08:35:32,385:INFO: Train: [128][2321/2322]  Loss -0.0208 (-0.2444)  Time:  0.093 (0.013)  Data Time:  0.004 (0.005)
2022-03-30 08:35:32,386:INFO:   Eta: 0:59:23
2022-03-30 08:35:58,938:INFO: Train: [129][2321/2322]  Loss -0.0525 (-0.2973)  Time:  0.080 (0.011)  Data Time:  0.003 (0.004)
2022-03-30 08:35:58,938:INFO:   Eta: 0:53:31
2022-03-30 08:36:26,420:INFO: Train: [130][2321/2322]  Loss -0.0127 (-0.2101)  Time:  0.094 (0.012)  Data Time:  0.006 (0.004)
2022-03-30 08:36:26,420:INFO:   Eta: 0:54:56
2022-03-30 08:36:47,166:INFO: Test: [130]  ADE: 1.4980  FDE: 2.8131
2022-03-30 08:37:16,531:INFO: Train: [131][2321/2322]  Loss -0.0617 (-0.2972)  Time:  0.092 (0.013)  Data Time:  0.004 (0.005)
2022-03-30 08:37:16,532:INFO:   Eta: 0:58:12
2022-03-30 08:37:42,446:INFO: Train: [132][2321/2322]  Loss -0.0668 (-0.3014)  Time:  0.108 (0.011)  Data Time:  0.005 (0.004)
2022-03-30 08:37:42,447:INFO:   Eta: 0:50:56
2022-03-30 08:38:08,504:INFO: Train: [133][2321/2322]  Loss -0.0529 (-0.2610)  Time:  0.089 (0.011)  Data Time:  0.004 (0.004)
2022-03-30 08:38:08,505:INFO:   Eta: 0:50:46
2022-03-30 08:38:34,614:INFO: Train: [134][2321/2322]  Loss -0.0670 (-0.2714)  Time:  0.087 (0.011)  Data Time:  0.004 (0.004)
2022-03-30 08:38:34,615:INFO:   Eta: 0:50:26
2022-03-30 08:39:01,213:INFO: Train: [135][2321/2322]  Loss -0.0135 (-0.2595)  Time:  0.098 (0.011)  Data Time:  0.004 (0.004)
2022-03-30 08:39:01,214:INFO:   Eta: 0:50:57
2022-03-30 08:39:31,093:INFO: Train: [136][2321/2322]  Loss -0.0513 (-0.2722)  Time:  0.095 (0.013)  Data Time:  0.005 (0.005)
2022-03-30 08:39:31,094:INFO:   Eta: 0:56:44
2022-03-30 08:40:00,694:INFO: Train: [137][2321/2322]  Loss -0.0668 (-0.2790)  Time:  0.102 (0.013)  Data Time:  0.005 (0.005)
2022-03-30 08:40:00,696:INFO:   Eta: 0:55:43
2022-03-30 08:40:30,104:INFO: Train: [138][2321/2322]  Loss -0.0617 (-0.2867)  Time:  0.090 (0.013)  Data Time:  0.004 (0.005)
2022-03-30 08:40:30,105:INFO:   Eta: 0:54:52
2022-03-30 08:40:56,685:INFO: Train: [139][2321/2322]  Loss -0.0073 (-0.2278)  Time:  0.103 (0.011)  Data Time:  0.003 (0.004)
2022-03-30 08:40:56,686:INFO:   Eta: 0:49:08
2022-03-30 08:41:24,505:INFO: Train: [140][2321/2322]  Loss -0.0359 (-0.2804)  Time:  0.117 (0.012)  Data Time:  0.005 (0.004)
2022-03-30 08:41:24,584:INFO:   Eta: 0:50:58
2022-03-30 08:41:46,182:INFO: Test: [140]  ADE: 1.4925  FDE: 2.8213
2022-03-30 08:42:15,742:INFO: Train: [141][2321/2322]  Loss -0.0790 (-0.2653)  Time:  0.097 (0.013)  Data Time:  0.005 (0.005)
2022-03-30 08:42:15,743:INFO:   Eta: 0:53:39
2022-03-30 08:42:44,370:INFO: Train: [142][2321/2322]  Loss -0.0409 (-0.2554)  Time:  0.086 (0.012)  Data Time:  0.005 (0.005)
2022-03-30 08:42:44,635:INFO:   Eta: 0:51:30
2022-03-30 08:43:14,961:INFO: Train: [143][2321/2322]  Loss -0.0851 (-0.3082)  Time:  0.103 (0.012)  Data Time:  0.005 (0.005)
2022-03-30 08:43:14,961:INFO:   Eta: 0:50:39
2022-03-30 08:43:40,573:INFO: Train: [144][2321/2322]  Loss -0.0556 (-0.2770)  Time:  0.079 (0.011)  Data Time:  0.003 (0.004)
2022-03-30 08:43:40,573:INFO:   Eta: 0:45:13
2022-03-30 08:44:05,522:INFO: Train: [145][2321/2322]  Loss -0.0737 (-0.2348)  Time:  0.087 (0.011)  Data Time:  0.004 (0.004)
2022-03-30 08:44:05,523:INFO:   Eta: 0:43:38
2022-03-30 08:44:30,511:INFO: Train: [146][2321/2322]  Loss -0.0468 (-0.3188)  Time:  0.082 (0.011)  Data Time:  0.004 (0.004)
2022-03-30 08:44:30,511:INFO:   Eta: 0:43:17
2022-03-30 08:44:57,059:INFO: Train: [147][2321/2322]  Loss -0.0841 (-0.2946)  Time:  0.089 (0.011)  Data Time:  0.004 (0.004)
2022-03-30 08:44:57,059:INFO:   Eta: 0:45:33
2022-03-30 08:45:24,933:INFO: Train: [148][2321/2322]  Loss -0.0584 (-0.2765)  Time:  0.098 (0.012)  Data Time:  0.004 (0.005)
2022-03-30 08:45:24,934:INFO:   Eta: 0:47:22
2022-03-30 08:45:50,901:INFO: Train: [149][2321/2322]  Loss -0.0510 (-0.2445)  Time:  0.080 (0.011)  Data Time:  0.004 (0.004)
2022-03-30 08:45:50,943:INFO:   Eta: 0:43:41
2022-03-30 08:46:20,954:INFO: Train: [150][2321/2322]  Loss -0.0555 (-0.2634)  Time:  0.088 (0.012)  Data Time:  0.003 (0.005)
2022-03-30 08:46:20,954:INFO:   Eta: 0:48:17
2022-03-30 08:46:41,259:INFO: Test: [150]  ADE: 1.4984  FDE: 2.8360
2022-03-30 08:47:10,183:INFO: Train: [151][2321/2322]  Loss -0.0442 (-0.2857)  Time:  0.091 (0.012)  Data Time:  0.004 (0.005)
2022-03-30 08:47:10,184:INFO:   Eta: 0:47:18
2022-03-30 08:47:15,586:INFO: Valid: [151][604/605]  Loss -1.6145 (-0.8674)
2022-03-30 08:47:15,601:INFO: Checkpoint saved...
2022-03-30 08:47:44,547:INFO: Train: [152][2321/2322]  Loss 0.0300 (-0.2899)  Time:  0.101 (0.012)  Data Time:  0.006 (0.005)
2022-03-30 08:47:44,785:INFO:   Eta: 0:47:14
2022-03-30 08:47:49,901:INFO: Valid: [152][604/605]  Loss -1.6164 (-0.8689)
2022-03-30 08:47:49,926:INFO: Checkpoint saved...
2022-03-30 08:48:18,283:INFO: Train: [153][2321/2322]  Loss -0.0457 (-0.3106)  Time:  0.105 (0.012)  Data Time:  0.006 (0.005)
2022-03-30 08:48:18,284:INFO:   Eta: 0:45:48
2022-03-30 08:48:23,636:INFO: Valid: [153][604/605]  Loss -1.6147 (-0.8678)
2022-03-30 08:48:53,099:INFO: Train: [154][2321/2322]  Loss -0.0719 (-0.2407)  Time:  0.090 (0.013)  Data Time:  0.004 (0.005)
2022-03-30 08:48:53,100:INFO:   Eta: 0:47:06
2022-03-30 08:48:58,310:INFO: Valid: [154][604/605]  Loss -1.6135 (-0.8674)
2022-03-30 08:49:24,388:INFO: Train: [155][2321/2322]  Loss -0.0313 (-0.2906)  Time:  0.072 (0.011)  Data Time:  0.003 (0.004)
2022-03-30 08:49:24,389:INFO:   Eta: 0:41:14
2022-03-30 08:49:29,933:INFO: Valid: [155][604/605]  Loss -1.6137 (-0.8675)
2022-03-30 08:49:54,091:INFO: Train: [156][2321/2322]  Loss -0.0354 (-0.2977)  Time:  0.083 (0.010)  Data Time:  0.004 (0.003)
2022-03-30 08:49:54,108:INFO:   Eta: 0:37:48
2022-03-30 08:49:59,662:INFO: Valid: [156][604/605]  Loss -1.6094 (-0.8640)
2022-03-30 08:50:24,091:INFO: Train: [157][2321/2322]  Loss -0.0656 (-0.2708)  Time:  0.088 (0.011)  Data Time:  0.004 (0.004)
2022-03-30 08:50:24,178:INFO:   Eta: 0:37:48
2022-03-30 08:50:29,168:INFO: Valid: [157][604/605]  Loss -1.6145 (-0.8681)
2022-03-30 08:50:56,348:INFO: Train: [158][2321/2322]  Loss -0.0755 (-0.2994)  Time:  0.086 (0.012)  Data Time:  0.004 (0.004)
2022-03-30 08:50:56,349:INFO:   Eta: 0:41:37
2022-03-30 08:51:01,736:INFO: Valid: [158][604/605]  Loss -1.6125 (-0.8669)
2022-03-30 08:51:28,521:INFO: Train: [159][2321/2322]  Loss -0.0425 (-0.3129)  Time:  0.093 (0.012)  Data Time:  0.003 (0.004)
2022-03-30 08:51:28,523:INFO:   Eta: 0:40:35
2022-03-30 08:51:34,456:INFO: Valid: [159][604/605]  Loss -1.6097 (-0.8647)
2022-03-30 08:52:02,948:INFO: Train: [160][2321/2322]  Loss -0.0386 (-0.2696)  Time:  0.092 (0.012)  Data Time:  0.004 (0.005)
2022-03-30 08:52:02,949:INFO:   Eta: 0:42:41
2022-03-30 08:52:08,398:INFO: Valid: [160][604/605]  Loss -1.6107 (-0.8655)
2022-03-30 08:52:28,871:INFO: Test: [160]  ADE: 1.5087  FDE: 2.8542
2022-03-30 08:52:57,796:INFO: Train: [161][2321/2322]  Loss -0.0758 (-0.2925)  Time:  0.094 (0.012)  Data Time:  0.005 (0.005)
2022-03-30 08:52:57,796:INFO:   Eta: 0:42:52
2022-03-30 08:53:03,367:INFO: Valid: [161][604/605]  Loss -1.6104 (-0.8652)
2022-03-30 08:53:31,205:INFO: Train: [162][2321/2322]  Loss -0.0919 (-0.2855)  Time:  0.090 (0.012)  Data Time:  0.003 (0.005)
2022-03-30 08:53:31,480:INFO:   Eta: 0:40:46
2022-03-30 08:53:36,848:INFO: Valid: [162][604/605]  Loss -1.6164 (-0.8703)
2022-03-30 08:53:38,157:INFO: Checkpoint saved...
2022-03-30 08:54:09,335:INFO: Train: [163][2321/2322]  Loss -0.0135 (-0.2324)  Time:  0.097 (0.012)  Data Time:  0.006 (0.005)
2022-03-30 08:54:09,336:INFO:   Eta: 0:42:03
2022-03-30 08:54:15,220:INFO: Valid: [163][604/605]  Loss -1.6138 (-0.8683)
2022-03-30 08:54:43,513:INFO: Train: [164][2321/2322]  Loss 0.0173 (-0.2934)  Time:  0.095 (0.012)  Data Time:  0.005 (0.004)
2022-03-30 08:54:43,740:INFO:   Eta: 0:40:30
2022-03-30 08:54:49,189:INFO: Valid: [164][604/605]  Loss -1.6143 (-0.8684)
2022-03-30 08:55:14,359:INFO: Train: [165][2321/2322]  Loss -0.0691 (-0.2905)  Time:  0.087 (0.011)  Data Time:  0.004 (0.003)
2022-03-30 08:55:14,399:INFO:   Eta: 0:34:36
2022-03-30 08:55:19,354:INFO: Valid: [165][604/605]  Loss -1.6076 (-0.8634)
2022-03-30 08:55:44,620:INFO: Train: [166][2321/2322]  Loss -0.0372 (-0.2836)  Time:  0.085 (0.011)  Data Time:  0.003 (0.003)
2022-03-30 08:55:44,621:INFO:   Eta: 0:35:19
2022-03-30 08:55:50,645:INFO: Valid: [166][604/605]  Loss -1.6131 (-0.8676)
2022-03-30 08:56:17,401:INFO: Train: [167][2321/2322]  Loss -0.0522 (-0.2829)  Time:  0.080 (0.012)  Data Time:  0.003 (0.004)
2022-03-30 08:56:17,402:INFO:   Eta: 0:36:58
2022-03-30 08:56:23,072:INFO: Valid: [167][604/605]  Loss -1.6113 (-0.8660)
2022-03-30 08:56:48,651:INFO: Train: [168][2321/2322]  Loss -0.0238 (-0.2933)  Time:  0.080 (0.011)  Data Time:  0.003 (0.004)
2022-03-30 08:56:48,652:INFO:   Eta: 0:34:54
2022-03-30 08:56:54,429:INFO: Valid: [168][604/605]  Loss -1.6121 (-0.8667)
2022-03-30 08:57:21,783:INFO: Train: [169][2321/2322]  Loss 0.0023 (-0.2547)  Time:  0.105 (0.012)  Data Time:  0.005 (0.004)
2022-03-30 08:57:21,784:INFO:   Eta: 0:36:52
2022-03-30 08:57:27,515:INFO: Valid: [169][604/605]  Loss -1.6158 (-0.8696)
2022-03-30 08:57:57,421:INFO: Train: [170][2321/2322]  Loss 0.0273 (-0.3115)  Time:  0.100 (0.013)  Data Time:  0.005 (0.005)
2022-03-30 08:57:57,422:INFO:   Eta: 0:39:50
2022-03-30 08:58:03,205:INFO: Valid: [170][604/605]  Loss -1.6033 (-0.8595)
2022-03-30 08:58:23,474:INFO: Test: [170]  ADE: 1.5118  FDE: 2.8590
2022-03-30 08:58:52,750:INFO: Train: [171][2321/2322]  Loss -0.0745 (-0.3114)  Time:  0.095 (0.013)  Data Time:  0.004 (0.005)
2022-03-30 08:58:52,750:INFO:   Eta: 0:38:22
2022-03-30 08:58:58,461:INFO: Valid: [171][604/605]  Loss -1.6124 (-0.8670)
2022-03-30 08:59:28,367:INFO: Train: [172][2321/2322]  Loss -0.0630 (-0.2714)  Time:  0.097 (0.013)  Data Time:  0.004 (0.005)
2022-03-30 08:59:28,368:INFO:   Eta: 0:38:50
2022-03-30 08:59:34,209:INFO: Valid: [172][604/605]  Loss -1.6143 (-0.8682)
2022-03-30 09:00:04,185:INFO: Train: [173][2321/2322]  Loss -0.0867 (-0.2737)  Time:  0.103 (0.013)  Data Time:  0.004 (0.005)
2022-03-30 09:00:04,185:INFO:   Eta: 0:38:26
2022-03-30 09:00:09,774:INFO: Valid: [173][604/605]  Loss -1.6125 (-0.8668)
2022-03-30 09:00:39,269:INFO: Train: [174][2321/2322]  Loss -0.0658 (-0.2704)  Time:  0.111 (0.013)  Data Time:  0.005 (0.005)
2022-03-30 09:00:39,270:INFO:   Eta: 0:37:19
2022-03-30 09:00:44,874:INFO: Valid: [174][604/605]  Loss -1.6100 (-0.8651)
2022-03-30 09:01:12,066:INFO: Train: [175][2321/2322]  Loss -0.0368 (-0.2818)  Time:  0.079 (0.012)  Data Time:  0.003 (0.004)
2022-03-30 09:01:12,067:INFO:   Eta: 0:33:57
2022-03-30 09:01:17,892:INFO: Valid: [175][604/605]  Loss -1.6104 (-0.8657)
2022-03-30 09:01:43,520:INFO: Train: [176][2321/2322]  Loss -0.0612 (-0.2691)  Time:  0.091 (0.011)  Data Time:  0.004 (0.004)
2022-03-30 09:01:43,761:INFO:   Eta: 0:31:34
2022-03-30 09:01:49,558:INFO: Valid: [176][604/605]  Loss -1.6119 (-0.8665)
2022-03-30 09:02:15,309:INFO: Train: [177][2321/2322]  Loss -0.0152 (-0.3078)  Time:  0.088 (0.011)  Data Time:  0.002 (0.004)
2022-03-30 09:02:15,312:INFO:   Eta: 0:31:17
2022-03-30 09:02:20,870:INFO: Valid: [177][604/605]  Loss -1.6187 (-0.8717)
2022-03-30 09:02:20,889:INFO: Checkpoint saved...
2022-03-30 09:02:44,241:INFO: Train: [178][2321/2322]  Loss -0.0677 (-0.2919)  Time:  0.088 (0.010)  Data Time:  0.004 (0.003)
2022-03-30 09:02:44,242:INFO:   Eta: 0:27:59
2022-03-30 09:02:50,007:INFO: Valid: [178][604/605]  Loss -1.6119 (-0.8665)
2022-03-30 09:03:18,768:INFO: Train: [179][2321/2322]  Loss -0.0340 (-0.2893)  Time:  0.105 (0.012)  Data Time:  0.008 (0.004)
2022-03-30 09:03:18,991:INFO:   Eta: 0:33:45
2022-03-30 09:03:25,286:INFO: Valid: [179][604/605]  Loss -1.6116 (-0.8658)
2022-03-30 09:03:55,808:INFO: Train: [180][2321/2322]  Loss 0.0372 (-0.2614)  Time:  0.102 (0.013)  Data Time:  0.005 (0.005)
2022-03-30 09:03:56,410:INFO:   Eta: 0:35:03
2022-03-30 09:04:02,256:INFO: Valid: [180][604/605]  Loss -1.6173 (-0.8706)
2022-03-30 09:04:23,119:INFO: Test: [180]  ADE: 1.5084  FDE: 2.8589
2022-03-30 09:04:50,711:INFO: Train: [181][2321/2322]  Loss -0.0093 (-0.3055)  Time:  0.098 (0.012)  Data Time:  0.004 (0.004)
2022-03-30 09:04:50,712:INFO:   Eta: 0:31:42
2022-03-30 09:04:56,546:INFO: Valid: [181][604/605]  Loss -1.6111 (-0.8657)
2022-03-30 09:05:25,960:INFO: Train: [182][2321/2322]  Loss -0.0515 (-0.3041)  Time:  0.095 (0.013)  Data Time:  0.005 (0.005)
2022-03-30 09:05:26,281:INFO:   Eta: 0:33:18
2022-03-30 09:05:32,023:INFO: Valid: [182][604/605]  Loss -1.6149 (-0.8685)
2022-03-30 09:06:01,259:INFO: Train: [183][2321/2322]  Loss -0.0375 (-0.2679)  Time:  0.093 (0.013)  Data Time:  0.005 (0.005)
2022-03-30 09:06:01,399:INFO:   Eta: 0:32:32
2022-03-30 09:06:07,382:INFO: Valid: [183][604/605]  Loss -1.6123 (-0.8662)
2022-03-30 09:06:35,732:INFO: Train: [184][2321/2322]  Loss -0.0251 (-0.2674)  Time:  0.083 (0.012)  Data Time:  0.004 (0.004)
2022-03-30 09:06:35,734:INFO:   Eta: 0:31:08
2022-03-30 09:06:41,667:INFO: Valid: [184][604/605]  Loss -1.6192 (-0.8721)
2022-03-30 09:06:41,711:INFO: Checkpoint saved...
2022-03-30 09:07:10,291:INFO: Train: [185][2321/2322]  Loss -0.0370 (-0.3062)  Time:  0.092 (0.012)  Data Time:  0.004 (0.004)
2022-03-30 09:07:10,292:INFO:   Eta: 0:30:54
2022-03-30 09:07:15,897:INFO: Valid: [185][604/605]  Loss -1.6164 (-0.8698)
2022-03-30 09:07:45,072:INFO: Train: [186][2321/2322]  Loss -0.0616 (-0.2621)  Time:  0.078 (0.013)  Data Time:  0.003 (0.005)
2022-03-30 09:07:45,186:INFO:   Eta: 0:31:05
2022-03-30 09:07:50,985:INFO: Valid: [186][604/605]  Loss -1.6158 (-0.8693)
2022-03-30 09:08:16,665:INFO: Train: [187][2321/2322]  Loss -0.0625 (-0.2585)  Time:  0.082 (0.011)  Data Time:  0.003 (0.003)
2022-03-30 09:08:16,666:INFO:   Eta: 0:26:56
2022-03-30 09:08:22,107:INFO: Valid: [187][604/605]  Loss -1.6117 (-0.8663)
2022-03-30 09:08:45,135:INFO: Train: [188][2321/2322]  Loss -0.0639 (-0.2583)  Time:  0.095 (0.010)  Data Time:  0.003 (0.003)
2022-03-30 09:08:45,219:INFO:   Eta: 0:23:45
2022-03-30 09:08:50,964:INFO: Valid: [188][604/605]  Loss -1.6160 (-0.8697)
2022-03-30 09:09:17,041:INFO: Train: [189][2321/2322]  Loss -0.0500 (-0.2945)  Time:  0.086 (0.011)  Data Time:  0.004 (0.004)
2022-03-30 09:09:17,042:INFO:   Eta: 0:26:20
2022-03-30 09:09:22,700:INFO: Valid: [189][604/605]  Loss -1.6147 (-0.8684)
2022-03-30 09:09:49,895:INFO: Train: [190][2321/2322]  Loss -0.0259 (-0.2707)  Time:  0.090 (0.012)  Data Time:  0.004 (0.004)
2022-03-30 09:09:49,896:INFO:   Eta: 0:27:10
2022-03-30 09:09:55,438:INFO: Valid: [190][604/605]  Loss -1.6200 (-0.8731)
2022-03-30 09:09:55,455:INFO: Checkpoint saved...
2022-03-30 09:10:15,980:INFO: Test: [190]  ADE: 1.5108  FDE: 2.8542
2022-03-30 09:10:45,667:INFO: Train: [191][2321/2322]  Loss -0.0424 (-0.2947)  Time:  0.093 (0.013)  Data Time:  0.005 (0.005)
2022-03-30 09:10:45,667:INFO:   Eta: 0:29:10
2022-03-30 09:10:51,787:INFO: Valid: [191][604/605]  Loss -1.6160 (-0.8700)
2022-03-30 09:11:20,629:INFO: Train: [192][2321/2322]  Loss -0.0423 (-0.2746)  Time:  0.098 (0.012)  Data Time:  0.005 (0.004)
2022-03-30 09:11:20,942:INFO:   Eta: 0:27:50
2022-03-30 09:11:27,404:INFO: Valid: [192][604/605]  Loss -1.6195 (-0.8728)
2022-03-30 09:11:58,774:INFO: Train: [193][2321/2322]  Loss -0.0749 (-0.2841)  Time:  0.105 (0.012)  Data Time:  0.006 (0.005)
2022-03-30 09:11:58,775:INFO:   Eta: 0:27:17
2022-03-30 09:12:04,426:INFO: Valid: [193][604/605]  Loss -1.6167 (-0.8706)
2022-03-30 09:12:31,411:INFO: Train: [194][2321/2322]  Loss -0.0558 (-0.2489)  Time:  0.093 (0.012)  Data Time:  0.004 (0.004)
2022-03-30 09:12:31,691:INFO:   Eta: 0:25:09
2022-03-30 09:12:37,497:INFO: Valid: [194][604/605]  Loss -1.6130 (-0.8672)
2022-03-30 09:13:08,997:INFO: Train: [195][2321/2322]  Loss -0.0414 (-0.2757)  Time:  0.098 (0.013)  Data Time:  0.005 (0.005)
2022-03-30 09:13:08,997:INFO:   Eta: 0:26:46
2022-03-30 09:13:14,774:INFO: Valid: [195][604/605]  Loss -1.6185 (-0.8720)
2022-03-30 09:13:43,024:INFO: Train: [196][2321/2322]  Loss -0.0319 (-0.2941)  Time:  0.088 (0.012)  Data Time:  0.005 (0.005)
2022-03-30 09:13:43,107:INFO:   Eta: 0:25:23
2022-03-30 09:13:48,551:INFO: Valid: [196][604/605]  Loss -1.6114 (-0.8659)
2022-03-30 09:14:14,829:INFO: Train: [197][2321/2322]  Loss -0.0986 (-0.2855)  Time:  0.077 (0.011)  Data Time:  0.003 (0.004)
2022-03-30 09:14:14,829:INFO:   Eta: 0:22:39
2022-03-30 09:14:20,383:INFO: Valid: [197][604/605]  Loss -1.6198 (-0.8729)
2022-03-30 09:14:47,654:INFO: Train: [198][2321/2322]  Loss 0.0531 (-0.2446)  Time:  0.085 (0.012)  Data Time:  0.003 (0.004)
2022-03-30 09:14:47,707:INFO:   Eta: 0:23:36
2022-03-30 09:14:52,700:INFO: Valid: [198][604/605]  Loss -1.6182 (-0.8716)
2022-03-30 09:15:17,337:INFO: Train: [199][2321/2322]  Loss -0.0084 (-0.2573)  Time:  0.081 (0.011)  Data Time:  0.003 (0.004)
2022-03-30 09:15:17,449:INFO:   Eta: 0:20:55
2022-03-30 09:15:22,903:INFO: Valid: [199][604/605]  Loss -1.6106 (-0.8658)
2022-03-30 09:15:49,931:INFO: Train: [200][2321/2322]  Loss -0.0154 (-0.3046)  Time:  0.088 (0.010)  Data Time:  0.005 (0.003)
2022-03-30 09:15:49,976:INFO:   Eta: 0:19:57
2022-03-30 09:15:55,818:INFO: Valid: [200][604/605]  Loss -1.6172 (-0.8713)
2022-03-30 09:16:13,807:INFO: Test: [200]  ADE: 1.5057  FDE: 2.8594
2022-03-30 09:16:44,933:INFO: Train: [201][2321/2322]  Loss -0.0294 (-0.2696)  Time:  0.094 (0.012)  Data Time:  0.004 (0.004)
2022-03-30 09:16:44,934:INFO:   Eta: 0:22:55
2022-03-30 09:16:50,783:INFO: Valid: [201][604/605]  Loss -1.6139 (-0.8684)
2022-03-30 09:17:19,396:INFO: Train: [202][2321/2322]  Loss -0.0600 (-0.2598)  Time:  0.089 (0.012)  Data Time:  0.004 (0.005)
2022-03-30 09:17:19,413:INFO:   Eta: 0:22:51
2022-03-30 09:17:25,281:INFO: Valid: [202][604/605]  Loss -1.6125 (-0.8671)
2022-03-30 09:17:54,698:INFO: Train: [203][2321/2322]  Loss -0.0372 (-0.2464)  Time:  0.093 (0.013)  Data Time:  0.003 (0.004)
2022-03-30 09:17:54,702:INFO:   Eta: 0:22:53
2022-03-30 09:18:00,633:INFO: Valid: [203][604/605]  Loss -1.6127 (-0.8674)
2022-03-30 09:18:29,924:INFO: Train: [204][2321/2322]  Loss -0.0449 (-0.3073)  Time:  0.090 (0.013)  Data Time:  0.004 (0.005)
2022-03-30 09:18:29,924:INFO:   Eta: 0:22:17
2022-03-30 09:18:35,485:INFO: Valid: [204][604/605]  Loss -1.6140 (-0.8684)
2022-03-30 09:19:03,931:INFO: Train: [205][2321/2322]  Loss -0.0393 (-0.2836)  Time:  0.089 (0.012)  Data Time:  0.004 (0.004)
2022-03-30 09:19:03,932:INFO:   Eta: 0:21:18
2022-03-30 09:19:09,734:INFO: Valid: [205][604/605]  Loss -1.6149 (-0.8692)
2022-03-30 09:19:38,036:INFO: Train: [206][2321/2322]  Loss -0.0481 (-0.2931)  Time:  0.095 (0.012)  Data Time:  0.004 (0.004)
2022-03-30 09:19:38,152:INFO:   Eta: 0:20:44
2022-03-30 09:19:43,727:INFO: Valid: [206][604/605]  Loss -1.6180 (-0.8723)
2022-03-30 09:20:10,111:INFO: Train: [207][2321/2322]  Loss -0.0847 (-0.2781)  Time:  0.088 (0.011)  Data Time:  0.005 (0.004)
2022-03-30 09:20:10,112:INFO:   Eta: 0:18:53
2022-03-30 09:20:15,823:INFO: Valid: [207][604/605]  Loss -1.6237 (-0.8766)
2022-03-30 09:20:15,862:INFO: Checkpoint saved...
2022-03-30 09:20:44,462:INFO: Train: [208][2321/2322]  Loss -0.0168 (-0.3124)  Time:  0.092 (0.012)  Data Time:  0.005 (0.004)
2022-03-30 09:20:44,857:INFO:   Eta: 0:20:00
2022-03-30 09:20:50,704:INFO: Valid: [208][604/605]  Loss -1.6156 (-0.8694)
2022-03-30 09:21:18,758:INFO: Train: [209][2321/2322]  Loss -0.0279 (-0.2950)  Time:  0.090 (0.012)  Data Time:  0.005 (0.005)
2022-03-30 09:21:18,759:INFO:   Eta: 0:19:08
2022-03-30 09:21:24,395:INFO: Valid: [209][604/605]  Loss -1.6067 (-0.8625)
2022-03-30 09:21:50,800:INFO: Train: [210][2321/2322]  Loss 0.0057 (-0.2958)  Time:  0.075 (0.011)  Data Time:  0.004 (0.004)
2022-03-30 09:21:50,805:INFO:   Eta: 0:17:06
2022-03-30 09:21:56,213:INFO: Valid: [210][604/605]  Loss -1.6136 (-0.8678)
2022-03-30 09:22:15,429:INFO: Test: [210]  ADE: 1.5096  FDE: 2.8431
2022-03-30 09:22:40,689:INFO: Train: [211][2321/2322]  Loss -0.0753 (-0.2862)  Time:  0.085 (0.011)  Data Time:  0.004 (0.004)
2022-03-30 09:22:40,689:INFO:   Eta: 0:16:03
2022-03-30 09:22:46,044:INFO: Valid: [211][604/605]  Loss -1.6173 (-0.8709)
2022-03-30 09:23:10,905:INFO: Train: [212][2321/2322]  Loss -0.0449 (-0.3108)  Time:  0.082 (0.011)  Data Time:  0.004 (0.004)
2022-03-30 09:23:11,022:INFO:   Eta: 0:15:43
2022-03-30 09:23:16,441:INFO: Valid: [212][604/605]  Loss -1.6191 (-0.8723)
2022-03-30 09:23:44,596:INFO: Train: [213][2321/2322]  Loss -0.0223 (-0.3065)  Time:  0.094 (0.011)  Data Time:  0.005 (0.004)
2022-03-30 09:23:44,774:INFO:   Eta: 0:16:04
2022-03-30 09:23:50,111:INFO: Valid: [213][604/605]  Loss -1.6131 (-0.8670)
2022-03-30 09:24:19,934:INFO: Train: [214][2321/2322]  Loss -0.0875 (-0.2999)  Time:  0.096 (0.013)  Data Time:  0.004 (0.004)
2022-03-30 09:24:19,935:INFO:   Eta: 0:17:50
2022-03-30 09:24:26,063:INFO: Valid: [214][604/605]  Loss -1.6145 (-0.8684)
2022-03-30 09:24:56,278:INFO: Train: [215][2321/2322]  Loss -0.0175 (-0.2811)  Time:  0.094 (0.013)  Data Time:  0.005 (0.004)
2022-03-30 09:24:56,279:INFO:   Eta: 0:17:36
2022-03-30 09:25:02,365:INFO: Valid: [215][604/605]  Loss -1.6113 (-0.8660)
2022-03-30 09:25:30,428:INFO: Train: [216][2321/2322]  Loss -0.0376 (-0.2709)  Time:  0.081 (0.012)  Data Time:  0.003 (0.004)
2022-03-30 09:25:30,614:INFO:   Eta: 0:15:53
2022-03-30 09:25:36,154:INFO: Valid: [216][604/605]  Loss -1.6145 (-0.8688)
2022-03-30 09:26:03,716:INFO: Train: [217][2321/2322]  Loss -0.0810 (-0.2896)  Time:  0.091 (0.012)  Data Time:  0.005 (0.004)
2022-03-30 09:26:03,717:INFO:   Eta: 0:15:08
2022-03-30 09:26:09,642:INFO: Valid: [217][604/605]  Loss -1.6168 (-0.8703)
2022-03-30 09:26:38,770:INFO: Train: [218][2321/2322]  Loss -0.0286 (-0.2676)  Time:  0.108 (0.013)  Data Time:  0.007 (0.005)
2022-03-30 09:26:38,771:INFO:   Eta: 0:15:31
2022-03-30 09:26:44,550:INFO: Valid: [218][604/605]  Loss -1.6139 (-0.8684)
2022-03-30 09:27:13,753:INFO: Train: [219][2321/2322]  Loss -0.0370 (-0.2893)  Time:  0.083 (0.013)  Data Time:  0.003 (0.005)
2022-03-30 09:27:13,754:INFO:   Eta: 0:15:04
2022-03-30 09:27:19,565:INFO: Valid: [219][604/605]  Loss -1.6139 (-0.8682)
2022-03-30 09:27:48,747:INFO: Train: [220][2321/2322]  Loss -0.0561 (-0.2846)  Time:  0.095 (0.013)  Data Time:  0.003 (0.005)
2022-03-30 09:27:48,749:INFO:   Eta: 0:14:34
2022-03-30 09:27:54,734:INFO: Valid: [220][604/605]  Loss -1.6190 (-0.8722)
2022-03-30 09:28:15,487:INFO: Test: [220]  ADE: 1.5062  FDE: 2.8524
2022-03-30 09:28:42,722:INFO: Train: [221][2321/2322]  Loss -0.0535 (-0.2914)  Time:  0.092 (0.012)  Data Time:  0.005 (0.004)
2022-03-30 09:28:42,723:INFO:   Eta: 0:13:09
2022-03-30 09:28:48,046:INFO: Valid: [221][604/605]  Loss -1.6176 (-0.8714)
2022-03-30 09:29:13,838:INFO: Train: [222][2321/2322]  Loss -0.0425 (-0.2782)  Time:  0.088 (0.011)  Data Time:  0.004 (0.004)
2022-03-30 09:29:13,839:INFO:   Eta: 0:12:01
2022-03-30 09:29:19,538:INFO: Valid: [222][604/605]  Loss -1.6139 (-0.8681)
2022-03-30 09:29:45,503:INFO: Train: [223][2321/2322]  Loss -0.0600 (-0.2403)  Time:  0.092 (0.011)  Data Time:  0.003 (0.004)
2022-03-30 09:29:45,504:INFO:   Eta: 0:11:40
2022-03-30 09:29:51,043:INFO: Valid: [223][604/605]  Loss -1.6206 (-0.8735)
2022-03-30 09:30:17,353:INFO: Train: [224][2321/2322]  Loss -0.0845 (-0.2249)  Time:  0.079 (0.011)  Data Time:  0.004 (0.004)
2022-03-30 09:30:17,354:INFO:   Eta: 0:11:23
2022-03-30 09:30:23,064:INFO: Valid: [224][604/605]  Loss -1.6197 (-0.8728)
2022-03-30 09:30:52,232:INFO: Train: [225][2321/2322]  Loss -0.0607 (-0.2812)  Time:  0.115 (0.013)  Data Time:  0.004 (0.004)
2022-03-30 09:30:52,232:INFO:   Eta: 0:12:08
2022-03-30 09:30:57,708:INFO: Valid: [225][604/605]  Loss -1.6133 (-0.8677)
2022-03-30 09:31:24,108:INFO: Train: [226][2321/2322]  Loss -0.0500 (-0.2882)  Time:  0.086 (0.011)  Data Time:  0.003 (0.004)
2022-03-30 09:31:24,113:INFO:   Eta: 0:10:32
2022-03-30 09:31:30,200:INFO: Valid: [226][604/605]  Loss -1.6139 (-0.8683)
2022-03-30 09:31:59,915:INFO: Train: [227][2321/2322]  Loss -0.0451 (-0.2874)  Time:  0.093 (0.013)  Data Time:  0.004 (0.005)
2022-03-30 09:31:59,916:INFO:   Eta: 0:11:22
2022-03-30 09:32:05,875:INFO: Valid: [227][604/605]  Loss -1.6173 (-0.8708)
2022-03-30 09:32:35,757:INFO: Train: [228][2321/2322]  Loss -0.0561 (-0.3059)  Time:  0.097 (0.013)  Data Time:  0.005 (0.005)
2022-03-30 09:32:35,758:INFO:   Eta: 0:10:56
2022-03-30 09:32:41,595:INFO: Valid: [228][604/605]  Loss -1.6217 (-0.8740)
2022-03-30 09:33:10,070:INFO: Train: [229][2321/2322]  Loss -0.0176 (-0.2670)  Time:  0.096 (0.012)  Data Time:  0.005 (0.004)
2022-03-30 09:33:10,080:INFO:   Eta: 0:09:57
2022-03-30 09:33:16,936:INFO: Valid: [229][604/605]  Loss -1.6139 (-0.8679)
2022-03-30 09:33:45,931:INFO: Train: [230][2321/2322]  Loss -0.0262 (-0.2655)  Time:  0.093 (0.012)  Data Time:  0.004 (0.005)
2022-03-30 09:33:45,932:INFO:   Eta: 0:09:39
2022-03-30 09:33:51,784:INFO: Valid: [230][604/605]  Loss -1.6215 (-0.8740)
2022-03-30 09:34:12,214:INFO: Test: [230]  ADE: 1.5074  FDE: 2.8469
2022-03-30 09:34:41,510:INFO: Train: [231][2321/2322]  Loss -0.0525 (-0.2875)  Time:  0.086 (0.013)  Data Time:  0.004 (0.005)
2022-03-30 09:34:41,511:INFO:   Eta: 0:09:16
2022-03-30 09:34:47,381:INFO: Valid: [231][604/605]  Loss -1.6160 (-0.8695)
2022-03-30 09:35:16,796:INFO: Train: [232][2321/2322]  Loss -0.0545 (-0.3237)  Time:  0.089 (0.013)  Data Time:  0.004 (0.005)
2022-03-30 09:35:16,796:INFO:   Eta: 0:08:46
2022-03-30 09:35:22,582:INFO: Valid: [232][604/605]  Loss -1.6192 (-0.8723)
2022-03-30 09:35:48,550:INFO: Train: [233][2321/2322]  Loss -0.0788 (-0.2661)  Time:  0.093 (0.011)  Data Time:  0.003 (0.004)
2022-03-30 09:35:49,759:INFO:   Eta: 0:07:20
2022-03-30 09:35:55,547:INFO: Valid: [233][604/605]  Loss -1.6150 (-0.8687)
2022-03-30 09:36:20,859:INFO: Train: [234][2321/2322]  Loss -0.0862 (-0.3298)  Time:  0.080 (0.011)  Data Time:  0.003 (0.003)
2022-03-30 09:36:20,861:INFO:   Eta: 0:06:43
2022-03-30 09:36:26,205:INFO: Valid: [234][604/605]  Loss -1.6216 (-0.8740)
2022-03-30 09:36:50,489:INFO: Train: [235][2321/2322]  Loss 0.0736 (-0.3200)  Time:  0.073 (0.010)  Data Time:  0.003 (0.003)
2022-03-30 09:36:50,490:INFO:   Eta: 0:06:03
2022-03-30 09:36:56,136:INFO: Valid: [235][604/605]  Loss -1.6123 (-0.8667)
2022-03-30 09:37:22,065:INFO: Train: [236][2321/2322]  Loss -0.0434 (-0.3068)  Time:  0.091 (0.011)  Data Time:  0.005 (0.004)
2022-03-30 09:37:22,084:INFO:   Eta: 0:06:02
2022-03-30 09:37:27,868:INFO: Valid: [236][604/605]  Loss -1.6097 (-0.8648)
2022-03-30 09:37:56,958:INFO: Train: [237][2321/2322]  Loss -0.0456 (-0.2685)  Time:  0.096 (0.013)  Data Time:  0.005 (0.004)
2022-03-30 09:37:56,959:INFO:   Eta: 0:06:17
2022-03-30 09:38:03,007:INFO: Valid: [237][604/605]  Loss -1.6241 (-0.8763)
2022-03-30 09:38:03,017:INFO: Checkpoint saved...
2022-03-30 09:38:31,773:INFO: Train: [238][2321/2322]  Loss -0.1012 (-0.3026)  Time:  0.094 (0.012)  Data Time:  0.004 (0.005)
2022-03-30 09:38:31,773:INFO:   Eta: 0:05:44
2022-03-30 09:38:37,331:INFO: Valid: [238][604/605]  Loss -1.6201 (-0.8728)
2022-03-30 09:39:07,080:INFO: Train: [239][2321/2322]  Loss -0.0376 (-0.2844)  Time:  0.102 (0.013)  Data Time:  0.004 (0.005)
2022-03-30 09:39:07,081:INFO:   Eta: 0:05:26
2022-03-30 09:39:13,184:INFO: Valid: [239][604/605]  Loss -1.6146 (-0.8687)
2022-03-30 09:39:42,548:INFO: Train: [240][2321/2322]  Loss 0.0348 (-0.2675)  Time:  0.088 (0.013)  Data Time:  0.004 (0.004)
2022-03-30 09:39:42,549:INFO:   Eta: 0:04:53
2022-03-30 09:39:48,136:INFO: Valid: [240][604/605]  Loss -1.6161 (-0.8698)
2022-03-30 09:40:08,456:INFO: Test: [240]  ADE: 1.5008  FDE: 2.8282
2022-03-30 09:40:37,991:INFO: Train: [241][2321/2322]  Loss -0.0400 (-0.2615)  Time:  0.093 (0.013)  Data Time:  0.004 (0.005)
2022-03-30 09:40:37,992:INFO:   Eta: 0:04:25
2022-03-30 09:40:43,918:INFO: Valid: [241][604/605]  Loss -1.6148 (-0.8687)
2022-03-30 09:41:12,668:INFO: Train: [242][2321/2322]  Loss -0.0615 (-0.2627)  Time:  0.090 (0.012)  Data Time:  0.005 (0.004)
2022-03-30 09:41:12,669:INFO:   Eta: 0:03:49
2022-03-30 09:41:18,480:INFO: Valid: [242][604/605]  Loss -1.6141 (-0.8683)
2022-03-30 09:41:47,191:INFO: Train: [243][2321/2322]  Loss -0.0657 (-0.2505)  Time:  0.096 (0.012)  Data Time:  0.005 (0.004)
2022-03-30 09:41:47,192:INFO:   Eta: 0:03:20
2022-03-30 09:41:52,740:INFO: Valid: [243][604/605]  Loss -1.6175 (-0.8710)
2022-03-30 09:42:18,049:INFO: Train: [244][2321/2322]  Loss -0.0737 (-0.2520)  Time:  0.069 (0.011)  Data Time:  0.002 (0.003)
2022-03-30 09:42:18,050:INFO:   Eta: 0:02:31
2022-03-30 09:42:23,230:INFO: Valid: [244][604/605]  Loss -1.6178 (-0.8711)
2022-03-30 09:42:44,468:INFO: Train: [245][2321/2322]  Loss -0.0572 (-0.2823)  Time:  0.077 (0.009)  Data Time:  0.002 (0.002)
2022-03-30 09:42:44,470:INFO:   Eta: 0:01:46
2022-03-30 09:42:49,568:INFO: Valid: [245][604/605]  Loss -1.6163 (-0.8701)
2022-03-30 09:43:11,539:INFO: Train: [246][2321/2322]  Loss -0.0735 (-0.2882)  Time:  0.077 (0.009)  Data Time:  0.002 (0.003)
2022-03-30 09:43:11,540:INFO:   Eta: 0:01:27
2022-03-30 09:43:17,115:INFO: Valid: [246][604/605]  Loss -1.6218 (-0.8744)
2022-03-30 09:43:39,209:INFO: Train: [247][2321/2322]  Loss -0.0463 (-0.3021)  Time:  0.071 (0.010)  Data Time:  0.002 (0.003)
2022-03-30 09:43:39,210:INFO:   Eta: 0:01:06
2022-03-30 09:43:44,778:INFO: Valid: [247][604/605]  Loss -1.6193 (-0.8725)
2022-03-30 09:44:08,616:INFO: Train: [248][2321/2322]  Loss -0.0453 (-0.2876)  Time:  0.089 (0.010)  Data Time:  0.003 (0.003)
2022-03-30 09:44:08,617:INFO:   Eta: 0:00:47
2022-03-30 09:44:14,054:INFO: Valid: [248][604/605]  Loss -1.6194 (-0.8724)
2022-03-30 09:44:39,097:INFO: Train: [249][2321/2322]  Loss -0.0758 (-0.3036)  Time:  0.086 (0.011)  Data Time:  0.003 (0.003)
2022-03-30 09:44:39,098:INFO:   Eta: 0:00:25
2022-03-30 09:44:44,326:INFO: Valid: [249][604/605]  Loss -1.6178 (-0.8715)
