2022-03-30 07:30:07,569:INFO: batch_size=128
2022-03-30 07:30:07,569:INFO: clip_grad=None
2022-03-30 07:30:07,569:INFO: dataset=hotel
2022-03-30 07:30:07,569:INFO: gpu_num=0
2022-03-30 07:30:07,569:INFO: input_size=2
2022-03-30 07:30:07,569:INFO: kernel_size=3
2022-03-30 07:30:07,569:INFO: lr=0.01
2022-03-30 07:30:07,569:INFO: lr_sh_rate=150
2022-03-30 07:30:07,569:INFO: n_stgcnn=1
2022-03-30 07:30:07,569:INFO: n_txpcnn=5
2022-03-30 07:30:07,570:INFO: num_epochs=250
2022-03-30 07:30:07,570:INFO: obs_seq_len=8
2022-03-30 07:30:07,570:INFO: output_size=5
2022-03-30 07:30:07,570:INFO: pred_seq_len=12
2022-03-30 07:30:07,570:INFO: seed=0
2022-03-30 07:30:07,570:INFO: tag=hotel
2022-03-30 07:30:07,570:INFO: use_lrschd=True
2022-03-30 07:30:07,570:INFO: ******************************
2022-03-30 07:30:07,570:INFO: Training initiating....
2022-03-30 07:30:07,570:INFO: Namespace(batch_size=128, clip_grad=None, dataset='hotel', gpu_num='0', input_size=2, kernel_size=3, lr=0.01, lr_sh_rate=150, n_stgcnn=1, n_txpcnn=5, num_epochs=250, obs_seq_len=8, output_size=5, pred_seq_len=12, seed=0, tag='hotel', use_lrschd=True)
2022-03-30 07:30:07,574:INFO: Initializing train dataset
2022-03-30 07:30:21,600:INFO: Initializing val dataset
2022-03-30 07:30:57,322:INFO: social_stgcnn4
2022-03-30 07:30:57,547:INFO: Data and model loaded
2022-03-30 07:30:57,547:INFO: Checkpoint dir: ../runs/Mar30_07-30-07_node09/hotel/checkpoint
2022-03-30 07:30:57,547:INFO: Training started ...
2022-03-30 07:31:29,326:INFO: Train: [0][2593/2594]  Loss 0.4446 (1.7096)  Time:  0.131 (0.012)  Data Time:  0.002 (0.004)
2022-03-30 07:31:29,343:INFO:   Eta: 2:12:22
2022-03-30 07:31:39,117:INFO: Test: [0]  ADE: 1.3959  FDE: 1.3129
2022-03-30 07:32:04,851:INFO: Train: [1][2593/2594]  Loss 0.4005 (1.5080)  Time:  0.158 (0.010)  Data Time:  0.004 (0.003)
2022-03-30 07:32:04,852:INFO:   Eta: 1:46:43
2022-03-30 07:32:33,265:INFO: Train: [2][2593/2594]  Loss 0.3577 (1.4464)  Time:  0.153 (0.011)  Data Time:  0.005 (0.004)
2022-03-30 07:32:33,266:INFO:   Eta: 1:57:23
2022-03-30 07:33:01,922:INFO: Train: [3][2593/2594]  Loss 0.3096 (1.2705)  Time:  0.174 (0.011)  Data Time:  0.004 (0.004)
2022-03-30 07:33:01,923:INFO:   Eta: 1:57:54
2022-03-30 07:33:33,767:INFO: Train: [4][2593/2594]  Loss 0.2605 (1.0654)  Time:  0.165 (0.012)  Data Time:  0.004 (0.004)
2022-03-30 07:33:33,768:INFO:   Eta: 2:10:30
2022-03-30 07:34:06,051:INFO: Train: [5][2593/2594]  Loss 0.2102 (0.9089)  Time:  0.178 (0.012)  Data Time:  0.006 (0.005)
2022-03-30 07:34:06,052:INFO:   Eta: 2:11:45
2022-03-30 07:34:38,106:INFO: Train: [6][2593/2594]  Loss 0.1476 (0.6842)  Time:  0.183 (0.012)  Data Time:  0.004 (0.005)
2022-03-30 07:34:38,108:INFO:   Eta: 2:10:18
2022-03-30 07:35:10,072:INFO: Train: [7][2593/2594]  Loss 0.1048 (0.4552)  Time:  0.174 (0.012)  Data Time:  0.005 (0.005)
2022-03-30 07:35:10,355:INFO:   Eta: 2:09:24
2022-03-30 07:35:46,231:INFO: Train: [8][2593/2594]  Loss 0.0230 (0.2658)  Time:  0.163 (0.013)  Data Time:  0.005 (0.005)
2022-03-30 07:35:46,419:INFO:   Eta: 2:15:03
2022-03-30 07:36:19,480:INFO: Train: [9][2593/2594]  Loss 0.0057 (0.0697)  Time:  0.163 (0.013)  Data Time:  0.004 (0.005)
2022-03-30 07:36:19,482:INFO:   Eta: 2:11:39
2022-03-30 07:36:48,523:INFO: Train: [10][2593/2594]  Loss -0.0119 (-0.0461)  Time:  0.164 (0.011)  Data Time:  0.005 (0.004)
2022-03-30 07:36:48,526:INFO:   Eta: 1:56:05
2022-03-30 07:36:58,661:INFO: Test: [10]  ADE: 1.1392  FDE: 1.7133
2022-03-30 07:37:30,817:INFO: Train: [11][2593/2594]  Loss -0.0248 (-0.0967)  Time:  0.153 (0.012)  Data Time:  0.003 (0.005)
2022-03-30 07:37:30,817:INFO:   Eta: 2:07:57
2022-03-30 07:37:59,667:INFO: Train: [12][2593/2594]  Loss -0.0173 (-0.1356)  Time:  0.205 (0.011)  Data Time:  0.004 (0.004)
2022-03-30 07:37:59,668:INFO:   Eta: 1:54:22
2022-03-30 07:38:29,032:INFO: Train: [13][2593/2594]  Loss -0.0556 (-0.1643)  Time:  0.151 (0.011)  Data Time:  0.003 (0.004)
2022-03-30 07:38:29,033:INFO:   Eta: 1:55:54
2022-03-30 07:38:58,282:INFO: Train: [14][2593/2594]  Loss -0.0303 (-0.2090)  Time:  0.162 (0.011)  Data Time:  0.004 (0.004)
2022-03-30 07:38:58,283:INFO:   Eta: 1:54:59
2022-03-30 07:39:30,754:INFO: Train: [15][2593/2594]  Loss -0.0410 (-0.2105)  Time:  0.198 (0.013)  Data Time:  0.004 (0.005)
2022-03-30 07:39:30,755:INFO:   Eta: 2:07:06
2022-03-30 07:40:03,671:INFO: Train: [16][2593/2594]  Loss -0.0787 (-0.2341)  Time:  0.193 (0.013)  Data Time:  0.005 (0.005)
2022-03-30 07:40:03,675:INFO:   Eta: 2:08:18
2022-03-30 07:40:36,512:INFO: Train: [17][2593/2594]  Loss -0.0665 (-0.2503)  Time:  0.173 (0.013)  Data Time:  0.005 (0.005)
2022-03-30 07:40:36,544:INFO:   Eta: 2:07:21
2022-03-30 07:41:09,694:INFO: Train: [18][2593/2594]  Loss -0.0246 (-0.2852)  Time:  0.169 (0.013)  Data Time:  0.003 (0.005)
2022-03-30 07:41:09,695:INFO:   Eta: 2:08:06
2022-03-30 07:41:38,735:INFO: Train: [19][2593/2594]  Loss -0.0804 (-0.2903)  Time:  0.155 (0.011)  Data Time:  0.003 (0.004)
2022-03-30 07:41:38,736:INFO:   Eta: 1:51:43
2022-03-30 07:42:09,422:INFO: Train: [20][2593/2594]  Loss -0.0846 (-0.2972)  Time:  0.165 (0.012)  Data Time:  0.004 (0.004)
2022-03-30 07:42:09,424:INFO:   Eta: 1:57:34
2022-03-30 07:42:19,863:INFO: Test: [20]  ADE: 1.1590  FDE: 1.8273
2022-03-30 07:42:52,680:INFO: Train: [21][2593/2594]  Loss -0.0586 (-0.3136)  Time:  0.171 (0.013)  Data Time:  0.005 (0.005)
2022-03-30 07:42:52,681:INFO:   Eta: 2:05:11
2022-03-30 07:43:25,359:INFO: Train: [22][2593/2594]  Loss -0.0992 (-0.3104)  Time:  0.165 (0.013)  Data Time:  0.003 (0.005)
2022-03-30 07:43:25,360:INFO:   Eta: 2:04:07
2022-03-30 07:43:54,309:INFO: Train: [23][2593/2594]  Loss -0.1197 (-0.3223)  Time:  0.168 (0.011)  Data Time:  0.003 (0.004)
2022-03-30 07:43:54,310:INFO:   Eta: 1:49:27
2022-03-30 07:44:22,726:INFO: Train: [24][2593/2594]  Loss -0.1325 (-0.3297)  Time:  0.152 (0.011)  Data Time:  0.003 (0.004)
2022-03-30 07:44:22,731:INFO:   Eta: 1:46:58
2022-03-30 07:44:51,920:INFO: Train: [25][2593/2594]  Loss -0.1264 (-0.3193)  Time:  0.156 (0.011)  Data Time:  0.004 (0.004)
2022-03-30 07:44:51,922:INFO:   Eta: 1:49:14
2022-03-30 07:45:24,083:INFO: Train: [26][2593/2594]  Loss -0.1125 (-0.3535)  Time:  0.169 (0.012)  Data Time:  0.003 (0.004)
2022-03-30 07:45:24,084:INFO:   Eta: 1:59:59
2022-03-30 07:45:57,261:INFO: Train: [27][2593/2594]  Loss -0.0514 (-0.3582)  Time:  0.171 (0.013)  Data Time:  0.004 (0.005)
2022-03-30 07:45:57,262:INFO:   Eta: 2:03:14
2022-03-30 07:46:27,441:INFO: Train: [28][2593/2594]  Loss -0.1323 (-0.3618)  Time:  0.139 (0.012)  Data Time:  0.003 (0.004)
2022-03-30 07:46:27,442:INFO:   Eta: 1:51:36
2022-03-30 07:46:57,515:INFO: Train: [29][2593/2594]  Loss -0.1501 (-0.3436)  Time:  0.179 (0.012)  Data Time:  0.006 (0.004)
2022-03-30 07:46:57,516:INFO:   Eta: 1:50:42
2022-03-30 07:47:30,485:INFO: Train: [30][2593/2594]  Loss -0.0714 (-0.3736)  Time:  0.165 (0.013)  Data Time:  0.005 (0.005)
2022-03-30 07:47:30,486:INFO:   Eta: 2:00:48
2022-03-30 07:47:41,132:INFO: Test: [30]  ADE: 1.1536  FDE: 1.8557
2022-03-30 07:48:13,931:INFO: Train: [31][2593/2594]  Loss -0.0667 (-0.3467)  Time:  0.162 (0.013)  Data Time:  0.005 (0.005)
2022-03-30 07:48:13,933:INFO:   Eta: 1:59:39
2022-03-30 07:48:45,898:INFO: Train: [32][2593/2594]  Loss -0.0881 (-0.3703)  Time:  0.195 (0.012)  Data Time:  0.004 (0.005)
2022-03-30 07:48:45,898:INFO:   Eta: 1:56:05
2022-03-30 07:49:18,073:INFO: Train: [33][2593/2594]  Loss -0.1011 (-0.3643)  Time:  0.167 (0.012)  Data Time:  0.004 (0.005)
2022-03-30 07:49:18,074:INFO:   Eta: 1:56:18
2022-03-30 07:49:45,896:INFO: Train: [34][2593/2594]  Loss -0.0422 (-0.3247)  Time:  0.149 (0.011)  Data Time:  0.003 (0.004)
2022-03-30 07:49:46,152:INFO:   Eta: 1:40:07
2022-03-30 07:50:15,573:INFO: Train: [35][2593/2594]  Loss -0.0961 (-0.3985)  Time:  0.149 (0.011)  Data Time:  0.003 (0.004)
2022-03-30 07:50:15,855:INFO:   Eta: 1:38:38
2022-03-30 07:50:46,366:INFO: Train: [36][2593/2594]  Loss -0.1043 (-0.3672)  Time:  0.158 (0.011)  Data Time:  0.004 (0.004)
2022-03-30 07:50:46,368:INFO:   Eta: 1:45:48
2022-03-30 07:51:17,282:INFO: Train: [37][2593/2594]  Loss -0.1067 (-0.3332)  Time:  0.162 (0.012)  Data Time:  0.004 (0.004)
2022-03-30 07:51:17,283:INFO:   Eta: 1:49:41
2022-03-30 07:51:46,096:INFO: Train: [38][2593/2594]  Loss -0.0896 (-0.3917)  Time:  0.170 (0.011)  Data Time:  0.006 (0.004)
2022-03-30 07:51:46,097:INFO:   Eta: 1:41:44
2022-03-30 07:52:18,663:INFO: Train: [39][2593/2594]  Loss -0.1376 (-0.3634)  Time:  0.170 (0.013)  Data Time:  0.005 (0.005)
2022-03-30 07:52:18,664:INFO:   Eta: 1:54:28
2022-03-30 07:52:51,331:INFO: Train: [40][2593/2594]  Loss -0.1145 (-0.3995)  Time:  0.171 (0.013)  Data Time:  0.005 (0.005)
2022-03-30 07:52:51,332:INFO:   Eta: 1:54:17
2022-03-30 07:53:01,918:INFO: Test: [40]  ADE: 1.1494  FDE: 1.8495
2022-03-30 07:53:35,249:INFO: Train: [41][2593/2594]  Loss -0.0873 (-0.3554)  Time:  0.173 (0.013)  Data Time:  0.004 (0.005)
2022-03-30 07:53:35,250:INFO:   Eta: 1:56:03
2022-03-30 07:54:08,439:INFO: Train: [42][2593/2594]  Loss -0.1003 (-0.4199)  Time:  0.173 (0.013)  Data Time:  0.004 (0.005)
2022-03-30 07:54:08,440:INFO:   Eta: 1:54:59
2022-03-30 07:54:41,365:INFO: Train: [43][2593/2594]  Loss -0.1146 (-0.3855)  Time:  0.168 (0.013)  Data Time:  0.004 (0.005)
2022-03-30 07:54:41,366:INFO:   Eta: 1:53:32
2022-03-30 07:55:14,340:INFO: Train: [44][2593/2594]  Loss -0.1184 (-0.4054)  Time:  0.161 (0.013)  Data Time:  0.004 (0.005)
2022-03-30 07:55:14,341:INFO:   Eta: 1:53:09
2022-03-30 07:55:42,815:INFO: Train: [45][2593/2594]  Loss -0.0977 (-0.3973)  Time:  0.162 (0.011)  Data Time:  0.004 (0.004)
2022-03-30 07:55:42,816:INFO:   Eta: 1:37:14
2022-03-30 07:56:10,706:INFO: Train: [46][2593/2594]  Loss -0.0944 (-0.3917)  Time:  0.146 (0.011)  Data Time:  0.003 (0.003)
2022-03-30 07:56:10,707:INFO:   Eta: 1:34:46
2022-03-30 07:56:36,253:INFO: Train: [47][2593/2594]  Loss -0.1198 (-0.4159)  Time:  0.161 (0.010)  Data Time:  0.002 (0.003)
2022-03-30 07:56:36,254:INFO:   Eta: 1:26:22
2022-03-30 07:57:06,299:INFO: Train: [48][2593/2594]  Loss -0.0992 (-0.3864)  Time:  0.175 (0.012)  Data Time:  0.005 (0.004)
2022-03-30 07:57:06,300:INFO:   Eta: 1:41:05
2022-03-30 07:57:38,263:INFO: Train: [49][2593/2594]  Loss -0.0991 (-0.3649)  Time:  0.163 (0.012)  Data Time:  0.005 (0.005)
2022-03-30 07:57:38,264:INFO:   Eta: 1:47:01
2022-03-30 07:58:11,865:INFO: Train: [50][2593/2594]  Loss -0.1242 (-0.3817)  Time:  0.172 (0.013)  Data Time:  0.004 (0.005)
2022-03-30 07:58:11,866:INFO:   Eta: 1:51:56
2022-03-30 07:58:22,467:INFO: Test: [50]  ADE: 1.1562  FDE: 1.8774
2022-03-30 07:58:55,705:INFO: Train: [51][2593/2594]  Loss -0.1308 (-0.3932)  Time:  0.174 (0.013)  Data Time:  0.004 (0.005)
2022-03-30 07:58:55,706:INFO:   Eta: 1:50:11
2022-03-30 07:59:28,728:INFO: Train: [52][2593/2594]  Loss -0.0858 (-0.3881)  Time:  0.180 (0.013)  Data Time:  0.005 (0.005)
2022-03-30 07:59:28,730:INFO:   Eta: 1:48:54
2022-03-30 08:00:01,708:INFO: Train: [53][2593/2594]  Loss -0.1309 (-0.3813)  Time:  0.178 (0.013)  Data Time:  0.005 (0.005)
2022-03-30 08:00:01,709:INFO:   Eta: 1:48:13
2022-03-30 08:00:34,357:INFO: Train: [54][2593/2594]  Loss -0.1255 (-0.4429)  Time:  0.188 (0.013)  Data Time:  0.005 (0.005)
2022-03-30 08:00:34,358:INFO:   Eta: 1:46:35
2022-03-30 08:01:06,787:INFO: Train: [55][2593/2594]  Loss -0.0995 (-0.4318)  Time:  0.176 (0.012)  Data Time:  0.004 (0.005)
2022-03-30 08:01:06,788:INFO:   Eta: 1:45:20
2022-03-30 08:01:34,104:INFO: Train: [56][2593/2594]  Loss -0.0997 (-0.4052)  Time:  0.162 (0.011)  Data Time:  0.002 (0.003)
2022-03-30 08:01:34,105:INFO:   Eta: 1:28:15
2022-03-30 08:02:00,858:INFO: Train: [57][2593/2594]  Loss -0.1204 (-0.3680)  Time:  0.179 (0.010)  Data Time:  0.004 (0.003)
2022-03-30 08:02:00,860:INFO:   Eta: 1:26:00
2022-03-30 08:02:29,552:INFO: Train: [58][2593/2594]  Loss -0.1057 (-0.3932)  Time:  0.147 (0.011)  Data Time:  0.003 (0.004)
2022-03-30 08:02:29,553:INFO:   Eta: 1:31:45
2022-03-30 08:02:59,361:INFO: Train: [59][2593/2594]  Loss -0.1372 (-0.4041)  Time:  0.172 (0.011)  Data Time:  0.006 (0.004)
2022-03-30 08:02:59,362:INFO:   Eta: 1:34:50
2022-03-30 08:03:31,965:INFO: Train: [60][2593/2594]  Loss -0.1030 (-0.4053)  Time:  0.171 (0.013)  Data Time:  0.004 (0.005)
2022-03-30 08:03:31,967:INFO:   Eta: 1:43:11
2022-03-30 08:03:42,224:INFO: Test: [60]  ADE: 1.1404  FDE: 1.8500
2022-03-30 08:04:14,545:INFO: Train: [61][2593/2594]  Loss -0.0611 (-0.4362)  Time:  0.179 (0.012)  Data Time:  0.005 (0.005)
2022-03-30 08:04:14,547:INFO:   Eta: 1:41:45
2022-03-30 08:04:46,915:INFO: Train: [62][2593/2594]  Loss -0.1649 (-0.3969)  Time:  0.165 (0.012)  Data Time:  0.004 (0.005)
2022-03-30 08:04:46,939:INFO:   Eta: 1:41:20
2022-03-30 08:05:20,469:INFO: Train: [63][2593/2594]  Loss -0.1303 (-0.4118)  Time:  0.185 (0.013)  Data Time:  0.005 (0.005)
2022-03-30 08:05:20,470:INFO:   Eta: 1:44:09
2022-03-30 08:05:53,565:INFO: Train: [64][2593/2594]  Loss -0.1206 (-0.3853)  Time:  0.176 (0.013)  Data Time:  0.005 (0.005)
2022-03-30 08:05:53,566:INFO:   Eta: 1:42:32
2022-03-30 08:06:25,255:INFO: Train: [65][2593/2594]  Loss -0.1200 (-0.3573)  Time:  0.175 (0.012)  Data Time:  0.004 (0.004)
2022-03-30 08:06:25,262:INFO:   Eta: 1:37:38
2022-03-30 08:06:54,530:INFO: Train: [66][2593/2594]  Loss -0.0590 (-0.3886)  Time:  0.172 (0.011)  Data Time:  0.005 (0.004)
2022-03-30 08:06:54,531:INFO:   Eta: 1:29:41
2022-03-30 08:07:25,525:INFO: Train: [67][2593/2594]  Loss -0.1275 (-0.4063)  Time:  0.149 (0.012)  Data Time:  0.003 (0.004)
2022-03-30 08:07:25,526:INFO:   Eta: 1:34:29
2022-03-30 08:07:54,953:INFO: Train: [68][2593/2594]  Loss -0.1195 (-0.4269)  Time:  0.171 (0.011)  Data Time:  0.003 (0.004)
2022-03-30 08:07:54,955:INFO:   Eta: 1:29:12
2022-03-30 08:08:23,385:INFO: Train: [69][2593/2594]  Loss -0.1123 (-0.3884)  Time:  0.155 (0.011)  Data Time:  0.003 (0.004)
2022-03-30 08:08:23,387:INFO:   Eta: 1:25:42
2022-03-30 08:08:52,684:INFO: Train: [70][2593/2594]  Loss -0.1008 (-0.4037)  Time:  0.179 (0.011)  Data Time:  0.005 (0.004)
2022-03-30 08:08:52,684:INFO:   Eta: 1:27:50
2022-03-30 08:09:03,140:INFO: Test: [70]  ADE: 1.1512  FDE: 1.8661
2022-03-30 08:09:35,864:INFO: Train: [71][2593/2594]  Loss -0.1282 (-0.4102)  Time:  0.184 (0.013)  Data Time:  0.005 (0.005)
2022-03-30 08:09:35,865:INFO:   Eta: 1:37:33
2022-03-30 08:10:08,452:INFO: Train: [72][2593/2594]  Loss -0.0799 (-0.4108)  Time:  0.173 (0.013)  Data Time:  0.005 (0.005)
2022-03-30 08:10:08,452:INFO:   Eta: 1:36:37
2022-03-30 08:10:40,361:INFO: Train: [73][2593/2594]  Loss -0.1179 (-0.4092)  Time:  0.197 (0.012)  Data Time:  0.006 (0.004)
2022-03-30 08:10:40,362:INFO:   Eta: 1:34:05
2022-03-30 08:11:11,979:INFO: Train: [74][2593/2594]  Loss -0.0985 (-0.3947)  Time:  0.204 (0.012)  Data Time:  0.004 (0.004)
2022-03-30 08:11:11,980:INFO:   Eta: 1:32:42
2022-03-30 08:11:41,367:INFO: Train: [75][2593/2594]  Loss -0.1207 (-0.4122)  Time:  0.164 (0.011)  Data Time:  0.005 (0.004)
2022-03-30 08:11:41,368:INFO:   Eta: 1:25:40
2022-03-30 08:12:13,681:INFO: Train: [76][2593/2594]  Loss -0.1217 (-0.3970)  Time:  0.163 (0.012)  Data Time:  0.005 (0.005)
2022-03-30 08:12:13,682:INFO:   Eta: 1:33:40
2022-03-30 08:12:47,504:INFO: Train: [77][2593/2594]  Loss -0.1310 (-0.4275)  Time:  0.179 (0.013)  Data Time:  0.005 (0.005)
2022-03-30 08:12:47,504:INFO:   Eta: 1:37:28
2022-03-30 08:13:19,362:INFO: Train: [78][2593/2594]  Loss -0.1240 (-0.3822)  Time:  0.160 (0.012)  Data Time:  0.004 (0.004)
2022-03-30 08:13:19,363:INFO:   Eta: 1:31:17
2022-03-30 08:13:48,757:INFO: Train: [79][2593/2594]  Loss -0.1082 (-0.4225)  Time:  0.171 (0.011)  Data Time:  0.004 (0.004)
2022-03-30 08:13:48,758:INFO:   Eta: 1:23:43
2022-03-30 08:14:18,703:INFO: Train: [80][2593/2594]  Loss -0.0744 (-0.4317)  Time:  0.153 (0.012)  Data Time:  0.003 (0.004)
2022-03-30 08:14:18,705:INFO:   Eta: 1:24:47
2022-03-30 08:14:28,629:INFO: Test: [80]  ADE: 1.1552  FDE: 1.8814
2022-03-30 08:14:58,486:INFO: Train: [81][2593/2594]  Loss -0.1129 (-0.4338)  Time:  0.160 (0.012)  Data Time:  0.004 (0.004)
2022-03-30 08:14:58,487:INFO:   Eta: 1:24:03
2022-03-30 08:15:31,101:INFO: Train: [82][2593/2594]  Loss -0.0957 (-0.4324)  Time:  0.184 (0.013)  Data Time:  0.005 (0.004)
2022-03-30 08:15:31,102:INFO:   Eta: 1:31:16
2022-03-30 08:16:02,058:INFO: Train: [83][2593/2594]  Loss -0.1510 (-0.4126)  Time:  0.154 (0.012)  Data Time:  0.004 (0.004)
2022-03-30 08:16:02,059:INFO:   Eta: 1:26:07
2022-03-30 08:16:31,160:INFO: Train: [84][2593/2594]  Loss -0.0788 (-0.3970)  Time:  0.181 (0.011)  Data Time:  0.004 (0.004)
2022-03-30 08:16:31,161:INFO:   Eta: 1:20:27
2022-03-30 08:17:03,036:INFO: Train: [85][2593/2594]  Loss -0.0978 (-0.4139)  Time:  0.182 (0.012)  Data Time:  0.005 (0.005)
2022-03-30 08:17:03,047:INFO:   Eta: 1:27:36
2022-03-30 08:17:35,289:INFO: Train: [86][2593/2594]  Loss -0.1444 (-0.4060)  Time:  0.163 (0.012)  Data Time:  0.004 (0.005)
2022-03-30 08:17:35,290:INFO:   Eta: 1:27:58
2022-03-30 08:18:08,352:INFO: Train: [87][2593/2594]  Loss -0.1281 (-0.3751)  Time:  0.171 (0.013)  Data Time:  0.003 (0.005)
2022-03-30 08:18:08,353:INFO:   Eta: 1:29:46
2022-03-30 08:18:41,029:INFO: Train: [88][2593/2594]  Loss -0.0952 (-0.4116)  Time:  0.182 (0.013)  Data Time:  0.005 (0.005)
2022-03-30 08:18:41,031:INFO:   Eta: 1:28:11
2022-03-30 08:19:13,805:INFO: Train: [89][2593/2594]  Loss -0.1565 (-0.3936)  Time:  0.148 (0.013)  Data Time:  0.004 (0.005)
2022-03-30 08:19:13,806:INFO:   Eta: 1:27:53
2022-03-30 08:19:43,249:INFO: Train: [90][2593/2594]  Loss -0.0916 (-0.4197)  Time:  0.182 (0.011)  Data Time:  0.003 (0.004)
2022-03-30 08:19:43,249:INFO:   Eta: 1:18:28
2022-03-30 08:19:53,257:INFO: Test: [90]  ADE: 1.1591  FDE: 1.8812
2022-03-30 08:20:22,689:INFO: Train: [91][2593/2594]  Loss -0.0638 (-0.4236)  Time:  0.167 (0.011)  Data Time:  0.004 (0.004)
2022-03-30 08:20:22,690:INFO:   Eta: 1:17:57
2022-03-30 08:20:50,664:INFO: Train: [92][2593/2594]  Loss -0.1329 (-0.4100)  Time:  0.191 (0.011)  Data Time:  0.004 (0.003)
2022-03-30 08:20:50,666:INFO:   Eta: 1:13:37
2022-03-30 08:21:20,436:INFO: Train: [93][2593/2594]  Loss -0.1451 (-0.3988)  Time:  0.159 (0.011)  Data Time:  0.004 (0.004)
2022-03-30 08:21:20,437:INFO:   Eta: 1:17:49
2022-03-30 08:21:52,431:INFO: Train: [94][2593/2594]  Loss -0.0654 (-0.4055)  Time:  0.174 (0.012)  Data Time:  0.005 (0.004)
2022-03-30 08:21:52,433:INFO:   Eta: 1:23:08
2022-03-30 08:22:25,285:INFO: Train: [95][2593/2594]  Loss -0.0304 (-0.3730)  Time:  0.165 (0.013)  Data Time:  0.004 (0.005)
2022-03-30 08:22:25,286:INFO:   Eta: 1:24:49
2022-03-30 08:22:58,531:INFO: Train: [96][2593/2594]  Loss -0.0763 (-0.4139)  Time:  0.171 (0.013)  Data Time:  0.004 (0.005)
2022-03-30 08:22:58,533:INFO:   Eta: 1:25:17
2022-03-30 08:23:31,414:INFO: Train: [97][2593/2594]  Loss -0.0790 (-0.3579)  Time:  0.176 (0.013)  Data Time:  0.005 (0.005)
2022-03-30 08:23:31,415:INFO:   Eta: 1:23:45
2022-03-30 08:24:04,345:INFO: Train: [98][2593/2594]  Loss -0.1266 (-0.4072)  Time:  0.165 (0.013)  Data Time:  0.004 (0.005)
2022-03-30 08:24:04,346:INFO:   Eta: 1:23:22
2022-03-30 08:24:37,436:INFO: Train: [99][2593/2594]  Loss -0.1166 (-0.3786)  Time:  0.162 (0.013)  Data Time:  0.005 (0.005)
2022-03-30 08:24:37,438:INFO:   Eta: 1:23:14
2022-03-30 08:25:10,396:INFO: Train: [100][2593/2594]  Loss -0.1242 (-0.4086)  Time:  0.189 (0.013)  Data Time:  0.005 (0.005)
2022-03-30 08:25:10,398:INFO:   Eta: 1:22:21
2022-03-30 08:25:20,654:INFO: Test: [100]  ADE: 1.1642  FDE: 1.8972
2022-03-30 08:25:48,441:INFO: Train: [101][2593/2594]  Loss -0.1221 (-0.4345)  Time:  0.140 (0.011)  Data Time:  0.003 (0.003)
2022-03-30 08:25:48,441:INFO:   Eta: 1:08:57
2022-03-30 08:26:14,926:INFO: Train: [102][2593/2594]  Loss -0.0841 (-0.3836)  Time:  0.141 (0.010)  Data Time:  0.002 (0.003)
2022-03-30 08:26:14,928:INFO:   Eta: 1:05:17
2022-03-30 08:26:41,771:INFO: Train: [103][2593/2594]  Loss -0.1290 (-0.3825)  Time:  0.158 (0.010)  Data Time:  0.004 (0.003)
2022-03-30 08:26:41,772:INFO:   Eta: 1:05:43
2022-03-30 08:27:13,154:INFO: Train: [104][2593/2594]  Loss -0.0806 (-0.3644)  Time:  0.165 (0.012)  Data Time:  0.002 (0.004)
2022-03-30 08:27:13,156:INFO:   Eta: 1:16:19
2022-03-30 08:27:46,174:INFO: Train: [105][2593/2594]  Loss -0.1214 (-0.4127)  Time:  0.174 (0.013)  Data Time:  0.005 (0.005)
2022-03-30 08:27:46,176:INFO:   Eta: 1:19:42
2022-03-30 08:28:19,419:INFO: Train: [106][2593/2594]  Loss -0.1392 (-0.4215)  Time:  0.176 (0.013)  Data Time:  0.004 (0.005)
2022-03-30 08:28:19,420:INFO:   Eta: 1:19:44
2022-03-30 08:28:52,520:INFO: Train: [107][2593/2594]  Loss -0.1350 (-0.3934)  Time:  0.169 (0.013)  Data Time:  0.004 (0.005)
2022-03-30 08:28:52,521:INFO:   Eta: 1:18:50
2022-03-30 08:29:25,578:INFO: Train: [108][2593/2594]  Loss -0.1585 (-0.4078)  Time:  0.193 (0.013)  Data Time:  0.004 (0.005)
2022-03-30 08:29:25,580:INFO:   Eta: 1:18:11
2022-03-30 08:29:58,641:INFO: Train: [109][2593/2594]  Loss -0.1136 (-0.3596)  Time:  0.172 (0.013)  Data Time:  0.004 (0.005)
2022-03-30 08:29:58,643:INFO:   Eta: 1:17:36
2022-03-30 08:30:31,376:INFO: Train: [110][2593/2594]  Loss -0.1270 (-0.4003)  Time:  0.168 (0.013)  Data Time:  0.004 (0.005)
2022-03-30 08:30:31,377:INFO:   Eta: 1:16:20
2022-03-30 08:30:41,642:INFO: Test: [110]  ADE: 1.1480  FDE: 1.8629
2022-03-30 08:31:11,954:INFO: Train: [111][2593/2594]  Loss -0.1320 (-0.3989)  Time:  0.188 (0.012)  Data Time:  0.004 (0.004)
2022-03-30 08:31:11,955:INFO:   Eta: 1:10:10
2022-03-30 08:31:40,523:INFO: Train: [112][2593/2594]  Loss -0.1113 (-0.3984)  Time:  0.159 (0.011)  Data Time:  0.003 (0.003)
2022-03-30 08:31:40,525:INFO:   Eta: 1:05:39
2022-03-30 08:32:09,715:INFO: Train: [113][2593/2594]  Loss -0.0827 (-0.4160)  Time:  0.151 (0.011)  Data Time:  0.003 (0.004)
2022-03-30 08:32:09,716:INFO:   Eta: 1:06:36
2022-03-30 08:32:38,793:INFO: Train: [114][2593/2594]  Loss -0.0931 (-0.4187)  Time:  0.158 (0.011)  Data Time:  0.005 (0.004)
2022-03-30 08:32:38,795:INFO:   Eta: 1:05:52
2022-03-30 08:33:09,702:INFO: Train: [115][2593/2594]  Loss -0.1059 (-0.3945)  Time:  0.177 (0.012)  Data Time:  0.005 (0.004)
2022-03-30 08:33:09,702:INFO:   Eta: 1:09:30
2022-03-30 08:33:42,769:INFO: Train: [116][2593/2594]  Loss -0.0765 (-0.3836)  Time:  0.169 (0.013)  Data Time:  0.005 (0.005)
2022-03-30 08:33:42,770:INFO:   Eta: 1:13:48
2022-03-30 08:34:15,597:INFO: Train: [117][2593/2594]  Loss -0.1239 (-0.4089)  Time:  0.195 (0.013)  Data Time:  0.014 (0.005)
2022-03-30 08:34:15,598:INFO:   Eta: 1:12:44
2022-03-30 08:34:48,840:INFO: Train: [118][2593/2594]  Loss -0.0846 (-0.4026)  Time:  0.181 (0.013)  Data Time:  0.002 (0.005)
2022-03-30 08:34:48,842:INFO:   Eta: 1:13:05
2022-03-30 08:35:22,326:INFO: Train: [119][2593/2594]  Loss -0.1160 (-0.4007)  Time:  0.191 (0.013)  Data Time:  0.005 (0.005)
2022-03-30 08:35:22,327:INFO:   Eta: 1:13:03
2022-03-30 08:35:52,905:INFO: Train: [120][2593/2594]  Loss -0.0780 (-0.3810)  Time:  0.152 (0.012)  Data Time:  0.004 (0.004)
2022-03-30 08:35:52,907:INFO:   Eta: 1:06:13
2022-03-30 08:36:02,907:INFO: Test: [120]  ADE: 1.1559  FDE: 1.8806
2022-03-30 08:36:34,050:INFO: Train: [121][2593/2594]  Loss -0.1191 (-0.4206)  Time:  0.194 (0.012)  Data Time:  0.004 (0.004)
2022-03-30 08:36:34,051:INFO:   Eta: 1:06:55
2022-03-30 08:37:05,770:INFO: Train: [122][2593/2594]  Loss -0.0859 (-0.4170)  Time:  0.172 (0.012)  Data Time:  0.004 (0.005)
2022-03-30 08:37:05,771:INFO:   Eta: 1:07:38
2022-03-30 08:37:35,712:INFO: Train: [123][2593/2594]  Loss -0.0953 (-0.4206)  Time:  0.153 (0.012)  Data Time:  0.004 (0.004)
2022-03-30 08:37:35,713:INFO:   Eta: 1:03:20
2022-03-30 08:38:04,293:INFO: Train: [124][2593/2594]  Loss -0.1210 (-0.3937)  Time:  0.174 (0.011)  Data Time:  0.004 (0.004)
2022-03-30 08:38:04,295:INFO:   Eta: 0:59:59
2022-03-30 08:38:33,659:INFO: Train: [125][2593/2594]  Loss -0.1315 (-0.4280)  Time:  0.154 (0.011)  Data Time:  0.004 (0.004)
2022-03-30 08:38:33,661:INFO:   Eta: 1:01:08
2022-03-30 08:39:03,834:INFO: Train: [126][2593/2594]  Loss -0.1455 (-0.4090)  Time:  0.169 (0.012)  Data Time:  0.004 (0.004)
2022-03-30 08:39:03,835:INFO:   Eta: 1:02:19
2022-03-30 08:39:37,129:INFO: Train: [127][2593/2594]  Loss -0.1133 (-0.4203)  Time:  0.185 (0.013)  Data Time:  0.005 (0.005)
2022-03-30 08:39:37,130:INFO:   Eta: 1:08:13
2022-03-30 08:40:10,113:INFO: Train: [128][2593/2594]  Loss -0.1234 (-0.3889)  Time:  0.177 (0.013)  Data Time:  0.005 (0.005)
2022-03-30 08:40:10,115:INFO:   Eta: 1:07:01
2022-03-30 08:40:41,247:INFO: Train: [129][2593/2594]  Loss -0.0950 (-0.4168)  Time:  0.200 (0.012)  Data Time:  0.004 (0.004)
2022-03-30 08:40:41,249:INFO:   Eta: 1:02:45
2022-03-30 08:41:11,539:INFO: Train: [130][2593/2594]  Loss -0.1040 (-0.4129)  Time:  0.163 (0.012)  Data Time:  0.005 (0.004)
2022-03-30 08:41:11,540:INFO:   Eta: 1:00:32
2022-03-30 08:41:21,984:INFO: Test: [130]  ADE: 1.1535  FDE: 1.8671
2022-03-30 08:41:54,264:INFO: Train: [131][2593/2594]  Loss -0.1292 (-0.3974)  Time:  0.168 (0.012)  Data Time:  0.004 (0.004)
2022-03-30 08:41:54,265:INFO:   Eta: 1:03:59
2022-03-30 08:42:26,892:INFO: Train: [132][2593/2594]  Loss -0.1115 (-0.4119)  Time:  0.175 (0.013)  Data Time:  0.005 (0.005)
2022-03-30 08:42:26,893:INFO:   Eta: 1:04:08
2022-03-30 08:42:58,448:INFO: Train: [133][2593/2594]  Loss -0.0650 (-0.4274)  Time:  0.176 (0.012)  Data Time:  0.004 (0.005)
2022-03-30 08:42:58,449:INFO:   Eta: 1:01:29
2022-03-30 08:43:28,803:INFO: Train: [134][2593/2594]  Loss -0.1428 (-0.4172)  Time:  0.160 (0.012)  Data Time:  0.003 (0.004)
2022-03-30 08:43:28,804:INFO:   Eta: 0:58:39
2022-03-30 08:43:56,616:INFO: Train: [135][2593/2594]  Loss -0.1175 (-0.4266)  Time:  0.150 (0.011)  Data Time:  0.004 (0.004)
2022-03-30 08:43:56,617:INFO:   Eta: 0:53:16
2022-03-30 08:44:24,555:INFO: Train: [136][2593/2594]  Loss -0.1443 (-0.4146)  Time:  0.146 (0.011)  Data Time:  0.004 (0.004)
2022-03-30 08:44:24,556:INFO:   Eta: 0:53:03
2022-03-30 08:44:53,018:INFO: Train: [137][2593/2594]  Loss -0.1300 (-0.3916)  Time:  0.157 (0.011)  Data Time:  0.005 (0.004)
2022-03-30 08:44:53,019:INFO:   Eta: 0:53:34
2022-03-30 08:45:24,420:INFO: Train: [138][2593/2594]  Loss -0.1234 (-0.4294)  Time:  0.154 (0.012)  Data Time:  0.004 (0.005)
2022-03-30 08:45:24,421:INFO:   Eta: 0:58:35
2022-03-30 08:45:53,558:INFO: Train: [139][2593/2594]  Loss -0.0986 (-0.4038)  Time:  0.160 (0.011)  Data Time:  0.006 (0.004)
2022-03-30 08:45:53,608:INFO:   Eta: 0:53:52
2022-03-30 08:46:25,577:INFO: Train: [140][2593/2594]  Loss -0.1307 (-0.4185)  Time:  0.175 (0.012)  Data Time:  0.004 (0.005)
2022-03-30 08:46:25,577:INFO:   Eta: 0:58:24
2022-03-30 08:46:35,497:INFO: Test: [140]  ADE: 1.1535  FDE: 1.8794
2022-03-30 08:47:06,907:INFO: Train: [141][2593/2594]  Loss -0.1375 (-0.4144)  Time:  0.156 (0.012)  Data Time:  0.004 (0.005)
2022-03-30 08:47:06,908:INFO:   Eta: 0:57:02
2022-03-30 08:47:38,881:INFO: Train: [142][2593/2594]  Loss -0.1085 (-0.4285)  Time:  0.154 (0.012)  Data Time:  0.004 (0.005)
2022-03-30 08:47:38,882:INFO:   Eta: 0:57:31
2022-03-30 08:48:10,203:INFO: Train: [143][2593/2594]  Loss -0.0485 (-0.4034)  Time:  0.164 (0.012)  Data Time:  0.005 (0.004)
2022-03-30 08:48:10,338:INFO:   Eta: 0:55:49
2022-03-30 08:48:44,342:INFO: Train: [144][2593/2594]  Loss -0.1322 (-0.4123)  Time:  0.178 (0.012)  Data Time:  0.004 (0.004)
2022-03-30 08:48:44,343:INFO:   Eta: 0:56:20
2022-03-30 08:49:14,995:INFO: Train: [145][2593/2594]  Loss -0.1464 (-0.4021)  Time:  0.142 (0.012)  Data Time:  0.004 (0.004)
2022-03-30 08:49:14,996:INFO:   Eta: 0:53:37
2022-03-30 08:49:43,036:INFO: Train: [146][2593/2594]  Loss -0.1159 (-0.4338)  Time:  0.152 (0.011)  Data Time:  0.003 (0.004)
2022-03-30 08:49:43,277:INFO:   Eta: 0:48:34
2022-03-30 08:50:13,723:INFO: Train: [147][2593/2594]  Loss -0.1241 (-0.4365)  Time:  0.160 (0.011)  Data Time:  0.004 (0.004)
2022-03-30 08:50:14,019:INFO:   Eta: 0:47:26
2022-03-30 08:50:44,877:INFO: Train: [148][2593/2594]  Loss -0.1472 (-0.4166)  Time:  0.179 (0.011)  Data Time:  0.005 (0.004)
2022-03-30 08:50:44,878:INFO:   Eta: 0:47:47
2022-03-30 08:51:14,963:INFO: Train: [149][2593/2594]  Loss -0.1271 (-0.4362)  Time:  0.168 (0.012)  Data Time:  0.004 (0.004)
2022-03-30 08:51:14,964:INFO:   Eta: 0:50:37
2022-03-30 08:51:45,411:INFO: Train: [150][2593/2594]  Loss -0.1411 (-0.4201)  Time:  0.166 (0.012)  Data Time:  0.004 (0.004)
2022-03-30 08:51:45,412:INFO:   Eta: 0:50:43
2022-03-30 08:51:55,554:INFO: Test: [150]  ADE: 1.1469  FDE: 1.8684
2022-03-30 08:52:26,567:INFO: Train: [151][2593/2594]  Loss -0.1188 (-0.4317)  Time:  0.168 (0.012)  Data Time:  0.004 (0.004)
2022-03-30 08:52:26,568:INFO:   Eta: 0:51:08
2022-03-30 08:52:32,321:INFO: Valid: [151][620/621]  Loss -2.3501 (-1.3340)
2022-03-30 08:52:32,339:INFO: Checkpoint saved...
2022-03-30 08:53:04,719:INFO: Train: [152][2593/2594]  Loss -0.0995 (-0.3899)  Time:  0.181 (0.012)  Data Time:  0.006 (0.005)
2022-03-30 08:53:04,720:INFO:   Eta: 0:52:50
2022-03-30 08:53:10,328:INFO: Valid: [152][620/621]  Loss -2.3522 (-1.3356)
2022-03-30 08:53:10,339:INFO: Checkpoint saved...
2022-03-30 08:53:40,434:INFO: Train: [153][2593/2594]  Loss -0.1331 (-0.4195)  Time:  0.153 (0.012)  Data Time:  0.003 (0.004)
2022-03-30 08:53:40,590:INFO:   Eta: 0:48:36
2022-03-30 08:53:45,764:INFO: Valid: [153][620/621]  Loss -2.3579 (-1.3397)
2022-03-30 08:53:46,218:INFO: Checkpoint saved...
2022-03-30 08:54:19,910:INFO: Train: [154][2593/2594]  Loss -0.1616 (-0.4048)  Time:  0.186 (0.013)  Data Time:  0.006 (0.005)
2022-03-30 08:54:19,912:INFO:   Eta: 0:53:01
2022-03-30 08:54:26,032:INFO: Valid: [154][620/621]  Loss -2.3647 (-1.3449)
2022-03-30 08:54:26,223:INFO: Checkpoint saved...
2022-03-30 08:54:57,777:INFO: Train: [155][2593/2594]  Loss -0.1164 (-0.4312)  Time:  0.179 (0.012)  Data Time:  0.005 (0.005)
2022-03-30 08:54:57,837:INFO:   Eta: 0:49:53
2022-03-30 08:55:03,504:INFO: Valid: [155][620/621]  Loss -2.3315 (-1.3202)
2022-03-30 08:55:33,637:INFO: Train: [156][2593/2594]  Loss -0.0660 (-0.4273)  Time:  0.143 (0.011)  Data Time:  0.001 (0.004)
2022-03-30 08:55:33,638:INFO:   Eta: 0:43:44
2022-03-30 08:55:39,621:INFO: Valid: [156][620/621]  Loss -2.3623 (-1.3429)
2022-03-30 08:56:09,235:INFO: Train: [157][2593/2594]  Loss -0.1150 (-0.4279)  Time:  0.150 (0.011)  Data Time:  0.003 (0.004)
2022-03-30 08:56:09,237:INFO:   Eta: 0:45:51
2022-03-30 08:56:15,342:INFO: Valid: [157][620/621]  Loss -2.3386 (-1.3244)
2022-03-30 08:56:44,256:INFO: Train: [158][2593/2594]  Loss -0.1674 (-0.4313)  Time:  0.157 (0.011)  Data Time:  0.004 (0.003)
2022-03-30 08:56:44,257:INFO:   Eta: 0:44:17
2022-03-30 08:56:50,314:INFO: Valid: [158][620/621]  Loss -2.3608 (-1.3415)
2022-03-30 08:57:20,614:INFO: Train: [159][2593/2594]  Loss -0.1438 (-0.4334)  Time:  0.162 (0.012)  Data Time:  0.005 (0.004)
2022-03-30 08:57:20,616:INFO:   Eta: 0:45:54
2022-03-30 08:57:26,712:INFO: Valid: [159][620/621]  Loss -2.3603 (-1.3409)
2022-03-30 08:57:59,722:INFO: Train: [160][2593/2594]  Loss -0.1264 (-0.4585)  Time:  0.176 (0.013)  Data Time:  0.005 (0.005)
2022-03-30 08:57:59,723:INFO:   Eta: 0:49:27
2022-03-30 08:58:05,627:INFO: Valid: [160][620/621]  Loss -2.3541 (-1.3358)
2022-03-30 08:58:15,589:INFO: Test: [160]  ADE: 1.1527  FDE: 1.8790
2022-03-30 08:58:47,795:INFO: Train: [161][2593/2594]  Loss -0.0318 (-0.2763)  Time:  0.176 (0.012)  Data Time:  0.004 (0.004)
2022-03-30 08:58:48,339:INFO:   Eta: 0:47:44
2022-03-30 08:58:54,325:INFO: Valid: [161][620/621]  Loss -2.3572 (-1.3386)
2022-03-30 08:59:27,234:INFO: Train: [162][2593/2594]  Loss -0.0787 (-0.4019)  Time:  0.178 (0.013)  Data Time:  0.006 (0.005)
2022-03-30 08:59:27,235:INFO:   Eta: 0:47:59
2022-03-30 08:59:33,279:INFO: Valid: [162][620/621]  Loss -2.3473 (-1.3310)
2022-03-30 09:00:06,392:INFO: Train: [163][2593/2594]  Loss -0.0851 (-0.4043)  Time:  0.163 (0.013)  Data Time:  0.005 (0.005)
2022-03-30 09:00:06,394:INFO:   Eta: 0:47:57
2022-03-30 09:00:12,204:INFO: Valid: [163][620/621]  Loss -2.3425 (-1.3274)
2022-03-30 09:00:44,683:INFO: Train: [164][2593/2594]  Loss -0.1590 (-0.4361)  Time:  0.188 (0.013)  Data Time:  0.005 (0.005)
2022-03-30 09:00:44,684:INFO:   Eta: 0:46:30
2022-03-30 09:00:50,721:INFO: Valid: [164][620/621]  Loss -2.3598 (-1.3400)
2022-03-30 09:01:20,154:INFO: Train: [165][2593/2594]  Loss -0.1148 (-0.4179)  Time:  0.169 (0.011)  Data Time:  0.004 (0.004)
2022-03-30 09:01:20,156:INFO:   Eta: 0:41:39
2022-03-30 09:01:25,817:INFO: Valid: [165][620/621]  Loss -2.3532 (-1.3354)
2022-03-30 09:01:54,210:INFO: Train: [166][2593/2594]  Loss -0.1006 (-0.4305)  Time:  0.149 (0.011)  Data Time:  0.003 (0.004)
2022-03-30 09:01:54,277:INFO:   Eta: 0:39:42
2022-03-30 09:01:59,825:INFO: Valid: [166][620/621]  Loss -2.3403 (-1.3257)
2022-03-30 09:02:27,734:INFO: Train: [167][2593/2594]  Loss -0.1256 (-0.4458)  Time:  0.136 (0.011)  Data Time:  0.004 (0.003)
2022-03-30 09:02:27,735:INFO:   Eta: 0:38:14
2022-03-30 09:02:33,534:INFO: Valid: [167][620/621]  Loss -2.3575 (-1.3387)
2022-03-30 09:03:02,292:INFO: Train: [168][2593/2594]  Loss -0.1305 (-0.4259)  Time:  0.198 (0.011)  Data Time:  0.005 (0.004)
2022-03-30 09:03:02,355:INFO:   Eta: 0:39:15
2022-03-30 09:03:08,270:INFO: Valid: [168][620/621]  Loss -2.3531 (-1.3357)
2022-03-30 09:03:42,337:INFO: Train: [169][2593/2594]  Loss -0.1112 (-0.4414)  Time:  0.174 (0.013)  Data Time:  0.005 (0.004)
2022-03-30 09:03:42,596:INFO:   Eta: 0:44:27
2022-03-30 09:03:48,595:INFO: Valid: [169][620/621]  Loss -2.3687 (-1.3470)
2022-03-30 09:03:48,626:INFO: Checkpoint saved...
2022-03-30 09:04:20,214:INFO: Train: [170][2593/2594]  Loss -0.1145 (-0.4263)  Time:  0.168 (0.012)  Data Time:  0.004 (0.004)
2022-03-30 09:04:20,284:INFO:   Eta: 0:41:46
2022-03-30 09:04:26,395:INFO: Valid: [170][620/621]  Loss -2.3532 (-1.3353)
2022-03-30 09:04:36,805:INFO: Test: [170]  ADE: 1.1555  FDE: 1.8805
2022-03-30 09:05:09,643:INFO: Train: [171][2593/2594]  Loss -0.1065 (-0.4023)  Time:  0.177 (0.013)  Data Time:  0.005 (0.005)
2022-03-30 09:05:09,644:INFO:   Eta: 0:42:55
2022-03-30 09:05:15,519:INFO: Valid: [171][620/621]  Loss -2.3461 (-1.3301)
2022-03-30 09:05:47,953:INFO: Train: [172][2593/2594]  Loss -0.0972 (-0.4424)  Time:  0.186 (0.012)  Data Time:  0.004 (0.004)
2022-03-30 09:05:47,958:INFO:   Eta: 0:42:06
2022-03-30 09:05:53,938:INFO: Valid: [172][620/621]  Loss -2.3577 (-1.3382)
2022-03-30 09:06:26,341:INFO: Train: [173][2593/2594]  Loss -0.0933 (-0.4067)  Time:  0.166 (0.012)  Data Time:  0.005 (0.004)
2022-03-30 09:06:26,744:INFO:   Eta: 0:41:33
2022-03-30 09:06:32,764:INFO: Valid: [173][620/621]  Loss -2.3413 (-1.3266)
2022-03-30 09:07:06,299:INFO: Train: [174][2593/2594]  Loss -0.0024 (-0.3964)  Time:  0.172 (0.013)  Data Time:  0.004 (0.004)
2022-03-30 09:07:06,300:INFO:   Eta: 0:41:49
2022-03-30 09:07:11,994:INFO: Valid: [174][620/621]  Loss -2.3509 (-1.3333)
2022-03-30 09:07:44,792:INFO: Train: [175][2593/2594]  Loss -0.0545 (-0.4399)  Time:  0.184 (0.013)  Data Time:  0.006 (0.005)
2022-03-30 09:07:44,920:INFO:   Eta: 0:40:57
2022-03-30 09:07:50,897:INFO: Valid: [175][620/621]  Loss -2.3702 (-1.3484)
2022-03-30 09:07:50,998:INFO: Checkpoint saved...
2022-03-30 09:08:19,514:INFO: Train: [176][2593/2594]  Loss -0.0987 (-0.4149)  Time:  0.156 (0.011)  Data Time:  0.001 (0.003)
2022-03-30 09:08:19,635:INFO:   Eta: 0:35:07
2022-03-30 09:08:25,498:INFO: Valid: [176][620/621]  Loss -2.3509 (-1.3337)
2022-03-30 09:08:51,622:INFO: Train: [177][2593/2594]  Loss -0.0480 (-0.4158)  Time:  0.144 (0.010)  Data Time:  0.004 (0.003)
2022-03-30 09:08:51,657:INFO:   Eta: 0:31:44
2022-03-30 09:08:57,174:INFO: Valid: [177][620/621]  Loss -2.3370 (-1.3228)
2022-03-30 09:09:25,854:INFO: Train: [178][2593/2594]  Loss -0.0949 (-0.3776)  Time:  0.163 (0.011)  Data Time:  0.004 (0.004)
2022-03-30 09:09:25,855:INFO:   Eta: 0:34:22
2022-03-30 09:09:31,792:INFO: Valid: [178][620/621]  Loss -2.3419 (-1.3271)
2022-03-30 09:10:03,660:INFO: Train: [179][2593/2594]  Loss -0.0628 (-0.4457)  Time:  0.145 (0.012)  Data Time:  0.004 (0.004)
2022-03-30 09:10:03,661:INFO:   Eta: 0:37:40
2022-03-30 09:10:09,229:INFO: Valid: [179][620/621]  Loss -2.3603 (-1.3405)
2022-03-30 09:10:41,740:INFO: Train: [180][2593/2594]  Loss -0.1405 (-0.4014)  Time:  0.177 (0.013)  Data Time:  0.004 (0.005)
2022-03-30 09:10:42,250:INFO:   Eta: 0:37:53
2022-03-30 09:10:48,501:INFO: Valid: [180][620/621]  Loss -2.3814 (-1.3562)
2022-03-30 09:10:48,522:INFO: Checkpoint saved...
2022-03-30 09:10:59,509:INFO: Test: [180]  ADE: 1.1511  FDE: 1.8691
2022-03-30 09:11:32,991:INFO: Train: [181][2593/2594]  Loss -0.0780 (-0.4217)  Time:  0.176 (0.012)  Data Time:  0.005 (0.004)
2022-03-30 09:11:33,576:INFO:   Eta: 0:37:15
2022-03-30 09:11:39,070:INFO: Valid: [181][620/621]  Loss -2.3408 (-1.3257)
2022-03-30 09:12:11,080:INFO: Train: [182][2593/2594]  Loss -0.0974 (-0.3690)  Time:  0.164 (0.012)  Data Time:  0.005 (0.005)
2022-03-30 09:12:11,125:INFO:   Eta: 0:36:15
2022-03-30 09:12:16,741:INFO: Valid: [182][620/621]  Loss -2.3176 (-1.3083)
2022-03-30 09:12:50,419:INFO: Train: [183][2593/2594]  Loss -0.1477 (-0.4187)  Time:  0.160 (0.012)  Data Time:  0.006 (0.005)
2022-03-30 09:12:50,420:INFO:   Eta: 0:35:09
2022-03-30 09:12:56,038:INFO: Valid: [183][620/621]  Loss -2.3575 (-1.3381)
2022-03-30 09:13:28,580:INFO: Train: [184][2593/2594]  Loss -0.1610 (-0.4249)  Time:  0.196 (0.013)  Data Time:  0.005 (0.005)
2022-03-30 09:13:28,733:INFO:   Eta: 0:35:46
2022-03-30 09:13:34,112:INFO: Valid: [184][620/621]  Loss -2.3544 (-1.3357)
2022-03-30 09:14:04,287:INFO: Train: [185][2593/2594]  Loss -0.1079 (-0.4480)  Time:  0.152 (0.012)  Data Time:  0.003 (0.004)
2022-03-30 09:14:04,288:INFO:   Eta: 0:32:39
2022-03-30 09:14:09,800:INFO: Valid: [185][620/621]  Loss -2.3372 (-1.3233)
2022-03-30 09:14:39,695:INFO: Train: [186][2593/2594]  Loss -0.0707 (-0.4114)  Time:  0.190 (0.012)  Data Time:  0.006 (0.004)
2022-03-30 09:14:39,735:INFO:   Eta: 0:31:51
2022-03-30 09:14:45,434:INFO: Valid: [186][620/621]  Loss -2.3683 (-1.3464)
2022-03-30 09:15:13,885:INFO: Train: [187][2593/2594]  Loss -0.1096 (-0.3963)  Time:  0.148 (0.011)  Data Time:  0.004 (0.003)
2022-03-30 09:15:14,030:INFO:   Eta: 0:29:06
2022-03-30 09:15:19,589:INFO: Valid: [187][620/621]  Loss -2.3287 (-1.3170)
2022-03-30 09:15:50,592:INFO: Train: [188][2593/2594]  Loss -0.1295 (-0.4206)  Time:  0.149 (0.010)  Data Time:  0.002 (0.003)
2022-03-30 09:15:50,776:INFO:   Eta: 0:28:07
2022-03-30 09:15:56,707:INFO: Valid: [188][620/621]  Loss -2.3635 (-1.3427)
2022-03-30 09:16:25,772:INFO: Train: [189][2593/2594]  Loss -0.1183 (-0.3842)  Time:  0.173 (0.010)  Data Time:  0.003 (0.003)
2022-03-30 09:16:25,773:INFO:   Eta: 0:25:40
2022-03-30 09:16:31,808:INFO: Valid: [189][620/621]  Loss -2.3644 (-1.3433)
2022-03-30 09:17:05,023:INFO: Train: [190][2593/2594]  Loss -0.0991 (-0.4281)  Time:  0.207 (0.013)  Data Time:  0.004 (0.005)
2022-03-30 09:17:05,029:INFO:   Eta: 0:33:05
2022-03-30 09:17:11,293:INFO: Valid: [190][620/621]  Loss -2.3607 (-1.3404)
2022-03-30 09:17:21,516:INFO: Test: [190]  ADE: 1.1539  FDE: 1.8814
2022-03-30 09:17:53,313:INFO: Train: [191][2593/2594]  Loss -0.1419 (-0.4139)  Time:  0.170 (0.012)  Data Time:  0.005 (0.004)
2022-03-30 09:17:53,424:INFO:   Eta: 0:31:15
2022-03-30 09:17:59,657:INFO: Valid: [191][620/621]  Loss -2.3403 (-1.3254)
2022-03-30 09:18:31,712:INFO: Train: [192][2593/2594]  Loss -0.1438 (-0.4308)  Time:  0.166 (0.012)  Data Time:  0.004 (0.004)
2022-03-30 09:18:31,713:INFO:   Eta: 0:30:57
2022-03-30 09:18:37,339:INFO: Valid: [192][620/621]  Loss -2.3614 (-1.3413)
2022-03-30 09:19:09,511:INFO: Train: [193][2593/2594]  Loss -0.1437 (-0.4076)  Time:  0.191 (0.012)  Data Time:  0.005 (0.005)
2022-03-30 09:19:09,512:INFO:   Eta: 0:30:31
2022-03-30 09:19:15,580:INFO: Valid: [193][620/621]  Loss -2.3429 (-1.3273)
2022-03-30 09:19:46,701:INFO: Train: [194][2593/2594]  Loss -0.1041 (-0.4375)  Time:  0.165 (0.012)  Data Time:  0.004 (0.004)
2022-03-30 09:19:46,704:INFO:   Eta: 0:29:00
2022-03-30 09:19:52,638:INFO: Valid: [194][620/621]  Loss -2.3312 (-1.3187)
2022-03-30 09:20:22,365:INFO: Train: [195][2593/2594]  Loss -0.0983 (-0.4414)  Time:  0.165 (0.011)  Data Time:  0.005 (0.004)
2022-03-30 09:20:22,366:INFO:   Eta: 0:27:12
2022-03-30 09:20:28,334:INFO: Valid: [195][620/621]  Loss -2.3622 (-1.3418)
2022-03-30 09:21:00,280:INFO: Train: [196][2593/2594]  Loss -0.1510 (-0.4317)  Time:  0.173 (0.012)  Data Time:  0.004 (0.004)
2022-03-30 09:21:00,387:INFO:   Eta: 0:28:43
2022-03-30 09:21:06,139:INFO: Valid: [196][620/621]  Loss -2.3605 (-1.3406)
2022-03-30 09:21:36,976:INFO: Train: [197][2593/2594]  Loss -0.0921 (-0.4018)  Time:  0.156 (0.012)  Data Time:  0.003 (0.004)
2022-03-30 09:21:37,032:INFO:   Eta: 0:27:09
2022-03-30 09:21:42,507:INFO: Valid: [197][620/621]  Loss -2.3578 (-1.3385)
2022-03-30 09:22:08,916:INFO: Train: [198][2593/2594]  Loss -0.0448 (-0.4231)  Time:  0.130 (0.010)  Data Time:  0.002 (0.003)
2022-03-30 09:22:08,960:INFO:   Eta: 0:22:51
2022-03-30 09:22:14,637:INFO: Valid: [198][620/621]  Loss -2.3567 (-1.3375)
2022-03-30 09:22:41,896:INFO: Train: [199][2593/2594]  Loss -0.0830 (-0.4207)  Time:  0.154 (0.010)  Data Time:  0.003 (0.003)
2022-03-30 09:22:41,897:INFO:   Eta: 0:23:08
2022-03-30 09:22:47,419:INFO: Valid: [199][620/621]  Loss -2.3680 (-1.3460)
2022-03-30 09:23:15,611:INFO: Train: [200][2593/2594]  Loss -0.1183 (-0.4354)  Time:  0.148 (0.011)  Data Time:  0.004 (0.004)
2022-03-30 09:23:15,855:INFO:   Eta: 0:23:28
2022-03-30 09:23:21,055:INFO: Valid: [200][620/621]  Loss -2.3680 (-1.3464)
2022-03-30 09:23:31,871:INFO: Test: [200]  ADE: 1.1541  FDE: 1.8776
2022-03-30 09:24:06,059:INFO: Train: [201][2593/2594]  Loss -0.1148 (-0.3789)  Time:  0.181 (0.012)  Data Time:  0.004 (0.004)
2022-03-30 09:24:06,066:INFO:   Eta: 0:26:11
2022-03-30 09:24:12,110:INFO: Valid: [201][620/621]  Loss -2.3641 (-1.3437)
2022-03-30 09:24:46,173:INFO: Train: [202][2593/2594]  Loss -0.1306 (-0.4054)  Time:  0.181 (0.013)  Data Time:  0.005 (0.005)
2022-03-30 09:24:46,175:INFO:   Eta: 0:27:13
2022-03-30 09:24:52,065:INFO: Valid: [202][620/621]  Loss -2.3596 (-1.3396)
2022-03-30 09:25:23,884:INFO: Train: [203][2593/2594]  Loss -0.1446 (-0.3971)  Time:  0.196 (0.012)  Data Time:  0.003 (0.004)
2022-03-30 09:25:23,899:INFO:   Eta: 0:24:53
2022-03-30 09:25:29,679:INFO: Valid: [203][620/621]  Loss -2.3551 (-1.3365)
2022-03-30 09:26:00,224:INFO: Train: [204][2593/2594]  Loss -0.1174 (-0.4494)  Time:  0.194 (0.012)  Data Time:  0.005 (0.004)
2022-03-30 09:26:00,225:INFO:   Eta: 0:23:18
2022-03-30 09:26:06,015:INFO: Valid: [204][620/621]  Loss -2.3610 (-1.3405)
2022-03-30 09:26:38,866:INFO: Train: [205][2593/2594]  Loss -0.1300 (-0.4138)  Time:  0.173 (0.013)  Data Time:  0.005 (0.005)
2022-03-30 09:26:38,867:INFO:   Eta: 0:24:36
2022-03-30 09:26:44,776:INFO: Valid: [205][620/621]  Loss -2.3530 (-1.3347)
2022-03-30 09:27:18,110:INFO: Train: [206][2593/2594]  Loss -0.0640 (-0.3901)  Time:  0.167 (0.013)  Data Time:  0.005 (0.005)
2022-03-30 09:27:18,111:INFO:   Eta: 0:24:25
2022-03-30 09:27:24,038:INFO: Valid: [206][620/621]  Loss -2.3670 (-1.3453)
2022-03-30 09:27:56,001:INFO: Train: [207][2593/2594]  Loss -0.0847 (-0.3717)  Time:  0.151 (0.012)  Data Time:  0.003 (0.004)
2022-03-30 09:27:56,002:INFO:   Eta: 0:22:53
2022-03-30 09:28:01,869:INFO: Valid: [207][620/621]  Loss -2.3583 (-1.3384)
2022-03-30 09:28:33,003:INFO: Train: [208][2593/2594]  Loss -0.1628 (-0.4262)  Time:  0.163 (0.012)  Data Time:  0.004 (0.004)
2022-03-30 09:28:33,004:INFO:   Eta: 0:21:46
2022-03-30 09:28:38,723:INFO: Valid: [208][620/621]  Loss -2.3621 (-1.3410)
2022-03-30 09:29:07,764:INFO: Train: [209][2593/2594]  Loss -0.1642 (-0.4109)  Time:  0.154 (0.011)  Data Time:  0.004 (0.004)
2022-03-30 09:29:07,765:INFO:   Eta: 0:19:49
2022-03-30 09:29:13,333:INFO: Valid: [209][620/621]  Loss -2.3706 (-1.3479)
2022-03-30 09:29:42,079:INFO: Train: [210][2593/2594]  Loss -0.1318 (-0.3625)  Time:  0.195 (0.011)  Data Time:  0.003 (0.004)
2022-03-30 09:29:42,080:INFO:   Eta: 0:19:08
2022-03-30 09:29:47,831:INFO: Valid: [210][620/621]  Loss -2.3587 (-1.3391)
2022-03-30 09:29:57,741:INFO: Test: [210]  ADE: 1.1551  FDE: 1.8771
2022-03-30 09:30:29,369:INFO: Train: [211][2593/2594]  Loss -0.0634 (-0.3713)  Time:  0.171 (0.012)  Data Time:  0.004 (0.004)
2022-03-30 09:30:29,370:INFO:   Eta: 0:20:32
2022-03-30 09:30:35,517:INFO: Valid: [211][620/621]  Loss -2.3662 (-1.3444)
2022-03-30 09:31:06,606:INFO: Train: [212][2593/2594]  Loss -0.1362 (-0.4001)  Time:  0.166 (0.012)  Data Time:  0.004 (0.004)
2022-03-30 09:31:06,607:INFO:   Eta: 0:19:40
2022-03-30 09:31:12,023:INFO: Valid: [212][620/621]  Loss -2.3815 (-1.3557)
2022-03-30 09:31:12,039:INFO: Checkpoint saved...
2022-03-30 09:31:42,638:INFO: Train: [213][2593/2594]  Loss -0.0984 (-0.4103)  Time:  0.188 (0.012)  Data Time:  0.005 (0.004)
2022-03-30 09:31:42,639:INFO:   Eta: 0:18:50
2022-03-30 09:31:48,700:INFO: Valid: [213][620/621]  Loss -2.3622 (-1.3409)
2022-03-30 09:32:21,966:INFO: Train: [214][2593/2594]  Loss -0.1532 (-0.3917)  Time:  0.189 (0.013)  Data Time:  0.004 (0.005)
2022-03-30 09:32:21,967:INFO:   Eta: 0:19:56
2022-03-30 09:32:27,955:INFO: Valid: [214][620/621]  Loss -2.3735 (-1.3499)
2022-03-30 09:33:00,860:INFO: Train: [215][2593/2594]  Loss -0.0976 (-0.4294)  Time:  0.171 (0.013)  Data Time:  0.005 (0.005)
2022-03-30 09:33:01,202:INFO:   Eta: 0:19:10
2022-03-30 09:33:07,011:INFO: Valid: [215][620/621]  Loss -2.3623 (-1.3412)
2022-03-30 09:33:41,081:INFO: Train: [216][2593/2594]  Loss -0.1134 (-0.3948)  Time:  0.163 (0.013)  Data Time:  0.005 (0.005)
2022-03-30 09:33:41,082:INFO:   Eta: 0:18:31
2022-03-30 09:33:47,230:INFO: Valid: [216][620/621]  Loss -2.3750 (-1.3510)
2022-03-30 09:34:18,506:INFO: Train: [217][2593/2594]  Loss -0.0714 (-0.4170)  Time:  0.177 (0.012)  Data Time:  0.005 (0.004)
2022-03-30 09:34:18,507:INFO:   Eta: 0:17:10
2022-03-30 09:34:24,299:INFO: Valid: [217][620/621]  Loss -2.3573 (-1.3371)
2022-03-30 09:34:56,861:INFO: Train: [218][2593/2594]  Loss -0.1273 (-0.4116)  Time:  0.190 (0.013)  Data Time:  0.005 (0.005)
2022-03-30 09:34:56,862:INFO:   Eta: 0:17:21
2022-03-30 09:35:02,560:INFO: Valid: [218][620/621]  Loss -2.3651 (-1.3435)
2022-03-30 09:35:33,423:INFO: Train: [219][2593/2594]  Loss -0.1171 (-0.4138)  Time:  0.148 (0.012)  Data Time:  0.003 (0.004)
2022-03-30 09:35:33,424:INFO:   Eta: 0:15:55
2022-03-30 09:35:39,109:INFO: Valid: [219][620/621]  Loss -2.3582 (-1.3386)
2022-03-30 09:36:07,757:INFO: Train: [220][2593/2594]  Loss -0.1151 (-0.4276)  Time:  0.144 (0.011)  Data Time:  0.003 (0.004)
2022-03-30 09:36:07,758:INFO:   Eta: 0:14:18
2022-03-30 09:36:13,286:INFO: Valid: [220][620/621]  Loss -2.3811 (-1.3559)
2022-03-30 09:36:23,217:INFO: Test: [220]  ADE: 1.1563  FDE: 1.8707
2022-03-30 09:36:50,780:INFO: Train: [221][2593/2594]  Loss -0.1137 (-0.4287)  Time:  0.188 (0.011)  Data Time:  0.001 (0.003)
2022-03-30 09:36:50,781:INFO:   Eta: 0:13:18
2022-03-30 09:36:56,645:INFO: Valid: [221][620/621]  Loss -2.3730 (-1.3496)
2022-03-30 09:37:26,744:INFO: Train: [222][2593/2594]  Loss -0.0555 (-0.3926)  Time:  0.194 (0.012)  Data Time:  0.005 (0.004)
2022-03-30 09:37:26,745:INFO:   Eta: 0:14:01
2022-03-30 09:37:32,826:INFO: Valid: [222][620/621]  Loss -2.3414 (-1.3258)
2022-03-30 09:38:05,267:INFO: Train: [223][2593/2594]  Loss -0.1304 (-0.4066)  Time:  0.171 (0.012)  Data Time:  0.004 (0.004)
2022-03-30 09:38:05,267:INFO:   Eta: 0:14:35
2022-03-30 09:38:11,244:INFO: Valid: [223][620/621]  Loss -2.3677 (-1.3453)
2022-03-30 09:38:42,899:INFO: Train: [224][2593/2594]  Loss -0.0846 (-0.4283)  Time:  0.186 (0.012)  Data Time:  0.005 (0.005)
2022-03-30 09:38:43,557:INFO:   Eta: 0:13:42
2022-03-30 09:38:49,707:INFO: Valid: [224][620/621]  Loss -2.3615 (-1.3405)
2022-03-30 09:39:23,270:INFO: Train: [225][2593/2594]  Loss -0.0903 (-0.3999)  Time:  0.175 (0.013)  Data Time:  0.004 (0.005)
2022-03-30 09:39:23,271:INFO:   Eta: 0:13:58
2022-03-30 09:39:29,239:INFO: Valid: [225][620/621]  Loss -2.3656 (-1.3438)
2022-03-30 09:40:00,946:INFO: Train: [226][2593/2594]  Loss -0.1108 (-0.4019)  Time:  0.153 (0.012)  Data Time:  0.002 (0.004)
2022-03-30 09:40:00,948:INFO:   Eta: 0:12:40
2022-03-30 09:40:07,012:INFO: Valid: [226][620/621]  Loss -2.3590 (-1.3387)
2022-03-30 09:40:39,622:INFO: Train: [227][2593/2594]  Loss -0.1345 (-0.4191)  Time:  0.162 (0.013)  Data Time:  0.005 (0.004)
2022-03-30 09:40:39,623:INFO:   Eta: 0:12:29
2022-03-30 09:40:45,553:INFO: Valid: [227][620/621]  Loss -2.3833 (-1.3574)
2022-03-30 09:40:45,569:INFO: Checkpoint saved...
2022-03-30 09:41:17,630:INFO: Train: [228][2593/2594]  Loss -0.0513 (-0.4115)  Time:  0.160 (0.012)  Data Time:  0.004 (0.004)
2022-03-30 09:41:17,632:INFO:   Eta: 0:11:44
2022-03-30 09:41:23,459:INFO: Valid: [228][620/621]  Loss -2.3529 (-1.3340)
2022-03-30 09:41:55,911:INFO: Train: [229][2593/2594]  Loss -0.1235 (-0.4189)  Time:  0.172 (0.012)  Data Time:  0.005 (0.004)
2022-03-30 09:41:55,912:INFO:   Eta: 0:11:20
2022-03-30 09:42:01,621:INFO: Valid: [229][620/621]  Loss -2.3566 (-1.3369)
2022-03-30 09:42:27,628:INFO: Train: [230][2593/2594]  Loss -0.1179 (-0.4154)  Time:  0.139 (0.010)  Data Time:  0.002 (0.003)
2022-03-30 09:42:27,629:INFO:   Eta: 0:08:39
2022-03-30 09:42:33,304:INFO: Valid: [230][620/621]  Loss -2.3680 (-1.3456)
2022-03-30 09:42:42,829:INFO: Test: [230]  ADE: 1.1502  FDE: 1.8751
2022-03-30 09:43:07,519:INFO: Train: [231][2593/2594]  Loss -0.1381 (-0.4520)  Time:  0.154 (0.010)  Data Time:  0.002 (0.003)
2022-03-30 09:43:07,519:INFO:   Eta: 0:07:48
2022-03-30 09:43:13,245:INFO: Valid: [231][620/621]  Loss -2.3682 (-1.3458)
2022-03-30 09:43:37,960:INFO: Train: [232][2593/2594]  Loss -0.1333 (-0.4162)  Time:  0.136 (0.010)  Data Time:  0.002 (0.003)
2022-03-30 09:43:37,961:INFO:   Eta: 0:07:24
2022-03-30 09:43:43,530:INFO: Valid: [232][620/621]  Loss -2.3783 (-1.3534)
2022-03-30 09:44:10,379:INFO: Train: [233][2593/2594]  Loss -0.1027 (-0.3888)  Time:  0.164 (0.010)  Data Time:  0.003 (0.003)
2022-03-30 09:44:10,380:INFO:   Eta: 0:07:35
2022-03-30 09:44:16,419:INFO: Valid: [233][620/621]  Loss -2.3519 (-1.3336)
2022-03-30 09:44:44,664:INFO: Train: [234][2593/2594]  Loss -0.0687 (-0.4298)  Time:  0.166 (0.011)  Data Time:  0.002 (0.003)
2022-03-30 09:44:44,665:INFO:   Eta: 0:07:31
2022-03-30 09:44:50,170:INFO: Valid: [234][620/621]  Loss -2.3806 (-1.3550)
2022-03-30 09:45:14,074:INFO: Train: [235][2593/2594]  Loss -0.1253 (-0.4193)  Time:  0.132 (0.009)  Data Time:  0.003 (0.002)
2022-03-30 09:45:14,075:INFO:   Eta: 0:05:58
2022-03-30 09:45:19,590:INFO: Valid: [235][620/621]  Loss -2.3720 (-1.3483)
2022-03-30 09:45:43,115:INFO: Train: [236][2593/2594]  Loss -0.1215 (-0.3787)  Time:  0.121 (0.009)  Data Time:  0.002 (0.002)
2022-03-30 09:45:43,123:INFO:   Eta: 0:05:28
2022-03-30 09:45:48,039:INFO: Valid: [236][620/621]  Loss -2.3402 (-1.3246)
2022-03-30 09:46:12,229:INFO: Train: [237][2593/2594]  Loss -0.1390 (-0.4245)  Time:  0.131 (0.009)  Data Time:  0.003 (0.002)
2022-03-30 09:46:12,230:INFO:   Eta: 0:05:14
2022-03-30 09:46:17,346:INFO: Valid: [237][620/621]  Loss -2.3428 (-1.3263)
2022-03-30 09:46:42,990:INFO: Train: [238][2593/2594]  Loss -0.1243 (-0.4489)  Time:  0.139 (0.010)  Data Time:  0.003 (0.002)
2022-03-30 09:46:42,992:INFO:   Eta: 0:05:07
2022-03-30 09:46:48,693:INFO: Valid: [238][620/621]  Loss -2.3733 (-1.3491)
2022-03-30 09:47:12,796:INFO: Train: [239][2593/2594]  Loss -0.0949 (-0.4208)  Time:  0.122 (0.009)  Data Time:  0.002 (0.002)
2022-03-30 09:47:12,797:INFO:   Eta: 0:04:24
2022-03-30 09:47:18,199:INFO: Valid: [239][620/621]  Loss -2.3634 (-1.3419)
2022-03-30 09:47:42,217:INFO: Train: [240][2593/2594]  Loss -0.0909 (-0.4192)  Time:  0.137 (0.009)  Data Time:  0.003 (0.002)
2022-03-30 09:47:42,218:INFO:   Eta: 0:03:59
2022-03-30 09:47:47,758:INFO: Valid: [240][620/621]  Loss -2.3646 (-1.3428)
2022-03-30 09:47:57,019:INFO: Test: [240]  ADE: 1.1533  FDE: 1.8835
2022-03-30 09:48:18,344:INFO: Train: [241][2593/2594]  Loss -0.1060 (-0.4054)  Time:  0.135 (0.008)  Data Time:  0.002 (0.002)
2022-03-30 09:48:18,344:INFO:   Eta: 0:03:11
2022-03-30 09:48:23,619:INFO: Valid: [241][620/621]  Loss -2.3813 (-1.3549)
2022-03-30 09:48:44,048:INFO: Train: [242][2593/2594]  Loss -0.1190 (-0.4410)  Time:  0.124 (0.008)  Data Time:  0.001 (0.001)
2022-03-30 09:48:44,049:INFO:   Eta: 0:02:43
2022-03-30 09:48:49,705:INFO: Valid: [242][620/621]  Loss -2.3465 (-1.3292)
2022-03-30 09:49:10,848:INFO: Train: [243][2593/2594]  Loss -0.0955 (-0.4087)  Time:  0.145 (0.008)  Data Time:  0.002 (0.001)
2022-03-30 09:49:10,849:INFO:   Eta: 0:02:27
2022-03-30 09:49:16,773:INFO: Valid: [243][620/621]  Loss -2.3417 (-1.3252)
2022-03-30 09:49:38,787:INFO: Train: [244][2593/2594]  Loss -0.1342 (-0.4211)  Time:  0.124 (0.008)  Data Time:  0.002 (0.001)
2022-03-30 09:49:38,788:INFO:   Eta: 0:02:11
2022-03-30 09:49:43,946:INFO: Valid: [244][620/621]  Loss -2.3632 (-1.3412)
2022-03-30 09:50:08,092:INFO: Train: [245][2593/2594]  Loss -0.1046 (-0.4048)  Time:  0.135 (0.009)  Data Time:  0.003 (0.002)
2022-03-30 09:50:08,093:INFO:   Eta: 0:02:00
2022-03-30 09:50:13,137:INFO: Valid: [245][620/621]  Loss -2.3786 (-1.3527)
2022-03-30 09:50:36,756:INFO: Train: [246][2593/2594]  Loss -0.1313 (-0.4062)  Time:  0.127 (0.009)  Data Time:  0.002 (0.002)
2022-03-30 09:50:36,758:INFO:   Eta: 0:01:34
2022-03-30 09:50:42,399:INFO: Valid: [246][620/621]  Loss -2.3760 (-1.3512)
2022-03-30 09:51:06,600:INFO: Train: [247][2593/2594]  Loss -0.1197 (-0.4357)  Time:  0.128 (0.009)  Data Time:  0.002 (0.002)
2022-03-30 09:51:06,601:INFO:   Eta: 0:01:12
2022-03-30 09:51:12,151:INFO: Valid: [247][620/621]  Loss -2.3442 (-1.3276)
2022-03-30 09:51:35,957:INFO: Train: [248][2593/2594]  Loss -0.0884 (-0.3824)  Time:  0.126 (0.009)  Data Time:  0.002 (0.002)
2022-03-30 09:51:35,958:INFO:   Eta: 0:00:47
2022-03-30 09:51:41,492:INFO: Valid: [248][620/621]  Loss -2.3429 (-1.3268)
2022-03-30 09:52:05,955:INFO: Train: [249][2593/2594]  Loss -0.1422 (-0.4262)  Time:  0.131 (0.009)  Data Time:  0.002 (0.002)
2022-03-30 09:52:05,957:INFO:   Eta: 0:00:24
2022-03-30 09:52:11,523:INFO: Valid: [249][620/621]  Loss -2.3388 (-1.3236)
