2022-04-08 03:56:53,336:INFO: batch_size=128
2022-04-08 03:56:53,337:INFO: clip_grad=None
2022-04-08 03:56:53,337:INFO: dataset=eth
2022-04-08 03:56:53,337:INFO: drop=0.5
2022-04-08 03:56:53,337:INFO: gpu_num=0
2022-04-08 03:56:53,337:INFO: input_size=2
2022-04-08 03:56:53,337:INFO: kernel_size=3
2022-04-08 03:56:53,337:INFO: lr=0.01
2022-04-08 03:56:53,337:INFO: lr_sh_rate=150
2022-04-08 03:56:53,337:INFO: model=social_stgcnn9
2022-04-08 03:56:53,337:INFO: n_stgcnn=1
2022-04-08 03:56:53,337:INFO: n_txpcnn=5
2022-04-08 03:56:53,337:INFO: num_epochs=250
2022-04-08 03:56:53,338:INFO: obs_seq_len=8
2022-04-08 03:56:53,338:INFO: output_size=5
2022-04-08 03:56:53,338:INFO: pred_seq_len=12
2022-04-08 03:56:53,338:INFO: seed=0
2022-04-08 03:56:53,338:INFO: tag=eth
2022-04-08 03:56:53,338:INFO: use_lrschd=True
2022-04-08 03:56:53,338:INFO: ******************************
2022-04-08 03:56:53,338:INFO: Training initiating....
2022-04-08 03:56:53,338:INFO: Namespace(batch_size=128, clip_grad=None, dataset='eth', drop=0.5, gpu_num='0', input_size=2, kernel_size=3, lr=0.01, lr_sh_rate=150, model='social_stgcnn9', n_stgcnn=1, n_txpcnn=5, num_epochs=250, obs_seq_len=8, output_size=5, pred_seq_len=12, seed=0, tag='eth', use_lrschd=True)
2022-04-08 03:56:53,344:INFO: Initializing train dataset
2022-04-08 03:57:09,174:INFO: Initializing val dataset
2022-04-08 03:57:29,786:INFO: social_stgcnn9
2022-04-08 03:57:29,788:INFO: Data and model loaded
2022-04-08 03:57:29,788:INFO: Checkpoint dir: ./runs/Apr08_03-56-53_node07/eth/checkpoint
2022-04-08 03:57:29,788:INFO: Training started ...
2022-04-08 03:58:09,138:INFO: Train: [0][2784/2785]  Loss 0.6463 (1.3075)  Time:  0.540 (0.014)  Data Time:  0.004 (0.004)
2022-04-08 03:58:09,140:INFO:   Eta: 2:43:54
2022-04-08 03:58:49,668:INFO: Train: [1][2784/2785]  Loss 0.4259 (0.5853)  Time:  0.506 (0.015)  Data Time:  0.004 (0.004)
2022-04-08 03:58:49,670:INFO:   Eta: 2:48:04
2022-04-08 03:59:30,253:INFO: Train: [2][2784/2785]  Loss 0.0929 (0.2991)  Time:  0.574 (0.015)  Data Time:  0.005 (0.004)
2022-04-08 03:59:30,255:INFO:   Eta: 2:47:32
2022-04-08 04:00:09,984:INFO: Train: [3][2784/2785]  Loss 0.0491 (0.2255)  Time:  0.546 (0.014)  Data Time:  0.004 (0.004)
2022-04-08 04:00:09,985:INFO:   Eta: 2:43:26
2022-04-08 04:00:50,325:INFO: Train: [4][2784/2785]  Loss 0.2212 (0.1319)  Time:  0.586 (0.014)  Data Time:  0.005 (0.004)
2022-04-08 04:00:50,326:INFO:   Eta: 2:45:16
2022-04-08 04:01:27,134:INFO: Train: [5][2784/2785]  Loss 0.1690 (-0.0468)  Time:  0.480 (0.013)  Data Time:  0.002 (0.004)
2022-04-08 04:01:27,136:INFO:   Eta: 2:30:11
2022-04-08 04:01:59,969:INFO: Train: [6][2784/2785]  Loss 0.1173 (-0.0751)  Time:  0.496 (0.012)  Data Time:  0.003 (0.002)
2022-04-08 04:01:59,970:INFO:   Eta: 2:13:24
2022-04-08 04:02:02,853:INFO: Test: [6]  ADE: 1.1260  FDE: 1.6829
2022-04-08 04:02:38,034:INFO: Train: [7][2784/2785]  Loss -0.3342 (-0.2520)  Time:  0.547 (0.013)  Data Time:  0.004 (0.003)
2022-04-08 04:02:38,036:INFO:   Eta: 2:22:24
2022-04-08 04:03:13,908:INFO: Train: [8][2784/2785]  Loss -0.0626 (-0.2618)  Time:  0.499 (0.013)  Data Time:  0.004 (0.003)
2022-04-08 04:03:13,910:INFO:   Eta: 2:24:33
2022-04-08 04:03:50,475:INFO: Train: [9][2784/2785]  Loss -0.3309 (-0.3186)  Time:  0.543 (0.013)  Data Time:  0.004 (0.003)
2022-04-08 04:03:50,476:INFO:   Eta: 2:26:45
2022-04-08 04:04:29,380:INFO: Train: [10][2784/2785]  Loss 0.0548 (-0.4560)  Time:  0.560 (0.014)  Data Time:  0.005 (0.004)
2022-04-08 04:04:29,382:INFO:   Eta: 2:35:29
2022-04-08 04:05:08,756:INFO: Train: [11][2784/2785]  Loss -0.1795 (-0.3394)  Time:  0.559 (0.014)  Data Time:  0.005 (0.004)
2022-04-08 04:05:08,757:INFO:   Eta: 2:36:43
2022-04-08 04:05:48,198:INFO: Train: [12][2784/2785]  Loss -0.5967 (-0.4963)  Time:  0.591 (0.014)  Data Time:  0.005 (0.004)
2022-04-08 04:05:48,199:INFO:   Eta: 2:36:21
2022-04-08 04:06:27,852:INFO: Train: [13][2784/2785]  Loss -0.5278 (-0.5201)  Time:  0.542 (0.014)  Data Time:  0.005 (0.004)
2022-04-08 04:06:27,854:INFO:   Eta: 2:36:32
2022-04-08 04:07:04,508:INFO: Train: [14][2784/2785]  Loss -0.4992 (-0.4960)  Time:  0.570 (0.013)  Data Time:  0.003 (0.004)
2022-04-08 04:07:04,509:INFO:   Eta: 2:24:05
2022-04-08 04:07:42,079:INFO: Train: [15][2784/2785]  Loss -0.5796 (-0.5828)  Time:  0.600 (0.013)  Data Time:  0.004 (0.004)
2022-04-08 04:07:42,081:INFO:   Eta: 2:27:02
2022-04-08 04:08:21,788:INFO: Train: [16][2784/2785]  Loss -0.3677 (-0.6301)  Time:  0.584 (0.014)  Data Time:  0.005 (0.005)
2022-04-08 04:08:21,790:INFO:   Eta: 2:34:45
2022-04-08 04:08:24,693:INFO: Test: [16]  ADE: 0.8980  FDE: 1.2752
2022-04-08 04:09:03,191:INFO: Train: [17][2784/2785]  Loss -0.2931 (-0.6588)  Time:  0.509 (0.014)  Data Time:  0.005 (0.004)
2022-04-08 04:09:03,192:INFO:   Eta: 2:29:25
2022-04-08 04:09:42,842:INFO: Train: [18][2784/2785]  Loss -0.1646 (-0.6222)  Time:  0.475 (0.014)  Data Time:  0.004 (0.004)
2022-04-08 04:09:42,844:INFO:   Eta: 2:33:13
2022-04-08 04:10:19,352:INFO: Train: [19][2784/2785]  Loss -0.6420 (-0.6703)  Time:  0.510 (0.013)  Data Time:  0.004 (0.004)
2022-04-08 04:10:19,354:INFO:   Eta: 2:20:27
2022-04-08 04:10:56,111:INFO: Train: [20][2784/2785]  Loss -0.2500 (-0.7983)  Time:  0.500 (0.013)  Data Time:  0.003 (0.003)
2022-04-08 04:10:56,113:INFO:   Eta: 2:20:45
2022-04-08 04:11:33,377:INFO: Train: [21][2784/2785]  Loss -0.3792 (-0.6554)  Time:  0.511 (0.013)  Data Time:  0.003 (0.004)
2022-04-08 04:11:33,379:INFO:   Eta: 2:22:07
2022-04-08 04:12:12,730:INFO: Train: [22][2784/2785]  Loss -0.1818 (-0.8425)  Time:  0.633 (0.014)  Data Time:  0.004 (0.004)
2022-04-08 04:12:12,732:INFO:   Eta: 2:29:24
2022-04-08 04:12:50,131:INFO: Train: [23][2784/2785]  Loss -0.0961 (-0.7846)  Time:  0.650 (0.013)  Data Time:  0.003 (0.004)
2022-04-08 04:12:50,133:INFO:   Eta: 2:21:22
2022-04-08 04:13:28,466:INFO: Train: [24][2784/2785]  Loss -0.6254 (-0.8565)  Time:  0.618 (0.014)  Data Time:  0.003 (0.004)
2022-04-08 04:13:28,468:INFO:   Eta: 2:24:16
2022-04-08 04:14:09,126:INFO: Train: [25][2784/2785]  Loss -0.6411 (-0.8346)  Time:  0.546 (0.015)  Data Time:  0.004 (0.004)
2022-04-08 04:14:09,128:INFO:   Eta: 2:32:21
2022-04-08 04:14:49,800:INFO: Train: [26][2784/2785]  Loss -0.7769 (-0.8820)  Time:  0.595 (0.015)  Data Time:  0.004 (0.004)
2022-04-08 04:14:49,801:INFO:   Eta: 2:31:44
2022-04-08 04:14:52,822:INFO: Test: [26]  ADE: 0.8310  FDE: 1.3831
2022-04-08 04:15:33,186:INFO: Train: [27][2784/2785]  Loss -0.7718 (-0.8426)  Time:  0.522 (0.014)  Data Time:  0.004 (0.004)
2022-04-08 04:15:33,187:INFO:   Eta: 2:29:56
2022-04-08 04:16:14,078:INFO: Train: [28][2784/2785]  Loss -0.8916 (-0.9670)  Time:  0.537 (0.015)  Data Time:  0.003 (0.004)
2022-04-08 04:16:14,080:INFO:   Eta: 2:31:12
2022-04-08 04:16:54,641:INFO: Train: [29][2784/2785]  Loss -0.5750 (-0.9039)  Time:  0.600 (0.015)  Data Time:  0.004 (0.004)
2022-04-08 04:16:54,643:INFO:   Eta: 2:29:17
2022-04-08 04:17:31,227:INFO: Train: [30][2784/2785]  Loss -0.8807 (-0.9559)  Time:  0.494 (0.013)  Data Time:  0.003 (0.003)
2022-04-08 04:17:31,228:INFO:   Eta: 2:14:01
2022-04-08 04:18:08,146:INFO: Train: [31][2784/2785]  Loss -0.6821 (-1.0036)  Time:  0.588 (0.013)  Data Time:  0.003 (0.003)
2022-04-08 04:18:08,147:INFO:   Eta: 2:14:38
2022-04-08 04:18:41,067:INFO: Train: [32][2784/2785]  Loss -0.8606 (-0.8815)  Time:  0.472 (0.012)  Data Time:  0.002 (0.002)
2022-04-08 04:18:41,068:INFO:   Eta: 1:59:30
2022-04-08 04:19:17,119:INFO: Train: [33][2784/2785]  Loss -0.7508 (-1.0308)  Time:  0.610 (0.013)  Data Time:  0.003 (0.003)
2022-04-08 04:19:17,121:INFO:   Eta: 2:10:16
2022-04-08 04:19:57,091:INFO: Train: [34][2784/2785]  Loss -0.9429 (-1.0046)  Time:  0.529 (0.014)  Data Time:  0.004 (0.004)
2022-04-08 04:19:57,093:INFO:   Eta: 2:23:47
2022-04-08 04:20:37,863:INFO: Train: [35][2784/2785]  Loss -0.9325 (-1.0213)  Time:  0.546 (0.015)  Data Time:  0.005 (0.004)
2022-04-08 04:20:37,864:INFO:   Eta: 2:26:00
2022-04-08 04:21:17,931:INFO: Train: [36][2784/2785]  Loss -0.9001 (-1.0210)  Time:  0.545 (0.014)  Data Time:  0.005 (0.004)
2022-04-08 04:21:17,933:INFO:   Eta: 2:22:48
2022-04-08 04:21:20,933:INFO: Test: [36]  ADE: 0.8343  FDE: 1.4770
2022-04-08 04:21:59,565:INFO: Train: [37][2784/2785]  Loss -0.8738 (-1.0457)  Time:  0.533 (0.014)  Data Time:  0.004 (0.004)
2022-04-08 04:21:59,567:INFO:   Eta: 2:17:04
2022-04-08 04:22:39,016:INFO: Train: [38][2784/2785]  Loss -0.9321 (-1.0133)  Time:  0.655 (0.014)  Data Time:  0.004 (0.004)
2022-04-08 04:22:39,018:INFO:   Eta: 2:19:17
2022-04-08 04:23:19,041:INFO: Train: [39][2784/2785]  Loss -0.8985 (-1.0201)  Time:  0.625 (0.014)  Data Time:  0.005 (0.004)
2022-04-08 04:23:19,043:INFO:   Eta: 2:20:39
2022-04-08 04:23:58,503:INFO: Train: [40][2784/2785]  Loss -0.8502 (-1.0813)  Time:  0.537 (0.014)  Data Time:  0.004 (0.004)
2022-04-08 04:23:58,504:INFO:   Eta: 2:18:00
2022-04-08 04:24:34,082:INFO: Train: [41][2784/2785]  Loss -0.7476 (-1.0733)  Time:  0.537 (0.013)  Data Time:  0.002 (0.003)
2022-04-08 04:24:34,083:INFO:   Eta: 2:03:50
2022-04-08 04:25:08,510:INFO: Train: [42][2784/2785]  Loss -0.9621 (-1.0865)  Time:  0.514 (0.012)  Data Time:  0.004 (0.003)
2022-04-08 04:25:08,511:INFO:   Eta: 1:59:14
2022-04-08 04:25:44,026:INFO: Train: [43][2784/2785]  Loss -0.8215 (-1.1037)  Time:  0.489 (0.013)  Data Time:  0.004 (0.003)
2022-04-08 04:25:44,028:INFO:   Eta: 2:02:26
2022-04-08 04:26:20,706:INFO: Train: [44][2784/2785]  Loss -0.8965 (-1.1447)  Time:  0.501 (0.013)  Data Time:  0.004 (0.004)
2022-04-08 04:26:20,707:INFO:   Eta: 2:05:49
2022-04-08 04:26:56,324:INFO: Train: [45][2784/2785]  Loss -0.6835 (-1.1370)  Time:  0.487 (0.013)  Data Time:  0.003 (0.003)
2022-04-08 04:26:56,325:INFO:   Eta: 2:01:36
2022-04-08 04:27:35,308:INFO: Train: [46][2784/2785]  Loss -0.9699 (-1.1808)  Time:  0.578 (0.014)  Data Time:  0.004 (0.004)
2022-04-08 04:27:35,309:INFO:   Eta: 2:12:27
2022-04-08 04:27:38,230:INFO: Test: [46]  ADE: 0.8172  FDE: 1.4617
2022-04-08 04:28:17,559:INFO: Train: [47][2784/2785]  Loss -0.8260 (-1.0771)  Time:  0.560 (0.014)  Data Time:  0.005 (0.004)
2022-04-08 04:28:17,562:INFO:   Eta: 2:13:00
2022-04-08 04:28:57,443:INFO: Train: [48][2784/2785]  Loss -0.9637 (-1.0713)  Time:  0.588 (0.014)  Data Time:  0.005 (0.004)
2022-04-08 04:28:57,444:INFO:   Eta: 2:14:10
2022-04-08 04:29:37,777:INFO: Train: [49][2784/2785]  Loss -0.7657 (-1.2030)  Time:  0.501 (0.014)  Data Time:  0.004 (0.004)
2022-04-08 04:29:37,779:INFO:   Eta: 2:15:01
2022-04-08 04:30:13,533:INFO: Train: [50][2784/2785]  Loss -0.8093 (-1.1645)  Time:  0.491 (0.013)  Data Time:  0.003 (0.003)
2022-04-08 04:30:13,535:INFO:   Eta: 1:59:05
2022-04-08 04:30:54,708:INFO: Train: [51][2784/2785]  Loss -0.8780 (-1.2356)  Time:  0.691 (0.015)  Data Time:  0.005 (0.004)
2022-04-08 04:30:54,710:INFO:   Eta: 2:16:26
2022-04-08 04:31:35,565:INFO: Train: [52][2784/2785]  Loss -0.9285 (-1.2317)  Time:  0.545 (0.015)  Data Time:  0.004 (0.004)
2022-04-08 04:31:35,567:INFO:   Eta: 2:14:43
2022-04-08 04:32:16,215:INFO: Train: [53][2784/2785]  Loss -0.9600 (-1.2145)  Time:  0.599 (0.015)  Data Time:  0.004 (0.004)
2022-04-08 04:32:16,238:INFO:   Eta: 2:13:23
2022-04-08 04:32:53,294:INFO: Train: [54][2784/2785]  Loss -0.8267 (-1.2048)  Time:  0.560 (0.013)  Data Time:  0.003 (0.004)
2022-04-08 04:32:53,296:INFO:   Eta: 2:00:56
2022-04-08 04:33:29,167:INFO: Train: [55][2784/2785]  Loss -1.0280 (-1.2528)  Time:  0.502 (0.013)  Data Time:  0.004 (0.004)
2022-04-08 04:33:29,168:INFO:   Eta: 1:56:29
2022-04-08 04:34:04,894:INFO: Train: [56][2784/2785]  Loss -0.9217 (-1.2915)  Time:  0.502 (0.013)  Data Time:  0.004 (0.003)
2022-04-08 04:34:04,896:INFO:   Eta: 1:55:25
2022-04-08 04:34:07,736:INFO: Test: [56]  ADE: 0.6698  FDE: 1.1293
2022-04-08 04:34:43,334:INFO: Train: [57][2784/2785]  Loss -0.8415 (-1.1914)  Time:  0.533 (0.013)  Data Time:  0.003 (0.003)
2022-04-08 04:34:43,336:INFO:   Eta: 1:54:26
2022-04-08 04:35:21,566:INFO: Train: [58][2784/2785]  Loss -1.0651 (-1.3000)  Time:  0.510 (0.014)  Data Time:  0.005 (0.004)
2022-04-08 04:35:21,567:INFO:   Eta: 2:02:15
2022-04-08 04:35:57,186:INFO: Train: [59][2784/2785]  Loss -1.0604 (-1.2798)  Time:  0.555 (0.013)  Data Time:  0.005 (0.003)
2022-04-08 04:35:57,188:INFO:   Eta: 1:53:18
2022-04-08 04:36:37,792:INFO: Train: [60][2784/2785]  Loss -0.9248 (-1.2363)  Time:  0.558 (0.015)  Data Time:  0.005 (0.005)
2022-04-08 04:36:37,793:INFO:   Eta: 2:08:28
2022-04-08 04:37:17,885:INFO: Train: [61][2784/2785]  Loss -0.6983 (-1.2893)  Time:  0.553 (0.014)  Data Time:  0.004 (0.004)
2022-04-08 04:37:17,887:INFO:   Eta: 2:06:12
2022-04-08 04:37:57,973:INFO: Train: [62][2784/2785]  Loss -0.8982 (-1.3007)  Time:  0.543 (0.014)  Data Time:  0.004 (0.005)
2022-04-08 04:37:57,974:INFO:   Eta: 2:05:31
2022-04-08 04:38:38,594:INFO: Train: [63][2784/2785]  Loss -0.9528 (-1.3647)  Time:  0.532 (0.015)  Data Time:  0.004 (0.004)
2022-04-08 04:38:38,595:INFO:   Eta: 2:06:31
2022-04-08 04:39:19,499:INFO: Train: [64][2784/2785]  Loss -0.8650 (-1.2092)  Time:  0.564 (0.015)  Data Time:  0.004 (0.004)
2022-04-08 04:39:19,501:INFO:   Eta: 2:06:42
2022-04-08 04:39:59,292:INFO: Train: [65][2784/2785]  Loss -0.9849 (-1.3231)  Time:  0.551 (0.014)  Data Time:  0.005 (0.004)
2022-04-08 04:39:59,297:INFO:   Eta: 2:02:36
2022-04-08 04:40:36,988:INFO: Train: [66][2784/2785]  Loss -1.0547 (-1.2973)  Time:  0.487 (0.014)  Data Time:  0.004 (0.004)
2022-04-08 04:40:36,990:INFO:   Eta: 1:55:21
2022-04-08 04:40:40,036:INFO: Test: [66]  ADE: 0.7324  FDE: 1.3416
2022-04-08 04:41:15,236:INFO: Train: [67][2784/2785]  Loss -1.0668 (-1.2874)  Time:  0.418 (0.013)  Data Time:  0.001 (0.003)
2022-04-08 04:41:15,238:INFO:   Eta: 1:47:18
2022-04-08 04:41:48,336:INFO: Train: [68][2784/2785]  Loss -0.9827 (-1.3446)  Time:  0.497 (0.012)  Data Time:  0.004 (0.002)
2022-04-08 04:41:48,337:INFO:   Eta: 1:40:18
2022-04-08 04:42:25,135:INFO: Train: [69][2784/2785]  Loss -1.1136 (-1.3720)  Time:  0.634 (0.013)  Data Time:  0.004 (0.004)
2022-04-08 04:42:25,136:INFO:   Eta: 1:50:55
2022-04-08 04:43:04,314:INFO: Train: [70][2784/2785]  Loss -0.9621 (-1.3279)  Time:  0.559 (0.014)  Data Time:  0.004 (0.004)
2022-04-08 04:43:04,316:INFO:   Eta: 1:57:26
2022-04-08 04:43:44,774:INFO: Train: [71][2784/2785]  Loss -1.1429 (-1.3297)  Time:  0.554 (0.015)  Data Time:  0.005 (0.004)
2022-04-08 04:43:44,776:INFO:   Eta: 2:00:36
2022-04-08 04:44:24,774:INFO: Train: [72][2784/2785]  Loss -0.9808 (-1.4083)  Time:  0.570 (0.014)  Data Time:  0.004 (0.004)
2022-04-08 04:44:24,776:INFO:   Eta: 1:58:35
2022-04-08 04:45:04,951:INFO: Train: [73][2784/2785]  Loss -0.9081 (-1.4095)  Time:  0.562 (0.014)  Data Time:  0.004 (0.004)
2022-04-08 04:45:04,952:INFO:   Eta: 1:58:26
2022-04-08 04:45:44,721:INFO: Train: [74][2784/2785]  Loss -1.0113 (-1.3156)  Time:  0.547 (0.014)  Data Time:  0.005 (0.004)
2022-04-08 04:45:44,722:INFO:   Eta: 1:56:34
2022-04-08 04:46:25,657:INFO: Train: [75][2784/2785]  Loss -1.1122 (-1.4191)  Time:  0.616 (0.015)  Data Time:  0.004 (0.004)
2022-04-08 04:46:25,658:INFO:   Eta: 1:59:18
2022-04-08 04:47:04,175:INFO: Train: [76][2784/2785]  Loss -1.0035 (-1.3510)  Time:  0.578 (0.014)  Data Time:  0.003 (0.004)
2022-04-08 04:47:04,177:INFO:   Eta: 1:51:37
2022-04-08 04:47:06,882:INFO: Test: [76]  ADE: 0.6929  FDE: 1.2550
2022-04-08 04:47:42,900:INFO: Train: [77][2784/2785]  Loss -1.0244 (-1.4378)  Time:  0.492 (0.013)  Data Time:  0.004 (0.003)
2022-04-08 04:47:42,902:INFO:   Eta: 1:43:47
2022-04-08 04:48:19,551:INFO: Train: [78][2784/2785]  Loss -1.1414 (-1.3537)  Time:  0.553 (0.013)  Data Time:  0.003 (0.004)
2022-04-08 04:48:19,552:INFO:   Eta: 1:44:58
2022-04-08 04:48:56,041:INFO: Train: [79][2784/2785]  Loss -0.9066 (-1.3611)  Time:  0.528 (0.013)  Data Time:  0.003 (0.003)
2022-04-08 04:48:56,043:INFO:   Eta: 1:43:54
2022-04-08 04:49:32,092:INFO: Train: [80][2784/2785]  Loss -1.1984 (-1.4218)  Time:  0.567 (0.013)  Data Time:  0.003 (0.003)
2022-04-08 04:49:32,093:INFO:   Eta: 1:42:03
2022-04-08 04:50:09,050:INFO: Train: [81][2784/2785]  Loss -1.0312 (-1.4252)  Time:  0.499 (0.013)  Data Time:  0.003 (0.003)
2022-04-08 04:50:09,052:INFO:   Eta: 1:44:01
2022-04-08 04:50:48,125:INFO: Train: [82][2784/2785]  Loss -1.1800 (-1.4062)  Time:  0.558 (0.014)  Data Time:  0.004 (0.004)
2022-04-08 04:50:48,126:INFO:   Eta: 1:49:19
2022-04-08 04:51:29,639:INFO: Train: [83][2784/2785]  Loss -1.0768 (-1.3596)  Time:  0.523 (0.015)  Data Time:  0.003 (0.004)
2022-04-08 04:51:29,641:INFO:   Eta: 1:55:28
2022-04-08 04:52:08,957:INFO: Train: [84][2784/2785]  Loss -1.2096 (-1.4129)  Time:  0.586 (0.014)  Data Time:  0.004 (0.004)
2022-04-08 04:52:09,236:INFO:   Eta: 1:48:42
2022-04-08 04:52:49,961:INFO: Train: [85][2784/2785]  Loss -1.1076 (-1.3859)  Time:  0.540 (0.014)  Data Time:  0.003 (0.004)
2022-04-08 04:52:49,962:INFO:   Eta: 1:43:30
2022-04-08 04:53:27,276:INFO: Train: [86][2784/2785]  Loss -1.1046 (-1.4516)  Time:  0.664 (0.013)  Data Time:  0.003 (0.004)
2022-04-08 04:53:27,278:INFO:   Eta: 1:41:54
2022-04-08 04:53:30,219:INFO: Test: [86]  ADE: 0.7764  FDE: 1.4237
2022-04-08 04:54:09,842:INFO: Train: [87][2784/2785]  Loss -1.0132 (-1.4350)  Time:  0.535 (0.014)  Data Time:  0.004 (0.004)
2022-04-08 04:54:09,843:INFO:   Eta: 1:47:35
2022-04-08 04:54:50,084:INFO: Train: [88][2784/2785]  Loss -1.1484 (-1.2562)  Time:  0.604 (0.014)  Data Time:  0.007 (0.004)
2022-04-08 04:54:50,086:INFO:   Eta: 1:48:34
2022-04-08 04:55:30,077:INFO: Train: [89][2784/2785]  Loss -1.1415 (-1.5051)  Time:  0.498 (0.014)  Data Time:  0.003 (0.004)
2022-04-08 04:55:30,078:INFO:   Eta: 1:47:13
2022-04-08 04:56:06,925:INFO: Train: [90][2784/2785]  Loss -0.8209 (-1.4710)  Time:  0.495 (0.013)  Data Time:  0.003 (0.004)
2022-04-08 04:56:06,926:INFO:   Eta: 1:38:11
2022-04-08 04:56:42,972:INFO: Train: [91][2784/2785]  Loss -1.1902 (-1.4305)  Time:  0.523 (0.013)  Data Time:  0.004 (0.003)
2022-04-08 04:56:42,974:INFO:   Eta: 1:35:26
2022-04-08 04:57:18,903:INFO: Train: [92][2784/2785]  Loss -1.0781 (-1.4651)  Time:  0.499 (0.013)  Data Time:  0.005 (0.004)
2022-04-08 04:57:18,904:INFO:   Eta: 1:34:32
2022-04-08 04:57:55,872:INFO: Train: [93][2784/2785]  Loss -1.2503 (-1.4707)  Time:  0.612 (0.013)  Data Time:  0.003 (0.003)
2022-04-08 04:57:55,874:INFO:   Eta: 1:36:39
2022-04-08 04:58:32,922:INFO: Train: [94][2784/2785]  Loss -1.2040 (-1.4587)  Time:  0.542 (0.013)  Data Time:  0.002 (0.004)
2022-04-08 04:58:32,924:INFO:   Eta: 1:36:15
2022-04-08 04:59:11,721:INFO: Train: [95][2784/2785]  Loss -1.1662 (-1.4342)  Time:  0.608 (0.014)  Data Time:  0.005 (0.004)
2022-04-08 04:59:11,722:INFO:   Eta: 1:40:08
2022-04-08 04:59:52,370:INFO: Train: [96][2784/2785]  Loss -1.0999 (-1.4193)  Time:  0.544 (0.015)  Data Time:  0.004 (0.004)
2022-04-08 04:59:52,372:INFO:   Eta: 1:44:15
2022-04-08 04:59:55,343:INFO: Test: [96]  ADE: 0.8515  FDE: 1.5457
2022-04-08 05:00:35,295:INFO: Train: [97][2784/2785]  Loss -1.1397 (-1.3847)  Time:  0.552 (0.014)  Data Time:  0.004 (0.004)
2022-04-08 05:00:35,297:INFO:   Eta: 1:41:49
2022-04-08 05:01:15,608:INFO: Train: [98][2784/2785]  Loss -1.0749 (-1.5010)  Time:  0.538 (0.014)  Data Time:  0.004 (0.004)
2022-04-08 05:01:15,610:INFO:   Eta: 1:42:03
2022-04-08 05:01:56,347:INFO: Train: [99][2784/2785]  Loss -1.1933 (-1.5033)  Time:  0.543 (0.015)  Data Time:  0.004 (0.004)
2022-04-08 05:01:56,348:INFO:   Eta: 1:42:27
2022-04-08 05:02:37,536:INFO: Train: [100][2784/2785]  Loss -1.1669 (-1.4105)  Time:  0.620 (0.015)  Data Time:  0.005 (0.004)
2022-04-08 05:02:37,538:INFO:   Eta: 1:42:53
2022-04-08 05:03:17,534:INFO: Train: [101][2784/2785]  Loss -1.0999 (-1.4724)  Time:  0.636 (0.014)  Data Time:  0.003 (0.004)
2022-04-08 05:03:17,535:INFO:   Eta: 1:39:13
2022-04-08 05:03:53,215:INFO: Train: [102][2784/2785]  Loss -0.9513 (-1.4651)  Time:  0.479 (0.013)  Data Time:  0.002 (0.003)
2022-04-08 05:03:53,217:INFO:   Eta: 1:27:56
2022-04-08 05:04:26,587:INFO: Train: [103][2784/2785]  Loss -1.0592 (-1.5098)  Time:  0.734 (0.012)  Data Time:  0.002 (0.002)
2022-04-08 05:04:26,588:INFO:   Eta: 1:21:40
2022-04-08 05:05:02,859:INFO: Train: [104][2784/2785]  Loss -1.2080 (-1.4903)  Time:  0.585 (0.013)  Data Time:  0.003 (0.003)
2022-04-08 05:05:02,861:INFO:   Eta: 1:28:11
2022-04-08 05:05:39,584:INFO: Train: [105][2784/2785]  Loss -1.2448 (-1.3908)  Time:  0.502 (0.013)  Data Time:  0.003 (0.004)
2022-04-08 05:05:39,585:INFO:   Eta: 1:28:40
2022-04-08 05:06:17,934:INFO: Train: [106][2784/2785]  Loss -0.9796 (-1.4568)  Time:  0.505 (0.014)  Data Time:  0.004 (0.004)
2022-04-08 05:06:17,936:INFO:   Eta: 1:31:59
2022-04-08 05:06:20,587:INFO: Test: [106]  ADE: 0.7227  FDE: 1.2015
2022-04-08 05:07:00,535:INFO: Train: [107][2784/2785]  Loss -1.1932 (-1.5100)  Time:  0.538 (0.014)  Data Time:  0.004 (0.004)
2022-04-08 05:07:00,537:INFO:   Eta: 1:35:06
2022-04-08 05:07:40,382:INFO: Train: [108][2784/2785]  Loss -1.0896 (-1.4851)  Time:  0.544 (0.014)  Data Time:  0.005 (0.004)
2022-04-08 05:07:40,383:INFO:   Eta: 1:34:14
2022-04-08 05:08:21,080:INFO: Train: [109][2784/2785]  Loss -1.2135 (-1.4890)  Time:  0.592 (0.015)  Data Time:  0.004 (0.004)
2022-04-08 05:08:21,082:INFO:   Eta: 1:35:34
2022-04-08 05:09:01,099:INFO: Train: [110][2784/2785]  Loss -1.0765 (-1.5666)  Time:  0.592 (0.014)  Data Time:  0.005 (0.004)
2022-04-08 05:09:01,100:INFO:   Eta: 1:33:18
2022-04-08 05:09:40,406:INFO: Train: [111][2784/2785]  Loss -1.2543 (-1.5123)  Time:  0.521 (0.014)  Data Time:  0.003 (0.004)
2022-04-08 05:09:40,407:INFO:   Eta: 1:30:59
2022-04-08 05:10:15,629:INFO: Train: [112][2784/2785]  Loss -1.2029 (-1.4505)  Time:  0.579 (0.013)  Data Time:  0.003 (0.003)
2022-04-08 05:10:15,631:INFO:   Eta: 1:20:56
2022-04-08 05:10:55,569:INFO: Train: [113][2784/2785]  Loss -1.1234 (-1.5192)  Time:  0.577 (0.014)  Data Time:  0.004 (0.004)
2022-04-08 05:10:55,570:INFO:   Eta: 1:31:07
2022-04-08 05:11:34,894:INFO: Train: [114][2784/2785]  Loss -1.2230 (-1.5003)  Time:  0.506 (0.014)  Data Time:  0.003 (0.004)
2022-04-08 05:11:34,895:INFO:   Eta: 1:29:04
2022-04-08 05:12:10,720:INFO: Train: [115][2784/2785]  Loss -1.2020 (-1.4714)  Time:  0.505 (0.013)  Data Time:  0.003 (0.003)
2022-04-08 05:12:10,721:INFO:   Eta: 1:20:33
2022-04-08 05:12:47,289:INFO: Train: [116][2784/2785]  Loss -1.0489 (-1.5171)  Time:  0.575 (0.013)  Data Time:  0.003 (0.003)
2022-04-08 05:12:47,290:INFO:   Eta: 1:21:36
2022-04-08 05:12:50,030:INFO: Test: [116]  ADE: 0.8544  FDE: 1.6276
2022-04-08 05:13:26,753:INFO: Train: [117][2784/2785]  Loss -1.1854 (-1.5483)  Time:  0.683 (0.013)  Data Time:  0.003 (0.003)
2022-04-08 05:13:26,754:INFO:   Eta: 1:21:21
2022-04-08 05:14:05,778:INFO: Train: [118][2784/2785]  Loss -1.2061 (-1.5048)  Time:  0.475 (0.014)  Data Time:  0.003 (0.003)
2022-04-08 05:14:05,779:INFO:   Eta: 1:25:46
2022-04-08 05:14:44,599:INFO: Train: [119][2784/2785]  Loss -1.1748 (-1.5430)  Time:  0.579 (0.014)  Data Time:  0.004 (0.004)
2022-04-08 05:14:44,600:INFO:   Eta: 1:24:41
2022-04-08 05:15:24,110:INFO: Train: [120][2784/2785]  Loss -1.1151 (-1.5373)  Time:  0.514 (0.014)  Data Time:  0.003 (0.004)
2022-04-08 05:15:24,111:INFO:   Eta: 1:25:32
2022-04-08 05:16:01,279:INFO: Train: [121][2784/2785]  Loss -1.3282 (-1.5501)  Time:  0.537 (0.013)  Data Time:  0.004 (0.003)
2022-04-08 05:16:01,281:INFO:   Eta: 1:19:50
2022-04-08 05:16:42,416:INFO: Train: [122][2784/2785]  Loss -1.3004 (-1.5261)  Time:  0.659 (0.015)  Data Time:  0.005 (0.004)
2022-04-08 05:16:42,418:INFO:   Eta: 1:27:40
2022-04-08 05:17:23,024:INFO: Train: [123][2784/2785]  Loss -1.2541 (-1.5621)  Time:  0.627 (0.015)  Data Time:  0.004 (0.004)
2022-04-08 05:17:23,026:INFO:   Eta: 1:25:53
2022-04-08 05:18:03,238:INFO: Train: [124][2784/2785]  Loss -1.0236 (-1.5239)  Time:  0.653 (0.014)  Data Time:  0.004 (0.004)
2022-04-08 05:18:03,239:INFO:   Eta: 1:24:23
2022-04-08 05:18:44,247:INFO: Train: [125][2784/2785]  Loss -1.1516 (-1.5135)  Time:  0.534 (0.015)  Data Time:  0.005 (0.004)
2022-04-08 05:18:44,248:INFO:   Eta: 1:25:22
2022-04-08 05:19:26,136:INFO: Train: [126][2784/2785]  Loss -1.1659 (-1.4399)  Time:  0.525 (0.015)  Data Time:  0.004 (0.005)
2022-04-08 05:19:26,138:INFO:   Eta: 1:26:30
2022-04-08 05:19:29,465:INFO: Test: [126]  ADE: 0.7595  FDE: 1.3628
2022-04-08 05:20:07,703:INFO: Train: [127][2784/2785]  Loss -1.1337 (-1.5733)  Time:  0.605 (0.014)  Data Time:  0.004 (0.003)
2022-04-08 05:20:07,705:INFO:   Eta: 1:18:20
2022-04-08 05:20:45,429:INFO: Train: [128][2784/2785]  Loss -1.2568 (-1.5175)  Time:  0.575 (0.014)  Data Time:  0.003 (0.003)
2022-04-08 05:20:45,431:INFO:   Eta: 1:16:38
2022-04-08 05:21:21,998:INFO: Train: [129][2784/2785]  Loss -1.2944 (-1.5884)  Time:  0.571 (0.013)  Data Time:  0.002 (0.003)
2022-04-08 05:21:21,999:INFO:   Eta: 1:13:41
2022-04-08 05:21:55,929:INFO: Train: [130][2784/2785]  Loss -0.9818 (-1.5625)  Time:  0.634 (0.012)  Data Time:  0.005 (0.002)
2022-04-08 05:21:55,930:INFO:   Eta: 1:07:48
2022-04-08 05:22:37,736:INFO: Train: [131][2784/2785]  Loss -1.0321 (-1.5391)  Time:  0.656 (0.015)  Data Time:  0.005 (0.005)
2022-04-08 05:22:37,737:INFO:   Eta: 1:22:51
2022-04-08 05:23:18,635:INFO: Train: [132][2784/2785]  Loss -1.2074 (-1.5938)  Time:  0.654 (0.015)  Data Time:  0.005 (0.004)
2022-04-08 05:23:18,637:INFO:   Eta: 1:20:22
2022-04-08 05:23:58,997:INFO: Train: [133][2784/2785]  Loss -1.2448 (-1.6263)  Time:  0.490 (0.014)  Data Time:  0.004 (0.004)
2022-04-08 05:23:58,999:INFO:   Eta: 1:18:38
2022-04-08 05:24:40,208:INFO: Train: [134][2784/2785]  Loss -1.1958 (-1.4887)  Time:  0.636 (0.015)  Data Time:  0.004 (0.004)
2022-04-08 05:24:40,210:INFO:   Eta: 1:19:34
2022-04-08 05:25:20,816:INFO: Train: [135][2784/2785]  Loss -1.1895 (-1.5627)  Time:  0.569 (0.015)  Data Time:  0.003 (0.004)
2022-04-08 05:25:20,818:INFO:   Eta: 1:17:45
2022-04-08 05:26:01,421:INFO: Train: [136][2784/2785]  Loss -1.2653 (-1.5608)  Time:  0.540 (0.015)  Data Time:  0.004 (0.004)
2022-04-08 05:26:01,422:INFO:   Eta: 1:17:05
2022-04-08 05:26:04,290:INFO: Test: [136]  ADE: 0.7314  FDE: 1.3495
2022-04-08 05:26:44,517:INFO: Train: [137][2784/2785]  Loss -1.2041 (-1.5849)  Time:  0.527 (0.014)  Data Time:  0.004 (0.004)
2022-04-08 05:26:44,518:INFO:   Eta: 1:15:43
2022-04-08 05:27:23,104:INFO: Train: [138][2784/2785]  Loss -1.1928 (-1.5092)  Time:  0.490 (0.014)  Data Time:  0.003 (0.004)
2022-04-08 05:27:23,105:INFO:   Eta: 1:11:58
2022-04-08 05:27:58,020:INFO: Train: [139][2784/2785]  Loss -1.1338 (-1.6058)  Time:  0.505 (0.013)  Data Time:  0.002 (0.003)
2022-04-08 05:27:58,021:INFO:   Eta: 1:04:32
2022-04-08 05:28:31,237:INFO: Train: [140][2784/2785]  Loss -1.2005 (-1.6021)  Time:  0.488 (0.012)  Data Time:  0.002 (0.002)
2022-04-08 05:28:31,239:INFO:   Eta: 1:00:50
2022-04-08 05:29:08,084:INFO: Train: [141][2784/2785]  Loss -1.1160 (-1.6235)  Time:  0.535 (0.013)  Data Time:  0.003 (0.003)
2022-04-08 05:29:08,085:INFO:   Eta: 1:06:53
2022-04-08 05:29:45,309:INFO: Train: [142][2784/2785]  Loss -1.1857 (-1.6099)  Time:  0.554 (0.013)  Data Time:  0.003 (0.003)
2022-04-08 05:29:45,311:INFO:   Eta: 1:06:57
2022-04-08 05:30:25,369:INFO: Train: [143][2784/2785]  Loss -1.1732 (-1.6118)  Time:  0.554 (0.014)  Data Time:  0.004 (0.004)
2022-04-08 05:30:25,371:INFO:   Eta: 1:11:23
2022-04-08 05:31:05,835:INFO: Train: [144][2784/2785]  Loss -1.2442 (-1.5840)  Time:  0.533 (0.015)  Data Time:  0.004 (0.004)
2022-04-08 05:31:05,837:INFO:   Eta: 1:11:26
2022-04-08 05:31:47,071:INFO: Train: [145][2784/2785]  Loss -1.1437 (-1.5269)  Time:  0.532 (0.015)  Data Time:  0.004 (0.004)
2022-04-08 05:31:47,072:INFO:   Eta: 1:12:06
2022-04-08 05:32:28,031:INFO: Train: [146][2784/2785]  Loss -1.2264 (-1.5342)  Time:  0.538 (0.015)  Data Time:  0.004 (0.004)
2022-04-08 05:32:28,032:INFO:   Eta: 1:10:56
2022-04-08 05:32:30,988:INFO: Test: [146]  ADE: 0.8471  FDE: 1.6271
2022-04-08 05:33:11,628:INFO: Train: [147][2784/2785]  Loss -1.1753 (-1.6573)  Time:  0.587 (0.015)  Data Time:  0.004 (0.004)
2022-04-08 05:33:11,630:INFO:   Eta: 1:09:43
2022-04-08 05:33:51,920:INFO: Train: [148][2784/2785]  Loss -1.2114 (-1.5702)  Time:  0.618 (0.014)  Data Time:  0.004 (0.004)
2022-04-08 05:33:51,922:INFO:   Eta: 1:08:26
2022-04-08 05:34:32,390:INFO: Train: [149][2784/2785]  Loss -1.1792 (-1.5770)  Time:  0.694 (0.015)  Data Time:  0.003 (0.004)
2022-04-08 05:34:32,393:INFO:   Eta: 1:08:04
2022-04-08 05:35:10,251:INFO: Train: [150][2784/2785]  Loss -1.3369 (-1.7625)  Time:  0.446 (0.014)  Data Time:  0.001 (0.003)
2022-04-08 05:35:10,253:INFO:   Eta: 1:03:01
2022-04-08 05:35:44,638:INFO: Train: [151][2784/2785]  Loss -1.3995 (-1.6977)  Time:  0.501 (0.012)  Data Time:  0.003 (0.003)
2022-04-08 05:35:44,640:INFO:   Eta: 0:56:41
2022-04-08 05:35:52,575:INFO: Valid: [151][659/660]  Loss -8.9671 (-5.7392)
2022-04-08 05:35:52,591:INFO: Checkpoint saved...
2022-04-08 05:36:29,633:INFO: Train: [152][2784/2785]  Loss -1.4093 (-1.7603)  Time:  0.560 (0.013)  Data Time:  0.003 (0.003)
2022-04-08 05:36:29,635:INFO:   Eta: 1:00:28
2022-04-08 05:36:37,942:INFO: Valid: [152][659/660]  Loss -8.3252 (-5.3462)
2022-04-08 05:37:14,132:INFO: Train: [153][2784/2785]  Loss -1.3305 (-1.7960)  Time:  0.601 (0.013)  Data Time:  0.003 (0.003)
2022-04-08 05:37:14,133:INFO:   Eta: 0:58:28
2022-04-08 05:37:22,344:INFO: Valid: [153][659/660]  Loss -9.5008 (-6.0667)
2022-04-08 05:37:22,358:INFO: Checkpoint saved...
2022-04-08 05:37:59,574:INFO: Train: [154][2784/2785]  Loss -1.3613 (-1.7853)  Time:  0.634 (0.013)  Data Time:  0.004 (0.003)
2022-04-08 05:37:59,576:INFO:   Eta: 0:59:30
2022-04-08 05:38:07,850:INFO: Valid: [154][659/660]  Loss -9.0088 (-5.7533)
2022-04-08 05:38:47,763:INFO: Train: [155][2784/2785]  Loss -1.2809 (-1.7877)  Time:  0.515 (0.014)  Data Time:  0.004 (0.004)
2022-04-08 05:38:47,764:INFO:   Eta: 1:03:09
2022-04-08 05:38:55,694:INFO: Valid: [155][659/660]  Loss -9.1764 (-5.8703)
2022-04-08 05:39:35,006:INFO: Train: [156][2784/2785]  Loss -1.4206 (-1.7521)  Time:  0.556 (0.014)  Data Time:  0.004 (0.004)
2022-04-08 05:39:35,007:INFO:   Eta: 1:01:33
2022-04-08 05:39:43,343:INFO: Valid: [156][659/660]  Loss -9.6638 (-6.1660)
2022-04-08 05:39:43,357:INFO: Checkpoint saved...
2022-04-08 05:39:46,229:INFO: Test: [156]  ADE: 0.7986  FDE: 1.5037
2022-04-08 05:40:26,155:INFO: Train: [157][2784/2785]  Loss -1.2905 (-1.8103)  Time:  0.614 (0.014)  Data Time:  0.005 (0.004)
2022-04-08 05:40:26,157:INFO:   Eta: 1:01:51
2022-04-08 05:40:34,489:INFO: Valid: [157][659/660]  Loss -8.8348 (-5.5948)
2022-04-08 05:41:13,762:INFO: Train: [158][2784/2785]  Loss -1.4012 (-1.7759)  Time:  0.499 (0.014)  Data Time:  0.003 (0.004)
2022-04-08 05:41:13,765:INFO:   Eta: 1:00:10
2022-04-08 05:41:21,752:INFO: Valid: [158][659/660]  Loss -8.7609 (-5.5948)
2022-04-08 05:41:58,578:INFO: Train: [159][2784/2785]  Loss -1.4974 (-1.7649)  Time:  0.498 (0.013)  Data Time:  0.004 (0.004)
2022-04-08 05:41:58,580:INFO:   Eta: 0:55:49
2022-04-08 05:42:06,667:INFO: Valid: [159][659/660]  Loss -9.3612 (-5.9828)
2022-04-08 05:42:44,751:INFO: Train: [160][2784/2785]  Loss -1.3811 (-1.7787)  Time:  0.607 (0.014)  Data Time:  0.004 (0.004)
2022-04-08 05:42:44,753:INFO:   Eta: 0:57:05
2022-04-08 05:42:52,636:INFO: Valid: [160][659/660]  Loss -9.4802 (-6.0469)
2022-04-08 05:43:32,795:INFO: Train: [161][2784/2785]  Loss -1.4135 (-1.7578)  Time:  0.576 (0.014)  Data Time:  0.003 (0.004)
2022-04-08 05:43:32,796:INFO:   Eta: 0:59:32
2022-04-08 05:43:40,886:INFO: Valid: [161][659/660]  Loss -8.8554 (-5.6539)
2022-04-08 05:44:16,684:INFO: Train: [162][2784/2785]  Loss -1.3417 (-1.7328)  Time:  0.485 (0.013)  Data Time:  0.003 (0.003)
2022-04-08 05:44:16,686:INFO:   Eta: 0:52:28
2022-04-08 05:44:24,771:INFO: Valid: [162][659/660]  Loss -9.1425 (-5.8527)
2022-04-08 05:45:00,986:INFO: Train: [163][2784/2785]  Loss -1.4259 (-1.7896)  Time:  0.478 (0.013)  Data Time:  0.003 (0.003)
2022-04-08 05:45:00,987:INFO:   Eta: 0:52:28
2022-04-08 05:45:08,999:INFO: Valid: [163][659/660]  Loss -8.8361 (-5.6622)
2022-04-08 05:45:46,263:INFO: Train: [164][2784/2785]  Loss -1.2763 (-1.7815)  Time:  0.606 (0.013)  Data Time:  0.003 (0.003)
2022-04-08 05:45:46,360:INFO:   Eta: 0:53:22
2022-04-08 05:45:54,055:INFO: Valid: [164][659/660]  Loss -9.3618 (-5.9553)
2022-04-08 05:46:31,923:INFO: Train: [165][2784/2785]  Loss -1.3579 (-1.8347)  Time:  0.519 (0.014)  Data Time:  0.004 (0.004)
2022-04-08 05:46:31,924:INFO:   Eta: 0:53:36
2022-04-08 05:46:40,157:INFO: Valid: [165][659/660]  Loss -8.9291 (-5.6741)
2022-04-08 05:47:19,997:INFO: Train: [166][2784/2785]  Loss -1.3590 (-1.7652)  Time:  0.595 (0.014)  Data Time:  0.005 (0.004)
2022-04-08 05:47:19,999:INFO:   Eta: 0:55:44
2022-04-08 05:47:28,340:INFO: Valid: [166][659/660]  Loss -8.8676 (-5.6752)
2022-04-08 05:47:31,218:INFO: Test: [166]  ADE: 0.7973  FDE: 1.5203
2022-04-08 05:48:10,908:INFO: Train: [167][2784/2785]  Loss -1.4321 (-1.8116)  Time:  0.558 (0.014)  Data Time:  0.002 (0.004)
2022-04-08 05:48:10,910:INFO:   Eta: 0:54:52
2022-04-08 05:48:19,146:INFO: Valid: [167][659/660]  Loss -8.4144 (-5.3135)
2022-04-08 05:48:58,089:INFO: Train: [168][2784/2785]  Loss -1.3927 (-1.8315)  Time:  0.611 (0.014)  Data Time:  0.004 (0.004)
2022-04-08 05:48:58,091:INFO:   Eta: 0:53:11
2022-04-08 05:49:06,117:INFO: Valid: [168][659/660]  Loss -8.8818 (-5.6368)
2022-04-08 05:49:44,675:INFO: Train: [169][2784/2785]  Loss -1.3429 (-1.8366)  Time:  0.541 (0.014)  Data Time:  0.005 (0.004)
2022-04-08 05:49:44,677:INFO:   Eta: 0:52:01
2022-04-08 05:49:52,862:INFO: Valid: [169][659/660]  Loss -9.2419 (-5.8888)
2022-04-08 05:50:33,473:INFO: Train: [170][2784/2785]  Loss -1.3186 (-1.8116)  Time:  0.537 (0.015)  Data Time:  0.004 (0.004)
2022-04-08 05:50:33,475:INFO:   Eta: 0:54:07
2022-04-08 05:50:41,449:INFO: Valid: [170][659/660]  Loss -9.4258 (-6.0027)
2022-04-08 05:51:21,628:INFO: Train: [171][2784/2785]  Loss -1.4119 (-1.7982)  Time:  0.560 (0.014)  Data Time:  0.005 (0.004)
2022-04-08 05:51:21,630:INFO:   Eta: 0:52:52
2022-04-08 05:51:29,692:INFO: Valid: [171][659/660]  Loss -8.9869 (-5.7362)
2022-04-08 05:52:06,540:INFO: Train: [172][2784/2785]  Loss -1.3662 (-1.8052)  Time:  0.498 (0.013)  Data Time:  0.002 (0.003)
2022-04-08 05:52:06,541:INFO:   Eta: 0:47:52
2022-04-08 05:52:14,774:INFO: Valid: [172][659/660]  Loss -9.1795 (-5.8518)
2022-04-08 05:52:52,476:INFO: Train: [173][2784/2785]  Loss -1.3670 (-1.7629)  Time:  0.584 (0.014)  Data Time:  0.004 (0.003)
2022-04-08 05:52:52,477:INFO:   Eta: 0:48:21
2022-04-08 05:53:00,705:INFO: Valid: [173][659/660]  Loss -8.4497 (-5.4066)
2022-04-08 05:53:38,131:INFO: Train: [174][2784/2785]  Loss -1.4749 (-1.7634)  Time:  0.571 (0.013)  Data Time:  0.003 (0.003)
2022-04-08 05:53:38,132:INFO:   Eta: 0:47:22
2022-04-08 05:53:46,324:INFO: Valid: [174][659/660]  Loss -8.6387 (-5.5008)
2022-04-08 05:54:25,084:INFO: Train: [175][2784/2785]  Loss -1.3196 (-1.8195)  Time:  0.601 (0.014)  Data Time:  0.004 (0.004)
2022-04-08 05:54:25,085:INFO:   Eta: 0:48:25
2022-04-08 05:54:33,008:INFO: Valid: [175][659/660]  Loss -9.0204 (-5.7787)
2022-04-08 05:55:10,716:INFO: Train: [176][2784/2785]  Loss -1.3106 (-1.8192)  Time:  0.507 (0.014)  Data Time:  0.003 (0.004)
2022-04-08 05:55:10,718:INFO:   Eta: 0:46:28
2022-04-08 05:55:18,546:INFO: Valid: [176][659/660]  Loss -8.6133 (-5.4782)
2022-04-08 05:55:21,347:INFO: Test: [176]  ADE: 1.0092  FDE: 1.8371
2022-04-08 05:56:00,586:INFO: Train: [177][2784/2785]  Loss -1.3030 (-1.8231)  Time:  0.503 (0.014)  Data Time:  0.004 (0.004)
2022-04-08 05:56:00,588:INFO:   Eta: 0:47:43
2022-04-08 05:56:08,619:INFO: Valid: [177][659/660]  Loss -8.5752 (-5.5037)
2022-04-08 05:56:48,237:INFO: Train: [178][2784/2785]  Loss -1.2806 (-1.8109)  Time:  0.530 (0.014)  Data Time:  0.004 (0.004)
2022-04-08 05:56:48,238:INFO:   Eta: 0:47:30
2022-04-08 05:56:56,428:INFO: Valid: [178][659/660]  Loss -9.5125 (-6.0808)
2022-04-08 05:57:36,116:INFO: Train: [179][2784/2785]  Loss -1.4400 (-1.8206)  Time:  0.586 (0.014)  Data Time:  0.005 (0.004)
2022-04-08 05:57:36,118:INFO:   Eta: 0:46:56
2022-04-08 05:57:44,203:INFO: Valid: [179][659/660]  Loss -9.3547 (-5.9436)
2022-04-08 05:58:23,951:INFO: Train: [180][2784/2785]  Loss -1.3814 (-1.7916)  Time:  0.549 (0.014)  Data Time:  0.005 (0.004)
2022-04-08 05:58:23,953:INFO:   Eta: 0:46:20
2022-04-08 05:58:32,478:INFO: Valid: [180][659/660]  Loss -9.5757 (-6.1205)
2022-04-08 05:59:12,874:INFO: Train: [181][2784/2785]  Loss -1.3370 (-1.7983)  Time:  0.531 (0.014)  Data Time:  0.005 (0.004)
2022-04-08 05:59:12,876:INFO:   Eta: 0:46:25
2022-04-08 05:59:20,889:INFO: Valid: [181][659/660]  Loss -8.6684 (-5.5608)
2022-04-08 06:00:01,219:INFO: Train: [182][2784/2785]  Loss -1.2608 (-1.8085)  Time:  0.534 (0.014)  Data Time:  0.003 (0.004)
2022-04-08 06:00:01,221:INFO:   Eta: 0:45:40
2022-04-08 06:00:09,425:INFO: Valid: [182][659/660]  Loss -9.5062 (-6.0608)
2022-04-08 06:00:46,281:INFO: Train: [183][2784/2785]  Loss -1.3551 (-1.8128)  Time:  0.523 (0.013)  Data Time:  0.003 (0.003)
2022-04-08 06:00:46,282:INFO:   Eta: 0:41:07
2022-04-08 06:00:54,415:INFO: Valid: [183][659/660]  Loss -9.1159 (-5.7733)
2022-04-08 06:01:30,632:INFO: Train: [184][2784/2785]  Loss -1.4056 (-1.8126)  Time:  0.486 (0.013)  Data Time:  0.002 (0.003)
2022-04-08 06:01:30,633:INFO:   Eta: 0:39:48
2022-04-08 06:01:38,561:INFO: Valid: [184][659/660]  Loss -9.3371 (-5.9679)
2022-04-08 06:02:12,855:INFO: Train: [185][2784/2785]  Loss -1.4130 (-1.8051)  Time:  0.548 (0.012)  Data Time:  0.003 (0.003)
2022-04-08 06:02:12,857:INFO:   Eta: 0:37:07
2022-04-08 06:02:20,943:INFO: Valid: [185][659/660]  Loss -9.0606 (-5.7530)
2022-04-08 06:02:59,606:INFO: Train: [186][2784/2785]  Loss -1.3870 (-1.8302)  Time:  0.608 (0.014)  Data Time:  0.004 (0.004)
2022-04-08 06:02:59,608:INFO:   Eta: 0:41:12
2022-04-08 06:03:07,542:INFO: Valid: [186][659/660]  Loss -9.0583 (-5.8136)
2022-04-08 06:03:10,460:INFO: Test: [186]  ADE: 0.8165  FDE: 1.4587
2022-04-08 06:03:49,861:INFO: Train: [187][2784/2785]  Loss -1.3717 (-1.8313)  Time:  0.557 (0.014)  Data Time:  0.005 (0.004)
2022-04-08 06:03:49,863:INFO:   Eta: 0:41:21
2022-04-08 06:03:57,923:INFO: Valid: [187][659/660]  Loss -9.4658 (-6.0552)
2022-04-08 06:04:38,506:INFO: Train: [188][2784/2785]  Loss -1.3585 (-1.8106)  Time:  0.616 (0.015)  Data Time:  0.004 (0.004)
2022-04-08 06:04:38,507:INFO:   Eta: 0:41:54
2022-04-08 06:04:46,895:INFO: Valid: [188][659/660]  Loss -9.5333 (-6.0793)
2022-04-08 06:05:25,901:INFO: Train: [189][2784/2785]  Loss -1.2694 (-1.8016)  Time:  0.618 (0.014)  Data Time:  0.004 (0.004)
2022-04-08 06:05:25,902:INFO:   Eta: 0:39:38
2022-04-08 06:05:33,840:INFO: Valid: [189][659/660]  Loss -9.6062 (-6.1465)
2022-04-08 06:06:13,631:INFO: Train: [190][2784/2785]  Loss -1.3560 (-1.8477)  Time:  0.531 (0.014)  Data Time:  0.004 (0.004)
2022-04-08 06:06:13,633:INFO:   Eta: 0:39:46
2022-04-08 06:06:21,156:INFO: Valid: [190][659/660]  Loss -8.2762 (-5.3045)
2022-04-08 06:07:03,516:INFO: Train: [191][2784/2785]  Loss -1.4167 (-1.8097)  Time:  0.526 (0.015)  Data Time:  0.004 (0.004)
2022-04-08 06:07:03,641:INFO:   Eta: 0:40:51
2022-04-08 06:07:12,016:INFO: Valid: [191][659/660]  Loss -9.5730 (-6.1113)
2022-04-08 06:07:51,445:INFO: Train: [192][2784/2785]  Loss -1.4183 (-1.8427)  Time:  0.566 (0.014)  Data Time:  0.004 (0.004)
2022-04-08 06:07:51,447:INFO:   Eta: 0:38:05
2022-04-08 06:07:59,226:INFO: Valid: [192][659/660]  Loss -9.2067 (-5.8791)
2022-04-08 06:08:37,507:INFO: Train: [193][2784/2785]  Loss -1.3839 (-1.7721)  Time:  0.492 (0.014)  Data Time:  0.003 (0.004)
2022-04-08 06:08:37,508:INFO:   Eta: 0:36:20
2022-04-08 06:08:45,677:INFO: Valid: [193][659/660]  Loss -9.1557 (-5.8646)
2022-04-08 06:09:22,125:INFO: Train: [194][2784/2785]  Loss -1.5007 (-1.8079)  Time:  0.579 (0.013)  Data Time:  0.003 (0.003)
2022-04-08 06:09:22,126:INFO:   Eta: 0:33:59
2022-04-08 06:09:30,326:INFO: Valid: [194][659/660]  Loss -9.3447 (-5.9536)
2022-04-08 06:10:06,019:INFO: Train: [195][2784/2785]  Loss -1.3926 (-1.8431)  Time:  0.547 (0.013)  Data Time:  0.003 (0.003)
2022-04-08 06:10:06,021:INFO:   Eta: 0:32:41
2022-04-08 06:10:14,201:INFO: Valid: [195][659/660]  Loss -9.2198 (-5.8937)
2022-04-08 06:10:48,935:INFO: Train: [196][2784/2785]  Loss -1.4325 (-1.8108)  Time:  0.505 (0.012)  Data Time:  0.004 (0.003)
2022-04-08 06:10:48,937:INFO:   Eta: 0:31:14
2022-04-08 06:10:57,081:INFO: Valid: [196][659/660]  Loss -9.1758 (-5.8351)
2022-04-08 06:10:59,954:INFO: Test: [196]  ADE: 0.8043  FDE: 1.4061
2022-04-08 06:11:35,848:INFO: Train: [197][2784/2785]  Loss -1.4475 (-1.8315)  Time:  0.480 (0.013)  Data Time:  0.004 (0.003)
2022-04-08 06:11:35,850:INFO:   Eta: 0:31:41
2022-04-08 06:11:43,974:INFO: Valid: [197][659/660]  Loss -9.3111 (-5.9349)
2022-04-08 06:12:23,304:INFO: Train: [198][2784/2785]  Loss -1.4994 (-1.8179)  Time:  0.625 (0.014)  Data Time:  0.004 (0.004)
2022-04-08 06:12:23,305:INFO:   Eta: 0:34:04
2022-04-08 06:12:31,439:INFO: Valid: [198][659/660]  Loss -9.1644 (-5.8686)
2022-04-08 06:13:10,297:INFO: Train: [199][2784/2785]  Loss -1.3082 (-1.8379)  Time:  0.566 (0.014)  Data Time:  0.003 (0.004)
2022-04-08 06:13:10,301:INFO:   Eta: 0:33:00
2022-04-08 06:13:18,553:INFO: Valid: [199][659/660]  Loss -9.1472 (-5.8723)
2022-04-08 06:13:57,832:INFO: Train: [200][2784/2785]  Loss -1.3683 (-1.7836)  Time:  0.540 (0.014)  Data Time:  0.004 (0.004)
2022-04-08 06:13:57,833:INFO:   Eta: 0:32:42
2022-04-08 06:14:05,851:INFO: Valid: [200][659/660]  Loss -9.3579 (-5.9784)
2022-04-08 06:14:45,798:INFO: Train: [201][2784/2785]  Loss -1.3673 (-1.8231)  Time:  0.516 (0.014)  Data Time:  0.004 (0.004)
2022-04-08 06:14:45,800:INFO:   Eta: 0:32:36
2022-04-08 06:14:53,783:INFO: Valid: [201][659/660]  Loss -8.4126 (-5.3511)
2022-04-08 06:15:30,199:INFO: Train: [202][2784/2785]  Loss -1.3731 (-1.7511)  Time:  0.575 (0.013)  Data Time:  0.004 (0.003)
2022-04-08 06:15:30,200:INFO:   Eta: 0:29:06
2022-04-08 06:15:38,306:INFO: Valid: [202][659/660]  Loss -9.5844 (-6.1291)
2022-04-08 06:16:17,335:INFO: Train: [203][2784/2785]  Loss -1.5068 (-1.8255)  Time:  0.633 (0.014)  Data Time:  0.004 (0.004)
2022-04-08 06:16:17,336:INFO:   Eta: 0:30:33
2022-04-08 06:16:25,364:INFO: Valid: [203][659/660]  Loss -8.7537 (-5.5352)
2022-04-08 06:17:04,054:INFO: Train: [204][2784/2785]  Loss -1.3866 (-1.8447)  Time:  0.488 (0.014)  Data Time:  0.002 (0.004)
2022-04-08 06:17:04,056:INFO:   Eta: 0:29:38
2022-04-08 06:17:12,730:INFO: Valid: [204][659/660]  Loss -9.3359 (-5.9467)
2022-04-08 06:17:52,883:INFO: Train: [205][2784/2785]  Loss -1.3701 (-1.7697)  Time:  0.539 (0.014)  Data Time:  0.003 (0.004)
2022-04-08 06:17:52,885:INFO:   Eta: 0:30:05
2022-04-08 06:18:01,395:INFO: Valid: [205][659/660]  Loss -9.1650 (-5.8488)
2022-04-08 06:18:39,414:INFO: Train: [206][2784/2785]  Loss -1.4710 (-1.8080)  Time:  0.536 (0.014)  Data Time:  0.003 (0.004)
2022-04-08 06:18:39,415:INFO:   Eta: 0:27:51
2022-04-08 06:18:48,149:INFO: Valid: [206][659/660]  Loss -9.3334 (-5.9704)
2022-04-08 06:18:50,988:INFO: Test: [206]  ADE: 0.8200  FDE: 1.4808
2022-04-08 06:19:26,714:INFO: Train: [207][2784/2785]  Loss -1.3162 (-1.8556)  Time:  0.554 (0.013)  Data Time:  0.003 (0.003)
2022-04-08 06:19:26,723:INFO:   Eta: 0:25:35
2022-04-08 06:19:34,874:INFO: Valid: [207][659/660]  Loss -8.9664 (-5.7034)
2022-04-08 06:20:10,690:INFO: Train: [208][2784/2785]  Loss -1.3464 (-1.8631)  Time:  0.507 (0.013)  Data Time:  0.003 (0.003)
2022-04-08 06:20:10,692:INFO:   Eta: 0:25:03
2022-04-08 06:20:19,218:INFO: Valid: [208][659/660]  Loss -9.5495 (-6.0995)
2022-04-08 06:20:55,433:INFO: Train: [209][2784/2785]  Loss -1.4145 (-1.8453)  Time:  0.568 (0.013)  Data Time:  0.003 (0.003)
2022-04-08 06:20:55,434:INFO:   Eta: 0:24:43
2022-04-08 06:21:03,481:INFO: Valid: [209][659/660]  Loss -9.5558 (-6.1026)
2022-04-08 06:21:42,236:INFO: Train: [210][2784/2785]  Loss -1.4212 (-1.8448)  Time:  0.521 (0.014)  Data Time:  0.003 (0.004)
2022-04-08 06:21:42,237:INFO:   Eta: 0:25:49
2022-04-08 06:21:50,519:INFO: Valid: [210][659/660]  Loss -9.6356 (-6.1444)
2022-04-08 06:22:26,899:INFO: Train: [211][2784/2785]  Loss -1.3098 (-1.7501)  Time:  0.495 (0.013)  Data Time:  0.003 (0.003)
2022-04-08 06:22:26,901:INFO:   Eta: 0:23:37
2022-04-08 06:22:35,057:INFO: Valid: [211][659/660]  Loss -9.6438 (-6.1358)
2022-04-08 06:23:14,720:INFO: Train: [212][2784/2785]  Loss -1.2641 (-1.8515)  Time:  0.609 (0.014)  Data Time:  0.003 (0.004)
2022-04-08 06:23:14,722:INFO:   Eta: 0:25:06
2022-04-08 06:23:22,721:INFO: Valid: [212][659/660]  Loss -8.8565 (-5.6786)
2022-04-08 06:24:01,328:INFO: Train: [213][2784/2785]  Loss -1.2885 (-1.8226)  Time:  0.581 (0.014)  Data Time:  0.003 (0.004)
2022-04-08 06:24:01,330:INFO:   Eta: 0:23:47
2022-04-08 06:24:09,643:INFO: Valid: [213][659/660]  Loss -9.1246 (-5.8455)
2022-04-08 06:24:48,412:INFO: Train: [214][2784/2785]  Loss -1.3175 (-1.8646)  Time:  0.559 (0.014)  Data Time:  0.004 (0.004)
2022-04-08 06:24:48,414:INFO:   Eta: 0:23:14
2022-04-08 06:24:56,230:INFO: Valid: [214][659/660]  Loss -9.5423 (-6.0886)
2022-04-08 06:25:36,516:INFO: Train: [215][2784/2785]  Loss -1.4541 (-1.8672)  Time:  0.670 (0.014)  Data Time:  0.004 (0.004)
2022-04-08 06:25:36,517:INFO:   Eta: 0:23:29
2022-04-08 06:25:44,587:INFO: Valid: [215][659/660]  Loss -9.5255 (-6.0722)
2022-04-08 06:26:24,473:INFO: Train: [216][2784/2785]  Loss -1.3616 (-1.8385)  Time:  0.624 (0.014)  Data Time:  0.004 (0.004)
2022-04-08 06:26:24,474:INFO:   Eta: 0:22:35
2022-04-08 06:26:32,312:INFO: Valid: [216][659/660]  Loss -9.0952 (-5.8179)
2022-04-08 06:26:35,527:INFO: Test: [216]  ADE: 0.8426  FDE: 1.5694
2022-04-08 06:27:13,537:INFO: Train: [217][2784/2785]  Loss -1.5093 (-1.7892)  Time:  0.500 (0.014)  Data Time:  0.003 (0.004)
2022-04-08 06:27:13,539:INFO:   Eta: 0:20:53
2022-04-08 06:27:21,523:INFO: Valid: [217][659/660]  Loss -8.9312 (-5.6826)
2022-04-08 06:27:57,131:INFO: Train: [218][2784/2785]  Loss -1.4466 (-1.8232)  Time:  0.515 (0.013)  Data Time:  0.003 (0.003)
2022-04-08 06:27:57,132:INFO:   Eta: 0:18:58
2022-04-08 06:28:05,410:INFO: Valid: [218][659/660]  Loss -8.9553 (-5.6860)
2022-04-08 06:28:38,275:INFO: Train: [219][2784/2785]  Loss -1.4232 (-1.8280)  Time:  0.480 (0.012)  Data Time:  0.002 (0.003)
2022-04-08 06:28:38,277:INFO:   Eta: 0:16:58
2022-04-08 06:28:46,641:INFO: Valid: [219][659/660]  Loss -9.6456 (-6.1692)
2022-04-08 06:29:19,612:INFO: Train: [220][2784/2785]  Loss -1.2445 (-1.8462)  Time:  0.519 (0.012)  Data Time:  0.004 (0.003)
2022-04-08 06:29:19,613:INFO:   Eta: 0:16:28
2022-04-08 06:29:27,789:INFO: Valid: [220][659/660]  Loss -8.9510 (-5.7398)
2022-04-08 06:30:06,757:INFO: Train: [221][2784/2785]  Loss -1.3422 (-1.7909)  Time:  0.583 (0.014)  Data Time:  0.004 (0.004)
2022-04-08 06:30:06,759:INFO:   Eta: 0:18:49
2022-04-08 06:30:14,691:INFO: Valid: [221][659/660]  Loss -9.3279 (-5.9621)
2022-04-08 06:30:53,923:INFO: Train: [222][2784/2785]  Loss -1.3519 (-1.8486)  Time:  0.510 (0.014)  Data Time:  0.004 (0.004)
2022-04-08 06:30:53,925:INFO:   Eta: 0:18:17
2022-04-08 06:31:01,896:INFO: Valid: [222][659/660]  Loss -9.4681 (-6.0571)
2022-04-08 06:31:36,478:INFO: Train: [223][2784/2785]  Loss -1.4467 (-1.7805)  Time:  0.505 (0.012)  Data Time:  0.004 (0.003)
2022-04-08 06:31:36,480:INFO:   Eta: 0:15:33
2022-04-08 06:31:44,881:INFO: Valid: [223][659/660]  Loss -9.5384 (-6.0735)
2022-04-08 06:32:20,334:INFO: Train: [224][2784/2785]  Loss -1.4382 (-1.7996)  Time:  0.614 (0.013)  Data Time:  0.003 (0.003)
2022-04-08 06:32:20,335:INFO:   Eta: 0:15:21
2022-04-08 06:32:28,487:INFO: Valid: [224][659/660]  Loss -9.0214 (-5.7365)
2022-04-08 06:33:04,049:INFO: Train: [225][2784/2785]  Loss -1.3959 (-1.8328)  Time:  0.500 (0.013)  Data Time:  0.002 (0.003)
2022-04-08 06:33:04,050:INFO:   Eta: 0:14:48
2022-04-08 06:33:12,092:INFO: Valid: [225][659/660]  Loss -8.5666 (-5.4954)
2022-04-08 06:33:43,902:INFO: Train: [226][2784/2785]  Loss -1.4725 (-1.8527)  Time:  0.573 (0.011)  Data Time:  0.002 (0.002)
2022-04-08 06:33:43,903:INFO:   Eta: 0:12:42
2022-04-08 06:33:51,877:INFO: Valid: [226][659/660]  Loss -8.3027 (-5.3312)
2022-04-08 06:33:54,489:INFO: Test: [226]  ADE: 0.8390  FDE: 1.6119
2022-04-08 06:34:26,176:INFO: Train: [227][2784/2785]  Loss -1.3439 (-1.8622)  Time:  0.444 (0.011)  Data Time:  0.002 (0.002)
2022-04-08 06:34:26,177:INFO:   Eta: 0:12:08
2022-04-08 06:34:34,326:INFO: Valid: [227][659/660]  Loss -9.5305 (-6.0577)
2022-04-08 06:35:05,512:INFO: Train: [228][2784/2785]  Loss -1.4106 (-1.8458)  Time:  0.461 (0.011)  Data Time:  0.001 (0.002)
2022-04-08 06:35:05,514:INFO:   Eta: 0:11:25
2022-04-08 06:35:13,407:INFO: Valid: [228][659/660]  Loss -9.2902 (-5.9035)
2022-04-08 06:35:42,447:INFO: Train: [229][2784/2785]  Loss -1.4341 (-1.8569)  Time:  0.452 (0.010)  Data Time:  0.001 (0.001)
2022-04-08 06:35:42,448:INFO:   Eta: 0:10:09
2022-04-08 06:35:50,208:INFO: Valid: [229][659/660]  Loss -9.4701 (-6.0661)
2022-04-08 06:36:18,433:INFO: Train: [230][2784/2785]  Loss -1.4175 (-1.8392)  Time:  0.475 (0.010)  Data Time:  0.001 (0.001)
2022-04-08 06:36:18,434:INFO:   Eta: 0:09:24
2022-04-08 06:36:25,927:INFO: Valid: [230][659/660]  Loss -9.4977 (-6.0421)
2022-04-08 06:36:54,579:INFO: Train: [231][2784/2785]  Loss -1.4052 (-1.8830)  Time:  0.470 (0.010)  Data Time:  0.001 (0.001)
2022-04-08 06:36:54,580:INFO:   Eta: 0:09:03
2022-04-08 06:37:02,324:INFO: Valid: [231][659/660]  Loss -9.2895 (-5.9145)
2022-04-08 06:37:35,228:INFO: Train: [232][2784/2785]  Loss -1.5367 (-1.8579)  Time:  0.452 (0.012)  Data Time:  0.001 (0.001)
2022-04-08 06:37:35,236:INFO:   Eta: 0:09:51
2022-04-08 06:37:43,002:INFO: Valid: [232][659/660]  Loss -8.8992 (-5.6537)
2022-04-08 06:38:14,386:INFO: Train: [233][2784/2785]  Loss -1.5169 (-1.8397)  Time:  0.644 (0.011)  Data Time:  0.002 (0.002)
2022-04-08 06:38:14,388:INFO:   Eta: 0:08:53
2022-04-08 06:38:22,217:INFO: Valid: [233][659/660]  Loss -9.3917 (-5.9842)
2022-04-08 06:38:54,497:INFO: Train: [234][2784/2785]  Loss -1.4138 (-1.8418)  Time:  0.404 (0.012)  Data Time:  0.003 (0.002)
2022-04-08 06:38:54,498:INFO:   Eta: 0:08:36
2022-04-08 06:39:02,723:INFO: Valid: [234][659/660]  Loss -9.4063 (-5.9870)
2022-04-08 06:39:34,399:INFO: Train: [235][2784/2785]  Loss -1.4523 (-1.8647)  Time:  0.527 (0.011)  Data Time:  0.003 (0.002)
2022-04-08 06:39:34,420:INFO:   Eta: 0:07:54
2022-04-08 06:39:42,318:INFO: Valid: [235][659/660]  Loss -8.3243 (-5.3351)
2022-04-08 06:40:13,795:INFO: Train: [236][2784/2785]  Loss -1.3906 (-1.8695)  Time:  0.491 (0.011)  Data Time:  0.003 (0.002)
2022-04-08 06:40:13,796:INFO:   Eta: 0:07:19
2022-04-08 06:40:21,593:INFO: Valid: [236][659/660]  Loss -9.3705 (-5.9950)
2022-04-08 06:40:24,387:INFO: Test: [236]  ADE: 0.7903  FDE: 1.4603
2022-04-08 06:40:56,163:INFO: Train: [237][2784/2785]  Loss -1.4188 (-1.8219)  Time:  0.470 (0.011)  Data Time:  0.003 (0.002)
2022-04-08 06:40:56,165:INFO:   Eta: 0:06:52
2022-04-08 06:41:04,098:INFO: Valid: [237][659/660]  Loss -8.8572 (-5.6617)
2022-04-08 06:41:35,954:INFO: Train: [238][2784/2785]  Loss -1.4730 (-1.8710)  Time:  0.486 (0.011)  Data Time:  0.002 (0.002)
2022-04-08 06:41:35,956:INFO:   Eta: 0:06:21
2022-04-08 06:41:44,043:INFO: Valid: [238][659/660]  Loss -9.4012 (-5.9884)
2022-04-08 06:42:16,362:INFO: Train: [239][2784/2785]  Loss -1.5700 (-1.8614)  Time:  0.461 (0.012)  Data Time:  0.003 (0.002)
2022-04-08 06:42:16,364:INFO:   Eta: 0:05:55
2022-04-08 06:42:24,439:INFO: Valid: [239][659/660]  Loss -9.2069 (-5.8569)
2022-04-08 06:42:54,770:INFO: Train: [240][2784/2785]  Loss -1.3600 (-1.8262)  Time:  0.503 (0.011)  Data Time:  0.002 (0.002)
2022-04-08 06:42:54,772:INFO:   Eta: 0:05:03
2022-04-08 06:43:02,582:INFO: Valid: [240][659/660]  Loss -8.0672 (-5.1560)
2022-04-08 06:43:31,274:INFO: Train: [241][2784/2785]  Loss -1.4213 (-1.8592)  Time:  0.474 (0.010)  Data Time:  0.002 (0.001)
2022-04-08 06:43:31,275:INFO:   Eta: 0:04:18
2022-04-08 06:43:39,042:INFO: Valid: [241][659/660]  Loss -9.6428 (-6.1531)
2022-04-08 06:44:07,627:INFO: Train: [242][2784/2785]  Loss -1.3650 (-1.8551)  Time:  0.424 (0.010)  Data Time:  0.002 (0.001)
2022-04-08 06:44:07,628:INFO:   Eta: 0:03:48
2022-04-08 06:44:15,380:INFO: Valid: [242][659/660]  Loss -9.4587 (-6.0036)
2022-04-08 06:44:43,603:INFO: Train: [243][2784/2785]  Loss -1.4096 (-1.8984)  Time:  0.445 (0.010)  Data Time:  0.001 (0.001)
2022-04-08 06:44:43,604:INFO:   Eta: 0:03:17
2022-04-08 06:44:51,093:INFO: Valid: [243][659/660]  Loss -8.9116 (-5.7106)
2022-04-08 06:45:20,340:INFO: Train: [244][2784/2785]  Loss -1.4267 (-1.8888)  Time:  0.541 (0.010)  Data Time:  0.001 (0.001)
2022-04-08 06:45:20,341:INFO:   Eta: 0:02:55
2022-04-08 06:45:28,266:INFO: Valid: [244][659/660]  Loss -9.6459 (-6.1413)
2022-04-08 06:46:00,496:INFO: Train: [245][2784/2785]  Loss -1.5407 (-1.8842)  Time:  0.528 (0.012)  Data Time:  0.002 (0.002)
2022-04-08 06:46:00,497:INFO:   Eta: 0:02:41
2022-04-08 06:46:08,278:INFO: Valid: [245][659/660]  Loss -9.2237 (-5.9029)
2022-04-08 06:46:39,888:INFO: Train: [246][2784/2785]  Loss -1.4343 (-1.8494)  Time:  0.448 (0.011)  Data Time:  0.002 (0.002)
2022-04-08 06:46:39,890:INFO:   Eta: 0:02:06
2022-04-08 06:46:47,692:INFO: Valid: [246][659/660]  Loss -9.3100 (-5.9327)
2022-04-08 06:46:50,294:INFO: Test: [246]  ADE: 0.8120  FDE: 1.4856
2022-04-08 06:47:22,407:INFO: Train: [247][2784/2785]  Loss -1.4195 (-1.8510)  Time:  0.472 (0.012)  Data Time:  0.002 (0.002)
2022-04-08 06:47:22,408:INFO:   Eta: 0:01:36
2022-04-08 06:47:30,313:INFO: Valid: [247][659/660]  Loss -9.3293 (-5.9379)
2022-04-08 06:48:02,675:INFO: Train: [248][2784/2785]  Loss -1.3272 (-1.8830)  Time:  0.474 (0.012)  Data Time:  0.002 (0.002)
2022-04-08 06:48:02,677:INFO:   Eta: 0:01:04
2022-04-08 06:48:10,491:INFO: Valid: [248][659/660]  Loss -9.3028 (-5.9556)
2022-04-08 06:48:41,686:INFO: Train: [249][2784/2785]  Loss -1.3958 (-1.8404)  Time:  0.378 (0.011)  Data Time:  0.002 (0.002)
2022-04-08 06:48:41,688:INFO:   Eta: 0:00:31
2022-04-08 06:48:49,647:INFO: Valid: [249][659/660]  Loss -9.1091 (-5.8194)
