2022-04-08 08:27:02,352:INFO: batch_size=128
2022-04-08 08:27:02,352:INFO: clip_grad=None
2022-04-08 08:27:02,352:INFO: dataset=zara1
2022-04-08 08:27:02,352:INFO: drop=0.4
2022-04-08 08:27:02,352:INFO: gpu_num=0
2022-04-08 08:27:02,352:INFO: input_size=2
2022-04-08 08:27:02,352:INFO: kernel_size=3
2022-04-08 08:27:02,352:INFO: lr=0.01
2022-04-08 08:27:02,352:INFO: lr_sh_rate=150
2022-04-08 08:27:02,352:INFO: model=social_stgcnn9
2022-04-08 08:27:02,353:INFO: n_stgcnn=1
2022-04-08 08:27:02,353:INFO: n_txpcnn=5
2022-04-08 08:27:02,353:INFO: num_epochs=250
2022-04-08 08:27:02,353:INFO: obs_seq_len=8
2022-04-08 08:27:02,353:INFO: output_size=5
2022-04-08 08:27:02,353:INFO: pred_seq_len=12
2022-04-08 08:27:02,353:INFO: seed=0
2022-04-08 08:27:02,353:INFO: tag=zara1
2022-04-08 08:27:02,353:INFO: use_lrschd=True
2022-04-08 08:27:02,354:INFO: ******************************
2022-04-08 08:27:02,354:INFO: Training initiating....
2022-04-08 08:27:02,354:INFO: Namespace(batch_size=128, clip_grad=None, dataset='zara1', drop=0.4, gpu_num='0', input_size=2, kernel_size=3, lr=0.01, lr_sh_rate=150, model='social_stgcnn9', n_stgcnn=1, n_txpcnn=5, num_epochs=250, obs_seq_len=8, output_size=5, pred_seq_len=12, seed=0, tag='zara1', use_lrschd=True)
2022-04-08 08:27:02,359:INFO: Initializing train dataset
2022-04-08 08:27:17,664:INFO: Initializing val dataset
2022-04-08 08:27:46,657:INFO: social_stgcnn9
2022-04-08 08:27:46,682:INFO: Data and model loaded
2022-04-08 08:27:46,682:INFO: Checkpoint dir: ./runs/Apr08_08-27-02_node07/zara1/checkpoint
2022-04-08 08:27:46,682:INFO: Training started ...
2022-04-08 08:28:18,213:INFO: Train: [0][2321/2322]  Loss 0.1281 (1.3694)  Time:  0.104 (0.014)  Data Time:  0.005 (0.004)
2022-04-08 08:28:18,213:INFO:   Eta: 2:11:19
2022-04-08 08:28:50,029:INFO: Train: [1][2321/2322]  Loss 0.0853 (0.6362)  Time:  0.093 (0.014)  Data Time:  0.004 (0.004)
2022-04-08 08:28:50,029:INFO:   Eta: 2:11:58
2022-04-08 08:29:22,021:INFO: Train: [2][2321/2322]  Loss 0.0881 (0.3908)  Time:  0.117 (0.014)  Data Time:  0.004 (0.004)
2022-04-08 08:29:22,022:INFO:   Eta: 2:12:10
2022-04-08 08:29:53,610:INFO: Train: [3][2321/2322]  Loss 0.0544 (0.2930)  Time:  0.102 (0.014)  Data Time:  0.004 (0.004)
2022-04-08 08:29:53,611:INFO:   Eta: 2:09:58
2022-04-08 08:30:25,398:INFO: Train: [4][2321/2322]  Loss 0.0900 (0.1326)  Time:  0.126 (0.014)  Data Time:  0.005 (0.005)
2022-04-08 08:30:25,399:INFO:   Eta: 2:10:15
2022-04-08 08:30:57,779:INFO: Train: [5][2321/2322]  Loss -0.0365 (0.0084)  Time:  0.102 (0.014)  Data Time:  0.005 (0.004)
2022-04-08 08:30:57,780:INFO:   Eta: 2:12:09
2022-04-08 08:31:24,404:INFO: Train: [6][2321/2322]  Loss -0.0573 (-0.0834)  Time:  0.090 (0.011)  Data Time:  0.005 (0.003)
2022-04-08 08:31:24,405:INFO:   Eta: 1:48:12
2022-04-08 08:31:48,883:INFO: Test: [6]  ADE: 0.6602  FDE: 0.8500
2022-04-08 08:32:16,069:INFO: Train: [7][2321/2322]  Loss -0.0205 (-0.1141)  Time:  0.098 (0.012)  Data Time:  0.003 (0.003)
2022-04-08 08:32:16,106:INFO:   Eta: 1:50:00
2022-04-08 08:32:45,099:INFO: Train: [8][2321/2322]  Loss -0.0165 (-0.1224)  Time:  0.095 (0.012)  Data Time:  0.003 (0.003)
2022-04-08 08:32:45,100:INFO:   Eta: 1:56:52
2022-04-08 08:33:14,787:INFO: Train: [9][2321/2322]  Loss -0.0137 (-0.1275)  Time:  0.094 (0.013)  Data Time:  0.002 (0.003)
2022-04-08 08:33:14,788:INFO:   Eta: 1:59:11
2022-04-08 08:33:46,157:INFO: Train: [10][2321/2322]  Loss -0.0707 (-0.3308)  Time:  0.103 (0.014)  Data Time:  0.005 (0.004)
2022-04-08 08:33:46,158:INFO:   Eta: 2:05:25
2022-04-08 08:34:17,871:INFO: Train: [11][2321/2322]  Loss -0.0632 (-0.2766)  Time:  0.104 (0.014)  Data Time:  0.005 (0.004)
2022-04-08 08:34:17,872:INFO:   Eta: 2:06:15
2022-04-08 08:34:48,103:INFO: Train: [12][2321/2322]  Loss -0.0530 (-0.2721)  Time:  0.106 (0.013)  Data Time:  0.004 (0.004)
2022-04-08 08:34:48,118:INFO:   Eta: 1:59:52
2022-04-08 08:35:20,115:INFO: Train: [13][2321/2322]  Loss -0.1145 (-0.4462)  Time:  0.109 (0.014)  Data Time:  0.005 (0.004)
2022-04-08 08:35:20,116:INFO:   Eta: 2:05:57
2022-04-08 08:35:52,554:INFO: Train: [14][2321/2322]  Loss -0.0806 (-0.3839)  Time:  0.103 (0.014)  Data Time:  0.004 (0.004)
2022-04-08 08:35:52,555:INFO:   Eta: 2:07:30
2022-04-08 08:36:25,379:INFO: Train: [15][2321/2322]  Loss -0.0773 (-0.4119)  Time:  0.121 (0.014)  Data Time:  0.004 (0.004)
2022-04-08 08:36:25,380:INFO:   Eta: 2:08:29
2022-04-08 08:36:56,497:INFO: Train: [16][2321/2322]  Loss -0.0591 (-0.3814)  Time:  0.097 (0.013)  Data Time:  0.004 (0.004)
2022-04-08 08:36:56,497:INFO:   Eta: 2:01:17
2022-04-08 08:37:21,698:INFO: Test: [16]  ADE: 0.6220  FDE: 0.7189
2022-04-08 08:37:51,640:INFO: Train: [17][2321/2322]  Loss -0.1188 (-0.4877)  Time:  0.099 (0.013)  Data Time:  0.005 (0.004)
2022-04-08 08:37:51,641:INFO:   Eta: 1:56:12
2022-04-08 08:38:21,129:INFO: Train: [18][2321/2322]  Loss -0.1340 (-0.5436)  Time:  0.093 (0.013)  Data Time:  0.004 (0.003)
2022-04-08 08:38:21,130:INFO:   Eta: 1:53:57
2022-04-08 08:38:49,785:INFO: Train: [19][2321/2322]  Loss -0.0413 (-0.6082)  Time:  0.094 (0.012)  Data Time:  0.004 (0.003)
2022-04-08 08:38:49,787:INFO:   Eta: 1:50:16
2022-04-08 08:39:18,806:INFO: Train: [20][2321/2322]  Loss -0.1092 (-0.5761)  Time:  0.092 (0.012)  Data Time:  0.003 (0.003)
2022-04-08 08:39:18,808:INFO:   Eta: 1:51:10
2022-04-08 08:39:47,962:INFO: Train: [21][2321/2322]  Loss -0.1444 (-0.6091)  Time:  0.098 (0.013)  Data Time:  0.004 (0.003)
2022-04-08 08:39:47,963:INFO:   Eta: 1:51:12
2022-04-08 08:40:17,579:INFO: Train: [22][2321/2322]  Loss -0.0559 (-0.6688)  Time:  0.154 (0.013)  Data Time:  0.003 (0.003)
2022-04-08 08:40:17,580:INFO:   Eta: 1:52:28
2022-04-08 08:40:49,499:INFO: Train: [23][2321/2322]  Loss -0.1185 (-0.6851)  Time:  0.101 (0.014)  Data Time:  0.004 (0.004)
2022-04-08 08:40:49,500:INFO:   Eta: 2:00:42
2022-04-08 08:41:20,108:INFO: Train: [24][2321/2322]  Loss -0.0835 (-0.7115)  Time:  0.095 (0.013)  Data Time:  0.004 (0.005)
2022-04-08 08:41:20,108:INFO:   Eta: 1:55:14
2022-04-08 08:41:52,390:INFO: Train: [25][2321/2322]  Loss -0.1329 (-0.7028)  Time:  0.100 (0.014)  Data Time:  0.004 (0.004)
2022-04-08 08:41:52,391:INFO:   Eta: 2:00:59
2022-04-08 08:42:23,105:INFO: Train: [26][2321/2322]  Loss -0.1338 (-0.7091)  Time:  0.127 (0.013)  Data Time:  0.004 (0.004)
2022-04-08 08:42:23,117:INFO:   Eta: 1:54:36
2022-04-08 08:42:48,326:INFO: Test: [26]  ADE: 0.5033  FDE: 0.6600
2022-04-08 08:43:19,706:INFO: Train: [27][2321/2322]  Loss -0.1246 (-0.7561)  Time:  0.103 (0.013)  Data Time:  0.005 (0.004)
2022-04-08 08:43:19,708:INFO:   Eta: 1:56:30
2022-04-08 08:43:51,910:INFO: Train: [28][2321/2322]  Loss -0.1256 (-0.8165)  Time:  0.118 (0.014)  Data Time:  0.005 (0.005)
2022-04-08 08:43:51,911:INFO:   Eta: 1:59:04
2022-04-08 08:44:22,548:INFO: Train: [29][2321/2322]  Loss -0.1336 (-0.7671)  Time:  0.087 (0.013)  Data Time:  0.004 (0.004)
2022-04-08 08:44:22,548:INFO:   Eta: 1:52:47
2022-04-08 08:44:53,973:INFO: Train: [30][2321/2322]  Loss -0.0761 (-0.7463)  Time:  0.101 (0.014)  Data Time:  0.004 (0.004)
2022-04-08 08:44:53,974:INFO:   Eta: 1:55:10
2022-04-08 08:45:23,587:INFO: Train: [31][2321/2322]  Loss -0.0720 (-0.7781)  Time:  0.097 (0.013)  Data Time:  0.004 (0.004)
2022-04-08 08:45:23,589:INFO:   Eta: 1:48:01
2022-04-08 08:45:50,950:INFO: Train: [32][2321/2322]  Loss -0.0201 (-0.8827)  Time:  0.081 (0.012)  Data Time:  0.003 (0.003)
2022-04-08 08:45:51,012:INFO:   Eta: 1:39:20
2022-04-08 08:46:17,890:INFO: Train: [33][2321/2322]  Loss -0.1085 (-0.8631)  Time:  0.087 (0.012)  Data Time:  0.003 (0.003)
2022-04-08 08:46:18,114:INFO:   Eta: 1:37:09
2022-04-08 08:46:49,750:INFO: Train: [34][2321/2322]  Loss -0.1078 (-0.9383)  Time:  0.095 (0.013)  Data Time:  0.003 (0.004)
2022-04-08 08:46:49,752:INFO:   Eta: 1:48:17
2022-04-08 08:47:25,333:INFO: Train: [35][2321/2322]  Loss -0.0775 (-0.7872)  Time:  0.126 (0.015)  Data Time:  0.003 (0.004)
2022-04-08 08:47:25,350:INFO:   Eta: 2:07:25
2022-04-08 08:48:01,542:INFO: Train: [36][2321/2322]  Loss -0.1024 (-0.8870)  Time:  0.129 (0.016)  Data Time:  0.004 (0.004)
2022-04-08 08:48:01,543:INFO:   Eta: 2:08:22
2022-04-08 08:48:31,496:INFO: Test: [36]  ADE: 0.6045  FDE: 0.9018
2022-04-08 08:49:08,673:INFO: Train: [37][2321/2322]  Loss -0.1343 (-0.9203)  Time:  0.119 (0.016)  Data Time:  0.005 (0.004)
2022-04-08 08:49:08,674:INFO:   Eta: 2:11:51
2022-04-08 08:49:46,069:INFO: Train: [38][2321/2322]  Loss -0.1141 (-0.9476)  Time:  0.107 (0.016)  Data Time:  0.004 (0.004)
2022-04-08 08:49:46,071:INFO:   Eta: 2:12:03
2022-04-08 08:50:22,387:INFO: Train: [39][2321/2322]  Loss -0.0552 (-0.9293)  Time:  0.127 (0.016)  Data Time:  0.004 (0.004)
2022-04-08 08:50:22,388:INFO:   Eta: 2:07:37
2022-04-08 08:50:58,978:INFO: Train: [40][2321/2322]  Loss -0.0779 (-0.9467)  Time:  0.134 (0.016)  Data Time:  0.004 (0.004)
2022-04-08 08:50:58,980:INFO:   Eta: 2:07:59
2022-04-08 08:51:35,622:INFO: Train: [41][2321/2322]  Loss -0.1353 (-0.8889)  Time:  0.172 (0.016)  Data Time:  0.004 (0.004)
2022-04-08 08:51:35,623:INFO:   Eta: 2:07:32
2022-04-08 08:52:11,981:INFO: Train: [42][2321/2322]  Loss -0.1793 (-0.9246)  Time:  0.127 (0.016)  Data Time:  0.004 (0.004)
2022-04-08 08:52:11,982:INFO:   Eta: 2:05:58
2022-04-08 08:52:47,705:INFO: Train: [43][2321/2322]  Loss -0.1584 (-0.9834)  Time:  0.109 (0.015)  Data Time:  0.004 (0.004)
2022-04-08 08:52:47,706:INFO:   Eta: 2:03:10
2022-04-08 08:53:22,228:INFO: Train: [44][2321/2322]  Loss -0.1622 (-0.9719)  Time:  0.142 (0.015)  Data Time:  0.003 (0.003)
2022-04-08 08:53:22,229:INFO:   Eta: 1:58:27
2022-04-08 08:53:55,266:INFO: Train: [45][2321/2322]  Loss -0.1767 (-1.0290)  Time:  0.105 (0.014)  Data Time:  0.002 (0.003)
2022-04-08 08:53:55,269:INFO:   Eta: 1:52:48
2022-04-08 08:54:27,461:INFO: Train: [46][2321/2322]  Loss -0.1241 (-1.0283)  Time:  0.126 (0.014)  Data Time:  0.003 (0.003)
2022-04-08 08:54:27,463:INFO:   Eta: 1:49:20
2022-04-08 08:54:55,069:INFO: Test: [46]  ADE: 0.5617  FDE: 0.8782
2022-04-08 08:55:24,968:INFO: Train: [47][2321/2322]  Loss -0.1357 (-1.0648)  Time:  0.134 (0.013)  Data Time:  0.004 (0.003)
2022-04-08 08:55:24,969:INFO:   Eta: 1:41:03
2022-04-08 08:55:58,743:INFO: Train: [48][2321/2322]  Loss -0.1525 (-0.9847)  Time:  0.111 (0.015)  Data Time:  0.005 (0.004)
2022-04-08 08:55:58,744:INFO:   Eta: 1:53:38
2022-04-08 08:56:31,475:INFO: Train: [49][2321/2322]  Loss -0.1212 (-1.0704)  Time:  0.104 (0.014)  Data Time:  0.004 (0.004)
2022-04-08 08:56:31,476:INFO:   Eta: 1:49:34
2022-04-08 08:57:04,487:INFO: Train: [50][2321/2322]  Loss -0.1532 (-1.0842)  Time:  0.141 (0.014)  Data Time:  0.004 (0.004)
2022-04-08 08:57:04,488:INFO:   Eta: 1:49:58
2022-04-08 08:57:37,368:INFO: Train: [51][2321/2322]  Loss -0.1106 (-1.0538)  Time:  0.104 (0.014)  Data Time:  0.005 (0.004)
2022-04-08 08:57:37,479:INFO:   Eta: 1:48:58
2022-04-08 08:58:11,155:INFO: Train: [52][2321/2322]  Loss -0.1889 (-1.1244)  Time:  0.110 (0.014)  Data Time:  0.004 (0.004)
2022-04-08 08:58:11,155:INFO:   Eta: 1:48:17
2022-04-08 08:58:44,775:INFO: Train: [53][2321/2322]  Loss -0.1614 (-1.0510)  Time:  0.109 (0.014)  Data Time:  0.004 (0.004)
2022-04-08 08:58:44,777:INFO:   Eta: 1:50:19
2022-04-08 08:59:18,089:INFO: Train: [54][2321/2322]  Loss -0.1435 (-1.0770)  Time:  0.109 (0.014)  Data Time:  0.004 (0.004)
2022-04-08 08:59:18,090:INFO:   Eta: 1:48:45
2022-04-08 08:59:51,351:INFO: Train: [55][2321/2322]  Loss -0.1283 (-1.1685)  Time:  0.104 (0.014)  Data Time:  0.004 (0.004)
2022-04-08 08:59:51,352:INFO:   Eta: 1:48:02
2022-04-08 09:00:23,409:INFO: Train: [56][2321/2322]  Loss -0.1682 (-1.1106)  Time:  0.102 (0.014)  Data Time:  0.003 (0.004)
2022-04-08 09:00:23,409:INFO:   Eta: 1:43:35
2022-04-08 09:00:48,906:INFO: Test: [56]  ADE: 0.3970  FDE: 0.5500
2022-04-08 09:01:19,949:INFO: Train: [57][2321/2322]  Loss -0.2067 (-1.0015)  Time:  0.097 (0.013)  Data Time:  0.004 (0.004)
2022-04-08 09:01:19,950:INFO:   Eta: 1:39:45
2022-04-08 09:01:50,788:INFO: Train: [58][2321/2322]  Loss -0.1412 (-1.1115)  Time:  0.106 (0.013)  Data Time:  0.003 (0.003)
2022-04-08 09:01:50,789:INFO:   Eta: 1:38:37
2022-04-08 09:02:21,242:INFO: Train: [59][2321/2322]  Loss -0.1131 (-1.0731)  Time:  0.105 (0.013)  Data Time:  0.003 (0.003)
2022-04-08 09:02:21,246:INFO:   Eta: 1:36:52
2022-04-08 09:02:51,111:INFO: Train: [60][2321/2322]  Loss -0.1709 (-1.2522)  Time:  0.099 (0.013)  Data Time:  0.003 (0.003)
2022-04-08 09:02:51,112:INFO:   Eta: 1:34:30
2022-04-08 09:03:23,536:INFO: Train: [61][2321/2322]  Loss -0.1548 (-1.1703)  Time:  0.089 (0.014)  Data Time:  0.004 (0.003)
2022-04-08 09:03:23,536:INFO:   Eta: 1:42:04
2022-04-08 09:03:56,448:INFO: Train: [62][2321/2322]  Loss -0.1625 (-1.1759)  Time:  0.125 (0.014)  Data Time:  0.004 (0.004)
2022-04-08 09:03:56,450:INFO:   Eta: 1:43:03
2022-04-08 09:04:30,788:INFO: Train: [63][2321/2322]  Loss -0.1565 (-1.2396)  Time:  0.129 (0.015)  Data Time:  0.004 (0.004)
2022-04-08 09:04:30,789:INFO:   Eta: 1:46:57
2022-04-08 09:05:05,094:INFO: Train: [64][2321/2322]  Loss -0.1386 (-0.9696)  Time:  0.110 (0.015)  Data Time:  0.005 (0.004)
2022-04-08 09:05:05,096:INFO:   Eta: 1:46:17
2022-04-08 09:05:39,161:INFO: Train: [65][2321/2322]  Loss -0.1342 (-1.1477)  Time:  0.124 (0.015)  Data Time:  0.005 (0.004)
2022-04-08 09:05:39,161:INFO:   Eta: 1:44:58
2022-04-08 09:06:11,912:INFO: Train: [66][2321/2322]  Loss -0.2003 (-1.2585)  Time:  0.103 (0.014)  Data Time:  0.003 (0.004)
2022-04-08 09:06:11,913:INFO:   Eta: 1:40:22
2022-04-08 09:06:37,816:INFO: Test: [66]  ADE: 0.3835  FDE: 0.5302
2022-04-08 09:07:11,431:INFO: Train: [67][2321/2322]  Loss -0.1791 (-1.1616)  Time:  0.128 (0.014)  Data Time:  0.004 (0.004)
2022-04-08 09:07:11,435:INFO:   Eta: 1:42:26
2022-04-08 09:07:46,079:INFO: Train: [68][2321/2322]  Loss -0.1677 (-1.1346)  Time:  0.125 (0.015)  Data Time:  0.004 (0.004)
2022-04-08 09:07:46,079:INFO:   Eta: 1:45:00
2022-04-08 09:08:20,459:INFO: Train: [69][2321/2322]  Loss -0.2248 (-1.1977)  Time:  0.109 (0.015)  Data Time:  0.004 (0.004)
2022-04-08 09:08:20,460:INFO:   Eta: 1:43:38
2022-04-08 09:08:54,593:INFO: Train: [70][2321/2322]  Loss -0.1943 (-1.2723)  Time:  0.110 (0.015)  Data Time:  0.004 (0.004)
2022-04-08 09:08:54,594:INFO:   Eta: 1:42:20
2022-04-08 09:09:26,521:INFO: Train: [71][2321/2322]  Loss -0.1813 (-1.2407)  Time:  0.138 (0.014)  Data Time:  0.004 (0.003)
2022-04-08 09:09:26,522:INFO:   Eta: 1:35:11
2022-04-08 09:09:57,650:INFO: Train: [72][2321/2322]  Loss -0.2203 (-1.2529)  Time:  0.105 (0.013)  Data Time:  0.004 (0.003)
2022-04-08 09:09:57,651:INFO:   Eta: 1:32:17
2022-04-08 09:10:28,591:INFO: Train: [73][2321/2322]  Loss -0.1343 (-1.1743)  Time:  0.131 (0.013)  Data Time:  0.002 (0.003)
2022-04-08 09:10:28,592:INFO:   Eta: 1:31:13
2022-04-08 09:10:59,614:INFO: Train: [74][2321/2322]  Loss -0.1728 (-1.2726)  Time:  0.097 (0.013)  Data Time:  0.004 (0.003)
2022-04-08 09:10:59,615:INFO:   Eta: 1:30:56
2022-04-08 09:11:30,667:INFO: Train: [75][2321/2322]  Loss -0.1311 (-1.2526)  Time:  0.124 (0.013)  Data Time:  0.005 (0.004)
2022-04-08 09:11:30,668:INFO:   Eta: 1:30:30
2022-04-08 09:12:04,384:INFO: Train: [76][2321/2322]  Loss -0.1982 (-1.2742)  Time:  0.107 (0.015)  Data Time:  0.003 (0.004)
2022-04-08 09:12:04,385:INFO:   Eta: 1:37:43
2022-04-08 09:12:29,892:INFO: Test: [76]  ADE: 0.3920  FDE: 0.5361
2022-04-08 09:13:02,728:INFO: Train: [77][2321/2322]  Loss -0.1297 (-1.2552)  Time:  0.131 (0.014)  Data Time:  0.004 (0.004)
2022-04-08 09:13:02,729:INFO:   Eta: 1:34:35
2022-04-08 09:13:35,894:INFO: Train: [78][2321/2322]  Loss -0.1731 (-1.0899)  Time:  0.109 (0.014)  Data Time:  0.005 (0.004)
2022-04-08 09:13:35,895:INFO:   Eta: 1:35:01
2022-04-08 09:14:09,094:INFO: Train: [79][2321/2322]  Loss -0.1583 (-1.3111)  Time:  0.112 (0.014)  Data Time:  0.004 (0.004)
2022-04-08 09:14:09,095:INFO:   Eta: 1:34:33
2022-04-08 09:14:42,775:INFO: Train: [80][2321/2322]  Loss -0.1634 (-1.1783)  Time:  0.111 (0.014)  Data Time:  0.005 (0.004)
2022-04-08 09:14:42,776:INFO:   Eta: 1:35:22
2022-04-08 09:15:16,292:INFO: Train: [81][2321/2322]  Loss -0.1396 (-1.2959)  Time:  0.110 (0.014)  Data Time:  0.005 (0.004)
2022-04-08 09:15:16,293:INFO:   Eta: 1:34:20
2022-04-08 09:15:49,769:INFO: Train: [82][2321/2322]  Loss -0.1436 (-1.2739)  Time:  0.113 (0.014)  Data Time:  0.004 (0.004)
2022-04-08 09:15:49,770:INFO:   Eta: 1:33:40
2022-04-08 09:16:23,554:INFO: Train: [83][2321/2322]  Loss -0.1482 (-1.2172)  Time:  0.120 (0.015)  Data Time:  0.004 (0.004)
2022-04-08 09:16:23,555:INFO:   Eta: 1:33:58
2022-04-08 09:16:57,234:INFO: Train: [84][2321/2322]  Loss -0.1334 (-1.2841)  Time:  0.107 (0.014)  Data Time:  0.004 (0.004)
2022-04-08 09:16:57,235:INFO:   Eta: 1:33:07
2022-04-08 09:17:26,628:INFO: Train: [85][2321/2322]  Loss -0.1766 (-1.2151)  Time:  0.102 (0.013)  Data Time:  0.003 (0.003)
2022-04-08 09:17:26,629:INFO:   Eta: 1:20:46
2022-04-08 09:17:55,724:INFO: Train: [86][2321/2322]  Loss -0.2069 (-1.2012)  Time:  0.098 (0.013)  Data Time:  0.003 (0.003)
2022-04-08 09:17:55,725:INFO:   Eta: 1:19:28
2022-04-08 09:18:20,785:INFO: Test: [86]  ADE: 0.3829  FDE: 0.5178
2022-04-08 09:18:50,620:INFO: Train: [87][2321/2322]  Loss -0.1986 (-1.3095)  Time:  0.100 (0.013)  Data Time:  0.003 (0.003)
2022-04-08 09:18:50,620:INFO:   Eta: 1:20:58
2022-04-08 09:19:21,921:INFO: Train: [88][2321/2322]  Loss -0.1867 (-1.2342)  Time:  0.147 (0.013)  Data Time:  0.004 (0.004)
2022-04-08 09:19:21,922:INFO:   Eta: 1:24:27
2022-04-08 09:19:54,408:INFO: Train: [89][2321/2322]  Loss -0.1675 (-1.3818)  Time:  0.153 (0.014)  Data Time:  0.003 (0.004)
2022-04-08 09:19:54,409:INFO:   Eta: 1:27:06
2022-04-08 09:20:32,951:INFO: Train: [90][2321/2322]  Loss -0.1593 (-1.2558)  Time:  0.131 (0.017)  Data Time:  0.005 (0.004)
2022-04-08 09:20:32,952:INFO:   Eta: 1:42:42
2022-04-08 09:21:09,886:INFO: Train: [91][2321/2322]  Loss -0.1454 (-1.2794)  Time:  0.157 (0.016)  Data Time:  0.005 (0.004)
2022-04-08 09:21:09,888:INFO:   Eta: 1:37:48
2022-04-08 09:21:45,627:INFO: Train: [92][2321/2322]  Loss -0.1625 (-1.3325)  Time:  0.126 (0.015)  Data Time:  0.004 (0.004)
2022-04-08 09:21:45,628:INFO:   Eta: 1:34:02
2022-04-08 09:22:22,592:INFO: Train: [93][2321/2322]  Loss -0.1811 (-1.3765)  Time:  0.127 (0.016)  Data Time:  0.004 (0.005)
2022-04-08 09:22:22,593:INFO:   Eta: 1:36:39
2022-04-08 09:22:59,672:INFO: Train: [94][2321/2322]  Loss -0.1777 (-1.1251)  Time:  0.125 (0.016)  Data Time:  0.004 (0.004)
2022-04-08 09:22:59,673:INFO:   Eta: 1:36:20
2022-04-08 09:23:35,453:INFO: Train: [95][2321/2322]  Loss -0.1884 (-1.3832)  Time:  0.108 (0.015)  Data Time:  0.004 (0.004)
2022-04-08 09:23:35,454:INFO:   Eta: 1:32:22
2022-04-08 09:24:09,361:INFO: Train: [96][2321/2322]  Loss -0.1861 (-1.3383)  Time:  0.154 (0.015)  Data Time:  0.003 (0.004)
2022-04-08 09:24:09,362:INFO:   Eta: 1:26:58
2022-04-08 09:24:37,823:INFO: Test: [96]  ADE: 0.4015  FDE: 0.6259
2022-04-08 09:25:11,384:INFO: Train: [97][2321/2322]  Loss -0.2199 (-1.3567)  Time:  0.152 (0.014)  Data Time:  0.003 (0.003)
2022-04-08 09:25:11,385:INFO:   Eta: 1:25:29
2022-04-08 09:25:44,634:INFO: Train: [98][2321/2322]  Loss -0.2215 (-1.2623)  Time:  0.104 (0.014)  Data Time:  0.004 (0.003)
2022-04-08 09:25:44,635:INFO:   Eta: 1:24:10
2022-04-08 09:26:18,670:INFO: Train: [99][2321/2322]  Loss -0.1856 (-1.2869)  Time:  0.132 (0.015)  Data Time:  0.004 (0.004)
2022-04-08 09:26:18,671:INFO:   Eta: 1:25:35
2022-04-08 09:26:51,178:INFO: Train: [100][2321/2322]  Loss -0.2537 (-1.3910)  Time:  0.111 (0.014)  Data Time:  0.003 (0.003)
2022-04-08 09:26:51,251:INFO:   Eta: 1:21:12
2022-04-08 09:27:27,964:INFO: Train: [101][2321/2322]  Loss -0.1922 (-1.4512)  Time:  0.145 (0.015)  Data Time:  0.004 (0.004)
2022-04-08 09:27:27,965:INFO:   Eta: 1:28:15
2022-04-08 09:28:03,303:INFO: Train: [102][2321/2322]  Loss -0.1736 (-1.3579)  Time:  0.129 (0.015)  Data Time:  0.005 (0.004)
2022-04-08 09:28:03,304:INFO:   Eta: 1:27:07
2022-04-08 09:28:37,884:INFO: Train: [103][2321/2322]  Loss -0.1969 (-1.3548)  Time:  0.122 (0.015)  Data Time:  0.009 (0.004)
2022-04-08 09:28:37,885:INFO:   Eta: 1:24:40
2022-04-08 09:29:12,351:INFO: Train: [104][2321/2322]  Loss -0.1648 (-1.3343)  Time:  0.114 (0.015)  Data Time:  0.004 (0.004)
2022-04-08 09:29:12,352:INFO:   Eta: 1:23:49
2022-04-08 09:29:46,829:INFO: Train: [105][2321/2322]  Loss -0.1529 (-1.2679)  Time:  0.104 (0.015)  Data Time:  0.004 (0.004)
2022-04-08 09:29:46,830:INFO:   Eta: 1:23:16
2022-04-08 09:30:19,568:INFO: Train: [106][2321/2322]  Loss -0.1941 (-1.3697)  Time:  0.151 (0.014)  Data Time:  0.004 (0.004)
2022-04-08 09:30:19,569:INFO:   Eta: 1:18:31
2022-04-08 09:30:46,098:INFO: Test: [106]  ADE: 0.4153  FDE: 0.5309
2022-04-08 09:31:18,963:INFO: Train: [107][2321/2322]  Loss -0.2142 (-1.4516)  Time:  0.130 (0.014)  Data Time:  0.004 (0.004)
2022-04-08 09:31:18,963:INFO:   Eta: 1:18:15
2022-04-08 09:31:53,948:INFO: Train: [108][2321/2322]  Loss -0.2030 (-1.3945)  Time:  0.128 (0.015)  Data Time:  0.005 (0.004)
2022-04-08 09:31:53,950:INFO:   Eta: 1:22:44
2022-04-08 09:32:26,758:INFO: Train: [109][2321/2322]  Loss -0.1657 (-1.3906)  Time:  0.133 (0.014)  Data Time:  0.003 (0.004)
2022-04-08 09:32:26,759:INFO:   Eta: 1:17:03
2022-04-08 09:32:58,543:INFO: Train: [110][2321/2322]  Loss -0.2248 (-1.4243)  Time:  0.104 (0.014)  Data Time:  0.003 (0.003)
2022-04-08 09:32:58,544:INFO:   Eta: 1:14:06
2022-04-08 09:33:31,070:INFO: Train: [111][2321/2322]  Loss -0.2119 (-1.3317)  Time:  0.127 (0.014)  Data Time:  0.003 (0.003)
2022-04-08 09:33:31,072:INFO:   Eta: 1:15:18
2022-04-08 09:34:03,309:INFO: Train: [112][2321/2322]  Loss -0.2158 (-1.4568)  Time:  0.100 (0.014)  Data Time:  0.003 (0.004)
2022-04-08 09:34:03,310:INFO:   Eta: 1:14:05
2022-04-08 09:34:34,715:INFO: Train: [113][2321/2322]  Loss -0.1918 (-1.4427)  Time:  0.112 (0.014)  Data Time:  0.004 (0.004)
2022-04-08 09:34:34,716:INFO:   Eta: 1:11:39
2022-04-08 09:35:09,373:INFO: Train: [114][2321/2322]  Loss -0.1874 (-1.4107)  Time:  0.107 (0.015)  Data Time:  0.004 (0.005)
2022-04-08 09:35:09,374:INFO:   Eta: 1:18:30
2022-04-08 09:35:44,390:INFO: Train: [115][2321/2322]  Loss -0.2189 (-1.4340)  Time:  0.129 (0.015)  Data Time:  0.004 (0.004)
2022-04-08 09:35:44,391:INFO:   Eta: 1:18:44
2022-04-08 09:36:17,248:INFO: Train: [116][2321/2322]  Loss -0.2366 (-1.3618)  Time:  0.086 (0.014)  Data Time:  0.002 (0.004)
2022-04-08 09:36:17,249:INFO:   Eta: 1:13:19
2022-04-08 09:36:44,548:INFO: Test: [116]  ADE: 0.3685  FDE: 0.6030
2022-04-08 09:37:16,563:INFO: Train: [117][2321/2322]  Loss -0.2202 (-1.3735)  Time:  0.103 (0.014)  Data Time:  0.003 (0.004)
2022-04-08 09:37:16,564:INFO:   Eta: 1:10:53
2022-04-08 09:37:49,917:INFO: Train: [118][2321/2322]  Loss -0.1410 (-1.4344)  Time:  0.111 (0.014)  Data Time:  0.005 (0.004)
2022-04-08 09:37:49,918:INFO:   Eta: 1:13:20
2022-04-08 09:38:23,177:INFO: Train: [119][2321/2322]  Loss -0.1189 (-1.4036)  Time:  0.105 (0.014)  Data Time:  0.003 (0.004)
2022-04-08 09:38:23,178:INFO:   Eta: 1:12:34
2022-04-08 09:38:56,558:INFO: Train: [120][2321/2322]  Loss -0.1977 (-1.4059)  Time:  0.125 (0.014)  Data Time:  0.004 (0.004)
2022-04-08 09:38:56,559:INFO:   Eta: 1:12:16
2022-04-08 09:39:29,231:INFO: Train: [121][2321/2322]  Loss -0.1248 (-1.3920)  Time:  0.112 (0.014)  Data Time:  0.004 (0.004)
2022-04-08 09:39:29,232:INFO:   Eta: 1:10:12
2022-04-08 09:40:02,136:INFO: Train: [122][2321/2322]  Loss -0.2431 (-1.2472)  Time:  0.098 (0.014)  Data Time:  0.003 (0.004)
2022-04-08 09:40:02,137:INFO:   Eta: 1:10:09
2022-04-08 09:40:31,625:INFO: Train: [123][2321/2322]  Loss -0.2075 (-1.4543)  Time:  0.100 (0.013)  Data Time:  0.003 (0.003)
2022-04-08 09:40:31,626:INFO:   Eta: 1:02:22
2022-04-08 09:41:01,321:INFO: Train: [124][2321/2322]  Loss -0.2117 (-1.4243)  Time:  0.106 (0.013)  Data Time:  0.003 (0.003)
2022-04-08 09:41:01,322:INFO:   Eta: 1:02:19
2022-04-08 09:41:31,467:INFO: Train: [125][2321/2322]  Loss -0.2097 (-1.4061)  Time:  0.110 (0.013)  Data Time:  0.003 (0.003)
2022-04-08 09:41:31,468:INFO:   Eta: 1:02:45
2022-04-08 09:42:01,674:INFO: Train: [126][2321/2322]  Loss -0.1681 (-1.4477)  Time:  0.130 (0.013)  Data Time:  0.003 (0.003)
2022-04-08 09:42:01,675:INFO:   Eta: 1:02:23
2022-04-08 09:42:26,160:INFO: Test: [126]  ADE: 0.4913  FDE: 0.6364
2022-04-08 09:42:57,885:INFO: Train: [127][2321/2322]  Loss -0.2198 (-1.4523)  Time:  0.105 (0.014)  Data Time:  0.004 (0.004)
2022-04-08 09:42:57,886:INFO:   Eta: 1:04:59
2022-04-08 09:43:30,036:INFO: Train: [128][2321/2322]  Loss -0.1953 (-1.4506)  Time:  0.107 (0.014)  Data Time:  0.004 (0.004)
2022-04-08 09:43:30,036:INFO:   Eta: 1:05:19
2022-04-08 09:44:03,840:INFO: Train: [129][2321/2322]  Loss -0.2082 (-1.4554)  Time:  0.115 (0.015)  Data Time:  0.005 (0.004)
2022-04-08 09:44:03,841:INFO:   Eta: 1:08:07
2022-04-08 09:44:36,605:INFO: Train: [130][2321/2322]  Loss -0.1570 (-1.4877)  Time:  0.100 (0.014)  Data Time:  0.004 (0.004)
2022-04-08 09:44:36,606:INFO:   Eta: 1:05:29
2022-04-08 09:45:11,333:INFO: Train: [131][2321/2322]  Loss -0.2310 (-1.2712)  Time:  0.126 (0.015)  Data Time:  0.005 (0.004)
2022-04-08 09:45:11,334:INFO:   Eta: 1:08:50
2022-04-08 09:45:45,081:INFO: Train: [132][2321/2322]  Loss -0.2511 (-1.3120)  Time:  0.110 (0.015)  Data Time:  0.005 (0.004)
2022-04-08 09:45:45,081:INFO:   Eta: 1:06:19
2022-04-08 09:46:18,687:INFO: Train: [133][2321/2322]  Loss -0.1712 (-1.4958)  Time:  0.134 (0.014)  Data Time:  0.004 (0.004)
2022-04-08 09:46:18,688:INFO:   Eta: 1:05:29
2022-04-08 09:46:51,897:INFO: Train: [134][2321/2322]  Loss -0.2146 (-1.4725)  Time:  0.127 (0.014)  Data Time:  0.004 (0.004)
2022-04-08 09:46:51,898:INFO:   Eta: 1:04:10
2022-04-08 09:47:24,997:INFO: Train: [135][2321/2322]  Loss -0.2210 (-1.4843)  Time:  0.100 (0.014)  Data Time:  0.004 (0.004)
2022-04-08 09:47:24,997:INFO:   Eta: 1:03:24
2022-04-08 09:47:57,964:INFO: Train: [136][2321/2322]  Loss -0.2431 (-1.5120)  Time:  0.151 (0.014)  Data Time:  0.004 (0.004)
2022-04-08 09:47:57,965:INFO:   Eta: 1:02:36
2022-04-08 09:48:23,706:INFO: Test: [136]  ADE: 0.4487  FDE: 0.6483
2022-04-08 09:48:53,324:INFO: Train: [137][2321/2322]  Loss -0.1721 (-1.4919)  Time:  0.127 (0.013)  Data Time:  0.003 (0.003)
2022-04-08 09:48:53,325:INFO:   Eta: 0:55:44
2022-04-08 09:49:24,234:INFO: Train: [138][2321/2322]  Loss -0.2118 (-1.4133)  Time:  0.097 (0.013)  Data Time:  0.003 (0.004)
2022-04-08 09:49:24,235:INFO:   Eta: 0:57:39
2022-04-08 09:49:54,574:INFO: Train: [139][2321/2322]  Loss -0.2316 (-1.4468)  Time:  0.125 (0.013)  Data Time:  0.003 (0.003)
2022-04-08 09:49:54,575:INFO:   Eta: 0:56:05
2022-04-08 09:50:23,924:INFO: Train: [140][2321/2322]  Loss -0.1639 (-1.4463)  Time:  0.097 (0.013)  Data Time:  0.003 (0.003)
2022-04-08 09:50:23,926:INFO:   Eta: 0:53:46
2022-04-08 09:50:56,249:INFO: Train: [141][2321/2322]  Loss -0.2031 (-1.4580)  Time:  0.120 (0.014)  Data Time:  0.004 (0.004)
2022-04-08 09:50:56,250:INFO:   Eta: 0:58:41
2022-04-08 09:51:29,507:INFO: Train: [142][2321/2322]  Loss -0.2639 (-1.3517)  Time:  0.147 (0.014)  Data Time:  0.005 (0.004)
2022-04-08 09:51:29,508:INFO:   Eta: 0:59:49
2022-04-08 09:52:03,234:INFO: Train: [143][2321/2322]  Loss -0.1921 (-1.4763)  Time:  0.114 (0.015)  Data Time:  0.005 (0.004)
2022-04-08 09:52:03,235:INFO:   Eta: 1:00:06
2022-04-08 09:52:37,163:INFO: Train: [144][2321/2322]  Loss -0.2425 (-1.5150)  Time:  0.152 (0.015)  Data Time:  0.004 (0.004)
2022-04-08 09:52:37,165:INFO:   Eta: 0:59:54
2022-04-08 09:53:10,156:INFO: Train: [145][2321/2322]  Loss -0.1787 (-1.5211)  Time:  0.102 (0.014)  Data Time:  0.004 (0.004)
2022-04-08 09:53:10,157:INFO:   Eta: 0:57:41
2022-04-08 09:53:42,017:INFO: Train: [146][2321/2322]  Loss -0.1974 (-1.3638)  Time:  0.093 (0.014)  Data Time:  0.004 (0.004)
2022-04-08 09:53:42,017:INFO:   Eta: 0:55:11
2022-04-08 09:54:07,118:INFO: Test: [146]  ADE: 0.3576  FDE: 0.5485
2022-04-08 09:54:39,681:INFO: Train: [147][2321/2322]  Loss -0.1932 (-1.4197)  Time:  0.111 (0.014)  Data Time:  0.004 (0.004)
2022-04-08 09:54:39,681:INFO:   Eta: 0:55:51
2022-04-08 09:55:12,804:INFO: Train: [148][2321/2322]  Loss -0.2399 (-1.5338)  Time:  0.129 (0.014)  Data Time:  0.004 (0.004)
2022-04-08 09:55:12,805:INFO:   Eta: 0:56:16
2022-04-08 09:55:45,351:INFO: Train: [149][2321/2322]  Loss -0.2018 (-1.4957)  Time:  0.105 (0.014)  Data Time:  0.004 (0.004)
2022-04-08 09:55:45,352:INFO:   Eta: 0:54:45
2022-04-08 09:56:18,275:INFO: Train: [150][2321/2322]  Loss -0.2452 (-1.6357)  Time:  0.112 (0.014)  Data Time:  0.003 (0.004)
2022-04-08 09:56:18,276:INFO:   Eta: 0:54:50
2022-04-08 09:56:49,039:INFO: Train: [151][2321/2322]  Loss -0.2357 (-1.6685)  Time:  0.099 (0.013)  Data Time:  0.003 (0.003)
2022-04-08 09:56:49,040:INFO:   Eta: 0:50:43
2022-04-08 09:56:56,357:INFO: Valid: [151][604/605]  Loss -7.9978 (-4.9225)
2022-04-08 09:56:56,373:INFO: Checkpoint saved...
2022-04-08 09:57:25,884:INFO: Train: [152][2321/2322]  Loss -0.2138 (-1.6888)  Time:  0.098 (0.013)  Data Time:  0.003 (0.003)
2022-04-08 09:57:25,885:INFO:   Eta: 0:48:08
2022-04-08 09:57:33,180:INFO: Valid: [152][604/605]  Loss -8.2735 (-5.0640)
2022-04-08 09:57:33,197:INFO: Checkpoint saved...
2022-04-08 09:58:03,183:INFO: Train: [153][2321/2322]  Loss -0.2257 (-1.5391)  Time:  0.144 (0.013)  Data Time:  0.003 (0.003)
2022-04-08 09:58:03,184:INFO:   Eta: 0:48:25
2022-04-08 09:58:10,542:INFO: Valid: [153][604/605]  Loss -8.2068 (-5.0562)
2022-04-08 09:58:40,710:INFO: Train: [154][2321/2322]  Loss -0.2275 (-1.6710)  Time:  0.101 (0.013)  Data Time:  0.003 (0.004)
2022-04-08 09:58:40,711:INFO:   Eta: 0:48:12
2022-04-08 09:58:47,998:INFO: Valid: [154][604/605]  Loss -8.2464 (-5.0725)
2022-04-08 09:59:21,109:INFO: Train: [155][2321/2322]  Loss -0.2311 (-1.6573)  Time:  0.106 (0.014)  Data Time:  0.005 (0.004)
2022-04-08 09:59:21,110:INFO:   Eta: 0:52:22
2022-04-08 09:59:28,403:INFO: Valid: [155][604/605]  Loss -8.3038 (-5.1450)
2022-04-08 09:59:28,419:INFO: Checkpoint saved...
2022-04-08 10:00:00,887:INFO: Train: [156][2321/2322]  Loss -0.1785 (-1.6289)  Time:  0.121 (0.014)  Data Time:  0.004 (0.004)
2022-04-08 10:00:00,889:INFO:   Eta: 0:50:49
2022-04-08 10:00:08,077:INFO: Valid: [156][604/605]  Loss -7.8925 (-4.8716)
2022-04-08 10:00:33,701:INFO: Test: [156]  ADE: 0.3633  FDE: 0.5404
2022-04-08 10:01:07,120:INFO: Train: [157][2321/2322]  Loss -0.2483 (-1.7233)  Time:  0.110 (0.014)  Data Time:  0.004 (0.004)
2022-04-08 10:01:07,121:INFO:   Eta: 0:51:45
2022-04-08 10:01:14,545:INFO: Valid: [157][604/605]  Loss -7.5626 (-4.6115)
2022-04-08 10:01:49,388:INFO: Train: [158][2321/2322]  Loss -0.2524 (-1.6651)  Time:  0.108 (0.015)  Data Time:  0.004 (0.004)
2022-04-08 10:01:49,388:INFO:   Eta: 0:53:22
2022-04-08 10:01:56,652:INFO: Valid: [158][604/605]  Loss -8.3046 (-5.0750)
2022-04-08 10:01:56,664:INFO: Checkpoint saved...
2022-04-08 10:02:30,060:INFO: Train: [159][2321/2322]  Loss -0.2384 (-1.6660)  Time:  0.109 (0.014)  Data Time:  0.004 (0.004)
2022-04-08 10:02:30,061:INFO:   Eta: 0:50:35
2022-04-08 10:02:37,618:INFO: Valid: [159][604/605]  Loss -8.1399 (-4.9572)
2022-04-08 10:03:11,532:INFO: Train: [160][2321/2322]  Loss -0.2184 (-1.5272)  Time:  0.109 (0.015)  Data Time:  0.004 (0.004)
2022-04-08 10:03:11,534:INFO:   Eta: 0:50:49
2022-04-08 10:03:18,860:INFO: Valid: [160][604/605]  Loss -8.1378 (-4.9994)
2022-04-08 10:03:51,999:INFO: Train: [161][2321/2322]  Loss -0.2018 (-1.7140)  Time:  0.107 (0.014)  Data Time:  0.004 (0.004)
2022-04-08 10:03:52,001:INFO:   Eta: 0:49:06
2022-04-08 10:03:59,352:INFO: Valid: [161][604/605]  Loss -8.2595 (-5.0810)
2022-04-08 10:04:32,044:INFO: Train: [162][2321/2322]  Loss -0.2411 (-1.6270)  Time:  0.134 (0.014)  Data Time:  0.003 (0.004)
2022-04-08 10:04:32,045:INFO:   Eta: 0:47:53
2022-04-08 10:04:39,515:INFO: Valid: [162][604/605]  Loss -8.2964 (-5.1135)
2022-04-08 10:05:09,655:INFO: Train: [163][2321/2322]  Loss -0.2281 (-1.6459)  Time:  0.103 (0.013)  Data Time:  0.004 (0.003)
2022-04-08 10:05:09,656:INFO:   Eta: 0:43:39
2022-04-08 10:05:17,033:INFO: Valid: [163][604/605]  Loss -7.5991 (-4.6418)
2022-04-08 10:05:47,203:INFO: Train: [164][2321/2322]  Loss -0.2105 (-1.7504)  Time:  0.114 (0.013)  Data Time:  0.004 (0.003)
2022-04-08 10:05:47,205:INFO:   Eta: 0:43:11
2022-04-08 10:05:54,468:INFO: Valid: [164][604/605]  Loss -7.7883 (-4.8478)
2022-04-08 10:06:24,426:INFO: Train: [165][2321/2322]  Loss -0.2512 (-1.6142)  Time:  0.102 (0.013)  Data Time:  0.003 (0.003)
2022-04-08 10:06:24,427:INFO:   Eta: 0:42:23
2022-04-08 10:06:31,807:INFO: Valid: [165][604/605]  Loss -8.2810 (-5.0953)
2022-04-08 10:07:00,310:INFO: Train: [166][2321/2322]  Loss -0.2108 (-1.5520)  Time:  0.138 (0.012)  Data Time:  0.003 (0.003)
2022-04-08 10:07:00,311:INFO:   Eta: 0:39:51
2022-04-08 10:07:07,701:INFO: Valid: [166][604/605]  Loss -7.7381 (-4.6878)
2022-04-08 10:07:33,325:INFO: Test: [166]  ADE: 0.3697  FDE: 0.5495
2022-04-08 10:08:06,691:INFO: Train: [167][2321/2322]  Loss -0.2291 (-1.5888)  Time:  0.107 (0.014)  Data Time:  0.004 (0.004)
2022-04-08 10:08:06,692:INFO:   Eta: 0:46:07
2022-04-08 10:08:13,999:INFO: Valid: [167][604/605]  Loss -8.0099 (-4.9127)
2022-04-08 10:08:47,386:INFO: Train: [168][2321/2322]  Loss -0.2042 (-1.7132)  Time:  0.108 (0.014)  Data Time:  0.004 (0.004)
2022-04-08 10:08:47,387:INFO:   Eta: 0:45:34
2022-04-08 10:08:54,749:INFO: Valid: [168][604/605]  Loss -8.0565 (-4.9382)
2022-04-08 10:09:28,618:INFO: Train: [169][2321/2322]  Loss -0.2348 (-1.7229)  Time:  0.132 (0.015)  Data Time:  0.005 (0.004)
2022-04-08 10:09:28,619:INFO:   Eta: 0:45:40
2022-04-08 10:09:35,651:INFO: Valid: [169][604/605]  Loss -8.2017 (-5.0643)
2022-04-08 10:10:09,760:INFO: Train: [170][2321/2322]  Loss -0.1907 (-1.7634)  Time:  0.108 (0.015)  Data Time:  0.004 (0.004)
2022-04-08 10:10:09,761:INFO:   Eta: 0:45:25
2022-04-08 10:10:17,226:INFO: Valid: [170][604/605]  Loss -8.0595 (-4.9491)
2022-04-08 10:10:51,104:INFO: Train: [171][2321/2322]  Loss -0.2008 (-1.7174)  Time:  0.114 (0.015)  Data Time:  0.004 (0.004)
2022-04-08 10:10:51,106:INFO:   Eta: 0:44:33
2022-04-08 10:10:58,494:INFO: Valid: [171][604/605]  Loss -7.5981 (-4.6342)
2022-04-08 10:11:32,266:INFO: Train: [172][2321/2322]  Loss -0.2140 (-1.7131)  Time:  0.099 (0.015)  Data Time:  0.003 (0.004)
2022-04-08 10:11:32,267:INFO:   Eta: 0:43:51
2022-04-08 10:11:39,539:INFO: Valid: [172][604/605]  Loss -8.4107 (-5.1863)
2022-04-08 10:11:39,555:INFO: Checkpoint saved...
2022-04-08 10:12:12,425:INFO: Train: [173][2321/2322]  Loss -0.2504 (-1.7102)  Time:  0.119 (0.014)  Data Time:  0.004 (0.004)
2022-04-08 10:12:12,427:INFO:   Eta: 0:42:08
2022-04-08 10:12:19,931:INFO: Valid: [173][604/605]  Loss -7.4621 (-4.5568)
2022-04-08 10:12:50,985:INFO: Train: [174][2321/2322]  Loss -0.2312 (-1.7486)  Time:  0.126 (0.013)  Data Time:  0.003 (0.004)
2022-04-08 10:12:50,986:INFO:   Eta: 0:39:17
2022-04-08 10:12:58,324:INFO: Valid: [174][604/605]  Loss -8.3680 (-5.1649)
2022-04-08 10:13:27,335:INFO: Train: [175][2321/2322]  Loss -0.2064 (-1.6760)  Time:  0.102 (0.012)  Data Time:  0.002 (0.003)
2022-04-08 10:13:27,336:INFO:   Eta: 0:36:10
2022-04-08 10:13:34,619:INFO: Valid: [175][604/605]  Loss -8.1862 (-5.0393)
2022-04-08 10:14:02,117:INFO: Train: [176][2321/2322]  Loss -0.2429 (-1.6183)  Time:  0.095 (0.012)  Data Time:  0.003 (0.002)
2022-04-08 10:14:02,118:INFO:   Eta: 0:33:52
2022-04-08 10:14:09,308:INFO: Valid: [176][604/605]  Loss -8.1235 (-5.0138)
2022-04-08 10:14:34,486:INFO: Test: [176]  ADE: 0.3569  FDE: 0.5186
2022-04-08 10:15:04,883:INFO: Train: [177][2321/2322]  Loss -0.2067 (-1.5559)  Time:  0.154 (0.013)  Data Time:  0.003 (0.003)
2022-04-08 10:15:04,884:INFO:   Eta: 0:36:57
2022-04-08 10:15:12,412:INFO: Valid: [177][604/605]  Loss -8.3668 (-5.1706)
2022-04-08 10:15:45,083:INFO: Train: [178][2321/2322]  Loss -0.2342 (-1.4983)  Time:  0.116 (0.014)  Data Time:  0.005 (0.004)
2022-04-08 10:15:45,084:INFO:   Eta: 0:39:09
2022-04-08 10:15:52,823:INFO: Valid: [178][604/605]  Loss -8.1325 (-5.0175)
2022-04-08 10:16:25,564:INFO: Train: [179][2321/2322]  Loss -0.1956 (-1.7181)  Time:  0.112 (0.014)  Data Time:  0.004 (0.004)
2022-04-08 10:16:25,565:INFO:   Eta: 0:38:42
2022-04-08 10:16:33,000:INFO: Valid: [179][604/605]  Loss -8.2802 (-5.1109)
2022-04-08 10:17:06,328:INFO: Train: [180][2321/2322]  Loss -0.2590 (-1.6935)  Time:  0.127 (0.014)  Data Time:  0.004 (0.004)
2022-04-08 10:17:06,329:INFO:   Eta: 0:38:50
2022-04-08 10:17:13,616:INFO: Valid: [180][604/605]  Loss -7.8140 (-4.7747)
2022-04-08 10:17:46,916:INFO: Train: [181][2321/2322]  Loss -0.2930 (-1.7339)  Time:  0.110 (0.014)  Data Time:  0.003 (0.004)
2022-04-08 10:17:46,917:INFO:   Eta: 0:38:14
2022-04-08 10:17:54,036:INFO: Valid: [181][604/605]  Loss -7.9090 (-4.8931)
2022-04-08 10:18:30,141:INFO: Train: [182][2321/2322]  Loss -0.1798 (-1.7235)  Time:  0.135 (0.016)  Data Time:  0.006 (0.004)
2022-04-08 10:18:30,142:INFO:   Eta: 0:40:52
2022-04-08 10:18:37,432:INFO: Valid: [182][604/605]  Loss -7.7069 (-4.7182)
2022-04-08 10:19:11,993:INFO: Train: [183][2321/2322]  Loss -0.1693 (-1.6256)  Time:  0.110 (0.015)  Data Time:  0.004 (0.004)
2022-04-08 10:19:11,994:INFO:   Eta: 0:38:31
2022-04-08 10:19:19,340:INFO: Valid: [183][604/605]  Loss -8.2822 (-5.1063)
2022-04-08 10:19:52,519:INFO: Train: [184][2321/2322]  Loss -0.1920 (-1.7220)  Time:  0.146 (0.014)  Data Time:  0.004 (0.004)
2022-04-08 10:19:52,519:INFO:   Eta: 0:36:27
2022-04-08 10:19:59,883:INFO: Valid: [184][604/605]  Loss -8.0823 (-4.9850)
2022-04-08 10:20:32,811:INFO: Train: [185][2321/2322]  Loss -0.1852 (-1.7445)  Time:  0.101 (0.014)  Data Time:  0.003 (0.004)
2022-04-08 10:20:32,813:INFO:   Eta: 0:35:38
2022-04-08 10:20:39,985:INFO: Valid: [185][604/605]  Loss -8.1325 (-4.9814)
2022-04-08 10:21:09,557:INFO: Train: [186][2321/2322]  Loss -0.2271 (-1.6719)  Time:  0.108 (0.013)  Data Time:  0.003 (0.003)
2022-04-08 10:21:09,559:INFO:   Eta: 0:31:30
2022-04-08 10:21:16,880:INFO: Valid: [186][604/605]  Loss -8.2086 (-5.0739)
2022-04-08 10:21:43,368:INFO: Test: [186]  ADE: 0.3703  FDE: 0.5897
2022-04-08 10:22:14,241:INFO: Train: [187][2321/2322]  Loss -0.2398 (-1.6342)  Time:  0.115 (0.013)  Data Time:  0.003 (0.003)
2022-04-08 10:22:14,242:INFO:   Eta: 0:32:23
2022-04-08 10:22:21,620:INFO: Valid: [187][604/605]  Loss -7.8989 (-4.7974)
2022-04-08 10:22:52,783:INFO: Train: [188][2321/2322]  Loss -0.2219 (-1.7102)  Time:  0.105 (0.013)  Data Time:  0.004 (0.003)
2022-04-08 10:22:52,785:INFO:   Eta: 0:32:09
2022-04-08 10:22:59,925:INFO: Valid: [188][604/605]  Loss -8.2466 (-5.0348)
2022-04-08 10:23:34,074:INFO: Train: [189][2321/2322]  Loss -0.2404 (-1.6013)  Time:  0.107 (0.015)  Data Time:  0.005 (0.004)
2022-04-08 10:23:34,075:INFO:   Eta: 0:34:40
2022-04-08 10:23:41,243:INFO: Valid: [189][604/605]  Loss -7.6196 (-4.6858)
2022-04-08 10:24:14,784:INFO: Train: [190][2321/2322]  Loss -0.2247 (-1.6970)  Time:  0.122 (0.014)  Data Time:  0.005 (0.004)
2022-04-08 10:24:14,786:INFO:   Eta: 0:33:30
2022-04-08 10:24:22,177:INFO: Valid: [190][604/605]  Loss -8.2982 (-5.1103)
2022-04-08 10:24:56,005:INFO: Train: [191][2321/2322]  Loss -0.2064 (-1.7296)  Time:  0.108 (0.015)  Data Time:  0.004 (0.004)
2022-04-08 10:24:56,730:INFO:   Eta: 0:33:13
2022-04-08 10:25:03,931:INFO: Valid: [191][604/605]  Loss -8.2333 (-5.0683)
2022-04-08 10:25:40,617:INFO: Train: [192][2321/2322]  Loss -0.2553 (-1.5752)  Time:  0.108 (0.014)  Data Time:  0.004 (0.004)
2022-04-08 10:25:40,886:INFO:   Eta: 0:31:25
2022-04-08 10:25:48,583:INFO: Valid: [192][604/605]  Loss -8.2842 (-5.0942)
2022-04-08 10:26:22,871:INFO: Train: [193][2321/2322]  Loss -0.1641 (-1.7469)  Time:  0.150 (0.014)  Data Time:  0.004 (0.004)
2022-04-08 10:26:22,872:INFO:   Eta: 0:31:14
2022-04-08 10:26:30,146:INFO: Valid: [193][604/605]  Loss -7.7421 (-4.7348)
2022-04-08 10:27:03,939:INFO: Train: [194][2321/2322]  Loss -0.2175 (-1.7320)  Time:  0.123 (0.015)  Data Time:  0.004 (0.004)
2022-04-08 10:27:03,939:INFO:   Eta: 0:31:30
2022-04-08 10:27:11,468:INFO: Valid: [194][604/605]  Loss -8.2052 (-5.0211)
2022-04-08 10:27:41,684:INFO: Train: [195][2321/2322]  Loss -0.2754 (-1.7590)  Time:  0.127 (0.013)  Data Time:  0.002 (0.003)
2022-04-08 10:27:41,685:INFO:   Eta: 0:27:39
2022-04-08 10:27:49,099:INFO: Valid: [195][604/605]  Loss -8.3629 (-5.1301)
2022-04-08 10:28:21,555:INFO: Train: [196][2321/2322]  Loss -0.2251 (-1.7639)  Time:  0.156 (0.014)  Data Time:  0.003 (0.004)
2022-04-08 10:28:21,556:INFO:   Eta: 0:29:10
2022-04-08 10:28:28,884:INFO: Valid: [196][604/605]  Loss -8.2203 (-5.0239)
2022-04-08 10:28:54,672:INFO: Test: [196]  ADE: 0.3541  FDE: 0.5409
2022-04-08 10:29:25,959:INFO: Train: [197][2321/2322]  Loss -0.3061 (-1.5258)  Time:  0.127 (0.013)  Data Time:  0.003 (0.003)
2022-04-08 10:29:25,960:INFO:   Eta: 0:27:37
2022-04-08 10:29:33,264:INFO: Valid: [197][604/605]  Loss -7.8414 (-4.8085)
2022-04-08 10:30:02,837:INFO: Train: [198][2321/2322]  Loss -0.2126 (-1.7594)  Time:  0.102 (0.013)  Data Time:  0.004 (0.003)
2022-04-08 10:30:02,838:INFO:   Eta: 0:25:36
2022-04-08 10:30:10,210:INFO: Valid: [198][604/605]  Loss -8.1952 (-5.0203)
2022-04-08 10:30:40,709:INFO: Train: [199][2321/2322]  Loss -0.2078 (-1.7616)  Time:  0.097 (0.013)  Data Time:  0.003 (0.003)
2022-04-08 10:30:40,710:INFO:   Eta: 0:25:53
2022-04-08 10:30:48,004:INFO: Valid: [199][604/605]  Loss -7.7905 (-4.7951)
2022-04-08 10:31:17,736:INFO: Train: [200][2321/2322]  Loss -0.3221 (-1.7712)  Time:  0.118 (0.013)  Data Time:  0.003 (0.003)
2022-04-08 10:31:17,738:INFO:   Eta: 0:24:44
2022-04-08 10:31:25,126:INFO: Valid: [200][604/605]  Loss -8.0726 (-4.9922)
2022-04-08 10:31:55,824:INFO: Train: [201][2321/2322]  Loss -0.2220 (-1.4648)  Time:  0.107 (0.013)  Data Time:  0.004 (0.003)
2022-04-08 10:31:55,825:INFO:   Eta: 0:25:02
2022-04-08 10:32:03,359:INFO: Valid: [201][604/605]  Loss -8.2864 (-5.1073)
2022-04-08 10:32:36,400:INFO: Train: [202][2321/2322]  Loss -0.2151 (-1.5748)  Time:  0.108 (0.014)  Data Time:  0.004 (0.004)
2022-04-08 10:32:36,402:INFO:   Eta: 0:26:24
2022-04-08 10:32:43,793:INFO: Valid: [202][604/605]  Loss -8.3413 (-5.1315)
2022-04-08 10:33:16,377:INFO: Train: [203][2321/2322]  Loss -0.2753 (-1.7184)  Time:  0.141 (0.014)  Data Time:  0.003 (0.004)
2022-04-08 10:33:16,378:INFO:   Eta: 0:25:29
2022-04-08 10:33:23,671:INFO: Valid: [203][604/605]  Loss -8.1194 (-4.9471)
2022-04-08 10:33:56,504:INFO: Train: [204][2321/2322]  Loss -0.2390 (-1.7471)  Time:  0.102 (0.014)  Data Time:  0.004 (0.004)
2022-04-08 10:33:56,507:INFO:   Eta: 0:25:08
2022-04-08 10:34:03,916:INFO: Valid: [204][604/605]  Loss -8.2918 (-5.0861)
2022-04-08 10:34:34,017:INFO: Train: [205][2321/2322]  Loss -0.2573 (-1.7890)  Time:  0.148 (0.013)  Data Time:  0.003 (0.004)
2022-04-08 10:34:34,018:INFO:   Eta: 0:22:33
2022-04-08 10:34:41,251:INFO: Valid: [205][604/605]  Loss -7.7802 (-4.8069)
2022-04-08 10:35:19,789:INFO: Train: [206][2321/2322]  Loss -0.2280 (-1.7636)  Time:  0.122 (0.017)  Data Time:  0.004 (0.004)
2022-04-08 10:35:19,790:INFO:   Eta: 0:28:13
2022-04-08 10:35:27,286:INFO: Valid: [206][604/605]  Loss -8.1932 (-5.0199)
2022-04-08 10:35:55,282:INFO: Test: [206]  ADE: 0.3784  FDE: 0.6106
2022-04-08 10:36:31,191:INFO: Train: [207][2321/2322]  Loss -0.2528 (-1.7442)  Time:  0.125 (0.015)  Data Time:  0.002 (0.004)
2022-04-08 10:36:31,192:INFO:   Eta: 0:25:42
2022-04-08 10:36:38,254:INFO: Valid: [207][604/605]  Loss -8.0150 (-4.8854)
2022-04-08 10:37:13,986:INFO: Train: [208][2321/2322]  Loss -0.2651 (-1.5375)  Time:  0.122 (0.015)  Data Time:  0.004 (0.004)
2022-04-08 10:37:13,988:INFO:   Eta: 0:24:59
2022-04-08 10:37:21,403:INFO: Valid: [208][604/605]  Loss -8.1482 (-5.0634)
2022-04-08 10:37:56,581:INFO: Train: [209][2321/2322]  Loss -0.2166 (-1.5794)  Time:  0.120 (0.015)  Data Time:  0.005 (0.004)
2022-04-08 10:37:56,583:INFO:   Eta: 0:24:00
2022-04-08 10:38:04,597:INFO: Valid: [209][604/605]  Loss -8.1332 (-5.0196)
2022-04-08 10:38:37,908:INFO: Train: [210][2321/2322]  Loss -0.2306 (-1.6439)  Time:  0.108 (0.014)  Data Time:  0.003 (0.003)
2022-04-08 10:38:37,909:INFO:   Eta: 0:22:10
2022-04-08 10:38:45,733:INFO: Valid: [210][604/605]  Loss -7.8377 (-4.8263)
2022-04-08 10:39:18,466:INFO: Train: [211][2321/2322]  Loss -0.2361 (-1.7746)  Time:  0.105 (0.014)  Data Time:  0.003 (0.003)
2022-04-08 10:39:18,467:INFO:   Eta: 0:21:14
2022-04-08 10:39:26,248:INFO: Valid: [211][604/605]  Loss -7.8072 (-4.8058)
2022-04-08 10:39:59,570:INFO: Train: [212][2321/2322]  Loss -0.2283 (-1.7104)  Time:  0.111 (0.014)  Data Time:  0.004 (0.003)
2022-04-08 10:39:59,572:INFO:   Eta: 0:21:04
2022-04-08 10:40:07,292:INFO: Valid: [212][604/605]  Loss -8.4520 (-5.2068)
2022-04-08 10:40:07,306:INFO: Checkpoint saved...
2022-04-08 10:40:41,864:INFO: Train: [213][2321/2322]  Loss -0.2676 (-1.7656)  Time:  0.111 (0.015)  Data Time:  0.004 (0.004)
2022-04-08 10:40:41,865:INFO:   Eta: 0:21:17
2022-04-08 10:40:49,880:INFO: Valid: [213][604/605]  Loss -8.0823 (-4.9629)
2022-04-08 10:41:25,063:INFO: Train: [214][2321/2322]  Loss -0.2419 (-1.7587)  Time:  0.112 (0.015)  Data Time:  0.003 (0.004)
2022-04-08 10:41:25,064:INFO:   Eta: 0:21:04
2022-04-08 10:41:32,971:INFO: Valid: [214][604/605]  Loss -7.8956 (-4.8189)
2022-04-08 10:42:06,750:INFO: Train: [215][2321/2322]  Loss -0.3036 (-1.5204)  Time:  0.120 (0.015)  Data Time:  0.004 (0.003)
2022-04-08 10:42:06,751:INFO:   Eta: 0:19:40
2022-04-08 10:42:14,592:INFO: Valid: [215][604/605]  Loss -8.1696 (-5.0168)
2022-04-08 10:42:50,120:INFO: Train: [216][2321/2322]  Loss -0.2640 (-1.7477)  Time:  0.098 (0.015)  Data Time:  0.004 (0.004)
2022-04-08 10:42:50,120:INFO:   Eta: 0:20:06
2022-04-08 10:42:57,354:INFO: Valid: [216][604/605]  Loss -8.1987 (-5.0231)
2022-04-08 10:43:25,087:INFO: Test: [216]  ADE: 0.3591  FDE: 0.5531
2022-04-08 10:44:00,513:INFO: Train: [217][2321/2322]  Loss -0.2507 (-1.7813)  Time:  0.110 (0.015)  Data Time:  0.004 (0.004)
2022-04-08 10:44:00,514:INFO:   Eta: 0:19:27
2022-04-08 10:44:08,531:INFO: Valid: [217][604/605]  Loss -8.1381 (-4.9766)
2022-04-08 10:44:43,936:INFO: Train: [218][2321/2322]  Loss -0.2570 (-1.7356)  Time:  0.120 (0.015)  Data Time:  0.005 (0.004)
2022-04-08 10:44:43,939:INFO:   Eta: 0:18:51
2022-04-08 10:44:51,424:INFO: Valid: [218][604/605]  Loss -8.0158 (-4.9395)
2022-04-08 10:45:26,980:INFO: Train: [219][2321/2322]  Loss -0.2152 (-1.7593)  Time:  0.134 (0.015)  Data Time:  0.004 (0.004)
2022-04-08 10:45:26,981:INFO:   Eta: 0:18:18
2022-04-08 10:45:34,635:INFO: Valid: [219][604/605]  Loss -7.9443 (-4.8615)
2022-04-08 10:46:08,982:INFO: Train: [220][2321/2322]  Loss -0.2047 (-1.6831)  Time:  0.111 (0.015)  Data Time:  0.004 (0.004)
2022-04-08 10:46:08,982:INFO:   Eta: 0:17:09
2022-04-08 10:46:16,396:INFO: Valid: [220][604/605]  Loss -8.2905 (-5.0951)
2022-04-08 10:46:49,804:INFO: Train: [221][2321/2322]  Loss -0.2210 (-1.6039)  Time:  0.105 (0.014)  Data Time:  0.003 (0.004)
2022-04-08 10:46:49,805:INFO:   Eta: 0:16:07
2022-04-08 10:46:57,340:INFO: Valid: [221][604/605]  Loss -7.9688 (-4.9123)
2022-04-08 10:47:28,460:INFO: Train: [222][2321/2322]  Loss -0.2064 (-1.6684)  Time:  0.142 (0.013)  Data Time:  0.003 (0.003)
2022-04-08 10:47:28,461:INFO:   Eta: 0:14:30
2022-04-08 10:47:36,151:INFO: Valid: [222][604/605]  Loss -8.1150 (-4.9828)
2022-04-08 10:48:07,620:INFO: Train: [223][2321/2322]  Loss -0.2414 (-1.6192)  Time:  0.122 (0.014)  Data Time:  0.004 (0.003)
2022-04-08 10:48:07,621:INFO:   Eta: 0:14:08
2022-04-08 10:48:15,283:INFO: Valid: [223][604/605]  Loss -8.1624 (-5.0227)
2022-04-08 10:48:44,410:INFO: Train: [224][2321/2322]  Loss -0.2884 (-1.6255)  Time:  0.105 (0.013)  Data Time:  0.003 (0.002)
2022-04-08 10:48:44,410:INFO:   Eta: 0:12:36
2022-04-08 10:48:51,957:INFO: Valid: [224][604/605]  Loss -8.3143 (-5.1138)
2022-04-08 10:49:23,371:INFO: Train: [225][2321/2322]  Loss -0.2611 (-1.7148)  Time:  0.145 (0.014)  Data Time:  0.004 (0.003)
2022-04-08 10:49:23,373:INFO:   Eta: 0:13:04
2022-04-08 10:49:30,870:INFO: Valid: [225][604/605]  Loss -7.7002 (-4.6894)
2022-04-08 10:50:05,345:INFO: Train: [226][2321/2322]  Loss -0.2187 (-1.7814)  Time:  0.106 (0.015)  Data Time:  0.005 (0.004)
2022-04-08 10:50:05,346:INFO:   Eta: 0:13:46
2022-04-08 10:50:12,984:INFO: Valid: [226][604/605]  Loss -7.7357 (-4.7725)
2022-04-08 10:50:40,253:INFO: Test: [226]  ADE: 0.3943  FDE: 0.5792
2022-04-08 10:51:13,312:INFO: Train: [227][2321/2322]  Loss -0.2114 (-1.7692)  Time:  0.104 (0.014)  Data Time:  0.005 (0.004)
2022-04-08 10:51:13,313:INFO:   Eta: 0:12:39
2022-04-08 10:51:20,453:INFO: Valid: [227][604/605]  Loss -8.0457 (-4.9312)
2022-04-08 10:51:54,880:INFO: Train: [228][2321/2322]  Loss -0.2242 (-1.7261)  Time:  0.113 (0.015)  Data Time:  0.005 (0.004)
2022-04-08 10:51:54,881:INFO:   Eta: 0:12:36
2022-04-08 10:52:02,290:INFO: Valid: [228][604/605]  Loss -8.3458 (-5.1283)
2022-04-08 10:52:35,689:INFO: Train: [229][2321/2322]  Loss -0.2452 (-1.7746)  Time:  0.140 (0.014)  Data Time:  0.005 (0.004)
2022-04-08 10:52:35,692:INFO:   Eta: 0:11:40
2022-04-08 10:52:43,314:INFO: Valid: [229][604/605]  Loss -8.2828 (-5.0827)
2022-04-08 10:53:17,270:INFO: Train: [230][2321/2322]  Loss -0.2131 (-1.7087)  Time:  0.136 (0.015)  Data Time:  0.004 (0.004)
2022-04-08 10:53:17,271:INFO:   Eta: 0:11:18
2022-04-08 10:53:24,956:INFO: Valid: [230][604/605]  Loss -8.1194 (-5.0137)
2022-04-08 10:53:58,685:INFO: Train: [231][2321/2322]  Loss -0.1809 (-1.4519)  Time:  0.120 (0.015)  Data Time:  0.004 (0.004)
2022-04-08 10:53:58,686:INFO:   Eta: 0:10:40
2022-04-08 10:54:06,356:INFO: Valid: [231][604/605]  Loss -7.9808 (-4.9027)
2022-04-08 10:54:40,959:INFO: Train: [232][2321/2322]  Loss -0.2918 (-1.7843)  Time:  0.111 (0.015)  Data Time:  0.004 (0.004)
2022-04-08 10:54:40,960:INFO:   Eta: 0:10:08
2022-04-08 10:54:48,549:INFO: Valid: [232][604/605]  Loss -6.8966 (-4.2206)
2022-04-08 10:55:22,824:INFO: Train: [233][2321/2322]  Loss -0.2533 (-1.6271)  Time:  0.132 (0.015)  Data Time:  0.003 (0.004)
2022-04-08 10:55:22,826:INFO:   Eta: 0:09:42
2022-04-08 10:55:30,413:INFO: Valid: [233][604/605]  Loss -8.3386 (-5.0999)
2022-04-08 10:55:59,902:INFO: Train: [234][2321/2322]  Loss -0.2229 (-1.6417)  Time:  0.143 (0.013)  Data Time:  0.003 (0.003)
2022-04-08 10:55:59,904:INFO:   Eta: 0:07:51
2022-04-08 10:56:07,367:INFO: Valid: [234][604/605]  Loss -7.6339 (-4.6968)
2022-04-08 10:56:37,500:INFO: Train: [235][2321/2322]  Loss -0.2058 (-1.6414)  Time:  0.104 (0.013)  Data Time:  0.004 (0.003)
2022-04-08 10:56:37,501:INFO:   Eta: 0:07:31
2022-04-08 10:56:45,037:INFO: Valid: [235][604/605]  Loss -8.0610 (-4.9495)
2022-04-08 10:57:15,724:INFO: Train: [236][2321/2322]  Loss -0.2103 (-1.7617)  Time:  0.099 (0.013)  Data Time:  0.004 (0.003)
2022-04-08 10:57:15,725:INFO:   Eta: 0:07:09
2022-04-08 10:57:23,089:INFO: Valid: [236][604/605]  Loss -8.2971 (-5.0941)
2022-04-08 10:57:49,468:INFO: Test: [236]  ADE: 0.3688  FDE: 0.6133
2022-04-08 10:58:23,138:INFO: Train: [237][2321/2322]  Loss -0.2366 (-1.6820)  Time:  0.123 (0.014)  Data Time:  0.004 (0.004)
2022-04-08 10:58:23,139:INFO:   Eta: 0:07:17
2022-04-08 10:58:30,674:INFO: Valid: [237][604/605]  Loss -8.0881 (-4.9657)
2022-04-08 10:59:04,683:INFO: Train: [238][2321/2322]  Loss -0.2374 (-1.7078)  Time:  0.144 (0.015)  Data Time:  0.004 (0.004)
2022-04-08 10:59:04,685:INFO:   Eta: 0:06:47
2022-04-08 10:59:12,341:INFO: Valid: [238][604/605]  Loss -7.8552 (-4.8488)
2022-04-08 10:59:46,026:INFO: Train: [239][2321/2322]  Loss -0.2005 (-1.7230)  Time:  0.117 (0.014)  Data Time:  0.004 (0.004)
2022-04-08 10:59:46,027:INFO:   Eta: 0:06:09
2022-04-08 10:59:53,313:INFO: Valid: [239][604/605]  Loss -7.9903 (-4.9356)
2022-04-08 11:00:27,258:INFO: Train: [240][2321/2322]  Loss -0.2522 (-1.7593)  Time:  0.118 (0.015)  Data Time:  0.004 (0.004)
2022-04-08 11:00:27,259:INFO:   Eta: 0:05:39
2022-04-08 11:00:34,801:INFO: Valid: [240][604/605]  Loss -8.3682 (-5.1369)
2022-04-08 11:01:08,401:INFO: Train: [241][2321/2322]  Loss -0.2613 (-1.7851)  Time:  0.116 (0.014)  Data Time:  0.005 (0.004)
2022-04-08 11:01:08,402:INFO:   Eta: 0:05:02
2022-04-08 11:01:16,210:INFO: Valid: [241][604/605]  Loss -7.9695 (-4.9036)
2022-04-08 11:01:49,604:INFO: Train: [242][2321/2322]  Loss -0.2254 (-1.5937)  Time:  0.111 (0.014)  Data Time:  0.003 (0.004)
2022-04-08 11:01:49,605:INFO:   Eta: 0:04:26
2022-04-08 11:01:57,136:INFO: Valid: [242][604/605]  Loss -8.3556 (-5.1386)
2022-04-08 11:02:30,618:INFO: Train: [243][2321/2322]  Loss -0.2357 (-1.7283)  Time:  0.104 (0.014)  Data Time:  0.003 (0.004)
2022-04-08 11:02:30,619:INFO:   Eta: 0:03:54
2022-04-08 11:02:37,986:INFO: Valid: [243][604/605]  Loss -8.3418 (-5.0973)
2022-04-08 11:03:09,414:INFO: Train: [244][2321/2322]  Loss -0.1989 (-1.7314)  Time:  0.107 (0.014)  Data Time:  0.003 (0.003)
2022-04-08 11:03:09,415:INFO:   Eta: 0:03:08
2022-04-08 11:03:16,987:INFO: Valid: [244][604/605]  Loss -8.1085 (-5.0099)
2022-04-08 11:03:51,171:INFO: Train: [245][2321/2322]  Loss -0.2325 (-1.7061)  Time:  0.125 (0.015)  Data Time:  0.004 (0.004)
2022-04-08 11:03:51,173:INFO:   Eta: 0:02:50
2022-04-08 11:03:58,641:INFO: Valid: [245][604/605]  Loss -8.1422 (-4.9718)
2022-04-08 11:04:29,106:INFO: Train: [246][2321/2322]  Loss -0.2905 (-1.6547)  Time:  0.115 (0.013)  Data Time:  0.003 (0.003)
2022-04-08 11:04:29,107:INFO:   Eta: 0:02:01
2022-04-08 11:04:36,745:INFO: Valid: [246][604/605]  Loss -8.0950 (-5.0081)
2022-04-08 11:05:02,476:INFO: Test: [246]  ADE: 0.3562  FDE: 0.5338
2022-04-08 11:05:31,006:INFO: Train: [247][2321/2322]  Loss -0.2297 (-1.5929)  Time:  0.101 (0.012)  Data Time:  0.004 (0.002)
2022-04-08 11:05:31,007:INFO:   Eta: 0:01:25
2022-04-08 11:05:38,321:INFO: Valid: [247][604/605]  Loss -8.2870 (-5.0911)
2022-04-08 11:06:05,678:INFO: Train: [248][2321/2322]  Loss -0.2059 (-1.7379)  Time:  0.105 (0.012)  Data Time:  0.002 (0.002)
2022-04-08 11:06:05,679:INFO:   Eta: 0:00:54
2022-04-08 11:06:13,146:INFO: Valid: [248][604/605]  Loss -8.1172 (-4.9756)
2022-04-08 11:06:43,925:INFO: Train: [249][2321/2322]  Loss -0.2052 (-1.7638)  Time:  0.162 (0.013)  Data Time:  0.003 (0.003)
2022-04-08 11:06:43,927:INFO:   Eta: 0:00:30
2022-04-08 11:06:51,550:INFO: Valid: [249][604/605]  Loss -8.2856 (-5.0934)
