2022-04-08 08:26:08,253:INFO: batch_size=128
2022-04-08 08:26:08,253:INFO: clip_grad=None
2022-04-08 08:26:08,253:INFO: dataset=zara2
2022-04-08 08:26:08,253:INFO: drop=0.2
2022-04-08 08:26:08,254:INFO: gpu_num=0
2022-04-08 08:26:08,254:INFO: input_size=2
2022-04-08 08:26:08,254:INFO: kernel_size=3
2022-04-08 08:26:08,254:INFO: lr=0.01
2022-04-08 08:26:08,254:INFO: lr_sh_rate=150
2022-04-08 08:26:08,254:INFO: model=social_stgcnn9
2022-04-08 08:26:08,254:INFO: n_stgcnn=1
2022-04-08 08:26:08,254:INFO: n_txpcnn=5
2022-04-08 08:26:08,254:INFO: num_epochs=250
2022-04-08 08:26:08,254:INFO: obs_seq_len=8
2022-04-08 08:26:08,254:INFO: output_size=5
2022-04-08 08:26:08,255:INFO: pred_seq_len=12
2022-04-08 08:26:08,255:INFO: seed=0
2022-04-08 08:26:08,255:INFO: tag=zara2
2022-04-08 08:26:08,255:INFO: use_lrschd=True
2022-04-08 08:26:08,255:INFO: ******************************
2022-04-08 08:26:08,255:INFO: Training initiating....
2022-04-08 08:26:08,255:INFO: Namespace(batch_size=128, clip_grad=None, dataset='zara2', drop=0.2, gpu_num='0', input_size=2, kernel_size=3, lr=0.01, lr_sh_rate=150, model='social_stgcnn9', n_stgcnn=1, n_txpcnn=5, num_epochs=250, obs_seq_len=8, output_size=5, pred_seq_len=12, seed=0, tag='zara2', use_lrschd=True)
2022-04-08 08:26:08,284:INFO: Initializing train dataset
2022-04-08 08:26:17,672:INFO: Initializing val dataset
2022-04-08 08:26:41,005:INFO: social_stgcnn9
2022-04-08 08:26:41,005:INFO: Data and model loaded
2022-04-08 08:26:41,005:INFO: Checkpoint dir: ./runs/Apr08_08-26-08_node06/zara2/checkpoint
2022-04-08 08:26:41,005:INFO: Training started ...
2022-04-08 08:27:07,388:INFO: Train: [0][2111/2112]  Loss 0.5274 (1.6056)  Time:  0.314 (0.012)  Data Time:  0.004 (0.004)
2022-04-08 08:27:07,390:INFO:   Eta: 1:49:53
2022-04-08 08:27:33,467:INFO: Train: [1][2111/2112]  Loss 0.2594 (0.8778)  Time:  0.319 (0.012)  Data Time:  0.004 (0.005)
2022-04-08 08:27:33,470:INFO:   Eta: 1:48:08
2022-04-08 08:27:59,243:INFO: Train: [2][2111/2112]  Loss 0.1660 (0.4663)  Time:  0.309 (0.012)  Data Time:  0.004 (0.004)
2022-04-08 08:27:59,245:INFO:   Eta: 1:46:19
2022-04-08 08:28:25,311:INFO: Train: [3][2111/2112]  Loss 0.0831 (0.3005)  Time:  0.314 (0.012)  Data Time:  0.005 (0.005)
2022-04-08 08:28:25,312:INFO:   Eta: 1:47:13
2022-04-08 08:28:50,899:INFO: Train: [4][2111/2112]  Loss 0.2462 (0.2392)  Time:  0.322 (0.012)  Data Time:  0.005 (0.005)
2022-04-08 08:28:50,900:INFO:   Eta: 1:44:50
2022-04-08 08:29:16,231:INFO: Train: [5][2111/2112]  Loss -0.0187 (0.0894)  Time:  0.305 (0.012)  Data Time:  0.004 (0.004)
2022-04-08 08:29:16,233:INFO:   Eta: 1:43:21
2022-04-08 08:29:42,558:INFO: Train: [6][2111/2112]  Loss -0.0614 (0.0116)  Time:  0.280 (0.012)  Data Time:  0.003 (0.005)
2022-04-08 08:29:42,559:INFO:   Eta: 1:46:59
2022-04-08 08:30:14,580:INFO: Test: [6]  ADE: 0.5788  FDE: 0.6787
2022-04-08 08:30:36,287:INFO: Train: [7][2111/2112]  Loss -0.1127 (-0.0967)  Time:  0.270 (0.010)  Data Time:  0.004 (0.003)
2022-04-08 08:30:36,288:INFO:   Eta: 1:27:49
2022-04-08 08:30:59,119:INFO: Train: [8][2111/2112]  Loss -0.2170 (-0.1105)  Time:  0.264 (0.011)  Data Time:  0.004 (0.004)
2022-04-08 08:30:59,120:INFO:   Eta: 1:32:00
2022-04-08 08:31:22,698:INFO: Train: [9][2111/2112]  Loss -0.1268 (-0.1504)  Time:  0.326 (0.011)  Data Time:  0.005 (0.004)
2022-04-08 08:31:22,699:INFO:   Eta: 1:34:37
2022-04-08 08:31:48,601:INFO: Train: [10][2111/2112]  Loss -0.1509 (-0.2280)  Time:  0.309 (0.012)  Data Time:  0.004 (0.004)
2022-04-08 08:31:48,601:INFO:   Eta: 1:43:32
2022-04-08 08:32:14,447:INFO: Train: [11][2111/2112]  Loss -0.2194 (-0.2672)  Time:  0.307 (0.012)  Data Time:  0.005 (0.005)
2022-04-08 08:32:14,448:INFO:   Eta: 1:42:53
2022-04-08 08:32:40,213:INFO: Train: [12][2111/2112]  Loss -0.1716 (-0.2849)  Time:  0.317 (0.012)  Data Time:  0.005 (0.005)
2022-04-08 08:32:40,214:INFO:   Eta: 1:42:07
2022-04-08 08:33:05,750:INFO: Train: [13][2111/2112]  Loss -0.2745 (-0.3444)  Time:  0.310 (0.012)  Data Time:  0.005 (0.005)
2022-04-08 08:33:05,751:INFO:   Eta: 1:40:47
2022-04-08 08:33:31,628:INFO: Train: [14][2111/2112]  Loss -0.2003 (-0.2505)  Time:  0.333 (0.012)  Data Time:  0.004 (0.005)
2022-04-08 08:33:31,628:INFO:   Eta: 1:41:43
2022-04-08 08:33:57,518:INFO: Train: [15][2111/2112]  Loss -0.2482 (-0.3466)  Time:  0.316 (0.012)  Data Time:  0.004 (0.005)
2022-04-08 08:33:57,519:INFO:   Eta: 1:41:20
2022-04-08 08:34:23,205:INFO: Train: [16][2111/2112]  Loss -0.2546 (-0.2732)  Time:  0.306 (0.012)  Data Time:  0.005 (0.005)
2022-04-08 08:34:23,206:INFO:   Eta: 1:40:06
2022-04-08 08:34:57,377:INFO: Test: [16]  ADE: 0.5273  FDE: 0.5933
2022-04-08 08:35:22,137:INFO: Train: [17][2111/2112]  Loss -0.2838 (-0.3743)  Time:  0.291 (0.012)  Data Time:  0.003 (0.004)
2022-04-08 08:35:22,138:INFO:   Eta: 1:36:05
2022-04-08 08:35:44,313:INFO: Train: [18][2111/2112]  Loss 0.0299 (-0.4171)  Time:  0.267 (0.010)  Data Time:  0.004 (0.003)
2022-04-08 08:35:44,314:INFO:   Eta: 1:23:40
2022-04-08 08:36:06,558:INFO: Train: [19][2111/2112]  Loss -0.0389 (-0.4701)  Time:  0.264 (0.011)  Data Time:  0.004 (0.004)
2022-04-08 08:36:06,559:INFO:   Eta: 1:25:35
2022-04-08 08:36:29,073:INFO: Train: [20][2111/2112]  Loss -0.3302 (-0.4764)  Time:  0.312 (0.011)  Data Time:  0.005 (0.004)
2022-04-08 08:36:29,074:INFO:   Eta: 1:26:15
2022-04-08 08:36:52,328:INFO: Train: [21][2111/2112]  Loss -0.2685 (-0.4727)  Time:  0.296 (0.011)  Data Time:  0.005 (0.004)
2022-04-08 08:36:52,329:INFO:   Eta: 1:28:41
2022-04-08 08:37:17,907:INFO: Train: [22][2111/2112]  Loss -0.2332 (-0.5389)  Time:  0.359 (0.012)  Data Time:  0.005 (0.004)
2022-04-08 08:37:17,908:INFO:   Eta: 1:37:07
2022-04-08 08:37:43,283:INFO: Train: [23][2111/2112]  Loss -0.2164 (-0.6234)  Time:  0.314 (0.012)  Data Time:  0.004 (0.004)
2022-04-08 08:37:43,285:INFO:   Eta: 1:35:57
2022-04-08 08:38:09,252:INFO: Train: [24][2111/2112]  Loss -0.3272 (-0.6008)  Time:  0.344 (0.012)  Data Time:  0.005 (0.005)
2022-04-08 08:38:09,254:INFO:   Eta: 1:37:43
2022-04-08 08:38:35,377:INFO: Train: [25][2111/2112]  Loss -0.3515 (-0.6356)  Time:  0.316 (0.012)  Data Time:  0.005 (0.005)
2022-04-08 08:38:35,377:INFO:   Eta: 1:37:53
2022-04-08 08:39:01,418:INFO: Train: [26][2111/2112]  Loss -0.4200 (-0.5707)  Time:  0.299 (0.012)  Data Time:  0.004 (0.005)
2022-04-08 08:39:01,419:INFO:   Eta: 1:37:09
2022-04-08 08:39:36,607:INFO: Test: [26]  ADE: 0.5016  FDE: 0.6242
2022-04-08 08:40:02,393:INFO: Train: [27][2111/2112]  Loss -0.4260 (-0.6344)  Time:  0.310 (0.012)  Data Time:  0.004 (0.005)
2022-04-08 08:40:02,395:INFO:   Eta: 1:35:45
2022-04-08 08:40:28,050:INFO: Train: [28][2111/2112]  Loss -0.3081 (-0.6698)  Time:  0.305 (0.012)  Data Time:  0.004 (0.004)
2022-04-08 08:40:28,050:INFO:   Eta: 1:34:51
2022-04-08 08:40:54,273:INFO: Train: [29][2111/2112]  Loss -0.3137 (-0.7107)  Time:  0.335 (0.012)  Data Time:  0.004 (0.005)
2022-04-08 08:40:54,275:INFO:   Eta: 1:36:31
2022-04-08 08:41:18,109:INFO: Train: [30][2111/2112]  Loss -0.4402 (-0.7262)  Time:  0.306 (0.011)  Data Time:  0.004 (0.004)
2022-04-08 08:41:18,110:INFO:   Eta: 1:27:19
2022-04-08 08:41:40,689:INFO: Train: [31][2111/2112]  Loss -0.4369 (-0.6605)  Time:  0.290 (0.011)  Data Time:  0.003 (0.004)
2022-04-08 08:41:40,690:INFO:   Eta: 1:22:20
2022-04-08 08:42:03,224:INFO: Train: [32][2111/2112]  Loss -0.2525 (-0.7711)  Time:  0.269 (0.011)  Data Time:  0.002 (0.004)
2022-04-08 08:42:03,226:INFO:   Eta: 1:21:49
2022-04-08 08:42:26,122:INFO: Train: [33][2111/2112]  Loss -0.4170 (-0.7206)  Time:  0.295 (0.011)  Data Time:  0.002 (0.004)
2022-04-08 08:42:26,125:INFO:   Eta: 1:22:44
2022-04-08 08:42:50,537:INFO: Train: [34][2111/2112]  Loss -0.4993 (-0.7093)  Time:  0.312 (0.012)  Data Time:  0.005 (0.004)
2022-04-08 08:42:50,539:INFO:   Eta: 1:27:42
2022-04-08 08:43:16,393:INFO: Train: [35][2111/2112]  Loss -0.4767 (-0.8134)  Time:  0.319 (0.012)  Data Time:  0.005 (0.005)
2022-04-08 08:43:16,394:INFO:   Eta: 1:32:32
2022-04-08 08:43:42,051:INFO: Train: [36][2111/2112]  Loss -0.4498 (-0.7632)  Time:  0.328 (0.012)  Data Time:  0.005 (0.004)
2022-04-08 08:43:42,052:INFO:   Eta: 1:31:26
2022-04-08 08:44:18,182:INFO: Test: [36]  ADE: 0.4413  FDE: 0.5518
2022-04-08 08:44:44,215:INFO: Train: [37][2111/2112]  Loss -0.5605 (-0.8662)  Time:  0.320 (0.012)  Data Time:  0.004 (0.005)
2022-04-08 08:44:44,216:INFO:   Eta: 1:32:20
2022-04-08 08:45:10,143:INFO: Train: [38][2111/2112]  Loss -0.3823 (-0.8416)  Time:  0.311 (0.012)  Data Time:  0.003 (0.005)
2022-04-08 08:45:10,144:INFO:   Eta: 1:31:32
2022-04-08 08:45:35,389:INFO: Train: [39][2111/2112]  Loss -0.5351 (-0.8202)  Time:  0.330 (0.012)  Data Time:  0.005 (0.005)
2022-04-08 08:45:35,391:INFO:   Eta: 1:28:43
2022-04-08 08:46:01,161:INFO: Train: [40][2111/2112]  Loss -0.5204 (-0.8295)  Time:  0.334 (0.012)  Data Time:  0.005 (0.005)
2022-04-08 08:46:01,162:INFO:   Eta: 1:30:08
2022-04-08 08:46:27,385:INFO: Train: [41][2111/2112]  Loss -0.3367 (-0.8793)  Time:  0.345 (0.012)  Data Time:  0.005 (0.005)
2022-04-08 08:46:27,386:INFO:   Eta: 1:31:16
2022-04-08 08:46:53,093:INFO: Train: [42][2111/2112]  Loss -0.5142 (-0.9175)  Time:  0.296 (0.012)  Data Time:  0.004 (0.005)
2022-04-08 08:46:53,095:INFO:   Eta: 1:29:03
2022-04-08 08:47:16,333:INFO: Train: [43][2111/2112]  Loss -0.2067 (-0.9809)  Time:  0.269 (0.011)  Data Time:  0.004 (0.004)
2022-04-08 08:47:16,335:INFO:   Eta: 1:20:06
2022-04-08 08:47:39,148:INFO: Train: [44][2111/2112]  Loss -0.4099 (-0.9154)  Time:  0.286 (0.011)  Data Time:  0.003 (0.004)
2022-04-08 08:47:39,149:INFO:   Eta: 1:18:15
2022-04-08 08:48:02,355:INFO: Train: [45][2111/2112]  Loss -0.4105 (-0.8974)  Time:  0.289 (0.011)  Data Time:  0.003 (0.004)
2022-04-08 08:48:02,356:INFO:   Eta: 1:19:14
2022-04-08 08:48:25,564:INFO: Train: [46][2111/2112]  Loss -0.5442 (-0.8629)  Time:  0.321 (0.011)  Data Time:  0.004 (0.004)
2022-04-08 08:48:25,566:INFO:   Eta: 1:18:51
2022-04-08 08:49:00,994:INFO: Test: [46]  ADE: 0.4765  FDE: 0.6462
2022-04-08 08:49:26,909:INFO: Train: [47][2111/2112]  Loss -0.4974 (-0.9676)  Time:  0.295 (0.012)  Data Time:  0.005 (0.005)
2022-04-08 08:49:26,910:INFO:   Eta: 1:27:36
2022-04-08 08:49:53,215:INFO: Train: [48][2111/2112]  Loss -0.4199 (-0.9520)  Time:  0.308 (0.012)  Data Time:  0.004 (0.005)
2022-04-08 08:49:53,216:INFO:   Eta: 1:28:29
2022-04-08 08:50:18,789:INFO: Train: [49][2111/2112]  Loss -0.5903 (-0.9752)  Time:  0.280 (0.012)  Data Time:  0.004 (0.005)
2022-04-08 08:50:18,790:INFO:   Eta: 1:25:36
2022-04-08 08:50:44,141:INFO: Train: [50][2111/2112]  Loss -0.5316 (-0.8843)  Time:  0.307 (0.012)  Data Time:  0.004 (0.004)
2022-04-08 08:50:44,142:INFO:   Eta: 1:24:26
2022-04-08 08:51:09,647:INFO: Train: [51][2111/2112]  Loss -0.3742 (-0.9177)  Time:  0.342 (0.012)  Data Time:  0.005 (0.005)
2022-04-08 08:51:09,706:INFO:   Eta: 1:24:32
2022-04-08 08:51:36,270:INFO: Train: [52][2111/2112]  Loss -0.5045 (-0.9447)  Time:  0.356 (0.012)  Data Time:  0.005 (0.005)
2022-04-08 08:51:36,271:INFO:   Eta: 1:25:50
2022-04-08 08:52:02,729:INFO: Train: [53][2111/2112]  Loss -0.5425 (-0.9414)  Time:  0.305 (0.013)  Data Time:  0.005 (0.005)
2022-04-08 08:52:02,729:INFO:   Eta: 1:26:48
2022-04-08 08:52:28,447:INFO: Train: [54][2111/2112]  Loss -0.5172 (-1.0609)  Time:  0.338 (0.012)  Data Time:  0.005 (0.005)
2022-04-08 08:52:28,448:INFO:   Eta: 1:23:57
2022-04-08 08:52:51,164:INFO: Train: [55][2111/2112]  Loss -0.3632 (-0.9707)  Time:  0.260 (0.011)  Data Time:  0.003 (0.004)
2022-04-08 08:52:51,165:INFO:   Eta: 1:13:46
2022-04-08 08:53:13,415:INFO: Train: [56][2111/2112]  Loss -0.5857 (-1.0278)  Time:  0.266 (0.011)  Data Time:  0.004 (0.004)
2022-04-08 08:53:13,416:INFO:   Eta: 1:11:53
2022-04-08 08:53:45,982:INFO: Test: [56]  ADE: 0.3839  FDE: 0.5118
2022-04-08 08:54:09,307:INFO: Train: [57][2111/2112]  Loss -0.6095 (-1.0339)  Time:  0.310 (0.011)  Data Time:  0.005 (0.004)
2022-04-08 08:54:09,308:INFO:   Eta: 1:14:57
2022-04-08 08:54:34,906:INFO: Train: [58][2111/2112]  Loss -0.4724 (-1.0029)  Time:  0.324 (0.012)  Data Time:  0.004 (0.005)
2022-04-08 08:54:34,907:INFO:   Eta: 1:21:52
2022-04-08 08:55:00,777:INFO: Train: [59][2111/2112]  Loss -0.4423 (-1.0573)  Time:  0.311 (0.012)  Data Time:  0.005 (0.005)
2022-04-08 08:55:00,778:INFO:   Eta: 1:22:17
2022-04-08 08:55:25,981:INFO: Train: [60][2111/2112]  Loss -0.5155 (-0.9439)  Time:  0.324 (0.012)  Data Time:  0.005 (0.005)
2022-04-08 08:55:25,982:INFO:   Eta: 1:19:45
2022-04-08 08:55:51,133:INFO: Train: [61][2111/2112]  Loss -0.5214 (-1.1130)  Time:  0.292 (0.012)  Data Time:  0.004 (0.004)
2022-04-08 08:55:51,135:INFO:   Eta: 1:19:10
2022-04-08 08:56:16,696:INFO: Train: [62][2111/2112]  Loss -0.4525 (-1.0774)  Time:  0.306 (0.012)  Data Time:  0.004 (0.005)
2022-04-08 08:56:16,697:INFO:   Eta: 1:20:02
2022-04-08 08:56:42,564:INFO: Train: [63][2111/2112]  Loss -0.5671 (-1.1197)  Time:  0.325 (0.012)  Data Time:  0.005 (0.005)
2022-04-08 08:56:42,566:INFO:   Eta: 1:20:34
2022-04-08 08:57:08,139:INFO: Train: [64][2111/2112]  Loss -0.6212 (-1.0713)  Time:  0.323 (0.012)  Data Time:  0.004 (0.005)
2022-04-08 08:57:08,140:INFO:   Eta: 1:19:13
2022-04-08 08:57:33,448:INFO: Train: [65][2111/2112]  Loss -0.5040 (-0.9819)  Time:  0.311 (0.012)  Data Time:  0.004 (0.005)
2022-04-08 08:57:33,450:INFO:   Eta: 1:17:58
2022-04-08 08:57:58,977:INFO: Train: [66][2111/2112]  Loss -0.4868 (-1.1217)  Time:  0.299 (0.012)  Data Time:  0.005 (0.005)
2022-04-08 08:57:58,978:INFO:   Eta: 1:18:11
2022-04-08 08:58:32,096:INFO: Test: [66]  ADE: 0.4208  FDE: 0.5263
2022-04-08 08:58:54,997:INFO: Train: [67][2111/2112]  Loss -0.3732 (-1.1836)  Time:  0.314 (0.011)  Data Time:  0.004 (0.004)
2022-04-08 08:58:54,998:INFO:   Eta: 1:09:46
2022-04-08 08:59:17,216:INFO: Train: [68][2111/2112]  Loss -0.4855 (-1.0355)  Time:  0.277 (0.011)  Data Time:  0.003 (0.004)
2022-04-08 08:59:17,216:INFO:   Eta: 1:07:21
2022-04-08 08:59:39,185:INFO: Train: [69][2111/2112]  Loss -0.5038 (-1.2459)  Time:  0.310 (0.010)  Data Time:  0.004 (0.004)
2022-04-08 08:59:39,186:INFO:   Eta: 1:06:14
2022-04-08 09:00:03,485:INFO: Train: [70][2111/2112]  Loss -0.6322 (-1.1122)  Time:  0.333 (0.011)  Data Time:  0.005 (0.004)
2022-04-08 09:00:03,486:INFO:   Eta: 1:12:51
2022-04-08 09:00:28,296:INFO: Train: [71][2111/2112]  Loss -0.4818 (-1.0761)  Time:  0.313 (0.012)  Data Time:  0.004 (0.004)
2022-04-08 09:00:28,296:INFO:   Eta: 1:13:58
2022-04-08 09:00:53,587:INFO: Train: [72][2111/2112]  Loss -0.4926 (-1.0906)  Time:  0.333 (0.012)  Data Time:  0.005 (0.005)
2022-04-08 09:00:53,587:INFO:   Eta: 1:14:59
2022-04-08 09:01:18,116:INFO: Train: [73][2111/2112]  Loss -0.4393 (-1.0625)  Time:  0.287 (0.012)  Data Time:  0.004 (0.004)
2022-04-08 09:01:18,117:INFO:   Eta: 1:12:19
2022-04-08 09:01:43,548:INFO: Train: [74][2111/2112]  Loss -0.6813 (-1.1686)  Time:  0.296 (0.012)  Data Time:  0.005 (0.005)
2022-04-08 09:01:43,549:INFO:   Eta: 1:14:33
2022-04-08 09:02:08,889:INFO: Train: [75][2111/2112]  Loss -0.5166 (-1.0915)  Time:  0.317 (0.012)  Data Time:  0.004 (0.005)
2022-04-08 09:02:08,890:INFO:   Eta: 1:13:52
2022-04-08 09:02:33,973:INFO: Train: [76][2111/2112]  Loss -0.5282 (-1.1398)  Time:  0.317 (0.012)  Data Time:  0.005 (0.005)
2022-04-08 09:02:33,974:INFO:   Eta: 1:12:41
2022-04-08 09:03:09,513:INFO: Test: [76]  ADE: 0.4360  FDE: 0.6062
2022-04-08 09:03:34,761:INFO: Train: [77][2111/2112]  Loss -0.6451 (-1.1693)  Time:  0.312 (0.012)  Data Time:  0.005 (0.005)
2022-04-08 09:03:34,762:INFO:   Eta: 1:12:45
2022-04-08 09:03:59,967:INFO: Train: [78][2111/2112]  Loss -0.5796 (-1.2062)  Time:  0.325 (0.012)  Data Time:  0.005 (0.005)
2022-04-08 09:03:59,968:INFO:   Eta: 1:12:12
2022-04-08 09:04:22,954:INFO: Train: [79][2111/2112]  Loss -0.6372 (-1.1869)  Time:  0.276 (0.011)  Data Time:  0.003 (0.004)
2022-04-08 09:04:22,955:INFO:   Eta: 1:05:27
2022-04-08 09:04:45,135:INFO: Train: [80][2111/2112]  Loss -0.5736 (-1.2459)  Time:  0.277 (0.010)  Data Time:  0.003 (0.004)
2022-04-08 09:04:45,135:INFO:   Eta: 1:02:48
2022-04-08 09:05:07,450:INFO: Train: [81][2111/2112]  Loss -0.5898 (-1.2073)  Time:  0.291 (0.011)  Data Time:  0.004 (0.004)
2022-04-08 09:05:07,452:INFO:   Eta: 1:02:49
2022-04-08 09:05:29,121:INFO: Train: [82][2111/2112]  Loss -0.5419 (-1.1150)  Time:  0.292 (0.010)  Data Time:  0.003 (0.003)
2022-04-08 09:05:29,122:INFO:   Eta: 1:00:38
2022-04-08 09:05:52,961:INFO: Train: [83][2111/2112]  Loss -0.6338 (-1.1888)  Time:  0.295 (0.011)  Data Time:  0.004 (0.004)
2022-04-08 09:05:52,962:INFO:   Eta: 1:06:18
2022-04-08 09:06:18,902:INFO: Train: [84][2111/2112]  Loss -0.7076 (-1.2165)  Time:  0.318 (0.012)  Data Time:  0.004 (0.005)
2022-04-08 09:06:18,961:INFO:   Eta: 1:11:42
2022-04-08 09:06:44,470:INFO: Train: [85][2111/2112]  Loss -0.5956 (-1.2064)  Time:  0.292 (0.012)  Data Time:  0.005 (0.005)
2022-04-08 09:06:44,470:INFO:   Eta: 1:08:40
2022-04-08 09:07:10,007:INFO: Train: [86][2111/2112]  Loss -0.7271 (-1.1804)  Time:  0.322 (0.012)  Data Time:  0.005 (0.005)
2022-04-08 09:07:10,008:INFO:   Eta: 1:09:45
2022-04-08 09:07:44,768:INFO: Test: [86]  ADE: 0.3625  FDE: 0.5393
2022-04-08 09:08:10,053:INFO: Train: [87][2111/2112]  Loss -0.5365 (-1.1393)  Time:  0.296 (0.012)  Data Time:  0.004 (0.005)
2022-04-08 09:08:10,053:INFO:   Eta: 1:08:38
2022-04-08 09:08:35,147:INFO: Train: [88][2111/2112]  Loss -0.5655 (-1.2200)  Time:  0.359 (0.012)  Data Time:  0.005 (0.005)
2022-04-08 09:08:35,148:INFO:   Eta: 1:07:42
2022-04-08 09:09:00,503:INFO: Train: [89][2111/2112]  Loss -0.4820 (-1.2500)  Time:  0.316 (0.012)  Data Time:  0.004 (0.005)
2022-04-08 09:09:00,504:INFO:   Eta: 1:07:59
2022-04-08 09:09:25,705:INFO: Train: [90][2111/2112]  Loss -0.6324 (-1.2416)  Time:  0.302 (0.012)  Data Time:  0.005 (0.005)
2022-04-08 09:09:25,705:INFO:   Eta: 1:07:10
2022-04-08 09:09:50,759:INFO: Train: [91][2111/2112]  Loss -0.7101 (-1.2277)  Time:  0.311 (0.012)  Data Time:  0.004 (0.005)
2022-04-08 09:09:50,760:INFO:   Eta: 1:06:21
2022-04-08 09:10:13,503:INFO: Train: [92][2111/2112]  Loss -0.7169 (-1.1430)  Time:  0.244 (0.011)  Data Time:  0.003 (0.004)
2022-04-08 09:10:13,504:INFO:   Eta: 0:59:50
2022-04-08 09:10:35,170:INFO: Train: [93][2111/2112]  Loss -0.5601 (-1.2383)  Time:  0.333 (0.010)  Data Time:  0.002 (0.004)
2022-04-08 09:10:35,171:INFO:   Eta: 0:56:39
2022-04-08 09:10:57,473:INFO: Train: [94][2111/2112]  Loss -0.5680 (-1.2813)  Time:  0.278 (0.011)  Data Time:  0.004 (0.004)
2022-04-08 09:10:57,473:INFO:   Eta: 0:57:56
2022-04-08 09:11:20,134:INFO: Train: [95][2111/2112]  Loss -0.5372 (-1.2170)  Time:  0.290 (0.011)  Data Time:  0.004 (0.004)
2022-04-08 09:11:20,135:INFO:   Eta: 0:58:30
2022-04-08 09:11:44,358:INFO: Train: [96][2111/2112]  Loss -0.7123 (-1.2291)  Time:  0.297 (0.011)  Data Time:  0.004 (0.004)
2022-04-08 09:11:44,358:INFO:   Eta: 1:02:07
2022-04-08 09:12:18,703:INFO: Test: [96]  ADE: 0.3900  FDE: 0.5785
2022-04-08 09:12:44,160:INFO: Train: [97][2111/2112]  Loss -0.6493 (-1.2418)  Time:  0.299 (0.012)  Data Time:  0.005 (0.005)
2022-04-08 09:12:44,161:INFO:   Eta: 1:04:52
2022-04-08 09:13:09,449:INFO: Train: [98][2111/2112]  Loss -0.6691 (-1.2185)  Time:  0.294 (0.012)  Data Time:  0.004 (0.005)
2022-04-08 09:13:09,450:INFO:   Eta: 1:04:01
2022-04-08 09:13:34,944:INFO: Train: [99][2111/2112]  Loss -0.6002 (-1.3403)  Time:  0.328 (0.012)  Data Time:  0.005 (0.005)
2022-04-08 09:13:34,945:INFO:   Eta: 1:04:06
2022-04-08 09:14:00,601:INFO: Train: [100][2111/2112]  Loss -0.6229 (-1.2876)  Time:  0.300 (0.012)  Data Time:  0.005 (0.005)
2022-04-08 09:14:00,603:INFO:   Eta: 1:04:06
2022-04-08 09:14:25,760:INFO: Train: [101][2111/2112]  Loss -0.5791 (-1.2652)  Time:  0.311 (0.012)  Data Time:  0.004 (0.004)
2022-04-08 09:14:25,761:INFO:   Eta: 1:02:25
2022-04-08 09:14:51,492:INFO: Train: [102][2111/2112]  Loss -0.5995 (-1.3528)  Time:  0.297 (0.012)  Data Time:  0.004 (0.005)
2022-04-08 09:14:51,493:INFO:   Eta: 1:03:26
2022-04-08 09:15:16,725:INFO: Train: [103][2111/2112]  Loss -0.5554 (-1.1939)  Time:  0.310 (0.012)  Data Time:  0.005 (0.005)
2022-04-08 09:15:16,726:INFO:   Eta: 1:01:46
2022-04-08 09:15:41,261:INFO: Train: [104][2111/2112]  Loss -0.6610 (-1.1985)  Time:  0.258 (0.012)  Data Time:  0.003 (0.004)
2022-04-08 09:15:41,262:INFO:   Eta: 0:59:39
2022-04-08 09:16:03,541:INFO: Train: [105][2111/2112]  Loss -0.6335 (-1.2998)  Time:  0.272 (0.011)  Data Time:  0.003 (0.004)
2022-04-08 09:16:03,542:INFO:   Eta: 0:53:47
2022-04-08 09:16:25,943:INFO: Train: [106][2111/2112]  Loss -0.7390 (-1.1701)  Time:  0.276 (0.011)  Data Time:  0.003 (0.004)
2022-04-08 09:16:25,944:INFO:   Eta: 0:53:43
2022-04-08 09:16:58,992:INFO: Test: [106]  ADE: 0.3505  FDE: 0.5195
2022-04-08 09:17:23,942:INFO: Train: [107][2111/2112]  Loss -0.6787 (-1.2585)  Time:  0.300 (0.012)  Data Time:  0.003 (0.004)
2022-04-08 09:17:23,943:INFO:   Eta: 0:59:24
2022-04-08 09:17:49,642:INFO: Train: [108][2111/2112]  Loss -0.6187 (-1.3102)  Time:  0.300 (0.012)  Data Time:  0.004 (0.005)
2022-04-08 09:17:49,643:INFO:   Eta: 1:00:46
2022-04-08 09:18:15,036:INFO: Train: [109][2111/2112]  Loss -0.7150 (-1.2378)  Time:  0.311 (0.012)  Data Time:  0.006 (0.005)
2022-04-08 09:18:15,037:INFO:   Eta: 0:59:38
2022-04-08 09:18:40,272:INFO: Train: [110][2111/2112]  Loss -0.7022 (-1.2878)  Time:  0.330 (0.012)  Data Time:  0.004 (0.005)
2022-04-08 09:18:40,273:INFO:   Eta: 0:58:50
2022-04-08 09:19:05,947:INFO: Train: [111][2111/2112]  Loss -0.7258 (-1.2183)  Time:  0.312 (0.012)  Data Time:  0.005 (0.005)
2022-04-08 09:19:05,949:INFO:   Eta: 0:59:26
2022-04-08 09:19:31,430:INFO: Train: [112][2111/2112]  Loss -0.6694 (-1.2654)  Time:  0.314 (0.012)  Data Time:  0.004 (0.004)
2022-04-08 09:19:31,431:INFO:   Eta: 0:58:33
2022-04-08 09:19:56,902:INFO: Train: [113][2111/2112]  Loss -0.7602 (-1.3117)  Time:  0.333 (0.012)  Data Time:  0.005 (0.005)
2022-04-08 09:19:56,903:INFO:   Eta: 0:58:07
2022-04-08 09:20:21,850:INFO: Train: [114][2111/2112]  Loss -0.6936 (-1.3677)  Time:  0.324 (0.012)  Data Time:  0.005 (0.004)
2022-04-08 09:20:21,851:INFO:   Eta: 0:56:30
2022-04-08 09:20:47,647:INFO: Train: [115][2111/2112]  Loss -0.7074 (-1.2361)  Time:  0.306 (0.012)  Data Time:  0.005 (0.005)
2022-04-08 09:20:47,648:INFO:   Eta: 0:58:00
2022-04-08 09:21:14,322:INFO: Train: [116][2111/2112]  Loss -0.7073 (-1.2930)  Time:  0.339 (0.013)  Data Time:  0.005 (0.005)
2022-04-08 09:21:14,407:INFO:   Eta: 0:59:31
2022-04-08 09:21:48,291:INFO: Test: [116]  ADE: 0.3519  FDE: 0.5133
2022-04-08 09:22:10,713:INFO: Train: [117][2111/2112]  Loss -0.7089 (-1.2495)  Time:  0.269 (0.011)  Data Time:  0.003 (0.004)
2022-04-08 09:22:10,714:INFO:   Eta: 0:49:39
2022-04-08 09:22:32,800:INFO: Train: [118][2111/2112]  Loss -0.7358 (-1.2324)  Time:  0.294 (0.010)  Data Time:  0.003 (0.004)
2022-04-08 09:22:32,801:INFO:   Eta: 0:48:33
2022-04-08 09:22:55,758:INFO: Train: [119][2111/2112]  Loss -0.5125 (-1.3219)  Time:  0.294 (0.011)  Data Time:  0.004 (0.004)
2022-04-08 09:22:55,760:INFO:   Eta: 0:50:05
2022-04-08 09:23:21,224:INFO: Train: [120][2111/2112]  Loss -0.6593 (-1.1914)  Time:  0.327 (0.012)  Data Time:  0.005 (0.005)
2022-04-08 09:23:21,225:INFO:   Eta: 0:55:08
2022-04-08 09:23:46,558:INFO: Train: [121][2111/2112]  Loss -0.7671 (-1.3577)  Time:  0.314 (0.012)  Data Time:  0.004 (0.004)
2022-04-08 09:23:46,559:INFO:   Eta: 0:54:26
2022-04-08 09:24:12,261:INFO: Train: [122][2111/2112]  Loss -0.6442 (-1.2805)  Time:  0.367 (0.012)  Data Time:  0.005 (0.005)
2022-04-08 09:24:12,262:INFO:   Eta: 0:54:47
2022-04-08 09:24:37,343:INFO: Train: [123][2111/2112]  Loss -0.6492 (-1.4629)  Time:  0.303 (0.012)  Data Time:  0.005 (0.004)
2022-04-08 09:24:37,345:INFO:   Eta: 0:53:03
2022-04-08 09:25:03,007:INFO: Train: [124][2111/2112]  Loss -0.6253 (-1.4087)  Time:  0.301 (0.012)  Data Time:  0.005 (0.005)
2022-04-08 09:25:03,008:INFO:   Eta: 0:53:51
2022-04-08 09:25:27,749:INFO: Train: [125][2111/2112]  Loss -0.7603 (-1.3660)  Time:  0.310 (0.012)  Data Time:  0.005 (0.004)
2022-04-08 09:25:27,750:INFO:   Eta: 0:51:30
2022-04-08 09:25:52,954:INFO: Train: [126][2111/2112]  Loss -0.6297 (-1.3089)  Time:  0.308 (0.012)  Data Time:  0.005 (0.005)
2022-04-08 09:25:52,955:INFO:   Eta: 0:52:03
2022-04-08 09:26:28,146:INFO: Test: [126]  ADE: 0.3458  FDE: 0.5094
2022-04-08 09:26:53,457:INFO: Train: [127][2111/2112]  Loss -0.6108 (-1.2707)  Time:  0.322 (0.012)  Data Time:  0.005 (0.005)
2022-04-08 09:26:53,458:INFO:   Eta: 0:51:50
2022-04-08 09:27:17,837:INFO: Train: [128][2111/2112]  Loss -0.7602 (-1.3118)  Time:  0.284 (0.012)  Data Time:  0.003 (0.004)
2022-04-08 09:27:17,838:INFO:   Eta: 0:49:32
2022-04-08 09:27:40,651:INFO: Train: [129][2111/2112]  Loss -0.6399 (-1.3115)  Time:  0.301 (0.011)  Data Time:  0.003 (0.004)
2022-04-08 09:27:40,652:INFO:   Eta: 0:45:58
2022-04-08 09:28:03,411:INFO: Train: [130][2111/2112]  Loss -0.6413 (-1.3904)  Time:  0.290 (0.011)  Data Time:  0.003 (0.004)
2022-04-08 09:28:03,412:INFO:   Eta: 0:45:29
2022-04-08 09:28:26,569:INFO: Train: [131][2111/2112]  Loss -0.6753 (-1.3000)  Time:  0.299 (0.011)  Data Time:  0.003 (0.004)
2022-04-08 09:28:26,570:INFO:   Eta: 0:45:53
2022-04-08 09:28:50,414:INFO: Train: [132][2111/2112]  Loss -0.6675 (-1.2749)  Time:  0.322 (0.011)  Data Time:  0.005 (0.004)
2022-04-08 09:28:50,415:INFO:   Eta: 0:46:51
2022-04-08 09:29:15,846:INFO: Train: [133][2111/2112]  Loss -0.7432 (-1.3887)  Time:  0.297 (0.012)  Data Time:  0.004 (0.005)
2022-04-08 09:29:15,847:INFO:   Eta: 0:49:33
2022-04-08 09:29:40,818:INFO: Train: [134][2111/2112]  Loss -0.6124 (-1.4145)  Time:  0.294 (0.012)  Data Time:  0.005 (0.005)
2022-04-08 09:29:40,818:INFO:   Eta: 0:48:14
2022-04-08 09:30:06,190:INFO: Train: [135][2111/2112]  Loss -0.6545 (-1.4465)  Time:  0.298 (0.012)  Data Time:  0.004 (0.004)
2022-04-08 09:30:06,190:INFO:   Eta: 0:48:36
2022-04-08 09:30:31,209:INFO: Train: [136][2111/2112]  Loss -0.6335 (-1.3567)  Time:  0.302 (0.012)  Data Time:  0.003 (0.004)
2022-04-08 09:30:31,210:INFO:   Eta: 0:47:30
2022-04-08 09:31:07,089:INFO: Test: [136]  ADE: 0.3294  FDE: 0.4816
2022-04-08 09:31:32,667:INFO: Train: [137][2111/2112]  Loss -0.6610 (-1.2292)  Time:  0.334 (0.012)  Data Time:  0.005 (0.005)
2022-04-08 09:31:32,668:INFO:   Eta: 0:48:08
2022-04-08 09:31:58,011:INFO: Train: [138][2111/2112]  Loss -0.7750 (-1.3842)  Time:  0.332 (0.012)  Data Time:  0.005 (0.004)
2022-04-08 09:31:58,012:INFO:   Eta: 0:47:16
2022-04-08 09:32:23,588:INFO: Train: [139][2111/2112]  Loss -0.6540 (-1.4003)  Time:  0.312 (0.012)  Data Time:  0.004 (0.004)
2022-04-08 09:32:23,589:INFO:   Eta: 0:47:17
2022-04-08 09:32:49,293:INFO: Train: [140][2111/2112]  Loss -0.5118 (-1.3749)  Time:  0.315 (0.012)  Data Time:  0.005 (0.005)
2022-04-08 09:32:49,294:INFO:   Eta: 0:47:06
2022-04-08 09:33:12,566:INFO: Train: [141][2111/2112]  Loss -0.7189 (-1.3536)  Time:  0.285 (0.011)  Data Time:  0.004 (0.004)
2022-04-08 09:33:12,567:INFO:   Eta: 0:42:15
2022-04-08 09:33:35,193:INFO: Train: [142][2111/2112]  Loss -0.7073 (-1.4330)  Time:  0.280 (0.011)  Data Time:  0.003 (0.004)
2022-04-08 09:33:35,194:INFO:   Eta: 0:40:41
2022-04-08 09:33:57,961:INFO: Train: [143][2111/2112]  Loss -0.6452 (-1.3286)  Time:  0.275 (0.011)  Data Time:  0.004 (0.004)
2022-04-08 09:33:57,962:INFO:   Eta: 0:40:34
2022-04-08 09:34:20,658:INFO: Train: [144][2111/2112]  Loss -0.5633 (-1.2381)  Time:  0.287 (0.011)  Data Time:  0.004 (0.004)
2022-04-08 09:34:20,659:INFO:   Eta: 0:40:04
2022-04-08 09:34:45,648:INFO: Train: [145][2111/2112]  Loss -0.6510 (-1.2655)  Time:  0.331 (0.012)  Data Time:  0.005 (0.005)
2022-04-08 09:34:45,649:INFO:   Eta: 0:43:42
2022-04-08 09:35:10,209:INFO: Train: [146][2111/2112]  Loss -0.6317 (-1.3330)  Time:  0.290 (0.012)  Data Time:  0.004 (0.004)
2022-04-08 09:35:10,210:INFO:   Eta: 0:42:32
2022-04-08 09:35:46,400:INFO: Test: [146]  ADE: 0.3517  FDE: 0.5115
2022-04-08 09:36:12,163:INFO: Train: [147][2111/2112]  Loss -0.7524 (-1.4336)  Time:  0.304 (0.012)  Data Time:  0.004 (0.005)
2022-04-08 09:36:12,164:INFO:   Eta: 0:44:11
2022-04-08 09:36:37,805:INFO: Train: [148][2111/2112]  Loss -0.6779 (-1.4642)  Time:  0.271 (0.012)  Data Time:  0.004 (0.005)
2022-04-08 09:36:37,909:INFO:   Eta: 0:43:34
2022-04-08 09:37:03,208:INFO: Train: [149][2111/2112]  Loss -0.7372 (-1.3689)  Time:  0.328 (0.012)  Data Time:  0.004 (0.004)
2022-04-08 09:37:03,209:INFO:   Eta: 0:41:27
2022-04-08 09:37:28,709:INFO: Train: [150][2111/2112]  Loss -0.8662 (-1.5262)  Time:  0.304 (0.012)  Data Time:  0.005 (0.005)
2022-04-08 09:37:28,711:INFO:   Eta: 0:42:28
2022-04-08 09:37:53,897:INFO: Train: [151][2111/2112]  Loss -0.7787 (-1.5194)  Time:  0.317 (0.012)  Data Time:  0.005 (0.004)
2022-04-08 09:37:53,898:INFO:   Eta: 0:41:31
2022-04-08 09:37:57,954:INFO: Valid: [151][500/501]  Loss -3.7334 (-2.2971)
2022-04-08 09:37:57,969:INFO: Checkpoint saved...
2022-04-08 09:38:23,895:INFO: Train: [152][2111/2112]  Loss -0.7908 (-1.5308)  Time:  0.323 (0.012)  Data Time:  0.006 (0.005)
2022-04-08 09:38:23,896:INFO:   Eta: 0:42:18
2022-04-08 09:38:27,916:INFO: Valid: [152][500/501]  Loss -5.7783 (-3.5527)
2022-04-08 09:38:27,932:INFO: Checkpoint saved...
2022-04-08 09:38:51,453:INFO: Train: [153][2111/2112]  Loss -0.7898 (-1.5102)  Time:  0.288 (0.011)  Data Time:  0.004 (0.004)
2022-04-08 09:38:51,454:INFO:   Eta: 0:37:59
2022-04-08 09:38:55,569:INFO: Valid: [153][500/501]  Loss -6.0155 (-3.7209)
2022-04-08 09:38:55,584:INFO: Checkpoint saved...
2022-04-08 09:39:17,994:INFO: Train: [154][2111/2112]  Loss -0.6889 (-1.5538)  Time:  0.291 (0.011)  Data Time:  0.004 (0.004)
2022-04-08 09:39:17,994:INFO:   Eta: 0:35:48
2022-04-08 09:39:21,816:INFO: Valid: [154][500/501]  Loss -4.2619 (-2.6103)
2022-04-08 09:39:44,826:INFO: Train: [155][2111/2112]  Loss -0.8027 (-1.5164)  Time:  0.280 (0.011)  Data Time:  0.004 (0.004)
2022-04-08 09:39:44,827:INFO:   Eta: 0:36:22
2022-04-08 09:39:48,581:INFO: Valid: [155][500/501]  Loss -5.3575 (-3.2622)
2022-04-08 09:40:10,882:INFO: Train: [156][2111/2112]  Loss -0.8024 (-1.5202)  Time:  0.311 (0.011)  Data Time:  0.004 (0.003)
2022-04-08 09:40:10,883:INFO:   Eta: 0:34:53
2022-04-08 09:40:15,050:INFO: Valid: [156][500/501]  Loss -5.8340 (-3.5872)
2022-04-08 09:40:50,519:INFO: Test: [156]  ADE: 0.3303  FDE: 0.5246
2022-04-08 09:41:15,683:INFO: Train: [157][2111/2112]  Loss -0.7023 (-1.4181)  Time:  0.314 (0.012)  Data Time:  0.003 (0.004)
2022-04-08 09:41:15,684:INFO:   Eta: 0:38:58
2022-04-08 09:41:19,973:INFO: Valid: [157][500/501]  Loss -4.5044 (-2.7979)
2022-04-08 09:41:45,977:INFO: Train: [158][2111/2112]  Loss -0.8156 (-1.5527)  Time:  0.312 (0.012)  Data Time:  0.004 (0.005)
2022-04-08 09:41:45,978:INFO:   Eta: 0:39:49
2022-04-08 09:41:50,124:INFO: Valid: [158][500/501]  Loss -6.0353 (-3.6940)
2022-04-08 09:41:50,137:INFO: Checkpoint saved...
2022-04-08 09:42:16,116:INFO: Train: [159][2111/2112]  Loss -0.7829 (-1.5550)  Time:  0.323 (0.012)  Data Time:  0.004 (0.004)
2022-04-08 09:42:16,117:INFO:   Eta: 0:39:21
2022-04-08 09:42:20,226:INFO: Valid: [159][500/501]  Loss -5.2056 (-3.2077)
2022-04-08 09:42:46,076:INFO: Train: [160][2111/2112]  Loss -0.7108 (-1.5474)  Time:  0.320 (0.012)  Data Time:  0.004 (0.005)
2022-04-08 09:42:46,077:INFO:   Eta: 0:38:43
2022-04-08 09:42:50,272:INFO: Valid: [160][500/501]  Loss -4.6198 (-2.7546)
2022-04-08 09:43:16,732:INFO: Train: [161][2111/2112]  Loss -0.8125 (-1.3773)  Time:  0.292 (0.013)  Data Time:  0.003 (0.005)
2022-04-08 09:43:16,733:INFO:   Eta: 0:39:11
2022-04-08 09:43:20,727:INFO: Valid: [161][500/501]  Loss -3.2929 (-2.0423)
2022-04-08 09:43:46,757:INFO: Train: [162][2111/2112]  Loss -0.7559 (-1.5238)  Time:  0.329 (0.012)  Data Time:  0.004 (0.005)
2022-04-08 09:43:46,758:INFO:   Eta: 0:38:08
2022-04-08 09:43:50,939:INFO: Valid: [162][500/501]  Loss -5.3642 (-3.2935)
2022-04-08 09:44:16,776:INFO: Train: [163][2111/2112]  Loss -0.6489 (-1.5507)  Time:  0.339 (0.012)  Data Time:  0.004 (0.004)
2022-04-08 09:44:16,777:INFO:   Eta: 0:37:25
2022-04-08 09:44:20,611:INFO: Valid: [163][500/501]  Loss -4.9885 (-3.0624)
2022-04-08 09:44:43,103:INFO: Train: [164][2111/2112]  Loss -0.7344 (-1.4451)  Time:  0.275 (0.011)  Data Time:  0.003 (0.004)
2022-04-08 09:44:43,104:INFO:   Eta: 0:32:11
2022-04-08 09:44:47,000:INFO: Valid: [164][500/501]  Loss -5.6168 (-3.4127)
2022-04-08 09:45:09,883:INFO: Train: [165][2111/2112]  Loss -0.7323 (-1.4466)  Time:  0.341 (0.011)  Data Time:  0.003 (0.003)
2022-04-08 09:45:09,884:INFO:   Eta: 0:32:22
2022-04-08 09:45:13,777:INFO: Valid: [165][500/501]  Loss -4.1708 (-2.5533)
2022-04-08 09:45:36,887:INFO: Train: [166][2111/2112]  Loss -0.7691 (-1.5343)  Time:  0.273 (0.011)  Data Time:  0.004 (0.003)
2022-04-08 09:45:36,888:INFO:   Eta: 0:32:18
2022-04-08 09:45:40,784:INFO: Valid: [166][500/501]  Loss -5.1141 (-3.1607)
2022-04-08 09:46:16,010:INFO: Test: [166]  ADE: 0.3320  FDE: 0.5026
2022-04-08 09:46:41,796:INFO: Train: [167][2111/2112]  Loss -0.7414 (-1.4258)  Time:  0.316 (0.012)  Data Time:  0.003 (0.004)
2022-04-08 09:46:41,798:INFO:   Eta: 0:35:38
2022-04-08 09:46:45,874:INFO: Valid: [167][500/501]  Loss -5.8164 (-3.5441)
2022-04-08 09:47:11,928:INFO: Train: [168][2111/2112]  Loss -0.7779 (-1.5375)  Time:  0.314 (0.012)  Data Time:  0.004 (0.005)
2022-04-08 09:47:11,929:INFO:   Eta: 0:35:33
2022-04-08 09:47:16,116:INFO: Valid: [168][500/501]  Loss -5.7328 (-3.5018)
2022-04-08 09:47:41,976:INFO: Train: [169][2111/2112]  Loss -0.6438 (-1.5581)  Time:  0.319 (0.012)  Data Time:  0.005 (0.004)
2022-04-08 09:47:41,977:INFO:   Eta: 0:34:52
2022-04-08 09:47:46,066:INFO: Valid: [169][500/501]  Loss -5.4185 (-3.3546)
2022-04-08 09:48:12,359:INFO: Train: [170][2111/2112]  Loss -0.8091 (-1.4657)  Time:  0.350 (0.012)  Data Time:  0.005 (0.005)
2022-04-08 09:48:12,360:INFO:   Eta: 0:35:00
2022-04-08 09:48:16,483:INFO: Valid: [170][500/501]  Loss -5.8677 (-3.5882)
2022-04-08 09:48:42,401:INFO: Train: [171][2111/2112]  Loss -0.8081 (-1.4066)  Time:  0.308 (0.012)  Data Time:  0.005 (0.004)
2022-04-08 09:48:42,402:INFO:   Eta: 0:34:04
2022-04-08 09:48:46,598:INFO: Valid: [171][500/501]  Loss -5.5779 (-3.3839)
2022-04-08 09:49:12,092:INFO: Train: [172][2111/2112]  Loss -0.7635 (-1.4600)  Time:  0.338 (0.012)  Data Time:  0.005 (0.004)
2022-04-08 09:49:12,094:INFO:   Eta: 0:33:05
2022-04-08 09:49:16,260:INFO: Valid: [172][500/501]  Loss -4.0639 (-2.5012)
2022-04-08 09:49:41,988:INFO: Train: [173][2111/2112]  Loss -0.7820 (-1.5809)  Time:  0.300 (0.012)  Data Time:  0.004 (0.004)
2022-04-08 09:49:41,989:INFO:   Eta: 0:32:58
2022-04-08 09:49:46,262:INFO: Valid: [173][500/501]  Loss -5.0383 (-3.0761)
2022-04-08 09:50:09,461:INFO: Train: [174][2111/2112]  Loss -0.8152 (-1.5363)  Time:  0.304 (0.011)  Data Time:  0.003 (0.004)
2022-04-08 09:50:09,463:INFO:   Eta: 0:29:20
2022-04-08 09:50:13,331:INFO: Valid: [174][500/501]  Loss -5.0246 (-3.0606)
2022-04-08 09:50:36,157:INFO: Train: [175][2111/2112]  Loss -0.8036 (-1.5759)  Time:  0.291 (0.011)  Data Time:  0.004 (0.004)
2022-04-08 09:50:36,158:INFO:   Eta: 0:28:29
2022-04-08 09:50:40,047:INFO: Valid: [175][500/501]  Loss -5.7830 (-3.4952)
2022-04-08 09:51:01,814:INFO: Train: [176][2111/2112]  Loss -0.7606 (-1.5493)  Time:  0.282 (0.010)  Data Time:  0.004 (0.003)
2022-04-08 09:51:01,815:INFO:   Eta: 0:26:48
2022-04-08 09:51:05,658:INFO: Valid: [176][500/501]  Loss -5.1094 (-3.0826)
2022-04-08 09:51:38,603:INFO: Test: [176]  ADE: 0.3468  FDE: 0.5497
2022-04-08 09:52:03,795:INFO: Train: [177][2111/2112]  Loss -0.6736 (-1.5779)  Time:  0.292 (0.012)  Data Time:  0.004 (0.004)
2022-04-08 09:52:03,796:INFO:   Eta: 0:30:37
2022-04-08 09:52:07,926:INFO: Valid: [177][500/501]  Loss -5.5353 (-3.3438)
2022-04-08 09:52:33,372:INFO: Train: [178][2111/2112]  Loss -0.7047 (-1.5359)  Time:  0.321 (0.012)  Data Time:  0.004 (0.004)
2022-04-08 09:52:33,436:INFO:   Eta: 0:30:29
2022-04-08 09:52:37,490:INFO: Valid: [178][500/501]  Loss -5.6600 (-3.4117)
2022-04-08 09:53:02,632:INFO: Train: [179][2111/2112]  Loss -0.7976 (-1.5605)  Time:  0.285 (0.012)  Data Time:  0.004 (0.004)
2022-04-08 09:53:02,696:INFO:   Eta: 0:29:03
2022-04-08 09:53:06,780:INFO: Valid: [179][500/501]  Loss -5.0840 (-3.0746)
2022-04-08 09:53:31,635:INFO: Train: [180][2111/2112]  Loss -0.7315 (-1.4346)  Time:  0.318 (0.012)  Data Time:  0.005 (0.004)
2022-04-08 09:53:31,635:INFO:   Eta: 0:28:57
2022-04-08 09:53:35,730:INFO: Valid: [180][500/501]  Loss -5.5680 (-3.3838)
2022-04-08 09:54:00,668:INFO: Train: [181][2111/2112]  Loss -0.7291 (-1.4460)  Time:  0.318 (0.012)  Data Time:  0.004 (0.004)
2022-04-08 09:54:00,669:INFO:   Eta: 0:28:39
2022-04-08 09:54:04,835:INFO: Valid: [181][500/501]  Loss -5.2744 (-3.2312)
2022-04-08 09:54:30,176:INFO: Train: [182][2111/2112]  Loss -0.8266 (-1.5713)  Time:  0.307 (0.012)  Data Time:  0.005 (0.005)
2022-04-08 09:54:30,177:INFO:   Eta: 0:28:40
2022-04-08 09:54:34,312:INFO: Valid: [182][500/501]  Loss -5.4071 (-3.2624)
2022-04-08 09:54:59,070:INFO: Train: [183][2111/2112]  Loss -0.7980 (-1.4862)  Time:  0.326 (0.012)  Data Time:  0.005 (0.004)
2022-04-08 09:54:59,071:INFO:   Eta: 0:27:37
2022-04-08 09:55:03,082:INFO: Valid: [183][500/501]  Loss -4.9069 (-3.0427)
2022-04-08 09:55:28,012:INFO: Train: [184][2111/2112]  Loss -0.8210 (-1.5637)  Time:  0.297 (0.012)  Data Time:  0.005 (0.004)
2022-04-08 09:55:28,013:INFO:   Eta: 0:27:23
2022-04-08 09:55:32,133:INFO: Valid: [184][500/501]  Loss -5.4895 (-3.3479)
2022-04-08 09:55:56,722:INFO: Train: [185][2111/2112]  Loss -0.8812 (-1.5619)  Time:  0.279 (0.012)  Data Time:  0.004 (0.004)
2022-04-08 09:55:56,723:INFO:   Eta: 0:26:36
2022-04-08 09:56:00,471:INFO: Valid: [185][500/501]  Loss -5.8325 (-3.5324)
2022-04-08 09:56:22,904:INFO: Train: [186][2111/2112]  Loss -0.7158 (-1.5090)  Time:  0.290 (0.011)  Data Time:  0.004 (0.004)
2022-04-08 09:56:22,906:INFO:   Eta: 0:23:53
2022-04-08 09:56:27,009:INFO: Valid: [186][500/501]  Loss -5.5706 (-3.4480)
2022-04-08 09:56:59,501:INFO: Test: [186]  ADE: 0.3330  FDE: 0.5077
2022-04-08 09:57:20,251:INFO: Train: [187][2111/2112]  Loss -0.8462 (-1.5235)  Time:  0.322 (0.010)  Data Time:  0.006 (0.003)
2022-04-08 09:57:20,252:INFO:   Eta: 0:21:46
2022-04-08 09:57:24,413:INFO: Valid: [187][500/501]  Loss -5.6023 (-3.4253)
2022-04-08 09:57:47,841:INFO: Train: [188][2111/2112]  Loss -0.8037 (-1.4812)  Time:  0.283 (0.011)  Data Time:  0.004 (0.004)
2022-04-08 09:57:47,841:INFO:   Eta: 0:24:10
2022-04-08 09:57:51,890:INFO: Valid: [188][500/501]  Loss -5.0592 (-3.0871)
2022-04-08 09:58:16,813:INFO: Train: [189][2111/2112]  Loss -0.7330 (-1.5510)  Time:  0.283 (0.012)  Data Time:  0.004 (0.004)
2022-04-08 09:58:16,815:INFO:   Eta: 0:25:18
2022-04-08 09:58:21,083:INFO: Valid: [189][500/501]  Loss -5.6073 (-3.4419)
2022-04-08 09:58:45,894:INFO: Train: [190][2111/2112]  Loss -0.7877 (-1.5509)  Time:  0.308 (0.012)  Data Time:  0.004 (0.005)
2022-04-08 09:58:45,895:INFO:   Eta: 0:24:46
2022-04-08 09:58:50,132:INFO: Valid: [190][500/501]  Loss -5.4103 (-3.3687)
2022-04-08 09:59:14,961:INFO: Train: [191][2111/2112]  Loss -0.8546 (-1.5730)  Time:  0.302 (0.012)  Data Time:  0.005 (0.004)
2022-04-08 09:59:14,962:INFO:   Eta: 0:24:23
2022-04-08 09:59:19,142:INFO: Valid: [191][500/501]  Loss -5.4224 (-3.2475)
2022-04-08 09:59:43,851:INFO: Train: [192][2111/2112]  Loss -0.7085 (-1.5058)  Time:  0.307 (0.012)  Data Time:  0.004 (0.004)
2022-04-08 09:59:43,852:INFO:   Eta: 0:23:51
2022-04-08 09:59:47,800:INFO: Valid: [192][500/501]  Loss -5.9399 (-3.6680)
2022-04-08 10:00:12,456:INFO: Train: [193][2111/2112]  Loss -0.7810 (-1.5458)  Time:  0.307 (0.012)  Data Time:  0.005 (0.004)
2022-04-08 10:00:12,457:INFO:   Eta: 0:23:23
2022-04-08 10:00:16,627:INFO: Valid: [193][500/501]  Loss -6.0415 (-3.6904)
2022-04-08 10:00:16,644:INFO: Checkpoint saved...
2022-04-08 10:00:41,185:INFO: Train: [194][2111/2112]  Loss -0.7350 (-1.5903)  Time:  0.343 (0.012)  Data Time:  0.004 (0.004)
2022-04-08 10:00:41,185:INFO:   Eta: 0:22:52
2022-04-08 10:00:45,090:INFO: Valid: [194][500/501]  Loss -5.7243 (-3.5305)
2022-04-08 10:01:10,028:INFO: Train: [195][2111/2112]  Loss -0.7738 (-1.5294)  Time:  0.301 (0.012)  Data Time:  0.004 (0.005)
2022-04-08 10:01:10,029:INFO:   Eta: 0:22:49
2022-04-08 10:01:14,232:INFO: Valid: [195][500/501]  Loss -5.0896 (-3.1352)
2022-04-08 10:01:39,437:INFO: Train: [196][2111/2112]  Loss -0.7692 (-1.4302)  Time:  0.308 (0.012)  Data Time:  0.005 (0.005)
2022-04-08 10:01:39,438:INFO:   Eta: 0:22:39
2022-04-08 10:01:43,286:INFO: Valid: [196][500/501]  Loss -5.5776 (-3.4103)
2022-04-08 10:02:16,413:INFO: Test: [196]  ADE: 0.3363  FDE: 0.5290
2022-04-08 10:02:37,675:INFO: Train: [197][2111/2112]  Loss -0.7954 (-1.5290)  Time:  0.250 (0.010)  Data Time:  0.003 (0.003)
2022-04-08 10:02:37,676:INFO:   Eta: 0:18:45
2022-04-08 10:02:41,498:INFO: Valid: [197][500/501]  Loss -5.3213 (-3.2339)
2022-04-08 10:03:01,555:INFO: Train: [198][2111/2112]  Loss -0.7736 (-1.5644)  Time:  0.269 (0.009)  Data Time:  0.003 (0.003)
2022-04-08 10:03:01,556:INFO:   Eta: 0:17:21
2022-04-08 10:03:05,417:INFO: Valid: [198][500/501]  Loss -3.6403 (-2.2149)
2022-04-08 10:03:27,259:INFO: Train: [199][2111/2112]  Loss -0.6866 (-1.5928)  Time:  0.252 (0.010)  Data Time:  0.003 (0.004)
2022-04-08 10:03:27,260:INFO:   Eta: 0:18:32
2022-04-08 10:03:31,011:INFO: Valid: [199][500/501]  Loss -5.5451 (-3.3913)
2022-04-08 10:03:55,382:INFO: Train: [200][2111/2112]  Loss -0.7996 (-1.5730)  Time:  0.315 (0.012)  Data Time:  0.005 (0.005)
2022-04-08 10:03:55,383:INFO:   Eta: 0:20:16
2022-04-08 10:03:59,297:INFO: Valid: [200][500/501]  Loss -4.2890 (-2.6112)
2022-04-08 10:04:24,084:INFO: Train: [201][2111/2112]  Loss -0.7107 (-1.5056)  Time:  0.307 (0.012)  Data Time:  0.004 (0.004)
2022-04-08 10:04:24,085:INFO:   Eta: 0:20:13
2022-04-08 10:04:28,059:INFO: Valid: [201][500/501]  Loss -5.9276 (-3.6060)
2022-04-08 10:04:52,967:INFO: Train: [202][2111/2112]  Loss -0.8169 (-1.5978)  Time:  0.312 (0.012)  Data Time:  0.005 (0.004)
2022-04-08 10:04:52,967:INFO:   Eta: 0:19:54
2022-04-08 10:04:57,075:INFO: Valid: [202][500/501]  Loss -6.1063 (-3.7301)
2022-04-08 10:04:57,092:INFO: Checkpoint saved...
2022-04-08 10:05:22,070:INFO: Train: [203][2111/2112]  Loss -0.8613 (-1.5292)  Time:  0.311 (0.012)  Data Time:  0.004 (0.004)
2022-04-08 10:05:22,071:INFO:   Eta: 0:19:32
2022-04-08 10:05:26,117:INFO: Valid: [203][500/501]  Loss -5.2286 (-3.1782)
2022-04-08 10:05:51,438:INFO: Train: [204][2111/2112]  Loss -0.8077 (-1.5893)  Time:  0.320 (0.012)  Data Time:  0.004 (0.005)
2022-04-08 10:05:51,439:INFO:   Eta: 0:19:23
2022-04-08 10:05:55,565:INFO: Valid: [204][500/501]  Loss -4.6072 (-2.8333)
2022-04-08 10:06:20,632:INFO: Train: [205][2111/2112]  Loss -0.8188 (-1.5554)  Time:  0.296 (0.012)  Data Time:  0.004 (0.004)
2022-04-08 10:06:20,633:INFO:   Eta: 0:18:46
2022-04-08 10:06:24,857:INFO: Valid: [205][500/501]  Loss -5.3394 (-3.2091)
2022-04-08 10:06:49,418:INFO: Train: [206][2111/2112]  Loss -0.7575 (-1.5994)  Time:  0.292 (0.012)  Data Time:  0.004 (0.004)
2022-04-08 10:06:49,420:INFO:   Eta: 0:17:59
2022-04-08 10:06:53,672:INFO: Valid: [206][500/501]  Loss -4.8325 (-2.9086)
2022-04-08 10:07:28,687:INFO: Test: [206]  ADE: 0.3511  FDE: 0.5214
2022-04-08 10:07:53,767:INFO: Train: [207][2111/2112]  Loss -0.7549 (-1.4593)  Time:  0.306 (0.012)  Data Time:  0.005 (0.005)
2022-04-08 10:07:53,768:INFO:   Eta: 0:17:57
2022-04-08 10:07:57,892:INFO: Valid: [207][500/501]  Loss -5.2113 (-3.2155)
2022-04-08 10:08:22,369:INFO: Train: [208][2111/2112]  Loss -0.8408 (-1.5343)  Time:  0.230 (0.012)  Data Time:  0.002 (0.004)
2022-04-08 10:08:22,370:INFO:   Eta: 0:17:06
2022-04-08 10:08:26,303:INFO: Valid: [208][500/501]  Loss -5.2981 (-3.2247)
2022-04-08 10:08:46,513:INFO: Train: [209][2111/2112]  Loss -0.6879 (-1.6121)  Time:  0.258 (0.010)  Data Time:  0.003 (0.003)
2022-04-08 10:08:46,627:INFO:   Eta: 0:13:46
2022-04-08 10:08:50,642:INFO: Valid: [209][500/501]  Loss -5.7995 (-3.5181)
2022-04-08 10:09:12,861:INFO: Train: [210][2111/2112]  Loss -0.7183 (-1.5997)  Time:  0.254 (0.010)  Data Time:  0.003 (0.003)
2022-04-08 10:09:12,916:INFO:   Eta: 0:14:23
2022-04-08 10:09:16,897:INFO: Valid: [210][500/501]  Loss -5.7246 (-3.5069)
2022-04-08 10:09:38,720:INFO: Train: [211][2111/2112]  Loss -0.7941 (-1.5864)  Time:  0.306 (0.010)  Data Time:  0.003 (0.003)
2022-04-08 10:09:38,720:INFO:   Eta: 0:13:41
2022-04-08 10:09:42,537:INFO: Valid: [211][500/501]  Loss -5.7536 (-3.5445)
2022-04-08 10:10:06,568:INFO: Train: [212][2111/2112]  Loss -0.8438 (-1.5823)  Time:  0.284 (0.011)  Data Time:  0.004 (0.004)
2022-04-08 10:10:06,568:INFO:   Eta: 0:15:11
2022-04-08 10:10:10,618:INFO: Valid: [212][500/501]  Loss -4.3088 (-2.6378)
2022-04-08 10:10:35,413:INFO: Train: [213][2111/2112]  Loss -0.7028 (-1.6247)  Time:  0.300 (0.012)  Data Time:  0.004 (0.004)
2022-04-08 10:10:35,414:INFO:   Eta: 0:15:16
2022-04-08 10:10:39,447:INFO: Valid: [213][500/501]  Loss -5.8605 (-3.5769)
2022-04-08 10:11:04,304:INFO: Train: [214][2111/2112]  Loss -0.8036 (-1.5071)  Time:  0.316 (0.012)  Data Time:  0.005 (0.005)
2022-04-08 10:11:04,305:INFO:   Eta: 0:14:53
2022-04-08 10:11:08,379:INFO: Valid: [214][500/501]  Loss -5.4833 (-3.3510)
2022-04-08 10:11:33,805:INFO: Train: [215][2111/2112]  Loss -0.8390 (-1.4880)  Time:  0.329 (0.012)  Data Time:  0.004 (0.005)
2022-04-08 10:11:33,806:INFO:   Eta: 0:14:48
2022-04-08 10:11:38,126:INFO: Valid: [215][500/501]  Loss -5.1598 (-3.0898)
2022-04-08 10:12:02,961:INFO: Train: [216][2111/2112]  Loss -0.8234 (-1.5926)  Time:  0.317 (0.012)  Data Time:  0.004 (0.004)
2022-04-08 10:12:02,963:INFO:   Eta: 0:14:03
2022-04-08 10:12:07,226:INFO: Valid: [216][500/501]  Loss -4.8278 (-2.9562)
2022-04-08 10:12:42,048:INFO: Test: [216]  ADE: 0.3506  FDE: 0.5490
2022-04-08 10:13:06,820:INFO: Train: [217][2111/2112]  Loss -0.7965 (-1.5653)  Time:  0.281 (0.012)  Data Time:  0.004 (0.004)
2022-04-08 10:13:06,821:INFO:   Eta: 0:13:36
2022-04-08 10:13:10,860:INFO: Valid: [217][500/501]  Loss -4.7907 (-2.9112)
2022-04-08 10:13:35,670:INFO: Train: [218][2111/2112]  Loss -0.7618 (-1.5755)  Time:  0.296 (0.012)  Data Time:  0.004 (0.004)
2022-04-08 10:13:35,670:INFO:   Eta: 0:13:12
2022-04-08 10:13:39,761:INFO: Valid: [218][500/501]  Loss -5.4667 (-3.3442)
2022-04-08 10:14:04,053:INFO: Train: [219][2111/2112]  Loss -0.7280 (-1.5964)  Time:  0.285 (0.011)  Data Time:  0.004 (0.004)
2022-04-08 10:14:04,054:INFO:   Eta: 0:12:32
2022-04-08 10:14:08,064:INFO: Valid: [219][500/501]  Loss -5.3550 (-3.2837)
2022-04-08 10:14:32,508:INFO: Train: [220][2111/2112]  Loss -0.7741 (-1.5886)  Time:  0.327 (0.012)  Data Time:  0.005 (0.004)
2022-04-08 10:14:32,509:INFO:   Eta: 0:12:12
2022-04-08 10:14:36,585:INFO: Valid: [220][500/501]  Loss -6.0228 (-3.6906)
2022-04-08 10:14:58,212:INFO: Train: [221][2111/2112]  Loss -0.7557 (-1.6022)  Time:  0.257 (0.010)  Data Time:  0.004 (0.003)
2022-04-08 10:14:58,213:INFO:   Eta: 0:10:26
2022-04-08 10:15:01,884:INFO: Valid: [221][500/501]  Loss -5.3192 (-3.2652)
2022-04-08 10:15:23,474:INFO: Train: [222][2111/2112]  Loss -0.8305 (-1.5857)  Time:  0.274 (0.010)  Data Time:  0.004 (0.003)
2022-04-08 10:15:23,474:INFO:   Eta: 0:10:03
2022-04-08 10:15:27,220:INFO: Valid: [222][500/501]  Loss -6.1035 (-3.7255)
2022-04-08 10:15:48,675:INFO: Train: [223][2111/2112]  Loss -0.8539 (-1.4728)  Time:  0.290 (0.010)  Data Time:  0.003 (0.003)
2022-04-08 10:15:48,676:INFO:   Eta: 0:09:38
2022-04-08 10:15:52,798:INFO: Valid: [223][500/501]  Loss -5.1610 (-3.1061)
2022-04-08 10:16:15,362:INFO: Train: [224][2111/2112]  Loss -0.8020 (-1.5860)  Time:  0.290 (0.011)  Data Time:  0.004 (0.004)
2022-04-08 10:16:15,363:INFO:   Eta: 0:09:45
2022-04-08 10:16:19,725:INFO: Valid: [224][500/501]  Loss -4.9432 (-3.0010)
2022-04-08 10:16:44,085:INFO: Train: [225][2111/2112]  Loss -0.8259 (-1.6136)  Time:  0.296 (0.012)  Data Time:  0.004 (0.004)
2022-04-08 10:16:44,086:INFO:   Eta: 0:10:08
2022-04-08 10:16:48,149:INFO: Valid: [225][500/501]  Loss -5.5753 (-3.3889)
2022-04-08 10:17:13,244:INFO: Train: [226][2111/2112]  Loss -0.8112 (-1.5831)  Time:  0.309 (0.012)  Data Time:  0.006 (0.005)
2022-04-08 10:17:13,245:INFO:   Eta: 0:10:01
2022-04-08 10:17:17,463:INFO: Valid: [226][500/501]  Loss -5.2631 (-3.2132)
2022-04-08 10:17:52,342:INFO: Test: [226]  ADE: 0.3276  FDE: 0.5070
2022-04-08 10:18:17,099:INFO: Train: [227][2111/2112]  Loss -0.6783 (-1.6097)  Time:  0.306 (0.012)  Data Time:  0.004 (0.004)
2022-04-08 10:18:17,100:INFO:   Eta: 0:09:28
2022-04-08 10:18:21,281:INFO: Valid: [227][500/501]  Loss -5.9530 (-3.6657)
2022-04-08 10:18:46,041:INFO: Train: [228][2111/2112]  Loss -0.7017 (-1.4817)  Time:  0.337 (0.012)  Data Time:  0.004 (0.004)
2022-04-08 10:18:46,043:INFO:   Eta: 0:09:04
2022-04-08 10:18:50,200:INFO: Valid: [228][500/501]  Loss -5.6562 (-3.4497)
2022-04-08 10:19:14,504:INFO: Train: [229][2111/2112]  Loss -0.8553 (-1.5868)  Time:  0.290 (0.011)  Data Time:  0.004 (0.004)
2022-04-08 10:19:14,505:INFO:   Eta: 0:08:29
2022-04-08 10:19:18,645:INFO: Valid: [229][500/501]  Loss -4.8389 (-2.9001)
2022-04-08 10:19:41,934:INFO: Train: [230][2111/2112]  Loss -0.7744 (-1.6071)  Time:  0.276 (0.011)  Data Time:  0.003 (0.004)
2022-04-08 10:19:41,935:INFO:   Eta: 0:07:45
2022-04-08 10:19:45,965:INFO: Valid: [230][500/501]  Loss -6.0031 (-3.6717)
2022-04-08 10:20:11,122:INFO: Train: [231][2111/2112]  Loss -0.7957 (-1.5999)  Time:  0.283 (0.012)  Data Time:  0.003 (0.005)
2022-04-08 10:20:11,123:INFO:   Eta: 0:07:57
2022-04-08 10:20:15,046:INFO: Valid: [231][500/501]  Loss -5.2181 (-3.1768)
2022-04-08 10:20:39,847:INFO: Train: [232][2111/2112]  Loss -0.8790 (-1.6000)  Time:  0.309 (0.012)  Data Time:  0.005 (0.005)
2022-04-08 10:20:39,849:INFO:   Eta: 0:07:25
2022-04-08 10:20:43,831:INFO: Valid: [232][500/501]  Loss -4.4327 (-2.6679)
2022-04-08 10:21:05,840:INFO: Train: [233][2111/2112]  Loss -0.8140 (-1.5929)  Time:  0.276 (0.010)  Data Time:  0.003 (0.004)
2022-04-08 10:21:05,841:INFO:   Eta: 0:06:13
2022-04-08 10:21:09,775:INFO: Valid: [233][500/501]  Loss -4.9461 (-2.9769)
2022-04-08 10:21:30,633:INFO: Train: [234][2111/2112]  Loss -0.7970 (-1.6129)  Time:  0.252 (0.010)  Data Time:  0.003 (0.003)
2022-04-08 10:21:30,634:INFO:   Eta: 0:05:33
2022-04-08 10:21:34,636:INFO: Valid: [234][500/501]  Loss -5.2684 (-3.2161)
2022-04-08 10:21:56,438:INFO: Train: [235][2111/2112]  Loss -0.8564 (-1.5868)  Time:  0.277 (0.010)  Data Time:  0.003 (0.004)
2022-04-08 10:21:56,439:INFO:   Eta: 0:05:26
2022-04-08 10:22:00,261:INFO: Valid: [235][500/501]  Loss -5.6922 (-3.4904)
2022-04-08 10:22:22,207:INFO: Train: [236][2111/2112]  Loss -0.8965 (-1.6054)  Time:  0.277 (0.010)  Data Time:  0.003 (0.004)
2022-04-08 10:22:22,208:INFO:   Eta: 0:05:06
2022-04-08 10:22:26,395:INFO: Valid: [236][500/501]  Loss -4.5240 (-2.6567)
2022-04-08 10:23:01,378:INFO: Test: [236]  ADE: 0.3889  FDE: 0.6060
2022-04-08 10:23:25,947:INFO: Train: [237][2111/2112]  Loss -0.7073 (-1.5977)  Time:  0.316 (0.012)  Data Time:  0.005 (0.004)
2022-04-08 10:23:25,948:INFO:   Eta: 0:05:19
2022-04-08 10:23:30,059:INFO: Valid: [237][500/501]  Loss -5.8794 (-3.6067)
2022-04-08 10:23:54,288:INFO: Train: [238][2111/2112]  Loss -0.7782 (-1.6072)  Time:  0.310 (0.011)  Data Time:  0.005 (0.004)
2022-04-08 10:23:54,289:INFO:   Eta: 0:04:50
2022-04-08 10:23:58,363:INFO: Valid: [238][500/501]  Loss -5.6065 (-3.4288)
2022-04-08 10:24:22,843:INFO: Train: [239][2111/2112]  Loss -0.7934 (-1.5751)  Time:  0.319 (0.012)  Data Time:  0.004 (0.004)
2022-04-08 10:24:22,845:INFO:   Eta: 0:04:28
2022-04-08 10:24:26,771:INFO: Valid: [239][500/501]  Loss -5.9932 (-3.7101)
2022-04-08 10:24:51,315:INFO: Train: [240][2111/2112]  Loss -0.7762 (-1.6162)  Time:  0.311 (0.012)  Data Time:  0.010 (0.004)
2022-04-08 10:24:51,615:INFO:   Eta: 0:04:05
2022-04-08 10:24:55,982:INFO: Valid: [240][500/501]  Loss -5.3715 (-3.2791)
2022-04-08 10:25:17,875:INFO: Train: [241][2111/2112]  Loss -0.8418 (-1.4944)  Time:  0.277 (0.010)  Data Time:  0.003 (0.003)
2022-04-08 10:25:18,304:INFO:   Eta: 0:03:11
2022-04-08 10:25:23,032:INFO: Valid: [241][500/501]  Loss -6.0668 (-3.7177)
2022-04-08 10:25:48,610:INFO: Train: [242][2111/2112]  Loss -0.7668 (-1.4679)  Time:  0.323 (0.011)  Data Time:  0.004 (0.004)
2022-04-08 10:25:48,777:INFO:   Eta: 0:03:04
2022-04-08 10:25:52,675:INFO: Valid: [242][500/501]  Loss -5.4103 (-3.3261)
2022-04-08 10:26:19,524:INFO: Train: [243][2111/2112]  Loss -0.7547 (-1.5848)  Time:  0.303 (0.012)  Data Time:  0.004 (0.005)
2022-04-08 10:26:19,525:INFO:   Eta: 0:02:52
2022-04-08 10:26:23,663:INFO: Valid: [243][500/501]  Loss -5.3776 (-3.3120)
2022-04-08 10:26:48,638:INFO: Train: [244][2111/2112]  Loss -0.7784 (-1.5662)  Time:  0.294 (0.012)  Data Time:  0.004 (0.004)
2022-04-08 10:26:48,639:INFO:   Eta: 0:02:29
2022-04-08 10:26:52,583:INFO: Valid: [244][500/501]  Loss -4.7950 (-2.8647)
2022-04-08 10:27:15,820:INFO: Train: [245][2111/2112]  Loss -0.7044 (-1.5770)  Time:  0.250 (0.011)  Data Time:  0.003 (0.004)
2022-04-08 10:27:15,821:INFO:   Eta: 0:01:56
2022-04-08 10:27:19,562:INFO: Valid: [245][500/501]  Loss -5.7779 (-3.5867)
2022-04-08 10:27:40,776:INFO: Train: [246][2111/2112]  Loss -0.7630 (-1.5871)  Time:  0.293 (0.010)  Data Time:  0.004 (0.003)
2022-04-08 10:27:40,777:INFO:   Eta: 0:01:24
2022-04-08 10:27:44,805:INFO: Valid: [246][500/501]  Loss -6.0192 (-3.6977)
2022-04-08 10:28:18,382:INFO: Test: [246]  ADE: 0.3254  FDE: 0.5200
2022-04-08 10:28:40,213:INFO: Train: [247][2111/2112]  Loss -0.8618 (-1.5535)  Time:  0.306 (0.010)  Data Time:  0.005 (0.004)
2022-04-08 10:28:40,214:INFO:   Eta: 0:01:05
2022-04-08 10:28:44,462:INFO: Valid: [247][500/501]  Loss -5.7249 (-3.4759)
2022-04-08 10:29:09,505:INFO: Train: [248][2111/2112]  Loss -0.7792 (-1.6121)  Time:  0.283 (0.012)  Data Time:  0.004 (0.005)
2022-04-08 10:29:09,507:INFO:   Eta: 0:00:50
2022-04-08 10:29:13,676:INFO: Valid: [248][500/501]  Loss -5.6191 (-3.4817)
2022-04-08 10:29:38,135:INFO: Train: [249][2111/2112]  Loss -0.7653 (-1.5978)  Time:  0.299 (0.012)  Data Time:  0.004 (0.004)
2022-04-08 10:29:38,136:INFO:   Eta: 0:00:24
2022-04-08 10:29:42,329:INFO: Valid: [249][500/501]  Loss -6.1397 (-3.7902)
2022-04-08 10:29:42,337:INFO: Checkpoint saved...
