2022-04-08 03:56:54,321:INFO: batch_size=128
2022-04-08 03:56:54,321:INFO: clip_grad=None
2022-04-08 03:56:54,321:INFO: dataset=hotel
2022-04-08 03:56:54,321:INFO: drop=0.3
2022-04-08 03:56:54,321:INFO: gpu_num=0
2022-04-08 03:56:54,321:INFO: input_size=2
2022-04-08 03:56:54,321:INFO: kernel_size=3
2022-04-08 03:56:54,321:INFO: lr=0.01
2022-04-08 03:56:54,322:INFO: lr_sh_rate=150
2022-04-08 03:56:54,322:INFO: model=social_stgcnn9
2022-04-08 03:56:54,322:INFO: n_stgcnn=1
2022-04-08 03:56:54,322:INFO: n_txpcnn=5
2022-04-08 03:56:54,322:INFO: num_epochs=250
2022-04-08 03:56:54,322:INFO: obs_seq_len=8
2022-04-08 03:56:54,322:INFO: output_size=5
2022-04-08 03:56:54,322:INFO: pred_seq_len=12
2022-04-08 03:56:54,322:INFO: seed=0
2022-04-08 03:56:54,322:INFO: tag=hotel
2022-04-08 03:56:54,322:INFO: use_lrschd=True
2022-04-08 03:56:54,322:INFO: ******************************
2022-04-08 03:56:54,322:INFO: Training initiating....
2022-04-08 03:56:54,322:INFO: Namespace(batch_size=128, clip_grad=None, dataset='hotel', drop=0.3, gpu_num='0', input_size=2, kernel_size=3, lr=0.01, lr_sh_rate=150, model='social_stgcnn9', n_stgcnn=1, n_txpcnn=5, num_epochs=250, obs_seq_len=8, output_size=5, pred_seq_len=12, seed=0, tag='hotel', use_lrschd=True)
2022-04-08 03:56:54,328:INFO: Initializing train dataset
2022-04-08 03:57:03,730:INFO: Initializing val dataset
2022-04-08 03:57:27,259:INFO: social_stgcnn9
2022-04-08 03:57:27,259:INFO: Data and model loaded
2022-04-08 03:57:27,260:INFO: Checkpoint dir: ./runs/Apr08_03-56-54_node06/hotel/checkpoint
2022-04-08 03:57:27,260:INFO: Training started ...
2022-04-08 03:58:27,678:INFO: Train: [0][2593/2594]  Loss 0.2186 (1.3552)  Time:  0.345 (0.023)  Data Time:  0.014 (0.011)
2022-04-08 03:58:27,679:INFO:   Eta: 4:11:42
2022-04-08 03:59:18,272:INFO: Train: [1][2593/2594]  Loss 0.0795 (0.6480)  Time:  0.243 (0.019)  Data Time:  0.005 (0.009)
2022-04-08 03:59:18,274:INFO:   Eta: 3:29:53
2022-04-08 04:00:02,069:INFO: Train: [2][2593/2594]  Loss 0.0466 (0.3411)  Time:  0.268 (0.017)  Data Time:  0.011 (0.008)
2022-04-08 04:00:02,070:INFO:   Eta: 3:00:56
2022-04-08 04:00:54,552:INFO: Train: [3][2593/2594]  Loss 0.0071 (0.1744)  Time:  0.361 (0.020)  Data Time:  0.015 (0.009)
2022-04-08 04:00:54,554:INFO:   Eta: 3:35:58
2022-04-08 04:01:55,235:INFO: Train: [4][2593/2594]  Loss -0.0574 (0.1306)  Time:  0.236 (0.023)  Data Time:  0.005 (0.012)
2022-04-08 04:01:55,235:INFO:   Eta: 4:08:43
2022-04-08 04:02:35,079:INFO: Train: [5][2593/2594]  Loss 0.1664 (0.0728)  Time:  0.191 (0.015)  Data Time:  0.003 (0.007)
2022-04-08 04:02:35,081:INFO:   Eta: 2:42:38
2022-04-08 04:03:08,331:INFO: Train: [6][2593/2594]  Loss -0.0989 (0.1054)  Time:  0.210 (0.013)  Data Time:  0.010 (0.005)
2022-04-08 04:03:08,332:INFO:   Eta: 2:15:08
2022-04-08 04:03:19,521:INFO: Test: [6]  ADE: 1.1567  FDE: 1.7269
2022-04-08 04:04:23,685:INFO: Train: [7][2593/2594]  Loss -0.1342 (-0.2651)  Time:  0.361 (0.025)  Data Time:  0.014 (0.013)
2022-04-08 04:04:23,685:INFO:   Eta: 4:19:46
2022-04-08 04:05:09,896:INFO: Train: [8][2593/2594]  Loss -0.1589 (-0.3173)  Time:  0.269 (0.018)  Data Time:  0.010 (0.008)
2022-04-08 04:05:09,897:INFO:   Eta: 3:06:18
2022-04-08 04:05:54,690:INFO: Train: [9][2593/2594]  Loss 0.0236 (-0.2631)  Time:  0.236 (0.017)  Data Time:  0.011 (0.008)
2022-04-08 04:05:54,692:INFO:   Eta: 2:59:51
2022-04-08 04:06:54,922:INFO: Train: [10][2593/2594]  Loss -0.0468 (-0.1972)  Time:  0.348 (0.023)  Data Time:  0.013 (0.011)
2022-04-08 04:06:54,923:INFO:   Eta: 4:00:50
2022-04-08 04:07:49,251:INFO: Train: [11][2593/2594]  Loss -0.1244 (-0.3402)  Time:  0.337 (0.021)  Data Time:  0.007 (0.010)
2022-04-08 04:07:49,252:INFO:   Eta: 3:36:20
2022-04-08 04:08:33,754:INFO: Train: [12][2593/2594]  Loss -0.1999 (-0.4840)  Time:  0.257 (0.017)  Data Time:  0.005 (0.008)
2022-04-08 04:08:33,756:INFO:   Eta: 2:56:27
2022-04-08 04:09:27,025:INFO: Train: [13][2593/2594]  Loss 0.0313 (-0.5904)  Time:  0.340 (0.021)  Data Time:  0.014 (0.010)
2022-04-08 04:09:27,026:INFO:   Eta: 3:30:19
2022-04-08 04:10:24,065:INFO: Train: [14][2593/2594]  Loss -0.1569 (-0.5305)  Time:  0.214 (0.022)  Data Time:  0.009 (0.011)
2022-04-08 04:10:24,066:INFO:   Eta: 3:44:17
2022-04-08 04:11:02,397:INFO: Train: [15][2593/2594]  Loss -0.2054 (-0.5497)  Time:  0.235 (0.015)  Data Time:  0.003 (0.006)
2022-04-08 04:11:02,398:INFO:   Eta: 2:30:03
2022-04-08 04:11:40,482:INFO: Train: [16][2593/2594]  Loss -0.1381 (-0.4686)  Time:  0.172 (0.015)  Data Time:  0.003 (0.006)
2022-04-08 04:11:40,557:INFO:   Eta: 2:28:27
2022-04-08 04:11:51,420:INFO: Test: [16]  ADE: 0.9371  FDE: 1.3891
2022-04-08 04:12:32,368:INFO: Train: [17][2593/2594]  Loss -0.2164 (-0.6116)  Time:  0.347 (0.016)  Data Time:  0.015 (0.007)
2022-04-08 04:12:32,370:INFO:   Eta: 2:36:11
2022-04-08 04:13:33,151:INFO: Train: [18][2593/2594]  Loss -0.0211 (-0.7160)  Time:  0.225 (0.023)  Data Time:  0.004 (0.012)
2022-04-08 04:13:33,151:INFO:   Eta: 3:54:57
2022-04-08 04:14:16,460:INFO: Train: [19][2593/2594]  Loss -0.2112 (-0.5858)  Time:  0.203 (0.017)  Data Time:  0.006 (0.007)
2022-04-08 04:14:16,461:INFO:   Eta: 2:46:40
2022-04-08 04:15:00,013:INFO: Train: [20][2593/2594]  Loss -0.1138 (-0.7391)  Time:  0.232 (0.017)  Data Time:  0.011 (0.007)
2022-04-08 04:15:00,013:INFO:   Eta: 2:46:53
2022-04-08 04:15:32,465:INFO: Train: [21][2593/2594]  Loss -0.1744 (-0.6971)  Time:  0.173 (0.013)  Data Time:  0.005 (0.005)
2022-04-08 04:15:32,466:INFO:   Eta: 2:03:48
2022-04-08 04:16:03,641:INFO: Train: [22][2593/2594]  Loss -0.2867 (-0.8428)  Time:  0.161 (0.012)  Data Time:  0.005 (0.005)
2022-04-08 04:16:03,642:INFO:   Eta: 1:58:24
2022-04-08 04:16:32,366:INFO: Train: [23][2593/2594]  Loss -0.2282 (-0.7870)  Time:  0.161 (0.011)  Data Time:  0.004 (0.004)
2022-04-08 04:16:32,367:INFO:   Eta: 1:48:37
2022-04-08 04:17:01,243:INFO: Train: [24][2593/2594]  Loss -0.2266 (-0.8222)  Time:  0.150 (0.011)  Data Time:  0.003 (0.004)
2022-04-08 04:17:01,244:INFO:   Eta: 1:48:42
2022-04-08 04:17:31,077:INFO: Train: [25][2593/2594]  Loss -0.1684 (-0.8796)  Time:  0.144 (0.011)  Data Time:  0.004 (0.004)
2022-04-08 04:17:31,078:INFO:   Eta: 1:51:49
2022-04-08 04:17:57,703:INFO: Train: [26][2593/2594]  Loss -0.2085 (-0.8974)  Time:  0.145 (0.010)  Data Time:  0.003 (0.004)
2022-04-08 04:17:57,704:INFO:   Eta: 1:39:21
2022-04-08 04:18:05,975:INFO: Test: [26]  ADE: 0.7982  FDE: 1.2439
2022-04-08 04:18:33,640:INFO: Train: [27][2593/2594]  Loss -0.1876 (-0.8956)  Time:  0.150 (0.011)  Data Time:  0.003 (0.004)
2022-04-08 04:18:33,641:INFO:   Eta: 1:42:46
2022-04-08 04:19:01,704:INFO: Train: [28][2593/2594]  Loss -0.2392 (-0.9219)  Time:  0.156 (0.011)  Data Time:  0.004 (0.004)
2022-04-08 04:19:01,705:INFO:   Eta: 1:43:47
2022-04-08 04:19:31,623:INFO: Train: [29][2593/2594]  Loss -0.1628 (-0.8621)  Time:  0.163 (0.012)  Data Time:  0.005 (0.004)
2022-04-08 04:19:31,624:INFO:   Eta: 1:50:09
2022-04-08 04:20:02,308:INFO: Train: [30][2593/2594]  Loss -0.2470 (-0.9287)  Time:  0.159 (0.012)  Data Time:  0.005 (0.005)
2022-04-08 04:20:02,311:INFO:   Eta: 1:52:27
2022-04-08 04:20:33,339:INFO: Train: [31][2593/2594]  Loss -0.1406 (-0.9372)  Time:  0.168 (0.012)  Data Time:  0.005 (0.005)
2022-04-08 04:20:33,341:INFO:   Eta: 1:53:11
2022-04-08 04:21:02,535:INFO: Train: [32][2593/2594]  Loss -0.2798 (-0.9384)  Time:  0.146 (0.011)  Data Time:  0.004 (0.004)
2022-04-08 04:21:02,536:INFO:   Eta: 1:46:01
2022-04-08 04:21:32,661:INFO: Train: [33][2593/2594]  Loss -0.2870 (-0.9678)  Time:  0.174 (0.012)  Data Time:  0.005 (0.004)
2022-04-08 04:21:32,662:INFO:   Eta: 1:48:54
2022-04-08 04:22:02,562:INFO: Train: [34][2593/2594]  Loss -0.2668 (-0.9582)  Time:  0.164 (0.012)  Data Time:  0.004 (0.004)
2022-04-08 04:22:02,563:INFO:   Eta: 1:47:35
2022-04-08 04:22:33,632:INFO: Train: [35][2593/2594]  Loss -0.3256 (-0.9679)  Time:  0.169 (0.012)  Data Time:  0.005 (0.005)
2022-04-08 04:22:33,633:INFO:   Eta: 1:51:16
2022-04-08 04:23:04,529:INFO: Train: [36][2593/2594]  Loss -0.2508 (-0.9911)  Time:  0.154 (0.012)  Data Time:  0.004 (0.005)
2022-04-08 04:23:04,530:INFO:   Eta: 1:50:08
2022-04-08 04:23:12,684:INFO: Test: [36]  ADE: 0.6235  FDE: 0.9403
2022-04-08 04:23:39,916:INFO: Train: [37][2593/2594]  Loss -0.3828 (-1.0691)  Time:  0.148 (0.010)  Data Time:  0.004 (0.004)
2022-04-08 04:23:39,918:INFO:   Eta: 1:36:37
2022-04-08 04:24:06,816:INFO: Train: [38][2593/2594]  Loss -0.2778 (-1.0890)  Time:  0.154 (0.010)  Data Time:  0.003 (0.004)
2022-04-08 04:24:06,817:INFO:   Eta: 1:34:59
2022-04-08 04:24:35,606:INFO: Train: [39][2593/2594]  Loss -0.2665 (-1.0075)  Time:  0.184 (0.011)  Data Time:  0.005 (0.004)
2022-04-08 04:24:35,607:INFO:   Eta: 1:41:11
2022-04-08 04:25:06,580:INFO: Train: [40][2593/2594]  Loss -0.0644 (-1.1108)  Time:  0.163 (0.012)  Data Time:  0.005 (0.005)
2022-04-08 04:25:06,582:INFO:   Eta: 1:48:21
2022-04-08 04:25:35,760:INFO: Train: [41][2593/2594]  Loss -0.2563 (-1.0340)  Time:  0.155 (0.011)  Data Time:  0.004 (0.004)
2022-04-08 04:25:35,761:INFO:   Eta: 1:41:34
2022-04-08 04:26:05,750:INFO: Train: [42][2593/2594]  Loss -0.3043 (-1.0746)  Time:  0.179 (0.012)  Data Time:  0.004 (0.004)
2022-04-08 04:26:05,751:INFO:   Eta: 1:43:54
2022-04-08 04:26:35,637:INFO: Train: [43][2593/2594]  Loss -0.3516 (-1.1539)  Time:  0.172 (0.012)  Data Time:  0.005 (0.004)
2022-04-08 04:26:35,637:INFO:   Eta: 1:43:02
2022-04-08 04:27:06,683:INFO: Train: [44][2593/2594]  Loss -0.2617 (-1.1134)  Time:  0.164 (0.012)  Data Time:  0.005 (0.005)
2022-04-08 04:27:06,684:INFO:   Eta: 1:46:32
2022-04-08 04:27:38,025:INFO: Train: [45][2593/2594]  Loss -0.1790 (-1.0452)  Time:  0.174 (0.012)  Data Time:  0.005 (0.005)
2022-04-08 04:27:38,026:INFO:   Eta: 1:47:02
2022-04-08 04:28:09,212:INFO: Train: [46][2593/2594]  Loss -0.3095 (-1.0341)  Time:  0.174 (0.012)  Data Time:  0.006 (0.005)
2022-04-08 04:28:09,213:INFO:   Eta: 1:45:58
2022-04-08 04:28:17,871:INFO: Test: [46]  ADE: 0.5767  FDE: 0.9153
2022-04-08 04:28:48,538:INFO: Train: [47][2593/2594]  Loss -0.2479 (-1.1803)  Time:  0.148 (0.012)  Data Time:  0.003 (0.004)
2022-04-08 04:28:48,539:INFO:   Eta: 1:43:41
2022-04-08 04:29:15,802:INFO: Train: [48][2593/2594]  Loss -0.2943 (-1.1768)  Time:  0.150 (0.011)  Data Time:  0.004 (0.004)
2022-04-08 04:29:15,804:INFO:   Eta: 1:31:44
2022-04-08 04:29:42,975:INFO: Train: [49][2593/2594]  Loss -0.3771 (-1.1938)  Time:  0.179 (0.010)  Data Time:  0.004 (0.004)
2022-04-08 04:29:42,975:INFO:   Eta: 1:30:58
2022-04-08 04:30:09,606:INFO: Train: [50][2593/2594]  Loss -0.3340 (-1.1326)  Time:  0.146 (0.010)  Data Time:  0.004 (0.003)
2022-04-08 04:30:09,668:INFO:   Eta: 1:28:43
2022-04-08 04:30:39,196:INFO: Train: [51][2593/2594]  Loss -0.3627 (-1.2003)  Time:  0.164 (0.011)  Data Time:  0.004 (0.004)
2022-04-08 04:30:39,254:INFO:   Eta: 1:36:18
2022-04-08 04:31:09,860:INFO: Train: [52][2593/2594]  Loss -0.2800 (-1.2379)  Time:  0.167 (0.012)  Data Time:  0.004 (0.004)
2022-04-08 04:31:09,861:INFO:   Eta: 1:39:13
2022-04-08 04:31:39,995:INFO: Train: [53][2593/2594]  Loss -0.2124 (-1.2396)  Time:  0.159 (0.012)  Data Time:  0.004 (0.004)
2022-04-08 04:31:40,008:INFO:   Eta: 1:38:53
2022-04-08 04:32:10,758:INFO: Train: [54][2593/2594]  Loss -0.2586 (-1.2428)  Time:  0.166 (0.012)  Data Time:  0.005 (0.005)
2022-04-08 04:32:10,768:INFO:   Eta: 1:40:23
2022-04-08 04:32:41,261:INFO: Train: [55][2593/2594]  Loss -0.2849 (-1.2433)  Time:  0.174 (0.012)  Data Time:  0.005 (0.004)
2022-04-08 04:32:41,293:INFO:   Eta: 1:39:01
2022-04-08 04:33:12,073:INFO: Train: [56][2593/2594]  Loss -0.3631 (-1.1511)  Time:  0.166 (0.012)  Data Time:  0.005 (0.005)
2022-04-08 04:33:12,074:INFO:   Eta: 1:39:04
2022-04-08 04:33:20,805:INFO: Test: [56]  ADE: 0.4980  FDE: 0.7845
2022-04-08 04:33:51,444:INFO: Train: [57][2593/2594]  Loss -0.2587 (-1.1699)  Time:  0.168 (0.012)  Data Time:  0.004 (0.005)
2022-04-08 04:33:51,445:INFO:   Eta: 1:38:30
2022-04-08 04:34:19,652:INFO: Train: [58][2593/2594]  Loss -0.3510 (-1.2624)  Time:  0.138 (0.011)  Data Time:  0.003 (0.004)
2022-04-08 04:34:19,652:INFO:   Eta: 1:30:13
2022-04-08 04:34:44,534:INFO: Train: [59][2593/2594]  Loss -0.3509 (-1.1541)  Time:  0.139 (0.010)  Data Time:  0.003 (0.003)
2022-04-08 04:34:44,535:INFO:   Eta: 1:19:09
2022-04-08 04:35:09,797:INFO: Train: [60][2593/2594]  Loss -0.2919 (-1.2907)  Time:  0.143 (0.010)  Data Time:  0.003 (0.003)
2022-04-08 04:35:09,798:INFO:   Eta: 1:19:57
2022-04-08 04:35:39,216:INFO: Train: [61][2593/2594]  Loss -0.3474 (-1.2506)  Time:  0.158 (0.011)  Data Time:  0.004 (0.004)
2022-04-08 04:35:39,217:INFO:   Eta: 1:32:36
2022-04-08 04:36:09,189:INFO: Train: [62][2593/2594]  Loss -0.2879 (-1.3105)  Time:  0.167 (0.012)  Data Time:  0.004 (0.004)
2022-04-08 04:36:09,190:INFO:   Eta: 1:33:51
2022-04-08 04:36:39,664:INFO: Train: [63][2593/2594]  Loss -0.3991 (-1.3103)  Time:  0.174 (0.012)  Data Time:  0.004 (0.004)
2022-04-08 04:36:39,666:INFO:   Eta: 1:34:56
2022-04-08 04:37:10,526:INFO: Train: [64][2593/2594]  Loss -0.3240 (-1.2286)  Time:  0.180 (0.012)  Data Time:  0.005 (0.005)
2022-04-08 04:37:10,527:INFO:   Eta: 1:35:36
2022-04-08 04:37:41,227:INFO: Train: [65][2593/2594]  Loss -0.3991 (-1.2910)  Time:  0.173 (0.012)  Data Time:  0.005 (0.005)
2022-04-08 04:37:41,228:INFO:   Eta: 1:34:37
2022-04-08 04:38:11,961:INFO: Train: [66][2593/2594]  Loss -0.3356 (-1.2765)  Time:  0.160 (0.012)  Data Time:  0.004 (0.004)
2022-04-08 04:38:11,962:INFO:   Eta: 1:34:12
2022-04-08 04:38:20,620:INFO: Test: [66]  ADE: 0.4995  FDE: 0.6716
2022-04-08 04:38:51,746:INFO: Train: [67][2593/2594]  Loss -0.3233 (-1.1255)  Time:  0.158 (0.012)  Data Time:  0.004 (0.005)
2022-04-08 04:38:51,747:INFO:   Eta: 1:34:53
2022-04-08 04:39:21,866:INFO: Train: [68][2593/2594]  Loss -0.3842 (-1.2848)  Time:  0.155 (0.012)  Data Time:  0.004 (0.004)
2022-04-08 04:39:21,867:INFO:   Eta: 1:31:18
2022-04-08 04:39:48,502:INFO: Train: [69][2593/2594]  Loss -0.3733 (-1.1702)  Time:  0.155 (0.010)  Data Time:  0.003 (0.004)
2022-04-08 04:39:48,503:INFO:   Eta: 1:20:18
2022-04-08 04:40:15,499:INFO: Train: [70][2593/2594]  Loss -0.3266 (-1.3198)  Time:  0.148 (0.010)  Data Time:  0.004 (0.004)
2022-04-08 04:40:15,500:INFO:   Eta: 1:20:56
2022-04-08 04:40:40,849:INFO: Train: [71][2593/2594]  Loss -0.3454 (-1.3329)  Time:  0.147 (0.010)  Data Time:  0.004 (0.003)
2022-04-08 04:40:40,850:INFO:   Eta: 1:15:34
2022-04-08 04:41:09,133:INFO: Train: [72][2593/2594]  Loss -0.2879 (-1.3148)  Time:  0.166 (0.011)  Data Time:  0.005 (0.004)
2022-04-08 04:41:09,135:INFO:   Eta: 1:23:51
2022-04-08 04:41:39,869:INFO: Train: [73][2593/2594]  Loss -0.3089 (-1.3343)  Time:  0.166 (0.012)  Data Time:  0.005 (0.004)
2022-04-08 04:41:39,870:INFO:   Eta: 1:30:37
2022-04-08 04:42:10,197:INFO: Train: [74][2593/2594]  Loss -0.3047 (-1.3135)  Time:  0.168 (0.012)  Data Time:  0.005 (0.005)
2022-04-08 04:42:10,198:INFO:   Eta: 1:28:54
2022-04-08 04:42:41,964:INFO: Train: [75][2593/2594]  Loss -0.3846 (-1.3640)  Time:  0.159 (0.012)  Data Time:  0.005 (0.004)
2022-04-08 04:42:41,965:INFO:   Eta: 1:32:36
2022-04-08 04:43:12,738:INFO: Train: [76][2593/2594]  Loss -0.4241 (-1.3487)  Time:  0.158 (0.012)  Data Time:  0.003 (0.005)
2022-04-08 04:43:12,739:INFO:   Eta: 1:29:12
2022-04-08 04:43:21,347:INFO: Test: [76]  ADE: 0.4518  FDE: 0.7053
2022-04-08 04:43:51,615:INFO: Train: [77][2593/2594]  Loss -0.4155 (-1.2783)  Time:  0.166 (0.012)  Data Time:  0.005 (0.005)
2022-04-08 04:43:51,616:INFO:   Eta: 1:27:14
2022-04-08 04:44:19,742:INFO: Train: [78][2593/2594]  Loss -0.3879 (-1.3606)  Time:  0.172 (0.011)  Data Time:  0.005 (0.004)
2022-04-08 04:44:19,744:INFO:   Eta: 1:20:34
2022-04-08 04:44:50,316:INFO: Train: [79][2593/2594]  Loss -0.3095 (-1.3611)  Time:  0.163 (0.012)  Data Time:  0.005 (0.004)
2022-04-08 04:44:50,316:INFO:   Eta: 1:27:05
2022-04-08 04:45:18,490:INFO: Train: [80][2593/2594]  Loss -0.2966 (-1.4081)  Time:  0.140 (0.011)  Data Time:  0.003 (0.004)
2022-04-08 04:45:18,491:INFO:   Eta: 1:19:47
2022-04-08 04:45:45,060:INFO: Train: [81][2593/2594]  Loss -0.3336 (-1.2289)  Time:  0.153 (0.010)  Data Time:  0.004 (0.004)
2022-04-08 04:45:45,062:INFO:   Eta: 1:14:47
2022-04-08 04:46:11,997:INFO: Train: [82][2593/2594]  Loss -0.3454 (-1.2597)  Time:  0.149 (0.010)  Data Time:  0.004 (0.004)
2022-04-08 04:46:11,999:INFO:   Eta: 1:15:22
2022-04-08 04:46:39,641:INFO: Train: [83][2593/2594]  Loss -0.3427 (-1.3064)  Time:  0.165 (0.011)  Data Time:  0.005 (0.004)
2022-04-08 04:46:39,641:INFO:   Eta: 1:16:53
2022-04-08 04:47:10,427:INFO: Train: [84][2593/2594]  Loss -0.3713 (-1.3796)  Time:  0.172 (0.012)  Data Time:  0.005 (0.005)
2022-04-08 04:47:10,427:INFO:   Eta: 1:25:08
2022-04-08 04:47:40,958:INFO: Train: [85][2593/2594]  Loss -0.3467 (-1.4153)  Time:  0.160 (0.012)  Data Time:  0.004 (0.005)
2022-04-08 04:47:41,021:INFO:   Eta: 1:23:55
2022-04-08 04:48:11,814:INFO: Train: [86][2593/2594]  Loss -0.3734 (-1.2519)  Time:  0.162 (0.012)  Data Time:  0.004 (0.004)
2022-04-08 04:48:11,816:INFO:   Eta: 1:22:28
2022-04-08 04:48:20,508:INFO: Test: [86]  ADE: 0.5533  FDE: 0.8302
2022-04-08 04:48:48,794:INFO: Train: [87][2593/2594]  Loss -0.4031 (-1.2819)  Time:  0.150 (0.011)  Data Time:  0.003 (0.004)
2022-04-08 04:48:48,796:INFO:   Eta: 1:16:48
2022-04-08 04:49:19,320:INFO: Train: [88][2593/2594]  Loss -0.2941 (-1.4174)  Time:  0.189 (0.012)  Data Time:  0.005 (0.004)
2022-04-08 04:49:19,321:INFO:   Eta: 1:22:22
2022-04-08 04:49:50,312:INFO: Train: [89][2593/2594]  Loss -0.3824 (-1.4651)  Time:  0.156 (0.012)  Data Time:  0.004 (0.004)
2022-04-08 04:49:50,314:INFO:   Eta: 1:23:07
2022-04-08 04:50:19,531:INFO: Train: [90][2593/2594]  Loss -0.3471 (-1.4768)  Time:  0.166 (0.011)  Data Time:  0.004 (0.004)
2022-04-08 04:50:19,532:INFO:   Eta: 1:17:52
2022-04-08 04:50:49,409:INFO: Train: [91][2593/2594]  Loss -0.4405 (-1.3750)  Time:  0.143 (0.012)  Data Time:  0.004 (0.004)
2022-04-08 04:50:49,411:INFO:   Eta: 1:19:08
2022-04-08 04:51:16,302:INFO: Train: [92][2593/2594]  Loss -0.3456 (-1.3113)  Time:  0.153 (0.010)  Data Time:  0.004 (0.004)
2022-04-08 04:51:16,303:INFO:   Eta: 1:10:46
2022-04-08 04:51:43,360:INFO: Train: [93][2593/2594]  Loss -0.3110 (-1.3865)  Time:  0.141 (0.010)  Data Time:  0.004 (0.004)
2022-04-08 04:51:43,360:INFO:   Eta: 1:10:45
2022-04-08 04:52:10,939:INFO: Train: [94][2593/2594]  Loss -0.3619 (-1.4262)  Time:  0.163 (0.011)  Data Time:  0.005 (0.004)
2022-04-08 04:52:10,943:INFO:   Eta: 1:11:39
2022-04-08 04:52:41,483:INFO: Train: [95][2593/2594]  Loss -0.3735 (-1.4002)  Time:  0.163 (0.012)  Data Time:  0.004 (0.005)
2022-04-08 04:52:41,484:INFO:   Eta: 1:18:51
2022-04-08 04:53:10,703:INFO: Train: [96][2593/2594]  Loss -0.3557 (-1.3087)  Time:  0.148 (0.011)  Data Time:  0.004 (0.004)
2022-04-08 04:53:10,704:INFO:   Eta: 1:14:57
2022-04-08 04:53:18,863:INFO: Test: [96]  ADE: 0.5288  FDE: 0.8777
2022-04-08 04:53:49,352:INFO: Train: [97][2593/2594]  Loss -0.4021 (-1.3720)  Time:  0.164 (0.012)  Data Time:  0.004 (0.005)
2022-04-08 04:53:49,354:INFO:   Eta: 1:17:42
2022-04-08 04:54:20,373:INFO: Train: [98][2593/2594]  Loss -0.3964 (-1.3498)  Time:  0.180 (0.012)  Data Time:  0.006 (0.005)
2022-04-08 04:54:20,375:INFO:   Eta: 1:18:32
2022-04-08 04:54:49,960:INFO: Train: [99][2593/2594]  Loss -0.2844 (-1.4783)  Time:  0.168 (0.011)  Data Time:  0.005 (0.004)
2022-04-08 04:54:49,961:INFO:   Eta: 1:14:24
2022-04-08 04:55:20,742:INFO: Train: [100][2593/2594]  Loss -0.3534 (-1.4213)  Time:  0.158 (0.012)  Data Time:  0.004 (0.005)
2022-04-08 04:55:20,743:INFO:   Eta: 1:16:54
2022-04-08 04:55:51,003:INFO: Train: [101][2593/2594]  Loss -0.4514 (-1.3698)  Time:  0.153 (0.012)  Data Time:  0.005 (0.004)
2022-04-08 04:55:51,004:INFO:   Eta: 1:15:06
2022-04-08 04:56:21,570:INFO: Train: [102][2593/2594]  Loss -0.3650 (-1.5009)  Time:  0.149 (0.012)  Data Time:  0.003 (0.004)
2022-04-08 04:56:21,572:INFO:   Eta: 1:15:21
2022-04-08 04:56:48,435:INFO: Train: [103][2593/2594]  Loss -0.3087 (-1.4597)  Time:  0.148 (0.010)  Data Time:  0.004 (0.004)
2022-04-08 04:56:48,436:INFO:   Eta: 1:05:46
2022-04-08 04:57:15,461:INFO: Train: [104][2593/2594]  Loss -0.3792 (-1.3035)  Time:  0.155 (0.010)  Data Time:  0.003 (0.004)
2022-04-08 04:57:15,463:INFO:   Eta: 1:05:43
2022-04-08 04:57:41,864:INFO: Train: [105][2593/2594]  Loss -0.3451 (-1.4755)  Time:  0.167 (0.010)  Data Time:  0.004 (0.003)
2022-04-08 04:57:41,865:INFO:   Eta: 1:03:45
2022-04-08 04:58:11,063:INFO: Train: [106][2593/2594]  Loss -0.3741 (-1.2955)  Time:  0.154 (0.011)  Data Time:  0.003 (0.004)
2022-04-08 04:58:11,063:INFO:   Eta: 1:10:02
2022-04-08 04:58:19,675:INFO: Test: [106]  ADE: 0.5620  FDE: 0.8336
2022-04-08 04:58:50,611:INFO: Train: [107][2593/2594]  Loss -0.3581 (-1.4289)  Time:  0.168 (0.012)  Data Time:  0.005 (0.005)
2022-04-08 04:58:50,612:INFO:   Eta: 1:13:42
2022-04-08 04:59:20,853:INFO: Train: [108][2593/2594]  Loss -0.3845 (-1.4755)  Time:  0.158 (0.012)  Data Time:  0.003 (0.004)
2022-04-08 04:59:20,854:INFO:   Eta: 1:11:32
2022-04-08 04:59:51,349:INFO: Train: [109][2593/2594]  Loss -0.3769 (-1.4270)  Time:  0.175 (0.012)  Data Time:  0.005 (0.005)
2022-04-08 04:59:51,350:INFO:   Eta: 1:11:37
2022-04-08 05:00:22,466:INFO: Train: [110][2593/2594]  Loss -0.3743 (-1.5159)  Time:  0.162 (0.012)  Data Time:  0.005 (0.005)
2022-04-08 05:00:22,467:INFO:   Eta: 1:12:34
2022-04-08 05:00:53,348:INFO: Train: [111][2593/2594]  Loss -0.4282 (-1.4641)  Time:  0.183 (0.012)  Data Time:  0.005 (0.005)
2022-04-08 05:00:53,349:INFO:   Eta: 1:11:30
2022-04-08 05:01:24,621:INFO: Train: [112][2593/2594]  Loss -0.3759 (-1.2884)  Time:  0.168 (0.012)  Data Time:  0.005 (0.005)
2022-04-08 05:01:24,622:INFO:   Eta: 1:11:53
2022-04-08 05:01:54,162:INFO: Train: [113][2593/2594]  Loss -0.3500 (-1.4338)  Time:  0.149 (0.011)  Data Time:  0.003 (0.004)
2022-04-08 05:01:54,163:INFO:   Eta: 1:07:25
2022-04-08 05:02:20,341:INFO: Train: [114][2593/2594]  Loss -0.4090 (-1.3598)  Time:  0.123 (0.010)  Data Time:  0.003 (0.004)
2022-04-08 05:02:20,342:INFO:   Eta: 0:59:18
2022-04-08 05:02:44,943:INFO: Train: [115][2593/2594]  Loss -0.3839 (-1.4465)  Time:  0.141 (0.009)  Data Time:  0.003 (0.003)
2022-04-08 05:02:44,944:INFO:   Eta: 0:55:19
2022-04-08 05:03:14,971:INFO: Train: [116][2593/2594]  Loss -0.4834 (-1.5038)  Time:  0.187 (0.012)  Data Time:  0.004 (0.004)
2022-04-08 05:03:14,973:INFO:   Eta: 1:07:01
2022-04-08 05:03:23,946:INFO: Test: [116]  ADE: 0.4770  FDE: 0.7676
2022-04-08 05:03:55,070:INFO: Train: [117][2593/2594]  Loss -0.3884 (-1.4945)  Time:  0.156 (0.012)  Data Time:  0.004 (0.005)
2022-04-08 05:03:55,071:INFO:   Eta: 1:08:57
2022-04-08 05:04:25,491:INFO: Train: [118][2593/2594]  Loss -0.4553 (-1.4213)  Time:  0.189 (0.012)  Data Time:  0.006 (0.004)
2022-04-08 05:04:25,492:INFO:   Eta: 1:06:53
2022-04-08 05:04:56,863:INFO: Train: [119][2593/2594]  Loss -0.4682 (-1.4233)  Time:  0.158 (0.012)  Data Time:  0.004 (0.005)
2022-04-08 05:04:56,863:INFO:   Eta: 1:08:27
2022-04-08 05:05:28,273:INFO: Train: [120][2593/2594]  Loss -0.4360 (-1.4821)  Time:  0.166 (0.012)  Data Time:  0.005 (0.005)
2022-04-08 05:05:28,274:INFO:   Eta: 1:08:01
2022-04-08 05:05:59,715:INFO: Train: [121][2593/2594]  Loss -0.3886 (-1.5015)  Time:  0.166 (0.012)  Data Time:  0.005 (0.005)
2022-04-08 05:05:59,819:INFO:   Eta: 1:07:33
2022-04-08 05:06:31,695:INFO: Train: [122][2593/2594]  Loss -0.3483 (-1.5303)  Time:  0.154 (0.012)  Data Time:  0.004 (0.005)
2022-04-08 05:06:31,695:INFO:   Eta: 1:06:39
2022-04-08 05:07:01,633:INFO: Train: [123][2593/2594]  Loss -0.3539 (-1.4826)  Time:  0.159 (0.012)  Data Time:  0.004 (0.004)
2022-04-08 05:07:01,634:INFO:   Eta: 1:03:20
2022-04-08 05:07:28,771:INFO: Train: [124][2593/2594]  Loss -0.3989 (-1.5362)  Time:  0.147 (0.010)  Data Time:  0.004 (0.004)
2022-04-08 05:07:28,771:INFO:   Eta: 0:56:57
2022-04-08 05:07:55,648:INFO: Train: [125][2593/2594]  Loss -0.4256 (-1.3598)  Time:  0.142 (0.010)  Data Time:  0.003 (0.004)
2022-04-08 05:07:55,649:INFO:   Eta: 0:55:57
2022-04-08 05:08:22,813:INFO: Train: [126][2593/2594]  Loss -0.3981 (-1.5242)  Time:  0.154 (0.010)  Data Time:  0.004 (0.004)
2022-04-08 05:08:22,815:INFO:   Eta: 0:56:06
2022-04-08 05:08:31,340:INFO: Test: [126]  ADE: 0.5064  FDE: 0.8237
2022-04-08 05:09:00,739:INFO: Train: [127][2593/2594]  Loss -0.4433 (-1.4866)  Time:  0.169 (0.011)  Data Time:  0.005 (0.004)
2022-04-08 05:09:00,741:INFO:   Eta: 1:00:14
2022-04-08 05:09:32,310:INFO: Train: [128][2593/2594]  Loss -0.4588 (-1.3826)  Time:  0.161 (0.012)  Data Time:  0.005 (0.005)
2022-04-08 05:09:32,312:INFO:   Eta: 1:04:09
2022-04-08 05:10:04,433:INFO: Train: [129][2593/2594]  Loss -0.3893 (-1.5218)  Time:  0.168 (0.012)  Data Time:  0.005 (0.005)
2022-04-08 05:10:04,434:INFO:   Eta: 1:04:45
2022-04-08 05:10:36,307:INFO: Train: [130][2593/2594]  Loss -0.3745 (-1.5384)  Time:  0.172 (0.012)  Data Time:  0.005 (0.005)
2022-04-08 05:10:36,307:INFO:   Eta: 1:03:42
2022-04-08 05:11:06,833:INFO: Train: [131][2593/2594]  Loss -0.4301 (-1.2789)  Time:  0.158 (0.012)  Data Time:  0.005 (0.005)
2022-04-08 05:11:06,834:INFO:   Eta: 1:00:31
2022-04-08 05:11:35,789:INFO: Train: [132][2593/2594]  Loss -0.3941 (-1.4745)  Time:  0.164 (0.011)  Data Time:  0.005 (0.004)
2022-04-08 05:11:35,790:INFO:   Eta: 0:56:54
2022-04-08 05:12:05,699:INFO: Train: [133][2593/2594]  Loss -0.3792 (-1.5274)  Time:  0.182 (0.012)  Data Time:  0.005 (0.004)
2022-04-08 05:12:05,701:INFO:   Eta: 0:58:17
2022-04-08 05:12:36,767:INFO: Train: [134][2593/2594]  Loss -0.4277 (-1.3331)  Time:  0.171 (0.012)  Data Time:  0.004 (0.005)
2022-04-08 05:12:36,768:INFO:   Eta: 1:00:01
2022-04-08 05:13:04,658:INFO: Train: [135][2593/2594]  Loss -0.3959 (-1.4103)  Time:  0.150 (0.011)  Data Time:  0.004 (0.004)
2022-04-08 05:13:04,660:INFO:   Eta: 0:53:25
2022-04-08 05:13:31,029:INFO: Train: [136][2593/2594]  Loss -0.3635 (-1.5317)  Time:  0.143 (0.010)  Data Time:  0.003 (0.004)
2022-04-08 05:13:31,031:INFO:   Eta: 0:50:04
2022-04-08 05:13:38,910:INFO: Test: [136]  ADE: 0.4991  FDE: 0.8105
2022-04-08 05:14:06,150:INFO: Train: [137][2593/2594]  Loss -0.3913 (-1.5316)  Time:  0.156 (0.010)  Data Time:  0.004 (0.004)
2022-04-08 05:14:06,151:INFO:   Eta: 0:51:16
2022-04-08 05:14:36,967:INFO: Train: [138][2593/2594]  Loss -0.4416 (-1.5584)  Time:  0.163 (0.012)  Data Time:  0.005 (0.005)
2022-04-08 05:14:36,969:INFO:   Eta: 0:57:29
2022-04-08 05:15:07,564:INFO: Train: [139][2593/2594]  Loss -0.4610 (-1.4232)  Time:  0.165 (0.012)  Data Time:  0.004 (0.004)
2022-04-08 05:15:07,566:INFO:   Eta: 0:56:34
2022-04-08 05:15:38,382:INFO: Train: [140][2593/2594]  Loss -0.3194 (-1.4883)  Time:  0.164 (0.012)  Data Time:  0.004 (0.005)
2022-04-08 05:15:38,384:INFO:   Eta: 0:56:28
2022-04-08 05:16:09,064:INFO: Train: [141][2593/2594]  Loss -0.4727 (-1.5077)  Time:  0.167 (0.012)  Data Time:  0.005 (0.005)
2022-04-08 05:16:09,065:INFO:   Eta: 0:55:42
2022-04-08 05:16:37,026:INFO: Train: [142][2593/2594]  Loss -0.3664 (-1.5144)  Time:  0.169 (0.011)  Data Time:  0.004 (0.004)
2022-04-08 05:16:37,026:INFO:   Eta: 0:50:18
2022-04-08 05:17:08,652:INFO: Train: [143][2593/2594]  Loss -0.4756 (-1.5545)  Time:  0.184 (0.012)  Data Time:  0.005 (0.004)
2022-04-08 05:17:08,653:INFO:   Eta: 0:56:22
2022-04-08 05:17:39,712:INFO: Train: [144][2593/2594]  Loss -0.4090 (-1.5902)  Time:  0.192 (0.012)  Data Time:  0.006 (0.005)
2022-04-08 05:17:39,713:INFO:   Eta: 0:54:50
2022-04-08 05:18:10,281:INFO: Train: [145][2593/2594]  Loss -0.4576 (-1.5274)  Time:  0.173 (0.012)  Data Time:  0.005 (0.004)
2022-04-08 05:18:10,282:INFO:   Eta: 0:53:28
2022-04-08 05:18:37,243:INFO: Train: [146][2593/2594]  Loss -0.4211 (-1.4186)  Time:  0.146 (0.010)  Data Time:  0.003 (0.004)
2022-04-08 05:18:37,244:INFO:   Eta: 0:46:42
2022-04-08 05:18:45,263:INFO: Test: [146]  ADE: 0.5094  FDE: 0.8660
2022-04-08 05:19:12,284:INFO: Train: [147][2593/2594]  Loss -0.4150 (-1.5167)  Time:  0.144 (0.010)  Data Time:  0.004 (0.003)
2022-04-08 05:19:12,285:INFO:   Eta: 0:46:21
2022-04-08 05:19:40,502:INFO: Train: [148][2593/2594]  Loss -0.4493 (-1.5622)  Time:  0.156 (0.011)  Data Time:  0.004 (0.004)
2022-04-08 05:19:40,503:INFO:   Eta: 0:47:56
2022-04-08 05:20:11,104:INFO: Train: [149][2593/2594]  Loss -0.3934 (-1.5939)  Time:  0.169 (0.012)  Data Time:  0.004 (0.004)
2022-04-08 05:20:11,105:INFO:   Eta: 0:51:29
2022-04-08 05:20:41,751:INFO: Train: [150][2593/2594]  Loss -0.4740 (-1.6939)  Time:  0.158 (0.012)  Data Time:  0.004 (0.004)
2022-04-08 05:20:41,752:INFO:   Eta: 0:51:02
2022-04-08 05:21:12,891:INFO: Train: [151][2593/2594]  Loss -0.3929 (-1.7298)  Time:  0.167 (0.012)  Data Time:  0.005 (0.005)
2022-04-08 05:21:12,892:INFO:   Eta: 0:51:21
2022-04-08 05:21:18,109:INFO: Valid: [151][620/621]  Loss -8.1744 (-4.8215)
2022-04-08 05:21:18,128:INFO: Checkpoint saved...
2022-04-08 05:21:47,033:INFO: Train: [152][2593/2594]  Loss -0.4298 (-1.6331)  Time:  0.156 (0.011)  Data Time:  0.004 (0.004)
2022-04-08 05:21:47,035:INFO:   Eta: 0:47:10
2022-04-08 05:21:51,747:INFO: Valid: [152][620/621]  Loss -8.2396 (-4.8523)
2022-04-08 05:21:51,760:INFO: Checkpoint saved...
2022-04-08 05:22:22,154:INFO: Train: [153][2593/2594]  Loss -0.5081 (-1.7056)  Time:  0.187 (0.012)  Data Time:  0.007 (0.004)
2022-04-08 05:22:22,156:INFO:   Eta: 0:49:06
2022-04-08 05:22:27,119:INFO: Valid: [153][620/621]  Loss -8.3002 (-4.9007)
2022-04-08 05:22:27,135:INFO: Checkpoint saved...
2022-04-08 05:22:57,991:INFO: Train: [154][2593/2594]  Loss -0.5373 (-1.6416)  Time:  0.181 (0.012)  Data Time:  0.004 (0.005)
2022-04-08 05:22:57,993:INFO:   Eta: 0:49:20
2022-04-08 05:23:02,933:INFO: Valid: [154][620/621]  Loss -8.3797 (-4.9488)
2022-04-08 05:23:02,948:INFO: Checkpoint saved...
2022-04-08 05:23:33,615:INFO: Train: [155][2593/2594]  Loss -0.4595 (-1.7396)  Time:  0.166 (0.012)  Data Time:  0.005 (0.004)
2022-04-08 05:23:33,616:INFO:   Eta: 0:48:31
2022-04-08 05:23:38,430:INFO: Valid: [155][620/621]  Loss -8.4456 (-4.9814)
2022-04-08 05:23:38,442:INFO: Checkpoint saved...
2022-04-08 05:24:06,284:INFO: Train: [156][2593/2594]  Loss -0.4316 (-1.7175)  Time:  0.156 (0.011)  Data Time:  0.004 (0.004)
2022-04-08 05:24:06,349:INFO:   Eta: 0:43:34
2022-04-08 05:24:11,167:INFO: Valid: [156][620/621]  Loss -8.7524 (-5.1426)
2022-04-08 05:24:11,435:INFO: Checkpoint saved...
2022-04-08 05:24:19,233:INFO: Test: [156]  ADE: 0.4741  FDE: 0.7814
2022-04-08 05:24:46,141:INFO: Train: [157][2593/2594]  Loss -0.4819 (-1.7319)  Time:  0.161 (0.010)  Data Time:  0.004 (0.003)
2022-04-08 05:24:46,143:INFO:   Eta: 0:41:41
2022-04-08 05:24:50,842:INFO: Valid: [157][620/621]  Loss -8.7345 (-5.1290)
2022-04-08 05:25:19,415:INFO: Train: [158][2593/2594]  Loss -0.4779 (-1.7216)  Time:  0.162 (0.011)  Data Time:  0.005 (0.004)
2022-04-08 05:25:19,416:INFO:   Eta: 0:43:46
2022-04-08 05:25:24,333:INFO: Valid: [158][620/621]  Loss -8.0607 (-4.7529)
2022-04-08 05:25:54,405:INFO: Train: [159][2593/2594]  Loss -0.4367 (-1.7194)  Time:  0.164 (0.012)  Data Time:  0.004 (0.004)
2022-04-08 05:25:54,406:INFO:   Eta: 0:45:34
2022-04-08 05:25:59,350:INFO: Valid: [159][620/621]  Loss -8.7308 (-5.1538)
2022-04-08 05:26:30,208:INFO: Train: [160][2593/2594]  Loss -0.4500 (-1.7168)  Time:  0.168 (0.012)  Data Time:  0.005 (0.005)
2022-04-08 05:26:30,208:INFO:   Eta: 0:46:14
2022-04-08 05:26:35,037:INFO: Valid: [160][620/621]  Loss -8.3437 (-4.9585)
2022-04-08 05:27:03,365:INFO: Train: [161][2593/2594]  Loss -0.5293 (-1.7548)  Time:  0.155 (0.011)  Data Time:  0.004 (0.004)
2022-04-08 05:27:03,365:INFO:   Eta: 0:41:58
2022-04-08 05:27:08,030:INFO: Valid: [161][620/621]  Loss -8.3561 (-4.8991)
2022-04-08 05:27:38,435:INFO: Train: [162][2593/2594]  Loss -0.4493 (-1.6400)  Time:  0.175 (0.012)  Data Time:  0.005 (0.004)
2022-04-08 05:27:38,436:INFO:   Eta: 0:44:33
2022-04-08 05:27:43,307:INFO: Valid: [162][620/621]  Loss -8.6464 (-5.0509)
2022-04-08 05:28:13,862:INFO: Train: [163][2593/2594]  Loss -0.4211 (-1.7262)  Time:  0.161 (0.012)  Data Time:  0.003 (0.004)
2022-04-08 05:28:13,864:INFO:   Eta: 0:44:15
2022-04-08 05:28:18,845:INFO: Valid: [163][620/621]  Loss -8.0473 (-4.7317)
2022-04-08 05:28:49,350:INFO: Train: [164][2593/2594]  Loss -0.4535 (-1.5224)  Time:  0.171 (0.012)  Data Time:  0.006 (0.004)
2022-04-08 05:28:49,352:INFO:   Eta: 0:43:40
2022-04-08 05:28:54,201:INFO: Valid: [164][620/621]  Loss -8.6494 (-5.0948)
2022-04-08 05:29:24,623:INFO: Train: [165][2593/2594]  Loss -0.4849 (-1.8235)  Time:  0.164 (0.012)  Data Time:  0.004 (0.004)
2022-04-08 05:29:24,623:INFO:   Eta: 0:43:03
2022-04-08 05:29:29,640:INFO: Valid: [165][620/621]  Loss -8.4952 (-5.0203)
2022-04-08 05:29:56,957:INFO: Train: [166][2593/2594]  Loss -0.4248 (-1.7035)  Time:  0.141 (0.011)  Data Time:  0.003 (0.004)
2022-04-08 05:29:56,959:INFO:   Eta: 0:38:12
2022-04-08 05:30:01,687:INFO: Valid: [166][620/621]  Loss -8.8181 (-5.1899)
2022-04-08 05:30:01,695:INFO: Checkpoint saved...
2022-04-08 05:30:10,191:INFO: Test: [166]  ADE: 0.4533  FDE: 0.7536
2022-04-08 05:30:37,314:INFO: Train: [167][2593/2594]  Loss -0.4575 (-1.7463)  Time:  0.149 (0.010)  Data Time:  0.003 (0.004)
2022-04-08 05:30:37,314:INFO:   Eta: 0:37:29
2022-04-08 05:30:41,862:INFO: Valid: [167][620/621]  Loss -8.1750 (-4.8181)
2022-04-08 05:31:11,550:INFO: Train: [168][2593/2594]  Loss -0.5131 (-1.7383)  Time:  0.171 (0.011)  Data Time:  0.004 (0.004)
2022-04-08 05:31:11,551:INFO:   Eta: 0:40:31
2022-04-08 05:31:16,569:INFO: Valid: [168][620/621]  Loss -8.6985 (-5.1379)
2022-04-08 05:31:47,456:INFO: Train: [169][2593/2594]  Loss -0.4848 (-1.7229)  Time:  0.183 (0.012)  Data Time:  0.004 (0.004)
2022-04-08 05:31:47,457:INFO:   Eta: 0:41:39
2022-04-08 05:31:52,571:INFO: Valid: [169][620/621]  Loss -8.1038 (-4.7786)
2022-04-08 05:32:21,300:INFO: Train: [170][2593/2594]  Loss -0.4758 (-1.7500)  Time:  0.154 (0.011)  Data Time:  0.004 (0.004)
2022-04-08 05:32:21,301:INFO:   Eta: 0:38:15
2022-04-08 05:32:26,156:INFO: Valid: [170][620/621]  Loss -8.7735 (-5.1686)
2022-04-08 05:32:56,892:INFO: Train: [171][2593/2594]  Loss -0.4667 (-1.7657)  Time:  0.174 (0.012)  Data Time:  0.005 (0.005)
2022-04-08 05:32:56,894:INFO:   Eta: 0:40:24
2022-04-08 05:33:02,004:INFO: Valid: [171][620/621]  Loss -8.0655 (-4.7684)
2022-04-08 05:33:33,410:INFO: Train: [172][2593/2594]  Loss -0.4051 (-1.5407)  Time:  0.200 (0.012)  Data Time:  0.006 (0.005)
2022-04-08 05:33:33,412:INFO:   Eta: 0:40:46
2022-04-08 05:33:38,607:INFO: Valid: [172][620/621]  Loss -8.8485 (-5.2213)
2022-04-08 05:33:38,678:INFO: Checkpoint saved...
2022-04-08 05:34:09,349:INFO: Train: [173][2593/2594]  Loss -0.4771 (-1.7494)  Time:  0.162 (0.012)  Data Time:  0.005 (0.004)
2022-04-08 05:34:09,352:INFO:   Eta: 0:39:19
2022-04-08 05:34:14,514:INFO: Valid: [173][620/621]  Loss -8.5920 (-5.0485)
2022-04-08 05:34:45,211:INFO: Train: [174][2593/2594]  Loss -0.4677 (-1.7504)  Time:  0.170 (0.012)  Data Time:  0.004 (0.004)
2022-04-08 05:34:45,212:INFO:   Eta: 0:38:50
2022-04-08 05:34:50,248:INFO: Valid: [174][620/621]  Loss -7.9180 (-4.6643)
2022-04-08 05:35:21,126:INFO: Train: [175][2593/2594]  Loss -0.5471 (-1.7214)  Time:  0.156 (0.012)  Data Time:  0.004 (0.004)
2022-04-08 05:35:21,128:INFO:   Eta: 0:38:33
2022-04-08 05:35:25,995:INFO: Valid: [175][620/621]  Loss -8.3930 (-4.9344)
2022-04-08 05:35:55,361:INFO: Train: [176][2593/2594]  Loss -0.4798 (-1.7301)  Time:  0.147 (0.011)  Data Time:  0.002 (0.004)
2022-04-08 05:35:55,363:INFO:   Eta: 0:36:11
2022-04-08 05:35:59,997:INFO: Valid: [176][620/621]  Loss -8.1220 (-4.7870)
2022-04-08 05:36:08,123:INFO: Test: [176]  ADE: 0.4393  FDE: 0.6164
2022-04-08 05:36:35,082:INFO: Train: [177][2593/2594]  Loss -0.5229 (-1.7495)  Time:  0.133 (0.010)  Data Time:  0.003 (0.004)
2022-04-08 05:36:35,083:INFO:   Eta: 0:32:46
2022-04-08 05:36:39,897:INFO: Valid: [177][620/621]  Loss -8.0116 (-4.7343)
2022-04-08 05:37:06,822:INFO: Train: [178][2593/2594]  Loss -0.4514 (-1.5974)  Time:  0.137 (0.010)  Data Time:  0.004 (0.003)
2022-04-08 05:37:06,823:INFO:   Eta: 0:32:16
2022-04-08 05:37:11,687:INFO: Valid: [178][620/621]  Loss -7.8911 (-4.6621)
2022-04-08 05:37:39,202:INFO: Train: [179][2593/2594]  Loss -0.4055 (-1.7652)  Time:  0.182 (0.011)  Data Time:  0.005 (0.004)
2022-04-08 05:37:39,203:INFO:   Eta: 0:32:31
2022-04-08 05:37:44,421:INFO: Valid: [179][620/621]  Loss -8.6748 (-5.1264)
2022-04-08 05:38:15,004:INFO: Train: [180][2593/2594]  Loss -0.4965 (-1.6415)  Time:  0.162 (0.012)  Data Time:  0.004 (0.004)
2022-04-08 05:38:15,004:INFO:   Eta: 0:35:38
2022-04-08 05:38:20,175:INFO: Valid: [180][620/621]  Loss -8.9440 (-5.2534)
2022-04-08 05:38:20,192:INFO: Checkpoint saved...
2022-04-08 05:38:50,547:INFO: Train: [181][2593/2594]  Loss -0.4785 (-1.6758)  Time:  0.161 (0.012)  Data Time:  0.004 (0.004)
2022-04-08 05:38:50,548:INFO:   Eta: 0:34:52
2022-04-08 05:38:55,638:INFO: Valid: [181][620/621]  Loss -8.8472 (-5.2154)
2022-04-08 05:39:26,371:INFO: Train: [182][2593/2594]  Loss -0.3736 (-1.7312)  Time:  0.168 (0.012)  Data Time:  0.005 (0.004)
2022-04-08 05:39:26,373:INFO:   Eta: 0:34:47
2022-04-08 05:39:31,272:INFO: Valid: [182][620/621]  Loss -8.7999 (-5.1799)
2022-04-08 05:40:01,973:INFO: Train: [183][2593/2594]  Loss -0.4172 (-1.6149)  Time:  0.141 (0.012)  Data Time:  0.004 (0.004)
2022-04-08 05:40:01,974:INFO:   Eta: 0:34:14
2022-04-08 05:40:06,866:INFO: Valid: [183][620/621]  Loss -8.6309 (-5.1104)
2022-04-08 05:40:37,859:INFO: Train: [184][2593/2594]  Loss -0.4477 (-1.7451)  Time:  0.216 (0.012)  Data Time:  0.005 (0.005)
2022-04-08 05:40:37,860:INFO:   Eta: 0:34:03
2022-04-08 05:40:42,798:INFO: Valid: [184][620/621]  Loss -8.5879 (-5.0781)
2022-04-08 05:41:12,651:INFO: Train: [185][2593/2594]  Loss -0.4412 (-1.6891)  Time:  0.188 (0.011)  Data Time:  0.005 (0.004)
2022-04-08 05:41:12,652:INFO:   Eta: 0:32:18
2022-04-08 05:41:17,519:INFO: Valid: [185][620/621]  Loss -7.7103 (-4.5365)
2022-04-08 05:41:48,029:INFO: Train: [186][2593/2594]  Loss -0.5130 (-1.7542)  Time:  0.161 (0.012)  Data Time:  0.004 (0.004)
2022-04-08 05:41:48,030:INFO:   Eta: 0:32:30
2022-04-08 05:41:53,093:INFO: Valid: [186][620/621]  Loss -8.1615 (-4.7933)
2022-04-08 05:42:01,490:INFO: Test: [186]  ADE: 0.4308  FDE: 0.5723
2022-04-08 05:42:28,164:INFO: Train: [187][2593/2594]  Loss -0.4971 (-1.7638)  Time:  0.142 (0.010)  Data Time:  0.003 (0.003)
2022-04-08 05:42:28,165:INFO:   Eta: 0:27:27
2022-04-08 05:42:33,024:INFO: Valid: [187][620/621]  Loss -8.3425 (-4.9088)
2022-04-08 05:42:57,473:INFO: Train: [188][2593/2594]  Loss -0.5028 (-1.5863)  Time:  0.148 (0.009)  Data Time:  0.004 (0.003)
2022-04-08 05:42:57,474:INFO:   Eta: 0:25:14
2022-04-08 05:43:02,419:INFO: Valid: [188][620/621]  Loss -8.7646 (-5.1703)
2022-04-08 05:43:30,195:INFO: Train: [189][2593/2594]  Loss -0.4747 (-1.7726)  Time:  0.175 (0.011)  Data Time:  0.005 (0.004)
2022-04-08 05:43:30,197:INFO:   Eta: 0:28:12
2022-04-08 05:43:35,120:INFO: Valid: [189][620/621]  Loss -8.7479 (-5.1452)
2022-04-08 05:44:06,256:INFO: Train: [190][2593/2594]  Loss -0.4018 (-1.5863)  Time:  0.180 (0.012)  Data Time:  0.003 (0.004)
2022-04-08 05:44:06,259:INFO:   Eta: 0:31:06
2022-04-08 05:44:11,385:INFO: Valid: [190][620/621]  Loss -8.5341 (-5.0337)
2022-04-08 05:44:42,159:INFO: Train: [191][2593/2594]  Loss -0.4002 (-1.7378)  Time:  0.182 (0.012)  Data Time:  0.004 (0.005)
2022-04-08 05:44:42,161:INFO:   Eta: 0:30:13
2022-04-08 05:44:47,117:INFO: Valid: [191][620/621]  Loss -8.0488 (-4.7644)
2022-04-08 05:45:18,721:INFO: Train: [192][2593/2594]  Loss -0.4824 (-1.7454)  Time:  0.171 (0.012)  Data Time:  0.005 (0.005)
2022-04-08 05:45:18,722:INFO:   Eta: 0:30:31
2022-04-08 05:45:23,480:INFO: Valid: [192][620/621]  Loss -8.5804 (-5.0653)
2022-04-08 05:45:54,002:INFO: Train: [193][2593/2594]  Loss -0.4816 (-1.7861)  Time:  0.166 (0.012)  Data Time:  0.005 (0.004)
2022-04-08 05:45:54,003:INFO:   Eta: 0:28:57
2022-04-08 05:45:58,927:INFO: Valid: [193][620/621]  Loss -8.5541 (-5.0294)
2022-04-08 05:46:28,677:INFO: Train: [194][2593/2594]  Loss -0.4250 (-1.7490)  Time:  0.166 (0.011)  Data Time:  0.004 (0.004)
2022-04-08 05:46:28,678:INFO:   Eta: 0:27:44
2022-04-08 05:46:33,645:INFO: Valid: [194][620/621]  Loss -8.8269 (-5.2128)
2022-04-08 05:47:03,993:INFO: Train: [195][2593/2594]  Loss -0.4652 (-1.7038)  Time:  0.186 (0.012)  Data Time:  0.006 (0.005)
2022-04-08 05:47:03,994:INFO:   Eta: 0:27:47
2022-04-08 05:47:08,874:INFO: Valid: [195][620/621]  Loss -8.7570 (-5.1706)
2022-04-08 05:47:39,778:INFO: Train: [196][2593/2594]  Loss -0.4386 (-1.6987)  Time:  0.158 (0.012)  Data Time:  0.003 (0.004)
2022-04-08 05:47:39,779:INFO:   Eta: 0:27:47
2022-04-08 05:47:44,497:INFO: Valid: [196][620/621]  Loss -8.8140 (-5.1871)
2022-04-08 05:47:53,202:INFO: Test: [196]  ADE: 0.4755  FDE: 0.7738
2022-04-08 05:48:20,444:INFO: Train: [197][2593/2594]  Loss -0.4424 (-1.7733)  Time:  0.151 (0.010)  Data Time:  0.004 (0.004)
2022-04-08 05:48:20,446:INFO:   Eta: 0:24:03
2022-04-08 05:48:25,127:INFO: Valid: [197][620/621]  Loss -8.4558 (-5.0105)
2022-04-08 05:48:51,633:INFO: Train: [198][2593/2594]  Loss -0.5151 (-1.7614)  Time:  0.155 (0.010)  Data Time:  0.003 (0.004)
2022-04-08 05:48:51,633:INFO:   Eta: 0:22:56
2022-04-08 05:48:56,174:INFO: Valid: [198][620/621]  Loss -8.4448 (-4.9804)
2022-04-08 05:49:23,213:INFO: Train: [199][2593/2594]  Loss -0.4089 (-1.7827)  Time:  0.149 (0.010)  Data Time:  0.004 (0.004)
2022-04-08 05:49:23,214:INFO:   Eta: 0:22:57
2022-04-08 05:49:27,918:INFO: Valid: [199][620/621]  Loss -8.4555 (-4.9334)
2022-04-08 05:49:57,179:INFO: Train: [200][2593/2594]  Loss -0.4583 (-1.7083)  Time:  0.170 (0.011)  Data Time:  0.003 (0.004)
2022-04-08 05:49:57,180:INFO:   Eta: 0:24:21
2022-04-08 05:50:02,003:INFO: Valid: [200][620/621]  Loss -8.7741 (-5.1812)
2022-04-08 05:50:31,688:INFO: Train: [201][2593/2594]  Loss -0.3883 (-1.6896)  Time:  0.164 (0.011)  Data Time:  0.004 (0.004)
2022-04-08 05:50:31,689:INFO:   Eta: 0:24:13
2022-04-08 05:50:36,609:INFO: Valid: [201][620/621]  Loss -8.5372 (-5.0361)
2022-04-08 05:51:06,868:INFO: Train: [202][2593/2594]  Loss -0.5276 (-1.7493)  Time:  0.183 (0.012)  Data Time:  0.005 (0.004)
2022-04-08 05:51:06,868:INFO:   Eta: 0:24:11
2022-04-08 05:51:11,810:INFO: Valid: [202][620/621]  Loss -7.9551 (-4.6886)
2022-04-08 05:51:42,797:INFO: Train: [203][2593/2594]  Loss -0.4622 (-1.7733)  Time:  0.156 (0.012)  Data Time:  0.004 (0.005)
2022-04-08 05:51:42,797:INFO:   Eta: 0:24:15
2022-04-08 05:51:47,867:INFO: Valid: [203][620/621]  Loss -8.6554 (-5.0964)
2022-04-08 05:52:17,778:INFO: Train: [204][2593/2594]  Loss -0.4717 (-1.6435)  Time:  0.186 (0.012)  Data Time:  0.005 (0.004)
2022-04-08 05:52:17,779:INFO:   Eta: 0:22:54
2022-04-08 05:52:22,710:INFO: Valid: [204][620/621]  Loss -7.6356 (-4.5074)
2022-04-08 05:52:53,537:INFO: Train: [205][2593/2594]  Loss -0.4367 (-1.7749)  Time:  0.149 (0.012)  Data Time:  0.003 (0.005)
2022-04-08 05:52:53,539:INFO:   Eta: 0:23:05
2022-04-08 05:52:58,424:INFO: Valid: [205][620/621]  Loss -8.9120 (-5.2661)
2022-04-08 05:53:26,692:INFO: Train: [206][2593/2594]  Loss -0.4865 (-1.5563)  Time:  0.163 (0.011)  Data Time:  0.003 (0.004)
2022-04-08 05:53:26,693:INFO:   Eta: 0:20:42
2022-04-08 05:53:31,752:INFO: Valid: [206][620/621]  Loss -8.4922 (-5.0258)
2022-04-08 05:53:40,614:INFO: Test: [206]  ADE: 0.4418  FDE: 0.6287
2022-04-08 05:54:11,715:INFO: Train: [207][2593/2594]  Loss -0.5093 (-1.7995)  Time:  0.185 (0.012)  Data Time:  0.005 (0.005)
2022-04-08 05:54:11,715:INFO:   Eta: 0:22:16
2022-04-08 05:54:16,780:INFO: Valid: [207][620/621]  Loss -8.5302 (-5.0248)
2022-04-08 05:54:43,837:INFO: Train: [208][2593/2594]  Loss -0.4670 (-1.7946)  Time:  0.139 (0.010)  Data Time:  0.004 (0.003)
2022-04-08 05:54:43,838:INFO:   Eta: 0:18:55
2022-04-08 05:54:48,475:INFO: Valid: [208][620/621]  Loss -8.7426 (-5.1473)
2022-04-08 05:55:15,221:INFO: Train: [209][2593/2594]  Loss -0.3352 (-1.7902)  Time:  0.143 (0.010)  Data Time:  0.004 (0.003)
2022-04-08 05:55:15,222:INFO:   Eta: 0:18:15
2022-04-08 05:55:19,915:INFO: Valid: [209][620/621]  Loss -8.8993 (-5.2424)
2022-04-08 05:55:46,742:INFO: Train: [210][2593/2594]  Loss -0.3542 (-1.7919)  Time:  0.177 (0.010)  Data Time:  0.005 (0.004)
2022-04-08 05:55:46,742:INFO:   Eta: 0:17:52
2022-04-08 05:55:51,646:INFO: Valid: [210][620/621]  Loss -8.6134 (-5.0717)
2022-04-08 05:56:21,922:INFO: Train: [211][2593/2594]  Loss -0.4813 (-1.7512)  Time:  0.175 (0.012)  Data Time:  0.004 (0.004)
2022-04-08 05:56:21,922:INFO:   Eta: 0:19:39
2022-04-08 05:56:26,852:INFO: Valid: [211][620/621]  Loss -8.7510 (-5.1600)
2022-04-08 05:56:56,967:INFO: Train: [212][2593/2594]  Loss -0.4611 (-1.7428)  Time:  0.152 (0.012)  Data Time:  0.004 (0.004)
2022-04-08 05:56:56,968:INFO:   Eta: 0:19:03
2022-04-08 05:57:02,089:INFO: Valid: [212][620/621]  Loss -8.4326 (-4.9625)
2022-04-08 05:57:31,418:INFO: Train: [213][2593/2594]  Loss -0.4200 (-1.7590)  Time:  0.150 (0.011)  Data Time:  0.004 (0.004)
2022-04-08 05:57:31,418:INFO:   Eta: 0:18:04
2022-04-08 05:57:36,070:INFO: Valid: [213][620/621]  Loss -8.8564 (-5.2311)
2022-04-08 05:58:06,521:INFO: Train: [214][2593/2594]  Loss -0.4938 (-1.7873)  Time:  0.145 (0.012)  Data Time:  0.004 (0.004)
2022-04-08 05:58:06,522:INFO:   Eta: 0:18:15
2022-04-08 05:58:11,337:INFO: Valid: [214][620/621]  Loss -8.6146 (-5.0810)
2022-04-08 05:58:40,393:INFO: Train: [215][2593/2594]  Loss -0.4614 (-1.7997)  Time:  0.160 (0.011)  Data Time:  0.004 (0.004)
2022-04-08 05:58:40,394:INFO:   Eta: 0:16:55
2022-04-08 05:58:45,686:INFO: Valid: [215][620/621]  Loss -8.4961 (-5.0329)
2022-04-08 05:59:16,714:INFO: Train: [216][2593/2594]  Loss -0.4569 (-1.7903)  Time:  0.182 (0.012)  Data Time:  0.006 (0.005)
2022-04-08 05:59:16,715:INFO:   Eta: 0:17:33
2022-04-08 05:59:21,663:INFO: Valid: [216][620/621]  Loss -7.9766 (-4.7179)
2022-04-08 05:59:30,344:INFO: Test: [216]  ADE: 0.4587  FDE: 0.5674
2022-04-08 06:00:01,161:INFO: Train: [217][2593/2594]  Loss -0.4583 (-1.6266)  Time:  0.153 (0.012)  Data Time:  0.004 (0.005)
2022-04-08 06:00:01,162:INFO:   Eta: 0:16:56
2022-04-08 06:00:05,959:INFO: Valid: [217][620/621]  Loss -8.5129 (-5.0089)
2022-04-08 06:00:35,451:INFO: Train: [218][2593/2594]  Loss -0.4300 (-1.7854)  Time:  0.146 (0.011)  Data Time:  0.003 (0.004)
2022-04-08 06:00:35,452:INFO:   Eta: 0:15:42
2022-04-08 06:00:40,550:INFO: Valid: [218][620/621]  Loss -8.8729 (-5.2276)
2022-04-08 06:01:07,259:INFO: Train: [219][2593/2594]  Loss -0.4880 (-1.7750)  Time:  0.147 (0.010)  Data Time:  0.004 (0.004)
2022-04-08 06:01:07,259:INFO:   Eta: 0:13:47
2022-04-08 06:01:11,969:INFO: Valid: [219][620/621]  Loss -8.2136 (-4.8332)
2022-04-08 06:01:38,325:INFO: Train: [220][2593/2594]  Loss -0.5007 (-1.7596)  Time:  0.130 (0.010)  Data Time:  0.003 (0.003)
2022-04-08 06:01:38,326:INFO:   Eta: 0:13:09
2022-04-08 06:01:43,176:INFO: Valid: [220][620/621]  Loss -8.9251 (-5.2539)
2022-04-08 06:02:12,678:INFO: Train: [221][2593/2594]  Loss -0.4319 (-1.8036)  Time:  0.182 (0.011)  Data Time:  0.004 (0.004)
2022-04-08 06:02:12,679:INFO:   Eta: 0:14:14
2022-04-08 06:02:17,617:INFO: Valid: [221][620/621]  Loss -8.6169 (-5.0970)
2022-04-08 06:02:48,065:INFO: Train: [222][2593/2594]  Loss -0.4940 (-1.8044)  Time:  0.147 (0.012)  Data Time:  0.004 (0.004)
2022-04-08 06:02:48,066:INFO:   Eta: 0:14:11
2022-04-08 06:02:52,857:INFO: Valid: [222][620/621]  Loss -8.5563 (-5.0491)
2022-04-08 06:03:21,745:INFO: Train: [223][2593/2594]  Loss -0.4471 (-1.8188)  Time:  0.159 (0.011)  Data Time:  0.003 (0.004)
2022-04-08 06:03:21,745:INFO:   Eta: 0:12:59
2022-04-08 06:03:26,388:INFO: Valid: [223][620/621]  Loss -8.4014 (-4.9555)
2022-04-08 06:03:54,968:INFO: Train: [224][2593/2594]  Loss -0.3645 (-1.8009)  Time:  0.165 (0.011)  Data Time:  0.004 (0.004)
2022-04-08 06:03:54,968:INFO:   Eta: 0:12:22
2022-04-08 06:03:59,966:INFO: Valid: [224][620/621]  Loss -8.8105 (-5.2038)
2022-04-08 06:04:30,359:INFO: Train: [225][2593/2594]  Loss -0.5001 (-1.7917)  Time:  0.167 (0.012)  Data Time:  0.005 (0.004)
2022-04-08 06:04:30,360:INFO:   Eta: 0:12:39
2022-04-08 06:04:35,220:INFO: Valid: [225][620/621]  Loss -8.1189 (-4.7662)
2022-04-08 06:05:05,923:INFO: Train: [226][2593/2594]  Loss -0.5064 (-1.7844)  Time:  0.174 (0.012)  Data Time:  0.005 (0.004)
2022-04-08 06:05:05,924:INFO:   Eta: 0:12:16
2022-04-08 06:05:10,727:INFO: Valid: [226][620/621]  Loss -8.8261 (-5.1899)
2022-04-08 06:05:19,398:INFO: Test: [226]  ADE: 0.4283  FDE: 0.6838
2022-04-08 06:05:47,861:INFO: Train: [227][2593/2594]  Loss -0.4699 (-1.8082)  Time:  0.155 (0.011)  Data Time:  0.004 (0.003)
2022-04-08 06:05:47,862:INFO:   Eta: 0:10:54
2022-04-08 06:05:52,650:INFO: Valid: [227][620/621]  Loss -8.4653 (-4.9956)
2022-04-08 06:06:18,611:INFO: Train: [228][2593/2594]  Loss -0.5277 (-1.7642)  Time:  0.143 (0.010)  Data Time:  0.003 (0.003)
2022-04-08 06:06:18,611:INFO:   Eta: 0:09:30
2022-04-08 06:06:23,282:INFO: Valid: [228][620/621]  Loss -8.9234 (-5.2703)
2022-04-08 06:06:46,044:INFO: Train: [229][2593/2594]  Loss -0.4745 (-1.7865)  Time:  0.122 (0.009)  Data Time:  0.003 (0.003)
2022-04-08 06:06:46,045:INFO:   Eta: 0:07:57
2022-04-08 06:06:50,591:INFO: Valid: [229][620/621]  Loss -7.6655 (-4.5118)
2022-04-08 06:07:13,217:INFO: Train: [230][2593/2594]  Loss -0.5006 (-1.7926)  Time:  0.126 (0.009)  Data Time:  0.002 (0.002)
2022-04-08 06:07:13,218:INFO:   Eta: 0:07:31
2022-04-08 06:07:18,089:INFO: Valid: [230][620/621]  Loss -8.8304 (-5.2198)
2022-04-08 06:07:40,379:INFO: Train: [231][2593/2594]  Loss -0.5158 (-1.8040)  Time:  0.130 (0.009)  Data Time:  0.003 (0.002)
2022-04-08 06:07:40,381:INFO:   Eta: 0:07:02
2022-04-08 06:07:45,213:INFO: Valid: [231][620/621]  Loss -8.8222 (-5.2000)
2022-04-08 06:08:07,711:INFO: Train: [232][2593/2594]  Loss -0.4770 (-1.8145)  Time:  0.165 (0.009)  Data Time:  0.004 (0.002)
2022-04-08 06:08:07,712:INFO:   Eta: 0:06:44
2022-04-08 06:08:12,451:INFO: Valid: [232][620/621]  Loss -8.1901 (-4.8501)
2022-04-08 06:08:38,435:INFO: Train: [233][2593/2594]  Loss -0.4400 (-1.6622)  Time:  0.142 (0.010)  Data Time:  0.002 (0.003)
2022-04-08 06:08:38,436:INFO:   Eta: 0:07:21
2022-04-08 06:08:43,027:INFO: Valid: [233][620/621]  Loss -8.9747 (-5.2913)
2022-04-08 06:08:43,042:INFO: Checkpoint saved...
2022-04-08 06:09:09,105:INFO: Train: [234][2593/2594]  Loss -0.5335 (-1.7566)  Time:  0.134 (0.010)  Data Time:  0.004 (0.003)
2022-04-08 06:09:09,106:INFO:   Eta: 0:06:56
2022-04-08 06:09:13,836:INFO: Valid: [234][620/621]  Loss -8.8725 (-5.2313)
2022-04-08 06:09:38,612:INFO: Train: [235][2593/2594]  Loss -0.4681 (-1.7825)  Time:  0.121 (0.010)  Data Time:  0.002 (0.003)
2022-04-08 06:09:38,613:INFO:   Eta: 0:06:11
2022-04-08 06:09:43,393:INFO: Valid: [235][620/621]  Loss -8.9127 (-5.2538)
2022-04-08 06:10:05,264:INFO: Train: [236][2593/2594]  Loss -0.5331 (-1.7428)  Time:  0.114 (0.008)  Data Time:  0.003 (0.002)
2022-04-08 06:10:05,265:INFO:   Eta: 0:05:05
2022-04-08 06:10:10,104:INFO: Valid: [236][620/621]  Loss -8.1332 (-4.7826)
2022-04-08 06:10:17,506:INFO: Test: [236]  ADE: 0.4150  FDE: 0.5532
2022-04-08 06:10:39,541:INFO: Train: [237][2593/2594]  Loss -0.4957 (-1.7660)  Time:  0.119 (0.008)  Data Time:  0.002 (0.002)
2022-04-08 06:10:39,542:INFO:   Eta: 0:04:46
2022-04-08 06:10:44,035:INFO: Valid: [237][620/621]  Loss -7.3197 (-4.2944)
2022-04-08 06:11:05,493:INFO: Train: [238][2593/2594]  Loss -0.4889 (-1.6818)  Time:  0.166 (0.008)  Data Time:  0.003 (0.002)
2022-04-08 06:11:05,494:INFO:   Eta: 0:04:17
2022-04-08 06:11:09,977:INFO: Valid: [238][620/621]  Loss -8.5233 (-5.0388)
2022-04-08 06:11:31,648:INFO: Train: [239][2593/2594]  Loss -0.3553 (-1.8092)  Time:  0.121 (0.008)  Data Time:  0.003 (0.002)
2022-04-08 06:11:31,649:INFO:   Eta: 0:03:58
2022-04-08 06:11:36,242:INFO: Valid: [239][620/621]  Loss -9.0266 (-5.3292)
2022-04-08 06:11:36,259:INFO: Checkpoint saved...
2022-04-08 06:11:54,898:INFO: Train: [240][2593/2594]  Loss -0.4857 (-1.7692)  Time:  0.109 (0.007)  Data Time:  0.000 (0.002)
2022-04-08 06:11:54,899:INFO:   Eta: 0:03:06
2022-04-08 06:11:59,591:INFO: Valid: [240][620/621]  Loss -8.8193 (-5.2056)
2022-04-08 06:12:17,364:INFO: Train: [241][2593/2594]  Loss -0.4696 (-1.7979)  Time:  0.126 (0.007)  Data Time:  0.001 (0.001)
2022-04-08 06:12:17,365:INFO:   Eta: 0:02:39
2022-04-08 06:12:22,205:INFO: Valid: [241][620/621]  Loss -8.7521 (-5.1487)
2022-04-08 06:12:42,459:INFO: Train: [242][2593/2594]  Loss -0.5076 (-1.8065)  Time:  0.113 (0.008)  Data Time:  0.000 (0.001)
2022-04-08 06:12:42,460:INFO:   Eta: 0:02:41
2022-04-08 06:12:46,954:INFO: Valid: [242][620/621]  Loss -8.4290 (-4.9672)
2022-04-08 06:13:05,542:INFO: Train: [243][2593/2594]  Loss -0.4503 (-1.8360)  Time:  0.111 (0.007)  Data Time:  0.001 (0.002)
2022-04-08 06:13:05,544:INFO:   Eta: 0:02:09
2022-04-08 06:13:10,195:INFO: Valid: [243][620/621]  Loss -8.1798 (-4.8414)
2022-04-08 06:13:32,233:INFO: Train: [244][2593/2594]  Loss -0.4792 (-1.8126)  Time:  0.133 (0.008)  Data Time:  0.002 (0.002)
2022-04-08 06:13:32,251:INFO:   Eta: 0:02:12
2022-04-08 06:13:36,849:INFO: Valid: [244][620/621]  Loss -7.9882 (-4.7340)
2022-04-08 06:13:59,019:INFO: Train: [245][2593/2594]  Loss -0.5157 (-1.6831)  Time:  0.117 (0.008)  Data Time:  0.003 (0.002)
2022-04-08 06:13:59,020:INFO:   Eta: 0:01:50
2022-04-08 06:14:03,558:INFO: Valid: [245][620/621]  Loss -8.8416 (-5.2229)
2022-04-08 06:14:25,192:INFO: Train: [246][2593/2594]  Loss -0.4088 (-1.7965)  Time:  0.130 (0.008)  Data Time:  0.002 (0.002)
2022-04-08 06:14:25,194:INFO:   Eta: 0:01:26
2022-04-08 06:14:29,798:INFO: Valid: [246][620/621]  Loss -8.7954 (-5.1946)
2022-04-08 06:14:37,239:INFO: Test: [246]  ADE: 0.4711  FDE: 0.7848
2022-04-08 06:14:58,910:INFO: Train: [247][2593/2594]  Loss -0.4532 (-1.6268)  Time:  0.115 (0.008)  Data Time:  0.002 (0.002)
2022-04-08 06:14:58,911:INFO:   Eta: 0:01:04
2022-04-08 06:15:03,437:INFO: Valid: [247][620/621]  Loss -8.9083 (-5.2681)
2022-04-08 06:15:25,563:INFO: Train: [248][2593/2594]  Loss -0.4154 (-1.7712)  Time:  0.116 (0.009)  Data Time:  0.002 (0.002)
2022-04-08 06:15:25,564:INFO:   Eta: 0:00:44
2022-04-08 06:15:30,280:INFO: Valid: [248][620/621]  Loss -8.4388 (-4.9855)
2022-04-08 06:15:52,481:INFO: Train: [249][2593/2594]  Loss -0.4493 (-1.7573)  Time:  0.120 (0.009)  Data Time:  0.002 (0.002)
2022-04-08 06:15:52,482:INFO:   Eta: 0:00:22
2022-04-08 06:15:56,972:INFO: Valid: [249][620/621]  Loss -8.8308 (-5.2027)
