2022-05-13 14:30:03,118:INFO: batch_size=128
2022-05-13 14:30:03,118:INFO: clip_grad=None
2022-05-13 14:30:03,118:INFO: dataset=eth
2022-05-13 14:30:03,118:INFO: dict_kernel_size=3
2022-05-13 14:30:03,118:INFO: drop=0.0
2022-05-13 14:30:03,118:INFO: gpu_num=0
2022-05-13 14:30:03,118:INFO: ilr=0.005
2022-05-13 14:30:03,118:INFO: init=kmeans
2022-05-13 14:30:03,118:INFO: input_size=2
2022-05-13 14:30:03,118:INFO: kernel_size=3
2022-05-13 14:30:03,118:INFO: log_dir=./runs/9-0.5xlr
2022-05-13 14:30:03,118:INFO: lr=0.01
2022-05-13 14:30:03,119:INFO: lr_sh_rate=150
2022-05-13 14:30:03,119:INFO: model=social_stgcnn9
2022-05-13 14:30:03,119:INFO: n_stgcnn=1
2022-05-13 14:30:03,119:INFO: n_txpcnn=5
2022-05-13 14:30:03,119:INFO: name=9-0.5xlr
2022-05-13 14:30:03,119:INFO: num_epochs=250
2022-05-13 14:30:03,119:INFO: obs_seq_len=8
2022-05-13 14:30:03,119:INFO: output_size=5
2022-05-13 14:30:03,119:INFO: pred_seq_len=12
2022-05-13 14:30:03,119:INFO: seed=0
2022-05-13 14:30:03,119:INFO: tag=eth
2022-05-13 14:30:03,119:INFO: use_lrschd=True
2022-05-13 14:30:03,119:INFO: ******************************
2022-05-13 14:30:03,119:INFO: Training initiating....
2022-05-13 14:30:03,119:INFO: Namespace(model='social_stgcnn9', name='9-0.5xlr', input_size=2, output_size=5, n_stgcnn=1, n_txpcnn=5, kernel_size=3, obs_seq_len=8, pred_seq_len=12, dataset='eth', batch_size=128, num_epochs=250, clip_grad=None, lr=0.01, ilr=0.005, lr_sh_rate=150, use_lrschd=True, tag='eth', log_dir='./runs/9-0.5xlr', seed=0, gpu_num='0', drop=0.0, init='kmeans', dict_kernel_size=3)
2022-05-13 14:30:03,410:INFO: Initializing train dataset
2022-05-13 14:30:25,832:INFO: Initializing val dataset
2022-05-13 14:30:58,095:INFO: social_stgcnn9
2022-05-13 14:30:58,170:INFO: 0.01
2022-05-13 14:30:58,170:INFO: 0.01
2022-05-13 14:30:58,170:INFO: 0.01
2022-05-13 14:30:58,170:INFO: 0.005
2022-05-13 14:30:58,170:INFO: Data and model loaded
2022-05-13 14:30:58,170:INFO: Checkpoint dir: ./runs/9-0.5xlr/eth/checkpoint
2022-05-13 14:30:58,170:INFO: Training started ...
2022-05-13 14:32:47,162:INFO: Train: [0][2784/2785]  Loss 0.6237 (1.3904)  Time:  1.422 (0.039)  Data Time:  0.022 (0.016)
2022-05-13 14:32:47,163:INFO:   Eta: 7:34:03
2022-05-13 14:34:25,540:INFO: Train: [1][2784/2785]  Loss 0.3746 (0.5980)  Time:  1.481 (0.035)  Data Time:  0.021 (0.016)
2022-05-13 14:34:25,542:INFO:   Eta: 6:47:41
2022-05-13 14:36:02,602:INFO: Train: [2][2784/2785]  Loss 0.1044 (0.4388)  Time:  1.615 (0.035)  Data Time:  0.019 (0.016)
2022-05-13 14:36:02,604:INFO:   Eta: 6:40:36
2022-05-13 14:37:17,732:INFO: Train: [3][2784/2785]  Loss -0.0676 (0.1795)  Time:  0.536 (0.027)  Data Time:  0.000 (0.011)
2022-05-13 14:37:17,733:INFO:   Eta: 5:08:32
2022-05-13 14:37:45,084:INFO: Train: [4][2784/2785]  Loss -0.0236 (-0.0001)  Time:  0.748 (0.010)  Data Time:  0.000 (0.000)
2022-05-13 14:37:45,085:INFO:   Eta: 1:51:32
2022-05-13 14:39:15,688:INFO: Train: [5][2784/2785]  Loss -0.2469 (-0.0910)  Time:  1.370 (0.032)  Data Time:  0.021 (0.014)
2022-05-13 14:39:15,690:INFO:   Eta: 6:09:29
2022-05-13 14:40:52,248:INFO: Train: [6][2784/2785]  Loss -0.1816 (-0.1931)  Time:  1.363 (0.035)  Data Time:  0.021 (0.015)
2022-05-13 14:40:52,250:INFO:   Eta: 6:32:13
2022-05-13 14:42:28,137:INFO: Train: [7][2784/2785]  Loss -0.2859 (-0.1733)  Time:  1.368 (0.034)  Data Time:  0.001 (0.015)
2022-05-13 14:42:28,139:INFO:   Eta: 6:27:54
2022-05-13 14:44:04,256:INFO: Train: [8][2784/2785]  Loss 0.2325 (-0.1173)  Time:  1.306 (0.034)  Data Time:  0.014 (0.015)
2022-05-13 14:44:04,257:INFO:   Eta: 6:27:10
2022-05-13 14:45:39,229:INFO: Train: [9][2784/2785]  Loss -0.3760 (-0.2078)  Time:  1.512 (0.034)  Data Time:  0.021 (0.015)
2022-05-13 14:45:39,230:INFO:   Eta: 6:20:52
2022-05-13 14:47:14,224:INFO: Train: [10][2784/2785]  Loss -0.4474 (-0.2856)  Time:  1.489 (0.034)  Data Time:  0.023 (0.015)
2022-05-13 14:47:14,236:INFO:   Eta: 6:19:32
2022-05-13 14:48:50,230:INFO: Train: [11][2784/2785]  Loss -0.3539 (-0.3821)  Time:  1.519 (0.034)  Data Time:  0.021 (0.015)
2022-05-13 14:48:50,231:INFO:   Eta: 6:21:55
2022-05-13 14:50:28,357:INFO: Train: [12][2784/2785]  Loss -0.5736 (-0.5008)  Time:  1.439 (0.035)  Data Time:  0.021 (0.016)
2022-05-13 14:50:28,359:INFO:   Eta: 6:28:43
2022-05-13 14:52:06,045:INFO: Train: [13][2784/2785]  Loss -0.4256 (-0.4681)  Time:  1.464 (0.035)  Data Time:  0.013 (0.016)
2022-05-13 14:52:06,046:INFO:   Eta: 6:25:21
2022-05-13 14:53:02,916:INFO: Train: [14][2784/2785]  Loss -0.5208 (-0.5871)  Time:  0.483 (0.020)  Data Time:  0.000 (0.007)
2022-05-13 14:53:02,918:INFO:   Eta: 3:43:13
2022-05-13 14:53:37,206:INFO: Train: [15][2784/2785]  Loss -0.3083 (-0.5461)  Time:  1.385 (0.012)  Data Time:  0.021 (0.002)
2022-05-13 14:53:37,208:INFO:   Eta: 2:13:47
2022-05-13 14:55:16,369:INFO: Train: [16][2784/2785]  Loss -0.2460 (-0.6210)  Time:  1.407 (0.036)  Data Time:  0.022 (0.016)
2022-05-13 14:55:16,370:INFO:   Eta: 6:26:13
2022-05-13 14:56:54,481:INFO: Train: [17][2784/2785]  Loss -0.4526 (-0.6053)  Time:  1.448 (0.035)  Data Time:  0.014 (0.016)
2022-05-13 14:56:54,483:INFO:   Eta: 6:20:34
2022-05-13 14:58:32,625:INFO: Train: [18][2784/2785]  Loss -0.6324 (-0.7065)  Time:  1.446 (0.035)  Data Time:  0.019 (0.016)
2022-05-13 14:58:32,626:INFO:   Eta: 6:18:53
2022-05-13 15:00:11,618:INFO: Train: [19][2784/2785]  Loss -0.6810 (-0.6824)  Time:  1.456 (0.036)  Data Time:  0.020 (0.016)
2022-05-13 15:00:11,619:INFO:   Eta: 6:20:41
2022-05-13 15:01:50,226:INFO: Train: [20][2784/2785]  Loss -0.6679 (-0.7874)  Time:  1.470 (0.035)  Data Time:  0.016 (0.016)
2022-05-13 15:01:50,227:INFO:   Eta: 6:17:33
2022-05-13 15:03:29,455:INFO: Train: [21][2784/2785]  Loss -0.4534 (-0.8225)  Time:  1.453 (0.036)  Data Time:  0.010 (0.016)
2022-05-13 15:03:29,456:INFO:   Eta: 6:18:16
2022-05-13 15:05:09,164:INFO: Train: [22][2784/2785]  Loss -0.4431 (-0.8653)  Time:  1.498 (0.036)  Data Time:  0.021 (0.017)
2022-05-13 15:05:09,166:INFO:   Eta: 6:18:28
2022-05-13 15:06:47,898:INFO: Train: [23][2784/2785]  Loss -0.3122 (-0.8322)  Time:  1.461 (0.035)  Data Time:  0.021 (0.016)
2022-05-13 15:06:47,900:INFO:   Eta: 6:13:02
2022-05-13 15:08:27,630:INFO: Train: [24][2784/2785]  Loss -0.6689 (-0.8894)  Time:  1.495 (0.036)  Data Time:  0.017 (0.016)
2022-05-13 15:08:27,632:INFO:   Eta: 6:15:06
2022-05-13 15:09:13,115:INFO: Train: [25][2784/2785]  Loss -0.6719 (-0.8975)  Time:  0.485 (0.016)  Data Time:  0.000 (0.005)
2022-05-13 15:09:13,116:INFO:   Eta: 2:50:06
2022-05-13 15:09:57,125:INFO: Train: [26][2784/2785]  Loss -0.9009 (-0.9059)  Time:  0.466 (0.016)  Data Time:  0.000 (0.004)
2022-05-13 15:09:57,126:INFO:   Eta: 2:43:55
2022-05-13 15:10:26,026:INFO: Train: [27][2784/2785]  Loss -0.3401 (-0.8437)  Time:  1.431 (0.010)  Data Time:  0.021 (0.001)
2022-05-13 15:10:26,027:INFO:   Eta: 1:46:55
2022-05-13 15:12:04,947:INFO: Train: [28][2784/2785]  Loss -0.8320 (-1.0051)  Time:  1.422 (0.035)  Data Time:  0.021 (0.016)
2022-05-13 15:12:04,949:INFO:   Eta: 6:05:32
2022-05-13 15:13:45,841:INFO: Train: [29][2784/2785]  Loss -0.7883 (-0.9116)  Time:  1.458 (0.036)  Data Time:  0.021 (0.017)
2022-05-13 15:13:45,842:INFO:   Eta: 6:11:10
2022-05-13 15:15:26,603:INFO: Train: [30][2784/2785]  Loss -0.7410 (-0.9662)  Time:  1.459 (0.036)  Data Time:  0.021 (0.017)
2022-05-13 15:15:26,604:INFO:   Eta: 6:09:01
2022-05-13 15:17:05,049:INFO: Train: [31][2784/2785]  Loss -0.7855 (-0.9216)  Time:  1.405 (0.035)  Data Time:  0.021 (0.016)
2022-05-13 15:17:05,050:INFO:   Eta: 5:58:49
2022-05-13 15:18:44,505:INFO: Train: [32][2784/2785]  Loss -0.7633 (-1.0202)  Time:  1.450 (0.036)  Data Time:  0.001 (0.016)
2022-05-13 15:18:44,507:INFO:   Eta: 6:00:54
2022-05-13 15:20:24,748:INFO: Train: [33][2784/2785]  Loss -0.5842 (-0.8876)  Time:  1.441 (0.036)  Data Time:  0.021 (0.016)
2022-05-13 15:20:24,749:INFO:   Eta: 6:02:07
2022-05-13 15:22:04,243:INFO: Train: [34][2784/2785]  Loss -0.7860 (-1.0037)  Time:  1.484 (0.036)  Data Time:  0.021 (0.016)
2022-05-13 15:22:04,244:INFO:   Eta: 5:57:38
2022-05-13 15:23:44,398:INFO: Train: [35][2784/2785]  Loss -0.7398 (-1.0390)  Time:  1.386 (0.036)  Data Time:  0.019 (0.016)
2022-05-13 15:23:44,399:INFO:   Eta: 5:58:25
2022-05-13 15:25:22,483:INFO: Train: [36][2784/2785]  Loss -0.7911 (-1.0409)  Time:  1.482 (0.035)  Data Time:  0.021 (0.016)
2022-05-13 15:25:22,485:INFO:   Eta: 5:49:26
2022-05-13 15:26:17,465:INFO: Train: [37][2784/2785]  Loss -0.9589 (-1.0501)  Time:  0.479 (0.020)  Data Time:  0.000 (0.007)
2022-05-13 15:26:17,466:INFO:   Eta: 3:14:45
2022-05-13 15:27:01,908:INFO: Train: [38][2784/2785]  Loss -0.9124 (-1.0399)  Time:  1.488 (0.016)  Data Time:  0.021 (0.004)
2022-05-13 15:27:01,909:INFO:   Eta: 2:36:39
2022-05-13 15:28:40,366:INFO: Train: [39][2784/2785]  Loss -0.9650 (-1.0714)  Time:  1.464 (0.035)  Data Time:  0.001 (0.016)
2022-05-13 15:28:40,367:INFO:   Eta: 5:45:36
2022-05-13 15:30:17,433:INFO: Train: [40][2784/2785]  Loss -0.8227 (-1.0737)  Time:  1.438 (0.035)  Data Time:  0.021 (0.016)
2022-05-13 15:30:17,434:INFO:   Eta: 5:39:15
2022-05-13 15:31:57,209:INFO: Train: [41][2784/2785]  Loss -0.5610 (-1.1255)  Time:  1.457 (0.036)  Data Time:  0.021 (0.016)
2022-05-13 15:31:57,210:INFO:   Eta: 5:47:08
2022-05-13 15:33:34,801:INFO: Train: [42][2784/2785]  Loss -0.9663 (-1.2121)  Time:  1.539 (0.035)  Data Time:  0.005 (0.016)
2022-05-13 15:33:34,802:INFO:   Eta: 5:37:53
2022-05-13 15:35:13,757:INFO: Train: [43][2784/2785]  Loss -0.7179 (-1.1396)  Time:  1.348 (0.035)  Data Time:  0.023 (0.016)
2022-05-13 15:35:13,758:INFO:   Eta: 5:41:01
2022-05-13 15:36:53,826:INFO: Train: [44][2784/2785]  Loss -0.7837 (-1.1203)  Time:  1.483 (0.036)  Data Time:  0.021 (0.016)
2022-05-13 15:36:53,828:INFO:   Eta: 5:43:11
2022-05-13 15:38:30,184:INFO: Train: [45][2784/2785]  Loss -1.0257 (-1.1289)  Time:  1.421 (0.035)  Data Time:  0.001 (0.016)
2022-05-13 15:38:30,185:INFO:   Eta: 5:28:41
2022-05-13 15:40:06,830:INFO: Train: [46][2784/2785]  Loss -0.9136 (-1.1989)  Time:  1.422 (0.035)  Data Time:  0.021 (0.016)
2022-05-13 15:40:06,833:INFO:   Eta: 5:27:41
2022-05-13 15:41:44,964:INFO: Train: [47][2784/2785]  Loss -0.8481 (-1.1000)  Time:  1.452 (0.035)  Data Time:  0.001 (0.016)
2022-05-13 15:41:44,966:INFO:   Eta: 5:30:18
2022-05-13 15:42:18,582:INFO: Train: [48][2784/2785]  Loss -1.0936 (-1.1793)  Time:  0.617 (0.012)  Data Time:  0.000 (0.002)
2022-05-13 15:42:18,583:INFO:   Eta: 1:51:42
2022-05-13 15:42:45,118:INFO: Train: [49][2784/2785]  Loss -1.0685 (-1.1982)  Time:  0.481 (0.009)  Data Time:  0.000 (0.000)
2022-05-13 15:42:45,119:INFO:   Eta: 1:27:51
2022-05-13 15:43:44,629:INFO: Train: [50][2784/2785]  Loss -0.9333 (-1.2855)  Time:  1.463 (0.021)  Data Time:  0.001 (0.008)
2022-05-13 15:43:44,631:INFO:   Eta: 3:17:48
2022-05-13 15:45:23,366:INFO: Train: [51][2784/2785]  Loss -0.9051 (-1.2030)  Time:  1.456 (0.035)  Data Time:  0.013 (0.016)
2022-05-13 15:45:23,367:INFO:   Eta: 5:27:04
2022-05-13 15:47:03,088:INFO: Train: [52][2784/2785]  Loss -1.0550 (-1.1667)  Time:  1.465 (0.036)  Data Time:  0.021 (0.017)
2022-05-13 15:47:03,089:INFO:   Eta: 5:28:42
2022-05-13 15:48:42,165:INFO: Train: [53][2784/2785]  Loss -1.0595 (-1.2619)  Time:  1.459 (0.036)  Data Time:  0.021 (0.016)
2022-05-13 15:48:42,166:INFO:   Eta: 5:24:46
2022-05-13 15:50:20,235:INFO: Train: [54][2784/2785]  Loss -0.8956 (-1.2350)  Time:  1.452 (0.035)  Data Time:  0.012 (0.016)
2022-05-13 15:50:20,237:INFO:   Eta: 5:19:57
2022-05-13 15:52:00,077:INFO: Train: [55][2784/2785]  Loss -0.9287 (-1.2030)  Time:  1.486 (0.036)  Data Time:  0.022 (0.017)
2022-05-13 15:52:00,078:INFO:   Eta: 5:24:05
2022-05-13 15:53:38,838:INFO: Train: [56][2784/2785]  Loss -0.8525 (-1.2009)  Time:  1.441 (0.035)  Data Time:  0.021 (0.016)
2022-05-13 15:53:38,840:INFO:   Eta: 5:18:58
2022-05-13 15:55:17,762:INFO: Train: [57][2784/2785]  Loss -0.8311 (-1.2875)  Time:  1.481 (0.035)  Data Time:  0.023 (0.016)
2022-05-13 15:55:17,764:INFO:   Eta: 5:17:45
2022-05-13 15:56:56,642:INFO: Train: [58][2784/2785]  Loss -0.9606 (-1.2803)  Time:  1.475 (0.035)  Data Time:  0.021 (0.016)
2022-05-13 15:56:56,643:INFO:   Eta: 5:15:57
2022-05-13 15:58:36,820:INFO: Train: [59][2784/2785]  Loss -0.9492 (-1.3823)  Time:  1.530 (0.036)  Data Time:  0.021 (0.017)
2022-05-13 15:58:36,822:INFO:   Eta: 5:18:29
2022-05-13 15:59:06,032:INFO: Train: [60][2784/2785]  Loss -0.9355 (-1.1730)  Time:  0.498 (0.010)  Data Time:  0.000 (0.001)
2022-05-13 15:59:06,033:INFO:   Eta: 1:32:07
2022-05-13 16:00:08,759:INFO: Train: [61][2784/2785]  Loss -0.7811 (-1.2910)  Time:  1.398 (0.022)  Data Time:  0.016 (0.008)
2022-05-13 16:00:08,761:INFO:   Eta: 3:17:11
2022-05-13 16:01:47,930:INFO: Train: [62][2784/2785]  Loss -0.9694 (-1.3079)  Time:  1.433 (0.036)  Data Time:  0.001 (0.016)
2022-05-13 16:01:47,932:INFO:   Eta: 5:10:19
2022-05-13 16:03:26,926:INFO: Train: [63][2784/2785]  Loss -0.9563 (-1.2602)  Time:  1.429 (0.035)  Data Time:  0.023 (0.016)
2022-05-13 16:03:26,927:INFO:   Eta: 5:08:07
2022-05-13 16:05:06,765:INFO: Train: [64][2784/2785]  Loss -1.0945 (-1.2871)  Time:  1.485 (0.036)  Data Time:  0.014 (0.016)
2022-05-13 16:05:06,767:INFO:   Eta: 5:09:01
2022-05-13 16:06:45,508:INFO: Train: [65][2784/2785]  Loss -1.1124 (-1.4154)  Time:  1.441 (0.035)  Data Time:  0.022 (0.016)
2022-05-13 16:06:45,510:INFO:   Eta: 5:04:07
2022-05-13 16:08:23,910:INFO: Train: [66][2784/2785]  Loss -0.8315 (-1.3387)  Time:  1.430 (0.035)  Data Time:  0.021 (0.016)
2022-05-13 16:08:23,911:INFO:   Eta: 5:01:24
2022-05-13 16:10:03,737:INFO: Train: [67][2784/2785]  Loss -1.0523 (-1.3328)  Time:  1.429 (0.036)  Data Time:  0.003 (0.016)
2022-05-13 16:10:03,739:INFO:   Eta: 5:04:07
2022-05-13 16:11:42,611:INFO: Train: [68][2784/2785]  Loss -0.9562 (-1.3692)  Time:  1.484 (0.035)  Data Time:  0.001 (0.016)
2022-05-13 16:11:42,612:INFO:   Eta: 4:59:32
2022-05-13 16:13:21,623:INFO: Train: [69][2784/2785]  Loss -1.0285 (-1.3870)  Time:  1.407 (0.036)  Data Time:  0.002 (0.016)
2022-05-13 16:13:21,625:INFO:   Eta: 4:58:20
2022-05-13 16:14:50,375:INFO: Train: [70][2784/2785]  Loss -1.1197 (-1.3566)  Time:  0.523 (0.032)  Data Time:  0.000 (0.014)
2022-05-13 16:14:50,385:INFO:   Eta: 4:25:54
2022-05-13 16:15:17,172:INFO: Train: [71][2784/2785]  Loss -1.0459 (-1.3117)  Time:  0.502 (0.009)  Data Time:  0.000 (0.000)
2022-05-13 16:15:17,173:INFO:   Eta: 1:17:34
2022-05-13 16:16:31,655:INFO: Train: [72][2784/2785]  Loss -1.1531 (-1.3561)  Time:  1.440 (0.027)  Data Time:  0.022 (0.011)
2022-05-13 16:16:31,658:INFO:   Eta: 3:40:36
2022-05-13 16:18:10,699:INFO: Train: [73][2784/2785]  Loss -0.9728 (-1.4236)  Time:  1.474 (0.036)  Data Time:  0.021 (0.016)
2022-05-13 16:18:10,701:INFO:   Eta: 4:51:50
2022-05-13 16:19:49,902:INFO: Train: [74][2784/2785]  Loss -1.0401 (-1.3402)  Time:  1.516 (0.036)  Data Time:  0.003 (0.016)
2022-05-13 16:19:49,903:INFO:   Eta: 4:50:37
2022-05-13 16:21:29,492:INFO: Train: [75][2784/2785]  Loss -1.0745 (-1.3902)  Time:  1.411 (0.036)  Data Time:  0.021 (0.016)
2022-05-13 16:21:29,493:INFO:   Eta: 4:50:07
2022-05-13 16:23:10,226:INFO: Train: [76][2784/2785]  Loss -1.2727 (-1.3867)  Time:  1.499 (0.036)  Data Time:  0.022 (0.017)
2022-05-13 16:23:10,227:INFO:   Eta: 4:51:48
2022-05-13 16:24:49,476:INFO: Train: [77][2784/2785]  Loss -1.2018 (-1.3823)  Time:  1.435 (0.036)  Data Time:  0.022 (0.016)
2022-05-13 16:24:49,477:INFO:   Eta: 4:45:50
2022-05-13 16:26:29,599:INFO: Train: [78][2784/2785]  Loss -1.1678 (-1.3810)  Time:  1.388 (0.036)  Data Time:  0.021 (0.017)
2022-05-13 16:26:29,601:INFO:   Eta: 4:46:38
2022-05-13 16:28:09,665:INFO: Train: [79][2784/2785]  Loss -1.1613 (-1.4238)  Time:  1.500 (0.036)  Data Time:  0.021 (0.017)
2022-05-13 16:28:09,667:INFO:   Eta: 4:44:53
2022-05-13 16:29:50,805:INFO: Train: [80][2784/2785]  Loss -1.2372 (-1.4154)  Time:  1.474 (0.036)  Data Time:  0.021 (0.017)
2022-05-13 16:29:50,806:INFO:   Eta: 4:46:14
2022-05-13 16:31:09,206:INFO: Train: [81][2784/2785]  Loss -1.2484 (-1.3821)  Time:  0.468 (0.028)  Data Time:  0.000 (0.012)
2022-05-13 16:31:09,282:INFO:   Eta: 3:40:00
2022-05-13 16:31:36,174:INFO: Train: [82][2784/2785]  Loss -1.1076 (-1.4109)  Time:  0.485 (0.010)  Data Time:  0.000 (0.000)
2022-05-13 16:31:36,175:INFO:   Eta: 1:14:50
2022-05-13 16:33:03,275:INFO: Train: [83][2784/2785]  Loss -0.8765 (-1.4035)  Time:  1.635 (0.031)  Data Time:  0.021 (0.013)
2022-05-13 16:33:03,276:INFO:   Eta: 4:02:05
2022-05-13 16:34:44,229:INFO: Train: [84][2784/2785]  Loss -0.8049 (-1.3478)  Time:  1.450 (0.036)  Data Time:  0.021 (0.017)
2022-05-13 16:34:44,230:INFO:   Eta: 4:38:59
2022-05-13 16:36:25,127:INFO: Train: [85][2784/2785]  Loss -1.0431 (-1.4573)  Time:  1.457 (0.036)  Data Time:  0.002 (0.017)
2022-05-13 16:36:25,128:INFO:   Eta: 4:37:05
2022-05-13 16:38:04,856:INFO: Train: [86][2784/2785]  Loss -1.1164 (-1.4278)  Time:  1.455 (0.036)  Data Time:  0.001 (0.016)
2022-05-13 16:38:04,857:INFO:   Eta: 4:32:05
2022-05-13 16:39:45,588:INFO: Train: [87][2784/2785]  Loss -1.1032 (-1.4886)  Time:  1.505 (0.036)  Data Time:  0.020 (0.017)
2022-05-13 16:39:45,589:INFO:   Eta: 4:33:18
2022-05-13 16:41:24,424:INFO: Train: [88][2784/2785]  Loss -1.2178 (-1.4690)  Time:  1.471 (0.035)  Data Time:  0.021 (0.016)
2022-05-13 16:41:24,425:INFO:   Eta: 4:26:25
2022-05-13 16:43:04,751:INFO: Train: [89][2784/2785]  Loss -1.1533 (-1.4392)  Time:  1.484 (0.036)  Data Time:  0.021 (0.017)
2022-05-13 16:43:04,752:INFO:   Eta: 4:28:53
2022-05-13 16:44:44,681:INFO: Train: [90][2784/2785]  Loss -1.0294 (-1.5076)  Time:  1.463 (0.036)  Data Time:  0.022 (0.017)
2022-05-13 16:44:44,682:INFO:   Eta: 4:26:08
2022-05-13 16:46:25,604:INFO: Train: [91][2784/2785]  Loss -1.0853 (-1.4394)  Time:  1.474 (0.036)  Data Time:  0.001 (0.017)
2022-05-13 16:46:25,605:INFO:   Eta: 4:27:07
2022-05-13 16:47:33,780:INFO: Train: [92][2784/2785]  Loss -1.1312 (-1.3682)  Time:  0.461 (0.024)  Data Time:  0.000 (0.010)
2022-05-13 16:47:33,781:INFO:   Eta: 2:58:54
2022-05-13 16:48:00,160:INFO: Train: [93][2784/2785]  Loss -1.1809 (-1.4025)  Time:  0.492 (0.009)  Data Time:  0.000 (0.000)
2022-05-13 16:48:00,162:INFO:   Eta: 1:08:36
2022-05-13 16:49:33,553:INFO: Train: [94][2784/2785]  Loss -1.2122 (-1.4637)  Time:  1.477 (0.033)  Data Time:  0.019 (0.015)
2022-05-13 16:49:33,555:INFO:   Eta: 4:02:26
2022-05-13 16:51:13,246:INFO: Train: [95][2784/2785]  Loss -0.9253 (-1.4697)  Time:  1.461 (0.036)  Data Time:  0.015 (0.016)
2022-05-13 16:51:13,247:INFO:   Eta: 4:17:13
2022-05-13 16:52:51,420:INFO: Train: [96][2784/2785]  Loss -1.1547 (-1.4977)  Time:  1.496 (0.035)  Data Time:  0.021 (0.016)
2022-05-13 16:52:51,421:INFO:   Eta: 4:11:39
2022-05-13 16:54:30,395:INFO: Train: [97][2784/2785]  Loss -1.1111 (-1.4846)  Time:  1.442 (0.036)  Data Time:  0.000 (0.016)
2022-05-13 16:54:30,396:INFO:   Eta: 4:12:08
2022-05-13 16:56:10,162:INFO: Train: [98][2784/2785]  Loss -1.2081 (-1.4872)  Time:  1.458 (0.036)  Data Time:  0.021 (0.017)
2022-05-13 16:56:10,163:INFO:   Eta: 4:12:27
2022-05-13 16:57:48,275:INFO: Train: [99][2784/2785]  Loss -1.1942 (-1.4547)  Time:  1.427 (0.035)  Data Time:  0.021 (0.016)
2022-05-13 16:57:48,276:INFO:   Eta: 4:06:29
2022-05-13 16:59:27,427:INFO: Train: [100][2784/2785]  Loss -1.2557 (-1.4534)  Time:  1.449 (0.036)  Data Time:  0.001 (0.016)
2022-05-13 16:59:27,429:INFO:   Eta: 4:07:35
2022-05-13 17:01:07,277:INFO: Train: [101][2784/2785]  Loss -1.1151 (-1.5150)  Time:  1.515 (0.036)  Data Time:  0.021 (0.017)
2022-05-13 17:01:07,279:INFO:   Eta: 4:07:38
2022-05-13 17:02:46,936:INFO: Train: [102][2784/2785]  Loss -1.1781 (-1.4339)  Time:  1.486 (0.036)  Data Time:  0.002 (0.016)
2022-05-13 17:02:46,937:INFO:   Eta: 4:05:32
2022-05-13 17:03:50,739:INFO: Train: [103][2784/2785]  Loss -1.1835 (-1.5054)  Time:  0.467 (0.023)  Data Time:  0.000 (0.009)
2022-05-13 17:03:50,741:INFO:   Eta: 2:35:46
2022-05-13 17:04:25,124:INFO: Train: [104][2784/2785]  Loss -1.0758 (-1.5291)  Time:  1.456 (0.012)  Data Time:  0.013 (0.002)
2022-05-13 17:04:25,125:INFO:   Eta: 1:23:23
2022-05-13 17:06:04,858:INFO: Train: [105][2784/2785]  Loss -1.2299 (-1.4861)  Time:  1.468 (0.036)  Data Time:  0.002 (0.017)
2022-05-13 17:06:04,859:INFO:   Eta: 4:00:45
2022-05-13 17:07:43,353:INFO: Train: [106][2784/2785]  Loss -1.0559 (-1.4372)  Time:  1.338 (0.035)  Data Time:  0.000 (0.016)
2022-05-13 17:07:43,355:INFO:   Eta: 3:56:07
2022-05-13 17:09:21,155:INFO: Train: [107][2784/2785]  Loss -1.2455 (-1.4975)  Time:  1.435 (0.035)  Data Time:  0.015 (0.016)
2022-05-13 17:09:21,156:INFO:   Eta: 3:52:31
2022-05-13 17:10:58,880:INFO: Train: [108][2784/2785]  Loss -1.2777 (-1.4939)  Time:  1.446 (0.035)  Data Time:  0.013 (0.016)
2022-05-13 17:10:58,881:INFO:   Eta: 3:50:59
2022-05-13 17:12:38,639:INFO: Train: [109][2784/2785]  Loss -1.0968 (-1.6087)  Time:  1.521 (0.036)  Data Time:  0.023 (0.016)
2022-05-13 17:12:38,640:INFO:   Eta: 3:54:08
2022-05-13 17:14:18,333:INFO: Train: [110][2784/2785]  Loss -1.1584 (-1.5468)  Time:  1.486 (0.036)  Data Time:  0.021 (0.016)
2022-05-13 17:14:18,334:INFO:   Eta: 3:52:21
2022-05-13 17:15:56,131:INFO: Train: [111][2784/2785]  Loss -1.1418 (-1.5226)  Time:  1.467 (0.035)  Data Time:  0.013 (0.016)
2022-05-13 17:15:56,132:INFO:   Eta: 3:46:18
2022-05-13 17:17:35,385:INFO: Train: [112][2784/2785]  Loss -1.1233 (-1.4988)  Time:  1.581 (0.036)  Data Time:  0.012 (0.016)
2022-05-13 17:17:35,386:INFO:   Eta: 3:47:59
2022-05-13 17:19:16,163:INFO: Train: [113][2784/2785]  Loss -1.2323 (-1.5795)  Time:  1.472 (0.036)  Data Time:  0.023 (0.017)
2022-05-13 17:19:16,164:INFO:   Eta: 3:49:47
2022-05-13 17:19:54,714:INFO: Train: [114][2784/2785]  Loss -1.1490 (-1.5493)  Time:  0.468 (0.014)  Data Time:  0.000 (0.003)
2022-05-13 17:19:55,680:INFO:   Eta: 1:26:49
2022-05-13 17:20:28,354:INFO: Train: [115][2784/2785]  Loss -1.1906 (-1.4990)  Time:  0.462 (0.009)  Data Time:  0.000 (0.000)
2022-05-13 17:20:28,355:INFO:   Eta: 0:59:08
2022-05-13 17:21:17,206:INFO: Train: [116][2784/2785]  Loss -1.1713 (-1.5645)  Time:  1.453 (0.017)  Data Time:  0.001 (0.005)
2022-05-13 17:21:17,247:INFO:   Eta: 1:48:39
2022-05-13 17:22:57,256:INFO: Train: [117][2784/2785]  Loss -1.2389 (-1.5270)  Time:  1.425 (0.036)  Data Time:  0.021 (0.016)
2022-05-13 17:22:57,257:INFO:   Eta: 3:39:15
2022-05-13 17:24:36,336:INFO: Train: [118][2784/2785]  Loss -1.2721 (-1.5880)  Time:  1.464 (0.036)  Data Time:  0.023 (0.016)
2022-05-13 17:24:36,337:INFO:   Eta: 3:37:44
2022-05-13 17:26:15,935:INFO: Train: [119][2784/2785]  Loss -1.1516 (-1.5173)  Time:  1.493 (0.036)  Data Time:  0.021 (0.016)
2022-05-13 17:26:15,936:INFO:   Eta: 3:37:07
2022-05-13 17:27:55,373:INFO: Train: [120][2784/2785]  Loss -1.2302 (-1.5312)  Time:  1.478 (0.036)  Data Time:  0.016 (0.016)
2022-05-13 17:27:55,374:INFO:   Eta: 3:35:11
2022-05-13 17:29:35,051:INFO: Train: [121][2784/2785]  Loss -1.2892 (-1.5604)  Time:  1.467 (0.036)  Data Time:  0.021 (0.016)
2022-05-13 17:29:35,052:INFO:   Eta: 3:34:03
2022-05-13 17:31:15,449:INFO: Train: [122][2784/2785]  Loss -1.1575 (-1.5124)  Time:  1.460 (0.036)  Data Time:  0.002 (0.017)
2022-05-13 17:31:15,451:INFO:   Eta: 3:33:57
2022-05-13 17:32:54,827:INFO: Train: [123][2784/2785]  Loss -1.1606 (-1.5442)  Time:  1.487 (0.036)  Data Time:  0.023 (0.016)
2022-05-13 17:32:54,828:INFO:   Eta: 3:30:02
2022-05-13 17:34:34,064:INFO: Train: [124][2784/2785]  Loss -1.2943 (-1.5861)  Time:  1.480 (0.036)  Data Time:  0.023 (0.016)
2022-05-13 17:34:34,065:INFO:   Eta: 3:28:03
2022-05-13 17:36:14,025:INFO: Train: [125][2784/2785]  Loss -1.1930 (-1.6109)  Time:  1.467 (0.036)  Data Time:  0.023 (0.016)
2022-05-13 17:36:14,026:INFO:   Eta: 3:27:59
2022-05-13 17:36:47,703:INFO: Train: [126][2784/2785]  Loss -1.0538 (-1.5889)  Time:  0.540 (0.012)  Data Time:  0.000 (0.002)
2022-05-13 17:36:47,705:INFO:   Eta: 1:09:22
2022-05-13 17:37:28,422:INFO: Train: [127][2784/2785]  Loss -1.1524 (-1.5510)  Time:  1.545 (0.015)  Data Time:  0.014 (0.003)
2022-05-13 17:37:28,424:INFO:   Eta: 1:23:13
2022-05-13 17:39:07,777:INFO: Train: [128][2784/2785]  Loss -1.2280 (-1.6005)  Time:  1.418 (0.036)  Data Time:  0.021 (0.016)
2022-05-13 17:39:07,778:INFO:   Eta: 3:21:46
2022-05-13 17:40:49,001:INFO: Train: [129][2784/2785]  Loss -1.1298 (-1.5478)  Time:  1.499 (0.036)  Data Time:  0.021 (0.017)
2022-05-13 17:40:49,003:INFO:   Eta: 3:23:54
2022-05-13 17:42:30,517:INFO: Train: [130][2784/2785]  Loss -1.2211 (-1.5683)  Time:  1.454 (0.036)  Data Time:  0.021 (0.017)
2022-05-13 17:42:30,518:INFO:   Eta: 3:22:48
2022-05-13 17:44:10,669:INFO: Train: [131][2784/2785]  Loss -1.3101 (-1.5853)  Time:  1.486 (0.036)  Data Time:  0.021 (0.016)
2022-05-13 17:44:10,671:INFO:   Eta: 3:18:25
2022-05-13 17:45:51,166:INFO: Train: [132][2784/2785]  Loss -1.0795 (-1.5368)  Time:  1.454 (0.036)  Data Time:  0.021 (0.017)
2022-05-13 17:45:51,167:INFO:   Eta: 3:17:26
2022-05-13 17:47:32,088:INFO: Train: [133][2784/2785]  Loss -1.1254 (-1.6113)  Time:  1.349 (0.036)  Data Time:  0.021 (0.017)
2022-05-13 17:47:32,089:INFO:   Eta: 3:16:34
2022-05-13 17:49:13,012:INFO: Train: [134][2784/2785]  Loss -1.2282 (-1.6125)  Time:  1.498 (0.036)  Data Time:  0.021 (0.017)
2022-05-13 17:49:13,014:INFO:   Eta: 3:14:53
2022-05-13 17:50:53,099:INFO: Train: [135][2784/2785]  Loss -1.2531 (-1.5945)  Time:  1.469 (0.036)  Data Time:  0.022 (0.017)
2022-05-13 17:50:53,100:INFO:   Eta: 3:11:32
2022-05-13 17:52:33,888:INFO: Train: [136][2784/2785]  Loss -1.1899 (-1.6153)  Time:  1.476 (0.036)  Data Time:  0.021 (0.017)
2022-05-13 17:52:33,890:INFO:   Eta: 3:11:17
2022-05-13 17:53:14,234:INFO: Train: [137][2784/2785]  Loss -1.2009 (-1.5821)  Time:  0.473 (0.014)  Data Time:  0.000 (0.003)
2022-05-13 17:53:14,235:INFO:   Eta: 1:15:46
2022-05-13 17:53:59,396:INFO: Train: [138][2784/2785]  Loss -1.2597 (-1.5943)  Time:  0.504 (0.016)  Data Time:  0.000 (0.004)
2022-05-13 17:53:59,397:INFO:   Eta: 1:24:06
2022-05-13 17:54:48,692:INFO: Train: [139][2784/2785]  Loss -1.2532 (-1.5069)  Time:  1.413 (0.018)  Data Time:  0.013 (0.005)
2022-05-13 17:54:48,693:INFO:   Eta: 1:31:00
2022-05-13 17:56:27,991:INFO: Train: [140][2784/2785]  Loss -1.2892 (-1.5855)  Time:  1.462 (0.036)  Data Time:  0.021 (0.016)
2022-05-13 17:56:27,993:INFO:   Eta: 3:01:48
2022-05-13 17:58:06,801:INFO: Train: [141][2784/2785]  Loss -1.1864 (-1.5860)  Time:  1.449 (0.035)  Data Time:  0.021 (0.016)
2022-05-13 17:58:06,802:INFO:   Eta: 2:59:16
2022-05-13 17:59:45,362:INFO: Train: [142][2784/2785]  Loss -1.3298 (-1.6186)  Time:  1.404 (0.035)  Data Time:  0.021 (0.016)
2022-05-13 17:59:45,363:INFO:   Eta: 2:57:12
2022-05-13 18:01:24,812:INFO: Train: [143][2784/2785]  Loss -1.3540 (-1.6097)  Time:  1.450 (0.036)  Data Time:  0.021 (0.016)
2022-05-13 18:01:24,812:INFO:   Eta: 2:56:52
2022-05-13 18:03:04,168:INFO: Train: [144][2784/2785]  Loss -1.2215 (-1.5983)  Time:  1.414 (0.036)  Data Time:  0.022 (0.016)
2022-05-13 18:03:04,169:INFO:   Eta: 2:55:17
2022-05-13 18:04:42,079:INFO: Train: [145][2784/2785]  Loss -1.1923 (-1.5829)  Time:  1.497 (0.035)  Data Time:  0.021 (0.016)
2022-05-13 18:04:42,080:INFO:   Eta: 2:51:06
2022-05-13 18:06:21,123:INFO: Train: [146][2784/2785]  Loss -1.2070 (-1.6360)  Time:  1.488 (0.036)  Data Time:  0.021 (0.016)
2022-05-13 18:06:21,124:INFO:   Eta: 2:51:27
2022-05-13 18:08:00,545:INFO: Train: [147][2784/2785]  Loss -1.2433 (-1.5941)  Time:  1.401 (0.036)  Data Time:  0.023 (0.016)
2022-05-13 18:08:00,547:INFO:   Eta: 2:50:28
2022-05-13 18:09:36,047:INFO: Train: [148][2784/2785]  Loss -1.2524 (-1.5447)  Time:  0.509 (0.034)  Data Time:  0.000 (0.016)
2022-05-13 18:09:36,068:INFO:   Eta: 2:42:05
2022-05-13 18:10:03,621:INFO: Train: [149][2784/2785]  Loss -1.2897 (-1.6588)  Time:  0.478 (0.010)  Data Time:  0.000 (0.000)
2022-05-13 18:10:03,622:INFO:   Eta: 0:45:45
2022-05-13 18:11:10,276:INFO: Train: [150][2784/2785]  Loss -1.5002 (-1.7907)  Time:  1.396 (0.024)  Data Time:  0.021 (0.009)
2022-05-13 18:11:10,278:INFO:   Eta: 1:50:38
2022-05-13 18:12:48,865:INFO: Train: [151][2784/2785]  Loss -1.3316 (-1.7379)  Time:  1.416 (0.035)  Data Time:  0.021 (0.016)
2022-05-13 18:12:48,867:INFO:   Eta: 2:42:26
2022-05-13 18:13:03,474:INFO: Valid: [151][659/660]  Loss -8.1434 (-5.2240)
2022-05-13 18:13:03,587:INFO: Checkpoint saved...
2022-05-13 18:14:43,005:INFO: Train: [152][2784/2785]  Loss -1.3321 (-1.8203)  Time:  1.519 (0.036)  Data Time:  0.022 (0.016)
2022-05-13 18:14:43,007:INFO:   Eta: 2:42:14
2022-05-13 18:14:56,862:INFO: Valid: [152][659/660]  Loss -8.8662 (-5.6264)
2022-05-13 18:14:57,012:INFO: Checkpoint saved...
2022-05-13 18:16:36,741:INFO: Train: [153][2784/2785]  Loss -1.3912 (-1.7796)  Time:  1.419 (0.036)  Data Time:  0.023 (0.016)
2022-05-13 18:16:36,742:INFO:   Eta: 2:41:01
2022-05-13 18:16:51,111:INFO: Valid: [153][659/660]  Loss -8.9835 (-5.7023)
2022-05-13 18:16:51,194:INFO: Checkpoint saved...
2022-05-13 18:18:30,136:INFO: Train: [154][2784/2785]  Loss -1.4033 (-1.7815)  Time:  1.469 (0.035)  Data Time:  0.007 (0.016)
2022-05-13 18:18:30,138:INFO:   Eta: 2:38:10
2022-05-13 18:18:44,271:INFO: Valid: [154][659/660]  Loss -8.6319 (-5.4749)
2022-05-13 18:20:24,715:INFO: Train: [155][2784/2785]  Loss -1.3735 (-1.7997)  Time:  1.372 (0.036)  Data Time:  0.001 (0.017)
2022-05-13 18:20:24,716:INFO:   Eta: 2:38:46
2022-05-13 18:20:38,637:INFO: Valid: [155][659/660]  Loss -8.5482 (-5.4202)
2022-05-13 18:22:19,382:INFO: Train: [156][2784/2785]  Loss -1.3453 (-1.7452)  Time:  1.466 (0.036)  Data Time:  0.021 (0.017)
2022-05-13 18:22:19,383:INFO:   Eta: 2:37:39
2022-05-13 18:22:33,312:INFO: Valid: [156][659/660]  Loss -8.7037 (-5.5503)
2022-05-13 18:24:13,563:INFO: Train: [157][2784/2785]  Loss -1.3090 (-1.7598)  Time:  1.458 (0.036)  Data Time:  0.021 (0.017)
2022-05-13 18:24:13,564:INFO:   Eta: 2:35:10
2022-05-13 18:24:27,779:INFO: Valid: [157][659/660]  Loss -9.7239 (-6.1894)
2022-05-13 18:24:27,861:INFO: Checkpoint saved...
2022-05-13 18:26:01,698:INFO: Train: [158][2784/2785]  Loss -1.2783 (-1.8108)  Time:  0.620 (0.034)  Data Time:  0.000 (0.015)
2022-05-13 18:26:01,767:INFO:   Eta: 2:23:44
2022-05-13 18:26:08,653:INFO: Valid: [158][659/660]  Loss -9.7137 (-6.2011)
2022-05-13 18:26:34,751:INFO: Train: [159][2784/2785]  Loss -1.4178 (-1.7823)  Time:  0.499 (0.009)  Data Time:  0.000 (0.000)
2022-05-13 18:26:34,752:INFO:   Eta: 0:39:19
2022-05-13 18:26:41,595:INFO: Valid: [159][659/660]  Loss -9.2783 (-5.9179)
2022-05-13 18:28:14,916:INFO: Train: [160][2784/2785]  Loss -1.3584 (-1.7581)  Time:  1.465 (0.033)  Data Time:  0.021 (0.015)
2022-05-13 18:28:14,918:INFO:   Eta: 2:19:47
2022-05-13 18:28:29,038:INFO: Valid: [160][659/660]  Loss -9.5548 (-6.0853)
2022-05-13 18:30:08,044:INFO: Train: [161][2784/2785]  Loss -1.2622 (-1.8122)  Time:  1.499 (0.036)  Data Time:  0.021 (0.016)
2022-05-13 18:30:08,046:INFO:   Eta: 2:26:42
2022-05-13 18:30:21,996:INFO: Valid: [161][659/660]  Loss -9.3231 (-5.9366)
2022-05-13 18:32:02,829:INFO: Train: [162][2784/2785]  Loss -1.3131 (-1.8197)  Time:  1.524 (0.036)  Data Time:  0.023 (0.017)
2022-05-13 18:32:02,831:INFO:   Eta: 2:27:43
2022-05-13 18:32:16,925:INFO: Valid: [162][659/660]  Loss -8.5935 (-5.3753)
2022-05-13 18:33:57,022:INFO: Train: [163][2784/2785]  Loss -1.5279 (-1.7998)  Time:  1.488 (0.036)  Data Time:  0.021 (0.017)
2022-05-13 18:33:57,024:INFO:   Eta: 2:24:56
2022-05-13 18:34:11,469:INFO: Valid: [163][659/660]  Loss -9.3835 (-5.9861)
2022-05-13 18:35:53,017:INFO: Train: [164][2784/2785]  Loss -1.4874 (-1.8049)  Time:  1.414 (0.036)  Data Time:  0.021 (0.017)
2022-05-13 18:35:53,018:INFO:   Eta: 2:25:16
2022-05-13 18:36:07,426:INFO: Valid: [164][659/660]  Loss -9.5989 (-6.1021)
2022-05-13 18:37:46,416:INFO: Train: [165][2784/2785]  Loss -1.2517 (-1.8031)  Time:  1.413 (0.036)  Data Time:  0.014 (0.016)
2022-05-13 18:37:46,417:INFO:   Eta: 2:20:05
2022-05-13 18:38:00,502:INFO: Valid: [165][659/660]  Loss -9.3057 (-5.9124)
2022-05-13 18:39:42,382:INFO: Train: [166][2784/2785]  Loss -1.3393 (-1.8026)  Time:  1.476 (0.036)  Data Time:  0.013 (0.017)
2022-05-13 18:39:42,384:INFO:   Eta: 2:22:06
2022-05-13 18:39:56,873:INFO: Valid: [166][659/660]  Loss -9.6055 (-6.1162)
2022-05-13 18:41:38,701:INFO: Train: [167][2784/2785]  Loss -1.4772 (-1.8177)  Time:  1.481 (0.037)  Data Time:  0.001 (0.017)
2022-05-13 18:41:38,702:INFO:   Eta: 2:20:42
2022-05-13 18:41:52,799:INFO: Valid: [167][659/660]  Loss -8.7023 (-5.5489)
2022-05-13 18:42:31,232:INFO: Train: [168][2784/2785]  Loss -1.3741 (-1.7713)  Time:  0.460 (0.014)  Data Time:  0.000 (0.003)
2022-05-13 18:42:31,233:INFO:   Eta: 0:52:22
2022-05-13 18:42:38,133:INFO: Valid: [168][659/660]  Loss -8.9547 (-5.7187)
2022-05-13 18:43:55,777:INFO: Train: [169][2784/2785]  Loss -1.3684 (-1.7531)  Time:  1.527 (0.028)  Data Time:  0.021 (0.011)
2022-05-13 18:43:55,779:INFO:   Eta: 1:44:39
2022-05-13 18:44:09,999:INFO: Valid: [169][659/660]  Loss -9.0180 (-5.7545)
2022-05-13 18:45:50,175:INFO: Train: [170][2784/2785]  Loss -1.4904 (-1.8256)  Time:  1.457 (0.036)  Data Time:  0.022 (0.017)
2022-05-13 18:45:50,176:INFO:   Eta: 2:13:16
2022-05-13 18:46:04,386:INFO: Valid: [170][659/660]  Loss -9.1072 (-5.7627)
2022-05-13 18:47:45,895:INFO: Train: [171][2784/2785]  Loss -1.4786 (-1.8339)  Time:  1.540 (0.036)  Data Time:  0.023 (0.017)
2022-05-13 18:47:45,896:INFO:   Eta: 2:13:07
2022-05-13 18:48:00,047:INFO: Valid: [171][659/660]  Loss -8.7471 (-5.5373)
2022-05-13 18:49:39,390:INFO: Train: [172][2784/2785]  Loss -1.4143 (-1.8089)  Time:  1.525 (0.036)  Data Time:  0.021 (0.016)
2022-05-13 18:49:39,392:INFO:   Eta: 2:09:01
2022-05-13 18:49:53,416:INFO: Valid: [172][659/660]  Loss -9.5284 (-6.0676)
2022-05-13 18:51:32,005:INFO: Train: [173][2784/2785]  Loss -1.5080 (-1.7808)  Time:  1.453 (0.035)  Data Time:  0.021 (0.016)
2022-05-13 18:51:32,007:INFO:   Eta: 2:06:18
2022-05-13 18:51:46,099:INFO: Valid: [173][659/660]  Loss -9.0680 (-5.7300)
2022-05-13 18:53:26,780:INFO: Train: [174][2784/2785]  Loss -1.2995 (-1.7917)  Time:  1.412 (0.036)  Data Time:  0.002 (0.017)
2022-05-13 18:53:26,781:INFO:   Eta: 2:07:22
2022-05-13 18:53:40,891:INFO: Valid: [174][659/660]  Loss -8.7374 (-5.6154)
2022-05-13 18:55:20,757:INFO: Train: [175][2784/2785]  Loss -1.4137 (-1.8171)  Time:  1.410 (0.036)  Data Time:  0.017 (0.017)
2022-05-13 18:55:20,758:INFO:   Eta: 2:04:41
2022-05-13 18:55:34,591:INFO: Valid: [175][659/660]  Loss -9.5539 (-6.0888)
2022-05-13 18:57:14,453:INFO: Train: [176][2784/2785]  Loss -1.3909 (-1.8313)  Time:  1.490 (0.036)  Data Time:  0.021 (0.017)
2022-05-13 18:57:14,454:INFO:   Eta: 2:02:59
2022-05-13 18:57:28,592:INFO: Valid: [176][659/660]  Loss -9.3551 (-5.9405)
2022-05-13 18:58:41,439:INFO: Train: [177][2784/2785]  Loss -1.4127 (-1.8337)  Time:  0.468 (0.026)  Data Time:  0.000 (0.011)
2022-05-13 18:58:41,440:INFO:   Eta: 1:28:27
2022-05-13 18:58:47,975:INFO: Valid: [177][659/660]  Loss -9.0288 (-5.7270)
2022-05-13 18:59:15,477:INFO: Train: [178][2784/2785]  Loss -1.2709 (-1.8238)  Time:  0.598 (0.010)  Data Time:  0.000 (0.000)
2022-05-13 18:59:15,480:INFO:   Eta: 0:32:48
2022-05-13 18:59:30,359:INFO: Valid: [178][659/660]  Loss -9.2315 (-5.8668)
2022-05-13 19:01:09,955:INFO: Train: [179][2784/2785]  Loss -1.3411 (-1.8520)  Time:  1.507 (0.036)  Data Time:  0.001 (0.016)
2022-05-13 19:01:09,957:INFO:   Eta: 1:57:37
2022-05-13 19:01:24,191:INFO: Valid: [179][659/660]  Loss -8.8373 (-5.6355)
2022-05-13 19:03:04,671:INFO: Train: [180][2784/2785]  Loss -1.3941 (-1.7985)  Time:  1.496 (0.036)  Data Time:  0.021 (0.017)
2022-05-13 19:03:04,672:INFO:   Eta: 1:57:06
2022-05-13 19:03:18,742:INFO: Valid: [180][659/660]  Loss -9.3808 (-5.9904)
2022-05-13 19:05:00,014:INFO: Train: [181][2784/2785]  Loss -1.4449 (-1.8505)  Time:  1.446 (0.036)  Data Time:  0.015 (0.017)
2022-05-13 19:05:00,015:INFO:   Eta: 1:56:19
2022-05-13 19:05:14,131:INFO: Valid: [181][659/660]  Loss -9.0696 (-5.8274)
2022-05-13 19:06:53,910:INFO: Train: [182][2784/2785]  Loss -1.4188 (-1.8142)  Time:  1.456 (0.036)  Data Time:  0.019 (0.016)
2022-05-13 19:06:53,912:INFO:   Eta: 1:52:45
2022-05-13 19:07:07,969:INFO: Valid: [182][659/660]  Loss -9.5980 (-6.1283)
2022-05-13 19:08:47,385:INFO: Train: [183][2784/2785]  Loss -1.3951 (-1.8551)  Time:  1.492 (0.036)  Data Time:  0.021 (0.016)
2022-05-13 19:08:47,386:INFO:   Eta: 1:50:53
2022-05-13 19:09:01,094:INFO: Valid: [183][659/660]  Loss -9.7549 (-6.2254)
2022-05-13 19:09:01,959:INFO: Checkpoint saved...
2022-05-13 19:10:41,440:INFO: Train: [184][2784/2785]  Loss -1.4481 (-1.8346)  Time:  1.520 (0.036)  Data Time:  0.021 (0.016)
2022-05-13 19:10:41,441:INFO:   Eta: 1:49:20
2022-05-13 19:10:55,475:INFO: Valid: [184][659/660]  Loss -9.4862 (-6.0261)
2022-05-13 19:12:35,796:INFO: Train: [185][2784/2785]  Loss -1.3632 (-1.8481)  Time:  1.423 (0.036)  Data Time:  0.020 (0.016)
2022-05-13 19:12:35,798:INFO:   Eta: 1:48:34
2022-05-13 19:12:49,676:INFO: Valid: [185][659/660]  Loss -9.4921 (-6.0305)
2022-05-13 19:14:30,794:INFO: Train: [186][2784/2785]  Loss -1.4672 (-1.8409)  Time:  1.488 (0.036)  Data Time:  0.021 (0.017)
2022-05-13 19:14:30,794:INFO:   Eta: 1:47:43
2022-05-13 19:14:42,008:INFO: Valid: [186][659/660]  Loss -9.4454 (-6.0270)
2022-05-13 19:15:09,220:INFO: Train: [187][2784/2785]  Loss -1.3421 (-1.8077)  Time:  0.502 (0.010)  Data Time:  0.000 (0.000)
2022-05-13 19:15:09,221:INFO:   Eta: 0:27:56
2022-05-13 19:15:16,059:INFO: Valid: [187][659/660]  Loss -9.4183 (-5.9918)
2022-05-13 19:16:46,412:INFO: Train: [188][2784/2785]  Loss -1.4270 (-1.8336)  Time:  1.488 (0.032)  Data Time:  0.021 (0.014)
2022-05-13 19:16:46,413:INFO:   Eta: 1:33:01
2022-05-13 19:17:00,511:INFO: Valid: [188][659/660]  Loss -8.9693 (-5.6880)
2022-05-13 19:18:39,425:INFO: Train: [189][2784/2785]  Loss -1.2849 (-1.8491)  Time:  1.507 (0.035)  Data Time:  0.022 (0.016)
2022-05-13 19:18:39,426:INFO:   Eta: 1:40:27
2022-05-13 19:18:53,436:INFO: Valid: [189][659/660]  Loss -9.2680 (-5.9325)
2022-05-13 19:20:32,433:INFO: Train: [190][2784/2785]  Loss -1.4420 (-1.8100)  Time:  1.454 (0.036)  Data Time:  0.021 (0.016)
2022-05-13 19:20:32,434:INFO:   Eta: 1:38:53
2022-05-13 19:20:46,237:INFO: Valid: [190][659/660]  Loss -9.0037 (-5.7099)
2022-05-13 19:22:26,400:INFO: Train: [191][2784/2785]  Loss -1.3529 (-1.7813)  Time:  1.469 (0.036)  Data Time:  0.000 (0.017)
2022-05-13 19:22:26,401:INFO:   Eta: 1:38:19
2022-05-13 19:22:40,763:INFO: Valid: [191][659/660]  Loss -9.4373 (-6.0484)
2022-05-13 19:24:20,315:INFO: Train: [192][2784/2785]  Loss -1.3831 (-1.7949)  Time:  1.513 (0.036)  Data Time:  0.021 (0.016)
2022-05-13 19:24:20,316:INFO:   Eta: 1:36:07
2022-05-13 19:24:34,074:INFO: Valid: [192][659/660]  Loss -8.9483 (-5.6765)
2022-05-13 19:26:14,145:INFO: Train: [193][2784/2785]  Loss -1.3488 (-1.8660)  Time:  1.498 (0.036)  Data Time:  0.023 (0.016)
2022-05-13 19:26:14,147:INFO:   Eta: 1:34:44
2022-05-13 19:26:28,442:INFO: Valid: [193][659/660]  Loss -9.0299 (-5.7574)
2022-05-13 19:28:11,363:INFO: Train: [194][2784/2785]  Loss -1.4532 (-1.8012)  Time:  1.480 (0.037)  Data Time:  0.023 (0.017)
2022-05-13 19:28:11,364:INFO:   Eta: 1:35:57
2022-05-13 19:28:25,417:INFO: Valid: [194][659/660]  Loss -9.2629 (-5.9291)
2022-05-13 19:30:05,668:INFO: Train: [195][2784/2785]  Loss -1.4142 (-1.8611)  Time:  1.416 (0.036)  Data Time:  0.021 (0.016)
2022-05-13 19:30:05,670:INFO:   Eta: 1:31:45
2022-05-13 19:30:19,534:INFO: Valid: [195][659/660]  Loss -9.7400 (-6.1988)
2022-05-13 19:30:53,577:INFO: Train: [196][2784/2785]  Loss -1.3265 (-1.8232)  Time:  0.484 (0.012)  Data Time:  0.000 (0.002)
2022-05-13 19:30:53,578:INFO:   Eta: 0:30:22
2022-05-13 19:31:00,506:INFO: Valid: [196][659/660]  Loss -9.5828 (-6.1014)
2022-05-13 19:32:10,156:INFO: Train: [197][2784/2785]  Loss -1.4728 (-1.8533)  Time:  1.499 (0.025)  Data Time:  0.022 (0.010)
2022-05-13 19:32:10,157:INFO:   Eta: 1:01:24
2022-05-13 19:32:24,157:INFO: Valid: [197][659/660]  Loss -9.6994 (-6.1683)
2022-05-13 19:34:05,317:INFO: Train: [198][2784/2785]  Loss -1.2884 (-1.8093)  Time:  1.619 (0.036)  Data Time:  0.023 (0.016)
2022-05-13 19:34:05,318:INFO:   Eta: 1:27:32
2022-05-13 19:34:19,826:INFO: Valid: [198][659/660]  Loss -7.8304 (-5.0519)
2022-05-13 19:36:00,615:INFO: Train: [199][2784/2785]  Loss -1.4596 (-1.8387)  Time:  1.474 (0.036)  Data Time:  0.021 (0.016)
2022-05-13 19:36:00,617:INFO:   Eta: 1:25:33
2022-05-13 19:36:14,776:INFO: Valid: [199][659/660]  Loss -9.4067 (-5.9728)
2022-05-13 19:37:57,586:INFO: Train: [200][2784/2785]  Loss -1.2910 (-1.8202)  Time:  1.477 (0.037)  Data Time:  0.021 (0.017)
2022-05-13 19:37:57,587:INFO:   Eta: 1:25:34
2022-05-13 19:38:11,792:INFO: Valid: [200][659/660]  Loss -7.7526 (-4.9840)
2022-05-13 19:39:54,787:INFO: Train: [201][2784/2785]  Loss -1.4526 (-1.8737)  Time:  1.491 (0.037)  Data Time:  0.021 (0.017)
2022-05-13 19:39:54,789:INFO:   Eta: 1:24:00
2022-05-13 19:40:09,017:INFO: Valid: [201][659/660]  Loss -9.1144 (-5.7957)
2022-05-13 19:41:50,653:INFO: Train: [202][2784/2785]  Loss -1.3267 (-1.8727)  Time:  1.587 (0.036)  Data Time:  0.014 (0.017)
2022-05-13 19:41:50,654:INFO:   Eta: 1:21:12
2022-05-13 19:42:04,943:INFO: Valid: [202][659/660]  Loss -9.1018 (-5.7954)
2022-05-13 19:43:45,994:INFO: Train: [203][2784/2785]  Loss -1.4358 (-1.8300)  Time:  1.470 (0.036)  Data Time:  0.023 (0.017)
2022-05-13 19:43:45,996:INFO:   Eta: 1:19:02
2022-05-13 19:44:00,226:INFO: Valid: [203][659/660]  Loss -7.4041 (-4.8142)
2022-05-13 19:45:15,571:INFO: Train: [204][2784/2785]  Loss -1.5635 (-1.8316)  Time:  0.487 (0.027)  Data Time:  0.000 (0.011)
2022-05-13 19:45:15,572:INFO:   Eta: 0:57:41
2022-05-13 19:45:22,946:INFO: Valid: [204][659/660]  Loss -9.5000 (-6.0580)
2022-05-13 19:45:57,219:INFO: Train: [205][2784/2785]  Loss -1.4039 (-1.8450)  Time:  1.482 (0.012)  Data Time:  0.021 (0.002)
2022-05-13 19:45:57,220:INFO:   Eta: 0:25:36
2022-05-13 19:46:11,218:INFO: Valid: [205][659/660]  Loss -9.6045 (-6.1376)
2022-05-13 19:47:53,046:INFO: Train: [206][2784/2785]  Loss -1.3024 (-1.8221)  Time:  1.470 (0.037)  Data Time:  0.001 (0.017)
2022-05-13 19:47:53,090:INFO:   Eta: 1:14:35
2022-05-13 19:48:07,352:INFO: Valid: [206][659/660]  Loss -8.5229 (-5.4274)
2022-05-13 19:49:47,395:INFO: Train: [207][2784/2785]  Loss -1.3689 (-1.8331)  Time:  1.419 (0.036)  Data Time:  0.021 (0.016)
2022-05-13 19:49:47,396:INFO:   Eta: 1:11:33
2022-05-13 19:50:01,363:INFO: Valid: [207][659/660]  Loss -9.1750 (-5.8074)
2022-05-13 19:51:41,171:INFO: Train: [208][2784/2785]  Loss -1.4627 (-1.8530)  Time:  1.472 (0.036)  Data Time:  0.020 (0.016)
2022-05-13 19:51:41,172:INFO:   Eta: 1:09:47
2022-05-13 19:51:55,381:INFO: Valid: [208][659/660]  Loss -9.3071 (-5.8732)
2022-05-13 19:53:36,026:INFO: Train: [209][2784/2785]  Loss -1.4740 (-1.8195)  Time:  1.465 (0.036)  Data Time:  0.021 (0.017)
2022-05-13 19:53:36,027:INFO:   Eta: 1:08:42
2022-05-13 19:53:49,740:INFO: Valid: [209][659/660]  Loss -9.5032 (-6.0355)
2022-05-13 19:55:30,636:INFO: Train: [210][2784/2785]  Loss -1.2898 (-1.7858)  Time:  1.418 (0.036)  Data Time:  0.000 (0.017)
2022-05-13 19:55:30,638:INFO:   Eta: 1:07:07
2022-05-13 19:55:44,983:INFO: Valid: [210][659/660]  Loss -8.6736 (-5.5762)
2022-05-13 19:57:25,343:INFO: Train: [211][2784/2785]  Loss -1.3226 (-1.8451)  Time:  1.512 (0.036)  Data Time:  0.023 (0.016)
2022-05-13 19:57:25,345:INFO:   Eta: 1:05:09
2022-05-13 19:57:40,124:INFO: Valid: [211][659/660]  Loss -8.6194 (-5.5190)
2022-05-13 19:59:20,221:INFO: Train: [212][2784/2785]  Loss -1.4681 (-1.8313)  Time:  1.425 (0.036)  Data Time:  0.021 (0.016)
2022-05-13 19:59:20,222:INFO:   Eta: 1:03:19
2022-05-13 19:59:34,400:INFO: Valid: [212][659/660]  Loss -9.0877 (-5.8203)
2022-05-13 20:00:14,630:INFO: Train: [213][2784/2785]  Loss -1.3907 (-1.8639)  Time:  0.449 (0.014)  Data Time:  0.000 (0.004)
2022-05-13 20:00:14,631:INFO:   Eta: 0:24:43
2022-05-13 20:00:21,847:INFO: Valid: [213][659/660]  Loss -8.7493 (-5.5833)
2022-05-13 20:01:30,245:INFO: Train: [214][2784/2785]  Loss -1.3747 (-1.8366)  Time:  1.455 (0.025)  Data Time:  0.008 (0.009)
2022-05-13 20:01:30,246:INFO:   Eta: 0:40:58
2022-05-13 20:01:44,223:INFO: Valid: [214][659/660]  Loss -9.0938 (-5.8020)
2022-05-13 20:03:24,131:INFO: Train: [215][2784/2785]  Loss -1.4175 (-1.8548)  Time:  1.484 (0.036)  Data Time:  0.022 (0.016)
2022-05-13 20:03:24,133:INFO:   Eta: 0:58:12
2022-05-13 20:03:38,507:INFO: Valid: [215][659/660]  Loss -9.5047 (-6.0437)
2022-05-13 20:05:18,420:INFO: Train: [216][2784/2785]  Loss -1.4792 (-1.8310)  Time:  1.302 (0.036)  Data Time:  0.023 (0.016)
2022-05-13 20:05:18,422:INFO:   Eta: 0:56:32
2022-05-13 20:05:31,749:INFO: Valid: [216][659/660]  Loss -9.2328 (-5.8318)
2022-05-13 20:07:10,772:INFO: Train: [217][2784/2785]  Loss -1.4517 (-1.8380)  Time:  1.409 (0.036)  Data Time:  0.021 (0.016)
2022-05-13 20:07:10,780:INFO:   Eta: 0:54:22
2022-05-13 20:07:24,716:INFO: Valid: [217][659/660]  Loss -9.8005 (-6.2365)
2022-05-13 20:07:25,815:INFO: Checkpoint saved...
2022-05-13 20:09:05,070:INFO: Train: [218][2784/2785]  Loss -1.4128 (-1.8466)  Time:  1.451 (0.036)  Data Time:  0.021 (0.016)
2022-05-13 20:09:05,071:INFO:   Eta: 0:52:52
2022-05-13 20:09:19,244:INFO: Valid: [218][659/660]  Loss -9.8076 (-6.2585)
2022-05-13 20:09:19,573:INFO: Checkpoint saved...
2022-05-13 20:11:00,252:INFO: Train: [219][2784/2785]  Loss -1.3920 (-1.8630)  Time:  1.443 (0.036)  Data Time:  0.000 (0.017)
2022-05-13 20:11:00,253:INFO:   Eta: 0:51:57
2022-05-13 20:11:14,715:INFO: Valid: [219][659/660]  Loss -9.3851 (-5.9951)
2022-05-13 20:12:54,330:INFO: Train: [220][2784/2785]  Loss -1.3588 (-1.8389)  Time:  1.465 (0.036)  Data Time:  0.021 (0.016)
2022-05-13 20:12:54,331:INFO:   Eta: 0:49:45
2022-05-13 20:13:08,078:INFO: Valid: [220][659/660]  Loss -9.0245 (-5.7620)
2022-05-13 20:14:43,893:INFO: Train: [221][2784/2785]  Loss -1.4311 (-1.8695)  Time:  0.539 (0.034)  Data Time:  0.000 (0.016)
2022-05-13 20:14:43,897:INFO:   Eta: 0:46:15
2022-05-13 20:14:50,015:INFO: Valid: [221][659/660]  Loss -8.7776 (-5.5332)
2022-05-13 20:15:15,741:INFO: Train: [222][2784/2785]  Loss -1.4377 (-1.8613)  Time:  0.539 (0.009)  Data Time:  0.000 (0.000)
2022-05-13 20:15:15,741:INFO:   Eta: 0:11:56
2022-05-13 20:15:22,988:INFO: Valid: [222][659/660]  Loss -9.0167 (-5.7443)
2022-05-13 20:16:50,609:INFO: Train: [223][2784/2785]  Loss -1.3234 (-1.8410)  Time:  1.409 (0.031)  Data Time:  0.022 (0.013)
2022-05-13 20:16:50,610:INFO:   Eta: 0:39:21
2022-05-13 20:17:05,147:INFO: Valid: [223][659/660]  Loss -9.3042 (-5.9866)
2022-05-13 20:18:47,454:INFO: Train: [224][2784/2785]  Loss -1.4411 (-1.8469)  Time:  1.486 (0.037)  Data Time:  0.022 (0.017)
2022-05-13 20:18:47,456:INFO:   Eta: 0:44:16
2022-05-13 20:19:02,072:INFO: Valid: [224][659/660]  Loss -8.8229 (-5.5814)
2022-05-13 20:20:41,762:INFO: Train: [225][2784/2785]  Loss -1.3851 (-1.8348)  Time:  1.520 (0.036)  Data Time:  0.021 (0.016)
2022-05-13 20:20:41,763:INFO:   Eta: 0:41:28
2022-05-13 20:20:55,264:INFO: Valid: [225][659/660]  Loss -8.8337 (-5.6525)
2022-05-13 20:22:35,259:INFO: Train: [226][2784/2785]  Loss -1.4521 (-1.7864)  Time:  1.471 (0.036)  Data Time:  0.023 (0.016)
2022-05-13 20:22:35,261:INFO:   Eta: 0:39:57
2022-05-13 20:22:49,691:INFO: Valid: [226][659/660]  Loss -9.2108 (-5.8574)
2022-05-13 20:24:29,108:INFO: Train: [227][2784/2785]  Loss -1.4664 (-1.8378)  Time:  1.468 (0.036)  Data Time:  0.022 (0.016)
2022-05-13 20:24:29,110:INFO:   Eta: 0:38:03
2022-05-13 20:24:43,150:INFO: Valid: [227][659/660]  Loss -9.7045 (-6.1687)
2022-05-13 20:26:23,593:INFO: Train: [228][2784/2785]  Loss -1.4172 (-1.8249)  Time:  1.485 (0.036)  Data Time:  0.021 (0.017)
2022-05-13 20:26:23,594:INFO:   Eta: 0:36:46
2022-05-13 20:26:38,333:INFO: Valid: [228][659/660]  Loss -8.9486 (-5.6343)
2022-05-13 20:28:18,278:INFO: Train: [229][2784/2785]  Loss -1.2985 (-1.9030)  Time:  1.471 (0.036)  Data Time:  0.022 (0.016)
2022-05-13 20:28:18,279:INFO:   Eta: 0:34:56
2022-05-13 20:28:32,883:INFO: Valid: [229][659/660]  Loss -9.4422 (-5.9984)
2022-05-13 20:29:43,681:INFO: Train: [230][2784/2785]  Loss -1.5484 (-1.8341)  Time:  0.454 (0.025)  Data Time:  0.000 (0.010)
2022-05-13 20:29:43,683:INFO:   Eta: 0:23:33
2022-05-13 20:29:51,077:INFO: Valid: [230][659/660]  Loss -9.1680 (-5.8039)
2022-05-13 20:30:29,936:INFO: Train: [231][2784/2785]  Loss -1.3985 (-1.8432)  Time:  0.893 (0.014)  Data Time:  0.001 (0.002)
2022-05-13 20:30:29,938:INFO:   Eta: 0:12:15
2022-05-13 20:30:36,699:INFO: Valid: [231][659/660]  Loss -9.5253 (-6.0481)
2022-05-13 20:31:09,292:INFO: Train: [232][2784/2785]  Loss -1.4912 (-1.8207)  Time:  1.464 (0.012)  Data Time:  0.022 (0.002)
2022-05-13 20:31:09,293:INFO:   Eta: 0:09:44
2022-05-13 20:31:23,287:INFO: Valid: [232][659/660]  Loss -9.2731 (-5.9182)
2022-05-13 20:33:04,677:INFO: Train: [233][2784/2785]  Loss -1.3694 (-1.8331)  Time:  1.497 (0.036)  Data Time:  0.021 (0.017)
2022-05-13 20:33:04,678:INFO:   Eta: 0:28:41
2022-05-13 20:33:18,869:INFO: Valid: [233][659/660]  Loss -9.0481 (-5.7831)
2022-05-13 20:35:00,202:INFO: Train: [234][2784/2785]  Loss -1.5556 (-1.8109)  Time:  1.472 (0.036)  Data Time:  0.023 (0.017)
2022-05-13 20:35:00,204:INFO:   Eta: 0:26:59
2022-05-13 20:35:14,228:INFO: Valid: [234][659/660]  Loss -9.1747 (-5.7978)
2022-05-13 20:36:57,035:INFO: Train: [235][2784/2785]  Loss -1.3070 (-1.8543)  Time:  1.632 (0.037)  Data Time:  0.021 (0.017)
2022-05-13 20:36:57,036:INFO:   Eta: 0:25:39
2022-05-13 20:37:11,468:INFO: Valid: [235][659/660]  Loss -9.5727 (-6.1090)
2022-05-13 20:38:51,434:INFO: Train: [236][2784/2785]  Loss -1.3420 (-1.8735)  Time:  1.382 (0.036)  Data Time:  0.022 (0.016)
2022-05-13 20:38:51,436:INFO:   Eta: 0:23:17
2022-05-13 20:39:05,501:INFO: Valid: [236][659/660]  Loss -8.7438 (-5.5426)
2022-05-13 20:40:46,875:INFO: Train: [237][2784/2785]  Loss -1.4141 (-1.8704)  Time:  1.267 (0.036)  Data Time:  0.021 (0.017)
2022-05-13 20:40:46,876:INFO:   Eta: 0:21:56
2022-05-13 20:41:00,975:INFO: Valid: [237][659/660]  Loss -9.0794 (-5.7687)
2022-05-13 20:42:41,379:INFO: Train: [238][2784/2785]  Loss -1.4827 (-1.8349)  Time:  1.486 (0.036)  Data Time:  0.023 (0.016)
2022-05-13 20:42:41,381:INFO:   Eta: 0:20:02
2022-05-13 20:42:55,391:INFO: Valid: [238][659/660]  Loss -9.4182 (-6.0363)
2022-05-13 20:44:37,023:INFO: Train: [239][2784/2785]  Loss -1.5003 (-1.8637)  Time:  1.373 (0.036)  Data Time:  0.014 (0.017)
2022-05-13 20:44:37,023:INFO:   Eta: 0:18:36
2022-05-13 20:44:50,056:INFO: Valid: [239][659/660]  Loss -9.2281 (-5.8352)
2022-05-13 20:45:16,215:INFO: Train: [240][2784/2785]  Loss -1.4368 (-1.8163)  Time:  0.449 (0.009)  Data Time:  0.000 (0.000)
2022-05-13 20:45:16,216:INFO:   Eta: 0:04:15
2022-05-13 20:45:23,596:INFO: Valid: [240][659/660]  Loss -9.2397 (-5.8886)
2022-05-13 20:46:46,890:INFO: Train: [241][2784/2785]  Loss -1.3094 (-1.8449)  Time:  1.490 (0.030)  Data Time:  0.018 (0.012)
2022-05-13 20:46:46,891:INFO:   Eta: 0:12:26
2022-05-13 20:47:01,463:INFO: Valid: [241][659/660]  Loss -9.6278 (-6.1663)
2022-05-13 20:48:44,297:INFO: Train: [242][2784/2785]  Loss -1.5993 (-1.8599)  Time:  1.481 (0.037)  Data Time:  0.022 (0.017)
2022-05-13 20:48:44,299:INFO:   Eta: 0:13:41
2022-05-13 20:48:58,737:INFO: Valid: [242][659/660]  Loss -9.6457 (-6.1123)
2022-05-13 20:50:41,182:INFO: Train: [243][2784/2785]  Loss -1.4608 (-1.8767)  Time:  1.445 (0.037)  Data Time:  0.000 (0.017)
2022-05-13 20:50:41,183:INFO:   Eta: 0:11:56
2022-05-13 20:50:55,736:INFO: Valid: [243][659/660]  Loss -9.7230 (-6.1847)
2022-05-13 20:52:37,794:INFO: Train: [244][2784/2785]  Loss -1.3982 (-1.8713)  Time:  1.499 (0.037)  Data Time:  0.019 (0.017)
2022-05-13 20:52:37,795:INFO:   Eta: 0:10:11
2022-05-13 20:52:52,426:INFO: Valid: [244][659/660]  Loss -8.7393 (-5.5436)
2022-05-13 20:54:35,043:INFO: Train: [245][2784/2785]  Loss -1.2203 (-1.8538)  Time:  1.494 (0.037)  Data Time:  0.023 (0.017)
2022-05-13 20:54:35,044:INFO:   Eta: 0:08:32
2022-05-13 20:54:49,347:INFO: Valid: [245][659/660]  Loss -9.6486 (-6.1479)
2022-05-13 20:56:31,520:INFO: Train: [246][2784/2785]  Loss -1.4582 (-1.8813)  Time:  1.483 (0.037)  Data Time:  0.000 (0.017)
2022-05-13 20:56:31,522:INFO:   Eta: 0:06:48
2022-05-13 20:56:45,985:INFO: Valid: [246][659/660]  Loss -9.3312 (-5.9013)
2022-05-13 20:58:27,584:INFO: Train: [247][2784/2785]  Loss -1.3710 (-1.8932)  Time:  1.412 (0.036)  Data Time:  0.023 (0.017)
2022-05-13 20:58:27,586:INFO:   Eta: 0:05:04
2022-05-13 20:58:42,274:INFO: Valid: [247][659/660]  Loss -9.5479 (-6.0514)
2022-05-13 20:59:36,809:INFO: Train: [248][2784/2785]  Loss -1.2884 (-1.8056)  Time:  0.558 (0.020)  Data Time:  0.000 (0.007)
2022-05-13 20:59:36,810:INFO:   Eta: 0:01:48
2022-05-13 20:59:43,759:INFO: Valid: [248][659/660]  Loss -9.4747 (-6.0515)
2022-05-13 21:00:48,744:INFO: Train: [249][2784/2785]  Loss -1.3629 (-1.8705)  Time:  1.439 (0.023)  Data Time:  0.021 (0.008)
2022-05-13 21:00:48,745:INFO:   Eta: 0:01:04
2022-05-13 21:01:02,925:INFO: Valid: [249][659/660]  Loss -9.7095 (-6.1653)
2022-05-13 21:01:18,233:INFO: Test: [0]  ADE: 0.7281  FDE: 1.2706
2022-05-13 21:01:45,371:INFO: Test: [0]  ADE: 0.4296  FDE: 0.7257
2022-05-13 21:04:46,357:INFO: Test: [0]  ADE: 0.4712  FDE: 0.8585
2022-05-13 21:05:38,726:INFO: Test: [0]  ADE: 0.3709  FDE: 0.5711
2022-05-13 21:07:07,142:INFO: Test: [0]  ADE: 0.3170  FDE: 0.5181
2022-05-13 21:07:07,152:INFO: 9-0.5xlr 0.728/1.271 0.430/0.726 0.471/0.858 0.371/0.571 0.317/0.5180.463/0.789
2022-05-13 21:07:07,153:INFO: 9-0.5xlr 0.728  0.430  0.471  0.371  0.317 0.463
2022-05-13 21:07:07,154:INFO: 9-0.5xlr 1.271  0.726  0.858  0.571  0.518 0.789
