2022-03-30 15:45:37,464:INFO: batch_size=128
2022-03-30 15:45:37,464:INFO: clip_grad=None
2022-03-30 15:45:37,464:INFO: dataset=eth
2022-03-30 15:45:37,464:INFO: gpu_num=0
2022-03-30 15:45:37,464:INFO: input_size=2
2022-03-30 15:45:37,464:INFO: kernel_size=3
2022-03-30 15:45:37,464:INFO: lr=0.01
2022-03-30 15:45:37,464:INFO: lr_sh_rate=150
2022-03-30 15:45:37,464:INFO: model=social_stgcnn
2022-03-30 15:45:37,464:INFO: n_stgcnn=1
2022-03-30 15:45:37,464:INFO: n_txpcnn=5
2022-03-30 15:45:37,464:INFO: num_epochs=250
2022-03-30 15:45:37,464:INFO: obs_seq_len=8
2022-03-30 15:45:37,464:INFO: output_size=5
2022-03-30 15:45:37,464:INFO: pred_seq_len=12
2022-03-30 15:45:37,464:INFO: seed=0
2022-03-30 15:45:37,464:INFO: tag=eth
2022-03-30 15:45:37,465:INFO: use_lrschd=True
2022-03-30 15:45:37,465:INFO: ******************************
2022-03-30 15:45:37,465:INFO: Training initiating....
2022-03-30 15:45:37,465:INFO: Namespace(batch_size=128, clip_grad=None, dataset='eth', gpu_num='0', input_size=2, kernel_size=3, lr=0.01, lr_sh_rate=150, model='social_stgcnn', n_stgcnn=1, n_txpcnn=5, num_epochs=250, obs_seq_len=8, output_size=5, pred_seq_len=12, seed=0, tag='eth', use_lrschd=True)
2022-03-30 15:45:37,471:INFO: Initializing train dataset
2022-03-30 15:45:48,515:INFO: Initializing val dataset
2022-03-30 15:46:24,135:INFO: social_stgcnn
2022-03-30 15:46:24,187:INFO: Data and model loaded
2022-03-30 15:46:24,188:INFO: Checkpoint dir: ./runs/Mar30_15-45-37_node06/eth/checkpoint
2022-03-30 15:46:24,188:INFO: Training started ...
2022-03-30 15:46:55,457:INFO: Train: [0][2784/2785]  Loss 0.6437 (1.4054)  Time:  0.411 (0.011)  Data Time:  0.005 (0.004)
2022-03-30 15:46:55,464:INFO:   Eta: 2:10:13
2022-03-30 15:47:27,242:INFO: Train: [1][2784/2785]  Loss 0.2749 (0.5737)  Time:  0.450 (0.011)  Data Time:  0.004 (0.004)
2022-03-30 15:47:27,244:INFO:   Eta: 2:11:39
2022-03-30 15:47:59,003:INFO: Train: [2][2784/2785]  Loss 0.0374 (0.4340)  Time:  0.402 (0.011)  Data Time:  0.004 (0.004)
2022-03-30 15:47:59,004:INFO:   Eta: 2:11:10
2022-03-30 15:48:29,981:INFO: Train: [3][2784/2785]  Loss 0.4353 (0.2861)  Time:  0.483 (0.011)  Data Time:  0.004 (0.004)
2022-03-30 15:48:29,983:INFO:   Eta: 2:07:25
2022-03-30 15:49:07,869:INFO: Train: [4][2784/2785]  Loss -0.0727 (0.2361)  Time:  0.440 (0.014)  Data Time:  0.004 (0.004)
2022-03-30 15:49:07,873:INFO:   Eta: 2:35:09
2022-03-30 15:49:34,291:INFO: Train: [5][2784/2785]  Loss -0.1702 (-0.0212)  Time:  0.301 (0.009)  Data Time:  0.002 (0.003)
2022-03-30 15:49:34,397:INFO:   Eta: 1:47:42
2022-03-30 15:49:58,219:INFO: Train: [6][2784/2785]  Loss -0.1192 (-0.0636)  Time:  0.353 (0.008)  Data Time:  0.003 (0.002)
2022-03-30 15:49:58,310:INFO:   Eta: 1:32:30
2022-03-30 15:50:01,193:INFO: Test: [6]  ADE: 1.1237  FDE: 1.5881
2022-03-30 15:50:32,624:INFO: Train: [7][2784/2785]  Loss -0.2937 (-0.1350)  Time:  0.387 (0.011)  Data Time:  0.004 (0.004)
2022-03-30 15:50:32,626:INFO:   Eta: 2:05:41
2022-03-30 15:51:05,068:INFO: Train: [8][2784/2785]  Loss -0.3428 (-0.3588)  Time:  0.459 (0.012)  Data Time:  0.004 (0.004)
2022-03-30 15:51:05,073:INFO:   Eta: 2:10:42
2022-03-30 15:51:39,454:INFO: Train: [9][2784/2785]  Loss -0.4075 (-0.3097)  Time:  0.410 (0.012)  Data Time:  0.006 (0.005)
2022-03-30 15:51:39,455:INFO:   Eta: 2:17:54
2022-03-30 15:52:14,062:INFO: Train: [10][2784/2785]  Loss -0.3869 (-0.3962)  Time:  0.485 (0.012)  Data Time:  0.004 (0.005)
2022-03-30 15:52:14,066:INFO:   Eta: 2:18:18
2022-03-30 15:52:48,281:INFO: Train: [11][2784/2785]  Loss -0.3624 (-0.4399)  Time:  0.464 (0.012)  Data Time:  0.005 (0.004)
2022-03-30 15:52:48,287:INFO:   Eta: 2:16:07
2022-03-30 15:53:22,690:INFO: Train: [12][2784/2785]  Loss -0.1239 (-0.5137)  Time:  0.459 (0.012)  Data Time:  0.005 (0.004)
2022-03-30 15:53:22,693:INFO:   Eta: 2:16:17
2022-03-30 15:53:57,355:INFO: Train: [13][2784/2785]  Loss -0.5624 (-0.5607)  Time:  0.427 (0.012)  Data Time:  0.005 (0.004)
2022-03-30 15:53:57,448:INFO:   Eta: 2:16:46
2022-03-30 15:54:26,174:INFO: Train: [14][2784/2785]  Loss -0.5264 (-0.5073)  Time:  0.343 (0.010)  Data Time:  0.003 (0.004)
2022-03-30 15:54:26,174:INFO:   Eta: 1:52:51
2022-03-30 15:55:14,410:INFO: Train: [15][2784/2785]  Loss -0.4863 (-0.5331)  Time:  0.681 (0.017)  Data Time:  0.004 (0.004)
2022-03-30 15:55:14,416:INFO:   Eta: 3:08:38
2022-03-30 15:56:05,734:INFO: Train: [16][2784/2785]  Loss -0.5154 (-0.6082)  Time:  0.656 (0.018)  Data Time:  0.003 (0.004)
2022-03-30 15:56:05,739:INFO:   Eta: 3:19:42
2022-03-30 15:56:09,807:INFO: Test: [16]  ADE: 0.7990  FDE: 1.1800
2022-03-30 15:56:59,275:INFO: Train: [17][2784/2785]  Loss -0.4822 (-0.7041)  Time:  0.516 (0.018)  Data Time:  0.002 (0.004)
2022-03-30 15:56:59,281:INFO:   Eta: 3:11:46
2022-03-30 15:57:48,853:INFO: Train: [18][2784/2785]  Loss -0.6307 (-0.6289)  Time:  0.535 (0.018)  Data Time:  0.005 (0.004)
2022-03-30 15:57:48,859:INFO:   Eta: 3:11:14
2022-03-30 15:58:39,075:INFO: Train: [19][2784/2785]  Loss -0.3097 (-0.7173)  Time:  0.505 (0.018)  Data Time:  0.005 (0.005)
2022-03-30 15:58:39,081:INFO:   Eta: 3:12:58
2022-03-30 15:59:26,320:INFO: Train: [20][2784/2785]  Loss -0.6990 (-0.7694)  Time:  0.540 (0.017)  Data Time:  0.004 (0.005)
2022-03-30 15:59:26,326:INFO:   Eta: 3:00:45
2022-03-30 16:00:14,175:INFO: Train: [21][2784/2785]  Loss -0.6366 (-0.7312)  Time:  0.451 (0.017)  Data Time:  0.004 (0.005)
2022-03-30 16:00:14,178:INFO:   Eta: 3:02:16
2022-03-30 16:00:46,465:INFO: Train: [22][2784/2785]  Loss -0.7248 (-0.7883)  Time:  0.433 (0.012)  Data Time:  0.003 (0.004)
2022-03-30 16:00:46,467:INFO:   Eta: 2:02:33
2022-03-30 16:01:14,285:INFO: Train: [23][2784/2785]  Loss -0.5880 (-0.8288)  Time:  0.327 (0.010)  Data Time:  0.001 (0.004)
2022-03-30 16:01:14,287:INFO:   Eta: 1:45:08
2022-03-30 16:01:44,655:INFO: Train: [24][2784/2785]  Loss -0.6753 (-0.8299)  Time:  0.395 (0.011)  Data Time:  0.004 (0.004)
2022-03-30 16:01:44,656:INFO:   Eta: 1:54:17
2022-03-30 16:02:15,688:INFO: Train: [25][2784/2785]  Loss -0.5002 (-0.8265)  Time:  0.403 (0.011)  Data Time:  0.004 (0.005)
2022-03-30 16:02:15,690:INFO:   Eta: 1:56:17
2022-03-30 16:02:43,451:INFO: Train: [26][2784/2785]  Loss -0.8458 (-0.8680)  Time:  0.336 (0.010)  Data Time:  0.003 (0.004)
2022-03-30 16:02:43,452:INFO:   Eta: 1:43:33
2022-03-30 16:02:45,497:INFO: Test: [26]  ADE: 0.7763  FDE: 1.2833
2022-03-30 16:03:11,149:INFO: Train: [27][2784/2785]  Loss -0.7744 (-0.9571)  Time:  0.361 (0.009)  Data Time:  0.005 (0.003)
2022-03-30 16:03:11,150:INFO:   Eta: 1:35:17
2022-03-30 16:03:38,787:INFO: Train: [28][2784/2785]  Loss -0.7495 (-0.8599)  Time:  0.332 (0.010)  Data Time:  0.003 (0.004)
2022-03-30 16:03:38,789:INFO:   Eta: 1:42:10
2022-03-30 16:04:09,083:INFO: Train: [29][2784/2785]  Loss -0.7034 (-0.8874)  Time:  0.407 (0.011)  Data Time:  0.005 (0.004)
2022-03-30 16:04:09,084:INFO:   Eta: 1:51:29
2022-03-30 16:04:40,460:INFO: Train: [30][2784/2785]  Loss -0.5217 (-0.9233)  Time:  0.410 (0.011)  Data Time:  0.005 (0.005)
2022-03-30 16:04:40,461:INFO:   Eta: 1:54:58
2022-03-30 16:05:10,297:INFO: Train: [31][2784/2785]  Loss -0.7336 (-0.9662)  Time:  0.346 (0.011)  Data Time:  0.003 (0.004)
2022-03-30 16:05:10,298:INFO:   Eta: 1:48:48
2022-03-30 16:05:38,910:INFO: Train: [32][2784/2785]  Loss -0.4660 (-0.9939)  Time:  0.380 (0.010)  Data Time:  0.004 (0.004)
2022-03-30 16:05:38,912:INFO:   Eta: 1:43:51
2022-03-30 16:06:09,770:INFO: Train: [33][2784/2785]  Loss -0.5968 (-0.9991)  Time:  0.402 (0.011)  Data Time:  0.003 (0.004)
2022-03-30 16:06:09,771:INFO:   Eta: 1:51:31
2022-03-30 16:06:44,962:INFO: Train: [34][2784/2785]  Loss -0.8273 (-1.0135)  Time:  0.410 (0.013)  Data Time:  0.003 (0.005)
2022-03-30 16:06:44,963:INFO:   Eta: 2:06:34
2022-03-30 16:07:16,400:INFO: Train: [35][2784/2785]  Loss -0.9106 (-1.0420)  Time:  0.423 (0.011)  Data Time:  0.004 (0.004)
2022-03-30 16:07:16,402:INFO:   Eta: 1:52:34
2022-03-30 16:07:47,330:INFO: Train: [36][2784/2785]  Loss -0.9449 (-1.0784)  Time:  0.342 (0.011)  Data Time:  0.003 (0.004)
2022-03-30 16:07:47,333:INFO:   Eta: 1:50:13
2022-03-30 16:07:49,375:INFO: Test: [36]  ADE: 0.7114  FDE: 1.0997
2022-03-30 16:08:17,077:INFO: Train: [37][2784/2785]  Loss -0.4941 (-0.9692)  Time:  0.344 (0.010)  Data Time:  0.004 (0.004)
2022-03-30 16:08:17,079:INFO:   Eta: 1:38:15
2022-03-30 16:08:44,844:INFO: Train: [38][2784/2785]  Loss -0.6517 (-1.0716)  Time:  0.357 (0.010)  Data Time:  0.004 (0.004)
2022-03-30 16:08:44,845:INFO:   Eta: 1:38:01
2022-03-30 16:09:13,328:INFO: Train: [39][2784/2785]  Loss -0.6928 (-1.0159)  Time:  0.408 (0.010)  Data Time:  0.005 (0.004)
2022-03-30 16:09:13,329:INFO:   Eta: 1:40:05
2022-03-30 16:09:41,084:INFO: Train: [40][2784/2785]  Loss -0.5984 (-1.0733)  Time:  0.371 (0.010)  Data Time:  0.003 (0.004)
2022-03-30 16:09:41,085:INFO:   Eta: 1:37:03
2022-03-30 16:10:10,936:INFO: Train: [41][2784/2785]  Loss -0.8907 (-1.0397)  Time:  0.424 (0.011)  Data Time:  0.005 (0.004)
2022-03-30 16:10:10,938:INFO:   Eta: 1:43:53
2022-03-30 16:10:42,111:INFO: Train: [42][2784/2785]  Loss -0.9473 (-1.1416)  Time:  0.412 (0.011)  Data Time:  0.004 (0.004)
2022-03-30 16:10:42,116:INFO:   Eta: 1:47:59
2022-03-30 16:11:13,894:INFO: Train: [43][2784/2785]  Loss -0.8870 (-1.1065)  Time:  0.390 (0.011)  Data Time:  0.005 (0.004)
2022-03-30 16:11:13,897:INFO:   Eta: 1:49:33
2022-03-30 16:11:45,992:INFO: Train: [44][2784/2785]  Loss -0.9014 (-1.1187)  Time:  0.448 (0.012)  Data Time:  0.004 (0.005)
2022-03-30 16:11:45,994:INFO:   Eta: 1:50:06
2022-03-30 16:12:21,640:INFO: Train: [45][2784/2785]  Loss -1.0518 (-1.1838)  Time:  0.500 (0.013)  Data Time:  0.003 (0.005)
2022-03-30 16:12:21,644:INFO:   Eta: 2:01:40
2022-03-30 16:12:56,485:INFO: Train: [46][2784/2785]  Loss -0.8922 (-1.2365)  Time:  0.501 (0.012)  Data Time:  0.004 (0.004)
2022-03-30 16:12:56,487:INFO:   Eta: 1:58:16
2022-03-30 16:12:58,878:INFO: Test: [46]  ADE: 0.6853  FDE: 1.1239
2022-03-30 16:13:32,723:INFO: Train: [47][2784/2785]  Loss -0.7534 (-1.1928)  Time:  0.448 (0.012)  Data Time:  0.003 (0.004)
2022-03-30 16:13:32,727:INFO:   Eta: 1:54:23
2022-03-30 16:14:04,261:INFO: Train: [48][2784/2785]  Loss -0.9474 (-1.1629)  Time:  0.362 (0.011)  Data Time:  0.003 (0.003)
2022-03-30 16:14:04,264:INFO:   Eta: 1:46:00
2022-03-30 16:14:34,275:INFO: Train: [49][2784/2785]  Loss -0.8653 (-1.2509)  Time:  0.403 (0.011)  Data Time:  0.003 (0.003)
2022-03-30 16:14:34,279:INFO:   Eta: 1:40:22
2022-03-30 16:15:07,649:INFO: Train: [50][2784/2785]  Loss -0.9406 (-1.1806)  Time:  0.411 (0.012)  Data Time:  0.003 (0.004)
2022-03-30 16:15:07,652:INFO:   Eta: 1:51:00
2022-03-30 16:15:43,283:INFO: Train: [51][2784/2785]  Loss -0.6509 (-1.1593)  Time:  0.457 (0.013)  Data Time:  0.005 (0.004)
2022-03-30 16:15:43,288:INFO:   Eta: 1:58:02
2022-03-30 16:16:20,182:INFO: Train: [52][2784/2785]  Loss -1.0043 (-1.2621)  Time:  0.455 (0.013)  Data Time:  0.005 (0.005)
2022-03-30 16:16:20,183:INFO:   Eta: 2:01:35
2022-03-30 16:16:56,211:INFO: Train: [53][2784/2785]  Loss -1.0303 (-1.1989)  Time:  0.446 (0.013)  Data Time:  0.004 (0.005)
2022-03-30 16:16:56,215:INFO:   Eta: 1:58:10
2022-03-30 16:17:30,959:INFO: Train: [54][2784/2785]  Loss -1.0391 (-1.2305)  Time:  0.676 (0.012)  Data Time:  0.004 (0.005)
2022-03-30 16:17:30,964:INFO:   Eta: 1:53:21
2022-03-30 16:18:08,607:INFO: Train: [55][2784/2785]  Loss -1.0232 (-1.2366)  Time:  0.452 (0.013)  Data Time:  0.005 (0.004)
2022-03-30 16:18:08,609:INFO:   Eta: 2:02:10
2022-03-30 16:18:41,349:INFO: Train: [56][2784/2785]  Loss -0.9388 (-1.1952)  Time:  0.416 (0.012)  Data Time:  0.005 (0.005)
2022-03-30 16:18:41,350:INFO:   Eta: 1:45:46
2022-03-30 16:18:43,729:INFO: Test: [56]  ADE: 0.7659  FDE: 1.2463
2022-03-30 16:19:13,642:INFO: Train: [57][2784/2785]  Loss -1.1215 (-1.2816)  Time:  0.366 (0.011)  Data Time:  0.002 (0.004)
2022-03-30 16:19:13,644:INFO:   Eta: 1:36:08
2022-03-30 16:19:39,689:INFO: Train: [58][2784/2785]  Loss -0.9568 (-1.2660)  Time:  0.336 (0.009)  Data Time:  0.002 (0.003)
2022-03-30 16:19:39,691:INFO:   Eta: 1:23:15
2022-03-30 16:20:06,481:INFO: Train: [59][2784/2785]  Loss -1.0607 (-1.2155)  Time:  0.350 (0.010)  Data Time:  0.004 (0.003)
2022-03-30 16:20:06,483:INFO:   Eta: 1:25:11
2022-03-30 16:20:34,966:INFO: Train: [60][2784/2785]  Loss -0.9371 (-1.2967)  Time:  0.420 (0.010)  Data Time:  0.004 (0.004)
2022-03-30 16:20:34,968:INFO:   Eta: 1:30:06
2022-03-30 16:21:06,062:INFO: Train: [61][2784/2785]  Loss -1.0310 (-1.3269)  Time:  0.429 (0.011)  Data Time:  0.004 (0.004)
2022-03-30 16:21:06,064:INFO:   Eta: 1:37:51
2022-03-30 16:21:39,009:INFO: Train: [62][2784/2785]  Loss -0.9828 (-1.3173)  Time:  0.404 (0.012)  Data Time:  0.005 (0.005)
2022-03-30 16:21:39,010:INFO:   Eta: 1:43:08
2022-03-30 16:22:11,722:INFO: Train: [63][2784/2785]  Loss -1.0444 (-1.2891)  Time:  0.408 (0.012)  Data Time:  0.005 (0.005)
2022-03-30 16:22:11,723:INFO:   Eta: 1:41:52
2022-03-30 16:22:43,949:INFO: Train: [64][2784/2785]  Loss -0.9623 (-1.2762)  Time:  0.427 (0.012)  Data Time:  0.004 (0.004)
2022-03-30 16:22:43,952:INFO:   Eta: 1:39:48
2022-03-30 16:23:18,648:INFO: Train: [65][2784/2785]  Loss -1.0335 (-1.2701)  Time:  0.390 (0.012)  Data Time:  0.004 (0.004)
2022-03-30 16:23:18,650:INFO:   Eta: 1:46:51
2022-03-30 16:23:49,743:INFO: Train: [66][2784/2785]  Loss -1.1211 (-1.3530)  Time:  0.348 (0.011)  Data Time:  0.003 (0.004)
2022-03-30 16:23:49,745:INFO:   Eta: 1:35:16
2022-03-30 16:23:51,937:INFO: Test: [66]  ADE: 0.7453  FDE: 1.2015
2022-03-30 16:24:22,828:INFO: Train: [67][2784/2785]  Loss -0.7393 (-1.3838)  Time:  0.398 (0.011)  Data Time:  0.003 (0.004)
2022-03-30 16:24:22,831:INFO:   Eta: 1:34:09
2022-03-30 16:24:51,385:INFO: Train: [68][2784/2785]  Loss -1.1144 (-1.3339)  Time:  0.371 (0.010)  Data Time:  0.004 (0.004)
2022-03-30 16:24:51,387:INFO:   Eta: 1:26:32
2022-03-30 16:25:18,937:INFO: Train: [69][2784/2785]  Loss -0.9529 (-1.2924)  Time:  0.353 (0.010)  Data Time:  0.003 (0.004)
2022-03-30 16:25:18,939:INFO:   Eta: 1:23:02
2022-03-30 16:25:46,739:INFO: Train: [70][2784/2785]  Loss -1.1681 (-1.3781)  Time:  0.368 (0.010)  Data Time:  0.004 (0.004)
2022-03-30 16:25:46,740:INFO:   Eta: 1:23:19
2022-03-30 16:26:16,104:INFO: Train: [71][2784/2785]  Loss -1.0962 (-1.3117)  Time:  0.431 (0.011)  Data Time:  0.004 (0.004)
2022-03-30 16:26:16,108:INFO:   Eta: 1:27:31
2022-03-30 16:26:48,224:INFO: Train: [72][2784/2785]  Loss -1.1660 (-1.3858)  Time:  0.404 (0.012)  Data Time:  0.004 (0.004)
2022-03-30 16:26:48,229:INFO:   Eta: 1:35:09
2022-03-30 16:27:19,577:INFO: Train: [73][2784/2785]  Loss -0.8070 (-1.3729)  Time:  0.463 (0.011)  Data Time:  0.005 (0.004)
2022-03-30 16:27:19,579:INFO:   Eta: 1:32:22
2022-03-30 16:27:51,130:INFO: Train: [74][2784/2785]  Loss -1.0928 (-1.3158)  Time:  0.407 (0.011)  Data Time:  0.004 (0.004)
2022-03-30 16:27:51,133:INFO:   Eta: 1:32:27
2022-03-30 16:28:20,346:INFO: Train: [75][2784/2785]  Loss -0.9613 (-1.3491)  Time:  0.405 (0.010)  Data Time:  0.004 (0.004)
2022-03-30 16:28:20,348:INFO:   Eta: 1:25:06
2022-03-30 16:28:54,925:INFO: Train: [76][2784/2785]  Loss -1.1200 (-1.4235)  Time:  0.326 (0.012)  Data Time:  0.003 (0.004)
2022-03-30 16:28:55,145:INFO:   Eta: 1:40:10
2022-03-30 16:28:57,084:INFO: Test: [76]  ADE: 0.7090  FDE: 1.2283
2022-03-30 16:29:30,985:INFO: Train: [77][2784/2785]  Loss -1.2005 (-1.3701)  Time:  0.417 (0.012)  Data Time:  0.005 (0.004)
2022-03-30 16:29:30,987:INFO:   Eta: 1:35:48
2022-03-30 16:30:02,932:INFO: Train: [78][2784/2785]  Loss -1.1322 (-1.3369)  Time:  0.404 (0.011)  Data Time:  0.004 (0.004)
2022-03-30 16:30:02,934:INFO:   Eta: 1:31:30
2022-03-30 16:30:31,885:INFO: Train: [79][2784/2785]  Loss -1.2076 (-1.4025)  Time:  0.341 (0.010)  Data Time:  0.003 (0.004)
2022-03-30 16:30:31,890:INFO:   Eta: 1:22:25
2022-03-30 16:31:00,135:INFO: Train: [80][2784/2785]  Loss -1.0467 (-1.3627)  Time:  0.359 (0.010)  Data Time:  0.004 (0.004)
2022-03-30 16:31:00,137:INFO:   Eta: 1:19:55
2022-03-30 16:31:28,311:INFO: Train: [81][2784/2785]  Loss -1.2702 (-1.4301)  Time:  0.387 (0.010)  Data Time:  0.003 (0.004)
2022-03-30 16:31:28,313:INFO:   Eta: 1:19:17
2022-03-30 16:31:59,656:INFO: Train: [82][2784/2785]  Loss -1.0369 (-1.4051)  Time:  0.419 (0.011)  Data Time:  0.004 (0.004)
2022-03-30 16:31:59,657:INFO:   Eta: 1:27:41
2022-03-30 16:32:30,556:INFO: Train: [83][2784/2785]  Loss -1.1119 (-1.3724)  Time:  0.385 (0.011)  Data Time:  0.004 (0.004)
2022-03-30 16:32:30,558:INFO:   Eta: 1:25:55
2022-03-30 16:33:00,078:INFO: Train: [84][2784/2785]  Loss -1.0761 (-1.4540)  Time:  0.386 (0.011)  Data Time:  0.004 (0.004)
2022-03-30 16:33:00,079:INFO:   Eta: 1:21:35
2022-03-30 16:33:31,420:INFO: Train: [85][2784/2785]  Loss -1.0258 (-1.4374)  Time:  0.375 (0.011)  Data Time:  0.003 (0.004)
2022-03-30 16:33:31,422:INFO:   Eta: 1:26:07
2022-03-30 16:34:03,286:INFO: Train: [86][2784/2785]  Loss -1.0167 (-1.4490)  Time:  0.397 (0.011)  Data Time:  0.003 (0.004)
2022-03-30 16:34:03,289:INFO:   Eta: 1:27:01
2022-03-30 16:34:05,603:INFO: Test: [86]  ADE: 0.7113  FDE: 1.1602
2022-03-30 16:34:40,311:INFO: Train: [87][2784/2785]  Loss -1.1996 (-1.5172)  Time:  0.472 (0.012)  Data Time:  0.004 (0.004)
2022-03-30 16:34:40,319:INFO:   Eta: 1:34:12
2022-03-30 16:35:12,230:INFO: Train: [88][2784/2785]  Loss -1.1903 (-1.4035)  Time:  0.417 (0.011)  Data Time:  0.006 (0.005)
2022-03-30 16:35:12,232:INFO:   Eta: 1:26:01
2022-03-30 16:35:42,125:INFO: Train: [89][2784/2785]  Loss -1.1269 (-1.4400)  Time:  0.357 (0.011)  Data Time:  0.003 (0.004)
2022-03-30 16:35:42,128:INFO:   Eta: 1:20:09
2022-03-30 16:36:09,089:INFO: Train: [90][2784/2785]  Loss -1.1315 (-1.4158)  Time:  0.347 (0.010)  Data Time:  0.003 (0.004)
2022-03-30 16:36:09,090:INFO:   Eta: 1:11:49
2022-03-30 16:36:36,332:INFO: Train: [91][2784/2785]  Loss -1.0411 (-1.3498)  Time:  0.412 (0.010)  Data Time:  0.004 (0.004)
2022-03-30 16:36:36,334:INFO:   Eta: 1:12:07
2022-03-30 16:37:01,178:INFO: Train: [92][2784/2785]  Loss -1.2960 (-1.5207)  Time:  0.356 (0.009)  Data Time:  0.004 (0.003)
2022-03-30 16:37:01,180:INFO:   Eta: 1:05:21
2022-03-30 16:37:31,531:INFO: Train: [93][2784/2785]  Loss -1.0309 (-1.4349)  Time:  0.408 (0.011)  Data Time:  0.004 (0.004)
2022-03-30 16:37:31,533:INFO:   Eta: 1:19:21
2022-03-30 16:38:01,235:INFO: Train: [94][2784/2785]  Loss -1.0506 (-1.4319)  Time:  0.446 (0.011)  Data Time:  0.004 (0.004)
2022-03-30 16:38:01,236:INFO:   Eta: 1:17:09
2022-03-30 16:38:32,542:INFO: Train: [95][2784/2785]  Loss -0.9032 (-1.4621)  Time:  0.402 (0.011)  Data Time:  0.005 (0.004)
2022-03-30 16:38:32,543:INFO:   Eta: 1:20:49
2022-03-30 16:39:03,407:INFO: Train: [96][2784/2785]  Loss -1.2081 (-1.4312)  Time:  0.387 (0.011)  Data Time:  0.004 (0.004)
2022-03-30 16:39:03,408:INFO:   Eta: 1:19:09
2022-03-30 16:39:05,437:INFO: Test: [96]  ADE: 0.7103  FDE: 1.2001
2022-03-30 16:39:35,858:INFO: Train: [97][2784/2785]  Loss -0.9948 (-1.4730)  Time:  0.387 (0.011)  Data Time:  0.004 (0.004)
2022-03-30 16:39:35,861:INFO:   Eta: 1:17:31
2022-03-30 16:40:06,376:INFO: Train: [98][2784/2785]  Loss -1.1758 (-1.4290)  Time:  0.410 (0.011)  Data Time:  0.004 (0.004)
2022-03-30 16:40:06,377:INFO:   Eta: 1:17:11
2022-03-30 16:40:44,711:INFO: Train: [99][2784/2785]  Loss -1.1841 (-1.4799)  Time:  0.495 (0.014)  Data Time:  0.005 (0.004)
2022-03-30 16:40:44,715:INFO:   Eta: 1:36:22
2022-03-30 16:41:15,226:INFO: Train: [100][2784/2785]  Loss -1.1968 (-1.4554)  Time:  0.403 (0.011)  Data Time:  0.004 (0.004)
2022-03-30 16:41:15,227:INFO:   Eta: 1:16:09
2022-03-30 16:41:40,974:INFO: Train: [101][2784/2785]  Loss -0.9963 (-1.4640)  Time:  0.332 (0.009)  Data Time:  0.003 (0.003)
2022-03-30 16:41:40,986:INFO:   Eta: 1:03:50
2022-03-30 16:42:09,900:INFO: Train: [102][2784/2785]  Loss -1.2605 (-1.4775)  Time:  0.372 (0.010)  Data Time:  0.003 (0.004)
2022-03-30 16:42:09,902:INFO:   Eta: 1:11:06
2022-03-30 16:42:40,113:INFO: Train: [103][2784/2785]  Loss -1.0047 (-1.5307)  Time:  0.479 (0.011)  Data Time:  0.005 (0.004)
2022-03-30 16:42:40,116:INFO:   Eta: 1:13:56
2022-03-30 16:43:13,505:INFO: Train: [104][2784/2785]  Loss -0.9041 (-1.5357)  Time:  0.433 (0.012)  Data Time:  0.004 (0.005)
2022-03-30 16:43:13,506:INFO:   Eta: 1:21:09
2022-03-30 16:43:46,605:INFO: Train: [105][2784/2785]  Loss -1.1648 (-1.5296)  Time:  0.452 (0.012)  Data Time:  0.005 (0.004)
2022-03-30 16:43:46,607:INFO:   Eta: 1:19:54
2022-03-30 16:44:19,385:INFO: Train: [106][2784/2785]  Loss -1.1251 (-1.4576)  Time:  0.421 (0.012)  Data Time:  0.004 (0.004)
2022-03-30 16:44:19,386:INFO:   Eta: 1:18:34
2022-03-30 16:44:21,734:INFO: Test: [106]  ADE: 0.7275  FDE: 1.2156
2022-03-30 16:44:54,330:INFO: Train: [107][2784/2785]  Loss -1.0589 (-1.5385)  Time:  0.423 (0.012)  Data Time:  0.003 (0.004)
2022-03-30 16:44:54,333:INFO:   Eta: 1:17:37
2022-03-30 16:45:26,408:INFO: Train: [108][2784/2785]  Loss -1.3003 (-1.5587)  Time:  0.426 (0.012)  Data Time:  0.004 (0.004)
2022-03-30 16:45:26,414:INFO:   Eta: 1:15:49
2022-03-30 16:46:00,439:INFO: Train: [109][2784/2785]  Loss -1.1696 (-1.5138)  Time:  0.378 (0.012)  Data Time:  0.003 (0.004)
2022-03-30 16:46:00,441:INFO:   Eta: 1:19:48
2022-03-30 16:46:30,388:INFO: Train: [110][2784/2785]  Loss -1.1194 (-1.5091)  Time:  0.349 (0.011)  Data Time:  0.003 (0.004)
2022-03-30 16:46:30,388:INFO:   Eta: 1:09:47
2022-03-30 16:46:57,227:INFO: Train: [111][2784/2785]  Loss -1.1796 (-1.5673)  Time:  0.354 (0.010)  Data Time:  0.003 (0.003)
2022-03-30 16:46:57,229:INFO:   Eta: 1:02:07
2022-03-30 16:47:22,972:INFO: Train: [112][2784/2785]  Loss -1.2424 (-1.5337)  Time:  0.359 (0.009)  Data Time:  0.003 (0.003)
2022-03-30 16:47:22,973:INFO:   Eta: 0:59:09
2022-03-30 16:47:50,238:INFO: Train: [113][2784/2785]  Loss -1.2513 (-1.5147)  Time:  0.392 (0.010)  Data Time:  0.004 (0.003)
2022-03-30 16:47:50,240:INFO:   Eta: 1:02:12
2022-03-30 16:48:20,524:INFO: Train: [114][2784/2785]  Loss -1.0273 (-1.5013)  Time:  0.392 (0.011)  Data Time:  0.005 (0.004)
2022-03-30 16:48:20,526:INFO:   Eta: 1:08:35
2022-03-30 16:48:51,606:INFO: Train: [115][2784/2785]  Loss -1.1885 (-1.5454)  Time:  0.414 (0.011)  Data Time:  0.007 (0.004)
2022-03-30 16:48:51,607:INFO:   Eta: 1:09:51
2022-03-30 16:49:23,077:INFO: Train: [116][2784/2785]  Loss -1.3179 (-1.5786)  Time:  0.414 (0.011)  Data Time:  0.005 (0.005)
2022-03-30 16:49:23,079:INFO:   Eta: 1:10:13
2022-03-30 16:49:25,285:INFO: Test: [116]  ADE: 0.7083  FDE: 1.2253
2022-03-30 16:49:56,557:INFO: Train: [117][2784/2785]  Loss -0.9564 (-1.5415)  Time:  0.446 (0.011)  Data Time:  0.005 (0.004)
2022-03-30 16:49:56,559:INFO:   Eta: 1:09:16
2022-03-30 16:50:26,030:INFO: Train: [118][2784/2785]  Loss -1.1970 (-1.5558)  Time:  0.351 (0.011)  Data Time:  0.003 (0.004)
2022-03-30 16:50:26,032:INFO:   Eta: 1:04:47
2022-03-30 16:50:56,661:INFO: Train: [119][2784/2785]  Loss -1.0854 (-1.5854)  Time:  0.407 (0.011)  Data Time:  0.004 (0.004)
2022-03-30 16:50:56,663:INFO:   Eta: 1:06:49
2022-03-30 16:51:27,297:INFO: Train: [120][2784/2785]  Loss -1.1958 (-1.5572)  Time:  0.380 (0.011)  Data Time:  0.004 (0.004)
2022-03-30 16:51:27,299:INFO:   Eta: 1:06:18
2022-03-30 16:51:58,608:INFO: Train: [121][2784/2785]  Loss -1.2215 (-1.5729)  Time:  0.429 (0.011)  Data Time:  0.004 (0.004)
2022-03-30 16:51:58,611:INFO:   Eta: 1:07:14
2022-03-30 16:52:35,771:INFO: Train: [122][2784/2785]  Loss -1.1134 (-1.4964)  Time:  0.481 (0.013)  Data Time:  0.003 (0.004)
2022-03-30 16:52:35,777:INFO:   Eta: 1:19:08
2022-03-30 16:53:12,219:INFO: Train: [123][2784/2785]  Loss -1.2571 (-1.4945)  Time:  0.424 (0.013)  Data Time:  0.004 (0.004)
2022-03-30 16:53:12,226:INFO:   Eta: 1:16:58
2022-03-30 16:53:54,325:INFO: Train: [124][2784/2785]  Loss -1.0317 (-1.5180)  Time:  0.483 (0.015)  Data Time:  0.004 (0.004)
2022-03-30 16:53:54,331:INFO:   Eta: 1:28:14
2022-03-30 16:54:36,912:INFO: Train: [125][2784/2785]  Loss -1.2740 (-1.5034)  Time:  0.487 (0.015)  Data Time:  0.004 (0.004)
2022-03-30 16:54:36,918:INFO:   Eta: 1:28:33
2022-03-30 16:55:18,099:INFO: Train: [126][2784/2785]  Loss -1.1200 (-1.5004)  Time:  0.460 (0.015)  Data Time:  0.005 (0.004)
2022-03-30 16:55:18,103:INFO:   Eta: 1:24:56
2022-03-30 16:55:20,961:INFO: Test: [126]  ADE: 0.7252  FDE: 1.2146
2022-03-30 16:56:01,422:INFO: Train: [127][2784/2785]  Loss -1.2266 (-1.5791)  Time:  0.505 (0.015)  Data Time:  0.004 (0.004)
2022-03-30 16:56:01,431:INFO:   Eta: 1:22:50
2022-03-30 16:56:44,543:INFO: Train: [128][2784/2785]  Loss -1.2695 (-1.5782)  Time:  0.600 (0.015)  Data Time:  0.004 (0.005)
2022-03-30 16:56:44,547:INFO:   Eta: 1:27:29
2022-03-30 16:57:19,837:INFO: Train: [129][2784/2785]  Loss -1.0939 (-1.5428)  Time:  0.617 (0.013)  Data Time:  0.004 (0.004)
2022-03-30 16:57:19,847:INFO:   Eta: 1:11:03
2022-03-30 16:58:04,839:INFO: Train: [130][2784/2785]  Loss -1.3479 (-1.6284)  Time:  0.572 (0.016)  Data Time:  0.003 (0.004)
2022-03-30 16:58:04,845:INFO:   Eta: 1:29:46
2022-03-30 16:58:53,529:INFO: Train: [131][2784/2785]  Loss -1.2701 (-1.5773)  Time:  0.544 (0.017)  Data Time:  0.004 (0.005)
2022-03-30 16:58:53,538:INFO:   Eta: 1:36:21
2022-03-30 16:59:38,135:INFO: Train: [132][2784/2785]  Loss -1.2625 (-1.5778)  Time:  0.483 (0.016)  Data Time:  0.004 (0.004)
2022-03-30 16:59:38,143:INFO:   Eta: 1:27:29
2022-03-30 17:00:23,374:INFO: Train: [133][2784/2785]  Loss -1.3126 (-1.6005)  Time:  0.442 (0.016)  Data Time:  0.003 (0.004)
2022-03-30 17:00:23,378:INFO:   Eta: 1:27:59
2022-03-30 17:01:09,051:INFO: Train: [134][2784/2785]  Loss -1.2029 (-1.5452)  Time:  0.583 (0.016)  Data Time:  0.003 (0.004)
2022-03-30 17:01:09,057:INFO:   Eta: 1:28:08
2022-03-30 17:01:57,735:INFO: Train: [135][2784/2785]  Loss -1.3708 (-1.5346)  Time:  0.543 (0.017)  Data Time:  0.005 (0.005)
2022-03-30 17:01:57,742:INFO:   Eta: 1:33:07
2022-03-30 17:02:43,313:INFO: Train: [136][2784/2785]  Loss -1.2786 (-1.5749)  Time:  0.709 (0.016)  Data Time:  0.003 (0.004)
2022-03-30 17:02:43,321:INFO:   Eta: 1:26:25
2022-03-30 17:02:46,821:INFO: Test: [136]  ADE: 0.8128  FDE: 1.4861
2022-03-30 17:03:25,989:INFO: Train: [137][2784/2785]  Loss -1.2719 (-1.6646)  Time:  0.391 (0.014)  Data Time:  0.004 (0.004)
2022-03-30 17:03:25,990:INFO:   Eta: 1:13:40
2022-03-30 17:03:58,915:INFO: Train: [138][2784/2785]  Loss -1.3153 (-1.5270)  Time:  0.388 (0.012)  Data Time:  0.005 (0.004)
2022-03-30 17:03:58,916:INFO:   Eta: 1:01:24
2022-03-30 17:04:28,524:INFO: Train: [139][2784/2785]  Loss -0.8393 (-1.5831)  Time:  0.517 (0.011)  Data Time:  0.004 (0.004)
2022-03-30 17:04:28,525:INFO:   Eta: 0:54:43
2022-03-30 17:04:59,498:INFO: Train: [140][2784/2785]  Loss -1.2854 (-1.6085)  Time:  0.391 (0.011)  Data Time:  0.004 (0.004)
2022-03-30 17:04:59,499:INFO:   Eta: 0:56:44
2022-03-30 17:05:30,651:INFO: Train: [141][2784/2785]  Loss -0.9848 (-1.6270)  Time:  0.349 (0.011)  Data Time:  0.004 (0.004)
2022-03-30 17:05:30,652:INFO:   Eta: 0:56:33
2022-03-30 17:05:57,063:INFO: Train: [142][2784/2785]  Loss -1.1457 (-1.5571)  Time:  0.344 (0.009)  Data Time:  0.003 (0.003)
2022-03-30 17:05:57,065:INFO:   Eta: 0:47:29
2022-03-30 17:06:23,671:INFO: Train: [143][2784/2785]  Loss -1.2163 (-1.6234)  Time:  0.370 (0.010)  Data Time:  0.004 (0.003)
2022-03-30 17:06:23,673:INFO:   Eta: 0:47:23
2022-03-30 17:06:50,352:INFO: Train: [144][2784/2785]  Loss -1.2873 (-1.6082)  Time:  0.344 (0.010)  Data Time:  0.003 (0.003)
2022-03-30 17:06:50,353:INFO:   Eta: 0:47:05
2022-03-30 17:07:20,214:INFO: Train: [145][2784/2785]  Loss -1.2891 (-1.6087)  Time:  0.375 (0.011)  Data Time:  0.004 (0.004)
2022-03-30 17:07:20,216:INFO:   Eta: 0:52:13
2022-03-30 17:07:50,004:INFO: Train: [146][2784/2785]  Loss -1.3466 (-1.6289)  Time:  0.360 (0.011)  Data Time:  0.003 (0.004)
2022-03-30 17:07:50,005:INFO:   Eta: 0:51:35
2022-03-30 17:07:51,915:INFO: Test: [146]  ADE: 0.7922  FDE: 1.4272
2022-03-30 17:08:21,326:INFO: Train: [147][2784/2785]  Loss -1.0108 (-1.6580)  Time:  0.390 (0.011)  Data Time:  0.005 (0.004)
2022-03-30 17:08:21,327:INFO:   Eta: 0:50:27
2022-03-30 17:08:51,784:INFO: Train: [148][2784/2785]  Loss -1.1588 (-1.5507)  Time:  0.420 (0.011)  Data Time:  0.003 (0.004)
2022-03-30 17:08:51,788:INFO:   Eta: 0:51:44
2022-03-30 17:09:25,217:INFO: Train: [149][2784/2785]  Loss -1.1786 (-1.6150)  Time:  0.371 (0.012)  Data Time:  0.005 (0.004)
2022-03-30 17:09:25,217:INFO:   Eta: 0:56:12
2022-03-30 17:09:58,232:INFO: Train: [150][2784/2785]  Loss -1.2658 (-1.7723)  Time:  0.472 (0.012)  Data Time:  0.004 (0.004)
2022-03-30 17:09:58,236:INFO:   Eta: 0:54:58
2022-03-30 17:10:30,343:INFO: Train: [151][2784/2785]  Loss -1.4095 (-1.8213)  Time:  0.430 (0.012)  Data Time:  0.004 (0.004)
2022-03-30 17:10:30,345:INFO:   Eta: 0:52:55
2022-03-30 17:10:36,303:INFO: Valid: [151][659/660]  Loss -8.9817 (-5.7108)
2022-03-30 17:10:36,440:INFO: Checkpoint saved...
2022-03-30 17:11:06,034:INFO: Train: [152][2784/2785]  Loss -1.4436 (-1.7677)  Time:  0.367 (0.011)  Data Time:  0.003 (0.004)
2022-03-30 17:11:06,037:INFO:   Eta: 0:48:17
2022-03-30 17:11:12,205:INFO: Valid: [152][659/660]  Loss -9.0874 (-5.8069)
2022-03-30 17:11:12,214:INFO: Checkpoint saved...
2022-03-30 17:11:40,108:INFO: Train: [153][2784/2785]  Loss -1.3470 (-1.7577)  Time:  0.362 (0.010)  Data Time:  0.003 (0.003)
2022-03-30 17:11:40,111:INFO:   Eta: 0:45:03
2022-03-30 17:11:45,996:INFO: Valid: [153][659/660]  Loss -8.9480 (-5.6857)
2022-03-30 17:12:14,472:INFO: Train: [154][2784/2785]  Loss -1.3383 (-1.8016)  Time:  0.492 (0.010)  Data Time:  0.004 (0.003)
2022-03-30 17:12:14,473:INFO:   Eta: 0:45:31
2022-03-30 17:12:20,415:INFO: Valid: [154][659/660]  Loss -9.2490 (-5.8934)
2022-03-30 17:12:20,427:INFO: Checkpoint saved...
2022-03-30 17:12:52,508:INFO: Train: [155][2784/2785]  Loss -1.3769 (-1.7988)  Time:  0.380 (0.012)  Data Time:  0.003 (0.004)
2022-03-30 17:12:52,510:INFO:   Eta: 0:50:45
2022-03-30 17:12:58,426:INFO: Valid: [155][659/660]  Loss -9.3455 (-5.9706)
2022-03-30 17:12:58,433:INFO: Checkpoint saved...
2022-03-30 17:13:28,569:INFO: Train: [156][2784/2785]  Loss -1.3846 (-1.8233)  Time:  0.435 (0.011)  Data Time:  0.004 (0.004)
2022-03-30 17:13:28,571:INFO:   Eta: 0:47:10
2022-03-30 17:13:34,398:INFO: Valid: [156][659/660]  Loss -9.4351 (-6.0209)
2022-03-30 17:13:34,407:INFO: Checkpoint saved...
2022-03-30 17:13:36,567:INFO: Test: [156]  ADE: 0.7056  FDE: 1.1985
2022-03-30 17:14:09,617:INFO: Train: [157][2784/2785]  Loss -1.3844 (-1.7764)  Time:  0.417 (0.012)  Data Time:  0.004 (0.004)
2022-03-30 17:14:09,618:INFO:   Eta: 0:51:11
2022-03-30 17:14:15,510:INFO: Valid: [157][659/660]  Loss -9.4687 (-6.0425)
2022-03-30 17:14:15,524:INFO: Checkpoint saved...
2022-03-30 17:14:48,258:INFO: Train: [158][2784/2785]  Loss -1.3265 (-1.7574)  Time:  0.641 (0.012)  Data Time:  0.003 (0.004)
2022-03-30 17:14:48,267:INFO:   Eta: 0:50:08
2022-03-30 17:14:56,093:INFO: Valid: [158][659/660]  Loss -9.6815 (-6.1760)
2022-03-30 17:14:56,107:INFO: Checkpoint saved...
2022-03-30 17:15:30,343:INFO: Train: [159][2784/2785]  Loss -1.3974 (-1.8193)  Time:  0.430 (0.012)  Data Time:  0.003 (0.004)
2022-03-30 17:15:30,345:INFO:   Eta: 0:51:52
2022-03-30 17:15:36,641:INFO: Valid: [159][659/660]  Loss -9.5076 (-6.0476)
2022-03-30 17:16:09,321:INFO: Train: [160][2784/2785]  Loss -1.4094 (-1.7996)  Time:  0.400 (0.012)  Data Time:  0.004 (0.004)
2022-03-30 17:16:09,323:INFO:   Eta: 0:48:58
2022-03-30 17:16:15,318:INFO: Valid: [160][659/660]  Loss -9.1877 (-5.8584)
2022-03-30 17:16:47,935:INFO: Train: [161][2784/2785]  Loss -1.3523 (-1.7864)  Time:  0.406 (0.012)  Data Time:  0.003 (0.004)
2022-03-30 17:16:47,937:INFO:   Eta: 0:48:20
2022-03-30 17:16:54,217:INFO: Valid: [161][659/660]  Loss -9.6547 (-6.1691)
2022-03-30 17:17:22,781:INFO: Train: [162][2784/2785]  Loss -1.4423 (-1.7994)  Time:  0.372 (0.010)  Data Time:  0.003 (0.003)
2022-03-30 17:17:22,784:INFO:   Eta: 0:41:50
2022-03-30 17:17:29,039:INFO: Valid: [162][659/660]  Loss -8.0096 (-5.0721)
2022-03-30 17:17:57,409:INFO: Train: [163][2784/2785]  Loss -1.3585 (-1.7792)  Time:  0.355 (0.010)  Data Time:  0.003 (0.003)
2022-03-30 17:17:57,412:INFO:   Eta: 0:41:05
2022-03-30 17:18:03,524:INFO: Valid: [163][659/660]  Loss -9.8088 (-6.2558)
2022-03-30 17:18:03,538:INFO: Checkpoint saved...
2022-03-30 17:18:31,797:INFO: Train: [164][2784/2785]  Loss -1.2784 (-1.8207)  Time:  0.384 (0.010)  Data Time:  0.003 (0.003)
2022-03-30 17:18:31,799:INFO:   Eta: 0:40:27
2022-03-30 17:18:37,902:INFO: Valid: [164][659/660]  Loss -9.3370 (-5.9824)
2022-03-30 17:19:09,648:INFO: Train: [165][2784/2785]  Loss -1.3476 (-1.8155)  Time:  0.416 (0.011)  Data Time:  0.004 (0.004)
2022-03-30 17:19:09,650:INFO:   Eta: 0:44:56
2022-03-30 17:19:15,694:INFO: Valid: [165][659/660]  Loss -9.7480 (-6.2358)
2022-03-30 17:19:47,903:INFO: Train: [166][2784/2785]  Loss -1.4597 (-1.8328)  Time:  0.353 (0.012)  Data Time:  0.004 (0.004)
2022-03-30 17:19:47,906:INFO:   Eta: 0:45:03
2022-03-30 17:19:53,915:INFO: Valid: [166][659/660]  Loss -8.4598 (-5.4407)
2022-03-30 17:19:56,116:INFO: Test: [166]  ADE: 0.7555  FDE: 1.2961
2022-03-30 17:20:31,487:INFO: Train: [167][2784/2785]  Loss -1.3720 (-1.8009)  Time:  0.387 (0.013)  Data Time:  0.004 (0.004)
2022-03-30 17:20:31,488:INFO:   Eta: 0:48:53
2022-03-30 17:20:38,285:INFO: Valid: [167][659/660]  Loss -9.6300 (-6.1734)
2022-03-30 17:21:09,545:INFO: Train: [168][2784/2785]  Loss -1.3715 (-1.7975)  Time:  0.429 (0.011)  Data Time:  0.004 (0.004)
2022-03-30 17:21:09,546:INFO:   Eta: 0:42:41
2022-03-30 17:21:15,477:INFO: Valid: [168][659/660]  Loss -9.5379 (-6.1114)
2022-03-30 17:21:46,999:INFO: Train: [169][2784/2785]  Loss -1.3042 (-1.7810)  Time:  0.482 (0.011)  Data Time:  0.005 (0.004)
2022-03-30 17:21:47,001:INFO:   Eta: 0:42:31
2022-03-30 17:21:53,040:INFO: Valid: [169][659/660]  Loss -8.8759 (-5.6854)
2022-03-30 17:22:25,143:INFO: Train: [170][2784/2785]  Loss -1.2450 (-1.7927)  Time:  0.442 (0.012)  Data Time:  0.005 (0.004)
2022-03-30 17:22:25,147:INFO:   Eta: 0:42:45
2022-03-30 17:22:31,065:INFO: Valid: [170][659/660]  Loss -8.2646 (-5.3637)
2022-03-30 17:23:02,919:INFO: Train: [171][2784/2785]  Loss -1.3289 (-1.8169)  Time:  0.428 (0.011)  Data Time:  0.005 (0.004)
2022-03-30 17:23:02,924:INFO:   Eta: 0:41:54
2022-03-30 17:23:08,924:INFO: Valid: [171][659/660]  Loss -8.8737 (-5.6510)
2022-03-30 17:23:37,468:INFO: Train: [172][2784/2785]  Loss -1.3340 (-1.8018)  Time:  0.366 (0.010)  Data Time:  0.003 (0.004)
2022-03-30 17:23:37,469:INFO:   Eta: 0:37:04
2022-03-30 17:23:43,016:INFO: Valid: [172][659/660]  Loss -9.3721 (-5.9721)
2022-03-30 17:24:07,337:INFO: Train: [173][2784/2785]  Loss -1.3323 (-1.8473)  Time:  0.340 (0.009)  Data Time:  0.003 (0.003)
2022-03-30 17:24:07,339:INFO:   Eta: 0:31:10
2022-03-30 17:24:13,150:INFO: Valid: [173][659/660]  Loss -9.6498 (-6.1810)
2022-03-30 17:24:41,193:INFO: Train: [174][2784/2785]  Loss -1.3157 (-1.7778)  Time:  0.363 (0.010)  Data Time:  0.004 (0.003)
2022-03-30 17:24:41,194:INFO:   Eta: 0:35:29
2022-03-30 17:24:46,996:INFO: Valid: [174][659/660]  Loss -9.5651 (-6.1087)
2022-03-30 17:25:19,213:INFO: Train: [175][2784/2785]  Loss -1.3598 (-1.7266)  Time:  0.396 (0.012)  Data Time:  0.003 (0.004)
2022-03-30 17:25:19,215:INFO:   Eta: 0:40:14
2022-03-30 17:25:25,133:INFO: Valid: [175][659/660]  Loss -9.5646 (-6.1179)
2022-03-30 17:25:58,544:INFO: Train: [176][2784/2785]  Loss -1.3144 (-1.7891)  Time:  0.656 (0.012)  Data Time:  0.003 (0.004)
2022-03-30 17:25:58,551:INFO:   Eta: 0:41:09
2022-03-30 17:26:05,257:INFO: Valid: [176][659/660]  Loss -9.4069 (-5.9965)
2022-03-30 17:26:07,412:INFO: Test: [176]  ADE: 0.6957  FDE: 1.1927
2022-03-30 17:26:38,675:INFO: Train: [177][2784/2785]  Loss -1.4093 (-1.8390)  Time:  0.389 (0.011)  Data Time:  0.004 (0.004)
2022-03-30 17:26:38,676:INFO:   Eta: 0:38:00
2022-03-30 17:26:44,413:INFO: Valid: [177][659/660]  Loss -9.5199 (-6.0510)
2022-03-30 17:27:14,999:INFO: Train: [178][2784/2785]  Loss -1.4150 (-1.8156)  Time:  0.431 (0.011)  Data Time:  0.005 (0.004)
2022-03-30 17:27:15,000:INFO:   Eta: 0:36:40
2022-03-30 17:27:20,514:INFO: Valid: [178][659/660]  Loss -9.0154 (-5.7768)
2022-03-30 17:27:50,748:INFO: Train: [179][2784/2785]  Loss -1.2764 (-1.7670)  Time:  0.417 (0.011)  Data Time:  0.004 (0.004)
2022-03-30 17:27:50,750:INFO:   Eta: 0:35:45
2022-03-30 17:27:56,527:INFO: Valid: [179][659/660]  Loss -8.9238 (-5.6645)
2022-03-30 17:28:27,303:INFO: Train: [180][2784/2785]  Loss -1.3811 (-1.8320)  Time:  0.400 (0.011)  Data Time:  0.004 (0.004)
2022-03-30 17:28:27,305:INFO:   Eta: 0:35:52
2022-03-30 17:28:32,960:INFO: Valid: [180][659/660]  Loss -9.4882 (-6.0604)
2022-03-30 17:29:02,206:INFO: Train: [181][2784/2785]  Loss -1.4093 (-1.8019)  Time:  0.364 (0.010)  Data Time:  0.004 (0.004)
2022-03-30 17:29:02,207:INFO:   Eta: 0:33:36
2022-03-30 17:29:07,471:INFO: Valid: [181][659/660]  Loss -9.0433 (-5.7738)
2022-03-30 17:29:34,418:INFO: Train: [182][2784/2785]  Loss -1.2448 (-1.7638)  Time:  0.347 (0.010)  Data Time:  0.004 (0.003)
2022-03-30 17:29:34,419:INFO:   Eta: 0:30:31
2022-03-30 17:29:39,951:INFO: Valid: [182][659/660]  Loss -9.7894 (-6.2320)
2022-03-30 17:30:05,451:INFO: Train: [183][2784/2785]  Loss -1.4691 (-1.8483)  Time:  0.350 (0.009)  Data Time:  0.003 (0.003)
2022-03-30 17:30:05,491:INFO:   Eta: 0:28:23
2022-03-30 17:30:11,312:INFO: Valid: [183][659/660]  Loss -8.8472 (-5.6572)
2022-03-30 17:30:36,864:INFO: Train: [184][2784/2785]  Loss -1.3645 (-1.8421)  Time:  0.331 (0.009)  Data Time:  0.002 (0.003)
2022-03-30 17:30:36,965:INFO:   Eta: 0:28:05
2022-03-30 17:30:42,582:INFO: Valid: [184][659/660]  Loss -9.7740 (-6.2437)
2022-03-30 17:31:16,064:INFO: Train: [185][2784/2785]  Loss -1.3593 (-1.7958)  Time:  0.355 (0.011)  Data Time:  0.004 (0.004)
2022-03-30 17:31:16,066:INFO:   Eta: 0:34:36
2022-03-30 17:31:22,169:INFO: Valid: [185][659/660]  Loss -9.5833 (-6.1240)
2022-03-30 17:31:52,307:INFO: Train: [186][2784/2785]  Loss -1.3628 (-1.8219)  Time:  0.419 (0.011)  Data Time:  0.005 (0.004)
2022-03-30 17:31:52,392:INFO:   Eta: 0:32:07
2022-03-30 17:31:58,684:INFO: Valid: [186][659/660]  Loss -9.4999 (-6.0705)
2022-03-30 17:32:02,678:INFO: Test: [186]  ADE: 0.7398  FDE: 1.2258
2022-03-30 17:32:37,288:INFO: Train: [187][2784/2785]  Loss -1.3638 (-1.8726)  Time:  0.430 (0.012)  Data Time:  0.004 (0.004)
2022-03-30 17:32:37,290:INFO:   Eta: 0:36:18
2022-03-30 17:32:44,503:INFO: Valid: [187][659/660]  Loss -9.6014 (-6.1118)
2022-03-30 17:33:17,109:INFO: Train: [188][2784/2785]  Loss -1.4091 (-1.8499)  Time:  0.400 (0.012)  Data Time:  0.005 (0.004)
2022-03-30 17:33:17,111:INFO:   Eta: 0:33:39
2022-03-30 17:33:24,295:INFO: Valid: [188][659/660]  Loss -8.9256 (-5.7141)
2022-03-30 17:33:58,284:INFO: Train: [189][2784/2785]  Loss -1.3182 (-1.8665)  Time:  0.411 (0.012)  Data Time:  0.004 (0.004)
2022-03-30 17:33:58,287:INFO:   Eta: 0:34:30
2022-03-30 17:34:05,369:INFO: Valid: [189][659/660]  Loss -8.3760 (-5.3545)
2022-03-30 17:34:36,714:INFO: Train: [190][2784/2785]  Loss -1.2855 (-1.8484)  Time:  0.409 (0.011)  Data Time:  0.004 (0.004)
2022-03-30 17:34:36,717:INFO:   Eta: 0:31:18
2022-03-30 17:34:43,701:INFO: Valid: [190][659/660]  Loss -9.5808 (-6.0973)
2022-03-30 17:35:16,532:INFO: Train: [191][2784/2785]  Loss -1.4387 (-1.8313)  Time:  0.401 (0.012)  Data Time:  0.003 (0.004)
2022-03-30 17:35:16,537:INFO:   Eta: 0:32:15
2022-03-30 17:35:22,805:INFO: Valid: [191][659/660]  Loss -9.3722 (-5.9650)
2022-03-30 17:35:53,035:INFO: Train: [192][2784/2785]  Loss -1.4795 (-1.8415)  Time:  0.318 (0.011)  Data Time:  0.002 (0.004)
2022-03-30 17:35:53,036:INFO:   Eta: 0:29:11
2022-03-30 17:35:58,797:INFO: Valid: [192][659/660]  Loss -9.3083 (-5.9808)
2022-03-30 17:36:26,344:INFO: Train: [193][2784/2785]  Loss -1.4168 (-1.7630)  Time:  0.462 (0.010)  Data Time:  0.003 (0.003)
2022-03-30 17:36:26,347:INFO:   Eta: 0:26:08
2022-03-30 17:36:32,466:INFO: Valid: [193][659/660]  Loss -9.7084 (-6.2210)
2022-03-30 17:37:01,045:INFO: Train: [194][2784/2785]  Loss -1.4207 (-1.8409)  Time:  0.351 (0.010)  Data Time:  0.003 (0.003)
2022-03-30 17:37:01,049:INFO:   Eta: 0:26:38
2022-03-30 17:37:07,405:INFO: Valid: [194][659/660]  Loss -9.5361 (-6.0969)
2022-03-30 17:37:39,271:INFO: Train: [195][2784/2785]  Loss -1.3491 (-1.8398)  Time:  0.453 (0.011)  Data Time:  0.004 (0.004)
2022-03-30 17:37:39,274:INFO:   Eta: 0:29:11
2022-03-30 17:37:44,845:INFO: Valid: [195][659/660]  Loss -9.5616 (-6.1127)
2022-03-30 17:38:22,129:INFO: Train: [196][2784/2785]  Loss -1.2663 (-1.8420)  Time:  0.488 (0.013)  Data Time:  0.004 (0.004)
2022-03-30 17:38:22,132:INFO:   Eta: 0:33:31
2022-03-30 17:38:29,556:INFO: Valid: [196][659/660]  Loss -9.3586 (-5.9576)
2022-03-30 17:38:32,259:INFO: Test: [196]  ADE: 0.7166  FDE: 1.1355
2022-03-30 17:39:05,425:INFO: Train: [197][2784/2785]  Loss -1.4468 (-1.8440)  Time:  0.411 (0.012)  Data Time:  0.004 (0.004)
2022-03-30 17:39:05,427:INFO:   Eta: 0:29:16
2022-03-30 17:39:11,774:INFO: Valid: [197][659/660]  Loss -9.5598 (-6.0985)
2022-03-30 17:39:43,104:INFO: Train: [198][2784/2785]  Loss -1.2659 (-1.8440)  Time:  0.396 (0.011)  Data Time:  0.002 (0.004)
2022-03-30 17:39:43,107:INFO:   Eta: 0:27:07
2022-03-30 17:39:49,123:INFO: Valid: [198][659/660]  Loss -9.3665 (-5.9504)
2022-03-30 17:40:20,787:INFO: Train: [199][2784/2785]  Loss -1.4718 (-1.8579)  Time:  0.444 (0.011)  Data Time:  0.003 (0.004)
2022-03-30 17:40:20,791:INFO:   Eta: 0:26:52
2022-03-30 17:40:27,497:INFO: Valid: [199][659/660]  Loss -9.2058 (-5.8556)
2022-03-30 17:40:58,715:INFO: Train: [200][2784/2785]  Loss -1.3682 (-1.8108)  Time:  0.419 (0.011)  Data Time:  0.004 (0.004)
2022-03-30 17:40:58,795:INFO:   Eta: 0:25:59
2022-03-30 17:41:05,263:INFO: Valid: [200][659/660]  Loss -9.6878 (-6.1894)
2022-03-30 17:41:37,956:INFO: Train: [201][2784/2785]  Loss -1.4584 (-1.8112)  Time:  0.384 (0.011)  Data Time:  0.003 (0.004)
2022-03-30 17:41:37,959:INFO:   Eta: 0:25:44
2022-03-30 17:41:44,322:INFO: Valid: [201][659/660]  Loss -9.4020 (-6.0313)
2022-03-30 17:42:15,105:INFO: Train: [202][2784/2785]  Loss -1.4844 (-1.8636)  Time:  0.368 (0.011)  Data Time:  0.003 (0.004)
2022-03-30 17:42:15,108:INFO:   Eta: 0:24:36
2022-03-30 17:42:20,964:INFO: Valid: [202][659/660]  Loss -9.4781 (-6.0131)
2022-03-30 17:42:47,945:INFO: Train: [203][2784/2785]  Loss -1.3385 (-1.8317)  Time:  0.350 (0.010)  Data Time:  0.003 (0.003)
2022-03-30 17:42:47,947:INFO:   Eta: 0:21:06
2022-03-30 17:42:53,989:INFO: Valid: [203][659/660]  Loss -9.2419 (-5.8905)
2022-03-30 17:43:22,346:INFO: Train: [204][2784/2785]  Loss -1.5081 (-1.8545)  Time:  0.389 (0.010)  Data Time:  0.002 (0.003)
2022-03-30 17:43:22,348:INFO:   Eta: 0:21:43
2022-03-30 17:43:28,251:INFO: Valid: [204][659/660]  Loss -8.9430 (-5.7191)
2022-03-30 17:44:00,236:INFO: Train: [205][2784/2785]  Loss -1.3604 (-1.7794)  Time:  0.668 (0.011)  Data Time:  0.005 (0.004)
2022-03-30 17:44:00,242:INFO:   Eta: 0:23:57
2022-03-30 17:44:07,283:INFO: Valid: [205][659/660]  Loss -9.7750 (-6.2556)
2022-03-30 17:44:43,544:INFO: Train: [206][2784/2785]  Loss -1.4341 (-1.8306)  Time:  0.457 (0.013)  Data Time:  0.003 (0.004)
2022-03-30 17:44:43,549:INFO:   Eta: 0:26:33
2022-03-30 17:44:49,571:INFO: Valid: [206][659/660]  Loss -9.6240 (-6.1661)
2022-03-30 17:44:51,696:INFO: Test: [206]  ADE: 0.7359  FDE: 1.2604
2022-03-30 17:45:19,910:INFO: Train: [207][2784/2785]  Loss -1.2851 (-1.8080)  Time:  0.414 (0.010)  Data Time:  0.005 (0.004)
2022-03-30 17:45:19,912:INFO:   Eta: 0:20:12
2022-03-30 17:45:26,158:INFO: Valid: [207][659/660]  Loss -7.6245 (-4.8888)
2022-03-30 17:45:57,294:INFO: Train: [208][2784/2785]  Loss -1.3413 (-1.7844)  Time:  0.393 (0.011)  Data Time:  0.004 (0.004)
2022-03-30 17:45:57,296:INFO:   Eta: 0:21:46
2022-03-30 17:46:03,812:INFO: Valid: [208][659/660]  Loss -8.8204 (-5.6350)
2022-03-30 17:46:35,785:INFO: Train: [209][2784/2785]  Loss -1.4551 (-1.8323)  Time:  0.444 (0.011)  Data Time:  0.002 (0.004)
2022-03-30 17:46:35,789:INFO:   Eta: 0:21:49
2022-03-30 17:46:41,759:INFO: Valid: [209][659/660]  Loss -9.6430 (-6.1819)
2022-03-30 17:47:13,337:INFO: Train: [210][2784/2785]  Loss -1.4584 (-1.8483)  Time:  0.411 (0.011)  Data Time:  0.004 (0.004)
2022-03-30 17:47:13,339:INFO:   Eta: 0:21:01
2022-03-30 17:47:19,323:INFO: Valid: [210][659/660]  Loss -9.1877 (-5.8312)
2022-03-30 17:47:50,942:INFO: Train: [211][2784/2785]  Loss -1.4958 (-1.8423)  Time:  0.370 (0.011)  Data Time:  0.004 (0.004)
2022-03-30 17:47:50,944:INFO:   Eta: 0:20:32
2022-03-30 17:47:56,925:INFO: Valid: [211][659/660]  Loss -8.8987 (-5.6845)
2022-03-30 17:48:25,729:INFO: Train: [212][2784/2785]  Loss -1.3995 (-1.8526)  Time:  0.360 (0.010)  Data Time:  0.002 (0.004)
2022-03-30 17:48:25,731:INFO:   Eta: 0:18:13
2022-03-30 17:48:31,884:INFO: Valid: [212][659/660]  Loss -9.5303 (-6.0776)
2022-03-30 17:48:59,478:INFO: Train: [213][2784/2785]  Loss -1.4727 (-1.8439)  Time:  0.335 (0.010)  Data Time:  0.004 (0.003)
2022-03-30 17:48:59,480:INFO:   Eta: 0:16:59
2022-03-30 17:49:05,456:INFO: Valid: [213][659/660]  Loss -9.8739 (-6.3009)
2022-03-30 17:49:06,448:INFO: Checkpoint saved...
2022-03-30 17:49:33,201:INFO: Train: [214][2784/2785]  Loss -1.4698 (-1.7873)  Time:  0.381 (0.010)  Data Time:  0.003 (0.003)
2022-03-30 17:49:33,202:INFO:   Eta: 0:16:02
2022-03-30 17:49:39,146:INFO: Valid: [214][659/660]  Loss -9.0702 (-5.8097)
2022-03-30 17:50:07,412:INFO: Train: [215][2784/2785]  Loss -1.4176 (-1.8708)  Time:  0.357 (0.010)  Data Time:  0.004 (0.004)
2022-03-30 17:50:07,413:INFO:   Eta: 0:16:28
2022-03-30 17:50:11,910:INFO: Valid: [215][659/660]  Loss -9.7609 (-6.2367)
2022-03-30 17:50:47,088:INFO: Train: [216][2784/2785]  Loss -1.3617 (-1.8094)  Time:  0.405 (0.013)  Data Time:  0.005 (0.004)
2022-03-30 17:50:47,090:INFO:   Eta: 0:19:54
2022-03-30 17:50:52,717:INFO: Valid: [216][659/660]  Loss -9.4105 (-6.0012)
2022-03-30 17:50:54,977:INFO: Test: [216]  ADE: 0.7751  FDE: 1.3191
2022-03-30 17:51:26,065:INFO: Train: [217][2784/2785]  Loss -1.4534 (-1.8600)  Time:  0.325 (0.011)  Data Time:  0.003 (0.004)
2022-03-30 17:51:26,160:INFO:   Eta: 0:17:05
2022-03-30 17:51:32,079:INFO: Valid: [217][659/660]  Loss -9.7620 (-6.2642)
2022-03-30 17:52:00,405:INFO: Train: [218][2784/2785]  Loss -1.2680 (-1.8839)  Time:  0.350 (0.010)  Data Time:  0.003 (0.004)
2022-03-30 17:52:00,527:INFO:   Eta: 0:14:17
2022-03-30 17:52:06,622:INFO: Valid: [218][659/660]  Loss -9.5397 (-6.0914)
2022-03-30 17:52:32,295:INFO: Train: [219][2784/2785]  Loss -1.4205 (-1.8960)  Time:  0.342 (0.009)  Data Time:  0.003 (0.003)
2022-03-30 17:52:32,297:INFO:   Eta: 0:13:15
2022-03-30 17:52:37,942:INFO: Valid: [219][659/660]  Loss -9.6614 (-6.1765)
2022-03-30 17:53:03,745:INFO: Train: [220][2784/2785]  Loss -1.5057 (-1.8811)  Time:  0.354 (0.009)  Data Time:  0.003 (0.003)
2022-03-30 17:53:03,746:INFO:   Eta: 0:12:53
2022-03-30 17:53:09,936:INFO: Valid: [220][659/660]  Loss -9.3119 (-5.9135)
2022-03-30 17:53:33,581:INFO: Train: [221][2784/2785]  Loss -1.5903 (-1.8664)  Time:  0.414 (0.008)  Data Time:  0.004 (0.003)
2022-03-30 17:53:33,584:INFO:   Eta: 0:11:25
2022-03-30 17:53:39,119:INFO: Valid: [221][659/660]  Loss -9.3315 (-5.9592)
2022-03-30 17:54:05,326:INFO: Train: [222][2784/2785]  Loss -1.5016 (-1.8261)  Time:  0.329 (0.009)  Data Time:  0.002 (0.003)
2022-03-30 17:54:05,327:INFO:   Eta: 0:12:13
2022-03-30 17:54:10,810:INFO: Valid: [222][659/660]  Loss -8.8761 (-5.6413)
2022-03-30 17:54:32,893:INFO: Train: [223][2784/2785]  Loss -1.3301 (-1.8538)  Time:  0.334 (0.008)  Data Time:  0.001 (0.002)
2022-03-30 17:54:32,895:INFO:   Eta: 0:09:55
2022-03-30 17:54:38,345:INFO: Valid: [223][659/660]  Loss -8.7861 (-5.5715)
2022-03-30 17:54:56,627:INFO: Train: [224][2784/2785]  Loss -1.5241 (-1.8267)  Time:  0.263 (0.007)  Data Time:  0.001 (0.001)
2022-03-30 17:54:56,630:INFO:   Eta: 0:07:54
2022-03-30 17:55:01,868:INFO: Valid: [224][659/660]  Loss -8.9673 (-5.7066)
2022-03-30 17:55:19,694:INFO: Train: [225][2784/2785]  Loss -1.4053 (-1.8532)  Time:  0.244 (0.006)  Data Time:  0.000 (0.001)
2022-03-30 17:55:19,697:INFO:   Eta: 0:07:25
2022-03-30 17:55:25,036:INFO: Valid: [225][659/660]  Loss -9.5960 (-6.1200)
2022-03-30 17:55:45,423:INFO: Train: [226][2784/2785]  Loss -1.4390 (-1.8637)  Time:  0.301 (0.007)  Data Time:  0.002 (0.002)
2022-03-30 17:55:45,425:INFO:   Eta: 0:08:08
2022-03-30 17:55:50,859:INFO: Valid: [226][659/660]  Loss -8.8737 (-5.6738)
2022-03-30 17:55:52,782:INFO: Test: [226]  ADE: 0.7844  FDE: 1.3872
2022-03-30 17:56:14,227:INFO: Train: [227][2784/2785]  Loss -1.5039 (-1.8579)  Time:  0.286 (0.008)  Data Time:  0.002 (0.002)
2022-03-30 17:56:14,229:INFO:   Eta: 0:08:12
2022-03-30 17:56:20,318:INFO: Valid: [227][659/660]  Loss -9.6439 (-6.1828)
2022-03-30 17:56:40,975:INFO: Train: [228][2784/2785]  Loss -1.5408 (-1.8477)  Time:  0.258 (0.007)  Data Time:  0.002 (0.002)
2022-03-30 17:56:40,976:INFO:   Eta: 0:07:33
2022-03-30 17:56:45,129:INFO: Valid: [228][659/660]  Loss -8.7020 (-5.5567)
2022-03-30 17:57:18,729:INFO: Train: [229][2784/2785]  Loss -1.3513 (-1.8597)  Time:  0.390 (0.012)  Data Time:  0.002 (0.002)
2022-03-30 17:57:18,735:INFO:   Eta: 0:11:43
2022-03-30 17:57:27,475:INFO: Valid: [229][659/660]  Loss -9.1481 (-5.8332)
2022-03-30 17:58:07,477:INFO: Train: [230][2784/2785]  Loss -1.4394 (-1.8589)  Time:  0.443 (0.014)  Data Time:  0.003 (0.003)
2022-03-30 17:58:07,481:INFO:   Eta: 0:13:18
2022-03-30 17:58:16,119:INFO: Valid: [230][659/660]  Loss -8.4054 (-5.3300)
2022-03-30 17:58:55,997:INFO: Train: [231][2784/2785]  Loss -1.4581 (-1.8497)  Time:  0.571 (0.014)  Data Time:  0.001 (0.003)
2022-03-30 17:58:56,003:INFO:   Eta: 0:12:36
2022-03-30 17:59:04,196:INFO: Valid: [231][659/660]  Loss -9.4616 (-6.0512)
2022-03-30 17:59:44,552:INFO: Train: [232][2784/2785]  Loss -1.3945 (-1.8808)  Time:  0.431 (0.014)  Data Time:  0.003 (0.003)
2022-03-30 17:59:44,557:INFO:   Eta: 0:12:04
2022-03-30 17:59:52,510:INFO: Valid: [232][659/660]  Loss -9.4564 (-6.0514)
2022-03-30 18:00:28,746:INFO: Train: [233][2784/2785]  Loss -1.4815 (-1.8595)  Time:  0.407 (0.013)  Data Time:  0.002 (0.003)
2022-03-30 18:00:28,750:INFO:   Eta: 0:10:14
2022-03-30 18:00:36,173:INFO: Valid: [233][659/660]  Loss -9.7364 (-6.1998)
2022-03-30 18:01:09,556:INFO: Train: [234][2784/2785]  Loss -1.3858 (-1.8191)  Time:  0.409 (0.012)  Data Time:  0.000 (0.002)
2022-03-30 18:01:09,568:INFO:   Eta: 0:08:53
2022-03-30 18:01:17,871:INFO: Valid: [234][659/660]  Loss -9.2471 (-5.8823)
2022-03-30 18:01:49,949:INFO: Train: [235][2784/2785]  Loss -1.4117 (-1.7411)  Time:  0.453 (0.011)  Data Time:  0.002 (0.002)
2022-03-30 18:01:49,955:INFO:   Eta: 0:07:31
2022-03-30 18:01:57,296:INFO: Valid: [235][659/660]  Loss -9.2940 (-5.9110)
2022-03-30 18:02:22,679:INFO: Train: [236][2784/2785]  Loss -1.3000 (-1.8837)  Time:  0.367 (0.009)  Data Time:  0.003 (0.002)
2022-03-30 18:02:22,683:INFO:   Eta: 0:05:54
2022-03-30 18:02:29,347:INFO: Valid: [236][659/660]  Loss -8.0399 (-5.1151)
2022-03-30 18:02:30,921:INFO: Test: [236]  ADE: 0.8054  FDE: 1.4495
2022-03-30 18:02:59,830:INFO: Train: [237][2784/2785]  Loss -1.4818 (-1.8990)  Time:  0.507 (0.010)  Data Time:  0.003 (0.003)
2022-03-30 18:02:59,836:INFO:   Eta: 0:06:15
2022-03-30 18:03:07,280:INFO: Valid: [237][659/660]  Loss -9.8211 (-6.2687)
2022-03-30 18:03:31,617:INFO: Train: [238][2784/2785]  Loss -1.5423 (-1.8561)  Time:  0.305 (0.009)  Data Time:  0.005 (0.002)
2022-03-30 18:03:31,620:INFO:   Eta: 0:04:51
2022-03-30 18:03:37,576:INFO: Valid: [238][659/660]  Loss -8.7015 (-5.5949)
2022-03-30 18:04:00,273:INFO: Train: [239][2784/2785]  Loss -1.3255 (-1.8479)  Time:  0.275 (0.008)  Data Time:  0.002 (0.002)
2022-03-30 18:04:00,275:INFO:   Eta: 0:04:09
2022-03-30 18:04:06,231:INFO: Valid: [239][659/660]  Loss -9.4013 (-6.0145)
2022-03-30 18:04:29,201:INFO: Train: [240][2784/2785]  Loss -1.4437 (-1.8555)  Time:  0.296 (0.008)  Data Time:  0.001 (0.002)
2022-03-30 18:04:29,203:INFO:   Eta: 0:03:49
2022-03-30 18:04:34,905:INFO: Valid: [240][659/660]  Loss -9.0992 (-5.7803)
2022-03-30 18:04:57,777:INFO: Train: [241][2784/2785]  Loss -1.3649 (-1.8608)  Time:  0.361 (0.008)  Data Time:  0.002 (0.002)
2022-03-30 18:04:57,778:INFO:   Eta: 0:03:25
2022-03-30 18:05:03,850:INFO: Valid: [241][659/660]  Loss -9.3512 (-5.9829)
2022-03-30 18:05:27,477:INFO: Train: [242][2784/2785]  Loss -1.3444 (-1.7791)  Time:  0.307 (0.008)  Data Time:  0.002 (0.002)
2022-03-30 18:05:27,479:INFO:   Eta: 0:03:08
2022-03-30 18:05:33,456:INFO: Valid: [242][659/660]  Loss -9.3795 (-6.0066)
2022-03-30 18:05:56,561:INFO: Train: [243][2784/2785]  Loss -1.4487 (-1.8515)  Time:  0.337 (0.008)  Data Time:  0.003 (0.002)
2022-03-30 18:05:56,562:INFO:   Eta: 0:02:41
2022-03-30 18:06:02,245:INFO: Valid: [243][659/660]  Loss -9.1978 (-5.9344)
2022-03-30 18:06:22,063:INFO: Train: [244][2784/2785]  Loss -1.3424 (-1.9228)  Time:  0.299 (0.007)  Data Time:  0.002 (0.002)
2022-03-30 18:06:22,067:INFO:   Eta: 0:01:58
2022-03-30 18:06:27,705:INFO: Valid: [244][659/660]  Loss -9.4261 (-6.0116)
2022-03-30 18:06:45,667:INFO: Train: [245][2784/2785]  Loss -1.4457 (-1.8183)  Time:  0.258 (0.006)  Data Time:  0.001 (0.001)
2022-03-30 18:06:45,670:INFO:   Eta: 0:01:29
2022-03-30 18:06:51,229:INFO: Valid: [245][659/660]  Loss -8.9995 (-5.7069)
2022-03-30 18:07:09,545:INFO: Train: [246][2784/2785]  Loss -1.5053 (-1.8599)  Time:  0.280 (0.007)  Data Time:  0.002 (0.001)
2022-03-30 18:07:09,547:INFO:   Eta: 0:01:13
2022-03-30 18:07:15,386:INFO: Valid: [246][659/660]  Loss -9.3029 (-5.9428)
2022-03-30 18:07:17,181:INFO: Test: [246]  ADE: 0.7667  FDE: 1.3308
2022-03-30 18:07:36,259:INFO: Train: [247][2784/2785]  Loss -1.5022 (-1.8280)  Time:  0.297 (0.007)  Data Time:  0.002 (0.001)
2022-03-30 18:07:36,260:INFO:   Eta: 0:00:57
2022-03-30 18:07:41,870:INFO: Valid: [247][659/660]  Loss -8.9774 (-5.7636)
2022-03-30 18:08:03,069:INFO: Train: [248][2784/2785]  Loss -1.4250 (-1.8364)  Time:  0.257 (0.008)  Data Time:  0.002 (0.002)
2022-03-30 18:08:03,266:INFO:   Eta: 0:00:42
2022-03-30 18:08:07,058:INFO: Valid: [248][659/660]  Loss -9.5818 (-6.1221)
2022-03-30 18:08:37,601:INFO: Train: [249][2784/2785]  Loss -1.5088 (-1.8268)  Time:  0.293 (0.011)  Data Time:  0.002 (0.003)
2022-03-30 18:08:37,602:INFO:   Eta: 0:00:29
2022-03-30 18:08:43,056:INFO: Valid: [249][659/660]  Loss -9.4916 (-6.0661)
