2022-03-30 07:30:13,706:INFO: batch_size=128
2022-03-30 07:30:13,706:INFO: clip_grad=None
2022-03-30 07:30:13,706:INFO: dataset=zara2
2022-03-30 07:30:13,706:INFO: gpu_num=0
2022-03-30 07:30:13,706:INFO: input_size=2
2022-03-30 07:30:13,706:INFO: kernel_size=3
2022-03-30 07:30:13,706:INFO: lr=0.01
2022-03-30 07:30:13,706:INFO: lr_sh_rate=150
2022-03-30 07:30:13,706:INFO: n_stgcnn=1
2022-03-30 07:30:13,707:INFO: n_txpcnn=5
2022-03-30 07:30:13,707:INFO: num_epochs=250
2022-03-30 07:30:13,707:INFO: obs_seq_len=8
2022-03-30 07:30:13,707:INFO: output_size=5
2022-03-30 07:30:13,707:INFO: pred_seq_len=12
2022-03-30 07:30:13,707:INFO: seed=0
2022-03-30 07:30:13,707:INFO: tag=zara2
2022-03-30 07:30:13,707:INFO: use_lrschd=True
2022-03-30 07:30:13,707:INFO: ******************************
2022-03-30 07:30:13,707:INFO: Training initiating....
2022-03-30 07:30:13,707:INFO: Namespace(batch_size=128, clip_grad=None, dataset='zara2', gpu_num='0', input_size=2, kernel_size=3, lr=0.01, lr_sh_rate=150, n_stgcnn=1, n_txpcnn=5, num_epochs=250, obs_seq_len=8, output_size=5, pred_seq_len=12, seed=0, tag='zara2', use_lrschd=True)
2022-03-30 07:30:13,711:INFO: Initializing train dataset
2022-03-30 07:30:28,870:INFO: Initializing val dataset
2022-03-30 07:31:11,286:INFO: social_stgcnn5
2022-03-30 07:31:11,338:INFO: Data and model loaded
2022-03-30 07:31:11,338:INFO: Checkpoint dir: ../runs/Mar30_07-30-13_node07/zara2/checkpoint
2022-03-30 07:31:11,338:INFO: Training started ...
2022-03-30 07:31:40,612:INFO: Train: [0][2111/2112]  Loss 0.5560 (1.4806)  Time:  0.387 (0.014)  Data Time:  0.004 (0.004)
2022-03-30 07:31:40,614:INFO:   Eta: 2:01:55
2022-03-30 07:32:29,732:INFO: Test: [0]  ADE: 1.1503  FDE: 1.2585
2022-03-30 07:32:56,002:INFO: Train: [1][2111/2112]  Loss 0.2906 (0.8346)  Time:  0.328 (0.012)  Data Time:  0.004 (0.004)
2022-03-30 07:32:56,003:INFO:   Eta: 1:48:54
2022-03-30 07:33:22,388:INFO: Train: [2][2111/2112]  Loss 0.1868 (0.5277)  Time:  0.333 (0.012)  Data Time:  0.004 (0.004)
2022-03-30 07:33:22,390:INFO:   Eta: 1:48:58
2022-03-30 07:33:48,614:INFO: Train: [3][2111/2112]  Loss 0.3726 (0.3343)  Time:  0.353 (0.012)  Data Time:  0.004 (0.004)
2022-03-30 07:33:48,617:INFO:   Eta: 1:47:52
2022-03-30 07:34:16,767:INFO: Train: [4][2111/2112]  Loss 0.0523 (0.2263)  Time:  0.335 (0.013)  Data Time:  0.004 (0.004)
2022-03-30 07:34:16,768:INFO:   Eta: 1:55:20
2022-03-30 07:34:46,040:INFO: Train: [5][2111/2112]  Loss 0.0068 (0.0838)  Time:  0.341 (0.014)  Data Time:  0.004 (0.005)
2022-03-30 07:34:46,045:INFO:   Eta: 1:59:26
2022-03-30 07:35:15,353:INFO: Train: [6][2111/2112]  Loss -0.0331 (0.0094)  Time:  0.359 (0.014)  Data Time:  0.005 (0.005)
2022-03-30 07:35:15,362:INFO:   Eta: 1:59:00
2022-03-30 07:35:44,723:INFO: Train: [7][2111/2112]  Loss 0.0114 (-0.1947)  Time:  0.380 (0.014)  Data Time:  0.004 (0.005)
2022-03-30 07:35:44,726:INFO:   Eta: 1:58:37
2022-03-30 07:36:13,796:INFO: Train: [8][2111/2112]  Loss -0.1121 (-0.1256)  Time:  0.383 (0.014)  Data Time:  0.005 (0.005)
2022-03-30 07:36:13,798:INFO:   Eta: 1:57:01
2022-03-30 07:36:42,999:INFO: Train: [9][2111/2112]  Loss -0.0932 (-0.1887)  Time:  0.430 (0.014)  Data Time:  0.004 (0.004)
2022-03-30 07:36:43,009:INFO:   Eta: 1:57:12
2022-03-30 07:37:12,088:INFO: Train: [10][2111/2112]  Loss -0.0731 (-0.2996)  Time:  0.344 (0.014)  Data Time:  0.004 (0.005)
2022-03-30 07:37:12,091:INFO:   Eta: 1:55:57
2022-03-30 07:38:01,657:INFO: Test: [10]  ADE: 0.5528  FDE: 0.7036
2022-03-30 07:38:30,864:INFO: Train: [11][2111/2112]  Loss -0.1693 (-0.3353)  Time:  0.363 (0.014)  Data Time:  0.004 (0.005)
2022-03-30 07:38:30,866:INFO:   Eta: 1:56:13
2022-03-30 07:38:58,170:INFO: Train: [12][2111/2112]  Loss -0.0823 (-0.3436)  Time:  0.325 (0.013)  Data Time:  0.004 (0.004)
2022-03-30 07:38:58,174:INFO:   Eta: 1:48:14
2022-03-30 07:39:24,147:INFO: Train: [13][2111/2112]  Loss -0.2850 (-0.4215)  Time:  0.322 (0.012)  Data Time:  0.003 (0.004)
2022-03-30 07:39:24,148:INFO:   Eta: 1:42:31
2022-03-30 07:39:50,273:INFO: Train: [14][2111/2112]  Loss -0.2541 (-0.4877)  Time:  0.315 (0.012)  Data Time:  0.003 (0.004)
2022-03-30 07:39:50,277:INFO:   Eta: 1:42:40
2022-03-30 07:40:16,897:INFO: Train: [15][2111/2112]  Loss -0.2715 (-0.3805)  Time:  0.327 (0.013)  Data Time:  0.004 (0.004)
2022-03-30 07:40:16,898:INFO:   Eta: 1:44:10
2022-03-30 07:40:42,622:INFO: Train: [16][2111/2112]  Loss -0.3054 (-0.4923)  Time:  0.321 (0.012)  Data Time:  0.003 (0.004)
2022-03-30 07:40:42,626:INFO:   Eta: 1:40:14
2022-03-30 07:41:10,087:INFO: Train: [17][2111/2112]  Loss -0.1565 (-0.4958)  Time:  0.375 (0.013)  Data Time:  0.005 (0.004)
2022-03-30 07:41:10,092:INFO:   Eta: 1:46:32
2022-03-30 07:41:39,073:INFO: Train: [18][2111/2112]  Loss -0.4214 (-0.5379)  Time:  0.344 (0.014)  Data Time:  0.005 (0.005)
2022-03-30 07:41:39,075:INFO:   Eta: 1:51:56
2022-03-30 07:42:08,512:INFO: Train: [19][2111/2112]  Loss -0.3618 (-0.5675)  Time:  0.381 (0.014)  Data Time:  0.004 (0.004)
2022-03-30 07:42:08,513:INFO:   Eta: 1:53:15
2022-03-30 07:42:37,807:INFO: Train: [20][2111/2112]  Loss -0.3557 (-0.6451)  Time:  0.352 (0.014)  Data Time:  0.004 (0.005)
2022-03-30 07:42:37,808:INFO:   Eta: 1:52:13
2022-03-30 07:43:27,235:INFO: Test: [20]  ADE: 0.4466  FDE: 0.5967
2022-03-30 07:43:55,495:INFO: Train: [21][2111/2112]  Loss -0.3218 (-0.5088)  Time:  0.335 (0.013)  Data Time:  0.004 (0.004)
2022-03-30 07:43:55,497:INFO:   Eta: 1:47:41
2022-03-30 07:44:24,063:INFO: Train: [22][2111/2112]  Loss -0.4409 (-0.7121)  Time:  0.371 (0.014)  Data Time:  0.005 (0.005)
2022-03-30 07:44:24,075:INFO:   Eta: 1:48:28
2022-03-30 07:44:53,094:INFO: Train: [23][2111/2112]  Loss -0.4224 (-0.7163)  Time:  0.372 (0.014)  Data Time:  0.005 (0.005)
2022-03-30 07:44:53,099:INFO:   Eta: 1:49:34
2022-03-30 07:45:22,108:INFO: Train: [24][2111/2112]  Loss -0.4392 (-0.5413)  Time:  0.360 (0.014)  Data Time:  0.006 (0.005)
2022-03-30 07:45:22,111:INFO:   Eta: 1:49:07
2022-03-30 07:45:50,350:INFO: Train: [25][2111/2112]  Loss -0.4692 (-0.7344)  Time:  0.329 (0.013)  Data Time:  0.004 (0.004)
2022-03-30 07:45:50,351:INFO:   Eta: 1:45:49
2022-03-30 07:46:16,008:INFO: Train: [26][2111/2112]  Loss -0.3385 (-0.8083)  Time:  0.312 (0.012)  Data Time:  0.003 (0.003)
2022-03-30 07:46:16,010:INFO:   Eta: 1:35:42
2022-03-30 07:46:41,964:INFO: Train: [27][2111/2112]  Loss -0.5190 (-0.7556)  Time:  0.333 (0.012)  Data Time:  0.003 (0.004)
2022-03-30 07:46:41,965:INFO:   Eta: 1:36:22
2022-03-30 07:47:07,768:INFO: Train: [28][2111/2112]  Loss -0.5226 (-0.7658)  Time:  0.332 (0.012)  Data Time:  0.004 (0.004)
2022-03-30 07:47:07,772:INFO:   Eta: 1:35:23
2022-03-30 07:47:33,854:INFO: Train: [29][2111/2112]  Loss -0.4467 (-0.7790)  Time:  0.295 (0.012)  Data Time:  0.009 (0.004)
2022-03-30 07:47:33,857:INFO:   Eta: 1:35:59
2022-03-30 07:48:00,646:INFO: Train: [30][2111/2112]  Loss -0.3972 (-0.8285)  Time:  0.366 (0.013)  Data Time:  0.004 (0.004)
2022-03-30 07:48:00,649:INFO:   Eta: 1:38:09
2022-03-30 07:48:50,526:INFO: Test: [30]  ADE: 0.3982  FDE: 0.5302
2022-03-30 07:49:19,245:INFO: Train: [31][2111/2112]  Loss -0.4184 (-0.7741)  Time:  0.414 (0.014)  Data Time:  0.003 (0.004)
2022-03-30 07:49:19,247:INFO:   Eta: 1:44:42
2022-03-30 07:49:47,957:INFO: Train: [32][2111/2112]  Loss -0.3680 (-0.9033)  Time:  0.348 (0.014)  Data Time:  0.005 (0.004)
2022-03-30 07:49:47,960:INFO:   Eta: 1:44:14
2022-03-30 07:50:16,610:INFO: Train: [33][2111/2112]  Loss -0.4161 (-0.9205)  Time:  0.338 (0.014)  Data Time:  0.004 (0.004)
2022-03-30 07:50:16,617:INFO:   Eta: 1:43:29
2022-03-30 07:50:46,061:INFO: Train: [34][2111/2112]  Loss -0.4860 (-0.9448)  Time:  0.357 (0.014)  Data Time:  0.004 (0.005)
2022-03-30 07:50:46,064:INFO:   Eta: 1:45:47
2022-03-30 07:51:14,901:INFO: Train: [35][2111/2112]  Loss -0.5824 (-0.9307)  Time:  0.343 (0.014)  Data Time:  0.005 (0.005)
2022-03-30 07:51:14,902:INFO:   Eta: 1:43:15
2022-03-30 07:51:43,803:INFO: Train: [36][2111/2112]  Loss -0.4919 (-0.8759)  Time:  0.353 (0.014)  Data Time:  0.004 (0.005)
2022-03-30 07:51:43,804:INFO:   Eta: 1:43:00
2022-03-30 07:52:12,570:INFO: Train: [37][2111/2112]  Loss -0.3785 (-0.8344)  Time:  0.356 (0.014)  Data Time:  0.004 (0.004)
2022-03-30 07:52:12,571:INFO:   Eta: 1:42:02
2022-03-30 07:52:41,681:INFO: Train: [38][2111/2112]  Loss -0.4981 (-0.9737)  Time:  0.391 (0.014)  Data Time:  0.005 (0.005)
2022-03-30 07:52:41,682:INFO:   Eta: 1:42:46
2022-03-30 07:53:07,444:INFO: Train: [39][2111/2112]  Loss -0.5529 (-0.9157)  Time:  0.310 (0.012)  Data Time:  0.004 (0.004)
2022-03-30 07:53:07,445:INFO:   Eta: 1:30:32
2022-03-30 07:53:33,164:INFO: Train: [40][2111/2112]  Loss -0.4521 (-1.0632)  Time:  0.306 (0.012)  Data Time:  0.002 (0.004)
2022-03-30 07:53:33,168:INFO:   Eta: 1:29:56
2022-03-30 07:54:22,257:INFO: Test: [40]  ADE: 0.3899  FDE: 0.5490
2022-03-30 07:54:47,936:INFO: Train: [41][2111/2112]  Loss -0.5068 (-1.0007)  Time:  0.307 (0.012)  Data Time:  0.003 (0.004)
2022-03-30 07:54:47,938:INFO:   Eta: 1:29:20
2022-03-30 07:55:14,638:INFO: Train: [42][2111/2112]  Loss -0.6100 (-1.0658)  Time:  0.348 (0.013)  Data Time:  0.003 (0.004)
2022-03-30 07:55:14,640:INFO:   Eta: 1:32:29
2022-03-30 07:55:43,044:INFO: Train: [43][2111/2112]  Loss -0.5265 (-1.0514)  Time:  0.385 (0.013)  Data Time:  0.005 (0.004)
2022-03-30 07:55:43,046:INFO:   Eta: 1:37:54
2022-03-30 07:56:11,470:INFO: Train: [44][2111/2112]  Loss -0.6156 (-1.1116)  Time:  0.345 (0.013)  Data Time:  0.005 (0.005)
2022-03-30 07:56:11,473:INFO:   Eta: 1:37:30
2022-03-30 07:56:39,962:INFO: Train: [45][2111/2112]  Loss -0.5394 (-0.9630)  Time:  0.370 (0.013)  Data Time:  0.005 (0.005)
2022-03-30 07:56:39,966:INFO:   Eta: 1:37:15
2022-03-30 07:57:08,157:INFO: Train: [46][2111/2112]  Loss -0.3698 (-1.0381)  Time:  0.343 (0.013)  Data Time:  0.005 (0.004)
2022-03-30 07:57:08,161:INFO:   Eta: 1:35:46
2022-03-30 07:57:36,361:INFO: Train: [47][2111/2112]  Loss -0.5210 (-1.0823)  Time:  0.362 (0.013)  Data Time:  0.004 (0.005)
2022-03-30 07:57:36,366:INFO:   Eta: 1:35:19
2022-03-30 07:58:04,602:INFO: Train: [48][2111/2112]  Loss -0.5903 (-0.9607)  Time:  0.360 (0.013)  Data Time:  0.004 (0.005)
2022-03-30 07:58:04,610:INFO:   Eta: 1:34:44
2022-03-30 07:58:32,880:INFO: Train: [49][2111/2112]  Loss -0.6852 (-1.0203)  Time:  0.340 (0.013)  Data Time:  0.004 (0.005)
2022-03-30 07:58:32,884:INFO:   Eta: 1:34:29
2022-03-30 07:59:01,443:INFO: Train: [50][2111/2112]  Loss -0.6265 (-1.1675)  Time:  0.333 (0.014)  Data Time:  0.003 (0.005)
2022-03-30 07:59:01,446:INFO:   Eta: 1:35:07
2022-03-30 07:59:50,262:INFO: Test: [50]  ADE: 0.3521  FDE: 0.5105
2022-03-30 08:00:15,703:INFO: Train: [51][2111/2112]  Loss -0.4602 (-1.0092)  Time:  0.391 (0.012)  Data Time:  0.004 (0.004)
2022-03-30 08:00:15,705:INFO:   Eta: 1:24:17
2022-03-30 08:00:41,073:INFO: Train: [52][2111/2112]  Loss -0.6121 (-1.1135)  Time:  0.326 (0.012)  Data Time:  0.004 (0.004)
2022-03-30 08:00:41,075:INFO:   Eta: 1:23:38
2022-03-30 08:01:05,768:INFO: Train: [53][2111/2112]  Loss -0.6583 (-1.0592)  Time:  0.331 (0.012)  Data Time:  0.004 (0.003)
2022-03-30 08:01:05,772:INFO:   Eta: 1:21:00
2022-03-30 08:01:32,554:INFO: Train: [54][2111/2112]  Loss -0.5744 (-1.1420)  Time:  0.375 (0.013)  Data Time:  0.005 (0.004)
2022-03-30 08:01:32,558:INFO:   Eta: 1:27:24
2022-03-30 08:02:01,492:INFO: Train: [55][2111/2112]  Loss -0.4895 (-1.1411)  Time:  0.348 (0.014)  Data Time:  0.004 (0.004)
2022-03-30 08:02:01,496:INFO:   Eta: 1:33:57
2022-03-30 08:02:29,459:INFO: Train: [56][2111/2112]  Loss -0.5866 (-1.1514)  Time:  0.349 (0.013)  Data Time:  0.004 (0.004)
2022-03-30 08:02:29,462:INFO:   Eta: 1:30:20
2022-03-30 08:02:58,561:INFO: Train: [57][2111/2112]  Loss -0.2980 (-1.1949)  Time:  0.313 (0.014)  Data Time:  0.004 (0.005)
2022-03-30 08:02:58,564:INFO:   Eta: 1:33:31
2022-03-30 08:03:25,084:INFO: Train: [58][2111/2112]  Loss -0.6635 (-1.2021)  Time:  0.335 (0.013)  Data Time:  0.005 (0.004)
2022-03-30 08:03:25,295:INFO:   Eta: 1:24:48
2022-03-30 08:03:53,778:INFO: Train: [59][2111/2112]  Loss -0.5912 (-1.1662)  Time:  0.346 (0.013)  Data Time:  0.005 (0.005)
2022-03-30 08:03:53,782:INFO:   Eta: 1:30:34
2022-03-30 08:04:22,387:INFO: Train: [60][2111/2112]  Loss -0.4684 (-1.2071)  Time:  0.366 (0.014)  Data Time:  0.004 (0.005)
2022-03-30 08:04:22,389:INFO:   Eta: 1:30:30
2022-03-30 08:05:10,963:INFO: Test: [60]  ADE: 0.3758  FDE: 0.5357
2022-03-30 08:05:38,982:INFO: Train: [61][2111/2112]  Loss -0.6657 (-1.2290)  Time:  0.337 (0.013)  Data Time:  0.004 (0.004)
2022-03-30 08:05:38,984:INFO:   Eta: 1:28:09
2022-03-30 08:06:06,201:INFO: Train: [62][2111/2112]  Loss -0.5713 (-1.0422)  Time:  0.405 (0.013)  Data Time:  0.004 (0.004)
2022-03-30 08:06:06,205:INFO:   Eta: 1:25:12
2022-03-30 08:06:31,790:INFO: Train: [63][2111/2112]  Loss -0.5604 (-1.0692)  Time:  0.296 (0.012)  Data Time:  0.004 (0.004)
2022-03-30 08:06:31,791:INFO:   Eta: 1:19:39
2022-03-30 08:06:56,266:INFO: Train: [64][2111/2112]  Loss -0.6850 (-1.1421)  Time:  0.306 (0.012)  Data Time:  0.004 (0.003)
2022-03-30 08:06:56,268:INFO:   Eta: 1:15:48
2022-03-30 08:07:21,359:INFO: Train: [65][2111/2112]  Loss -0.6915 (-1.2168)  Time:  0.301 (0.012)  Data Time:  0.003 (0.004)
2022-03-30 08:07:21,363:INFO:   Eta: 1:17:18
2022-03-30 08:07:47,069:INFO: Train: [66][2111/2112]  Loss -0.7020 (-1.2367)  Time:  0.352 (0.012)  Data Time:  0.003 (0.004)
2022-03-30 08:07:47,072:INFO:   Eta: 1:18:46
2022-03-30 08:08:14,556:INFO: Train: [67][2111/2112]  Loss -0.7106 (-1.2305)  Time:  0.334 (0.013)  Data Time:  0.004 (0.004)
2022-03-30 08:08:14,560:INFO:   Eta: 1:23:45
2022-03-30 08:08:42,837:INFO: Train: [68][2111/2112]  Loss -0.6291 (-1.1876)  Time:  0.340 (0.013)  Data Time:  0.005 (0.005)
2022-03-30 08:08:42,841:INFO:   Eta: 1:25:30
2022-03-30 08:09:11,386:INFO: Train: [69][2111/2112]  Loss -0.6646 (-1.1660)  Time:  0.326 (0.014)  Data Time:  0.005 (0.005)
2022-03-30 08:09:11,389:INFO:   Eta: 1:26:01
2022-03-30 08:09:39,731:INFO: Train: [70][2111/2112]  Loss -0.3419 (-1.3191)  Time:  0.360 (0.013)  Data Time:  0.005 (0.005)
2022-03-30 08:09:39,733:INFO:   Eta: 1:24:57
2022-03-30 08:10:29,468:INFO: Test: [70]  ADE: 0.4856  FDE: 0.6692
2022-03-30 08:10:58,389:INFO: Train: [71][2111/2112]  Loss -0.7127 (-1.2100)  Time:  0.361 (0.014)  Data Time:  0.006 (0.005)
2022-03-30 08:10:58,391:INFO:   Eta: 1:26:12
2022-03-30 08:11:26,741:INFO: Train: [72][2111/2112]  Loss -0.5720 (-1.2499)  Time:  0.348 (0.013)  Data Time:  0.005 (0.004)
2022-03-30 08:11:26,745:INFO:   Eta: 1:24:02
2022-03-30 08:11:54,989:INFO: Train: [73][2111/2112]  Loss -0.5523 (-1.2395)  Time:  0.340 (0.013)  Data Time:  0.005 (0.004)
2022-03-30 08:11:54,993:INFO:   Eta: 1:23:15
2022-03-30 08:12:23,091:INFO: Train: [74][2111/2112]  Loss -0.3613 (-1.2393)  Time:  0.319 (0.013)  Data Time:  0.004 (0.004)
2022-03-30 08:12:23,094:INFO:   Eta: 1:22:21
2022-03-30 08:12:46,713:INFO: Train: [75][2111/2112]  Loss -0.6731 (-1.1663)  Time:  0.287 (0.011)  Data Time:  0.004 (0.003)
2022-03-30 08:12:46,718:INFO:   Eta: 1:08:49
2022-03-30 08:13:11,843:INFO: Train: [76][2111/2112]  Loss -0.6961 (-1.3171)  Time:  0.354 (0.012)  Data Time:  0.004 (0.004)
2022-03-30 08:13:11,845:INFO:   Eta: 1:12:48
2022-03-30 08:13:36,877:INFO: Train: [77][2111/2112]  Loss -0.7248 (-1.2330)  Time:  0.353 (0.012)  Data Time:  0.003 (0.004)
2022-03-30 08:13:36,879:INFO:   Eta: 1:12:07
2022-03-30 08:14:01,804:INFO: Train: [78][2111/2112]  Loss -0.4865 (-1.1914)  Time:  0.299 (0.012)  Data Time:  0.004 (0.004)
2022-03-30 08:14:01,805:INFO:   Eta: 1:11:20
2022-03-30 08:14:28,732:INFO: Train: [79][2111/2112]  Loss -0.6578 (-1.2905)  Time:  0.361 (0.013)  Data Time:  0.004 (0.004)
2022-03-30 08:14:28,737:INFO:   Eta: 1:16:41
2022-03-30 08:14:56,716:INFO: Train: [80][2111/2112]  Loss -0.5536 (-1.3337)  Time:  0.341 (0.013)  Data Time:  0.005 (0.005)
2022-03-30 08:14:56,718:INFO:   Eta: 1:19:12
2022-03-30 08:15:44,546:INFO: Test: [80]  ADE: 0.3652  FDE: 0.5203
2022-03-30 08:16:12,728:INFO: Train: [81][2111/2112]  Loss -0.6500 (-1.3288)  Time:  0.362 (0.013)  Data Time:  0.005 (0.005)
2022-03-30 08:16:12,730:INFO:   Eta: 1:19:17
2022-03-30 08:16:40,861:INFO: Train: [82][2111/2112]  Loss -0.7521 (-1.2573)  Time:  0.334 (0.013)  Data Time:  0.004 (0.005)
2022-03-30 08:16:40,862:INFO:   Eta: 1:18:42
2022-03-30 08:17:09,432:INFO: Train: [83][2111/2112]  Loss -0.5711 (-1.2735)  Time:  0.332 (0.014)  Data Time:  0.005 (0.005)
2022-03-30 08:17:09,436:INFO:   Eta: 1:19:27
2022-03-30 08:17:37,894:INFO: Train: [84][2111/2112]  Loss -0.7771 (-1.3423)  Time:  0.330 (0.013)  Data Time:  0.004 (0.005)
2022-03-30 08:17:37,896:INFO:   Eta: 1:18:40
2022-03-30 08:18:06,234:INFO: Train: [85][2111/2112]  Loss -0.6675 (-1.3360)  Time:  0.334 (0.013)  Data Time:  0.005 (0.005)
2022-03-30 08:18:06,237:INFO:   Eta: 1:17:53
2022-03-30 08:18:33,562:INFO: Train: [86][2111/2112]  Loss -0.5531 (-1.4521)  Time:  0.363 (0.013)  Data Time:  0.005 (0.004)
2022-03-30 08:18:33,564:INFO:   Eta: 1:14:35
2022-03-30 08:18:59,004:INFO: Train: [87][2111/2112]  Loss -0.7066 (-1.3320)  Time:  0.290 (0.012)  Data Time:  0.003 (0.004)
2022-03-30 08:18:59,006:INFO:   Eta: 1:09:03
2022-03-30 08:19:23,965:INFO: Train: [88][2111/2112]  Loss -0.6646 (-1.2331)  Time:  0.304 (0.012)  Data Time:  0.004 (0.004)
2022-03-30 08:19:23,967:INFO:   Eta: 1:07:19
2022-03-30 08:19:49,120:INFO: Train: [89][2111/2112]  Loss -0.6300 (-1.4369)  Time:  0.297 (0.012)  Data Time:  0.003 (0.004)
2022-03-30 08:19:49,122:INFO:   Eta: 1:07:25
2022-03-30 08:20:14,410:INFO: Train: [90][2111/2112]  Loss -0.5898 (-1.2792)  Time:  0.343 (0.012)  Data Time:  0.004 (0.004)
2022-03-30 08:20:14,414:INFO:   Eta: 1:07:22
2022-03-30 08:21:02,644:INFO: Test: [90]  ADE: 0.3372  FDE: 0.5137
2022-03-30 08:21:31,038:INFO: Train: [91][2111/2112]  Loss -0.6654 (-1.3459)  Time:  0.377 (0.013)  Data Time:  0.005 (0.005)
2022-03-30 08:21:31,042:INFO:   Eta: 1:15:09
2022-03-30 08:21:59,876:INFO: Train: [92][2111/2112]  Loss -0.6631 (-1.3288)  Time:  0.364 (0.014)  Data Time:  0.005 (0.005)
2022-03-30 08:21:59,880:INFO:   Eta: 1:15:52
2022-03-30 08:22:27,826:INFO: Train: [93][2111/2112]  Loss -0.6492 (-1.2451)  Time:  0.342 (0.013)  Data Time:  0.004 (0.004)
2022-03-30 08:22:27,830:INFO:   Eta: 1:13:04
2022-03-30 08:22:56,211:INFO: Train: [94][2111/2112]  Loss -0.6759 (-1.3558)  Time:  0.381 (0.013)  Data Time:  0.005 (0.005)
2022-03-30 08:22:56,215:INFO:   Eta: 1:13:41
2022-03-30 08:23:24,541:INFO: Train: [95][2111/2112]  Loss -0.6857 (-1.2127)  Time:  0.333 (0.013)  Data Time:  0.004 (0.005)
2022-03-30 08:23:24,543:INFO:   Eta: 1:13:05
2022-03-30 08:23:53,043:INFO: Train: [96][2111/2112]  Loss -0.7642 (-1.3651)  Time:  0.341 (0.013)  Data Time:  0.004 (0.005)
2022-03-30 08:23:53,047:INFO:   Eta: 1:13:05
2022-03-30 08:24:20,175:INFO: Train: [97][2111/2112]  Loss -0.6840 (-1.3600)  Time:  0.319 (0.013)  Data Time:  0.004 (0.004)
2022-03-30 08:24:20,178:INFO:   Eta: 1:09:06
2022-03-30 08:24:48,863:INFO: Train: [98][2111/2112]  Loss -0.7763 (-1.3721)  Time:  0.336 (0.014)  Data Time:  0.005 (0.005)
2022-03-30 08:24:48,866:INFO:   Eta: 1:12:36
2022-03-30 08:25:14,685:INFO: Train: [99][2111/2112]  Loss -0.7204 (-1.3472)  Time:  0.312 (0.012)  Data Time:  0.003 (0.004)
2022-03-30 08:25:14,686:INFO:   Eta: 1:04:55
2022-03-30 08:25:39,743:INFO: Train: [100][2111/2112]  Loss -0.7808 (-1.2792)  Time:  0.334 (0.012)  Data Time:  0.003 (0.004)
2022-03-30 08:25:39,747:INFO:   Eta: 1:02:35
2022-03-30 08:26:27,320:INFO: Test: [100]  ADE: 0.3983  FDE: 0.6382
2022-03-30 08:26:52,653:INFO: Train: [101][2111/2112]  Loss -0.5304 (-1.2880)  Time:  0.346 (0.012)  Data Time:  0.004 (0.004)
2022-03-30 08:26:52,657:INFO:   Eta: 1:02:49
2022-03-30 08:27:20,703:INFO: Train: [102][2111/2112]  Loss -0.7526 (-1.3602)  Time:  0.346 (0.013)  Data Time:  0.004 (0.004)
2022-03-30 08:27:20,706:INFO:   Eta: 1:09:07
2022-03-30 08:27:49,201:INFO: Train: [103][2111/2112]  Loss -0.5391 (-1.4021)  Time:  0.349 (0.013)  Data Time:  0.005 (0.005)
2022-03-30 08:27:49,203:INFO:   Eta: 1:09:46
2022-03-30 08:28:17,634:INFO: Train: [104][2111/2112]  Loss -0.5165 (-1.3918)  Time:  0.341 (0.013)  Data Time:  0.004 (0.005)
2022-03-30 08:28:17,637:INFO:   Eta: 1:09:07
2022-03-30 08:28:46,153:INFO: Train: [105][2111/2112]  Loss -0.6787 (-1.3024)  Time:  0.342 (0.013)  Data Time:  0.004 (0.005)
2022-03-30 08:28:46,155:INFO:   Eta: 1:08:51
2022-03-30 08:29:14,244:INFO: Train: [106][2111/2112]  Loss -0.6711 (-1.3640)  Time:  0.342 (0.013)  Data Time:  0.004 (0.004)
2022-03-30 08:29:14,246:INFO:   Eta: 1:07:21
2022-03-30 08:29:41,989:INFO: Train: [107][2111/2112]  Loss -0.7254 (-1.3057)  Time:  0.434 (0.013)  Data Time:  0.004 (0.004)
2022-03-30 08:29:41,991:INFO:   Eta: 1:06:04
2022-03-30 08:30:10,530:INFO: Train: [108][2111/2112]  Loss -0.6316 (-1.3625)  Time:  0.345 (0.014)  Data Time:  0.005 (0.005)
2022-03-30 08:30:10,534:INFO:   Eta: 1:07:29
2022-03-30 08:30:38,973:INFO: Train: [109][2111/2112]  Loss -0.7929 (-1.3090)  Time:  0.334 (0.013)  Data Time:  0.005 (0.005)
2022-03-30 08:30:38,985:INFO:   Eta: 1:06:46
2022-03-30 08:31:07,693:INFO: Train: [110][2111/2112]  Loss -0.7403 (-1.3977)  Time:  0.372 (0.014)  Data Time:  0.005 (0.005)
2022-03-30 08:31:07,697:INFO:   Eta: 1:06:51
2022-03-30 08:31:55,481:INFO: Test: [110]  ADE: 0.3602  FDE: 0.5649
2022-03-30 08:32:20,566:INFO: Train: [111][2111/2112]  Loss -0.5487 (-1.3828)  Time:  0.313 (0.012)  Data Time:  0.004 (0.004)
2022-03-30 08:32:20,571:INFO:   Eta: 0:58:02
2022-03-30 08:32:45,486:INFO: Train: [112][2111/2112]  Loss -0.7134 (-1.3481)  Time:  0.301 (0.012)  Data Time:  0.003 (0.004)
2022-03-30 08:32:45,487:INFO:   Eta: 0:57:14
2022-03-30 08:33:10,746:INFO: Train: [113][2111/2112]  Loss -0.7013 (-1.3158)  Time:  0.321 (0.012)  Data Time:  0.004 (0.004)
2022-03-30 08:33:10,750:INFO:   Eta: 0:57:37
2022-03-30 08:33:37,769:INFO: Train: [114][2111/2112]  Loss -0.7534 (-1.4603)  Time:  0.344 (0.013)  Data Time:  0.004 (0.004)
2022-03-30 08:33:37,772:INFO:   Eta: 1:01:11
2022-03-30 08:34:06,087:INFO: Train: [115][2111/2112]  Loss -0.7214 (-1.4184)  Time:  0.362 (0.013)  Data Time:  0.005 (0.005)
2022-03-30 08:34:06,091:INFO:   Eta: 1:03:39
2022-03-30 08:34:34,233:INFO: Train: [116][2111/2112]  Loss -0.7145 (-1.2823)  Time:  0.340 (0.013)  Data Time:  0.004 (0.004)
2022-03-30 08:34:34,235:INFO:   Eta: 1:02:48
2022-03-30 08:35:02,675:INFO: Train: [117][2111/2112]  Loss -0.6671 (-1.4854)  Time:  0.345 (0.013)  Data Time:  0.005 (0.005)
2022-03-30 08:35:02,679:INFO:   Eta: 1:02:59
2022-03-30 08:35:29,791:INFO: Train: [118][2111/2112]  Loss -0.6151 (-1.3160)  Time:  0.372 (0.013)  Data Time:  0.005 (0.004)
2022-03-30 08:35:29,793:INFO:   Eta: 0:59:35
2022-03-30 08:35:58,045:INFO: Train: [119][2111/2112]  Loss -0.6559 (-1.2178)  Time:  0.338 (0.013)  Data Time:  0.004 (0.004)
2022-03-30 08:35:58,048:INFO:   Eta: 1:01:37
2022-03-30 08:36:26,826:INFO: Train: [120][2111/2112]  Loss -0.7546 (-1.4349)  Time:  0.321 (0.014)  Data Time:  0.004 (0.005)
2022-03-30 08:36:26,827:INFO:   Eta: 1:02:18
2022-03-30 08:37:15,523:INFO: Test: [120]  ADE: 0.4182  FDE: 0.6366
2022-03-30 08:37:43,490:INFO: Train: [121][2111/2112]  Loss -0.7329 (-1.3450)  Time:  0.300 (0.013)  Data Time:  0.003 (0.004)
2022-03-30 08:37:43,494:INFO:   Eta: 1:00:03
2022-03-30 08:38:08,185:INFO: Train: [122][2111/2112]  Loss -0.8323 (-1.4596)  Time:  0.298 (0.012)  Data Time:  0.003 (0.003)
2022-03-30 08:38:08,188:INFO:   Eta: 0:52:36
2022-03-30 08:38:33,194:INFO: Train: [123][2111/2112]  Loss -0.6857 (-1.3863)  Time:  0.319 (0.012)  Data Time:  0.004 (0.004)
2022-03-30 08:38:33,197:INFO:   Eta: 0:52:52
2022-03-30 08:38:58,189:INFO: Train: [124][2111/2112]  Loss -0.6230 (-1.3767)  Time:  0.287 (0.012)  Data Time:  0.004 (0.004)
2022-03-30 08:38:58,190:INFO:   Eta: 0:52:26
2022-03-30 08:39:23,403:INFO: Train: [125][2111/2112]  Loss -0.7182 (-1.4441)  Time:  0.312 (0.012)  Data Time:  0.004 (0.004)
2022-03-30 08:39:23,406:INFO:   Eta: 0:52:29
2022-03-30 08:39:50,188:INFO: Train: [126][2111/2112]  Loss -0.7621 (-1.4081)  Time:  0.366 (0.013)  Data Time:  0.004 (0.004)
2022-03-30 08:39:50,189:INFO:   Eta: 0:55:18
2022-03-30 08:40:18,361:INFO: Train: [127][2111/2112]  Loss -0.7705 (-1.3988)  Time:  0.347 (0.013)  Data Time:  0.005 (0.004)
2022-03-30 08:40:18,363:INFO:   Eta: 0:57:42
2022-03-30 08:40:45,608:INFO: Train: [128][2111/2112]  Loss -0.7396 (-1.4385)  Time:  0.315 (0.013)  Data Time:  0.004 (0.005)
2022-03-30 08:40:45,770:INFO:   Eta: 0:55:21
2022-03-30 08:41:13,164:INFO: Train: [129][2111/2112]  Loss -0.7517 (-1.3813)  Time:  0.326 (0.013)  Data Time:  0.004 (0.004)
2022-03-30 08:41:13,168:INFO:   Eta: 0:53:25
2022-03-30 08:41:41,126:INFO: Train: [130][2111/2112]  Loss -0.8091 (-1.2349)  Time:  0.353 (0.013)  Data Time:  0.005 (0.005)
2022-03-30 08:41:41,130:INFO:   Eta: 0:55:52
2022-03-30 08:42:29,586:INFO: Test: [130]  ADE: 0.4492  FDE: 0.7105
2022-03-30 08:42:57,047:INFO: Train: [131][2111/2112]  Loss -0.6814 (-1.4624)  Time:  0.343 (0.013)  Data Time:  0.004 (0.004)
2022-03-30 08:42:57,048:INFO:   Eta: 0:54:24
2022-03-30 08:43:24,942:INFO: Train: [132][2111/2112]  Loss -0.7286 (-1.4563)  Time:  0.332 (0.013)  Data Time:  0.004 (0.005)
2022-03-30 08:43:24,945:INFO:   Eta: 0:54:49
2022-03-30 08:43:52,310:INFO: Train: [133][2111/2112]  Loss -0.8538 (-1.4193)  Time:  0.354 (0.013)  Data Time:  0.005 (0.004)
2022-03-30 08:43:52,313:INFO:   Eta: 0:53:19
2022-03-30 08:44:17,774:INFO: Train: [134][2111/2112]  Loss -0.7010 (-1.5314)  Time:  0.315 (0.012)  Data Time:  0.004 (0.004)
2022-03-30 08:44:17,776:INFO:   Eta: 0:49:11
2022-03-30 08:44:42,554:INFO: Train: [135][2111/2112]  Loss -0.6242 (-1.3634)  Time:  0.347 (0.012)  Data Time:  0.003 (0.004)
2022-03-30 08:44:42,557:INFO:   Eta: 0:47:26
2022-03-30 08:45:07,451:INFO: Train: [136][2111/2112]  Loss -0.6303 (-1.3998)  Time:  0.284 (0.012)  Data Time:  0.004 (0.004)
2022-03-30 08:45:07,455:INFO:   Eta: 0:47:15
2022-03-30 08:45:32,505:INFO: Train: [137][2111/2112]  Loss -0.6733 (-1.4259)  Time:  0.313 (0.012)  Data Time:  0.003 (0.003)
2022-03-30 08:45:32,509:INFO:   Eta: 0:47:08
2022-03-30 08:45:58,120:INFO: Train: [138][2111/2112]  Loss -0.7287 (-1.3577)  Time:  0.340 (0.012)  Data Time:  0.004 (0.004)
2022-03-30 08:45:58,124:INFO:   Eta: 0:47:46
2022-03-30 08:46:26,117:INFO: Train: [139][2111/2112]  Loss -0.6510 (-1.4895)  Time:  0.345 (0.013)  Data Time:  0.003 (0.004)
2022-03-30 08:46:26,119:INFO:   Eta: 0:51:39
2022-03-30 08:46:53,141:INFO: Train: [140][2111/2112]  Loss -0.8229 (-1.4854)  Time:  0.335 (0.013)  Data Time:  0.005 (0.004)
2022-03-30 08:46:53,146:INFO:   Eta: 0:49:29
2022-03-30 08:47:41,338:INFO: Test: [140]  ADE: 0.3429  FDE: 0.5509
2022-03-30 08:48:08,719:INFO: Train: [141][2111/2112]  Loss -0.7854 (-1.5136)  Time:  0.318 (0.013)  Data Time:  0.004 (0.004)
2022-03-30 08:48:08,722:INFO:   Eta: 0:49:36
2022-03-30 08:48:37,134:INFO: Train: [142][2111/2112]  Loss -0.7336 (-1.3937)  Time:  0.314 (0.013)  Data Time:  0.004 (0.005)
2022-03-30 08:48:37,138:INFO:   Eta: 0:51:04
2022-03-30 08:49:05,492:INFO: Train: [143][2111/2112]  Loss -0.7428 (-1.5921)  Time:  0.316 (0.013)  Data Time:  0.005 (0.005)
2022-03-30 08:49:05,496:INFO:   Eta: 0:50:32
2022-03-30 08:49:33,484:INFO: Train: [144][2111/2112]  Loss -0.7033 (-1.2601)  Time:  0.367 (0.013)  Data Time:  0.004 (0.005)
2022-03-30 08:49:33,487:INFO:   Eta: 0:49:24
2022-03-30 08:50:01,637:INFO: Train: [145][2111/2112]  Loss -0.8038 (-1.4776)  Time:  0.365 (0.013)  Data Time:  0.005 (0.005)
2022-03-30 08:50:01,639:INFO:   Eta: 0:49:13
2022-03-30 08:50:28,347:INFO: Train: [146][2111/2112]  Loss -0.7588 (-1.3407)  Time:  0.295 (0.013)  Data Time:  0.003 (0.004)
2022-03-30 08:50:28,349:INFO:   Eta: 0:46:15
2022-03-30 08:50:53,095:INFO: Train: [147][2111/2112]  Loss -0.6403 (-1.4016)  Time:  0.287 (0.012)  Data Time:  0.004 (0.004)
2022-03-30 08:50:53,097:INFO:   Eta: 0:42:26
2022-03-30 08:51:17,931:INFO: Train: [148][2111/2112]  Loss -0.6802 (-1.5345)  Time:  0.313 (0.012)  Data Time:  0.004 (0.004)
2022-03-30 08:51:17,933:INFO:   Eta: 0:42:11
2022-03-30 08:51:42,824:INFO: Train: [149][2111/2112]  Loss -0.7725 (-1.5169)  Time:  0.300 (0.012)  Data Time:  0.004 (0.003)
2022-03-30 08:51:42,825:INFO:   Eta: 0:41:52
2022-03-30 08:52:07,420:INFO: Train: [150][2111/2112]  Loss -0.7831 (-1.6584)  Time:  0.285 (0.012)  Data Time:  0.003 (0.003)
2022-03-30 08:52:07,421:INFO:   Eta: 0:40:57
2022-03-30 08:52:55,356:INFO: Test: [150]  ADE: 0.3904  FDE: 0.6388
2022-03-30 08:53:22,453:INFO: Train: [151][2111/2112]  Loss -0.8088 (-1.5095)  Time:  0.337 (0.013)  Data Time:  0.006 (0.004)
2022-03-30 08:53:22,462:INFO:   Eta: 0:44:39
2022-03-30 08:53:28,275:INFO: Valid: [151][500/501]  Loss -5.9918 (-3.7170)
2022-03-30 08:53:28,557:INFO: Checkpoint saved...
2022-03-30 08:53:56,460:INFO: Train: [152][2111/2112]  Loss -0.8853 (-1.6493)  Time:  0.350 (0.013)  Data Time:  0.004 (0.005)
2022-03-30 08:53:56,462:INFO:   Eta: 0:45:31
2022-03-30 08:54:02,257:INFO: Valid: [152][500/501]  Loss -4.1046 (-2.6233)
2022-03-30 08:54:30,199:INFO: Train: [153][2111/2112]  Loss -0.8277 (-1.5855)  Time:  0.344 (0.013)  Data Time:  0.004 (0.005)
2022-03-30 08:54:30,201:INFO:   Eta: 0:45:06
2022-03-30 08:54:35,953:INFO: Valid: [153][500/501]  Loss -2.1184 (-1.5631)
2022-03-30 08:55:03,926:INFO: Train: [154][2111/2112]  Loss -0.7999 (-1.5350)  Time:  0.338 (0.013)  Data Time:  0.005 (0.005)
2022-03-30 08:55:03,929:INFO:   Eta: 0:44:41
2022-03-30 08:55:09,780:INFO: Valid: [154][500/501]  Loss -2.9994 (-2.0922)
2022-03-30 08:55:37,510:INFO: Train: [155][2111/2112]  Loss -0.7997 (-1.6516)  Time:  0.342 (0.013)  Data Time:  0.005 (0.005)
2022-03-30 08:55:37,513:INFO:   Eta: 0:43:45
2022-03-30 08:55:43,455:INFO: Valid: [155][500/501]  Loss -6.0047 (-3.7090)
2022-03-30 08:55:43,469:INFO: Checkpoint saved...
2022-03-30 08:56:11,642:INFO: Train: [156][2111/2112]  Loss -0.7667 (-1.5414)  Time:  0.335 (0.013)  Data Time:  0.005 (0.005)
2022-03-30 08:56:11,646:INFO:   Eta: 0:44:05
2022-03-30 08:56:17,635:INFO: Valid: [156][500/501]  Loss -4.0372 (-2.4790)
2022-03-30 08:56:45,664:INFO: Train: [157][2111/2112]  Loss -0.7793 (-1.5916)  Time:  0.295 (0.013)  Data Time:  0.003 (0.005)
2022-03-30 08:56:45,665:INFO:   Eta: 0:43:23
2022-03-30 08:56:51,505:INFO: Valid: [157][500/501]  Loss -4.2080 (-2.7613)
2022-03-30 08:57:16,377:INFO: Train: [158][2111/2112]  Loss -0.8341 (-1.7053)  Time:  0.371 (0.012)  Data Time:  0.004 (0.004)
2022-03-30 08:57:16,380:INFO:   Eta: 0:38:05
2022-03-30 08:57:22,196:INFO: Valid: [158][500/501]  Loss -5.0403 (-3.1086)
2022-03-30 08:57:46,821:INFO: Train: [159][2111/2112]  Loss -0.7895 (-1.6533)  Time:  0.269 (0.012)  Data Time:  0.002 (0.003)
2022-03-30 08:57:46,823:INFO:   Eta: 0:37:17
2022-03-30 08:57:52,678:INFO: Valid: [159][500/501]  Loss -4.0181 (-2.6482)
2022-03-30 08:58:17,149:INFO: Train: [160][2111/2112]  Loss -0.8539 (-1.6427)  Time:  0.325 (0.012)  Data Time:  0.004 (0.003)
2022-03-30 08:58:17,161:INFO:   Eta: 0:36:38
2022-03-30 08:58:22,915:INFO: Valid: [160][500/501]  Loss -3.9334 (-2.6030)
2022-03-30 08:59:11,687:INFO: Test: [160]  ADE: 0.3476  FDE: 0.5585
2022-03-30 08:59:37,450:INFO: Train: [161][2111/2112]  Loss -0.8912 (-1.6756)  Time:  0.332 (0.012)  Data Time:  0.004 (0.004)
2022-03-30 08:59:37,452:INFO:   Eta: 0:38:10
2022-03-30 08:59:43,296:INFO: Valid: [161][500/501]  Loss -4.2857 (-2.7044)
2022-03-30 09:00:11,386:INFO: Train: [162][2111/2112]  Loss -0.7643 (-1.6956)  Time:  0.321 (0.013)  Data Time:  0.004 (0.005)
2022-03-30 09:00:11,389:INFO:   Eta: 0:41:08
2022-03-30 09:00:17,208:INFO: Valid: [162][500/501]  Loss -4.1458 (-2.6906)
2022-03-30 09:00:44,846:INFO: Train: [163][2111/2112]  Loss -0.9261 (-1.6471)  Time:  0.317 (0.013)  Data Time:  0.004 (0.004)
2022-03-30 09:00:44,849:INFO:   Eta: 0:40:01
2022-03-30 09:00:50,730:INFO: Valid: [163][500/501]  Loss 0.7582 (0.0089)
2022-03-30 09:01:18,160:INFO: Train: [164][2111/2112]  Loss -0.8826 (-1.6843)  Time:  0.354 (0.013)  Data Time:  0.005 (0.004)
2022-03-30 09:01:18,161:INFO:   Eta: 0:39:15
2022-03-30 09:01:24,248:INFO: Valid: [164][500/501]  Loss -3.8083 (-2.5033)
2022-03-30 09:01:51,646:INFO: Train: [165][2111/2112]  Loss -0.8814 (-1.6772)  Time:  0.322 (0.013)  Data Time:  0.004 (0.004)
2022-03-30 09:01:51,733:INFO:   Eta: 0:38:45
2022-03-30 09:01:57,627:INFO: Valid: [165][500/501]  Loss -3.2449 (-2.2190)
2022-03-30 09:02:25,326:INFO: Train: [166][2111/2112]  Loss -0.8929 (-1.6782)  Time:  0.336 (0.013)  Data Time:  0.005 (0.004)
2022-03-30 09:02:25,327:INFO:   Eta: 0:38:42
2022-03-30 09:02:31,033:INFO: Valid: [166][500/501]  Loss -5.3400 (-3.3477)
2022-03-30 09:02:58,913:INFO: Train: [167][2111/2112]  Loss -0.8878 (-1.6091)  Time:  0.326 (0.013)  Data Time:  0.005 (0.004)
2022-03-30 09:02:58,916:INFO:   Eta: 0:38:30
2022-03-30 09:03:04,996:INFO: Valid: [167][500/501]  Loss -5.4952 (-3.3836)
2022-03-30 09:03:30,498:INFO: Train: [168][2111/2112]  Loss -0.8658 (-1.6521)  Time:  0.308 (0.012)  Data Time:  0.003 (0.003)
2022-03-30 09:03:30,500:INFO:   Eta: 0:33:50
2022-03-30 09:03:36,443:INFO: Valid: [168][500/501]  Loss -4.1844 (-2.6915)
2022-03-30 09:04:01,252:INFO: Train: [169][2111/2112]  Loss -0.8642 (-1.6271)  Time:  0.301 (0.012)  Data Time:  0.003 (0.003)
2022-03-30 09:04:01,544:INFO:   Eta: 0:33:23
2022-03-30 09:04:07,213:INFO: Valid: [169][500/501]  Loss -6.0702 (-3.7318)
2022-03-30 09:04:07,257:INFO: Checkpoint saved...
2022-03-30 09:04:32,146:INFO: Train: [170][2111/2112]  Loss -0.8720 (-1.6971)  Time:  0.305 (0.012)  Data Time:  0.002 (0.003)
2022-03-30 09:04:32,148:INFO:   Eta: 0:33:08
2022-03-30 09:04:37,998:INFO: Valid: [170][500/501]  Loss -3.7110 (-2.4548)
2022-03-30 09:05:26,130:INFO: Test: [170]  ADE: 0.3700  FDE: 0.5978
2022-03-30 09:05:53,203:INFO: Train: [171][2111/2112]  Loss -0.9151 (-1.6547)  Time:  0.308 (0.013)  Data Time:  0.004 (0.004)
2022-03-30 09:05:53,272:INFO:   Eta: 0:35:25
2022-03-30 09:05:59,125:INFO: Valid: [171][500/501]  Loss -1.5865 (-1.2462)
2022-03-30 09:06:26,645:INFO: Train: [172][2111/2112]  Loss -0.8536 (-1.6214)  Time:  0.345 (0.013)  Data Time:  0.005 (0.004)
2022-03-30 09:06:26,741:INFO:   Eta: 0:35:43
2022-03-30 09:06:32,440:INFO: Valid: [172][500/501]  Loss -5.7705 (-3.5421)
2022-03-30 09:07:00,054:INFO: Train: [173][2111/2112]  Loss -0.8525 (-1.6743)  Time:  0.349 (0.013)  Data Time:  0.005 (0.004)
2022-03-30 09:07:00,057:INFO:   Eta: 0:35:22
2022-03-30 09:07:05,731:INFO: Valid: [173][500/501]  Loss -5.9739 (-3.6743)
2022-03-30 09:07:33,497:INFO: Train: [174][2111/2112]  Loss -0.8593 (-1.6928)  Time:  0.365 (0.013)  Data Time:  0.005 (0.004)
2022-03-30 09:07:33,500:INFO:   Eta: 0:35:07
2022-03-30 09:07:39,431:INFO: Valid: [174][500/501]  Loss -3.9951 (-2.5975)
2022-03-30 09:08:07,902:INFO: Train: [175][2111/2112]  Loss -0.8641 (-1.6887)  Time:  0.317 (0.013)  Data Time:  0.004 (0.004)
2022-03-30 09:08:07,905:INFO:   Eta: 0:35:09
2022-03-30 09:08:13,700:INFO: Valid: [175][500/501]  Loss -3.5381 (-2.2840)
2022-03-30 09:08:41,553:INFO: Train: [176][2111/2112]  Loss -0.8344 (-1.6954)  Time:  0.337 (0.013)  Data Time:  0.004 (0.004)
2022-03-30 09:08:41,801:INFO:   Eta: 0:34:04
2022-03-30 09:08:47,758:INFO: Valid: [176][500/501]  Loss -4.0724 (-2.6203)
2022-03-30 09:09:15,698:INFO: Train: [177][2111/2112]  Loss -0.8699 (-1.6660)  Time:  0.329 (0.013)  Data Time:  0.004 (0.004)
2022-03-30 09:09:15,703:INFO:   Eta: 0:33:39
2022-03-30 09:09:21,467:INFO: Valid: [177][500/501]  Loss -3.6925 (-2.4323)
2022-03-30 09:09:48,398:INFO: Train: [178][2111/2112]  Loss -0.8564 (-1.6337)  Time:  0.310 (0.013)  Data Time:  0.003 (0.004)
2022-03-30 09:09:48,401:INFO:   Eta: 0:32:16
2022-03-30 09:09:54,256:INFO: Valid: [178][500/501]  Loss -4.4683 (-2.8604)
2022-03-30 09:10:19,130:INFO: Train: [179][2111/2112]  Loss -0.8958 (-1.5712)  Time:  0.348 (0.012)  Data Time:  0.003 (0.003)
2022-03-30 09:10:19,134:INFO:   Eta: 0:29:23
2022-03-30 09:10:24,850:INFO: Valid: [179][500/501]  Loss -5.6163 (-3.5344)
2022-03-30 09:10:49,532:INFO: Train: [180][2111/2112]  Loss -0.9267 (-1.6813)  Time:  0.287 (0.012)  Data Time:  0.003 (0.003)
2022-03-30 09:10:49,535:INFO:   Eta: 0:28:44
2022-03-30 09:10:55,491:INFO: Valid: [180][500/501]  Loss -3.8929 (-2.4915)
2022-03-30 09:11:42,799:INFO: Test: [180]  ADE: 0.3683  FDE: 0.6008
2022-03-30 09:12:09,499:INFO: Train: [181][2111/2112]  Loss -0.8326 (-1.6998)  Time:  0.291 (0.013)  Data Time:  0.004 (0.004)
2022-03-30 09:12:09,503:INFO:   Eta: 0:30:39
2022-03-30 09:12:15,547:INFO: Valid: [181][500/501]  Loss -3.5286 (-2.2838)
2022-03-30 09:12:43,151:INFO: Train: [182][2111/2112]  Loss -0.7655 (-1.7007)  Time:  0.324 (0.013)  Data Time:  0.004 (0.004)
2022-03-30 09:12:43,155:INFO:   Eta: 0:31:12
2022-03-30 09:12:48,784:INFO: Valid: [182][500/501]  Loss -5.8298 (-3.6166)
2022-03-30 09:13:16,465:INFO: Train: [183][2111/2112]  Loss -0.8377 (-1.6516)  Time:  0.301 (0.013)  Data Time:  0.002 (0.004)
2022-03-30 09:13:16,466:INFO:   Eta: 0:30:52
2022-03-30 09:13:22,234:INFO: Valid: [183][500/501]  Loss -2.6546 (-1.8682)
2022-03-30 09:13:50,085:INFO: Train: [184][2111/2112]  Loss -0.8166 (-1.7009)  Time:  0.323 (0.013)  Data Time:  0.005 (0.004)
2022-03-30 09:13:50,087:INFO:   Eta: 0:30:10
2022-03-30 09:13:55,920:INFO: Valid: [184][500/501]  Loss -2.9741 (-2.0662)
2022-03-30 09:14:23,392:INFO: Train: [185][2111/2112]  Loss -0.9146 (-1.6185)  Time:  0.311 (0.013)  Data Time:  0.005 (0.004)
2022-03-30 09:14:23,394:INFO:   Eta: 0:29:42
2022-03-30 09:14:29,104:INFO: Valid: [185][500/501]  Loss -4.4768 (-2.8353)
2022-03-30 09:14:56,465:INFO: Train: [186][2111/2112]  Loss -0.9046 (-1.6420)  Time:  0.291 (0.013)  Data Time:  0.003 (0.004)
2022-03-30 09:14:56,629:INFO:   Eta: 0:29:08
2022-03-30 09:15:02,246:INFO: Valid: [186][500/501]  Loss -5.0153 (-3.0801)
2022-03-30 09:15:29,670:INFO: Train: [187][2111/2112]  Loss -0.7825 (-1.6952)  Time:  0.286 (0.013)  Data Time:  0.003 (0.004)
2022-03-30 09:15:29,734:INFO:   Eta: 0:28:45
2022-03-30 09:15:35,640:INFO: Valid: [187][500/501]  Loss -6.0106 (-3.6685)
2022-03-30 09:16:04,441:INFO: Train: [188][2111/2112]  Loss -0.8810 (-1.6508)  Time:  0.375 (0.013)  Data Time:  0.004 (0.005)
2022-03-30 09:16:04,463:INFO:   Eta: 0:29:01
2022-03-30 09:16:10,348:INFO: Valid: [188][500/501]  Loss -5.8137 (-3.5945)
2022-03-30 09:16:37,920:INFO: Train: [189][2111/2112]  Loss -0.8083 (-1.6993)  Time:  0.339 (0.013)  Data Time:  0.005 (0.004)
2022-03-30 09:16:37,924:INFO:   Eta: 0:27:48
2022-03-30 09:16:43,663:INFO: Valid: [189][500/501]  Loss -4.9051 (-3.0493)
2022-03-30 09:17:10,963:INFO: Train: [190][2111/2112]  Loss -0.7808 (-1.5849)  Time:  0.322 (0.013)  Data Time:  0.002 (0.004)
2022-03-30 09:17:11,178:INFO:   Eta: 0:27:15
2022-03-30 09:17:17,205:INFO: Valid: [190][500/501]  Loss -4.3179 (-2.8445)
2022-03-30 09:18:04,622:INFO: Test: [190]  ADE: 0.3629  FDE: 0.6058
2022-03-30 09:18:27,805:INFO: Train: [191][2111/2112]  Loss -0.8234 (-1.6134)  Time:  0.328 (0.011)  Data Time:  0.004 (0.003)
2022-03-30 09:18:27,806:INFO:   Eta: 0:22:33
2022-03-30 09:18:33,819:INFO: Valid: [191][500/501]  Loss -1.1398 (-1.0681)
2022-03-30 09:18:55,423:INFO: Train: [192][2111/2112]  Loss -0.8137 (-1.6444)  Time:  0.282 (0.010)  Data Time:  0.002 (0.003)
2022-03-30 09:18:55,985:INFO:   Eta: 0:20:50
2022-03-30 09:19:01,810:INFO: Valid: [192][500/501]  Loss -4.7902 (-2.9965)
2022-03-30 09:19:29,728:INFO: Train: [193][2111/2112]  Loss -0.7673 (-1.7322)  Time:  0.297 (0.012)  Data Time:  0.004 (0.004)
2022-03-30 09:19:31,432:INFO:   Eta: 0:23:56
2022-03-30 09:19:37,508:INFO: Valid: [193][500/501]  Loss -3.7175 (-2.3703)
2022-03-30 09:20:05,718:INFO: Train: [194][2111/2112]  Loss -0.7388 (-1.7252)  Time:  0.334 (0.013)  Data Time:  0.004 (0.004)
2022-03-30 09:20:05,722:INFO:   Eta: 0:25:59
2022-03-30 09:20:11,353:INFO: Valid: [194][500/501]  Loss -5.1769 (-3.2444)
2022-03-30 09:20:38,450:INFO: Train: [195][2111/2112]  Loss -0.9032 (-1.6327)  Time:  0.339 (0.013)  Data Time:  0.004 (0.004)
2022-03-30 09:20:38,733:INFO:   Eta: 0:24:39
2022-03-30 09:20:44,936:INFO: Valid: [195][500/501]  Loss -5.2237 (-3.2414)
2022-03-30 09:21:11,875:INFO: Train: [196][2111/2112]  Loss -0.8314 (-1.6691)  Time:  0.345 (0.013)  Data Time:  0.005 (0.004)
2022-03-30 09:21:11,876:INFO:   Eta: 0:24:09
2022-03-30 09:21:17,594:INFO: Valid: [196][500/501]  Loss -5.6390 (-3.4452)
2022-03-30 09:21:44,797:INFO: Train: [197][2111/2112]  Loss -0.8083 (-1.5759)  Time:  0.403 (0.013)  Data Time:  0.004 (0.004)
2022-03-30 09:21:44,801:INFO:   Eta: 0:23:59
2022-03-30 09:21:50,731:INFO: Valid: [197][500/501]  Loss -4.9782 (-3.1085)
2022-03-30 09:22:18,519:INFO: Train: [198][2111/2112]  Loss -0.8861 (-1.5825)  Time:  0.350 (0.013)  Data Time:  0.005 (0.004)
2022-03-30 09:22:18,611:INFO:   Eta: 0:23:57
2022-03-30 09:22:24,527:INFO: Valid: [198][500/501]  Loss -4.8364 (-2.9830)
2022-03-30 09:22:51,738:INFO: Train: [199][2111/2112]  Loss -0.8776 (-1.7186)  Time:  0.322 (0.013)  Data Time:  0.004 (0.004)
2022-03-30 09:22:51,760:INFO:   Eta: 0:23:05
2022-03-30 09:22:58,108:INFO: Valid: [199][500/501]  Loss -5.0121 (-3.1217)
2022-03-30 09:23:25,843:INFO: Train: [200][2111/2112]  Loss -0.8544 (-1.5106)  Time:  0.333 (0.013)  Data Time:  0.003 (0.004)
2022-03-30 09:23:25,845:INFO:   Eta: 0:22:43
2022-03-30 09:23:31,326:INFO: Valid: [200][500/501]  Loss -3.7379 (-2.4275)
2022-03-30 09:24:20,600:INFO: Test: [200]  ADE: 0.3666  FDE: 0.6063
2022-03-30 09:24:47,563:INFO: Train: [201][2111/2112]  Loss -0.8156 (-1.7212)  Time:  0.301 (0.013)  Data Time:  0.003 (0.004)
2022-03-30 09:24:47,564:INFO:   Eta: 0:21:58
2022-03-30 09:24:53,371:INFO: Valid: [201][500/501]  Loss -3.8089 (-2.4795)
2022-03-30 09:25:16,587:INFO: Train: [202][2111/2112]  Loss -0.9053 (-1.6705)  Time:  0.271 (0.011)  Data Time:  0.002 (0.003)
2022-03-30 09:25:16,590:INFO:   Eta: 0:18:32
2022-03-30 09:25:22,412:INFO: Valid: [202][500/501]  Loss -4.1133 (-2.6005)
2022-03-30 09:25:46,657:INFO: Train: [203][2111/2112]  Loss -0.8523 (-1.7141)  Time:  0.299 (0.011)  Data Time:  0.004 (0.003)
2022-03-30 09:25:46,660:INFO:   Eta: 0:18:56
2022-03-30 09:25:52,572:INFO: Valid: [203][500/501]  Loss -6.0483 (-3.7126)
2022-03-30 09:26:17,548:INFO: Train: [204][2111/2112]  Loss -0.8056 (-1.6757)  Time:  0.291 (0.012)  Data Time:  0.003 (0.003)
2022-03-30 09:26:17,550:INFO:   Eta: 0:19:05
2022-03-30 09:26:23,351:INFO: Valid: [204][500/501]  Loss -6.1393 (-3.7759)
2022-03-30 09:26:23,370:INFO: Checkpoint saved...
2022-03-30 09:26:48,967:INFO: Train: [205][2111/2112]  Loss -0.8167 (-1.6978)  Time:  0.307 (0.012)  Data Time:  0.005 (0.004)
2022-03-30 09:26:48,969:INFO:   Eta: 0:19:10
2022-03-30 09:26:54,521:INFO: Valid: [205][500/501]  Loss -5.0070 (-3.1333)
2022-03-30 09:27:22,138:INFO: Train: [206][2111/2112]  Loss -0.8079 (-1.6639)  Time:  0.330 (0.013)  Data Time:  0.005 (0.004)
2022-03-30 09:27:22,139:INFO:   Eta: 0:20:13
2022-03-30 09:27:27,964:INFO: Valid: [206][500/501]  Loss -2.7564 (-1.8264)
2022-03-30 09:27:56,365:INFO: Train: [207][2111/2112]  Loss -0.8609 (-1.7398)  Time:  0.320 (0.013)  Data Time:  0.004 (0.005)
2022-03-30 09:27:56,368:INFO:   Eta: 0:20:19
2022-03-30 09:28:02,070:INFO: Valid: [207][500/501]  Loss -2.5750 (-1.8086)
2022-03-30 09:28:29,402:INFO: Train: [208][2111/2112]  Loss -0.8278 (-1.6468)  Time:  0.366 (0.013)  Data Time:  0.004 (0.004)
2022-03-30 09:28:29,403:INFO:   Eta: 0:19:06
2022-03-30 09:28:35,477:INFO: Valid: [208][500/501]  Loss -5.0656 (-3.1283)
2022-03-30 09:29:02,859:INFO: Train: [209][2111/2112]  Loss -0.8755 (-1.7185)  Time:  0.331 (0.013)  Data Time:  0.005 (0.004)
2022-03-30 09:29:02,863:INFO:   Eta: 0:18:41
2022-03-30 09:29:08,992:INFO: Valid: [209][500/501]  Loss -3.5683 (-2.4023)
2022-03-30 09:29:36,859:INFO: Train: [210][2111/2112]  Loss -0.8641 (-1.7234)  Time:  0.335 (0.013)  Data Time:  0.005 (0.005)
2022-03-30 09:29:36,863:INFO:   Eta: 0:18:33
2022-03-30 09:29:42,658:INFO: Valid: [210][500/501]  Loss 0.6023 (-0.0325)
2022-03-30 09:30:31,674:INFO: Test: [210]  ADE: 0.4667  FDE: 0.7667
2022-03-30 09:30:59,668:INFO: Train: [211][2111/2112]  Loss -0.8999 (-1.6238)  Time:  0.334 (0.013)  Data Time:  0.005 (0.004)
2022-03-30 09:30:59,671:INFO:   Eta: 0:18:10
2022-03-30 09:31:05,560:INFO: Valid: [211][500/501]  Loss -5.6862 (-3.5022)
2022-03-30 09:31:33,572:INFO: Train: [212][2111/2112]  Loss -0.8610 (-1.6309)  Time:  0.333 (0.013)  Data Time:  0.004 (0.004)
2022-03-30 09:31:33,574:INFO:   Eta: 0:17:42
2022-03-30 09:31:39,474:INFO: Valid: [212][500/501]  Loss -5.2036 (-3.1721)
2022-03-30 09:32:04,853:INFO: Train: [213][2111/2112]  Loss -0.7821 (-1.6413)  Time:  0.298 (0.012)  Data Time:  0.003 (0.004)
2022-03-30 09:32:04,855:INFO:   Eta: 0:15:37
2022-03-30 09:32:10,507:INFO: Valid: [213][500/501]  Loss -5.9345 (-3.6785)
2022-03-30 09:32:34,326:INFO: Train: [214][2111/2112]  Loss -0.9037 (-1.5999)  Time:  0.282 (0.011)  Data Time:  0.003 (0.003)
2022-03-30 09:32:34,372:INFO:   Eta: 0:14:16
2022-03-30 09:32:40,160:INFO: Valid: [214][500/501]  Loss -4.8022 (-3.0182)
2022-03-30 09:33:04,835:INFO: Train: [215][2111/2112]  Loss -0.9112 (-1.6236)  Time:  0.273 (0.012)  Data Time:  0.003 (0.004)
2022-03-30 09:33:04,889:INFO:   Eta: 0:14:22
2022-03-30 09:33:11,012:INFO: Valid: [215][500/501]  Loss -5.4054 (-3.3644)
2022-03-30 09:33:36,254:INFO: Train: [216][2111/2112]  Loss -0.8564 (-1.6610)  Time:  0.282 (0.012)  Data Time:  0.004 (0.003)
2022-03-30 09:33:36,257:INFO:   Eta: 0:13:51
2022-03-30 09:33:42,170:INFO: Valid: [216][500/501]  Loss -5.6670 (-3.4956)
2022-03-30 09:34:07,235:INFO: Train: [217][2111/2112]  Loss -0.8070 (-1.7201)  Time:  0.327 (0.012)  Data Time:  0.004 (0.003)
2022-03-30 09:34:07,237:INFO:   Eta: 0:13:45
2022-03-30 09:34:13,101:INFO: Valid: [217][500/501]  Loss -4.1580 (-2.6307)
2022-03-30 09:34:40,995:INFO: Train: [218][2111/2112]  Loss -0.8726 (-1.5113)  Time:  0.325 (0.013)  Data Time:  0.004 (0.004)
2022-03-30 09:34:40,998:INFO:   Eta: 0:14:51
2022-03-30 09:34:46,746:INFO: Valid: [218][500/501]  Loss -4.6280 (-2.8539)
2022-03-30 09:35:14,345:INFO: Train: [219][2111/2112]  Loss -0.9004 (-1.6951)  Time:  0.294 (0.013)  Data Time:  0.004 (0.004)
2022-03-30 09:35:14,346:INFO:   Eta: 0:14:10
2022-03-30 09:35:19,968:INFO: Valid: [219][500/501]  Loss -4.3234 (-2.7433)
2022-03-30 09:35:47,838:INFO: Train: [220][2111/2112]  Loss -0.9097 (-1.6887)  Time:  0.390 (0.013)  Data Time:  0.005 (0.004)
2022-03-30 09:35:48,047:INFO:   Eta: 0:13:55
2022-03-30 09:35:53,554:INFO: Valid: [220][500/501]  Loss -2.9576 (-1.9369)
2022-03-30 09:36:43,168:INFO: Test: [220]  ADE: 0.3954  FDE: 0.6626
2022-03-30 09:37:10,411:INFO: Train: [221][2111/2112]  Loss -0.9528 (-1.6059)  Time:  0.354 (0.013)  Data Time:  0.005 (0.004)
2022-03-30 09:37:10,413:INFO:   Eta: 0:13:09
2022-03-30 09:37:16,066:INFO: Valid: [221][500/501]  Loss -5.0473 (-3.1219)
2022-03-30 09:37:43,596:INFO: Train: [222][2111/2112]  Loss -0.9070 (-1.5924)  Time:  0.328 (0.013)  Data Time:  0.004 (0.004)
2022-03-30 09:37:43,600:INFO:   Eta: 0:12:45
2022-03-30 09:37:49,376:INFO: Valid: [222][500/501]  Loss -4.5661 (-2.8318)
2022-03-30 09:38:15,687:INFO: Train: [223][2111/2112]  Loss -0.8882 (-1.6881)  Time:  0.364 (0.012)  Data Time:  0.004 (0.004)
2022-03-30 09:38:15,691:INFO:   Eta: 0:11:49
2022-03-30 09:38:21,460:INFO: Valid: [223][500/501]  Loss -5.4385 (-3.3608)
2022-03-30 09:38:49,127:INFO: Train: [224][2111/2112]  Loss -0.8853 (-1.7017)  Time:  0.321 (0.013)  Data Time:  0.004 (0.005)
2022-03-30 09:38:49,129:INFO:   Eta: 0:11:52
2022-03-30 09:38:55,004:INFO: Valid: [224][500/501]  Loss -1.7017 (-1.1810)
2022-03-30 09:39:22,028:INFO: Train: [225][2111/2112]  Loss -0.8637 (-1.5424)  Time:  0.327 (0.013)  Data Time:  0.005 (0.004)
2022-03-30 09:39:22,032:INFO:   Eta: 0:11:14
2022-03-30 09:39:27,965:INFO: Valid: [225][500/501]  Loss -3.5580 (-2.1975)
2022-03-30 09:39:52,913:INFO: Train: [226][2111/2112]  Loss -0.8624 (-1.7218)  Time:  0.282 (0.012)  Data Time:  0.004 (0.003)
2022-03-30 09:39:52,915:INFO:   Eta: 0:09:57
2022-03-30 09:39:58,771:INFO: Valid: [226][500/501]  Loss -5.1411 (-3.2240)
2022-03-30 09:40:23,374:INFO: Train: [227][2111/2112]  Loss -0.8868 (-1.7133)  Time:  0.333 (0.012)  Data Time:  0.003 (0.003)
2022-03-30 09:40:23,377:INFO:   Eta: 0:09:25
2022-03-30 09:40:29,231:INFO: Valid: [227][500/501]  Loss -1.4278 (-1.0972)
2022-03-30 09:40:54,006:INFO: Train: [228][2111/2112]  Loss -0.8914 (-1.5626)  Time:  0.305 (0.012)  Data Time:  0.002 (0.004)
2022-03-30 09:40:54,010:INFO:   Eta: 0:09:04
2022-03-30 09:40:59,906:INFO: Valid: [228][500/501]  Loss -3.5455 (-2.1878)
2022-03-30 09:41:24,761:INFO: Train: [229][2111/2112]  Loss -0.9510 (-1.5766)  Time:  0.294 (0.012)  Data Time:  0.004 (0.004)
2022-03-30 09:41:24,765:INFO:   Eta: 0:08:41
2022-03-30 09:41:30,316:INFO: Valid: [229][500/501]  Loss -2.7549 (-1.9308)
2022-03-30 09:41:57,791:INFO: Train: [230][2111/2112]  Loss -0.8599 (-1.7329)  Time:  0.316 (0.013)  Data Time:  0.003 (0.004)
2022-03-30 09:41:57,797:INFO:   Eta: 0:09:08
2022-03-30 09:42:03,636:INFO: Valid: [230][500/501]  Loss -3.3558 (-2.1283)
2022-03-30 09:42:52,140:INFO: Test: [230]  ADE: 0.4207  FDE: 0.6995
2022-03-30 09:43:19,707:INFO: Train: [231][2111/2112]  Loss -0.9068 (-1.6902)  Time:  0.330 (0.013)  Data Time:  0.004 (0.004)
2022-03-30 09:43:19,710:INFO:   Eta: 0:08:43
2022-03-30 09:43:25,627:INFO: Valid: [231][500/501]  Loss -4.5894 (-2.8501)
2022-03-30 09:43:53,225:INFO: Train: [232][2111/2112]  Loss -0.8707 (-1.6740)  Time:  0.356 (0.013)  Data Time:  0.004 (0.004)
2022-03-30 09:43:53,227:INFO:   Eta: 0:08:16
2022-03-30 09:43:59,098:INFO: Valid: [232][500/501]  Loss -5.6920 (-3.5101)
2022-03-30 09:44:26,267:INFO: Train: [233][2111/2112]  Loss -0.8521 (-1.6730)  Time:  0.322 (0.013)  Data Time:  0.004 (0.004)
2022-03-30 09:44:26,271:INFO:   Eta: 0:07:41
2022-03-30 09:44:32,101:INFO: Valid: [233][500/501]  Loss -1.8552 (-1.4055)
2022-03-30 09:44:58,249:INFO: Train: [234][2111/2112]  Loss -0.8324 (-1.6686)  Time:  0.356 (0.012)  Data Time:  0.004 (0.004)
2022-03-30 09:44:58,251:INFO:   Eta: 0:06:57
2022-03-30 09:45:03,997:INFO: Valid: [234][500/501]  Loss -5.7036 (-3.5195)
2022-03-30 09:45:31,440:INFO: Train: [235][2111/2112]  Loss -0.8455 (-1.6528)  Time:  0.339 (0.013)  Data Time:  0.005 (0.004)
2022-03-30 09:45:31,440:INFO:   Eta: 0:06:51
2022-03-30 09:45:37,385:INFO: Valid: [235][500/501]  Loss -3.5059 (-2.2823)
2022-03-30 09:46:04,162:INFO: Train: [236][2111/2112]  Loss -0.7797 (-1.5542)  Time:  0.332 (0.013)  Data Time:  0.004 (0.004)
2022-03-30 09:46:04,168:INFO:   Eta: 0:06:13
2022-03-30 09:46:09,882:INFO: Valid: [236][500/501]  Loss -2.8030 (-1.9315)
2022-03-30 09:46:37,859:INFO: Train: [237][2111/2112]  Loss -0.8801 (-1.6756)  Time:  0.323 (0.013)  Data Time:  0.005 (0.004)
2022-03-30 09:46:37,863:INFO:   Eta: 0:06:02
2022-03-30 09:46:43,367:INFO: Valid: [237][500/501]  Loss -5.2543 (-3.2715)
2022-03-30 09:47:09,318:INFO: Train: [238][2111/2112]  Loss -0.8047 (-1.5602)  Time:  0.312 (0.012)  Data Time:  0.003 (0.004)
2022-03-30 09:47:09,321:INFO:   Eta: 0:05:10
2022-03-30 09:47:15,296:INFO: Valid: [238][500/501]  Loss -5.7236 (-3.5200)
2022-03-30 09:47:40,055:INFO: Train: [239][2111/2112]  Loss -0.7931 (-1.7518)  Time:  0.291 (0.012)  Data Time:  0.003 (0.004)
2022-03-30 09:47:40,058:INFO:   Eta: 0:04:31
2022-03-30 09:47:45,910:INFO: Valid: [239][500/501]  Loss -6.0531 (-3.7260)
2022-03-30 09:48:10,746:INFO: Train: [240][2111/2112]  Loss -0.8553 (-1.7293)  Time:  0.303 (0.012)  Data Time:  0.004 (0.004)
2022-03-30 09:48:10,750:INFO:   Eta: 0:04:07
2022-03-30 09:48:16,575:INFO: Valid: [240][500/501]  Loss -4.1499 (-2.5559)
2022-03-30 09:49:03,859:INFO: Test: [240]  ADE: 0.3918  FDE: 0.6508
2022-03-30 09:49:31,491:INFO: Train: [241][2111/2112]  Loss -0.9060 (-1.5894)  Time:  0.297 (0.013)  Data Time:  0.003 (0.005)
2022-03-30 09:49:31,495:INFO:   Eta: 0:04:08
2022-03-30 09:49:37,560:INFO: Valid: [241][500/501]  Loss -4.0997 (-2.5077)
2022-03-30 09:50:05,298:INFO: Train: [242][2111/2112]  Loss -0.8871 (-1.7348)  Time:  0.334 (0.013)  Data Time:  0.004 (0.005)
2022-03-30 09:50:05,300:INFO:   Eta: 0:03:41
2022-03-30 09:50:11,381:INFO: Valid: [242][500/501]  Loss -1.1851 (-0.9615)
2022-03-30 09:50:38,827:INFO: Train: [243][2111/2112]  Loss -0.8858 (-1.7191)  Time:  0.323 (0.013)  Data Time:  0.005 (0.004)
2022-03-30 09:50:38,830:INFO:   Eta: 0:03:11
2022-03-30 09:50:44,848:INFO: Valid: [243][500/501]  Loss -5.7697 (-3.5772)
2022-03-30 09:51:09,769:INFO: Train: [244][2111/2112]  Loss -0.8718 (-1.7618)  Time:  0.354 (0.012)  Data Time:  0.005 (0.004)
2022-03-30 09:51:09,770:INFO:   Eta: 0:02:29
2022-03-30 09:51:15,545:INFO: Valid: [244][500/501]  Loss -0.1498 (-0.3473)
2022-03-30 09:51:43,402:INFO: Train: [245][2111/2112]  Loss -0.8558 (-1.7029)  Time:  0.303 (0.013)  Data Time:  0.003 (0.005)
2022-03-30 09:51:43,405:INFO:   Eta: 0:02:19
2022-03-30 09:51:49,404:INFO: Valid: [245][500/501]  Loss -2.4133 (-1.5910)
2022-03-30 09:52:17,664:INFO: Train: [246][2111/2112]  Loss -0.8101 (-1.7695)  Time:  0.382 (0.013)  Data Time:  0.008 (0.005)
2022-03-30 09:52:17,665:INFO:   Eta: 0:01:52
2022-03-30 09:52:23,584:INFO: Valid: [246][500/501]  Loss -4.1168 (-2.5276)
2022-03-30 09:52:49,803:INFO: Train: [247][2111/2112]  Loss -0.8452 (-1.7400)  Time:  0.351 (0.012)  Data Time:  0.004 (0.004)
2022-03-30 09:52:49,806:INFO:   Eta: 0:01:18
2022-03-30 09:52:55,623:INFO: Valid: [247][500/501]  Loss -6.0444 (-3.7161)
2022-03-30 09:53:23,435:INFO: Train: [248][2111/2112]  Loss -0.8184 (-1.6413)  Time:  0.321 (0.013)  Data Time:  0.003 (0.004)
2022-03-30 09:53:23,438:INFO:   Eta: 0:00:55
2022-03-30 09:53:29,156:INFO: Valid: [248][500/501]  Loss -5.5532 (-3.3879)
2022-03-30 09:53:56,637:INFO: Train: [249][2111/2112]  Loss -0.7537 (-1.7259)  Time:  0.327 (0.013)  Data Time:  0.004 (0.004)
2022-03-30 09:53:56,639:INFO:   Eta: 0:00:27
2022-03-30 09:54:02,422:INFO: Valid: [249][500/501]  Loss -4.3045 (-2.7703)
