2022-04-11 05:56:27,651:INFO: batch_size=128
2022-04-11 05:56:27,652:INFO: clip_grad=None
2022-04-11 05:56:27,652:INFO: dataset=zara1
2022-04-11 05:56:27,652:INFO: drop=0.0
2022-04-11 05:56:27,652:INFO: gpu_num=0
2022-04-11 05:56:27,652:INFO: init=kmeans-train-64
2022-04-11 05:56:27,652:INFO: input_size=2
2022-04-11 05:56:27,652:INFO: kernel_size=3
2022-04-11 05:56:27,652:INFO: lr=0.01
2022-04-11 05:56:27,653:INFO: lr_sh_rate=150
2022-04-11 05:56:27,653:INFO: model=social_stgcnn10
2022-04-11 05:56:27,653:INFO: n_stgcnn=1
2022-04-11 05:56:27,653:INFO: n_txpcnn=5
2022-04-11 05:56:27,653:INFO: num_epochs=250
2022-04-11 05:56:27,653:INFO: obs_seq_len=8
2022-04-11 05:56:27,653:INFO: output_size=5
2022-04-11 05:56:27,653:INFO: pred_seq_len=12
2022-04-11 05:56:27,653:INFO: seed=0
2022-04-11 05:56:27,653:INFO: tag=zara1
2022-04-11 05:56:27,653:INFO: use_lrschd=True
2022-04-11 05:56:27,653:INFO: ******************************
2022-04-11 05:56:27,653:INFO: Training initiating....
2022-04-11 05:56:27,654:INFO: Namespace(batch_size=128, clip_grad=None, dataset='zara1', drop=0.0, gpu_num='0', init='kmeans-train-64', input_size=2, kernel_size=3, lr=0.01, lr_sh_rate=150, model='social_stgcnn10', n_stgcnn=1, n_txpcnn=5, num_epochs=250, obs_seq_len=8, output_size=5, pred_seq_len=12, seed=0, tag='zara1', use_lrschd=True)
2022-04-11 05:56:28,249:INFO: Initializing train dataset
2022-04-11 05:56:40,748:INFO: Initializing val dataset
2022-04-11 05:57:24,208:INFO: social_stgcnn10
2022-04-11 05:57:24,268:INFO: Data and model loaded
2022-04-11 05:57:24,268:INFO: Checkpoint dir: ./runs/Apr11_05-56-27_node09kmeans-train-64/zara1/checkpoint
2022-04-11 05:57:24,268:INFO: Training started ...
2022-04-11 05:57:53,162:INFO: Train: [0][2321/2322]  Loss 0.1350 (1.1945)  Time:  0.094 (0.012)  Data Time:  0.004 (0.004)
2022-04-11 05:57:53,163:INFO:   Eta: 2:00:21
2022-04-11 05:58:21,939:INFO: Train: [1][2321/2322]  Loss 0.0971 (0.6832)  Time:  0.108 (0.012)  Data Time:  0.004 (0.004)
2022-04-11 05:58:21,940:INFO:   Eta: 1:59:21
2022-04-11 05:58:51,471:INFO: Train: [2][2321/2322]  Loss 0.0934 (0.4152)  Time:  0.115 (0.013)  Data Time:  0.004 (0.005)
2022-04-11 05:58:51,472:INFO:   Eta: 2:02:00
2022-04-11 05:59:20,166:INFO: Train: [3][2321/2322]  Loss 0.0264 (0.3331)  Time:  0.088 (0.012)  Data Time:  0.004 (0.004)
2022-04-11 05:59:20,167:INFO:   Eta: 1:58:04
2022-04-11 05:59:48,902:INFO: Train: [4][2321/2322]  Loss 0.0504 (0.1428)  Time:  0.089 (0.012)  Data Time:  0.004 (0.004)
2022-04-11 05:59:48,903:INFO:   Eta: 1:57:45
2022-04-11 06:00:17,936:INFO: Train: [5][2321/2322]  Loss 0.0019 (0.0463)  Time:  0.096 (0.012)  Data Time:  0.005 (0.005)
2022-04-11 06:00:17,937:INFO:   Eta: 1:58:30
2022-04-11 06:00:44,154:INFO: Train: [6][2321/2322]  Loss -0.0492 (-0.0615)  Time:  0.100 (0.011)  Data Time:  0.003 (0.004)
2022-04-11 06:00:44,155:INFO:   Eta: 1:46:34
2022-04-11 06:01:04,546:INFO: Test: [6]  ADE: 0.6763  FDE: 0.8827
2022-04-11 06:01:28,991:INFO: Train: [7][2321/2322]  Loss -0.0075 (0.0099)  Time:  0.099 (0.011)  Data Time:  0.004 (0.003)
2022-04-11 06:01:28,992:INFO:   Eta: 1:38:55
2022-04-11 06:01:54,953:INFO: Train: [8][2321/2322]  Loss -0.0542 (-0.1044)  Time:  0.086 (0.011)  Data Time:  0.004 (0.004)
2022-04-11 06:01:54,954:INFO:   Eta: 1:44:39
2022-04-11 06:02:21,806:INFO: Train: [9][2321/2322]  Loss -0.0602 (-0.1976)  Time:  0.104 (0.012)  Data Time:  0.004 (0.004)
2022-04-11 06:02:21,807:INFO:   Eta: 1:47:48
2022-04-11 06:02:51,256:INFO: Train: [10][2321/2322]  Loss -0.0097 (-0.2877)  Time:  0.090 (0.013)  Data Time:  0.004 (0.005)
2022-04-11 06:02:51,257:INFO:   Eta: 1:57:44
2022-04-11 06:03:20,533:INFO: Train: [11][2321/2322]  Loss -0.0166 (-0.4045)  Time:  0.090 (0.013)  Data Time:  0.004 (0.005)
2022-04-11 06:03:20,534:INFO:   Eta: 1:56:34
2022-04-11 06:03:49,152:INFO: Train: [12][2321/2322]  Loss -0.0559 (-0.3387)  Time:  0.093 (0.012)  Data Time:  0.004 (0.004)
2022-04-11 06:03:49,153:INFO:   Eta: 1:53:27
2022-04-11 06:04:18,161:INFO: Train: [13][2321/2322]  Loss -0.0666 (-0.4652)  Time:  0.123 (0.012)  Data Time:  0.005 (0.005)
2022-04-11 06:04:18,162:INFO:   Eta: 1:54:28
2022-04-11 06:04:47,513:INFO: Train: [14][2321/2322]  Loss -0.0767 (-0.3996)  Time:  0.093 (0.013)  Data Time:  0.004 (0.005)
2022-04-11 06:04:47,514:INFO:   Eta: 1:55:23
2022-04-11 06:05:16,733:INFO: Train: [15][2321/2322]  Loss -0.0727 (-0.4928)  Time:  0.096 (0.013)  Data Time:  0.004 (0.005)
2022-04-11 06:05:16,734:INFO:   Eta: 1:54:23
2022-04-11 06:05:45,260:INFO: Train: [16][2321/2322]  Loss -0.1061 (-0.4474)  Time:  0.089 (0.012)  Data Time:  0.003 (0.004)
2022-04-11 06:05:45,261:INFO:   Eta: 1:51:12
2022-04-11 06:06:06,012:INFO: Test: [16]  ADE: 0.5746  FDE: 0.7488
2022-04-11 06:06:34,181:INFO: Train: [17][2321/2322]  Loss -0.0656 (-0.4107)  Time:  0.093 (0.012)  Data Time:  0.004 (0.004)
2022-04-11 06:06:34,181:INFO:   Eta: 1:49:19
2022-04-11 06:07:00,644:INFO: Train: [18][2321/2322]  Loss -0.0901 (-0.5276)  Time:  0.078 (0.011)  Data Time:  0.003 (0.004)
2022-04-11 06:07:00,645:INFO:   Eta: 1:42:15
2022-04-11 06:07:26,209:INFO: Train: [19][2321/2322]  Loss -0.1097 (-0.5064)  Time:  0.082 (0.011)  Data Time:  0.004 (0.004)
2022-04-11 06:07:26,209:INFO:   Eta: 1:38:22
2022-04-11 06:07:51,851:INFO: Train: [20][2321/2322]  Loss -0.1007 (-0.6027)  Time:  0.086 (0.011)  Data Time:  0.004 (0.004)
2022-04-11 06:07:51,852:INFO:   Eta: 1:38:09
2022-04-11 06:08:18,272:INFO: Train: [21][2321/2322]  Loss -0.1040 (-0.6081)  Time:  0.086 (0.011)  Data Time:  0.004 (0.004)
2022-04-11 06:08:18,272:INFO:   Eta: 1:40:46
2022-04-11 06:08:46,333:INFO: Train: [22][2321/2322]  Loss -0.0854 (-0.6813)  Time:  0.090 (0.012)  Data Time:  0.003 (0.004)
2022-04-11 06:08:46,334:INFO:   Eta: 1:46:35
2022-04-11 06:09:15,473:INFO: Train: [23][2321/2322]  Loss -0.0447 (-0.6866)  Time:  0.094 (0.013)  Data Time:  0.004 (0.005)
2022-04-11 06:09:15,474:INFO:   Eta: 1:50:11
2022-04-11 06:09:44,494:INFO: Train: [24][2321/2322]  Loss -0.0569 (-0.6002)  Time:  0.092 (0.012)  Data Time:  0.006 (0.005)
2022-04-11 06:09:44,495:INFO:   Eta: 1:49:15
2022-04-11 06:10:13,463:INFO: Train: [25][2321/2322]  Loss -0.1242 (-0.5809)  Time:  0.112 (0.012)  Data Time:  0.005 (0.005)
2022-04-11 06:10:13,463:INFO:   Eta: 1:48:35
2022-04-11 06:10:41,873:INFO: Train: [26][2321/2322]  Loss -0.0959 (-0.7482)  Time:  0.107 (0.012)  Data Time:  0.003 (0.004)
2022-04-11 06:10:41,874:INFO:   Eta: 1:46:01
2022-04-11 06:11:01,988:INFO: Test: [26]  ADE: 0.5181  FDE: 0.6664
2022-04-11 06:11:30,585:INFO: Train: [27][2321/2322]  Loss -0.0410 (-0.8311)  Time:  0.101 (0.012)  Data Time:  0.006 (0.005)
2022-04-11 06:11:30,586:INFO:   Eta: 1:46:11
2022-04-11 06:11:58,683:INFO: Train: [28][2321/2322]  Loss -0.1268 (-0.7691)  Time:  0.093 (0.012)  Data Time:  0.004 (0.004)
2022-04-11 06:11:58,683:INFO:   Eta: 1:43:54
2022-04-11 06:12:27,997:INFO: Train: [29][2321/2322]  Loss -0.1183 (-0.8564)  Time:  0.099 (0.013)  Data Time:  0.005 (0.005)
2022-04-11 06:12:27,998:INFO:   Eta: 1:47:55
2022-04-11 06:12:55,490:INFO: Train: [30][2321/2322]  Loss -0.1118 (-0.7829)  Time:  0.083 (0.012)  Data Time:  0.003 (0.004)
2022-04-11 06:12:55,491:INFO:   Eta: 1:40:45
2022-04-11 06:13:21,145:INFO: Train: [31][2321/2322]  Loss -0.1684 (-0.8398)  Time:  0.091 (0.011)  Data Time:  0.004 (0.004)
2022-04-11 06:13:21,146:INFO:   Eta: 1:33:35
2022-04-11 06:13:46,828:INFO: Train: [32][2321/2322]  Loss -0.1465 (-0.8853)  Time:  0.086 (0.011)  Data Time:  0.004 (0.004)
2022-04-11 06:13:46,829:INFO:   Eta: 1:33:16
2022-04-11 06:14:12,364:INFO: Train: [33][2321/2322]  Loss -0.0958 (-0.8805)  Time:  0.081 (0.011)  Data Time:  0.004 (0.004)
2022-04-11 06:14:12,365:INFO:   Eta: 1:32:18
2022-04-11 06:14:39,424:INFO: Train: [34][2321/2322]  Loss -0.0905 (-0.8552)  Time:  0.090 (0.012)  Data Time:  0.005 (0.004)
2022-04-11 06:14:39,425:INFO:   Eta: 1:37:21
2022-04-11 06:15:08,722:INFO: Train: [35][2321/2322]  Loss -0.1402 (-0.8691)  Time:  0.114 (0.013)  Data Time:  0.006 (0.004)
2022-04-11 06:15:08,723:INFO:   Eta: 1:44:55
2022-04-11 06:15:37,665:INFO: Train: [36][2321/2322]  Loss -0.1292 (-0.8971)  Time:  0.088 (0.012)  Data Time:  0.003 (0.004)
2022-04-11 06:15:37,666:INFO:   Eta: 1:43:10
2022-04-11 06:15:58,122:INFO: Test: [36]  ADE: 0.4638  FDE: 0.6636
2022-04-11 06:16:26,750:INFO: Train: [37][2321/2322]  Loss -0.1609 (-1.0196)  Time:  0.107 (0.012)  Data Time:  0.004 (0.005)
2022-04-11 06:16:26,751:INFO:   Eta: 1:41:33
2022-04-11 06:16:56,283:INFO: Train: [38][2321/2322]  Loss -0.0333 (-0.9426)  Time:  0.122 (0.013)  Data Time:  0.005 (0.005)
2022-04-11 06:16:56,285:INFO:   Eta: 1:44:16
2022-04-11 06:17:24,733:INFO: Train: [39][2321/2322]  Loss -0.0923 (-0.9322)  Time:  0.099 (0.012)  Data Time:  0.005 (0.004)
2022-04-11 06:17:24,734:INFO:   Eta: 1:39:59
2022-04-11 06:17:53,974:INFO: Train: [40][2321/2322]  Loss -0.1142 (-0.8384)  Time:  0.094 (0.013)  Data Time:  0.005 (0.005)
2022-04-11 06:17:53,975:INFO:   Eta: 1:42:17
2022-04-11 06:18:23,137:INFO: Train: [41][2321/2322]  Loss -0.1639 (-0.9582)  Time:  0.112 (0.013)  Data Time:  0.004 (0.004)
2022-04-11 06:18:23,138:INFO:   Eta: 1:41:30
2022-04-11 06:18:51,713:INFO: Train: [42][2321/2322]  Loss -0.0795 (-0.9729)  Time:  0.083 (0.012)  Data Time:  0.003 (0.004)
2022-04-11 06:18:51,714:INFO:   Eta: 1:39:00
2022-04-11 06:19:17,646:INFO: Train: [43][2321/2322]  Loss -0.1096 (-0.9120)  Time:  0.091 (0.011)  Data Time:  0.004 (0.004)
2022-04-11 06:19:17,647:INFO:   Eta: 1:29:25
2022-04-11 06:19:43,455:INFO: Train: [44][2321/2322]  Loss -0.1694 (-1.0802)  Time:  0.087 (0.011)  Data Time:  0.003 (0.004)
2022-04-11 06:19:43,456:INFO:   Eta: 1:28:34
2022-04-11 06:20:09,979:INFO: Train: [45][2321/2322]  Loss -0.1570 (-1.0301)  Time:  0.089 (0.011)  Data Time:  0.004 (0.004)
2022-04-11 06:20:09,980:INFO:   Eta: 1:30:34
2022-04-11 06:20:35,783:INFO: Train: [46][2321/2322]  Loss -0.1509 (-0.9520)  Time:  0.091 (0.011)  Data Time:  0.004 (0.003)
2022-04-11 06:20:35,784:INFO:   Eta: 1:27:41
2022-04-11 06:20:56,311:INFO: Test: [46]  ADE: 0.4406  FDE: 0.5756
2022-04-11 06:21:25,035:INFO: Train: [47][2321/2322]  Loss -0.1410 (-0.9952)  Time:  0.090 (0.012)  Data Time:  0.004 (0.004)
2022-04-11 06:21:25,036:INFO:   Eta: 1:37:07
2022-04-11 06:21:54,293:INFO: Train: [48][2321/2322]  Loss -0.1468 (-0.8716)  Time:  0.094 (0.013)  Data Time:  0.004 (0.005)
2022-04-11 06:21:54,294:INFO:   Eta: 1:38:26
2022-04-11 06:22:23,097:INFO: Train: [49][2321/2322]  Loss -0.1948 (-1.0760)  Time:  0.090 (0.012)  Data Time:  0.004 (0.005)
2022-04-11 06:22:23,098:INFO:   Eta: 1:36:27
2022-04-11 06:22:51,616:INFO: Train: [50][2321/2322]  Loss -0.0838 (-1.0875)  Time:  0.105 (0.012)  Data Time:  0.004 (0.004)
2022-04-11 06:22:51,616:INFO:   Eta: 1:35:00
2022-04-11 06:23:20,545:INFO: Train: [51][2321/2322]  Loss -0.1294 (-0.9931)  Time:  0.120 (0.012)  Data Time:  0.005 (0.004)
2022-04-11 06:23:20,546:INFO:   Eta: 1:35:54
2022-04-11 06:23:49,726:INFO: Train: [52][2321/2322]  Loss -0.1755 (-1.0411)  Time:  0.094 (0.013)  Data Time:  0.005 (0.004)
2022-04-11 06:23:49,728:INFO:   Eta: 1:36:15
2022-04-11 06:24:18,739:INFO: Train: [53][2321/2322]  Loss -0.1257 (-1.1260)  Time:  0.095 (0.012)  Data Time:  0.005 (0.005)
2022-04-11 06:24:18,739:INFO:   Eta: 1:35:12
2022-04-11 06:24:47,909:INFO: Train: [54][2321/2322]  Loss -0.1531 (-1.0382)  Time:  0.106 (0.013)  Data Time:  0.005 (0.005)
2022-04-11 06:24:47,911:INFO:   Eta: 1:35:14
2022-04-11 06:25:14,934:INFO: Train: [55][2321/2322]  Loss -0.1701 (-0.9527)  Time:  0.088 (0.012)  Data Time:  0.004 (0.004)
2022-04-11 06:25:14,936:INFO:   Eta: 1:27:46
2022-04-11 06:25:39,487:INFO: Train: [56][2321/2322]  Loss -0.1179 (-1.1784)  Time:  0.080 (0.011)  Data Time:  0.003 (0.003)
2022-04-11 06:25:39,488:INFO:   Eta: 1:19:20
2022-04-11 06:25:58,989:INFO: Test: [56]  ADE: 0.5470  FDE: 0.8899
2022-04-11 06:26:24,516:INFO: Train: [57][2321/2322]  Loss -0.1763 (-0.9348)  Time:  0.106 (0.011)  Data Time:  0.003 (0.003)
2022-04-11 06:26:24,517:INFO:   Eta: 1:22:01
2022-04-11 06:26:52,171:INFO: Train: [58][2321/2322]  Loss -0.1973 (-0.9509)  Time:  0.094 (0.012)  Data Time:  0.004 (0.004)
2022-04-11 06:26:52,171:INFO:   Eta: 1:28:26
2022-04-11 06:27:21,228:INFO: Train: [59][2321/2322]  Loss -0.1719 (-1.1473)  Time:  0.096 (0.013)  Data Time:  0.004 (0.005)
2022-04-11 06:27:21,230:INFO:   Eta: 1:32:27
2022-04-11 06:27:49,745:INFO: Train: [60][2321/2322]  Loss -0.1605 (-1.1274)  Time:  0.099 (0.012)  Data Time:  0.005 (0.004)
2022-04-11 06:27:49,746:INFO:   Eta: 1:30:15
2022-04-11 06:28:19,100:INFO: Train: [61][2321/2322]  Loss -0.1253 (-1.1267)  Time:  0.093 (0.013)  Data Time:  0.008 (0.005)
2022-04-11 06:28:19,101:INFO:   Eta: 1:32:24
2022-04-11 06:28:48,402:INFO: Train: [62][2321/2322]  Loss -0.1740 (-1.1708)  Time:  0.092 (0.013)  Data Time:  0.004 (0.005)
2022-04-11 06:28:48,403:INFO:   Eta: 1:31:45
2022-04-11 06:29:17,250:INFO: Train: [63][2321/2322]  Loss -0.1697 (-1.0270)  Time:  0.111 (0.012)  Data Time:  0.005 (0.004)
2022-04-11 06:29:17,251:INFO:   Eta: 1:29:51
2022-04-11 06:29:46,347:INFO: Train: [64][2321/2322]  Loss -0.1583 (-1.2115)  Time:  0.096 (0.013)  Data Time:  0.004 (0.005)
2022-04-11 06:29:46,347:INFO:   Eta: 1:30:09
2022-04-11 06:30:15,549:INFO: Train: [65][2321/2322]  Loss -0.1138 (-1.1775)  Time:  0.102 (0.013)  Data Time:  0.005 (0.005)
2022-04-11 06:30:15,550:INFO:   Eta: 1:29:59
2022-04-11 06:30:43,686:INFO: Train: [66][2321/2322]  Loss -0.2097 (-1.0221)  Time:  0.089 (0.012)  Data Time:  0.003 (0.004)
2022-04-11 06:30:43,687:INFO:   Eta: 1:26:14
2022-04-11 06:31:04,122:INFO: Test: [66]  ADE: 0.3943  FDE: 0.5895
2022-04-11 06:31:29,341:INFO: Train: [67][2321/2322]  Loss -0.1631 (-1.0299)  Time:  0.085 (0.011)  Data Time:  0.004 (0.003)
2022-04-11 06:31:29,342:INFO:   Eta: 1:16:51
2022-04-11 06:31:55,182:INFO: Train: [68][2321/2322]  Loss -0.1413 (-1.2088)  Time:  0.108 (0.011)  Data Time:  0.004 (0.004)
2022-04-11 06:31:55,183:INFO:   Eta: 1:18:20
2022-04-11 06:32:21,186:INFO: Train: [69][2321/2322]  Loss -0.1781 (-1.1280)  Time:  0.083 (0.011)  Data Time:  0.004 (0.004)
2022-04-11 06:32:21,187:INFO:   Eta: 1:18:24
2022-04-11 06:32:47,406:INFO: Train: [70][2321/2322]  Loss -0.2193 (-1.3071)  Time:  0.082 (0.011)  Data Time:  0.004 (0.004)
2022-04-11 06:32:47,407:INFO:   Eta: 1:18:36
2022-04-11 06:33:16,247:INFO: Train: [71][2321/2322]  Loss -0.1257 (-1.2470)  Time:  0.112 (0.012)  Data Time:  0.005 (0.005)
2022-04-11 06:33:16,248:INFO:   Eta: 1:26:00
2022-04-11 06:33:45,421:INFO: Train: [72][2321/2322]  Loss -0.1818 (-1.1494)  Time:  0.114 (0.013)  Data Time:  0.004 (0.005)
2022-04-11 06:33:45,422:INFO:   Eta: 1:26:30
2022-04-11 06:34:14,700:INFO: Train: [73][2321/2322]  Loss -0.1516 (-1.1981)  Time:  0.094 (0.013)  Data Time:  0.004 (0.005)
2022-04-11 06:34:14,701:INFO:   Eta: 1:26:19
2022-04-11 06:34:44,012:INFO: Train: [74][2321/2322]  Loss -0.2007 (-1.2972)  Time:  0.104 (0.013)  Data Time:  0.009 (0.005)
2022-04-11 06:34:44,013:INFO:   Eta: 1:25:56
2022-04-11 06:35:13,558:INFO: Train: [75][2321/2322]  Loss -0.2044 (-1.2606)  Time:  0.100 (0.013)  Data Time:  0.004 (0.005)
2022-04-11 06:35:13,559:INFO:   Eta: 1:26:07
2022-04-11 06:35:41,696:INFO: Train: [76][2321/2322]  Loss -0.1787 (-1.2912)  Time:  0.080 (0.012)  Data Time:  0.003 (0.004)
2022-04-11 06:35:41,697:INFO:   Eta: 1:21:33
2022-04-11 06:36:01,564:INFO: Test: [76]  ADE: 0.4049  FDE: 0.6348
2022-04-11 06:36:30,705:INFO: Train: [77][2321/2322]  Loss -0.1785 (-1.2961)  Time:  0.121 (0.013)  Data Time:  0.006 (0.004)
2022-04-11 06:36:30,705:INFO:   Eta: 1:23:58
2022-04-11 06:36:59,650:INFO: Train: [78][2321/2322]  Loss -0.1497 (-1.1477)  Time:  0.098 (0.012)  Data Time:  0.004 (0.004)
2022-04-11 06:36:59,651:INFO:   Eta: 1:22:56
2022-04-11 06:37:27,081:INFO: Train: [79][2321/2322]  Loss -0.1836 (-1.1571)  Time:  0.087 (0.012)  Data Time:  0.004 (0.004)
2022-04-11 06:37:27,082:INFO:   Eta: 1:18:08
2022-04-11 06:37:52,643:INFO: Train: [80][2321/2322]  Loss -0.1829 (-1.1871)  Time:  0.092 (0.011)  Data Time:  0.003 (0.004)
2022-04-11 06:37:52,644:INFO:   Eta: 1:12:23
2022-04-11 06:38:18,383:INFO: Train: [81][2321/2322]  Loss -0.1586 (-1.0345)  Time:  0.088 (0.011)  Data Time:  0.002 (0.004)
2022-04-11 06:38:18,384:INFO:   Eta: 1:12:27
2022-04-11 06:38:43,889:INFO: Train: [82][2321/2322]  Loss -0.1990 (-1.2236)  Time:  0.088 (0.011)  Data Time:  0.004 (0.003)
2022-04-11 06:38:43,891:INFO:   Eta: 1:11:22
2022-04-11 06:39:12,118:INFO: Train: [83][2321/2322]  Loss -0.1892 (-1.1826)  Time:  0.098 (0.012)  Data Time:  0.006 (0.004)
2022-04-11 06:39:12,118:INFO:   Eta: 1:18:31
2022-04-11 06:39:41,177:INFO: Train: [84][2321/2322]  Loss -0.2009 (-1.1541)  Time:  0.114 (0.013)  Data Time:  0.005 (0.004)
2022-04-11 06:39:41,177:INFO:   Eta: 1:20:21
2022-04-11 06:40:10,685:INFO: Train: [85][2321/2322]  Loss -0.2031 (-1.1071)  Time:  0.104 (0.013)  Data Time:  0.005 (0.004)
2022-04-11 06:40:10,686:INFO:   Eta: 1:21:06
2022-04-11 06:40:38,579:INFO: Train: [86][2321/2322]  Loss -0.1664 (-1.3150)  Time:  0.112 (0.012)  Data Time:  0.004 (0.004)
2022-04-11 06:40:38,580:INFO:   Eta: 1:16:12
2022-04-11 06:40:58,855:INFO: Test: [86]  ADE: 0.3881  FDE: 0.5771
2022-04-11 06:41:28,018:INFO: Train: [87][2321/2322]  Loss -0.1989 (-1.2081)  Time:  0.102 (0.013)  Data Time:  0.005 (0.005)
2022-04-11 06:41:28,019:INFO:   Eta: 1:19:11
2022-04-11 06:41:57,493:INFO: Train: [88][2321/2322]  Loss -0.1654 (-1.3871)  Time:  0.099 (0.013)  Data Time:  0.005 (0.005)
2022-04-11 06:41:57,494:INFO:   Eta: 1:19:32
2022-04-11 06:42:26,789:INFO: Train: [89][2321/2322]  Loss -0.1848 (-1.3711)  Time:  0.099 (0.013)  Data Time:  0.005 (0.005)
2022-04-11 06:42:26,790:INFO:   Eta: 1:18:34
2022-04-11 06:42:55,941:INFO: Train: [90][2321/2322]  Loss -0.1850 (-1.3840)  Time:  0.100 (0.013)  Data Time:  0.005 (0.005)
2022-04-11 06:42:55,942:INFO:   Eta: 1:17:41
2022-04-11 06:43:24,277:INFO: Train: [91][2321/2322]  Loss -0.1475 (-1.2844)  Time:  0.083 (0.012)  Data Time:  0.004 (0.004)
2022-04-11 06:43:24,278:INFO:   Eta: 1:15:02
2022-04-11 06:43:49,620:INFO: Train: [92][2321/2322]  Loss -0.1741 (-1.3400)  Time:  0.083 (0.011)  Data Time:  0.003 (0.004)
2022-04-11 06:43:49,621:INFO:   Eta: 1:06:41
2022-04-11 06:44:14,768:INFO: Train: [93][2321/2322]  Loss -0.2243 (-1.4032)  Time:  0.082 (0.011)  Data Time:  0.003 (0.003)
2022-04-11 06:44:14,769:INFO:   Eta: 1:05:46
2022-04-11 06:44:40,896:INFO: Train: [94][2321/2322]  Loss -0.1764 (-1.2427)  Time:  0.088 (0.011)  Data Time:  0.003 (0.004)
2022-04-11 06:44:40,897:INFO:   Eta: 1:07:53
2022-04-11 06:45:08,466:INFO: Train: [95][2321/2322]  Loss -0.2046 (-1.3318)  Time:  0.098 (0.012)  Data Time:  0.005 (0.004)
2022-04-11 06:45:08,467:INFO:   Eta: 1:11:11
2022-04-11 06:45:35,659:INFO: Train: [96][2321/2322]  Loss -0.1786 (-1.1549)  Time:  0.092 (0.012)  Data Time:  0.004 (0.004)
2022-04-11 06:45:35,660:INFO:   Eta: 1:09:45
2022-04-11 06:45:55,811:INFO: Test: [96]  ADE: 0.3748  FDE: 0.5646
2022-04-11 06:46:25,158:INFO: Train: [97][2321/2322]  Loss -0.1413 (-1.3819)  Time:  0.090 (0.013)  Data Time:  0.005 (0.005)
2022-04-11 06:46:25,159:INFO:   Eta: 1:14:47
2022-04-11 06:46:54,054:INFO: Train: [98][2321/2322]  Loss -0.2094 (-1.3758)  Time:  0.108 (0.012)  Data Time:  0.004 (0.004)
2022-04-11 06:46:54,056:INFO:   Eta: 1:13:10
2022-04-11 06:47:23,331:INFO: Train: [99][2321/2322]  Loss -0.2173 (-1.3445)  Time:  0.102 (0.013)  Data Time:  0.005 (0.005)
2022-04-11 06:47:23,332:INFO:   Eta: 1:13:38
2022-04-11 06:47:52,775:INFO: Train: [100][2321/2322]  Loss -0.1327 (-1.4496)  Time:  0.097 (0.013)  Data Time:  0.005 (0.005)
2022-04-11 06:47:52,776:INFO:   Eta: 1:13:34
2022-04-11 06:48:21,833:INFO: Train: [101][2321/2322]  Loss -0.2138 (-1.4377)  Time:  0.103 (0.013)  Data Time:  0.006 (0.005)
2022-04-11 06:48:21,834:INFO:   Eta: 1:12:07
2022-04-11 06:48:50,979:INFO: Train: [102][2321/2322]  Loss -0.1786 (-1.3595)  Time:  0.097 (0.013)  Data Time:  0.004 (0.005)
2022-04-11 06:48:50,980:INFO:   Eta: 1:11:51
2022-04-11 06:49:19,620:INFO: Train: [103][2321/2322]  Loss -0.2062 (-1.2985)  Time:  0.099 (0.012)  Data Time:  0.005 (0.004)
2022-04-11 06:49:19,622:INFO:   Eta: 1:10:08
2022-04-11 06:49:46,047:INFO: Train: [104][2321/2322]  Loss -0.1505 (-1.4428)  Time:  0.082 (0.011)  Data Time:  0.002 (0.004)
2022-04-11 06:49:46,048:INFO:   Eta: 1:04:16
2022-04-11 06:50:12,567:INFO: Train: [105][2321/2322]  Loss -0.1893 (-1.3153)  Time:  0.088 (0.011)  Data Time:  0.003 (0.004)
2022-04-11 06:50:12,568:INFO:   Eta: 1:04:03
2022-04-11 06:50:36,901:INFO: Train: [106][2321/2322]  Loss -0.1672 (-1.3922)  Time:  0.093 (0.010)  Data Time:  0.003 (0.003)
2022-04-11 06:50:36,902:INFO:   Eta: 0:58:22
2022-04-11 06:50:56,136:INFO: Test: [106]  ADE: 0.3752  FDE: 0.5454
2022-04-11 06:51:24,687:INFO: Train: [107][2321/2322]  Loss -0.1887 (-1.4561)  Time:  0.104 (0.012)  Data Time:  0.005 (0.005)
2022-04-11 06:51:24,688:INFO:   Eta: 1:08:00
2022-04-11 06:51:54,092:INFO: Train: [108][2321/2322]  Loss -0.1924 (-1.4295)  Time:  0.091 (0.013)  Data Time:  0.005 (0.004)
2022-04-11 06:51:54,093:INFO:   Eta: 1:09:33
2022-04-11 06:52:23,133:INFO: Train: [109][2321/2322]  Loss -0.1719 (-1.4928)  Time:  0.113 (0.013)  Data Time:  0.005 (0.005)
2022-04-11 06:52:23,134:INFO:   Eta: 1:08:12
2022-04-11 06:52:52,384:INFO: Train: [110][2321/2322]  Loss -0.2282 (-1.4076)  Time:  0.121 (0.013)  Data Time:  0.005 (0.005)
2022-04-11 06:52:52,386:INFO:   Eta: 1:08:13
2022-04-11 06:53:21,442:INFO: Train: [111][2321/2322]  Loss -0.1878 (-1.3433)  Time:  0.099 (0.013)  Data Time:  0.005 (0.005)
2022-04-11 06:53:21,443:INFO:   Eta: 1:07:17
2022-04-11 06:53:50,387:INFO: Train: [112][2321/2322]  Loss -0.1377 (-1.5058)  Time:  0.096 (0.012)  Data Time:  0.005 (0.005)
2022-04-11 06:53:50,387:INFO:   Eta: 1:06:32
2022-04-11 06:54:19,413:INFO: Train: [113][2321/2322]  Loss -0.1366 (-1.2420)  Time:  0.103 (0.012)  Data Time:  0.006 (0.005)
2022-04-11 06:54:19,414:INFO:   Eta: 1:06:14
2022-04-11 06:54:47,812:INFO: Train: [114][2321/2322]  Loss -0.1920 (-1.2641)  Time:  0.101 (0.012)  Data Time:  0.005 (0.004)
2022-04-11 06:54:47,813:INFO:   Eta: 1:04:20
2022-04-11 06:55:17,890:INFO: Train: [115][2321/2322]  Loss -0.1610 (-1.4439)  Time:  0.102 (0.013)  Data Time:  0.004 (0.005)
2022-04-11 06:55:17,891:INFO:   Eta: 1:07:38
2022-04-11 06:55:43,943:INFO: Train: [116][2321/2322]  Loss -0.1688 (-1.3856)  Time:  0.071 (0.011)  Data Time:  0.002 (0.004)
2022-04-11 06:55:43,944:INFO:   Eta: 0:58:09
2022-04-11 06:56:02,991:INFO: Test: [116]  ADE: 0.4695  FDE: 0.7268
2022-04-11 06:56:28,905:INFO: Train: [117][2321/2322]  Loss -0.1830 (-1.4166)  Time:  0.088 (0.011)  Data Time:  0.003 (0.004)
2022-04-11 06:56:28,906:INFO:   Eta: 0:57:24
