2022-04-11 04:16:30,369:INFO: batch_size=128
2022-04-11 04:16:30,369:INFO: clip_grad=None
2022-04-11 04:16:30,369:INFO: dataset=eth
2022-04-11 04:16:30,369:INFO: drop=0.0
2022-04-11 04:16:30,369:INFO: gpu_num=0
2022-04-11 04:16:30,370:INFO: init=kmeans-32
2022-04-11 04:16:30,370:INFO: input_size=2
2022-04-11 04:16:30,370:INFO: kernel_size=3
2022-04-11 04:16:30,370:INFO: lr=0.01
2022-04-11 04:16:30,370:INFO: lr_sh_rate=150
2022-04-11 04:16:30,370:INFO: model=social_stgcnn10
2022-04-11 04:16:30,370:INFO: n_stgcnn=1
2022-04-11 04:16:30,370:INFO: n_txpcnn=5
2022-04-11 04:16:30,370:INFO: num_epochs=250
2022-04-11 04:16:30,370:INFO: obs_seq_len=8
2022-04-11 04:16:30,370:INFO: output_size=5
2022-04-11 04:16:30,370:INFO: pred_seq_len=12
2022-04-11 04:16:30,370:INFO: seed=0
2022-04-11 04:16:30,371:INFO: tag=eth
2022-04-11 04:16:30,371:INFO: use_lrschd=True
2022-04-11 04:16:30,371:INFO: ******************************
2022-04-11 04:16:30,371:INFO: Training initiating....
2022-04-11 04:16:30,371:INFO: Namespace(batch_size=128, clip_grad=None, dataset='eth', drop=0.0, gpu_num='0', init='kmeans-32', input_size=2, kernel_size=3, lr=0.01, lr_sh_rate=150, model='social_stgcnn10', n_stgcnn=1, n_txpcnn=5, num_epochs=250, obs_seq_len=8, output_size=5, pred_seq_len=12, seed=0, tag='eth', use_lrschd=True)
2022-04-11 04:16:30,377:INFO: Initializing train dataset
2022-04-11 04:16:41,376:INFO: Initializing val dataset
2022-04-11 04:17:02,698:INFO: social_stgcnn10
2022-04-11 04:17:02,699:INFO: Data and model loaded
2022-04-11 04:17:02,699:INFO: Checkpoint dir: ./runs/Apr11_04-16-30_node06/eth/checkpoint
2022-04-11 04:17:02,699:INFO: Training started ...
2022-04-11 04:17:37,969:INFO: Train: [0][2784/2785]  Loss 0.6480 (1.2258)  Time:  0.498 (0.013)  Data Time:  0.005 (0.004)
2022-04-11 04:17:37,972:INFO:   Eta: 2:26:55
2022-04-11 04:18:13,326:INFO: Train: [1][2784/2785]  Loss 0.6333 (0.6298)  Time:  0.487 (0.013)  Data Time:  0.004 (0.004)
2022-04-11 04:18:13,328:INFO:   Eta: 2:26:36
2022-04-11 04:18:48,898:INFO: Train: [2][2784/2785]  Loss 0.3951 (0.3919)  Time:  0.488 (0.013)  Data Time:  0.005 (0.005)
2022-04-11 04:18:48,900:INFO:   Eta: 2:26:55
2022-04-11 04:19:23,503:INFO: Train: [3][2784/2785]  Loss -0.0219 (0.2871)  Time:  0.483 (0.012)  Data Time:  0.004 (0.004)
2022-04-11 04:19:23,504:INFO:   Eta: 2:22:22
2022-04-11 04:19:57,299:INFO: Train: [4][2784/2785]  Loss -0.0174 (0.0324)  Time:  0.452 (0.012)  Data Time:  0.005 (0.005)
2022-04-11 04:19:57,301:INFO:   Eta: 2:18:29
2022-04-11 04:20:26,454:INFO: Train: [5][2784/2785]  Loss 0.1880 (-0.0794)  Time:  0.375 (0.010)  Data Time:  0.002 (0.003)
2022-04-11 04:20:26,456:INFO:   Eta: 1:58:58
2022-04-11 04:20:50,761:INFO: Train: [6][2784/2785]  Loss -0.0496 (-0.1468)  Time:  0.393 (0.009)  Data Time:  0.004 (0.002)
2022-04-11 04:20:50,762:INFO:   Eta: 1:38:45
2022-04-11 04:20:52,724:INFO: Test: [6]  ADE: 0.9946  FDE: 1.4075
2022-04-11 04:21:23,042:INFO: Train: [7][2784/2785]  Loss -0.1508 (-0.2168)  Time:  0.451 (0.011)  Data Time:  0.004 (0.004)
2022-04-11 04:21:23,044:INFO:   Eta: 2:02:43
2022-04-11 04:21:53,822:INFO: Train: [8][2784/2785]  Loss -0.0748 (-0.2645)  Time:  0.485 (0.011)  Data Time:  0.004 (0.004)
2022-04-11 04:21:53,823:INFO:   Eta: 2:04:03
2022-04-11 04:22:27,987:INFO: Train: [9][2784/2785]  Loss -0.3743 (-0.4165)  Time:  0.479 (0.012)  Data Time:  0.005 (0.005)
2022-04-11 04:22:27,988:INFO:   Eta: 2:17:08
2022-04-11 04:23:01,189:INFO: Train: [10][2784/2785]  Loss -0.4275 (-0.2606)  Time:  0.491 (0.012)  Data Time:  0.004 (0.005)
2022-04-11 04:23:01,190:INFO:   Eta: 2:12:44
2022-04-11 04:23:35,341:INFO: Train: [11][2784/2785]  Loss -0.4166 (-0.3937)  Time:  0.470 (0.012)  Data Time:  0.004 (0.005)
2022-04-11 04:23:35,343:INFO:   Eta: 2:15:58
2022-04-11 04:24:08,202:INFO: Train: [12][2784/2785]  Loss -0.3874 (-0.4644)  Time:  0.465 (0.012)  Data Time:  0.004 (0.004)
2022-04-11 04:24:08,203:INFO:   Eta: 2:10:16
2022-04-11 04:24:42,670:INFO: Train: [13][2784/2785]  Loss -0.1536 (-0.5055)  Time:  0.490 (0.012)  Data Time:  0.005 (0.005)
2022-04-11 04:24:42,671:INFO:   Eta: 2:16:03
2022-04-11 04:25:15,547:INFO: Train: [14][2784/2785]  Loss -0.0351 (-0.4730)  Time:  0.425 (0.012)  Data Time:  0.004 (0.004)
2022-04-11 04:25:15,548:INFO:   Eta: 2:09:13
2022-04-11 04:25:46,401:INFO: Train: [15][2784/2785]  Loss -0.1957 (-0.6301)  Time:  0.399 (0.011)  Data Time:  0.005 (0.004)
2022-04-11 04:25:46,403:INFO:   Eta: 2:00:45
2022-04-11 04:26:17,440:INFO: Train: [16][2784/2785]  Loss -0.4262 (-0.6485)  Time:  0.405 (0.011)  Data Time:  0.003 (0.004)
2022-04-11 04:26:17,441:INFO:   Eta: 2:00:58
2022-04-11 04:26:19,302:INFO: Test: [16]  ADE: 0.8735  FDE: 1.2926
2022-04-11 04:26:49,704:INFO: Train: [17][2784/2785]  Loss -0.5391 (-0.6868)  Time:  0.419 (0.011)  Data Time:  0.004 (0.004)
2022-04-11 04:26:49,706:INFO:   Eta: 1:58:00
2022-04-11 04:27:19,738:INFO: Train: [18][2784/2785]  Loss -0.6575 (-0.6577)  Time:  0.389 (0.011)  Data Time:  0.003 (0.004)
2022-04-11 04:27:19,740:INFO:   Eta: 1:56:02
2022-04-11 04:27:50,697:INFO: Train: [19][2784/2785]  Loss -0.4515 (-0.7611)  Time:  0.454 (0.011)  Data Time:  0.005 (0.004)
2022-04-11 04:27:50,698:INFO:   Eta: 1:59:06
2022-04-11 04:28:24,466:INFO: Train: [20][2784/2785]  Loss -0.2605 (-0.7404)  Time:  0.479 (0.012)  Data Time:  0.004 (0.004)
2022-04-11 04:28:24,468:INFO:   Eta: 2:09:21
2022-04-11 04:28:58,673:INFO: Train: [21][2784/2785]  Loss -0.2935 (-0.6853)  Time:  0.452 (0.012)  Data Time:  0.004 (0.005)
2022-04-11 04:28:58,674:INFO:   Eta: 2:10:27
2022-04-11 04:29:32,380:INFO: Train: [22][2784/2785]  Loss -0.6674 (-0.8314)  Time:  0.496 (0.012)  Data Time:  0.005 (0.005)
2022-04-11 04:29:32,381:INFO:   Eta: 2:07:59
2022-04-11 04:30:03,689:INFO: Train: [23][2784/2785]  Loss -0.7553 (-0.8338)  Time:  0.436 (0.011)  Data Time:  0.004 (0.004)
2022-04-11 04:30:03,691:INFO:   Eta: 1:58:22
2022-04-11 04:30:37,148:INFO: Train: [24][2784/2785]  Loss -0.6557 (-0.8422)  Time:  0.471 (0.012)  Data Time:  0.005 (0.004)
2022-04-11 04:30:37,150:INFO:   Eta: 2:05:56
2022-04-11 04:31:09,806:INFO: Train: [25][2784/2785]  Loss -0.6711 (-0.7847)  Time:  0.454 (0.012)  Data Time:  0.004 (0.004)
2022-04-11 04:31:09,808:INFO:   Eta: 2:02:23
2022-04-11 04:31:43,762:INFO: Train: [26][2784/2785]  Loss -0.4981 (-0.7835)  Time:  0.453 (0.012)  Data Time:  0.005 (0.005)
2022-04-11 04:31:43,764:INFO:   Eta: 2:06:40
2022-04-11 04:31:45,769:INFO: Test: [26]  ADE: 0.7511  FDE: 1.1392
2022-04-11 04:32:17,558:INFO: Train: [27][2784/2785]  Loss -0.5582 (-0.9102)  Time:  0.421 (0.011)  Data Time:  0.004 (0.004)
2022-04-11 04:32:17,621:INFO:   Eta: 1:58:05
2022-04-11 04:32:47,966:INFO: Train: [28][2784/2785]  Loss -0.4267 (-0.9769)  Time:  0.431 (0.011)  Data Time:  0.004 (0.004)
2022-04-11 04:32:47,967:INFO:   Eta: 1:49:49
2022-04-11 04:33:18,135:INFO: Train: [29][2784/2785]  Loss -0.8750 (-1.0509)  Time:  0.425 (0.011)  Data Time:  0.004 (0.004)
2022-04-11 04:33:18,137:INFO:   Eta: 1:51:01
2022-04-11 04:33:49,441:INFO: Train: [30][2784/2785]  Loss -0.8681 (-0.9994)  Time:  0.500 (0.011)  Data Time:  0.004 (0.004)
2022-04-11 04:33:49,443:INFO:   Eta: 1:54:42
2022-04-11 04:34:22,327:INFO: Train: [31][2784/2785]  Loss -0.8501 (-1.0254)  Time:  0.432 (0.012)  Data Time:  0.004 (0.005)
2022-04-11 04:34:22,384:INFO:   Eta: 1:59:56
2022-04-11 04:34:54,591:INFO: Train: [32][2784/2785]  Loss -0.7394 (-1.0221)  Time:  0.479 (0.011)  Data Time:  0.006 (0.004)
2022-04-11 04:34:54,591:INFO:   Eta: 1:54:31
2022-04-11 04:35:27,952:INFO: Train: [33][2784/2785]  Loss -0.8627 (-0.9539)  Time:  0.449 (0.012)  Data Time:  0.004 (0.005)
2022-04-11 04:35:28,033:INFO:   Eta: 2:00:35
2022-04-11 04:36:01,707:INFO: Train: [34][2784/2785]  Loss -0.8775 (-0.9826)  Time:  0.462 (0.012)  Data Time:  0.005 (0.004)
2022-04-11 04:36:01,709:INFO:   Eta: 1:58:46
2022-04-11 04:36:35,438:INFO: Train: [35][2784/2785]  Loss -0.9693 (-1.0665)  Time:  0.492 (0.012)  Data Time:  0.003 (0.004)
2022-04-11 04:36:35,439:INFO:   Eta: 2:00:46
2022-04-11 04:37:09,855:INFO: Train: [36][2784/2785]  Loss -0.9328 (-0.9706)  Time:  0.484 (0.012)  Data Time:  0.006 (0.005)
2022-04-11 04:37:09,856:INFO:   Eta: 2:02:41
2022-04-11 04:37:11,829:INFO: Test: [36]  ADE: 0.6870  FDE: 1.1090
2022-04-11 04:37:45,677:INFO: Train: [37][2784/2785]  Loss -0.8131 (-1.0926)  Time:  0.474 (0.012)  Data Time:  0.004 (0.005)
2022-04-11 04:37:45,679:INFO:   Eta: 2:00:06
2022-04-11 04:38:17,260:INFO: Train: [38][2784/2785]  Loss -0.8788 (-1.0489)  Time:  0.424 (0.011)  Data Time:  0.002 (0.004)
2022-04-11 04:38:17,261:INFO:   Eta: 1:51:30
2022-04-11 04:38:46,707:INFO: Train: [39][2784/2785]  Loss -0.8663 (-1.0534)  Time:  0.421 (0.011)  Data Time:  0.003 (0.004)
2022-04-11 04:38:46,709:INFO:   Eta: 1:43:28
2022-04-11 04:39:14,182:INFO: Train: [40][2784/2785]  Loss -0.6741 (-1.0491)  Time:  0.348 (0.010)  Data Time:  0.002 (0.003)
2022-04-11 04:39:14,183:INFO:   Eta: 1:36:04
2022-04-11 04:39:43,780:INFO: Train: [41][2784/2785]  Loss -1.0278 (-1.1091)  Time:  0.461 (0.011)  Data Time:  0.004 (0.003)
2022-04-11 04:39:43,781:INFO:   Eta: 1:43:02
2022-04-11 04:40:18,308:INFO: Train: [42][2784/2785]  Loss -1.0429 (-1.0110)  Time:  0.467 (0.012)  Data Time:  0.004 (0.005)
2022-04-11 04:40:18,309:INFO:   Eta: 1:59:37
2022-04-11 04:40:51,249:INFO: Train: [43][2784/2785]  Loss -0.8937 (-1.1739)  Time:  0.474 (0.012)  Data Time:  0.004 (0.004)
2022-04-11 04:40:51,250:INFO:   Eta: 1:53:34
2022-04-11 04:41:24,533:INFO: Train: [44][2784/2785]  Loss -0.9470 (-1.1737)  Time:  0.403 (0.012)  Data Time:  0.003 (0.005)
2022-04-11 04:41:24,534:INFO:   Eta: 1:54:12
2022-04-11 04:41:57,940:INFO: Train: [45][2784/2785]  Loss -0.7765 (-1.1631)  Time:  0.478 (0.012)  Data Time:  0.005 (0.005)
2022-04-11 04:41:57,942:INFO:   Eta: 1:54:04
2022-04-11 04:42:32,191:INFO: Train: [46][2784/2785]  Loss -0.9788 (-1.1418)  Time:  0.502 (0.012)  Data Time:  0.005 (0.005)
2022-04-11 04:42:32,192:INFO:   Eta: 1:56:22
2022-04-11 04:42:34,324:INFO: Test: [46]  ADE: 0.6827  FDE: 1.0755
2022-04-11 04:43:08,707:INFO: Train: [47][2784/2785]  Loss -0.7442 (-1.2393)  Time:  0.495 (0.012)  Data Time:  0.005 (0.005)
2022-04-11 04:43:08,708:INFO:   Eta: 1:56:16
2022-04-11 04:43:42,910:INFO: Train: [48][2784/2785]  Loss -0.8734 (-1.1871)  Time:  0.449 (0.012)  Data Time:  0.003 (0.004)
2022-04-11 04:43:42,912:INFO:   Eta: 1:55:04
2022-04-11 04:44:12,431:INFO: Train: [49][2784/2785]  Loss -0.6858 (-1.2050)  Time:  0.388 (0.011)  Data Time:  0.002 (0.004)
2022-04-11 04:44:12,432:INFO:   Eta: 1:38:49
2022-04-11 04:44:40,535:INFO: Train: [50][2784/2785]  Loss -0.8973 (-1.1506)  Time:  0.399 (0.010)  Data Time:  0.003 (0.004)
2022-04-11 04:44:40,585:INFO:   Eta: 1:33:37
2022-04-11 04:45:10,815:INFO: Train: [51][2784/2785]  Loss -0.9983 (-1.1548)  Time:  0.423 (0.011)  Data Time:  0.004 (0.004)
2022-04-11 04:45:10,816:INFO:   Eta: 1:38:33
2022-04-11 04:45:40,855:INFO: Train: [52][2784/2785]  Loss -0.9483 (-1.1629)  Time:  0.442 (0.011)  Data Time:  0.003 (0.004)
2022-04-11 04:45:40,857:INFO:   Eta: 1:39:03
2022-04-11 04:46:15,259:INFO: Train: [53][2784/2785]  Loss -0.8154 (-1.2586)  Time:  0.467 (0.012)  Data Time:  0.004 (0.005)
2022-04-11 04:46:15,261:INFO:   Eta: 1:52:52
2022-04-11 04:46:48,909:INFO: Train: [54][2784/2785]  Loss -0.8839 (-1.2555)  Time:  0.484 (0.012)  Data Time:  0.003 (0.004)
2022-04-11 04:46:48,910:INFO:   Eta: 1:49:51
2022-04-11 04:47:22,971:INFO: Train: [55][2784/2785]  Loss -1.1405 (-1.2258)  Time:  0.485 (0.012)  Data Time:  0.005 (0.005)
2022-04-11 04:47:22,973:INFO:   Eta: 1:50:38
2022-04-11 04:47:56,704:INFO: Train: [56][2784/2785]  Loss -1.0085 (-1.2996)  Time:  0.470 (0.012)  Data Time:  0.005 (0.005)
2022-04-11 04:47:56,789:INFO:   Eta: 1:48:59
2022-04-11 04:47:58,827:INFO: Test: [56]  ADE: 0.6815  FDE: 1.0259
2022-04-11 04:48:31,482:INFO: Train: [57][2784/2785]  Loss -1.2375 (-1.2903)  Time:  0.474 (0.012)  Data Time:  0.004 (0.004)
2022-04-11 04:48:31,484:INFO:   Eta: 1:44:26
2022-04-11 04:49:03,646:INFO: Train: [58][2784/2785]  Loss -0.8926 (-1.2848)  Time:  0.508 (0.012)  Data Time:  0.005 (0.004)
2022-04-11 04:49:03,648:INFO:   Eta: 1:42:50
2022-04-11 04:49:38,067:INFO: Train: [59][2784/2785]  Loss -1.0442 (-1.2427)  Time:  0.450 (0.012)  Data Time:  0.004 (0.004)
2022-04-11 04:49:38,068:INFO:   Eta: 1:49:29
2022-04-11 04:50:10,622:INFO: Train: [60][2784/2785]  Loss -0.9332 (-1.2756)  Time:  0.434 (0.012)  Data Time:  0.004 (0.004)
2022-04-11 04:50:10,624:INFO:   Eta: 1:43:01
2022-04-11 04:50:39,719:INFO: Train: [61][2784/2785]  Loss -0.9494 (-1.3430)  Time:  0.405 (0.010)  Data Time:  0.003 (0.003)
2022-04-11 04:50:39,720:INFO:   Eta: 1:31:35
2022-04-11 04:51:07,763:INFO: Train: [62][2784/2785]  Loss -0.9655 (-1.2959)  Time:  0.406 (0.010)  Data Time:  0.004 (0.003)
2022-04-11 04:51:07,765:INFO:   Eta: 1:27:48
2022-04-11 04:51:37,595:INFO: Train: [63][2784/2785]  Loss -1.0209 (-1.2660)  Time:  0.443 (0.011)  Data Time:  0.004 (0.004)
2022-04-11 04:51:37,595:INFO:   Eta: 1:32:55
2022-04-11 04:52:12,047:INFO: Train: [64][2784/2785]  Loss -0.9844 (-1.2488)  Time:  0.477 (0.012)  Data Time:  0.005 (0.004)
2022-04-11 04:52:12,048:INFO:   Eta: 1:45:20
2022-04-11 04:52:46,459:INFO: Train: [65][2784/2785]  Loss -1.1173 (-1.2744)  Time:  0.492 (0.012)  Data Time:  0.005 (0.004)
2022-04-11 04:52:46,461:INFO:   Eta: 1:46:02
2022-04-11 04:53:18,769:INFO: Train: [66][2784/2785]  Loss -0.9628 (-1.2809)  Time:  0.402 (0.012)  Data Time:  0.004 (0.004)
2022-04-11 04:53:18,771:INFO:   Eta: 1:39:00
2022-04-11 04:53:20,862:INFO: Test: [66]  ADE: 0.7492  FDE: 1.2787
2022-04-11 04:53:53,883:INFO: Train: [67][2784/2785]  Loss -1.0790 (-1.3607)  Time:  0.455 (0.012)  Data Time:  0.004 (0.004)
2022-04-11 04:53:53,884:INFO:   Eta: 1:40:40
2022-04-11 04:54:27,521:INFO: Train: [68][2784/2785]  Loss -0.9600 (-1.2986)  Time:  0.451 (0.012)  Data Time:  0.005 (0.005)
2022-04-11 04:54:27,522:INFO:   Eta: 1:41:58
2022-04-11 04:55:01,139:INFO: Train: [69][2784/2785]  Loss -1.0417 (-1.3516)  Time:  0.465 (0.012)  Data Time:  0.005 (0.005)
2022-04-11 04:55:01,200:INFO:   Eta: 1:41:21
2022-04-11 04:55:35,900:INFO: Train: [70][2784/2785]  Loss -0.8655 (-1.2868)  Time:  0.456 (0.012)  Data Time:  0.003 (0.005)
2022-04-11 04:55:35,903:INFO:   Eta: 1:42:34
2022-04-11 04:56:07,072:INFO: Train: [71][2784/2785]  Loss -0.6894 (-1.3814)  Time:  0.431 (0.011)  Data Time:  0.004 (0.004)
2022-04-11 04:56:07,073:INFO:   Eta: 1:32:54
2022-04-11 04:56:37,190:INFO: Train: [72][2784/2785]  Loss -1.0383 (-1.3317)  Time:  0.439 (0.011)  Data Time:  0.003 (0.004)
2022-04-11 04:56:37,191:INFO:   Eta: 1:29:16
2022-04-11 04:57:05,992:INFO: Train: [73][2784/2785]  Loss -0.8704 (-1.4396)  Time:  0.403 (0.010)  Data Time:  0.004 (0.003)
2022-04-11 04:57:05,994:INFO:   Eta: 1:24:54
2022-04-11 04:57:36,476:INFO: Train: [74][2784/2785]  Loss -1.2334 (-1.4076)  Time:  0.457 (0.011)  Data Time:  0.004 (0.004)
2022-04-11 04:57:36,477:INFO:   Eta: 1:29:21
2022-04-11 04:58:07,195:INFO: Train: [75][2784/2785]  Loss -0.9305 (-1.3241)  Time:  0.423 (0.011)  Data Time:  0.003 (0.004)
2022-04-11 04:58:07,196:INFO:   Eta: 1:29:32
2022-04-11 04:58:40,758:INFO: Train: [76][2784/2785]  Loss -1.0411 (-1.3802)  Time:  0.500 (0.012)  Data Time:  0.005 (0.005)
2022-04-11 04:58:40,759:INFO:   Eta: 1:37:16
2022-04-11 04:58:42,846:INFO: Test: [76]  ADE: 0.7110  FDE: 1.2063
2022-04-11 04:59:17,557:INFO: Train: [77][2784/2785]  Loss -0.9901 (-1.4099)  Time:  0.473 (0.012)  Data Time:  0.005 (0.005)
2022-04-11 04:59:17,559:INFO:   Eta: 1:40:02
2022-04-11 04:59:51,897:INFO: Train: [78][2784/2785]  Loss -1.2107 (-1.4067)  Time:  0.492 (0.012)  Data Time:  0.004 (0.005)
2022-04-11 04:59:51,898:INFO:   Eta: 1:38:22
2022-04-11 05:00:25,634:INFO: Train: [79][2784/2785]  Loss -0.8806 (-1.3733)  Time:  0.480 (0.012)  Data Time:  0.004 (0.004)
2022-04-11 05:00:25,635:INFO:   Eta: 1:36:05
2022-04-11 05:00:57,718:INFO: Train: [80][2784/2785]  Loss -0.7765 (-1.3838)  Time:  0.501 (0.012)  Data Time:  0.005 (0.004)
2022-04-11 05:00:57,719:INFO:   Eta: 1:30:50
2022-04-11 05:01:31,596:INFO: Train: [81][2784/2785]  Loss -0.9473 (-1.4562)  Time:  0.473 (0.012)  Data Time:  0.005 (0.005)
2022-04-11 05:01:31,597:INFO:   Eta: 1:35:21
2022-04-11 05:02:03,376:INFO: Train: [82][2784/2785]  Loss -0.9294 (-1.4526)  Time:  0.444 (0.011)  Data Time:  0.004 (0.004)
2022-04-11 05:02:03,377:INFO:   Eta: 1:28:55
2022-04-11 05:02:30,970:INFO: Train: [83][2784/2785]  Loss -1.0875 (-1.4603)  Time:  0.375 (0.010)  Data Time:  0.003 (0.003)
2022-04-11 05:02:30,970:INFO:   Eta: 1:16:44
2022-04-11 05:02:58,723:INFO: Train: [84][2784/2785]  Loss -1.0805 (-1.4392)  Time:  0.444 (0.010)  Data Time:  0.004 (0.003)
2022-04-11 05:02:58,724:INFO:   Eta: 1:16:43
2022-04-11 05:03:29,032:INFO: Train: [85][2784/2785]  Loss -0.9394 (-1.4527)  Time:  0.480 (0.011)  Data Time:  0.005 (0.004)
2022-04-11 05:03:29,033:INFO:   Eta: 1:23:17
2022-04-11 05:04:03,283:INFO: Train: [86][2784/2785]  Loss -1.1688 (-1.3829)  Time:  0.465 (0.012)  Data Time:  0.005 (0.005)
2022-04-11 05:04:03,285:INFO:   Eta: 1:33:33
2022-04-11 05:04:05,442:INFO: Test: [86]  ADE: 0.7482  FDE: 1.1859
2022-04-11 05:04:39,918:INFO: Train: [87][2784/2785]  Loss -1.1545 (-1.4511)  Time:  0.474 (0.012)  Data Time:  0.004 (0.004)
2022-04-11 05:04:39,919:INFO:   Eta: 1:33:37
2022-04-11 05:05:13,756:INFO: Train: [88][2784/2785]  Loss -0.9490 (-1.3928)  Time:  0.497 (0.012)  Data Time:  0.005 (0.005)
2022-04-11 05:05:13,758:INFO:   Eta: 1:31:18
2022-04-11 05:05:46,580:INFO: Train: [89][2784/2785]  Loss -1.1213 (-1.4256)  Time:  0.425 (0.012)  Data Time:  0.004 (0.004)
2022-04-11 05:05:46,582:INFO:   Eta: 1:28:00
2022-04-11 05:06:20,309:INFO: Train: [90][2784/2785]  Loss -1.0262 (-1.4818)  Time:  0.461 (0.012)  Data Time:  0.005 (0.005)
2022-04-11 05:06:20,310:INFO:   Eta: 1:29:53
2022-04-11 05:06:53,596:INFO: Train: [91][2784/2785]  Loss -1.0945 (-1.4775)  Time:  0.512 (0.012)  Data Time:  0.005 (0.004)
2022-04-11 05:06:53,597:INFO:   Eta: 1:28:09
2022-04-11 05:07:24,870:INFO: Train: [92][2784/2785]  Loss -1.1274 (-1.4558)  Time:  0.408 (0.011)  Data Time:  0.003 (0.004)
2022-04-11 05:07:24,871:INFO:   Eta: 1:22:18
2022-04-11 05:07:57,006:INFO: Train: [93][2784/2785]  Loss -1.2317 (-1.5283)  Time:  0.421 (0.012)  Data Time:  0.004 (0.004)
2022-04-11 05:07:57,007:INFO:   Eta: 1:24:01
2022-04-11 05:08:27,038:INFO: Train: [94][2784/2785]  Loss -1.3085 (-1.4430)  Time:  0.425 (0.011)  Data Time:  0.003 (0.004)
2022-04-11 05:08:27,040:INFO:   Eta: 1:18:01
2022-04-11 05:08:56,705:INFO: Train: [95][2784/2785]  Loss -1.1548 (-1.3702)  Time:  0.418 (0.011)  Data Time:  0.004 (0.004)
2022-04-11 05:08:56,706:INFO:   Eta: 1:16:34
2022-04-11 05:09:27,462:INFO: Train: [96][2784/2785]  Loss -1.3011 (-1.4577)  Time:  0.435 (0.011)  Data Time:  0.004 (0.004)
2022-04-11 05:09:27,463:INFO:   Eta: 1:18:53
2022-04-11 05:09:29,515:INFO: Test: [96]  ADE: 0.7830  FDE: 1.3994
2022-04-11 05:10:02,638:INFO: Train: [97][2784/2785]  Loss -1.1437 (-1.4796)  Time:  0.476 (0.012)  Data Time:  0.004 (0.005)
2022-04-11 05:10:02,640:INFO:   Eta: 1:24:25
2022-04-11 05:10:36,444:INFO: Train: [98][2784/2785]  Loss -1.0782 (-1.4800)  Time:  0.469 (0.012)  Data Time:  0.005 (0.005)
2022-04-11 05:10:36,445:INFO:   Eta: 1:25:34
2022-04-11 05:11:09,652:INFO: Train: [99][2784/2785]  Loss -1.1128 (-1.4681)  Time:  0.506 (0.012)  Data Time:  0.004 (0.004)
2022-04-11 05:11:09,654:INFO:   Eta: 1:23:30
2022-04-11 05:11:43,993:INFO: Train: [100][2784/2785]  Loss -1.2501 (-1.5205)  Time:  0.499 (0.012)  Data Time:  0.005 (0.005)
2022-04-11 05:11:43,994:INFO:   Eta: 1:25:47
2022-04-11 05:12:14,832:INFO: Train: [101][2784/2785]  Loss -1.1541 (-1.4771)  Time:  0.448 (0.011)  Data Time:  0.004 (0.004)
2022-04-11 05:12:14,833:INFO:   Eta: 1:16:31
2022-04-11 05:12:48,172:INFO: Train: [102][2784/2785]  Loss -1.0315 (-1.5188)  Time:  0.485 (0.012)  Data Time:  0.005 (0.004)
2022-04-11 05:12:48,173:INFO:   Eta: 1:20:56
2022-04-11 05:13:22,262:INFO: Train: [103][2784/2785]  Loss -1.3145 (-1.5433)  Time:  0.476 (0.012)  Data Time:  0.005 (0.004)
2022-04-11 05:13:22,263:INFO:   Eta: 1:23:28
2022-04-11 05:13:55,722:INFO: Train: [104][2784/2785]  Loss -1.2108 (-1.4792)  Time:  0.407 (0.012)  Data Time:  0.004 (0.004)
2022-04-11 05:13:55,723:INFO:   Eta: 1:21:21
2022-04-11 05:14:25,473:INFO: Train: [105][2784/2785]  Loss -1.0385 (-1.5087)  Time:  0.393 (0.011)  Data Time:  0.003 (0.004)
2022-04-11 05:14:25,475:INFO:   Eta: 1:11:50
2022-04-11 05:14:55,338:INFO: Train: [106][2784/2785]  Loss -1.1406 (-1.5328)  Time:  0.424 (0.011)  Data Time:  0.003 (0.004)
2022-04-11 05:14:55,339:INFO:   Eta: 1:11:37
2022-04-11 05:14:57,451:INFO: Test: [106]  ADE: 0.7133  FDE: 1.1791
2022-04-11 05:15:29,039:INFO: Train: [107][2784/2785]  Loss -1.0766 (-1.5367)  Time:  0.511 (0.011)  Data Time:  0.005 (0.004)
2022-04-11 05:15:29,041:INFO:   Eta: 1:15:15
2022-04-11 05:16:00,700:INFO: Train: [108][2784/2785]  Loss -1.1707 (-1.5463)  Time:  0.480 (0.011)  Data Time:  0.005 (0.004)
2022-04-11 05:16:00,701:INFO:   Eta: 1:14:52
2022-04-11 05:16:33,698:INFO: Train: [109][2784/2785]  Loss -1.0944 (-1.5103)  Time:  0.396 (0.012)  Data Time:  0.004 (0.004)
2022-04-11 05:16:33,700:INFO:   Eta: 1:17:30
2022-04-11 05:17:05,964:INFO: Train: [110][2784/2785]  Loss -1.2422 (-1.4972)  Time:  0.470 (0.012)  Data Time:  0.004 (0.004)
2022-04-11 05:17:05,965:INFO:   Eta: 1:15:13
2022-04-11 05:17:39,759:INFO: Train: [111][2784/2785]  Loss -1.1397 (-1.5200)  Time:  0.494 (0.012)  Data Time:  0.004 (0.004)
2022-04-11 05:17:39,760:INFO:   Eta: 1:18:14
2022-04-11 05:18:14,052:INFO: Train: [112][2784/2785]  Loss -1.2473 (-1.5293)  Time:  0.481 (0.012)  Data Time:  0.005 (0.005)
2022-04-11 05:18:14,054:INFO:   Eta: 1:18:49
2022-04-11 05:18:47,570:INFO: Train: [113][2784/2785]  Loss -0.9695 (-1.5049)  Time:  0.435 (0.012)  Data Time:  0.005 (0.004)
2022-04-11 05:18:47,571:INFO:   Eta: 1:16:28
2022-04-11 05:19:20,698:INFO: Train: [114][2784/2785]  Loss -1.2683 (-1.5536)  Time:  0.460 (0.012)  Data Time:  0.005 (0.005)
2022-04-11 05:19:20,700:INFO:   Eta: 1:15:02
2022-04-11 05:19:53,295:INFO: Train: [115][2784/2785]  Loss -1.1898 (-1.5306)  Time:  0.442 (0.012)  Data Time:  0.004 (0.004)
2022-04-11 05:19:53,297:INFO:   Eta: 1:13:17
2022-04-11 05:20:22,897:INFO: Train: [116][2784/2785]  Loss -1.1118 (-1.5419)  Time:  0.412 (0.011)  Data Time:  0.003 (0.004)
2022-04-11 05:20:22,898:INFO:   Eta: 1:06:03
2022-04-11 05:20:24,923:INFO: Test: [116]  ADE: 0.7208  FDE: 1.1678
2022-04-11 05:20:53,703:INFO: Train: [117][2784/2785]  Loss -1.1212 (-1.5482)  Time:  0.378 (0.010)  Data Time:  0.002 (0.003)
2022-04-11 05:20:53,704:INFO:   Eta: 1:03:45
2022-04-11 05:21:21,604:INFO: Train: [118][2784/2785]  Loss -0.9574 (-1.5751)  Time:  0.442 (0.010)  Data Time:  0.003 (0.003)
2022-04-11 05:21:21,605:INFO:   Eta: 1:01:20
2022-04-11 05:21:54,752:INFO: Train: [119][2784/2785]  Loss -1.2324 (-1.5993)  Time:  0.493 (0.012)  Data Time:  0.005 (0.004)
2022-04-11 05:21:54,753:INFO:   Eta: 1:12:19
2022-04-11 05:22:27,696:INFO: Train: [120][2784/2785]  Loss -1.1639 (-1.5011)  Time:  0.463 (0.012)  Data Time:  0.005 (0.005)
2022-04-11 05:22:27,761:INFO:   Eta: 1:11:19
2022-04-11 05:23:01,623:INFO: Train: [121][2784/2785]  Loss -1.3267 (-1.5665)  Time:  0.476 (0.012)  Data Time:  0.005 (0.004)
2022-04-11 05:23:01,624:INFO:   Eta: 1:11:40
2022-04-11 05:23:35,805:INFO: Train: [122][2784/2785]  Loss -1.0741 (-1.5718)  Time:  0.472 (0.012)  Data Time:  0.004 (0.005)
2022-04-11 05:23:35,806:INFO:   Eta: 1:12:52
2022-04-11 05:24:09,931:INFO: Train: [123][2784/2785]  Loss -1.2284 (-1.5358)  Time:  0.496 (0.012)  Data Time:  0.004 (0.005)
2022-04-11 05:24:09,932:INFO:   Eta: 1:12:10
2022-04-11 05:24:44,057:INFO: Train: [124][2784/2785]  Loss -1.2417 (-1.5622)  Time:  0.476 (0.012)  Data Time:  0.006 (0.005)
2022-04-11 05:24:44,059:INFO:   Eta: 1:11:37
2022-04-11 05:25:17,451:INFO: Train: [125][2784/2785]  Loss -1.2544 (-1.6010)  Time:  0.465 (0.012)  Data Time:  0.005 (0.004)
2022-04-11 05:25:17,453:INFO:   Eta: 1:09:31
2022-04-11 05:25:49,217:INFO: Train: [126][2784/2785]  Loss -1.3631 (-1.5554)  Time:  0.348 (0.011)  Data Time:  0.000 (0.004)
2022-04-11 05:25:49,219:INFO:   Eta: 1:05:36
2022-04-11 05:25:50,935:INFO: Test: [126]  ADE: 0.7899  FDE: 1.3458
2022-04-11 05:26:16,906:INFO: Train: [127][2784/2785]  Loss -1.0408 (-1.5498)  Time:  0.344 (0.009)  Data Time:  0.004 (0.003)
2022-04-11 05:26:16,907:INFO:   Eta: 0:53:12
2022-04-11 05:26:47,114:INFO: Train: [128][2784/2785]  Loss -1.2136 (-1.5438)  Time:  0.477 (0.011)  Data Time:  0.004 (0.004)
2022-04-11 05:26:47,115:INFO:   Eta: 1:01:23
2022-04-11 05:27:17,583:INFO: Train: [129][2784/2785]  Loss -1.2775 (-1.5858)  Time:  0.427 (0.011)  Data Time:  0.005 (0.004)
2022-04-11 05:27:17,585:INFO:   Eta: 1:01:24
2022-04-11 05:27:50,452:INFO: Train: [130][2784/2785]  Loss -1.2615 (-1.5984)  Time:  0.467 (0.012)  Data Time:  0.004 (0.004)
2022-04-11 05:27:50,453:INFO:   Eta: 1:05:41
2022-04-11 05:28:24,279:INFO: Train: [131][2784/2785]  Loss -1.1721 (-1.6051)  Time:  0.473 (0.012)  Data Time:  0.005 (0.004)
2022-04-11 05:28:24,281:INFO:   Eta: 1:07:03
2022-04-11 05:28:57,850:INFO: Train: [132][2784/2785]  Loss -1.2502 (-1.6276)  Time:  0.435 (0.012)  Data Time:  0.004 (0.005)
2022-04-11 05:28:57,851:INFO:   Eta: 1:05:58
2022-04-11 05:29:31,221:INFO: Train: [133][2784/2785]  Loss -1.3432 (-1.5969)  Time:  0.464 (0.012)  Data Time:  0.005 (0.005)
2022-04-11 05:29:31,223:INFO:   Eta: 1:05:02
2022-04-11 05:30:04,783:INFO: Train: [134][2784/2785]  Loss -1.2869 (-1.6112)  Time:  0.451 (0.012)  Data Time:  0.005 (0.005)
2022-04-11 05:30:04,785:INFO:   Eta: 1:04:50
2022-04-11 05:30:38,648:INFO: Train: [135][2784/2785]  Loss -1.3632 (-1.6359)  Time:  0.490 (0.012)  Data Time:  0.004 (0.004)
2022-04-11 05:30:38,663:INFO:   Eta: 1:04:51
2022-04-11 05:31:10,117:INFO: Train: [136][2784/2785]  Loss -1.0530 (-1.5219)  Time:  0.432 (0.011)  Data Time:  0.003 (0.004)
2022-04-11 05:31:10,118:INFO:   Eta: 0:59:41
2022-04-11 05:31:12,144:INFO: Test: [136]  ADE: 0.7900  FDE: 1.4659
2022-04-11 05:31:43,462:INFO: Train: [137][2784/2785]  Loss -1.1388 (-1.5413)  Time:  0.395 (0.011)  Data Time:  0.003 (0.004)
2022-04-11 05:31:43,536:INFO:   Eta: 0:58:57
2022-04-11 05:32:13,435:INFO: Train: [138][2784/2785]  Loss -1.2870 (-1.6284)  Time:  0.429 (0.011)  Data Time:  0.003 (0.004)
2022-04-11 05:32:13,436:INFO:   Eta: 0:54:51
2022-04-11 05:32:42,928:INFO: Train: [139][2784/2785]  Loss -1.2912 (-1.6785)  Time:  0.447 (0.011)  Data Time:  0.004 (0.004)
2022-04-11 05:32:42,930:INFO:   Eta: 0:54:31
2022-04-11 05:33:12,072:INFO: Train: [140][2784/2785]  Loss -1.1166 (-1.6798)  Time:  0.422 (0.010)  Data Time:  0.003 (0.003)
2022-04-11 05:33:12,073:INFO:   Eta: 0:53:23
2022-04-11 05:33:45,982:INFO: Train: [141][2784/2785]  Loss -1.3226 (-1.6006)  Time:  0.460 (0.012)  Data Time:  0.005 (0.005)
2022-04-11 05:33:45,984:INFO:   Eta: 1:01:34
2022-04-11 05:34:19,656:INFO: Train: [142][2784/2785]  Loss -1.3408 (-1.6274)  Time:  0.483 (0.012)  Data Time:  0.005 (0.004)
2022-04-11 05:34:19,657:INFO:   Eta: 1:00:34
2022-04-11 05:34:52,855:INFO: Train: [143][2784/2785]  Loss -1.2635 (-1.5948)  Time:  0.503 (0.012)  Data Time:  0.005 (0.005)
2022-04-11 05:34:52,856:INFO:   Eta: 0:59:09
2022-04-11 05:35:26,584:INFO: Train: [144][2784/2785]  Loss -1.2538 (-1.5369)  Time:  0.481 (0.012)  Data Time:  0.005 (0.005)
2022-04-11 05:35:26,585:INFO:   Eta: 0:59:33
2022-04-11 05:36:00,319:INFO: Train: [145][2784/2785]  Loss -1.2858 (-1.5979)  Time:  0.476 (0.012)  Data Time:  0.005 (0.005)
2022-04-11 05:36:00,321:INFO:   Eta: 0:59:00
2022-04-11 05:36:30,851:INFO: Train: [146][2784/2785]  Loss -1.1943 (-1.5639)  Time:  0.431 (0.011)  Data Time:  0.004 (0.004)
2022-04-11 05:36:30,852:INFO:   Eta: 0:52:52
2022-04-11 05:36:32,790:INFO: Test: [146]  ADE: 0.7423  FDE: 1.2425
2022-04-11 05:37:04,986:INFO: Train: [147][2784/2785]  Loss -1.2506 (-1.6601)  Time:  0.441 (0.012)  Data Time:  0.003 (0.004)
2022-04-11 05:37:04,988:INFO:   Eta: 0:55:14
2022-04-11 05:37:38,318:INFO: Train: [148][2784/2785]  Loss -1.2819 (-1.7022)  Time:  0.420 (0.012)  Data Time:  0.004 (0.004)
2022-04-11 05:37:38,320:INFO:   Eta: 0:56:37
2022-04-11 05:38:06,945:INFO: Train: [149][2784/2785]  Loss -1.1704 (-1.6564)  Time:  0.429 (0.010)  Data Time:  0.004 (0.004)
2022-04-11 05:38:06,945:INFO:   Eta: 0:48:08
2022-04-11 05:38:35,874:INFO: Train: [150][2784/2785]  Loss -1.3058 (-1.7435)  Time:  0.392 (0.010)  Data Time:  0.003 (0.003)
2022-04-11 05:38:35,875:INFO:   Eta: 0:48:10
2022-04-11 05:39:04,884:INFO: Train: [151][2784/2785]  Loss -1.4116 (-1.7534)  Time:  0.385 (0.010)  Data Time:  0.003 (0.003)
2022-04-11 05:39:04,885:INFO:   Eta: 0:47:49
2022-04-11 05:39:10,776:INFO: Valid: [151][659/660]  Loss -9.5574 (-6.0953)
2022-04-11 05:39:10,787:INFO: Checkpoint saved...
2022-04-11 05:39:43,008:INFO: Train: [152][2784/2785]  Loss -1.2830 (-1.7645)  Time:  0.466 (0.012)  Data Time:  0.005 (0.004)
2022-04-11 05:39:43,009:INFO:   Eta: 0:52:36
2022-04-11 05:39:48,606:INFO: Valid: [152][659/660]  Loss -9.4927 (-6.0715)
2022-04-11 05:40:22,718:INFO: Train: [153][2784/2785]  Loss -1.3229 (-1.7986)  Time:  0.476 (0.012)  Data Time:  0.004 (0.004)
2022-04-11 05:40:22,720:INFO:   Eta: 0:55:07
2022-04-11 05:40:28,146:INFO: Valid: [153][659/660]  Loss -9.1727 (-5.8754)
2022-04-11 05:41:01,570:INFO: Train: [154][2784/2785]  Loss -1.3177 (-1.7701)  Time:  0.458 (0.012)  Data Time:  0.005 (0.004)
2022-04-11 05:41:01,571:INFO:   Eta: 0:53:26
2022-04-11 05:41:06,993:INFO: Valid: [154][659/660]  Loss -9.0832 (-5.7611)
2022-04-11 05:41:40,020:INFO: Train: [155][2784/2785]  Loss -1.3950 (-1.7815)  Time:  0.434 (0.012)  Data Time:  0.003 (0.004)
2022-04-11 05:41:40,022:INFO:   Eta: 0:51:31
2022-04-11 05:41:45,325:INFO: Valid: [155][659/660]  Loss -9.5210 (-6.0492)
2022-04-11 05:42:16,350:INFO: Train: [156][2784/2785]  Loss -1.4512 (-1.7791)  Time:  0.455 (0.011)  Data Time:  0.004 (0.004)
2022-04-11 05:42:16,352:INFO:   Eta: 0:48:34
2022-04-11 05:42:21,626:INFO: Valid: [156][659/660]  Loss -9.1695 (-5.8371)
2022-04-11 05:42:23,627:INFO: Test: [156]  ADE: 0.7444  FDE: 1.3140
2022-04-11 05:42:57,348:INFO: Train: [157][2784/2785]  Loss -1.4451 (-1.7563)  Time:  0.455 (0.012)  Data Time:  0.004 (0.005)
2022-04-11 05:42:57,349:INFO:   Eta: 0:52:14
2022-04-11 05:43:02,734:INFO: Valid: [157][659/660]  Loss -9.3588 (-5.9471)
2022-04-11 05:43:35,054:INFO: Train: [158][2784/2785]  Loss -1.2768 (-1.7137)  Time:  0.407 (0.012)  Data Time:  0.002 (0.004)
2022-04-11 05:43:35,056:INFO:   Eta: 0:49:31
2022-04-11 05:43:40,314:INFO: Valid: [158][659/660]  Loss -9.3873 (-5.9738)
2022-04-11 05:44:09,242:INFO: Train: [159][2784/2785]  Loss -1.4005 (-1.8118)  Time:  0.410 (0.010)  Data Time:  0.003 (0.003)
2022-04-11 05:44:09,242:INFO:   Eta: 0:43:50
2022-04-11 05:44:14,663:INFO: Valid: [159][659/660]  Loss -9.6984 (-6.1961)
2022-04-11 05:44:15,043:INFO: Checkpoint saved...
2022-04-11 05:44:44,200:INFO: Train: [160][2784/2785]  Loss -1.3286 (-1.8071)  Time:  0.402 (0.010)  Data Time:  0.004 (0.003)
2022-04-11 05:44:44,202:INFO:   Eta: 0:42:56
2022-04-11 05:44:49,415:INFO: Valid: [160][659/660]  Loss -9.0240 (-5.7644)
2022-04-11 05:45:20,791:INFO: Train: [161][2784/2785]  Loss -1.4251 (-1.7851)  Time:  0.484 (0.011)  Data Time:  0.004 (0.004)
2022-04-11 05:45:20,793:INFO:   Eta: 0:46:30
2022-04-11 05:45:26,384:INFO: Valid: [161][659/660]  Loss -9.7422 (-6.2285)
2022-04-11 05:45:26,400:INFO: Checkpoint saved...
2022-04-11 05:46:00,672:INFO: Train: [162][2784/2785]  Loss -1.3255 (-1.7785)  Time:  0.492 (0.012)  Data Time:  0.005 (0.004)
2022-04-11 05:46:00,674:INFO:   Eta: 0:50:14
2022-04-11 05:46:06,246:INFO: Valid: [162][659/660]  Loss -9.5901 (-6.1468)
2022-04-11 05:46:39,706:INFO: Train: [163][2784/2785]  Loss -1.3143 (-1.7697)  Time:  0.491 (0.012)  Data Time:  0.005 (0.005)
2022-04-11 05:46:39,707:INFO:   Eta: 0:48:29
2022-04-11 05:46:45,181:INFO: Valid: [163][659/660]  Loss -9.6522 (-6.1384)
2022-04-11 05:47:16,150:INFO: Train: [164][2784/2785]  Loss -1.3154 (-1.8378)  Time:  0.404 (0.011)  Data Time:  0.005 (0.004)
2022-04-11 05:47:16,151:INFO:   Eta: 0:44:21
2022-04-11 05:47:21,420:INFO: Valid: [164][659/660]  Loss -9.1563 (-5.8721)
2022-04-11 05:47:54,393:INFO: Train: [165][2784/2785]  Loss -1.3300 (-1.8044)  Time:  0.405 (0.012)  Data Time:  0.004 (0.004)
2022-04-11 05:47:54,394:INFO:   Eta: 0:46:41
2022-04-11 05:47:59,907:INFO: Valid: [165][659/660]  Loss -9.7784 (-6.2500)
2022-04-11 05:47:59,921:INFO: Checkpoint saved...
2022-04-11 05:48:33,855:INFO: Train: [166][2784/2785]  Loss -1.3899 (-1.8129)  Time:  0.457 (0.012)  Data Time:  0.004 (0.004)
2022-04-11 05:48:33,856:INFO:   Eta: 0:47:29
2022-04-11 05:48:39,278:INFO: Valid: [166][659/660]  Loss -9.4553 (-6.0635)
2022-04-11 05:48:41,385:INFO: Test: [166]  ADE: 0.7507  FDE: 1.2878
2022-04-11 05:49:15,511:INFO: Train: [167][2784/2785]  Loss -1.3836 (-1.8229)  Time:  0.487 (0.012)  Data Time:  0.004 (0.005)
2022-04-11 05:49:15,512:INFO:   Eta: 0:47:11
2022-04-11 05:49:21,089:INFO: Valid: [167][659/660]  Loss -8.2982 (-5.2643)
2022-04-11 05:49:53,777:INFO: Train: [168][2784/2785]  Loss -1.4091 (-1.7962)  Time:  0.381 (0.012)  Data Time:  0.004 (0.004)
2022-04-11 05:49:53,779:INFO:   Eta: 0:44:39
2022-04-11 05:49:58,729:INFO: Valid: [168][659/660]  Loss -9.4065 (-6.0167)
2022-04-11 05:50:27,583:INFO: Train: [169][2784/2785]  Loss -1.3261 (-1.8038)  Time:  0.384 (0.010)  Data Time:  0.004 (0.003)
2022-04-11 05:50:27,584:INFO:   Eta: 0:38:12
2022-04-11 05:50:32,619:INFO: Valid: [169][659/660]  Loss -9.4517 (-6.0095)
2022-04-11 05:51:02,892:INFO: Train: [170][2784/2785]  Loss -1.4322 (-1.8393)  Time:  0.439 (0.011)  Data Time:  0.003 (0.003)
2022-04-11 05:51:02,894:INFO:   Eta: 0:39:36
2022-04-11 05:51:08,030:INFO: Valid: [170][659/660]  Loss -9.5061 (-6.0675)
2022-04-11 05:51:39,862:INFO: Train: [171][2784/2785]  Loss -1.3805 (-1.8017)  Time:  0.472 (0.011)  Data Time:  0.005 (0.004)
2022-04-11 05:51:39,864:INFO:   Eta: 0:41:53
2022-04-11 05:51:45,620:INFO: Valid: [171][659/660]  Loss -9.3298 (-5.9935)
2022-04-11 05:52:18,713:INFO: Train: [172][2784/2785]  Loss -1.4095 (-1.8209)  Time:  0.483 (0.012)  Data Time:  0.005 (0.004)
2022-04-11 05:52:18,714:INFO:   Eta: 0:42:59
2022-04-11 05:52:24,798:INFO: Valid: [172][659/660]  Loss -9.6182 (-6.1224)
2022-04-11 05:52:57,107:INFO: Train: [173][2784/2785]  Loss -1.4458 (-1.8434)  Time:  0.454 (0.012)  Data Time:  0.004 (0.004)
2022-04-11 05:52:57,108:INFO:   Eta: 0:41:26
2022-04-11 05:53:02,521:INFO: Valid: [173][659/660]  Loss -9.4584 (-6.0085)
2022-04-11 05:53:35,011:INFO: Train: [174][2784/2785]  Loss -1.3636 (-1.8101)  Time:  0.487 (0.012)  Data Time:  0.005 (0.004)
2022-04-11 05:53:35,012:INFO:   Eta: 0:41:07
2022-04-11 05:53:40,498:INFO: Valid: [174][659/660]  Loss -9.0227 (-5.7575)
2022-04-11 05:54:13,716:INFO: Train: [175][2784/2785]  Loss -1.4768 (-1.7877)  Time:  0.437 (0.012)  Data Time:  0.004 (0.004)
2022-04-11 05:54:13,717:INFO:   Eta: 0:40:55
2022-04-11 05:54:19,271:INFO: Valid: [175][659/660]  Loss -9.7408 (-6.2304)
2022-04-11 05:54:52,796:INFO: Train: [176][2784/2785]  Loss -1.4369 (-1.8243)  Time:  0.496 (0.012)  Data Time:  0.004 (0.004)
2022-04-11 05:54:52,797:INFO:   Eta: 0:41:19
2022-04-11 05:54:58,344:INFO: Valid: [176][659/660]  Loss -9.0160 (-5.7603)
2022-04-11 05:55:00,375:INFO: Test: [176]  ADE: 0.7402  FDE: 1.2873
2022-04-11 05:55:34,064:INFO: Train: [177][2784/2785]  Loss -1.3472 (-1.8173)  Time:  0.494 (0.012)  Data Time:  0.004 (0.004)
2022-04-11 05:55:34,065:INFO:   Eta: 0:40:55
2022-04-11 05:55:39,646:INFO: Valid: [177][659/660]  Loss -9.6075 (-6.1158)
2022-04-11 05:56:13,385:INFO: Train: [178][2784/2785]  Loss -1.4081 (-1.7839)  Time:  0.462 (0.012)  Data Time:  0.004 (0.004)
2022-04-11 05:56:13,387:INFO:   Eta: 0:40:27
2022-04-11 05:56:18,978:INFO: Valid: [178][659/660]  Loss -8.7880 (-5.5923)
2022-04-11 05:56:48,337:INFO: Train: [179][2784/2785]  Loss -1.3487 (-1.8302)  Time:  0.425 (0.011)  Data Time:  0.004 (0.004)
2022-04-11 05:56:48,339:INFO:   Eta: 0:34:40
2022-04-11 05:56:53,439:INFO: Valid: [179][659/660]  Loss -9.6278 (-6.1559)
2022-04-11 05:57:23,150:INFO: Train: [180][2784/2785]  Loss -1.3691 (-1.7548)  Time:  0.386 (0.010)  Data Time:  0.003 (0.003)
2022-04-11 05:57:23,152:INFO:   Eta: 0:33:19
2022-04-11 05:57:28,594:INFO: Valid: [180][659/660]  Loss -9.3108 (-5.9355)
2022-04-11 05:57:55,872:INFO: Train: [181][2784/2785]  Loss -1.3809 (-1.8156)  Time:  0.408 (0.010)  Data Time:  0.003 (0.003)
2022-04-11 05:57:55,873:INFO:   Eta: 0:31:20
2022-04-11 05:58:01,026:INFO: Valid: [181][659/660]  Loss -9.8351 (-6.2786)
2022-04-11 05:58:01,041:INFO: Checkpoint saved...
2022-04-11 05:58:34,127:INFO: Train: [182][2784/2785]  Loss -1.3426 (-1.8303)  Time:  0.484 (0.012)  Data Time:  0.005 (0.004)
2022-04-11 05:58:34,129:INFO:   Eta: 0:37:28
2022-04-11 05:58:39,593:INFO: Valid: [182][659/660]  Loss -9.6577 (-6.1622)
2022-04-11 05:59:13,395:INFO: Train: [183][2784/2785]  Loss -1.4496 (-1.7846)  Time:  0.479 (0.012)  Data Time:  0.005 (0.004)
2022-04-11 05:59:13,396:INFO:   Eta: 0:37:43
2022-04-11 05:59:19,090:INFO: Valid: [183][659/660]  Loss -8.3962 (-5.3328)
2022-04-11 05:59:51,411:INFO: Train: [184][2784/2785]  Loss -1.4455 (-1.8126)  Time:  0.441 (0.012)  Data Time:  0.005 (0.004)
2022-04-11 05:59:51,412:INFO:   Eta: 0:35:32
2022-04-11 05:59:56,640:INFO: Valid: [184][659/660]  Loss -9.4456 (-6.0260)
2022-04-11 06:00:29,307:INFO: Train: [185][2784/2785]  Loss -1.4778 (-1.7759)  Time:  0.411 (0.012)  Data Time:  0.003 (0.005)
2022-04-11 06:00:29,392:INFO:   Eta: 0:35:22
2022-04-11 06:00:34,721:INFO: Valid: [185][659/660]  Loss -9.7574 (-6.2202)
2022-04-11 06:01:08,815:INFO: Train: [186][2784/2785]  Loss -1.4405 (-1.8139)  Time:  0.485 (0.012)  Data Time:  0.004 (0.005)
2022-04-11 06:01:08,816:INFO:   Eta: 0:36:20
2022-04-11 06:01:14,433:INFO: Valid: [186][659/660]  Loss -9.4338 (-6.0306)
2022-04-11 06:01:16,599:INFO: Test: [186]  ADE: 0.7458  FDE: 1.2945
2022-04-11 06:01:50,778:INFO: Train: [187][2784/2785]  Loss -1.3885 (-1.8531)  Time:  0.467 (0.012)  Data Time:  0.004 (0.004)
2022-04-11 06:01:50,779:INFO:   Eta: 0:35:52
2022-04-11 06:01:56,393:INFO: Valid: [187][659/660]  Loss -9.5333 (-6.0854)
2022-04-11 06:02:29,370:INFO: Train: [188][2784/2785]  Loss -1.3363 (-1.8558)  Time:  0.418 (0.012)  Data Time:  0.003 (0.004)
2022-04-11 06:02:29,371:INFO:   Eta: 0:34:03
2022-04-11 06:02:35,109:INFO: Valid: [188][659/660]  Loss -9.4419 (-6.0237)
2022-04-11 06:03:07,932:INFO: Train: [189][2784/2785]  Loss -1.3453 (-1.8542)  Time:  0.495 (0.012)  Data Time:  0.004 (0.004)
2022-04-11 06:03:07,933:INFO:   Eta: 0:33:21
2022-04-11 06:03:13,038:INFO: Valid: [189][659/660]  Loss -9.4440 (-6.0362)
2022-04-11 06:03:39,797:INFO: Train: [190][2784/2785]  Loss -1.4400 (-1.8438)  Time:  0.411 (0.010)  Data Time:  0.003 (0.003)
2022-04-11 06:03:39,799:INFO:   Eta: 0:26:44
2022-04-11 06:03:44,793:INFO: Valid: [190][659/660]  Loss -9.5697 (-6.1143)
2022-04-11 06:04:13,855:INFO: Train: [191][2784/2785]  Loss -1.4848 (-1.8114)  Time:  0.421 (0.010)  Data Time:  0.003 (0.003)
2022-04-11 06:04:13,856:INFO:   Eta: 0:28:33
2022-04-11 06:04:19,093:INFO: Valid: [191][659/660]  Loss -9.6366 (-6.1335)
2022-04-11 06:04:48,940:INFO: Train: [192][2784/2785]  Loss -1.3673 (-1.8179)  Time:  0.496 (0.011)  Data Time:  0.005 (0.003)
2022-04-11 06:04:48,942:INFO:   Eta: 0:28:49
2022-04-11 06:04:54,445:INFO: Valid: [192][659/660]  Loss -9.5542 (-6.1050)
2022-04-11 06:05:26,657:INFO: Train: [193][2784/2785]  Loss -1.2879 (-1.8165)  Time:  0.431 (0.012)  Data Time:  0.003 (0.004)
2022-04-11 06:05:26,659:INFO:   Eta: 0:30:34
2022-04-11 06:05:32,404:INFO: Valid: [193][659/660]  Loss -9.1671 (-5.8489)
2022-04-11 06:06:06,452:INFO: Train: [194][2784/2785]  Loss -1.3484 (-1.8333)  Time:  0.448 (0.012)  Data Time:  0.004 (0.005)
2022-04-11 06:06:06,453:INFO:   Eta: 0:31:45
2022-04-11 06:06:11,688:INFO: Valid: [194][659/660]  Loss -9.3489 (-5.9716)
2022-04-11 06:06:45,174:INFO: Train: [195][2784/2785]  Loss -1.4363 (-1.8394)  Time:  0.463 (0.012)  Data Time:  0.004 (0.005)
2022-04-11 06:06:45,176:INFO:   Eta: 0:30:40
2022-04-11 06:06:50,702:INFO: Valid: [195][659/660]  Loss -8.3700 (-5.3492)
2022-04-11 06:07:24,034:INFO: Train: [196][2784/2785]  Loss -1.4928 (-1.8198)  Time:  0.503 (0.012)  Data Time:  0.004 (0.005)
2022-04-11 06:07:24,098:INFO:   Eta: 0:29:58
2022-04-11 06:07:29,218:INFO: Valid: [196][659/660]  Loss -9.4966 (-6.0379)
2022-04-11 06:07:31,389:INFO: Test: [196]  ADE: 0.7795  FDE: 1.3936
2022-04-11 06:08:05,982:INFO: Train: [197][2784/2785]  Loss -1.4654 (-1.8143)  Time:  0.453 (0.012)  Data Time:  0.005 (0.004)
2022-04-11 06:08:05,984:INFO:   Eta: 0:30:06
2022-04-11 06:08:11,423:INFO: Valid: [197][659/660]  Loss -9.4617 (-6.0245)
2022-04-11 06:08:41,451:INFO: Train: [198][2784/2785]  Loss -1.4638 (-1.8437)  Time:  0.435 (0.011)  Data Time:  0.004 (0.004)
2022-04-11 06:08:41,453:INFO:   Eta: 0:26:00
2022-04-11 06:08:46,835:INFO: Valid: [198][659/660]  Loss -9.7176 (-6.2221)
2022-04-11 06:09:20,066:INFO: Train: [199][2784/2785]  Loss -1.3958 (-1.8645)  Time:  0.431 (0.012)  Data Time:  0.004 (0.004)
2022-04-11 06:09:20,067:INFO:   Eta: 0:28:13
2022-04-11 06:09:25,438:INFO: Valid: [199][659/660]  Loss -9.8297 (-6.2779)
2022-04-11 06:09:57,643:INFO: Train: [200][2784/2785]  Loss -1.4100 (-1.8529)  Time:  0.442 (0.012)  Data Time:  0.004 (0.004)
2022-04-11 06:09:57,645:INFO:   Eta: 0:26:49
2022-04-11 06:10:02,890:INFO: Valid: [200][659/660]  Loss -9.3586 (-5.9592)
2022-04-11 06:10:32,699:INFO: Train: [201][2784/2785]  Loss -1.2521 (-1.8376)  Time:  0.386 (0.011)  Data Time:  0.004 (0.004)
2022-04-11 06:10:32,701:INFO:   Eta: 0:24:19
2022-04-11 06:10:37,760:INFO: Valid: [201][659/660]  Loss -9.9589 (-6.3739)
2022-04-11 06:10:37,772:INFO: Checkpoint saved...
2022-04-11 06:11:06,204:INFO: Train: [202][2784/2785]  Loss -1.5487 (-1.8481)  Time:  0.401 (0.010)  Data Time:  0.003 (0.003)
2022-04-11 06:11:06,205:INFO:   Eta: 0:22:44
2022-04-11 06:11:11,414:INFO: Valid: [202][659/660]  Loss -9.6676 (-6.1611)
2022-04-11 06:11:43,369:INFO: Train: [203][2784/2785]  Loss -1.3655 (-1.8129)  Time:  0.529 (0.011)  Data Time:  0.004 (0.004)
2022-04-11 06:11:43,371:INFO:   Eta: 0:25:01
2022-04-11 06:11:48,792:INFO: Valid: [203][659/660]  Loss -9.4590 (-6.0438)
2022-04-11 06:12:22,836:INFO: Train: [204][2784/2785]  Loss -1.4086 (-1.8439)  Time:  0.437 (0.012)  Data Time:  0.005 (0.004)
2022-04-11 06:12:22,837:INFO:   Eta: 0:26:05
2022-04-11 06:12:28,165:INFO: Valid: [204][659/660]  Loss -9.0948 (-5.7701)
2022-04-11 06:13:01,092:INFO: Train: [205][2784/2785]  Loss -1.4306 (-1.7721)  Time:  0.472 (0.012)  Data Time:  0.003 (0.004)
2022-04-11 06:13:01,094:INFO:   Eta: 0:24:40
2022-04-11 06:13:06,424:INFO: Valid: [205][659/660]  Loss -9.7177 (-6.2104)
2022-04-11 06:13:39,864:INFO: Train: [206][2784/2785]  Loss -1.4106 (-1.8459)  Time:  0.420 (0.012)  Data Time:  0.003 (0.004)
2022-04-11 06:13:39,865:INFO:   Eta: 0:24:30
2022-04-11 06:13:45,307:INFO: Valid: [206][659/660]  Loss -9.6912 (-6.1786)
2022-04-11 06:13:47,326:INFO: Test: [206]  ADE: 0.7277  FDE: 1.2004
2022-04-11 06:14:17,525:INFO: Train: [207][2784/2785]  Loss -1.3006 (-1.8478)  Time:  0.457 (0.011)  Data Time:  0.004 (0.004)
2022-04-11 06:14:17,526:INFO:   Eta: 0:21:37
2022-04-11 06:14:22,993:INFO: Valid: [207][659/660]  Loss -9.5142 (-6.0869)
2022-04-11 06:14:56,988:INFO: Train: [208][2784/2785]  Loss -1.4307 (-1.8745)  Time:  0.475 (0.012)  Data Time:  0.005 (0.004)
2022-04-11 06:14:56,989:INFO:   Eta: 0:23:17
2022-04-11 06:15:02,375:INFO: Valid: [208][659/660]  Loss -9.4345 (-6.0185)
2022-04-11 06:15:35,720:INFO: Train: [209][2784/2785]  Loss -1.4272 (-1.8729)  Time:  0.462 (0.012)  Data Time:  0.005 (0.004)
2022-04-11 06:15:35,721:INFO:   Eta: 0:22:46
2022-04-11 06:15:41,087:INFO: Valid: [209][659/660]  Loss -9.4483 (-6.0319)
2022-04-11 06:16:14,518:INFO: Train: [210][2784/2785]  Loss -1.4786 (-1.8515)  Time:  0.478 (0.012)  Data Time:  0.004 (0.004)
2022-04-11 06:16:14,520:INFO:   Eta: 0:22:16
2022-04-11 06:16:19,931:INFO: Valid: [210][659/660]  Loss -9.3264 (-5.9599)
2022-04-11 06:16:51,280:INFO: Train: [211][2784/2785]  Loss -1.2855 (-1.8716)  Time:  0.417 (0.011)  Data Time:  0.003 (0.004)
2022-04-11 06:16:51,281:INFO:   Eta: 0:20:21
2022-04-11 06:16:56,606:INFO: Valid: [211][659/660]  Loss -9.7122 (-6.2167)
2022-04-11 06:17:24,854:INFO: Train: [212][2784/2785]  Loss -1.3737 (-1.8455)  Time:  0.432 (0.010)  Data Time:  0.003 (0.003)
2022-04-11 06:17:24,855:INFO:   Eta: 0:17:52
2022-04-11 06:17:29,787:INFO: Valid: [212][659/660]  Loss -9.5649 (-6.0987)
2022-04-11 06:17:59,554:INFO: Train: [213][2784/2785]  Loss -1.4293 (-1.8478)  Time:  0.451 (0.011)  Data Time:  0.003 (0.004)
2022-04-11 06:17:59,555:INFO:   Eta: 0:18:20
2022-04-11 06:18:04,727:INFO: Valid: [213][659/660]  Loss -9.4708 (-6.0146)
2022-04-11 06:18:38,381:INFO: Train: [214][2784/2785]  Loss -1.5387 (-1.8555)  Time:  0.473 (0.012)  Data Time:  0.005 (0.004)
2022-04-11 06:18:38,382:INFO:   Eta: 0:20:10
2022-04-11 06:18:43,555:INFO: Valid: [214][659/660]  Loss -9.4385 (-6.0064)
2022-04-11 06:19:14,652:INFO: Train: [215][2784/2785]  Loss -1.4680 (-1.8520)  Time:  0.413 (0.011)  Data Time:  0.003 (0.004)
2022-04-11 06:19:14,654:INFO:   Eta: 0:18:07
2022-04-11 06:19:19,972:INFO: Valid: [215][659/660]  Loss -9.0370 (-5.7808)
2022-04-11 06:19:52,906:INFO: Train: [216][2784/2785]  Loss -1.3585 (-1.8428)  Time:  0.469 (0.012)  Data Time:  0.005 (0.004)
2022-04-11 06:19:52,909:INFO:   Eta: 0:18:39
2022-04-11 06:19:58,488:INFO: Valid: [216][659/660]  Loss -9.8633 (-6.3100)
2022-04-11 06:20:00,667:INFO: Test: [216]  ADE: 0.7528  FDE: 1.2174
2022-04-11 06:20:34,177:INFO: Train: [217][2784/2785]  Loss -1.4146 (-1.7900)  Time:  0.501 (0.012)  Data Time:  0.004 (0.004)
2022-04-11 06:20:34,179:INFO:   Eta: 0:18:25
2022-04-11 06:20:39,666:INFO: Valid: [217][659/660]  Loss -9.2716 (-5.9473)
2022-04-11 06:21:11,269:INFO: Train: [218][2784/2785]  Loss -1.3997 (-1.8402)  Time:  0.495 (0.011)  Data Time:  0.004 (0.004)
2022-04-11 06:21:11,271:INFO:   Eta: 0:16:50
2022-04-11 06:21:16,305:INFO: Valid: [218][659/660]  Loss -9.4018 (-6.0008)
2022-04-11 06:21:46,042:INFO: Train: [219][2784/2785]  Loss -1.3021 (-1.8673)  Time:  0.390 (0.011)  Data Time:  0.003 (0.004)
2022-04-11 06:21:46,044:INFO:   Eta: 0:15:21
2022-04-11 06:21:51,229:INFO: Valid: [219][659/660]  Loss -8.0965 (-5.1997)
2022-04-11 06:22:20,335:INFO: Train: [220][2784/2785]  Loss -1.3716 (-1.8566)  Time:  0.405 (0.010)  Data Time:  0.003 (0.004)
2022-04-11 06:22:20,336:INFO:   Eta: 0:14:32
2022-04-11 06:22:25,625:INFO: Valid: [220][659/660]  Loss -9.5013 (-6.0783)
2022-04-11 06:22:53,878:INFO: Train: [221][2784/2785]  Loss -1.4358 (-1.8468)  Time:  0.421 (0.010)  Data Time:  0.004 (0.003)
2022-04-11 06:22:53,880:INFO:   Eta: 0:13:38
2022-04-11 06:22:58,978:INFO: Valid: [221][659/660]  Loss -9.4113 (-6.0040)
2022-04-11 06:23:26,090:INFO: Train: [222][2784/2785]  Loss -1.5226 (-1.8644)  Time:  0.380 (0.010)  Data Time:  0.002 (0.003)
2022-04-11 06:23:26,091:INFO:   Eta: 0:12:38
2022-04-11 06:23:31,080:INFO: Valid: [222][659/660]  Loss -9.5977 (-6.1191)
2022-04-11 06:23:57,458:INFO: Train: [223][2784/2785]  Loss -1.4141 (-1.8347)  Time:  0.363 (0.009)  Data Time:  0.001 (0.003)
2022-04-11 06:23:57,459:INFO:   Eta: 0:11:51
2022-04-11 06:24:02,561:INFO: Valid: [223][659/660]  Loss -8.6700 (-5.5579)
2022-04-11 06:24:28,038:INFO: Train: [224][2784/2785]  Loss -1.3871 (-1.8725)  Time:  0.378 (0.009)  Data Time:  0.003 (0.002)
2022-04-11 06:24:28,039:INFO:   Eta: 0:11:01
2022-04-11 06:24:33,064:INFO: Valid: [224][659/660]  Loss -9.5628 (-6.1163)
2022-04-11 06:25:01,848:INFO: Train: [225][2784/2785]  Loss -1.5388 (-1.7823)  Time:  0.403 (0.010)  Data Time:  0.003 (0.003)
2022-04-11 06:25:01,850:INFO:   Eta: 0:11:59
2022-04-11 06:25:06,646:INFO: Valid: [225][659/660]  Loss -8.7350 (-5.5950)
2022-04-11 06:25:34,622:INFO: Train: [226][2784/2785]  Loss -1.2462 (-1.8538)  Time:  0.377 (0.010)  Data Time:  0.002 (0.003)
2022-04-11 06:25:34,623:INFO:   Eta: 0:11:10
2022-04-11 06:25:40,039:INFO: Valid: [226][659/660]  Loss -9.7241 (-6.2409)
2022-04-11 06:25:42,017:INFO: Test: [226]  ADE: 0.7557  FDE: 1.2732
2022-04-11 06:26:11,134:INFO: Train: [227][2784/2785]  Loss -1.3365 (-1.8388)  Time:  0.431 (0.010)  Data Time:  0.003 (0.003)
2022-04-11 06:26:11,136:INFO:   Eta: 0:11:09
2022-04-11 06:26:16,303:INFO: Valid: [227][659/660]  Loss -9.0744 (-5.7889)
2022-04-11 06:26:45,186:INFO: Train: [228][2784/2785]  Loss -1.3206 (-1.8720)  Time:  0.453 (0.010)  Data Time:  0.003 (0.003)
2022-04-11 06:26:45,188:INFO:   Eta: 0:10:34
2022-04-11 06:26:50,507:INFO: Valid: [228][659/660]  Loss -8.9803 (-5.7331)
2022-04-11 06:27:19,896:INFO: Train: [229][2784/2785]  Loss -1.4472 (-1.8754)  Time:  0.465 (0.011)  Data Time:  0.003 (0.003)
2022-04-11 06:27:19,897:INFO:   Eta: 0:10:16
2022-04-11 06:27:25,051:INFO: Valid: [229][659/660]  Loss -9.8162 (-6.2692)
2022-04-11 06:27:52,075:INFO: Train: [230][2784/2785]  Loss -1.3986 (-1.8922)  Time:  0.348 (0.010)  Data Time:  0.003 (0.003)
2022-04-11 06:27:52,076:INFO:   Eta: 0:09:00
2022-04-11 06:27:57,116:INFO: Valid: [230][659/660]  Loss -9.6983 (-6.1835)
2022-04-11 06:28:24,314:INFO: Train: [231][2784/2785]  Loss -1.4558 (-1.8522)  Time:  0.423 (0.010)  Data Time:  0.003 (0.003)
2022-04-11 06:28:24,316:INFO:   Eta: 0:08:36
2022-04-11 06:28:29,642:INFO: Valid: [231][659/660]  Loss -9.4726 (-6.0457)
2022-04-11 06:28:59,173:INFO: Train: [232][2784/2785]  Loss -1.2346 (-1.8194)  Time:  0.367 (0.010)  Data Time:  0.003 (0.003)
2022-04-11 06:28:59,173:INFO:   Eta: 0:08:41
2022-04-11 06:29:04,219:INFO: Valid: [232][659/660]  Loss -9.6157 (-6.1484)
2022-04-11 06:29:27,979:INFO: Train: [233][2784/2785]  Loss -1.5857 (-1.7993)  Time:  0.347 (0.009)  Data Time:  0.003 (0.002)
2022-04-11 06:29:27,980:INFO:   Eta: 0:06:43
2022-04-11 06:29:33,082:INFO: Valid: [233][659/660]  Loss -8.2831 (-5.3427)
2022-04-11 06:29:54,347:INFO: Train: [234][2784/2785]  Loss -1.3080 (-1.8676)  Time:  0.302 (0.008)  Data Time:  0.002 (0.001)
2022-04-11 06:29:54,349:INFO:   Eta: 0:05:39
2022-04-11 06:29:59,385:INFO: Valid: [234][659/660]  Loss -9.4766 (-6.0636)
2022-04-11 06:30:20,512:INFO: Train: [235][2784/2785]  Loss -1.3622 (-1.8853)  Time:  0.376 (0.008)  Data Time:  0.001 (0.001)
2022-04-11 06:30:20,514:INFO:   Eta: 0:05:16
2022-04-11 06:30:25,578:INFO: Valid: [235][659/660]  Loss -9.5607 (-6.1256)
2022-04-11 06:30:49,205:INFO: Train: [236][2784/2785]  Loss -1.4031 (-1.9005)  Time:  0.373 (0.008)  Data Time:  0.003 (0.002)
2022-04-11 06:30:49,206:INFO:   Eta: 0:05:30
2022-04-11 06:30:54,382:INFO: Valid: [236][659/660]  Loss -9.2244 (-5.8881)
2022-04-11 06:30:56,152:INFO: Test: [236]  ADE: 0.7534  FDE: 1.2872
2022-04-11 06:31:20,959:INFO: Train: [237][2784/2785]  Loss -1.3826 (-1.8710)  Time:  0.371 (0.009)  Data Time:  0.003 (0.002)
2022-04-11 06:31:20,960:INFO:   Eta: 0:05:22
2022-04-11 06:31:25,732:INFO: Valid: [237][659/660]  Loss -9.6900 (-6.1863)
2022-04-11 06:31:50,513:INFO: Train: [238][2784/2785]  Loss -1.3570 (-1.8199)  Time:  0.374 (0.009)  Data Time:  0.003 (0.003)
2022-04-11 06:31:50,515:INFO:   Eta: 0:04:57
2022-04-11 06:31:55,692:INFO: Valid: [238][659/660]  Loss -9.6494 (-6.1736)
2022-04-11 06:32:17,576:INFO: Train: [239][2784/2785]  Loss -1.3403 (-1.9030)  Time:  0.352 (0.008)  Data Time:  0.002 (0.002)
2022-04-11 06:32:17,578:INFO:   Eta: 0:04:00
2022-04-11 06:32:22,792:INFO: Valid: [239][659/660]  Loss -9.4973 (-6.0640)
2022-04-11 06:32:44,016:INFO: Train: [240][2784/2785]  Loss -1.3870 (-1.8670)  Time:  0.335 (0.008)  Data Time:  0.002 (0.001)
2022-04-11 06:32:44,017:INFO:   Eta: 0:03:32
2022-04-11 06:32:49,105:INFO: Valid: [240][659/660]  Loss -9.3597 (-5.9728)
2022-04-11 06:33:09,906:INFO: Train: [241][2784/2785]  Loss -1.4535 (-1.8415)  Time:  0.375 (0.007)  Data Time:  0.000 (0.001)
2022-04-11 06:33:09,908:INFO:   Eta: 0:03:07
2022-04-11 06:33:15,014:INFO: Valid: [241][659/660]  Loss -6.9464 (-4.5694)
2022-04-11 06:33:36,004:INFO: Train: [242][2784/2785]  Loss -1.3815 (-1.8811)  Time:  0.290 (0.008)  Data Time:  0.001 (0.001)
2022-04-11 06:33:36,005:INFO:   Eta: 0:02:47
2022-04-11 06:33:41,201:INFO: Valid: [242][659/660]  Loss -8.8042 (-5.6138)
2022-04-11 06:34:02,256:INFO: Train: [243][2784/2785]  Loss -1.4246 (-1.8325)  Time:  0.370 (0.008)  Data Time:  0.001 (0.001)
2022-04-11 06:34:02,258:INFO:   Eta: 0:02:27
2022-04-11 06:34:07,354:INFO: Valid: [243][659/660]  Loss -9.8121 (-6.2659)
2022-04-11 06:34:26,040:INFO: Train: [244][2784/2785]  Loss -1.4996 (-1.8155)  Time:  0.321 (0.007)  Data Time:  0.000 (0.001)
2022-04-11 06:34:26,041:INFO:   Eta: 0:01:52
2022-04-11 06:34:30,999:INFO: Valid: [244][659/660]  Loss -9.8936 (-6.3027)
2022-04-11 06:34:48,182:INFO: Train: [245][2784/2785]  Loss -1.4109 (-1.8606)  Time:  0.287 (0.006)  Data Time:  0.000 (0.000)
2022-04-11 06:34:48,183:INFO:   Eta: 0:01:25
2022-04-11 06:34:52,875:INFO: Valid: [245][659/660]  Loss -9.5168 (-6.0903)
2022-04-11 06:35:09,917:INFO: Train: [246][2784/2785]  Loss -1.4619 (-1.8282)  Time:  0.278 (0.006)  Data Time:  0.001 (0.000)
2022-04-11 06:35:09,979:INFO:   Eta: 0:01:06
2022-04-11 06:35:14,538:INFO: Valid: [246][659/660]  Loss -8.9844 (-5.7061)
2022-04-11 06:35:16,107:INFO: Test: [246]  ADE: 0.8172  FDE: 1.4876
2022-04-11 06:35:32,913:INFO: Train: [247][2784/2785]  Loss -1.4153 (-1.8459)  Time:  0.303 (0.006)  Data Time:  0.000 (0.000)
2022-04-11 06:35:32,914:INFO:   Eta: 0:00:50
2022-04-11 06:35:37,649:INFO: Valid: [247][659/660]  Loss -9.7188 (-6.1930)
2022-04-11 06:35:57,280:INFO: Train: [248][2784/2785]  Loss -1.3834 (-1.8523)  Time:  0.337 (0.007)  Data Time:  0.001 (0.001)
2022-04-11 06:35:57,282:INFO:   Eta: 0:00:39
2022-04-11 06:36:02,218:INFO: Valid: [248][659/660]  Loss -9.7672 (-6.2451)
2022-04-11 06:36:22,582:INFO: Train: [249][2784/2785]  Loss -1.4326 (-1.8612)  Time:  0.278 (0.007)  Data Time:  0.000 (0.001)
2022-04-11 06:36:22,583:INFO:   Eta: 0:00:20
2022-04-11 06:36:27,513:INFO: Valid: [249][659/660]  Loss -9.7285 (-6.2108)
